yt : [INFO     ] 2017-07-28 10:47:39,937 Parameters: current_time              = 4.93026194546e+16
yt : [INFO     ] 2017-07-28 10:47:39,937 Parameters: domain_dimensions         = [2 2 2]
yt : [INFO     ] 2017-07-28 10:47:39,938 Parameters: domain_left_edge          = [ 0.  0.  0.]
yt : [INFO     ] 2017-07-28 10:47:39,938 Parameters: domain_right_edge         = [  2.67042632e+25   2.67042632e+25   2.67042632e+25]
yt : [INFO     ] 2017-07-28 10:47:39,939 Parameters: cosmological_simulation   = 1
yt : [INFO     ] 2017-07-28 10:47:39,939 Parameters: current_redshift          = 3.99999994282
yt : [INFO     ] 2017-07-28 10:47:39,939 Parameters: omega_lambda              = 0.712
yt : [INFO     ] 2017-07-28 10:47:39,939 Parameters: omega_matter              = 0.288
yt : [INFO     ] 2017-07-28 10:47:39,939 Parameters: hubble_constant           = 0.6933
yt : [INFO     ] 2017-07-28 10:47:40,110 Parameters: current_time              = 207.43449741177
yt : [INFO     ] 2017-07-28 10:47:40,110 Parameters: domain_dimensions         = [128 128 128]
yt : [INFO     ] 2017-07-28 10:47:40,111 Parameters: domain_left_edge          = [ 0.  0.  0.]
yt : [INFO     ] 2017-07-28 10:47:40,111 Parameters: domain_right_edge         = [ 1.  1.  1.]
yt : [INFO     ] 2017-07-28 10:47:40,112 Parameters: cosmological_simulation   = 1
yt : [INFO     ] 2017-07-28 10:47:40,112 Parameters: current_redshift          = 3.9999999428215
yt : [INFO     ] 2017-07-28 10:47:40,112 Parameters: omega_lambda              = 0.712
yt : [INFO     ] 2017-07-28 10:47:40,112 Parameters: omega_matter              = 0.288
yt : [INFO     ] 2017-07-28 10:47:40,112 Parameters: hubble_constant           = 0.6933
yt : [INFO     ] 2017-07-28 10:47:40,116 Allocating for 1.022e+04 particles (index particle type 'all')
yt : [INFO     ] 2017-07-28 10:47:40,122 Identified 3.545e+03 octs
IsSatellite
91 0.8206133264325429 solMass / solMass
93 1.064413030050721 solMass / solMass
94 1.7091234987583421 solMass / solMass
101 3.5309570360210825 solMass / solMass
102 1.2995820558430384 solMass / solMass
104 1.7789892865631651 solMass / solMass
105 1.9182143205276885 solMass / solMass
IsSatellite
IsSatellite
IsSatellite
112 2.623148257568062 solMass / solMass
114 2.005359947383551 solMass / solMass
IsSatellite
IsSatellite
IsSatellite
123 0.9836363089503659 solMass / solMass
124 10.320474714929881 solMass / solMass
IsSatellite
126 5.3550787874872094 solMass / solMass
128 3.8408012986984548 solMass / solMass
129 4.5839710760810854 solMass / solMass
130 21.635795940355525 solMass / solMass
135 5.002267344091254 solMass / solMass
137 5.870867785260739 solMass / solMass
IsSatellite
141 11.592253190294464 solMass / solMass
144 12.771976719996122 solMass / solMass
145 5.907872162906169 solMass / solMass
IsSatellite
IsSatellite
150 21.935347118298562 solMass / solMass
IsSatellite
153 4.267712619914012 solMass / solMass
154 5.2961910258491605 solMass / solMass
161 7.940626116245282 solMass / solMass
166 26.114418388829765 solMass / solMass
168 11.860716866575595 solMass / solMass
169 6.421618685599213 solMass / solMass
171 11.984136230831034 solMass / solMass
172 11.5091845884967 solMass / solMass
173 1.5192736972412784 solMass / solMass
174 8.17773178063832 solMass / solMass
175 9.195719855643935 solMass / solMass
177 19.70015379165656 solMass / solMass
180 10.983001832450705 solMass / solMass
181 14.233120083435407 solMass / solMass
182 17.995413461050767 solMass / solMass
183 13.474896489338414 solMass / solMass
184 13.529617106153834 solMass / solMass
189 12.790696063408918 solMass / solMass
192 11.84055711840282 solMass / solMass
193 17.23187605636394 solMass / solMass
194 6.666884264919182 solMass / solMass
195 13.142781334957691 solMass / solMass
197 15.552619320190413 solMass / solMass
198 7.589681060464936 solMass / solMass
199 17.268290210346457 solMass / solMass
200 12.956131057343557 solMass / solMass
201 4.920855088738404 solMass / solMass
202 4.410385413007854 solMass / solMass
205 5.821635569305453 solMass / solMass
208 8.96739571942357 solMass / solMass
IsSatellite
210 12.69320817505915 solMass / solMass
211 18.699901021594933 solMass / solMass
214 2.1039587956901333 solMass / solMass
217 12.797459058650336 solMass / solMass
221 13.035636090011858 solMass / solMass
222 41.55374621079767 solMass / solMass
224 7.668982042516354 solMass / solMass
225 18.031815130268498 solMass / solMass
226 1.754972309798352 solMass / solMass
227 16.242776525909644 solMass / solMass
229 935.8814910986695 solMass / solMass
230 13.337568718428356 solMass / solMass
231 43.19912128556423 solMass / solMass
232 18.688559538710123 solMass / solMass
234 20.6552059692097 solMass / solMass
235 13.332550700550058 solMass / solMass
236 15.920559382626692 solMass / solMass
237 8.898963185525025 solMass / solMass
243 5.047552725032342 solMass / solMass
246 24.90256704148708 solMass / solMass
247 33.28667093650312 solMass / solMass
248 10.27130536828628 solMass / solMass
249 4.397660637833574 solMass / solMass
250 27.313996204319665 solMass / solMass
253 26.20787746565482 solMass / solMass
256 4.75213175353799 solMass / solMass
257 24.98132783711812 solMass / solMass
259 22.79954609361442 solMass / solMass
265 13.729434045634882 solMass / solMass
266 15.463669175389484 solMass / solMass
267 10.451698782579411 solMass / solMass
271 25.92335550823396 solMass / solMass
274 29.209688030997345 solMass / solMass
278 23.390445718909692 solMass / solMass
279 5.7115156145872 solMass / solMass
282 24.383094317085586 solMass / solMass
283 10.717247406189205 solMass / solMass
285 25.9937605988205 solMass / solMass
287 33.86484049772153 solMass / solMass
290 31.383984757289046 solMass / solMass
291 10.421269808467633 solMass / solMass
295 9.758939140696429 solMass / solMass
297 33.58658485360382 solMass / solMass
298 21.88536463170001 solMass / solMass
299 16.4273148013768 solMass / solMass
300 32.6369253044394 solMass / solMass
306 28.891236071566222 solMass / solMass
IsSatellite
308 22.120873002152713 solMass / solMass
309 26.14598794395192 solMass / solMass
313 34.00821815265992 solMass / solMass
316 15.04266602482874 solMass / solMass
318 5.973185714081132 solMass / solMass
319 60.01522656906022 solMass / solMass
321 16.611057688313636 solMass / solMass
322 4.340185704191445 solMass / solMass
323 57.26637626609704 solMass / solMass
325 81.43376293822553 solMass / solMass
326 7.2293312077291985 solMass / solMass
327 27.325296455756323 solMass / solMass
330 38.583223372150435 solMass / solMass
332 38.14421033457259 solMass / solMass
333 29.75349913574803 solMass / solMass
334 17.449236334281714 solMass / solMass
335 38.73581446668155 solMass / solMass
336 44.72355701806034 solMass / solMass
338 43.575094881312836 solMass / solMass
339 3.33100610048579 solMass / solMass
340 3.1139360300848637 solMass / solMass
341 104.14721824858213 solMass / solMass
342 33.77332810336392 solMass / solMass
IsSatellite
344 42.72322442933529 solMass / solMass
345 17.78442346608049 solMass / solMass
350 24.820743932516834 solMass / solMass
351 29.932015568612485 solMass / solMass
352 43.441889275193525 solMass / solMass
354 33.18843964765287 solMass / solMass
356 6.574324500046264 solMass / solMass
357 8.128394686780322 solMass / solMass
361 23.714381091785786 solMass / solMass
362 122.65017414174271 solMass / solMass
363 15.572587584135011 solMass / solMass
365 76.91142934107575 solMass / solMass
368 3.1964828575702633 solMass / solMass
371 31.04189505890209 solMass / solMass
375 5.976919484026328 solMass / solMass
377 37.72121026329412 solMass / solMass
378 15.767211733367047 solMass / solMass
379 6.1402939262331735 solMass / solMass
382 18.403894767990167 solMass / solMass
387 35.13901138866649 solMass / solMass
390 19.308098725493178 solMass / solMass
391 54.78807609463297 solMass / solMass
393 52.355593305543216 solMass / solMass
394 26.484760785096178 solMass / solMass
395 15.069964878601978 solMass / solMass
398 26.65583079757339 solMass / solMass
399 36.20835362294142 solMass / solMass
400 37.74577617144632 solMass / solMass
401 49.61489507839322 solMass / solMass
402 39.66256020696763 solMass / solMass
403 36.41328160268089 solMass / solMass
404 29.266561659791037 solMass / solMass
405 8.363656716919674 solMass / solMass
408 29.51584014863066 solMass / solMass
409 44.66309857296077 solMass / solMass
411 70.46854294042794 solMass / solMass
412 107.42537668883557 solMass / solMass
413 10.91095481905912 solMass / solMass
416 83.34866109956613 solMass / solMass
417 51.563470471706964 solMass / solMass
418 98.38454240411421 solMass / solMass
419 17.97764269707676 solMass / solMass
421 26.844104478437405 solMass / solMass
424 134.97542232133787 solMass / solMass
427 42.07469687782543 solMass / solMass
428 32.5937804288463 solMass / solMass
432 2.873027295313797 solMass / solMass
434 44.84878265099113 solMass / solMass
435 76.52041598265576 solMass / solMass
436 61.305479459295725 solMass / solMass
438 53.08623026345965 solMass / solMass
441 61.76025590111913 solMass / solMass
442 141.4336305648588 solMass / solMass
445 120.05491899934363 solMass / solMass
446 5.934074269163388 solMass / solMass
447 2.9839828448752317 solMass / solMass
448 151.45187035521033 solMass / solMass
452 67.11967222289628 solMass / solMass
453 45.76020264135113 solMass / solMass
456 39.985271968144936 solMass / solMass
458 2.4781832066447573 solMass / solMass
460 34.42852686792753 solMass / solMass
461 70.9741104122679 solMass / solMass
462 84.4804836454423 solMass / solMass
