yt : [INFO     ] 2017-07-25 11:57:17,273 Parameters: current_time              = 2.98248939056e+16
yt : [INFO     ] 2017-07-25 11:57:17,273 Parameters: domain_dimensions         = [2 2 2]
yt : [INFO     ] 2017-07-25 11:57:17,274 Parameters: domain_left_edge          = [ 0.  0.  0.]
yt : [INFO     ] 2017-07-25 11:57:17,274 Parameters: domain_right_edge         = [  1.90744739e+25   1.90744739e+25   1.90744739e+25]
yt : [INFO     ] 2017-07-25 11:57:17,274 Parameters: cosmological_simulation   = 1
yt : [INFO     ] 2017-07-25 11:57:17,274 Parameters: current_redshift          = 5.99999984663
yt : [INFO     ] 2017-07-25 11:57:17,274 Parameters: omega_lambda              = 0.712
yt : [INFO     ] 2017-07-25 11:57:17,275 Parameters: omega_matter              = 0.288
yt : [INFO     ] 2017-07-25 11:57:17,275 Parameters: hubble_constant           = 0.6933
yt : [INFO     ] 2017-07-25 11:57:17,402 Parameters: current_time              = 125.48444577791
yt : [INFO     ] 2017-07-25 11:57:17,402 Parameters: domain_dimensions         = [128 128 128]
yt : [INFO     ] 2017-07-25 11:57:17,402 Parameters: domain_left_edge          = [ 0.  0.  0.]
yt : [INFO     ] 2017-07-25 11:57:17,403 Parameters: domain_right_edge         = [ 1.  1.  1.]
yt : [INFO     ] 2017-07-25 11:57:17,403 Parameters: cosmological_simulation   = 1
yt : [INFO     ] 2017-07-25 11:57:17,403 Parameters: current_redshift          = 5.9999998466326
yt : [INFO     ] 2017-07-25 11:57:17,403 Parameters: omega_lambda              = 0.712
yt : [INFO     ] 2017-07-25 11:57:17,403 Parameters: omega_matter              = 0.288
yt : [INFO     ] 2017-07-25 11:57:17,403 Parameters: hubble_constant           = 0.6933
yt : [INFO     ] 2017-07-25 11:57:17,406 Allocating for 4.425e+03 particles (index particle type 'all')
yt : [INFO     ] 2017-07-25 11:57:17,410 Identified 1.665e+03 octs
IsSatellite
IsSatellite
IsSatellite
IsSatellite
IsSatellite
14 4.050418931780382e+39 solMass / solMass
IsSatellite
IsSatellite
22 6.005500518525854e+39 solMass / solMass
26 9.045324119729277e+39 solMass / solMass
IsSatellite
IsSatellite
IsSatellite
35 9.481324219703696 solMass / solMass
IsSatellite
40 16.573023715958477 solMass / solMass
IsSatellite
42 3.8569019233995907 solMass / solMass
45 11.217507731052953 solMass / solMass
46 155.50113242023733 solMass / solMass
50 5.691131853706742 solMass / solMass
51 3.164416105517076 solMass / solMass
52 3.9888965660605464 solMass / solMass
61 181.1098550790224 solMass / solMass
62 13.329064761193475 solMass / solMass
63 6.39075898209119 solMass / solMass
64 12.08390197263362 solMass / solMass
65 18.623807580488783 solMass / solMass
68 17.05421505415733 solMass / solMass
69 210.8244835396782 solMass / solMass
71 31.49801382609486 solMass / solMass
72 28.205470827004426 solMass / solMass
75 5.624229663314167 solMass / solMass
76 11.258872387704251 solMass / solMass
77 220.27714953809914 solMass / solMass
79 3.299973746643222 solMass / solMass
80 8.898199913015384 solMass / solMass
82 0.7723519019312702 solMass / solMass
84 4.010210680543088 solMass / solMass
85 3.1683958161293754e+40 solMass / solMass
86 7.1490466558381 solMass / solMass
87 40.95721442397156 solMass / solMass
89 2.624922194718209e+40 solMass / solMass
91 6.45384339891046 solMass / solMass
92 257.70549608810296 solMass / solMass
94 0.8134213549203562 solMass / solMass
95 1.41688694582721 solMass / solMass
99 39.85717418900063 solMass / solMass
101 5.88462438335198 solMass / solMass
105 1.6069676934784953 solMass / solMass
107 281.967108629598 solMass / solMass
108 3.1675199044527347e+40 solMass / solMass
109 352.33891930260296 solMass / solMass
110 31.309436121304774 solMass / solMass
111 10.377614562293342 solMass / solMass
113 4.238323692009355e+40 solMass / solMass
114 3.8071402453945036e+40 solMass / solMass
116 1.9878576308969085 solMass / solMass
117 4.454384833069707 solMass / solMass
118 2.001113925335126 solMass / solMass
119 31.01145904259343 solMass / solMass
121 65.33236460956755 solMass / solMass
122 4.497263816262047 solMass / solMass
123 4.408039290124442e+40 solMass / solMass
124 40.17185247134372 solMass / solMass
125 7.5799197535235185 solMass / solMass
126 2.0609516767136657 solMass / solMass
129 2.1341451105836096 solMass / solMass
131 2.6538982092311727 solMass / solMass
133 1.62896769669562 solMass / solMass
135 39.747065756698824 solMass / solMass
137 7.440424201298419 solMass / solMass
139 2.4040655135907247 solMass / solMass
141 6.88270081527295 solMass / solMass
143 14.046610119504333 solMass / solMass
IsSatellite
148 477.45325768830816 solMass / solMass
153 32.18070943045767 solMass / solMass
154 3.1918292238626567 solMass / solMass
155 522.9870601291592 solMass / solMass
156 6.057302378260273 solMass / solMass
157 3.674631186401392 solMass / solMass
159 12.39260029445811 solMass / solMass
161 18.90476341330273 solMass / solMass
162 528.9423298302878 solMass / solMass
165 37.13296066399217 solMass / solMass
171 43.187958250840595 solMass / solMass
177 6.121507113322857 solMass / solMass
179 17.552458114937735 solMass / solMass
182 15.764014091983608 solMass / solMass
183 13.631569115646197 solMass / solMass
185 107.83960384607191 solMass / solMass
186 45.23483193785754 solMass / solMass
187 25.900494537285454 solMass / solMass
188 235.93217932374327 solMass / solMass
189 4.14054771079609 solMass / solMass
190 18.7190583072856 solMass / solMass
192 5.927136261771733 solMass / solMass
194 15.468176773626217 solMass / solMass
195 8.569867874694771e+40 solMass / solMass
197 15.133405515116191 solMass / solMass
198 9.663536135439738 solMass / solMass
199 51.58503091637488 solMass / solMass
IsSatellite
201 11.040230217795045 solMass / solMass
203 8.720123206435925 solMass / solMass
205 6.877397258557426e+40 solMass / solMass
209 79.84852528706381 solMass / solMass
211 0.3850135723005706 solMass / solMass
213 10.492737588360832 solMass / solMass
214 59.91536769331754 solMass / solMass
215 19.196097993144534 solMass / solMass
217 69.47693886713223 solMass / solMass
219 8.050577447859268 solMass / solMass
222 604.3158788873168 solMass / solMass
224 8.032261940345897e+40 solMass / solMass
IsSatellite
230 50.31552219786776 solMass / solMass
233 5.340404477466594 solMass / solMass
234 8.895544173560325e+40 solMass / solMass
235 21.333293603452603 solMass / solMass
236 0.5980246640251455 solMass / solMass
237 7.4568457055501645 solMass / solMass
238 6.772522532997965 solMass / solMass
240 3.4230705929231897 solMass / solMass
241 2.291788537080591 solMass / solMass
243 12.252479435688599 solMass / solMass
245 46.989821765574426 solMass / solMass
247 1.1690843178860812e+41 solMass / solMass
248 33.13694486627529 solMass / solMass
249 6.086655846835815 solMass / solMass
250 27.20772440791228 solMass / solMass
252 13.905501262796179 solMass / solMass
254 8.855926716808755e+40 solMass / solMass
257 170.44941829139063 solMass / solMass
261 12.53763391512951 solMass / solMass
262 44.702229547727306 solMass / solMass
263 42.38657660603028 solMass / solMass
266 28.398618453861715 solMass / solMass
269 54.84131051330293 solMass / solMass
270 38.819942257366776 solMass / solMass
274 3.253213213495584 solMass / solMass
275 8.858979899540866 solMass / solMass
277 20.215572389789088 solMass / solMass
278 12.742058127566876 solMass / solMass
280 10.075644040641576 solMass / solMass
281 90.6427502811606 solMass / solMass
283 26.423892725236225 solMass / solMass
284 3.7756063263214594 solMass / solMass
285 1.1154089931882469e+41 solMass / solMass
287 296.95293703417536 solMass / solMass
288 34.16842219836974 solMass / solMass
289 24.95133918186761 solMass / solMass
291 6.270760709767087 solMass / solMass
292 4.013185928023939 solMass / solMass
293 840.9310331609 solMass / solMass
294 5.223746834785629 solMass / solMass
296 149.81916959903512 solMass / solMass
297 15.67475357037859 solMass / solMass
299 45.147925290454985 solMass / solMass
300 2.5181510779000096 solMass / solMass
302 6.9444729878872264 solMass / solMass
307 51.33348203550781 solMass / solMass
308 1.2904982738087062e+41 solMass / solMass
310 7.841352008365685 solMass / solMass
312 26.115460278586756 solMass / solMass
314 1.4896165317867523e+41 solMass / solMass
315 144.14142053895984 solMass / solMass
317 40.09183926681091 solMass / solMass
318 67.08001344710092 solMass / solMass
320 54.21775965395405 solMass / solMass
321 30.396194048075216 solMass / solMass
322 18.526127981909163 solMass / solMass
323 9.699284551605698 solMass / solMass
324 17.558682920855443 solMass / solMass
326 516.7345501005884 solMass / solMass
327 103.18184616252093 solMass / solMass
328 27.210670481999653 solMass / solMass
329 8.040648559190494 solMass / solMass
330 57.48554495477401 solMass / solMass
332 213.44892467564685 solMass / solMass
336 10.17804308468053 solMass / solMass
340 37.20905757208024 solMass / solMass
341 29.101242067001987 solMass / solMass
IsSatellite
345 12.037004294562504 solMass / solMass
346 43.63325287386407 solMass / solMass
349 24.738659351680397 solMass / solMass
351 48.93385201987964 solMass / solMass
352 248.2611038013014 solMass / solMass
353 209.39964815208376 solMass / solMass
355 121.20682921765126 solMass / solMass
356 128.33084613531028 solMass / solMass
357 3.621191821602565 solMass / solMass
359 15.421800038954485 solMass / solMass
360 223.80102886975808 solMass / solMass
361 1663.5375159806358 solMass / solMass
HaloMassEqualZero
364 11.073706513000085 solMass / solMass
365 15.261667196587169 solMass / solMass
367 132.9325663118927 solMass / solMass
368 38.69772868314618 solMass / solMass
371 8.082910437008092 solMass / solMass
372 4.6185526180716145 solMass / solMass
373 0.5065126602667037 solMass / solMass
374 67.46075832729356 solMass / solMass
375 141.37262395160462 solMass / solMass
376 1034.4888633026299 solMass / solMass
378 35.318250871613046 solMass / solMass
379 145.0698344123671 solMass / solMass
380 10.256293261124517 solMass / solMass
381 23.289327264018304 solMass / solMass
382 1.9827774728407505e+41 solMass / solMass
383 22.71481323609033 solMass / solMass
384 12.934830299481913 solMass / solMass
IsSatellite
388 11.344106797583901 solMass / solMass
389 1.7500319311458553e+41 solMass / solMass
390 34.305647768375124 solMass / solMass
391 12.070529237230732 solMass / solMass
393 20.69358563673647 solMass / solMass
395 303.7519958203106 solMass / solMass
396 79.06460742669128 solMass / solMass
397 499.8281434264836 solMass / solMass
399 1656.6333869609691 solMass / solMass
401 55.82635822771872 solMass / solMass
403 59.7436309897863 solMass / solMass
404 17.609240811041868 solMass / solMass
406 86.25212525387826 solMass / solMass
407 139.9333823711969 solMass / solMass
408 7.205893320163785 solMass / solMass
409 33.74826833789284 solMass / solMass
410 7.633940443140513 solMass / solMass
411 47.51286312162853 solMass / solMass
412 12.140220296832466 solMass / solMass
413 28.265463352602612 solMass / solMass
414 1988.5453731518649 solMass / solMass
415 29.965088761418794 solMass / solMass
417 23.753216269594528 solMass / solMass
421 38.47134389105002 solMass / solMass
422 1705.8927970443478 solMass / solMass
424 32.16015920562525 solMass / solMass
IsSatellite
427 11.406508219529162 solMass / solMass
431 6.444149552628704 solMass / solMass
434 1326.0765525787467 solMass / solMass
435 38.579750095844226 solMass / solMass
436 19.4517789692394 solMass / solMass
438 36.31447318920411 solMass / solMass
439 2782.3501292628457 solMass / solMass
440 35.75381215067788 solMass / solMass
441 407.0172828065546 solMass / solMass
442 47.779828028012794 solMass / solMass
443 18.790266396526725 solMass / solMass
445 111.49675733651002 solMass / solMass
446 60.18768816424948 solMass / solMass
449 9.846810825067715 solMass / solMass
450 32.143605533555345 solMass / solMass
451 4.680639393038238 solMass / solMass
452 38.17344981602246 solMass / solMass
453 18.14361392583536 solMass / solMass
454 66.36415965563796 solMass / solMass
455 415.0040430998401 solMass / solMass
456 74.38658538555275 solMass / solMass
457 10.049578852768553 solMass / solMass
461 251.35489059823115 solMass / solMass
466 626.1163114423626 solMass / solMass
469 70.1792618468653 solMass / solMass
471 29.482573510765377 solMass / solMass
472 76.07338175863298 solMass / solMass
473 76.00848977251847 solMass / solMass
475 79.03682235166177 solMass / solMass
476 36.63430331362919 solMass / solMass
477 49.69301360589963 solMass / solMass
478 159.6103700525211 solMass / solMass
479 1393.5191577384362 solMass / solMass
480 9.430321940355913 solMass / solMass
481 60.935960707495916 solMass / solMass
482 185.001888998563 solMass / solMass
484 15.260022249128191 solMass / solMass
485 93.70073390994263 solMass / solMass
486 49.33007812987058 solMass / solMass
487 22.3945822100701 solMass / solMass
488 15.220682790683167 solMass / solMass
490 88.0549645481303 solMass / solMass
492 15.065663139434038 solMass / solMass
493 96.70733046056995 solMass / solMass
IsSatellite
496 70.76189069574401 solMass / solMass
498 52.912652922321044 solMass / solMass
499 210.3109876061932 solMass / solMass
500 1277.69506138751 solMass / solMass
502 2.8763008435974195e+41 solMass / solMass
504 95.53186890905886 solMass / solMass
505 95.33349169654376 solMass / solMass
506 61.267646309111115 solMass / solMass
508 11.757824214619864 solMass / solMass
509 20.59354053913927 solMass / solMass
512 207.78171587188797 solMass / solMass
514 14.227555184916623 solMass / solMass
515 3.21128973274501e+41 solMass / solMass
516 113.55576945186526 solMass / solMass
517 30.584371010177325 solMass / solMass
519 382.01467435838174 solMass / solMass
520 35.54894301212431 solMass / solMass
521 102.07340104066583 solMass / solMass
522 44.8412544588352 solMass / solMass
523 91.81805457157985 solMass / solMass
524 21.914192295042696 solMass / solMass
525 204.46067770956236 solMass / solMass
526 17.74029977776631 solMass / solMass
528 148.2688956517954 solMass / solMass
530 143.35105245886663 solMass / solMass
531 31.12236975394311 solMass / solMass
537 24.594671754512763 solMass / solMass
538 207.07244236412683 solMass / solMass
539 255.9715002730246 solMass / solMass
540 79.97827422498716 solMass / solMass
541 3.1978305551124907e+41 solMass / solMass
542 79.04224367835131 solMass / solMass
543 287.0944333730872 solMass / solMass
544 2316.634855465965 solMass / solMass
545 14.327967738976685 solMass / solMass
549 4.056632780175405e+41 solMass / solMass
550 40.5104561381177 solMass / solMass
551 53.96465660560579 solMass / solMass
555 13.010847005514009 solMass / solMass
557 54.39778030960314 solMass / solMass
558 8.114210794711129 solMass / solMass
559 3.069016672645926e+41 solMass / solMass
560 508.03594779566816 solMass / solMass
561 25.082318126705726 solMass / solMass
562 83.92836952243685 solMass / solMass
563 48.560820919382756 solMass / solMass
564 4161.357200507686 solMass / solMass
565 9.442871077883723 solMass / solMass
566 2.6081414704165373e+41 solMass / solMass
567 18.221112403046984 solMass / solMass
568 2.276371494538204e+41 solMass / solMass
570 31.281672604665705 solMass / solMass
IsSatellite
572 116.54621708197547 solMass / solMass
IsSatellite
578 21.998197841462762 solMass / solMass
580 464.3530548242669 solMass / solMass
581 41.777557702900154 solMass / solMass
584 353.68374158896034 solMass / solMass
IsSatellite
586 32.77271451183984 solMass / solMass
588 2.710748436561467e+41 solMass / solMass
590 69.36267632165857 solMass / solMass
591 135.16942354973895 solMass / solMass
595 35.835522057080226 solMass / solMass
596 22.49988490767962 solMass / solMass
597 19.212529606889113 solMass / solMass
598 2685.0012210261934 solMass / solMass
599 87.5949041229766 solMass / solMass
600 108.42610224759107 solMass / solMass
603 38.260535647183595 solMass / solMass
604 173.9641754244346 solMass / solMass
607 3638.178805538645 solMass / solMass
608 239.32043486841428 solMass / solMass
609 13.840284862908 solMass / solMass
610 68.51650750075486 solMass / solMass
611 2052.4869783359827 solMass / solMass
612 66.28389095902719 solMass / solMass
613 41.312044903688964 solMass / solMass
615 421.85856492668023 solMass / solMass
616 15.769662279635412 solMass / solMass
618 31.94080401462808 solMass / solMass
619 120.52658655533537 solMass / solMass
620 126.28677990683332 solMass / solMass
621 53.91616503726659 solMass / solMass
623 96.26308641095774 solMass / solMass
624 119.72292000162854 solMass / solMass
625 284.23522092847145 solMass / solMass
626 63.29436052754333 solMass / solMass
627 4.504164948177695 solMass / solMass
628 133.061663412042 solMass / solMass
629 9.359988483563559 solMass / solMass
IsSatellite
631 0.849138934497486 solMass / solMass
632 14.076476497181451 solMass / solMass
633 27.15988473747623 solMass / solMass
635 299.61062234154906 solMass / solMass
636 2.6298247722786615e+41 solMass / solMass
637 500.14183025888445 solMass / solMass
638 14.479372310891522 solMass / solMass
639 2067.4478735566504 solMass / solMass
641 95.77566211826529 solMass / solMass
642 15.791508629857859 solMass / solMass
643 41.14914262969606 solMass / solMass
644 3063.362412435379 solMass / solMass
649 8.970611938101364 solMass / solMass
651 542.4365033660865 solMass / solMass
652 693.8913871203627 solMass / solMass
654 91.30799431982722 solMass / solMass
655 507.6930080039373 solMass / solMass
656 66.81915141185134 solMass / solMass
657 208.21257173971054 solMass / solMass
659 477.1579199351471 solMass / solMass
660 55.26615906561709 solMass / solMass
661 160.17587454770526 solMass / solMass
662 236.37220344643404 solMass / solMass
665 501.68252401278164 solMass / solMass
666 22.90198729269847 solMass / solMass
668 53.87429514336969 solMass / solMass
670 94.25046569215385 solMass / solMass
IsSatellite
673 413.3388944626167 solMass / solMass
674 309.59057256014364 solMass / solMass
676 496.1989186778223 solMass / solMass
678 2095.618874559702 solMass / solMass
679 258.59251403705036 solMass / solMass
IsSatellite
682 19.939528785020475 solMass / solMass
683 27.12393587492812 solMass / solMass
684 20.283561317255938 solMass / solMass
685 1368.0114458296057 solMass / solMass
686 518.4006231151685 solMass / solMass
687 45.696573429323976 solMass / solMass
688 264.01365991950047 solMass / solMass
689 3.642020658262447e+41 solMass / solMass
690 61.639949085502494 solMass / solMass
691 1737.565766272517 solMass / solMass
692 27.75934145568518 solMass / solMass
693 129.5229136679187 solMass / solMass
694 4463.9548726434705 solMass / solMass
696 4.681191990147417e+41 solMass / solMass
697 17.83798636433714 solMass / solMass
698 5.022564093796436 solMass / solMass
699 191.4785582437788 solMass / solMass
702 49.868670477302096 solMass / solMass
704 72.71127083282511 solMass / solMass
705 64.21920093736843 solMass / solMass
706 242.15690307992233 solMass / solMass
707 89.868290547482 solMass / solMass
708 82.71191235417602 solMass / solMass
709 84.35017852389282 solMass / solMass
711 152.3696581174955 solMass / solMass
712 121.5541358854761 solMass / solMass
713 149.7571774975169 solMass / solMass
714 420.8730339651209 solMass / solMass
715 1387.2578096489353 solMass / solMass
716 104.30725994280635 solMass / solMass
718 384.28675181075977 solMass / solMass
720 87.3868632918748 solMass / solMass
721 3372.985423287734 solMass / solMass
722 105.6857972532973 solMass / solMass
723 594.917217432824 solMass / solMass
725 119.02099290424451 solMass / solMass
726 170.08494846651175 solMass / solMass
727 131.46209026803422 solMass / solMass
729 6.797846926254826 solMass / solMass
731 56.541596383915916 solMass / solMass
732 8.481392382648927 solMass / solMass
734 159.7726559051663 solMass / solMass
736 28.44528935520702 solMass / solMass
737 57.369848353118634 solMass / solMass
738 128.0014791318633 solMass / solMass
739 83.75041436997552 solMass / solMass
740 58.70772243330971 solMass / solMass
742 36.199555058294756 solMass / solMass
744 1034.0278619439703 solMass / solMass
745 106.37526835441614 solMass / solMass
747 638.0384484991501 solMass / solMass
748 23.087548400738264 solMass / solMass
749 168.3535854274948 solMass / solMass
750 5.493661858434388e+41 solMass / solMass
751 21.3818181024154 solMass / solMass
752 157.26601887812242 solMass / solMass
753 36.49926620957665 solMass / solMass
754 41.79299372825172 solMass / solMass
755 4335.111497119547 solMass / solMass
756 275.03954489417896 solMass / solMass
HaloMassEqualZero
759 1130.8014710288644 solMass / solMass
760 49.056944958530075 solMass / solMass
762 49.28676097951874 solMass / solMass
764 47.91480879427593 solMass / solMass
767 72.73341458151857 solMass / solMass
771 32.12935949975872 solMass / solMass
772 561.5403361639176 solMass / solMass
773 4516.213179346166 solMass / solMass
774 121.28851962562382 solMass / solMass
775 73.89784738568042 solMass / solMass
776 284.1419160923353 solMass / solMass
777 713.4326421470603 solMass / solMass
778 505.05546493856593 solMass / solMass
779 138.82569381014548 solMass / solMass
780 4.0704732762528705e+41 solMass / solMass
783 116.24544790398913 solMass / solMass
784 8.106016549801168 solMass / solMass
785 60.36953121985121 solMass / solMass
789 16.294376119568632 solMass / solMass
790 11.04963246707471 solMass / solMass
792 131.13386662252302 solMass / solMass
793 601.505256712264 solMass / solMass
794 3828.195088989574 solMass / solMass
796 93.25254403089689 solMass / solMass
797 21.08258601784615 solMass / solMass
798 3503.308647980673 solMass / solMass
800 92.46907946515243 solMass / solMass
801 116.70324671419483 solMass / solMass
802 488.6611403072668 solMass / solMass
803 5.284778222969342 solMass / solMass
804 3.52535349943018e+42 solMass / solMass
808 24.36383474720024 solMass / solMass
809 1070.7431020939616 solMass / solMass
810 5.141837371025453e+41 solMass / solMass
812 210.68030775810863 solMass / solMass
814 4741.154081058385 solMass / solMass
815 165.91420355523326 solMass / solMass
816 28.899439094501762 solMass / solMass
817 583.745703071423 solMass / solMass
818 913.3839731464434 solMass / solMass
819 51.687754516038495 solMass / solMass
IsSatellite
821 43.35327670399106 solMass / solMass
822 764.699760641589 solMass / solMass
823 406.79274017215045 solMass / solMass
826 171.01554429226226 solMass / solMass
827 65.64377290380487 solMass / solMass
832 514.9600668364277 solMass / solMass
833 5.263602613155313e+41 solMass / solMass
840 74.03079639426805 solMass / solMass
841 4.1192488089929384e+41 solMass / solMass
842 21.85581526129851 solMass / solMass
843 14.314087167902938 solMass / solMass
845 86.13808138303257 solMass / solMass
IsSatellite
847 6.632790291731717e+41 solMass / solMass
848 63.01818885144936 solMass / solMass
849 22.627096931959134 solMass / solMass
852 685.9519770713451 solMass / solMass
853 33.96312439718139 solMass / solMass
854 294.952451142786 solMass / solMass
855 29.435225951945238 solMass / solMass
856 48.00481674112045 solMass / solMass
857 27.397985613728437 solMass / solMass
858 6.272597826839743e+41 solMass / solMass
859 227.50385548162072 solMass / solMass
860 65.66093255384783 solMass / solMass
861 4354.086848188202 solMass / solMass
862 4316.961410096725 solMass / solMass
863 262.8258512664476 solMass / solMass
864 4478.096496056361 solMass / solMass
865 685.9251061394215 solMass / solMass
866 118.42315960906821 solMass / solMass
867 34.23110621987969 solMass / solMass
868 891.2437682098279 solMass / solMass
869 46.71618531277529 solMass / solMass
870 4.427081442776047e+41 solMass / solMass
871 13.654157490654297 solMass / solMass
IsSatellite
873 91.5046478590521 solMass / solMass
875 1036.4216909016507 solMass / solMass
877 668.9584869551219 solMass / solMass
878 443.4191170988544 solMass / solMass
879 5.286620003336629e+41 solMass / solMass
880 13.112952336752885 solMass / solMass
881 565.5092246388355 solMass / solMass
882 9.601811879607427 solMass / solMass
884 7.664520036379022e+41 solMass / solMass
886 56.26805973830459 solMass / solMass
887 4.0833507970637854e+41 solMass / solMass
888 7.701842550720196 solMass / solMass
891 117.00809895792496 solMass / solMass
892 630.216998003379 solMass / solMass
893 24.960570328238926 solMass / solMass
IsSatellite
896 695.2470449841215 solMass / solMass
897 36.46580222676095 solMass / solMass
899 174.36111593063978 solMass / solMass
900 3924.853598426156 solMass / solMass
901 12644.632270636164 solMass / solMass
902 22.96809828880394 solMass / solMass
904 82.3857876982286 solMass / solMass
906 287.4545993462274 solMass / solMass
909 572.571768733402 solMass / solMass
910 48.68103556660143 solMass / solMass
911 6.477864175277324e+41 solMass / solMass
913 5.101663074703327e+41 solMass / solMass
916 710.5092299368426 solMass / solMass
917 15.071812082883367 solMass / solMass
918 79.27291279786617 solMass / solMass
919 194.75512850227054 solMass / solMass
920 4986.305974537029 solMass / solMass
921 131.7964409006106 solMass / solMass
922 415.0314143544871 solMass / solMass
IsSatellite
HaloMassEqualZero
926 128.56718489341088 solMass / solMass
927 6.398144083744554e+41 solMass / solMass
929 58.89689499842923 solMass / solMass
930 793.755422025511 solMass / solMass
931 18.54982704751129 solMass / solMass
932 135.77320736226156 solMass / solMass
933 46.40166666305868 solMass / solMass
934 6.71043882749824e+41 solMass / solMass
936 107.4785181700178 solMass / solMass
IsSatellite
939 1200.258133554224 solMass / solMass
941 867.7901862603461 solMass / solMass
943 213.7669873447411 solMass / solMass
946 0.6902979020157713 solMass / solMass
947 541.2706182033126 solMass / solMass
949 5269.135011801301 solMass / solMass
950 74.573380140734 solMass / solMass
951 119.76857478529755 solMass / solMass
IsSatellite
953 21.42809286402632 solMass / solMass
IsSatellite
958 12.790221996447737 solMass / solMass
959 250.06040581236235 solMass / solMass
960 27.816161809132865 solMass / solMass
961 60.84412768147566 solMass / solMass
964 271.781138065231 solMass / solMass
965 795.8317175051216 solMass / solMass
966 159.48117647954405 solMass / solMass
967 6022.774662879903 solMass / solMass
968 125.74664411491409 solMass / solMass
969 8.172705212670989e+41 solMass / solMass
970 75.30937079158252 solMass / solMass
971 6.2923618884543956e+41 solMass / solMass
IsSatellite
973 435.56742340067893 solMass / solMass
974 398.1564262243531 solMass / solMass
HaloMassEqualZero
980 1918.7326028435223 solMass / solMass
IsSatellite
982 86.70490002859124 solMass / solMass
983 3582.6737502382616 solMass / solMass
IsSatellite
986 260.40056981520263 solMass / solMass
987 208.3549716734204 solMass / solMass
988 93.101019906847 solMass / solMass
IsSatellite
990 234.1871571861408 solMass / solMass
991 246.08597694822518 solMass / solMass
992 5216.74767232241 solMass / solMass
994 252.10965415877806 solMass / solMass
995 0.7292003385168776 solMass / solMass
996 153.91748695430374 solMass / solMass
997 210.38529185220952 solMass / solMass
998 56.658781131943016 solMass / solMass
1000 31.399084155426614 solMass / solMass
1001 772.6911794277594 solMass / solMass
1002 226.02818698680852 solMass / solMass
1003 152.05683877625916 solMass / solMass
1004 16.91073575082279 solMass / solMass
1006 2069.472341592299 solMass / solMass
1007 351.110022559859 solMass / solMass
1008 303.9175094627996 solMass / solMass
1009 56.47012038370674 solMass / solMass
1010 6.938042038353776e+41 solMass / solMass
1011 151.91177265997908 solMass / solMass
1012 7.414353508431446 solMass / solMass
1013 503.5138264988859 solMass / solMass
1014 4961.285511740332 solMass / solMass
1015 76.70529763203636 solMass / solMass
IsSatellite
1017 30.069345873309814 solMass / solMass
1018 4956.472902188345 solMass / solMass
1019 81.01751399134423 solMass / solMass
1020 307.1962119269752 solMass / solMass
1023 5.2831939571448255e+41 solMass / solMass
1024 37.63260743037585 solMass / solMass
1025 108.96900238036598 solMass / solMass
1026 33.88948252451655 solMass / solMass
1030 8938.004135584737 solMass / solMass
1034 1520.47977839083 solMass / solMass
1035 152.92377814627838 solMass / solMass
1036 32.82620287258179 solMass / solMass
1037 2505.025520321445 solMass / solMass
1039 52.27404650631668 solMass / solMass
1041 109.51960453814905 solMass / solMass
HaloMassEqualZero
1044 1132.2348490206325 solMass / solMass
1045 11.042624246738615 solMass / solMass
1049 37.57701846664785 solMass / solMass
1050 5.122320822676865 solMass / solMass
1051 256.9479909368467 solMass / solMass
1052 246.6346502503785 solMass / solMass
1053 55.57341518874199 solMass / solMass
1055 176.03457732540156 solMass / solMass
IsSatellite
1059 106.84982874390997 solMass / solMass
1060 4786.349574303106 solMass / solMass
1061 75.50733468909335 solMass / solMass
1063 772.4982681160516 solMass / solMass
1064 6057.364349387295 solMass / solMass
1066 226.2715032868303 solMass / solMass
1067 226.4511142542285 solMass / solMass
1070 966.0622579061203 solMass / solMass
1071 825.7320846422491 solMass / solMass
1072 236.49437794404517 solMass / solMass
1073 2.9925301431497378 solMass / solMass
1074 101.23501499209239 solMass / solMass
1075 630.609178698577 solMass / solMass
1076 8.267641210040836 solMass / solMass
1077 2031.3506062972872 solMass / solMass
1079 2360.4755659948214 solMass / solMass
IsSatellite
1082 175.43817831276505 solMass / solMass
IsSatellite
1086 25.288256971995967 solMass / solMass
1088 13.921269255993856 solMass / solMass
1089 2184.0807942542683 solMass / solMass
1090 228.59920560393206 solMass / solMass
1091 370.6880913991911 solMass / solMass
1092 147.5764259377592 solMass / solMass
1093 34.24655168085961 solMass / solMass
1094 625.7561356654398 solMass / solMass
IsSatellite
1097 224.01969505680452 solMass / solMass
1100 58.94275493166327 solMass / solMass
1101 8760.54277310896 solMass / solMass
1103 20.485440423333117 solMass / solMass
1104 309.9333442237204 solMass / solMass
1105 83.7209045537119 solMass / solMass
1106 68.63932501162321 solMass / solMass
1107 73.01290938986901 solMass / solMass
1108 36.38792323713851 solMass / solMass
1109 4985.893071991767 solMass / solMass
1110 239.71970716741325 solMass / solMass
1111 156.35968822147206 solMass / solMass
1112 9.096688553990216e+41 solMass / solMass
1113 4.970927500347699e+41 solMass / solMass
1114 45.900727416989575 solMass / solMass
1116 2.3602538439332488 solMass / solMass
1118 394.0826886655577 solMass / solMass
IsSatellite
1120 111.5412415242966 solMass / solMass
1121 40.67284604630125 solMass / solMass
1128 125.45505443354426 solMass / solMass
1129 131.91363277469196 solMass / solMass
1130 123.7753790418866 solMass / solMass
1131 58.025664050116895 solMass / solMass
1132 208.65373303105343 solMass / solMass
1133 131.29919547804064 solMass / solMass
1134 38.49490451338808 solMass / solMass
1138 9550.61188492886 solMass / solMass
1139 296.3014106845342 solMass / solMass
1140 41.69355820051531 solMass / solMass
1141 36.986953735746354 solMass / solMass
1142 22.91205787749671 solMass / solMass
1143 100.80830137185174 solMass / solMass
1144 1.0838377516047007e+42 solMass / solMass
1145 5.749190278711818e+41 solMass / solMass
1146 241.3221538628566 solMass / solMass
1151 7381.942970812194 solMass / solMass
1152 191.65368171383264 solMass / solMass
1154 174.72138336524878 solMass / solMass
1155 288.9768975110114 solMass / solMass
1158 60.1445700123331 solMass / solMass
HaloMassEqualZero
IsSatellite
1162 159.6476167091307 solMass / solMass
1163 141.0966197128411 solMass / solMass
1164 301.73141168683253 solMass / solMass
1165 9.877677944719323e+41 solMass / solMass
1166 633.0111695674589 solMass / solMass
1167 790.2650446288452 solMass / solMass
1168 304.30402054317653 solMass / solMass
1170 1.0294492795030232e+42 solMass / solMass
1172 87.01854506968189 solMass / solMass
1173 60.50613711065045 solMass / solMass
1174 33.646340066800725 solMass / solMass
1175 132.05284090437465 solMass / solMass
1177 21.760017715948642 solMass / solMass
1178 42.70857455481675 solMass / solMass
1180 398.9239580541364 solMass / solMass
1181 9.769231407971676 solMass / solMass
1182 2056.3288221217967 solMass / solMass
1185 98.41909165981352 solMass / solMass
1188 19.692212022104698 solMass / solMass
1189 92.79031234697926 solMass / solMass
1191 27.044902069226097 solMass / solMass
1192 178.68351059124274 solMass / solMass
1193 543.4221171134061 solMass / solMass
HaloMassEqualZero
1197 194.72593439188674 solMass / solMass
1198 16457.663969365887 solMass / solMass
HaloMassEqualZero
1200 43.28985905066753 solMass / solMass
1201 6.352932789619247e+41 solMass / solMass
1203 145.49286515514584 solMass / solMass
1204 153.227048457077 solMass / solMass
1205 511.9185612659569 solMass / solMass
1206 142.42140627964483 solMass / solMass
1208 327.8177816636443 solMass / solMass
1209 321.6759831819138 solMass / solMass
1210 211.22370813360783 solMass / solMass
1211 240.59330698996013 solMass / solMass
1212 252.60630677961873 solMass / solMass
1213 27.52558964210525 solMass / solMass
1214 624.361169652334 solMass / solMass
1215 56.83435800346849 solMass / solMass
1216 22.55696591371945 solMass / solMass
HaloMassEqualZero
1220 21.19403787883648 solMass / solMass
1221 87.96137966200665 solMass / solMass
1222 266.03388660328847 solMass / solMass
1224 481.4536576492597 solMass / solMass
1227 204.4518251543295 solMass / solMass
1228 1358.8907656404897 solMass / solMass
1230 58.54600217566148 solMass / solMass
1231 1062.0775074040405 solMass / solMass
1233 10744.137114395495 solMass / solMass
1234 1681.011595375797 solMass / solMass
1235 326.19432604042373 solMass / solMass
1236 1715.4065205948348 solMass / solMass
1237 1.1717447668108263e+42 solMass / solMass
1238 149.2102280027483 solMass / solMass
1239 178.20056752805817 solMass / solMass
1240 268.06168549416316 solMass / solMass
1241 154.86844613128153 solMass / solMass
1242 247.46853216448133 solMass / solMass
1244 50.33275049381014 solMass / solMass
1245 78.56420646713201 solMass / solMass
1248 102.93139298480689 solMass / solMass
1249 177.84104193363606 solMass / solMass
IsSatellite
1252 84.25244642691241 solMass / solMass
1253 173.2861487804374 solMass / solMass
1255 4055.489641721076 solMass / solMass
1256 46.84719115679264 solMass / solMass
1258 45.12511213876822 solMass / solMass
1259 6785.38149123534 solMass / solMass
1260 595.61492198427 solMass / solMass
1261 22.39331724407581 solMass / solMass
1264 7.412584942348306e+41 solMass / solMass
1265 77.08121157236272 solMass / solMass
1266 1.0299202477474211e+42 solMass / solMass
1267 143.95074385352464 solMass / solMass
1268 86.90964716086225 solMass / solMass
1269 80.59807252955555 solMass / solMass
1270 29.59628449083873 solMass / solMass
1271 22.438132353172847 solMass / solMass
1272 7137.269948903355 solMass / solMass
IsSatellite
1274 1.094685727162125e+42 solMass / solMass
1275 1884.5292577572257 solMass / solMass
1276 46.02648797481631 solMass / solMass
1277 92.8044264716167 solMass / solMass
1278 325.05827093679335 solMass / solMass
1279 125.00021611539616 solMass / solMass
1280 75.19542885937283 solMass / solMass
1281 1.1638022762163114e+42 solMass / solMass
1282 314.85058744129657 solMass / solMass
1283 122.18543713786984 solMass / solMass
1284 26.362933161187946 solMass / solMass
1287 1.165197409410626e+42 solMass / solMass
1288 1.4118702192746182e+42 solMass / solMass
1289 26.710004542593836 solMass / solMass
1290 657.8298047374803 solMass / solMass
1291 435.61275773940537 solMass / solMass
1293 1.0388382905257435e+42 solMass / solMass
1294 19.0504137860602 solMass / solMass
1295 253.28370470637003 solMass / solMass
1296 37.080428126287934 solMass / solMass
1297 79.33969034046343 solMass / solMass
1298 61.08700307727539 solMass / solMass
1299 2.6996905359105536 solMass / solMass
1300 214.97810068290613 solMass / solMass
HaloMassEqualZero
1302 274.6558543528703 solMass / solMass
1303 65.63272516293517 solMass / solMass
1304 1163.4480651377776 solMass / solMass
1305 71.67462377432005 solMass / solMass
1306 256.6417568595356 solMass / solMass
1307 83.9572408115183 solMass / solMass
1308 364.10532222117325 solMass / solMass
1309 7484.167435237674 solMass / solMass
1311 74.93146515424507 solMass / solMass
1312 291.34689763692427 solMass / solMass
1315 39.597645243320265 solMass / solMass
1317 8.733794525642186e+41 solMass / solMass
1318 847.1495374781915 solMass / solMass
1319 653.8720999430673 solMass / solMass
1320 11196.604707340943 solMass / solMass
1321 411.95537444970836 solMass / solMass
1322 235.70007617503708 solMass / solMass
1323 7.03484284903237 solMass / solMass
1325 3.715134338996897 solMass / solMass
1326 2470.9924442225906 solMass / solMass
1327 379.7020021509806 solMass / solMass
1328 146.78293659027196 solMass / solMass
1329 84.75022763690191 solMass / solMass
1330 210.9609542248956 solMass / solMass
1331 129.86598071979827 solMass / solMass
1332 517.1652230975482 solMass / solMass
1333 337.0242852954231 solMass / solMass
1334 298.15995866922486 solMass / solMass
1335 698.9465040055233 solMass / solMass
1336 688.6726267208008 solMass / solMass
1338 821.9845502898701 solMass / solMass
HaloMassEqualZero
1341 156.9147325744889 solMass / solMass
1343 9405.8979639038 solMass / solMass
1344 107.62540122874567 solMass / solMass
1346 234.8912316527048 solMass / solMass
1347 36.28747280423303 solMass / solMass
1348 633.5429419236783 solMass / solMass
1350 73.18379552024118 solMass / solMass
1351 22.733103429836795 solMass / solMass
1352 428.5162212494556 solMass / solMass
1354 169.8056424436721 solMass / solMass
1355 433.65179594790095 solMass / solMass
1357 80.9547110428536 solMass / solMass
1358 493.6855460168805 solMass / solMass
1359 191.96190156586485 solMass / solMass
1362 44.53187537855115 solMass / solMass
1363 10350.465727466377 solMass / solMass
1364 349.3381010103061 solMass / solMass
1365 127.92251470548432 solMass / solMass
1366 8058.01594605359 solMass / solMass
IsSatellite
1368 552.8555762758357 solMass / solMass
1370 1.7233857070055348e+42 solMass / solMass
1371 1.0699077381898101e+42 solMass / solMass
1372 362.2508047032387 solMass / solMass
1373 32.78983190861425 solMass / solMass
1375 16964.936372579534 solMass / solMass
1376 600.6194021315575 solMass / solMass
1378 1007.74055067551 solMass / solMass
1381 1263.7671639267849 solMass / solMass
1382 78.82467399231135 solMass / solMass
1383 247.1678289712167 solMass / solMass
1385 105.4465415254179 solMass / solMass
1386 688.0241760670232 solMass / solMass
1387 108.41674416122792 solMass / solMass
1389 138.36716259625973 solMass / solMass
1391 396.93390343093694 solMass / solMass
1392 7548.079279328424 solMass / solMass
1393 81.38072955788525 solMass / solMass
1395 547.3404984813279 solMass / solMass
1396 75.54538503556931 solMass / solMass
1397 184.6945246125751 solMass / solMass
1399 207.6997051022432 solMass / solMass
1401 241.2873132229855 solMass / solMass
1402 626.371284593594 solMass / solMass
1404 196.84614819288353 solMass / solMass
1406 1052.9944592643415 solMass / solMass
1407 553.9323012981665 solMass / solMass
1409 118.19295296486338 solMass / solMass
1411 209.61759281351348 solMass / solMass
1412 659.0582323023059 solMass / solMass
1415 1263.1378340362314 solMass / solMass
1418 22.449030305250993 solMass / solMass
1419 178.23272530709306 solMass / solMass
1420 1.3636800557316444e+42 solMass / solMass
1421 29.387869808557692 solMass / solMass
1422 12408.868398979756 solMass / solMass
1423 206.76036311640493 solMass / solMass
1424 2.2166273134476413e+42 solMass / solMass
1425 384.2850775469129 solMass / solMass
1426 1.2780628277722103e+42 solMass / solMass
IsSatellite
1428 10365.242055841092 solMass / solMass
1430 159.8722447154566 solMass / solMass
1431 2884.660790825269 solMass / solMass
1432 26.632820545745403 solMass / solMass
1433 27.758990673396262 solMass / solMass
1434 112.64337479744995 solMass / solMass
1435 250.6551301252254 solMass / solMass
1436 103.76810194719184 solMass / solMass
1437 338.7223804428092 solMass / solMass
1438 1949.1042620255598 solMass / solMass
1439 67.97595690064415 solMass / solMass
1440 173.20258730025793 solMass / solMass
1441 76.55144313591312 solMass / solMass
1442 15624.689399655044 solMass / solMass
IsSatellite
HaloMassEqualZero
1446 1759.2077273747268 solMass / solMass
1449 1374.9383460317672 solMass / solMass
1450 848.9560062445554 solMass / solMass
1452 107.09986005820518 solMass / solMass
1453 100.33077391881697 solMass / solMass
1454 107.33233579961143 solMass / solMass
1455 216.79376139603863 solMass / solMass
1458 63.23012151201954 solMass / solMass
1459 56.50565091779415 solMass / solMass
1460 1798.184337703253 solMass / solMass
1461 607.9361198585472 solMass / solMass
1462 439.58284681570626 solMass / solMass
1463 174.81172967503986 solMass / solMass
1464 154.4325607832061 solMass / solMass
1466 51.43077583969019 solMass / solMass
1469 3114.1837786318233 solMass / solMass
1471 3997.037200377569 solMass / solMass
1472 16100.014242848056 solMass / solMass
1473 324.43879218471693 solMass / solMass
1474 238.39044373564175 solMass / solMass
1475 572.2817703123093 solMass / solMass
1476 41.88186866750242 solMass / solMass
1477 366.4564839401483 solMass / solMass
HaloMassEqualZero
1479 2270.617433782283 solMass / solMass
1480 222.51100634090332 solMass / solMass
1481 315.2884261403192 solMass / solMass
1482 146.39619188754 solMass / solMass
1483 223.2853467766084 solMass / solMass
1484 231.59636741783518 solMass / solMass
IsSatellite
1486 323.98066558481673 solMass / solMass
1487 6506.770843979412 solMass / solMass
1489 296.83447883419416 solMass / solMass
1492 58.97288137444209 solMass / solMass
1494 558.4188528690848 solMass / solMass
1495 171.05319306662201 solMass / solMass
1496 412.33565365957355 solMass / solMass
1499 47.08584129564125 solMass / solMass
1500 1059.6542305438118 solMass / solMass
1501 43.05083646716172 solMass / solMass
1502 2268.1149110634783 solMass / solMass
1504 2101.2132191360274 solMass / solMass
1506 1.0961345235918242e+42 solMass / solMass
1507 1.1280102355137773e+42 solMass / solMass
1508 723.3965653814863 solMass / solMass
1509 96.66527242609524 solMass / solMass
1510 87.25462683790093 solMass / solMass
1511 765.9274020330179 solMass / solMass
1512 421.8951170057643 solMass / solMass
1513 302.44352698109424 solMass / solMass
1514 602.1449227220312 solMass / solMass
HaloMassEqualZero
1516 72.50931727528953 solMass / solMass
1517 593.2595780193549 solMass / solMass
1518 608.7880260022688 solMass / solMass
1519 304.8071796339208 solMass / solMass
1520 144.5512074481285 solMass / solMass
HaloMassEqualZero
1522 215.4433299422365 solMass / solMass
1523 1103.0413567684539 solMass / solMass
1524 21.55352276504586 solMass / solMass
1526 2.029361487176326 solMass / solMass
1527 59.318818063749916 solMass / solMass
1528 48.876412983018405 solMass / solMass
IsSatellite
1530 360.5658004355835 solMass / solMass
1532 131.87172182320987 solMass / solMass
1533 9325.916491574806 solMass / solMass
1535 210.5726802798311 solMass / solMass
1536 5291.568023308649 solMass / solMass
1537 145.65299517385748 solMass / solMass
1538 2627.918242394755 solMass / solMass
1539 1.602287527600639e+42 solMass / solMass
HaloMassEqualZero
1542 17.401463822967813 solMass / solMass
1543 108.34260708682768 solMass / solMass
1544 34.95084175749655 solMass / solMass
IsSatellite
1546 141.39608026215942 solMass / solMass
1547 215.24333553752294 solMass / solMass
1550 277.61620924859665 solMass / solMass
1552 185.5208279024543 solMass / solMass
1553 440.22547393397133 solMass / solMass
1554 721.4767936110521 solMass / solMass
1555 71.96905070194023 solMass / solMass
1556 278.0638871207263 solMass / solMass
1557 156.2278638763895 solMass / solMass
1558 368.6630070955587 solMass / solMass
1560 8836.727670735605 solMass / solMass
1561 72.38175310818353 solMass / solMass
1562 82.15606018173992 solMass / solMass
1563 1.6271741099087947e+42 solMass / solMass
1564 246.9852756778075 solMass / solMass
1565 10.006159976637454 solMass / solMass
1568 576.8101769804209 solMass / solMass
1569 16.71382394144474 solMass / solMass
1570 1.56633742315997e+42 solMass / solMass
1571 8.295684665527128 solMass / solMass
1572 1.589220610791353e+42 solMass / solMass
1574 2.2533933931323053e+42 solMass / solMass
1575 38.14777324188451 solMass / solMass
1576 191.66076885693514 solMass / solMass
1577 950.820665112552 solMass / solMass
1578 156.35833948971813 solMass / solMass
1581 431.21597720912985 solMass / solMass
1582 2846.7234816437726 solMass / solMass
1583 1.040811821354791e+42 solMass / solMass
1584 67.73600455461509 solMass / solMass
1585 5628.672873436641 solMass / solMass
1587 4699.829958584471 solMass / solMass
1589 109.77346670830043 solMass / solMass
1590 141.6240036340456 solMass / solMass
IsSatellite
1592 1.762049212877652e+42 solMass / solMass
1593 1349.871180163212 solMass / solMass
1594 378.9073919917653 solMass / solMass
1595 1991.887844062 solMass / solMass
1596 35.99966927630204 solMass / solMass
1598 39.332339581619465 solMass / solMass
1599 464.9954977681012 solMass / solMass
HaloMassEqualZero
1601 520.9053939092756 solMass / solMass
1602 184.07711346331007 solMass / solMass
1603 25812.78565786381 solMass / solMass
1604 53.023023322448964 solMass / solMass
IsSatellite
1607 373.48901776594806 solMass / solMass
1608 570.9948154056289 solMass / solMass
1609 1059.6906264509319 solMass / solMass
1610 246.88872461780133 solMass / solMass
1611 119.69179019362865 solMass / solMass
1612 652.2536988205921 solMass / solMass
1613 1732.4386108039491 solMass / solMass
1617 380.72740451522117 solMass / solMass
1619 1500.210077319339 solMass / solMass
1622 497.9438201723382 solMass / solMass
1623 1360.1360650916467 solMass / solMass
1624 29.647965259873217 solMass / solMass
1625 1159.8365045429837 solMass / solMass
1627 1.583886355573538e+42 solMass / solMass
1628 2222.94964279302 solMass / solMass
1629 3.378683286979359 solMass / solMass
1630 1282.2243360174557 solMass / solMass
1631 281.02444808260196 solMass / solMass
1632 452.90915405035264 solMass / solMass
1633 59.09127699937518 solMass / solMass
HaloMassEqualZero
1635 234.425365475062 solMass / solMass
1636 407.3827788051961 solMass / solMass
HaloMassEqualZero
1642 126.09386741612484 solMass / solMass
1643 1.3489383442402164e+42 solMass / solMass
1644 11864.259539955154 solMass / solMass
1645 12905.040940684996 solMass / solMass
1646 2811.4246794078335 solMass / solMass
1647 459.4825623152936 solMass / solMass
1648 200.8140977712105 solMass / solMass
1649 1287.5477311859242 solMass / solMass
1650 1.5507689248082733e+42 solMass / solMass
1651 1.7540245382949465e+42 solMass / solMass
1652 350.6640136590302 solMass / solMass
1654 374.662827636812 solMass / solMass
IsSatellite
1657 701.9644956703684 solMass / solMass
1658 39.80110564082817 solMass / solMass
1659 283.4840101911263 solMass / solMass
HaloMassEqualZero
1661 71.878357481076 solMass / solMass
1662 109.84839889210048 solMass / solMass
1663 722.6900441377518 solMass / solMass
1664 341.4699372237231 solMass / solMass
1665 93.70770996068224 solMass / solMass
1666 1785.8276327358274 solMass / solMass
1669 415.5260794865469 solMass / solMass
HaloMassEqualZero
1671 12791.597006735394 solMass / solMass
1672 945.5679932367324 solMass / solMass
1673 1057.3570472275808 solMass / solMass
1675 2862.670292966974 solMass / solMass
1677 563.0120637696829 solMass / solMass
IsSatellite
1679 972.7112874740795 solMass / solMass
1680 258.13627687996524 solMass / solMass
1681 1637.3312106063343 solMass / solMass
1682 288.56142629444076 solMass / solMass
1683 85.30759497021285 solMass / solMass
IsSatellite
HaloMassEqualZero
HaloMassEqualZero
1687 55.56229393114681 solMass / solMass
1688 330.03541373527173 solMass / solMass
1689 18.285145562584653 solMass / solMass
1690 312.5023069858837 solMass / solMass
1692 17610.132791809636 solMass / solMass
1693 850.0427483204703 solMass / solMass
1694 62.31891642374496 solMass / solMass
HaloMassEqualZero
IsSatellite
1698 109.50760607828431 solMass / solMass
1700 1.6373941063609788e+42 solMass / solMass
1701 131.21672127888363 solMass / solMass
1702 2915.923301548812 solMass / solMass
1704 3146.2800170579894 solMass / solMass
1705 818.447533911001 solMass / solMass
IsSatellite
1708 146.8329598853468 solMass / solMass
1709 608.2554824826991 solMass / solMass
1710 81.5894658491967 solMass / solMass
1711 25.053127758320958 solMass / solMass
1713 2085.652438371526 solMass / solMass
HaloMassEqualZero
1715 573.7019668861184 solMass / solMass
1716 343.74929012102683 solMass / solMass
1717 779.4612442860135 solMass / solMass
1719 4785.387490035646 solMass / solMass
1720 54.3073750592637 solMass / solMass
1721 466.4175192786853 solMass / solMass
1725 37.52945049220123 solMass / solMass
1726 0.0 solMass / solMass
1727 72.42238365779137 solMass / solMass
1728 95.1986489376918 solMass / solMass
1729 336.62630536171537 solMass / solMass
1731 119.83726852235334 solMass / solMass
1732 81.47143917993175 solMass / solMass
1733 52.08344684608833 solMass / solMass
1734 22.74903870469401 solMass / solMass
IsSatellite
1738 4177.731651332069 solMass / solMass
1739 1034.0788100810935 solMass / solMass
1740 947.7692294443741 solMass / solMass
1741 1210.474253580692 solMass / solMass
1742 108.48663622291586 solMass / solMass
1744 171.1002563217421 solMass / solMass
1745 241.36985650434713 solMass / solMass
1746 192.21656713009796 solMass / solMass
1747 479.7888418065927 solMass / solMass
HaloMassEqualZero
HaloMassEqualZero
1750 885.358700373736 solMass / solMass
1751 631.1714200765468 solMass / solMass
1752 29655.096815757566 solMass / solMass
1753 12.190849156482043 solMass / solMass
1754 18238.399833244323 solMass / solMass
1755 383.33490209452634 solMass / solMass
1756 3.873673883179995e+42 solMass / solMass
1757 10.11107219865929 solMass / solMass
HaloMassEqualZero
1759 1.5218756758908665e+42 solMass / solMass
1760 686.339739125403 solMass / solMass
1761 1104.366011203341 solMass / solMass
1763 1842.8503522533333 solMass / solMass
1764 445.30306450231745 solMass / solMass
1765 24.75575081697583 solMass / solMass
1769 3877.624014653139 solMass / solMass
1770 653.4147077558954 solMass / solMass
1771 220.6837401439376 solMass / solMass
1773 1235.4033194757508 solMass / solMass
1774 688.5732726529096 solMass / solMass
HaloMassEqualZero
1776 86.56404328220391 solMass / solMass
1777 2874.8128041204936 solMass / solMass
1778 647.7086762910184 solMass / solMass
1779 247.97479971330958 solMass / solMass
1780 3004.477253653196 solMass / solMass
1781 7962.8921763955705 solMass / solMass
1782 3557.7470868705855 solMass / solMass
1783 22.337219968987466 solMass / solMass
1784 162.59011950384163 solMass / solMass
1785 103.27124199742222 solMass / solMass
1786 376.0015715733841 solMass / solMass
1789 587.762203243107 solMass / solMass
HaloMassEqualZero
1792 353.8366514165508 solMass / solMass
1793 489.3344323804637 solMass / solMass
1794 19.760485763704622 solMass / solMass
1796 2.445952218368146e+42 solMass / solMass
1797 27122.61454140757 solMass / solMass
1798 219.28219803191544 solMass / solMass
HaloMassEqualZero
HaloMassEqualZero
1802 434.26210059268936 solMass / solMass
1803 5845.742039671484 solMass / solMass
1804 1258.840815180569 solMass / solMass
1805 365.6005013207004 solMass / solMass
1807 10131.322055776971 solMass / solMass
1809 556.9207834905294 solMass / solMass
1810 278.17299915223373 solMass / solMass
1811 493.76200457482 solMass / solMass
1812 207.53484405449802 solMass / solMass
1813 415.6723782265888 solMass / solMass
1814 440.59203006177006 solMass / solMass
1818 1012.523312068979 solMass / solMass
HaloMassEqualZero
1821 513.2198793081781 solMass / solMass
1822 606.2703677858192 solMass / solMass
1823 1214.7690197833379 solMass / solMass
1824 11125.400247940095 solMass / solMass
IsSatellite
1826 257.2381807100576 solMass / solMass
HaloMassEqualZero
IsSatellite
HaloMassEqualZero
1831 31.239459155747817 solMass / solMass
1833 10047.549843052779 solMass / solMass
IsSatellite
1836 310.4761603099673 solMass / solMass
1837 7.169105961843235 solMass / solMass
1838 174.97188429506016 solMass / solMass
1839 2021.8969218668472 solMass / solMass
1840 428.84395192150555 solMass / solMass
1841 2034.3898457661005 solMass / solMass
1842 563.4738409375038 solMass / solMass
1843 24.20421186793714 solMass / solMass
1844 12650.493907516076 solMass / solMass
1845 140.967182700842 solMass / solMass
1848 803.4003915219138 solMass / solMass
1849 29.618506757881388 solMass / solMass
1850 15.171167399960286 solMass / solMass
1851 387.5855297826114 solMass / solMass
HaloMassEqualZero
1854 300.29676000138534 solMass / solMass
1855 462.3804874167145 solMass / solMass
1856 141.29205297136556 solMass / solMass
HaloMassEqualZero
HaloMassEqualZero
1859 73.81506721721736 solMass / solMass
1860 569.0763214073488 solMass / solMass
1861 552.7653272792747 solMass / solMass
1862 102.05914022204941 solMass / solMass
1863 2260.90692341906 solMass / solMass
1864 14535.475486132698 solMass / solMass
1865 132.52076947298815 solMass / solMass
1866 359.44979714556837 solMass / solMass
1867 477.77154132035736 solMass / solMass
HaloMassEqualZero
1869 2.1434398821193113e+42 solMass / solMass
1870 85.84957425533074 solMass / solMass
HaloMassEqualZero
1872 23490.028292251358 solMass / solMass
1873 113.72117421384095 solMass / solMass
1874 461.84026992987503 solMass / solMass
1875 248.47772018405095 solMass / solMass
1877 8986.078414974723 solMass / solMass
HaloMassEqualZero
1881 2.3709016698211865e+42 solMass / solMass
HaloMassEqualZero
HaloMassEqualZero
HaloMassEqualZero
1886 486.5154129508292 solMass / solMass
1888 341.68070635223745 solMass / solMass
1889 18937.535997850693 solMass / solMass
1890 854.7264760549544 solMass / solMass
1891 2197.7244330498165 solMass / solMass
1892 1.561921103770961e+42 solMass / solMass
1893 168.09561822778673 solMass / solMass
HaloMassEqualZero
1895 978.0537968932541 solMass / solMass
1896 4046.1622367769755 solMass / solMass
1897 418.52273823297054 solMass / solMass
1898 16060.43639723102 solMass / solMass
1899 80.6976797324628 solMass / solMass
1900 383.76458300833065 solMass / solMass
HaloMassEqualZero
HaloMassEqualZero
1904 104.4353499157498 solMass / solMass
1905 1918.9968832603736 solMass / solMass
1908 429.5803612240727 solMass / solMass
1909 1008.5369847824886 solMass / solMass
1911 587.8607645359922 solMass / solMass
1912 139.61449254670848 solMass / solMass
1914 14.136529529887078 solMass / solMass
1915 1350.4603667159893 solMass / solMass
1917 514.4230152657009 solMass / solMass
1918 892.0428867098509 solMass / solMass
1919 147.18976912109653 solMass / solMass
1920 9112.150333618374 solMass / solMass
HaloMassEqualZero
1923 44.15678606136143 solMass / solMass
1924 1052.5262992800256 solMass / solMass
1925 1254.6175240009252 solMass / solMass
1927 23.773860612744404 solMass / solMass
1928 62.63859160277947 solMass / solMass
1929 566.9438878832597 solMass / solMass
HaloMassEqualZero
1933 2285.5070383391226 solMass / solMass
IsSatellite
HaloMassEqualZero
1938 60.162110269124355 solMass / solMass
1939 443.48008006943564 solMass / solMass
1940 394.94416583063753 solMass / solMass
1941 772.5585809137502 solMass / solMass
HaloMassEqualZero
1943 397.9273239896957 solMass / solMass
1945 191.4524668815623 solMass / solMass
HaloMassEqualZero
HaloMassEqualZero
1953 453.5793650533863 solMass / solMass
1954 175.31282588788798 solMass / solMass
HaloMassEqualZero
HaloMassEqualZero
1957 174.00495102614283 solMass / solMass
1960 1238.3491533625015 solMass / solMass
1961 535.322215552993 solMass / solMass
1962 150.53658041111072 solMass / solMass
HaloMassEqualZero
1964 6466.72853579303 solMass / solMass
1965 51.04000338924458 solMass / solMass
1966 2.4788653400450587e+42 solMass / solMass
1967 1491.9332494466637 solMass / solMass
1968 2.184309079129979e+42 solMass / solMass
1969 31.708670543723816 solMass / solMass
1970 2021.5377107367972 solMass / solMass
1971 346.7253546482716 solMass / solMass
IsSatellite
1973 1572.8177352440823 solMass / solMass
1974 537.387117337964 solMass / solMass
IsSatellite
1976 953.3043282247413 solMass / solMass
HaloMassEqualZero
1978 1.5885587642170116e+42 solMass / solMass
HaloMassEqualZero
1980 17.726071101534885 solMass / solMass
HaloMassEqualZero
1982 3900.1824306938083 solMass / solMass
HaloMassEqualZero
1984 132.52818937755518 solMass / solMass
HaloMassEqualZero
1988 3.162259369394229e+42 solMass / solMass
HaloMassEqualZero
1990 2043.356354203033 solMass / solMass
1991 272.5431449264827 solMass / solMass
HaloMassEqualZero
HaloMassEqualZero
1995 61.892359912786986 solMass / solMass
1996 4094.313688736849 solMass / solMass
1997 7238.46056187 solMass / solMass
1998 1766.9135367614476 solMass / solMass
1999 20.336243651263178 solMass / solMass
HaloMassEqualZero
2001 342.77396165870897 solMass / solMass
2002 480.3747754334974 solMass / solMass
2004 508.162487076633 solMass / solMass
2006 736.9413058433637 solMass / solMass
2007 22.054825845391807 solMass / solMass
HaloMassEqualZero
HaloMassEqualZero
2011 0.7045843020419481 solMass / solMass
2013 76.8545169766488 solMass / solMass
HaloMassEqualZero
HaloMassEqualZero
IsSatellite
2018 106.05418310824375 solMass / solMass
2019 23136.348517451996 solMass / solMass
2020 128.6549149485664 solMass / solMass
2021 283.8983330424048 solMass / solMass
HaloMassEqualZero
HaloMassEqualZero
HaloMassEqualZero
2025 304.37846816522864 solMass / solMass
2026 2168.0011227019068 solMass / solMass
2027 624.4620747307591 solMass / solMass
2028 749.2482553093644 solMass / solMass
2029 682.4932541496528 solMass / solMass
2030 77.87765268723884 solMass / solMass
2031 23819.08073361206 solMass / solMass
2033 49.845813762702726 solMass / solMass
2034 12489.755837997678 solMass / solMass
HaloMassEqualZero
HaloMassEqualZero
HaloMassEqualZero
2039 170.1591571974772 solMass / solMass
2040 34.9642861349922 solMass / solMass
2041 624.0406987439194 solMass / solMass
HaloMassEqualZero
HaloMassEqualZero
2045 215.6299474453952 solMass / solMass
2046 746.9204201341906 solMass / solMass
2047 179.2585090507498 solMass / solMass
2048 692.2480038597738 solMass / solMass
2050 2.962034911350771e+42 solMass / solMass
2051 235.13347958502575 solMass / solMass
HaloMassEqualZero
2054 2.986641784308159e+42 solMass / solMass
HaloMassEqualZero
HaloMassEqualZero
IsSatellite
HaloMassEqualZero
HaloMassEqualZero
2061 705.3349618883741 solMass / solMass
2062 354.8695449841946 solMass / solMass
HaloMassEqualZero
2065 11835.127676710972 solMass / solMass
2066 13096.284603449705 solMass / solMass
2067 2268.568787460537 solMass / solMass
HaloMassEqualZero
HaloMassEqualZero
HaloMassEqualZero
2071 166.68745912681905 solMass / solMass
2072 5375.1397620797325 solMass / solMass
2073 2.3194799439423448e+42 solMass / solMass
HaloMassEqualZero
2076 3333.428099842033 solMass / solMass
HaloMassEqualZero
2079 227.81552631820006 solMass / solMass
2080 492.4772500949148 solMass / solMass
2081 2166.5327899173167 solMass / solMass
2082 313.64335319693845 solMass / solMass
2083 493.17401553989913 solMass / solMass
2084 1685.7135447678056 solMass / solMass
HaloMassEqualZero
2086 162.6390215864138 solMass / solMass
2087 2.449225294860545e+42 solMass / solMass
2089 1.3991658462290214e+42 solMass / solMass
2090 118.37128651340598 solMass / solMass
2091 18305.94577671292 solMass / solMass
HaloMassEqualZero
2094 130.35058948740487 solMass / solMass
2096 67.9206619008 solMass / solMass
HaloMassEqualZero
2099 132.37811625477255 solMass / solMass
2100 101.04097083223456 solMass / solMass
2101 1.5547466942304613e+42 solMass / solMass
2103 163.80951182129778 solMass / solMass
HaloMassEqualZero
HaloMassEqualZero
HaloMassEqualZero
2107 1.690911748698706e+42 solMass / solMass
HaloMassEqualZero
2109 113.14424836580383 solMass / solMass
HaloMassEqualZero
2111 1487.1303563452848 solMass / solMass
2112 19786.04240189847 solMass / solMass
HaloMassEqualZero
HaloMassEqualZero
2115 2508.235715514785 solMass / solMass
HaloMassEqualZero
2119 43.616645939061605 solMass / solMass
HaloMassEqualZero
HaloMassEqualZero
2122 7.390691742252452 solMass / solMass
HaloMassEqualZero
IsSatellite
2125 224.27091640104013 solMass / solMass
IsSatellite
2127 3.5558842225449268 solMass / solMass
HaloMassEqualZero
2129 906.6152728154983 solMass / solMass
2130 1231.5893585890217 solMass / solMass
HaloMassEqualZero
HaloMassEqualZero
2135 578.5101370448253 solMass / solMass
HaloMassEqualZero
2137 689.8525616452115 solMass / solMass
HaloMassEqualZero
HaloMassEqualZero
2140 1193.7609186263446 solMass / solMass
2141 114.3567620657906 solMass / solMass
2142 933.7881704214103 solMass / solMass
HaloMassEqualZero
2145 1637.112297894344 solMass / solMass
HaloMassEqualZero
HaloMassEqualZero
2148 341.1482514964318 solMass / solMass
2149 219.5227079053454 solMass / solMass
HaloMassEqualZero
2151 30.198578272548907 solMass / solMass
HaloMassEqualZero
2153 8.447912384496949 solMass / solMass
HaloMassEqualZero
HaloMassEqualZero
IsSatellite
2159 2.833032954699402e+42 solMass / solMass
HaloMassEqualZero
2162 5585.427170822848 solMass / solMass
2163 93.6208589675543 solMass / solMass
2165 3600.3601781144002 solMass / solMass
2166 1891.0454352997658 solMass / solMass
2167 675.7268361693538 solMass / solMass
2169 128.02966052073896 solMass / solMass
2170 370.70453262678194 solMass / solMass
IsSatellite
HaloMassEqualZero
2176 61.71112900317774 solMass / solMass
HaloMassEqualZero
IsSatellite
2181 99.27663974610368 solMass / solMass
2183 299.6434230337794 solMass / solMass
2184 148.01716565562995 solMass / solMass
HaloMassEqualZero
2186 190.667546621064 solMass / solMass
HaloMassEqualZero
HaloMassEqualZero
2189 578.3301846314725 solMass / solMass
2190 1.316034048211597e+42 solMass / solMass
2191 134.96581095292234 solMass / solMass
2192 648.1930384631585 solMass / solMass
HaloMassEqualZero
2194 615.8151595284401 solMass / solMass
2195 324.7108991765669 solMass / solMass
2197 191.3293018355287 solMass / solMass
2199 133.59712737003449 solMass / solMass
IsSatellite
HaloMassEqualZero
IsSatellite
2204 384.57190635342033 solMass / solMass
HaloMassEqualZero
2206 260.5509752731941 solMass / solMass
2209 4901.862663710133 solMass / solMass
2210 371.98762095315874 solMass / solMass
HaloMassEqualZero
IsSatellite
HaloMassEqualZero
HaloMassEqualZero
2219 4866.440440629268 solMass / solMass
2220 109.50192792535195 solMass / solMass
2221 3004.0275521642375 solMass / solMass
2222 245.5976736990909 solMass / solMass
2223 344.59677886111064 solMass / solMass
2224 602.8479555444983 solMass / solMass
2225 27356.448879634016 solMass / solMass
2226 84.42571651230823 solMass / solMass
2227 1121.1240273789365 solMass / solMass
HaloMassEqualZero
IsSatellite
2230 26412.858888194627 solMass / solMass
HaloMassEqualZero
2233 711.172893430648 solMass / solMass
HaloMassEqualZero
2235 223.4325062716832 solMass / solMass
2236 26070.169472804006 solMass / solMass
HaloMassEqualZero
2238 165.28914030850632 solMass / solMass
2239 44.959489318653596 solMass / solMass
2240 13915.290028123314 solMass / solMass
2248 151.22734431328928 solMass / solMass
2249 70.28369588432318 solMass / solMass
2250 110.77173169634146 solMass / solMass
2251 518.3940077082768 solMass / solMass
2252 2.0676256044267585e+42 solMass / solMass
2253 3679.493678435295 solMass / solMass
2255 88.4108799510147 solMass / solMass
2256 1233.7670084824151 solMass / solMass
2257 184.29063843469407 solMass / solMass
HaloMassEqualZero
HaloMassEqualZero
2260 2.7812836384065753e+42 solMass / solMass
2261 182.44275715356267 solMass / solMass
2262 588.8816091125968 solMass / solMass
2263 773.8188216567261 solMass / solMass
HaloMassEqualZero
HaloMassEqualZero
HaloMassEqualZero
2267 939.5582613725546 solMass / solMass
2268 281.3595489500039 solMass / solMass
2269 555.984328658546 solMass / solMass
HaloMassEqualZero
2272 1049.198520120156 solMass / solMass
2274 122.0403011716707 solMass / solMass
2275 905.0330661180552 solMass / solMass
2276 2.6706854312770785e+42 solMass / solMass
2278 15594.575382970952 solMass / solMass
HaloMassEqualZero
HaloMassEqualZero
2281 365.90762735845755 solMass / solMass
2282 551.7656737129308 solMass / solMass
2283 113.20868575653928 solMass / solMass
2284 1871.765133963071 solMass / solMass
2286 99.1707813026011 solMass / solMass
2287 246.10906475717988 solMass / solMass
HaloMassEqualZero
HaloMassEqualZero
2290 785.9142365792286 solMass / solMass
2292 375.51700397767155 solMass / solMass
HaloMassEqualZero
2294 5437.294411598065 solMass / solMass
HaloMassEqualZero
HaloMassEqualZero
2297 502.13707082391335 solMass / solMass
2300 9149.087910748089 solMass / solMass
2301 1874.528887905158 solMass / solMass
IsSatellite
2303 776.0782707528605 solMass / solMass
2304 1388.7953286012498 solMass / solMass
HaloMassEqualZero
HaloMassEqualZero
HaloMassEqualZero
HaloMassEqualZero
2311 65.83184757947278 solMass / solMass
2312 364.5941016630361 solMass / solMass
2314 19199.623770750168 solMass / solMass
HaloMassEqualZero
HaloMassEqualZero
HaloMassEqualZero
HaloMassEqualZero
HaloMassEqualZero
2320 499.5034761251107 solMass / solMass
HaloMassEqualZero
HaloMassEqualZero
HaloMassEqualZero
HaloMassEqualZero
HaloMassEqualZero
2327 49.268547931532694 solMass / solMass
IsSatellite
HaloMassEqualZero
HaloMassEqualZero
2331 2.243229164679813e+42 solMass / solMass
HaloMassEqualZero
2334 66.15070751138259 solMass / solMass
HaloMassEqualZero
HaloMassEqualZero
2337 980.7756772141474 solMass / solMass
2338 1291.460092521098 solMass / solMass
2339 260.5238632596421 solMass / solMass
HaloMassEqualZero
HaloMassEqualZero
HaloMassEqualZero
2343 191.22100510886662 solMass / solMass
2344 176.3209695005296 solMass / solMass
2345 40.054023498318344 solMass / solMass
2347 220.08344903414533 solMass / solMass
HaloMassEqualZero
2349 19487.946683894388 solMass / solMass
HaloMassEqualZero
HaloMassEqualZero
2352 529.1981994873516 solMass / solMass
HaloMassEqualZero
2354 380.3087493888139 solMass / solMass
HaloMassEqualZero
2356 319.79303254525695 solMass / solMass
2358 14530.654645534414 solMass / solMass
2362 165.89171971398278 solMass / solMass
2364 142.86611606843448 solMass / solMass
2366 145.79792257556574 solMass / solMass
HaloMassEqualZero
2368 2658.5612875849624 solMass / solMass
HaloMassEqualZero
2371 1102.9975334700675 solMass / solMass
2372 132.6201071109404 solMass / solMass
2373 280.76592352629456 solMass / solMass
2374 138.32741934045282 solMass / solMass
2375 1854.7163766512167 solMass / solMass
2376 1225.7563409769637 solMass / solMass
HaloMassEqualZero
HaloMassEqualZero
HaloMassEqualZero
2382 2.895270092246405e+42 solMass / solMass
2383 72.05891540203284 solMass / solMass
HaloMassEqualZero
2385 1736.6330547394075 solMass / solMass
2386 904.6460155425323 solMass / solMass
2387 174.9562769566195 solMass / solMass
HaloMassEqualZero
2389 242.1994120441652 solMass / solMass
HaloMassEqualZero
HaloMassEqualZero
HaloMassEqualZero
2393 93.7207751672562 solMass / solMass
HaloMassEqualZero
2397 24255.12464121551 solMass / solMass
HaloMassEqualZero
2399 4289.077934229084 solMass / solMass
2400 1951.5031004920052 solMass / solMass
2401 339.0667203604554 solMass / solMass
HaloMassEqualZero
HaloMassEqualZero
2406 527.3613729397493 solMass / solMass
2407 1857.271876624069 solMass / solMass
HaloMassEqualZero
2410 14901.09403788263 solMass / solMass
2411 165.42463013471934 solMass / solMass
HaloMassEqualZero
2413 3.354119719319221e+42 solMass / solMass
HaloMassEqualZero
HaloMassEqualZero
2417 513.7497985310388 solMass / solMass
HaloMassEqualZero
2419 118.57712489273919 solMass / solMass
2421 2.371545684940165e+42 solMass / solMass
2422 432.0144495487191 solMass / solMass
HaloMassEqualZero
IsSatellite
2425 2217.8959283383992 solMass / solMass
HaloMassEqualZero
HaloMassEqualZero
2429 7132.112591760866 solMass / solMass
2430 24312.022308772895 solMass / solMass
HaloMassEqualZero
HaloMassEqualZero
2433 17685.865041147194 solMass / solMass
HaloMassEqualZero
HaloMassEqualZero
HaloMassEqualZero
HaloMassEqualZero
2439 1066.8103022127646 solMass / solMass
HaloMassEqualZero
2443 491.5488343022061 solMass / solMass
HaloMassEqualZero
HaloMassEqualZero
HaloMassEqualZero
HaloMassEqualZero
HaloMassEqualZero
HaloMassEqualZero
2450 4962.055896434495 solMass / solMass
2451 1071.0943722165275 solMass / solMass
2452 765.4399149048767 solMass / solMass
2453 319.2015248644702 solMass / solMass
HaloMassEqualZero
2455 165.34331709113695 solMass / solMass
2456 16941.065529004936 solMass / solMass
2457 342.85209029458645 solMass / solMass
2458 1447.327198692974 solMass / solMass
2459 73.62799899665767 solMass / solMass
HaloMassEqualZero
2461 1124.608059084332 solMass / solMass
2462 1912.2409277473116 solMass / solMass
HaloMassEqualZero
HaloMassEqualZero
2465 149.82207904485995 solMass / solMass
2466 31.384335203614526 solMass / solMass
HaloMassEqualZero
HaloMassEqualZero
2469 2.2923417487335318e+42 solMass / solMass
HaloMassEqualZero
HaloMassEqualZero
HaloMassEqualZero
HaloMassEqualZero
2474 190.1323979944755 solMass / solMass
HaloMassEqualZero
HaloMassEqualZero
HaloMassEqualZero
HaloMassEqualZero
HaloMassEqualZero
2482 906.3819903164027 solMass / solMass
HaloMassEqualZero
HaloMassEqualZero
2485 320.1845851445827 solMass / solMass
2486 769.1143378944342 solMass / solMass
HaloMassEqualZero
HaloMassEqualZero
HaloMassEqualZero
HaloMassEqualZero
2493 493.70024208754353 solMass / solMass
2494 17272.23664478789 solMass / solMass
2495 21481.67068517211 solMass / solMass
HaloMassEqualZero
2498 173.97543976364182 solMass / solMass
HaloMassEqualZero
2500 8288.178826349407 solMass / solMass
HaloMassEqualZero
HaloMassEqualZero
HaloMassEqualZero
HaloMassEqualZero
HaloMassEqualZero
HaloMassEqualZero
HaloMassEqualZero
HaloMassEqualZero
HaloMassEqualZero
2510 388.34928017638566 solMass / solMass
2511 4253.920993172166 solMass / solMass
HaloMassEqualZero
HaloMassEqualZero
2515 134.06183405288948 solMass / solMass
IsSatellite
HaloMassEqualZero
HaloMassEqualZero
2519 329.96302321170964 solMass / solMass
HaloMassEqualZero
HaloMassEqualZero
HaloMassEqualZero
HaloMassEqualZero
HaloMassEqualZero
HaloMassEqualZero
HaloMassEqualZero
HaloMassEqualZero
HaloMassEqualZero
HaloMassEqualZero
2534 4591.65184155705 solMass / solMass
2535 2.4416344836292766e+42 solMass / solMass
HaloMassEqualZero
HaloMassEqualZero
HaloMassEqualZero
HaloMassEqualZero
HaloMassEqualZero
2541 7.5241565592623765 solMass / solMass
HaloMassEqualZero
HaloMassEqualZero
IsSatellite
HaloMassEqualZero
HaloMassEqualZero
HaloMassEqualZero
HaloMassEqualZero
2549 231.36685588273548 solMass / solMass
2550 9.815372960022849 solMass / solMass
HaloMassEqualZero
HaloMassEqualZero
2553 957.2662955263548 solMass / solMass
2554 2492.208734933706 solMass / solMass
2556 2407.5420479672634 solMass / solMass
HaloMassEqualZero
2558 81.03364130252889 solMass / solMass
2559 127.35176621376621 solMass / solMass
2560 747.9720925369136 solMass / solMass
HaloMassEqualZero
2562 468.45022576490106 solMass / solMass
2563 259.71866012236495 solMass / solMass
2564 2385.781852657872 solMass / solMass
HaloMassEqualZero
HaloMassEqualZero
2568 72.14688052575104 solMass / solMass
HaloMassEqualZero
2570 256.3320213331969 solMass / solMass
2572 3.0218562824069204e+42 solMass / solMass
HaloMassEqualZero
2574 1405.5252012654491 solMass / solMass
2575 208.36885705406686 solMass / solMass
2576 520.6201078800568 solMass / solMass
HaloMassEqualZero
2578 20488.181306387065 solMass / solMass
2580 2.914582318790442e+42 solMass / solMass
2582 148.32002821870938 solMass / solMass
2584 2900.62842568349 solMass / solMass
2585 138.7090183721229 solMass / solMass
2586 48.16132241951229 solMass / solMass
IsSatellite
HaloMassEqualZero
HaloMassEqualZero
HaloMassEqualZero
HaloMassEqualZero
HaloMassEqualZero
HaloMassEqualZero
HaloMassEqualZero
HaloMassEqualZero
2597 933.728232617926 solMass / solMass
HaloMassEqualZero
HaloMassEqualZero
HaloMassEqualZero
IsSatellite
HaloMassEqualZero
HaloMassEqualZero
2604 1296.0186101450256 solMass / solMass
2605 313.68748873483287 solMass / solMass
HaloMassEqualZero
HaloMassEqualZero
HaloMassEqualZero
HaloMassEqualZero
2613 201.17290050499014 solMass / solMass
HaloMassEqualZero
IsSatellite
HaloMassEqualZero
HaloMassEqualZero
HaloMassEqualZero
HaloMassEqualZero
2623 73.29054202770922 solMass / solMass
2625 1434.6059836275563 solMass / solMass
2627 328.7288777501777 solMass / solMass
HaloMassEqualZero
HaloMassEqualZero
HaloMassEqualZero
HaloMassEqualZero
2632 994.0233752539334 solMass / solMass
2634 1889.963279593831 solMass / solMass
HaloMassEqualZero
HaloMassEqualZero
IsSatellite
2638 288.41717708202486 solMass / solMass
HaloMassEqualZero
HaloMassEqualZero
HaloMassEqualZero
2642 215.1678014154881 solMass / solMass
HaloMassEqualZero
2645 244.61192887615803 solMass / solMass
2646 2289.6887370780064 solMass / solMass
2647 1156.2559867871316 solMass / solMass
2648 98.68397301669428 solMass / solMass
2649 13.379273122689423 solMass / solMass
HaloMassEqualZero
HaloMassEqualZero
2652 732.0018069087353 solMass / solMass
HaloMassEqualZero
HaloMassEqualZero
2655 25.609518841929315 solMass / solMass
HaloMassEqualZero
2657 26353.232930509548 solMass / solMass
2658 775.7388169582676 solMass / solMass
HaloMassEqualZero
HaloMassEqualZero
2661 223.10330903369055 solMass / solMass
HaloMassEqualZero
2663 496.1204132480679 solMass / solMass
HaloMassEqualZero
HaloMassEqualZero
2666 348.3098262938107 solMass / solMass
HaloMassEqualZero
HaloMassEqualZero
2669 1019.8677694934684 solMass / solMass
2670 310.5338848873556 solMass / solMass
2671 198.72444645335233 solMass / solMass
HaloMassEqualZero
HaloMassEqualZero
2674 3575.717011119266 solMass / solMass
2676 2757.132022966401 solMass / solMass
2677 15383.083641635485 solMass / solMass
2678 3582.088469643813 solMass / solMass
IsSatellite
IsSatellite
HaloMassEqualZero
HaloMassEqualZero
2684 129.76381772685323 solMass / solMass
HaloMassEqualZero
HaloMassEqualZero
HaloMassEqualZero
HaloMassEqualZero
HaloMassEqualZero
HaloMassEqualZero
HaloMassEqualZero
HaloMassEqualZero
2696 682.1430286621903 solMass / solMass
HaloMassEqualZero
HaloMassEqualZero
2700 571.0067453035045 solMass / solMass
HaloMassEqualZero
2702 3.441240143685706e+42 solMass / solMass
HaloMassEqualZero
HaloMassEqualZero
HaloMassEqualZero
HaloMassEqualZero
2707 968.7744673390014 solMass / solMass
HaloMassEqualZero
2709 1759.8866335132718 solMass / solMass
HaloMassEqualZero
HaloMassEqualZero
HaloMassEqualZero
HaloMassEqualZero
HaloMassEqualZero
HaloMassEqualZero
2717 647.3896341931168 solMass / solMass
HaloMassEqualZero
2719 878.5432112430568 solMass / solMass
2720 606.8769996910279 solMass / solMass
HaloMassEqualZero
HaloMassEqualZero
HaloMassEqualZero
HaloMassEqualZero
HaloMassEqualZero
HaloMassEqualZero
2730 774.9095052018139 solMass / solMass
2731 1063.5837022443816 solMass / solMass
HaloMassEqualZero
HaloMassEqualZero
2735 2019.8136992166326 solMass / solMass
2736 956.8689313814627 solMass / solMass
HaloMassEqualZero
HaloMassEqualZero
HaloMassEqualZero
2740 43.50486111485033 solMass / solMass
HaloMassEqualZero
HaloMassEqualZero
HaloMassEqualZero
HaloMassEqualZero
HaloMassEqualZero
HaloMassEqualZero
HaloMassEqualZero
HaloMassEqualZero
2752 133.0931587226512 solMass / solMass
HaloMassEqualZero
2754 104.05487217833557 solMass / solMass
HaloMassEqualZero
HaloMassEqualZero
HaloMassEqualZero
HaloMassEqualZero
2759 147.70572966812827 solMass / solMass
HaloMassEqualZero
HaloMassEqualZero
HaloMassEqualZero
2767 211.9650861581647 solMass / solMass
2769 84.321343930435 solMass / solMass
HaloMassEqualZero
HaloMassEqualZero
HaloMassEqualZero
HaloMassEqualZero
HaloMassEqualZero
HaloMassEqualZero
HaloMassEqualZero
HaloMassEqualZero
HaloMassEqualZero
HaloMassEqualZero
HaloMassEqualZero
2781 4588.378355173519 solMass / solMass
HaloMassEqualZero
HaloMassEqualZero
HaloMassEqualZero
HaloMassEqualZero
2786 194.7554755444965 solMass / solMass
2787 796.7003438872191 solMass / solMass
HaloMassEqualZero
2789 100.84839436001798 solMass / solMass
2790 222.9030370447497 solMass / solMass
HaloMassEqualZero
HaloMassEqualZero
HaloMassEqualZero
HaloMassEqualZero
2795 719.8132041974549 solMass / solMass
HaloMassEqualZero
2797 411.6959858598222 solMass / solMass
HaloMassEqualZero
HaloMassEqualZero
2800 3.373869052491132e+42 solMass / solMass
HaloMassEqualZero
HaloMassEqualZero
HaloMassEqualZero
HaloMassEqualZero
HaloMassEqualZero
HaloMassEqualZero
HaloMassEqualZero
HaloMassEqualZero
HaloMassEqualZero
2812 326.90671708187614 solMass / solMass
HaloMassEqualZero
HaloMassEqualZero
HaloMassEqualZero
HaloMassEqualZero
HaloMassEqualZero
HaloMassEqualZero
HaloMassEqualZero
HaloMassEqualZero
HaloMassEqualZero
HaloMassEqualZero
HaloMassEqualZero
2826 0.0 solMass / solMass
HaloMassEqualZero
HaloMassEqualZero
HaloMassEqualZero
HaloMassEqualZero
HaloMassEqualZero
HaloMassEqualZero
HaloMassEqualZero
2834 1427.699516334239 solMass / solMass
HaloMassEqualZero
HaloMassEqualZero
HaloMassEqualZero
HaloMassEqualZero
HaloMassEqualZero
HaloMassEqualZero
HaloMassEqualZero
HaloMassEqualZero
HaloMassEqualZero
HaloMassEqualZero
HaloMassEqualZero
HaloMassEqualZero
2849 1094.401911714344 solMass / solMass
HaloMassEqualZero
HaloMassEqualZero
2852 27778.777752177528 solMass / solMass
HaloMassEqualZero
HaloMassEqualZero
HaloMassEqualZero
2857 222.97990723647806 solMass / solMass
HaloMassEqualZero
HaloMassEqualZero
HaloMassEqualZero
HaloMassEqualZero
2863 563.2467389509129 solMass / solMass
HaloMassEqualZero
HaloMassEqualZero
HaloMassEqualZero
HaloMassEqualZero
HaloMassEqualZero
HaloMassEqualZero
HaloMassEqualZero
HaloMassEqualZero
2874 345.5582370558254 solMass / solMass
HaloMassEqualZero
HaloMassEqualZero
2877 3.225996019360304e-39 solMass / solMass
HaloMassEqualZero
HaloMassEqualZero
HaloMassEqualZero
HaloMassEqualZero
HaloMassEqualZero
2883 218.75450407194714 solMass / solMass
HaloMassEqualZero
HaloMassEqualZero
HaloMassEqualZero
HaloMassEqualZero
2888 7.867461364544494 solMass / solMass
2889 856.4630396218205 solMass / solMass
HaloMassEqualZero
2893 26531.923794429964 solMass / solMass
HaloMassEqualZero
HaloMassEqualZero
HaloMassEqualZero
HaloMassEqualZero
HaloMassEqualZero
HaloMassEqualZero
HaloMassEqualZero
HaloMassEqualZero
HaloMassEqualZero
HaloMassEqualZero
HaloMassEqualZero
HaloMassEqualZero
2906 149.5260004942545 solMass / solMass
HaloMassEqualZero
HaloMassEqualZero
HaloMassEqualZero
HaloMassEqualZero
HaloMassEqualZero
HaloMassEqualZero
HaloMassEqualZero
2917 15.758198424024117 solMass / solMass
2918 55.80875586714704 solMass / solMass
HaloMassEqualZero
2920 3.1412235094665834e+42 solMass / solMass
HaloMassEqualZero
2923 659.187867529715 solMass / solMass
HaloMassEqualZero
HaloMassEqualZero
2926 27281.533970882225 solMass / solMass
2927 2316.558070185057 solMass / solMass
HaloMassEqualZero
HaloMassEqualZero
HaloMassEqualZero
HaloMassEqualZero
HaloMassEqualZero
HaloMassEqualZero
2935 302.91721462564834 solMass / solMass
HaloMassEqualZero
HaloMassEqualZero
HaloMassEqualZero
2939 25871.23239870762 solMass / solMass
HaloMassEqualZero
HaloMassEqualZero
HaloMassEqualZero
HaloMassEqualZero
HaloMassEqualZero
2945 166.41361044265807 solMass / solMass
HaloMassEqualZero
HaloMassEqualZero
HaloMassEqualZero
HaloMassEqualZero
HaloMassEqualZero
IsSatellite
HaloMassEqualZero
2954 4753.401210356635 solMass / solMass
HaloMassEqualZero
HaloMassEqualZero
HaloMassEqualZero
HaloMassEqualZero
2961 177.22158425136348 solMass / solMass
HaloMassEqualZero
2963 2516.0262963687587 solMass / solMass
HaloMassEqualZero
HaloMassEqualZero
2968 4895.9581875097865 solMass / solMass
2969 801.1570053331174 solMass / solMass
HaloMassEqualZero
HaloMassEqualZero
HaloMassEqualZero
HaloMassEqualZero
2976 329.0120978359011 solMass / solMass
HaloMassEqualZero
HaloMassEqualZero
2980 1186.2223239027521 solMass / solMass
HaloMassEqualZero
HaloMassEqualZero
HaloMassEqualZero
HaloMassEqualZero
HaloMassEqualZero
HaloMassEqualZero
HaloMassEqualZero
HaloMassEqualZero
HaloMassEqualZero
HaloMassEqualZero
HaloMassEqualZero
HaloMassEqualZero
2995 25991.031465543387 solMass / solMass
HaloMassEqualZero
HaloMassEqualZero
HaloMassEqualZero
123AllDone123
