yt : [INFO     ] 2017-07-23 22:15:12,191 Parameters: current_time              = 3.75573047392e+16
yt : [INFO     ] 2017-07-23 22:15:12,191 Parameters: domain_dimensions         = [2 2 2]
yt : [INFO     ] 2017-07-23 22:15:12,192 Parameters: domain_left_edge          = [ 0.  0.  0.]
yt : [INFO     ] 2017-07-23 22:15:12,193 Parameters: domain_right_edge         = [  2.22535525e+25   2.22535525e+25   2.22535525e+25]
yt : [INFO     ] 2017-07-23 22:15:12,193 Parameters: cosmological_simulation   = 1
yt : [INFO     ] 2017-07-23 22:15:12,193 Parameters: current_redshift          = 4.99999997271
yt : [INFO     ] 2017-07-23 22:15:12,193 Parameters: omega_lambda              = 0.712
yt : [INFO     ] 2017-07-23 22:15:12,193 Parameters: omega_matter              = 0.288
yt : [INFO     ] 2017-07-23 22:15:12,193 Parameters: hubble_constant           = 0.6933
yt : [INFO     ] 2017-07-23 22:15:12,275 Parameters: current_time              = 158.01758038228
yt : [INFO     ] 2017-07-23 22:15:12,275 Parameters: domain_dimensions         = [128 128 128]
yt : [INFO     ] 2017-07-23 22:15:12,276 Parameters: domain_left_edge          = [ 0.  0.  0.]
yt : [INFO     ] 2017-07-23 22:15:12,276 Parameters: domain_right_edge         = [ 1.  1.  1.]
yt : [INFO     ] 2017-07-23 22:15:12,277 Parameters: cosmological_simulation   = 1
yt : [INFO     ] 2017-07-23 22:15:12,277 Parameters: current_redshift          = 4.9999999727121
yt : [INFO     ] 2017-07-23 22:15:12,277 Parameters: omega_lambda              = 0.712
yt : [INFO     ] 2017-07-23 22:15:12,277 Parameters: omega_matter              = 0.288
yt : [INFO     ] 2017-07-23 22:15:12,277 Parameters: hubble_constant           = 0.6933
yt : [INFO     ] 2017-07-23 22:15:12,280 Allocating for 1.116e+04 particles (index particle type 'all')
yt : [INFO     ] 2017-07-23 22:15:12,286 Identified 3.609e+03 octs
[27, 11161, <Quantity 3732.034348392124 kpc>, <Quantity 3281.7702625022644 kpc>, <Quantity 3582.948209802322 kpc>, <Quantity 63140930502.59634 solMass>, <Quantity 50958067517.917 solMass>, <Quantity 20.78703033584269 kpc>, <Quantity 21.17622423431738 kpc>, 1739, 0, 0, 0, 0, 0]
[33, 11160, <Quantity 3855.593674507554 kpc>, <Quantity 3738.0176531075726 kpc>, <Quantity 3663.250348490263 kpc>, <Quantity 35891316537.310974 solMass>, <Quantity 24236320378.934994 solMass>, <Quantity 17.21942269158442 kpc>, <Quantity 24.278360980181535 kpc>, 2084, 0, 0, 0, 0, 0]
[39, 11159, <Quantity 3679.746144850053 kpc>, <Quantity 3664.3363979437786 kpc>, <Quantity 3773.832836716272 kpc>, <Quantity 25534265017.09521 solMass>, <Quantity 18696312919.37406 solMass>, <Quantity 15.371983552510255 kpc>, <Quantity 19.122715584558506 kpc>, -1, 0, 0, 0, 0, 0]
[42, 11156, <Quantity 3259.51267856275 kpc>, <Quantity 3461.8648660823505 kpc>, <Quantity 3378.461666964174 kpc>, <Quantity 19852521093.671116 solMass>, <Quantity 15127129777.456184 solMass>, <Quantity 14.134941409369434 kpc>, <Quantity 22.70634555955744 kpc>, -1, 0, 0, 0, 0, 0]
[47, 11154, <Quantity 3792.0538385966547 kpc>, <Quantity 3628.901787086508 kpc>, <Quantity 3873.3750979282336 kpc>, <Quantity 14151367295.858667 solMass>, <Quantity 13150547246.863436 solMass>, <Quantity 12.626653370940295 kpc>, <Quantity 27.30252468365562 kpc>, -1, 0, 0, 0, 0, 0]
[51, 11152, <Quantity 4207.989282903512 kpc>, <Quantity 3251.593119485467 kpc>, <Quantity 3646.2386762686906 kpc>, <Quantity 15723299604.84043 solMass>, <Quantity 11850706328.020573 solMass>, <Quantity 13.077860100872513 kpc>, <Quantity 17.792385094599172 kpc>, 1217, 0, 0, 0, 0, 0]
[52, 11151, <Quantity 3307.2804192699923 kpc>, <Quantity 3571.2021063925486 kpc>, <Quantity 3440.55446937314 kpc>, <Quantity 13715252794.824291 solMass>, <Quantity 11290644305.427044 solMass>, <Quantity 12.495588925034047 kpc>, <Quantity 14.732487333351342 kpc>, -1, 0, 0, 0, 0, 0]
[53, 11150, <Quantity 3731.2035470082037 kpc>, <Quantity 3543.5921791518995 kpc>, <Quantity 3095.0772556445013 kpc>, <Quantity 14015742663.609522 solMass>, <Quantity 10986065120.252138 solMass>, <Quantity 12.586186485643712 kpc>, <Quantity 13.81073088891884 kpc>, 1514, 0, 0, 0, 0, 0]
[54, 11149, <Quantity 3591.246041418644 kpc>, <Quantity 3790.5267696632973 kpc>, <Quantity 3693.3327422139528 kpc>, <Quantity 15054786975.550873 solMass>, <Quantity 10766343818.137426 solMass>, <Quantity 12.88982423794188 kpc>, <Quantity 15.90779832687274 kpc>, -1, 0, 0, 0, 0, 0]
[55, 11148, <Quantity 3674.305918115053 kpc>, <Quantity 3307.6552735201058 kpc>, <Quantity 3591.07821319342 kpc>, <Quantity 14186297681.77803 solMass>, <Quantity 10753918199.27735 solMass>, <Quantity 12.637033792667058 kpc>, <Quantity 21.826606224008597 kpc>, -1, 0, 0, 0, 0, 0]
[58, 11147, <Quantity 4120.923979601992 kpc>, <Quantity 3257.289286812572 kpc>, <Quantity 3636.735010668468 kpc>, <Quantity 11628038365.793175 solMass>, <Quantity 9337094628.731287 solMass>, <Quantity 11.826537392775363 kpc>, <Quantity 14.447116507058507 kpc>, -1, 0, 0, 0, 0, 0]
[59, 11146, <Quantity 4014.394096795708 kpc>, <Quantity 3997.5614960109333 kpc>, <Quantity 3056.042632457512 kpc>, <Quantity 14255369864.712257 solMass>, <Quantity 9224051807.08891 solMass>, <Quantity 12.657510234171932 kpc>, <Quantity 15.948722202659098 kpc>, 2103, 0, 0, 0, 0, 0]
[60, 11145, <Quantity 3746.319838336238 kpc>, <Quantity 3545.5076365525692 kpc>, <Quantity 3108.3258429565562 kpc>, <Quantity 10845023340.277191 solMass>, <Quantity 9080096470.791607 solMass>, <Quantity 11.554884824753598 kpc>, <Quantity 15.242074863971416 kpc>, -1, 0, 0, 0, 0, 0]
[61, 11144, <Quantity 4061.6334285452344 kpc>, <Quantity 3648.5772018615426 kpc>, <Quantity 3503.9532655283474 kpc>, <Quantity 11474357640.580194 solMass>, <Quantity 8788852096.431877 solMass>, <Quantity 11.774204772863955 kpc>, <Quantity 11.580123803006241 kpc>, -1, 0, 0, 0, 0, 0]
[62, 11143, <Quantity 3440.8644677338293 kpc>, <Quantity 3825.0953684121914 kpc>, <Quantity 3676.2603466618 kpc>, <Quantity 10953484071.074234 solMass>, <Quantity 8266066928.559766 solMass>, <Quantity 11.593277131954505 kpc>, <Quantity 16.81860229157428 kpc>, -1, 0, 0, 0, 0, 0]
[64, 11140, <Quantity 3777.3375279867287 kpc>, <Quantity 4013.7590451880665 kpc>, <Quantity 3786.686473614057 kpc>, <Quantity 9773957356.355452 solMass>, <Quantity 7692670095.149356 solMass>, <Quantity 11.161235468819477 kpc>, <Quantity 18.556347786745594 kpc>, -1, 0, 0, 0, 0, 0]
[65, 11139, <Quantity 4089.7310380985823 kpc>, <Quantity 3876.9263724890525 kpc>, <Quantity 4138.955499992195 kpc>, <Quantity 10136599591.446064 solMass>, <Quantity 7687214945.475499 solMass>, <Quantity 11.297600702151401 kpc>, <Quantity 16.567227122057584 kpc>, -1, 0, 0, 0, 0, 0]
[66, 11138, <Quantity 3174.880248735919 kpc>, <Quantity 4005.9099668252697 kpc>, <Quantity 3853.3706059427277 kpc>, <Quantity 9839750923.354937 solMass>, <Quantity 7495375519.051173 solMass>, <Quantity 11.186223501342763 kpc>, <Quantity 19.186181879503536 kpc>, -1, 0, 0, 0, 0, 0]
[72, 11135, <Quantity 4053.4513640464806 kpc>, <Quantity 3967.1062825797762 kpc>, <Quantity 4227.655197347506 kpc>, <Quantity 9059128895.374603 solMass>, <Quantity 6550119322.447878 solMass>, <Quantity 10.88222255625433 kpc>, <Quantity 16.112628242680813 kpc>, 2118, 0, 0, 0, 0, 0]
[75, 11134, <Quantity 3523.620582666037 kpc>, <Quantity 3164.0875464847795 kpc>, <Quantity 3779.122528504345 kpc>, <Quantity 7866767894.026758 solMass>, <Quantity 6413740583.357226 solMass>, <Quantity 10.382156460794292 kpc>, <Quantity 12.495145163062748 kpc>, -1, 0, 0, 0, 0, 0]
[76, 11133, <Quantity 4033.5866737381007 kpc>, <Quantity 3958.1887614612215 kpc>, <Quantity 4268.86005417309 kpc>, <Quantity 8615682379.857222 solMass>, <Quantity 6333428658.852039 solMass>, <Quantity 10.70168139691764 kpc>, <Quantity 16.09362474989023 kpc>, -1, 0, 0, 0, 0, 0]
[80, 11132, <Quantity 3748.8998849911395 kpc>, <Quantity 3631.084665036705 kpc>, <Quantity 3632.917783394141 kpc>, <Quantity 7936757655.034929 solMass>, <Quantity 5803066894.484762 solMass>, <Quantity 10.412855230134136 kpc>, <Quantity 10.563148310105648 kpc>, 1242, 0, 0, 0, 0, 0]
[81, 11131, <Quantity 3621.594136174721 kpc>, <Quantity 3934.575372077385 kpc>, <Quantity 3822.875788900135 kpc>, <Quantity 7296972016.295294 solMass>, <Quantity 5754879739.930719 solMass>, <Quantity 10.125186175887125 kpc>, <Quantity 14.384710729841677 kpc>, -1, 0, 0, 0, 0, 0]
[82, 11130, <Quantity 3771.4682398977143 kpc>, <Quantity 3971.6790112157746 kpc>, <Quantity 3781.724257209671 kpc>, <Quantity 6995035080.705168 solMass>, <Quantity 5737908163.366628 solMass>, <Quantity 9.983559782583361 kpc>, <Quantity 14.412599053029425 kpc>, -1, 0, 0, 0, 0, 0]
[83, 11129, <Quantity 3695.9372489480106 kpc>, <Quantity 3649.9441729775053 kpc>, <Quantity 3917.706089625309 kpc>, <Quantity 6669712104.934164 solMass>, <Quantity 5614258106.242049 solMass>, <Quantity 9.826325661828447 kpc>, <Quantity 13.211289438189938 kpc>, -1, 0, 0, 0, 0, 0]
[86, 11128, <Quantity 3730.08456318832 kpc>, <Quantity 3281.4511860802427 kpc>, <Quantity 3642.0613389903 kpc>, <Quantity 6853545529.481366 solMass>, <Quantity 5349380287.906861 solMass>, <Quantity 9.915787810692676 kpc>, <Quantity 12.924627888693477 kpc>, -1, 0, 0, 0, 0, 0]
[91, 11126, <Quantity 4158.434642020648 kpc>, <Quantity 3255.580136608577 kpc>, <Quantity 3563.5694627507064 kpc>, <Quantity 5545996418.61587 solMass>, <Quantity 4986006713.357211 solMass>, <Quantity 9.24021306562468 kpc>, <Quantity 17.33210155892797 kpc>, -1, 0, 0, 0, 0, 0]
[92, 11125, <Quantity 4036.6306644931083 kpc>, <Quantity 3930.710274142848 kpc>, <Quantity 3094.0737492830744 kpc>, <Quantity 6592342777.747972 solMass>, <Quantity 4921454110.116366 solMass>, <Quantity 9.78818233728053 kpc>, <Quantity 12.304008621081524 kpc>, -1, 0, 0, 0, 0, 0]
[95, 11124, <Quantity 4208.959716006931 kpc>, <Quantity 3214.0612017479266 kpc>, <Quantity 3209.98842119368 kpc>, <Quantity 5632592519.900204 solMass>, <Quantity 4813260310.061069 solMass>, <Quantity 9.288057641395268 kpc>, <Quantity 14.388622904235802 kpc>, -1, 0, 0, 0, 0, 0]
[97, 11123, <Quantity 3321.3037962440135 kpc>, <Quantity 3577.721601275121 kpc>, <Quantity 3452.0371909857913 kpc>, <Quantity 6319867878.504249 solMass>, <Quantity 4717795192.612384 solMass>, <Quantity 9.65142537316438 kpc>, <Quantity 15.904934046979065 kpc>, -1, 0, 0, 0, 0, 0]
[101, 11121, <Quantity 4155.26396238719 kpc>, <Quantity 3237.5461895269755 kpc>, <Quantity 3667.7006018036873 kpc>, <Quantity 0.0 solMass>, <Quantity 4618390244.623268 solMass>, <Quantity 0.0 kpc>, <Quantity 18.632208584726236 kpc>, -1, 0, 0, 0, 0, 0]
[102, 11119, <Quantity 3875.971945633955 kpc>, <Quantity 3577.8360227359985 kpc>, <Quantity 3595.4120211485774 kpc>, <Quantity 5761585256.936459 solMass>, <Quantity 4548685555.590955 solMass>, <Quantity 9.358425516713828 kpc>, <Quantity 15.859533315195696 kpc>, -1, 0, 0, 0, 0, 0]
[103, 11118, <Quantity 4067.774572812026 kpc>, <Quantity 3982.7227874395853 kpc>, <Quantity 3831.3409279902653 kpc>, <Quantity 5896387297.883601 solMass>, <Quantity 4501710656.395686 solMass>, <Quantity 9.430848998853763 kpc>, <Quantity 12.741570266391447 kpc>, -1, 0, 0, 0, 0, 0]
[105, 11116, <Quantity 3906.774587635116 kpc>, <Quantity 3526.120809766438 kpc>, <Quantity 3465.5970699949294 kpc>, <Quantity 5037566658.794915 solMass>, <Quantity 4462918481.715873 solMass>, <Quantity 8.948750353165863 kpc>, <Quantity 10.837835737682795 kpc>, -1, 0, 0, 0, 0, 0]
[107, 11115, <Quantity 3739.4609488015894 kpc>, <Quantity 3672.9628085661716 kpc>, <Quantity 3665.857775884835 kpc>, <Quantity 5876006241.026734 solMass>, <Quantity 4336540849.810007 solMass>, <Quantity 9.41997044180848 kpc>, <Quantity 10.121002907336132 kpc>, -1, 0, 0, 0, 0, 0]
[108, 11114, <Quantity 4014.1023480179924 kpc>, <Quantity 3837.15621558901 kpc>, <Quantity 4088.414786502841 kpc>, <Quantity 5470816473.928702 solMass>, <Quantity 4253501350.708073 solMass>, <Quantity 9.198270406149618 kpc>, <Quantity 15.56568397997753 kpc>, -1, 0, 0, 0, 0, 0]
[109, 11113, <Quantity 3396.750224686186 kpc>, <Quantity 3208.8056853074136 kpc>, <Quantity 3375.3279444904556 kpc>, <Quantity 4939694029.288638 solMass>, <Quantity 4205617260.1604176 solMass>, <Quantity 8.890417173612112 kpc>, <Quantity 13.3960644816392 kpc>, -1, 0, 0, 0, 0, 0]
[112, 11112, <Quantity 3559.8659314627125 kpc>, <Quantity 3407.2417182903837 kpc>, <Quantity 3588.7615252902438 kpc>, <Quantity 4042043344.4293 solMass>, <Quantity 4118334866.8254113 solMass>, <Quantity 8.315514260902859 kpc>, <Quantity 14.764996580499629 kpc>, -1, 0, 0, 0, 0, 0]
[115, 11111, <Quantity 3155.7105543573334 kpc>, <Quantity 4024.3274412636656 kpc>, <Quantity 3850.9058627351483 kpc>, <Quantity 5118137555.489508 solMass>, <Quantity 4047417922.3225403 solMass>, <Quantity 8.996207041637312 kpc>, <Quantity 11.244307971035372 kpc>, -1, 0, 0, 0, 0, 0]
[116, 11110, <Quantity 4173.166205891195 kpc>, <Quantity 3737.7196683855823 kpc>, <Quantity 3150.115989345933 kpc>, <Quantity 4711992786.950871 solMass>, <Quantity 3976197913.9646087 solMass>, <Quantity 8.751657833849105 kpc>, <Quantity 12.883640135246367 kpc>, -1, 0, 0, 0, 0, 0]
[118, 11109, <Quantity 4203.664999620578 kpc>, <Quantity 3220.485581102389 kpc>, <Quantity 3227.4366465575295 kpc>, <Quantity 5322094882.440327 solMass>, <Quantity 3898310500.4726114 solMass>, <Quantity 9.114153280829077 kpc>, <Quantity 10.086361402002286 kpc>, -1, 0, 0, 0, 0, 0]
[123, 11107, <Quantity 3997.63034953515 kpc>, <Quantity 3248.8727237086446 kpc>, <Quantity 3857.0143316585145 kpc>, <Quantity 4352707198.695431 solMass>, <Quantity 3784055423.2205524 solMass>, <Quantity 8.52331636063152 kpc>, <Quantity 11.99939747891731 kpc>, -1, 0, 0, 0, 0, 0]
[125, 11105, <Quantity 3956.048002453955 kpc>, <Quantity 3641.462957606962 kpc>, <Quantity 4028.143640752155 kpc>, <Quantity 5.279534881440717e+47 solMass>, <Quantity 3704955754.3485847 solMass>, <Quantity 80.55111745905583 kpc>, <Quantity 10.117383293567288 kpc>, -1, 0, 0, 0, 0, 0]
[127, 11103, <Quantity 3654.72677508678 kpc>, <Quantity 3492.585201863739 kpc>, <Quantity 3546.342550780459 kpc>, <Quantity 4299365501.094754 solMass>, <Quantity 3606459998.0929003 solMass>, <Quantity 8.488355886304785 kpc>, <Quantity 10.366404558863595 kpc>, -1, 0, 0, 0, 0, 0]
[134, 11099, <Quantity 3921.668051912234 kpc>, <Quantity 3429.1187776465636 kpc>, <Quantity 4039.877166464184 kpc>, <Quantity 4083542064.501547 solMass>, <Quantity 3396436739.3540688 solMass>, <Quantity 8.343875240439003 kpc>, <Quantity 12.787078601670034 kpc>, -1, 0, 0, 0, 0, 0]
[137, 11098, <Quantity 3386.0986451887215 kpc>, <Quantity 3571.615907943497 kpc>, <Quantity 3484.2948232445383 kpc>, <Quantity 4054496453.8015637 solMass>, <Quantity 3336127030.3572726 solMass>, <Quantity 8.324045246766978 kpc>, <Quantity 10.07491874762842 kpc>, -1, 0, 0, 0, 0, 0]
[138, 11097, <Quantity 3792.2685813150474 kpc>, <Quantity 4065.988095410733 kpc>, <Quantity 3810.7879722858074 kpc>, <Quantity 4243189627.971616 solMass>, <Quantity 3302183877.197837 solMass>, <Quantity 8.451223831562908 kpc>, <Quantity 11.503213681894952 kpc>, -1, 0, 0, 0, 0, 0]
[142, 11096, <Quantity 3772.87574301236 kpc>, <Quantity 4061.7047873137158 kpc>, <Quantity 3791.9945593118405 kpc>, <Quantity 3755137693.8670816 solMass>, <Quantity 3165805137.7939544 solMass>, <Quantity 8.11392046031785 kpc>, <Quantity 11.295280688586645 kpc>, -1, 0, 0, 0, 0, 0]
[143, 11095, <Quantity 4056.7597653769485 kpc>, <Quantity 3901.4610803566106 kpc>, <Quantity 3113.26050684676 kpc>, <Quantity 4173400623.2228527 solMass>, <Quantity 3138832453.8966684 solMass>, <Quantity 8.404634199801668 kpc>, <Quantity 10.343280298101336 kpc>, -1, 0, 0, 0, 0, 0]
[145, 11094, <Quantity 4069.2071343403773 kpc>, <Quantity 4052.011616643688 kpc>, <Quantity 3832.2162988516325 kpc>, <Quantity 3857514819.870161 solMass>, <Quantity 3071855339.5560985 solMass>, <Quantity 8.186997510547235 kpc>, <Quantity 9.511775426066473 kpc>, -1, 0, 0, 0, 0, 0]
[146, 11093, <Quantity 3949.5432424695246 kpc>, <Quantity 3869.8947008258447 kpc>, <Quantity 3977.0700032895115 kpc>, <Quantity 3679602406.9805255 solMass>, <Quantity 3050337805.081877 solMass>, <Quantity 8.059147208693194 kpc>, <Quantity 9.14444136119046 kpc>, -1, 0, 0, 0, 0, 0]
[153, 11090, <Quantity 4182.456011875269 kpc>, <Quantity 3220.3880948739184 kpc>, <Quantity 3262.303483423614 kpc>, <Quantity 3417364504.3134966 solMass>, <Quantity 2893956850.6010065 solMass>, <Quantity 7.862956842938043 kpc>, <Quantity 12.761878707458152 kpc>, -1, 0, 0, 0, 0, 0]
[155, 11089, <Quantity 3574.943246928255 kpc>, <Quantity 4040.6857103588745 kpc>, <Quantity 3804.555709330476 kpc>, <Quantity 3231831525.5499454 solMass>, <Quantity 2866378038.9130216 solMass>, <Quantity 7.718004514616548 kpc>, <Quantity 10.812095439495204 kpc>, -1, 0, 0, 0, 0, 0]
[157, 11088, <Quantity 3680.5220281000175 kpc>, <Quantity 3716.240103984012 kpc>, <Quantity 3710.7206517856453 kpc>, <Quantity 3668153216.417756 solMass>, <Quantity 2853952420.3693347 solMass>, <Quantity 8.050779766713337 kpc>, <Quantity 9.794717912498045 kpc>, -1, 0, 0, 0, 0, 0]
[158, 11087, <Quantity 4037.7746470155507 kpc>, <Quantity 3632.8905239272594 kpc>, <Quantity 3503.5402466971086 kpc>, <Quantity 2892068889.8787527 solMass>, <Quantity 2836374716.1931067 solMass>, <Quantity 7.437466144878003 kpc>, <Quantity 12.579316832503903 kpc>, -1, 0, 0, 0, 0, 0]
[161, 11086, <Quantity 3993.259410581587 kpc>, <Quantity 3319.0254678770175 kpc>, <Quantity 3524.2070811106473 kpc>, <Quantity 3522972340.738828 solMass>, <Quantity 2751516833.849427 solMass>, <Quantity 7.943133621453566 kpc>, <Quantity 11.72849160455874 kpc>, -1, 0, 0, 0, 0, 0]
[162, 11085, <Quantity 4087.902662179746 kpc>, <Quantity 3811.127842292108 kpc>, <Quantity 3222.3120540667196 kpc>, <Quantity 3327664091.5052114 solMass>, <Quantity 2720604319.6356087 solMass>, <Quantity 7.79354924692235 kpc>, <Quantity 9.07542654810045 kpc>, -1, 0, 0, 0, 0, 0]
[164, 11083, <Quantity 3840.0822846844744 kpc>, <Quantity 3651.0178099131076 kpc>, <Quantity 3636.644713167899 kpc>, <Quantity 3189101832.4130144 solMass>, <Quantity 2683327464.085695 solMass>, <Quantity 7.683838937559694 kpc>, <Quantity 12.51923609062782 kpc>, -1, 0, 0, 0, 0, 0]
[167, 11080, <Quantity 4142.352232062056 kpc>, <Quantity 3252.0067289637923 kpc>, <Quantity 3645.1040477657243 kpc>, <Quantity 2857224644.9248333 solMass>, <Quantity 2632412734.6974077 solMass>, <Quantity 7.4074760004709 kpc>, <Quantity 11.300651770166631 kpc>, -1, 0, 0, 0, 0, 0]
[169, 11079, <Quantity 4035.767662372725 kpc>, <Quantity 3907.652855926648 kpc>, <Quantity 3129.2321955957127 kpc>, <Quantity 3114222343.658184 solMass>, <Quantity 2580891877.695062 solMass>, <Quantity 7.623223674878149 kpc>, <Quantity 9.00139269402641 kpc>, -1, 0, 0, 0, 0, 0]
[171, 11078, <Quantity 3726.5733353930723 kpc>, <Quantity 3689.442713895277 kpc>, <Quantity 3679.9130595130414 kpc>, <Quantity 2962688058.5278506 solMass>, <Quantity 2526037318.0011497 solMass>, <Quantity 7.49751654719025 kpc>, <Quantity 10.576148201185267 kpc>, -1, 0, 0, 0, 0, 0]
[174, 11076, <Quantity 3955.05759220393 kpc>, <Quantity 3886.5762845466193 kpc>, <Quantity 3605.0754315866734 kpc>, <Quantity 2953871488.276394 solMass>, <Quantity 2428147689.5380917 solMass>, <Quantity 7.490071949657007 kpc>, <Quantity 8.191147705832853 kpc>, -1, 0, 0, 0, 0, 0]
[175, 11075, <Quantity 3331.7409258609505 kpc>, <Quantity 3554.179066092667 kpc>, <Quantity 3444.4910787041185 kpc>, <Quantity 3197249059.7770143 solMass>, <Quantity 2420874156.8227897 solMass>, <Quantity 7.69037669769006 kpc>, <Quantity 9.77012896777162 kpc>, -1, 0, 0, 0, 0, 0]
[176, 11074, <Quantity 3908.2793178240163 kpc>, <Quantity 3915.3909454060013 kpc>, <Quantity 3960.6359733543427 kpc>, <Quantity 2711767054.664242 solMass>, <Quantity 2415722070.928758 solMass>, <Quantity 7.279578784945552 kpc>, <Quantity 9.983022671773002 kpc>, -1, 0, 0, 0, 0, 0]
[178, 11073, <Quantity 3859.2770525950014 kpc>, <Quantity 3750.2876246887504 kpc>, <Quantity 3675.1611428341207 kpc>, <Quantity 3224094265.2711353 solMass>, <Quantity 2377232960.105577 solMass>, <Quantity 7.711840421811938 kpc>, <Quantity 12.945738602276395 kpc>, 2198, 0, 0, 0, 0, 0]
[182, 11072, <Quantity 4089.550880852898 kpc>, <Quantity 3272.7681518603567 kpc>, <Quantity 3561.3594701139446 kpc>, <Quantity 3326095947.2855825 solMass>, <Quantity 2309043590.4125032 solMass>, <Quantity 7.792324831523952 kpc>, <Quantity 11.729435911117568 kpc>, -1, 0, 0, 0, 0, 0]
[184, 11071, <Quantity 3711.0447615649077 kpc>, <Quantity 3696.781810157139 kpc>, <Quantity 3695.418030212379 kpc>, <Quantity 2917534431.960106 solMass>, <Quantity 2292981205.5305943 solMass>, <Quantity 7.4592320977105215 kpc>, <Quantity 9.614662744557032 kpc>, -1, 0, 0, 0, 0, 0]
[187, 11069, <Quantity 4069.6960932772527 kpc>, <Quantity 3992.3176018351896 kpc>, <Quantity 4214.727849036792 kpc>, <Quantity 2744410383.8338895 solMass>, <Quantity 2230550049.246499 solMass>, <Quantity 7.308672054617112 kpc>, <Quantity 9.016823575967026 kpc>, -1, 0, 0, 0, 0, 0]
[188, 11068, <Quantity 3134.297991948343 kpc>, <Quantity 3854.633913986492 kpc>, <Quantity 3835.975639958632 kpc>, <Quantity 2464087696.9724803 solMass>, <Quantity 2217518303.0774875 solMass>, <Quantity 7.050839746720218 kpc>, <Quantity 10.471592024092987 kpc>, -1, 0, 0, 0, 0, 0]
[189, 11067, <Quantity 3626.9381506966765 kpc>, <Quantity 3708.8461046285174 kpc>, <Quantity 3723.753065697822 kpc>, <Quantity 2375611547.556223 solMass>, <Quantity 2185696597.2253885 solMass>, <Quantity 6.96541932473854 kpc>, <Quantity 9.581379087997622 kpc>, -1, 0, 0, 0, 0, 0]
[190, 11066, <Quantity 4127.554131787443 kpc>, <Quantity 3602.7228539241137 kpc>, <Quantity 3250.4886119275834 kpc>, <Quantity 2440821783.02888 solMass>, <Quantity 2185090469.4842663 solMass>, <Quantity 7.0285781935207465 kpc>, <Quantity 7.942186186922765 kpc>, -1, 0, 0, 0, 0, 0]
[191, 11065, <Quantity 3575.8509429319347 kpc>, <Quantity 3708.9883206669374 kpc>, <Quantity 3020.845454039341 kpc>, <Quantity 2511870966.366835 solMass>, <Quantity 2169937276.2332973 solMass>, <Quantity 7.096124600356746 kpc>, <Quantity 8.027555785785555 kpc>, -1, 0, 0, 0, 0, 0]
[192, 11064, <Quantity 3803.7906960929677 kpc>, <Quantity 3652.9416930996626 kpc>, <Quantity 3642.9956420870353 kpc>, <Quantity 2251468832.4274945 solMass>, <Quantity 2166603573.6685967 solMass>, <Quantity 6.8419112594984615 kpc>, <Quantity 9.85477037967559 kpc>, -1, 0, 0, 0, 0, 0]
[193, 11063, <Quantity 3871.9795470281656 kpc>, <Quantity 3583.6224362388853 kpc>, <Quantity 3259.484629642174 kpc>, <Quantity 2247854126.269286 solMass>, <Quantity 2141752336.721201 solMass>, <Quantity 6.8382477627921165 kpc>, <Quantity 9.467792528224567 kpc>, -1, 0, 0, 0, 0, 0]
[195, 11061, <Quantity 3566.067565628018 kpc>, <Quantity 3377.476287038595 kpc>, <Quantity 3759.405459498012 kpc>, <Quantity 2492643208.739051 solMass>, <Quantity 2133569612.4128256 solMass>, <Quantity 7.077971837112292 kpc>, <Quantity 11.239699612072481 kpc>, -1, 0, 0, 0, 0, 0]
[196, 11060, <Quantity 4120.528113226922 kpc>, <Quantity 3700.2360062682706 kpc>, <Quantity 3041.680454945553 kpc>, <Quantity 2664366289.516855 solMass>, <Quantity 2124174632.5612845 solMass>, <Quantity 7.236914371164408 kpc>, <Quantity 8.811307001920062 kpc>, -1, 0, 0, 0, 0, 0]
[198, 11059, <Quantity 3955.7467791525128 kpc>, <Quantity 3588.1358906047067 kpc>, <Quantity 4033.1508014003525 kpc>, <Quantity 2446275043.407954 solMass>, <Quantity 2114476588.8040931 solMass>, <Quantity 7.033808693908684 kpc>, <Quantity 9.501867046283248 kpc>, -1, 0, 0, 0, 0, 0]
[200, 11057, <Quantity 3248.0895475847046 kpc>, <Quantity 3439.7574248102537 kpc>, <Quantity 3423.2215975302393 kpc>, <Quantity 2298260280.1543593 solMass>, <Quantity 2090534543.504168 solMass>, <Quantity 6.888984290422287 kpc>, <Quantity 9.944756688296275 kpc>, -1, 0, 0, 0, 0, 0]
[202, 11055, <Quantity 4004.6947842347763 kpc>, <Quantity 3946.932036548281 kpc>, <Quantity 3144.310042314077 kpc>, <Quantity 2187421594.9001746 solMass>, <Quantity 2084776330.043064 solMass>, <Quantity 6.7764091836150815 kpc>, <Quantity 10.314488115514292 kpc>, -1, 0, 0, 0, 0, 0]
[204, 11054, <Quantity 3937.515636689642 kpc>, <Quantity 3319.9779709734066 kpc>, <Quantity 3511.7120121541734 kpc>, <Quantity 2470173531.3864355 solMass>, <Quantity 2042953516.5877967 solMass>, <Quantity 7.056639724926181 kpc>, <Quantity 10.395617060692869 kpc>, -1, 0, 0, 0, 0, 0]
[205, 11053, <Quantity 3524.946149866067 kpc>, <Quantity 3098.6401840103285 kpc>, <Quantity 3791.264301869524 kpc>, <Quantity 2168952885.258615 solMass>, <Quantity 2040832069.562009 solMass>, <Quantity 6.757283862817782 kpc>, <Quantity 8.077065249281212 kpc>, -1, 0, 0, 0, 0, 0]
[206, 11052, <Quantity 3907.267899911952 kpc>, <Quantity 3307.561818057672 kpc>, <Quantity 3586.7972365649043 kpc>, <Quantity 2478150775.0238233 solMass>, <Quantity 2017496151.8554957 solMass>, <Quantity 7.064227861897969 kpc>, <Quantity 7.310350273951379 kpc>, -1, 0, 0, 0, 0, 0]
[208, 11051, <Quantity 4011.827399537313 kpc>, <Quantity 3929.3357019847786 kpc>, <Quantity 3147.5630162198217 kpc>, <Quantity 2603826628.32291 solMass>, <Quantity 1997190873.0048556 solMass>, <Quantity 7.181681575406238 kpc>, <Quantity 10.123130425310777 kpc>, -1, 0, 0, 0, 0, 0]
[209, 11050, <Quantity 4156.9424352175865 kpc>, <Quantity 3516.6506392756473 kpc>, <Quantity 3350.4989118017065 kpc>, <Quantity 1954964886.1412125 solMass>, <Quantity 1992947978.7830539 solMass>, <Quantity 6.527323105689254 kpc>, <Quantity 9.486546592117369 kpc>, -1, 0, 0, 0, 0, 0]
[210, 11049, <Quantity 3275.9408709130066 kpc>, <Quantity 3228.61478121306 kpc>, <Quantity 3454.0276055475815 kpc>, <Quantity 1848967005.7220821 solMass>, <Quantity 1984765254.4980755 solMass>, <Quantity 6.407154222116061 kpc>, <Quantity 10.780766319177868 kpc>, -1, 0, 0, 0, 0, 0]
[211, 11048, <Quantity 3544.7927145321305 kpc>, <Quantity 3784.2346750140614 kpc>, <Quantity 3671.77877155428 kpc>, <Quantity 2613548897.7843847 solMass>, <Quantity 1980219296.4841964 solMass>, <Quantity 7.190608887853384 kpc>, <Quantity 9.798937862101877 kpc>, -1, 0, 0, 0, 0, 0]
[212, 11047, <Quantity 3838.3584567371695 kpc>, <Quantity 3575.876107533721 kpc>, <Quantity 3917.3890333699064 kpc>, <Quantity 2381322335.2630925 solMass>, <Quantity 1972036572.0694668 solMass>, <Quantity 6.970996302611958 kpc>, <Quantity 8.358063621762408 kpc>, -1, 0, 0, 0, 0, 0]
[213, 11046, <Quantity 3263.4061118861414 kpc>, <Quantity 3576.8680563845437 kpc>, <Quantity 3401.9247899932757 kpc>, <Quantity 2207744280.7042284 solMass>, <Quantity 1969915125.1265726 solMass>, <Quantity 6.7973303956914 kpc>, <Quantity 7.568644334237209 kpc>, -1, 0, 0, 0, 0, 0]
[214, 11045, <Quantity 3962.054891274686 kpc>, <Quantity 3718.99882144893 kpc>, <Quantity 3734.899404012303 kpc>, <Quantity 1953724155.0550485 solMass>, <Quantity 1955368059.4490814 solMass>, <Quantity 6.525941944210629 kpc>, <Quantity 9.73857742248616 kpc>, -1, 0, 0, 0, 0, 0]
[215, 11044, <Quantity 4016.9312730899273 kpc>, <Quantity 3903.2325390707215 kpc>, <Quantity 3100.3694229688263 kpc>, <Quantity 1956594330.3879247 solMass>, <Quantity 1948094526.7418382 solMass>, <Quantity 6.529136088887106 kpc>, <Quantity 7.805593294010511 kpc>, -1, 0, 0, 0, 0, 0]
[216, 11043, <Quantity 3726.1832175668974 kpc>, <Quantity 3367.884129642258 kpc>, <Quantity 3215.855703104576 kpc>, <Quantity 2318846145.358261 solMass>, <Quantity 1948094526.6919892 solMass>, <Quantity 6.909491740655306 kpc>, <Quantity 11.156216912037516 kpc>, -1, 0, 0, 0, 0, 0]
[217, 11042, <Quantity 3892.232402095298 kpc>, <Quantity 3334.423045147175 kpc>, <Quantity 3526.5529824770506 kpc>, <Quantity 1874088460.7806625 solMass>, <Quantity 1945973079.6400201 solMass>, <Quantity 6.436041258004932 kpc>, <Quantity 12.128821444923243 kpc>, -1, 0, 0, 0, 0, 0]
[219, 11039, <Quantity 3357.070359674855 kpc>, <Quantity 3314.689987302515 kpc>, <Quantity 3284.485147201251 kpc>, <Quantity 2283466828.9031653 solMass>, <Quantity 1923849417.5642078 solMass>, <Quantity 6.874171448193615 kpc>, <Quantity 8.149903676405701 kpc>, -1, 0, 0, 0, 0, 0]
[221, 11038, <Quantity 3766.9279465094687 kpc>, <Quantity 3474.8099640065457 kpc>, <Quantity 3184.5359902626387 kpc>, <Quantity 2164914124.7510595 solMass>, <Quantity 1914757501.5266182 solMass>, <Quantity 6.753087059175155 kpc>, <Quantity 9.70667756383972 kpc>, -1, 0, 0, 0, 0, 0]
[222, 11037, <Quantity 3793.7255059034533 kpc>, <Quantity 3717.862827943709 kpc>, <Quantity 3008.334017847691 kpc>, <Quantity 2040812145.0737295 solMass>, <Quantity 1914454437.6983676 solMass>, <Quantity 6.621501279466832 kpc>, <Quantity 10.04420613170992 kpc>, -1, 0, 0, 0, 0, 0]
[225, 11033, <Quantity 3518.4666095745547 kpc>, <Quantity 3800.3772769247716 kpc>, <Quantity 3824.6991731630433 kpc>, <Quantity 2384029866.5315948 solMass>, <Quantity 1859599878.0393062 solMass>, <Quantity 6.973637278099189 kpc>, <Quantity 8.96370934775421 kpc>, -1, 0, 0, 0, 0, 0]
[226, 11032, <Quantity 3741.6435341880947 kpc>, <Quantity 3296.5836399954214 kpc>, <Quantity 3496.660558744145 kpc>, <Quantity 2055427974.47762 solMass>, <Quantity 1834445577.2001266 solMass>, <Quantity 6.637270918446223 kpc>, <Quantity 8.268642072850628 kpc>, -1, 0, 0, 0, 0, 0]
[227, 11030, <Quantity 3468.1029372641096 kpc>, <Quantity 3651.4671917399896 kpc>, <Quantity 3755.2684485832656 kpc>, <Quantity 2037106907.5564253 solMass>, <Quantity 1817777064.6154163 solMass>, <Quantity 6.617491585272329 kpc>, <Quantity 6.47349229333445 kpc>, -1, 0, 0, 0, 0, 0]
[228, 11029, <Quantity 3661.6212160917325 kpc>, <Quantity 3713.3151878930767 kpc>, <Quantity 3679.5521713099884 kpc>, <Quantity 2125675396.619575 solMass>, <Quantity 1803229999.0601032 solMass>, <Quantity 6.712038504543538 kpc>, <Quantity 8.424717214062632 kpc>, -1, 0, 0, 0, 0, 0]
[229, 11028, <Quantity 3936.1397925791694 kpc>, <Quantity 3796.8459374877957 kpc>, <Quantity 4027.034272453655 kpc>, <Quantity 1983761041.5273783 solMass>, <Quantity 1785046167.1082823 solMass>, <Quantity 6.5592156498574905 kpc>, <Quantity 10.112482667104523 kpc>, -1, 0, 0, 0, 0, 0]
[230, 11027, <Quantity 4090.3582786293355 kpc>, <Quantity 4011.409356123321 kpc>, <Quantity 3838.4136969753417 kpc>, <Quantity 1966100263.1866353 solMass>, <Quantity 1777772634.3639472 solMass>, <Quantity 6.539692745955392 kpc>, <Quantity 8.074302047545064 kpc>, -1, 0, 0, 0, 0, 0]
[231, 11026, <Quantity 3339.8222273373385 kpc>, <Quantity 3182.6118920951258 kpc>, <Quantity 3396.569468707812 kpc>, <Quantity 2044292078.942481 solMass>, <Quantity 1768983782.307689 solMass>, <Quantity 6.6252627398152715 kpc>, <Quantity 7.161670036058415 kpc>, -1, 0, 0, 0, 0, 0]
[234, 11025, <Quantity 4019.601841398446 kpc>, <Quantity 4096.6626225498585 kpc>, <Quantity 3824.360921759835 kpc>, <Quantity 2065042637.4383261 solMass>, <Quantity 1755345908.318383 solMass>, <Quantity 6.647603864332076 kpc>, <Quantity 8.655116558678154 kpc>, -1, 0, 0, 0, 0, 0]
[235, 11024, <Quantity 3801.805264263627 kpc>, <Quantity 3240.419711907042 kpc>, <Quantity 3131.293207619085 kpc>, <Quantity 1973713062.074317 solMass>, <Quantity 1746860120.0968418 solMass>, <Quantity 6.5481225036937305 kpc>, <Quantity 8.089194942641127 kpc>, -1, 0, 0, 0, 0, 0]
[237, 11023, <Quantity 3519.9229500789456 kpc>, <Quantity 3133.4338583659023 kpc>, <Quantity 3782.277411344926 kpc>, <Quantity 2043876435.927103 solMass>, <Quantity 1722008883.1416466 solMass>, <Quantity 6.6248136958876085 kpc>, <Quantity 9.912259654340566 kpc>, -1, 0, 0, 0, 0, 0]
[242, 11020, <Quantity 3644.2698617904766 kpc>, <Quantity 3934.9239910994324 kpc>, <Quantity 3774.4012586206068 kpc>, <Quantity 2058822180.1633074 solMass>, <Quantity 1705946498.281066 solMass>, <Quantity 6.640922367802524 kpc>, <Quantity 8.306201780299668 kpc>, -1, 0, 0, 0, 0, 0]
[243, 11019, <Quantity 4108.073440584055 kpc>, <Quantity 3219.0286769846552 kpc>, <Quantity 3379.379870947191 kpc>, <Quantity 1909602684.9539125 solMass>, <Quantity 1698369901.6260157 solMass>, <Quantity 6.476441735481222 kpc>, <Quantity 8.101696548746892 kpc>, -1, 0, 0, 0, 0, 0]
[244, 11018, <Quantity 3477.7809814767297 kpc>, <Quantity 3276.1183321355343 kpc>, <Quantity 3207.3954284812457 kpc>, <Quantity 2113466411.816008 solMass>, <Quantity 1689277985.7487218 solMass>, <Quantity 6.699163448642884 kpc>, <Quantity 8.847159069150129 kpc>, -1, 0, 0, 0, 0, 0]
[245, 11017, <Quantity 4204.063900359151 kpc>, <Quantity 3778.58541697468 kpc>, <Quantity 3438.987563734773 kpc>, <Quantity 154494633.43698397 solMass>, <Quantity 1682307516.7979789 solMass>, <Quantity 2.8010869488368653 kpc>, <Quantity 13.911261388531562 kpc>, -1, 0, 0, 0, 0, 0]
[247, 11016, <Quantity 4146.010250392775 kpc>, <Quantity 3629.966048316715 kpc>, <Quantity 3280.906447265157 kpc>, <Quantity 1698015606.5250592 solMass>, <Quantity 1662608365.544639 solMass>, <Quantity 6.227819492203216 kpc>, <Quantity 6.486199332511116 kpc>, -1, 0, 0, 0, 0, 0]
[249, 11015, <Quantity 3310.2924635024865 kpc>, <Quantity 3417.7200071383204 kpc>, <Quantity 3896.9032145522633 kpc>, <Quantity 1807415037.6424315 solMass>, <Quantity 1657759343.6884086 solMass>, <Quantity 6.358793979192366 kpc>, <Quantity 9.883563467471497 kpc>, -1, 0, 0, 0, 0, 0]
[254, 11012, <Quantity 3377.369837891854 kpc>, <Quantity 3204.6500641452726 kpc>, <Quantity 3384.665680280129 kpc>, <Quantity 1100900024.2661622 solMass>, <Quantity 1596237379.0508578 solMass>, <Quantity 5.390198402821449 kpc>, <Quantity 10.6364304774983 kpc>, -1, 0, 0, 0, 0, 0]
[255, 11011, <Quantity 3381.773170633561 kpc>, <Quantity 3955.35809397116 kpc>, <Quantity 3243.044476722093 kpc>, <Quantity 1846099449.1932335 solMass>, <Quantity 1591691421.0453994 solMass>, <Quantity 6.403840230537704 kpc>, <Quantity 8.331218837534974 kpc>, -1, 0, 0, 0, 0, 0]
[256, 11010, <Quantity 3430.382201177894 kpc>, <Quantity 3505.332602346997 kpc>, <Quantity 3265.1298543702746 kpc>, <Quantity 1782352625.8662632 solMass>, <Quantity 1589569974.0270183 solMass>, <Quantity 6.329265794158393 kpc>, <Quantity 7.164053311564324 kpc>, -1, 0, 0, 0, 0, 0]
[257, 11009, <Quantity 3584.4736739969535 kpc>, <Quantity 3796.862725474032 kpc>, <Quantity 3795.1327874697276 kpc>, <Quantity 1998156560.9035769 solMass>, <Quantity 1587751590.786974 solMass>, <Quantity 6.575043468906728 kpc>, <Quantity 7.290804253770218 kpc>, -1, 0, 0, 0, 0, 0]
[258, 11008, <Quantity 3552.791792411793 kpc>, <Quantity 3383.08564498464 kpc>, <Quantity 2980.8510784206655 kpc>, <Quantity 1677249073.8765602 solMass>, <Quantity 1584720952.1930957 solMass>, <Quantity 6.202326781938785 kpc>, <Quantity 7.8420646100361875 kpc>, -1, 0, 0, 0, 0, 0]
[259, 11007, <Quantity 3318.8324315063883 kpc>, <Quantity 3643.7790578177764 kpc>, <Quantity 3965.649411693436 kpc>, <Quantity 1443013891.7939584 solMass>, <Quantity 1580781121.9142027 solMass>, <Quantity 5.899007675756213 kpc>, <Quantity 12.046258262699086 kpc>, -1, 0, 0, 0, 0, 0]
[263, 11003, <Quantity 3660.2106083249278 kpc>, <Quantity 3709.063106328387 kpc>, <Quantity 3981.453905425604 kpc>, <Quantity 1613537994.7052896 solMass>, <Quantity 1534412350.4569376 solMass>, <Quantity 6.12277813635999 kpc>, <Quantity 6.6779449059553295 kpc>, -1, 0, 0, 0, 0, 0]
[267, 11000, <Quantity 3962.879295467468 kpc>, <Quantity 3671.3845751980543 kpc>, <Quantity 3493.4166820151727 kpc>, <Quantity 1518111419.0691378 solMass>, <Quantity 1526229626.1235287 solMass>, <Quantity 5.99961441053557 kpc>, <Quantity 8.973022910464444 kpc>, -1, 0, 0, 0, 0, 0]
[269, 10999, <Quantity 3909.5583282269877 kpc>, <Quantity 3828.206000935963 kpc>, <Quantity 3490.8305929483554 kpc>, <Quantity 1649972415.071431 solMass>, <Quantity 1516834646.2909234 solMass>, <Quantity 6.168520586224136 kpc>, <Quantity 11.73469532574173 kpc>, -1, 0, 0, 0, 0, 0]
[270, 10998, <Quantity 3960.349051726261 kpc>, <Quantity 4038.5218024038845 kpc>, <Quantity 3930.4027311660207 kpc>, <Quantity 1701411735.5720177 solMass>, <Quantity 1512288688.2776697 solMass>, <Quantity 6.23196872646569 kpc>, <Quantity 9.303743571045954 kpc>, -1, 0, 0, 0, 0, 0]
[273, 10996, <Quantity 3595.380624710673 kpc>, <Quantity 3899.2996808752787 kpc>, <Quantity 3779.000083372822 kpc>, <Quantity 1685586667.833016 solMass>, <Quantity 1502893708.481057 solMass>, <Quantity 6.21258704113096 kpc>, <Quantity 6.275893756785698 kpc>, -1, 0, 0, 0, 0, 0]
[274, 10995, <Quantity 4120.764765870164 kpc>, <Quantity 3249.8220212263827 kpc>, <Quantity 3523.28351279697 kpc>, <Quantity 1917491134.1146019 solMass>, <Quantity 1501984516.8671865 solMass>, <Quantity 6.485347408928326 kpc>, <Quantity 9.431554652074082 kpc>, -1, 0, 0, 0, 0, 0]
[275, 10993, <Quantity 3479.8372081733733 kpc>, <Quantity 3509.1307829326147 kpc>, <Quantity 3626.780260473567 kpc>, <Quantity 1504510647.4385736 solMass>, <Quantity 1492892600.9373019 solMass>, <Quantity 5.98164377329755 kpc>, <Quantity 7.479845502623381 kpc>, -1, 0, 0, 0, 0, 0]
[276, 10991, <Quantity 4142.965305235206 kpc>, <Quantity 3208.461064370564 kpc>, <Quantity 3372.0893249683227 kpc>, <Quantity 1941279078.5973263 solMass>, <Quantity 1482588429.4866703 solMass>, <Quantity 6.512055830794229 kpc>, <Quantity 8.686812812820941 kpc>, -1, 0, 0, 0, 0, 0]
[277, 10992, <Quantity 4084.528693885312 kpc>, <Quantity 3547.4374686433193 kpc>, <Quantity 3286.5895011681855 kpc>, <Quantity 1618242814.3943148 solMass>, <Quantity 1482588429.473415 solMass>, <Quantity 6.12872337678522 kpc>, <Quantity 7.083564163228682 kpc>, -1, 0, 0, 0, 0, 0]
[280, 10990, <Quantity 3311.4348766840603 kpc>, <Quantity 3810.2859263180294 kpc>, <Quantity 3238.3491168640626 kpc>, <Quantity 1554837270.866006 solMass>, <Quantity 1473496513.5531662 solMass>, <Quantity 6.047609929568985 kpc>, <Quantity 10.498962611178335 kpc>, -1, 0, 0, 0, 0, 0]
[281, 10989, <Quantity 3849.5870200858794 kpc>, <Quantity 3700.6756791615694 kpc>, <Quantity 3937.700575508429 kpc>, <Quantity 1568472306.0601497 solMass>, <Quantity 1464707661.4116793 solMass>, <Quantity 6.065236533272306 kpc>, <Quantity 9.661908846675416 kpc>, -1, 0, 0, 0, 0, 0]
[282, 10988, <Quantity 3523.2811181087573 kpc>, <Quantity 3550.8850035876767 kpc>, <Quantity 3799.3090535618244 kpc>, <Quantity 1616319288.8261685 solMass>, <Quantity 1458040256.4132154 solMass>, <Quantity 6.126294110092967 kpc>, <Quantity 7.968881787782721 kpc>, -1, 0, 0, 0, 0, 0]
[283, 10987, <Quantity 3914.6641494002442 kpc>, <Quantity 3537.1865847096897 kpc>, <Quantity 4018.216902381833 kpc>, <Quantity 1703760325.2516356 solMass>, <Quantity 1456828000.9227045 solMass>, <Quantity 6.234834896900113 kpc>, <Quantity 6.257816907187763 kpc>, -1, 0, 0, 0, 0, 0]
[285, 10985, <Quantity 3810.1276257594513 kpc>, <Quantity 4062.4345269076957 kpc>, <Quantity 3822.9717529540067 kpc>, <Quantity 1631683776.3708918 solMass>, <Quantity 1434401274.8954759 solMass>, <Quantity 6.145644800236441 kpc>, <Quantity 8.742707526647303 kpc>, -1, 0, 0, 0, 0, 0]
[287, 10984, <Quantity 3554.501531131372 kpc>, <Quantity 3907.353746796692 kpc>, <Quantity 3768.0976445652536 kpc>, <Quantity 1545737013.0179365 solMass>, <Quantity 1433189019.428 solMass>, <Quantity 6.035788214257502 kpc>, <Quantity 8.541136480272234 kpc>, -1, 0, 0, 0, 0, 0]
[289, 10983, <Quantity 4079.700529904727 kpc>, <Quantity 3352.0485512158402 kpc>, <Quantity 3422.302425298215 kpc>, <Quantity 1432277678.0272403 solMass>, <Quantity 1423187911.8589823 solMass>, <Quantity 5.884341443991791 kpc>, <Quantity 7.444420545857749 kpc>, -1, 0, 0, 0, 0, 0]
[290, 10982, <Quantity 3254.230899193731 kpc>, <Quantity 3404.4679173976906 kpc>, <Quantity 3464.9302968643537 kpc>, <Quantity 1458019551.324437 solMass>, <Quantity 1419551145.4856539 solMass>, <Quantity 5.91938480263117 kpc>, <Quantity 10.130119960906974 kpc>, -1, 0, 0, 0, 0, 0]
[292, 10981, <Quantity 3455.6477413485395 kpc>, <Quantity 3737.8853295427602 kpc>, <Quantity 3588.739691899326 kpc>, <Quantity 1520358204.849567 solMass>, <Quantity 1407731654.768483 solMass>, <Quantity 6.0025727361755346 kpc>, <Quantity 7.711014435813651 kpc>, -1, 0, 0, 0, 0, 0]
[295, 10978, <Quantity 3750.9000263611306 kpc>, <Quantity 3698.8884423385052 kpc>, <Quantity 3680.7707160773425 kpc>, <Quantity 1609471433.8557181 solMass>, <Quantity 1401670377.39202 solMass>, <Quantity 6.117630112486658 kpc>, <Quantity 9.69716940333759 kpc>, -1, 0, 0, 0, 0, 0]
[296, 10977, <Quantity 3542.9585342563582 kpc>, <Quantity 3205.613370508218 kpc>, <Quantity 3758.0567511981594 kpc>, <Quantity 1371353862.170693 solMass>, <Quantity 1398033611.0297577 solMass>, <Quantity 5.799696961121433 kpc>, <Quantity 8.07737460789868 kpc>, -1, 0, 0, 0, 0, 0]
[297, 10976, <Quantity 4148.928662174073 kpc>, <Quantity 3689.567238429416 kpc>, <Quantity 3253.5977645797852 kpc>, <Quantity 1799257591.6380222 solMass>, <Quantity 1393487653.077149 solMass>, <Quantity 6.34921312267624 kpc>, <Quantity 7.9134653111594035 kpc>, -1, 0, 0, 0, 0, 0]
[300, 10972, <Quantity 3211.9554755642043 kpc>, <Quantity 3969.4081744095697 kpc>, <Quantity 3769.2494322600464 kpc>, <Quantity 1589928042.1617422 solMass>, <Quantity 1357423053.092628 solMass>, <Quantity 6.092767610887157 kpc>, <Quantity 8.033948669416718 kpc>, -1, 0, 0, 0, 0, 0]
[302, 10968, <Quantity 4167.784521786088 kpc>, <Quantity 3212.9361907205607 kpc>, <Quantity 3370.2746575640153 kpc>, <Quantity 1416589921.1556728 solMass>, <Quantity 1340754540.487324 solMass>, <Quantity 5.862778768624364 kpc>, <Quantity 8.69305596290675 kpc>, -1, 0, 0, 0, 0, 0]
[303, 10967, <Quantity 3674.2722774038584 kpc>, <Quantity 3467.5165209071974 kpc>, <Quantity 2986.044829744364 kpc>, <Quantity 1662810202.2682796 solMass>, <Quantity 1339845348.8721318 solMass>, <Quantity 6.184477551037253 kpc>, <Quantity 9.153621231625625 kpc>, -1, 0, 0, 0, 0, 0]
[306, 10965, <Quantity 3507.3332795609317 kpc>, <Quantity 3911.4146105645937 kpc>, <Quantity 3844.3968950839103 kpc>, <Quantity 1251516291.2695212 solMass>, <Quantity 1320146197.6391487 solMass>, <Quantity 5.625584161847317 kpc>, <Quantity 7.722666211151351 kpc>, -1, 0, 0, 0, 0, 0]
[309, 10963, <Quantity 3797.146097256317 kpc>, <Quantity 3665.863205920792 kpc>, <Quantity 3068.8040517458426 kpc>, <Quantity 1747158474.4749494 solMass>, <Quantity 1304993004.386469 solMass>, <Quantity 6.287329537686687 kpc>, <Quantity 7.084123971728312 kpc>, -1, 0, 0, 0, 0, 0]
[313, 10961, <Quantity 3202.4917999109066 kpc>, <Quantity 3811.0105585781916 kpc>, <Quantity 3518.3457058208437 kpc>, <Quantity 1366712534.4005494 solMass>, <Quantity 1291355130.432681 solMass>, <Quantity 5.7931465681769385 kpc>, <Quantity 7.197165391443593 kpc>, -1, 0, 0, 0, 0, 0]
[314, 10959, <Quantity 3231.9966332203808 kpc>, <Quantity 3121.4266933372783 kpc>, <Quantity 3352.4706867192945 kpc>, <Quantity 1371886964.3256977 solMass>, <Quantity 1271352915.3608751 solMass>, <Quantity 5.800448391387812 kpc>, <Quantity 7.153871913508312 kpc>, -1, 0, 0, 0, 0, 0]
[315, 10958, <Quantity 3583.4461535074074 kpc>, <Quantity 3399.5131931481774 kpc>, <Quantity 3590.16325571028 kpc>, <Quantity 1371290623.387292 solMass>, <Quantity 1270443723.7354982 solMass>, <Quantity 5.799607810434201 kpc>, <Quantity 7.187658420324578 kpc>, -1, 0, 0, 0, 0, 0]
[316, 10957, <Quantity 3186.9706590726737 kpc>, <Quantity 3337.281053356364 kpc>, <Quantity 3600.7701007672276 kpc>, <Quantity 1351513782.6553419 solMass>, <Quantity 1263170190.9534483 solMass>, <Quantity 5.771591922234352 kpc>, <Quantity 8.209423766077093 kpc>, -1, 0, 0, 0, 0, 0]
[321, 10954, <Quantity 4040.192852676395 kpc>, <Quantity 4033.8729803700567 kpc>, <Quantity 3007.2554809035882 kpc>, <Quantity 1198356825.279707 solMass>, <Quantity 1224681080.0551505 solMass>, <Quantity 5.544778159404684 kpc>, <Quantity 9.792168645733982 kpc>, -1, 0, 0, 0, 0, 0]
[323, 10952, <Quantity 3563.7089581305563 kpc>, <Quantity 3602.2874965859173 kpc>, <Quantity 3678.245971131742 kpc>, <Quantity 1455191448.3278923 solMass>, <Quantity 1211649333.8628905 solMass>, <Quantity 5.915555072220961 kpc>, <Quantity 6.620647066183718 kpc>, -1, 0, 0, 0, 0, 0]
[326, 10950, <Quantity 3410.6150245941094 kpc>, <Quantity 3049.8100813269307 kpc>, <Quantity 3010.4663667743052 kpc>, <Quantity 1195810790.1857386 solMass>, <Quantity 1185282777.5876458 solMass>, <Quantity 5.540848553707172 kpc>, <Quantity 8.34035596981829 kpc>, -1, 0, 0, 0, 0, 0]
[327, 10949, <Quantity 3706.5553030607734 kpc>, <Quantity 3695.6479198316856 kpc>, <Quantity 3680.909512752095 kpc>, <Quantity 1198526844.177198 solMass>, <Quantity 1183464394.348823 solMass>, <Quantity 5.545040371924898 kpc>, <Quantity 6.214513957713352 kpc>, -1, 0, 0, 0, 0, 0]
[328, 10948, <Quantity 3796.527594934112 kpc>, <Quantity 3720.2550785281746 kpc>, <Quantity 3679.311587224946 kpc>, <Quantity 1185653410.6735232 solMass>, <Quantity 1183161330.4524019 solMass>, <Quantity 5.525115683113284 kpc>, <Quantity 6.8380913330583475 kpc>, -1, 0, 0, 0, 0, 0]
[331, 10945, <Quantity 4049.6583412345854 kpc>, <Quantity 3748.0558638937496 kpc>, <Quantity 3554.417660297767 kpc>, <Quantity 1460866500.6340575 solMass>, <Quantity 1173463286.8107479 solMass>, <Quantity 5.923235055471052 kpc>, <Quantity 7.2280573625179505 kpc>, -1, 0, 0, 0, 0, 0]
[333, 10944, <Quantity 3800.7661815518063 kpc>, <Quantity 3614.178916756297 kpc>, <Quantity 3889.297099865 kpc>, <Quantity 1288606478.1502347 solMass>, <Quantity 1163765243.0701616 solMass>, <Quantity 5.680617674262158 kpc>, <Quantity 8.402846338796714 kpc>, -1, 0, 0, 0, 0, 0]
[334, 10943, <Quantity 3603.7692556182374 kpc>, <Quantity 3343.8462354090643 kpc>, <Quantity 3509.15797846117 kpc>, <Quantity 930835718.0049984 solMass>, <Quantity 1156491710.3679497 solMass>, <Quantity 5.096982437406378 kpc>, <Quantity 9.809269295681103 kpc>, -1, 0, 0, 0, 0, 0]
[338, 10942, <Quantity 3885.259286110443 kpc>, <Quantity 4052.3499275242243 kpc>, <Quantity 3819.5619803858276 kpc>, <Quantity 1413751451.8099813 solMass>, <Quantity 1125276132.1780741 solMass>, <Quantity 5.858860333966423 kpc>, <Quantity 7.47390609833515 kpc>, -1, 0, 0, 0, 0, 0]
[339, 10941, <Quantity 3668.3780673104898 kpc>, <Quantity 3252.566048088747 kpc>, <Quantity 3622.842927087801 kpc>, <Quantity 969628494.3810171 solMass>, <Quantity 1124063876.7159798 solMass>, <Quantity 5.166826921550102 kpc>, <Quantity 7.359326371794813 kpc>, -1, 0, 0, 0, 0, 0]
[340, 10939, <Quantity 3744.5277713014098 kpc>, <Quantity 3618.7049120121796 kpc>, <Quantity 3618.672728098656 kpc>, <Quantity 1167299933.8756647 solMass>, <Quantity 1118911791.0488744 solMass>, <Quantity 5.496458385788569 kpc>, <Quantity 7.8712844185137705 kpc>, -1, 0, 0, 0, 0, 0]
[343, 10938, <Quantity 3162.1340063192038 kpc>, <Quantity 4076.843763169289 kpc>, <Quantity 4156.501909059054 kpc>, <Quantity 1215381110.3246894 solMass>, <Quantity 1112244385.9898336 solMass>, <Quantity 5.57091182554985 kpc>, <Quantity 9.441373962074932 kpc>, -1, 0, 0, 0, 0, 0]
[344, 10937, <Quantity 3618.780258763578 kpc>, <Quantity 3511.8127130668054 kpc>, <Quantity 3933.653550674172 kpc>, <Quantity 1177061016.4896324 solMass>, <Quantity 1107092300.2588317 solMass>, <Quantity 5.511736529700035 kpc>, <Quantity 6.821662578505419 kpc>, -1, 0, 0, 0, 0, 0]
[345, 10936, <Quantity 3935.53802348765 kpc>, <Quantity 3597.5385070147945 kpc>, <Quantity 3291.081757807092 kpc>, <Quantity 1256611929.7207935 solMass>, <Quantity 1105273917.076383 solMass>, <Quantity 5.6332088130489355 kpc>, <Quantity 7.404959768419985 kpc>, -1, 0, 0, 0, 0, 0]
[346, 10935, <Quantity 4102.4605079871335 kpc>, <Quantity 4008.770556314423 kpc>, <Quantity 3815.1149695302074 kpc>, <Quantity 1309358525.5827725 solMass>, <Quantity 1103455533.8766963 solMass>, <Quantity 5.7109494673686045 kpc>, <Quantity 6.2535260859103285 kpc>, -1, 0, 0, 0, 0, 0]
[349, 10933, <Quantity 3594.5851843186606 kpc>, <Quantity 3834.2549658227404 kpc>, <Quantity 4113.266740799371 kpc>, <Quantity 1151006779.4369013 solMass>, <Quantity 1099212639.7637146 solMass>, <Quantity 5.470765310802846 kpc>, <Quantity 7.43988256816493 kpc>, -1, 0, 0, 0, 0, 0]
[350, 10932, <Quantity 3841.406290310432 kpc>, <Quantity 3578.7964459095383 kpc>, <Quantity 3925.4735481498615 kpc>, <Quantity 1088162328.9037993 solMass>, <Quantity 1095575873.3802369 solMass>, <Quantity 5.369329047858921 kpc>, <Quantity 10.577767829503903 kpc>, -1, 0, 0, 0, 0, 0]
[352, 10929, <Quantity 4128.781958053542 kpc>, <Quantity 3269.08133009021 kpc>, <Quantity 3560.0675240060514 kpc>, <Quantity 1249430459.3358006 solMass>, <Quantity 1087393149.013335 solMass>, <Quantity 5.6224571422398295 kpc>, <Quantity 7.334847625469877 kpc>, -1, 0, 0, 0, 0, 0]
[353, 10928, <Quantity 3466.924111152307 kpc>, <Quantity 3747.279474673771 kpc>, <Quantity 3643.5822416849 kpc>, <Quantity 1278654469.2552671 solMass>, <Quantity 1085574765.8463678 solMass>, <Quantity 5.6659559126456704 kpc>, <Quantity 6.597831372771493 kpc>, -1, 0, 0, 0, 0, 0]
[354, 10927, <Quantity 4183.915843869592 kpc>, <Quantity 3729.5586530094356 kpc>, <Quantity 3152.585342976413 kpc>, <Quantity 1373608380.1345456 solMass>, <Quantity 1084665574.240079 solMass>, <Quantity 5.802873472173083 kpc>, <Quantity 7.635429791267142 kpc>, -1, 0, 0, 0, 0, 0]
[355, 10926, <Quantity 3924.721857001202 kpc>, <Quantity 3524.1005945681227 kpc>, <Quantity 3503.934371616981 kpc>, <Quantity 1178657794.5821948 solMass>, <Quantity 1083756382.632969 solMass>, <Quantity 5.514227775056548 kpc>, <Quantity 8.66560755942062 kpc>, -1, 0, 0, 0, 0, 0]
[356, 10925, <Quantity 3625.1073195556637 kpc>, <Quantity 3506.0078459850633 kpc>, <Quantity 3924.050385947128 kpc>, <Quantity 1240022055.5369759 solMass>, <Quantity 1082241063.3160446 solMass>, <Quantity 5.608308913721031 kpc>, <Quantity 8.513315050339815 kpc>, -1, 0, 0, 0, 0, 0]
[357, 10924, <Quantity 3753.2951710549705 kpc>, <Quantity 3296.667228231376 kpc>, <Quantity 3610.838610996189 kpc>, <Quantity 257646581.9686851 solMass>, <Quantity 1081634935.565232 solMass>, <Quantity 3.321724316258167 kpc>, <Quantity 11.5773360887217 kpc>, -1, 0, 0, 0, 0, 0]
[358, 10923, <Quantity 4206.592455412814 kpc>, <Quantity 3906.79645224146 kpc>, <Quantity 4171.066476776367 kpc>, <Quantity 1138439594.9688065 solMass>, <Quantity 1079816552.3738477 solMass>, <Quantity 5.450781684676282 kpc>, <Quantity 6.998097684835795 kpc>, -1, 0, 0, 0, 0, 0]
[359, 10922, <Quantity 3914.7402151106885 kpc>, <Quantity 3548.069981492872 kpc>, <Quantity 3525.5927362482867 kpc>, <Quantity 985415194.6054314 solMass>, <Quantity 1077998169.1852367 solMass>, <Quantity 5.194716791851852 kpc>, <Quantity 9.116698669495866 kpc>, -1, 0, 0, 0, 0, 0]
[360, 10921, <Quantity 3801.995160588634 kpc>, <Quantity 3992.006978388816 kpc>, <Quantity 3857.511075298386 kpc>, <Quantity 1073971322.989069 solMass>, <Quantity 1076482849.8476417 solMass>, <Quantity 5.345885905697043 kpc>, <Quantity 7.11640691774108 kpc>, -1, 0, 0, 0, 0, 0]
[363, 10920, <Quantity 3941.474349646633 kpc>, <Quantity 4072.9626317939665 kpc>, <Quantity 3057.7338697836653 kpc>, <Quantity 1090029299.545865 solMass>, <Quantity 1074058338.9499872 solMass>, <Quantity 5.372398029975834 kpc>, <Quantity 7.085482351471803 kpc>, -1, 0, 0, 0, 0, 0]
[365, 10918, <Quantity 3969.415870843645 kpc>, <Quantity 3847.4672070476254 kpc>, <Quantity 3455.3480574187747 kpc>, <Quantity 1224680393.6965501 solMass>, <Quantity 1063754167.5265219 solMass>, <Quantity 5.585084038439574 kpc>, <Quantity 7.511459861567333 kpc>, -1, 0, 0, 0, 0, 0]
[366, 10917, <Quantity 3613.683110518096 kpc>, <Quantity 3904.1418754177494 kpc>, <Quantity 3778.946354610488 kpc>, <Quantity 1291969064.582197 solMass>, <Quantity 1061026592.7216731 solMass>, <Quantity 5.685554525882839 kpc>, <Quantity 6.6732019488420615 kpc>, -1, 0, 0, 0, 0, 0]
[368, 10916, <Quantity 3860.021874700136 kpc>, <Quantity 3707.092823915893 kpc>, <Quantity 3942.230886365028 kpc>, <Quantity 1161748614.983217 solMass>, <Quantity 1057995954.0754405 solMass>, <Quantity 5.487731382530602 kpc>, <Quantity 9.040672798268943 kpc>, -1, 0, 0, 0, 0, 0]
[369, 10915, <Quantity 4003.6517681929204 kpc>, <Quantity 3613.0372278997775 kpc>, <Quantity 3484.981506004596 kpc>, <Quantity 972401350.9143747 solMass>, <Quantity 1054662251.5702605 solMass>, <Quantity 5.1717474433878206 kpc>, <Quantity 8.318444516149366 kpc>, -1, 0, 0, 0, 0, 0]
[371, 10914, <Quantity 4111.6457986432 kpc>, <Quantity 3213.1039399863025 kpc>, <Quantity 3429.312307107261 kpc>, <Quantity 1091404055.6357012 solMass>, <Quantity 1052540804.4721853 solMass>, <Quantity 5.374655655557278 kpc>, <Quantity 7.415823675458142 kpc>, -1, 0, 0, 0, 0, 0]
[372, 10912, <Quantity 3645.827580973916 kpc>, <Quantity 3533.2267662186973 kpc>, <Quantity 3913.2725222355803 kpc>, <Quantity 1195092003.621425 solMass>, <Quantity 1043145824.6644299 solMass>, <Quantity 5.539738153473454 kpc>, <Quantity 8.751562269302442 kpc>, -1, 0, 0, 0, 0, 0]
[374, 10911, <Quantity 3864.2187257414025 kpc>, <Quantity 3850.0530890019218 kpc>, <Quantity 4100.248168311211 kpc>, <Quantity 1245616184.8018816 solMass>, <Quantity 1041933569.2139666 solMass>, <Quantity 5.616729877966158 kpc>, <Quantity 9.01052358044342 kpc>, -1, 0, 0, 0, 0, 0]
[376, 10910, <Quantity 3984.323309172335 kpc>, <Quantity 3567.533964654879 kpc>, <Quantity 3436.750317523434 kpc>, <Quantity 1276524955.4160252 solMass>, <Quantity 1032538589.3828362 solMass>, <Quantity 5.662808740821127 kpc>, <Quantity 7.007009828045499 kpc>, -1, 0, 0, 0, 0, 0]
[377, 10909, <Quantity 3967.3497054022305 kpc>, <Quantity 3438.8015012229735 kpc>, <Quantity 3738.764346426262 kpc>, <Quantity 1074255845.111297 solMass>, <Quantity 1032235525.491772 solMass>, <Quantity 5.346357950735605 kpc>, <Quantity 6.1081314436439476 kpc>, -1, 0, 0, 0, 0, 0]
[379, 10907, <Quantity 3861.704966935021 kpc>, <Quantity 3478.436026443288 kpc>, <Quantity 3382.9679301216665 kpc>, <Quantity 1113868333.4021096 solMass>, <Quantity 1029811014.5743897 solMass>, <Quantity 5.411280870260903 kpc>, <Quantity 6.014334517695323 kpc>, -1, 0, 0, 0, 0, 0]
[380, 10906, <Quantity 3423.016034544782 kpc>, <Quantity 3700.21892952652 kpc>, <Quantity 3593.1602065883617 kpc>, <Quantity 1039083385.3822228 solMass>, <Quantity 1028901823.031782 solMass>, <Quantity 5.287360523019851 kpc>, <Quantity 8.718007340379712 kpc>, -1, 0, 0, 0, 0, 0]
[381, 10905, <Quantity 3934.10443901794 kpc>, <Quantity 3547.7134386008033 kpc>, <Quantity 3576.076079804064 kpc>, <Quantity 1271240721.0068471 solMass>, <Quantity 1028901823.0056615 solMass>, <Quantity 5.654984114035217 kpc>, <Quantity 6.903129337618821 kpc>, -1, 0, 0, 0, 0, 0]
[384, 10904, <Quantity 3353.3678404604375 kpc>, <Quantity 3553.516153797079 kpc>, <Quantity 3449.8014989227213 kpc>, <Quantity 994273305.5382335 solMass>, <Quantity 1024961992.7704222 solMass>, <Quantity 5.2102358615797515 kpc>, <Quantity 8.443748896847346 kpc>, -1, 0, 0, 0, 0, 0]
[385, 10903, <Quantity 3455.3285210378654 kpc>, <Quantity 3392.3687752680876 kpc>, <Quantity 3523.379726369116 kpc>, <Quantity 1299828901.3545897 solMass>, <Quantity 1023143609.586942 solMass>, <Quantity 5.697060790825053 kpc>, <Quantity 5.841357732876786 kpc>, -1, 0, 0, 0, 0, 0]
[386, 10902, <Quantity 3332.7466133228613 kpc>, <Quantity 3591.879243222053 kpc>, <Quantity 3458.7736305251483 kpc>, <Quantity 1078195031.1617122 solMass>, <Quantity 1021022162.5477475 solMass>, <Quantity 5.352884828258391 kpc>, <Quantity 7.389307628149552 kpc>, -1, 0, 0, 0, 0, 0]
[387, 10901, <Quantity 3572.1128595657306 kpc>, <Quantity 4079.9888752125207 kpc>, <Quantity 3613.295512994571 kpc>, <Quantity 1060771991.7163364 solMass>, <Quantity 1017688460.008454 solMass>, <Quantity 5.3238948829178465 kpc>, <Quantity 5.619303841517007 kpc>, -1, 0, 0, 0, 0, 0]
[389, 10900, <Quantity 4121.461765406297 kpc>, <Quantity 3573.136988765645 kpc>, <Quantity 3268.2261715304767 kpc>, <Quantity 955226265.4173739 solMass>, <Quantity 1009505735.6072587 solMass>, <Quantity 5.141117650106299 kpc>, <Quantity 7.063742532370539 kpc>, -1, 0, 0, 0, 0, 0]
[390, 10899, <Quantity 3584.8570321810607 kpc>, <Quantity 3368.489009621856 kpc>, <Quantity 3763.102206968175 kpc>, <Quantity 1241399922.3222044 solMass>, <Quantity 1006778160.8465083 solMass>, <Quantity 5.610385393498843 kpc>, <Quantity 6.334458579739992 kpc>, -1, 0, 0, 0, 0, 0]
[392, 10897, <Quantity 3805.713569034264 kpc>, <Quantity 3398.831970283383 kpc>, <Quantity 3743.621751290892 kpc>, <Quantity 1016367651.4294282 solMass>, <Quantity 1004353649.8979727 solMass>, <Quantity 5.2485467341514225 kpc>, <Quantity 7.8827341000401265 kpc>, -1, 0, 0, 0, 0, 0]
[394, 10895, <Quantity 4199.942039346446 kpc>, <Quantity 3509.845218046854 kpc>, <Quantity 3325.6637926571316 kpc>, <Quantity 907537565.7925913 solMass>, <Quantity 998595436.45724 solMass>, <Quantity 5.054098025126075 kpc>, <Quantity 7.731121488701103 kpc>, -1, 0, 0, 0, 0, 0]
[397, 10893, <Quantity 3561.595176436634 kpc>, <Quantity 3498.2051931126393 kpc>, <Quantity 3930.7984416256113 kpc>, <Quantity 917001104.1835159 solMass>, <Quantity 985563690.2773923 solMass>, <Quantity 5.0716048691866 kpc>, <Quantity 6.328103228608411 kpc>, -1, 0, 0, 0, 0, 0]
[398, 10891, <Quantity 3673.595638154077 kpc>, <Quantity 3274.2371315551645 kpc>, <Quantity 3614.327548762221 kpc>, <Quantity 1082619696.2458563 solMass>, <Quantity 978896285.2185676 solMass>, <Quantity 5.360197171786163 kpc>, <Quantity 8.058185288299109 kpc>, -1, 0, 0, 0, 0, 0]
[399, 10890, <Quantity 4096.643785926997 kpc>, <Quantity 3693.859404330522 kpc>, <Quantity 3405.804728848248 kpc>, <Quantity 988347577.9233937 solMass>, <Quantity 978593221.3661422 solMass>, <Quantity 5.199864475093081 kpc>, <Quantity 7.932975334652523 kpc>, -1, 0, 0, 0, 0, 0]
[400, 10889, <Quantity 3916.4256228771533 kpc>, <Quantity 3282.023242298602 kpc>, <Quantity 3834.3059495368166 kpc>, <Quantity 828176133.9748939 solMass>, <Quantity 977987093.5989099 solMass>, <Quantity 4.902260223916046 kpc>, <Quantity 7.4561478058355775 kpc>, -1, 0, 0, 0, 0, 0]
[403, 10888, <Quantity 4109.360634344208 kpc>, <Quantity 3711.733834354187 kpc>, <Quantity 3515.1192322005813 kpc>, <Quantity 988552213.3692634 solMass>, <Quantity 970713560.8661463 solMass>, <Quantity 5.200223324273675 kpc>, <Quantity 6.552733922797186 kpc>, -1, 0, 0, 0, 0, 0]
[408, 10887, <Quantity 3787.291224410981 kpc>, <Quantity 3293.06839424672 kpc>, <Quantity 3555.206708967943 kpc>, <Quantity 1069461845.39971 solMass>, <Quantity 963440028.0385944 solMass>, <Quantity 5.338393162914662 kpc>, <Quantity 6.880514610401326 kpc>, -1, 0, 0, 0, 0, 0]
[411, 10885, <Quantity 4014.7432246940034 kpc>, <Quantity 3238.8562704504643 kpc>, <Quantity 3852.303946907541 kpc>, <Quantity 1004403627.6209145 solMass>, <Quantity 954348112.1061525 solMass>, <Quantity 5.22787122656816 kpc>, <Quantity 9.179950800140825 kpc>, -1, 0, 0, 0, 0, 0]
[416, 10883, <Quantity 4049.9317366260316 kpc>, <Quantity 3267.259342768506 kpc>, <Quantity 3349.1077828363373 kpc>, <Quantity 929327672.3563592 solMass>, <Quantity 942528621.3580872 solMass>, <Quantity 5.094228411559744 kpc>, <Quantity 6.434635979162512 kpc>, -1, 0, 0, 0, 0, 0]
[419, 10882, <Quantity 4051.9588514229717 kpc>, <Quantity 3743.077100539971 kpc>, <Quantity 3587.763357712308 kpc>, <Quantity 1122360527.6189022 solMass>, <Quantity 931315258.3323663 solMass>, <Quantity 5.424998037869969 kpc>, <Quantity 7.831662409565326 kpc>, -1, 0, 0, 0, 0, 0]
[423, 10880, <Quantity 3844.697116816245 kpc>, <Quantity 3321.3807498572114 kpc>, <Quantity 3492.898735627754 kpc>, <Quantity 849694117.81755 solMass>, <Quantity 914949809.6104 solMass>, <Quantity 4.944355182729982 kpc>, <Quantity 7.615022925419501 kpc>, -1, 0, 0, 0, 0, 0]
[424, 10879, <Quantity 3705.545263474123 kpc>, <Quantity 3353.904191060126 kpc>, <Quantity 3210.211083216487 kpc>, <Quantity 760663402.449103 solMass>, <Quantity 914343681.8762685 solMass>, <Quantity 4.765256668977024 kpc>, <Quantity 10.262059370916036 kpc>, -1, 0, 0, 0, 0, 0]
[425, 10878, <Quantity 3523.9590693974897 kpc>, <Quantity 3901.7463260702693 kpc>, <Quantity 3751.0912037614685 kpc>, <Quantity 639447637.601436 solMass>, <Quantity 913737554.1651951 solMass>, <Quantity 4.497354477977063 kpc>, <Quantity 6.294549831234694 kpc>, -1, 0, 0, 0, 0, 0]
[428, 10876, <Quantity 4136.487481522616 kpc>, <Quantity 3724.6493788439216 kpc>, <Quantity 3261.3128029464697 kpc>, <Quantity 964491820.141052 solMass>, <Quantity 904948702.0658698 solMass>, <Quantity 5.157686887781901 kpc>, <Quantity 5.579887004211131 kpc>, -1, 0, 0, 0, 0, 0]
[429, 10875, <Quantity 4090.9840610973833 kpc>, <Quantity 3262.3266731457984 kpc>, <Quantity 3627.2896987980153 kpc>, <Quantity 1177362719.3681142 solMass>, <Quantity 904948702.043274 solMass>, <Quantity 5.512207410052394 kpc>, <Quantity 7.272283834473859 kpc>, -1, 0, 0, 0, 0, 0]
[430, 10874, <Quantity 3500.3620305616346 kpc>, <Quantity 3069.1487319482085 kpc>, <Quantity 3585.657056441345 kpc>, <Quantity 916793582.8036666 solMass>, <Quantity 904039510.4703372 solMass>, <Quantity 5.071222264833389 kpc>, <Quantity 8.822141313523876 kpc>, -1, 0, 0, 0, 0, 0]
[436, 10872, <Quantity 3769.902233252064 kpc>, <Quantity 3680.9595192831175 kpc>, <Quantity 3044.7895203795983 kpc>, <Quantity 1092477573.8809457 solMass>, <Quantity 894644530.6465129 solMass>, <Quantity 5.376417270230301 kpc>, <Quantity 8.90145354085217 kpc>, -1, 0, 0, 0, 0, 0]
[439, 10871, <Quantity 3809.337793799602 kpc>, <Quantity 3538.4950552787404 kpc>, <Quantity 3901.043569441148 kpc>, <Quantity 930853094.2344023 solMass>, <Quantity 891613891.9575485 solMass>, <Quantity 5.0970141529151025 kpc>, <Quantity 5.933613557029746 kpc>, -1, 0, 0, 0, 0, 0]
[440, 10870, <Quantity 3853.0311872045736 kpc>, <Quantity 3446.00321472406 kpc>, <Quantity 3355.017148029582 kpc>, <Quantity 881579655.4039596 solMass>, <Quantity 891007764.2468144 solMass>, <Quantity 5.005444423403538 kpc>, <Quantity 8.778111904316214 kpc>, -1, 0, 0, 0, 0, 0]
[441, 10869, <Quantity 3533.245729339335 kpc>, <Quantity 3135.7614368864815 kpc>, <Quantity 3758.029006234934 kpc>, <Quantity 859107983.010265 solMass>, <Quantity 888583253.3245602 solMass>, <Quantity 4.962547866444589 kpc>, <Quantity 8.0717412366553 kpc>, -1, 0, 0, 0, 0, 0]
[442, 10868, <Quantity 3884.9665275563234 kpc>, <Quantity 3690.4572453562323 kpc>, <Quantity 3967.094989291975 kpc>, <Quantity 1015826605.2105707 solMass>, <Quantity 888583253.304934 solMass>, <Quantity 5.247615243661717 kpc>, <Quantity 8.494695582867443 kpc>, -1, 0, 0, 0, 0, 0]
[443, 10867, <Quantity 3158.771455837396 kpc>, <Quantity 3109.613341405068 kpc>, <Quantity 3410.262834029054 kpc>, <Quantity 977975005.3029283 solMass>, <Quantity 887977125.6237948 solMass>, <Quantity 5.181609843316912 kpc>, <Quantity 5.836130320433612 kpc>, -1, 0, 0, 0, 0, 0]
[444, 10866, <Quantity 3337.604446294967 kpc>, <Quantity 3581.974812172467 kpc>, <Quantity 3462.3029788912304 kpc>, <Quantity 836065305.3134692 solMass>, <Quantity 886764870.1883638 solMass>, <Quantity 4.917777298254813 kpc>, <Quantity 7.4098043455791895 kpc>, -1, 0, 0, 0, 0, 0]
[445, 10864, <Quantity 3604.1820783195685 kpc>, <Quantity 3825.564238233032 kpc>, <Quantity 3730.9692317063186 kpc>, <Quantity 921248587.4416589 solMass>, <Quantity 880400528.9835794 solMass>, <Quantity 5.079423246704041 kpc>, <Quantity 7.282296522870194 kpc>, -1, 0, 0, 0, 0, 0]
[446, 10865, <Quantity 4158.296852394143 kpc>, <Quantity 3738.8589628008303 kpc>, <Quantity 3464.0396316269666 kpc>, <Quantity 1078251854.1841753 solMass>, <Quantity 880400528.9702513 solMass>, <Quantity 5.35297886249858 kpc>, <Quantity 8.980867553511814 kpc>, -1, 0, 0, 0, 0, 0]
[447, 10863, <Quantity 3623.172585010194 kpc>, <Quantity 3513.5939747069306 kpc>, <Quantity 3683.129301592318 kpc>, <Quantity 866285202.3353038 solMass>, <Quantity 879794401.2068772 solMass>, <Quantity 4.976329047025743 kpc>, <Quantity 5.925447709517555 kpc>, -1, 0, 0, 0, 0, 0]
[448, 10862, <Quantity 3623.0379915018143 kpc>, <Quantity 3335.0114807765135 kpc>, <Quantity 3527.771339752118 kpc>, <Quantity 926680510.1337067 solMass>, <Quantity 879188273.5060952 solMass>, <Quantity 5.089386892320554 kpc>, <Quantity 6.501781936774199 kpc>, -1, 0, 0, 0, 0, 0]
[449, 10861, <Quantity 4161.881438738924 kpc>, <Quantity 3789.683930947414 kpc>, <Quantity 3117.3213908145995 kpc>, <Quantity 1005557695.8266275 solMass>, <Quantity 878279081.9179331 solMass>, <Quantity 5.229872749493731 kpc>, <Quantity 7.787169367028131 kpc>, -1, 0, 0, 0, 0, 0]
[451, 10860, <Quantity 3728.221939776111 kpc>, <Quantity 3428.419753776985 kpc>, <Quantity 3774.1267385344067 kpc>, <Quantity 860168175.1330839 solMass>, <Quantity 875854570.9492671 solMass>, <Quantity 4.964588390455749 kpc>, <Quantity 6.991761130319373 kpc>, -1, 0, 0, 0, 0, 0]
[452, 10859, <Quantity 3192.9088304715683 kpc>, <Quantity 3984.2317452942766 kpc>, <Quantity 3859.826568661354 kpc>, <Quantity 1034191361.2575079 solMass>, <Quantity 872217804.6055018 solMass>, <Quantity 5.279049802732036 kpc>, <Quantity 8.61411913572876 kpc>, -1, 0, 0, 0, 0, 0]
[454, 10857, <Quantity 3966.563832337899 kpc>, <Quantity 3506.0088536745834 kpc>, <Quantity 3658.4924404209382 kpc>, <Quantity 1020936828.1490633 solMass>, <Quantity 869490229.8209382 solMass>, <Quantity 5.256400089812619 kpc>, <Quantity 7.3008622006155255 kpc>, -1, 0, 0, 0, 0, 0]
[458, 10855, <Quantity 3429.4140285267417 kpc>, <Quantity 3709.2399316030755 kpc>, <Quantity 3597.7576470649005 kpc>, <Quantity 821245252.5474213 solMass>, <Quantity 866156527.3081801 solMass>, <Quantity 4.888546470343567 kpc>, <Quantity 5.854774466436477 kpc>, -1, 0, 0, 0, 0, 0]
[459, 10854, <Quantity 3857.31858953459 kpc>, <Quantity 3862.3320673224953 kpc>, <Quantity 4109.824361776145 kpc>, <Quantity 768733166.233438 solMass>, <Quantity 864944271.8112997 solMass>, <Quantity 4.782048724187247 kpc>, <Quantity 7.6714096874530515 kpc>, -1, 0, 0, 0, 0, 0]
[463, 10851, <Quantity 4198.502336348951 kpc>, <Quantity 3546.0218404518546 kpc>, <Quantity 3497.059912354621 kpc>, <Quantity 882647778.6734648 solMass>, <Quantity 848881886.9511296 solMass>, <Quantity 5.0074651422476615 kpc>, <Quantity 6.245842157557685 kpc>, -1, 0, 0, 0, 0, 0]
[465, 10849, <Quantity 3843.8645950372634 kpc>, <Quantity 3589.242933400215 kpc>, <Quantity 3189.7460789276465 kpc>, <Quantity 807521132.5544441 solMass>, <Quantity 847366567.6008106 solMass>, <Quantity 4.861161944982566 kpc>, <Quantity 6.740733086492722 kpc>, -1, 0, 0, 0, 0, 0]
[466, 10848, <Quantity 4138.326718276207 kpc>, <Quantity 3458.6193515043174 kpc>, <Quantity 3374.9007783712746 kpc>, <Quantity 782844621.247231 solMass>, <Quantity 846760439.8964641 solMass>, <Quantity 4.811132465890008 kpc>, <Quantity 8.532485100010634 kpc>, -1, 0, 0, 0, 0, 0]
[469, 10847, <Quantity 3915.2439040491354 kpc>, <Quantity 3172.890319003891 kpc>, <Quantity 3093.6725228361565 kpc>, <Quantity 875027626.8684093 solMass>, <Quantity 842820609.6449568 solMass>, <Quantity 4.993013177819396 kpc>, <Quantity 5.046791260183891 kpc>, -1, 0, 0, 0, 0, 0]
[471, 10846, <Quantity 3971.0936082828343 kpc>, <Quantity 3867.9620243639847 kpc>, <Quantity 3634.882688164434 kpc>, <Quantity 942605382.5075183 solMass>, <Quantity 839789971.0005735 solMass>, <Quantity 5.118374931861105 kpc>, <Quantity 9.046763837949332 kpc>, -1, 0, 0, 0, 0, 0]
[473, 10845, <Quantity 4085.2443267174353 kpc>, <Quantity 3877.8350446029367 kpc>, <Quantity 3125.006951539592 kpc>, <Quantity 865449590.2277145 solMass>, <Quantity 838577715.5420448 solMass>, <Quantity 4.9747284892555825 kpc>, <Quantity 7.137489253234137 kpc>, -1, 0, 0, 0, 0, 0]
[475, 10843, <Quantity 3883.91564071318 kpc>, <Quantity 3667.3310712008615 kpc>, <Quantity 3964.571479437675 kpc>, <Quantity 933671671.7243413 solMass>, <Quantity 835244012.999179 solMass>, <Quantity 5.102153472108468 kpc>, <Quantity 7.033740675185384 kpc>, -1, 0, 0, 0, 0, 0]
[476, 10842, <Quantity 4015.3347343525124 kpc>, <Quantity 3918.8438508767185 kpc>, <Quantity 3105.7952946519126 kpc>, <Quantity 796837653.7363257 solMass>, <Quantity 831001118.9050429 solMass>, <Quantity 4.839629031543844 kpc>, <Quantity 6.4845382076170415 kpc>, -1, 0, 0, 0, 0, 0]
[477, 10841, <Quantity 3480.8768179938734 kpc>, <Quantity 3817.2466552584783 kpc>, <Quantity 3838.373746770332 kpc>, <Quantity 781508572.0089544 solMass>, <Quantity 827061288.6633676 solMass>, <Quantity 4.808393919008528 kpc>, <Quantity 5.469072375958071 kpc>, -1, 0, 0, 0, 0, 0]
[480, 10839, <Quantity 3815.205167330545 kpc>, <Quantity 3119.2323848981464 kpc>, <Quantity 3802.2680717981016 kpc>, <Quantity 888756522.7313234 solMass>, <Quantity 823424522.238923 solMass>, <Quantity 5.018990700119549 kpc>, <Quantity 7.521947714714788 kpc>, -1, 0, 0, 0, 0, 0]
[481, 10838, <Quantity 3285.0921229809624 kpc>, <Quantity 3450.948965143004 kpc>, <Quantity 3339.4800764918264 kpc>, <Quantity 880897251.7409719 solMass>, <Quantity 823121458.4313533 solMass>, <Quantity 5.0041525698897 kpc>, <Quantity 6.528829734763675 kpc>, -1, 0, 0, 0, 0, 0]
[489, 10836, <Quantity 3927.5099456330477 kpc>, <Quantity 4091.1527702006556 kpc>, <Quantity 4009.9555075820585 kpc>, <Quantity 897571787.209088 solMass>, <Quantity 804634562.6094383 solMass>, <Quantity 5.035530007460171 kpc>, <Quantity 5.861463435575139 kpc>, -1, 0, 0, 0, 0, 0]
[490, 10834, <Quantity 3537.5428986600205 kpc>, <Quantity 3224.5238479557074 kpc>, <Quantity 3805.0258834222345 kpc>, <Quantity 846117563.1561 solMass>, <Quantity 800088604.6529431 solMass>, <Quantity 4.937408123377321 kpc>, <Quantity 6.8836393722529605 kpc>, -1, 0, 0, 0, 0, 0]
[492, 10833, <Quantity 3149.8068821279485 kpc>, <Quantity 3766.997213552856 kpc>, <Quantity 3553.0956147810684 kpc>, <Quantity 844920047.6188504 solMass>, <Quantity 799482476.89419 solMass>, <Quantity 4.935077708635419 kpc>, <Quantity 8.726693104829982 kpc>, -1, 0, 0, 0, 0, 0]
[493, 10832, <Quantity 3524.2421946077598 kpc>, <Quantity 3088.4215137877186 kpc>, <Quantity 3793.977144616646 kpc>, <Quantity 846729587.6854237 solMass>, <Quantity 798573285.3244451 solMass>, <Quantity 4.938598299429463 kpc>, <Quantity 7.281298220286536 kpc>, -1, 0, 0, 0, 0, 0]
[494, 10831, <Quantity 3818.4083274207724 kpc>, <Quantity 3654.682400074936 kpc>, <Quantity 3637.2528238925875 kpc>, <Quantity 878982959.940097 solMass>, <Quantity 795845710.4763154 solMass>, <Quantity 5.0005250731677675 kpc>, <Quantity 8.644034311310703 kpc>, -1, 0, 0, 0, 0, 0]
[495, 10830, <Quantity 3988.7038968650404 kpc>, <Quantity 4021.136001715333 kpc>, <Quantity 3084.2142555065384 kpc>, <Quantity 1007881846.178369 solMass>, <Quantity 795542646.6666561 solMass>, <Quantity 5.233898925880592 kpc>, <Quantity 9.289348588877466 kpc>, -1, 0, 0, 0, 0, 0]
[496, 10829, <Quantity 3957.997582794757 kpc>, <Quantity 3236.0525284322366 kpc>, <Quantity 3376.3585209022917 kpc>, <Quantity 811774842.3617251 solMass>, <Quantity 793421199.5941195 solMass>, <Quantity 4.869682576591765 kpc>, <Quantity 5.296776784872404 kpc>, -1, 0, 0, 0, 0, 0]
[497, 10828, <Quantity 3845.086352416372 kpc>, <Quantity 3723.7351267886334 kpc>, <Quantity 3669.4495439363304 kpc>, <Quantity 887174223.2925807 solMass>, <Quantity 790693624.8008112 solMass>, <Quantity 5.016010407411908 kpc>, <Quantity 8.720827412272982 kpc>, -1, 0, 0, 0, 0, 0]
[502, 10826, <Quantity 3514.8480720162684 kpc>, <Quantity 3390.711369233453 kpc>, <Quantity 3189.0622061449426 kpc>, <Quantity 765667981.7533861 solMass>, <Quantity 779177197.9504116 solMass>, <Quantity 4.775684406326331 kpc>, <Quantity 6.685879340385528 kpc>, -1, 0, 0, 0, 0, 0]
[503, 10825, <Quantity 4029.553118109666 kpc>, <Quantity 3608.404934584258 kpc>, <Quantity 3303.0422929919105 kpc>, <Quantity 659034891.3803855 solMass>, <Quantity 778874134.0629535 solMass>, <Quantity 4.542813697838066 kpc>, <Quantity 6.297601660289522 kpc>, -1, 0, 0, 0, 0, 0]
[504, 10824, <Quantity 3845.8576825164696 kpc>, <Quantity 3612.398757906328 kpc>, <Quantity 3926.589951301218 kpc>, <Quantity 764696530.2491363 solMass>, <Quantity 777964942.4335665 solMass>, <Quantity 4.77366381368805 kpc>, <Quantity 6.180577823298124 kpc>, -1, 0, 0, 0, 0, 0]
[505, 10823, <Quantity 3355.216884635854 kpc>, <Quantity 3352.203178815365 kpc>, <Quantity 3472.7997614415563 kpc>, <Quantity 768859551.4399229 solMass>, <Quantity 775843495.4292055 solMass>, <Quantity 4.782310777447306 kpc>, <Quantity 7.6702593529995085 kpc>, -1, 0, 0, 0, 0, 0]
[507, 10822, <Quantity 3958.6299618038065 kpc>, <Quantity 3846.8567313218723 kpc>, <Quantity 4237.402319414865 kpc>, <Quantity 937900156.6273237 solMass>, <Quantity 774328176.0559555 solMass>, <Quantity 5.109844216809922 kpc>, <Quantity 7.2828853846299335 kpc>, -1, 0, 0, 0, 0, 0]
[508, 10821, <Quantity 3639.9052054173003 kpc>, <Quantity 3733.627169691233 kpc>, <Quantity 4033.2761891257164 kpc>, <Quantity 744772644.8037493 solMass>, <Quantity 774025112.2244211 solMass>, <Quantity 4.731839763934278 kpc>, <Quantity 7.1807683154523625 kpc>, -1, 0, 0, 0, 0, 0]
[509, 10820, <Quantity 4191.734621951358 kpc>, <Quantity 3602.8051624315985 kpc>, <Quantity 3248.99628878522 kpc>, <Quantity 745307785.2457925 solMass>, <Quantity 772812856.7642871 solMass>, <Quantity 4.7329728133271995 kpc>, <Quantity 5.520562979700725 kpc>, -1, 0, 0, 0, 0, 0]
[512, 10818, <Quantity 3333.4375843754083 kpc>, <Quantity 3674.9057240024895 kpc>, <Quantity 3886.921555066918 kpc>, <Quantity 707768708.4009352 solMass>, <Quantity 764327068.5147331 solMass>, <Quantity 4.6521378659249235 kpc>, <Quantity 5.720570257768105 kpc>, -1, 0, 0, 0, 0, 0]
[513, 10817, <Quantity 4113.729816622596 kpc>, <Quantity 3510.1903652062124 kpc>, <Quantity 3350.9942293761383 kpc>, <Quantity 697192304.9412278 solMass>, <Quantity 763417876.9215709 solMass>, <Quantity 4.628848700902031 kpc>, <Quantity 6.904561977254334 kpc>, -1, 0, 0, 0, 0, 0]
[514, 10816, <Quantity 3431.8846276889594 kpc>, <Quantity 3321.4205775708597 kpc>, <Quantity 3875.8534473168543 kpc>, <Quantity 741011093.0091144 solMass>, <Quantity 762205621.4842111 solMass>, <Quantity 4.7238600982918495 kpc>, <Quantity 6.381442584677151 kpc>, -1, 0, 0, 0, 0, 0]
[516, 10815, <Quantity 4061.5851597737515 kpc>, <Quantity 4061.002663619252 kpc>, <Quantity 4157.540575875093 kpc>, <Quantity 909938905.9730737 solMass>, <Quantity 756750471.8768024 solMass>, <Quantity 5.058551805832128 kpc>, <Quantity 7.328285119138761 kpc>, -1, 0, 0, 0, 0, 0]
[517, 10814, <Quantity 3954.8620814417604 kpc>, <Quantity 4095.9658070513487 kpc>, <Quantity 3079.001206590542 kpc>, <Quantity 690757028.4829029 solMass>, <Quantity 756144344.1593498 solMass>, <Quantity 4.614562807812976 kpc>, <Quantity 5.0817614206187836 kpc>, -1, 0, 0, 0, 0, 0]
[518, 10813, <Quantity 3988.2220354044834 kpc>, <Quantity 3829.944584278622 kpc>, <Quantity 4066.4367955890157 kpc>, <Quantity 644526637.3900487 solMass>, <Quantity 755841280.2845291 solMass>, <Quantity 4.509230275136505 kpc>, <Quantity 7.212319057777626 kpc>, -1, 0, 0, 0, 0, 0]
[525, 10810, <Quantity 3976.7189605911135 kpc>, <Quantity 3888.831265922659 kpc>, <Quantity 3326.3105897493824 kpc>, <Quantity 637938063.5092002 solMass>, <Quantity 742506470.2103629 solMass>, <Quantity 4.493812650696272 kpc>, <Quantity 6.620264045679537 kpc>, -1, 0, 0, 0, 0, 0]
[526, 10808, <Quantity 3644.8955702801773 kpc>, <Quantity 3722.263122640133 kpc>, <Quantity 4021.7587858770617 kpc>, <Quantity 902216801.5451776 solMass>, <Quantity 738869703.8203146 solMass>, <Quantity 5.044201505523739 kpc>, <Quantity 5.786717588542342 kpc>, -1, 0, 0, 0, 0, 0]
[527, 10809, <Quantity 3807.0830001095374 kpc>, <Quantity 4035.3448469694304 kpc>, <Quantity 3770.051788229799 kpc>, <Quantity 659364819.7792466 solMass>, <Quantity 738869703.8150346 solMass>, <Quantity 4.543571651236646 kpc>, <Quantity 6.007459075570502 kpc>, -1, 0, 0, 0, 0, 0]
[528, 10806, <Quantity 3691.2079785888936 kpc>, <Quantity 3764.6835790830373 kpc>, <Quantity 4142.293269399761 kpc>, <Quantity 734835769.6905766 solMass>, <Quantity 737960512.2006699 solMass>, <Quantity 4.710701152107576 kpc>, <Quantity 7.180214667558755 kpc>, -1, 0, 0, 0, 0, 0]
[530, 10805, <Quantity 3661.5523058203153 kpc>, <Quantity 3345.6604636573943 kpc>, <Quantity 3747.6093293163726 kpc>, <Quantity 580045018.2090594 solMass>, <Quantity 737354384.4694983 solMass>, <Quantity 4.353541522675123 kpc>, <Quantity 8.737921478480802 kpc>, -1, 0, 0, 0, 0, 0]
[533, 10804, <Quantity 4142.058906950181 kpc>, <Quantity 3284.5881164336806 kpc>, <Quantity 4187.91175405334 kpc>, <Quantity 655937479.7773354 solMass>, <Quantity 733414554.2218245 solMass>, <Quantity 4.535685564502788 kpc>, <Quantity 7.327133490737839 kpc>, -1, 0, 0, 0, 0, 0]
[534, 10803, <Quantity 3708.859483000173 kpc>, <Quantity 3590.576655265298 kpc>, <Quantity 3014.3918125371806 kpc>, <Quantity 691531840.2386013 solMass>, <Quantity 732505362.63172 solMass>, <Quantity 4.616287524978493 kpc>, <Quantity 5.040162778976546 kpc>, -1, 0, 0, 0, 0, 0]
[537, 10801, <Quantity 3539.29519051758 kpc>, <Quantity 3701.8487532971294 kpc>, <Quantity 3653.504108417827 kpc>, <Quantity 661347594.4184124 solMass>, <Quantity 724625702.1436454 solMass>, <Quantity 4.548121415511496 kpc>, <Quantity 5.28156381867538 kpc>, -1, 0, 0, 0, 0, 0]
[539, 10799, <Quantity 3947.4186335234963 kpc>, <Quantity 3832.764138213974 kpc>, <Quantity 4234.827860191532 kpc>, <Quantity 745923819.8248541 solMass>, <Quantity 720988935.7623826 solMass>, <Quantity 4.7342764680157075 kpc>, <Quantity 5.330091305038267 kpc>, -1, 0, 0, 0, 0, 0]
[540, 10798, <Quantity 4077.756539881061 kpc>, <Quantity 3222.234941410959 kpc>, <Quantity 3736.094171436068 kpc>, <Quantity 662737449.5293682 solMass>, <Quantity 719473616.4139869 solMass>, <Quantity 4.551305221265877 kpc>, <Quantity 6.435134446144061 kpc>, -1, 0, 0, 0, 0, 0]
[542, 10797, <Quantity 3664.3125268736853 kpc>, <Quantity 3507.639659571083 kpc>, <Quantity 3021.5575015150066 kpc>, <Quantity 700624965.2004392 solMass>, <Quantity 717655233.2464622 solMass>, <Quantity 4.6364330544942485 kpc>, <Quantity 6.7072230060644795 kpc>, -1, 0, 0, 0, 0, 0]
[543, 10796, <Quantity 4110.441300412953 kpc>, <Quantity 3686.796817453984 kpc>, <Quantity 3029.8539877814896 kpc>, <Quantity 676322175.9875832 solMass>, <Quantity 717352169.3882289 solMass>, <Quantity 4.582192532065542 kpc>, <Quantity 6.012586201407211 kpc>, -1, 0, 0, 0, 0, 0]
[546, 10795, <Quantity 3900.314971502676 kpc>, <Quantity 3485.4148139489753 kpc>, <Quantity 3940.9666045969498 kpc>, <Quantity 637766374.6354616 solMass>, <Quantity 715230722.2745385 solMass>, <Quantity 4.493409473176822 kpc>, <Quantity 5.049242339952221 kpc>, -1, 0, 0, 0, 0, 0]
[548, 10793, <Quantity 3223.120517177854 kpc>, <Quantity 3911.67086655883 kpc>, <Quantity 3948.7201409348536 kpc>, <Quantity 713554822.2520882 solMass>, <Quantity 713412339.1251992 solMass>, <Quantity 4.664780780687818 kpc>, <Quantity 5.228116477319705 kpc>, -1, 0, 0, 0, 0, 0]
[549, 10792, <Quantity 3816.508277044841 kpc>, <Quantity 3667.793120087194 kpc>, <Quantity 3898.7059303739834 kpc>, <Quantity 1123816509.9341917 solMass>, <Quantity 713109275.2619683 solMass>, <Quantity 5.427342883974356 kpc>, <Quantity 7.056811699030628 kpc>, -1, 0, 0, 0, 0, 0]
[551, 10790, <Quantity 3981.3750266015686 kpc>, <Quantity 3297.426075739809 kpc>, <Quantity 3481.44844803655 kpc>, <Quantity 670723065.3531308 solMass>, <Quantity 711290892.0619748 solMass>, <Quantity 4.569512514648143 kpc>, <Quantity 5.935599727205665 kpc>, -1, 0, 0, 0, 0, 0]
[552, 10789, <Quantity 3744.04979408608 kpc>, <Quantity 3530.8314319813085 kpc>, <Quantity 3638.8974023333803 kpc>, <Quantity 680762669.7672344 solMass>, <Quantity 710987828.1874652 solMass>, <Quantity 4.592199019618987 kpc>, <Quantity 6.643648466278534 kpc>, -1, 0, 0, 0, 0, 0]
[553, 10788, <Quantity 3770.4298436282743 kpc>, <Quantity 3637.878904148595 kpc>, <Quantity 3635.257583404222 kpc>, <Quantity 640284021.3354299 solMass>, <Quantity 709472508.8540541 solMass>, <Quantity 4.499314437952837 kpc>, <Quantity 8.574562253441956 kpc>, -1, 0, 0, 0, 0, 0]
[554, 10785, <Quantity 3495.005029961532 kpc>, <Quantity 3917.143565972434 kpc>, <Quantity 3850.9985772574637 kpc>, <Quantity 641456987.1796098 solMass>, <Quantity 701289784.5208815 solMass>, <Quantity 4.502060262479546 kpc>, <Quantity 4.844112099520324 kpc>, -1, 0, 0, 0, 0, 0]
[555, 10784, <Quantity 3641.096024468456 kpc>, <Quantity 3935.986072305502 kpc>, <Quantity 3855.3875982899835 kpc>, <Quantity 653763424.0897583 solMass>, <Quantity 699168337.4339255 solMass>, <Quantity 4.530668954567339 kpc>, <Quantity 5.296260166067868 kpc>, -1, 0, 0, 0, 0, 0]
[559, 10782, <Quantity 4154.819622077857 kpc>, <Quantity 3210.315786443876 kpc>, <Quantity 3370.1269036567874 kpc>, <Quantity 802849151.0864167 solMass>, <Quantity 695531571.0640181 solMass>, <Quantity 4.851768919740492 kpc>, <Quantity 7.088389070912554 kpc>, -1, 0, 0, 0, 0, 0]
[561, 10779, <Quantity 3277.9744977494042 kpc>, <Quantity 3178.261036378188 kpc>, <Quantity 3387.9405551098166 kpc>, <Quantity 746765191.0969064 solMass>, <Quantity 693107060.1766789 solMass>, <Quantity 4.736055821968512 kpc>, <Quantity 6.123678595433942 kpc>, -1, 0, 0, 0, 0, 0]
[562, 10780, <Quantity 3248.2911513499853 kpc>, <Quantity 3402.5004034960207 kpc>, <Quantity 3348.9545352144355 kpc>, <Quantity 750618935.0556946 solMass>, <Quantity 693107060.1679143 solMass>, <Quantity 4.744188784522723 kpc>, <Quantity 4.800665300105789 kpc>, -1, 0, 0, 0, 0, 0]
[563, 10778, <Quantity 3644.919854146448 kpc>, <Quantity 3488.9927611727608 kpc>, <Quantity 3014.3056632193116 kpc>, <Quantity 777553606.0645334 solMass>, <Quantity 691894804.6901882 solMass>, <Quantity 4.800268947598947 kpc>, <Quantity 7.945702298437402 kpc>, -1, 0, 0, 0, 0, 0]
[566, 10776, <Quantity 3996.8854257792004 kpc>, <Quantity 3644.5520885307765 kpc>, <Quantity 3138.801847269734 kpc>, <Quantity 602900692.1447163 solMass>, <Quantity 687954974.4454834 solMass>, <Quantity 4.409987766739574 kpc>, <Quantity 6.263339339946679 kpc>, -1, 0, 0, 0, 0, 0]
[567, 10775, <Quantity 3972.626737827539 kpc>, <Quantity 3623.3506727415797 kpc>, <Quantity 3697.1495106701645 kpc>, <Quantity 570891089.7742945 solMass>, <Quantity 686136591.2386063 solMass>, <Quantity 4.330518306575243 kpc>, <Quantity 6.28056346757878 kpc>, -1, 0, 0, 0, 0, 0]
