yt : [INFO     ] 2017-07-25 12:01:23,538 Parameters: current_time              = 6.86908768053e+16
yt : [INFO     ] 2017-07-25 12:01:23,539 Parameters: domain_dimensions         = [2 2 2]
yt : [INFO     ] 2017-07-25 12:01:23,539 Parameters: domain_left_edge          = [ 0.  0.  0.]
yt : [INFO     ] 2017-07-25 12:01:23,540 Parameters: domain_right_edge         = [  3.33803288e+25   3.33803288e+25   3.33803288e+25]
yt : [INFO     ] 2017-07-25 12:01:23,540 Parameters: cosmological_simulation   = 1
yt : [INFO     ] 2017-07-25 12:01:23,540 Parameters: current_redshift          = 2.99999998342
yt : [INFO     ] 2017-07-25 12:01:23,540 Parameters: omega_lambda              = 0.712
yt : [INFO     ] 2017-07-25 12:01:23,540 Parameters: omega_matter              = 0.288
yt : [INFO     ] 2017-07-25 12:01:23,540 Parameters: hubble_constant           = 0.6933
yt : [INFO     ] 2017-07-25 12:01:23,594 Parameters: current_time              = 289.00812298615
yt : [INFO     ] 2017-07-25 12:01:23,594 Parameters: domain_dimensions         = [128 128 128]
yt : [INFO     ] 2017-07-25 12:01:23,594 Parameters: domain_left_edge          = [ 0.  0.  0.]
yt : [INFO     ] 2017-07-25 12:01:23,595 Parameters: domain_right_edge         = [ 1.  1.  1.]
yt : [INFO     ] 2017-07-25 12:01:23,595 Parameters: cosmological_simulation   = 1
yt : [INFO     ] 2017-07-25 12:01:23,595 Parameters: current_redshift          = 2.9999999834205
yt : [INFO     ] 2017-07-25 12:01:23,595 Parameters: omega_lambda              = 0.712
yt : [INFO     ] 2017-07-25 12:01:23,595 Parameters: omega_matter              = 0.288
yt : [INFO     ] 2017-07-25 12:01:23,595 Parameters: hubble_constant           = 0.6933
yt : [INFO     ] 2017-07-25 12:01:23,598 Allocating for 1.047e+04 particles (index particle type 'all')
yt : [INFO     ] 2017-07-25 12:01:23,604 Identified 3.665e+03 octs
IsSatellite
IsSatellite
IsSatellite
IsSatellite
180 4.140857627335561 solMass / solMass
IsSatellite
185 16.209555072272032 solMass / solMass
188 4.098951840151738 solMass / solMass
IsSatellite
195 5.4366583191069795 solMass / solMass
198 24.239842575430973 solMass / solMass
200 1.1854468117670147 solMass / solMass
204 2.2685296796119085 solMass / solMass
IsSatellite
209 45.618289861684744 solMass / solMass
213 6.101960119739426 solMass / solMass
214 1.2990259581581622 solMass / solMass
230 23832.505780803116 solMass / solMass
IsSatellite
234 1.3530087542064886 solMass / solMass
236 35.7137369399417 solMass / solMass
250 50.035378352210074 solMass / solMass
251 69.38969311082856 solMass / solMass
257 6.7969256155935955 solMass / solMass
261 14.036582184573653 solMass / solMass
264 17.842338409646068 solMass / solMass
266 0.5460992862982843 solMass / solMass
276 8.500229813019837 solMass / solMass
280 3.813362560838226 solMass / solMass
281 8.886949532055542 solMass / solMass
282 4.824739010578328 solMass / solMass
290 27.39022548937275 solMass / solMass
291 4.002118613117461 solMass / solMass
294 23.585868180757306 solMass / solMass
295 22.4434408647176 solMass / solMass
297 22.472648904717033 solMass / solMass
302 25.35454887936285 solMass / solMass
303 26.286762814598067 solMass / solMass
304 51.444864809095954 solMass / solMass
308 25.480863912424493 solMass / solMass
310 14.964644222177277 solMass / solMass
311 5.676875021099347 solMass / solMass
314 2.2081638952574165 solMass / solMass
IsSatellite
319 14.056415319223643 solMass / solMass
IsSatellite
327 147.42435992366012 solMass / solMass
329 94.11767095937248 solMass / solMass
330 6.636290889580313 solMass / solMass
332 6.375542760193745 solMass / solMass
339 63.43487834690675 solMass / solMass
340 85.64971447000586 solMass / solMass
345 7.24945848433633 solMass / solMass
350 24.250397095704557 solMass / solMass
359 22.443623839162214 solMass / solMass
361 29.35134921387332 solMass / solMass
363 103.91244985529946 solMass / solMass
365 166.48949861547845 solMass / solMass
368 32.36661134878103 solMass / solMass
371 142.42213140120805 solMass / solMass
373 175.067608671202 solMass / solMass
377 20.420939018918116 solMass / solMass
379 31.77953822886824 solMass / solMass
381 151.7977066231885 solMass / solMass
384 1.649605843017341 solMass / solMass
386 104.99423510807352 solMass / solMass
387 1.6521337073560496 solMass / solMass
388 4.000674859485781 solMass / solMass
389 2.4905829617595727 solMass / solMass
390 9.282196448883086 solMass / solMass
391 209.94855416443073 solMass / solMass
395 48.431254517149306 solMass / solMass
IsSatellite
400 2.163338124339844 solMass / solMass
401 3.2128817746544405 solMass / solMass
408 32.47791586715784 solMass / solMass
411 1.8481668584036473 solMass / solMass
413 44.90476042731882 solMass / solMass
428 43.15309878637939 solMass / solMass
429 1.4737660056773518 solMass / solMass
447 15.98143395536302 solMass / solMass
449 158.1409612594458 solMass / solMass
453 335.02928523827916 solMass / solMass
454 23.868119178072025 solMass / solMass
455 24.366659354148187 solMass / solMass
458 39.87484695023137 solMass / solMass
461 11.319032881180098 solMass / solMass
462 11.801911869014093 solMass / solMass
467 267.4789908957307 solMass / solMass
473 53.52222823905439 solMass / solMass
486 298.5681118170156 solMass / solMass
490 9.303239293551183 solMass / solMass
496 32.73768359127123 solMass / solMass
503 54.56391019170385 solMass / solMass
512 7.646844237801718 solMass / solMass
IsSatellite
514 122.42774533529852 solMass / solMass
520 5.159181100690528 solMass / solMass
522 22.67171333401083 solMass / solMass
523 9.387849314181329 solMass / solMass
526 1.6577824635814962 solMass / solMass
528 364.53434538039625 solMass / solMass
529 4.136776829862644 solMass / solMass
530 396.6606563654272 solMass / solMass
531 78.16814281999996 solMass / solMass
534 5.892736422336579 solMass / solMass
540 6.792396383633243 solMass / solMass
549 18.71765001589011 solMass / solMass
550 12.50016970506268 solMass / solMass
551 74.45009420021609 solMass / solMass
552 3.952360207031863 solMass / solMass
557 75.80372972214718 solMass / solMass
567 3.022513423816594 solMass / solMass
585 393.6531315536261 solMass / solMass
592 67.75389610760892 solMass / solMass
593 15.800350614087488 solMass / solMass
594 24.99269242364878 solMass / solMass
596 543.9443113216507 solMass / solMass
598 420.6225093862132 solMass / solMass
604 49.47388754338159 solMass / solMass
IsSatellite
609 181.61087912525423 solMass / solMass
610 525.4276117820826 solMass / solMass
IsSatellite
620 368.75801818155816 solMass / solMass
624 127.4950330391949 solMass / solMass
625 367.6619968377146 solMass / solMass
626 92.54172204307483 solMass / solMass
629 31.772204596466132 solMass / solMass
638 163.74307320656592 solMass / solMass
640 23.39980253736853 solMass / solMass
642 109.18099868470014 solMass / solMass
645 564.7272027766493 solMass / solMass
651 515.5341172588542 solMass / solMass
655 47.7741860556153 solMass / solMass
657 18.591561183138243 solMass / solMass
658 121.34410806676836 solMass / solMass
659 32.38536800334956 solMass / solMass
660 557.2074994806879 solMass / solMass
661 4.944479093034671 solMass / solMass
663 2.5581504294508073 solMass / solMass
664 13.966561838332396 solMass / solMass
668 592.4117059604107 solMass / solMass
671 12.919270039978693 solMass / solMass
679 65.18348850141717 solMass / solMass
680 13.793012849781107 solMass / solMass
685 758.2561872655784 solMass / solMass
686 577.8411528090043 solMass / solMass
691 35.08771330747 solMass / solMass
IsSatellite
697 4.920405447473976 solMass / solMass
699 73.7967348364259 solMass / solMass
700 1.247225942857635 solMass / solMass
702 221.4588110820137 solMass / solMass
707 50.80799842518713 solMass / solMass
708 90.91343560579845 solMass / solMass
IsSatellite
713 483.51574269788955 solMass / solMass
714 468.1258342152841 solMass / solMass
715 30.18224677354864 solMass / solMass
720 19.67979686373177 solMass / solMass
722 13.259736309059065 solMass / solMass
729 227.76694602439673 solMass / solMass
730 128.25550649959376 solMass / solMass
731 733.4981155926386 solMass / solMass
732 11.476210067293414 solMass / solMass
733 43.03786856847225 solMass / solMass
735 3.994802255311297 solMass / solMass
742 38.08992733791733 solMass / solMass
745 22.2240424076694 solMass / solMass
747 115.42404065485023 solMass / solMass
757 781.5755028261807 solMass / solMass
759 181.66575160695882 solMass / solMass
761 20.87186987594426 solMass / solMass
764 836.4482786595296 solMass / solMass
765 3.90359210025869 solMass / solMass
767 596.4551158691237 solMass / solMass
768 49.35323096988638 solMass / solMass
770 690.8071400999081 solMass / solMass
771 10.328969627149645 solMass / solMass
772 7.526485422920427 solMass / solMass
776 3.857986752407892 solMass / solMass
777 19.879849316443618 solMass / solMass
785 884.9700992419139 solMass / solMass
787 3.7592532873966724 solMass / solMass
789 1.7022103015348307 solMass / solMass
793 2.1323878936725 solMass / solMass
794 16.594679429955754 solMass / solMass
797 39.818111379038776 solMass / solMass
803 486.5509407067364 solMass / solMass
805 118.04018132443123 solMass / solMass
806 22.13128813097462 solMass / solMass
807 14.592685918703998 solMass / solMass
811 6.182220928054642 solMass / solMass
815 1011.1237996012582 solMass / solMass
823 59.8715655778801 solMass / solMass
831 1004.8050849916194 solMass / solMass
833 204.3607293608328 solMass / solMass
834 15.980846865585887 solMass / solMass
835 603.7812579761775 solMass / solMass
836 39.053269828411246 solMass / solMass
839 5.503710911391291 solMass / solMass
840 678.014798130759 solMass / solMass
843 233.49872285493996 solMass / solMass
844 25.227678164450225 solMass / solMass
848 892.3055550372623 solMass / solMass
853 40.32163523159072 solMass / solMass
864 5.913877156126962 solMass / solMass
865 199.85550328345198 solMass / solMass
868 179.27984083672752 solMass / solMass
871 8.356742910294251 solMass / solMass
873 95.01422215907104 solMass / solMass
877 34.21582214692507 solMass / solMass
878 48.327402560988375 solMass / solMass
879 644.3126251571118 solMass / solMass
881 35.33432794237424 solMass / solMass
883 56.45885121301394 solMass / solMass
885 21.29807194690752 solMass / solMass
889 58.3628561282686 solMass / solMass
902 601.1925582360749 solMass / solMass
904 108.20541863414292 solMass / solMass
905 31.20880972712394 solMass / solMass
906 141.33015723652866 solMass / solMass
909 87.04354825315197 solMass / solMass
910 28.71997982645991 solMass / solMass
911 16.041781291264193 solMass / solMass
912 197.18384931398245 solMass / solMass
913 36.209465160693796 solMass / solMass
915 217.34029920119588 solMass / solMass
922 26.33516963384767 solMass / solMass
925 38.16154778427247 solMass / solMass
928 270.44615891034107 solMass / solMass
930 55.908177557747365 solMass / solMass
932 204.3351655250928 solMass / solMass
IsSatellite
935 891.8040728414734 solMass / solMass
938 134.67505212091197 solMass / solMass
942 9.481326274771806 solMass / solMass
944 161.1433533700296 solMass / solMass
952 57.42013473892693 solMass / solMass
IsSatellite
957 60.759867812937934 solMass / solMass
IsSatellite
960 64.93733126021927 solMass / solMass
964 33.68529417859004 solMass / solMass
970 22.167372813775614 solMass / solMass
972 16.820798026796584 solMass / solMass
974 180.4989760094488 solMass / solMass
980 20.586195973695684 solMass / solMass
983 197.6407984552908 solMass / solMass
988 46.49771090982434 solMass / solMass
992 204.4078516984415 solMass / solMass
994 64.74629000877617 solMass / solMass
995 210.9856224875321 solMass / solMass
999 0.7048579123070359 solMass / solMass
1001 9.171977981306984 solMass / solMass
1007 1288.479578636729 solMass / solMass
1017 183.419219259537 solMass / solMass
1021 178.9735883599205 solMass / solMass
1022 1100.9512362651492 solMass / solMass
1024 102.3332828374143 solMass / solMass
1026 67.46079825882431 solMass / solMass
1029 69.75778955615534 solMass / solMass
1031 13.305238285646672 solMass / solMass
1033 256.7387994962956 solMass / solMass
1037 7.285383528057583 solMass / solMass
1038 13.485154503602491 solMass / solMass
1039 1204.5674777571871 solMass / solMass
1040 189.55334754725524 solMass / solMass
1042 273.98776125333745 solMass / solMass
1044 811.4007441161076 solMass / solMass
1047 31.71184478489913 solMass / solMass
1051 1.399551682850737 solMass / solMass
1052 173.9812524625998 solMass / solMass
1057 13.692550224453111 solMass / solMass
1061 17.233510132573603 solMass / solMass
1062 134.01035758393215 solMass / solMass
1064 4.666753457373278 solMass / solMass
1066 100.53858734932109 solMass / solMass
IsSatellite
1071 67.66959063325788 solMass / solMass
1072 285.2049205524019 solMass / solMass
1076 214.63280952401863 solMass / solMass
1077 758.7628223015925 solMass / solMass
1079 31.39101598660661 solMass / solMass
1081 207.21856097930504 solMass / solMass
1083 39.534784029386365 solMass / solMass
1087 13.970378053012865 solMass / solMass
1089 20.916688786484823 solMass / solMass
1097 13.727174354841022 solMass / solMass
1103 1090.912654867245 solMass / solMass
1105 36.77297019324858 solMass / solMass
1111 1272.818937169818 solMass / solMass
1113 213.92469465526293 solMass / solMass
1114 69.45406986695139 solMass / solMass
1116 471.5992697492764 solMass / solMass
1117 315.62738467661654 solMass / solMass
1118 14.736818881250784 solMass / solMass
1120 11.581823927665676 solMass / solMass
1122 238.2153110636393 solMass / solMass
IsSatellite
1128 40.54871445113209 solMass / solMass
1129 43.7568781032409 solMass / solMass
1130 305.9362051171207 solMass / solMass
1131 187.83738211491402 solMass / solMass
1135 60.01374777702492 solMass / solMass
1136 54.378364298169636 solMass / solMass
IsSatellite
1139 1388.8122930103814 solMass / solMass
1140 5.558662059861199 solMass / solMass
1144 29.14979835441265 solMass / solMass
1145 171.93163091132297 solMass / solMass
1146 216.66959121685346 solMass / solMass
1148 361.4310613299284 solMass / solMass
1149 17.494563162819098 solMass / solMass
1159 21.764719848627028 solMass / solMass
1160 17.717036561859718 solMass / solMass
1162 760.7933099303818 solMass / solMass
1166 294.52485341400325 solMass / solMass
1172 170.32187014164722 solMass / solMass
1173 45.08266127450703 solMass / solMass
1184 146.28182430506968 solMass / solMass
1195 16.434106169457593 solMass / solMass
1200 872.4158907606674 solMass / solMass
1202 282.96972072033407 solMass / solMass
1205 245.1002721688081 solMass / solMass
1210 1186.3448429332263 solMass / solMass
1213 192.6037526524897 solMass / solMass
1216 156.22236252873046 solMass / solMass
1219 34.09989713684132 solMass / solMass
1221 65.27993657580011 solMass / solMass
1222 40.424250194660395 solMass / solMass
1224 20.472156570819347 solMass / solMass
1227 460.228147459002 solMass / solMass
1232 1.925724610454591 solMass / solMass
1233 10.02266411129849 solMass / solMass
1234 78.19856041476875 solMass / solMass
1236 84.88610176237131 solMass / solMass
1243 113.82158658880014 solMass / solMass
1244 80.89281583967417 solMass / solMass
1245 69.73464894915816 solMass / solMass
1246 229.26799488024184 solMass / solMass
1249 1574.788546362979 solMass / solMass
1250 19.9106233152615 solMass / solMass
1251 23.41109442347175 solMass / solMass
1254 144.08007746573676 solMass / solMass
1256 1579.9226500114723 solMass / solMass
1258 201.6305762134113 solMass / solMass
1261 46.61377885833065 solMass / solMass
1262 1285.637092542371 solMass / solMass
1263 285.3734839626733 solMass / solMass
1266 858.1079109910168 solMass / solMass
1269 296.8260651602979 solMass / solMass
1270 1851.7462252960695 solMass / solMass
1271 343.7566680045231 solMass / solMass
1272 332.584959685824 solMass / solMass
1273 1823.1241119166943 solMass / solMass
1275 35.382299703492365 solMass / solMass
IsSatellite
1279 106.98183252815289 solMass / solMass
1282 1346.2667037705505 solMass / solMass
1286 48.92128264815207 solMass / solMass
1287 44.583416812010285 solMass / solMass
1289 43.691894381163564 solMass / solMass
1296 140.80284916342265 solMass / solMass
1300 18.825715264871864 solMass / solMass
1307 209.6241396457458 solMass / solMass
1309 58.491062649597254 solMass / solMass
1310 96.15213561831946 solMass / solMass
1313 19.11733831728366 solMass / solMass
1316 6.289734720570745 solMass / solMass
1317 44.92484352036861 solMass / solMass
1318 1229.3042181720512 solMass / solMass
1319 42.162882160958716 solMass / solMass
1330 93.02509303017779 solMass / solMass
1331 9.229235220687512 solMass / solMass
1332 27.554810728143657 solMass / solMass
1336 1988.0655713400306 solMass / solMass
1342 159.19296904357296 solMass / solMass
1343 15.400692805146244 solMass / solMass
1346 83.98798094474391 solMass / solMass
1348 89.32212715822891 solMass / solMass
1353 56.802057690411324 solMass / solMass
1356 213.63609224976062 solMass / solMass
1360 5.183564692501671 solMass / solMass
1364 2221.935640442433 solMass / solMass
1366 11.2592917778813 solMass / solMass
1368 45.95402587581626 solMass / solMass
1369 197.2519664502847 solMass / solMass
1370 80.0626276910012 solMass / solMass
1374 0.0 solMass / solMass
1377 2074.4300739206424 solMass / solMass
1379 2.425218526112392 solMass / solMass
1382 12.330668641329678 solMass / solMass
1390 80.69291363733697 solMass / solMass
1394 19.225439034955794 solMass / solMass
1395 398.09264177328896 solMass / solMass
1396 32.75829443647777 solMass / solMass
1397 60.33662283307452 solMass / solMass
1399 17.167693827102944 solMass / solMass
1402 23.696917574978794 solMass / solMass
1412 337.4785239916295 solMass / solMass
1414 16.864840009264718 solMass / solMass
IsSatellite
1417 5.6932159299400436 solMass / solMass
1420 109.96797491321212 solMass / solMass
1421 30.334667568038736 solMass / solMass
1422 9.69385850303946 solMass / solMass
1423 211.46241972647277 solMass / solMass
1424 12.165251209555862 solMass / solMass
1425 2.1708931012305066 solMass / solMass
1427 1442.6536892940162 solMass / solMass
1430 26.990181293413343 solMass / solMass
1433 190.93711000976933 solMass / solMass
1437 1930.9612883502718 solMass / solMass
1438 11.13446570826557 solMass / solMass
1439 125.06437729381061 solMass / solMass
1440 303.25546729130343 solMass / solMass
1445 27.90127315904966 solMass / solMass
1447 297.8703507000823 solMass / solMass
1448 19.49802909624047 solMass / solMass
1450 81.05014575015652 solMass / solMass
1456 40.032124860006576 solMass / solMass
1459 84.08987802310186 solMass / solMass
IsSatellite
1467 311.8410062506053 solMass / solMass
1471 1428.2766887111782 solMass / solMass
1473 381.03176054540535 solMass / solMass
1479 119.11407927020208 solMass / solMass
1482 57.68563534846771 solMass / solMass
1484 25.617998664833028 solMass / solMass
1485 7.005065418074973 solMass / solMass
1488 4.348026284699523 solMass / solMass
1489 93.83702586320675 solMass / solMass
IsSatellite
1493 25.129430561382215 solMass / solMass
1496 106.59218739821007 solMass / solMass
1497 283.285539026197 solMass / solMass
1501 1371.408856447877 solMass / solMass
1511 49.55547810093579 solMass / solMass
IsSatellite
1517 55.63694023781266 solMass / solMass
IsSatellite
1526 64.7969659693992 solMass / solMass
1527 19.8886609155836 solMass / solMass
1531 271.9799585433588 solMass / solMass
1532 12.209998191829618 solMass / solMass
1536 1625.678909742893 solMass / solMass
1538 211.31903249559392 solMass / solMass
1539 23.51108522110637 solMass / solMass
1541 1988.9714774659299 solMass / solMass
1546 216.8625982511046 solMass / solMass
1549 394.0054531698207 solMass / solMass
1550 39.71567213935518 solMass / solMass
1552 25.222590895754376 solMass / solMass
1553 1926.0319312811098 solMass / solMass
1554 604.4196674821171 solMass / solMass
IsSatellite
IsSatellite
1559 124.475979881259 solMass / solMass
1561 319.3331209281211 solMass / solMass
1563 1928.9194433435146 solMass / solMass
1566 378.4118822138074 solMass / solMass
1567 322.4277174455713 solMass / solMass
1568 1808.7356425209293 solMass / solMass
1571 1124.298129126972 solMass / solMass
1572 460.2050476385482 solMass / solMass
1573 1508.0249119822759 solMass / solMass
1575 2530.979375939835 solMass / solMass
1576 420.69038962103457 solMass / solMass
1578 309.31820953045855 solMass / solMass
1581 1734.2102716116915 solMass / solMass
1582 49.778144355049655 solMass / solMass
1588 23.80172992577607 solMass / solMass
IsSatellite
1593 1410.7209707078616 solMass / solMass
1595 2101.3954205884593 solMass / solMass
1597 578.5366009847664 solMass / solMass
1600 1736.1468761125193 solMass / solMass
1604 39.49589045029878 solMass / solMass
1614 402.685674058184 solMass / solMass
1618 136.55563787071767 solMass / solMass
1621 194.33793033786924 solMass / solMass
1622 114.14990220006136 solMass / solMass
1628 3.8980121290361587 solMass / solMass
1630 11.024877112712016 solMass / solMass
1631 41.52016424351816 solMass / solMass
1635 7.1932740001623 solMass / solMass
1638 255.42003919595527 solMass / solMass
1639 82.43806608843822 solMass / solMass
1644 399.26722200152494 solMass / solMass
1647 243.29461546196765 solMass / solMass
1654 75.97612753938031 solMass / solMass
1658 32.45704068217969 solMass / solMass
1660 339.65955536628553 solMass / solMass
1661 5053.832860322193 solMass / solMass
1665 1995.8432620974331 solMass / solMass
1666 49.92741858825455 solMass / solMass
1667 43.6126128552666 solMass / solMass
1669 31.09924520382237 solMass / solMass
1672 52.82044877891364 solMass / solMass
1673 56.062796151995784 solMass / solMass
1676 2727.5128602146515 solMass / solMass
1677 105.03739911411918 solMass / solMass
1678 27.719846334076113 solMass / solMass
1680 297.57781519098944 solMass / solMass
1684 573.8141857745069 solMass / solMass
1687 83.29160110800262 solMass / solMass
1690 408.524749805278 solMass / solMass
1691 33.92883449549071 solMass / solMass
1697 85.19384587517654 solMass / solMass
1705 393.2519865515964 solMass / solMass
1716 269.29325747845604 solMass / solMass
1731 472.6216809195213 solMass / solMass
1735 443.9858399525352 solMass / solMass
1736 13.82685555922722 solMass / solMass
1737 66.80592303028389 solMass / solMass
1739 144.44573953023018 solMass / solMass
1742 80.84419619252303 solMass / solMass
1743 144.4352087681123 solMass / solMass
IsSatellite
1745 25.264113505871016 solMass / solMass
1746 2447.2378525729173 solMass / solMass
1748 393.1685798027986 solMass / solMass
IsSatellite
1756 15.323923589654195 solMass / solMass
1764 1475.4538485310923 solMass / solMass
1766 11.584412041031566 solMass / solMass
1769 407.7253252912609 solMass / solMass
1772 7.211785754917224 solMass / solMass
1774 704.1547421542599 solMass / solMass
1779 133.56893694089482 solMass / solMass
1780 0.0 solMass / solMass
1782 587.9006850077897 solMass / solMass
1784 223.08314555271238 solMass / solMass
1786 2224.221230576326 solMass / solMass
1790 16.184005205467173 solMass / solMass
1791 2760.9010339693455 solMass / solMass
1792 50.43068101656994 solMass / solMass
IsSatellite
1797 546.4139099887328 solMass / solMass
1799 2012.9793420154142 solMass / solMass
1801 115.66382523810088 solMass / solMass
1802 156.20177783299417 solMass / solMass
1806 56.40855013758451 solMass / solMass
1809 103.34165121958354 solMass / solMass
1810 2681.944710964205 solMass / solMass
1813 20.742640261181215 solMass / solMass
1820 2050.5690828525335 solMass / solMass
1821 432.74414978273285 solMass / solMass
1822 241.05312761194352 solMass / solMass
IsSatellite
1825 1710.0716282434557 solMass / solMass
1827 406.2442853978915 solMass / solMass
IsSatellite
1844 0.8148756503372465 solMass / solMass
1845 619.6473019447018 solMass / solMass
1848 652.9550655706821 solMass / solMass
HaloMassEqualZero
IsSatellite
1852 299.18572487454855 solMass / solMass
1854 44.849294829766954 solMass / solMass
1855 310.1301081797957 solMass / solMass
1856 0.0 solMass / solMass
1858 707.5475526173989 solMass / solMass
1859 377.457092809322 solMass / solMass
1862 1601.859223794618 solMass / solMass
1864 306.5452933375135 solMass / solMass
1867 3207.1057555986467 solMass / solMass
1868 510.1191398428055 solMass / solMass
1869 1901.886151137538 solMass / solMass
1870 170.31469027774165 solMass / solMass
1871 13.728907495492622 solMass / solMass
1872 18.293609774732925 solMass / solMass
1874 36.18551276542361 solMass / solMass
1877 302.9260417163132 solMass / solMass
1878 53.958407834091645 solMass / solMass
1879 39.56837861974144 solMass / solMass
1880 210.73091658050762 solMass / solMass
1881 14.574928178771938 solMass / solMass
1883 2387.2521307767956 solMass / solMass
1885 15.43985409434792 solMass / solMass
1886 149.0406136541647 solMass / solMass
IsSatellite
1892 139.1232172278002 solMass / solMass
1893 7.10953226511891 solMass / solMass
1897 10.178713068348578 solMass / solMass
1900 68.72158785465476 solMass / solMass
1903 59.97415755919009 solMass / solMass
1904 76.85665530545201 solMass / solMass
HaloMassEqualZero
1907 39.11826076678124 solMass / solMass
1908 77.64415416518544 solMass / solMass
1911 99.99769085350978 solMass / solMass
1915 62.42363634092193 solMass / solMass
1916 155.66453274578814 solMass / solMass
1917 19.403403811897107 solMass / solMass
1918 1534.1177817498703 solMass / solMass
1920 41.46695662459597 solMass / solMass
1921 21.03883445165652 solMass / solMass
1923 427.1293608709886 solMass / solMass
1924 30.472206408089466 solMass / solMass
1925 34.31149151929228 solMass / solMass
1931 386.4660509498183 solMass / solMass
IsSatellite
1933 3982.188516882566 solMass / solMass
1934 10.359425053839287 solMass / solMass
1935 1082.660178822693 solMass / solMass
1936 344.2841200360888 solMass / solMass
1940 112.73816360177128 solMass / solMass
1941 301.9726511581124 solMass / solMass
1946 187.8488409034161 solMass / solMass
1947 551.6816326917236 solMass / solMass
1952 28.556966544877312 solMass / solMass
1953 132.05187141396348 solMass / solMass
1957 220.91602036155325 solMass / solMass
1958 144.45532940314052 solMass / solMass
1959 75.34697284584084 solMass / solMass
1965 2929.6508736067462 solMass / solMass
1967 2427.9884159197372 solMass / solMass
1968 1871.866515282325 solMass / solMass
1969 609.0583798766983 solMass / solMass
1974 974.7247924601932 solMass / solMass
IsSatellite
1981 732.732667761139 solMass / solMass
1988 616.2736775925865 solMass / solMass
IsSatellite
HaloMassEqualZero
2003 167.8233363715504 solMass / solMass
2005 15.515611047388683 solMass / solMass
2006 1966.4504651429042 solMass / solMass
2007 596.5482795286349 solMass / solMass
2008 24.742855170544782 solMass / solMass
2011 2312.873829456207 solMass / solMass
2014 26.015066930181195 solMass / solMass
2015 0.8038804377897653 solMass / solMass
2017 21.51256054280162 solMass / solMass
2018 2185.3761768412 solMass / solMass
2020 5.954653248892346 solMass / solMass
2030 790.7543348451755 solMass / solMass
2032 169.81119458683742 solMass / solMass
2034 21.232513944829424 solMass / solMass
2038 69.27347468771366 solMass / solMass
2039 2891.8044304371456 solMass / solMass
2040 2079.265167755284 solMass / solMass
2044 42.727658858811374 solMass / solMass
2046 133.2613227881971 solMass / solMass
2047 105.31515094596155 solMass / solMass
2048 508.2903036073749 solMass / solMass
2054 1.1125332900347213 solMass / solMass
2056 24.719152383869968 solMass / solMass
2067 42.19446047977124 solMass / solMass
2068 11.261388486336342 solMass / solMass
2073 356.3313179650242 solMass / solMass
2074 100.95064602551683 solMass / solMass
2076 488.1895928384473 solMass / solMass
2088 436.67842900237827 solMass / solMass
2089 678.9554307543362 solMass / solMass
HaloMassEqualZero
IsSatellite
2096 23.29287154364241 solMass / solMass
IsSatellite
HaloMassEqualZero
2102 179.7629157440314 solMass / solMass
2105 73.6699285010434 solMass / solMass
IsSatellite
2113 333.7481607327556 solMass / solMass
IsSatellite
2115 1.8101779736883035 solMass / solMass
2121 21.265514566783935 solMass / solMass
2122 485.8735463354076 solMass / solMass
IsSatellite
2124 26.275636834154977 solMass / solMass
2131 76.2360341111378 solMass / solMass
2132 133.1703064848388 solMass / solMass
2135 501.30117368287347 solMass / solMass
HaloMassEqualZero
2138 271.7987758359638 solMass / solMass
IsSatellite
2145 779.9449749794628 solMass / solMass
2149 215.32979532285998 solMass / solMass
2156 182.7705483550299 solMass / solMass
2159 53.556747697609914 solMass / solMass
2160 247.55893508980017 solMass / solMass
2161 180.5551347509827 solMass / solMass
IsSatellite
2163 17.703073101142213 solMass / solMass
2164 8.646815073099734 solMass / solMass
2165 85.08757197182652 solMass / solMass
2167 2252.7848464066806 solMass / solMass
IsSatellite
2176 11.867773324014644 solMass / solMass
2184 2981.3829368171164 solMass / solMass
2185 616.8114112764769 solMass / solMass
2187 432.13786928497365 solMass / solMass
2188 321.282387341966 solMass / solMass
2190 126.06496446016757 solMass / solMass
IsSatellite
2192 102.82645323767944 solMass / solMass
IsSatellite
2199 50.4068234978958 solMass / solMass
IsSatellite
2208 3315.0647034172334 solMass / solMass
2211 43.228441433937775 solMass / solMass
2218 51.12849653459885 solMass / solMass
2224 3418.0190112567398 solMass / solMass
IsSatellite
2229 4185.279127398308 solMass / solMass
IsSatellite
2232 29.912326524160857 solMass / solMass
2235 20.86108029125821 solMass / solMass
IsSatellite
2238 75.64196308262477 solMass / solMass
2242 91.09520796594411 solMass / solMass
2247 2818.200631558778 solMass / solMass
2248 973.7690261193221 solMass / solMass
2251 6.186558938738348 solMass / solMass
2252 2838.377519340024 solMass / solMass
2253 660.311265503993 solMass / solMass
2256 189.77848003224128 solMass / solMass
2257 2619.424653242652 solMass / solMass
2264 200770.78564692903 solMass / solMass
2265 222.12329791770688 solMass / solMass
2269 1112.3329209230485 solMass / solMass
2272 243.27232508569355 solMass / solMass
2273 15.679462389191324 solMass / solMass
2274 3931.3641171333106 solMass / solMass
2275 1978.1650469450863 solMass / solMass
2276 105.08448020112328 solMass / solMass
2278 612.279689582427 solMass / solMass
2280 2873.962274828793 solMass / solMass
2281 15.938584641589438 solMass / solMass
2285 14.565415671780114 solMass / solMass
2286 406.35327251823793 solMass / solMass
IsSatellite
2292 46.9100857018522 solMass / solMass
2296 1966.096967629256 solMass / solMass
2299 205.7395318759337 solMass / solMass
2300 25.633396817413402 solMass / solMass
2301 178.53471330802356 solMass / solMass
2303 197.5904037097802 solMass / solMass
2304 54.98931213339727 solMass / solMass
IsSatellite
2308 110.7401309021028 solMass / solMass
2309 718.2647445927802 solMass / solMass
2312 3489.2313850011974 solMass / solMass
2314 65.75891921648739 solMass / solMass
2316 4175.24316940653 solMass / solMass
2317 3223.7813955040488 solMass / solMass
2319 85.21065256177877 solMass / solMass
2321 190.06072713906912 solMass / solMass
2322 823.8600268513426 solMass / solMass
2325 429.3836068205588 solMass / solMass
2331 476.3230263666951 solMass / solMass
2334 643.885930035013 solMass / solMass
2336 21.166184258308768 solMass / solMass
2337 27.674732859017663 solMass / solMass
2338 5.458335544502534 solMass / solMass
2341 46.63800318728873 solMass / solMass
2342 764.0316446885505 solMass / solMass
2343 915.0642732612139 solMass / solMass
2346 78.60684112264451 solMass / solMass
2350 6.681608591615245 solMass / solMass
2351 29.38644733598414 solMass / solMass
2357 23.600198407785175 solMass / solMass
2358 628.9008566495974 solMass / solMass
2359 71.68641802732115 solMass / solMass
IsSatellite
2370 5097.921558738759 solMass / solMass
2371 4505.399780838155 solMass / solMass
2372 3304.985269696747 solMass / solMass
2373 539.6906381960074 solMass / solMass
2374 2626.124673432792 solMass / solMass
IsSatellite
2381 40.42140116794803 solMass / solMass
2385 243.95427521753 solMass / solMass
2386 672.7699732671875 solMass / solMass
2389 28.370526785429465 solMass / solMass
2394 656.4773514485693 solMass / solMass
IsSatellite
IsSatellite
2401 2505.312110386176 solMass / solMass
2409 3789.5668422123417 solMass / solMass
2414 14.929832281059731 solMass / solMass
2418 265.2224339026568 solMass / solMass
IsSatellite
IsSatellite
2426 2801.7364382601077 solMass / solMass
2427 2220.3604593229948 solMass / solMass
2431 372.492649150774 solMass / solMass
IsSatellite
2436 762.4090264490576 solMass / solMass
2439 161.1844289402554 solMass / solMass
2440 176.04565661066508 solMass / solMass
IsSatellite
2444 13.52061913290074 solMass / solMass
2446 398.4127876925294 solMass / solMass
2449 838.9607257738352 solMass / solMass
2454 190.51121541014192 solMass / solMass
2455 808.5448361161503 solMass / solMass
IsSatellite
2464 1285.1418042401697 solMass / solMass
2468 24.666569067196278 solMass / solMass
IsSatellite
2470 27.139746992892736 solMass / solMass
2471 1304.9104664822776 solMass / solMass
2472 227.7278260640691 solMass / solMass
2473 104.64495349179536 solMass / solMass
2474 6.7795209826136125 solMass / solMass
2475 906.911328341315 solMass / solMass
2477 120.02883807034978 solMass / solMass
HaloMassEqualZero
2482 3537.744518167846 solMass / solMass
IsSatellite
2491 121.55139911836147 solMass / solMass
2494 2061.008459660981 solMass / solMass
2495 1498.2281679091568 solMass / solMass
2498 31.707199663908703 solMass / solMass
2499 67.11918994847773 solMass / solMass
2500 25.268705539399146 solMass / solMass
2501 51.64040397593486 solMass / solMass
2506 800.4099178971013 solMass / solMass
2509 538.2150385430837 solMass / solMass
2510 1687.096466734323 solMass / solMass
2511 74.5957907897644 solMass / solMass
2513 44.312477056618796 solMass / solMass
IsSatellite
2520 83.43141150226529 solMass / solMass
IsSatellite
2527 638.4416377670173 solMass / solMass
2528 943.2213043114483 solMass / solMass
2534 17.206769156877975 solMass / solMass
2538 15.506924796242178 solMass / solMass
2543 719.8239419646725 solMass / solMass
2551 229.7261525024535 solMass / solMass
2552 58.25457671987232 solMass / solMass
2555 3355.2144074339694 solMass / solMass
2557 612.3389988667993 solMass / solMass
2558 88.89859234259045 solMass / solMass
2559 2123.17720123889 solMass / solMass
2566 272.4758118789891 solMass / solMass
IsSatellite
2572 109.80715821013919 solMass / solMass
2579 24.660829319886854 solMass / solMass
IsSatellite
2581 545.5863698181497 solMass / solMass
2582 21.291896734559522 solMass / solMass
2585 260.93200228850725 solMass / solMass
2586 126.4444675651544 solMass / solMass
IsSatellite
2588 70.79168745182085 solMass / solMass
2591 3431.2160747407106 solMass / solMass
2596 779.8046105261144 solMass / solMass
2602 2934.883746224129 solMass / solMass
IsSatellite
2604 65.78667424618955 solMass / solMass
2605 344.26468158669536 solMass / solMass
2608 95.55353072968414 solMass / solMass
2614 3161.906868306302 solMass / solMass
2619 1135.3545726658915 solMass / solMass
2621 889.3194929477299 solMass / solMass
2622 517.6196609706751 solMass / solMass
2623 9.373694617186239 solMass / solMass
HaloMassEqualZero
2628 261.97709132904174 solMass / solMass
2631 927.9474275703451 solMass / solMass
2632 99.3378724662947 solMass / solMass
2633 41.16008161183383 solMass / solMass
2634 4788.780477998376 solMass / solMass
2636 32.108921980467166 solMass / solMass
2637 765.2323818738241 solMass / solMass
2643 53.76495675361568 solMass / solMass
2647 29.443216371322976 solMass / solMass
2648 2.5135161660933574 solMass / solMass
2649 356.13706572421756 solMass / solMass
2653 4135.978578144169 solMass / solMass
2654 20.716952646357605 solMass / solMass
IsSatellite
2673 1379.7138392623535 solMass / solMass
2674 541.6967894546225 solMass / solMass
IsSatellite
2677 636.9514202551808 solMass / solMass
2679 406.8647679916722 solMass / solMass
2680 157.0545668835952 solMass / solMass
2684 938.6855675904175 solMass / solMass
2691 3171.336196077539 solMass / solMass
2693 840.8067559812976 solMass / solMass
2697 7.968264816655915 solMass / solMass
2699 32.83954629055071 solMass / solMass
2700 1172.7449825534316 solMass / solMass
IsSatellite
2706 849.1114766391673 solMass / solMass
2709 53.564064996573144 solMass / solMass
2710 1155.8057256382958 solMass / solMass
2714 10.685925408817768 solMass / solMass
2716 340.7797837062992 solMass / solMass
2717 209.56541509741535 solMass / solMass
2719 124.95923470942125 solMass / solMass
2727 879.8478337822108 solMass / solMass
2728 233.618265447242 solMass / solMass
2733 484.5307031511914 solMass / solMass
2734 4961.938394649873 solMass / solMass
2738 131.8457163213663 solMass / solMass
2739 55.613142460806735 solMass / solMass
HaloMassEqualZero
2745 134.9641575629021 solMass / solMass
2747 484.4806528718826 solMass / solMass
2748 87.96723545826296 solMass / solMass
2751 221.20259853861202 solMass / solMass
2752 391.4522989554852 solMass / solMass
2757 206.10092094845874 solMass / solMass
HaloMassEqualZero
2763 50.895967365744525 solMass / solMass
2768 248.74560026590285 solMass / solMass
2771 9.116427788398127 solMass / solMass
2774 45.75223353854015 solMass / solMass
IsSatellite
2780 260.72849059594466 solMass / solMass
2781 81.80281062824578 solMass / solMass
2782 811.1183904997098 solMass / solMass
2785 5051.773571045346 solMass / solMass
2786 4481.177727843467 solMass / solMass
2787 5042.299878587236 solMass / solMass
2789 613.6448732423742 solMass / solMass
2790 2091.3632965946617 solMass / solMass
IsSatellite
2797 12.264842546847408 solMass / solMass
2798 1072.9760119164766 solMass / solMass
2801 29.40869918969202 solMass / solMass
2802 449.5021361189094 solMass / solMass
2806 79.66633436835873 solMass / solMass
2810 20.539212699499465 solMass / solMass
2811 621.8367797263683 solMass / solMass
2812 643.3684911340143 solMass / solMass
2815 564.2126269265392 solMass / solMass
2816 206.60678457574943 solMass / solMass
2817 79.84570511545277 solMass / solMass
2826 3584.4221717814376 solMass / solMass
2832 38.02531203581243 solMass / solMass
2834 3777.9850107801803 solMass / solMass
IsSatellite
IsSatellite
2841 12.394680103511561 solMass / solMass
2844 843.9168258618457 solMass / solMass
2849 3376.347563916017 solMass / solMass
2854 772.8353813033843 solMass / solMass
2855 812.8384434296624 solMass / solMass
2866 127.09593579873702 solMass / solMass
2868 118.04071226373436 solMass / solMass
2880 4428.45932715042 solMass / solMass
2882 135.22573575701514 solMass / solMass
2884 418.04988659262546 solMass / solMass
2895 21.728978127106163 solMass / solMass
2898 184.45807836909677 solMass / solMass
2901 302.3467861190167 solMass / solMass
2902 909.7174171084109 solMass / solMass
2903 51.71119506662389 solMass / solMass
2906 924.8101805808453 solMass / solMass
2907 200.29703905655035 solMass / solMass
2908 1208.3862208275725 solMass / solMass
2912 34.48001103133187 solMass / solMass
2913 55.82877605609523 solMass / solMass
IsSatellite
2915 21.303345184017967 solMass / solMass
2916 4497.687074162414 solMass / solMass
2921 131.00260021149992 solMass / solMass
2922 588.3547853652134 solMass / solMass
2926 100.8998021306437 solMass / solMass
2932 137.94690517855244 solMass / solMass
2933 73.47018423298077 solMass / solMass
2939 3136.4416134135176 solMass / solMass
IsSatellite
2941 0.0 solMass / solMass
IsSatellite
IsSatellite
2949 4821.814351186248 solMass / solMass
2951 334.08183980439 solMass / solMass
2953 35.74863880570658 solMass / solMass
2954 1202.870690499535 solMass / solMass
2959 248.3657155423169 solMass / solMass
2962 3864.461601937673 solMass / solMass
2967 745.9595266919011 solMass / solMass
2973 503.7233525762641 solMass / solMass
2974 4853.01223428965 solMass / solMass
2975 140.13761621278286 solMass / solMass
2976 1367.1217253940886 solMass / solMass
2987 251.7741499036764 solMass / solMass
2988 567.3015315840283 solMass / solMass
2996 3877.0806477574697 solMass / solMass
IsSatellite
IsSatellite
123AllDone123
