yt : [INFO     ] 2017-07-25 14:26:03,236 Parameters: current_time              = 2.442094332e+16
yt : [INFO     ] 2017-07-25 14:26:03,236 Parameters: domain_dimensions         = [2 2 2]
yt : [INFO     ] 2017-07-25 14:26:03,237 Parameters: domain_left_edge          = [ 0.  0.  0.]
yt : [INFO     ] 2017-07-25 14:26:03,237 Parameters: domain_right_edge         = [  1.66901647e+25   1.66901647e+25   1.66901647e+25]
yt : [INFO     ] 2017-07-25 14:26:03,238 Parameters: cosmological_simulation   = 1
yt : [INFO     ] 2017-07-25 14:26:03,238 Parameters: current_redshift          = 6.99999981444
yt : [INFO     ] 2017-07-25 14:26:03,238 Parameters: omega_lambda              = 0.712
yt : [INFO     ] 2017-07-25 14:26:03,238 Parameters: omega_matter              = 0.288
yt : [INFO     ] 2017-07-25 14:26:03,238 Parameters: hubble_constant           = 0.6933
yt : [INFO     ] 2017-07-25 14:26:03,278 Parameters: current_time              = 102.74801136229
yt : [INFO     ] 2017-07-25 14:26:03,279 Parameters: domain_dimensions         = [128 128 128]
yt : [INFO     ] 2017-07-25 14:26:03,279 Parameters: domain_left_edge          = [ 0.  0.  0.]
yt : [INFO     ] 2017-07-25 14:26:03,280 Parameters: domain_right_edge         = [ 1.  1.  1.]
yt : [INFO     ] 2017-07-25 14:26:03,280 Parameters: cosmological_simulation   = 1
yt : [INFO     ] 2017-07-25 14:26:03,280 Parameters: current_redshift          = 6.9999998144358
yt : [INFO     ] 2017-07-25 14:26:03,280 Parameters: omega_lambda              = 0.712
yt : [INFO     ] 2017-07-25 14:26:03,280 Parameters: omega_matter              = 0.288
yt : [INFO     ] 2017-07-25 14:26:03,280 Parameters: hubble_constant           = 0.6933
yt : [INFO     ] 2017-07-25 14:26:03,284 Allocating for 3.540e+03 particles (index particle type 'all')
yt : [INFO     ] 2017-07-25 14:26:03,290 Identified 1.305e+03 octs
IsSatellite
IsSatellite
IsSatellite
7 0.5594415607167622 solMass / solMass
IsSatellite
10 2.2346741042278963e+38 solMass / solMass
IsSatellite
IsSatellite
22 3.520021139193662 solMass / solMass
23 4.634061345840902e+38 solMass / solMass
IsSatellite
25 1.0771214596712004 solMass / solMass
26 3.600828964624723e+38 solMass / solMass
27 9.020976070479268 solMass / solMass
IsSatellite
30 2.2608937097973554 solMass / solMass
32 6.126055367355859 solMass / solMass
IsSatellite
IsSatellite
40 8.935487811024386 solMass / solMass
42 2.9574164185661926 solMass / solMass
IsSatellite
47 5.943192124976701 solMass / solMass
48 1.1179053046261689e+39 solMass / solMass
49 3.2834234116020964 solMass / solMass
51 6.967474215154749 solMass / solMass
53 3.0098363245124364 solMass / solMass
54 3.1851607309550265 solMass / solMass
55 147.18468536421133 solMass / solMass
57 8.463718594235168 solMass / solMass
61 1.3688326504541413e+39 solMass / solMass
67 1.4774335113781177e+39 solMass / solMass
68 14.368621392164794 solMass / solMass
70 1.3031314174325659 solMass / solMass
72 1.5709387189774942e+39 solMass / solMass
73 8.074693158666156 solMass / solMass
75 7.8504910831752355 solMass / solMass
78 0.9520680800581729 solMass / solMass
80 6.097988400187943e+38 solMass / solMass
82 1.5785825790690642e+39 solMass / solMass
84 14.157987607094187 solMass / solMass
85 1.5124427057088448 solMass / solMass
86 1.615902445008073e+39 solMass / solMass
87 2.279222564276917e+39 solMass / solMass
88 9.291326217379769 solMass / solMass
89 1.2216846092722977 solMass / solMass
90 4.307355939533623 solMass / solMass
92 2.225251457040913 solMass / solMass
93 19.033893745556554 solMass / solMass
94 1.0800718297996346 solMass / solMass
95 6.8095220725196866 solMass / solMass
99 22.68072569787084 solMass / solMass
100 15.476664603752694 solMass / solMass
102 18.64417080263095 solMass / solMass
103 2.3235530963759365 solMass / solMass
104 11.472834239024522 solMass / solMass
105 3.95780982788962 solMass / solMass
106 280.9357052652325 solMass / solMass
108 3.401056542670473 solMass / solMass
109 3.2557634050661632 solMass / solMass
110 3.8153459310891034 solMass / solMass
112 309.9740767260875 solMass / solMass
113 3.9089717951449283 solMass / solMass
115 38.98585054571752 solMass / solMass
117 2.135385223942717e+39 solMass / solMass
118 249.08838409744618 solMass / solMass
119 6.898997519727063 solMass / solMass
122 8.846764671068508 solMass / solMass
123 3.3101969290170035e+39 solMass / solMass
124 72.85886805898268 solMass / solMass
127 1.7300495939395248 solMass / solMass
128 4.1094360550620104e+21 solMass / solMass
129 4.3753989530386836e+21 solMass / solMass
130 6.780793189902457 solMass / solMass
134 3.9512598997419525e+39 solMass / solMass
137 11.767221739718323 solMass / solMass
138 32.15091916683324 solMass / solMass
140 3.611066069731819e+39 solMass / solMass
141 556.0986037780547 solMass / solMass
142 1.594601971578971e+42 solMass / solMass
147 35.6641782012652 solMass / solMass
149 435.26555438365295 solMass / solMass
151 1.8994858170141067 solMass / solMass
152 3.5707872361477655 solMass / solMass
153 2.9575934089238615e+39 solMass / solMass
154 28.14763528530774 solMass / solMass
IsSatellite
156 543.3274082737576 solMass / solMass
158 2.3635146977727745e+42 solMass / solMass
159 14.286321590964695 solMass / solMass
160 60.700538683668064 solMass / solMass
162 22.066990008964062 solMass / solMass
163 6.226701593284941e+21 solMass / solMass
166 4.433658604475614 solMass / solMass
167 5.2263850210181286e+39 solMass / solMass
170 6.763657908851246 solMass / solMass
171 11.247797184816434 solMass / solMass
172 441.26540459094366 solMass / solMass
173 4.9079788527464645 solMass / solMass
174 2.0524274986300764e+39 solMass / solMass
175 27.45764267207375 solMass / solMass
176 6.367951886508947 solMass / solMass
177 554.6190513614719 solMass / solMass
179 353.09592908454084 solMass / solMass
181 18.571468192970922 solMass / solMass
182 5.677447581076069e+39 solMass / solMass
184 9.044954544922081e+38 solMass / solMass
186 4.119753840477856 solMass / solMass
187 7.769933940165905e+21 solMass / solMass
188 19.94905308227464 solMass / solMass
189 34.17776895655264 solMass / solMass
191 6.8090193278332265 solMass / solMass
192 4.328115808763011e+39 solMass / solMass
193 105.63457018109189 solMass / solMass
194 75.97039405633218 solMass / solMass
195 6.896863761082123 solMass / solMass
198 2.2216452066760143e+39 solMass / solMass
199 9.275828198904026 solMass / solMass
200 7.63413095096874 solMass / solMass
203 22.655689680157124 solMass / solMass
205 48.289590477265776 solMass / solMass
208 14.124001812354905 solMass / solMass
209 18.671675431289174 solMass / solMass
211 8.50318698501267 solMass / solMass
212 16.688388847368987 solMass / solMass
213 5.076313818962341e+39 solMass / solMass
214 2.064668194919116e+39 solMass / solMass
216 38.59297624885996 solMass / solMass
218 2.6701718760566847e+39 solMass / solMass
219 101.23744630928677 solMass / solMass
223 23.281784264532664 solMass / solMass
225 779.5338020578329 solMass / solMass
226 4.291515232911589e+39 solMass / solMass
232 27.090829030082002 solMass / solMass
233 16.181325063306858 solMass / solMass
234 11.740713428922506 solMass / solMass
235 7.056758223142689 solMass / solMass
236 73.40540217664551 solMass / solMass
237 5.18668704627305e+39 solMass / solMass
238 2.9546750278551336e+39 solMass / solMass
240 14.087003993544393 solMass / solMass
242 25.705946856613078 solMass / solMass
243 1.0321052782309382e+22 solMass / solMass
244 21.015666338897653 solMass / solMass
247 19.852209088420274 solMass / solMass
248 10.567449871583678 solMass / solMass
252 786.3923330348738 solMass / solMass
253 11.23012099363327 solMass / solMass
257 32.646375668534375 solMass / solMass
258 684.9994481158536 solMass / solMass
260 26.266418277944446 solMass / solMass
261 8.126976094763524 solMass / solMass
263 3.808232313375823e+42 solMass / solMass
265 35.51880404747727 solMass / solMass
267 38.41637434504582 solMass / solMass
268 8.495276571468219 solMass / solMass
269 3.52719338329665e+42 solMass / solMass
271 0.8976742415798707 solMass / solMass
272 3.214785310303521 solMass / solMass
274 5.645157040049513 solMass / solMass
275 2.289227265781535 solMass / solMass
277 5.173326304504335 solMass / solMass
278 5.262481526238536 solMass / solMass
279 10.521887170709794 solMass / solMass
282 171.06633063248364 solMass / solMass
283 3.317640332569442e+42 solMass / solMass
284 0.0 solMass / solMass
285 34.440884732292425 solMass / solMass
286 69.75510618021057 solMass / solMass
288 18.300817266211403 solMass / solMass
291 2.077394533506816 solMass / solMass
294 2.783514579119892 solMass / solMass
295 4.917417309812631 solMass / solMass
296 8.596584877431237 solMass / solMass
301 1.0932279003101747e+40 solMass / solMass
302 6.851959853986922e+39 solMass / solMass
303 17.86559835414941 solMass / solMass
305 35.57533877862576 solMass / solMass
306 1018.0934715473749 solMass / solMass
307 67.56714775169866 solMass / solMass
308 3.8417969802336086e+42 solMass / solMass
309 2.653608272370644 solMass / solMass
310 2.679667394369299 solMass / solMass
311 8.605520204493733e+21 solMass / solMass
312 33.05329343772542 solMass / solMass
IsSatellite
IsSatellite
318 6.521047328193503 solMass / solMass
319 102.71244197629264 solMass / solMass
320 48.1690184115085 solMass / solMass
321 142.22348110956477 solMass / solMass
322 8.392146757976047 solMass / solMass
323 54.9141412405489 solMass / solMass
326 1.0306936606475577e+40 solMass / solMass
327 82.45939000806308 solMass / solMass
328 24.953955693755205 solMass / solMass
329 8.291426204651803 solMass / solMass
331 19.91464596149495 solMass / solMass
333 1232.689017072658 solMass / solMass
334 20.715886420989058 solMass / solMass
335 1.164083401140586e+40 solMass / solMass
336 10.065505674647982 solMass / solMass
337 213.6074907510562 solMass / solMass
338 1.0142058078069684e+40 solMass / solMass
340 1369.2681046542746 solMass / solMass
342 9.234500586620229 solMass / solMass
343 6.006194148208051e+39 solMass / solMass
344 6.2151271922636395 solMass / solMass
347 44.09717115542581 solMass / solMass
348 62.228185515168086 solMass / solMass
349 0.2320510360822235 solMass / solMass
351 1.2041724275501153e+22 solMass / solMass
354 17.79102888623873 solMass / solMass
355 9.743772688987303 solMass / solMass
356 1.0577834363842016e+40 solMass / solMass
IsSatellite
360 40.55478963494273 solMass / solMass
361 30.27458795785359 solMass / solMass
362 8.555597413389526e+39 solMass / solMass
363 0.8852673131451573 solMass / solMass
364 35.515626655339716 solMass / solMass
365 14.256486904310218 solMass / solMass
371 1.1130261641255259e+40 solMass / solMass
372 80.92490529032838 solMass / solMass
373 8.593965926620303e+39 solMass / solMass
376 114.08225241802086 solMass / solMass
379 7.87213674009442 solMass / solMass
380 13.726857222204611 solMass / solMass
381 10.526356711572614 solMass / solMass
383 6.268597603550079e+42 solMass / solMass
386 12.148937738597802 solMass / solMass
IsSatellite
389 11.29479755629101 solMass / solMass
393 8.01443177669403e+39 solMass / solMass
396 109.21660967740175 solMass / solMass
397 118.50494181498316 solMass / solMass
IsSatellite
399 19.365272015771346 solMass / solMass
400 153.8349613767343 solMass / solMass
401 17.002518717202225 solMass / solMass
403 1131.2920484401557 solMass / solMass
404 1922.2063646185595 solMass / solMass
405 1.5076050325022822e+39 solMass / solMass
406 9.819371903376355 solMass / solMass
408 76.82635562271852 solMass / solMass
411 4.305690606943697 solMass / solMass
413 1.3826252619916587e+40 solMass / solMass
414 1.3385873669917268e+40 solMass / solMass
415 133.38362026917093 solMass / solMass
416 7.651139059021439 solMass / solMass
417 126.68833247579327 solMass / solMass
418 9.134772343468269 solMass / solMass
420 7.452767984563288 solMass / solMass
421 8.121618092262269 solMass / solMass
422 7.817522791654999e+39 solMass / solMass
423 22.383349532262258 solMass / solMass
424 2.7187970918411275 solMass / solMass
425 903.4867230286424 solMass / solMass
426 61.7694863376478 solMass / solMass
427 128.61286198192866 solMass / solMass
428 26.20773371771225 solMass / solMass
429 36.31888830767835 solMass / solMass
430 1.9249060356095857e+37 solMass / solMass
432 12.930967174450695 solMass / solMass
433 5.955483696172321 solMass / solMass
435 2.2037805495711575e+22 solMass / solMass
436 23.546414021692318 solMass / solMass
437 14.022669694089021 solMass / solMass
438 10.08512559580336 solMass / solMass
439 6.543417086444444 solMass / solMass
440 19.7259202045364 solMass / solMass
441 10717.34031832038 solMass / solMass
442 37.05330438923652 solMass / solMass
443 2.1541503231386048 solMass / solMass
444 42.725587405066506 solMass / solMass
445 15.900748558068956 solMass / solMass
446 16.64862007924177 solMass / solMass
447 106.21703799282851 solMass / solMass
448 37.7724728941184 solMass / solMass
451 24.959448757910824 solMass / solMass
453 1590.4237653786174 solMass / solMass
455 26.960482918939075 solMass / solMass
457 1843.1397346977155 solMass / solMass
459 81.80649269248997 solMass / solMass
460 27.52267884792661 solMass / solMass
462 30.31112568838265 solMass / solMass
463 12.179091689317477 solMass / solMass
464 33.05294852113867 solMass / solMass
465 32.558856639312665 solMass / solMass
467 40.85989128477492 solMass / solMass
468 119.87635919668558 solMass / solMass
469 1322.6247539393132 solMass / solMass
470 27.170441676617095 solMass / solMass
471 110.01028366472458 solMass / solMass
472 2.935683916100552e+22 solMass / solMass
473 208.71460978855293 solMass / solMass
474 3.3033700324347075 solMass / solMass
475 15.40309531239589 solMass / solMass
476 168.58448531901342 solMass / solMass
477 20.557959403804713 solMass / solMass
478 1746.4686595103267 solMass / solMass
479 37.68774068235573 solMass / solMass
480 96.05912714196764 solMass / solMass
483 126.99477089553827 solMass / solMass
485 2.887569935348465e+37 solMass / solMass
486 8.408401314743393e+42 solMass / solMass
487 7.134758455854311e+42 solMass / solMass
488 66.53992227079837 solMass / solMass
489 7.561654515759077e+39 solMass / solMass
490 17.95073958759645 solMass / solMass
491 1.3483617908695948e+40 solMass / solMass
492 6.057495646431982e+39 solMass / solMass
493 1.3242702006611452e+40 solMass / solMass
497 79.21372147468178 solMass / solMass
498 102.91149825697647 solMass / solMass
499 1.7117248886533068e+40 solMass / solMass
HaloMassEqualZero
502 47.245527229545566 solMass / solMass
503 12.866369500711157 solMass / solMass
504 22.564701373990246 solMass / solMass
506 2373.1640916885103 solMass / solMass
IsSatellite
508 76.45488187751423 solMass / solMass
510 9.502894671031395e+39 solMass / solMass
511 157.6416852973773 solMass / solMass
513 1.5589085086379145e+22 solMass / solMass
IsSatellite
516 64.64275978588607 solMass / solMass
517 29.55532610374709 solMass / solMass
518 76.59094158505167 solMass / solMass
520 157.25786987803008 solMass / solMass
521 37.21612322023601 solMass / solMass
IsSatellite
524 61.95109398454931 solMass / solMass
525 22.66060126382099 solMass / solMass
527 223.99732945138936 solMass / solMass
532 1806.0486758625004 solMass / solMass
533 70.91638157959514 solMass / solMass
535 50.85085743929055 solMass / solMass
536 44.90021777470642 solMass / solMass
537 20.72390394153588 solMass / solMass
538 79.73216668551109 solMass / solMass
540 109.26884618426942 solMass / solMass
543 15.42172972618844 solMass / solMass
544 229.65890821791675 solMass / solMass
545 215.08388316933508 solMass / solMass
546 25.441105166907015 solMass / solMass
549 1.855877206171181e+40 solMass / solMass
550 3035.9088533561016 solMass / solMass
551 37.542538191557945 solMass / solMass
552 79.71270683630904 solMass / solMass
555 19.927146368530575 solMass / solMass
556 2.2530482358124947e+22 solMass / solMass
557 9.76580806226632 solMass / solMass
558 7.822312807267858 solMass / solMass
559 2.0434056503786582e+40 solMass / solMass
563 74.77361177022117 solMass / solMass
566 2.437494743524686e+22 solMass / solMass
567 126.58883342787138 solMass / solMass
574 19.234603720549423 solMass / solMass
577 3815.8753572920964 solMass / solMass
578 46.62908998865309 solMass / solMass
579 104.08001858510485 solMass / solMass
580 252.86438538824123 solMass / solMass
581 54.14093745620462 solMass / solMass
582 14.473625996879296 solMass / solMass
583 14.898153884416242 solMass / solMass
584 62.65238059436041 solMass / solMass
586 29.003157780962617 solMass / solMass
587 1.8547440989289674e+40 solMass / solMass
HaloMassEqualZero
590 200.97559437511663 solMass / solMass
591 21.12770035501729 solMass / solMass
592 2226.2099424652247 solMass / solMass
593 9.677128996701891e+42 solMass / solMass
594 17.996060583156616 solMass / solMass
596 17.126504464949008 solMass / solMass
597 25.662287539714267 solMass / solMass
598 2616.204886056768 solMass / solMass
599 226.9127527147544 solMass / solMass
601 144.21403926826068 solMass / solMass
602 161.352873616509 solMass / solMass
IsSatellite
606 33.945680531864284 solMass / solMass
608 12.562861733970095 solMass / solMass
609 53.9333316028323 solMass / solMass
610 49.083225081033916 solMass / solMass
611 2988.5884030581856 solMass / solMass
613 80.38376136249803 solMass / solMass
614 234.3488729894096 solMass / solMass
615 2.3968058711359255e+40 solMass / solMass
616 62.11210779798452 solMass / solMass
618 39.63296648840864 solMass / solMass
620 3633.4144304324664 solMass / solMass
622 1.3575765550528056e+40 solMass / solMass
623 49.62741938724277 solMass / solMass
625 44.52351313670883 solMass / solMass
628 1.1766643447807252e+40 solMass / solMass
631 2.431588600678944e+40 solMass / solMass
633 442.9378783621237 solMass / solMass
634 8.546864085514361 solMass / solMass
636 23.962073692994124 solMass / solMass
637 3010.374722895242 solMass / solMass
638 51.57354866082779 solMass / solMass
639 62.47846545213781 solMass / solMass
640 39.25943690550926 solMass / solMass
IsSatellite
642 131.956546702787 solMass / solMass
643 97.05160324107821 solMass / solMass
644 2.660208958787159e+40 solMass / solMass
647 6.899952699508587e+42 solMass / solMass
648 228.09428680270233 solMass / solMass
650 46.09832805151598 solMass / solMass
651 192.49494951674572 solMass / solMass
IsSatellite
653 2.8466067453043033e+40 solMass / solMass
654 116.15846223154809 solMass / solMass
655 45.07946721517251 solMass / solMass
656 66.7380484106673 solMass / solMass
657 182.85681096317404 solMass / solMass
658 40.70614063978519 solMass / solMass
659 215.7986283232649 solMass / solMass
660 2844.0126113800484 solMass / solMass
661 91.31015942495107 solMass / solMass
662 1.551694169089376e+40 solMass / solMass
663 3.382066539002684e+39 solMass / solMass
664 6.672732243680786e+39 solMass / solMass
665 43.68853326991601 solMass / solMass
667 11.764981000165218 solMass / solMass
IsSatellite
669 7.7712821967442895 solMass / solMass
671 424.91692621484174 solMass / solMass
672 22.60953902227148 solMass / solMass
673 38.93146228599714 solMass / solMass
675 4.3951994094356374e+39 solMass / solMass
676 221.0245625267775 solMass / solMass
677 206.55865356067443 solMass / solMass
679 1936.8960485888017 solMass / solMass
680 75.36129382020394 solMass / solMass
681 1.5369023883397763e+43 solMass / solMass
683 4663.474844170119 solMass / solMass
684 4.562636572567942e+22 solMass / solMass
685 53.858607524889145 solMass / solMass
687 7.293986639000468 solMass / solMass
688 203.13857324816763 solMass / solMass
690 1.893074637357179e+40 solMass / solMass
IsSatellite
692 31.976992542640478 solMass / solMass
693 103.59931100738842 solMass / solMass
695 1.0729059864172891e+43 solMass / solMass
697 116.31752350995994 solMass / solMass
698 174.6454885446702 solMass / solMass
702 1.2511718827359716e+43 solMass / solMass
703 182.91954923173438 solMass / solMass
706 191.99466753861228 solMass / solMass
707 37.88880133348938 solMass / solMass
708 4.701097331013494 solMass / solMass
709 66.68515891167469 solMass / solMass
711 2.3907068501082926e+40 solMass / solMass
712 250.13485964885217 solMass / solMass
713 162.82716384386183 solMass / solMass
714 292.5539096907152 solMass / solMass
715 3.0827562084802778e+22 solMass / solMass
716 9.018732803480987 solMass / solMass
718 2.186894669322609e+40 solMass / solMass
719 31.85778644622979 solMass / solMass
720 1.966925199552815 solMass / solMass
721 207.21225382053495 solMass / solMass
722 17.004843685391943 solMass / solMass
723 58.46968171977222 solMass / solMass
724 2.7087383907417703e+40 solMass / solMass
HaloMassEqualZero
726 51.99399002713339 solMass / solMass
727 443.482563970901 solMass / solMass
729 2.402418977655389 solMass / solMass
730 41.357533962518296 solMass / solMass
731 5.210427320818059e+40 solMass / solMass
735 227.6831987896245 solMass / solMass
736 3.312539548227719e+40 solMass / solMass
737 358.84007577016934 solMass / solMass
738 1.833338341493372e+40 solMass / solMass
741 51.498525700501396 solMass / solMass
742 114.9122117714973 solMass / solMass
744 27.576559362537598 solMass / solMass
745 112.99084013233632 solMass / solMass
746 9.069838874914177 solMass / solMass
747 198.58274748182035 solMass / solMass
748 68.32035745251883 solMass / solMass
749 2340.25078852384 solMass / solMass
750 4.653294932607899e+40 solMass / solMass
751 118.83051191335898 solMass / solMass
752 662.8069643714405 solMass / solMass
753 17.741402139582522 solMass / solMass
755 67.66505141865692 solMass / solMass
757 2.7823636862453303e+22 solMass / solMass
758 146.57529391400317 solMass / solMass
759 161.20554805416805 solMass / solMass
760 6.102068827035384 solMass / solMass
762 11.971654558258118 solMass / solMass
763 41.68833964869454 solMass / solMass
766 377.0095154992266 solMass / solMass
767 141.84430591268827 solMass / solMass
768 114.68231056275431 solMass / solMass
769 38.35436628675861 solMass / solMass
771 4653.297004659852 solMass / solMass
773 29.316023039747407 solMass / solMass
774 5.17574516136638e+22 solMass / solMass
775 33.47739905243816 solMass / solMass
776 77.64291012270931 solMass / solMass
777 27.095899683199903 solMass / solMass
HaloMassEqualZero
779 3935.0528040450113 solMass / solMass
780 23.532991211797814 solMass / solMass
781 112.64571539529342 solMass / solMass
782 61.1237844211436 solMass / solMass
783 62.005126782665705 solMass / solMass
784 3.7247696861075403 solMass / solMass
785 1.12187431672918e+43 solMass / solMass
786 2.958387673137261e+40 solMass / solMass
788 54.930706957341215 solMass / solMass
IsSatellite
790 64.35899200226115 solMass / solMass
792 64.49558334518883 solMass / solMass
793 64.1325296932812 solMass / solMass
794 6.2726378929493645e+22 solMass / solMass
795 2.5430026109621525e+40 solMass / solMass
796 147.42404516773627 solMass / solMass
797 1.768418367296813e+40 solMass / solMass
798 0.0 solMass / solMass
799 4243.988974387302 solMass / solMass
800 1.9875087215619719e+40 solMass / solMass
801 18.91112316610578 solMass / solMass
802 106.97347833095193 solMass / solMass
803 3.4958685150622752e+22 solMass / solMass
805 178.66818413720142 solMass / solMass
806 77.4828179711611 solMass / solMass
807 314.9968922398118 solMass / solMass
HaloMassEqualZero
HaloMassEqualZero
810 1.590599551363068e+43 solMass / solMass
811 51.87861750040441 solMass / solMass
813 77.79118651159604 solMass / solMass
814 4.645826339215164e+22 solMass / solMass
816 23.960107306899868 solMass / solMass
817 459.46621649315347 solMass / solMass
818 70.99985749454056 solMass / solMass
819 3661.929322554516 solMass / solMass
820 61.140797863436646 solMass / solMass
821 48.72716908685572 solMass / solMass
822 21.614985085981996 solMass / solMass
825 1.7026537351644693e-21 solMass / solMass
826 36.97151891171502 solMass / solMass
828 12.291191328229615 solMass / solMass
829 26.44074258045637 solMass / solMass
830 660.6583995239425 solMass / solMass
831 42.41763624083794 solMass / solMass
832 30.802474965705 solMass / solMass
833 114.24829638262683 solMass / solMass
834 29.58006068729547 solMass / solMass
837 39.5214208695031 solMass / solMass
839 9.008801300247677 solMass / solMass
HaloMassEqualZero
841 42.036794639065 solMass / solMass
842 638.1879959668338 solMass / solMass
843 173.96364782192177 solMass / solMass
844 3299.583309399628 solMass / solMass
845 3.401542522450428e+43 solMass / solMass
846 7.370246026628875e+22 solMass / solMass
847 9.7870968206754 solMass / solMass
848 62.32561746083684 solMass / solMass
849 2.365794995760815e+40 solMass / solMass
850 84.70246695490007 solMass / solMass
851 23.2617994770617 solMass / solMass
853 4867.551548579987 solMass / solMass
855 33.403247764678255 solMass / solMass
856 148.67840190458955 solMass / solMass
IsSatellite
859 72.18126554639211 solMass / solMass
862 9.582298929925986e+39 solMass / solMass
863 232.44022266882374 solMass / solMass
865 134.1663999312225 solMass / solMass
870 393.3150827386419 solMass / solMass
IsSatellite
872 180.2222835938902 solMass / solMass
873 4.857256900566574e+40 solMass / solMass
874 1.2925714273250533e+43 solMass / solMass
875 2.0632323510003146e+43 solMass / solMass
876 333.2934680060428 solMass / solMass
877 4.668149308520773e+40 solMass / solMass
878 652.3672370713505 solMass / solMass
880 5.2528320286226915 solMass / solMass
881 73.33799832881799 solMass / solMass
882 5.789214039510326e+22 solMass / solMass
884 5.02372099219232e+40 solMass / solMass
886 53.36557507954274 solMass / solMass
IsSatellite
888 40.68093027697675 solMass / solMass
889 6.51913970729377e+22 solMass / solMass
890 530.1661787265737 solMass / solMass
891 4.500686077336265e+40 solMass / solMass
892 159.49361707485482 solMass / solMass
894 79.5373588977599 solMass / solMass
895 2.695160387285784e+40 solMass / solMass
896 6.45153544233073 solMass / solMass
897 2.691089105141501e+40 solMass / solMass
HaloMassEqualZero
900 121.32552636654371 solMass / solMass
901 220.95362675870547 solMass / solMass
902 356.4883563773408 solMass / solMass
903 5.587350156467943e+22 solMass / solMass
904 5.886291448765007e+39 solMass / solMass
905 2604.814138784832 solMass / solMass
907 447.0735722385276 solMass / solMass
908 3.643901024962636e+40 solMass / solMass
910 16.00214137184664 solMass / solMass
911 7698.724353976235 solMass / solMass
912 2.2861003928394513e+43 solMass / solMass
913 170.797749960674 solMass / solMass
916 8.44844019155497 solMass / solMass
HaloMassEqualZero
919 21.15594691404543 solMass / solMass
920 29.933338459465094 solMass / solMass
921 5599.587793004219 solMass / solMass
922 452.3735571603257 solMass / solMass
923 26.333307559604798 solMass / solMass
924 128.1616253263042 solMass / solMass
925 2521.321785820882 solMass / solMass
927 215.57171459407175 solMass / solMass
928 2.0286465237977188e+43 solMass / solMass
930 84.84434623181113 solMass / solMass
931 213.24567694085002 solMass / solMass
932 33.464671963631694 solMass / solMass
933 38.70770152850069 solMass / solMass
936 268.10172595926804 solMass / solMass
937 1.5212058383604432e+43 solMass / solMass
938 1.7160916405673915e+43 solMass / solMass
939 6303.399815810576 solMass / solMass
HaloMassEqualZero
942 3.3972088410850334e+40 solMass / solMass
944 1.9419419496559994e+40 solMass / solMass
945 3.2891100832839045e+40 solMass / solMass
946 63.56733288336291 solMass / solMass
948 2.7993984114651435e+40 solMass / solMass
949 36.35015812767814 solMass / solMass
950 64.42888210636188 solMass / solMass
951 1.4022085030919525e+43 solMass / solMass
952 50.878720009502935 solMass / solMass
953 207.6030144573431 solMass / solMass
954 246.9526606274967 solMass / solMass
955 2.660780359507416e+43 solMass / solMass
956 438.1369445623504 solMass / solMass
HaloMassEqualZero
960 217.44412319326457 solMass / solMass
HaloMassEqualZero
962 138.47649180065713 solMass / solMass
963 5569.247249888289 solMass / solMass
964 8508.519352106237 solMass / solMass
965 65.30549180372758 solMass / solMass
966 4690.129637941001 solMass / solMass
969 324.1828868211153 solMass / solMass
970 78.52017940827417 solMass / solMass
971 331.76961036242807 solMass / solMass
972 200.38228331883795 solMass / solMass
973 100.25553293507795 solMass / solMass
974 5.386917590408384e+39 solMass / solMass
975 9.803805460909149e+39 solMass / solMass
976 28.079653753195892 solMass / solMass
HaloMassEqualZero
978 88.6402354462082 solMass / solMass
979 5.249395534704917e+22 solMass / solMass
980 109.5116429812169 solMass / solMass
981 6.677834610132735e+22 solMass / solMass
982 125.18263237693394 solMass / solMass
983 449.97805409958966 solMass / solMass
984 77.70413284406125 solMass / solMass
HaloMassEqualZero
987 77.30686914368326 solMass / solMass
988 290.4832579464077 solMass / solMass
989 206.84707709362786 solMass / solMass
990 81.66174521170215 solMass / solMass
991 5471.132201484793 solMass / solMass
992 4748.830063519445 solMass / solMass
993 233.59275706298556 solMass / solMass
994 267.9002205140908 solMass / solMass
996 280.7062422371469 solMass / solMass
997 62.08219132197432 solMass / solMass
999 8.454111810406003 solMass / solMass
1000 23.257707991492914 solMass / solMass
1001 6.084754757255538 solMass / solMass
1004 51.775697929118365 solMass / solMass
1005 4485.676888177867 solMass / solMass
1006 288.66604752134515 solMass / solMass
1007 7.580960908054093e+40 solMass / solMass
1009 22.357482228774572 solMass / solMass
1010 5.514414026654037e+40 solMass / solMass
1011 54.96023932855357 solMass / solMass
IsSatellite
1013 5.09257964873839 solMass / solMass
1015 33.25682008520896 solMass / solMass
HaloMassEqualZero
1017 151.2151896461714 solMass / solMass
1018 362.39409597547126 solMass / solMass
1021 298.3026675252554 solMass / solMass
HaloMassEqualZero
1024 34.51991691543069 solMass / solMass
1025 165.5594931745666 solMass / solMass
1028 101.0748146781126 solMass / solMass
1029 115.165810288031 solMass / solMass
1030 336.6327654123432 solMass / solMass
HaloMassEqualZero
1032 3.991658429430338e+40 solMass / solMass
1034 55.740221255847324 solMass / solMass
1036 1.0545699537600604e+23 solMass / solMass
1037 55.29598297916985 solMass / solMass
1038 4.798165895328423e+40 solMass / solMass
1039 42.034936754911286 solMass / solMass
1041 6097.2931036528 solMass / solMass
1042 4318.351426299767 solMass / solMass
1043 33.14610691155315 solMass / solMass
1046 144.58174499426804 solMass / solMass
1047 2.0267989542378907e+43 solMass / solMass
1048 329.7534199507305 solMass / solMass
HaloMassEqualZero
1051 24.96809702679948 solMass / solMass
1052 175.1193881035218 solMass / solMass
1053 148.34877882075273 solMass / solMass
HaloMassEqualZero
1056 217.33040873771813 solMass / solMass
HaloMassEqualZero
1058 44.36031208351611 solMass / solMass
HaloMassEqualZero
1061 113.20957529306575 solMass / solMass
1062 644.0466598865482 solMass / solMass
1064 66.22049625116354 solMass / solMass
1065 3.5280842435047646e+40 solMass / solMass
HaloMassEqualZero
IsSatellite
1068 48.70896206363258 solMass / solMass
HaloMassEqualZero
1071 2.1647642256439185e+43 solMass / solMass
1073 404.64572684527826 solMass / solMass
1074 4.870949665751159 solMass / solMass
1075 7.829109664990385e+22 solMass / solMass
1076 83.81160448320234 solMass / solMass
1077 3.2810728160326303e+43 solMass / solMass
HaloMassEqualZero
1079 3.4387933982757517e+43 solMass / solMass
1080 194.00797963458723 solMass / solMass
1081 75.51704443516225 solMass / solMass
1082 19.103332687592072 solMass / solMass
1084 87.50900590629426 solMass / solMass
1085 5.013669305371335e+40 solMass / solMass
1087 46.59113563387334 solMass / solMass
HaloMassEqualZero
1089 6.714102488694206e+40 solMass / solMass
1090 201.97931399235526 solMass / solMass
1091 234.04350426489714 solMass / solMass
1092 77.82275179903257 solMass / solMass
HaloMassEqualZero
1094 189.79646671244225 solMass / solMass
1095 52.05749883051271 solMass / solMass
HaloMassEqualZero
HaloMassEqualZero
1098 52.97109667187946 solMass / solMass
HaloMassEqualZero
HaloMassEqualZero
1101 110.1959631729059 solMass / solMass
1103 2.48636282785464e+43 solMass / solMass
1104 6.518178321916673e+40 solMass / solMass
1105 459.48172043513705 solMass / solMass
HaloMassEqualZero
HaloMassEqualZero
HaloMassEqualZero
HaloMassEqualZero
HaloMassEqualZero
1114 83.05123433456963 solMass / solMass
1117 151.41183545406923 solMass / solMass
1118 139.614417941804 solMass / solMass
1119 207.0894385343452 solMass / solMass
1120 3.3690593779795643e+43 solMass / solMass
HaloMassEqualZero
1122 8804.706890600104 solMass / solMass
1123 9242.82598620769 solMass / solMass
1124 86.72454453722534 solMass / solMass
1125 3.5959632057412635e+22 solMass / solMass
1126 5.128826535670599e+40 solMass / solMass
HaloMassEqualZero
1128 56.23948759876655 solMass / solMass
1129 46.41687154189734 solMass / solMass
HaloMassEqualZero
1131 8427.135794042462 solMass / solMass
1133 2.5386144472531056e+43 solMass / solMass
1134 34.77864135026832 solMass / solMass
HaloMassEqualZero
1136 31.53289176348466 solMass / solMass
1137 33.32261715553638 solMass / solMass
1139 263.72844237496554 solMass / solMass
1140 10.629998049927483 solMass / solMass
HaloMassEqualZero
HaloMassEqualZero
1145 154.88607503739195 solMass / solMass
1146 5319.765915697322 solMass / solMass
1147 9.830907583928392 solMass / solMass
1148 43.04527555821666 solMass / solMass
1149 85.89236949487774 solMass / solMass
1150 188.71992483971488 solMass / solMass
IsSatellite
HaloMassEqualZero
1153 424.1772604525501 solMass / solMass
HaloMassEqualZero
HaloMassEqualZero
1156 961.4250879485351 solMass / solMass
HaloMassEqualZero
1158 7.235345674126418e+40 solMass / solMass
1159 188.32307840437923 solMass / solMass
1161 95.22425474846877 solMass / solMass
1162 80.34013317693747 solMass / solMass
1163 7.887989618311418 solMass / solMass
HaloMassEqualZero
1165 170.72224700612554 solMass / solMass
1166 75.5959110663541 solMass / solMass
HaloMassEqualZero
1168 7727.595991064338 solMass / solMass
1169 117.40090143234401 solMass / solMass
HaloMassEqualZero
1171 124.85541542357642 solMass / solMass
1172 108.68932570859006 solMass / solMass
HaloMassEqualZero
1175 48.691523584025305 solMass / solMass
1177 95.2611766470792 solMass / solMass
1178 223.80812139699597 solMass / solMass
1179 6.44797840813218e+40 solMass / solMass
HaloMassEqualZero
1182 110.47763329566607 solMass / solMass
1183 6642.477065187493 solMass / solMass
HaloMassEqualZero
1185 16.591022176412835 solMass / solMass
HaloMassEqualZero
HaloMassEqualZero
1188 39.83432356550841 solMass / solMass
1189 3.1551615115405296e+40 solMass / solMass
1190 32.416941869135435 solMass / solMass
1192 3.6266810327742414e+40 solMass / solMass
HaloMassEqualZero
HaloMassEqualZero
1195 42.946046011515854 solMass / solMass
HaloMassEqualZero
1198 142.46236917997902 solMass / solMass
HaloMassEqualZero
1200 8.551903908583796e+22 solMass / solMass
1202 5105.005088910726 solMass / solMass
1203 122.24070559679238 solMass / solMass
HaloMassEqualZero
1205 153.83125337369034 solMass / solMass
1206 120.74713890964776 solMass / solMass
HaloMassEqualZero
HaloMassEqualZero
HaloMassEqualZero
1210 6144.302636358657 solMass / solMass
HaloMassEqualZero
1212 6.8398509537416e+40 solMass / solMass
1213 70.97832513102786 solMass / solMass
1214 309.72374443501116 solMass / solMass
1215 385.628576793231 solMass / solMass
HaloMassEqualZero
HaloMassEqualZero
HaloMassEqualZero
1220 6332.114520912738 solMass / solMass
1221 3.0604702943088454e+40 solMass / solMass
HaloMassEqualZero
1223 287.50341256244116 solMass / solMass
1224 5.017864168292845e+40 solMass / solMass
HaloMassEqualZero
1226 115.5039933840096 solMass / solMass
1227 2.6580678134417486e+43 solMass / solMass
HaloMassEqualZero
1230 5.9100586052464346e+22 solMass / solMass
1231 5998.030476086296 solMass / solMass
HaloMassEqualZero
1233 154.35609423635563 solMass / solMass
1234 133.67026411010744 solMass / solMass
1235 7031.835334575396 solMass / solMass
1236 233.27899750674737 solMass / solMass
1237 211.28746705875017 solMass / solMass
HaloMassEqualZero
1239 378.70678594633915 solMass / solMass
HaloMassEqualZero
HaloMassEqualZero
1244 152.88213220305843 solMass / solMass
1245 2.5914956367552014e+36 solMass / solMass
1246 9.013828341144685e+22 solMass / solMass
1247 175.26127231578278 solMass / solMass
HaloMassEqualZero
HaloMassEqualZero
1250 116.74025644279912 solMass / solMass
HaloMassEqualZero
1252 125.84692628219157 solMass / solMass
HaloMassEqualZero
1254 66.22875348227016 solMass / solMass
HaloMassEqualZero
HaloMassEqualZero
HaloMassEqualZero
HaloMassEqualZero
1260 3.6285893719741594e+40 solMass / solMass
HaloMassEqualZero
1262 1.4917094702453712e+40 solMass / solMass
HaloMassEqualZero
HaloMassEqualZero
1265 1.5929630487976692e+43 solMass / solMass
HaloMassEqualZero
1267 67.24171742225752 solMass / solMass
1270 294.62686683177236 solMass / solMass
HaloMassEqualZero
IsSatellite
1274 6.033170964537325e+40 solMass / solMass
HaloMassEqualZero
HaloMassEqualZero
HaloMassEqualZero
1280 284.7451299249726 solMass / solMass
1282 110.25819197157435 solMass / solMass
1283 14.920481841527186 solMass / solMass
1284 6.212166832755096e+40 solMass / solMass
1285 101.87209891983657 solMass / solMass
IsSatellite
1287 31.523327685910182 solMass / solMass
HaloMassEqualZero
HaloMassEqualZero
HaloMassEqualZero
HaloMassEqualZero
HaloMassEqualZero
HaloMassEqualZero
1295 148.3941493123262 solMass / solMass
1296 468.60486009837973 solMass / solMass
HaloMassEqualZero
1298 54.069487071980724 solMass / solMass
HaloMassEqualZero
IsSatellite
HaloMassEqualZero
HaloMassEqualZero
1304 273.74937240071205 solMass / solMass
HaloMassEqualZero
1306 0.0 solMass / solMass
HaloMassEqualZero
HaloMassEqualZero
1311 78.59878509467381 solMass / solMass
HaloMassEqualZero
1313 3.390917615767118e+43 solMass / solMass
HaloMassEqualZero
HaloMassEqualZero
HaloMassEqualZero
1318 41.23988352055423 solMass / solMass
1319 18.20579749944419 solMass / solMass
1320 635.9076534436593 solMass / solMass
HaloMassEqualZero
1323 432.715083833918 solMass / solMass
1324 191.3876784605292 solMass / solMass
1325 686.7671215745739 solMass / solMass
1326 5.508888291614221e+40 solMass / solMass
IsSatellite
HaloMassEqualZero
HaloMassEqualZero
1331 85.40134426898301 solMass / solMass
HaloMassEqualZero
HaloMassEqualZero
HaloMassEqualZero
1337 5.424843989918433e+40 solMass / solMass
1338 397.1492956289315 solMass / solMass
HaloMassEqualZero
1342 212.55096347962012 solMass / solMass
IsSatellite
HaloMassEqualZero
1345 106.13000495262999 solMass / solMass
HaloMassEqualZero
1347 3.754236031534005e+43 solMass / solMass
HaloMassEqualZero
HaloMassEqualZero
HaloMassEqualZero
HaloMassEqualZero
HaloMassEqualZero
1353 5.322058499912838 solMass / solMass
1354 54.01008313933792 solMass / solMass
HaloMassEqualZero
HaloMassEqualZero
HaloMassEqualZero
HaloMassEqualZero
HaloMassEqualZero
1363 8175.096275856447 solMass / solMass
1364 58.88899685434535 solMass / solMass
HaloMassEqualZero
1366 9.559898261346562e+40 solMass / solMass
HaloMassEqualZero
1368 170.2817727693399 solMass / solMass
1370 3219.4161132400486 solMass / solMass
HaloMassEqualZero
1372 6.4955539335155835e+22 solMass / solMass
1373 8.538549363053467e+40 solMass / solMass
1374 4.415576519112724e+40 solMass / solMass
1375 706.3770148356931 solMass / solMass
HaloMassEqualZero
1380 1197.9453080205146 solMass / solMass
HaloMassEqualZero
HaloMassEqualZero
HaloMassEqualZero
HaloMassEqualZero
1387 123.9921042867096 solMass / solMass
HaloMassEqualZero
HaloMassEqualZero
HaloMassEqualZero
1391 9.365528194061438e+22 solMass / solMass
HaloMassEqualZero
1394 140.34941720557845 solMass / solMass
HaloMassEqualZero
HaloMassEqualZero
IsSatellite
HaloMassEqualZero
HaloMassEqualZero
1401 8.56239571862109e+40 solMass / solMass
HaloMassEqualZero
1403 576.6612930264383 solMass / solMass
1404 337.24351247893134 solMass / solMass
HaloMassEqualZero
1406 147.49746217696725 solMass / solMass
HaloMassEqualZero
HaloMassEqualZero
HaloMassEqualZero
HaloMassEqualZero
HaloMassEqualZero
1412 28.036371364068437 solMass / solMass
HaloMassEqualZero
HaloMassEqualZero
1415 10160.143460654574 solMass / solMass
HaloMassEqualZero
HaloMassEqualZero
HaloMassEqualZero
1421 114.19906885370501 solMass / solMass
HaloMassEqualZero
HaloMassEqualZero
HaloMassEqualZero
1425 749.5031345741015 solMass / solMass
1426 8911.133892794302 solMass / solMass
HaloMassEqualZero
HaloMassEqualZero
HaloMassEqualZero
1432 97.38261605423996 solMass / solMass
HaloMassEqualZero
1434 48.927195349784824 solMass / solMass
HaloMassEqualZero
HaloMassEqualZero
HaloMassEqualZero
HaloMassEqualZero
HaloMassEqualZero
HaloMassEqualZero
HaloMassEqualZero
IsSatellite
1444 3.505660218877298 solMass / solMass
HaloMassEqualZero
1447 431.7076189380443 solMass / solMass
1448 83.84947951786346 solMass / solMass
HaloMassEqualZero
1451 109.634915617709 solMass / solMass
1452 870.7997141677765 solMass / solMass
HaloMassEqualZero
1456 257.6540159380909 solMass / solMass
HaloMassEqualZero
HaloMassEqualZero
HaloMassEqualZero
1460 652.8371556360722 solMass / solMass
HaloMassEqualZero
HaloMassEqualZero
HaloMassEqualZero
1464 4920.78240457926 solMass / solMass
HaloMassEqualZero
1466 230.73743757528212 solMass / solMass
1467 6457.485890611334 solMass / solMass
1468 8.515743716277305e+40 solMass / solMass
1470 112.70297789259033 solMass / solMass
1471 3.159741200575758e+40 solMass / solMass
HaloMassEqualZero
HaloMassEqualZero
HaloMassEqualZero
1477 271.8401719398745 solMass / solMass
1478 10938.047744618325 solMass / solMass
HaloMassEqualZero
HaloMassEqualZero
1481 9.594367562753485e+39 solMass / solMass
1483 273.77360068831695 solMass / solMass
1485 142.20580657390673 solMass / solMass
1486 57.842985707855426 solMass / solMass
1487 6.914494792635874e+40 solMass / solMass
1488 64.91154897786596 solMass / solMass
1490 4.815561123504501e+40 solMass / solMass
HaloMassEqualZero
HaloMassEqualZero
1496 18.823535188293807 solMass / solMass
1497 117.87960699530628 solMass / solMass
HaloMassEqualZero
1501 100.48372678760154 solMass / solMass
1502 162.29219930869965 solMass / solMass
HaloMassEqualZero
1504 117.84831209383333 solMass / solMass
1505 7.4853926559898175e+40 solMass / solMass
1506 181.410140092815 solMass / solMass
HaloMassEqualZero
1509 250.85501587745551 solMass / solMass
HaloMassEqualZero
1511 200.56707675940604 solMass / solMass
1512 307.04236014080124 solMass / solMass
HaloMassEqualZero
HaloMassEqualZero
HaloMassEqualZero
HaloMassEqualZero
1518 199.25705790061403 solMass / solMass
1519 145.69043338445883 solMass / solMass
HaloMassEqualZero
1521 3.1114933352986377e+43 solMass / solMass
1522 77.37217060213332 solMass / solMass
1523 37.334997157369266 solMass / solMass
HaloMassEqualZero
HaloMassEqualZero
HaloMassEqualZero
HaloMassEqualZero
HaloMassEqualZero
1531 4.560834284367022e+40 solMass / solMass
HaloMassEqualZero
1533 123.3479008298055 solMass / solMass
1534 23.43478174920899 solMass / solMass
1535 294.11125944301057 solMass / solMass
1536 159.6182354036544 solMass / solMass
HaloMassEqualZero
HaloMassEqualZero
1540 115.22092408791626 solMass / solMass
HaloMassEqualZero
1542 158.05893245776718 solMass / solMass
HaloMassEqualZero
1544 56.550459788969356 solMass / solMass
1545 780.8923868568672 solMass / solMass
1547 2.1475875347673677e+43 solMass / solMass
HaloMassEqualZero
HaloMassEqualZero
1552 114.5939696917704 solMass / solMass
HaloMassEqualZero
1554 3.1051972955678385e+43 solMass / solMass
HaloMassEqualZero
HaloMassEqualZero
1557 6570.701877030657 solMass / solMass
HaloMassEqualZero
HaloMassEqualZero
HaloMassEqualZero
1561 2911.338721259308 solMass / solMass
HaloMassEqualZero
HaloMassEqualZero
1564 11808.572946276829 solMass / solMass
HaloMassEqualZero
HaloMassEqualZero
1567 140.34936221482894 solMass / solMass
1568 1237.1400880224546 solMass / solMass
1570 378.45860047103287 solMass / solMass
HaloMassEqualZero
HaloMassEqualZero
HaloMassEqualZero
1574 179.35973951380208 solMass / solMass
HaloMassEqualZero
1576 262.2719826175835 solMass / solMass
HaloMassEqualZero
HaloMassEqualZero
HaloMassEqualZero
HaloMassEqualZero
HaloMassEqualZero
HaloMassEqualZero
1587 10741.08198550244 solMass / solMass
HaloMassEqualZero
HaloMassEqualZero
1590 340.4977917953351 solMass / solMass
HaloMassEqualZero
HaloMassEqualZero
HaloMassEqualZero
HaloMassEqualZero
HaloMassEqualZero
HaloMassEqualZero
HaloMassEqualZero
HaloMassEqualZero
HaloMassEqualZero
HaloMassEqualZero
HaloMassEqualZero
1608 256.3053702691407 solMass / solMass
HaloMassEqualZero
HaloMassEqualZero
HaloMassEqualZero
HaloMassEqualZero
1614 1052.15308035349 solMass / solMass
1615 61.501221700815776 solMass / solMass
HaloMassEqualZero
HaloMassEqualZero
HaloMassEqualZero
HaloMassEqualZero
HaloMassEqualZero
HaloMassEqualZero
HaloMassEqualZero
HaloMassEqualZero
1624 32.88081433925284 solMass / solMass
HaloMassEqualZero
1626 203.36073444322184 solMass / solMass
HaloMassEqualZero
HaloMassEqualZero
1629 41.13466578972824 solMass / solMass
HaloMassEqualZero
HaloMassEqualZero
HaloMassEqualZero
HaloMassEqualZero
HaloMassEqualZero
HaloMassEqualZero
HaloMassEqualZero
HaloMassEqualZero
HaloMassEqualZero
1642 9753.861421480851 solMass / solMass
HaloMassEqualZero
1644 8.512755344893977e+40 solMass / solMass
1645 195.11285023466357 solMass / solMass
HaloMassEqualZero
1648 3.092847193157904e-41 solMass / solMass
1649 419.63376537236394 solMass / solMass
HaloMassEqualZero
HaloMassEqualZero
HaloMassEqualZero
HaloMassEqualZero
1658 9.372573872296567e+37 solMass / solMass
HaloMassEqualZero
HaloMassEqualZero
IsSatellite
HaloMassEqualZero
HaloMassEqualZero
HaloMassEqualZero
HaloMassEqualZero
HaloMassEqualZero
1669 102.0270692624416 solMass / solMass
1670 5.540388107752889e+22 solMass / solMass
1671 3742.0610840163667 solMass / solMass
HaloMassEqualZero
HaloMassEqualZero
HaloMassEqualZero
HaloMassEqualZero
HaloMassEqualZero
1678 2408.572674506697 solMass / solMass
HaloMassEqualZero
HaloMassEqualZero
HaloMassEqualZero
HaloMassEqualZero
HaloMassEqualZero
HaloMassEqualZero
1686 536.6621538497521 solMass / solMass
HaloMassEqualZero
HaloMassEqualZero
HaloMassEqualZero
HaloMassEqualZero
HaloMassEqualZero
HaloMassEqualZero
HaloMassEqualZero
1696 5.343620025163964 solMass / solMass
HaloMassEqualZero
1698 549.4344690307187 solMass / solMass
HaloMassEqualZero
HaloMassEqualZero
1704 8739.852985659078 solMass / solMass
HaloMassEqualZero
HaloMassEqualZero
HaloMassEqualZero
HaloMassEqualZero
HaloMassEqualZero
HaloMassEqualZero
HaloMassEqualZero
HaloMassEqualZero
HaloMassEqualZero
HaloMassEqualZero
HaloMassEqualZero
HaloMassEqualZero
HaloMassEqualZero
HaloMassEqualZero
HaloMassEqualZero
HaloMassEqualZero
HaloMassEqualZero
HaloMassEqualZero
HaloMassEqualZero
HaloMassEqualZero
HaloMassEqualZero
HaloMassEqualZero
HaloMassEqualZero
HaloMassEqualZero
HaloMassEqualZero
HaloMassEqualZero
HaloMassEqualZero
HaloMassEqualZero
HaloMassEqualZero
HaloMassEqualZero
1737 7417.141106427716 solMass / solMass
HaloMassEqualZero
HaloMassEqualZero
HaloMassEqualZero
1742 373.8474887049568 solMass / solMass
HaloMassEqualZero
1744 1.157646327384851e+23 solMass / solMass
HaloMassEqualZero
HaloMassEqualZero
HaloMassEqualZero
HaloMassEqualZero
HaloMassEqualZero
HaloMassEqualZero
HaloMassEqualZero
HaloMassEqualZero
HaloMassEqualZero
HaloMassEqualZero
HaloMassEqualZero
HaloMassEqualZero
1758 296.3086870875339 solMass / solMass
HaloMassEqualZero
HaloMassEqualZero
HaloMassEqualZero
HaloMassEqualZero
1763 115.42741161622908 solMass / solMass
HaloMassEqualZero
HaloMassEqualZero
1766 479.48004216520985 solMass / solMass
1767 10457.917302401922 solMass / solMass
HaloMassEqualZero
HaloMassEqualZero
HaloMassEqualZero
HaloMassEqualZero
HaloMassEqualZero
1774 77.86833130252326 solMass / solMass
HaloMassEqualZero
HaloMassEqualZero
1777 386.61479233049306 solMass / solMass
HaloMassEqualZero
HaloMassEqualZero
HaloMassEqualZero
1783 22.49817725752636 solMass / solMass
HaloMassEqualZero
HaloMassEqualZero
HaloMassEqualZero
HaloMassEqualZero
HaloMassEqualZero
1793 120.72111007778382 solMass / solMass
HaloMassEqualZero
1795 6.946652780616092e+40 solMass / solMass
HaloMassEqualZero
1797 248.7694500754458 solMass / solMass
HaloMassEqualZero
HaloMassEqualZero
HaloMassEqualZero
HaloMassEqualZero
HaloMassEqualZero
HaloMassEqualZero
HaloMassEqualZero
1805 158.10069294830035 solMass / solMass
HaloMassEqualZero
HaloMassEqualZero
HaloMassEqualZero
HaloMassEqualZero
HaloMassEqualZero
HaloMassEqualZero
HaloMassEqualZero
1815 66.68391859958665 solMass / solMass
HaloMassEqualZero
HaloMassEqualZero
HaloMassEqualZero
HaloMassEqualZero
HaloMassEqualZero
HaloMassEqualZero
1823 695.5672260585362 solMass / solMass
HaloMassEqualZero
HaloMassEqualZero
1828 203.4156593001513 solMass / solMass
HaloMassEqualZero
1831 143.08518263823444 solMass / solMass
HaloMassEqualZero
HaloMassEqualZero
HaloMassEqualZero
HaloMassEqualZero
HaloMassEqualZero
HaloMassEqualZero
HaloMassEqualZero
HaloMassEqualZero
HaloMassEqualZero
HaloMassEqualZero
HaloMassEqualZero
HaloMassEqualZero
HaloMassEqualZero
1846 130.22742231883092 solMass / solMass
HaloMassEqualZero
HaloMassEqualZero
HaloMassEqualZero
IsSatellite
1852 31.8868280889845 solMass / solMass
HaloMassEqualZero
HaloMassEqualZero
HaloMassEqualZero
HaloMassEqualZero
HaloMassEqualZero
HaloMassEqualZero
HaloMassEqualZero
HaloMassEqualZero
HaloMassEqualZero
HaloMassEqualZero
HaloMassEqualZero
HaloMassEqualZero
HaloMassEqualZero
HaloMassEqualZero
1869 62.560775783653874 solMass / solMass
HaloMassEqualZero
HaloMassEqualZero
HaloMassEqualZero
HaloMassEqualZero
HaloMassEqualZero
HaloMassEqualZero
1879 2145.178163149418 solMass / solMass
HaloMassEqualZero
HaloMassEqualZero
HaloMassEqualZero
HaloMassEqualZero
HaloMassEqualZero
HaloMassEqualZero
1887 1367.5709577678917 solMass / solMass
HaloMassEqualZero
HaloMassEqualZero
1890 3.1767299192646132 solMass / solMass
HaloMassEqualZero
HaloMassEqualZero
HaloMassEqualZero
1894 237.52729992003478 solMass / solMass
1896 24.72671122563481 solMass / solMass
HaloMassEqualZero
HaloMassEqualZero
HaloMassEqualZero
HaloMassEqualZero
HaloMassEqualZero
HaloMassEqualZero
HaloMassEqualZero
HaloMassEqualZero
HaloMassEqualZero
HaloMassEqualZero
HaloMassEqualZero
HaloMassEqualZero
HaloMassEqualZero
HaloMassEqualZero
HaloMassEqualZero
1914 867.318565341434 solMass / solMass
HaloMassEqualZero
HaloMassEqualZero
HaloMassEqualZero
HaloMassEqualZero
HaloMassEqualZero
HaloMassEqualZero
HaloMassEqualZero
HaloMassEqualZero
HaloMassEqualZero
HaloMassEqualZero
HaloMassEqualZero
IsSatellite
HaloMassEqualZero
HaloMassEqualZero
HaloMassEqualZero
HaloMassEqualZero
1936 3.610126690268867e+40 solMass / solMass
HaloMassEqualZero
HaloMassEqualZero
HaloMassEqualZero
HaloMassEqualZero
1941 30.75090628424731 solMass / solMass
HaloMassEqualZero
HaloMassEqualZero
HaloMassEqualZero
HaloMassEqualZero
1947 59.06391068703941 solMass / solMass
HaloMassEqualZero
HaloMassEqualZero
HaloMassEqualZero
HaloMassEqualZero
HaloMassEqualZero
HaloMassEqualZero
HaloMassEqualZero
HaloMassEqualZero
IsSatellite
HaloMassEqualZero
HaloMassEqualZero
HaloMassEqualZero
HaloMassEqualZero
HaloMassEqualZero
HaloMassEqualZero
IsSatellite
HaloMassEqualZero
HaloMassEqualZero
HaloMassEqualZero
HaloMassEqualZero
HaloMassEqualZero
HaloMassEqualZero
HaloMassEqualZero
1974 686.1048937032157 solMass / solMass
HaloMassEqualZero
HaloMassEqualZero
1978 261.69358712807474 solMass / solMass
HaloMassEqualZero
HaloMassEqualZero
HaloMassEqualZero
HaloMassEqualZero
HaloMassEqualZero
1985 6.919096287328659e+40 solMass / solMass
1986 28153.287819003755 solMass / solMass
HaloMassEqualZero
HaloMassEqualZero
HaloMassEqualZero
HaloMassEqualZero
HaloMassEqualZero
HaloMassEqualZero
HaloMassEqualZero
HaloMassEqualZero
HaloMassEqualZero
HaloMassEqualZero
HaloMassEqualZero
2004 67.69941952359974 solMass / solMass
2005 654.7030644265843 solMass / solMass
HaloMassEqualZero
HaloMassEqualZero
HaloMassEqualZero
HaloMassEqualZero
HaloMassEqualZero
HaloMassEqualZero
HaloMassEqualZero
HaloMassEqualZero
HaloMassEqualZero
HaloMassEqualZero
HaloMassEqualZero
HaloMassEqualZero
HaloMassEqualZero
HaloMassEqualZero
HaloMassEqualZero
HaloMassEqualZero
HaloMassEqualZero
HaloMassEqualZero
HaloMassEqualZero
HaloMassEqualZero
HaloMassEqualZero
HaloMassEqualZero
HaloMassEqualZero
HaloMassEqualZero
HaloMassEqualZero
HaloMassEqualZero
HaloMassEqualZero
HaloMassEqualZero
HaloMassEqualZero
HaloMassEqualZero
2042 167.74686053597318 solMass / solMass
HaloMassEqualZero
HaloMassEqualZero
HaloMassEqualZero
HaloMassEqualZero
HaloMassEqualZero
HaloMassEqualZero
2049 110.0160964444067 solMass / solMass
HaloMassEqualZero
HaloMassEqualZero
HaloMassEqualZero
HaloMassEqualZero
HaloMassEqualZero
HaloMassEqualZero
HaloMassEqualZero
HaloMassEqualZero
HaloMassEqualZero
HaloMassEqualZero
HaloMassEqualZero
HaloMassEqualZero
HaloMassEqualZero
HaloMassEqualZero
HaloMassEqualZero
HaloMassEqualZero
HaloMassEqualZero
HaloMassEqualZero
HaloMassEqualZero
HaloMassEqualZero
2072 1.2557464841504462 solMass / solMass
HaloMassEqualZero
HaloMassEqualZero
HaloMassEqualZero
HaloMassEqualZero
HaloMassEqualZero
HaloMassEqualZero
HaloMassEqualZero
HaloMassEqualZero
HaloMassEqualZero
HaloMassEqualZero
HaloMassEqualZero
HaloMassEqualZero
HaloMassEqualZero
HaloMassEqualZero
HaloMassEqualZero
HaloMassEqualZero
HaloMassEqualZero
HaloMassEqualZero
HaloMassEqualZero
HaloMassEqualZero
HaloMassEqualZero
HaloMassEqualZero
HaloMassEqualZero
HaloMassEqualZero
HaloMassEqualZero
HaloMassEqualZero
HaloMassEqualZero
HaloMassEqualZero
HaloMassEqualZero
HaloMassEqualZero
HaloMassEqualZero
HaloMassEqualZero
HaloMassEqualZero
HaloMassEqualZero
HaloMassEqualZero
HaloMassEqualZero
HaloMassEqualZero
HaloMassEqualZero
HaloMassEqualZero
HaloMassEqualZero
HaloMassEqualZero
HaloMassEqualZero
HaloMassEqualZero
HaloMassEqualZero
HaloMassEqualZero
HaloMassEqualZero
HaloMassEqualZero
HaloMassEqualZero
HaloMassEqualZero
HaloMassEqualZero
HaloMassEqualZero
HaloMassEqualZero
HaloMassEqualZero
HaloMassEqualZero
HaloMassEqualZero
IsSatellite
HaloMassEqualZero
HaloMassEqualZero
HaloMassEqualZero
HaloMassEqualZero
HaloMassEqualZero
HaloMassEqualZero
HaloMassEqualZero
HaloMassEqualZero
HaloMassEqualZero
HaloMassEqualZero
HaloMassEqualZero
HaloMassEqualZero
HaloMassEqualZero
HaloMassEqualZero
HaloMassEqualZero
HaloMassEqualZero
HaloMassEqualZero
HaloMassEqualZero
HaloMassEqualZero
HaloMassEqualZero
HaloMassEqualZero
HaloMassEqualZero
HaloMassEqualZero
HaloMassEqualZero
HaloMassEqualZero
2172 7935.81566938242 solMass / solMass
HaloMassEqualZero
HaloMassEqualZero
HaloMassEqualZero
HaloMassEqualZero
HaloMassEqualZero
HaloMassEqualZero
HaloMassEqualZero
HaloMassEqualZero
2182 17.64674530726871 solMass / solMass
HaloMassEqualZero
HaloMassEqualZero
HaloMassEqualZero
HaloMassEqualZero
HaloMassEqualZero
HaloMassEqualZero
HaloMassEqualZero
2190 8.325351757529823e+40 solMass / solMass
HaloMassEqualZero
IsSatellite
HaloMassEqualZero
HaloMassEqualZero
HaloMassEqualZero
HaloMassEqualZero
HaloMassEqualZero
HaloMassEqualZero
HaloMassEqualZero
HaloMassEqualZero
HaloMassEqualZero
HaloMassEqualZero
HaloMassEqualZero
HaloMassEqualZero
HaloMassEqualZero
HaloMassEqualZero
HaloMassEqualZero
HaloMassEqualZero
HaloMassEqualZero
HaloMassEqualZero
HaloMassEqualZero
HaloMassEqualZero
HaloMassEqualZero
IsSatellite
HaloMassEqualZero
2221 51.93132979653868 solMass / solMass
HaloMassEqualZero
HaloMassEqualZero
HaloMassEqualZero
HaloMassEqualZero
HaloMassEqualZero
HaloMassEqualZero
HaloMassEqualZero
HaloMassEqualZero
HaloMassEqualZero
HaloMassEqualZero
HaloMassEqualZero
HaloMassEqualZero
HaloMassEqualZero
HaloMassEqualZero
HaloMassEqualZero
HaloMassEqualZero
HaloMassEqualZero
HaloMassEqualZero
HaloMassEqualZero
HaloMassEqualZero
HaloMassEqualZero
HaloMassEqualZero
HaloMassEqualZero
HaloMassEqualZero
HaloMassEqualZero
HaloMassEqualZero
HaloMassEqualZero
HaloMassEqualZero
HaloMassEqualZero
HaloMassEqualZero
HaloMassEqualZero
HaloMassEqualZero
HaloMassEqualZero
HaloMassEqualZero
HaloMassEqualZero
HaloMassEqualZero
HaloMassEqualZero
HaloMassEqualZero
HaloMassEqualZero
HaloMassEqualZero
HaloMassEqualZero
HaloMassEqualZero
HaloMassEqualZero
HaloMassEqualZero
HaloMassEqualZero
HaloMassEqualZero
HaloMassEqualZero
HaloMassEqualZero
HaloMassEqualZero
HaloMassEqualZero
HaloMassEqualZero
HaloMassEqualZero
HaloMassEqualZero
HaloMassEqualZero
HaloMassEqualZero
HaloMassEqualZero
HaloMassEqualZero
HaloMassEqualZero
2283 432.2945922793939 solMass / solMass
HaloMassEqualZero
HaloMassEqualZero
HaloMassEqualZero
HaloMassEqualZero
HaloMassEqualZero
HaloMassEqualZero
HaloMassEqualZero
HaloMassEqualZero
HaloMassEqualZero
HaloMassEqualZero
HaloMassEqualZero
HaloMassEqualZero
2298 65.96616633956917 solMass / solMass
HaloMassEqualZero
HaloMassEqualZero
HaloMassEqualZero
HaloMassEqualZero
HaloMassEqualZero
HaloMassEqualZero
HaloMassEqualZero
HaloMassEqualZero
HaloMassEqualZero
HaloMassEqualZero
HaloMassEqualZero
HaloMassEqualZero
HaloMassEqualZero
HaloMassEqualZero
HaloMassEqualZero
IsSatellite
HaloMassEqualZero
HaloMassEqualZero
HaloMassEqualZero
2319 2.9233320812709987e+40 solMass / solMass
HaloMassEqualZero
HaloMassEqualZero
HaloMassEqualZero
HaloMassEqualZero
HaloMassEqualZero
HaloMassEqualZero
HaloMassEqualZero
HaloMassEqualZero
HaloMassEqualZero
HaloMassEqualZero
HaloMassEqualZero
HaloMassEqualZero
HaloMassEqualZero
HaloMassEqualZero
HaloMassEqualZero
HaloMassEqualZero
HaloMassEqualZero
HaloMassEqualZero
HaloMassEqualZero
HaloMassEqualZero
HaloMassEqualZero
HaloMassEqualZero
HaloMassEqualZero
HaloMassEqualZero
HaloMassEqualZero
HaloMassEqualZero
HaloMassEqualZero
HaloMassEqualZero
HaloMassEqualZero
HaloMassEqualZero
HaloMassEqualZero
HaloMassEqualZero
HaloMassEqualZero
HaloMassEqualZero
HaloMassEqualZero
HaloMassEqualZero
HaloMassEqualZero
HaloMassEqualZero
HaloMassEqualZero
HaloMassEqualZero
HaloMassEqualZero
HaloMassEqualZero
HaloMassEqualZero
HaloMassEqualZero
HaloMassEqualZero
HaloMassEqualZero
HaloMassEqualZero
HaloMassEqualZero
HaloMassEqualZero
HaloMassEqualZero
HaloMassEqualZero
HaloMassEqualZero
HaloMassEqualZero
HaloMassEqualZero
HaloMassEqualZero
HaloMassEqualZero
HaloMassEqualZero
HaloMassEqualZero
HaloMassEqualZero
HaloMassEqualZero
HaloMassEqualZero
HaloMassEqualZero
HaloMassEqualZero
HaloMassEqualZero
HaloMassEqualZero
HaloMassEqualZero
IsSatellite
HaloMassEqualZero
HaloMassEqualZero
HaloMassEqualZero
HaloMassEqualZero
HaloMassEqualZero
HaloMassEqualZero
HaloMassEqualZero
HaloMassEqualZero
HaloMassEqualZero
HaloMassEqualZero
HaloMassEqualZero
HaloMassEqualZero
HaloMassEqualZero
HaloMassEqualZero
HaloMassEqualZero
HaloMassEqualZero
HaloMassEqualZero
HaloMassEqualZero
HaloMassEqualZero
HaloMassEqualZero
HaloMassEqualZero
HaloMassEqualZero
HaloMassEqualZero
HaloMassEqualZero
HaloMassEqualZero
HaloMassEqualZero
HaloMassEqualZero
HaloMassEqualZero
HaloMassEqualZero
HaloMassEqualZero
HaloMassEqualZero
HaloMassEqualZero
HaloMassEqualZero
HaloMassEqualZero
HaloMassEqualZero
HaloMassEqualZero
HaloMassEqualZero
HaloMassEqualZero
HaloMassEqualZero
HaloMassEqualZero
HaloMassEqualZero
HaloMassEqualZero
HaloMassEqualZero
HaloMassEqualZero
HaloMassEqualZero
HaloMassEqualZero
HaloMassEqualZero
HaloMassEqualZero
HaloMassEqualZero
HaloMassEqualZero
HaloMassEqualZero
HaloMassEqualZero
HaloMassEqualZero
HaloMassEqualZero
2458 2.545677924651105e+40 solMass / solMass
HaloMassEqualZero
HaloMassEqualZero
HaloMassEqualZero
HaloMassEqualZero
HaloMassEqualZero
HaloMassEqualZero
HaloMassEqualZero
HaloMassEqualZero
HaloMassEqualZero
HaloMassEqualZero
HaloMassEqualZero
HaloMassEqualZero
HaloMassEqualZero
HaloMassEqualZero
HaloMassEqualZero
HaloMassEqualZero
HaloMassEqualZero
HaloMassEqualZero
HaloMassEqualZero
HaloMassEqualZero
HaloMassEqualZero
HaloMassEqualZero
HaloMassEqualZero
HaloMassEqualZero
HaloMassEqualZero
HaloMassEqualZero
HaloMassEqualZero
2489 62.645415277253385 solMass / solMass
HaloMassEqualZero
HaloMassEqualZero
HaloMassEqualZero
HaloMassEqualZero
HaloMassEqualZero
2496 3.9041179726721953e+43 solMass / solMass
HaloMassEqualZero
HaloMassEqualZero
HaloMassEqualZero
HaloMassEqualZero
HaloMassEqualZero
HaloMassEqualZero
HaloMassEqualZero
HaloMassEqualZero
HaloMassEqualZero
HaloMassEqualZero
HaloMassEqualZero
HaloMassEqualZero
HaloMassEqualZero
HaloMassEqualZero
HaloMassEqualZero
HaloMassEqualZero
HaloMassEqualZero
HaloMassEqualZero
HaloMassEqualZero
HaloMassEqualZero
HaloMassEqualZero
HaloMassEqualZero
HaloMassEqualZero
HaloMassEqualZero
HaloMassEqualZero
HaloMassEqualZero
HaloMassEqualZero
HaloMassEqualZero
HaloMassEqualZero
HaloMassEqualZero
HaloMassEqualZero
HaloMassEqualZero
HaloMassEqualZero
HaloMassEqualZero
HaloMassEqualZero
HaloMassEqualZero
HaloMassEqualZero
HaloMassEqualZero
HaloMassEqualZero
HaloMassEqualZero
HaloMassEqualZero
HaloMassEqualZero
HaloMassEqualZero
HaloMassEqualZero
HaloMassEqualZero
HaloMassEqualZero
HaloMassEqualZero
HaloMassEqualZero
HaloMassEqualZero
IsSatellite
2553 152.0808362074985 solMass / solMass
HaloMassEqualZero
HaloMassEqualZero
HaloMassEqualZero
HaloMassEqualZero
HaloMassEqualZero
HaloMassEqualZero
HaloMassEqualZero
HaloMassEqualZero
HaloMassEqualZero
IsSatellite
HaloMassEqualZero
HaloMassEqualZero
HaloMassEqualZero
HaloMassEqualZero
HaloMassEqualZero
HaloMassEqualZero
HaloMassEqualZero
HaloMassEqualZero
HaloMassEqualZero
HaloMassEqualZero
HaloMassEqualZero
HaloMassEqualZero
HaloMassEqualZero
HaloMassEqualZero
IsSatellite
HaloMassEqualZero
HaloMassEqualZero
HaloMassEqualZero
HaloMassEqualZero
HaloMassEqualZero
HaloMassEqualZero
HaloMassEqualZero
HaloMassEqualZero
HaloMassEqualZero
HaloMassEqualZero
HaloMassEqualZero
HaloMassEqualZero
HaloMassEqualZero
HaloMassEqualZero
HaloMassEqualZero
HaloMassEqualZero
HaloMassEqualZero
HaloMassEqualZero
HaloMassEqualZero
HaloMassEqualZero
HaloMassEqualZero
HaloMassEqualZero
HaloMassEqualZero
HaloMassEqualZero
HaloMassEqualZero
HaloMassEqualZero
HaloMassEqualZero
HaloMassEqualZero
HaloMassEqualZero
HaloMassEqualZero
HaloMassEqualZero
HaloMassEqualZero
HaloMassEqualZero
HaloMassEqualZero
HaloMassEqualZero
2625 23.988294286674726 solMass / solMass
HaloMassEqualZero
HaloMassEqualZero
HaloMassEqualZero
HaloMassEqualZero
HaloMassEqualZero
HaloMassEqualZero
HaloMassEqualZero
HaloMassEqualZero
HaloMassEqualZero
HaloMassEqualZero
HaloMassEqualZero
HaloMassEqualZero
HaloMassEqualZero
HaloMassEqualZero
HaloMassEqualZero
HaloMassEqualZero
HaloMassEqualZero
HaloMassEqualZero
HaloMassEqualZero
HaloMassEqualZero
HaloMassEqualZero
HaloMassEqualZero
HaloMassEqualZero
HaloMassEqualZero
HaloMassEqualZero
HaloMassEqualZero
HaloMassEqualZero
HaloMassEqualZero
HaloMassEqualZero
HaloMassEqualZero
HaloMassEqualZero
HaloMassEqualZero
HaloMassEqualZero
HaloMassEqualZero
HaloMassEqualZero
HaloMassEqualZero
HaloMassEqualZero
HaloMassEqualZero
HaloMassEqualZero
HaloMassEqualZero
HaloMassEqualZero
HaloMassEqualZero
HaloMassEqualZero
HaloMassEqualZero
HaloMassEqualZero
HaloMassEqualZero
HaloMassEqualZero
HaloMassEqualZero
HaloMassEqualZero
HaloMassEqualZero
HaloMassEqualZero
HaloMassEqualZero
2686 158.0447277092128 solMass / solMass
HaloMassEqualZero
HaloMassEqualZero
HaloMassEqualZero
HaloMassEqualZero
HaloMassEqualZero
HaloMassEqualZero
HaloMassEqualZero
HaloMassEqualZero
HaloMassEqualZero
HaloMassEqualZero
HaloMassEqualZero
HaloMassEqualZero
HaloMassEqualZero
HaloMassEqualZero
HaloMassEqualZero
HaloMassEqualZero
HaloMassEqualZero
HaloMassEqualZero
HaloMassEqualZero
HaloMassEqualZero
HaloMassEqualZero
HaloMassEqualZero
HaloMassEqualZero
HaloMassEqualZero
HaloMassEqualZero
HaloMassEqualZero
HaloMassEqualZero
HaloMassEqualZero
HaloMassEqualZero
HaloMassEqualZero
HaloMassEqualZero
HaloMassEqualZero
HaloMassEqualZero
HaloMassEqualZero
HaloMassEqualZero
HaloMassEqualZero
HaloMassEqualZero
HaloMassEqualZero
HaloMassEqualZero
HaloMassEqualZero
HaloMassEqualZero
HaloMassEqualZero
HaloMassEqualZero
HaloMassEqualZero
HaloMassEqualZero
HaloMassEqualZero
HaloMassEqualZero
HaloMassEqualZero
HaloMassEqualZero
HaloMassEqualZero
HaloMassEqualZero
HaloMassEqualZero
HaloMassEqualZero
HaloMassEqualZero
HaloMassEqualZero
HaloMassEqualZero
HaloMassEqualZero
HaloMassEqualZero
HaloMassEqualZero
HaloMassEqualZero
HaloMassEqualZero
HaloMassEqualZero
HaloMassEqualZero
HaloMassEqualZero
HaloMassEqualZero
HaloMassEqualZero
HaloMassEqualZero
HaloMassEqualZero
HaloMassEqualZero
HaloMassEqualZero
HaloMassEqualZero
HaloMassEqualZero
HaloMassEqualZero
HaloMassEqualZero
HaloMassEqualZero
HaloMassEqualZero
HaloMassEqualZero
HaloMassEqualZero
HaloMassEqualZero
HaloMassEqualZero
HaloMassEqualZero
HaloMassEqualZero
HaloMassEqualZero
HaloMassEqualZero
HaloMassEqualZero
HaloMassEqualZero
HaloMassEqualZero
HaloMassEqualZero
HaloMassEqualZero
HaloMassEqualZero
HaloMassEqualZero
HaloMassEqualZero
HaloMassEqualZero
HaloMassEqualZero
HaloMassEqualZero
HaloMassEqualZero
HaloMassEqualZero
HaloMassEqualZero
HaloMassEqualZero
HaloMassEqualZero
HaloMassEqualZero
HaloMassEqualZero
HaloMassEqualZero
HaloMassEqualZero
HaloMassEqualZero
HaloMassEqualZero
HaloMassEqualZero
HaloMassEqualZero
HaloMassEqualZero
HaloMassEqualZero
HaloMassEqualZero
HaloMassEqualZero
HaloMassEqualZero
HaloMassEqualZero
HaloMassEqualZero
HaloMassEqualZero
HaloMassEqualZero
HaloMassEqualZero
HaloMassEqualZero
HaloMassEqualZero
HaloMassEqualZero
HaloMassEqualZero
HaloMassEqualZero
HaloMassEqualZero
HaloMassEqualZero
HaloMassEqualZero
HaloMassEqualZero
HaloMassEqualZero
HaloMassEqualZero
IsSatellite
HaloMassEqualZero
HaloMassEqualZero
HaloMassEqualZero
HaloMassEqualZero
HaloMassEqualZero
HaloMassEqualZero
HaloMassEqualZero
HaloMassEqualZero
HaloMassEqualZero
HaloMassEqualZero
HaloMassEqualZero
HaloMassEqualZero
HaloMassEqualZero
HaloMassEqualZero
HaloMassEqualZero
HaloMassEqualZero
HaloMassEqualZero
HaloMassEqualZero
HaloMassEqualZero
HaloMassEqualZero
HaloMassEqualZero
HaloMassEqualZero
HaloMassEqualZero
HaloMassEqualZero
HaloMassEqualZero
HaloMassEqualZero
HaloMassEqualZero
HaloMassEqualZero
HaloMassEqualZero
HaloMassEqualZero
HaloMassEqualZero
HaloMassEqualZero
HaloMassEqualZero
IsSatellite
HaloMassEqualZero
HaloMassEqualZero
HaloMassEqualZero
HaloMassEqualZero
HaloMassEqualZero
HaloMassEqualZero
HaloMassEqualZero
HaloMassEqualZero
HaloMassEqualZero
HaloMassEqualZero
HaloMassEqualZero
HaloMassEqualZero
HaloMassEqualZero
HaloMassEqualZero
HaloMassEqualZero
HaloMassEqualZero
IsSatellite
HaloMassEqualZero
HaloMassEqualZero
HaloMassEqualZero
HaloMassEqualZero
HaloMassEqualZero
HaloMassEqualZero
HaloMassEqualZero
HaloMassEqualZero
HaloMassEqualZero
HaloMassEqualZero
HaloMassEqualZero
HaloMassEqualZero
HaloMassEqualZero
HaloMassEqualZero
HaloMassEqualZero
HaloMassEqualZero
HaloMassEqualZero
HaloMassEqualZero
HaloMassEqualZero
HaloMassEqualZero
HaloMassEqualZero
HaloMassEqualZero
HaloMassEqualZero
HaloMassEqualZero
HaloMassEqualZero
HaloMassEqualZero
HaloMassEqualZero
HaloMassEqualZero
HaloMassEqualZero
HaloMassEqualZero
HaloMassEqualZero
HaloMassEqualZero
HaloMassEqualZero
HaloMassEqualZero
HaloMassEqualZero
HaloMassEqualZero
HaloMassEqualZero
HaloMassEqualZero
HaloMassEqualZero
HaloMassEqualZero
HaloMassEqualZero
HaloMassEqualZero
HaloMassEqualZero
HaloMassEqualZero
HaloMassEqualZero
HaloMassEqualZero
HaloMassEqualZero
HaloMassEqualZero
HaloMassEqualZero
HaloMassEqualZero
HaloMassEqualZero
HaloMassEqualZero
HaloMassEqualZero
HaloMassEqualZero
HaloMassEqualZero
HaloMassEqualZero
HaloMassEqualZero
HaloMassEqualZero
HaloMassEqualZero
HaloMassEqualZero
HaloMassEqualZero
HaloMassEqualZero
HaloMassEqualZero
HaloMassEqualZero
HaloMassEqualZero
HaloMassEqualZero
HaloMassEqualZero
HaloMassEqualZero
HaloMassEqualZero
HaloMassEqualZero
HaloMassEqualZero
HaloMassEqualZero
HaloMassEqualZero
HaloMassEqualZero
HaloMassEqualZero
HaloMassEqualZero
HaloMassEqualZero
HaloMassEqualZero
HaloMassEqualZero
HaloMassEqualZero
HaloMassEqualZero
HaloMassEqualZero
HaloMassEqualZero
HaloMassEqualZero
HaloMassEqualZero
HaloMassEqualZero
HaloMassEqualZero
HaloMassEqualZero
HaloMassEqualZero
HaloMassEqualZero
HaloMassEqualZero
HaloMassEqualZero
HaloMassEqualZero
HaloMassEqualZero
HaloMassEqualZero
HaloMassEqualZero
HaloMassEqualZero
HaloMassEqualZero
123AllDone123
