yt : [INFO     ] 2017-07-20 17:09:41,357 Parameters: current_time              = 3.75573046409e+16
yt : [INFO     ] 2017-07-20 17:09:41,358 Parameters: domain_dimensions         = [2 2 2]
yt : [INFO     ] 2017-07-20 17:09:41,358 Parameters: domain_left_edge          = [ 0.  0.  0.]
yt : [INFO     ] 2017-07-20 17:09:41,359 Parameters: domain_right_edge         = [  2.22535525e+25   2.22535525e+25   2.22535525e+25]
yt : [INFO     ] 2017-07-20 17:09:41,359 Parameters: cosmological_simulation   = 1
yt : [INFO     ] 2017-07-20 17:09:41,359 Parameters: current_redshift          = 4.99999998323
yt : [INFO     ] 2017-07-20 17:09:41,359 Parameters: omega_lambda              = 0.712
yt : [INFO     ] 2017-07-20 17:09:41,359 Parameters: omega_matter              = 0.288
yt : [INFO     ] 2017-07-20 17:09:41,359 Parameters: hubble_constant           = 0.6933
yt : [INFO     ] 2017-07-20 17:09:41,498 Parameters: current_time              = 158.01757996843
yt : [INFO     ] 2017-07-20 17:09:41,499 Parameters: domain_dimensions         = [128 128 128]
yt : [INFO     ] 2017-07-20 17:09:41,499 Parameters: domain_left_edge          = [ 0.  0.  0.]
yt : [INFO     ] 2017-07-20 17:09:41,500 Parameters: domain_right_edge         = [ 1.  1.  1.]
yt : [INFO     ] 2017-07-20 17:09:41,500 Parameters: cosmological_simulation   = 1
yt : [INFO     ] 2017-07-20 17:09:41,500 Parameters: current_redshift          = 4.9999999832278
yt : [INFO     ] 2017-07-20 17:09:41,500 Parameters: omega_lambda              = 0.712
yt : [INFO     ] 2017-07-20 17:09:41,500 Parameters: omega_matter              = 0.288
yt : [INFO     ] 2017-07-20 17:09:41,500 Parameters: hubble_constant           = 0.6933
yt : [INFO     ] 2017-07-20 17:09:41,503 Allocating for 9.178e+03 particles (index particle type 'all')
yt : [INFO     ] 2017-07-20 17:09:41,509 Identified 3.025e+03 octs
IsSatellite
1 2.305267295890719 solMass / solMass
2 5.108455106920023 solMass / solMass
3 3.4260639022291284 solMass / solMass
4 1.2065652090501782 solMass / solMass
5 2.4373126665702918 solMass / solMass
6 2.338654226569223 solMass / solMass
7 1.7409759437043684 solMass / solMass
8 2.566126229147976 solMass / solMass
9 2.2625533071800934 solMass / solMass
10 7.148921734565162 solMass / solMass
11 10.429993565944734 solMass / solMass
12 0.17413672182137593 solMass / solMass
13 2.790492401422124 solMass / solMass
14 1.145439354943006 solMass / solMass
IsSatellite
16 4.094488118286289 solMass / solMass
17 5.149219003022066 solMass / solMass
18 3.7826284337338114 solMass / solMass
19 1.3418417896060515 solMass / solMass
20 6.209206000550721 solMass / solMass
21 5.24834556447521 solMass / solMass
22 7.544129743849473 solMass / solMass
23 8.72169005813427 solMass / solMass
24 8.294683949175872e+34 solMass / solMass
25 8.30361924590492e+34 solMass / solMass
26 5.468761016374766 solMass / solMass
27 4.279446132866576 solMass / solMass
28 9.43481209361061 solMass / solMass
29 9.4643753552876e+34 solMass / solMass
30 1.381438427480549 solMass / solMass
31 4.728361646781029 solMass / solMass
32 7.632013295824547 solMass / solMass
33 5.112749387508704 solMass / solMass
34 7.905880501857225 solMass / solMass
IsSatellite
36 1.299252300320957 solMass / solMass
37 6.832245844386215 solMass / solMass
38 6.109274424441436 solMass / solMass
39 7.293606932779338 solMass / solMass
40 20.321104162664756 solMass / solMass
41 9.37667041687671 solMass / solMass
42 7.351163350442209 solMass / solMass
43 10.568840108309765 solMass / solMass
44 7.97101797764545 solMass / solMass
45 6.341834887811417 solMass / solMass
46 5.444212052274239 solMass / solMass
47 9.711604040512393 solMass / solMass
48 11.115934964065044 solMass / solMass
49 9.101123220601329 solMass / solMass
50 16.287079349763072 solMass / solMass
51 3.3238638640139855 solMass / solMass
52 4.304453763488694 solMass / solMass
53 3.8519669756805386 solMass / solMass
54 5.093560158346087 solMass / solMass
55 10.486830671472537 solMass / solMass
56 11.535345274142676 solMass / solMass
57 11.096857297546078 solMass / solMass
58 26.163142197551196 solMass / solMass
59 1.5111382832369118 solMass / solMass
60 11.790669552440372 solMass / solMass
61 6.2400217554119415 solMass / solMass
62 1.0055153348461406e-34 solMass / solMass
63 14.050497476527196 solMass / solMass
64 21.727855625698417 solMass / solMass
65 14.305547880804534 solMass / solMass
66 1.5042695046209914e+35 solMass / solMass
67 1.5007606005139225e+35 solMass / solMass
68 15.757993699127491 solMass / solMass
69 15.16510803717977 solMass / solMass
70 10.004791734051377 solMass / solMass
71 3.3518647524440883 solMass / solMass
72 23.617251246855307 solMass / solMass
73 2.0298015753472284e+35 solMass / solMass
74 22.37064893821854 solMass / solMass
75 18.509646161509256 solMass / solMass
76 15.77901353155279 solMass / solMass
77 1.883621739628571 solMass / solMass
78 14.219938374779616 solMass / solMass
79 7.0898389889089595 solMass / solMass
80 10.799453208349814 solMass / solMass
81 39.661981700621595 solMass / solMass
82 16.28501873661501 solMass / solMass
83 15.23961507024694 solMass / solMass
84 13.966138004618747 solMass / solMass
85 11.931009307864256 solMass / solMass
86 14.939659545653258 solMass / solMass
87 16.14138498341761 solMass / solMass
88 14.348968968730128 solMass / solMass
89 31.968393810288585 solMass / solMass
90 42.465875603148085 solMass / solMass
91 20.86632681583926 solMass / solMass
92 5.326836919481933 solMass / solMass
93 7.0676628864564615 solMass / solMass
94 18.721489334705844 solMass / solMass
95 44.424909752883345 solMass / solMass
96 20.68035062789065 solMass / solMass
97 11.565835812120891 solMass / solMass
98 5.301779821146766 solMass / solMass
99 16.24938790747602 solMass / solMass
100 18.200683967955253 solMass / solMass
101 10.467771459192319 solMass / solMass
102 21.954251974284333 solMass / solMass
103 18.461337283024424 solMass / solMass
104 11.434552840703933 solMass / solMass
105 12.94760673960042 solMass / solMass
106 13.54510923090405 solMass / solMass
107 28.378037565955307 solMass / solMass
108 11.057618261311822 solMass / solMass
109 24.04011824002799 solMass / solMass
110 2.47979529639461e+35 solMass / solMass
111 14.157744448731057 solMass / solMass
112 23.193071291235775 solMass / solMass
113 9.757388410703372 solMass / solMass
114 13.4831002622478 solMass / solMass
115 2.904035243652205e+35 solMass / solMass
116 4.400793861400514 solMass / solMass
117 29.397705117409878 solMass / solMass
118 22.9038893493689 solMass / solMass
119 4.658123478728834 solMass / solMass
120 12.659952330706556 solMass / solMass
121 20.272605519453688 solMass / solMass
122 27.419568117627495 solMass / solMass
123 25.38217757907839 solMass / solMass
124 5.82106536906264 solMass / solMass
125 23.366447042610215 solMass / solMass
126 16.538852401062794 solMass / solMass
127 25.231402800134397 solMass / solMass
128 6.825692853287578 solMass / solMass
129 2.161189692040157 solMass / solMass
130 21.02480312707414 solMass / solMass
131 23.286906299154634 solMass / solMass
132 15.716921910379874 solMass / solMass
133 59.08571429242046 solMass / solMass
134 0.21336133460189077 solMass / solMass
135 23.43207238842639 solMass / solMass
136 39.10297897016261 solMass / solMass
137 3.416202298995985e+35 solMass / solMass
138 10.432127312803825 solMass / solMass
139 11.031234881383751 solMass / solMass
140 18.889148760804403 solMass / solMass
141 20.712150364700808 solMass / solMass
142 1.0998192597048455 solMass / solMass
143 27.138932446814415 solMass / solMass
144 27.791848891482427 solMass / solMass
145 79.28051698304301 solMass / solMass
146 108.75061922212151 solMass / solMass
147 19.679219269037688 solMass / solMass
148 16.561492367133752 solMass / solMass
149 17.811897040931985 solMass / solMass
150 43.12631727361546 solMass / solMass
151 11.129272218495792 solMass / solMass
152 6.236464579698279 solMass / solMass
153 5.042762182131979 solMass / solMass
154 12.853807802796544 solMass / solMass
155 25.960829581500843 solMass / solMass
156 13.214814281678313 solMass / solMass
157 3.493104398516316e+35 solMass / solMass
158 37.88673369799107 solMass / solMass
159 20.6191694811871 solMass / solMass
160 25.58754265336145 solMass / solMass
161 6.559017153523599 solMass / solMass
162 21.673975969061825 solMass / solMass
163 34.125996049952825 solMass / solMass
164 27.017574673071106 solMass / solMass
165 22.08338148556642 solMass / solMass
166 5.962109342490105 solMass / solMass
167 18.586512496267108 solMass / solMass
168 15.650670726620115 solMass / solMass
169 2.6548984046408983 solMass / solMass
170 11.744931861478083 solMass / solMass
171 17.59927548585613 solMass / solMass
172 31.69916912158001 solMass / solMass
173 31.51562932443638 solMass / solMass
174 30.528571464317302 solMass / solMass
175 16.88026694771316 solMass / solMass
176 11.161053514216153 solMass / solMass
177 4.9699321658285266e+35 solMass / solMass
178 21.26926029229073 solMass / solMass
179 63.198768544409425 solMass / solMass
180 17.75895368644867 solMass / solMass
181 2.378354292032922 solMass / solMass
182 41.30131263686134 solMass / solMass
183 25.098227828885985 solMass / solMass
184 40.400168030622396 solMass / solMass
185 25.016834951922334 solMass / solMass
186 105.62657654395993 solMass / solMass
187 3.6246913170134234 solMass / solMass
188 42.46466739339593 solMass / solMass
189 31.015713104985124 solMass / solMass
190 17.718105683225215 solMass / solMass
191 32.32932997523703 solMass / solMass
192 44.56323305313774 solMass / solMass
193 55.7053824690038 solMass / solMass
194 15.82367341999442 solMass / solMass
195 4.851098858891726e+35 solMass / solMass
196 117.36553928378025 solMass / solMass
197 32.13712902552173 solMass / solMass
198 19.05375574818742 solMass / solMass
199 38.15815724592229 solMass / solMass
200 27.894025785092275 solMass / solMass
201 95.38382794270467 solMass / solMass
202 26.812724186933167 solMass / solMass
203 37.852322254145356 solMass / solMass
204 45.818596936999214 solMass / solMass
205 4.9897834427694406e+35 solMass / solMass
206 77.8540359996332 solMass / solMass
207 37.30576476537098 solMass / solMass
208 10.684123629073046 solMass / solMass
209 9.51547665364653 solMass / solMass
210 34.06081781524411 solMass / solMass
211 8.110216933234609 solMass / solMass
212 98.4569416225905 solMass / solMass
213 37.7030145360208 solMass / solMass
214 25.694314375696777 solMass / solMass
215 38.14122545957594 solMass / solMass
216 29.199894563018074 solMass / solMass
217 26.006264766674523 solMass / solMass
218 37.791889080616215 solMass / solMass
219 12.983728272825722 solMass / solMass
220 32.35676922635191 solMass / solMass
221 42.27504634294661 solMass / solMass
222 0.7330637503140407 solMass / solMass
223 57.98708884695166 solMass / solMass
224 27.732911003984306 solMass / solMass
225 65.39754336245942 solMass / solMass
226 18.758199182228672 solMass / solMass
227 42.72551106592416 solMass / solMass
228 15.075526107657266 solMass / solMass
229 5.698177676973018e+35 solMass / solMass
230 67.43142540770474 solMass / solMass
231 21.67501329619265 solMass / solMass
232 29.28372764594259 solMass / solMass
233 66.6445112285411 solMass / solMass
234 38.72125749290071 solMass / solMass
235 34.49974421491018 solMass / solMass
236 64.18862459892232 solMass / solMass
237 26.136119118967276 solMass / solMass
238 35.70495379860175 solMass / solMass
239 7.096243299174929e+35 solMass / solMass
240 42.83123884709473 solMass / solMass
241 5.8456653492599655e+35 solMass / solMass
242 73.36825977145008 solMass / solMass
243 157.23205615563657 solMass / solMass
244 55.47122699279619 solMass / solMass
245 51.22776444264792 solMass / solMass
246 33.59382581924534 solMass / solMass
247 46.87935800360142 solMass / solMass
248 39.18355912587489 solMass / solMass
249 167.18008099414394 solMass / solMass
250 6.319458941530381 solMass / solMass
251 56.55667683068857 solMass / solMass
252 28.475709425442012 solMass / solMass
253 34.298931195751464 solMass / solMass
254 49.3154986417024 solMass / solMass
255 9.994453360010434 solMass / solMass
256 80.36567159764594 solMass / solMass
257 95.82056116001783 solMass / solMass
258 1.4081174825227565 solMass / solMass
259 40.57752596202576 solMass / solMass
260 6.798145758797975 solMass / solMass
261 12.884831091793336 solMass / solMass
262 78.76722007350185 solMass / solMass
263 9.98273753712287 solMass / solMass
264 57.47524891537489 solMass / solMass
265 1.4669454626376461 solMass / solMass
266 27.578168910395384 solMass / solMass
267 48.60080951586059 solMass / solMass
268 62.48864626885913 solMass / solMass
269 35.119220112373775 solMass / solMass
270 41.838393551604405 solMass / solMass
271 43.729845606747915 solMass / solMass
272 43.17679071687267 solMass / solMass
273 76.95623544657072 solMass / solMass
274 55.8112980722802 solMass / solMass
275 67.71239720732635 solMass / solMass
276 112.62968497604226 solMass / solMass
277 29.883644414534242 solMass / solMass
278 12.141605080623911 solMass / solMass
279 53.62285055522366 solMass / solMass
280 6.89358865590304e+35 solMass / solMass
281 33.31272351724199 solMass / solMass
282 61.31531827318389 solMass / solMass
283 40.2735796691966 solMass / solMass
284 66.49192435560116 solMass / solMass
285 5.422208325204157 solMass / solMass
286 70.55848311027961 solMass / solMass
287 20.763759323824285 solMass / solMass
288 25.551039905717502 solMass / solMass
289 50.426887040181924 solMass / solMass
290 33.37727969619598 solMass / solMass
291 35.441535333732666 solMass / solMass
292 7.202145024571914e+35 solMass / solMass
293 19.600808596590884 solMass / solMass
294 0.7243843603641467 solMass / solMass
295 38.31497047790803 solMass / solMass
296 69.82321675511322 solMass / solMass
297 41.68464907219649 solMass / solMass
298 106.18742838363896 solMass / solMass
299 30.318601527779936 solMass / solMass
300 18.987641073270474 solMass / solMass
301 13.241665603124952 solMass / solMass
302 51.028027836136026 solMass / solMass
303 0.7096016756163723 solMass / solMass
304 14.176279748723394 solMass / solMass
305 55.972198363159386 solMass / solMass
306 4.945649764532518 solMass / solMass
307 63.75880085583224 solMass / solMass
308 8.413064205864945e+35 solMass / solMass
309 29.556829500788997 solMass / solMass
310 50.86565445776513 solMass / solMass
311 51.75711729125685 solMass / solMass
312 39.62867332086324 solMass / solMass
313 87.79636759150964 solMass / solMass
314 9.85088361655285e+35 solMass / solMass
315 90.97842679099489 solMass / solMass
316 25.306735240884464 solMass / solMass
317 67.81806606979798 solMass / solMass
318 54.45059217933993 solMass / solMass
319 53.740262192031466 solMass / solMass
320 78.36234376418652 solMass / solMass
321 41.32675424298885 solMass / solMass
322 6.227294303661464 solMass / solMass
323 122.35000787719403 solMass / solMass
324 24.92115279782736 solMass / solMass
325 42.08554515441036 solMass / solMass
326 104.49187569826171 solMass / solMass
327 184.12154232952523 solMass / solMass
328 110.04998744245087 solMass / solMass
329 132.5507958090755 solMass / solMass
330 42.74085802224757 solMass / solMass
331 26.264745192760802 solMass / solMass
332 74.53898372041198 solMass / solMass
333 109.10580047917455 solMass / solMass
334 32.86237146508477 solMass / solMass
335 28.18940820445226 solMass / solMass
336 0.6781412098233921 solMass / solMass
337 124.1425355217444 solMass / solMass
338 47.82273034913202 solMass / solMass
339 24.16263647663301 solMass / solMass
340 33.35252749270705 solMass / solMass
341 18.723698648708872 solMass / solMass
342 98.32889492251891 solMass / solMass
343 69.16879313739574 solMass / solMass
344 23.91965658209818 solMass / solMass
345 7.17209000248941e+35 solMass / solMass
346 79.62941614773868 solMass / solMass
347 103.44549299371054 solMass / solMass
348 57.668741360040116 solMass / solMass
349 56.49604477450641 solMass / solMass
350 57.55536880368222 solMass / solMass
351 8.296072388025618 solMass / solMass
352 38.99914327774626 solMass / solMass
353 66.22595558404579 solMass / solMass
354 68.51133681753319 solMass / solMass
355 68.22611595016583 solMass / solMass
356 197.4385703382485 solMass / solMass
357 163.39069057170175 solMass / solMass
358 35.284011420015496 solMass / solMass
359 109.51435663746852 solMass / solMass
360 27.045150418769566 solMass / solMass
361 63.97938850042784 solMass / solMass
362 11.88776809132262 solMass / solMass
363 3.838928072927764 solMass / solMass
364 126.53678285220279 solMass / solMass
365 98.64701947919868 solMass / solMass
366 98.32184980364363 solMass / solMass
367 76.5973699052698 solMass / solMass
368 127.57575818100663 solMass / solMass
369 44.50377921077546 solMass / solMass
370 15.713640950738307 solMass / solMass
371 19.99504981594363 solMass / solMass
372 15.511733211617384 solMass / solMass
373 63.80448484509816 solMass / solMass
374 26.096908582043785 solMass / solMass
375 51.48601097609113 solMass / solMass
376 138.22546758397678 solMass / solMass
377 62.74468425610914 solMass / solMass
378 92.98307948687315 solMass / solMass
379 203.79044906313914 solMass / solMass
380 95.76052305900856 solMass / solMass
381 86.74308583324618 solMass / solMass
382 99.41481177713655 solMass / solMass
383 8.05290292394195 solMass / solMass
384 68.26723718977075 solMass / solMass
385 47.30300177829311 solMass / solMass
386 35.378914558982856 solMass / solMass
387 79.57886753114441 solMass / solMass
388 262.55452788098955 solMass / solMass
389 58.402193154097176 solMass / solMass
390 59.22645875538893 solMass / solMass
391 82.56594884565966 solMass / solMass
392 44.279833256312905 solMass / solMass
393 259.6613955541735 solMass / solMass
394 47.37889764523571 solMass / solMass
395 66.86644924611089 solMass / solMass
396 29.98885683395821 solMass / solMass
397 41.73533208358407 solMass / solMass
398 49.15892906718198 solMass / solMass
399 44.06396230260895 solMass / solMass
400 113.17648750236935 solMass / solMass
401 41.11401701909836 solMass / solMass
402 92.85574665838547 solMass / solMass
403 41.024475040600734 solMass / solMass
404 4.05519432869837 solMass / solMass
405 121.50041604632781 solMass / solMass
406 32.58039935297235 solMass / solMass
407 37.854426121426734 solMass / solMass
408 157.80976849559437 solMass / solMass
409 10.251481987511605 solMass / solMass
410 93.94591183050925 solMass / solMass
411 55.801386972329816 solMass / solMass
412 35.9086069360046 solMass / solMass
413 97.65697862990007 solMass / solMass
414 47.64857779076446 solMass / solMass
415 68.73799634937963 solMass / solMass
416 98.86968298718375 solMass / solMass
417 12.040738672190813 solMass / solMass
418 85.2909008849598 solMass / solMass
419 27.373897706144902 solMass / solMass
420 72.38099459114285 solMass / solMass
421 77.32752437978813 solMass / solMass
422 38.247729413399725 solMass / solMass
423 26.030177043006812 solMass / solMass
424 135.9295494384517 solMass / solMass
425 179.63016636115321 solMass / solMass
426 49.26515637856594 solMass / solMass
427 173.88677674295653 solMass / solMass
428 222.57546337744435 solMass / solMass
429 80.91447800950435 solMass / solMass
430 75.17804878075644 solMass / solMass
431 308.65464225136265 solMass / solMass
432 37.42550431558737 solMass / solMass
433 91.36299192063329 solMass / solMass
434 135.14902070079097 solMass / solMass
435 318.9888577396135 solMass / solMass
436 18.7646643659533 solMass / solMass
437 17.505247530863087 solMass / solMass
IsSatellite
439 119.01270055543856 solMass / solMass
440 86.26424221964984 solMass / solMass
441 65.29759527335328 solMass / solMass
442 191.0379156484876 solMass / solMass
443 41.11789056228573 solMass / solMass
444 161.74519102005246 solMass / solMass
445 68.53588735242889 solMass / solMass
446 78.66365882026224 solMass / solMass
447 18.219399997892 solMass / solMass
448 10.986266358165384 solMass / solMass
449 27.82142704795892 solMass / solMass
450 93.35740479638879 solMass / solMass
451 114.67669456613989 solMass / solMass
452 72.00253738509514 solMass / solMass
453 89.17295940598817 solMass / solMass
454 44.49390141464733 solMass / solMass
455 23.71750346331831 solMass / solMass
456 1.1559262533493881e+36 solMass / solMass
IsSatellite
458 82.56489992201249 solMass / solMass
459 27.92593780156316 solMass / solMass
460 1.0734090669540142e+36 solMass / solMass
461 9.57999630616566e+35 solMass / solMass
462 49.9420161091661 solMass / solMass
463 13.155929160372583 solMass / solMass
464 82.3356606468499 solMass / solMass
465 4.0919874617277685 solMass / solMass
466 105.32523559926021 solMass / solMass
467 141.6404278025297 solMass / solMass
468 135.8887175467124 solMass / solMass
469 41.95818584642476 solMass / solMass
IsSatellite
471 51.133104697049426 solMass / solMass
472 58.286995426346 solMass / solMass
473 54.32194255065581 solMass / solMass
474 54.55316581946989 solMass / solMass
475 2.869692525944076 solMass / solMass
476 86.91370963982246 solMass / solMass
477 58.840447948280215 solMass / solMass
478 58.950770293675006 solMass / solMass
479 107.01240121026724 solMass / solMass
480 54.82088598421178 solMass / solMass
481 26.016367914277268 solMass / solMass
482 123.12006049885183 solMass / solMass
483 71.61251808375873 solMass / solMass
484 1.2394791038271082e+36 solMass / solMass
IsSatellite
486 2.999214718378425 solMass / solMass
487 102.34226472399739 solMass / solMass
488 50.734215279168204 solMass / solMass
489 102.8118054057294 solMass / solMass
490 79.99502376187597 solMass / solMass
491 20.583786948313826 solMass / solMass
492 86.25196596809619 solMass / solMass
493 3.025672600274114 solMass / solMass
494 137.94794281239442 solMass / solMass
495 129.8916158909674 solMass / solMass
496 142.1388550375216 solMass / solMass
497 22.862959500926042 solMass / solMass
498 80.22054510524703 solMass / solMass
499 15.622213442735827 solMass / solMass
500 136.69479822117583 solMass / solMass
501 106.81357342055915 solMass / solMass
502 15.180351127249926 solMass / solMass
503 192.90471433038243 solMass / solMass
504 56.86923635066552 solMass / solMass
505 123.89942765622635 solMass / solMass
506 74.57743936988929 solMass / solMass
507 58.67909978575428 solMass / solMass
508 65.50093892088543 solMass / solMass
509 2.2860383154689385 solMass / solMass
510 41.14474039313814 solMass / solMass
511 81.4243031676078 solMass / solMass
512 12.298240847964752 solMass / solMass
513 44.90702825657803 solMass / solMass
514 52.26305461633279 solMass / solMass
515 80.73210554280804 solMass / solMass
516 70.40259879118622 solMass / solMass
517 89.05342906572453 solMass / solMass
518 60.51152266519611 solMass / solMass
519 115.87893313441036 solMass / solMass
520 43.49755218858302 solMass / solMass
521 127.52584167209253 solMass / solMass
522 12.241942917493505 solMass / solMass
523 114.65668052437331 solMass / solMass
524 10.005884762701093 solMass / solMass
525 8.180418485286557 solMass / solMass
526 1.3026938017775128e+36 solMass / solMass
527 25.27861030001047 solMass / solMass
528 197.7475439159458 solMass / solMass
529 66.7109517788113 solMass / solMass
530 73.42211120200938 solMass / solMass
IsSatellite
532 11.002921387207008 solMass / solMass
533 59.136183320578255 solMass / solMass
534 0.0 solMass / solMass
535 25.338317243302797 solMass / solMass
536 150.96974804637972 solMass / solMass
537 37.40535615305857 solMass / solMass
538 184.8756938746766 solMass / solMass
539 1.281431625823372e+36 solMass / solMass
IsSatellite
541 111.75654939816555 solMass / solMass
542 142.6506627294726 solMass / solMass
543 104.08000364203032 solMass / solMass
544 75.8820946360755 solMass / solMass
545 152.76705574449792 solMass / solMass
IsSatellite
547 43.03077735269947 solMass / solMass
548 22.006114178178613 solMass / solMass
549 13.150380611955454 solMass / solMass
550 98.77197259855015 solMass / solMass
551 103.88385567651457 solMass / solMass
552 355.359067146631 solMass / solMass
553 88.12891815996547 solMass / solMass
554 116.36821676015045 solMass / solMass
555 31.426916383256273 solMass / solMass
556 7648.313749942134 solMass / solMass
557 83.71156164049295 solMass / solMass
558 83.37463848861275 solMass / solMass
559 2.435891275699048 solMass / solMass
560 110.14593365066297 solMass / solMass
561 119.42800857077911 solMass / solMass
562 32.52412588635093 solMass / solMass
563 1.5410005512890094e+36 solMass / solMass
IsSatellite
565 99.92004107095264 solMass / solMass
566 2.2352938448290956e+36 solMass / solMass
567 12.106314871039261 solMass / solMass
568 5.7662894433617895 solMass / solMass
569 1.8861581017774653e+36 solMass / solMass
570 79.94280735864506 solMass / solMass
571 181.43702188866294 solMass / solMass
572 6.420493754103474 solMass / solMass
573 106.46222785876058 solMass / solMass
574 37.027846612250286 solMass / solMass
575 3.5067575503844286 solMass / solMass
576 36.59893349587144 solMass / solMass
577 100.08052478327123 solMass / solMass
578 125.94623521661087 solMass / solMass
579 78.30861027600287 solMass / solMass
580 88.62689050237005 solMass / solMass
581 73.69129481963691 solMass / solMass
582 159.3234155340737 solMass / solMass
583 120.39819089302702 solMass / solMass
584 8.746190943211952 solMass / solMass
585 21.959602806773276 solMass / solMass
586 3.241682151721928 solMass / solMass
587 44.26964626116001 solMass / solMass
588 33.43575836835972 solMass / solMass
589 7.280889243494436 solMass / solMass
590 192.60871920561888 solMass / solMass
591 263.0831585170978 solMass / solMass
592 1.5515062538119974e+36 solMass / solMass
593 70.19782247473526 solMass / solMass
594 199.48629005596908 solMass / solMass
595 149.0248757235615 solMass / solMass
596 147.0335631309827 solMass / solMass
597 37.855723082635905 solMass / solMass
598 59.23241698339287 solMass / solMass
599 471.0818774108012 solMass / solMass
600 92.16449103863283 solMass / solMass
601 95.66875039623449 solMass / solMass
602 200.1609816773394 solMass / solMass
IsSatellite
604 78.34826627075647 solMass / solMass
605 7.7122773945663985 solMass / solMass
606 7.1374333788625 solMass / solMass
607 60.68817832089343 solMass / solMass
608 94.32798097552566 solMass / solMass
609 125.34467573452156 solMass / solMass
610 118.48175796368304 solMass / solMass
611 0.0 solMass / solMass
612 101.14343735724812 solMass / solMass
613 38.342838815363166 solMass / solMass
614 266.5719484213841 solMass / solMass
615 1.8127258440299143e+36 solMass / solMass
616 105.14402221989276 solMass / solMass
617 469.17630378525365 solMass / solMass
618 98.22483945473405 solMass / solMass
619 49.413846432603805 solMass / solMass
620 181.27379920530495 solMass / solMass
621 1.7822468449979494e+36 solMass / solMass
622 92.08511867515973 solMass / solMass
623 102.87940493817848 solMass / solMass
624 27.67751456708357 solMass / solMass
625 179.2528890714495 solMass / solMass
626 91.18114233405844 solMass / solMass
627 59.01142873536236 solMass / solMass
628 68.82803159224353 solMass / solMass
629 115.48379979979974 solMass / solMass
630 1.5043857518373863e+36 solMass / solMass
631 85.46589881592385 solMass / solMass
632 47.54408369906923 solMass / solMass
633 142.56279147201343 solMass / solMass
634 218.61639593692055 solMass / solMass
635 472.7318421530758 solMass / solMass
636 34.451521106487235 solMass / solMass
637 194.3079284866752 solMass / solMass
638 225.33902384517955 solMass / solMass
639 236.0181696567753 solMass / solMass
640 163.71791224517898 solMass / solMass
641 71.43455943395716 solMass / solMass
642 10.451139534536262 solMass / solMass
643 142.83106138739143 solMass / solMass
644 178.07385595920343 solMass / solMass
645 144.05487973247244 solMass / solMass
646 96.38122167754837 solMass / solMass
647 62.16289808713045 solMass / solMass
648 6.922275093172817 solMass / solMass
649 122.38744375834875 solMass / solMass
650 440.5691843017053 solMass / solMass
651 76.55350979870761 solMass / solMass
652 59.637811578331096 solMass / solMass
IsSatellite
654 195.68950369767995 solMass / solMass
655 297.0315067615481 solMass / solMass
656 2.1759524607697814e+36 solMass / solMass
657 61.060716529355915 solMass / solMass
658 119.64121657024467 solMass / solMass
659 177.60732326928675 solMass / solMass
660 412.9780084804276 solMass / solMass
661 114.65417359710105 solMass / solMass
662 82.32160672743031 solMass / solMass
663 207.46105546559136 solMass / solMass
664 34.16164639596633 solMass / solMass
665 139.99226289985663 solMass / solMass
666 158.8511265764564 solMass / solMass
667 145.94782372889168 solMass / solMass
668 133.38212101907698 solMass / solMass
669 203.9793538666286 solMass / solMass
670 504.31782458019745 solMass / solMass
671 81.65059401969684 solMass / solMass
672 1.986399040439951e+36 solMass / solMass
673 100.56580085747188 solMass / solMass
674 32.300871079078235 solMass / solMass
675 3.4925935751927284 solMass / solMass
676 48.1970034257219 solMass / solMass
IsSatellite
678 97.71915366669789 solMass / solMass
679 170.43650823999147 solMass / solMass
680 2.2615024272576468e+36 solMass / solMass
681 44.44326305850558 solMass / solMass
682 67.71310368261872 solMass / solMass
683 23.426942424940634 solMass / solMass
684 148.1209467928127 solMass / solMass
685 71.35837341480317 solMass / solMass
686 602.7506862722238 solMass / solMass
687 189.92067121886043 solMass / solMass
688 7038.341681423692 solMass / solMass
689 152.5812449588791 solMass / solMass
690 29.152342873408333 solMass / solMass
691 114.78197284733717 solMass / solMass
692 263.2137634396032 solMass / solMass
693 140.7943460292924 solMass / solMass
IsSatellite
695 40.04756214303205 solMass / solMass
IsSatellite
HaloMassEqualZero
698 166.61469436083615 solMass / solMass
699 63.88557977795242 solMass / solMass
700 100.77428967430671 solMass / solMass
701 130.09284806951382 solMass / solMass
702 157.15257034971125 solMass / solMass
703 122.64238925361221 solMass / solMass
704 52.5980616614907 solMass / solMass
705 222.22947945798524 solMass / solMass
706 146.2324072421402 solMass / solMass
707 4.355671170561244 solMass / solMass
708 236.66370276799486 solMass / solMass
709 348.8948639424331 solMass / solMass
710 1.1453266425790103 solMass / solMass
711 149.48009169335208 solMass / solMass
712 102.21394128116388 solMass / solMass
713 13.504171649370473 solMass / solMass
714 100.06838559849581 solMass / solMass
715 203.00667579411612 solMass / solMass
716 174.2312326047588 solMass / solMass
717 41.86693909496538 solMass / solMass
718 37.707431511492025 solMass / solMass
IsSatellite
720 179.9523409971456 solMass / solMass
721 5.649188824522844 solMass / solMass
722 150.1095188038772 solMass / solMass
723 102.36453863125176 solMass / solMass
724 106.30229544251736 solMass / solMass
725 80.95825153652602 solMass / solMass
726 161.23576844661244 solMass / solMass
727 139.56851108075958 solMass / solMass
728 311.1399499447784 solMass / solMass
729 242.39636580733665 solMass / solMass
730 337.78235539794093 solMass / solMass
731 31.286067671461705 solMass / solMass
732 469.1720223440612 solMass / solMass
733 15.865964095947504 solMass / solMass
734 160.353957716993 solMass / solMass
735 204.62276402455083 solMass / solMass
736 138.52022615175144 solMass / solMass
737 393.1980542732897 solMass / solMass
738 184.39735254307627 solMass / solMass
739 5.093985255414266 solMass / solMass
740 57.45100780383846 solMass / solMass
741 7.754354557025011 solMass / solMass
742 44.379273528720695 solMass / solMass
743 151.28375767490755 solMass / solMass
744 48.01408190896425 solMass / solMass
745 51.68100985681477 solMass / solMass
746 18.4349648060045 solMass / solMass
747 399.9539614721273 solMass / solMass
IsSatellite
749 22.864174810647594 solMass / solMass
750 368.4992243948213 solMass / solMass
751 200.27169172145145 solMass / solMass
752 233.4101777827282 solMass / solMass
753 161.26529133245094 solMass / solMass
754 452.6248132482339 solMass / solMass
755 66.28391111040138 solMass / solMass
756 767.9930164686546 solMass / solMass
757 596.0884636856279 solMass / solMass
758 62.153885864336104 solMass / solMass
759 155.51186886084207 solMass / solMass
760 203.49750782537131 solMass / solMass
761 25.391698637525504 solMass / solMass
762 66.59806152805675 solMass / solMass
763 133.55518844103415 solMass / solMass
764 158.30888573781783 solMass / solMass
765 200.22707242720253 solMass / solMass
766 40.69386525459948 solMass / solMass
767 212.530647245378 solMass / solMass
768 387.9173730388171 solMass / solMass
769 144.30025631938494 solMass / solMass
770 71.16650170502217 solMass / solMass
771 120.12411426812116 solMass / solMass
772 10.719888667603017 solMass / solMass
773 334.63994843814606 solMass / solMass
774 2.0498085544964643e+36 solMass / solMass
775 120.19062365812006 solMass / solMass
776 36.01898274548576 solMass / solMass
777 278.4628274461164 solMass / solMass
778 155.1315122862976 solMass / solMass
779 21.07472813314518 solMass / solMass
780 136.16812291175918 solMass / solMass
781 380.64120170445443 solMass / solMass
782 110.90418197635334 solMass / solMass
783 118.659910107771 solMass / solMass
784 249.30544167633735 solMass / solMass
785 4.769272092490081 solMass / solMass
786 460.3335007625895 solMass / solMass
787 868.3714574631758 solMass / solMass
788 91.3512545924594 solMass / solMass
789 141.87427490364198 solMass / solMass
790 202.94098288171674 solMass / solMass
791 281.1238578893211 solMass / solMass
792 183.0729455687754 solMass / solMass
793 123.25859662180676 solMass / solMass
794 186.028395303289 solMass / solMass
795 439.9205622584841 solMass / solMass
796 363.252273339335 solMass / solMass
797 168.10517124044208 solMass / solMass
798 195.98057078800568 solMass / solMass
799 2.655470197588781e+36 solMass / solMass
800 157.34407265729982 solMass / solMass
801 2.272369104359195e+36 solMass / solMass
802 244.51009584722675 solMass / solMass
803 298.07695601191807 solMass / solMass
804 241.95543652552212 solMass / solMass
805 1567.2239120092268 solMass / solMass
806 264.1566130119887 solMass / solMass
807 241.72082664101492 solMass / solMass
808 15.947941436113005 solMass / solMass
809 221.88564030166512 solMass / solMass
810 124.05351204313762 solMass / solMass
811 815.949035609375 solMass / solMass
812 203.1504501746887 solMass / solMass
813 134.1607097316284 solMass / solMass
814 272.3999713448064 solMass / solMass
815 132.4820156691361 solMass / solMass
816 288.16998731895154 solMass / solMass
817 58.17046777945514 solMass / solMass
818 83.97612770823477 solMass / solMass
819 158.4411073973505 solMass / solMass
820 7.126274194437128 solMass / solMass
821 2.7338232571199446 solMass / solMass
822 153.77884774021803 solMass / solMass
823 238.88084070251767 solMass / solMass
824 218.081519004135 solMass / solMass
HaloMassEqualZero
826 172.4433702032843 solMass / solMass
827 2.1797474494206316e+36 solMass / solMass
828 43.737836974341356 solMass / solMass
829 197.54236781051364 solMass / solMass
830 179.45413269022418 solMass / solMass
831 30.25451095833494 solMass / solMass
832 63.559517675397224 solMass / solMass
833 490.3261804163924 solMass / solMass
834 953.48277251121 solMass / solMass
835 67.72904396605634 solMass / solMass
836 195.01787927975914 solMass / solMass
837 20.890355597467263 solMass / solMass
838 2.6557399154972822e+36 solMass / solMass
839 167.07285050773976 solMass / solMass
840 217.1990301963727 solMass / solMass
841 148.63327801996715 solMass / solMass
842 2.5090361432752683e+36 solMass / solMass
843 343.9750448751123 solMass / solMass
844 310.68558134778533 solMass / solMass
845 205.41259807432976 solMass / solMass
IsSatellite
847 103.235433878851 solMass / solMass
848 148.8400865460038 solMass / solMass
849 21.313357628673355 solMass / solMass
850 183.92637660914434 solMass / solMass
851 82.94981357846676 solMass / solMass
852 229.2731769304153 solMass / solMass
853 101.41356962523402 solMass / solMass
854 86.36692081995427 solMass / solMass
855 120.62219043529072 solMass / solMass
856 1.9059000823168508 solMass / solMass
857 391.068046548065 solMass / solMass
858 148.10410137265518 solMass / solMass
859 237.41095983294804 solMass / solMass
860 46.748836915959174 solMass / solMass
861 107.53306230564517 solMass / solMass
862 32.943230261781515 solMass / solMass
863 203.68842183187536 solMass / solMass
864 67.0945638419786 solMass / solMass
865 115.62258761510434 solMass / solMass
866 108.00302170322641 solMass / solMass
867 135.6008276614013 solMass / solMass
868 174.97070227761105 solMass / solMass
869 190.7139056645408 solMass / solMass
870 147.3218527612058 solMass / solMass
871 90.866757527385 solMass / solMass
872 4.8450201445410555 solMass / solMass
873 13.061050797623098 solMass / solMass
874 27.409107141688406 solMass / solMass
875 192.26772462272675 solMass / solMass
876 518.6242879941409 solMass / solMass
877 42.029576539777295 solMass / solMass
878 41.13292170063836 solMass / solMass
879 148.36500837599007 solMass / solMass
880 601.7549718521506 solMass / solMass
881 166.88901213889054 solMass / solMass
882 50.06138764726437 solMass / solMass
883 362.47660639425595 solMass / solMass
884 818.0210558557271 solMass / solMass
885 502.7823837067543 solMass / solMass
886 136.15564383374362 solMass / solMass
887 166.82908578108618 solMass / solMass
888 713.1045985997216 solMass / solMass
889 193.80304652398368 solMass / solMass
890 304.39038534021853 solMass / solMass
891 43.985004618412844 solMass / solMass
892 80.31667687636106 solMass / solMass
893 39.2206791289221 solMass / solMass
894 345.8724476228466 solMass / solMass
895 188.74659022567732 solMass / solMass
896 237.24625563049497 solMass / solMass
897 200.24490059558659 solMass / solMass
898 290.7375851761668 solMass / solMass
899 50.94845782079912 solMass / solMass
900 124.00681921589621 solMass / solMass
901 282.40987654009876 solMass / solMass
HaloMassEqualZero
903 189.88700332016455 solMass / solMass
904 257.8161591862978 solMass / solMass
905 239.19836952231105 solMass / solMass
906 100.09655507670873 solMass / solMass
907 45.24152771104209 solMass / solMass
908 197.24386229791614 solMass / solMass
909 26.307579551766576 solMass / solMass
910 182.20699736001745 solMass / solMass
911 32.652387868063904 solMass / solMass
912 22.098371509853255 solMass / solMass
913 140.01472627904468 solMass / solMass
HaloMassEqualZero
915 11.76884395416931 solMass / solMass
916 2.2699715802589503e+36 solMass / solMass
IsSatellite
918 113.10881215664558 solMass / solMass
919 95.28894274930471 solMass / solMass
920 232.35184549685303 solMass / solMass
921 20.414523068251242 solMass / solMass
922 2.2600162632197167e+36 solMass / solMass
923 2.631154233616735 solMass / solMass
924 24.004046424556773 solMass / solMass
925 290.67406435524157 solMass / solMass
926 259.76607822138806 solMass / solMass
927 196.88705653242758 solMass / solMass
928 343.7569118363279 solMass / solMass
929 260.462274538857 solMass / solMass
930 53.2705198972375 solMass / solMass
931 3.13930588251807e+36 solMass / solMass
932 12.923294265238015 solMass / solMass
933 16.755037322620037 solMass / solMass
934 253.14422076485502 solMass / solMass
935 206.01496914701355 solMass / solMass
936 189.9261342887311 solMass / solMass
937 159.8426287516798 solMass / solMass
938 169.85694874532768 solMass / solMass
939 160.49497818999475 solMass / solMass
940 43.36052175917808 solMass / solMass
941 268.0344995258214 solMass / solMass
942 109.98923441242786 solMass / solMass
943 47.36642483740157 solMass / solMass
944 63.31225450713828 solMass / solMass
945 99.30717358360438 solMass / solMass
946 2.8169768067349213e+36 solMass / solMass
947 103.13145299042262 solMass / solMass
948 14.8666546646913 solMass / solMass
949 245.86788988921705 solMass / solMass
950 102.06890169247086 solMass / solMass
951 263.5214158006427 solMass / solMass
952 421.15751190284544 solMass / solMass
953 249.96293721563404 solMass / solMass
954 174.29649982768368 solMass / solMass
955 430.4636401356903 solMass / solMass
IsSatellite
957 1828.4754243165303 solMass / solMass
958 150.3836384072234 solMass / solMass
959 124.13885175671527 solMass / solMass
960 293.84003438184277 solMass / solMass
961 152.52816399306792 solMass / solMass
962 249.90287040875745 solMass / solMass
963 246.01291364508552 solMass / solMass
964 34.50676517147765 solMass / solMass
965 3.455131576262343e+36 solMass / solMass
966 22.043874153681752 solMass / solMass
967 328.22292205835663 solMass / solMass
968 355.4083393943068 solMass / solMass
969 223.16653418416416 solMass / solMass
970 39.909910483192 solMass / solMass
971 254.10148919135474 solMass / solMass
972 3.0005705442721443e+36 solMass / solMass
973 402.03445735824 solMass / solMass
974 3.086751241479587e+36 solMass / solMass
975 45.4062350387017 solMass / solMass
976 302.6767846599212 solMass / solMass
977 77.39379004240935 solMass / solMass
978 18.9061807335179 solMass / solMass
979 66.60893217775677 solMass / solMass
980 160.9476726043757 solMass / solMass
981 202.13086829442284 solMass / solMass
982 250.2056749181211 solMass / solMass
IsSatellite
984 342.05105496603244 solMass / solMass
985 239.4342175787343 solMass / solMass
986 3780.6699648163294 solMass / solMass
987 329.76530804903206 solMass / solMass
988 315.29051620066724 solMass / solMass
989 364.23121106759476 solMass / solMass
990 389.02342867144705 solMass / solMass
991 18.486163281858172 solMass / solMass
992 367.96039481746635 solMass / solMass
993 179.15887980376692 solMass / solMass
994 303.00351016642253 solMass / solMass
995 331.1767156688259 solMass / solMass
996 203.08949413514625 solMass / solMass
997 55.392606435871215 solMass / solMass
998 252.26392950516487 solMass / solMass
999 161.04265072131778 solMass / solMass
1000 407.52512836263264 solMass / solMass
1001 83.29740257237592 solMass / solMass
1002 229.60077202503814 solMass / solMass
1003 41.886312117311 solMass / solMass
1004 1056.215116071791 solMass / solMass
1005 183.6861097495602 solMass / solMass
1006 28.730993811492812 solMass / solMass
1007 323.8727240893972 solMass / solMass
1008 110.78032471812229 solMass / solMass
1009 134.85021039763282 solMass / solMass
1010 181.8460586051006 solMass / solMass
IsSatellite
1012 65.10930119737522 solMass / solMass
1013 298.4328796124752 solMass / solMass
1014 81.94695511841529 solMass / solMass
1015 109.49523298292485 solMass / solMass
1016 124.05865916491356 solMass / solMass
1017 26.879414121226542 solMass / solMass
1018 60.57870908895328 solMass / solMass
1019 202.051858243614 solMass / solMass
1020 730.2013020401539 solMass / solMass
1021 263.13913461698456 solMass / solMass
1022 166.38806467440423 solMass / solMass
1023 43.06849957433232 solMass / solMass
1024 544.4523469094094 solMass / solMass
IsSatellite
1026 202.24625885049593 solMass / solMass
1027 561.4386782826415 solMass / solMass
1028 361.20613448283507 solMass / solMass
1029 74.71804426092602 solMass / solMass
1030 109.99442376023435 solMass / solMass
1031 216.71595795380824 solMass / solMass
1032 199.4216522381925 solMass / solMass
1033 5.894667461052392 solMass / solMass
1034 40.49688033977045 solMass / solMass
1035 176.14116706519928 solMass / solMass
1036 53.83562386969678 solMass / solMass
1037 234.57746240701462 solMass / solMass
1038 73.21333957087458 solMass / solMass
1039 143.71775540737212 solMass / solMass
1040 289.79622718025405 solMass / solMass
1041 44.921739757296805 solMass / solMass
IsSatellite
1043 294.9999411588046 solMass / solMass
1044 395.2853571518795 solMass / solMass
1045 287.38709685073144 solMass / solMass
1046 43.14760559480132 solMass / solMass
1047 80.31666251969526 solMass / solMass
1048 182.6346533316715 solMass / solMass
1049 325.2015976062694 solMass / solMass
1050 326.8663556502171 solMass / solMass
1051 170.82240182426813 solMass / solMass
1052 69.1203851560932 solMass / solMass
1053 142.7017599551114 solMass / solMass
1054 38.531538209542404 solMass / solMass
1055 220.1802908057192 solMass / solMass
1056 640.3812407898644 solMass / solMass
1057 493.53489609256906 solMass / solMass
1058 263.51342555452766 solMass / solMass
1059 196.61924845382978 solMass / solMass
1060 77.24283302889488 solMass / solMass
1061 149.19184844171633 solMass / solMass
1062 189.73163288190395 solMass / solMass
1063 388.81088383459337 solMass / solMass
1064 297.45116118606774 solMass / solMass
1065 22.958628462754643 solMass / solMass
1066 487.65764195659557 solMass / solMass
1067 53.72331123254019 solMass / solMass
1068 216.56571203268552 solMass / solMass
1069 357.6631444580494 solMass / solMass
1070 415.22151879667445 solMass / solMass
1071 587.427849532512 solMass / solMass
1072 384.0121934262841 solMass / solMass
1073 19.67385580497447 solMass / solMass
1074 47.22039585512072 solMass / solMass
1075 911.2672515240926 solMass / solMass
1076 96.47906267124502 solMass / solMass
1077 262.22766330982347 solMass / solMass
1078 217.54919102382902 solMass / solMass
1079 5.684349666528766 solMass / solMass
1080 137.33612001054425 solMass / solMass
1081 2.930352727500274e+36 solMass / solMass
1082 83.43379606813666 solMass / solMass
1083 60.34844544541861 solMass / solMass
1084 93.34143431996942 solMass / solMass
1085 48.56399131055947 solMass / solMass
IsSatellite
1087 179.00513566341564 solMass / solMass
1088 236.9947767282237 solMass / solMass
1089 208.91204745393566 solMass / solMass
1090 4.2813683333480075 solMass / solMass
1091 2.8688312961383704 solMass / solMass
1092 227.95420906329167 solMass / solMass
1093 325.4225993591527 solMass / solMass
1094 186.4187030183546 solMass / solMass
1095 292.0843265294942 solMass / solMass
1096 209.78069332495016 solMass / solMass
1097 90.23351865616598 solMass / solMass
1098 309.4305690902951 solMass / solMass
1099 183.15648686412254 solMass / solMass
1100 229.09866204346548 solMass / solMass
1101 261.57195684379445 solMass / solMass
1102 421.4146842209757 solMass / solMass
1103 214.77007296106456 solMass / solMass
1104 318.6942959678346 solMass / solMass
1105 64.3341847117653 solMass / solMass
1106 337.8527075130729 solMass / solMass
1107 62.730690388367854 solMass / solMass
1108 204.15783895454817 solMass / solMass
1109 339.1446011074694 solMass / solMass
1110 400.75870942730126 solMass / solMass
HaloMassEqualZero
1112 659.300753065948 solMass / solMass
1113 501.02755422957307 solMass / solMass
1114 130.36549232568373 solMass / solMass
1115 49.151133678230615 solMass / solMass
1116 204.68946181945944 solMass / solMass
1117 136.7717958262047 solMass / solMass
1118 150.97491146160678 solMass / solMass
1119 289.1291026216728 solMass / solMass
1120 152.98505714255137 solMass / solMass
1121 363.2396653664921 solMass / solMass
1122 151.83333010839007 solMass / solMass
1123 282.3661550153457 solMass / solMass
1124 119.73672386273947 solMass / solMass
1125 222.24324601976335 solMass / solMass
1126 192.25091357547146 solMass / solMass
1127 99.89076670265034 solMass / solMass
1128 245.2014500270254 solMass / solMass
1129 179.0711827547349 solMass / solMass
1130 286.1515470366187 solMass / solMass
1131 197.29999967740753 solMass / solMass
1132 348.02317842307593 solMass / solMass
1133 364.93938969367946 solMass / solMass
1134 361.1124030175779 solMass / solMass
1135 198.16121251524564 solMass / solMass
1136 81.41947307377207 solMass / solMass
1137 409.78841130290795 solMass / solMass
1138 80.74289335127952 solMass / solMass
1139 347.83937576182336 solMass / solMass
1140 807.8019136656789 solMass / solMass
1141 36.45358222708177 solMass / solMass
1142 289.1818262569599 solMass / solMass
1143 222.98943419833913 solMass / solMass
1144 334.87264142857634 solMass / solMass
1145 216.97850466231225 solMass / solMass
1146 417.2236832312302 solMass / solMass
1147 180.3499537310231 solMass / solMass
1148 472.82149918472896 solMass / solMass
1149 9.535966033814525 solMass / solMass
1150 550.6214912768361 solMass / solMass
1151 86.34086282999088 solMass / solMass
1152 153.50051148151832 solMass / solMass
1153 122.79763058529015 solMass / solMass
1154 456.2424891555335 solMass / solMass
1155 106.96788699684801 solMass / solMass
1156 3.2615128013033368 solMass / solMass
1157 203.48884930213345 solMass / solMass
1158 71.3896390336533 solMass / solMass
1159 11.836287052838511 solMass / solMass
1160 389.2895060931287 solMass / solMass
1161 506.4439818115669 solMass / solMass
1162 221.92814268744945 solMass / solMass
1163 147.5198656601712 solMass / solMass
1164 396.4677791847609 solMass / solMass
1165 291.34176290785797 solMass / solMass
1166 54.68851037373798 solMass / solMass
1167 6.062307057883047 solMass / solMass
1168 9.344184025634506 solMass / solMass
1169 17.371538443584722 solMass / solMass
1170 488.0988380041884 solMass / solMass
1171 294.7064523187691 solMass / solMass
1172 508.52804509738587 solMass / solMass
1173 257.56637110267803 solMass / solMass
1174 75.61304555364464 solMass / solMass
1175 234.05800744339672 solMass / solMass
1176 24.078219765578854 solMass / solMass
1177 29.05334344849894 solMass / solMass
1178 472.41834414741294 solMass / solMass
1179 115.02794990859596 solMass / solMass
1180 24.935928259853934 solMass / solMass
1181 1131.3661524406798 solMass / solMass
1182 509.1421973400523 solMass / solMass
1183 287.90821387697673 solMass / solMass
1184 13.871153334279647 solMass / solMass
1185 552.6409897351913 solMass / solMass
1186 430.0361283021068 solMass / solMass
IsSatellite
1188 719.0715885103652 solMass / solMass
1189 562.0943169672593 solMass / solMass
1190 285.32055155638267 solMass / solMass
1191 0.0 solMass / solMass
1192 206.05830922332933 solMass / solMass
1193 296.510863295974 solMass / solMass
1194 2.749389939897701 solMass / solMass
1195 239.85665582451648 solMass / solMass
1196 55.124127056018516 solMass / solMass
1197 129.35237701747883 solMass / solMass
1198 4.094914303622484e+36 solMass / solMass
1199 1202.595900049546 solMass / solMass
1200 268.895761767399 solMass / solMass
1201 328.1656046654619 solMass / solMass
1202 79.90810447420476 solMass / solMass
IsSatellite
1204 466.23644437804666 solMass / solMass
1205 243.41858550428267 solMass / solMass
1206 60.817780281222106 solMass / solMass
1207 404.4691628937994 solMass / solMass
1208 232.131055785876 solMass / solMass
1209 398.02899247689743 solMass / solMass
1210 276.3475954500407 solMass / solMass
HaloMassEqualZero
1212 341.68837990589856 solMass / solMass
1213 361.5038129993308 solMass / solMass
1214 159.54647075519281 solMass / solMass
1215 318.3378976443542 solMass / solMass
1216 489.47368131466817 solMass / solMass
1217 105.35108031154707 solMass / solMass
1218 3.352534366166455e+36 solMass / solMass
1219 185.97417556048788 solMass / solMass
1220 595.9985581854327 solMass / solMass
1221 393.12157897257634 solMass / solMass
1222 228.25676948555665 solMass / solMass
1223 343.9376996636555 solMass / solMass
1224 445.73552474075274 solMass / solMass
1225 1082.533343884582 solMass / solMass
1226 290.93568118194435 solMass / solMass
1227 140.21537410009725 solMass / solMass
1228 176.37509182163313 solMass / solMass
1229 131.35001857714926 solMass / solMass
1230 258.16808851063854 solMass / solMass
1231 3.91917846768231e+36 solMass / solMass
1232 481.18961501939344 solMass / solMass
1233 381.3036308298477 solMass / solMass
1234 37.738142114465795 solMass / solMass
1235 480.4036323903788 solMass / solMass
1236 214.15856059801564 solMass / solMass
1237 374.58210214266325 solMass / solMass
1238 289.84288551694544 solMass / solMass
1239 157.3675778254174 solMass / solMass
1240 430.8450849777846 solMass / solMass
1241 372.77397484210445 solMass / solMass
1242 30.286591968262766 solMass / solMass
1243 136.5561074667088 solMass / solMass
1244 228.31064411429762 solMass / solMass
1245 1308.7049279409744 solMass / solMass
1246 211.24545565490965 solMass / solMass
1247 107.44065237195807 solMass / solMass
1248 289.73190532031737 solMass / solMass
1249 216.79111332895772 solMass / solMass
1250 195.7805835615778 solMass / solMass
1251 12.871724072291492 solMass / solMass
1252 340.9543382851686 solMass / solMass
1253 6.098149835339173e+36 solMass / solMass
1254 673.7644893277763 solMass / solMass
1255 550.8166341491369 solMass / solMass
1256 756.6032627664388 solMass / solMass
1257 78.42712188988065 solMass / solMass
123AllDone123
