yt : [INFO     ] 2017-07-18 11:12:18,767 Parameters: current_time              = 3.75573046409e+16
yt : [INFO     ] 2017-07-18 11:12:18,767 Parameters: domain_dimensions         = [2 2 2]
yt : [INFO     ] 2017-07-18 11:12:18,767 Parameters: domain_left_edge          = [ 0.  0.  0.]
yt : [INFO     ] 2017-07-18 11:12:18,768 Parameters: domain_right_edge         = [  2.22535525e+25   2.22535525e+25   2.22535525e+25]
yt : [INFO     ] 2017-07-18 11:12:18,768 Parameters: cosmological_simulation   = 1
yt : [INFO     ] 2017-07-18 11:12:18,768 Parameters: current_redshift          = 4.99999998323
yt : [INFO     ] 2017-07-18 11:12:18,768 Parameters: omega_lambda              = 0.712
yt : [INFO     ] 2017-07-18 11:12:18,769 Parameters: omega_matter              = 0.288
yt : [INFO     ] 2017-07-18 11:12:18,769 Parameters: hubble_constant           = 0.6933
yt : [INFO     ] 2017-07-18 11:12:18,807 Parameters: current_time              = 158.01757996843
yt : [INFO     ] 2017-07-18 11:12:18,807 Parameters: domain_dimensions         = [128 128 128]
yt : [INFO     ] 2017-07-18 11:12:18,807 Parameters: domain_left_edge          = [ 0.  0.  0.]
yt : [INFO     ] 2017-07-18 11:12:18,808 Parameters: domain_right_edge         = [ 1.  1.  1.]
yt : [INFO     ] 2017-07-18 11:12:18,808 Parameters: cosmological_simulation   = 1
yt : [INFO     ] 2017-07-18 11:12:18,808 Parameters: current_redshift          = 4.9999999832278
yt : [INFO     ] 2017-07-18 11:12:18,808 Parameters: omega_lambda              = 0.712
yt : [INFO     ] 2017-07-18 11:12:18,808 Parameters: omega_matter              = 0.288
yt : [INFO     ] 2017-07-18 11:12:18,808 Parameters: hubble_constant           = 0.6933
yt : [INFO     ] 2017-07-18 11:12:18,811 Allocating for 9.178e+03 particles (index particle type 'all')
yt : [INFO     ] 2017-07-18 11:12:18,817 Identified 3.025e+03 octs
