yt : [INFO     ] 2017-07-20 16:35:40,186 Parameters: current_time              = 3.75573046409e+16
yt : [INFO     ] 2017-07-20 16:35:40,186 Parameters: domain_dimensions         = [2 2 2]
yt : [INFO     ] 2017-07-20 16:35:40,186 Parameters: domain_left_edge          = [ 0.  0.  0.]
yt : [INFO     ] 2017-07-20 16:35:40,187 Parameters: domain_right_edge         = [  2.22535525e+25   2.22535525e+25   2.22535525e+25]
yt : [INFO     ] 2017-07-20 16:35:40,187 Parameters: cosmological_simulation   = 1
yt : [INFO     ] 2017-07-20 16:35:40,187 Parameters: current_redshift          = 4.99999998323
yt : [INFO     ] 2017-07-20 16:35:40,187 Parameters: omega_lambda              = 0.712
yt : [INFO     ] 2017-07-20 16:35:40,187 Parameters: omega_matter              = 0.288
yt : [INFO     ] 2017-07-20 16:35:40,188 Parameters: hubble_constant           = 0.6933
yt : [INFO     ] 2017-07-20 16:35:40,267 Parameters: current_time              = 158.01757996843
yt : [INFO     ] 2017-07-20 16:35:40,267 Parameters: domain_dimensions         = [128 128 128]
yt : [INFO     ] 2017-07-20 16:35:40,268 Parameters: domain_left_edge          = [ 0.  0.  0.]
yt : [INFO     ] 2017-07-20 16:35:40,268 Parameters: domain_right_edge         = [ 1.  1.  1.]
yt : [INFO     ] 2017-07-20 16:35:40,269 Parameters: cosmological_simulation   = 1
yt : [INFO     ] 2017-07-20 16:35:40,269 Parameters: current_redshift          = 4.9999999832278
yt : [INFO     ] 2017-07-20 16:35:40,269 Parameters: omega_lambda              = 0.712
yt : [INFO     ] 2017-07-20 16:35:40,269 Parameters: omega_matter              = 0.288
yt : [INFO     ] 2017-07-20 16:35:40,269 Parameters: hubble_constant           = 0.6933
yt : [INFO     ] 2017-07-20 16:35:40,272 Allocating for 9.178e+03 particles (index particle type 'all')
yt : [INFO     ] 2017-07-20 16:35:40,278 Identified 3.025e+03 octs
IsSatellite
1 2.305267295890719 solMass / solMass
2 5.108455106920023 solMass / solMass
3 3.4260639022291284 solMass / solMass
4 1.2065652090501782 solMass / solMass
5 2.4373126665702918 solMass / solMass
6 2.338654226569223 solMass / solMass
7 1.7409759437043684 solMass / solMass
8 2.566126229147976 solMass / solMass
9 2.2625533071800934 solMass / solMass
10 7.148921734565162 solMass / solMass
11 10.429993565944734 solMass / solMass
12 0.17413672182137593 solMass / solMass
13 2.790492401422124 solMass / solMass
14 1.145439354943006 solMass / solMass
IsSatellite
16 4.094488118286289 solMass / solMass
17 5.149219003022066 solMass / solMass
18 3.7826284337338114 solMass / solMass
19 1.3418417896060515 solMass / solMass
20 6.209206000550721 solMass / solMass
21 5.24834556447521 solMass / solMass
22 7.544129743849473 solMass / solMass
23 8.72169005813427 solMass / solMass
24 8.294683949175872e+34 solMass / solMass
25 8.30361924590492e+34 solMass / solMass
26 5.468761016374766 solMass / solMass
27 4.279446132866576 solMass / solMass
28 9.43481209361061 solMass / solMass
29 9.4643753552876e+34 solMass / solMass
30 1.381438427480549 solMass / solMass
31 4.728361646781029 solMass / solMass
32 7.632013295824547 solMass / solMass
33 5.112749387508704 solMass / solMass
34 7.905880501857225 solMass / solMass
IsSatellite
36 1.299252300320957 solMass / solMass
37 6.832245844386215 solMass / solMass
38 6.109274424441436 solMass / solMass
39 7.293606932779338 solMass / solMass
40 20.321104162664756 solMass / solMass
41 9.37667041687671 solMass / solMass
42 7.351163350442209 solMass / solMass
43 10.568840108309765 solMass / solMass
44 7.97101797764545 solMass / solMass
45 6.341834887811417 solMass / solMass
46 5.444212052274239 solMass / solMass
47 9.711604040512393 solMass / solMass
48 11.115934964065044 solMass / solMass
49 9.101123220601329 solMass / solMass
50 16.287079349763072 solMass / solMass
51 3.3238638640139855 solMass / solMass
52 4.304453763488694 solMass / solMass
53 3.8519669756805386 solMass / solMass
54 5.093560158346087 solMass / solMass
55 10.486830671472537 solMass / solMass
56 11.535345274142676 solMass / solMass
57 11.096857297546078 solMass / solMass
58 26.163142197551196 solMass / solMass
59 1.5111382832369118 solMass / solMass
60 11.790669552440372 solMass / solMass
61 6.2400217554119415 solMass / solMass
62 1.0055153348461406e-34 solMass / solMass
63 14.050497476527196 solMass / solMass
64 21.727855625698417 solMass / solMass
65 14.305547880804534 solMass / solMass
66 1.5042695046209914e+35 solMass / solMass
67 1.5007606005139225e+35 solMass / solMass
68 15.757993699127491 solMass / solMass
69 15.16510803717977 solMass / solMass
70 10.004791734051377 solMass / solMass
71 3.3518647524440883 solMass / solMass
72 23.617251246855307 solMass / solMass
73 2.0298015753472284e+35 solMass / solMass
74 22.37064893821854 solMass / solMass
75 18.509646161509256 solMass / solMass
76 15.77901353155279 solMass / solMass
77 1.883621739628571 solMass / solMass
78 14.219938374779616 solMass / solMass
79 7.0898389889089595 solMass / solMass
80 10.799453208349814 solMass / solMass
81 39.661981700621595 solMass / solMass
82 16.28501873661501 solMass / solMass
83 15.23961507024694 solMass / solMass
84 13.966138004618747 solMass / solMass
85 11.931009307864256 solMass / solMass
86 14.939659545653258 solMass / solMass
87 16.14138498341761 solMass / solMass
88 14.348968968730128 solMass / solMass
89 31.968393810288585 solMass / solMass
90 42.465875603148085 solMass / solMass
91 20.86632681583926 solMass / solMass
92 5.326836919481933 solMass / solMass
93 7.0676628864564615 solMass / solMass
94 18.721489334705844 solMass / solMass
95 44.424909752883345 solMass / solMass
96 20.68035062789065 solMass / solMass
97 11.565835812120891 solMass / solMass
98 5.301779821146766 solMass / solMass
99 16.24938790747602 solMass / solMass
100 18.200683967955253 solMass / solMass
101 10.467771459192319 solMass / solMass
102 21.954251974284333 solMass / solMass
103 18.461337283024424 solMass / solMass
104 11.434552840703933 solMass / solMass
105 12.94760673960042 solMass / solMass
106 13.54510923090405 solMass / solMass
107 28.378037565955307 solMass / solMass
108 11.057618261311822 solMass / solMass
109 24.04011824002799 solMass / solMass
110 2.47979529639461e+35 solMass / solMass
111 14.157744448731057 solMass / solMass
112 23.193071291235775 solMass / solMass
113 9.757388410703372 solMass / solMass
114 13.4831002622478 solMass / solMass
115 2.904035243652205e+35 solMass / solMass
116 4.400793861400514 solMass / solMass
117 29.397705117409878 solMass / solMass
118 22.9038893493689 solMass / solMass
119 4.658123478728834 solMass / solMass
120 12.659952330706556 solMass / solMass
121 20.272605519453688 solMass / solMass
122 27.419568117627495 solMass / solMass
123 25.38217757907839 solMass / solMass
124 5.82106536906264 solMass / solMass
125 23.366447042610215 solMass / solMass
126 16.538852401062794 solMass / solMass
127 25.231402800134397 solMass / solMass
128 6.825692853287578 solMass / solMass
129 2.161189692040157 solMass / solMass
130 21.02480312707414 solMass / solMass
131 23.286906299154634 solMass / solMass
132 15.716921910379874 solMass / solMass
133 59.08571429242046 solMass / solMass
134 0.21336133460189077 solMass / solMass
135 23.43207238842639 solMass / solMass
136 39.10297897016261 solMass / solMass
137 3.416202298995985e+35 solMass / solMass
138 10.432127312803825 solMass / solMass
139 11.031234881383751 solMass / solMass
140 18.889148760804403 solMass / solMass
141 20.712150364700808 solMass / solMass
142 1.0998192597048455 solMass / solMass
143 27.138932446814415 solMass / solMass
144 27.791848891482427 solMass / solMass
145 79.28051698304301 solMass / solMass
146 108.75061922212151 solMass / solMass
147 19.679219269037688 solMass / solMass
148 16.561492367133752 solMass / solMass
149 17.811897040931985 solMass / solMass
150 43.12631727361546 solMass / solMass
151 11.129272218495792 solMass / solMass
152 6.236464579698279 solMass / solMass
153 5.042762182131979 solMass / solMass
154 12.853807802796544 solMass / solMass
155 25.960829581500843 solMass / solMass
156 13.214814281678313 solMass / solMass
157 3.493104398516316e+35 solMass / solMass
158 37.88673369799107 solMass / solMass
159 20.6191694811871 solMass / solMass
160 25.58754265336145 solMass / solMass
161 6.559017153523599 solMass / solMass
162 21.673975969061825 solMass / solMass
163 34.125996049952825 solMass / solMass
164 27.017574673071106 solMass / solMass
165 22.08338148556642 solMass / solMass
166 5.962109342490105 solMass / solMass
167 18.586512496267108 solMass / solMass
168 15.650670726620115 solMass / solMass
169 2.6548984046408983 solMass / solMass
170 11.744931861478083 solMass / solMass
171 17.59927548585613 solMass / solMass
172 31.69916912158001 solMass / solMass
173 31.51562932443638 solMass / solMass
174 30.528571464317302 solMass / solMass
175 16.88026694771316 solMass / solMass
176 11.161053514216153 solMass / solMass
177 4.9699321658285266e+35 solMass / solMass
178 21.26926029229073 solMass / solMass
179 63.198768544409425 solMass / solMass
180 17.75895368644867 solMass / solMass
181 2.378354292032922 solMass / solMass
182 41.30131263686134 solMass / solMass
183 25.098227828885985 solMass / solMass
184 40.400168030622396 solMass / solMass
185 25.016834951922334 solMass / solMass
186 105.62657654395993 solMass / solMass
187 3.6246913170134234 solMass / solMass
188 42.46466739339593 solMass / solMass
189 31.015713104985124 solMass / solMass
190 17.718105683225215 solMass / solMass
191 32.32932997523703 solMass / solMass
192 44.56323305313774 solMass / solMass
193 55.7053824690038 solMass / solMass
194 15.82367341999442 solMass / solMass
195 4.851098858891726e+35 solMass / solMass
196 117.36553928378025 solMass / solMass
197 32.13712902552173 solMass / solMass
198 19.05375574818742 solMass / solMass
199 38.15815724592229 solMass / solMass
200 27.894025785092275 solMass / solMass
201 95.38382794270467 solMass / solMass
202 26.812724186933167 solMass / solMass
203 37.852322254145356 solMass / solMass
204 45.818596936999214 solMass / solMass
205 4.9897834427694406e+35 solMass / solMass
206 77.8540359996332 solMass / solMass
207 37.30576476537098 solMass / solMass
208 10.684123629073046 solMass / solMass
209 9.51547665364653 solMass / solMass
210 34.06081781524411 solMass / solMass
211 8.110216933234609 solMass / solMass
212 98.4569416225905 solMass / solMass
213 37.7030145360208 solMass / solMass
214 25.694314375696777 solMass / solMass
215 38.14122545957594 solMass / solMass
216 29.199894563018074 solMass / solMass
217 26.006264766674523 solMass / solMass
218 37.791889080616215 solMass / solMass
219 12.983728272825722 solMass / solMass
220 32.35676922635191 solMass / solMass
221 42.27504634294661 solMass / solMass
222 0.7330637503140407 solMass / solMass
223 57.98708884695166 solMass / solMass
224 27.732911003984306 solMass / solMass
225 65.39754336245942 solMass / solMass
226 18.758199182228672 solMass / solMass
227 42.72551106592416 solMass / solMass
228 15.075526107657266 solMass / solMass
229 5.698177676973018e+35 solMass / solMass
230 67.43142540770474 solMass / solMass
231 21.67501329619265 solMass / solMass
232 29.28372764594259 solMass / solMass
233 66.6445112285411 solMass / solMass
234 38.72125749290071 solMass / solMass
235 34.49974421491018 solMass / solMass
236 64.18862459892232 solMass / solMass
237 26.136119118967276 solMass / solMass
238 35.70495379860175 solMass / solMass
239 7.096243299174929e+35 solMass / solMass
240 42.83123884709473 solMass / solMass
241 5.8456653492599655e+35 solMass / solMass
242 73.36825977145008 solMass / solMass
243 157.23205615563657 solMass / solMass
244 55.47122699279619 solMass / solMass
245 51.22776444264792 solMass / solMass
246 33.59382581924534 solMass / solMass
247 46.87935800360142 solMass / solMass
248 39.18355912587489 solMass / solMass
249 167.18008099414394 solMass / solMass
250 6.319458941530381 solMass / solMass
251 56.55667683068857 solMass / solMass
252 28.475709425442012 solMass / solMass
253 34.298931195751464 solMass / solMass
254 49.3154986417024 solMass / solMass
255 9.994453360010434 solMass / solMass
256 80.36567159764594 solMass / solMass
257 95.82056116001783 solMass / solMass
258 1.4081174825227565 solMass / solMass
259 40.57752596202576 solMass / solMass
260 6.798145758797975 solMass / solMass
261 12.884831091793336 solMass / solMass
262 78.76722007350185 solMass / solMass
263 9.98273753712287 solMass / solMass
264 57.47524891537489 solMass / solMass
265 1.4669454626376461 solMass / solMass
266 27.578168910395384 solMass / solMass
267 48.60080951586059 solMass / solMass
268 62.48864626885913 solMass / solMass
269 35.119220112373775 solMass / solMass
270 41.838393551604405 solMass / solMass
271 43.729845606747915 solMass / solMass
272 43.17679071687267 solMass / solMass
273 76.95623544657072 solMass / solMass
274 55.8112980722802 solMass / solMass
275 67.71239720732635 solMass / solMass
276 112.62968497604226 solMass / solMass
277 29.883644414534242 solMass / solMass
278 12.141605080623911 solMass / solMass
279 53.62285055522366 solMass / solMass
280 6.89358865590304e+35 solMass / solMass
281 33.31272351724199 solMass / solMass
282 61.31531827318389 solMass / solMass
283 40.2735796691966 solMass / solMass
284 66.49192435560116 solMass / solMass
285 5.422208325204157 solMass / solMass
286 70.55848311027961 solMass / solMass
287 20.763759323824285 solMass / solMass
288 25.551039905717502 solMass / solMass
289 50.426887040181924 solMass / solMass
290 33.37727969619598 solMass / solMass
291 35.441535333732666 solMass / solMass
292 7.202145024571914e+35 solMass / solMass
293 19.600808596590884 solMass / solMass
294 0.7243843603641467 solMass / solMass
295 38.31497047790803 solMass / solMass
296 69.82321675511322 solMass / solMass
297 41.68464907219649 solMass / solMass
298 106.18742838363896 solMass / solMass
299 30.318601527779936 solMass / solMass
300 18.987641073270474 solMass / solMass
301 13.241665603124952 solMass / solMass
302 51.028027836136026 solMass / solMass
303 0.7096016756163723 solMass / solMass
304 14.176279748723394 solMass / solMass
305 55.972198363159386 solMass / solMass
306 4.945649764532518 solMass / solMass
307 63.75880085583224 solMass / solMass
308 8.413064205864945e+35 solMass / solMass
309 29.556829500788997 solMass / solMass
310 50.86565445776513 solMass / solMass
311 51.75711729125685 solMass / solMass
312 39.62867332086324 solMass / solMass
313 87.79636759150964 solMass / solMass
314 9.85088361655285e+35 solMass / solMass
315 90.97842679099489 solMass / solMass
316 25.306735240884464 solMass / solMass
317 67.81806606979798 solMass / solMass
318 54.45059217933993 solMass / solMass
319 53.740262192031466 solMass / solMass
320 78.36234376418652 solMass / solMass
321 41.32675424298885 solMass / solMass
322 6.227294303661464 solMass / solMass
323 122.35000787719403 solMass / solMass
324 24.92115279782736 solMass / solMass
325 42.08554515441036 solMass / solMass
326 104.49187569826171 solMass / solMass
327 184.12154232952523 solMass / solMass
328 110.04998744245087 solMass / solMass
329 132.5507958090755 solMass / solMass
330 42.74085802224757 solMass / solMass
331 26.264745192760802 solMass / solMass
332 74.53898372041198 solMass / solMass
333 109.10580047917455 solMass / solMass
334 32.86237146508477 solMass / solMass
335 28.18940820445226 solMass / solMass
336 0.6781412098233921 solMass / solMass
337 124.1425355217444 solMass / solMass
338 47.82273034913202 solMass / solMass
339 24.16263647663301 solMass / solMass
340 33.35252749270705 solMass / solMass
341 18.723698648708872 solMass / solMass
342 98.32889492251891 solMass / solMass
343 69.16879313739574 solMass / solMass
344 23.91965658209818 solMass / solMass
345 7.17209000248941e+35 solMass / solMass
346 79.62941614773868 solMass / solMass
347 103.44549299371054 solMass / solMass
348 57.668741360040116 solMass / solMass
349 56.49604477450641 solMass / solMass
350 57.55536880368222 solMass / solMass
351 8.296072388025618 solMass / solMass
352 38.99914327774626 solMass / solMass
353 66.22595558404579 solMass / solMass
354 68.51133681753319 solMass / solMass
355 68.22611595016583 solMass / solMass
356 197.4385703382485 solMass / solMass
357 163.39069057170175 solMass / solMass
358 35.284011420015496 solMass / solMass
359 109.51435663746852 solMass / solMass
360 27.045150418769566 solMass / solMass
361 63.97938850042784 solMass / solMass
362 11.88776809132262 solMass / solMass
363 3.838928072927764 solMass / solMass
364 126.53678285220279 solMass / solMass
365 98.64701947919868 solMass / solMass
366 98.32184980364363 solMass / solMass
367 76.5973699052698 solMass / solMass
368 127.57575818100663 solMass / solMass
369 44.50377921077546 solMass / solMass
370 15.713640950738307 solMass / solMass
371 19.99504981594363 solMass / solMass
372 15.511733211617384 solMass / solMass
373 63.80448484509816 solMass / solMass
374 26.096908582043785 solMass / solMass
375 51.48601097609113 solMass / solMass
376 138.22546758397678 solMass / solMass
377 62.74468425610914 solMass / solMass
378 92.98307948687315 solMass / solMass
379 203.79044906313914 solMass / solMass
380 95.76052305900856 solMass / solMass
381 86.74308583324618 solMass / solMass
382 99.41481177713655 solMass / solMass
383 8.05290292394195 solMass / solMass
384 68.26723718977075 solMass / solMass
385 47.30300177829311 solMass / solMass
386 35.378914558982856 solMass / solMass
387 79.57886753114441 solMass / solMass
388 262.55452788098955 solMass / solMass
389 58.402193154097176 solMass / solMass
390 59.22645875538893 solMass / solMass
391 82.56594884565966 solMass / solMass
392 44.279833256312905 solMass / solMass
393 259.6613955541735 solMass / solMass
394 47.37889764523571 solMass / solMass
395 66.86644924611089 solMass / solMass
396 29.98885683395821 solMass / solMass
397 41.73533208358407 solMass / solMass
398 49.15892906718198 solMass / solMass
399 44.06396230260895 solMass / solMass
400 113.17648750236935 solMass / solMass
401 41.11401701909836 solMass / solMass
402 92.85574665838547 solMass / solMass
403 41.024475040600734 solMass / solMass
404 4.05519432869837 solMass / solMass
405 121.50041604632781 solMass / solMass
406 32.58039935297235 solMass / solMass
407 37.854426121426734 solMass / solMass
408 157.80976849559437 solMass / solMass
409 10.251481987511605 solMass / solMass
410 93.94591183050925 solMass / solMass
411 55.801386972329816 solMass / solMass
412 35.9086069360046 solMass / solMass
413 97.65697862990007 solMass / solMass
414 47.64857779076446 solMass / solMass
415 68.73799634937963 solMass / solMass
416 98.86968298718375 solMass / solMass
417 12.040738672190813 solMass / solMass
418 85.2909008849598 solMass / solMass
419 27.373897706144902 solMass / solMass
420 72.38099459114285 solMass / solMass
421 77.32752437978813 solMass / solMass
422 38.247729413399725 solMass / solMass
423 26.030177043006812 solMass / solMass
424 135.9295494384517 solMass / solMass
425 179.63016636115321 solMass / solMass
426 49.26515637856594 solMass / solMass
427 173.88677674295653 solMass / solMass
428 222.57546337744435 solMass / solMass
429 80.91447800950435 solMass / solMass
430 75.17804878075644 solMass / solMass
431 308.65464225136265 solMass / solMass
432 37.42550431558737 solMass / solMass
433 91.36299192063329 solMass / solMass
434 135.14902070079097 solMass / solMass
435 318.9888577396135 solMass / solMass
436 18.7646643659533 solMass / solMass
437 17.505247530863087 solMass / solMass
IsSatellite
439 119.01270055543856 solMass / solMass
440 86.26424221964984 solMass / solMass
441 65.29759527335328 solMass / solMass
442 191.0379156484876 solMass / solMass
443 41.11789056228573 solMass / solMass
444 161.74519102005246 solMass / solMass
445 68.53588735242889 solMass / solMass
446 78.66365882026224 solMass / solMass
447 18.219399997892 solMass / solMass
448 10.986266358165384 solMass / solMass
449 27.82142704795892 solMass / solMass
450 93.35740479638879 solMass / solMass
451 114.67669456613989 solMass / solMass
452 72.00253738509514 solMass / solMass
453 89.17295940598817 solMass / solMass
454 44.49390141464733 solMass / solMass
455 23.71750346331831 solMass / solMass
456 1.1559262533493881e+36 solMass / solMass
IsSatellite
458 82.56489992201249 solMass / solMass
459 27.92593780156316 solMass / solMass
460 1.0734090669540142e+36 solMass / solMass
461 9.57999630616566e+35 solMass / solMass
462 49.9420161091661 solMass / solMass
463 13.155929160372583 solMass / solMass
464 82.3356606468499 solMass / solMass
465 4.0919874617277685 solMass / solMass
466 105.32523559926021 solMass / solMass
467 141.6404278025297 solMass / solMass
468 135.8887175467124 solMass / solMass
469 41.95818584642476 solMass / solMass
IsSatellite
471 51.133104697049426 solMass / solMass
472 58.286995426346 solMass / solMass
473 54.32194255065581 solMass / solMass
474 54.55316581946989 solMass / solMass
475 2.869692525944076 solMass / solMass
476 86.91370963982246 solMass / solMass
477 58.840447948280215 solMass / solMass
478 58.950770293675006 solMass / solMass
479 107.01240121026724 solMass / solMass
480 54.82088598421178 solMass / solMass
481 26.016367914277268 solMass / solMass
482 123.12006049885183 solMass / solMass
483 71.61251808375873 solMass / solMass
484 1.2394791038271082e+36 solMass / solMass
IsSatellite
486 2.999214718378425 solMass / solMass
487 102.34226472399739 solMass / solMass
488 50.734215279168204 solMass / solMass
489 102.8118054057294 solMass / solMass
490 79.99502376187597 solMass / solMass
491 20.583786948313826 solMass / solMass
492 86.25196596809619 solMass / solMass
493 3.025672600274114 solMass / solMass
494 137.94794281239442 solMass / solMass
495 129.8916158909674 solMass / solMass
496 142.1388550375216 solMass / solMass
497 22.862959500926042 solMass / solMass
498 80.22054510524703 solMass / solMass
499 15.622213442735827 solMass / solMass
500 136.69479822117583 solMass / solMass
501 106.81357342055915 solMass / solMass
502 15.180351127249926 solMass / solMass
503 192.90471433038243 solMass / solMass
504 56.86923635066552 solMass / solMass
505 123.89942765622635 solMass / solMass
506 74.57743936988929 solMass / solMass
507 58.67909978575428 solMass / solMass
508 65.50093892088543 solMass / solMass
509 2.2860383154689385 solMass / solMass
510 41.14474039313814 solMass / solMass
511 81.4243031676078 solMass / solMass
512 12.298240847964752 solMass / solMass
513 44.90702825657803 solMass / solMass
514 52.26305461633279 solMass / solMass
515 80.73210554280804 solMass / solMass
516 70.40259879118622 solMass / solMass
517 89.05342906572453 solMass / solMass
518 60.51152266519611 solMass / solMass
519 115.87893313441036 solMass / solMass
520 43.49755218858302 solMass / solMass
521 127.52584167209253 solMass / solMass
522 12.241942917493505 solMass / solMass
523 114.65668052437331 solMass / solMass
524 10.005884762701093 solMass / solMass
525 8.180418485286557 solMass / solMass
526 1.3026938017775128e+36 solMass / solMass
527 25.27861030001047 solMass / solMass
528 197.7475439159458 solMass / solMass
529 66.7109517788113 solMass / solMass
530 73.42211120200938 solMass / solMass
IsSatellite
532 11.002921387207008 solMass / solMass
533 59.136183320578255 solMass / solMass
Traceback (most recent call last):
  File "./proxfinder0070.py", line 216, in <module>
    eta = M_other.to('Msun') / halo_mass1
AttributeError: 'int' object has no attribute 'to'
srun: error: tiger-r2c2n5: task 0: Exited with exit code 1
srun: Terminating job step 3515431.0
