yt : [INFO     ] 2017-07-25 11:27:17,209 Parameters: current_time              = 2.442094332e+16
yt : [INFO     ] 2017-07-25 11:27:17,209 Parameters: domain_dimensions         = [2 2 2]
yt : [INFO     ] 2017-07-25 11:27:17,210 Parameters: domain_left_edge          = [ 0.  0.  0.]
yt : [INFO     ] 2017-07-25 11:27:17,210 Parameters: domain_right_edge         = [  1.66901647e+25   1.66901647e+25   1.66901647e+25]
yt : [INFO     ] 2017-07-25 11:27:17,211 Parameters: cosmological_simulation   = 1
yt : [INFO     ] 2017-07-25 11:27:17,211 Parameters: current_redshift          = 6.99999981444
yt : [INFO     ] 2017-07-25 11:27:17,211 Parameters: omega_lambda              = 0.712
yt : [INFO     ] 2017-07-25 11:27:17,211 Parameters: omega_matter              = 0.288
yt : [INFO     ] 2017-07-25 11:27:17,211 Parameters: hubble_constant           = 0.6933
yt : [INFO     ] 2017-07-25 11:27:17,359 Parameters: current_time              = 102.74801136229
yt : [INFO     ] 2017-07-25 11:27:17,360 Parameters: domain_dimensions         = [128 128 128]
yt : [INFO     ] 2017-07-25 11:27:17,360 Parameters: domain_left_edge          = [ 0.  0.  0.]
yt : [INFO     ] 2017-07-25 11:27:17,361 Parameters: domain_right_edge         = [ 1.  1.  1.]
yt : [INFO     ] 2017-07-25 11:27:17,361 Parameters: cosmological_simulation   = 1
yt : [INFO     ] 2017-07-25 11:27:17,361 Parameters: current_redshift          = 6.9999998144358
yt : [INFO     ] 2017-07-25 11:27:17,361 Parameters: omega_lambda              = 0.712
yt : [INFO     ] 2017-07-25 11:27:17,361 Parameters: omega_matter              = 0.288
yt : [INFO     ] 2017-07-25 11:27:17,361 Parameters: hubble_constant           = 0.6933
yt : [INFO     ] 2017-07-25 11:27:17,365 Allocating for 4.968e+03 particles (index particle type 'all')
yt : [INFO     ] 2017-07-25 11:27:17,370 Identified 1.809e+03 octs
IsSatellite
IsSatellite
IsSatellite
11 0.5664347592573951 solMass / solMass
16 2.824938166039891 solMass / solMass
17 6.208841322765465 solMass / solMass
22 4.095738857254702 solMass / solMass
24 3.540861553094347 solMass / solMass
25 4.0965242247353695 solMass / solMass
27 2.113483970532982 solMass / solMass
IsSatellite
31 16.660046130463172 solMass / solMass
IsSatellite
33 2.644461166405775 solMass / solMass
34 3.188332661908135 solMass / solMass
35 0.7601459190713248 solMass / solMass
36 2.4714612126703437 solMass / solMass
37 3.5548902490758714 solMass / solMass
38 3.599785646670768 solMass / solMass
41 1.350347735782021 solMass / solMass
42 0.8215129524852103 solMass / solMass
43 1.623951695236347 solMass / solMass
51 4.491917107521497 solMass / solMass
55 2.0364397012728994 solMass / solMass
56 5.270368610183328 solMass / solMass
57 13.021441800955811 solMass / solMass
60 10.94061824163148 solMass / solMass
61 15.790982511996653 solMass / solMass
62 2.9764117222604645 solMass / solMass
66 2.4995082711194074 solMass / solMass
67 0.9058772144966669 solMass / solMass
69 7.080002586632976 solMass / solMass
71 54.52337120037507 solMass / solMass
74 3.2901344298717285 solMass / solMass
76 1.2360406079923107 solMass / solMass
78 9.747732560477148 solMass / solMass
81 6.463775706493423 solMass / solMass
82 2.284713942178983 solMass / solMass
84 14.500309625970846 solMass / solMass
88 10.309131803534017 solMass / solMass
89 4.484926232958562 solMass / solMass
90 6.869857578330827 solMass / solMass
93 2.8338546509079183 solMass / solMass
95 4.621476659108368 solMass / solMass
96 8.642883240308635 solMass / solMass
97 13.771025164771057 solMass / solMass
98 3.776387808264238 solMass / solMass
100 1.5164213655782999 solMass / solMass
101 10.686010894319766 solMass / solMass
102 22.106883764953086 solMass / solMass
103 3.230811296943772 solMass / solMass
104 17.93379565139311 solMass / solMass
105 1.0132978854408754 solMass / solMass
106 6.463742814462403 solMass / solMass
107 8.641957730454685 solMass / solMass
108 13.801573378483964 solMass / solMass
109 2.2037221417367174 solMass / solMass
110 29.597473909174294 solMass / solMass
111 15.169223691563744 solMass / solMass
112 3.6450006888238455 solMass / solMass
113 8.942725292810222 solMass / solMass
114 2.2308786833390366 solMass / solMass
115 39.09411172461745 solMass / solMass
116 12.800789827799665 solMass / solMass
117 17.238227125263673 solMass / solMass
118 14.74998549478164 solMass / solMass
120 22.32685833734015 solMass / solMass
121 4.411493652262577 solMass / solMass
122 7.603384352431202 solMass / solMass
123 15.030700321560062 solMass / solMass
124 15.106735998520778 solMass / solMass
125 102.221665769524 solMass / solMass
126 7.191047216399345 solMass / solMass
128 10.761961658585657 solMass / solMass
130 23.753531646165325 solMass / solMass
131 23.4871331224203 solMass / solMass
132 12.415964893714868 solMass / solMass
134 8.266889461274978 solMass / solMass
136 37.40297559248135 solMass / solMass
137 13.088345350089917 solMass / solMass
138 6.859648699347501 solMass / solMass
141 13.03802178050663 solMass / solMass
145 17.568863986412058 solMass / solMass
146 11.099750588965675 solMass / solMass
151 25.326533677531476 solMass / solMass
153 8.823989556835139 solMass / solMass
155 8.377723786508465 solMass / solMass
156 2.178311031863556 solMass / solMass
159 6.360407897645857 solMass / solMass
161 4.322130954808469 solMass / solMass
163 6.952325519709801 solMass / solMass
HaloMassEqualZero
165 8.804959099962694 solMass / solMass
167 15.22045239936057 solMass / solMass
169 17.494588210751324 solMass / solMass
170 13.521263011167925 solMass / solMass
171 11.167506205547841 solMass / solMass
172 12.202592090051745 solMass / solMass
173 13.447567757708752 solMass / solMass
174 49.219661595156744 solMass / solMass
176 23.74411356245336 solMass / solMass
177 28.38370760087127 solMass / solMass
178 9.6585624658568 solMass / solMass
179 4.07712794455637 solMass / solMass
180 126.81306394078143 solMass / solMass
181 8.427094967639022 solMass / solMass
182 39.994877182254015 solMass / solMass
183 4.336509446270561 solMass / solMass
185 16.26377275549461 solMass / solMass
186 11.844204684521797 solMass / solMass
187 31.56968871280505 solMass / solMass
188 101.93904266387351 solMass / solMass
189 5.697624244783445 solMass / solMass
190 24.421138529578663 solMass / solMass
191 21.239937304375065 solMass / solMass
192 5.949951794101108 solMass / solMass
193 60.24439609445124 solMass / solMass
194 24.292578449316313 solMass / solMass
195 7.23602335280283 solMass / solMass
196 13.588239526732673 solMass / solMass
198 6.685105323659445 solMass / solMass
199 10.0123947349078 solMass / solMass
202 21.30567393956968 solMass / solMass
203 29.330406173599034 solMass / solMass
204 41.63441882458572 solMass / solMass
205 6.256017593088689 solMass / solMass
207 32.69168660407585 solMass / solMass
210 29.930128131948322 solMass / solMass
211 32.86497180046791 solMass / solMass
213 4.133661690003558 solMass / solMass
215 13.217062513483947 solMass / solMass
216 15.85695433020513 solMass / solMass
217 29.38525602141005 solMass / solMass
218 14.51083999514998 solMass / solMass
219 8.11674906259644 solMass / solMass
222 20.026860631850084 solMass / solMass
223 32.263583184890045 solMass / solMass
224 0.3640828821005661 solMass / solMass
225 7.923318903015533 solMass / solMass
227 3.6559019031626425 solMass / solMass
228 10.412021479724697 solMass / solMass
229 71.61879551989621 solMass / solMass
230 17.532574516127212 solMass / solMass
231 13.502124557350276 solMass / solMass
232 19.35261743474585 solMass / solMass
233 21.37294959941066 solMass / solMass
234 14.09318384091762 solMass / solMass
235 41.72668948080851 solMass / solMass
236 4.207490765449572 solMass / solMass
237 38.31803123177951 solMass / solMass
238 29.496387631940536 solMass / solMass
239 11.770100999032287 solMass / solMass
240 110.78606787715287 solMass / solMass
241 26.608564728733725 solMass / solMass
242 9.161784640387324 solMass / solMass
243 15.780782387015913 solMass / solMass
244 9.384312002237046 solMass / solMass
245 148.67872478377186 solMass / solMass
247 9.759229246239661 solMass / solMass
248 7.960967916538223 solMass / solMass
249 16.154322904867197 solMass / solMass
251 26.66017617317499 solMass / solMass
252 15.576059726921667 solMass / solMass
253 155.24140164907163 solMass / solMass
254 155.68915036297275 solMass / solMass
255 31.560241003476158 solMass / solMass
HaloMassEqualZero
257 26.286632588876017 solMass / solMass
258 19.07445047441508 solMass / solMass
259 40.13372910238641 solMass / solMass
260 14.018715849641415 solMass / solMass
261 24.02091424258283 solMass / solMass
263 3.1454604539792697 solMass / solMass
264 10.432416823331637 solMass / solMass
266 10.856960824940588 solMass / solMass
267 14.716527157369452 solMass / solMass
268 15.115025196683336 solMass / solMass
IsSatellite
270 19.755034594854934 solMass / solMass
271 23.0451780799871 solMass / solMass
272 24.108856136410537 solMass / solMass
273 27.43168173049117 solMass / solMass
274 42.9539589311093 solMass / solMass
275 41.119487493255235 solMass / solMass
278 26.29263207342445 solMass / solMass
280 39.619535066645405 solMass / solMass
281 21.937900039518915 solMass / solMass
283 4.268936061825685 solMass / solMass
284 60.42941513054756 solMass / solMass
285 190.60607130325525 solMass / solMass
286 34.336027282824546 solMass / solMass
287 17.714147062887278 solMass / solMass
288 73.04987359917817 solMass / solMass
289 48.65997001471251 solMass / solMass
290 106.05584180333409 solMass / solMass
291 36.250637742156705 solMass / solMass
292 73.54051666690546 solMass / solMass
293 5.252053183157389 solMass / solMass
294 29.88504463720143 solMass / solMass
295 10.616649717709993 solMass / solMass
296 43.465817803962054 solMass / solMass
297 20.986657018712314 solMass / solMass
298 1.8731463153941907 solMass / solMass
302 164.90171287638051 solMass / solMass
303 9.300749059493377 solMass / solMass
304 23.394550473243214 solMass / solMass
305 34.82037555575632 solMass / solMass
307 11.335196903158648 solMass / solMass
308 16.44597978980737 solMass / solMass
309 69.71398270757867 solMass / solMass
310 11.388307037848264 solMass / solMass
311 16.214301162144825 solMass / solMass
312 13.392553550598526 solMass / solMass
314 1.6044688960186477 solMass / solMass
317 217.97259447857311 solMass / solMass
318 36.40204863675654 solMass / solMass
319 21.63005284838014 solMass / solMass
321 56.54438453871065 solMass / solMass
322 54.92983578808425 solMass / solMass
323 39.97127040016517 solMass / solMass
324 3.1555580812504034 solMass / solMass
327 308.46789189748927 solMass / solMass
328 29.272338785549533 solMass / solMass
329 50.89972266127236 solMass / solMass
330 25.740340129444856 solMass / solMass
332 21.63678114191036 solMass / solMass
333 2.2816346801217526 solMass / solMass
335 58.62399003042016 solMass / solMass
336 50.826729672518276 solMass / solMass
337 23.8368755445731 solMass / solMass
338 11.18661096191834 solMass / solMass
339 42.819010248229404 solMass / solMass
340 28.506854160283197 solMass / solMass
345 44.06357260718511 solMass / solMass
347 64.57002145099023 solMass / solMass
348 16.094090154484675 solMass / solMass
349 87.00535022520411 solMass / solMass
350 36.65645667852552 solMass / solMass
352 21.50846356092902 solMass / solMass
354 6.941621530040768 solMass / solMass
356 64.78459023347517 solMass / solMass
358 99.61188971621284 solMass / solMass
359 323.8891646296031 solMass / solMass
360 26.615375428654644 solMass / solMass
362 6.319023488869304 solMass / solMass
363 16.5089776381796 solMass / solMass
364 65.63220418418945 solMass / solMass
366 35.135403605599365 solMass / solMass
367 4.390687432147589 solMass / solMass
368 55.277018073148454 solMass / solMass
369 98.22966372483475 solMass / solMass
IsSatellite
371 37.37242967653246 solMass / solMass
373 21.83290036120234 solMass / solMass
374 16.088555072071756 solMass / solMass
375 79.09259988807956 solMass / solMass
376 62.79227149062582 solMass / solMass
378 37.284194993688594 solMass / solMass
379 12.544280665274144 solMass / solMass
381 1.1371625132892476 solMass / solMass
382 6.0492403955919825 solMass / solMass
383 30.661925991391346 solMass / solMass
HaloMassEqualZero
388 16.53957312173508 solMass / solMass
389 23.68914270402834 solMass / solMass
390 6.710289097427903 solMass / solMass
391 38.56210770806256 solMass / solMass
392 8.24781753637895 solMass / solMass
394 53.8777463205762 solMass / solMass
397 87.55998392863306 solMass / solMass
398 41.05918620485483 solMass / solMass
399 26.066952766621558 solMass / solMass
400 41.01746666096166 solMass / solMass
401 27.776004830599543 solMass / solMass
402 41.75033317876268 solMass / solMass
403 33.24826354520117 solMass / solMass
404 63.1274629209993 solMass / solMass
405 1.9808225624974425 solMass / solMass
406 29.509128276697446 solMass / solMass
409 48.70337180043622 solMass / solMass
410 52.2005070078711 solMass / solMass
411 17.413894147296507 solMass / solMass
414 92.96693775233976 solMass / solMass
416 58.32320451502056 solMass / solMass
419 33.9509208889894 solMass / solMass
420 77.00344243803679 solMass / solMass
421 6.28375619957876 solMass / solMass
422 28.81083839905929 solMass / solMass
423 29.776928474446986 solMass / solMass
424 71.30071323175355 solMass / solMass
425 44.424884423621485 solMass / solMass
426 70.07281802955579 solMass / solMass
427 246.531957784293 solMass / solMass
428 17.128199187248924 solMass / solMass
429 19.63209849389257 solMass / solMass
430 14.636600286405315 solMass / solMass
431 40.41428735814159 solMass / solMass
433 81.2012375310926 solMass / solMass
435 10.270447993914413 solMass / solMass
438 111.69543344727485 solMass / solMass
439 60.45529396088134 solMass / solMass
440 15.681045886717428 solMass / solMass
441 77.41408893497064 solMass / solMass
442 82.68007596471456 solMass / solMass
445 17.386996483492744 solMass / solMass
447 79.48888556291597 solMass / solMass
450 37.06867398451365 solMass / solMass
452 10.542539401060512 solMass / solMass
454 51.84795668311195 solMass / solMass
455 100.15908963984883 solMass / solMass
456 18.417851881201972 solMass / solMass
457 5.847309156829446 solMass / solMass
458 60.71831719974792 solMass / solMass
461 40.49903219687432 solMass / solMass
462 9.37682441441616 solMass / solMass
464 89.47800825754244 solMass / solMass
465 73.10230905583593 solMass / solMass
467 23.009512954670118 solMass / solMass
469 7.7383207873 solMass / solMass
470 33.07701129833237 solMass / solMass
472 66.14500086684728 solMass / solMass
475 23.95480461789249 solMass / solMass
476 34.48310861090355 solMass / solMass
477 35.79713697175569 solMass / solMass
478 39.55231624394431 solMass / solMass
479 45.45295223284976 solMass / solMass
481 25.527687602331934 solMass / solMass
482 372.1822960041632 solMass / solMass
483 27.09759343186648 solMass / solMass
484 373.0675697032344 solMass / solMass
485 25.750631483809816 solMass / solMass
486 42.23117858988922 solMass / solMass
488 91.46534052293332 solMass / solMass
489 9.159520290188208 solMass / solMass
490 251.13729921952398 solMass / solMass
494 66.08516389521883 solMass / solMass
495 135.4718715952011 solMass / solMass
496 0.7392731760888764 solMass / solMass
497 97.99257419417684 solMass / solMass
498 36.20365861610485 solMass / solMass
500 15.126868809380793 solMass / solMass
503 358.56118291468067 solMass / solMass
504 35.374805753220045 solMass / solMass
506 35.42496270527318 solMass / solMass
508 3.9755776158644016 solMass / solMass
509 15.237172168033757 solMass / solMass
511 459.5318944101765 solMass / solMass
512 42.44134269486062 solMass / solMass
513 26.913736767569066 solMass / solMass
514 40.09583959430397 solMass / solMass
515 48.29592204258778 solMass / solMass
516 18.620669863947594 solMass / solMass
517 39.84502866239734 solMass / solMass
518 371.4369546431808 solMass / solMass
519 81.82051999406204 solMass / solMass
521 140.64693456093775 solMass / solMass
522 100.41724891698348 solMass / solMass
524 37.86214391701112 solMass / solMass
525 30.213189609879958 solMass / solMass
526 35.55865062658122 solMass / solMass
527 9.513822879873544 solMass / solMass
528 253.98894479914102 solMass / solMass
529 14.493600075143048 solMass / solMass
530 16.670740257670275 solMass / solMass
531 59.45052190379154 solMass / solMass
532 5.943986523728332 solMass / solMass
534 24.375814218648557 solMass / solMass
535 57.2482263743745 solMass / solMass
536 555.1906301042725 solMass / solMass
537 94.18973914261967 solMass / solMass
538 41.28811376045607 solMass / solMass
539 51.07719160461912 solMass / solMass
541 36.920880241646145 solMass / solMass
544 19.0647706627792 solMass / solMass
545 54.18849909206029 solMass / solMass
547 30.75427445566866 solMass / solMass
548 86.73155580271123 solMass / solMass
549 102.88082682609233 solMass / solMass
550 36.837455600683604 solMass / solMass
551 23.950979853058733 solMass / solMass
553 43.46066491975856 solMass / solMass
554 105.35071102074764 solMass / solMass
555 73.07069079042323 solMass / solMass
556 111.9643893508848 solMass / solMass
558 19.179761482386056 solMass / solMass
560 8.313327119307067 solMass / solMass
561 0.28111853982647167 solMass / solMass
562 126.4306335865371 solMass / solMass
563 85.22333676825403 solMass / solMass
564 74.97336698349359 solMass / solMass
566 23.761038795106263 solMass / solMass
568 48.64734679622787 solMass / solMass
569 531.319545122628 solMass / solMass
570 19.28687281941456 solMass / solMass
571 24.749697443934714 solMass / solMass
572 383.01866736255744 solMass / solMass
573 20.049366877650968 solMass / solMass
574 9.18303637439959 solMass / solMass
575 152.85112290560076 solMass / solMass
576 46.3311423264667 solMass / solMass
577 18.89984987315222 solMass / solMass
578 132.4133450217128 solMass / solMass
579 21.964824123269413 solMass / solMass
580 120.39721327185643 solMass / solMass
581 71.26685238344815 solMass / solMass
582 20.73380110270016 solMass / solMass
585 147.39476541066009 solMass / solMass
586 40.24205606755424 solMass / solMass
588 108.82007302622873 solMass / solMass
589 126.25023557650856 solMass / solMass
590 53.628920368998884 solMass / solMass
592 33.6198230702821 solMass / solMass
593 74.54945855046168 solMass / solMass
594 123.25886976442754 solMass / solMass
595 114.16112968916416 solMass / solMass
596 101.59468672511257 solMass / solMass
597 15.772024535889539 solMass / solMass
598 21.946387111762498 solMass / solMass
599 53.877885214334796 solMass / solMass
600 31.00249635650191 solMass / solMass
601 11.95604192584326 solMass / solMass
602 7.970068371922462 solMass / solMass
603 14.894584366697845 solMass / solMass
604 567.2105826110869 solMass / solMass
607 72.72804395988526 solMass / solMass
609 58.55229621108081 solMass / solMass
610 86.64672311067548 solMass / solMass
611 18.249180182418932 solMass / solMass
612 165.73458010008116 solMass / solMass
614 56.19607233272901 solMass / solMass
615 12.769961280900832 solMass / solMass
616 120.21574345832273 solMass / solMass
617 72.03816060911315 solMass / solMass
618 83.15045425579656 solMass / solMass
619 2.847871545172346 solMass / solMass
621 59.83982911401671 solMass / solMass
623 137.06825893647408 solMass / solMass
624 163.78265040215678 solMass / solMass
625 29.214504993302427 solMass / solMass
626 497.08762166467966 solMass / solMass
627 22.31636420909923 solMass / solMass
629 132.75160834941548 solMass / solMass
631 235.01942460495687 solMass / solMass
633 25.469220961306043 solMass / solMass
634 5.048245764983016 solMass / solMass
635 99.74736372408441 solMass / solMass
636 43.60418531026758 solMass / solMass
638 26.20493247608583 solMass / solMass
639 51.898776128297854 solMass / solMass
640 55.09578033577779 solMass / solMass
641 90.25212729711582 solMass / solMass
642 30.533417365471394 solMass / solMass
643 108.25331499775544 solMass / solMass
644 115.53659851473729 solMass / solMass
645 53.42966745675003 solMass / solMass
646 95.35159086675573 solMass / solMass
648 136.41080091785264 solMass / solMass
650 5.797662887722624 solMass / solMass
651 41.455408290118804 solMass / solMass
653 19.544977275716683 solMass / solMass
654 27.312496551815446 solMass / solMass
655 63.16880393169967 solMass / solMass
656 0.7316359248429803 solMass / solMass
657 30.01436975972276 solMass / solMass
658 40.614870090330996 solMass / solMass
660 52.06120389012525 solMass / solMass
662 75.69157320284751 solMass / solMass
664 201.5967095040909 solMass / solMass
665 202.97114264210177 solMass / solMass
666 249.50962775029828 solMass / solMass
667 92.32546734723468 solMass / solMass
670 93.70559184570939 solMass / solMass
671 9.91211783994636 solMass / solMass
672 176.37836740250776 solMass / solMass
673 0.0 solMass / solMass
674 30.78189942021064 solMass / solMass
676 113.46514416763524 solMass / solMass
678 50.766791637762566 solMass / solMass
679 27.966513787197382 solMass / solMass
HaloMassEqualZero
681 194.54815230004854 solMass / solMass
682 14.997538175096654 solMass / solMass
684 18.92060960116396 solMass / solMass
685 113.78669635253424 solMass / solMass
687 77.66188303218891 solMass / solMass
690 7.34642784511299 solMass / solMass
695 889.5226281649448 solMass / solMass
HaloMassEqualZero
699 92.42798410532492 solMass / solMass
702 8.187747951804214 solMass / solMass
703 109.51443459820192 solMass / solMass
704 26.8541083518178 solMass / solMass
705 91.21090044954897 solMass / solMass
706 25.313638850893458 solMass / solMass
707 23.193600900964288 solMass / solMass
709 34.79233824226924 solMass / solMass
710 163.8605563978546 solMass / solMass
712 663.6536975740853 solMass / solMass
713 48.11105060031462 solMass / solMass
714 18.011148854187255 solMass / solMass
715 154.29954461547686 solMass / solMass
717 325.6033503039054 solMass / solMass
718 112.0688439087052 solMass / solMass
719 58.35329192699267 solMass / solMass
720 38.00612260963859 solMass / solMass
721 66.54868278371114 solMass / solMass
723 241.03293989073438 solMass / solMass
724 37.55254009436524 solMass / solMass
725 396.9652170264614 solMass / solMass
726 71.17710222254924 solMass / solMass
727 241.70058063066736 solMass / solMass
729 74.44752744516113 solMass / solMass
730 3.8678226019173962 solMass / solMass
731 46.11020761945989 solMass / solMass
733 69.71850361451678 solMass / solMass
734 129.0633714834999 solMass / solMass
735 9.26690301936015 solMass / solMass
736 34.21405148480664 solMass / solMass
738 402.5396481603759 solMass / solMass
740 81.44643711361658 solMass / solMass
741 22.00355277828722 solMass / solMass
744 475.8960686246793 solMass / solMass
745 0.5673157279888307 solMass / solMass
747 155.00278180650406 solMass / solMass
749 59.560788522780534 solMass / solMass
750 157.0828016227992 solMass / solMass
752 171.07872700474655 solMass / solMass
754 8.555527180125843 solMass / solMass
755 60.40956168010373 solMass / solMass
756 74.84085716819146 solMass / solMass
757 92.22644729653906 solMass / solMass
758 71.37935770650255 solMass / solMass
759 19.42416337786597 solMass / solMass
761 120.39547438910701 solMass / solMass
763 56.89118891471646 solMass / solMass
765 335.0574041245663 solMass / solMass
766 129.836820604059 solMass / solMass
767 94.44371606223267 solMass / solMass
768 19.96914804865737 solMass / solMass
769 202.2599999089261 solMass / solMass
770 27.315723907865063 solMass / solMass
772 49.41178626447504 solMass / solMass
773 26.969725625555522 solMass / solMass
774 193.24435571121032 solMass / solMass
775 64.9186114213982 solMass / solMass
HaloMassEqualZero
781 33.171528661100844 solMass / solMass
782 43.67305679500593 solMass / solMass
784 13.182989325756825 solMass / solMass
785 146.3296024188492 solMass / solMass
786 198.66625988118346 solMass / solMass
787 145.32195465185234 solMass / solMass
788 88.7549664117878 solMass / solMass
791 74.86809223413667 solMass / solMass
795 278.2911383927013 solMass / solMass
796 98.23592872216871 solMass / solMass
797 60.97312108916716 solMass / solMass
799 18.529703622790983 solMass / solMass
800 31.890551073087355 solMass / solMass
801 326.9377853417492 solMass / solMass
803 48.58056107202409 solMass / solMass
804 68.53954251774724 solMass / solMass
805 48.241626192988164 solMass / solMass
806 57.58467964149767 solMass / solMass
808 605.6059117678567 solMass / solMass
809 93.95854963446715 solMass / solMass
810 36.290435502931075 solMass / solMass
812 155.63594308313273 solMass / solMass
815 8.452847883414046 solMass / solMass
816 387.86901290823425 solMass / solMass
817 201.7566393182551 solMass / solMass
818 1072.2518576105656 solMass / solMass
IsSatellite
820 21.30174461445453 solMass / solMass
821 14.79122452590901 solMass / solMass
824 293.3937373012754 solMass / solMass
825 121.77005194663688 solMass / solMass
826 36.49683108599461 solMass / solMass
829 84.96097806841547 solMass / solMass
830 810.0731462656547 solMass / solMass
831 131.38737816131777 solMass / solMass
832 167.86082886202638 solMass / solMass
833 577.9668000968487 solMass / solMass
834 55.4875655077464 solMass / solMass
835 30.742975990811637 solMass / solMass
836 89.40904787558387 solMass / solMass
837 167.9867793185748 solMass / solMass
838 225.3069773173985 solMass / solMass
839 13.135529402687894 solMass / solMass
840 32.523929315878235 solMass / solMass
841 71.96145586077168 solMass / solMass
843 62.7129744892918 solMass / solMass
845 74.8784748262575 solMass / solMass
HaloMassEqualZero
849 22.90198532889525 solMass / solMass
850 76.80527335267126 solMass / solMass
HaloMassEqualZero
852 105.81143421378863 solMass / solMass
853 29.281029884342082 solMass / solMass
854 39.3024281083069 solMass / solMass
856 172.13091231479805 solMass / solMass
857 94.47879451860233 solMass / solMass
858 234.13001316509207 solMass / solMass
859 187.25442805171602 solMass / solMass
860 255.35057149609335 solMass / solMass
862 121.45143145888079 solMass / solMass
864 19.325753252633604 solMass / solMass
865 436.06755856966146 solMass / solMass
866 26.742121016835853 solMass / solMass
867 106.1907689850577 solMass / solMass
868 1568.5885768121223 solMass / solMass
869 141.2981674764751 solMass / solMass
870 62.113416379247845 solMass / solMass
871 70.51297001184447 solMass / solMass
872 22.49467151312801 solMass / solMass
873 40.92334422215495 solMass / solMass
875 15.872797433119965 solMass / solMass
876 20.314794959886505 solMass / solMass
877 51.28749141211765 solMass / solMass
878 194.58196339533558 solMass / solMass
880 81.59491390085181 solMass / solMass
882 44.61035637013862 solMass / solMass
883 156.07105476904027 solMass / solMass
884 27.94406176302775 solMass / solMass
IsSatellite
886 12.90467234407993 solMass / solMass
887 59.058237343374095 solMass / solMass
888 153.80801977629008 solMass / solMass
889 65.89655851550813 solMass / solMass
890 46.051690871923 solMass / solMass
893 868.9399141720609 solMass / solMass
894 61.76776844298642 solMass / solMass
896 105.47280474629618 solMass / solMass
898 381.6200923344911 solMass / solMass
899 56.15442187015712 solMass / solMass
902 166.0162770111775 solMass / solMass
903 151.11980765365408 solMass / solMass
904 152.18176813311342 solMass / solMass
905 134.64188066638417 solMass / solMass
908 39.627060710946 solMass / solMass
909 195.91075363491453 solMass / solMass
910 45.015386381642195 solMass / solMass
911 290.83426226960853 solMass / solMass
912 66.62353072202538 solMass / solMass
913 144.15516695661222 solMass / solMass
915 14.860972305787415 solMass / solMass
916 82.85724117193406 solMass / solMass
917 251.35280437260045 solMass / solMass
918 174.35491996538258 solMass / solMass
919 211.23140690754823 solMass / solMass
920 89.99423024647375 solMass / solMass
921 21.91106661807049 solMass / solMass
923 13.030929182759376 solMass / solMass
924 118.95199374683412 solMass / solMass
926 449.11638947535397 solMass / solMass
927 137.87936733984102 solMass / solMass
HaloMassEqualZero
930 212.8349928850545 solMass / solMass
932 149.3095577701697 solMass / solMass
934 112.00328469898139 solMass / solMass
937 104.04301026770113 solMass / solMass
938 321.48867417255605 solMass / solMass
939 108.50357852141265 solMass / solMass
940 36.73037059106408 solMass / solMass
941 208.11441054466246 solMass / solMass
942 51.373538130794756 solMass / solMass
943 148.81985050754184 solMass / solMass
947 84.56943026850234 solMass / solMass
949 186.2200549713474 solMass / solMass
950 120.15753178300984 solMass / solMass
951 169.38292449266734 solMass / solMass
952 134.0805532254983 solMass / solMass
953 88.23014844160389 solMass / solMass
955 116.2152131812909 solMass / solMass
956 728.2630984305109 solMass / solMass
957 88.49260275508625 solMass / solMass
959 181.28294039720913 solMass / solMass
960 168.97380571041683 solMass / solMass
961 18.895202526918883 solMass / solMass
962 137.9085575306786 solMass / solMass
963 84.35886741075448 solMass / solMass
964 38.28966081592793 solMass / solMass
965 187.10694709603803 solMass / solMass
966 29.359979276907975 solMass / solMass
967 28.57749193262665 solMass / solMass
968 114.41528506420526 solMass / solMass
970 2.512875535211208 solMass / solMass
971 331.2906701433921 solMass / solMass
972 58.849528806918535 solMass / solMass
973 200.9373863594192 solMass / solMass
974 60.99949066000417 solMass / solMass
975 211.38983752057015 solMass / solMass
976 178.92914705896814 solMass / solMass
977 52.747479490593854 solMass / solMass
978 21.504558770909547 solMass / solMass
979 284.32928507451885 solMass / solMass
980 436.67307307594206 solMass / solMass
981 59.56167224602149 solMass / solMass
982 1043.6168390730923 solMass / solMass
984 87.28332132571728 solMass / solMass
985 126.5377461845359 solMass / solMass
989 41.9477387553253 solMass / solMass
990 24.92392364718969 solMass / solMass
991 32.79186031000307 solMass / solMass
992 136.23607061304136 solMass / solMass
993 55.71190202542975 solMass / solMass
994 169.1879228419444 solMass / solMass
995 216.5585837830509 solMass / solMass
996 263.34678322607874 solMass / solMass
998 33.91366264548374 solMass / solMass
999 179.16314928903816 solMass / solMass
1001 153.57584468662355 solMass / solMass
1002 231.41465111310023 solMass / solMass
1003 221.28648434049182 solMass / solMass
1004 287.9483771553905 solMass / solMass
1005 383.08055863078187 solMass / solMass
IsSatellite
HaloMassEqualZero
1010 106.9859834358002 solMass / solMass
1011 773.2477121962316 solMass / solMass
1012 71.66170953873596 solMass / solMass
1013 126.90962277133424 solMass / solMass
1014 112.0502282402651 solMass / solMass
1015 246.63912768797218 solMass / solMass
1017 227.91451377812808 solMass / solMass
1018 92.99704797630255 solMass / solMass
1019 146.97061253128845 solMass / solMass
1020 73.99916411848032 solMass / solMass
1021 582.1828566891044 solMass / solMass
1022 7.4225819365352494 solMass / solMass
1023 31.20023091912947 solMass / solMass
1025 9.837581550873598 solMass / solMass
1027 48.74901740911344 solMass / solMass
1028 11.621134730328803 solMass / solMass
1029 260.85302942338444 solMass / solMass
1030 92.28492093990118 solMass / solMass
1034 122.67369297792273 solMass / solMass
1035 26.333538578726998 solMass / solMass
1036 2.0554058917821014 solMass / solMass
1037 560.6324717891843 solMass / solMass
1038 145.32660642258696 solMass / solMass
1039 21.65762852964158 solMass / solMass
1040 88.1072401594068 solMass / solMass
1041 60.11530376527796 solMass / solMass
1042 305.2509011343669 solMass / solMass
1043 497.8748900505896 solMass / solMass
1044 81.23452664210485 solMass / solMass
1045 24.81859274536647 solMass / solMass
1046 245.1556274104992 solMass / solMass
1047 277.6105643564776 solMass / solMass
1048 159.94846457631428 solMass / solMass
1049 8.920923848303392 solMass / solMass
1051 519.408656201236 solMass / solMass
1052 49.26730294814556 solMass / solMass
1053 138.6491743306917 solMass / solMass
1055 140.21947028328316 solMass / solMass
1056 105.1780358210605 solMass / solMass
1057 175.71307412204868 solMass / solMass
1058 170.59686737156474 solMass / solMass
1059 50.72711101564954 solMass / solMass
1060 52.74549038861495 solMass / solMass
1061 19.489360495084775 solMass / solMass
1063 269.31120489086203 solMass / solMass
1064 30.093288186435846 solMass / solMass
1065 83.5593514395816 solMass / solMass
1066 98.2277622106313 solMass / solMass
1067 59.34881512478081 solMass / solMass
1068 90.93895687973117 solMass / solMass
1069 38.10697117105603 solMass / solMass
1070 384.37262982738565 solMass / solMass
1071 14.677894340867264 solMass / solMass
1073 24.60131266843121 solMass / solMass
1074 51.88409238892387 solMass / solMass
1075 18.38942714820604 solMass / solMass
1076 83.27013393367751 solMass / solMass
1078 115.66079648994437 solMass / solMass
1079 14.7822200756389 solMass / solMass
1080 268.3177928547178 solMass / solMass
1081 248.58840524191322 solMass / solMass
1083 85.12007526857838 solMass / solMass
1084 183.25046896468456 solMass / solMass
1085 79.70285331824586 solMass / solMass
1087 35.39550013348691 solMass / solMass
1089 381.98731762178284 solMass / solMass
1091 239.91892527386565 solMass / solMass
1092 44.99628778537262 solMass / solMass
1094 41.28015062498255 solMass / solMass
1095 112.9019023283008 solMass / solMass
1097 531.7150197041999 solMass / solMass
1098 192.90334460951985 solMass / solMass
1099 465.02772880996093 solMass / solMass
1101 210.2140828259277 solMass / solMass
1102 158.95955027777873 solMass / solMass
1103 19.53026981291131 solMass / solMass
1105 231.12137760158802 solMass / solMass
1106 149.50496192720914 solMass / solMass
1107 35.47569746645643 solMass / solMass
1108 150.44874480006425 solMass / solMass
1109 46.38131275704292 solMass / solMass
1112 184.87342546767033 solMass / solMass
1113 335.5530295954693 solMass / solMass
1114 13.390541571886988 solMass / solMass
1115 260.10238292435287 solMass / solMass
1116 413.07619255964494 solMass / solMass
1117 390.9347744404365 solMass / solMass
1118 44.79066030835217 solMass / solMass
1119 37.45710280503852 solMass / solMass
1121 30.404637562544252 solMass / solMass
1122 2.8981803730492315 solMass / solMass
1123 273.5096836071691 solMass / solMass
1125 207.62385305136723 solMass / solMass
1126 65.73059953112318 solMass / solMass
HaloMassEqualZero
1128 299.0671066378632 solMass / solMass
1129 831.9128627373636 solMass / solMass
1130 52.10349484947935 solMass / solMass
1131 1117.6030820624778 solMass / solMass
1132 100.05713320182761 solMass / solMass
1133 124.52337856473657 solMass / solMass
1134 607.8720182993361 solMass / solMass
1135 463.9329089344432 solMass / solMass
1136 28.96707992007644 solMass / solMass
1137 85.35295728687714 solMass / solMass
1138 97.21631577088672 solMass / solMass
IsSatellite
1141 49.777599367314345 solMass / solMass
1143 74.67615380165668 solMass / solMass
1144 105.04414896155023 solMass / solMass
1146 75.71487314854315 solMass / solMass
1147 321.7684464892789 solMass / solMass
1148 116.10726468107883 solMass / solMass
1149 727.5971282531244 solMass / solMass
1151 93.77410966239653 solMass / solMass
1152 322.0232096366022 solMass / solMass
1153 8.71321158725342 solMass / solMass
1154 70.93359399077963 solMass / solMass
1155 54.09262287684094 solMass / solMass
1156 104.595518968671 solMass / solMass
1159 243.80975447312454 solMass / solMass
1160 426.88124244234433 solMass / solMass
1161 401.9650341607608 solMass / solMass
1164 1427.582093100475 solMass / solMass
1165 1181.955451729844 solMass / solMass
1166 93.7469691059037 solMass / solMass
1167 1095.5784900958386 solMass / solMass
1168 46.41972974799357 solMass / solMass
HaloMassEqualZero
1170 148.82686638516088 solMass / solMass
1171 46.31561440202833 solMass / solMass
1172 42.86141977691086 solMass / solMass
1173 138.71572016382817 solMass / solMass
1174 302.54055919256257 solMass / solMass
1175 173.5609507627388 solMass / solMass
1176 118.02043976038615 solMass / solMass
1178 196.59412676559052 solMass / solMass
1179 187.75916800797964 solMass / solMass
1181 1269.4414422482373 solMass / solMass
1183 61.80983218566386 solMass / solMass
1184 34.94807074431868 solMass / solMass
1185 95.51032935366713 solMass / solMass
1186 24.13080641241036 solMass / solMass
1187 536.7210742067867 solMass / solMass
1188 75.46681825608678 solMass / solMass
1189 28.41514040929603 solMass / solMass
1190 187.68487446825887 solMass / solMass
1191 117.48704761700893 solMass / solMass
1192 78.92078051419756 solMass / solMass
1194 46.74926988691358 solMass / solMass
1196 947.3727838005975 solMass / solMass
1197 207.333261702995 solMass / solMass
1198 9.819079570736672 solMass / solMass
1199 51.087799757747014 solMass / solMass
1200 38.99728348295548 solMass / solMass
1201 155.64769238561922 solMass / solMass
1202 86.6438148686747 solMass / solMass
1203 141.07933198553158 solMass / solMass
1204 69.81194019939979 solMass / solMass
1206 19.030646448916237 solMass / solMass
1207 426.98509624219884 solMass / solMass
1209 90.60121820028698 solMass / solMass
1211 74.01947610184257 solMass / solMass
1212 115.74185791402348 solMass / solMass
IsSatellite
1214 269.0631193908832 solMass / solMass
1215 118.83928203251851 solMass / solMass
1216 153.2515115219778 solMass / solMass
1219 131.41575189930288 solMass / solMass
1220 90.83541817677637 solMass / solMass
1221 95.97507825181638 solMass / solMass
1222 1835.3616568706534 solMass / solMass
1223 79.70418294245468 solMass / solMass
1224 23.628153823395028 solMass / solMass
1226 142.23371484680345 solMass / solMass
1227 183.66883756727674 solMass / solMass
1229 149.16393624256918 solMass / solMass
1230 723.1647489090134 solMass / solMass
1231 5.2505185880464715 solMass / solMass
1232 41.78994919005946 solMass / solMass
1234 24.459042789446126 solMass / solMass
HaloMassEqualZero
1236 24.232136773660358 solMass / solMass
1237 13.573503921198858 solMass / solMass
1238 713.2532923826881 solMass / solMass
1240 76.8881501796896 solMass / solMass
1241 1034.398448671292 solMass / solMass
1242 113.14108127054742 solMass / solMass
1243 70.20898496844778 solMass / solMass
1245 197.23331361065132 solMass / solMass
1246 88.98558237348624 solMass / solMass
1249 467.607284860828 solMass / solMass
1251 954.3833252357347 solMass / solMass
1252 365.2125955346234 solMass / solMass
1254 19.285986419291397 solMass / solMass
1255 1205.883410937762 solMass / solMass
1256 15.768918299444323 solMass / solMass
1257 51.39047571887775 solMass / solMass
1258 86.82854723009099 solMass / solMass
1259 75.52582188641863 solMass / solMass
1261 65.48728017890417 solMass / solMass
1262 316.5456640949908 solMass / solMass
1263 236.488439749163 solMass / solMass
1264 134.3902997327145 solMass / solMass
IsSatellite
1266 246.2250215011059 solMass / solMass
1267 97.38977822416268 solMass / solMass
HaloMassEqualZero
1269 199.71774266332915 solMass / solMass
1270 152.33145636179648 solMass / solMass
1271 493.95379071756315 solMass / solMass
1272 1268.4570821712414 solMass / solMass
1273 51.1190442478844 solMass / solMass
1274 180.6375646738987 solMass / solMass
1275 1220.5150064416002 solMass / solMass
1276 149.03085119413245 solMass / solMass
1277 128.1021774311396 solMass / solMass
1278 336.4519898791502 solMass / solMass
1279 83.88271173941389 solMass / solMass
1281 231.28558841194823 solMass / solMass
1283 28.982203546171338 solMass / solMass
1284 207.6641134761344 solMass / solMass
1285 26.076343357680784 solMass / solMass
1286 28.676828157489865 solMass / solMass
1287 81.2978861754067 solMass / solMass
1288 81.63175250934331 solMass / solMass
1289 139.3301118499605 solMass / solMass
1290 59.772382839108246 solMass / solMass
HaloMassEqualZero
1292 373.3312121715243 solMass / solMass
1294 606.1942449657862 solMass / solMass
1295 133.2583114226284 solMass / solMass
1297 7.454128018348491 solMass / solMass
1301 133.0207095032363 solMass / solMass
1303 90.40114720103355 solMass / solMass
1305 9.866321779383549 solMass / solMass
1306 393.6104716968049 solMass / solMass
1307 326.45855404209414 solMass / solMass
1308 2029.6294975890678 solMass / solMass
1310 67.38038307884939 solMass / solMass
1311 42.14121314870844 solMass / solMass
HaloMassEqualZero
1313 18.799479991321334 solMass / solMass
1314 52.279841643710306 solMass / solMass
1315 316.43777665652283 solMass / solMass
1316 43.923271213933724 solMass / solMass
1317 102.86654750562627 solMass / solMass
1319 879.5154883772698 solMass / solMass
1320 172.92976356336493 solMass / solMass
1323 116.71863184573131 solMass / solMass
1324 36.689270445380046 solMass / solMass
1325 473.382725890132 solMass / solMass
1326 31.967871538562097 solMass / solMass
1327 173.77922935209693 solMass / solMass
1328 488.91737640546705 solMass / solMass
1329 822.2706473052489 solMass / solMass
1330 91.69926963112034 solMass / solMass
1331 73.66156598532352 solMass / solMass
1332 880.8780022201636 solMass / solMass
1333 167.4265018450073 solMass / solMass
1334 198.17527230909783 solMass / solMass
1335 70.95329896947356 solMass / solMass
HaloMassEqualZero
1339 36.38150970420067 solMass / solMass
1340 233.65669620795245 solMass / solMass
1342 107.55673990126569 solMass / solMass
HaloMassEqualZero
1344 257.31238646023814 solMass / solMass
1346 1307.9324898946809 solMass / solMass
1347 152.3728643739126 solMass / solMass
HaloMassEqualZero
1349 49.97861700474593 solMass / solMass
1350 258.1817225401635 solMass / solMass
1352 98.93348363301152 solMass / solMass
IsSatellite
1355 81.2766067146816 solMass / solMass
1356 127.74233621065522 solMass / solMass
1358 284.4049849234671 solMass / solMass
1360 271.6781039396573 solMass / solMass
1361 59.406524905785936 solMass / solMass
1363 158.26059396779985 solMass / solMass
1364 50.84776375405028 solMass / solMass
1365 276.36068510887895 solMass / solMass
1366 193.6282050657294 solMass / solMass
HaloMassEqualZero
1370 32.74327858406347 solMass / solMass
1371 417.8404071250155 solMass / solMass
1373 307.46820095475107 solMass / solMass
1374 294.0551423317431 solMass / solMass
HaloMassEqualZero
1376 83.36754481704267 solMass / solMass
1377 368.7630486945429 solMass / solMass
1378 144.5092746295656 solMass / solMass
1379 613.0119163098402 solMass / solMass
HaloMassEqualZero
1381 35.61235700458182 solMass / solMass
1383 80.81813740206555 solMass / solMass
1390 296.65192865901827 solMass / solMass
HaloMassEqualZero
1392 48.2950714292356 solMass / solMass
1393 264.84827834393354 solMass / solMass
1395 74.36659788245763 solMass / solMass
1396 291.6866283681932 solMass / solMass
1397 196.4402881197067 solMass / solMass
1398 359.9399852350424 solMass / solMass
IsSatellite
1401 114.7712260646601 solMass / solMass
1402 164.1633804996272 solMass / solMass
1404 125.83852744235993 solMass / solMass
1407 27.32227280199748 solMass / solMass
1408 126.54003892609373 solMass / solMass
1414 330.4722354963995 solMass / solMass
1415 245.91822122155222 solMass / solMass
1416 1161.4881637091441 solMass / solMass
1417 178.5196086537313 solMass / solMass
1419 138.11297612886423 solMass / solMass
1420 364.5450299975433 solMass / solMass
1421 1886.539899075923 solMass / solMass
1422 203.23840508972273 solMass / solMass
1424 411.54422525347667 solMass / solMass
1425 39.26962995919539 solMass / solMass
1426 317.70848687141256 solMass / solMass
1428 370.68053952587894 solMass / solMass
HaloMassEqualZero
1430 184.1457581167633 solMass / solMass
1431 779.9657145267199 solMass / solMass
1432 189.7285008069424 solMass / solMass
1434 196.03760088055483 solMass / solMass
1435 259.45831227014116 solMass / solMass
1436 141.6847595792186 solMass / solMass
1437 134.19725106082217 solMass / solMass
1438 166.1146764268169 solMass / solMass
1439 449.45538569421336 solMass / solMass
1440 386.61613112777263 solMass / solMass
1441 70.9764802701405 solMass / solMass
1442 241.71858850479867 solMass / solMass
1443 163.44084692604483 solMass / solMass
1444 119.12884367776822 solMass / solMass
1445 187.07998715791533 solMass / solMass
1447 191.04768575411472 solMass / solMass
1448 141.31765208391732 solMass / solMass
1450 33.60076575917583 solMass / solMass
1451 175.57768773241176 solMass / solMass
HaloMassEqualZero
1454 43.718490337013506 solMass / solMass
1456 259.00117281799436 solMass / solMass
1457 173.8919267063169 solMass / solMass
1458 132.09637802238043 solMass / solMass
1459 503.2414790920236 solMass / solMass
1460 150.39809829818617 solMass / solMass
HaloMassEqualZero
HaloMassEqualZero
1463 449.13915950331676 solMass / solMass
1464 85.14985248410873 solMass / solMass
1465 86.54953907382865 solMass / solMass
HaloMassEqualZero
1467 243.27809262453727 solMass / solMass
1468 189.65989478741943 solMass / solMass
1470 156.0229971664209 solMass / solMass
1471 82.06219410808976 solMass / solMass
1473 545.629084211257 solMass / solMass
1474 138.28050435768586 solMass / solMass
1475 190.2640802135389 solMass / solMass
HaloMassEqualZero
1477 124.70459083663609 solMass / solMass
1478 937.3607192984281 solMass / solMass
1479 187.95325766219986 solMass / solMass
1480 120.88933891970247 solMass / solMass
1483 340.7615118005799 solMass / solMass
1484 1638.208340940644 solMass / solMass
1486 324.48035867494934 solMass / solMass
1488 177.06574390788617 solMass / solMass
1489 206.38000612195145 solMass / solMass
1493 22.948332040122004 solMass / solMass
1494 962.479598537843 solMass / solMass
1495 334.3985370331956 solMass / solMass
1496 223.02575257626702 solMass / solMass
1498 51.0867075013388 solMass / solMass
1499 225.28280603791947 solMass / solMass
1501 45.552496120135665 solMass / solMass
1502 61.235123201133185 solMass / solMass
1503 2605.891315259009 solMass / solMass
HaloMassEqualZero
HaloMassEqualZero
1506 1024.1280241025963 solMass / solMass
1507 119.29247384795814 solMass / solMass
1508 62.9366392023441 solMass / solMass
1510 1100.5056900668483 solMass / solMass
IsSatellite
1512 1714.0851482511785 solMass / solMass
1514 506.8440205371047 solMass / solMass
1515 660.4870975408422 solMass / solMass
1517 48.161966590611875 solMass / solMass
1518 73.31062207576733 solMass / solMass
HaloMassEqualZero
HaloMassEqualZero
1523 594.2644755043076 solMass / solMass
1524 2250.4667712158794 solMass / solMass
1525 492.17300062967547 solMass / solMass
1526 689.2158195939397 solMass / solMass
1527 483.30615314808136 solMass / solMass
1528 170.44006295037772 solMass / solMass
HaloMassEqualZero
1531 100.37021987742698 solMass / solMass
1532 694.8518503432224 solMass / solMass
HaloMassEqualZero
1534 547.4653858783744 solMass / solMass
1536 484.0677053370679 solMass / solMass
HaloMassEqualZero
1538 126.06483555691565 solMass / solMass
1539 11.954864210047743 solMass / solMass
1540 331.11829353980033 solMass / solMass
1541 73.46517737231711 solMass / solMass
1543 775.1545552579648 solMass / solMass
1544 82.17878029548909 solMass / solMass
1546 205.24970459999358 solMass / solMass
1547 74.81229296245306 solMass / solMass
1548 244.0990276636531 solMass / solMass
HaloMassEqualZero
1551 2.7552253353462404 solMass / solMass
1552 4407.521248837725 solMass / solMass
1553 199.6245895457402 solMass / solMass
1554 130.37692752069083 solMass / solMass
1555 119.88234520668482 solMass / solMass
1556 942.7825893631888 solMass / solMass
1557 105.07287541210302 solMass / solMass
1558 177.6577330904659 solMass / solMass
HaloMassEqualZero
1560 197.37622776581932 solMass / solMass
1561 515.8779424193714 solMass / solMass
1562 76.55717492405188 solMass / solMass
1564 143.93445443476918 solMass / solMass
1565 37.93342452459029 solMass / solMass
1567 125.80382392425012 solMass / solMass
1568 87.54367778870879 solMass / solMass
HaloMassEqualZero
1570 85.34136640589848 solMass / solMass
HaloMassEqualZero
1572 155.456643907381 solMass / solMass
1573 146.69920249785685 solMass / solMass
1574 379.68755375001825 solMass / solMass
1575 87.14906200928165 solMass / solMass
1577 391.57233005621083 solMass / solMass
1581 114.59422121516582 solMass / solMass
1582 378.98068094578343 solMass / solMass
1583 100.86155039739846 solMass / solMass
1585 48.1804819757555 solMass / solMass
1586 48.762895495455794 solMass / solMass
1587 111.57074223027284 solMass / solMass
1588 135.29944814824677 solMass / solMass
1589 24.65939789386058 solMass / solMass
1590 200.82079941371367 solMass / solMass
1592 68.83552581996993 solMass / solMass
1593 309.488427073088 solMass / solMass
1595 3.754984781112604 solMass / solMass
1596 60.99437625559407 solMass / solMass
1597 78.0670655010328 solMass / solMass
1598 689.9844887929545 solMass / solMass
HaloMassEqualZero
1601 106.14766991195864 solMass / solMass
1602 1015.9349210765523 solMass / solMass
1604 143.9430853947493 solMass / solMass
1606 68.1929726318664 solMass / solMass
1607 270.9364573890778 solMass / solMass
1609 2.7248499516925797 solMass / solMass
1611 291.8838205804433 solMass / solMass
HaloMassEqualZero
1614 173.6766579050243 solMass / solMass
1615 57.467610371419845 solMass / solMass
HaloMassEqualZero
1617 88.73813510283456 solMass / solMass
1618 263.05107979361196 solMass / solMass
1619 197.90612667784035 solMass / solMass
1620 189.3531834121605 solMass / solMass
HaloMassEqualZero
HaloMassEqualZero
1624 480.52395539134056 solMass / solMass
1626 359.4151021517895 solMass / solMass
1627 145.09532400814 solMass / solMass
1628 67.00839640662642 solMass / solMass
HaloMassEqualZero
1630 171.62318156929967 solMass / solMass
1632 0.9052673259814583 solMass / solMass
HaloMassEqualZero
1634 392.2302980179782 solMass / solMass
1635 79.9914218949316 solMass / solMass
1636 247.9843326894738 solMass / solMass
1639 353.79084882128893 solMass / solMass
HaloMassEqualZero
1642 162.03718424308906 solMass / solMass
HaloMassEqualZero
1644 3.7623944935504974 solMass / solMass
1645 1043.3539859734092 solMass / solMass
1646 275.6337695553097 solMass / solMass
1647 148.3108920475502 solMass / solMass
1648 252.31865800834413 solMass / solMass
1649 61.241791491941505 solMass / solMass
1650 56.152954352503734 solMass / solMass
HaloMassEqualZero
1652 21.899685299973715 solMass / solMass
1653 93.6824550659018 solMass / solMass
1655 151.4759007229364 solMass / solMass
1656 431.94496344336847 solMass / solMass
1657 32.10135769075105 solMass / solMass
1658 1263.4788237728171 solMass / solMass
HaloMassEqualZero
1661 318.22580193560634 solMass / solMass
1663 568.1166034214428 solMass / solMass
HaloMassEqualZero
1667 96.35607931212748 solMass / solMass
1668 28.350528380966924 solMass / solMass
1669 180.91805454042844 solMass / solMass
1670 204.90896441769647 solMass / solMass
HaloMassEqualZero
HaloMassEqualZero
1674 347.6625232549057 solMass / solMass
HaloMassEqualZero
HaloMassEqualZero
HaloMassEqualZero
HaloMassEqualZero
1680 56.294019686551195 solMass / solMass
HaloMassEqualZero
1682 1320.0910993982736 solMass / solMass
1683 22.213459080134573 solMass / solMass
1684 391.6931726941692 solMass / solMass
1685 71.222870232904 solMass / solMass
1686 203.54875405915902 solMass / solMass
1687 937.9547275720723 solMass / solMass
1688 80.21256401143522 solMass / solMass
1689 528.4347255688637 solMass / solMass
1690 22.825701765192807 solMass / solMass
1691 19.156800072712063 solMass / solMass
HaloMassEqualZero
1693 25.383847987326952 solMass / solMass
1694 36.47196350215055 solMass / solMass
1696 542.1403698458937 solMass / solMass
1697 73.61248168639251 solMass / solMass
1698 609.9372755651484 solMass / solMass
HaloMassEqualZero
HaloMassEqualZero
HaloMassEqualZero
1702 49.84664002851242 solMass / solMass
1703 138.48892923741343 solMass / solMass
1704 180.01046597370114 solMass / solMass
1705 337.1421749882738 solMass / solMass
HaloMassEqualZero
1707 21.504856129043326 solMass / solMass
1708 136.85519269004186 solMass / solMass
HaloMassEqualZero
1710 98.76749056157693 solMass / solMass
1711 695.5402249512106 solMass / solMass
1712 146.30471187340166 solMass / solMass
1713 62.92964360158044 solMass / solMass
1714 983.8804589964651 solMass / solMass
HaloMassEqualZero
1716 58.66086412558082 solMass / solMass
1717 13.11303190169928 solMass / solMass
HaloMassEqualZero
HaloMassEqualZero
HaloMassEqualZero
1721 225.7768211315909 solMass / solMass
1723 113.95113795961183 solMass / solMass
1724 182.13719394186256 solMass / solMass
1725 124.37276689429083 solMass / solMass
1726 281.98555586345185 solMass / solMass
HaloMassEqualZero
1728 63.716386566487245 solMass / solMass
1729 401.3559169010566 solMass / solMass
1730 2.275015750805522 solMass / solMass
1731 312.4504201147546 solMass / solMass
HaloMassEqualZero
1733 23.955587819592868 solMass / solMass
HaloMassEqualZero
HaloMassEqualZero
1737 873.2187757903564 solMass / solMass
1738 1071.1310925497587 solMass / solMass
HaloMassEqualZero
1741 313.39113338119284 solMass / solMass
1742 24.959442514545994 solMass / solMass
1743 172.65314427200764 solMass / solMass
1744 591.1745448214995 solMass / solMass
1746 118.33942907266048 solMass / solMass
1747 321.60581970952916 solMass / solMass
1748 137.97978605865194 solMass / solMass
1749 25.189693687826104 solMass / solMass
1750 17.505799513387867 solMass / solMass
HaloMassEqualZero
HaloMassEqualZero
1753 121.2267318964255 solMass / solMass
1754 187.43441107133953 solMass / solMass
1757 2059.192785186707 solMass / solMass
1758 137.61194132300378 solMass / solMass
HaloMassEqualZero
1760 38.09246843813639 solMass / solMass
HaloMassEqualZero
HaloMassEqualZero
HaloMassEqualZero
HaloMassEqualZero
HaloMassEqualZero
1767 16.003261110056044 solMass / solMass
HaloMassEqualZero
1769 361.0228274142706 solMass / solMass
1770 214.47329048699493 solMass / solMass
1772 2728.567227091156 solMass / solMass
1774 82.39968865379251 solMass / solMass
1775 381.60647745716017 solMass / solMass
1777 267.6682681145783 solMass / solMass
1778 150.67281994118778 solMass / solMass
1780 42.18786211141559 solMass / solMass
1781 210.25934104186055 solMass / solMass
1782 452.7857297109057 solMass / solMass
1784 257.8875704559233 solMass / solMass
HaloMassEqualZero
HaloMassEqualZero
1787 1327.537776977609 solMass / solMass
1788 220.52060162758002 solMass / solMass
1789 390.4150094532665 solMass / solMass
HaloMassEqualZero
HaloMassEqualZero
1792 592.6363452237011 solMass / solMass
1793 132.26772382487812 solMass / solMass
1794 106.17264509018013 solMass / solMass
HaloMassEqualZero
1796 149.74773490567128 solMass / solMass
1797 284.18236173379637 solMass / solMass
1798 425.97739617469387 solMass / solMass
HaloMassEqualZero
1801 1244.8595505164956 solMass / solMass
1802 603.5063384797178 solMass / solMass
1804 106.60207578999142 solMass / solMass
HaloMassEqualZero
1806 57.64159067130714 solMass / solMass
HaloMassEqualZero
HaloMassEqualZero
HaloMassEqualZero
1811 32.571385230195986 solMass / solMass
1812 120.37028281810076 solMass / solMass
1813 36.624820449027 solMass / solMass
HaloMassEqualZero
HaloMassEqualZero
1816 303.1800690725191 solMass / solMass
1817 646.3737281146438 solMass / solMass
1818 287.1086808294138 solMass / solMass
1819 499.34749839620855 solMass / solMass
1821 126.60790941755305 solMass / solMass
1822 168.56930373289322 solMass / solMass
1823 163.02194558663135 solMass / solMass
1824 73.14887059438358 solMass / solMass
1825 319.1224945931939 solMass / solMass
1826 182.79281009998033 solMass / solMass
1827 88.63144998322691 solMass / solMass
HaloMassEqualZero
HaloMassEqualZero
1830 26.89233621059526 solMass / solMass
1831 315.80495708734185 solMass / solMass
HaloMassEqualZero
HaloMassEqualZero
1834 168.68464469027657 solMass / solMass
HaloMassEqualZero
HaloMassEqualZero
1838 158.8105136935375 solMass / solMass
HaloMassEqualZero
1842 114.39968323930674 solMass / solMass
IsSatellite
HaloMassEqualZero
1848 594.8468336227204 solMass / solMass
HaloMassEqualZero
HaloMassEqualZero
1853 90.19237216352943 solMass / solMass
HaloMassEqualZero
HaloMassEqualZero
HaloMassEqualZero
1858 58.030101186853294 solMass / solMass
1861 345.4350758250795 solMass / solMass
HaloMassEqualZero
1863 2422.910371364689 solMass / solMass
1864 77.01106975915249 solMass / solMass
1865 364.41626678616836 solMass / solMass
HaloMassEqualZero
HaloMassEqualZero
1869 89.43277718978521 solMass / solMass
HaloMassEqualZero
HaloMassEqualZero
1873 176.91188474216537 solMass / solMass
HaloMassEqualZero
HaloMassEqualZero
HaloMassEqualZero
HaloMassEqualZero
1879 3555.5858573508035 solMass / solMass
1880 148.29900729300456 solMass / solMass
1882 71.53611835073582 solMass / solMass
1883 40.291307665589656 solMass / solMass
1884 737.9601903487752 solMass / solMass
1886 523.7042843095525 solMass / solMass
1887 124.02338135891911 solMass / solMass
1888 276.4417641150231 solMass / solMass
1889 202.65520160378614 solMass / solMass
1891 353.65162654071247 solMass / solMass
1892 476.99967671589525 solMass / solMass
1893 114.25066836080741 solMass / solMass
1894 330.263883240698 solMass / solMass
1895 487.45219697443383 solMass / solMass
1896 294.39362767734525 solMass / solMass
HaloMassEqualZero
HaloMassEqualZero
1899 80.42026413751688 solMass / solMass
1900 188.20056090742807 solMass / solMass
1901 303.9767908021739 solMass / solMass
1902 1023.0312586466962 solMass / solMass
HaloMassEqualZero
1904 81.67655112722845 solMass / solMass
1905 76.03573627182514 solMass / solMass
1906 35.77375252652393 solMass / solMass
1907 3421.9997412384623 solMass / solMass
1908 363.74931399924355 solMass / solMass
HaloMassEqualZero
HaloMassEqualZero
HaloMassEqualZero
1912 143.17985211886415 solMass / solMass
HaloMassEqualZero
1914 139.51108354706608 solMass / solMass
HaloMassEqualZero
HaloMassEqualZero
HaloMassEqualZero
1918 367.41218041586944 solMass / solMass
1919 4.522621622074004 solMass / solMass
1920 46.53304059702789 solMass / solMass
HaloMassEqualZero
1922 105.42945136143001 solMass / solMass
1923 25.64769669301604 solMass / solMass
HaloMassEqualZero
1925 290.7997258556864 solMass / solMass
HaloMassEqualZero
HaloMassEqualZero
HaloMassEqualZero
HaloMassEqualZero
HaloMassEqualZero
1931 108.67969426370377 solMass / solMass
HaloMassEqualZero
HaloMassEqualZero
1934 164.71693219518124 solMass / solMass
HaloMassEqualZero
HaloMassEqualZero
HaloMassEqualZero
HaloMassEqualZero
HaloMassEqualZero
1943 118.02556383630284 solMass / solMass
HaloMassEqualZero
1945 271.503918441934 solMass / solMass
1946 52.138097756867054 solMass / solMass
1948 599.6454385658619 solMass / solMass
1949 125.63697744064855 solMass / solMass
HaloMassEqualZero
HaloMassEqualZero
HaloMassEqualZero
HaloMassEqualZero
HaloMassEqualZero
HaloMassEqualZero
HaloMassEqualZero
1957 1165.5245864127714 solMass / solMass
1958 577.0566712852639 solMass / solMass
1959 143.8377525291109 solMass / solMass
HaloMassEqualZero
1961 298.5257960584148 solMass / solMass
1962 412.28999677065843 solMass / solMass
HaloMassEqualZero
HaloMassEqualZero
HaloMassEqualZero
HaloMassEqualZero
1967 56.459881586490305 solMass / solMass
1968 8.355354272855038 solMass / solMass
HaloMassEqualZero
1970 6.048919277762607 solMass / solMass
HaloMassEqualZero
HaloMassEqualZero
HaloMassEqualZero
HaloMassEqualZero
1977 26.54564896875858 solMass / solMass
HaloMassEqualZero
1979 685.8960908318255 solMass / solMass
1980 1742.9309992390897 solMass / solMass
HaloMassEqualZero
1982 39.330319705619736 solMass / solMass
HaloMassEqualZero
1985 605.1882954426814 solMass / solMass
HaloMassEqualZero
1988 45.50025762931987 solMass / solMass
HaloMassEqualZero
HaloMassEqualZero
1991 935.2151041317618 solMass / solMass
HaloMassEqualZero
HaloMassEqualZero
1994 1307.4080631672518 solMass / solMass
1995 123.0336935423227 solMass / solMass
1996 87.4542451331241 solMass / solMass
2000 392.5471018880886 solMass / solMass
HaloMassEqualZero
2002 133.82799239462375 solMass / solMass
2003 0.0 solMass / solMass
HaloMassEqualZero
HaloMassEqualZero
2007 122.66438624816873 solMass / solMass
2008 838.0503781894844 solMass / solMass
2010 245.80894786984783 solMass / solMass
HaloMassEqualZero
HaloMassEqualZero
HaloMassEqualZero
HaloMassEqualZero
HaloMassEqualZero
HaloMassEqualZero
HaloMassEqualZero
2019 124.68593182591333 solMass / solMass
HaloMassEqualZero
2021 377.69269336469733 solMass / solMass
HaloMassEqualZero
2023 165.57621364884642 solMass / solMass
2024 586.7453798083037 solMass / solMass
HaloMassEqualZero
HaloMassEqualZero
HaloMassEqualZero
HaloMassEqualZero
HaloMassEqualZero
2030 221.95250332930277 solMass / solMass
2031 289.1360089837895 solMass / solMass
HaloMassEqualZero
2034 321.9373011146308 solMass / solMass
HaloMassEqualZero
HaloMassEqualZero
HaloMassEqualZero
2038 110.71088937573336 solMass / solMass
2039 404.27388571613113 solMass / solMass
2040 162.20120174178743 solMass / solMass
HaloMassEqualZero
HaloMassEqualZero
2043 514.212275823814 solMass / solMass
HaloMassEqualZero
2045 151.99102179540256 solMass / solMass
IsSatellite
HaloMassEqualZero
2049 79.06354731688126 solMass / solMass
HaloMassEqualZero
2052 120.36476772275364 solMass / solMass
2053 77.69299213280993 solMass / solMass
2055 267.9419035214874 solMass / solMass
HaloMassEqualZero
2057 389.4652858470309 solMass / solMass
2058 64.47466352343585 solMass / solMass
HaloMassEqualZero
HaloMassEqualZero
HaloMassEqualZero
HaloMassEqualZero
2064 308.2881834166257 solMass / solMass
2065 13.167972718142313 solMass / solMass
HaloMassEqualZero
HaloMassEqualZero
HaloMassEqualZero
2070 1048.441080024551 solMass / solMass
HaloMassEqualZero
HaloMassEqualZero
HaloMassEqualZero
HaloMassEqualZero
2076 583.7193624522727 solMass / solMass
HaloMassEqualZero
2078 644.2702805580177 solMass / solMass
HaloMassEqualZero
2080 202.0584816763999 solMass / solMass
2081 0.0 solMass / solMass
HaloMassEqualZero
2083 388.70596275165053 solMass / solMass
HaloMassEqualZero
HaloMassEqualZero
2086 480.7927347734563 solMass / solMass
2087 289.3701870187894 solMass / solMass
HaloMassEqualZero
2089 350.85510574202146 solMass / solMass
HaloMassEqualZero
HaloMassEqualZero
2092 2190.411540387373 solMass / solMass
HaloMassEqualZero
2096 294.4761866856869 solMass / solMass
2097 461.40226896958757 solMass / solMass
2098 89.05901822406291 solMass / solMass
2099 99.15556865372851 solMass / solMass
2100 740.035248122654 solMass / solMass
HaloMassEqualZero
HaloMassEqualZero
IsSatellite
2105 281.0824618266451 solMass / solMass
2106 271.70819233312193 solMass / solMass
HaloMassEqualZero
HaloMassEqualZero
HaloMassEqualZero
2112 10.726954791031599 solMass / solMass
HaloMassEqualZero
HaloMassEqualZero
2115 687.3713423903238 solMass / solMass
HaloMassEqualZero
HaloMassEqualZero
HaloMassEqualZero
HaloMassEqualZero
HaloMassEqualZero
2122 222.26813580295695 solMass / solMass
2123 292.1931233214292 solMass / solMass
HaloMassEqualZero
2125 166.8582403130524 solMass / solMass
2126 3.5621247524761497 solMass / solMass
HaloMassEqualZero
2129 443.5794651003866 solMass / solMass
2130 119.33806112075833 solMass / solMass
2133 9.487280185291727 solMass / solMass
2135 545.6441467635361 solMass / solMass
HaloMassEqualZero
HaloMassEqualZero
2139 1094.6795104539974 solMass / solMass
HaloMassEqualZero
HaloMassEqualZero
HaloMassEqualZero
HaloMassEqualZero
HaloMassEqualZero
HaloMassEqualZero
HaloMassEqualZero
2149 323.5268827017924 solMass / solMass
HaloMassEqualZero
HaloMassEqualZero
2153 119.56063645044831 solMass / solMass
HaloMassEqualZero
HaloMassEqualZero
HaloMassEqualZero
2157 203.90205767912664 solMass / solMass
HaloMassEqualZero
2159 807.3889296406264 solMass / solMass
2160 19.092566823062604 solMass / solMass
2161 165.80482519643448 solMass / solMass
HaloMassEqualZero
HaloMassEqualZero
HaloMassEqualZero
HaloMassEqualZero
2168 412.3447573299062 solMass / solMass
HaloMassEqualZero
2171 55.325280118495144 solMass / solMass
HaloMassEqualZero
HaloMassEqualZero
2174 23.007981079530023 solMass / solMass
HaloMassEqualZero
2176 618.188353628401 solMass / solMass
2177 224.79028614704086 solMass / solMass
HaloMassEqualZero
HaloMassEqualZero
HaloMassEqualZero
HaloMassEqualZero
HaloMassEqualZero
HaloMassEqualZero
2187 965.4973079167823 solMass / solMass
HaloMassEqualZero
HaloMassEqualZero
2191 538.4577623006401 solMass / solMass
HaloMassEqualZero
HaloMassEqualZero
HaloMassEqualZero
HaloMassEqualZero
2196 362.6857160212627 solMass / solMass
HaloMassEqualZero
HaloMassEqualZero
HaloMassEqualZero
HaloMassEqualZero
HaloMassEqualZero
HaloMassEqualZero
HaloMassEqualZero
2204 311.2277516883529 solMass / solMass
HaloMassEqualZero
2207 1413.9858804657379 solMass / solMass
HaloMassEqualZero
HaloMassEqualZero
HaloMassEqualZero
HaloMassEqualZero
HaloMassEqualZero
2214 29.29320451182344 solMass / solMass
2215 551.1281298054193 solMass / solMass
HaloMassEqualZero
HaloMassEqualZero
HaloMassEqualZero
2219 83.13190788161548 solMass / solMass
HaloMassEqualZero
HaloMassEqualZero
2222 304.87749439476886 solMass / solMass
HaloMassEqualZero
2224 974.4205837960907 solMass / solMass
HaloMassEqualZero
HaloMassEqualZero
HaloMassEqualZero
HaloMassEqualZero
HaloMassEqualZero
HaloMassEqualZero
2232 435.1436290692572 solMass / solMass
HaloMassEqualZero
HaloMassEqualZero
HaloMassEqualZero
2237 27.2063788229754 solMass / solMass
HaloMassEqualZero
HaloMassEqualZero
2244 71.70860002083363 solMass / solMass
2245 1340.4027971462542 solMass / solMass
2246 11.5664816774094 solMass / solMass
HaloMassEqualZero
2248 89.98774578623076 solMass / solMass
2249 168.37548373509452 solMass / solMass
2250 486.66848446047726 solMass / solMass
2251 252.50437342281953 solMass / solMass
HaloMassEqualZero
HaloMassEqualZero
2254 183.20862244984357 solMass / solMass
HaloMassEqualZero
HaloMassEqualZero
2257 243.66114722176832 solMass / solMass
2259 167.88097316622594 solMass / solMass
HaloMassEqualZero
HaloMassEqualZero
HaloMassEqualZero
HaloMassEqualZero
HaloMassEqualZero
2266 401.4287429037052 solMass / solMass
HaloMassEqualZero
HaloMassEqualZero
HaloMassEqualZero
HaloMassEqualZero
HaloMassEqualZero
HaloMassEqualZero
2273 218.46604697079135 solMass / solMass
2275 336.7675671287247 solMass / solMass
2276 155.67627600838517 solMass / solMass
HaloMassEqualZero
HaloMassEqualZero
HaloMassEqualZero
HaloMassEqualZero
HaloMassEqualZero
IsSatellite
HaloMassEqualZero
2285 1083.878791246227 solMass / solMass
2286 22.395967146267424 solMass / solMass
HaloMassEqualZero
2288 185.92823178340615 solMass / solMass
HaloMassEqualZero
2291 1071.390052278676 solMass / solMass
2293 365.6143507001797 solMass / solMass
HaloMassEqualZero
2296 475.0058796967124 solMass / solMass
HaloMassEqualZero
2299 149.90702381619815 solMass / solMass
HaloMassEqualZero
2301 961.6080901993802 solMass / solMass
HaloMassEqualZero
HaloMassEqualZero
2305 332.2960131130293 solMass / solMass
HaloMassEqualZero
HaloMassEqualZero
HaloMassEqualZero
HaloMassEqualZero
2310 114.24184561864686 solMass / solMass
2311 102.32499712681215 solMass / solMass
HaloMassEqualZero
2313 182.46451585027384 solMass / solMass
HaloMassEqualZero
HaloMassEqualZero
HaloMassEqualZero
2317 28.322369519160997 solMass / solMass
2320 254.31867320698484 solMass / solMass
HaloMassEqualZero
HaloMassEqualZero
HaloMassEqualZero
2324 117.809343314965 solMass / solMass
HaloMassEqualZero
HaloMassEqualZero
HaloMassEqualZero
HaloMassEqualZero
HaloMassEqualZero
HaloMassEqualZero
HaloMassEqualZero
HaloMassEqualZero
2335 429.8217607785425 solMass / solMass
HaloMassEqualZero
HaloMassEqualZero
HaloMassEqualZero
HaloMassEqualZero
HaloMassEqualZero
HaloMassEqualZero
HaloMassEqualZero
HaloMassEqualZero
HaloMassEqualZero
2350 671.2876448472506 solMass / solMass
HaloMassEqualZero
HaloMassEqualZero
2353 2883.324056698991 solMass / solMass
HaloMassEqualZero
HaloMassEqualZero
HaloMassEqualZero
HaloMassEqualZero
HaloMassEqualZero
HaloMassEqualZero
HaloMassEqualZero
HaloMassEqualZero
HaloMassEqualZero
HaloMassEqualZero
2365 75.4721641981897 solMass / solMass
2366 292.36409952697016 solMass / solMass
2367 142.20711796546578 solMass / solMass
HaloMassEqualZero
HaloMassEqualZero
HaloMassEqualZero
HaloMassEqualZero
HaloMassEqualZero
HaloMassEqualZero
HaloMassEqualZero
IsSatellite
HaloMassEqualZero
HaloMassEqualZero
HaloMassEqualZero
HaloMassEqualZero
HaloMassEqualZero
HaloMassEqualZero
HaloMassEqualZero
HaloMassEqualZero
HaloMassEqualZero
HaloMassEqualZero
HaloMassEqualZero
HaloMassEqualZero
HaloMassEqualZero
HaloMassEqualZero
2396 51.320785918869916 solMass / solMass
HaloMassEqualZero
HaloMassEqualZero
HaloMassEqualZero
HaloMassEqualZero
HaloMassEqualZero
HaloMassEqualZero
HaloMassEqualZero
HaloMassEqualZero
2408 32.53973693077555 solMass / solMass
HaloMassEqualZero
HaloMassEqualZero
HaloMassEqualZero
HaloMassEqualZero
HaloMassEqualZero
HaloMassEqualZero
HaloMassEqualZero
HaloMassEqualZero
HaloMassEqualZero
HaloMassEqualZero
2421 152.82170001472772 solMass / solMass
HaloMassEqualZero
HaloMassEqualZero
HaloMassEqualZero
HaloMassEqualZero
HaloMassEqualZero
HaloMassEqualZero
HaloMassEqualZero
HaloMassEqualZero
HaloMassEqualZero
HaloMassEqualZero
HaloMassEqualZero
HaloMassEqualZero
HaloMassEqualZero
2435 68.25360081037638 solMass / solMass
HaloMassEqualZero
2437 35.662348650903155 solMass / solMass
HaloMassEqualZero
HaloMassEqualZero
2441 453.06161715629725 solMass / solMass
2442 117.20999065864756 solMass / solMass
HaloMassEqualZero
HaloMassEqualZero
HaloMassEqualZero
HaloMassEqualZero
HaloMassEqualZero
HaloMassEqualZero
HaloMassEqualZero
HaloMassEqualZero
HaloMassEqualZero
HaloMassEqualZero
HaloMassEqualZero
HaloMassEqualZero
HaloMassEqualZero
HaloMassEqualZero
HaloMassEqualZero
HaloMassEqualZero
HaloMassEqualZero
2462 479.57749235998347 solMass / solMass
HaloMassEqualZero
2464 840.1859822725421 solMass / solMass
HaloMassEqualZero
HaloMassEqualZero
HaloMassEqualZero
HaloMassEqualZero
HaloMassEqualZero
HaloMassEqualZero
HaloMassEqualZero
2475 20.24948456647963 solMass / solMass
HaloMassEqualZero
HaloMassEqualZero
HaloMassEqualZero
2479 211.53677229770895 solMass / solMass
2480 63.07280588489321 solMass / solMass
HaloMassEqualZero
HaloMassEqualZero
2484 0.8783732517142656 solMass / solMass
HaloMassEqualZero
HaloMassEqualZero
HaloMassEqualZero
HaloMassEqualZero
HaloMassEqualZero
2494 647.1125042857012 solMass / solMass
HaloMassEqualZero
HaloMassEqualZero
HaloMassEqualZero
HaloMassEqualZero
HaloMassEqualZero
HaloMassEqualZero
HaloMassEqualZero
HaloMassEqualZero
2504 555.8218827572629 solMass / solMass
HaloMassEqualZero
HaloMassEqualZero
HaloMassEqualZero
HaloMassEqualZero
HaloMassEqualZero
HaloMassEqualZero
HaloMassEqualZero
HaloMassEqualZero
HaloMassEqualZero
HaloMassEqualZero
HaloMassEqualZero
HaloMassEqualZero
HaloMassEqualZero
HaloMassEqualZero
2523 370.98603400275425 solMass / solMass
2524 165.40918304926183 solMass / solMass
HaloMassEqualZero
HaloMassEqualZero
HaloMassEqualZero
HaloMassEqualZero
HaloMassEqualZero
HaloMassEqualZero
HaloMassEqualZero
2536 25.33854740809181 solMass / solMass
HaloMassEqualZero
HaloMassEqualZero
HaloMassEqualZero
HaloMassEqualZero
HaloMassEqualZero
HaloMassEqualZero
HaloMassEqualZero
HaloMassEqualZero
HaloMassEqualZero
HaloMassEqualZero
HaloMassEqualZero
HaloMassEqualZero
HaloMassEqualZero
HaloMassEqualZero
HaloMassEqualZero
HaloMassEqualZero
HaloMassEqualZero
HaloMassEqualZero
2558 344.1381451319365 solMass / solMass
HaloMassEqualZero
HaloMassEqualZero
HaloMassEqualZero
HaloMassEqualZero
HaloMassEqualZero
HaloMassEqualZero
HaloMassEqualZero
HaloMassEqualZero
HaloMassEqualZero
2569 684.1147148567711 solMass / solMass
HaloMassEqualZero
HaloMassEqualZero
HaloMassEqualZero
HaloMassEqualZero
HaloMassEqualZero
HaloMassEqualZero
2578 35.307929595799685 solMass / solMass
2579 576.2024652605859 solMass / solMass
HaloMassEqualZero
HaloMassEqualZero
IsSatellite
HaloMassEqualZero
HaloMassEqualZero
HaloMassEqualZero
HaloMassEqualZero
HaloMassEqualZero
IsSatellite
HaloMassEqualZero
HaloMassEqualZero
IsSatellite
HaloMassEqualZero
HaloMassEqualZero
HaloMassEqualZero
HaloMassEqualZero
HaloMassEqualZero
HaloMassEqualZero
HaloMassEqualZero
HaloMassEqualZero
HaloMassEqualZero
HaloMassEqualZero
HaloMassEqualZero
HaloMassEqualZero
HaloMassEqualZero
HaloMassEqualZero
HaloMassEqualZero
HaloMassEqualZero
HaloMassEqualZero
HaloMassEqualZero
HaloMassEqualZero
HaloMassEqualZero
HaloMassEqualZero
HaloMassEqualZero
HaloMassEqualZero
HaloMassEqualZero
HaloMassEqualZero
HaloMassEqualZero
HaloMassEqualZero
HaloMassEqualZero
2632 223.78827012430736 solMass / solMass
HaloMassEqualZero
HaloMassEqualZero
HaloMassEqualZero
IsSatellite
HaloMassEqualZero
HaloMassEqualZero
HaloMassEqualZero
HaloMassEqualZero
HaloMassEqualZero
2644 604.0895556322064 solMass / solMass
HaloMassEqualZero
HaloMassEqualZero
HaloMassEqualZero
HaloMassEqualZero
HaloMassEqualZero
HaloMassEqualZero
HaloMassEqualZero
HaloMassEqualZero
HaloMassEqualZero
HaloMassEqualZero
HaloMassEqualZero
HaloMassEqualZero
HaloMassEqualZero
HaloMassEqualZero
HaloMassEqualZero
HaloMassEqualZero
HaloMassEqualZero
HaloMassEqualZero
HaloMassEqualZero
HaloMassEqualZero
2670 2512.3173309504164 solMass / solMass
HaloMassEqualZero
HaloMassEqualZero
HaloMassEqualZero
HaloMassEqualZero
HaloMassEqualZero
HaloMassEqualZero
HaloMassEqualZero
HaloMassEqualZero
HaloMassEqualZero
HaloMassEqualZero
HaloMassEqualZero
IsSatellite
HaloMassEqualZero
2686 209.54677492590247 solMass / solMass
HaloMassEqualZero
2688 318.6462832899514 solMass / solMass
HaloMassEqualZero
HaloMassEqualZero
HaloMassEqualZero
HaloMassEqualZero
HaloMassEqualZero
2695 1986.7984009112156 solMass / solMass
HaloMassEqualZero
HaloMassEqualZero
HaloMassEqualZero
HaloMassEqualZero
HaloMassEqualZero
2704 287.02576433265847 solMass / solMass
HaloMassEqualZero
HaloMassEqualZero
HaloMassEqualZero
HaloMassEqualZero
HaloMassEqualZero
HaloMassEqualZero
HaloMassEqualZero
HaloMassEqualZero
2717 254.73393106887178 solMass / solMass
2718 131.9043745590491 solMass / solMass
HaloMassEqualZero
HaloMassEqualZero
HaloMassEqualZero
HaloMassEqualZero
2723 703.5024499839584 solMass / solMass
HaloMassEqualZero
HaloMassEqualZero
HaloMassEqualZero
HaloMassEqualZero
HaloMassEqualZero
HaloMassEqualZero
2732 108.85160184788835 solMass / solMass
HaloMassEqualZero
HaloMassEqualZero
HaloMassEqualZero
HaloMassEqualZero
HaloMassEqualZero
HaloMassEqualZero
HaloMassEqualZero
HaloMassEqualZero
HaloMassEqualZero
HaloMassEqualZero
HaloMassEqualZero
HaloMassEqualZero
HaloMassEqualZero
HaloMassEqualZero
2751 703.3644107068853 solMass / solMass
HaloMassEqualZero
HaloMassEqualZero
HaloMassEqualZero
HaloMassEqualZero
HaloMassEqualZero
HaloMassEqualZero
HaloMassEqualZero
HaloMassEqualZero
HaloMassEqualZero
HaloMassEqualZero
HaloMassEqualZero
HaloMassEqualZero
HaloMassEqualZero
HaloMassEqualZero
HaloMassEqualZero
HaloMassEqualZero
2769 175.17736735759206 solMass / solMass
HaloMassEqualZero
HaloMassEqualZero
HaloMassEqualZero
HaloMassEqualZero
HaloMassEqualZero
2778 2742.7026214691605 solMass / solMass
HaloMassEqualZero
HaloMassEqualZero
HaloMassEqualZero
HaloMassEqualZero
HaloMassEqualZero
HaloMassEqualZero
HaloMassEqualZero
HaloMassEqualZero
HaloMassEqualZero
HaloMassEqualZero
HaloMassEqualZero
HaloMassEqualZero
HaloMassEqualZero
HaloMassEqualZero
HaloMassEqualZero
2800 356.7562500148412 solMass / solMass
HaloMassEqualZero
HaloMassEqualZero
HaloMassEqualZero
HaloMassEqualZero
2805 984.4402444584687 solMass / solMass
HaloMassEqualZero
HaloMassEqualZero
HaloMassEqualZero
HaloMassEqualZero
2811 269.3064669187019 solMass / solMass
HaloMassEqualZero
HaloMassEqualZero
HaloMassEqualZero
2815 505.85780551115386 solMass / solMass
HaloMassEqualZero
HaloMassEqualZero
HaloMassEqualZero
HaloMassEqualZero
HaloMassEqualZero
HaloMassEqualZero
HaloMassEqualZero
HaloMassEqualZero
HaloMassEqualZero
HaloMassEqualZero
HaloMassEqualZero
HaloMassEqualZero
HaloMassEqualZero
HaloMassEqualZero
HaloMassEqualZero
2835 362.91477075640415 solMass / solMass
HaloMassEqualZero
HaloMassEqualZero
2838 322.15569860042314 solMass / solMass
HaloMassEqualZero
HaloMassEqualZero
HaloMassEqualZero
HaloMassEqualZero
HaloMassEqualZero
HaloMassEqualZero
HaloMassEqualZero
HaloMassEqualZero
HaloMassEqualZero
HaloMassEqualZero
HaloMassEqualZero
HaloMassEqualZero
HaloMassEqualZero
HaloMassEqualZero
HaloMassEqualZero
HaloMassEqualZero
HaloMassEqualZero
HaloMassEqualZero
HaloMassEqualZero
HaloMassEqualZero
HaloMassEqualZero
HaloMassEqualZero
HaloMassEqualZero
HaloMassEqualZero
HaloMassEqualZero
HaloMassEqualZero
HaloMassEqualZero
HaloMassEqualZero
2872 101.20377005252685 solMass / solMass
HaloMassEqualZero
2874 165.42448887333026 solMass / solMass
HaloMassEqualZero
HaloMassEqualZero
HaloMassEqualZero
HaloMassEqualZero
HaloMassEqualZero
HaloMassEqualZero
HaloMassEqualZero
HaloMassEqualZero
HaloMassEqualZero
HaloMassEqualZero
HaloMassEqualZero
HaloMassEqualZero
HaloMassEqualZero
HaloMassEqualZero
HaloMassEqualZero
HaloMassEqualZero
HaloMassEqualZero
HaloMassEqualZero
HaloMassEqualZero
HaloMassEqualZero
HaloMassEqualZero
HaloMassEqualZero
HaloMassEqualZero
HaloMassEqualZero
HaloMassEqualZero
HaloMassEqualZero
HaloMassEqualZero
HaloMassEqualZero
HaloMassEqualZero
HaloMassEqualZero
HaloMassEqualZero
HaloMassEqualZero
HaloMassEqualZero
HaloMassEqualZero
HaloMassEqualZero
HaloMassEqualZero
2916 388.1321208337826 solMass / solMass
HaloMassEqualZero
HaloMassEqualZero
HaloMassEqualZero
HaloMassEqualZero
HaloMassEqualZero
HaloMassEqualZero
HaloMassEqualZero
HaloMassEqualZero
HaloMassEqualZero
HaloMassEqualZero
HaloMassEqualZero
HaloMassEqualZero
HaloMassEqualZero
HaloMassEqualZero
HaloMassEqualZero
HaloMassEqualZero
HaloMassEqualZero
HaloMassEqualZero
HaloMassEqualZero
HaloMassEqualZero
HaloMassEqualZero
HaloMassEqualZero
HaloMassEqualZero
HaloMassEqualZero
HaloMassEqualZero
HaloMassEqualZero
HaloMassEqualZero
HaloMassEqualZero
HaloMassEqualZero
HaloMassEqualZero
HaloMassEqualZero
HaloMassEqualZero
HaloMassEqualZero
HaloMassEqualZero
HaloMassEqualZero
HaloMassEqualZero
HaloMassEqualZero
HaloMassEqualZero
HaloMassEqualZero
HaloMassEqualZero
HaloMassEqualZero
HaloMassEqualZero
HaloMassEqualZero
HaloMassEqualZero
HaloMassEqualZero
HaloMassEqualZero
HaloMassEqualZero
2972 446.4540450009613 solMass / solMass
HaloMassEqualZero
HaloMassEqualZero
HaloMassEqualZero
HaloMassEqualZero
HaloMassEqualZero
HaloMassEqualZero
HaloMassEqualZero
HaloMassEqualZero
HaloMassEqualZero
HaloMassEqualZero
HaloMassEqualZero
HaloMassEqualZero
HaloMassEqualZero
HaloMassEqualZero
HaloMassEqualZero
HaloMassEqualZero
HaloMassEqualZero
HaloMassEqualZero
HaloMassEqualZero
HaloMassEqualZero
HaloMassEqualZero
HaloMassEqualZero
HaloMassEqualZero
HaloMassEqualZero
HaloMassEqualZero
HaloMassEqualZero
2999 3009.2882753277627 solMass / solMass
123AllDone123
