yt : [INFO     ] 2017-07-22 16:30:53,878 Parameters: current_time              = 6.86908772332e+16
yt : [INFO     ] 2017-07-22 16:30:53,878 Parameters: domain_dimensions         = [2 2 2]
yt : [INFO     ] 2017-07-22 16:30:53,879 Parameters: domain_left_edge          = [ 0.  0.  0.]
yt : [INFO     ] 2017-07-22 16:30:53,879 Parameters: domain_right_edge         = [  3.33803289e+25   3.33803289e+25   3.33803289e+25]
yt : [INFO     ] 2017-07-22 16:30:53,880 Parameters: cosmological_simulation   = 1
yt : [INFO     ] 2017-07-22 16:30:53,880 Parameters: current_redshift          = 2.9999999666
yt : [INFO     ] 2017-07-22 16:30:53,880 Parameters: omega_lambda              = 0.712
yt : [INFO     ] 2017-07-22 16:30:53,880 Parameters: omega_matter              = 0.288
yt : [INFO     ] 2017-07-22 16:30:53,880 Parameters: hubble_constant           = 0.6933
yt : [INFO     ] 2017-07-22 16:30:54,008 Parameters: current_time              = 289.00812478676
yt : [INFO     ] 2017-07-22 16:30:54,009 Parameters: domain_dimensions         = [128 128 128]
yt : [INFO     ] 2017-07-22 16:30:54,009 Parameters: domain_left_edge          = [ 0.  0.  0.]
yt : [INFO     ] 2017-07-22 16:30:54,010 Parameters: domain_right_edge         = [ 1.  1.  1.]
yt : [INFO     ] 2017-07-22 16:30:54,010 Parameters: cosmological_simulation   = 1
yt : [INFO     ] 2017-07-22 16:30:54,010 Parameters: current_redshift          = 2.9999999665957
yt : [INFO     ] 2017-07-22 16:30:54,010 Parameters: omega_lambda              = 0.712
yt : [INFO     ] 2017-07-22 16:30:54,010 Parameters: omega_matter              = 0.288
yt : [INFO     ] 2017-07-22 16:30:54,010 Parameters: hubble_constant           = 0.6933
yt : [INFO     ] 2017-07-22 16:30:54,014 Allocating for 1.092e+04 particles (index particle type 'all')
yt : [INFO     ] 2017-07-22 16:30:54,020 Identified 3.745e+03 octs
Traceback (most recent call last):
  File "./satellite_finder.py", line 172, in <module>
    new_halo[start_num_entries] = isSatellite
IndexError: list assignment index out of range
srun: error: tiger-r14n2: task 0: Exited with exit code 1
srun: Terminating job step 3524382.0
