yt : [INFO     ] 2017-07-28 10:48:11,019 Parameters: current_time              = 6.86908772332e+16
yt : [INFO     ] 2017-07-28 10:48:11,019 Parameters: domain_dimensions         = [2 2 2]
yt : [INFO     ] 2017-07-28 10:48:11,020 Parameters: domain_left_edge          = [ 0.  0.  0.]
yt : [INFO     ] 2017-07-28 10:48:11,021 Parameters: domain_right_edge         = [  3.33803289e+25   3.33803289e+25   3.33803289e+25]
yt : [INFO     ] 2017-07-28 10:48:11,021 Parameters: cosmological_simulation   = 1
yt : [INFO     ] 2017-07-28 10:48:11,021 Parameters: current_redshift          = 2.9999999666
yt : [INFO     ] 2017-07-28 10:48:11,021 Parameters: omega_lambda              = 0.712
yt : [INFO     ] 2017-07-28 10:48:11,021 Parameters: omega_matter              = 0.288
yt : [INFO     ] 2017-07-28 10:48:11,021 Parameters: hubble_constant           = 0.6933
yt : [INFO     ] 2017-07-28 10:48:11,167 Parameters: current_time              = 289.00812478676
yt : [INFO     ] 2017-07-28 10:48:11,168 Parameters: domain_dimensions         = [128 128 128]
yt : [INFO     ] 2017-07-28 10:48:11,168 Parameters: domain_left_edge          = [ 0.  0.  0.]
yt : [INFO     ] 2017-07-28 10:48:11,169 Parameters: domain_right_edge         = [ 1.  1.  1.]
yt : [INFO     ] 2017-07-28 10:48:11,169 Parameters: cosmological_simulation   = 1
yt : [INFO     ] 2017-07-28 10:48:11,169 Parameters: current_redshift          = 2.9999999665957
yt : [INFO     ] 2017-07-28 10:48:11,169 Parameters: omega_lambda              = 0.712
yt : [INFO     ] 2017-07-28 10:48:11,169 Parameters: omega_matter              = 0.288
yt : [INFO     ] 2017-07-28 10:48:11,169 Parameters: hubble_constant           = 0.6933
yt : [INFO     ] 2017-07-28 10:48:11,173 Allocating for 1.092e+04 particles (index particle type 'all')
yt : [INFO     ] 2017-07-28 10:48:11,180 Identified 3.745e+03 octs
IsSatellite
IsSatellite
IsSatellite
IsSatellite
IsSatellite
IsSatellite
IsSatellite
185 2.7414084411711936 solMass / solMass
187 6.4071577621941795 solMass / solMass
IsSatellite
192 4.436923358245486 solMass / solMass
194 60908.95853351485 solMass / solMass
196 6.0280104386899085 solMass / solMass
198 7.490556713339731 solMass / solMass
199 4.8541370412808185 solMass / solMass
IsSatellite
202 12.172487166930917 solMass / solMass
IsSatellite
IsSatellite
207 5.253649893799343 solMass / solMass
IsSatellite
IsSatellite
IsSatellite
211 5.998766888671802 solMass / solMass
213 2.1796375188736645 solMass / solMass
IsSatellite
IsSatellite
219 12.816022725171527 solMass / solMass
221 5.836646918454321 solMass / solMass
222 7.580258383263308 solMass / solMass
223 17.314453677368157 solMass / solMass
IsSatellite
230 7.4454043405617485 solMass / solMass
233 2.4700914108462575 solMass / solMass
IsSatellite
238 4.534573935222488 solMass / solMass
245 16.307486411341063 solMass / solMass
246 4.698727323066355 solMass / solMass
IsSatellite
249 10.472165778087845 solMass / solMass
251 5.777773132958193 solMass / solMass
253 4.37892035976932 solMass / solMass
256 15.689568794563067 solMass / solMass
261 9.609735093154246 solMass / solMass
263 5.868864757238778 solMass / solMass
271 5.5279343796076645 solMass / solMass
273 23.919891176284537 solMass / solMass
274 38.23550367090198 solMass / solMass
IsSatellite
279 12.355426752479962 solMass / solMass
282 16.942693671439198 solMass / solMass
284 2.3705930899849417 solMass / solMass
286 5.018573508429517 solMass / solMass
287 26.196108139137014 solMass / solMass
288 6.059748157346554 solMass / solMass
292 13.404628897090497 solMass / solMass
293 4.1325147028011 solMass / solMass
295 24.094023284333055 solMass / solMass
296 21.802571616877945 solMass / solMass
298 44.19861977259522 solMass / solMass
299 10.926432706575818 solMass / solMass
301 22.459039752440628 solMass / solMass
302 8513.09027564691 solMass / solMass
303 31.885643576100723 solMass / solMass
304 17.597032324042893 solMass / solMass
305 1.7462450607988782 solMass / solMass
309 8.611518930973277 solMass / solMass
311 61.455245518240986 solMass / solMass
312 36.31784958865572 solMass / solMass
313 32.048451249594535 solMass / solMass
316 29.737359553956928 solMass / solMass
317 16.977438310789147 solMass / solMass
319 15.595575999758402 solMass / solMass
320 30.389928155612395 solMass / solMass
321 12.463466326040576 solMass / solMass
323 41.34375740604174 solMass / solMass
324 17.670346714152377 solMass / solMass
326 10.62765827537117 solMass / solMass
327 33.113377129856495 solMass / solMass
330 12.238849656613885 solMass / solMass
333 25.962843961733885 solMass / solMass
335 51.568556455877335 solMass / solMass
341 34.34017488569829 solMass / solMass
347 18.367599677831564 solMass / solMass
349 45.3870840010343 solMass / solMass
351 14.433870997881364 solMass / solMass
354 50.731599533020784 solMass / solMass
357 7.389547335826144 solMass / solMass
361 57.69137609365666 solMass / solMass
362 15.768647277096534 solMass / solMass
363 4.970762621343095 solMass / solMass
366 41.25790685610242 solMass / solMass
370 25.082042109372427 solMass / solMass
371 67.766785408395 solMass / solMass
372 49.57437241044251 solMass / solMass
374 9.973026278690877 solMass / solMass
375 104.57958878932473 solMass / solMass
377 26.789500857516778 solMass / solMass
IsSatellite
382 117.36997695606722 solMass / solMass
383 3.2813359140462226 solMass / solMass
384 12.463673776053549 solMass / solMass
386 33.914193275980395 solMass / solMass
387 78.24450279556221 solMass / solMass
388 12.020410869985861 solMass / solMass
394 48.05920854448606 solMass / solMass
395 7.33987995112047 solMass / solMass
396 57.819125537727075 solMass / solMass
401 55.48877677274236 solMass / solMass
402 8.094787820935913 solMass / solMass
409 96.85440788051916 solMass / solMass
415 67.2649837854011 solMass / solMass
416 53.750313209299044 solMass / solMass
417 55.66068163056949 solMass / solMass
418 19.77754253817745 solMass / solMass
419 65.58304595592068 solMass / solMass
422 3.807895210599882 solMass / solMass
424 34.50163044286835 solMass / solMass
425 58.50431039486657 solMass / solMass
426 49.891151153373414 solMass / solMass
428 100.64742036650101 solMass / solMass
429 27.217673728858596 solMass / solMass
431 18.85319815123035 solMass / solMass
433 140.60655358548004 solMass / solMass
434 101.67142952344992 solMass / solMass
435 58.01181568877024 solMass / solMass
441 15.410068720763585 solMass / solMass
443 37.91366566903344 solMass / solMass
445 141.0789599619378 solMass / solMass
446 5.668268002065828 solMass / solMass
447 129.8048590296811 solMass / solMass
450 32.62412206357726 solMass / solMass
451 24.024035460723095 solMass / solMass
452 5.61479211585757 solMass / solMass
453 2.595330613406439 solMass / solMass
454 52.79331799678187 solMass / solMass
455 46.3018882838543 solMass / solMass
457 6.357701844708999 solMass / solMass
458 10.663027034937658 solMass / solMass
459 6.543084788443768 solMass / solMass
IsSatellite
467 38.474266087191864 solMass / solMass
468 9.216909578211865 solMass / solMass
470 15.497766666287605 solMass / solMass
471 56.33214320248746 solMass / solMass
472 126.15645500291245 solMass / solMass
473 25.466335769274174 solMass / solMass
483 59.57210091844485 solMass / solMass
485 29.19862984974942 solMass / solMass
486 132.42339533873118 solMass / solMass
489 43.82371512522547 solMass / solMass
492 54.17415575633587 solMass / solMass
494 68.96133901100718 solMass / solMass
495 66.71999821992357 solMass / solMass
497 91.80660736460827 solMass / solMass
498 42.53639903606668 solMass / solMass
499 78.88202836257365 solMass / solMass
500 74.07329440446013 solMass / solMass
504 4.9194842904587315 solMass / solMass
506 93.33719399200082 solMass / solMass
507 188.8206873169266 solMass / solMass
508 2.511800549182314 solMass / solMass
510 86.04328883227502 solMass / solMass
514 4.228531114567455 solMass / solMass
516 79.71305886514261 solMass / solMass
518 89.44428178082437 solMass / solMass
520 65.08366174636032 solMass / solMass
523 176.22398127733925 solMass / solMass
525 157.38478308577646 solMass / solMass
526 0.8248543220928268 solMass / solMass
527 120.98816691869989 solMass / solMass
528 140.62701740388565 solMass / solMass
531 33.710918818752454 solMass / solMass
533 215.93894687501435 solMass / solMass
534 43.08812021264316 solMass / solMass
538 0.6106259525179484 solMass / solMass
539 98.81953099683496 solMass / solMass
541 122.92766587454916 solMass / solMass
542 15.016571670253004 solMass / solMass
544 47.566298424245396 solMass / solMass
545 3.279158246675251 solMass / solMass
547 43.33043107352636 solMass / solMass
548 29.460430520474898 solMass / solMass
549 215.31430024196433 solMass / solMass
552 53.671281164272095 solMass / solMass
IsSatellite
555 82.89050477704599 solMass / solMass
556 221.02411199841498 solMass / solMass
557 75.9628181459952 solMass / solMass
558 83.3903817016645 solMass / solMass
559 23.427027442609692 solMass / solMass
560 21.51419028043851 solMass / solMass
IsSatellite
565 114.9571385714761 solMass / solMass
566 17.886342865838124 solMass / solMass
567 35.83372633933288 solMass / solMass
568 79.774195085972 solMass / solMass
570 62.597895736511276 solMass / solMass
572 102.1578509026356 solMass / solMass
573 6.790337060034231 solMass / solMass
574 120.85854776942242 solMass / solMass
IsSatellite
579 68.25025249127344 solMass / solMass
582 177.07108038189153 solMass / solMass
584 186.1415894299508 solMass / solMass
586 11.479345228239806 solMass / solMass
IsSatellite
589 73.4760074674173 solMass / solMass
590 1.6832477833523563 solMass / solMass
593 74.26853684295853 solMass / solMass
596 56.0654583758054 solMass / solMass
597 97.34281504118177 solMass / solMass
598 46.415423231775094 solMass / solMass
599 67.39657632112781 solMass / solMass
600 131.7227048149826 solMass / solMass
603 43.65100731482845 solMass / solMass
605 6.4207066558549695 solMass / solMass
606 4.583079037774472 solMass / solMass
608 95.93620503974029 solMass / solMass
614 11.82846373228145 solMass / solMass
617 35.821347874790845 solMass / solMass
618 17.66591947655996 solMass / solMass
622 158.91227715615824 solMass / solMass
623 224.18649119187245 solMass / solMass
624 127.61378819338405 solMass / solMass
625 172.0847595211716 solMass / solMass
627 200.3039899325197 solMass / solMass
631 216.28512455928487 solMass / solMass
632 1.2395191128181777 solMass / solMass
636 95.75127028220741 solMass / solMass
637 271.78250681903955 solMass / solMass
638 112.70036624763242 solMass / solMass
639 136.20958598784134 solMass / solMass
641 278.6463816425156 solMass / solMass
643 6.734981551628789 solMass / solMass
644 21.8295434541338 solMass / solMass
654 53.874012412572064 solMass / solMass
657 137.53810390777866 solMass / solMass
658 12.337087585938843 solMass / solMass
659 118.08474766038273 solMass / solMass
IsSatellite
667 126.90066188354186 solMass / solMass
669 130.95729833333334 solMass / solMass
670 131.2209014201928 solMass / solMass
675 212.0303706321751 solMass / solMass
676 150.52163726221661 solMass / solMass
678 99.33140494811316 solMass / solMass
679 191.23842531562502 solMass / solMass
682 94.77716056190438 solMass / solMass
683 131.87379468206476 solMass / solMass
684 160.15646984161847 solMass / solMass
685 151.98739631304028 solMass / solMass
686 136.70249316244988 solMass / solMass
689 152.4344242707377 solMass / solMass
694 120.07467493240276 solMass / solMass
696 219.1806836870993 solMass / solMass
697 201.1741066798329 solMass / solMass
701 111.64489024951973 solMass / solMass
704 6.071491288902818 solMass / solMass
705 77.14738965938643 solMass / solMass
707 86.01948097565027 solMass / solMass
709 142.68660238992013 solMass / solMass
711 122.94806744768077 solMass / solMass
713 297.9379682466426 solMass / solMass
714 80.51434705639501 solMass / solMass
719 113.58963869406347 solMass / solMass
723 3.2440602492153143 solMass / solMass
724 126.37613546331139 solMass / solMass
725 43.75751546021898 solMass / solMass
727 64.50762257316426 solMass / solMass
728 107.92624610693723 solMass / solMass
729 90.73759702625337 solMass / solMass
731 65.20171849727652 solMass / solMass
732 28.72080204861222 solMass / solMass
734 91.42301921459054 solMass / solMass
736 95.80486335765036 solMass / solMass
737 242.20137128563053 solMass / solMass
739 112.16010664200164 solMass / solMass
741 39.17897296317043 solMass / solMass
743 32.14721585346257 solMass / solMass
746 197.81545936311346 solMass / solMass
747 147.78337223826014 solMass / solMass
748 216.97777955804463 solMass / solMass
754 222.3253766684002 solMass / solMass
758 193.55697724878232 solMass / solMass
760 164.69696945655687 solMass / solMass
761 173.66744095863234 solMass / solMass
767 49.94574467493721 solMass / solMass
768 102.1020096807675 solMass / solMass
769 409.7123261586581 solMass / solMass
770 223.5419749205078 solMass / solMass
771 15.508248284030463 solMass / solMass
773 180.9972971397144 solMass / solMass
775 3.8378953261072124 solMass / solMass
776 184.2519330194026 solMass / solMass
781 114.33492692113407 solMass / solMass
785 47.583421073619455 solMass / solMass
786 5.070996572112502 solMass / solMass
788 158.20174989515542 solMass / solMass
791 11.169726106528675 solMass / solMass
795 15.46149197802982 solMass / solMass
796 220.48432622353104 solMass / solMass
799 72.74343612162853 solMass / solMass
801 222.70777940616142 solMass / solMass
803 83.05113905112954 solMass / solMass
805 103.70325267784628 solMass / solMass
809 33.945838576119954 solMass / solMass
811 14.051285091394247 solMass / solMass
814 88.52544692532373 solMass / solMass
815 146.9779234186935 solMass / solMass
816 8.761598097561977 solMass / solMass
817 65.46274443012521 solMass / solMass
818 193.6943993977871 solMass / solMass
821 157.70944404879566 solMass / solMass
822 302.3936364851496 solMass / solMass
823 362.9368114768563 solMass / solMass
826 191.6698896602288 solMass / solMass
827 186.65938061558046 solMass / solMass
828 186.96023796517426 solMass / solMass
IsSatellite
831 170.26648275244514 solMass / solMass
832 34.25246196683866 solMass / solMass
833 92.30295602207033 solMass / solMass
836 106.998318348057 solMass / solMass
839 92.06818751430545 solMass / solMass
840 239.65370734780083 solMass / solMass
841 81.09960901588279 solMass / solMass
843 63.61173659387798 solMass / solMass
844 213.83225033816126 solMass / solMass
845 189.18979416189788 solMass / solMass
846 350.7046130177707 solMass / solMass
IsSatellite
849 136.78451183902405 solMass / solMass
850 144.6461071002781 solMass / solMass
851 88.43384377614531 solMass / solMass
855 5.298150034204641 solMass / solMass
856 18.267142076346957 solMass / solMass
857 290.04719362421844 solMass / solMass
859 158.95876171603794 solMass / solMass
860 39.94691199774094 solMass / solMass
861 4.59772749305366 solMass / solMass
862 92.5827065548125 solMass / solMass
865 48.597900858681434 solMass / solMass
866 166.90296494446974 solMass / solMass
869 372.732521852067 solMass / solMass
871 183.44502482228103 solMass / solMass
872 207.25648303288662 solMass / solMass
873 54.86981334360033 solMass / solMass
876 125.44426594597516 solMass / solMass
879 109.49758039570686 solMass / solMass
880 207.0200964286351 solMass / solMass
882 21.913815326076804 solMass / solMass
883 263.51865817357475 solMass / solMass
884 325.5536062097343 solMass / solMass
885 211.38876630875447 solMass / solMass
888 208.41934800660653 solMass / solMass
890 42.76938229176477 solMass / solMass
891 68.96059560791785 solMass / solMass
892 271.3322571633317 solMass / solMass
897 150.32773673792911 solMass / solMass
898 5.318657795020954 solMass / solMass
899 173.99021162862394 solMass / solMass
900 246.07526812601418 solMass / solMass
901 143.38821691511663 solMass / solMass
903 7.332316647989945 solMass / solMass
906 293.62709082676764 solMass / solMass
907 108.4407361557265 solMass / solMass
912 113.91531296556158 solMass / solMass
913 56.06292972531565 solMass / solMass
916 270.06321317452966 solMass / solMass
919 67.560916155895 solMass / solMass
921 22.385619528024428 solMass / solMass
923 317.7822360962345 solMass / solMass
925 317.3884544182256 solMass / solMass
926 231.15780369964574 solMass / solMass
929 95.481749304779 solMass / solMass
930 93.12195997954946 solMass / solMass
931 3.053210292380058 solMass / solMass
932 64.80110148480905 solMass / solMass
933 94.28125297957467 solMass / solMass
935 454.4188612633783 solMass / solMass
936 164.5760855031069 solMass / solMass
937 59.109283288895156 solMass / solMass
939 486.2689304329016 solMass / solMass
941 427.06880783343524 solMass / solMass
943 37.32238190420975 solMass / solMass
944 99.12709232729756 solMass / solMass
IsSatellite
946 395.92544578637563 solMass / solMass
948 293.8480660954932 solMass / solMass
950 96.82948381437383 solMass / solMass
952 295.7133007144417 solMass / solMass
953 11.897522536553133 solMass / solMass
954 239.4061063218974 solMass / solMass
955 44.98405577380751 solMass / solMass
957 6.443579059720107 solMass / solMass
959 73.31571637260849 solMass / solMass
960 6.02367639009637 solMass / solMass
962 224.72412152824978 solMass / solMass
968 121.07661954571424 solMass / solMass
970 436.16035587615875 solMass / solMass
973 194.86897414061733 solMass / solMass
975 75.73230495479328 solMass / solMass
976 178.42554983665914 solMass / solMass
977 317.7473229666163 solMass / solMass
980 320.78540497149805 solMass / solMass
984 321.4892362128588 solMass / solMass
985 264.71431881407574 solMass / solMass
986 48.635558117317494 solMass / solMass
990 410.57099564036577 solMass / solMass
993 1.7092394144603638 solMass / solMass
994 3.687020415664362 solMass / solMass
997 153.98528008450475 solMass / solMass
1000 321.34057852085135 solMass / solMass
1001 25.513283788582424 solMass / solMass
1005 29.4465259636328 solMass / solMass
1006 7.497372958742915 solMass / solMass
1007 296.9592097786425 solMass / solMass
1008 650.1216624614094 solMass / solMass
1009 457.9930632817469 solMass / solMass
1010 215.5431925007355 solMass / solMass
1014 61.990442706159406 solMass / solMass
1015 372.9496965869084 solMass / solMass
1019 131.46984826312948 solMass / solMass
1020 15.825580914155577 solMass / solMass
1021 49.329760697727004 solMass / solMass
1022 110.24787196191569 solMass / solMass
1025 312.93917914369126 solMass / solMass
1027 418.42489746992254 solMass / solMass
1031 196.06576978201542 solMass / solMass
1032 193.85909456035355 solMass / solMass
1034 460.6230417839436 solMass / solMass
1035 211.40405376932907 solMass / solMass
1036 233.26078177847128 solMass / solMass
1037 267.9570067925387 solMass / solMass
1038 0.17570581468204077 solMass / solMass
1042 375.0278802365197 solMass / solMass
1043 33.34033270841875 solMass / solMass
1045 264.1038678978424 solMass / solMass
1046 19.33231317508401 solMass / solMass
1048 106.09923122252728 solMass / solMass
1050 291.1507988385572 solMass / solMass
1051 86.0356503451621 solMass / solMass
1052 9.716718825350021 solMass / solMass
1053 89.75490989823588 solMass / solMass
1054 390.41160446648706 solMass / solMass
1056 692.8605575334292 solMass / solMass
1057 147.68691362654758 solMass / solMass
1062 68.85642799325652 solMass / solMass
1064 82.60478576152465 solMass / solMass
1066 39.25735055279479 solMass / solMass
IsSatellite
1068 183.98668124686466 solMass / solMass
1074 30.872651797603744 solMass / solMass
1075 222.69085241244568 solMass / solMass
1077 27.40759350793673 solMass / solMass
1078 1.6028203945494635 solMass / solMass
1081 203.61237946362164 solMass / solMass
1082 144.7238547461394 solMass / solMass
1083 388.13989818557286 solMass / solMass
1084 346.5200946870106 solMass / solMass
1087 4.606765764327348 solMass / solMass
1089 208.90668361447234 solMass / solMass
1090 35.38501281182842 solMass / solMass
1094 290.73676875268376 solMass / solMass
1098 175.63936799832067 solMass / solMass
1099 254.04039432876453 solMass / solMass
1100 157.48733267819904 solMass / solMass
1102 297.9130752650766 solMass / solMass
1105 144.51566195207204 solMass / solMass
1107 35.37417242785236 solMass / solMass
1108 90.10642300469365 solMass / solMass
1109 142.1923570330586 solMass / solMass
1110 146.66647805002538 solMass / solMass
1116 5.5293058815111005 solMass / solMass
1117 559.9791454851633 solMass / solMass
1120 31.25862934094634 solMass / solMass
1126 9.497549250498023 solMass / solMass
1130 205.51528129840935 solMass / solMass
1131 586.8868043054331 solMass / solMass
1136 84.78433471458168 solMass / solMass
1137 211.8764042609402 solMass / solMass
1140 176.49441027501746 solMass / solMass
1141 179.44115812828917 solMass / solMass
1142 327.1310385905022 solMass / solMass
1143 518.9668846449426 solMass / solMass
1144 291.20115751231714 solMass / solMass
1147 401.3127079796651 solMass / solMass
1148 53.95270784650347 solMass / solMass
1149 25.138907246652686 solMass / solMass
1150 424.4271370350083 solMass / solMass
1151 180.74993696563175 solMass / solMass
1152 85.33886783023853 solMass / solMass
1153 252.2292693635988 solMass / solMass
1154 319.15218794588526 solMass / solMass
HaloMassEqualZero
1158 49.15686088441875 solMass / solMass
1159 36.58579122117916 solMass / solMass
1161 578.471313448219 solMass / solMass
1165 95.4878732513427 solMass / solMass
1167 262.15061894592424 solMass / solMass
1169 246.6331801546345 solMass / solMass
1170 282.2154751366959 solMass / solMass
1171 296.77902359996824 solMass / solMass
1173 385.7221479336455 solMass / solMass
1178 16.403267171886448 solMass / solMass
1179 211.47995455881494 solMass / solMass
1181 468.6944501029699 solMass / solMass
1182 334.82166543487864 solMass / solMass
1183 309.2994704174686 solMass / solMass
1185 30.291261072853793 solMass / solMass
1188 195.12487556121897 solMass / solMass
1191 137.21407825949132 solMass / solMass
1192 4.019215937491484 solMass / solMass
1194 460.24181885145657 solMass / solMass
1195 265.5028004576571 solMass / solMass
1199 739.2527008876655 solMass / solMass
1200 549.1225078639437 solMass / solMass
1203 318.18372510649084 solMass / solMass
IsSatellite
1212 452.0535035549172 solMass / solMass
1214 427.2434847627634 solMass / solMass
1216 257.14973297707905 solMass / solMass
1217 119.0536531279594 solMass / solMass
1218 666.8029095201991 solMass / solMass
1219 195.62856026073442 solMass / solMass
1220 361.15376137713474 solMass / solMass
1228 44.07233093828554 solMass / solMass
1229 171.98049907364782 solMass / solMass
1230 391.4295258438247 solMass / solMass
1231 196.30306183171035 solMass / solMass
1233 235.70475017332856 solMass / solMass
1234 884.6513371714977 solMass / solMass
1237 168.8168811132401 solMass / solMass
1241 2.7107305656324625 solMass / solMass
1242 673.5351691304571 solMass / solMass
1244 302.4751849002725 solMass / solMass
1250 345.59925296555286 solMass / solMass
1251 345.00042322068043 solMass / solMass
1253 585.5152403172974 solMass / solMass
1255 46.781208762994915 solMass / solMass
1256 419.96302682264684 solMass / solMass
1257 488.3037338659927 solMass / solMass
1258 3.8156997057008746 solMass / solMass
1259 76.6930065901085 solMass / solMass
1260 94.83955192380665 solMass / solMass
1261 433.42154070186643 solMass / solMass
1265 46.04402249894186 solMass / solMass
1266 350.857254730773 solMass / solMass
1267 212.1131190597513 solMass / solMass
IsSatellite
1272 582.1491446481969 solMass / solMass
1276 369.61011359320526 solMass / solMass
1277 21.936711576006676 solMass / solMass
1278 734.7019203236027 solMass / solMass
1281 454.2872659836679 solMass / solMass
1282 417.54671175967496 solMass / solMass
1284 403.12284670364613 solMass / solMass
1285 297.72879012940194 solMass / solMass
1286 460.8161941378386 solMass / solMass
HaloMassEqualZero
1290 13.239472871067555 solMass / solMass
1293 366.4791049141157 solMass / solMass
1294 452.542043578769 solMass / solMass
1295 197.60830187327676 solMass / solMass
1296 101.83932557794729 solMass / solMass
IsSatellite
1298 221.06763715300985 solMass / solMass
1299 274.7472117334859 solMass / solMass
1304 486.471433453104 solMass / solMass
1308 75.82933804840205 solMass / solMass
1312 191.32791655308912 solMass / solMass
1313 783.7699237156622 solMass / solMass
1314 58.001684830575655 solMass / solMass
1319 297.29839001455343 solMass / solMass
1321 303.1445068281545 solMass / solMass
1327 499.71925721688626 solMass / solMass
1329 31.421503435514182 solMass / solMass
1330 73.35270717150615 solMass / solMass
1331 42.842190788296676 solMass / solMass
1332 37.95974297567715 solMass / solMass
1333 9.292516640817372 solMass / solMass
1334 231.03104528557773 solMass / solMass
1338 115.17085724220372 solMass / solMass
1339 355.02803845012176 solMass / solMass
1340 826.5362268854037 solMass / solMass
1341 533.535947548602 solMass / solMass
1343 469.3562089600559 solMass / solMass
1344 647.0502454569686 solMass / solMass
1345 104.84383157451282 solMass / solMass
1346 817.7776509162077 solMass / solMass
1350 270.88454600159287 solMass / solMass
1352 189.5524324657229 solMass / solMass
1353 323.69920021165404 solMass / solMass
1355 49.05976342208163 solMass / solMass
1356 153.98488683437688 solMass / solMass
1357 904.4764154403155 solMass / solMass
1360 7.074442917430383 solMass / solMass
1361 43.65654272152822 solMass / solMass
1362 41.03993304982102 solMass / solMass
1363 18.55814539908864 solMass / solMass
1365 142.69628930691255 solMass / solMass
1367 234.37441745944656 solMass / solMass
1368 337.5628444788672 solMass / solMass
1369 100.7161454274939 solMass / solMass
1370 567.2177779662103 solMass / solMass
1371 504.0708127615443 solMass / solMass
1372 26.938281959524044 solMass / solMass
1373 16.63397750228169 solMass / solMass
1374 16.955400365092032 solMass / solMass
1375 53.450175172303304 solMass / solMass
1376 12.344809009547905 solMass / solMass
1379 411.11398605990865 solMass / solMass
1381 14.5616874251891 solMass / solMass
1382 703.2678263686347 solMass / solMass
1383 168.00313678956397 solMass / solMass
1384 511.86074270707024 solMass / solMass
1385 405.83326851215116 solMass / solMass
1386 99.02180424266363 solMass / solMass
1387 472.7890544047779 solMass / solMass
1388 119.81296422041827 solMass / solMass
1390 100.32285947850811 solMass / solMass
1392 289.2585454089963 solMass / solMass
1395 112.98508472076163 solMass / solMass
1400 43.40781195642701 solMass / solMass
1401 1139.9698195475057 solMass / solMass
1402 889.580670589424 solMass / solMass
1405 413.91016657792727 solMass / solMass
1407 206.3912587608564 solMass / solMass
1409 817.4253252028662 solMass / solMass
1411 48.19188377003513 solMass / solMass
1413 418.8338488945573 solMass / solMass
1415 36.59368330227062 solMass / solMass
1416 777.2210904310356 solMass / solMass
1417 54.78106633584656 solMass / solMass
1418 117.38911440347655 solMass / solMass
1421 89.86952723035239 solMass / solMass
1424 276.8195965669967 solMass / solMass
1425 913.5097486360303 solMass / solMass
1426 111.34441807567843 solMass / solMass
1427 472.3342063960189 solMass / solMass
1428 138.70104962297015 solMass / solMass
1430 324.6977696045958 solMass / solMass
1431 1121.5999297689289 solMass / solMass
1432 502.07670849119387 solMass / solMass
IsSatellite
1437 279.93120289806217 solMass / solMass
1445 1029.4859259874108 solMass / solMass
1446 33.17888564684361 solMass / solMass
1448 406.8118966582317 solMass / solMass
IsSatellite
1451 757.6105702561528 solMass / solMass
1452 74128.04635806881 solMass / solMass
1455 615.9478338545335 solMass / solMass
1456 256.8549873867699 solMass / solMass
IsSatellite
1458 676.2476728379976 solMass / solMass
IsSatellite
1460 217.11445605530528 solMass / solMass
1462 11.8468605694263 solMass / solMass
1463 446.54137399436706 solMass / solMass
1464 1033.9583266709642 solMass / solMass
1466 398.3205792889465 solMass / solMass
1467 363.35501878989396 solMass / solMass
1468 987.2798443969059 solMass / solMass
1469 605.1862217220767 solMass / solMass
1472 302.76502097408337 solMass / solMass
IsSatellite
1478 463.50348973030265 solMass / solMass
1480 301.84567729402403 solMass / solMass
1482 32.62829273256676 solMass / solMass
1483 542.0069596833032 solMass / solMass
1486 810.6908393205252 solMass / solMass
1491 1012.480581658175 solMass / solMass
1493 395.24276923847316 solMass / solMass
1495 10.326188021441968 solMass / solMass
1496 468.6733435357808 solMass / solMass
1497 916.8754280410278 solMass / solMass
1498 196.82484742307273 solMass / solMass
1499 673.1813818792305 solMass / solMass
1500 254.59741959842006 solMass / solMass
1502 686.7520348073859 solMass / solMass
1506 496.1938216274315 solMass / solMass
1507 682.0265331726692 solMass / solMass
1509 224.32866910791387 solMass / solMass
1510 9.06508432049474 solMass / solMass
1511 289.39102640191345 solMass / solMass
1513 190.51991333698996 solMass / solMass
HaloMassEqualZero
1522 631.1351701077814 solMass / solMass
1523 562.422810575031 solMass / solMass
1525 359.4025335684393 solMass / solMass
1526 696.2088803881487 solMass / solMass
1529 265.61475369516114 solMass / solMass
1532 198.32643615862295 solMass / solMass
1534 367.3246295366265 solMass / solMass
1535 238.8872388515424 solMass / solMass
IsSatellite
1537 74.0225554217999 solMass / solMass
1538 1669.3668320810602 solMass / solMass
1540 1031.4331342737069 solMass / solMass
1543 7.55326754955437 solMass / solMass
HaloMassEqualZero
1546 49.666724487716344 solMass / solMass
1547 70.04393969911473 solMass / solMass
1552 480.2945299310512 solMass / solMass
1553 113.00695610527177 solMass / solMass
1557 224.45265111618042 solMass / solMass
1558 32.87793022339885 solMass / solMass
1559 390.3779173960896 solMass / solMass
1561 635.5688087719794 solMass / solMass
1562 36.37095758445943 solMass / solMass
1565 537.2048356111002 solMass / solMass
1566 419.7747859802178 solMass / solMass
1567 740.6771431278187 solMass / solMass
1569 460.46653665592083 solMass / solMass
1571 336.60252751080725 solMass / solMass
IsSatellite
1577 56.527151839312666 solMass / solMass
IsSatellite
1579 6.681936261518172 solMass / solMass
1580 195.8761477660075 solMass / solMass
1584 322.42383894986585 solMass / solMass
1586 10.12157707568941 solMass / solMass
1587 706.6847294073486 solMass / solMass
IsSatellite
1593 20.46801389685465 solMass / solMass
1594 63.35158633259969 solMass / solMass
1598 1559.0288792557747 solMass / solMass
1599 48.505273095093635 solMass / solMass
1602 4.3804076970181995 solMass / solMass
1603 747.932302679193 solMass / solMass
1604 742.0790688076208 solMass / solMass
IsSatellite
1607 324.36006771416294 solMass / solMass
1608 25.305122630972843 solMass / solMass
1609 205.32067204497912 solMass / solMass
1610 1056.7107365755091 solMass / solMass
IsSatellite
1612 517.1155163573477 solMass / solMass
1615 204.42849520846366 solMass / solMass
1616 505.9559191678063 solMass / solMass
1618 221.77087233727755 solMass / solMass
1619 214.48810062080256 solMass / solMass
1621 44.74904960493325 solMass / solMass
1623 480.7001929402824 solMass / solMass
1625 588.707226087828 solMass / solMass
1627 689.991704870702 solMass / solMass
1628 36.034752756026194 solMass / solMass
1629 222.4311097210506 solMass / solMass
1632 27.50711423234614 solMass / solMass
1634 509.74349535528586 solMass / solMass
1635 183.78219226005075 solMass / solMass
1642 33.18828344541368 solMass / solMass
IsSatellite
1647 580.8704989170891 solMass / solMass
1648 11.493982217142328 solMass / solMass
1654 223.80921153032108 solMass / solMass
IsSatellite
1659 344.9650466439718 solMass / solMass
IsSatellite
1661 596.0322676031374 solMass / solMass
1664 1007.9177425986701 solMass / solMass
1665 529.9819220449385 solMass / solMass
1666 67.7944132643658 solMass / solMass
IsSatellite
1668 739.5901576254803 solMass / solMass
1673 127.82843857869923 solMass / solMass
1674 272.1418867294343 solMass / solMass
1676 450.13939867774184 solMass / solMass
1678 495.975515589002 solMass / solMass
1679 620.0301228458702 solMass / solMass
1682 574.9685397002085 solMass / solMass
1683 14.38449753623733 solMass / solMass
IsSatellite
1689 639.6850626782312 solMass / solMass
1691 21.881735170740107 solMass / solMass
1692 340.6790280731002 solMass / solMass
1693 1316.8419685312151 solMass / solMass
1694 460.91344698774043 solMass / solMass
1695 460.98921400222946 solMass / solMass
1696 581.1514673148424 solMass / solMass
1697 349.3680027805752 solMass / solMass
1698 297.4207094997022 solMass / solMass
IsSatellite
1700 154.3738328910642 solMass / solMass
HaloMassEqualZero
1702 95.5460469963014 solMass / solMass
1703 518.1093372703837 solMass / solMass
1705 454.9246817977849 solMass / solMass
IsSatellite
1708 176.45242173934744 solMass / solMass
1709 353.264251154394 solMass / solMass
1712 456.7412617688365 solMass / solMass
1716 359.8291144863538 solMass / solMass
1717 66.56457791142242 solMass / solMass
1718 57.325562146593484 solMass / solMass
1724 242.50383501977478 solMass / solMass
1725 80.48128385386548 solMass / solMass
1727 165.96970638607536 solMass / solMass
1729 179.89694978427715 solMass / solMass
1730 429.97818230520727 solMass / solMass
IsSatellite
1735 260.13417401042165 solMass / solMass
IsSatellite
IsSatellite
1741 269.9755647160187 solMass / solMass
1742 1046.9436617400395 solMass / solMass
1743 671.3386507282291 solMass / solMass
1744 20.8036611609684 solMass / solMass
1745 133.81664443756347 solMass / solMass
1751 688.0844071508083 solMass / solMass
1753 12.719234681743524 solMass / solMass
1755 328.8758495187413 solMass / solMass
1756 437.17376704313085 solMass / solMass
1758 725.6489848392853 solMass / solMass
1760 991.3403261434366 solMass / solMass
1762 799.4486591593577 solMass / solMass
1766 585.1846313186852 solMass / solMass
1767 470.46161120663606 solMass / solMass
1768 1678.2596425619668 solMass / solMass
1769 526.5554482723956 solMass / solMass
1771 370.04543100353754 solMass / solMass
1772 430.0367804118292 solMass / solMass
1774 314.1642852327053 solMass / solMass
1775 570.9385916129976 solMass / solMass
1777 17.924083262187608 solMass / solMass
1780 16.348095820073866 solMass / solMass
1783 202.029735032646 solMass / solMass
IsSatellite
1786 157.89106082907685 solMass / solMass
1789 38.635590535671604 solMass / solMass
1790 779.1239853974203 solMass / solMass
1791 624.035918788982 solMass / solMass
1792 283.81363544929474 solMass / solMass
1793 249.767652624078 solMass / solMass
1796 273.18007326841393 solMass / solMass
1797 456.0054805503311 solMass / solMass
1798 66.83056471836736 solMass / solMass
1799 521.8432136593182 solMass / solMass
1800 34.92358173050183 solMass / solMass
1802 925.6280295195268 solMass / solMass
1804 14.050172300319728 solMass / solMass
IsSatellite
1806 719.768877268916 solMass / solMass
1807 1016.8312891847679 solMass / solMass
1808 266.6045519286583 solMass / solMass
1809 23.19094216805548 solMass / solMass
1813 83.90903531978333 solMass / solMass
1814 562.5319326439284 solMass / solMass
1815 466.9837204394083 solMass / solMass
1817 282.4303034906167 solMass / solMass
1823 264.96886954281655 solMass / solMass
1824 175.18775666779385 solMass / solMass
1829 1269.8577709429303 solMass / solMass
IsSatellite
1831 12.773738399580807 solMass / solMass
1832 13.602525925768328 solMass / solMass
1834 346.6134575909734 solMass / solMass
1835 1387.3202355306942 solMass / solMass
IsSatellite
1837 1548.088239040394 solMass / solMass
1838 254.40301640216384 solMass / solMass
1843 686.0532143656894 solMass / solMass
1844 1195.7478041029717 solMass / solMass
IsSatellite
1847 233.70595565894462 solMass / solMass
IsSatellite
1850 364.29668001357965 solMass / solMass
1851 1130.4947744087817 solMass / solMass
1852 283.74156517220877 solMass / solMass
1854 21.054210521907443 solMass / solMass
1855 357.90445120482576 solMass / solMass
1856 203.36050107091103 solMass / solMass
1857 773.3227081339501 solMass / solMass
1859 666.4056914021127 solMass / solMass
1860 692.361857991855 solMass / solMass
1865 427.2620660946973 solMass / solMass
1869 172.60801615624842 solMass / solMass
1870 20.69018335681043 solMass / solMass
HaloMassEqualZero
1872 962.0358793855241 solMass / solMass
1874 32.160647066060164 solMass / solMass
1876 783.0640031612902 solMass / solMass
IsSatellite
1879 255.46739054459877 solMass / solMass
1882 644.1158931706176 solMass / solMass
1883 12.744206724823774 solMass / solMass
1884 459.08338429299715 solMass / solMass
1885 639.9671460310404 solMass / solMass
1886 8.979903746653576 solMass / solMass
1889 301.6491353033401 solMass / solMass
1890 1605.252380853583 solMass / solMass
1892 1057.098857798255 solMass / solMass
1893 680.413513807649 solMass / solMass
1896 569.5375230918942 solMass / solMass
1897 858.9832666220589 solMass / solMass
1898 395.6851269907759 solMass / solMass
1900 302.63227864700076 solMass / solMass
1901 65.7894011841912 solMass / solMass
1902 321.90706957218595 solMass / solMass
1905 16.037676011767715 solMass / solMass
IsSatellite
1909 903.4523017191713 solMass / solMass
1910 425.9938928599029 solMass / solMass
1912 3782.3673639323315 solMass / solMass
1914 1475.258071107675 solMass / solMass
1917 447.9651900114882 solMass / solMass
1919 89.27357813997617 solMass / solMass
1920 71.38092834888793 solMass / solMass
1921 116.38239780360577 solMass / solMass
1922 920.9032647826867 solMass / solMass
1925 719.6674331163276 solMass / solMass
1926 1568.4036259121613 solMass / solMass
1928 381.06585811983524 solMass / solMass
1932 1452.0077148389357 solMass / solMass
1934 1392.7151258989838 solMass / solMass
1935 873.3557248225783 solMass / solMass
1938 657.5692286676431 solMass / solMass
1939 78.38070693651818 solMass / solMass
1941 813.1310914687157 solMass / solMass
1942 1945.1312782507393 solMass / solMass
1943 371.30249635985996 solMass / solMass
1945 429.1740225437373 solMass / solMass
1946 1183.3200374732216 solMass / solMass
1949 1094.9046984507872 solMass / solMass
1950 1057.6507761495702 solMass / solMass
1952 578.2362254536699 solMass / solMass
1958 615.9159082962923 solMass / solMass
1959 78.53393009829806 solMass / solMass
1963 42469.02012141272 solMass / solMass
1964 366.20988112110894 solMass / solMass
1966 667.5506950453133 solMass / solMass
IsSatellite
1970 641.9599424880727 solMass / solMass
1973 880.5603028951684 solMass / solMass
1974 56.97110995312519 solMass / solMass
1975 662.2845277979748 solMass / solMass
1976 508.00535606645497 solMass / solMass
1977 505.01365396721206 solMass / solMass
IsSatellite
1979 467.1842921376209 solMass / solMass
1981 1470.1726197070698 solMass / solMass
1983 590.2500014534298 solMass / solMass
1985 1174.9947183476881 solMass / solMass
1986 1462.3704282653944 solMass / solMass
1987 23.52129910992638 solMass / solMass
1988 2265.74727030069 solMass / solMass
1989 462.3057219585212 solMass / solMass
1990 16.400758784599553 solMass / solMass
1992 374.5755939105 solMass / solMass
1994 300.1436562453209 solMass / solMass
IsSatellite
1996 719.5571324667051 solMass / solMass
1997 355.80327135537397 solMass / solMass
1998 286.96495174579957 solMass / solMass
2000 674.7840121711823 solMass / solMass
2001 673.214990880452 solMass / solMass
2002 829.5596324070729 solMass / solMass
2004 1169.8059462475358 solMass / solMass
2006 307.5288264247392 solMass / solMass
IsSatellite
2010 580.1546799864091 solMass / solMass
2011 810.0958728334907 solMass / solMass
2012 1416.0168921542952 solMass / solMass
2014 429.1422131249028 solMass / solMass
2017 722.4859072447757 solMass / solMass
2018 0.0 solMass / solMass
2019 766.0361166914863 solMass / solMass
2020 1330.000765988758 solMass / solMass
2022 38.31203100830537 solMass / solMass
2025 68.69679176180759 solMass / solMass
IsSatellite
2027 289.9268678531091 solMass / solMass
2028 1320.1839419315154 solMass / solMass
2030 431.38997153161495 solMass / solMass
2031 212.71206632113075 solMass / solMass
2033 1836.7751325834224 solMass / solMass
IsSatellite
2042 601.2101811635014 solMass / solMass
2043 1242.899116786685 solMass / solMass
2044 166.38074248293148 solMass / solMass
2046 893.1748939340561 solMass / solMass
2047 993.9521084486761 solMass / solMass
2048 1548.5887434414224 solMass / solMass
2049 98.69121124595726 solMass / solMass
2050 22.167091140788433 solMass / solMass
2051 549.7704891670285 solMass / solMass
2053 399.30311020022566 solMass / solMass
2054 18182.22726018837 solMass / solMass
2055 585.292325735108 solMass / solMass
2056 701.9629632076361 solMass / solMass
2057 372.73398789292855 solMass / solMass
2062 29.951059179089185 solMass / solMass
2063 486.3535375203006 solMass / solMass
2064 692.8008986979391 solMass / solMass
2065 261.2380959707805 solMass / solMass
2066 20.786785517459382 solMass / solMass
2067 610.7342369707158 solMass / solMass
IsSatellite
2070 581.7231442157988 solMass / solMass
2071 2.667242135410462 solMass / solMass
2072 660.9068660441179 solMass / solMass
IsSatellite
HaloMassEqualZero
2076 1254.0954821995872 solMass / solMass
HaloMassEqualZero
2079 738.8017653325195 solMass / solMass
2080 923.0435956345997 solMass / solMass
2081 822.6425621952673 solMass / solMass
IsSatellite
2083 69.46492653207517 solMass / solMass
2085 770.6491466808773 solMass / solMass
2088 123.83581330205132 solMass / solMass
2090 648.2384528863339 solMass / solMass
2091 870.7188271077664 solMass / solMass
2092 678.3763088822034 solMass / solMass
2093 1079.4520043051832 solMass / solMass
2096 96.08302215023645 solMass / solMass
IsSatellite
2099 463.25785062636754 solMass / solMass
2100 1300.2689912001208 solMass / solMass
2101 794.3020949943748 solMass / solMass
IsSatellite
2103 672.9936514885527 solMass / solMass
2110 10.497537228914585 solMass / solMass
2111 2353.877685185776 solMass / solMass
2118 52.625109458280946 solMass / solMass
2119 23.507868705918547 solMass / solMass
2120 80.14656624306299 solMass / solMass
2121 388.0052732747342 solMass / solMass
2123 560.8463398576324 solMass / solMass
2126 607.1517467103092 solMass / solMass
2127 956.1774333043936 solMass / solMass
2129 436.93167861007214 solMass / solMass
2131 738.621763976291 solMass / solMass
2132 2204.898117144377 solMass / solMass
IsSatellite
2140 845.0849130963484 solMass / solMass
2145 109.98231352938743 solMass / solMass
2146 105.05682300801853 solMass / solMass
2147 3023.6662408915786 solMass / solMass
2148 106.39300362069517 solMass / solMass
2149 226.87244719415023 solMass / solMass
2153 94.34181393063822 solMass / solMass
2154 7.138578250075399 solMass / solMass
2155 117.04777757610663 solMass / solMass
2156 1360.2956247466154 solMass / solMass
2157 1336.045897849393 solMass / solMass
2158 966.1167149892517 solMass / solMass
2159 2029.9247945170725 solMass / solMass
2161 813.9920069392175 solMass / solMass
2162 293.8775556583012 solMass / solMass
2163 212.95115456461764 solMass / solMass
2164 400.04011181827116 solMass / solMass
2165 600.2049234035089 solMass / solMass
2167 460.0366368239445 solMass / solMass
IsSatellite
IsSatellite
IsSatellite
2179 27.003949824837562 solMass / solMass
2180 1432.850694831157 solMass / solMass
2181 417.4190891051566 solMass / solMass
2186 0.0 solMass / solMass
2187 92.73420423929679 solMass / solMass
2191 407.40556158380406 solMass / solMass
2192 400.6755209571819 solMass / solMass
2193 1633.1528453716264 solMass / solMass
2194 96.42255155944954 solMass / solMass
2197 72.47989810670755 solMass / solMass
IsSatellite
IsSatellite
IsSatellite
2201 2718.3679822108675 solMass / solMass
2204 837.075076619401 solMass / solMass
2206 669.9564875379233 solMass / solMass
2208 155.9554051954502 solMass / solMass
2209 426.33722927819986 solMass / solMass
2212 1293.9879738584873 solMass / solMass
2214 40.47733419224442 solMass / solMass
2216 713.5784508917168 solMass / solMass
2217 1721.227506834712 solMass / solMass
2218 38.85655012848646 solMass / solMass
2219 11789.708121111333 solMass / solMass
IsSatellite
2227 246.9390921405011 solMass / solMass
2228 91.72249446515818 solMass / solMass
2229 1493.8998135061775 solMass / solMass
2230 550.6938032844896 solMass / solMass
2232 693.6757987963591 solMass / solMass
2234 10.611369824673481 solMass / solMass
IsSatellite
2236 629.8862107527826 solMass / solMass
2238 161.9896531310937 solMass / solMass
2239 14.20405228950105 solMass / solMass
2242 1574.5701648719014 solMass / solMass
2245 549.6382574511183 solMass / solMass
2250 28.94936477240716 solMass / solMass
IsSatellite
IsSatellite
2253 95.1932583172346 solMass / solMass
2254 76.04325848699472 solMass / solMass
2256 1530.5820006394001 solMass / solMass
2259 248.5827443135153 solMass / solMass
2260 262.46956444425433 solMass / solMass
2262 534.3603758035204 solMass / solMass
2263 22.23000158908694 solMass / solMass
2264 364.969842419709 solMass / solMass
2265 831.9795980873209 solMass / solMass
2267 3475.2176465976186 solMass / solMass
2268 604.6597404296973 solMass / solMass
2271 349.5534271808348 solMass / solMass
2272 557.8048405542718 solMass / solMass
2274 435.5547560393283 solMass / solMass
2275 47.58763719695624 solMass / solMass
2276 55.28285089679105 solMass / solMass
2277 27.035838540736936 solMass / solMass
2278 1098.8364108584274 solMass / solMass
IsSatellite
IsSatellite
2285 747.9748475705898 solMass / solMass
2286 125.51651191558814 solMass / solMass
2288 17.04928047209505 solMass / solMass
2289 1634.400442649115 solMass / solMass
IsSatellite
2291 5.792392787517067 solMass / solMass
2294 1588.303026369936 solMass / solMass
2295 232.56581583175554 solMass / solMass
2296 410.1769048917615 solMass / solMass
2297 72.09599919176047 solMass / solMass
2298 80.96785498185751 solMass / solMass
2303 964.1716526011886 solMass / solMass
2309 455.8998118981867 solMass / solMass
2311 1808.063384506956 solMass / solMass
2312 54.12084304923044 solMass / solMass
2313 2048.123938863528 solMass / solMass
2314 62.81425522625992 solMass / solMass
2315 28.979038824461153 solMass / solMass
2316 803.9971266381295 solMass / solMass
IsSatellite
2319 293.1830852780095 solMass / solMass
2320 704.0765450248173 solMass / solMass
2321 1155.6576267976527 solMass / solMass
2322 115.91545532252844 solMass / solMass
2323 116.9370952216559 solMass / solMass
2325 281.78413856566596 solMass / solMass
IsSatellite
2328 661.183662860129 solMass / solMass
2329 1555.6572071375724 solMass / solMass
IsSatellite
2333 839.4745490871883 solMass / solMass
2334 54.43990074716698 solMass / solMass
2335 1122.3999718297537 solMass / solMass
2337 308.83396498737557 solMass / solMass
2339 225.035334663292 solMass / solMass
2341 393.1704490666518 solMass / solMass
2343 2041.3155909991879 solMass / solMass
2344 231.12326563026076 solMass / solMass
IsSatellite
2346 26.51774585009395 solMass / solMass
2347 121.30771025654516 solMass / solMass
2348 98.94626060688863 solMass / solMass
2350 12.1219653682077 solMass / solMass
2351 155.0614102888672 solMass / solMass
2353 633.0264247108028 solMass / solMass
2354 1482.2088417182156 solMass / solMass
2359 2047.364661994816 solMass / solMass
2360 842.8560630371538 solMass / solMass
2361 942.454827061639 solMass / solMass
2366 132.16052163388468 solMass / solMass
2367 477.3624307507734 solMass / solMass
2368 0.9608277587524517 solMass / solMass
IsSatellite
2373 717.8814223873195 solMass / solMass
IsSatellite
2377 727.0997812819265 solMass / solMass
2378 1896.3879579739319 solMass / solMass
2379 527.727746008426 solMass / solMass
2380 211.44787789298428 solMass / solMass
2386 120.33736171364149 solMass / solMass
2387 681.751090873532 solMass / solMass
2388 339.84805501908596 solMass / solMass
2389 132.95882680855226 solMass / solMass
HaloMassEqualZero
2391 260.03142531104925 solMass / solMass
2394 904.5162099487377 solMass / solMass
IsSatellite
IsSatellite
IsSatellite
2402 342.8011648510004 solMass / solMass
2403 2021.42863391999 solMass / solMass
2405 125.6015053763113 solMass / solMass
2409 855.5994661658067 solMass / solMass
2410 903.9427983114773 solMass / solMass
2411 444.7758297738683 solMass / solMass
2416 491.17334223007265 solMass / solMass
2420 1276.4479483997418 solMass / solMass
2421 1031.2908049717971 solMass / solMass
2422 1106.3920830253107 solMass / solMass
IsSatellite
2424 588.2780055645818 solMass / solMass
2428 504.8310993113281 solMass / solMass
2429 1220.9282402538502 solMass / solMass
2434 1830.4769893409516 solMass / solMass
2435 955.1502736758446 solMass / solMass
2436 31.89236729417912 solMass / solMass
2438 1887.4526707011246 solMass / solMass
2440 130.65093114510492 solMass / solMass
2441 1817.9318468741908 solMass / solMass
2443 1215.5386602904769 solMass / solMass
2444 1044.6220514754123 solMass / solMass
2450 1014.4956126066232 solMass / solMass
2451 7.529361392885924 solMass / solMass
IsSatellite
IsSatellite
2454 205.74161638474519 solMass / solMass
IsSatellite
2457 1109.3669647164013 solMass / solMass
2458 1362.7864780296113 solMass / solMass
2459 1190.0246561736583 solMass / solMass
2461 350.9281505934656 solMass / solMass
2462 1213.5219537763367 solMass / solMass
2468 498.79935939148834 solMass / solMass
2469 1254.4616679059895 solMass / solMass
2470 1523.935833468993 solMass / solMass
2471 2142.1283077319936 solMass / solMass
2472 649.8394955199493 solMass / solMass
2474 24.62469119617703 solMass / solMass
2475 2356.09629618408 solMass / solMass
2478 489.73793197139867 solMass / solMass
2481 352.4476285590823 solMass / solMass
IsSatellite
2487 377.81348667905917 solMass / solMass
2488 1579.3728659778512 solMass / solMass
2492 754.4361579236364 solMass / solMass
2493 954.1687065141296 solMass / solMass
2494 708.4271404717125 solMass / solMass
2495 175.2286586470948 solMass / solMass
2497 240.7612470254507 solMass / solMass
2500 649.0083725630466 solMass / solMass
2502 742.4638619738123 solMass / solMass
2503 116.6476004779626 solMass / solMass
2504 5.349567540254571 solMass / solMass
2506 1608.4394039433766 solMass / solMass
2508 12.54304643330639 solMass / solMass
2513 1506.2163358901967 solMass / solMass
2517 928.6634891974307 solMass / solMass
2518 665.4445851379053 solMass / solMass
2519 126.51553394207052 solMass / solMass
2520 977.4520578550113 solMass / solMass
2521 2163.893547134235 solMass / solMass
2525 1155.8330350410365 solMass / solMass
2528 33.73331196031571 solMass / solMass
2529 6.606048113885656 solMass / solMass
2532 46.953445245937196 solMass / solMass
2535 1712.4835602726187 solMass / solMass
2536 932.4981670225466 solMass / solMass
2537 137.70630639278875 solMass / solMass
2538 1104.5770326710758 solMass / solMass
2539 2.8135331580823775 solMass / solMass
2541 80.80005290881716 solMass / solMass
2542 71275.37574998096 solMass / solMass
2546 1737.3923596951572 solMass / solMass
2548 1536.1072669028692 solMass / solMass
IsSatellite
IsSatellite
2553 2378.5431962387424 solMass / solMass
2554 1002.0632147541642 solMass / solMass
2555 15.975455644781148 solMass / solMass
IsSatellite
2557 10.507131416546343 solMass / solMass
2558 240.50520837014352 solMass / solMass
IsSatellite
2561 628.14172462939 solMass / solMass
2562 1080.2023492555977 solMass / solMass
2563 70.29277595931082 solMass / solMass
2575 372.7751952688112 solMass / solMass
IsSatellite
2579 2224.549235702649 solMass / solMass
2580 219.60276098355888 solMass / solMass
2581 1161.8559604249217 solMass / solMass
2582 21.23326378318744 solMass / solMass
2584 967.304101975647 solMass / solMass
2585 560.6101002558689 solMass / solMass
2586 100.64138322812845 solMass / solMass
2587 39.70217759542304 solMass / solMass
IsSatellite
IsSatellite
2592 2344.7478301888796 solMass / solMass
IsSatellite
IsSatellite
2598 22.434191549275816 solMass / solMass
2599 7.380042147624904 solMass / solMass
2601 345.86862048264834 solMass / solMass
2603 687.2580392225644 solMass / solMass
2604 25.728304150754738 solMass / solMass
2611 293.1586102121269 solMass / solMass
2614 66.8363920921511 solMass / solMass
2617 1568.594936379878 solMass / solMass
2619 598.015948098255 solMass / solMass
2621 1017.2157033805261 solMass / solMass
IsSatellite
2624 1304.8843417539715 solMass / solMass
HaloMassEqualZero
IsSatellite
IsSatellite
2634 121.23390692999646 solMass / solMass
2635 1920.8099736061172 solMass / solMass
2637 23.964860046955486 solMass / solMass
2638 1474.3906123854836 solMass / solMass
2639 699.0379665219482 solMass / solMass
2641 440.3109680486835 solMass / solMass
2643 763.5261831656225 solMass / solMass
2644 183.9153723275371 solMass / solMass
2646 21.598374237778938 solMass / solMass
2648 969.1668229069652 solMass / solMass
2649 905.9129706519346 solMass / solMass
2650 809.0732825378678 solMass / solMass
2652 726.4609422265427 solMass / solMass
2653 1371.084399740693 solMass / solMass
IsSatellite
2655 941.9123719815868 solMass / solMass
2656 1944.6602375998082 solMass / solMass
2662 162.24643466695653 solMass / solMass
2663 2242.8832234978745 solMass / solMass
2666 655.2178406682361 solMass / solMass
2668 452.9688771688421 solMass / solMass
2669 11030.917811802105 solMass / solMass
2674 762.184685857863 solMass / solMass
2675 1262.7531761486564 solMass / solMass
2678 1902.1550578636877 solMass / solMass
2679 1727.5061455166688 solMass / solMass
2680 1013.8381229846273 solMass / solMass
2682 1083.209620740464 solMass / solMass
2683 1344.7678248810546 solMass / solMass
2686 548.89189857359 solMass / solMass
IsSatellite
2690 2159.0808847661697 solMass / solMass
IsSatellite
2696 1791.9457531854089 solMass / solMass
2698 1118.4714783536574 solMass / solMass
2699 11.746568873865368 solMass / solMass
2701 745.5019334114432 solMass / solMass
2702 1114.9905259753439 solMass / solMass
2703 952.1318538315059 solMass / solMass
HaloMassEqualZero
2711 367.0019479467852 solMass / solMass
2712 1961.2141184521686 solMass / solMass
2715 31.728778388728315 solMass / solMass
2716 155.31477164718885 solMass / solMass
2718 1024.225840869816 solMass / solMass
2720 52.62418119174465 solMass / solMass
2722 18677.597509689258 solMass / solMass
2723 386.5324393390104 solMass / solMass
2724 2911.360766915467 solMass / solMass
2731 18.28727699726996 solMass / solMass
2732 1580.3314769980263 solMass / solMass
2733 259.19834841081956 solMass / solMass
2734 141.1440205174079 solMass / solMass
2735 13.946612419910597 solMass / solMass
2737 937.9187767750294 solMass / solMass
2739 766.4691431632907 solMass / solMass
2744 846.938537841011 solMass / solMass
2746 44.35416443466582 solMass / solMass
IsSatellite
2748 548.1998896456342 solMass / solMass
2749 10.370801037678953 solMass / solMass
IsSatellite
2751 34.01473129096479 solMass / solMass
2752 448.4062733187422 solMass / solMass
IsSatellite
2754 74.11039012719552 solMass / solMass
2755 38.6222031532777 solMass / solMass
2756 1313.5425558127931 solMass / solMass
2757 428.0634047022878 solMass / solMass
2758 573.3439708398355 solMass / solMass
2759 20.897535292243866 solMass / solMass
2761 496.45955227619976 solMass / solMass
2762 922.3163681156358 solMass / solMass
2763 468.5975568483402 solMass / solMass
2764 1049.8901183228586 solMass / solMass
2771 81.03840369773248 solMass / solMass
2773 129.47656271069488 solMass / solMass
2774 1001.2738336249995 solMass / solMass
2775 1077.833694907705 solMass / solMass
2776 725.0469397938864 solMass / solMass
2777 99.52053330818683 solMass / solMass
2778 1074.2484752457756 solMass / solMass
2779 2161.8732269957973 solMass / solMass
2780 1348.386915747807 solMass / solMass
2781 1520.77344392067 solMass / solMass
2782 859.6985817496243 solMass / solMass
IsSatellite
2785 8.850856757168543 solMass / solMass
2786 82.61109600223844 solMass / solMass
2787 1067.8283075215218 solMass / solMass
2790 1081.163870691886 solMass / solMass
IsSatellite
2795 1644.6559726900293 solMass / solMass
2798 786.2235259675087 solMass / solMass
2799 1968.1847416837113 solMass / solMass
2800 2151.448217703385 solMass / solMass
2801 311.49347377164844 solMass / solMass
2803 182.56658893123182 solMass / solMass
2804 1286.5413853987468 solMass / solMass
2806 615.1517729404349 solMass / solMass
2807 193.91232395632935 solMass / solMass
2812 103.13976788642348 solMass / solMass
2813 2978.0118381702255 solMass / solMass
2814 90.0079189915475 solMass / solMass
2815 24.765238186341048 solMass / solMass
2816 263.13015789846935 solMass / solMass
IsSatellite
2818 1247.2059829555544 solMass / solMass
2819 1936.2220861463793 solMass / solMass
2820 24.269877151025234 solMass / solMass
2823 738.4567750984174 solMass / solMass
2824 798.5435578680227 solMass / solMass
2826 1610.180631200472 solMass / solMass
2829 25.07077891150055 solMass / solMass
2830 13.113944901128647 solMass / solMass
HaloMassEqualZero
2833 22350.651593649145 solMass / solMass
2834 1874.0205032036447 solMass / solMass
2838 910.4224762305828 solMass / solMass
2839 819.5511053053214 solMass / solMass
2840 1339.5990187314112 solMass / solMass
2841 1370.5895133186418 solMass / solMass
2842 1495.8308150763085 solMass / solMass
2843 1228.743458909062 solMass / solMass
2844 562.110610730021 solMass / solMass
2848 16.501025762525288 solMass / solMass
2851 759.566044705024 solMass / solMass
2852 578.3307471508389 solMass / solMass
2855 1145.9588344989818 solMass / solMass
2856 2841.486604897248 solMass / solMass
2857 1204.789901591065 solMass / solMass
2858 303.0254036857279 solMass / solMass
2859 5.691331284679516 solMass / solMass
2860 39.74258284315991 solMass / solMass
2861 9.720306278634224 solMass / solMass
IsSatellite
2865 3268.9548161968582 solMass / solMass
2867 536.200508506021 solMass / solMass
IsSatellite
2872 1783.8590521327887 solMass / solMass
2877 177.58527291605986 solMass / solMass
2878 4175.582681781002 solMass / solMass
2879 2388.3316622058073 solMass / solMass
2882 573.5366089299581 solMass / solMass
2883 16172.521142184354 solMass / solMass
2885 1216.9918864699944 solMass / solMass
2888 756.2333931364377 solMass / solMass
HaloMassEqualZero
2891 2146.231134072127 solMass / solMass
2894 34.881473435525706 solMass / solMass
2895 1680.9618515643479 solMass / solMass
2897 1032.5941113310275 solMass / solMass
2898 305.72621578203854 solMass / solMass
2899 1290.83462091427 solMass / solMass
2900 623.1595689604266 solMass / solMass
2903 139.2059585899555 solMass / solMass
2905 609.0821497126509 solMass / solMass
2906 389.89298631840575 solMass / solMass
2907 1976.5290520940255 solMass / solMass
2908 31.546194255530665 solMass / solMass
2911 2294.6170651421307 solMass / solMass
IsSatellite
2914 581.162402866703 solMass / solMass
2916 995.9321546376729 solMass / solMass
2917 4504.875208133107 solMass / solMass
2922 386.2917704173341 solMass / solMass
2925 537.1494162837911 solMass / solMass
2927 1299.6417641028243 solMass / solMass
2928 1190.7063889292858 solMass / solMass
2929 2399.261536314417 solMass / solMass
2932 3191.5580462934972 solMass / solMass
IsSatellite
2936 46.90623090619616 solMass / solMass
2938 69.36331997894052 solMass / solMass
2940 1414.8004175296091 solMass / solMass
2941 481.40100815948637 solMass / solMass
2942 2200.3781242718046 solMass / solMass
IsSatellite
2946 1862.5437461861745 solMass / solMass
2949 973.5703880715254 solMass / solMass
2952 3071.0833437636375 solMass / solMass
2955 7.549441001989305 solMass / solMass
2956 39.99059857309755 solMass / solMass
2958 1528.5962786064342 solMass / solMass
2959 380.6046717172666 solMass / solMass
2961 1745.012428890237 solMass / solMass
2967 41.25383845246894 solMass / solMass
2968 560.7534182152006 solMass / solMass
2969 567.5792555061613 solMass / solMass
2972 1173.4381866020856 solMass / solMass
2973 61.23066320251754 solMass / solMass
2974 689.9849436877859 solMass / solMass
2979 2583.406257516816 solMass / solMass
2982 921.9191780732256 solMass / solMass
2983 1340.5700898634452 solMass / solMass
2984 329.2590224250777 solMass / solMass
2986 534.0611283321368 solMass / solMass
2988 886.4798404925665 solMass / solMass
IsSatellite
IsSatellite
IsSatellite
IsSatellite
2996 1157.5369777313176 solMass / solMass
2997 708.8388331287067 solMass / solMass
2998 668.976923269103 solMass / solMass
2999 14.512591018587235 solMass / solMass
123AllDone123
