yt : [INFO     ] 2017-07-27 10:58:45,803 Parameters: current_time              = 4.93026193134e+16
yt : [INFO     ] 2017-07-27 10:58:45,804 Parameters: domain_dimensions         = [2 2 2]
yt : [INFO     ] 2017-07-27 10:58:45,804 Parameters: domain_left_edge          = [ 0.  0.  0.]
yt : [INFO     ] 2017-07-27 10:58:45,805 Parameters: domain_right_edge         = [  2.67042632e+25   2.67042632e+25   2.67042632e+25]
yt : [INFO     ] 2017-07-27 10:58:45,805 Parameters: cosmological_simulation   = 1
yt : [INFO     ] 2017-07-27 10:58:45,805 Parameters: current_redshift          = 3.99999995243
yt : [INFO     ] 2017-07-27 10:58:45,805 Parameters: omega_lambda              = 0.712
yt : [INFO     ] 2017-07-27 10:58:45,805 Parameters: omega_matter              = 0.288
yt : [INFO     ] 2017-07-27 10:58:45,805 Parameters: hubble_constant           = 0.6933
yt : [INFO     ] 2017-07-27 10:58:45,919 Parameters: current_time              = 207.4344968178
yt : [INFO     ] 2017-07-27 10:58:45,919 Parameters: domain_dimensions         = [128 128 128]
yt : [INFO     ] 2017-07-27 10:58:45,920 Parameters: domain_left_edge          = [ 0.  0.  0.]
yt : [INFO     ] 2017-07-27 10:58:45,920 Parameters: domain_right_edge         = [ 1.  1.  1.]
yt : [INFO     ] 2017-07-27 10:58:45,921 Parameters: cosmological_simulation   = 1
yt : [INFO     ] 2017-07-27 10:58:45,921 Parameters: current_redshift          = 3.9999999524287
yt : [INFO     ] 2017-07-27 10:58:45,921 Parameters: omega_lambda              = 0.712
yt : [INFO     ] 2017-07-27 10:58:45,921 Parameters: omega_matter              = 0.288
yt : [INFO     ] 2017-07-27 10:58:45,921 Parameters: hubble_constant           = 0.6933
yt : [INFO     ] 2017-07-27 10:58:45,924 Allocating for 9.284e+03 particles (index particle type 'all')
yt : [INFO     ] 2017-07-27 10:58:45,930 Identified 3.225e+03 octs
IsSatellite
IsSatellite
IsSatellite
IsSatellite
IsSatellite
98 6.636342873076941 solMass / solMass
99 2.018491246865263 solMass / solMass
100 1.1018495461333218 solMass / solMass
IsSatellite
105 3.415799245037549 solMass / solMass
108 8.61323090593183 solMass / solMass
IsSatellite
117 3.5193620201337517 solMass / solMass
119 5.015675443742265 solMass / solMass
124 6.880769398572308 solMass / solMass
127 3.9291330425915962 solMass / solMass
139 1.469200622353921 solMass / solMass
141 1.5125020612924192 solMass / solMass
142 46.6486369925089 solMass / solMass
155 27.987464457106952 solMass / solMass
156 7.4237875149214485 solMass / solMass
159 20.55155250885248 solMass / solMass
162 23.088852415391557 solMass / solMass
169 9.458395317731817 solMass / solMass
172 13.100176794505153 solMass / solMass
173 11.716437406499464 solMass / solMass
181 7.846591927503419 solMass / solMass
186 1.7904480866493466 solMass / solMass
187 16.43906733434465 solMass / solMass
188 10.303696841173345 solMass / solMass
193 16.62635643873593 solMass / solMass
IsSatellite
199 4.728310853762018 solMass / solMass
200 2.8777389652678593 solMass / solMass
202 14.309632332587286 solMass / solMass
203 93.24610826672308 solMass / solMass
207 60.536198336925395 solMass / solMass
210 5.680199538012418 solMass / solMass
211 4.141226101966911 solMass / solMass
213 5.144146008121811 solMass / solMass
220 4.923877980266629 solMass / solMass
222 5.481101164801307 solMass / solMass
223 20.13539676202612 solMass / solMass
225 123.71352440641361 solMass / solMass
226 4.823079719403871 solMass / solMass
229 132.09827090993622 solMass / solMass
230 32.456556075769164 solMass / solMass
232 1.2714282997689408 solMass / solMass
234 14.302789337912655 solMass / solMass
241 124.27254292639662 solMass / solMass
243 23.850045780716545 solMass / solMass
245 34.84796567786763 solMass / solMass
248 5.026705311273222 solMass / solMass
249 7.598689629681661 solMass / solMass
250 3.7117669160001894 solMass / solMass
251 70.15568118946334 solMass / solMass
255 47.877421257823336 solMass / solMass
256 57.34240924888063 solMass / solMass
258 26.335137501278187 solMass / solMass
263 57.15124077621657 solMass / solMass
264 76.77902405350042 solMass / solMass
266 9.278976719614468 solMass / solMass
267 163.9686386689697 solMass / solMass
271 3.7907784010569188 solMass / solMass
272 56.90678249977128 solMass / solMass
274 28.02666385703449 solMass / solMass
276 35.32110922325667 solMass / solMass
278 9.199711351362804 solMass / solMass
281 16.16372157879879 solMass / solMass
283 28.821679999908213 solMass / solMass
284 173.65456728823574 solMass / solMass
290 17.926683769505004 solMass / solMass
296 42.257929570941876 solMass / solMass
297 29.58881647460467 solMass / solMass
298 10.76368007507169 solMass / solMass
299 2.0143648205107767 solMass / solMass
301 21.314151053086313 solMass / solMass
302 51.22288605217419 solMass / solMass
303 92.54025795811967 solMass / solMass
307 14.485293920881915 solMass / solMass
308 6.848542609778483 solMass / solMass
309 80.31180748809398 solMass / solMass
311 25.789594855636963 solMass / solMass
319 58.075957551704064 solMass / solMass
321 3.498009346144384 solMass / solMass
322 35.42158993956688 solMass / solMass
323 1.8344166616927386 solMass / solMass
324 223.70838626771777 solMass / solMass
325 1.9777805732981106 solMass / solMass
327 62.34538496817421 solMass / solMass
330 40.362450804219115 solMass / solMass
332 37.159050844192386 solMass / solMass
333 79.84117230369264 solMass / solMass
335 26.049135256752287 solMass / solMass
338 8.524715246549583 solMass / solMass
339 2.0839744974122145 solMass / solMass
344 37.49654012217548 solMass / solMass
347 25.096340818300188 solMass / solMass
348 61.27992931288325 solMass / solMass
350 31.838058818537547 solMass / solMass
354 71.82671818955686 solMass / solMass
355 25.806016529543626 solMass / solMass
359 13.267652439096674 solMass / solMass
360 28.514207182752173 solMass / solMass
361 25.94353022254481 solMass / solMass
362 5.811833664078268 solMass / solMass
363 40.54800278999576 solMass / solMass
366 136.92448784107057 solMass / solMass
367 7.758182010542206 solMass / solMass
370 295.85886606129327 solMass / solMass
373 9.510122574829929 solMass / solMass
376 29.075230407720586 solMass / solMass
377 88.6074644960023 solMass / solMass
381 9.212082113844614 solMass / solMass
382 11.48339413460887 solMass / solMass
384 51.13969088615594 solMass / solMass
386 3.530993477965037 solMass / solMass
387 28.692048966111564 solMass / solMass
388 38.25719318216133 solMass / solMass
389 7.314524282616001 solMass / solMass
392 38.03799196674476 solMass / solMass
400 44.5645442973838 solMass / solMass
413 2.6180499330059632 solMass / solMass
417 6.107709704607837 solMass / solMass
419 2.3151015630087812 solMass / solMass
420 119.55370224450917 solMass / solMass
426 1.8460861992086604 solMass / solMass
428 11.459087471645951 solMass / solMass
431 14.860536797922075 solMass / solMass
432 174.16849722735017 solMass / solMass
IsSatellite
437 351.9603955991599 solMass / solMass
438 21.175247796061104 solMass / solMass
441 32.22455964907855 solMass / solMass
448 298.9308541805804 solMass / solMass
450 44.57430079139695 solMass / solMass
IsSatellite
453 35.60770639762438 solMass / solMass
460 67.44933681238723 solMass / solMass
462 59.125022050337606 solMass / solMass
465 20.03809059136329 solMass / solMass
469 103.40784134773723 solMass / solMass
480 13.001237956880635 solMass / solMass
481 10.508083800248066 solMass / solMass
485 42.944314678927164 solMass / solMass
490 2.743548995538182 solMass / solMass
492 44.89602247478179 solMass / solMass
494 420.5292767048186 solMass / solMass
496 24.079403908976353 solMass / solMass
497 58.992696869241286 solMass / solMass
498 10.898544377619768 solMass / solMass
500 14.578022596105821 solMass / solMass
502 74.1164764909829 solMass / solMass
503 27.156935084720395 solMass / solMass
506 64.43489502426822 solMass / solMass
508 71.70773218856891 solMass / solMass
509 177.4050577693081 solMass / solMass
511 50.42103276150128 solMass / solMass
513 33.94064563723822 solMass / solMass
514 120.5837562372529 solMass / solMass
515 268.66986430616504 solMass / solMass
519 1.7289715642882484 solMass / solMass
522 130.2092501578458 solMass / solMass
527 63.935002138578525 solMass / solMass
530 1.9330558979423438 solMass / solMass
532 27.206628442916852 solMass / solMass
534 87.6942159337397 solMass / solMass
536 59.178593650185796 solMass / solMass
538 110.79177723793588 solMass / solMass
539 89.17437114526881 solMass / solMass
541 249.861173778698 solMass / solMass
542 14.46324770560302 solMass / solMass
545 18.687754506777495 solMass / solMass
549 96.62966863078559 solMass / solMass
550 395.8252810538877 solMass / solMass
551 19.56417573451832 solMass / solMass
555 110.46526298882907 solMass / solMass
557 106.40721417334935 solMass / solMass
559 123.21798873924878 solMass / solMass
561 10.662768902349734 solMass / solMass
563 19.2878339089999 solMass / solMass
564 3.882350093447352 solMass / solMass
568 247.02950604055164 solMass / solMass
574 13.544178740463776 solMass / solMass
575 541.2489851488424 solMass / solMass
581 70.61032640867941 solMass / solMass
586 63.946401747881424 solMass / solMass
588 73.26226757024455 solMass / solMass
592 487.93763667400077 solMass / solMass
IsSatellite
597 26.683443711105564 solMass / solMass
598 86.7351954812565 solMass / solMass
599 28.694731818926023 solMass / solMass
601 97.80309820613364 solMass / solMass
602 574.6897149501921 solMass / solMass
603 66.95569141006813 solMass / solMass
604 254.4025546668454 solMass / solMass
605 1.6516987632482425 solMass / solMass
607 226.07956406543633 solMass / solMass
612 83.65022715008908 solMass / solMass
621 2.2420912391882064 solMass / solMass
IsSatellite
625 247.15462636125037 solMass / solMass
627 12.221258924970485 solMass / solMass
628 183.2691087997096 solMass / solMass
632 198.28071002992996 solMass / solMass
633 118.59494233646572 solMass / solMass
634 82.55061664961235 solMass / solMass
635 90.93223931956904 solMass / solMass
639 34.91214509939891 solMass / solMass
641 116.74157786893915 solMass / solMass
644 37.19566819818641 solMass / solMass
646 256.8129096543715 solMass / solMass
647 98.89786707881142 solMass / solMass
648 10.426872762833781 solMass / solMass
651 3.929010352039877 solMass / solMass
652 43.51932558855041 solMass / solMass
653 76.63762999692851 solMass / solMass
IsSatellite
664 18.2178637464223 solMass / solMass
665 3.720380613632155 solMass / solMass
668 2.9641332203081725 solMass / solMass
669 40.8036452178946 solMass / solMass
670 26.083882938172277 solMass / solMass
671 130.23243788375424 solMass / solMass
675 336.3606456111538 solMass / solMass
683 214.84977581303428 solMass / solMass
685 214.57858218412605 solMass / solMass
688 53.13333979155174 solMass / solMass
690 6.182273204527726 solMass / solMass
691 32.42456885966525 solMass / solMass
693 27.339225682736306 solMass / solMass
695 11.954056249758038 solMass / solMass
698 108.91396496019838 solMass / solMass
699 1.0085102306145162 solMass / solMass
701 29.628667703973615 solMass / solMass
702 38.19848841955538 solMass / solMass
703 7.6878562301732325 solMass / solMass
705 95.97056246330567 solMass / solMass
708 16.71909427127105 solMass / solMass
710 58.96601888038407 solMass / solMass
713 25.054936143549057 solMass / solMass
714 96.06832391148757 solMass / solMass
718 84.22336578349473 solMass / solMass
719 7.145841544459128 solMass / solMass
720 4.991380780299907 solMass / solMass
723 135.49753296770393 solMass / solMass
725 124.00756409248201 solMass / solMass
727 248.59049620609935 solMass / solMass
730 116.0724971914903 solMass / solMass
732 43.124000274387605 solMass / solMass
733 167.7058123013244 solMass / solMass
735 8.18621536732977 solMass / solMass
737 27.205275467187132 solMass / solMass
738 293.98786102492073 solMass / solMass
739 36.901691413776014 solMass / solMass
742 15.787841444278977 solMass / solMass
751 570.1416510679651 solMass / solMass
754 46.55787618995836 solMass / solMass
757 12.954236667856758 solMass / solMass
758 3.922599657254328 solMass / solMass
759 90.64229368088338 solMass / solMass
765 141.9514078621826 solMass / solMass
IsSatellite
767 447.43985386888136 solMass / solMass
768 50.31808287073789 solMass / solMass
769 358.5890080627236 solMass / solMass
770 44.217885377568166 solMass / solMass
775 31.322773716139878 solMass / solMass
777 125.51050244172544 solMass / solMass
781 110.28494429024961 solMass / solMass
784 33.1110005744535 solMass / solMass
785 427.2907612890089 solMass / solMass
788 162.33071566909996 solMass / solMass
789 73.93938064627746 solMass / solMass
792 47.18439287997598 solMass / solMass
IsSatellite
800 40.34571154668132 solMass / solMass
803 363.2588295724032 solMass / solMass
805 156.81119105773683 solMass / solMass
806 22.56746152967272 solMass / solMass
807 127.85567097213963 solMass / solMass
809 112.72345278885 solMass / solMass
810 90.28140189931915 solMass / solMass
811 120.64913028798779 solMass / solMass
816 108.97837925983312 solMass / solMass
817 914.440070600987 solMass / solMass
818 216.7260035828132 solMass / solMass
821 38.973113089470104 solMass / solMass
822 48.856153867506244 solMass / solMass
824 254.0150624045846 solMass / solMass
827 36.896946994960864 solMass / solMass
828 36.01463633273931 solMass / solMass
829 14.394637238136912 solMass / solMass
831 12.189463512304949 solMass / solMass
833 149.5609989842579 solMass / solMass
835 26.388533196307687 solMass / solMass
837 422.4929339021983 solMass / solMass
838 114.53436324088185 solMass / solMass
841 26.681567356359672 solMass / solMass
842 32.51451501991431 solMass / solMass
847 182.2655646198929 solMass / solMass
853 146.4210644848447 solMass / solMass
854 1043.4947238737557 solMass / solMass
855 107.39004043454113 solMass / solMass
858 9015.451564162628 solMass / solMass
861 54.98979215406875 solMass / solMass
IsSatellite
869 154.04729820234107 solMass / solMass
873 82.08683606967251 solMass / solMass
875 443.71853837318093 solMass / solMass
877 89.36901269698171 solMass / solMass
881 217.0102508375273 solMass / solMass
882 467.14372737207873 solMass / solMass
884 116.57035685360466 solMass / solMass
886 322.3152001492507 solMass / solMass
887 14.376740121933508 solMass / solMass
892 1015.920734978601 solMass / solMass
898 63.684702694424765 solMass / solMass
902 35.554381583138905 solMass / solMass
903 6.354674539786578 solMass / solMass
906 151.7267998181301 solMass / solMass
907 42.364061420234385 solMass / solMass
IsSatellite
909 26.633847480577632 solMass / solMass
914 47.6234009216363 solMass / solMass
915 7.307317519013884 solMass / solMass
918 19.616205298020695 solMass / solMass
919 646.7290935237182 solMass / solMass
IsSatellite
922 29.578880112631854 solMass / solMass
925 340.3575714803041 solMass / solMass
928 58.9812347763822 solMass / solMass
929 33.23870935919084 solMass / solMass
930 946.5586238365817 solMass / solMass
IsSatellite
934 7.474180100634642 solMass / solMass
943 13.478549793381978 solMass / solMass
945 351.8669027642666 solMass / solMass
946 118.4814003977051 solMass / solMass
947 17.710390506547913 solMass / solMass
948 4.275279114074745 solMass / solMass
955 14.038921730392842 solMass / solMass
958 25.96847831254696 solMass / solMass
962 285.7984823685129 solMass / solMass
963 925.102884324688 solMass / solMass
972 459.7408757724849 solMass / solMass
973 449.26766388853594 solMass / solMass
974 2.922023437178846 solMass / solMass
IsSatellite
977 32.073311456003005 solMass / solMass
978 223.5250347369831 solMass / solMass
980 21.258332530332385 solMass / solMass
983 78.41852218061487 solMass / solMass
984 1.707400964009423 solMass / solMass
985 158.7768807768509 solMass / solMass
986 195.89982218732143 solMass / solMass
988 9.572832173283404 solMass / solMass
990 277.0949104682415 solMass / solMass
993 681.3448676296892 solMass / solMass
994 220.81729242784704 solMass / solMass
995 77.77380631880405 solMass / solMass
997 46.1864796262838 solMass / solMass
1000 13.785776540188001 solMass / solMass
1001 71.4826950635263 solMass / solMass
1003 54.093335498962176 solMass / solMass
1005 66.07177467881017 solMass / solMass
1006 466.61000548496474 solMass / solMass
1007 66.57115628777736 solMass / solMass
1008 69.05503285670912 solMass / solMass
1011 35.97800559092546 solMass / solMass
1012 164.10266674614348 solMass / solMass
1013 76.73209083453541 solMass / solMass
1017 13.207859875036231 solMass / solMass
1018 41.593794917880366 solMass / solMass
1019 57.13578351929068 solMass / solMass
1020 678.1511728815509 solMass / solMass
1021 127.26544528823985 solMass / solMass
1024 24.56413248827554 solMass / solMass
1026 21.844577595168868 solMass / solMass
IsSatellite
1029 76.14869808397894 solMass / solMass
1030 182.59473327467805 solMass / solMass
1032 57.26109225823307 solMass / solMass
1034 2.839649185069682 solMass / solMass
1035 87.93419888985659 solMass / solMass
1036 278.5524034038195 solMass / solMass
1038 41.24666467248592 solMass / solMass
1039 61.36812517170934 solMass / solMass
1040 22.942720522639846 solMass / solMass
1041 12.224820456468272 solMass / solMass
1042 533.3792485475078 solMass / solMass
IsSatellite
1045 50.68347176786076 solMass / solMass
1049 113.91802839398275 solMass / solMass
1050 47.03328695127975 solMass / solMass
1052 60.10141216964658 solMass / solMass
1053 193.73414274960967 solMass / solMass
1055 131.2628348606112 solMass / solMass
1057 121.63001493683663 solMass / solMass
1059 92.26142942044015 solMass / solMass
1061 345.1704838203704 solMass / solMass
1062 27.126050161274147 solMass / solMass
1063 182.21338233637493 solMass / solMass
1064 123.34990872654235 solMass / solMass
1066 491.27160770218325 solMass / solMass
1070 468.118193478975 solMass / solMass
1074 133.9659387228764 solMass / solMass
1075 75.76547793453842 solMass / solMass
IsSatellite
1080 153.96228613242516 solMass / solMass
1082 247.88239347744346 solMass / solMass
1084 3.9152667825528584 solMass / solMass
1089 135.66136762137904 solMass / solMass
1090 92.10821751071255 solMass / solMass
IsSatellite
1092 325.8287916707455 solMass / solMass
1094 48.14408759903392 solMass / solMass
1097 240.4192091127455 solMass / solMass
1098 12.154721516638633 solMass / solMass
1099 60.8541297704551 solMass / solMass
1103 94.45947116166852 solMass / solMass
1104 57.79611055057845 solMass / solMass
IsSatellite
1106 114.87451949403359 solMass / solMass
1107 28.899157179684547 solMass / solMass
IsSatellite
IsSatellite
1111 44.57148107954275 solMass / solMass
1112 444.56930222743483 solMass / solMass
1114 157.2827853155251 solMass / solMass
1115 474.6607693535612 solMass / solMass
1129 63.643653982011294 solMass / solMass
1131 4.500146275560016 solMass / solMass
1134 493.9047813344378 solMass / solMass
1136 233.1825987482835 solMass / solMass
1138 90.74081255475231 solMass / solMass
1140 585.2640827071486 solMass / solMass
1141 15.551881569684172 solMass / solMass
1143 282.5569625603106 solMass / solMass
1146 106.48991603466716 solMass / solMass
1147 4.381836930774893 solMass / solMass
1151 13.204356054284446 solMass / solMass
1154 33.15138729785184 solMass / solMass
1155 33.365967028362206 solMass / solMass
1157 9.810289997223265 solMass / solMass
1158 28.490388376223432 solMass / solMass
1159 40.431309129621816 solMass / solMass
1160 53.90923003386991 solMass / solMass
1161 58.21779593208053 solMass / solMass
1162 159.0427967518901 solMass / solMass
1166 85.81157480938364 solMass / solMass
1167 427.2149874041055 solMass / solMass
1169 42.57952493356214 solMass / solMass
1170 106.72554288593777 solMass / solMass
1172 206.16481554693829 solMass / solMass
1176 90.84390688279953 solMass / solMass
1180 37.788198252980074 solMass / solMass
1181 1.4432167263776452 solMass / solMass
1182 31.728327236983144 solMass / solMass
HaloMassEqualZero
1185 32.56771276669859 solMass / solMass
1187 257.68058697461566 solMass / solMass
1188 1973.7122817594675 solMass / solMass
1189 13.273820435211814 solMass / solMass
1193 812.2794533693784 solMass / solMass
IsSatellite
1195 672.1241149636646 solMass / solMass
1199 201.1840774665459 solMass / solMass
1201 26.557668347173966 solMass / solMass
1202 216.02808332618602 solMass / solMass
IsSatellite
1204 293.0336803939342 solMass / solMass
1205 138.1530142370336 solMass / solMass
1206 81.25454664933704 solMass / solMass
1209 173.3583656967547 solMass / solMass
1210 21.474722276272296 solMass / solMass
1211 30.081859924282412 solMass / solMass
1213 595.2289518331766 solMass / solMass
1224 169.4746920815415 solMass / solMass
1225 575.9684152811911 solMass / solMass
1226 237.40142537747712 solMass / solMass
1229 153.99032420908694 solMass / solMass
1230 15.756296939603745 solMass / solMass
1232 91.14415198724463 solMass / solMass
1233 52.873531813231935 solMass / solMass
1235 10.56370923214942 solMass / solMass
1238 14.632168557391038 solMass / solMass
1239 14.403787038216809 solMass / solMass
1243 22.83729781341559 solMass / solMass
1249 124.103669895194 solMass / solMass
1250 154.88898621824862 solMass / solMass
1253 13.380540580931786 solMass / solMass
1254 27.493866706039224 solMass / solMass
1255 1270.5272740102812 solMass / solMass
IsSatellite
1258 54.63561238705014 solMass / solMass
1266 248.67626890498835 solMass / solMass
IsSatellite
1268 1457.770625170991 solMass / solMass
1269 45.592617508710966 solMass / solMass
1270 584.0919285159333 solMass / solMass
1271 100.34815424653571 solMass / solMass
1274 32.28782512134851 solMass / solMass
1277 532.7536294066193 solMass / solMass
1278 1011.2184825022144 solMass / solMass
1280 863.7315219859547 solMass / solMass
1282 461.3910118080226 solMass / solMass
1285 284.79696221605747 solMass / solMass
1286 232.33715462278155 solMass / solMass
1288 256.524449435479 solMass / solMass
1289 1660.7334791531607 solMass / solMass
1291 88.3950521658849 solMass / solMass
1294 693.3644216424544 solMass / solMass
1295 436.3697157440442 solMass / solMass
1299 49.52132480616784 solMass / solMass
1303 288.8289035425877 solMass / solMass
1305 641.5496114152874 solMass / solMass
1306 192.53529360280623 solMass / solMass
1309 673.4120783743851 solMass / solMass
1312 225.8649740399495 solMass / solMass
1315 111.94144198075436 solMass / solMass
1316 139.40623017666488 solMass / solMass
1318 825.2996066719202 solMass / solMass
1322 219.47501425832652 solMass / solMass
1324 664.5862045056957 solMass / solMass
1325 127.67820074989741 solMass / solMass
1326 95.43894335353488 solMass / solMass
1327 90.8821796865895 solMass / solMass
1330 835.7895621623896 solMass / solMass
1332 78.60811355526576 solMass / solMass
1335 197.3669035766277 solMass / solMass
1336 177.7075701164636 solMass / solMass
1341 76.72563048621784 solMass / solMass
1344 531.3063832361051 solMass / solMass
1347 31.935236848600276 solMass / solMass
1349 349.53918976691193 solMass / solMass
1350 72.12912822435938 solMass / solMass
1352 85.04341468876747 solMass / solMass
IsSatellite
1356 116.32189558179279 solMass / solMass
1357 109.74058065212206 solMass / solMass
1358 687.1046241292024 solMass / solMass
1359 51.4144435340065 solMass / solMass
IsSatellite
1364 515.0680521990954 solMass / solMass
1366 1048.5737995210186 solMass / solMass
1367 113.00683382196505 solMass / solMass
1371 43.77399570420146 solMass / solMass
1377 13.827718647961362 solMass / solMass
1379 42.865026590908066 solMass / solMass
1381 505.7876835465543 solMass / solMass
1384 115.88727867519893 solMass / solMass
1385 52.1228883092163 solMass / solMass
IsSatellite
1387 393.8451213109986 solMass / solMass
1391 233.8089236544482 solMass / solMass
1392 300.570397938997 solMass / solMass
1394 0.0 solMass / solMass
1395 60.702317233654334 solMass / solMass
1397 43.058096394714404 solMass / solMass
1398 75.26479221015367 solMass / solMass
1399 213.70991796649824 solMass / solMass
1400 984.3067514721041 solMass / solMass
1401 988.2959696346752 solMass / solMass
1402 212.7840784628774 solMass / solMass
1404 172.72733338355567 solMass / solMass
1405 76.82760903357297 solMass / solMass
1406 19.669254877835506 solMass / solMass
1409 75.14098717335713 solMass / solMass
1412 51.474764109389916 solMass / solMass
1414 461.2736381871122 solMass / solMass
1415 21.231406808469988 solMass / solMass
1416 28.39103979320364 solMass / solMass
1420 18.63460756182815 solMass / solMass
1422 47.5947696912301 solMass / solMass
1428 89.0536046124327 solMass / solMass
1431 128.98150778479746 solMass / solMass
1432 335.2180711540242 solMass / solMass
1435 107.66140930209482 solMass / solMass
1441 169.70960381415418 solMass / solMass
1442 333.3886673488428 solMass / solMass
1443 215.20335861981533 solMass / solMass
1444 299.92817493968545 solMass / solMass
1446 34.300349041298865 solMass / solMass
1447 337.53931155576896 solMass / solMass
1452 2154.399988566397 solMass / solMass
1454 1525.4935689719807 solMass / solMass
1456 194.07975448377118 solMass / solMass
1458 2380.0297696969055 solMass / solMass
1463 747.6264220870634 solMass / solMass
1468 63.24129434037397 solMass / solMass
1472 220.1686789652481 solMass / solMass
HaloMassEqualZero
IsSatellite
1479 280.19657405352893 solMass / solMass
1481 124.8491340367995 solMass / solMass
1485 160.36430181983653 solMass / solMass
IsSatellite
1492 43.01051724120786 solMass / solMass
IsSatellite
1497 295.4248760264072 solMass / solMass
1499 991.2169482769513 solMass / solMass
1500 14.305794585366483 solMass / solMass
1501 12.646555529222805 solMass / solMass
1502 425.25006805889365 solMass / solMass
1503 13.039282197789934 solMass / solMass
1505 1950.902759397827 solMass / solMass
1511 105.86309218160095 solMass / solMass
1513 10.329759130636848 solMass / solMass
1515 217.16436658572218 solMass / solMass
1516 8.739137578615262 solMass / solMass
1517 235.17523260844223 solMass / solMass
1518 86.98194085789956 solMass / solMass
1519 666.6276872687368 solMass / solMass
1521 109.2976264538952 solMass / solMass
1522 412.3551908029232 solMass / solMass
1523 367.5615496813526 solMass / solMass
1524 129.53264591700477 solMass / solMass
1525 259.88249900758416 solMass / solMass
1526 61.13707980784649 solMass / solMass
1527 33.99121347922482 solMass / solMass
1528 328.817339117788 solMass / solMass
1529 65.41578175159006 solMass / solMass
1530 124.75753410058961 solMass / solMass
1531 234.07282078359526 solMass / solMass
1536 212.92577983613424 solMass / solMass
1539 9.397531049796621 solMass / solMass
1540 12.979934241634195 solMass / solMass
1542 559.4535785019426 solMass / solMass
1549 35.78439977960522 solMass / solMass
1550 4734.851220739044 solMass / solMass
1551 77.54045388700133 solMass / solMass
1553 107.35525612041818 solMass / solMass
1554 49.03829169545304 solMass / solMass
1559 345.78527508237073 solMass / solMass
1560 100.22116535501347 solMass / solMass
1562 1384.9745371481358 solMass / solMass
1564 122.45599875719367 solMass / solMass
1565 698.0973301420477 solMass / solMass
1566 32.152141222530894 solMass / solMass
1567 3.9103519193106195 solMass / solMass
1569 411.7298870693194 solMass / solMass
1572 359.79812285789524 solMass / solMass
1580 10.239722526915534 solMass / solMass
1582 856.4307594076951 solMass / solMass
1583 333.0482028674132 solMass / solMass
1585 260.02655265625737 solMass / solMass
1586 76.64417785848885 solMass / solMass
1587 489.4641999676096 solMass / solMass
1588 36.10079359480401 solMass / solMass
1592 2131.113408101272 solMass / solMass
1593 2.745658592099413 solMass / solMass
1595 118.07733013617421 solMass / solMass
1597 105.78411677229313 solMass / solMass
1599 988.9835257112856 solMass / solMass
1600 25.4262552970209 solMass / solMass
1602 27.75567199907281 solMass / solMass
1604 3.114167299262598 solMass / solMass
1606 110.08415684627037 solMass / solMass
1609 270.50929988097926 solMass / solMass
1611 100.14256368633694 solMass / solMass
1612 44.472849793016344 solMass / solMass
1614 1322.9740652042574 solMass / solMass
1616 4.909835822200245 solMass / solMass
1617 969.7359922579956 solMass / solMass
1618 272.45421477956495 solMass / solMass
1621 0.9795704283654041 solMass / solMass
1622 519.599623327494 solMass / solMass
1623 42.50250845142749 solMass / solMass
1624 802.953166470821 solMass / solMass
1625 1234.4429149645432 solMass / solMass
1630 96.69952539036464 solMass / solMass
1631 165.01260724472857 solMass / solMass
1635 133.05835947707394 solMass / solMass
1636 15.752119171320048 solMass / solMass
1637 147.43728229588578 solMass / solMass
1639 33.83750676706682 solMass / solMass
1640 1234.001674466256 solMass / solMass
1642 404.14716974487686 solMass / solMass
1643 24.057531689634263 solMass / solMass
1647 1032.077541462002 solMass / solMass
1649 786.8919567168672 solMass / solMass
IsSatellite
1651 69.43008469227803 solMass / solMass
1652 520.156261528809 solMass / solMass
1658 2527.510047409376 solMass / solMass
1659 334.02440341398614 solMass / solMass
1661 1065.2133757344916 solMass / solMass
IsSatellite
1663 140.99719240897372 solMass / solMass
1665 281.54605190904755 solMass / solMass
1670 117.42497162751796 solMass / solMass
1676 147.46911610699635 solMass / solMass
1680 119.09350382628838 solMass / solMass
IsSatellite
1682 112.34912485458486 solMass / solMass
1686 748.6945351368784 solMass / solMass
1690 47.371012890274514 solMass / solMass
1691 455.2555340950996 solMass / solMass
1694 8.511598287579089 solMass / solMass
1699 1927.7239594871555 solMass / solMass
1707 292.7416317492526 solMass / solMass
1708 15.096788830005332 solMass / solMass
1711 1685.8023033494974 solMass / solMass
1712 26.53230516653164 solMass / solMass
1714 41.25022993688841 solMass / solMass
1715 2061.5678480251063 solMass / solMass
1716 153.3636223796311 solMass / solMass
1717 263.63291326260435 solMass / solMass
1718 263.74583040498794 solMass / solMass
1721 330.8575732283872 solMass / solMass
1723 107.685125799492 solMass / solMass
1725 511.7063831051839 solMass / solMass
1727 854.186230270508 solMass / solMass
1729 14.331679465746413 solMass / solMass
1732 136.12345488601514 solMass / solMass
1733 176.08002838103164 solMass / solMass
1735 64.42604417023013 solMass / solMass
1736 370.6234915741912 solMass / solMass
1739 22.889237512783264 solMass / solMass
1740 148.98446880963016 solMass / solMass
1742 730.6779215019518 solMass / solMass
1743 481.0797825653503 solMass / solMass
1745 6.551055637179349 solMass / solMass
1746 484.28130182166814 solMass / solMass
1749 512.7896566623062 solMass / solMass
1751 175.85811036225238 solMass / solMass
1753 547.7806765075601 solMass / solMass
1754 129.29633805305377 solMass / solMass
1756 249.75147547478494 solMass / solMass
1757 112.53777137333535 solMass / solMass
1758 305.4226713767619 solMass / solMass
IsSatellite
1760 282.4294907644824 solMass / solMass
1762 64.88450744657978 solMass / solMass
1763 806.3773774570221 solMass / solMass
1773 473.4899858235149 solMass / solMass
1775 23.97245734347745 solMass / solMass
1778 97.37793300654278 solMass / solMass
1780 411.27532682101537 solMass / solMass
1781 691.6729023386875 solMass / solMass
1782 130.1954846746451 solMass / solMass
1785 258.07403891085323 solMass / solMass
1786 94.96086666252243 solMass / solMass
1787 365.31539884052 solMass / solMass
1788 219.36751048777924 solMass / solMass
1793 1160.8836775161149 solMass / solMass
1794 2821.731546907987 solMass / solMass
1796 11.925980595109685 solMass / solMass
1797 3228.935872380725 solMass / solMass
1798 57.451605038111474 solMass / solMass
1799 55.975125189946915 solMass / solMass
1807 189.65511074061692 solMass / solMass
1808 174.63130386810812 solMass / solMass
1809 151.79406417695822 solMass / solMass
1810 712.8967492046818 solMass / solMass
1811 341.1237872115199 solMass / solMass
1812 263.55014698027543 solMass / solMass
1815 371.78048277850155 solMass / solMass
1817 565.9327541608665 solMass / solMass
1818 1065.4562476427284 solMass / solMass
1819 1733.402380742532 solMass / solMass
1822 56.855145617443014 solMass / solMass
IsSatellite
1827 467.37779500506707 solMass / solMass
IsSatellite
1831 4953.026548237518 solMass / solMass
1834 49.34997602048303 solMass / solMass
1838 395.2176039702992 solMass / solMass
1839 1055.4095177603454 solMass / solMass
1840 232.47997085168814 solMass / solMass
1841 962.4971368024114 solMass / solMass
IsSatellite
1844 690.3960811496718 solMass / solMass
IsSatellite
1847 208.54404745340221 solMass / solMass
1848 866.9982507415326 solMass / solMass
1851 95.29590497990762 solMass / solMass
1853 80.07375475883852 solMass / solMass
1854 191.2154418610934 solMass / solMass
1856 0.4309412149724368 solMass / solMass
IsSatellite
1861 6.532917268718133 solMass / solMass
1862 89.9688080712761 solMass / solMass
HaloMassEqualZero
1866 994.0771132748861 solMass / solMass
1867 1486.6602104555795 solMass / solMass
1868 93.17726479579798 solMass / solMass
1869 3054.5235808465363 solMass / solMass
1870 147.06200271113718 solMass / solMass
1872 1204.742031385215 solMass / solMass
1873 3190.3605303050463 solMass / solMass
1874 22.07333801269851 solMass / solMass
1878 1012.4640798494199 solMass / solMass
1881 464.13904416495154 solMass / solMass
1882 175.1735994249825 solMass / solMass
1883 89.07099832871566 solMass / solMass
1886 191.38299687267624 solMass / solMass
1887 141.6949225779949 solMass / solMass
1888 385.3212353389486 solMass / solMass
1889 798.8239566377435 solMass / solMass
IsSatellite
1893 2783.6610710921864 solMass / solMass
1902 135.53477732882882 solMass / solMass
IsSatellite
1906 1198.0021204455297 solMass / solMass
1909 329.8162657067318 solMass / solMass
1911 661.0763786882479 solMass / solMass
1912 588.889985230532 solMass / solMass
1913 217.293474590755 solMass / solMass
1914 127.2745825645132 solMass / solMass
HaloMassEqualZero
1918 170.52555423729513 solMass / solMass
1919 269.0937530003661 solMass / solMass
1921 3109.102510277623 solMass / solMass
1922 1443.510243151437 solMass / solMass
1923 42.59028565686467 solMass / solMass
IsSatellite
1928 178.03503890291424 solMass / solMass
1930 1259.2087093423715 solMass / solMass
1936 716.7091892557868 solMass / solMass
IsSatellite
1940 672.1883292321124 solMass / solMass
1942 606.549262145563 solMass / solMass
1943 300.0476969587855 solMass / solMass
1946 23.284740704006825 solMass / solMass
1947 156.35120965251642 solMass / solMass
IsSatellite
1951 124.57785174631167 solMass / solMass
1952 165.6795656056559 solMass / solMass
1953 144.91724424926593 solMass / solMass
1954 54.91359054690468 solMass / solMass
1960 130.7827043309001 solMass / solMass
1968 61.986140848432484 solMass / solMass
1969 4051.1011087431807 solMass / solMass
1971 261.1914741432008 solMass / solMass
1972 12.332915930610856 solMass / solMass
1974 81.58811882885797 solMass / solMass
1975 307.8078337806252 solMass / solMass
1976 243.9438695709633 solMass / solMass
1977 270.0231395940777 solMass / solMass
1978 471.9996035703277 solMass / solMass
1979 139.71588632432753 solMass / solMass
1980 214.4356426305735 solMass / solMass
1983 637.6148617748432 solMass / solMass
1984 409.1998533167191 solMass / solMass
1985 152.5169809323706 solMass / solMass
IsSatellite
IsSatellite
1992 93.80460491325786 solMass / solMass
1993 190.45011553427383 solMass / solMass
1994 5.845262911151203 solMass / solMass
IsSatellite
2002 27.527334179779487 solMass / solMass
2007 39.37589508343901 solMass / solMass
IsSatellite
2010 904.3164147819963 solMass / solMass
IsSatellite
2012 1392.8440268746601 solMass / solMass
2017 979.9947900818657 solMass / solMass
2021 85.11531123634774 solMass / solMass
2023 10.277862847504291 solMass / solMass
2024 199.7450374665886 solMass / solMass
2026 307.1291200645157 solMass / solMass
2029 7.556265890925147 solMass / solMass
2030 350.25086866099986 solMass / solMass
2032 0.7151746002859133 solMass / solMass
2037 25.941606797163214 solMass / solMass
2039 42.59109101487786 solMass / solMass
2040 257.28310047141684 solMass / solMass
2047 19.147515159204552 solMass / solMass
2051 2101.1253725069514 solMass / solMass
2055 32.32296447388433 solMass / solMass
2058 128.78026511614738 solMass / solMass
2060 164.61525907550933 solMass / solMass
2063 65.94897174909784 solMass / solMass
2064 1217.3643581712956 solMass / solMass
2067 2970.3560978375003 solMass / solMass
2068 3658.187214584306 solMass / solMass
2069 482.8517542713432 solMass / solMass
2073 3082.160879819155 solMass / solMass
2076 17.30747701849526 solMass / solMass
2082 876.5037544250769 solMass / solMass
IsSatellite
2084 120.6773515461372 solMass / solMass
2085 171.9322996034413 solMass / solMass
2088 2195.2632432248424 solMass / solMass
2089 2073.2029008482637 solMass / solMass
2091 394.58946780693407 solMass / solMass
2092 557.5536013484245 solMass / solMass
2096 526.2508623825522 solMass / solMass
2100 271.4015351386835 solMass / solMass
2101 122.22391258458907 solMass / solMass
2102 1179.095857801809 solMass / solMass
2103 479.39578642569785 solMass / solMass
2104 178.79277741944315 solMass / solMass
2107 1632.2091626273225 solMass / solMass
2109 189.43897995069702 solMass / solMass
2111 42.985722824394664 solMass / solMass
2112 348.1316886363624 solMass / solMass
2113 595.9897002274862 solMass / solMass
2114 250.12375684590012 solMass / solMass
2117 131.38485386184075 solMass / solMass
2118 2486.2175788262566 solMass / solMass
2119 3028.6529851878217 solMass / solMass
2121 414.78317193302126 solMass / solMass
2122 1248.9643851421974 solMass / solMass
2123 461.9058165032282 solMass / solMass
2124 108.07552142105709 solMass / solMass
IsSatellite
2133 22.916529693798772 solMass / solMass
2135 1763.1273109411366 solMass / solMass
IsSatellite
2141 205.95458790711723 solMass / solMass
2143 99.99740446999868 solMass / solMass
2144 5109.481024813826 solMass / solMass
2146 746.7798020747186 solMass / solMass
IsSatellite
2152 557.003236997014 solMass / solMass
2153 54.21562074423454 solMass / solMass
2154 6.818068523510625 solMass / solMass
2156 2381.046509004469 solMass / solMass
2157 2.7813918637065935 solMass / solMass
2160 196.47873644766565 solMass / solMass
2162 735.1842309834594 solMass / solMass
2169 419.3348877940409 solMass / solMass
2170 391.13669548891994 solMass / solMass
2171 49.83671423081074 solMass / solMass
2172 623.4368566625462 solMass / solMass
2173 630.8985917823978 solMass / solMass
2177 48.045449876242145 solMass / solMass
IsSatellite
IsSatellite
2183 806.330700069872 solMass / solMass
2187 48.1668654700826 solMass / solMass
2189 233.6817364678009 solMass / solMass
2190 125.4613510581622 solMass / solMass
2193 70.77297804938031 solMass / solMass
2198 453.3042965958 solMass / solMass
2199 39.11080746985835 solMass / solMass
2200 555.2283235588355 solMass / solMass
2205 190.26353912625294 solMass / solMass
2208 321.4580446679139 solMass / solMass
2209 1107.1374340109705 solMass / solMass
2215 213.83262522345473 solMass / solMass
2216 110.50467014514727 solMass / solMass
2218 221.3664478687086 solMass / solMass
2219 528.3922185260583 solMass / solMass
2220 394.8703268202124 solMass / solMass
2221 804.4687217585971 solMass / solMass
2222 169.1752092510978 solMass / solMass
2225 1943.6286535276356 solMass / solMass
2226 60.15203332817559 solMass / solMass
2227 694.9863185980571 solMass / solMass
2228 408.2246713017376 solMass / solMass
2229 332.6979632717659 solMass / solMass
2233 104.95718790747691 solMass / solMass
2238 504.92206062847197 solMass / solMass
2239 122.78495437818536 solMass / solMass
IsSatellite
2253 22.631359072565022 solMass / solMass
2256 244.47485026361883 solMass / solMass
IsSatellite
HaloMassEqualZero
2263 329.5036582179378 solMass / solMass
IsSatellite
2268 152.96913864701398 solMass / solMass
IsSatellite
2271 18.65286924688188 solMass / solMass
2273 539.3361131401998 solMass / solMass
2274 338.3359640020109 solMass / solMass
2275 9178.055358909964 solMass / solMass
2281 2889.8207658080755 solMass / solMass
2284 104.39156878863491 solMass / solMass
2285 614.8550105882259 solMass / solMass
IsSatellite
2287 55.945990911748595 solMass / solMass
2288 517.6990050491909 solMass / solMass
2290 1714.076845992775 solMass / solMass
2292 251.48620315815924 solMass / solMass
2294 29.893143249383844 solMass / solMass
2296 199.3270342935354 solMass / solMass
2298 531.1948258102237 solMass / solMass
2301 2316.714828814896 solMass / solMass
2305 19.79015874287444 solMass / solMass
2306 309.25301929215243 solMass / solMass
2307 448.3160238899489 solMass / solMass
2310 363.3428459473362 solMass / solMass
2311 3692.615485990777 solMass / solMass
2312 360.9976723489878 solMass / solMass
2316 14.214080730082955 solMass / solMass
2317 691.3625246367616 solMass / solMass
2318 20.717284592883477 solMass / solMass
2319 437.8886083372794 solMass / solMass
2323 493.7289028458273 solMass / solMass
2325 43.678789506893665 solMass / solMass
2326 1298.8770255676 solMass / solMass
2327 383.5807729072033 solMass / solMass
2329 457.3054769938944 solMass / solMass
2332 346.64989037105033 solMass / solMass
2335 453.35670233380336 solMass / solMass
2337 453.5976941298395 solMass / solMass
2339 29.64827651504382 solMass / solMass
2343 85.66839640617457 solMass / solMass
2346 34.60048285753572 solMass / solMass
HaloMassEqualZero
2350 542.5854890997426 solMass / solMass
2352 40.24821596969384 solMass / solMass
2353 4818.889082053821 solMass / solMass
2354 413.1432685578827 solMass / solMass
2356 70.72189323153565 solMass / solMass
2358 471.0736180932045 solMass / solMass
2360 1129.4306677675686 solMass / solMass
2361 482.1625358981269 solMass / solMass
2363 15.780490211646889 solMass / solMass
2364 626.054399099239 solMass / solMass
2365 60.45768530646622 solMass / solMass
2366 887.3069128173547 solMass / solMass
2367 12.131314685265862 solMass / solMass
2368 297.5172757510377 solMass / solMass
2370 727.0857712021956 solMass / solMass
2371 14.982308590827637 solMass / solMass
2377 74.3320760607336 solMass / solMass
2378 1698.9995526428518 solMass / solMass
2379 51.81973924538129 solMass / solMass
2382 749.9026764039845 solMass / solMass
2383 494.0494155913659 solMass / solMass
2385 160.2103298358008 solMass / solMass
2386 3653.1131301327373 solMass / solMass
2387 75.56798173962693 solMass / solMass
2388 10.55237694853249 solMass / solMass
2389 375.063905830085 solMass / solMass
2391 846.7658401191462 solMass / solMass
2392 1565.5117786156432 solMass / solMass
2395 457.58441311731633 solMass / solMass
2397 121.53395811316645 solMass / solMass
IsSatellite
2404 229.73952497660613 solMass / solMass
2405 2294.4681957697667 solMass / solMass
2406 2817.2384628677364 solMass / solMass
2409 960.8496595133404 solMass / solMass
2410 61.59239176173264 solMass / solMass
2411 1752.6096229912957 solMass / solMass
2416 12.784342081328083 solMass / solMass
2418 38.05564054432568 solMass / solMass
2419 17.649598455481787 solMass / solMass
2420 2662.8442066913567 solMass / solMass
2422 614.7957626480514 solMass / solMass
2423 108.82717961442317 solMass / solMass
2424 690.9647802962348 solMass / solMass
2425 180.74448429160515 solMass / solMass
2427 6.799691997360506 solMass / solMass
2428 490.42414162802123 solMass / solMass
IsSatellite
2430 1108.1946382533033 solMass / solMass
2431 954.7706271173531 solMass / solMass
2432 1498.3966582008688 solMass / solMass
2434 731.0478402218737 solMass / solMass
2436 441.4627010265906 solMass / solMass
2438 1569.3718615982698 solMass / solMass
2439 360.1387187755607 solMass / solMass
2440 36.68123815895225 solMass / solMass
2441 107.67360056839614 solMass / solMass
2442 188.61836336932106 solMass / solMass
2445 100.79393024976892 solMass / solMass
2447 423.64779661152903 solMass / solMass
2453 365.57013525238193 solMass / solMass
2455 482.01221200884186 solMass / solMass
2457 570.6598130023914 solMass / solMass
2458 26.31103270603501 solMass / solMass
2459 6.089038486105427 solMass / solMass
2460 43.29499903165743 solMass / solMass
2461 660.3394216922719 solMass / solMass
2462 42.006732864848836 solMass / solMass
2464 108.49929811284782 solMass / solMass
2466 405.88383883581355 solMass / solMass
2467 28.111832041257372 solMass / solMass
2469 17.63967712252758 solMass / solMass
2470 3772.094548829716 solMass / solMass
2471 445.61807085053744 solMass / solMass
2472 134.04127552018258 solMass / solMass
2473 421.735393262205 solMass / solMass
2474 18.122452946484955 solMass / solMass
2475 139.64726169024763 solMass / solMass
2476 2100.8626036286864 solMass / solMass
2477 278.8525575101074 solMass / solMass
2478 32.32611610883545 solMass / solMass
2479 93.17058622981409 solMass / solMass
2480 16.99170472043322 solMass / solMass
2482 223.07192484316332 solMass / solMass
2483 294.37511311856144 solMass / solMass
2488 195.5347951459518 solMass / solMass
2491 2160.970112577687 solMass / solMass
2492 3742.191164523407 solMass / solMass
2494 783.6480694775493 solMass / solMass
2495 4340.212778497905 solMass / solMass
2496 120.93610690315948 solMass / solMass
2499 15.166507584801444 solMass / solMass
2500 85.29184818522778 solMass / solMass
2501 652.8457283007529 solMass / solMass
2502 31.00230225785693 solMass / solMass
2503 149.4853709594006 solMass / solMass
2504 26.295016359354648 solMass / solMass
2505 61.002246399482296 solMass / solMass
2506 359.223790165597 solMass / solMass
2507 31.133159514624545 solMass / solMass
2508 91.07787884135595 solMass / solMass
2510 1022.8843641762082 solMass / solMass
2511 53.511743769663816 solMass / solMass
2512 668.7160420845556 solMass / solMass
2513 907.9102121418848 solMass / solMass
2514 123.11951401438577 solMass / solMass
2516 79.87753438049869 solMass / solMass
2517 1730.7356576919087 solMass / solMass
2520 338.2887352464761 solMass / solMass
2522 197.6014627656687 solMass / solMass
2523 24.527268311967646 solMass / solMass
2525 4032.8475736189475 solMass / solMass
2526 4877.108678428245 solMass / solMass
2528 107.91239530788256 solMass / solMass
2529 299.1145050224632 solMass / solMass
2530 670.101747361982 solMass / solMass
2534 40.87986119780017 solMass / solMass
2542 316.8330537910262 solMass / solMass
2544 2.698612318125511 solMass / solMass
2545 760.0113658760105 solMass / solMass
2547 4722.426469162018 solMass / solMass
2548 200.97600222867771 solMass / solMass
2549 811.7065973439425 solMass / solMass
2551 52.72642525010791 solMass / solMass
2552 235.78131595432833 solMass / solMass
2554 63.379330470090366 solMass / solMass
2557 23.2884648727746 solMass / solMass
2558 782.8772937581857 solMass / solMass
2560 1667.4747361890782 solMass / solMass
2561 3810.0222356813833 solMass / solMass
2562 32.73208301018938 solMass / solMass
2565 61.44066628809902 solMass / solMass
2566 422.57342245780717 solMass / solMass
IsSatellite
2569 233.17937172805614 solMass / solMass
2571 467.6533789472452 solMass / solMass
2574 174.17877098658127 solMass / solMass
2575 24.804662421030727 solMass / solMass
2576 380.05733412250765 solMass / solMass
2579 121.23773767923332 solMass / solMass
2581 139.43627061543117 solMass / solMass
2585 50.00285302236627 solMass / solMass
2588 33.3006563772849 solMass / solMass
2589 231.84481987731596 solMass / solMass
2590 294.71989102004267 solMass / solMass
2591 898.3084875866367 solMass / solMass
2593 291.5055755872099 solMass / solMass
IsSatellite
2596 28.984475324086645 solMass / solMass
2600 574.5255914472457 solMass / solMass
IsSatellite
2602 1395.570287562593 solMass / solMass
2604 422.29286867111017 solMass / solMass
2607 795.5743768330985 solMass / solMass
2609 68.27915902517175 solMass / solMass
IsSatellite
2612 33.95844324515377 solMass / solMass
2613 107.5201419877595 solMass / solMass
IsSatellite
2617 8670.097321791704 solMass / solMass
2618 591.2271728378142 solMass / solMass
2619 755.4948596888242 solMass / solMass
2621 1377.4986066305953 solMass / solMass
2624 194.27090080974736 solMass / solMass
2625 1119.9736862937727 solMass / solMass
2626 10.083670764950073 solMass / solMass
2629 1.00162891444865 solMass / solMass
2633 178.896204009771 solMass / solMass
2634 183.1160966776204 solMass / solMass
2636 52090.571057396424 solMass / solMass
2639 863.2682154893902 solMass / solMass
2641 627.7869614378369 solMass / solMass
2643 155.91686793564992 solMass / solMass
2644 271.6008445897227 solMass / solMass
2646 160.20309240861187 solMass / solMass
2650 908.7851999485433 solMass / solMass
2654 988.3101831791437 solMass / solMass
2655 6.438677149177737 solMass / solMass
2656 283.53098610933387 solMass / solMass
2661 125.48831533065432 solMass / solMass
2664 316.9958291111542 solMass / solMass
2665 1831.1628525650515 solMass / solMass
2666 627.4541945603238 solMass / solMass
2667 666.7963504204341 solMass / solMass
IsSatellite
2669 712.5673660038544 solMass / solMass
2671 10.81385948378298 solMass / solMass
2676 5.86000512703197 solMass / solMass
2678 134.7827675731741 solMass / solMass
2681 183.15374335229555 solMass / solMass
2684 340.7357289965165 solMass / solMass
2685 39.00449364881381 solMass / solMass
2686 60.01066724374889 solMass / solMass
2687 1641.7340146300726 solMass / solMass
2688 119.57144383191554 solMass / solMass
2689 140.5654114933742 solMass / solMass
2690 553.9822515102757 solMass / solMass
2691 130.2258704423714 solMass / solMass
2692 4631.318043067416 solMass / solMass
IsSatellite
2695 1397.5358844097025 solMass / solMass
IsSatellite
2697 71.40170559917065 solMass / solMass
IsSatellite
2701 459.0891916194647 solMass / solMass
2702 180.80737162379117 solMass / solMass
2703 2209.285207218606 solMass / solMass
2704 192.99919087056213 solMass / solMass
2705 304.3630096328158 solMass / solMass
2706 51.590910444129804 solMass / solMass
2708 48.10960932650432 solMass / solMass
2713 211.2502184890954 solMass / solMass
2714 1151.1360066293837 solMass / solMass
2715 3.664207334290332 solMass / solMass
2718 151.88122986732535 solMass / solMass
2720 25.970129641838952 solMass / solMass
2722 46.14911908033288 solMass / solMass
2723 2000.6689681771345 solMass / solMass
2727 25.045071123248622 solMass / solMass
2728 723.8800548512979 solMass / solMass
2733 35.35573908690483 solMass / solMass
2734 204.81011786834063 solMass / solMass
2735 36.8794308294456 solMass / solMass
2736 44.77895514662758 solMass / solMass
2738 395.2090319758474 solMass / solMass
2739 63.401305284509654 solMass / solMass
2741 2416.8017945433526 solMass / solMass
2742 780.8450585292 solMass / solMass
2743 1007.6678942706429 solMass / solMass
2745 225.55442858489815 solMass / solMass
2747 318.6124756128994 solMass / solMass
2748 261.0621921092705 solMass / solMass
2750 219.78809519708415 solMass / solMass
2751 2167.8687837415505 solMass / solMass
2752 3142.93656915028 solMass / solMass
2756 941.2818479335589 solMass / solMass
2757 623.5837838495285 solMass / solMass
2760 40.543175733430395 solMass / solMass
2761 9.66268661901173 solMass / solMass
2762 530.1219900638266 solMass / solMass
2770 53.313067466476895 solMass / solMass
2771 180.58330081364454 solMass / solMass
2772 1743.5445120380575 solMass / solMass
2774 272.1634257282415 solMass / solMass
2775 106.11985649790181 solMass / solMass
2777 5.698046356578348 solMass / solMass
2778 347.3886990580556 solMass / solMass
2779 354.2887604662124 solMass / solMass
2780 2245.1631490427276 solMass / solMass
2783 2.320502113180241 solMass / solMass
2784 764.4189365002916 solMass / solMass
2791 157.98697465586105 solMass / solMass
2794 716.3458958533652 solMass / solMass
2795 629.3660325755458 solMass / solMass
2798 3089.9444807939994 solMass / solMass
2803 207.62147368285898 solMass / solMass
2804 85.66110832763752 solMass / solMass
2805 420.34868612247374 solMass / solMass
IsSatellite
2812 645.0484927619748 solMass / solMass
2813 199.92279927167502 solMass / solMass
2815 223.61511951222786 solMass / solMass
2816 70.55563398798881 solMass / solMass
2818 48.35504209208727 solMass / solMass
2819 215.30093212889903 solMass / solMass
2821 54.56221635015239 solMass / solMass
2822 830.1311258113614 solMass / solMass
2824 367.4653415499667 solMass / solMass
2826 1199.265329742472 solMass / solMass
2827 9.086365490438947 solMass / solMass
2828 886.8978454026262 solMass / solMass
2829 1297.9976657464908 solMass / solMass
2830 1560.8755130793843 solMass / solMass
2837 2275.4305241909224 solMass / solMass
2841 1360.965721948043 solMass / solMass
2842 84.38041961525147 solMass / solMass
2843 1041.18624735634 solMass / solMass
2848 1287.1396169056727 solMass / solMass
2849 66.90507579020856 solMass / solMass
2850 5.127584916121634 solMass / solMass
2854 343.14158550543794 solMass / solMass
2855 275.16804625629516 solMass / solMass
2856 1163.0001594363878 solMass / solMass
2861 517.8563672528843 solMass / solMass
IsSatellite
2863 390.24655090705033 solMass / solMass
IsSatellite
2866 199.60816419847916 solMass / solMass
2872 179.94251153035677 solMass / solMass
2875 1426.1567388158364 solMass / solMass
2876 846.261145372482 solMass / solMass
2879 1107.2693171024303 solMass / solMass
2881 57.03341181664821 solMass / solMass
2882 845.2360506125153 solMass / solMass
2883 907.8570491483966 solMass / solMass
2884 490.6959605458528 solMass / solMass
2886 357.5399247015322 solMass / solMass
2887 290.9263267104317 solMass / solMass
2888 54.21606175500485 solMass / solMass
IsSatellite
IsSatellite
2893 70.08062357308079 solMass / solMass
2895 580.0294092220186 solMass / solMass
2896 7050.677959051612 solMass / solMass
2897 2903.0997239551402 solMass / solMass
IsSatellite
2899 3844.930073708833 solMass / solMass
2902 27.715572596917884 solMass / solMass
2903 1604.9291747911798 solMass / solMass
2904 136.94378982725766 solMass / solMass
2907 2930.6761956919495 solMass / solMass
2908 247.49262229655858 solMass / solMass
2909 196.02246494963683 solMass / solMass
2910 2018.4909698002302 solMass / solMass
IsSatellite
2912 320.21838787931927 solMass / solMass
2916 1442.71066271218 solMass / solMass
2918 263.3379226278889 solMass / solMass
2922 900.8582323843816 solMass / solMass
IsSatellite
2924 2973.8932906881146 solMass / solMass
2926 662.3994998943544 solMass / solMass
2929 7388.385126904285 solMass / solMass
2930 2892.6721429027143 solMass / solMass
2931 225.55344508807298 solMass / solMass
2932 110.15788937318263 solMass / solMass
2934 1246.404633478861 solMass / solMass
2935 34.68862120624753 solMass / solMass
2936 119.15674452624403 solMass / solMass
2941 376.915266733058 solMass / solMass
2945 463.2467191265172 solMass / solMass
2946 185.68168094084416 solMass / solMass
IsSatellite
2952 794.2527476549208 solMass / solMass
2953 662.723023256093 solMass / solMass
2954 2072.0530039875403 solMass / solMass
2955 44.721163610111795 solMass / solMass
2956 1931.3434542685638 solMass / solMass
2958 3.765435666165326 solMass / solMass
2964 163.6382165250621 solMass / solMass
2965 2825.3821527799164 solMass / solMass
2966 136.50417976782904 solMass / solMass
2967 587.1633088507516 solMass / solMass
2971 875.782995256962 solMass / solMass
2975 60.93254626841235 solMass / solMass
2976 586.8894664183243 solMass / solMass
IsSatellite
2980 1199.0226060878913 solMass / solMass
2982 1993.6422131446743 solMass / solMass
2983 2376.683467477533 solMass / solMass
2985 1650.6318820688234 solMass / solMass
2989 660.8868282411104 solMass / solMass
2995 598.5931894852374 solMass / solMass
2997 83.6073777696963 solMass / solMass
123AllDone123
