yt : [INFO     ] 2017-07-25 11:58:48,476 Parameters: current_time              = 3.75573054458e+16
yt : [INFO     ] 2017-07-25 11:58:48,476 Parameters: domain_dimensions         = [2 2 2]
yt : [INFO     ] 2017-07-25 11:58:48,477 Parameters: domain_left_edge          = [ 0.  0.  0.]
yt : [INFO     ] 2017-07-25 11:58:48,477 Parameters: domain_right_edge         = [  2.22535528e+25   2.22535528e+25   2.22535528e+25]
yt : [INFO     ] 2017-07-25 11:58:48,478 Parameters: cosmological_simulation   = 1
yt : [INFO     ] 2017-07-25 11:58:48,478 Parameters: current_redshift          = 4.99999989717
yt : [INFO     ] 2017-07-25 11:58:48,478 Parameters: omega_lambda              = 0.712
yt : [INFO     ] 2017-07-25 11:58:48,478 Parameters: omega_matter              = 0.288
yt : [INFO     ] 2017-07-25 11:58:48,478 Parameters: hubble_constant           = 0.6933
yt : [INFO     ] 2017-07-25 11:58:48,552 Parameters: current_time              = 158.01758335504
yt : [INFO     ] 2017-07-25 11:58:48,552 Parameters: domain_dimensions         = [128 128 128]
yt : [INFO     ] 2017-07-25 11:58:48,552 Parameters: domain_left_edge          = [ 0.  0.  0.]
yt : [INFO     ] 2017-07-25 11:58:48,553 Parameters: domain_right_edge         = [ 1.  1.  1.]
yt : [INFO     ] 2017-07-25 11:58:48,553 Parameters: cosmological_simulation   = 1
yt : [INFO     ] 2017-07-25 11:58:48,553 Parameters: current_redshift          = 4.9999998971749
yt : [INFO     ] 2017-07-25 11:58:48,553 Parameters: omega_lambda              = 0.712
yt : [INFO     ] 2017-07-25 11:58:48,553 Parameters: omega_matter              = 0.288
yt : [INFO     ] 2017-07-25 11:58:48,553 Parameters: hubble_constant           = 0.6933
yt : [INFO     ] 2017-07-25 11:58:48,556 Allocating for 8.021e+03 particles (index particle type 'all')
yt : [INFO     ] 2017-07-25 11:58:48,562 Identified 2.761e+03 octs
IsSatellite
39 7.312585717058309e+37 solMass / solMass
IsSatellite
IsSatellite
IsSatellite
IsSatellite
IsSatellite
60 3.3971438887762804 solMass / solMass
64 3.3195593542563326 solMass / solMass
IsSatellite
69 5.133335381419028 solMass / solMass
77 16.877778401034355 solMass / solMass
78 3.0182299572915046 solMass / solMass
82 3.4471831692715105 solMass / solMass
85 1.1965144425129843 solMass / solMass
88 4.5378600273819186e+38 solMass / solMass
96 0.9773768818913878 solMass / solMass
101 23.357113925574527 solMass / solMass
102 3.126021776993091e+35 solMass / solMass
103 29.191231030269932 solMass / solMass
110 3.1721417312354757e+38 solMass / solMass
111 8.38628224948423 solMass / solMass
IsSatellite
114 7.563274303152809e+38 solMass / solMass
121 6.570937139402807e+38 solMass / solMass
124 3.2895846388901737 solMass / solMass
131 8.014719056695515e+38 solMass / solMass
136 4.57171410006312e+35 solMass / solMass
143 20.837170391024415 solMass / solMass
144 7.269558543896946 solMass / solMass
145 4.933467542560422e+35 solMass / solMass
149 10.911453202425115 solMass / solMass
150 13.844800489084623 solMass / solMass
153 5.515500473736285 solMass / solMass
157 14.378997535354692 solMass / solMass
160 1.0083520165213417e+39 solMass / solMass
161 2.4579885296680843 solMass / solMass
164 11.825937426429968 solMass / solMass
165 1.0533896665808059e+39 solMass / solMass
169 5.5374339910265216e+35 solMass / solMass
170 5.85619096798686 solMass / solMass
171 9.401665663598166e+38 solMass / solMass
173 1.0963564545978174e+39 solMass / solMass
174 24.210259596579007 solMass / solMass
175 4.688141040408387 solMass / solMass
178 4.906154308992533 solMass / solMass
179 13.749226913476521 solMass / solMass
181 0.2801253436452908 solMass / solMass
183 20.179762907453142 solMass / solMass
184 4.6358280536442695 solMass / solMass
185 11.48166736274895 solMass / solMass
186 13.41223948471495 solMass / solMass
191 1.2948492109294743e+39 solMass / solMass
194 72.65564741612651 solMass / solMass
196 14.96764525261104 solMass / solMass
197 17.26203126778054 solMass / solMass
198 3.1824214287977433 solMass / solMass
200 16.38288174309959 solMass / solMass
203 11.588068636983731 solMass / solMass
204 21.627522396618794 solMass / solMass
206 4.105279404287955 solMass / solMass
207 8.750118153238785e+35 solMass / solMass
208 18.913580703648346 solMass / solMass
209 72.4334154022816 solMass / solMass
210 28.528025102303975 solMass / solMass
211 5.803382562327381 solMass / solMass
215 23.84850190395946 solMass / solMass
216 15.793508105236517 solMass / solMass
218 5.998485969894173 solMass / solMass
222 12.305507421580051 solMass / solMass
IsSatellite
226 28.46587684192357 solMass / solMass
227 9.063723800120009 solMass / solMass
229 18.40383044865184 solMass / solMass
232 1.2844846732938683e+39 solMass / solMass
233 43.11083560181019 solMass / solMass
237 2.526869460694096 solMass / solMass
239 1.7437491490629446e+39 solMass / solMass
240 46.21612482083806 solMass / solMass
241 19.592562088508586 solMass / solMass
242 1.5280458743170598e+39 solMass / solMass
244 3.7278902084740664 solMass / solMass
245 9.802596463679327 solMass / solMass
247 74.35910348768957 solMass / solMass
250 3.053372989127405 solMass / solMass
252 43.01913308548565 solMass / solMass
253 17.584592748533566 solMass / solMass
256 29.442891922002687 solMass / solMass
258 1.4101945399332692 solMass / solMass
IsSatellite
260 1.3069601669399202 solMass / solMass
261 43.50203477035769 solMass / solMass
262 20.486873605355413 solMass / solMass
264 1.0923128604728342e+36 solMass / solMass
266 44.404103210567605 solMass / solMass
267 6.75611362405377 solMass / solMass
269 17.46054362155614 solMass / solMass
IsSatellite
273 16.557811830990968 solMass / solMass
274 20.56882351082178 solMass / solMass
288 12.933560045978627 solMass / solMass
290 94.2619771733843 solMass / solMass
IsSatellite
298 36.53805733847469 solMass / solMass
300 4.426696810407154 solMass / solMass
301 5.429642415037903 solMass / solMass
303 31.952012844078684 solMass / solMass
306 91.27352843661139 solMass / solMass
308 1.816043246208566 solMass / solMass
310 1.712821260183326 solMass / solMass
312 17.753385088084354 solMass / solMass
315 125.45843889635273 solMass / solMass
317 130.42209670074328 solMass / solMass
320 49.22525990531147 solMass / solMass
322 2.925575965354494e+39 solMass / solMass
324 36.30671185186821 solMass / solMass
326 35.626499763708544 solMass / solMass
330 51.40030758935671 solMass / solMass
331 38.92980655509668 solMass / solMass
332 4.9866468431316076 solMass / solMass
334 22.580437447474957 solMass / solMass
335 11.643740130454118 solMass / solMass
336 2.4459893899126444 solMass / solMass
337 21.835164081674318 solMass / solMass
341 26.512488987395862 solMass / solMass
342 9.756872034957606 solMass / solMass
344 12.165614689533895 solMass / solMass
345 2.3667068944107005e+39 solMass / solMass
346 3.1120350806726566e+39 solMass / solMass
347 7.736038858289451 solMass / solMass
349 8.724255386248556 solMass / solMass
350 30.026009439374732 solMass / solMass
352 24.841720616536563 solMass / solMass
354 43.70114926805833 solMass / solMass
360 2.5837281849853672e+38 solMass / solMass
366 18.050488519771022 solMass / solMass
369 2.913561326804179e+39 solMass / solMass
373 6.681188690623536 solMass / solMass
375 17.326963999179444 solMass / solMass
376 59.87445999303504 solMass / solMass
377 24.827396263811135 solMass / solMass
378 138.56714631912587 solMass / solMass
380 2.005058261887663e+36 solMass / solMass
381 19.45131277537278 solMass / solMass
385 10.329756519477913 solMass / solMass
387 1.8016153140482892e+36 solMass / solMass
388 3.3492579747779535e+39 solMass / solMass
389 40.67336367826872 solMass / solMass
390 46.59931276461453 solMass / solMass
396 3.4050184875401747e+39 solMass / solMass
397 48.77221343695115 solMass / solMass
398 26.833093778342878 solMass / solMass
399 32.93038506224185 solMass / solMass
400 10.90311728140661 solMass / solMass
403 220.94803541584633 solMass / solMass
406 1.893268242303579e+39 solMass / solMass
411 8.101645313883022 solMass / solMass
412 3.96548073705667e+39 solMass / solMass
416 50.04941047933942 solMass / solMass
419 77.52402365006408 solMass / solMass
423 9.98715157362145 solMass / solMass
429 3.962140429742757e+39 solMass / solMass
431 65.80428994283214 solMass / solMass
434 35.08329413781313 solMass / solMass
436 10.624031183658138 solMass / solMass
437 4.466136407835122 solMass / solMass
438 31.688101877353134 solMass / solMass
439 185.32102426200808 solMass / solMass
447 49.151483235656286 solMass / solMass
449 13.047041065207745 solMass / solMass
451 13.407631795354934 solMass / solMass
453 4.066029462507605 solMass / solMass
454 167.63310562247167 solMass / solMass
455 5.292075086952078e+39 solMass / solMass
456 51.638136261287016 solMass / solMass
457 43.970458644343175 solMass / solMass
458 82.38233066571496 solMass / solMass
459 17.88151746728643 solMass / solMass
461 42.153838966850174 solMass / solMass
463 4.4952184413407743e+39 solMass / solMass
467 9.208881112024955 solMass / solMass
468 20.06497269485279 solMass / solMass
472 5.894513780829915 solMass / solMass
475 4.66614203470035e+39 solMass / solMass
476 56.31073614071974 solMass / solMass
477 2.6507673699609913 solMass / solMass
IsSatellite
480 22.4416582999439 solMass / solMass
482 225.5054414857261 solMass / solMass
485 4.2374835715892974e+39 solMass / solMass
486 62.273411550732604 solMass / solMass
487 22.654859463662508 solMass / solMass
489 9.568991428913964 solMass / solMass
490 69.76444036222999 solMass / solMass
IsSatellite
494 13.582166013504153 solMass / solMass
499 2.255294581652082 solMass / solMass
503 78.92229677705099 solMass / solMass
505 0.7779014795989835 solMass / solMass
507 13.748753252488555 solMass / solMass
508 19.07950936191477 solMass / solMass
510 200.69105145928276 solMass / solMass
515 3.536796011267787 solMass / solMass
517 8.9131603733356 solMass / solMass
518 61.25734085984039 solMass / solMass
521 360.97187504875166 solMass / solMass
523 12.545310800762335 solMass / solMass
524 279.92793012721853 solMass / solMass
526 28.321378974853218 solMass / solMass
527 179.36161575676905 solMass / solMass
528 69.44202747269311 solMass / solMass
529 78.24027045307108 solMass / solMass
532 6.224926754809521e+39 solMass / solMass
537 6.387267281921862e+39 solMass / solMass
538 30.8432844711959 solMass / solMass
539 94.06085684415693 solMass / solMass
IsSatellite
541 4.1917382329386484e-38 solMass / solMass
542 5.395274231565693e+39 solMass / solMass
543 92.35677697705736 solMass / solMass
546 63.88069255265795 solMass / solMass
547 44.78836303222004 solMass / solMass
548 4.049004015045128e+39 solMass / solMass
550 202.96940742477108 solMass / solMass
551 97.96498281514278 solMass / solMass
553 136.25370916730847 solMass / solMass
556 1.9552384824257354 solMass / solMass
557 157.1530393493148 solMass / solMass
561 98.70935170813038 solMass / solMass
562 3.250032254165039e+36 solMass / solMass
567 19.18343264316155 solMass / solMass
568 3.644639726658058e+36 solMass / solMass
574 20.22020705330197 solMass / solMass
576 6.238995649629573e+39 solMass / solMass
579 72.01438728978435 solMass / solMass
583 6.003371537808575 solMass / solMass
584 36.0225864621631 solMass / solMass
585 84.59913448798505 solMass / solMass
587 71.79703259715875 solMass / solMass
588 85.8184542534182 solMass / solMass
589 27.261763294002765 solMass / solMass
590 27.662859296943402 solMass / solMass
591 127.71934201384303 solMass / solMass
592 32.26116796092777 solMass / solMass
593 49.8569579416969 solMass / solMass
595 3.199635903392831e+36 solMass / solMass
596 34.51430027756752 solMass / solMass
598 11.79625929083365 solMass / solMass
599 7.086530647431854 solMass / solMass
600 298.21771407827316 solMass / solMass
601 24.15071320486269 solMass / solMass
603 15.849077977208536 solMass / solMass
604 5.536964116372063e+39 solMass / solMass
607 32.97569706699794 solMass / solMass
611 6.624902963432563e+39 solMass / solMass
612 111.17610909840018 solMass / solMass
614 39.46223325974808 solMass / solMass
617 100.49713573605688 solMass / solMass
618 27.118001867712973 solMass / solMass
620 19.874187131716685 solMass / solMass
621 25.45195256857045 solMass / solMass
622 22.29897331771662 solMass / solMass
624 7.505022652750564e+39 solMass / solMass
626 118.494778945718 solMass / solMass
627 133.1047012140795 solMass / solMass
629 4.942614714708492 solMass / solMass
631 26.9087041226018 solMass / solMass
634 315.21955621212703 solMass / solMass
636 13.727213034218101 solMass / solMass
638 10.595237077483729 solMass / solMass
639 22.83864577963621 solMass / solMass
643 3.8620049737757824 solMass / solMass
646 34.436486070930656 solMass / solMass
648 143.67677320289278 solMass / solMass
652 4.103477173561541 solMass / solMass
653 7.310670374149097e+39 solMass / solMass
655 221.38859141651392 solMass / solMass
657 4.463954868078202e+36 solMass / solMass
659 51.869251287140976 solMass / solMass
661 42.479774166177286 solMass / solMass
662 34.949353692752645 solMass / solMass
663 142.6397683361845 solMass / solMass
664 4.631527156316054 solMass / solMass
666 3.417566367053793e+36 solMass / solMass
669 13.858059006683456 solMass / solMass
670 77.55554600368131 solMass / solMass
673 60.71944297864648 solMass / solMass
675 3.3202147283849697 solMass / solMass
676 112.17990837498911 solMass / solMass
677 4.0588827144278075e+39 solMass / solMass
679 6.381423557107829e+39 solMass / solMass
680 29.35354679150007 solMass / solMass
682 147.2843025550891 solMass / solMass
683 99.5507939370197 solMass / solMass
684 38.16243533921664 solMass / solMass
685 60.88278815795843 solMass / solMass
IsSatellite
688 7.441663976803414e+39 solMass / solMass
689 11.422721755816433 solMass / solMass
690 3.4315102224155325 solMass / solMass
691 30.327454471214132 solMass / solMass
692 87.19493134646426 solMass / solMass
695 10.071010660552743 solMass / solMass
697 120.11846695019878 solMass / solMass
698 32.83046656820907 solMass / solMass
700 32.34171013397819 solMass / solMass
702 54.102582267246135 solMass / solMass
703 27.801844321165476 solMass / solMass
704 23.92208281769524 solMass / solMass
705 23.798799542893367 solMass / solMass
706 7.927241351174945e+39 solMass / solMass
707 3.9042621717712426e+36 solMass / solMass
708 19.586293080970457 solMass / solMass
IsSatellite
713 25.314753369105222 solMass / solMass
715 9.589412016237288 solMass / solMass
716 99.39864434542304 solMass / solMass
717 25.38635460337566 solMass / solMass
718 10.158503221554696 solMass / solMass
719 23.5452611384711 solMass / solMass
720 3.7813483582619396 solMass / solMass
726 136.69233711742484 solMass / solMass
729 3.732486841854459 solMass / solMass
IsSatellite
731 72.76410151219112 solMass / solMass
732 82.31874915398853 solMass / solMass
735 48.76971515668087 solMass / solMass
736 46.1399800621004 solMass / solMass
737 103.26684037792894 solMass / solMass
740 48.463676029212635 solMass / solMass
742 98.52971469518634 solMass / solMass
746 14.633688733215768 solMass / solMass
747 314.4916500844385 solMass / solMass
748 32.376425838799186 solMass / solMass
IsSatellite
752 10.930000691892525 solMass / solMass
753 25.888623325801056 solMass / solMass
754 22.403320598552657 solMass / solMass
757 44.69797807678871 solMass / solMass
761 134.3910544750924 solMass / solMass
762 15.66950913738711 solMass / solMass
765 5.327285399159468e+36 solMass / solMass
766 157.98912170649794 solMass / solMass
768 126.94510752471541 solMass / solMass
770 417.14782246033377 solMass / solMass
771 23.895241765000744 solMass / solMass
772 41.74650316512492 solMass / solMass
773 54.25400727581779 solMass / solMass
IsSatellite
778 17.898757511202735 solMass / solMass
779 5.921477921618113e+36 solMass / solMass
IsSatellite
782 12.873922638755628 solMass / solMass
784 60.29839893054333 solMass / solMass
788 5.22651915163552e+36 solMass / solMass
789 24.380528008515643 solMass / solMass
796 541.822968082139 solMass / solMass
797 400.07893390311807 solMass / solMass
799 36.13449955003815 solMass / solMass
800 129.8691023950185 solMass / solMass
802 1.0145374813073652e+40 solMass / solMass
803 9.147483910906854e+39 solMass / solMass
805 267.968356319613 solMass / solMass
806 49.729281207068944 solMass / solMass
807 83.44509706160298 solMass / solMass
809 9.439518146978397 solMass / solMass
812 495.73417468296503 solMass / solMass
813 4.662232354258188 solMass / solMass
814 32.07680564259704 solMass / solMass
815 1.2901022350885583e+40 solMass / solMass
817 79.80558158635421 solMass / solMass
818 123.85270747598852 solMass / solMass
821 181.1719184428549 solMass / solMass
822 45.2910886448766 solMass / solMass
823 17.490202058973075 solMass / solMass
826 25.23329238328973 solMass / solMass
827 101.43237391982566 solMass / solMass
834 45.82943136093473 solMass / solMass
835 6.593002496287289 solMass / solMass
838 675.4018733637687 solMass / solMass
839 33.998449840647964 solMass / solMass
840 109.80481314864096 solMass / solMass
841 13.447821317228218 solMass / solMass
845 80.19446213940853 solMass / solMass
846 159.82335343956944 solMass / solMass
847 43.309316067801156 solMass / solMass
852 45.180922590899605 solMass / solMass
853 125.55773514369525 solMass / solMass
854 48.487353040257574 solMass / solMass
IsSatellite
859 265.7967381341691 solMass / solMass
860 44.406265003091555 solMass / solMass
861 40.7676931222262 solMass / solMass
869 38.47958260689147 solMass / solMass
871 119.17484045397647 solMass / solMass
873 144.33625017340822 solMass / solMass
875 35.60821133662688 solMass / solMass
878 23.203623404104697 solMass / solMass
879 1.2122065749281464e+40 solMass / solMass
888 111.439244805608 solMass / solMass
890 185.82001379570124 solMass / solMass
893 220.089136944225 solMass / solMass
897 165.35824256594083 solMass / solMass
898 1.1288219973313245e+40 solMass / solMass
IsSatellite
904 426.4248329693217 solMass / solMass
905 9.518342807613565e+39 solMass / solMass
906 29.59490415732932 solMass / solMass
909 58.56731719677216 solMass / solMass
910 27.268585115069715 solMass / solMass
911 1.6461459840114438e+40 solMass / solMass
912 50.2368613665714 solMass / solMass
915 20.551123110517917 solMass / solMass
918 6.898670263104381 solMass / solMass
920 491.98927517277906 solMass / solMass
921 61.00864236207844 solMass / solMass
922 42.55840115423795 solMass / solMass
923 791.6747311714582 solMass / solMass
924 54.543918454762824 solMass / solMass
925 177.84204647645538 solMass / solMass
927 208.67890607079053 solMass / solMass
929 40.33457864659149 solMass / solMass
930 64.61893246838385 solMass / solMass
932 47.792777192116276 solMass / solMass
934 45.97839051415559 solMass / solMass
935 211.4083570225487 solMass / solMass
936 74.77191668390836 solMass / solMass
937 530.884275397682 solMass / solMass
938 40.230687675951636 solMass / solMass
939 21.851957637644734 solMass / solMass
944 149.13493203844104 solMass / solMass
947 169.14648528613563 solMass / solMass
950 28.426248636239947 solMass / solMass
IsSatellite
953 459.8775174556139 solMass / solMass
954 71.32081522067239 solMass / solMass
955 405.3268272331934 solMass / solMass
958 167.2212097486298 solMass / solMass
959 6.83765879011814e+36 solMass / solMass
961 91.70786101021284 solMass / solMass
962 150.9610888596342 solMass / solMass
964 11.43444798126985 solMass / solMass
965 55.90426155055408 solMass / solMass
966 78.79252384750883 solMass / solMass
968 310.74049477496004 solMass / solMass
969 72.00525540972453 solMass / solMass
970 13.796947281894123 solMass / solMass
971 162.3219878455495 solMass / solMass
972 125.10885297519019 solMass / solMass
976 141.51479565141472 solMass / solMass
978 82.29206752480947 solMass / solMass
980 2.5343583454782146 solMass / solMass
982 8.40838276318073 solMass / solMass
986 1.2437808697632412e+40 solMass / solMass
987 22.217074177956956 solMass / solMass
988 2.885275459860154 solMass / solMass
989 113.26595785128232 solMass / solMass
990 87.11271495957509 solMass / solMass
992 514.6401735159386 solMass / solMass
993 57.2508761108444 solMass / solMass
HaloMassEqualZero
995 770.489589432011 solMass / solMass
996 41.666905327123644 solMass / solMass
999 220.05630628498682 solMass / solMass
1000 83.97337646287944 solMass / solMass
1002 1.1754010621166922e+40 solMass / solMass
1003 49.424238084810035 solMass / solMass
1005 125.46778177824622 solMass / solMass
1006 178.11938813409554 solMass / solMass
1010 1.1491193738372734 solMass / solMass
1011 19.845121490114884 solMass / solMass
1013 39.98287663613785 solMass / solMass
1017 188.21252330110306 solMass / solMass
1018 2.229643656010472e+40 solMass / solMass
1019 98.63924004558578 solMass / solMass
1020 6.636169883544668 solMass / solMass
1021 27.694558022571766 solMass / solMass
1022 56.17500451195829 solMass / solMass
1023 9.405550852184652e+39 solMass / solMass
1025 41.534529810602386 solMass / solMass
1028 1.64708932429264e+40 solMass / solMass
1029 27.292834967516306 solMass / solMass
1032 199.19612834120238 solMass / solMass
1033 112.36294684673996 solMass / solMass
1034 37.314308125650875 solMass / solMass
1036 62.58946124394905 solMass / solMass
1038 15.964631320050339 solMass / solMass
1039 23.987310305312448 solMass / solMass
1042 36.602798549195334 solMass / solMass
1043 37.90615067597256 solMass / solMass
1044 1332.6792703091432 solMass / solMass
1045 1.9271490628071573e+40 solMass / solMass
1046 59.11255192183335 solMass / solMass
1047 80.72497623406556 solMass / solMass
1051 87.64533129017694 solMass / solMass
1054 430.79642649553006 solMass / solMass
1061 33.94413395676257 solMass / solMass
IsSatellite
1064 11.186817907306954 solMass / solMass
1065 911.483458400029 solMass / solMass
1066 33.47323149163858 solMass / solMass
1070 170.50941615202964 solMass / solMass
1072 88.15594984154728 solMass / solMass
HaloMassEqualZero
1075 332.4958671335155 solMass / solMass
1076 742.1682739776392 solMass / solMass
1077 64.91895218129493 solMass / solMass
1080 636.7459314744809 solMass / solMass
1081 1.8705886369255044e+40 solMass / solMass
1082 61.18457473092165 solMass / solMass
1083 26.195279693172534 solMass / solMass
1084 202.7996786561356 solMass / solMass
1086 177.37648296165693 solMass / solMass
1087 104.1377047235921 solMass / solMass
1088 25.95662485238604 solMass / solMass
1089 616.1840283488954 solMass / solMass
1092 234.60849495643976 solMass / solMass
1093 117.93779227891486 solMass / solMass
1094 341.9859417746996 solMass / solMass
1095 75.06474502327616 solMass / solMass
1101 60.62224506995835 solMass / solMass
1102 137.18598431936098 solMass / solMass
1104 42.45825299007061 solMass / solMass
1107 149.85757728234617 solMass / solMass
1110 12.373605468148734 solMass / solMass
1112 32.47484614658137 solMass / solMass
1113 215.6039344477187 solMass / solMass
1114 278.36361393027335 solMass / solMass
1115 474.5191286879371 solMass / solMass
1117 35.66362329166036 solMass / solMass
1118 271.37963892061674 solMass / solMass
1119 235.944534896413 solMass / solMass
1120 29.241593958977862 solMass / solMass
1122 18.120515829850703 solMass / solMass
1124 95.83964104948488 solMass / solMass
1125 223.58387404163523 solMass / solMass
1126 263.847871297869 solMass / solMass
1127 6.53579985416806e+36 solMass / solMass
1128 1.1884400843253647e+40 solMass / solMass
1129 623.8112580986821 solMass / solMass
1132 191.9762833869827 solMass / solMass
1133 105.6145470772843 solMass / solMass
1135 59.29086792642655 solMass / solMass
1136 7.4049665489000125 solMass / solMass
1137 43.89485760178721 solMass / solMass
1138 569.9505623343262 solMass / solMass
1139 40.328425845821386 solMass / solMass
1142 228.54748270068595 solMass / solMass
1144 267.53902401263326 solMass / solMass
1145 65.10653763635894 solMass / solMass
1146 241.18296063767892 solMass / solMass
1147 56.69878336755434 solMass / solMass
1148 286.27040803423273 solMass / solMass
1151 213.65964654304176 solMass / solMass
1152 355.0572327998801 solMass / solMass
1153 967.2088398118914 solMass / solMass
1155 41.66616738334408 solMass / solMass
1157 386.81049868628304 solMass / solMass
1158 65.36111504087557 solMass / solMass
1161 82.3018516720062 solMass / solMass
1162 202.71054965239696 solMass / solMass
1165 94.61465012553171 solMass / solMass
1166 264.5753687204313 solMass / solMass
1168 65.77566009688977 solMass / solMass
1170 650.3723176304138 solMass / solMass
1171 103.35041932026911 solMass / solMass
1173 240.18636491175587 solMass / solMass
1175 429.88408859323454 solMass / solMass
1176 245.97132573705778 solMass / solMass
1177 98.87928277354271 solMass / solMass
1180 9.605197184624534e+36 solMass / solMass
1183 127.66846645079771 solMass / solMass
1184 100.65939929774105 solMass / solMass
1188 143.848723803419 solMass / solMass
1190 12.35965170880443 solMass / solMass
1192 166.69819605018552 solMass / solMass
1193 84.5884514917106 solMass / solMass
1195 51.43861465514157 solMass / solMass
1196 66.9118783810405 solMass / solMass
1197 247.27526822353087 solMass / solMass
1198 458.6445051296232 solMass / solMass
1199 185.27854332432813 solMass / solMass
1200 10.661280521833493 solMass / solMass
1201 133.56695617420172 solMass / solMass
1202 1.0871860797152447e+40 solMass / solMass
1203 586.4969610932948 solMass / solMass
1204 97.26147049066779 solMass / solMass
1209 140.8358758360878 solMass / solMass
1212 266.2686697755339 solMass / solMass
1218 115.37546398928893 solMass / solMass
1219 32.878846802885896 solMass / solMass
1220 9.351577763176048e+39 solMass / solMass
1221 160.49729158727354 solMass / solMass
1222 12.001862286399172 solMass / solMass
1224 1.6902648316223877e+40 solMass / solMass
1225 92.70269331558458 solMass / solMass
1227 21.339720420351718 solMass / solMass
1229 32.601371193158585 solMass / solMass
1231 90.94590104403855 solMass / solMass
1234 145.138176061089 solMass / solMass
1235 95.52543431383992 solMass / solMass
1238 81.45142691206024 solMass / solMass
1239 261.18984312289876 solMass / solMass
1240 322.17538972509203 solMass / solMass
1242 1163.5113500178002 solMass / solMass
1246 185.65373882765942 solMass / solMass
1250 287.1186776792387 solMass / solMass
IsSatellite
1252 123.25445618449329 solMass / solMass
1253 12.117819673582813 solMass / solMass
1254 597.8412447130073 solMass / solMass
1255 1.9022263241680706e+40 solMass / solMass
1256 960.3617440051172 solMass / solMass
1257 146.8601817623043 solMass / solMass
1259 39.08570936440602 solMass / solMass
1262 9.456169009083983e+36 solMass / solMass
1263 41.347158694313336 solMass / solMass
1264 74.58342608011166 solMass / solMass
1265 17.170254889513437 solMass / solMass
1266 65.34767516780099 solMass / solMass
1268 15.358384008482604 solMass / solMass
1269 67.53165783442492 solMass / solMass
1270 2.307601922236803e+40 solMass / solMass
1272 182.2588259786596 solMass / solMass
1273 29.634103342643055 solMass / solMass
1274 1.31204618104315e+40 solMass / solMass
1275 8.396555703708845 solMass / solMass
1276 75.79817104928149 solMass / solMass
1279 36.62747453873176 solMass / solMass
1280 534.6498861262928 solMass / solMass
1281 181.43491957207462 solMass / solMass
1283 307.22561183276815 solMass / solMass
1284 69.73326747781874 solMass / solMass
1285 719.6567020202107 solMass / solMass
1287 316.66843838052716 solMass / solMass
1288 90.7558405708045 solMass / solMass
1289 1.0599134383519716e+40 solMass / solMass
IsSatellite
1291 538.5591458353508 solMass / solMass
1292 4.649851785553898 solMass / solMass
1297 2.3015224795976243e+40 solMass / solMass
1298 42.45244148218207 solMass / solMass
1299 20.4185256398682 solMass / solMass
1301 15.499864463870741 solMass / solMass
1303 64.96780069462201 solMass / solMass
1304 1.1312492125035877e+37 solMass / solMass
1305 285.5197006164398 solMass / solMass
1306 89.1848884368843 solMass / solMass
1307 2.0454975716265064e+40 solMass / solMass
1309 61.919978323188204 solMass / solMass
1315 384.1130786349326 solMass / solMass
1316 37.8046784317907 solMass / solMass
1317 1.1493589100195464e+37 solMass / solMass
1321 87.57595108850458 solMass / solMass
1322 4.172456108095314 solMass / solMass
1323 55.106256846923415 solMass / solMass
1325 1.0527628964769622e+37 solMass / solMass
1326 74.51698920782084 solMass / solMass
1329 187.74167713729204 solMass / solMass
1333 299.6558512712163 solMass / solMass
1334 33.95672802126196 solMass / solMass
1335 65.70415409747677 solMass / solMass
1336 395.37984252860696 solMass / solMass
1337 15.870550255647556 solMass / solMass
1338 340.5165575269926 solMass / solMass
1339 31.061391033428176 solMass / solMass
1342 435.089936158756 solMass / solMass
IsSatellite
1344 6.7576018293090545 solMass / solMass
1345 66.43750377645358 solMass / solMass
1346 51.12852503627878 solMass / solMass
1347 257.51034028482576 solMass / solMass
1350 114.32938789404754 solMass / solMass
1352 6.835147160403136e+34 solMass / solMass
1353 1124.4284141919902 solMass / solMass
1354 30.455841099651092 solMass / solMass
1355 10.225930326619162 solMass / solMass
1356 1.0337608290733661e+37 solMass / solMass
1357 289.8812189616172 solMass / solMass
1358 4.641445769131751 solMass / solMass
1360 150.34395868663748 solMass / solMass
1361 110.47654391849902 solMass / solMass
1365 86.65341044079088 solMass / solMass
1366 1.7663143891496614e+40 solMass / solMass
1368 26.919036132460867 solMass / solMass
1370 15.223050787646478 solMass / solMass
1371 2.1004967425564036e+40 solMass / solMass
1373 357.78814668937156 solMass / solMass
1374 153.01593970444142 solMass / solMass
1375 1.4182023098158743e+37 solMass / solMass
IsSatellite
1377 2.3538058526261283e+37 solMass / solMass
1384 108.09683100886033 solMass / solMass
1386 51.40320424487903 solMass / solMass
1387 2.235790913675483e+40 solMass / solMass
1389 25.991786675100194 solMass / solMass
IsSatellite
1392 17.40977250722544 solMass / solMass
1394 207.71910835230287 solMass / solMass
1395 776.0898440132142 solMass / solMass
1396 86.62303175445287 solMass / solMass
1397 1237.1387503255603 solMass / solMass
1400 1101.4917729066365 solMass / solMass
1403 7.506058296472183 solMass / solMass
1404 1.3691732998768771e+37 solMass / solMass
1406 92.53567689872197 solMass / solMass
1408 389.52814726450544 solMass / solMass
1410 65.023583458234 solMass / solMass
1412 1.1400674238689708e+37 solMass / solMass
1413 116.3498301765018 solMass / solMass
1414 140.3392323355403 solMass / solMass
1417 190.8415574599514 solMass / solMass
1422 243.30375943210785 solMass / solMass
1425 243.62762713808095 solMass / solMass
1427 71.97570593824285 solMass / solMass
1428 15.561079395751419 solMass / solMass
1429 339.5352230578102 solMass / solMass
1430 106.24995347770195 solMass / solMass
1431 226.7664916894794 solMass / solMass
1433 123.1101283120148 solMass / solMass
1435 104.02443318506202 solMass / solMass
1436 352.7739198008671 solMass / solMass
1438 15.741688034785307 solMass / solMass
1440 101.53937809046073 solMass / solMass
1441 96.57784824542641 solMass / solMass
1443 218.4671274324071 solMass / solMass
1445 148.69457001476172 solMass / solMass
1446 67.04436188187168 solMass / solMass
1448 7.032721995324945 solMass / solMass
1449 82.49527512235775 solMass / solMass
1450 25.4539292131106 solMass / solMass
IsSatellite
1452 31.37320417259314 solMass / solMass
1453 2.8897685848040084e+40 solMass / solMass
1454 18.591045538480177 solMass / solMass
1455 409.26244623339915 solMass / solMass
1456 201.2931591002219 solMass / solMass
1458 322.79510182749635 solMass / solMass
1459 2.4622483246561124e+40 solMass / solMass
1460 3.8205617491719286 solMass / solMass
1462 110.43552130417841 solMass / solMass
1463 190.5180938345363 solMass / solMass
1465 156.99124105096394 solMass / solMass
1466 97.06121576535394 solMass / solMass
1467 10.202567735431018 solMass / solMass
1468 89.0555704572115 solMass / solMass
1470 1278.497735234115 solMass / solMass
1471 3.6665369238494327 solMass / solMass
1473 1.1876481116689321 solMass / solMass
1474 1.4464498067792075e+37 solMass / solMass
1476 1124.3481793275616 solMass / solMass
1479 1068.3544189720728 solMass / solMass
1480 103.37887377502093 solMass / solMass
1481 112.29227581105347 solMass / solMass
1483 102.29506536933552 solMass / solMass
1484 16.411010837489233 solMass / solMass
1486 62.38649813201236 solMass / solMass
1488 1.330318814600434e+37 solMass / solMass
1489 301.27462537237164 solMass / solMass
1491 362.01552972540816 solMass / solMass
1492 2.375526431535572e+40 solMass / solMass
IsSatellite
1502 700.4477046428791 solMass / solMass
1504 9.226590453615753 solMass / solMass
1506 413.68066209836275 solMass / solMass
1507 2.0259644666579088e+37 solMass / solMass
1508 404.03991463336325 solMass / solMass
1509 168.82916035443805 solMass / solMass
1512 7.215980615994754 solMass / solMass
1513 321.1430782573384 solMass / solMass
1518 15.19569257453213 solMass / solMass
IsSatellite
IsSatellite
1527 96.75610493480794 solMass / solMass
1528 327.2263839020794 solMass / solMass
1529 155.13746176790738 solMass / solMass
1530 220.99641091224794 solMass / solMass
1534 67.48050158299911 solMass / solMass
1537 269.75218318009377 solMass / solMass
1542 72.90925799962349 solMass / solMass
1546 360.0633670837988 solMass / solMass
1547 83.10037720569446 solMass / solMass
IsSatellite
1551 10.514195041137928 solMass / solMass
1554 37.637826481353635 solMass / solMass
IsSatellite
1557 58.96812367538244 solMass / solMass
1559 28.992136589370514 solMass / solMass
1563 2.960265972303592e+40 solMass / solMass
IsSatellite
1567 261.1863046538173 solMass / solMass
1568 1.3371270250969486e+37 solMass / solMass
1570 9.907634265483318e+36 solMass / solMass
1572 234.2995018979771 solMass / solMass
1575 1.6075336990791056e+37 solMass / solMass
1576 73.68382837682428 solMass / solMass
1583 383.705807993582 solMass / solMass
1585 70.00449874606532 solMass / solMass
1587 159.319653006102 solMass / solMass
1589 92.17044872582544 solMass / solMass
1590 40.72590308849959 solMass / solMass
1594 205.4674530790342 solMass / solMass
1595 447.64740572970646 solMass / solMass
1596 533.4260850940458 solMass / solMass
1598 126.73654483173735 solMass / solMass
1601 1041.1310038746 solMass / solMass
1604 171.49251954017657 solMass / solMass
1605 243.33154677666545 solMass / solMass
1607 938.5794248941394 solMass / solMass
1609 203.5479954598946 solMass / solMass
1611 164.1016111382523 solMass / solMass
1612 102.71988160298089 solMass / solMass
1613 154.46750911292926 solMass / solMass
1614 53.274880775599044 solMass / solMass
1616 99.84792778573014 solMass / solMass
IsSatellite
1620 765.1983375569914 solMass / solMass
1622 67.65507505200733 solMass / solMass
1623 178.71306969683206 solMass / solMass
1624 86.0494623866662 solMass / solMass
HaloMassEqualZero
1626 610.3694081263335 solMass / solMass
1628 3.3113847181834085e+40 solMass / solMass
IsSatellite
1630 1.1271390006797648e+37 solMass / solMass
1631 18.000231480539945 solMass / solMass
1632 769.2959287231711 solMass / solMass
1635 4.615928145394652 solMass / solMass
1636 310.9867981246847 solMass / solMass
1637 83.9575955698428 solMass / solMass
1638 379.7399705233485 solMass / solMass
1640 51.61244192420057 solMass / solMass
1642 2.412756031388968e+40 solMass / solMass
1645 13.183838306053348 solMass / solMass
1646 505.46627914535094 solMass / solMass
1647 174.70457522508232 solMass / solMass
1649 33.7159346264149 solMass / solMass
1650 1.3414917555442395e+37 solMass / solMass
1651 46.938070094873055 solMass / solMass
1653 2.4574490612946004e+40 solMass / solMass
1654 97.33648402193326 solMass / solMass
1655 7.0344960056516515 solMass / solMass
1656 120.51686192011897 solMass / solMass
1657 241.89325267009266 solMass / solMass
1658 102.1281194512923 solMass / solMass
1659 30.786326052957886 solMass / solMass
1660 252.11669111476147 solMass / solMass
1661 69.01828020437796 solMass / solMass
1662 1169.0505292813032 solMass / solMass
IsSatellite
IsSatellite
1668 132.1569874598328 solMass / solMass
1669 254.98755540827062 solMass / solMass
1673 1.7284607104967239e+37 solMass / solMass
1676 0.7825194327683883 solMass / solMass
1678 237.35905760663275 solMass / solMass
IsSatellite
1680 45.53900453305135 solMass / solMass
1681 40.093039256812084 solMass / solMass
1682 215.289770476633 solMass / solMass
1685 115.05620003736162 solMass / solMass
1686 0.0 solMass / solMass
1687 19.956605911600793 solMass / solMass
1691 268.7310981767933 solMass / solMass
1692 82.70887169906237 solMass / solMass
1695 309.3141404898339 solMass / solMass
1696 385.6449613856493 solMass / solMass
HaloMassEqualZero
1701 392.239899708319 solMass / solMass
1707 855.0680421064154 solMass / solMass
1709 265.92739537416224 solMass / solMass
1710 181.50396324476316 solMass / solMass
1711 82.80905187311734 solMass / solMass
1713 0.7638042643677981 solMass / solMass
1714 20.096106183060673 solMass / solMass
1717 208.93801670482978 solMass / solMass
IsSatellite
1720 923.3077892234427 solMass / solMass
1721 329.1022077535025 solMass / solMass
1723 1.5570942095408943e+37 solMass / solMass
1724 1096.3766552589352 solMass / solMass
1726 113.46401666156041 solMass / solMass
1733 480.0998332063283 solMass / solMass
1735 228.2780972372991 solMass / solMass
IsSatellite
1742 381.36211873001884 solMass / solMass
1743 41.94528886367956 solMass / solMass
1746 493.3985567734337 solMass / solMass
1750 52.775065217931456 solMass / solMass
1753 21.69918614905573 solMass / solMass
1755 1.8399920162626725e+37 solMass / solMass
1756 1.542787379915632e+37 solMass / solMass
1759 268.59679970870945 solMass / solMass
1760 409.97389857280194 solMass / solMass
1762 160.86612602367526 solMass / solMass
1763 223.81364685640796 solMass / solMass
1764 73.28610331343788 solMass / solMass
1766 2.0834206623575857e+40 solMass / solMass
1768 170.65319723853705 solMass / solMass
1770 96.24255331465132 solMass / solMass
1771 50.32521082323682 solMass / solMass
1772 629.7006452705923 solMass / solMass
1775 1527.7097350963388 solMass / solMass
1776 866.3538225232546 solMass / solMass
1777 20.017518986116126 solMass / solMass
1778 40.25291255996136 solMass / solMass
1779 136.46448635911096 solMass / solMass
1780 3.5859690071627635e+40 solMass / solMass
1783 150.33224281868834 solMass / solMass
1784 616.2525447435013 solMass / solMass
1785 184.65455267902516 solMass / solMass
1786 30.88673479169697 solMass / solMass
1788 10.739826226558407 solMass / solMass
1790 56.093565914126216 solMass / solMass
1791 52.78111389767331 solMass / solMass
IsSatellite
1795 1.404798607911991e+37 solMass / solMass
1797 117.79927704425764 solMass / solMass
1798 13.147522620636607 solMass / solMass
1799 159.77033109600578 solMass / solMass
1801 1535.8132526498532 solMass / solMass
1803 1.6776102856606195e+40 solMass / solMass
1804 1415.1329594751876 solMass / solMass
1806 513.5651299348845 solMass / solMass
1808 264.38039708563184 solMass / solMass
1814 175.59952943414433 solMass / solMass
1816 1.3703458504511902e+41 solMass / solMass
1817 135.43187170965467 solMass / solMass
1818 994.1352704675189 solMass / solMass
1819 39.95638239130764 solMass / solMass
1825 34.94933061860696 solMass / solMass
1826 79.45893724211895 solMass / solMass
1827 261.18174283713284 solMass / solMass
1829 3.7570454498293626e+40 solMass / solMass
1830 142.6157240289586 solMass / solMass
1832 1108.1014106190698 solMass / solMass
1833 113.20148121842584 solMass / solMass
1835 446.485778968855 solMass / solMass
1838 2.2414801379420173e+40 solMass / solMass
1840 1319.5092648921366 solMass / solMass
1842 3.0397761881681903e+40 solMass / solMass
IsSatellite
1844 303.95007751048456 solMass / solMass
1846 2.0673980965621233e+40 solMass / solMass
1848 81.951455381754 solMass / solMass
1849 77.6785741690284 solMass / solMass
1850 389.485636787757 solMass / solMass
1851 318.04712545228375 solMass / solMass
1854 153.90143204555702 solMass / solMass
1855 33.6529612448239 solMass / solMass
1857 317.6192472862864 solMass / solMass
1863 155.1768381584649 solMass / solMass
1864 97.36231395360235 solMass / solMass
1865 29.350853161158216 solMass / solMass
1866 676.6445314812345 solMass / solMass
1867 547.4330303532964 solMass / solMass
1871 487.00492661351086 solMass / solMass
1872 300.3099230216558 solMass / solMass
1873 411.39425448580516 solMass / solMass
1875 119.9953620971392 solMass / solMass
1876 270.26388986051955 solMass / solMass
1877 1264.5958703928768 solMass / solMass
1878 144.31183338495165 solMass / solMass
IsSatellite
1881 111.88460893653223 solMass / solMass
1883 430.0121322371596 solMass / solMass
1885 49.43633586650476 solMass / solMass
1887 482.429660354703 solMass / solMass
1891 155.59564272734784 solMass / solMass
1892 23.218608307658297 solMass / solMass
1893 1162.2485377943663 solMass / solMass
1894 38.97743750456366 solMass / solMass
1895 390.7209265958944 solMass / solMass
1896 9.10627774369023 solMass / solMass
1897 1004.2404178428553 solMass / solMass
1899 3.5334815186929576e+40 solMass / solMass
1901 5.814272928113969 solMass / solMass
1903 3.516234854498035e+40 solMass / solMass
1904 32.80908019288037 solMass / solMass
1905 107.37303516806546 solMass / solMass
1906 295.44342797457915 solMass / solMass
1907 1.3803092756491786e+37 solMass / solMass
IsSatellite
1909 566.7616421782051 solMass / solMass
1910 77.75202830005878 solMass / solMass
1911 590.2067979786253 solMass / solMass
1918 125.32484683361749 solMass / solMass
1920 268.44866262293345 solMass / solMass
1922 7.405922151313578 solMass / solMass
1923 1234.4421827823473 solMass / solMass
1926 368.98411362093213 solMass / solMass
1927 366.59306063616856 solMass / solMass
1930 61.74112578573232 solMass / solMass
1931 481.9675067087052 solMass / solMass
1932 11.611633679051385 solMass / solMass
1933 174.59483070012416 solMass / solMass
1935 3.9068143441951973e+40 solMass / solMass
1937 246.23197873913716 solMass / solMass
1938 358.08035603813994 solMass / solMass
1944 2.4388310409651374e+37 solMass / solMass
1945 22.627317420684616 solMass / solMass
1946 45.16671098240356 solMass / solMass
1947 430.93216047458685 solMass / solMass
1952 64.48530139355995 solMass / solMass
IsSatellite
1958 423.54964120797075 solMass / solMass
1959 400.2424318438265 solMass / solMass
1960 259.5986807801414 solMass / solMass
1961 1061.5730592693676 solMass / solMass
1962 730.9383490896108 solMass / solMass
1963 82.37931589337819 solMass / solMass
1965 581.8122816964733 solMass / solMass
1967 221.40672991954122 solMass / solMass
IsSatellite
1971 961.880174703306 solMass / solMass
1976 145.12417197951513 solMass / solMass
1978 1.706207104589503e+37 solMass / solMass
1981 2.712875843535249e+40 solMass / solMass
1982 364.7147034574555 solMass / solMass
1983 341.29598746934516 solMass / solMass
1986 302.34631452056675 solMass / solMass
1987 3.815803641021171e+40 solMass / solMass
1988 3.4879735461657645e+40 solMass / solMass
1989 33.34859123549983 solMass / solMass
1992 1.9824605485169913e+37 solMass / solMass
1994 134.49010222036455 solMass / solMass
1995 1598.0125009322942 solMass / solMass
1996 2.9859556250468273e+40 solMass / solMass
1997 3.427302747552101e+40 solMass / solMass
1999 1.7975708622818552e+37 solMass / solMass
2000 385.5831829768164 solMass / solMass
2003 179.4997807712547 solMass / solMass
2004 3.9954607279315546e+40 solMass / solMass
2005 1.5784435736968128e+37 solMass / solMass
2007 1379.013348604217 solMass / solMass
2010 471.7825009346707 solMass / solMass
2011 94.02037667401063 solMass / solMass
2014 2.4317897078061577e+37 solMass / solMass
2015 27.552506881722632 solMass / solMass
2016 3.3261949947921387e+40 solMass / solMass
2017 304.640274096006 solMass / solMass
2018 1536.1018837748084 solMass / solMass
2019 1163.0968292108419 solMass / solMass
2020 2276.4378749661673 solMass / solMass
2021 406.6858584417545 solMass / solMass
2022 238.14812987112094 solMass / solMass
2023 43.28114137826194 solMass / solMass
2025 615.1553952107931 solMass / solMass
2026 2.400280729877195e+40 solMass / solMass
2027 557.3923919106822 solMass / solMass
IsSatellite
2029 245.13074050413115 solMass / solMass
2030 32.86411354327056 solMass / solMass
2031 335.2073966625158 solMass / solMass
IsSatellite
IsSatellite
2034 159.66875676560684 solMass / solMass
2035 3.755559565580981e+40 solMass / solMass
2036 6.540473510876758 solMass / solMass
2038 888.37451407168 solMass / solMass
IsSatellite
2040 1683.8415146176162 solMass / solMass
2043 208.38331681629336 solMass / solMass
2044 8.94212830765987e+40 solMass / solMass
2047 443.1556183501704 solMass / solMass
2049 372.48579558020526 solMass / solMass
2050 70.47168876116724 solMass / solMass
2052 132.38530461121476 solMass / solMass
2054 855.8572455298357 solMass / solMass
2055 431.45216090565157 solMass / solMass
2056 3.260885454903874e+40 solMass / solMass
2061 12.529904932398733 solMass / solMass
2062 3.6172717528039613e+40 solMass / solMass
2063 1125.4513632671549 solMass / solMass
2064 208.62370868733765 solMass / solMass
2065 252.74852226538582 solMass / solMass
2066 5.53944693835104e+40 solMass / solMass
2067 1253.6344423597654 solMass / solMass
2068 55.85543024344383 solMass / solMass
2069 468.8100096478278 solMass / solMass
2071 206.9839268839014 solMass / solMass
2072 171.0452611977244 solMass / solMass
2075 240.82892635675634 solMass / solMass
2076 81.92672238343863 solMass / solMass
HaloMassEqualZero
2079 490.5413385738271 solMass / solMass
2080 2.197188384168741e+37 solMass / solMass
2081 8.03735197149162 solMass / solMass
2083 319.7529774062392 solMass / solMass
2084 2.5266965161787826e+40 solMass / solMass
2085 106.1372991029778 solMass / solMass
2086 416.0983543425099 solMass / solMass
2091 6.4482883925953 solMass / solMass
2093 302.5912400700771 solMass / solMass
2094 6.871914854050882 solMass / solMass
HaloMassEqualZero
2096 575.1123302716919 solMass / solMass
2098 2903.976396508669 solMass / solMass
2100 3.97208770416611 solMass / solMass
2102 2.5334879361673066e+37 solMass / solMass
2103 52.20110894825843 solMass / solMass
2106 315.9584218047063 solMass / solMass
2107 147.43347449461976 solMass / solMass
2110 136.2352218109301 solMass / solMass
2111 4.997678446930467e+40 solMass / solMass
2112 493.34729721377164 solMass / solMass
2113 444.97818681234986 solMass / solMass
2117 264.53565139114374 solMass / solMass
2118 368.59686524951724 solMass / solMass
2119 104.57228773961162 solMass / solMass
2121 99.84031434389142 solMass / solMass
2122 1996.8981742175336 solMass / solMass
2123 438.6848713250889 solMass / solMass
2124 3.550266931645852e+40 solMass / solMass
2125 363.3862886191042 solMass / solMass
2127 402.6578442835789 solMass / solMass
2128 167.44661556008137 solMass / solMass
IsSatellite
2131 28.660341099152845 solMass / solMass
2132 1331.9393631307075 solMass / solMass
2133 36.368322122320166 solMass / solMass
HaloMassEqualZero
2137 2179.5499279386095 solMass / solMass
2139 3.519495801369743e+40 solMass / solMass
2141 109.5252785041406 solMass / solMass
2142 49.6684295048141 solMass / solMass
2143 201.67146191545504 solMass / solMass
2145 98.97251240520035 solMass / solMass
2148 131.04744022086635 solMass / solMass
2149 4.2370121397198485e+40 solMass / solMass
2151 162.1546760739078 solMass / solMass
2153 275.72497860682273 solMass / solMass
IsSatellite
2155 143.06987749484898 solMass / solMass
2156 2532.9530040718223 solMass / solMass
2157 120.22182680360386 solMass / solMass
2158 92.64858300722003 solMass / solMass
2159 400.461346179358 solMass / solMass
2160 500.0809903879846 solMass / solMass
2161 2135.3489408014916 solMass / solMass
2163 3.74471365353727e+40 solMass / solMass
2164 231.3553401695366 solMass / solMass
2165 324.63091280828985 solMass / solMass
2166 204.52229389613163 solMass / solMass
2167 141.24260774751153 solMass / solMass
IsSatellite
2170 72.5836787740243 solMass / solMass
2171 525.0898471738947 solMass / solMass
2172 401.2734239698405 solMass / solMass
2175 403.42912314124356 solMass / solMass
2176 3.008925875270822e+37 solMass / solMass
2178 362.8883580002535 solMass / solMass
2179 1340.1117736600374 solMass / solMass
2180 263.79057017124154 solMass / solMass
2181 323.61821280580796 solMass / solMass
2182 568.5227100286952 solMass / solMass
2183 657.2085920047143 solMass / solMass
2184 9.343341159506153 solMass / solMass
2185 1536.715402783665 solMass / solMass
2186 5.371093027982646e+40 solMass / solMass
IsSatellite
2190 1350.7589631242909 solMass / solMass
2191 85.61224157391119 solMass / solMass
2192 1180.163156033523 solMass / solMass
2193 481.16866330663896 solMass / solMass
2197 2.36991685985828e+40 solMass / solMass
2199 643.5562346599428 solMass / solMass
2201 3.9748369531833084e+40 solMass / solMass
2202 94.98692996264109 solMass / solMass
2203 3.285925678071795e+40 solMass / solMass
2206 3.698271772884146e+40 solMass / solMass
2208 532.090922848044 solMass / solMass
2210 356.1503664064748 solMass / solMass
2211 2.37243261866649e+40 solMass / solMass
2213 162.0355891719575 solMass / solMass
2214 121.70204214270971 solMass / solMass
2215 294.3981322772216 solMass / solMass
2216 5.65286262264309e+40 solMass / solMass
2218 256.48305196271895 solMass / solMass
2219 2.910816268131622e+40 solMass / solMass
2220 651.5517206757844 solMass / solMass
2222 385.78869578899 solMass / solMass
IsSatellite
2224 348.38803801766346 solMass / solMass
2230 2.240932004057193e+37 solMass / solMass
2231 5.347703529576454e+40 solMass / solMass
2232 3.2853072906967647e+40 solMass / solMass
2233 4.714369949095048 solMass / solMass
2234 3.8777956841417256e+40 solMass / solMass
2235 24.931378664561592 solMass / solMass
2236 80.83431731150677 solMass / solMass
2237 407.9441260836208 solMass / solMass
2238 268.4995664555572 solMass / solMass
2239 1227.290623847611 solMass / solMass
2241 24.78220986583287 solMass / solMass
2244 341.09378182162055 solMass / solMass
2245 167.61509880712126 solMass / solMass
IsSatellite
2247 196.51538708229413 solMass / solMass
2248 352.23970076123624 solMass / solMass
2250 445.66120669308907 solMass / solMass
2252 110.83030286580217 solMass / solMass
2253 231.31465258394675 solMass / solMass
2254 4.269648370478439e+40 solMass / solMass
2256 308.7813428280478 solMass / solMass
2257 275.7069693045973 solMass / solMass
2258 1797.9624402181955 solMass / solMass
2261 26.65844071017441 solMass / solMass
2262 386.1425067390217 solMass / solMass
2264 280.076630241574 solMass / solMass
2265 414.6936423180525 solMass / solMass
2266 270.4334370685604 solMass / solMass
2268 243.66203940564583 solMass / solMass
2269 37.70549158405794 solMass / solMass
2270 691.0293243551113 solMass / solMass
2271 3.7720214357853723e+40 solMass / solMass
2273 545.3031177991861 solMass / solMass
2274 2.9370565372890445 solMass / solMass
2275 223.52324738080986 solMass / solMass
2276 604.5990930930956 solMass / solMass
2277 217.84257332024978 solMass / solMass
2278 194.75015160292494 solMass / solMass
2280 1931.4845161089265 solMass / solMass
IsSatellite
2284 785.8057521505664 solMass / solMass
2285 282.1396686998043 solMass / solMass
2286 450.8145587816933 solMass / solMass
2287 13.077242430679334 solMass / solMass
2288 584.778562123884 solMass / solMass
2289 26.793525038184757 solMass / solMass
2290 51.66196850702693 solMass / solMass
2291 321.34972749881433 solMass / solMass
2293 660.9390083802991 solMass / solMass
2295 561.5915923424283 solMass / solMass
2301 163.25544995875148 solMass / solMass
2303 46.271325730008684 solMass / solMass
2305 166.05799553094835 solMass / solMass
2306 4.1113442328262327e+40 solMass / solMass
2307 545.8514236305496 solMass / solMass
2309 286.1611008428564 solMass / solMass
2310 733.1165557800681 solMass / solMass
2311 211.5434850900796 solMass / solMass
2312 5.735236444833471e+40 solMass / solMass
2313 2811.2319548536975 solMass / solMass
2314 349.7893768092928 solMass / solMass
2316 4.783468728859721e+40 solMass / solMass
2317 81.4539717874044 solMass / solMass
2321 43.353609949154894 solMass / solMass
2322 2117.1323145218357 solMass / solMass
2323 26.22076451271595 solMass / solMass
2324 171.86029485876728 solMass / solMass
2326 795.4465524699815 solMass / solMass
2328 271.2747167423786 solMass / solMass
IsSatellite
2330 227.8537231643789 solMass / solMass
2332 1051.849409429167 solMass / solMass
2333 199.99972296761584 solMass / solMass
2335 156.6914957098533 solMass / solMass
2338 246.26677884397367 solMass / solMass
2339 59.4903043912676 solMass / solMass
2341 897.8036404401291 solMass / solMass
2342 154.86696443407808 solMass / solMass
2344 1351.8993151547159 solMass / solMass
2353 1070.812197799719 solMass / solMass
2354 4.1941232291635493e+40 solMass / solMass
2355 360.41484962920424 solMass / solMass
2356 28.24983147922612 solMass / solMass
2360 24.14261975477135 solMass / solMass
2361 867.2231329882856 solMass / solMass
2363 15.85726489136179 solMass / solMass
2365 57.1508152293559 solMass / solMass
2366 130.45060125210972 solMass / solMass
2367 250.8384301833942 solMass / solMass
2368 161.84923171411845 solMass / solMass
2369 62.125014973448124 solMass / solMass
2370 688.0262054294791 solMass / solMass
IsSatellite
2372 493.2672033570186 solMass / solMass
2373 6.715758310705473e+40 solMass / solMass
2374 375.34243842582634 solMass / solMass
2375 211.62828647117001 solMass / solMass
2376 810.8382791790166 solMass / solMass
2377 4.9727977890244125e+40 solMass / solMass
2378 51.91494218747826 solMass / solMass
2380 163.04953995892393 solMass / solMass
2381 379.72763932587475 solMass / solMass
2382 281.7351997640894 solMass / solMass
2384 56.81075382921676 solMass / solMass
2388 381.7409252274983 solMass / solMass
2392 552.5612618870312 solMass / solMass
2394 156.3406507925745 solMass / solMass
2395 19.50088509933294 solMass / solMass
2397 5.929942081625682e+40 solMass / solMass
2398 235.33746602539773 solMass / solMass
2399 1316.4215368095454 solMass / solMass
2400 2.758604793647656e+37 solMass / solMass
2403 45.68510571938763 solMass / solMass
2404 3.1415481996647573e+40 solMass / solMass
2405 34.04496064806771 solMass / solMass
2406 490.4233067791471 solMass / solMass
2408 1169.2481514056424 solMass / solMass
2409 632.5046826691139 solMass / solMass
2410 177.60881925720972 solMass / solMass
2413 172.60518267548372 solMass / solMass
2415 69.25748961539205 solMass / solMass
2419 580.1031943432425 solMass / solMass
2420 2198.3585734512153 solMass / solMass
2421 217.91891164322195 solMass / solMass
IsSatellite
2426 0.9025772714381542 solMass / solMass
2427 43.10002592372582 solMass / solMass
2428 107.64487709089451 solMass / solMass
2430 289.6675897446746 solMass / solMass
2433 129.15080777654924 solMass / solMass
2436 757.3893772148252 solMass / solMass
2437 236.77873811236756 solMass / solMass
2438 1140.7567936718765 solMass / solMass
2439 303.8799687233892 solMass / solMass
2442 505.0326695522512 solMass / solMass
2443 29.047841156190227 solMass / solMass
IsSatellite
2446 953.8195373394127 solMass / solMass
2447 11.988165876921114 solMass / solMass
2448 485.9850175769801 solMass / solMass
2449 298.4084148421347 solMass / solMass
2451 5.871182734102685e+40 solMass / solMass
2452 6.522011504032326 solMass / solMass
2453 921.4909705470675 solMass / solMass
2456 608.6345449196918 solMass / solMass
2457 6.2800124271465165e+40 solMass / solMass
2459 696.3321025533196 solMass / solMass
2461 1360.028272671227 solMass / solMass
2462 13.865971890142626 solMass / solMass
2463 699.9610406236138 solMass / solMass
2464 347.173688204932 solMass / solMass
2465 271.31049195074456 solMass / solMass
2466 608.3632491967061 solMass / solMass
2467 191.69179903178224 solMass / solMass
2468 228.38963834586295 solMass / solMass
2470 603.3432559186901 solMass / solMass
2471 104.06338809264305 solMass / solMass
2473 299.67367824220923 solMass / solMass
2474 718.5353024904501 solMass / solMass
2475 506.7687185952156 solMass / solMass
2479 1516.0465363894473 solMass / solMass
2480 138.86259181798837 solMass / solMass
2488 2037.6775535100692 solMass / solMass
2489 1021.4356841785227 solMass / solMass
2491 103.48395777513751 solMass / solMass
2492 2.496570850807763e+37 solMass / solMass
2493 5.076352722654419e+40 solMass / solMass
2498 1064.9361688768759 solMass / solMass
2499 11.59990038350945 solMass / solMass
2500 837.264496150364 solMass / solMass
2501 235.25530046899863 solMass / solMass
2502 373.5133761533878 solMass / solMass
2503 492.49155266642026 solMass / solMass
2504 66.34792404704608 solMass / solMass
2506 550.6937067938645 solMass / solMass
IsSatellite
2508 1539.2976498324606 solMass / solMass
2509 7.614022245465239e+40 solMass / solMass
2510 354.422876694605 solMass / solMass
2511 46.93851845849722 solMass / solMass
2512 677.2415813663155 solMass / solMass
2513 1827.2970048944467 solMass / solMass
2517 62.51468702796607 solMass / solMass
2518 4.636023945734025e+40 solMass / solMass
2519 1694.051827791813 solMass / solMass
2523 31.165530688273886 solMass / solMass
2526 2432.810538874429 solMass / solMass
2527 258.2256312094708 solMass / solMass
2529 194.02351654490226 solMass / solMass
2530 17.265076523245938 solMass / solMass
2531 215.00893994601404 solMass / solMass
2532 773.6418651197581 solMass / solMass
2533 518.287937526316 solMass / solMass
HaloMassEqualZero
2535 285.32445283133814 solMass / solMass
2536 250.1563796039151 solMass / solMass
2537 371.3091504801638 solMass / solMass
2538 3.597440203675123e+37 solMass / solMass
IsSatellite
2540 56.01120586497642 solMass / solMass
2541 22.10014870461046 solMass / solMass
2543 124.48397786793966 solMass / solMass
2545 15.881028236931511 solMass / solMass
2546 44.78081464069914 solMass / solMass
2548 561.2893478264025 solMass / solMass
2549 6.7680558295429925e+40 solMass / solMass
2550 679.9806282675106 solMass / solMass
2551 614.0328890751235 solMass / solMass
2555 46.041215860433645 solMass / solMass
2556 30.479340584137162 solMass / solMass
2557 233.73225694675372 solMass / solMass
2559 162.59061556004818 solMass / solMass
2560 1102.4660683522347 solMass / solMass
2561 118.5782438781881 solMass / solMass
2562 837.8354793360005 solMass / solMass
2563 2098.194651342402 solMass / solMass
2565 2.693275459356614e+37 solMass / solMass
2566 240.79340671987634 solMass / solMass
2567 231.9379210016011 solMass / solMass
2568 26.505456057091205 solMass / solMass
2569 225.34683454670807 solMass / solMass
2570 415.16649555719926 solMass / solMass
2571 3.36803868194664e+37 solMass / solMass
2574 4.934829419922349e+40 solMass / solMass
2576 1766.5146883924383 solMass / solMass
2577 234.4782936930891 solMass / solMass
IsSatellite
2582 92.73522848863011 solMass / solMass
2583 224.67741122260526 solMass / solMass
2584 30.774591984847866 solMass / solMass
2585 3078.9824194590055 solMass / solMass
2586 42.547707722258046 solMass / solMass
2591 348.63998124814526 solMass / solMass
2592 1793.6782270130698 solMass / solMass
2593 106.4269535983538 solMass / solMass
2594 158.64348480061588 solMass / solMass
IsSatellite
2596 1465.9443845570383 solMass / solMass
2597 961.5379726473169 solMass / solMass
2598 220.08210020527375 solMass / solMass
2599 107.90642443971623 solMass / solMass
2600 57.69395742136331 solMass / solMass
IsSatellite
2602 339.60321032177717 solMass / solMass
2603 393.22237559621516 solMass / solMass
2604 787.6781991310721 solMass / solMass
2605 4.3731895796678e+40 solMass / solMass
2606 230.394098351114 solMass / solMass
2607 658.497422537759 solMass / solMass
2609 1507.7173287791722 solMass / solMass
IsSatellite
IsSatellite
2613 60.63657411254234 solMass / solMass
2614 144.9613263629513 solMass / solMass
2615 28.39331876779209 solMass / solMass
2619 149.58359197481377 solMass / solMass
2620 717.2880093931765 solMass / solMass
2623 49.31028123604838 solMass / solMass
2624 848.0572294476272 solMass / solMass
2625 247.5142403053102 solMass / solMass
2626 436.07701346781954 solMass / solMass
2627 206.08516401407857 solMass / solMass
2629 605.6714363783744 solMass / solMass
2630 103.48434386563167 solMass / solMass
2635 107.1607531421768 solMass / solMass
2636 768.6103026134837 solMass / solMass
IsSatellite
2639 632.9875182482044 solMass / solMass
2640 650.410654924219 solMass / solMass
2644 68.97565743619728 solMass / solMass
2645 93.21809074625499 solMass / solMass
2646 897.2385459888794 solMass / solMass
2648 74.96406804240496 solMass / solMass
2650 1487.2468222546618 solMass / solMass
2651 4.486765232518371e+37 solMass / solMass
2652 84.31372894644672 solMass / solMass
2653 3581.113373565204 solMass / solMass
2654 1491.6832965230199 solMass / solMass
2656 204.7941480668632 solMass / solMass
2657 9.121811496598479 solMass / solMass
2659 702.5338755199815 solMass / solMass
2663 844.1271758827868 solMass / solMass
2664 798.2445957766149 solMass / solMass
HaloMassEqualZero
2667 456.3795645549822 solMass / solMass
IsSatellite
2669 84.42478061851871 solMass / solMass
2670 182.39398183982087 solMass / solMass
2672 158.69948524652722 solMass / solMass
2673 212.96848124878616 solMass / solMass
2674 279.1130617447896 solMass / solMass
2676 41.56757368334304 solMass / solMass
2677 5.17087501366009e+40 solMass / solMass
2678 265.3458500891852 solMass / solMass
2679 64.15512868320772 solMass / solMass
2680 4.122674598288174e+40 solMass / solMass
IsSatellite
2684 858.3796406294606 solMass / solMass
2685 263.7565107516181 solMass / solMass
2686 489.7106779530833 solMass / solMass
2687 688.6273475150581 solMass / solMass
2689 99.44128292253636 solMass / solMass
2691 84.9638920649574 solMass / solMass
2692 593.9769806677826 solMass / solMass
2695 280.17959466371605 solMass / solMass
2697 357.9874853629199 solMass / solMass
2699 700.1174009299273 solMass / solMass
2701 777.6972234477809 solMass / solMass
2702 70.35625077113292 solMass / solMass
2703 550.0980552549182 solMass / solMass
2705 741.2800473517588 solMass / solMass
2706 1269.908538248211 solMass / solMass
2707 7.074784080399122e+40 solMass / solMass
2709 1268.6511587229998 solMass / solMass
2710 824.4194432370583 solMass / solMass
2711 141.98564739684102 solMass / solMass
2712 1124.8525379697353 solMass / solMass
2713 13.7644695431941 solMass / solMass
2719 22.746578414963828 solMass / solMass
2723 977.9353973981673 solMass / solMass
2725 306.9532505347191 solMass / solMass
2726 166.8058930962466 solMass / solMass
2727 95.39164515397592 solMass / solMass
2728 1725.1477195248058 solMass / solMass
2730 2581.3715489329597 solMass / solMass
2731 576.4371696313989 solMass / solMass
2733 5.633620974184264e+40 solMass / solMass
2737 1907.696956951746 solMass / solMass
2738 188.47498493410347 solMass / solMass
2739 173.94486077228717 solMass / solMass
2740 670.1450099904583 solMass / solMass
IsSatellite
2742 34.069640863943484 solMass / solMass
2744 200.97427826812117 solMass / solMass
2745 409.84064103707544 solMass / solMass
2748 1280.302673096321 solMass / solMass
2751 1205.732040366561 solMass / solMass
2752 166.62337280078984 solMass / solMass
2754 89.22174838878219 solMass / solMass
2757 2.385739293398009e+37 solMass / solMass
2758 35.559660768095334 solMass / solMass
2761 585.0600692661939 solMass / solMass
2763 148.99531895627044 solMass / solMass
2764 865.0754209038504 solMass / solMass
2765 7.391496119963318e+40 solMass / solMass
2766 676.2432677293748 solMass / solMass
2767 509.60237009249124 solMass / solMass
2769 37.25243376837736 solMass / solMass
2770 59.52124411868479 solMass / solMass
2771 1644.8903848459845 solMass / solMass
2772 76.9253251237813 solMass / solMass
2774 4.449705299419314e+40 solMass / solMass
2777 1402.9199197601886 solMass / solMass
IsSatellite
2779 9.00361613305442e+40 solMass / solMass
2780 3.8393317360117774e+37 solMass / solMass
2783 2981.1376107116052 solMass / solMass
2784 96.33404391998612 solMass / solMass
2785 477.1494955943447 solMass / solMass
2786 43.15780702200359 solMass / solMass
2789 253.7571777498622 solMass / solMass
2790 1349.0229118335092 solMass / solMass
2791 308.5773493151699 solMass / solMass
2793 519.7741838393608 solMass / solMass
2794 366.8457279370562 solMass / solMass
2795 517.6718000106508 solMass / solMass
2797 90.29710309070141 solMass / solMass
2798 159.6863069375956 solMass / solMass
2800 59.844019625729814 solMass / solMass
2802 142.5915203158628 solMass / solMass
2803 965.9225180601318 solMass / solMass
2804 122.19536736082696 solMass / solMass
2807 22.286426388297144 solMass / solMass
2808 973.2923616836064 solMass / solMass
2809 421.7802184189409 solMass / solMass
2810 10064.457262481637 solMass / solMass
2814 550.6291562140636 solMass / solMass
2815 253.70456458930698 solMass / solMass
2816 59.754939943401226 solMass / solMass
2817 1.7320117699299153e+38 solMass / solMass
2818 498.59072958629923 solMass / solMass
2820 243.10443074724466 solMass / solMass
2823 5.021742650821914 solMass / solMass
2826 133.1665067454068 solMass / solMass
2827 48.23792708419294 solMass / solMass
2829 4.762718738109871e+40 solMass / solMass
2832 1062.0104548792513 solMass / solMass
2833 62.113855618200645 solMass / solMass
2835 996.6033254635555 solMass / solMass
2836 187.03330758028108 solMass / solMass
2838 1918.0914459207513 solMass / solMass
2840 914.1775115054504 solMass / solMass
2841 768.1690793954718 solMass / solMass
2842 78.5355959493243 solMass / solMass
2843 388.7838583887215 solMass / solMass
2844 348.7368858855816 solMass / solMass
2847 222.34730537223524 solMass / solMass
2848 77.31944212434671 solMass / solMass
IsSatellite
2853 205.8249056716371 solMass / solMass
2854 36.11004237441951 solMass / solMass
2855 642.8838962794154 solMass / solMass
2856 403.6888796947699 solMass / solMass
2857 1731.0791547843507 solMass / solMass
2858 399.9080508465808 solMass / solMass
2861 8.065429941325292e+40 solMass / solMass
2862 3.5352356903761986 solMass / solMass
2865 605.2755131030814 solMass / solMass
2868 220.8790935760417 solMass / solMass
2869 793.9067977680955 solMass / solMass
2870 688.101066316205 solMass / solMass
2871 230.32698574939437 solMass / solMass
2872 3.0149283737406165 solMass / solMass
2873 782.9653881594012 solMass / solMass
2874 628.2031218049066 solMass / solMass
2875 4.992387631297586e+40 solMass / solMass
2876 64.96057320576394 solMass / solMass
2877 3.6773384836520405e+37 solMass / solMass
2878 152.98421498438825 solMass / solMass
2879 474.0728882245857 solMass / solMass
2882 261.0958311795908 solMass / solMass
2883 155.24981231428723 solMass / solMass
2884 2948.0062507430885 solMass / solMass
2885 3.1942472092523785e+37 solMass / solMass
2886 66.58446096629973 solMass / solMass
2887 606.5667531861969 solMass / solMass
2888 35.24048720558641 solMass / solMass
2889 2152.5487791443497 solMass / solMass
2890 320.1509289294994 solMass / solMass
2891 2682.902357620721 solMass / solMass
2892 1311.0852990953927 solMass / solMass
2893 761.1485895417521 solMass / solMass
2894 838.5882730768246 solMass / solMass
2896 188.48312939990166 solMass / solMass
2897 283.1636384305408 solMass / solMass
2898 42.992220577662565 solMass / solMass
2900 4447.523700838417 solMass / solMass
2901 581.0629756490933 solMass / solMass
2902 3902.9522991654444 solMass / solMass
2903 827.0373789769833 solMass / solMass
2904 1031.559051871942 solMass / solMass
2905 50.57825212685724 solMass / solMass
2909 258.0736244810216 solMass / solMass
IsSatellite
2913 121.93020906121296 solMass / solMass
2915 978.1421326909084 solMass / solMass
2916 286.14278475496684 solMass / solMass
2920 6.729781087566126e+40 solMass / solMass
2923 1.1901955942233684e+41 solMass / solMass
2926 427.80809866983185 solMass / solMass
2928 263.4511988688745 solMass / solMass
HaloMassEqualZero
2931 832.9358817830196 solMass / solMass
2932 2123.1919812493315 solMass / solMass
2934 9.834543711450505e+40 solMass / solMass
2937 68.78514592569273 solMass / solMass
2939 507.3386977849722 solMass / solMass
2940 4.258012119855933e+41 solMass / solMass
2941 1849.6696677216216 solMass / solMass
2943 4269.049529205049 solMass / solMass
2945 472.49350599714563 solMass / solMass
2946 4.1697927292519004e+37 solMass / solMass
2947 1572.6868907106 solMass / solMass
2948 948.4517044454514 solMass / solMass
2951 147.2890762271689 solMass / solMass
2952 9.11887088409361e+40 solMass / solMass
2955 243.07571953325683 solMass / solMass
IsSatellite
2958 6.64180610332648e+40 solMass / solMass
2959 769.7409243364573 solMass / solMass
2960 6.161966573886134e+40 solMass / solMass
2961 76.56108810790866 solMass / solMass
2963 433.8623982082438 solMass / solMass
2965 0.0 solMass / solMass
IsSatellite
HaloMassEqualZero
2968 214.0444314688786 solMass / solMass
2970 46.3542054690906 solMass / solMass
2972 1252.6615648813238 solMass / solMass
2973 296.6223729323465 solMass / solMass
2974 79.81267425718083 solMass / solMass
IsSatellite
IsSatellite
2980 477.40099330988517 solMass / solMass
2982 202.79655136147414 solMass / solMass
2984 175.79533631837407 solMass / solMass
2985 916.1844285710768 solMass / solMass
2986 9.750813062494654e+40 solMass / solMass
2987 299.1036298773565 solMass / solMass
2988 2419.168349462965 solMass / solMass
2989 610.5148387584976 solMass / solMass
2992 6.01712709154567e+40 solMass / solMass
2995 175.60778213582788 solMass / solMass
2996 1820.2463784821143 solMass / solMass
2998 920.9438354975603 solMass / solMass
2999 52.6450481685923 solMass / solMass
123AllDone123
