yt : [INFO     ] 2017-07-21 12:15:36,663 Parameters: current_time              = 3.75573054458e+16
yt : [INFO     ] 2017-07-21 12:15:36,663 Parameters: domain_dimensions         = [2 2 2]
yt : [INFO     ] 2017-07-21 12:15:36,664 Parameters: domain_left_edge          = [ 0.  0.  0.]
yt : [INFO     ] 2017-07-21 12:15:36,664 Parameters: domain_right_edge         = [  2.22535528e+25   2.22535528e+25   2.22535528e+25]
yt : [INFO     ] 2017-07-21 12:15:36,664 Parameters: cosmological_simulation   = 1
yt : [INFO     ] 2017-07-21 12:15:36,665 Parameters: current_redshift          = 4.99999989717
yt : [INFO     ] 2017-07-21 12:15:36,665 Parameters: omega_lambda              = 0.712
yt : [INFO     ] 2017-07-21 12:15:36,665 Parameters: omega_matter              = 0.288
yt : [INFO     ] 2017-07-21 12:15:36,665 Parameters: hubble_constant           = 0.6933
yt : [INFO     ] 2017-07-21 12:15:36,775 Parameters: current_time              = 158.01758335504
yt : [INFO     ] 2017-07-21 12:15:36,775 Parameters: domain_dimensions         = [128 128 128]
yt : [INFO     ] 2017-07-21 12:15:36,776 Parameters: domain_left_edge          = [ 0.  0.  0.]
yt : [INFO     ] 2017-07-21 12:15:36,776 Parameters: domain_right_edge         = [ 1.  1.  1.]
yt : [INFO     ] 2017-07-21 12:15:36,777 Parameters: cosmological_simulation   = 1
yt : [INFO     ] 2017-07-21 12:15:36,777 Parameters: current_redshift          = 4.9999998971749
yt : [INFO     ] 2017-07-21 12:15:36,777 Parameters: omega_lambda              = 0.712
yt : [INFO     ] 2017-07-21 12:15:36,777 Parameters: omega_matter              = 0.288
yt : [INFO     ] 2017-07-21 12:15:36,777 Parameters: hubble_constant           = 0.6933
yt : [INFO     ] 2017-07-21 12:15:36,780 Allocating for 8.021e+03 particles (index particle type 'all')
yt : [INFO     ] 2017-07-21 12:15:36,787 Identified 2.761e+03 octs
OutOfBounds
OutOfBounds
OutOfBounds
OutOfBounds
OutOfBounds
OutOfBounds
OutOfBounds
OutOfBounds
OutOfBounds
OutOfBounds
OutOfBounds
OutOfBounds
OutOfBounds
OutOfBounds
OutOfBounds
OutOfBounds
OutOfBounds
OutOfBounds
OutOfBounds
OutOfBounds
OutOfBounds
OutOfBounds
OutOfBounds
OutOfBounds
OutOfBounds
OutOfBounds
OutOfBounds
OutOfBounds
OutOfBounds
OutOfBounds
OutOfBounds
OutOfBounds
OutOfBounds
OutOfBounds
OutOfBounds
OutOfBounds
OutOfBounds
Parsing Hierarchy :   0%|          | 0/37643 [00:00<?, ?it/s]Parsing Hierarchy :   3%|▎         | 1011/37643 [00:00<00:03, 10107.65it/s]Parsing Hierarchy :   8%|▊         | 3103/37643 [00:00<00:02, 13347.89it/s]Parsing Hierarchy :  14%|█▍        | 5244/37643 [00:00<00:02, 15720.20it/s]Parsing Hierarchy :  20%|█▉        | 7373/37643 [00:00<00:01, 17388.61it/s]Parsing Hierarchy :  25%|██▌       | 9450/37643 [00:00<00:01, 18384.50it/s]Parsing Hierarchy :  31%|███       | 11526/37643 [00:00<00:01, 19095.08it/s]Parsing Hierarchy :  35%|███▌      | 13317/37643 [00:00<00:01, 16379.89it/s]Parsing Hierarchy :  41%|████      | 15365/37643 [00:00<00:01, 17609.34it/s]Parsing Hierarchy :  46%|████▋     | 17422/37643 [00:00<00:01, 18497.47it/s]Parsing Hierarchy :  52%|█████▏    | 19490/37643 [00:01<00:00, 19151.02it/s]Parsing Hierarchy :  57%|█████▋    | 21536/37643 [00:01<00:00, 19541.78it/s]Parsing Hierarchy :  63%|██████▎   | 23614/37643 [00:01<00:00, 19912.40it/s]Parsing Hierarchy :  68%|██████▊   | 25684/37643 [00:01<00:00, 20148.44it/s]Parsing Hierarchy :  74%|███████▎  | 27690/37643 [00:01<00:00, 16970.44it/s]Parsing Hierarchy :  79%|███████▉  | 29761/37643 [00:01<00:00, 18091.42it/s]Parsing Hierarchy :  84%|████████▍ | 31774/37643 [00:01<00:00, 18702.76it/s]Parsing Hierarchy :  90%|████████▉ | 33846/37643 [00:01<00:00, 19305.57it/s]Parsing Hierarchy :  95%|█████████▌| 35924/37643 [00:01<00:00, 19747.01it/s]Parsing Hierarchy : 100%|██████████| 37643/37643 [00:02<00:00, 18152.39it/s]
yt : [INFO     ] 2017-07-21 12:15:46,153 Gathering a field list (this may take a moment.)
[37, 8020, 31637139972.5335, 27.034325348122415, 45542010347.31241, 18.642015377264265]
OutOfBounds
[39, 8019, 31145267317.75331, 29.516812261838293, 43680232068.95641, 18.38444152928971]
OutOfBounds
OutOfBounds
[42, 8018, 24636667745.88724, 18.602650699102014, 1.8464356049282753e+45, 80.55111846550778]
OutOfBounds
[44, 8016, 19851895439.060352, 22.56308749893527, 26188275103.792156, 15.502119991750636]
OutOfBounds
OutOfBounds
OutOfBounds
OutOfBounds
OutOfBounds
OutOfBounds
OutOfBounds
[52, 8012, 14528578642.96001, 20.069527446358478, 17935901947.666725, 13.664587827032094]
OutOfBounds
[54, 8010, 13051445363.028963, 16.341642604426106, 18923930456.565933, 13.911028609722887]
OutOfBounds
OutOfBounds
[57, 8009, 11658866901.827364, 17.03721459472074, 15607526717.686697, 13.045683111731975]
OutOfBounds
OutOfBounds
[60, 8008, 10845140423.052687, 16.893124931387742, 14827857764.38334, 12.824731057982103]
OutOfBounds
OutOfBounds
OutOfBounds
[64, 8007, 9342852842.504234, 14.44249067606836, 12720898356.622812, 12.186006071398298]
OutOfBounds
OutOfBounds
OutOfBounds
[68, 8006, 8531247810.917381, 18.166520838956338, 11446419653.89245, 11.764641132979763]
[69, 8005, 8444268481.149713, 16.306216493853928, 10981279896.621254, 11.603075452970195]
OutOfBounds
OutOfBounds
OutOfBounds
OutOfBounds
OutOfBounds
OutOfBounds
OutOfBounds
[77, 8002, 7179886035.105527, 13.641913552162439, 9337156264.52863, 10.992429063494622]
[78, 8001, 6959558604.838317, 11.889229285809646, 9106587152.371048, 10.901192583641462]
OutOfBounds
OutOfBounds
OutOfBounds
[82, 8000, 6643159929.166232, 16.21426896328598, 8884424119.427214, 10.81181377774923]
OutOfBounds
OutOfBounds
[85, 7997, 6434955053.854778, 13.16834785460665, 7376896888.988029, 10.16201972834958]
OutOfBounds
OutOfBounds
[88, 7994, 5981874575.185149, 13.459496773942416, 8001168801.884841, 10.440948179850515]
OutOfBounds
OutOfBounds
OutOfBounds
OutOfBounds
OutOfBounds
OutOfBounds
OutOfBounds
[96, 7990, 5302708452.724844, 14.011354666362912, 6140769076.415888, 9.559379828157017]
OutOfBounds
OutOfBounds
OutOfBounds
OutOfBounds
[101, 7989, 5030557101.613409, 15.29605768953693, 6720404534.291439, 9.851157623433052]
[102, 7987, 4919938790.815257, 16.73484739619136, 5906662642.3324375, 9.436324162908532]
[103, 7985, 4475041036.365103, 11.99856486392657, 5904384773.965891, 9.435110986686949]
OutOfBounds
OutOfBounds
OutOfBounds
OutOfBounds
OutOfBounds
OutOfBounds
[110, 7982, 4090452991.28065, 13.726094908027463, 5429927537.583111, 9.175297202724014]
[111, 7981, 4009534939.027518, 13.114408765419766, 5194740462.943829, 9.040867008619834]
[112, 7980, 3978016297.192264, 14.105225637138307, 4947598971.905442, 8.895157171859246]
OutOfBounds
[114, 7979, 3746172440.1668825, 13.038800217912438, 4800590673.178831, 8.806169119316717]
OutOfBounds
OutOfBounds
OutOfBounds
OutOfBounds
OutOfBounds
OutOfBounds
[121, 7977, 3466444492.3449154, 11.369975546760259, 4861033279.86292, 8.84297357945633]
OutOfBounds
OutOfBounds
[124, 7975, 3442199383.096013, 11.470994608713175, 4555471590.379216, 8.653661639921927]
OutOfBounds
OutOfBounds
OutOfBounds
OutOfBounds
OutOfBounds
OutOfBounds
[131, 7974, 3283090853.8624983, 10.129655309295492, 4530187998.052977, 8.637622196291355]
OutOfBounds
OutOfBounds
OutOfBounds
OutOfBounds
[136, 7973, 3219750506.010876, 11.275318461544002, 4038825623.200677, 8.31330722080408]
OutOfBounds
OutOfBounds
OutOfBounds
OutOfBounds
OutOfBounds
OutOfBounds
[143, 7971, 3133680368.195892, 11.255511285606083, 3588498462.8387446, 7.992078068137537]
[144, 7970, 3101555598.396215, 8.980943797501766, 4062473225.3490343, 8.329500652671006]
[145, 7969, 3093979001.832721, 9.261266678695215, 3742673057.031998, 8.104932947410617]
OutOfBounds
OutOfBounds
OutOfBounds
[149, 7968, 3057914401.78574, 9.621109563357239, 3776720185.953537, 8.129435677945306]
[150, 7967, 3044882655.5211864, 12.424483784486284, 3476262558.886153, 7.9078723991878315]
OutOfBounds
OutOfBounds
[153, 7965, 2970935072.4050713, 11.882846329551894, 3409026191.1223035, 7.856556570507554]
OutOfBounds
OutOfBounds
OutOfBounds
[157, 7962, 2834859396.92018, 10.1615847113793, 3682365190.030746, 8.061163840758768]
OutOfBounds
OutOfBounds
[160, 7961, 2748486195.2306447, 8.149120698237619, 3167697747.530439, 7.666610058413648]
[161, 7960, 2693328571.7375717, 11.670270390208653, 3080466343.4579363, 7.595580170831301]
OutOfBounds
OutOfBounds
[164, 7959, 2668477334.738247, 9.923573180704608, 2817403671.3496656, 7.372902453743973]
[165, 7958, 2662719121.330313, 9.640862043610655, 3032262905.920015, 7.555752909543513]
OutOfBounds
OutOfBounds
OutOfBounds
