yt : [INFO     ] 2017-07-26 12:13:00,989 Parameters: current_time              = 3.75573054458e+16
yt : [INFO     ] 2017-07-26 12:13:00,989 Parameters: domain_dimensions         = [2 2 2]
yt : [INFO     ] 2017-07-26 12:13:00,990 Parameters: domain_left_edge          = [ 0.  0.  0.]
yt : [INFO     ] 2017-07-26 12:13:00,990 Parameters: domain_right_edge         = [  2.22535528e+25   2.22535528e+25   2.22535528e+25]
yt : [INFO     ] 2017-07-26 12:13:00,991 Parameters: cosmological_simulation   = 1
yt : [INFO     ] 2017-07-26 12:13:00,991 Parameters: current_redshift          = 4.99999989717
yt : [INFO     ] 2017-07-26 12:13:00,991 Parameters: omega_lambda              = 0.712
yt : [INFO     ] 2017-07-26 12:13:00,991 Parameters: omega_matter              = 0.288
yt : [INFO     ] 2017-07-26 12:13:00,991 Parameters: hubble_constant           = 0.6933
yt : [INFO     ] 2017-07-26 12:13:01,074 Parameters: current_time              = 158.01758335504
yt : [INFO     ] 2017-07-26 12:13:01,075 Parameters: domain_dimensions         = [128 128 128]
yt : [INFO     ] 2017-07-26 12:13:01,075 Parameters: domain_left_edge          = [ 0.  0.  0.]
yt : [INFO     ] 2017-07-26 12:13:01,076 Parameters: domain_right_edge         = [ 1.  1.  1.]
yt : [INFO     ] 2017-07-26 12:13:01,076 Parameters: cosmological_simulation   = 1
yt : [INFO     ] 2017-07-26 12:13:01,076 Parameters: current_redshift          = 4.9999998971749
yt : [INFO     ] 2017-07-26 12:13:01,076 Parameters: omega_lambda              = 0.712
yt : [INFO     ] 2017-07-26 12:13:01,076 Parameters: omega_matter              = 0.288
yt : [INFO     ] 2017-07-26 12:13:01,076 Parameters: hubble_constant           = 0.6933
yt : [INFO     ] 2017-07-26 12:13:01,079 Allocating for 8.021e+03 particles (index particle type 'all')
yt : [INFO     ] 2017-07-26 12:13:01,085 Identified 2.761e+03 octs
TimeNow:  1.1898342421552766 Gyr
IsSatellite
Parsing Hierarchy :   0%|          | 0/37643 [00:00<?, ?it/s]Parsing Hierarchy :   4%|▍         | 1535/37643 [00:00<00:02, 15349.94it/s]Parsing Hierarchy :  10%|▉         | 3724/37643 [00:00<00:01, 17309.10it/s]Parsing Hierarchy :  13%|█▎        | 4754/37643 [00:00<00:02, 15205.53it/s]Parsing Hierarchy :  18%|█▊        | 6871/37643 [00:00<00:01, 16994.80it/s]Parsing Hierarchy :  24%|██▎       | 8929/37643 [00:00<00:01, 18067.65it/s]Parsing Hierarchy :  29%|██▉       | 11089/37643 [00:00<00:01, 19125.86it/s]Parsing Hierarchy :  35%|███▍      | 13160/37643 [00:00<00:01, 17280.51it/s]Parsing Hierarchy :  41%|████      | 15345/37643 [00:00<00:01, 18648.86it/s]Parsing Hierarchy :  47%|████▋     | 17524/37643 [00:00<00:01, 19589.64it/s]Parsing Hierarchy :  52%|█████▏    | 19725/37643 [00:01<00:00, 20314.05it/s]Parsing Hierarchy :  58%|█████▊    | 21907/37643 [00:01<00:00, 20763.78it/s]Parsing Hierarchy :  64%|██████▍   | 24115/37643 [00:01<00:00, 21157.34it/s]Parsing Hierarchy :  70%|██████▉   | 26210/37643 [00:01<00:00, 18329.71it/s]Parsing Hierarchy :  75%|███████▌  | 28356/37643 [00:01<00:00, 19267.42it/s]Parsing Hierarchy :  81%|████████  | 30562/37643 [00:01<00:00, 20103.18it/s]Parsing Hierarchy :  87%|████████▋ | 32755/37643 [00:01<00:00, 20651.06it/s]Parsing Hierarchy :  93%|█████████▎| 34977/37643 [00:01<00:00, 21118.35it/s]Parsing Hierarchy :  99%|█████████▉| 37176/37643 [00:01<00:00, 21378.11it/s]Parsing Hierarchy : 100%|██████████| 37643/37643 [00:01<00:00, 19200.36it/s]
yt : [INFO     ] 2017-07-26 12:13:09,374 Gathering a field list (this may take a moment.)
39 6094209671671756.0 s
IsSatellite
IsSatellite
IsSatellite
IsSatellite
IsSatellite
60 7990838882212067.0 s
64 1.032620051351273e+16 s
IsSatellite
69 6688978746512106.0 s
77 7912454545147076.0 s
78 8221529336321734.0 s
82 8916836858892965.0 s
85 7703229576604560.0 s
88 6530711325750504.0 s
96 4395239389922480.0 s
101 5462109261769893.0 s
102 8767775271399597.0 s
103 5977070557582571.0 s
110 6736449992496625.0 s
111 7740631489361002.0 s
IsSatellite
114 5042998348953514.0 s
121 7102879181629497.0 s
124 7503447454159323.0 s
131 7654045228529536.0 s
136 8487519405421737.0 s
143 5638859470747764.0 s
144 7272712692586715.0 s
145 1.0354800542269256e+16 s
149 7657861701399852.0 s
150 9746239823058526.0 s
153 8087663415916263.0 s
157 5798763687987850.0 s
160 5522975055534488.0 s
161 1.0646045728436062e+16 s
164 1.0628190204459914e+16 s
165 7102933720488969.0 s
169 1.304069328802311e+16 s
170 7032066318763246.0 s
171 8914112894188546.0 s
173 9111040695301120.0 s
174 1.0573897859294692e+16 s
175 6623563527597903.0 s
178 1.3215644791071842e+16 s
179 4306036490833587.0 s
181 9036977423373164.0 s
183 5970797940728310.0 s
184 5186567838882088.0 s
185 3950567255147115.5 s
186 7005377562051305.0 s
191 8033021550805511.0 s
194 9838652027468058.0 s
196 4624145983708847.0 s
197 9013187216732334.0 s
198 6325683748345562.0 s
200 5875726801224679.0 s
203 5790683806934301.0 s
204 2700021131008433.0 s
206 4828294122056744.0 s
207 6154774436585009.0 s
208 1.3557115936692382e+16 s
209 4216162516960186.5 s
210 6209480079713630.0 s
211 4116713619290538.0 s
215 4148945790487874.0 s
216 1.0943245131409078e+16 s
218 6324210053758351.0 s
222 8179068621060907.0 s
IsSatellite
226 1.1745882868681378e+16 s
227 9113119621823634.0 s
229 8771288222450448.0 s
232 8115439651039173.0 s
233 5361347177158192.0 s
237 5350498751285550.0 s
239 7334316330010544.0 s
240 1.0956750523334984e+16 s
241 7183582288366000.0 s
242 5627105264606720.0 s
244 8148891889374520.0 s
245 1.297392394955451e+16 s
247 1011669423967927.4 s
250 5459732287345315.0 s
252 7217140871299862.0 s
253 1.116425168782074e+16 s
256 1.1162626809066704e+16 s
258 1.3355026889313734e+16 s
IsSatellite
260 4837229047118275.0 s
261 7819518831906316.0 s
262 7226086386241680.0 s
264 3446063708912044.5 s
266 9699632722941816.0 s
267 6549144055962648.0 s
269 5565599535180682.0 s
IsSatellite
273 5425150712432602.0 s
274 4441209661885033.5 s
288 6134768698764163.0 s
290 7827390131248956.0 s
IsSatellite
298 6932950403991821.0 s
300 1949520973119272.2 s
301 1.321505358640054e+16 s
303 7593513195968775.0 s
306 1777680371332042.2 s
308 1.0239790793952976e+16 s
310 7202139469798355.0 s
312 5962832754825297.0 s
315 7959444479258547.0 s
317 4287403752650049.5 s
320 8102389703441072.0 s
322 8665652097017324.0 s
324 7498790331843493.0 s
326 5815699270975363.0 s
330 0.0 s
331 5355254836281485.0 s
332 2674453121735292.0 s
334 5604911633123483.0 s
335 5328590954848648.0 s
336 1064480307640278.5 s
337 1.033420841121665e+16 s
341 1.3121150161455938e+16 s
342 1829830077154257.8 s
344 3980354084635025.0 s
345 4496245749992817.5 s
346 5084749115120487.0 s
347 8595879111011360.0 s
349 6601310787291108.0 s
350 5581868851041250.0 s
352 8244330785275736.0 s
354 6107958063479006.0 s
360 5695417754320024.0 s
366 5396955072511204.0 s
369 4145205758012601.5 s
373 5579921401053172.0 s
375 8191955579069064.0 s
376 1.032252877676183e+16 s
377 9270881609657762.0 s
378 6978781862645086.0 s
380 3572183581832767.0 s
381 4210567987734765.0 s
385 4690127197304447.0 s
387 8264968899099934.0 s
388 2631445967085689.0 s
389 2021326993843498.2 s
390 4647276565357562.0 s
396 6515308876589962.0 s
397 2271155627289522.5 s
398 8522739434272766.0 s
399 6278300934477472.0 s
400 5200393983461440.0 s
403 4320650073650070.5 s
406 9799138958363990.0 s
411 1.0341974126663168e+16 s
412 3044669889106662.5 s
416 7372623233690524.0 s
419 1021055864330712.0 s
423 1.2036692160955662e+16 s
429 6382117836604553.0 s
431 5196345378703588.0 s
434 3944268729269064.0 s
436 1.321255693260337e+16 s
437 0.0 s
438 3429122214751280.0 s
439 6556762050491674.0 s
447 6338166987698439.0 s
449 5514153270070059.0 s
451 3926923153290344.0 s
453 0.0 s
454 5607966615936083.0 s
455 2567999697534383.5 s
456 1.2610124476079348e+16 s
457 0.0 s
458 6748900349821775.0 s
459 1.2404049259177514e+16 s
461 2348617951687909.5 s
463 6462566530254355.0 s
467 1.162240094607932e+16 s
468 2397426086056702.0 s
472 1.476952180467738e+16 s
475 6792135474226784.0 s
476 7415382390499944.0 s
477 6090642853466414.0 s
IsSatellite
480 6254313008312982.0 s
482 1.227053406189886e+16 s
485 4845300096603014.0 s
486 0.0 s
487 5083569290880376.0 s
489 4981760936782440.0 s
490 8270121254815317.0 s
IsSatellite
494 3795513143597861.0 s
499 4612004061773950.0 s
503 5755158675890172.0 s
505 1.248735064513646e+16 s
507 1779237255651652.5 s
508 7608494230092980.0 s
510 1828497267748310.2 s
515 1.0408080735649978e+16 s
517 6840151971217533.0 s
518 5804021500005424.0 s
521 4117298687110462.5 s
523 4864252946995354.0 s
524 7545290745728573.0 s
526 4961539656753604.0 s
527 4279253383123097.5 s
528 6463374582845098.0 s
529 3103861108863111.5 s
532 4877029404992411.0 s
537 4233976051177657.5 s
538 1.2568295649250698e+16 s
539 6066888765488463.0 s
IsSatellite
541 6121333747107223.0 s
542 5015462108378659.0 s
543 7799329538355853.0 s
546 6784854869577871.0 s
547 3976094410253983.0 s
548 4405171933047123.0 s
550 3882945391437558.5 s
551 1.2192652886592106e+16 s
553 4554400965565758.0 s
556 2026570039993225.0 s
557 7795017056790592.0 s
561 3317823947853869.5 s
562 1.6909301706070224e+16 s
567 1.115052454762065e+16 s
568 4983808933428766.0 s
574 4838766126071900.0 s
576 4858100010246381.0 s
579 3448232115867969.5 s
583 6747596258240484.0 s
584 5418448366268393.0 s
585 4682012961572663.0 s
587 4321279746759206.0 s
588 2911808315097220.5 s
589 1.2474728810532926e+16 s
590 2930495027095865.5 s
591 3237231808294028.5 s
592 5164161322380067.0 s
593 1745082928028258.0 s
595 4241627530940886.0 s
596 5587169778151890.0 s
598 0.0 s
599 7702823399835478.0 s
600 3818735050564415.5 s
601 0.0 s
603 1.0500740214446756e+16 s
604 4334594727022358.0 s
607 1.0657301303253776e+16 s
611 0.0 s
612 0.0 s
614 6207682802884476.0 s
617 0.0 s
618 0.0 s
620 4834062986796526.0 s
621 865731060551059.6 s
622 6414454590030956.0 s
624 8217598323870408.0 s
626 3011441458782693.5 s
627 8686169349686226.0 s
629 4835459588692613.0 s
631 8915586823499010.0 s
634 0.0 s
636 6877305426411120.0 s
638 3120931784692061.0 s
639 2246185697735789.8 s
643 1.0965117860447168e+16 s
646 9000174302317260.0 s
648 0.0 s
652 0.0 s
653 1734587694320589.8 s
655 0.0 s
657 1.1989324770544002e+16 s
659 1.061219537234039e+16 s
661 0.0 s
662 6652121489193357.0 s
663 0.0 s
664 6382567173830554.0 s
666 4238708702774656.5 s
669 2690602344870621.0 s
670 1.270212146672374e+16 s
673 0.0 s
675 2388824393539241.0 s
676 2578416354476756.5 s
677 4678298092694302.0 s
679 0.0 s
680 5844313380126554.0 s
682 8877202692062179.0 s
683 0.0 s
684 1.3190098409145982e+16 s
685 8912660297555149.0 s
IsSatellite
688 4801207342641435.0 s
689 0.0 s
690 7232429299629665.0 s
691 0.0 s
692 1333226872722319.2 s
695 1766890982681173.2 s
697 7561336726081773.0 s
698 1.47819349739259e+16 s
700 9330265381261922.0 s
702 1.1111773816174262e+16 s
703 9239429133403448.0 s
704 5661138396580396.0 s
705 2341502564586316.0 s
706 3403621980811042.0 s
707 0.0 s
708 6994910578971354.0 s
IsSatellite
713 0.0 s
715 0.0 s
716 4531451064447595.0 s
717 5023489313257104.0 s
718 1.0989958052500674e+16 s
719 7899081123890279.0 s
720 6610574977462043.0 s
726 4944622050114368.0 s
729 0.0 s
IsSatellite
731 6319498894152100.0 s
732 7393691752780207.0 s
735 5179590110710278.0 s
736 0.0 s
737 0.0 s
740 0.0 s
742 0.0 s
746 7606689859228865.0 s
747 6726989480401487.0 s
748 0.0 s
IsSatellite
752 0.0 s
753 0.0 s
754 0.0 s
757 9657210498454428.0 s
761 0.0 s
762 1.360520138794178e+16 s
765 5007328255332481.0 s
766 3801692029628016.0 s
768 1093193776096238.5 s
770 2621233633469984.5 s
771 0.0 s
772 1869248084421365.8 s
773 4538600084643867.0 s
IsSatellite
778 1822937285902431.5 s
779 8400215389386853.0 s
IsSatellite
782 9255586681638664.0 s
784 5096704388688659.0 s
788 0.0 s
789 0.0 s
796 2891519523897573.0 s
797 4403066958725510.5 s
799 0.0 s
800 2513226210097852.0 s
802 2592555223517430.0 s
803 0.0 s
805 5734951863516191.0 s
806 0.0 s
807 1.2935243056729884e+16 s
809 4688502840054281.0 s
812 3310129035369683.0 s
813 3938725520587761.5 s
814 5008779374605642.0 s
815 0.0 s
817 0.0 s
818 1.3385866127938948e+16 s
821 0.0 s
822 8102499267727882.0 s
823 8891028623425832.0 s
826 6659357009155559.0 s
827 0.0 s
834 0.0 s
835 0.0 s
838 5257704778217760.0 s
839 0.0 s
840 0.0 s
841 0.0 s
845 1820047013596195.8 s
846 2987109429291115.5 s
847 0.0 s
852 0.0 s
853 0.0 s
854 0.0 s
IsSatellite
859 5529974611191832.0 s
860 7342528255731344.0 s
861 5627557523901756.0 s
869 5581561017059459.0 s
871 6902728126758618.0 s
873 0.0 s
875 0.0 s
878 0.0 s
879 1.0879041339373604e+16 s
888 0.0 s
890 4284204561413671.5 s
893 5103754654549970.0 s
897 0.0 s
898 4515089955373986.0 s
IsSatellite
904 4380175334793985.5 s
905 0.0 s
906 5345520850986658.0 s
909 1.320743293481943e+16 s
910 4917992160647513.0 s
911 5533793171494969.0 s
912 0.0 s
915 0.0 s
918 0.0 s
920 0.0 s
921 2365911399886817.5 s
922 0.0 s
923 6240649734826062.0 s
924 0.0 s
925 5440540308787777.0 s
927 1.022464595554552e+16 s
929 1.2805447028128074e+16 s
930 5180048342832603.0 s
932 1.2755792674954278e+16 s
934 6414014315325000.0 s
935 5209705521928984.0 s
936 1.1917291839896152e+16 s
937 0.0 s
938 0.0 s
939 5216812376769328.0 s
944 4495159954123787.0 s
947 0.0 s
950 0.0 s
IsSatellite
953 3083087299975850.5 s
954 6572841145884872.0 s
955 9203249429817850.0 s
958 0.0 s
959 2503675979976996.5 s
961 0.0 s
962 0.0 s
964 0.0 s
965 0.0 s
966 0.0 s
968 7104909057350306.0 s
969 0.0 s
970 0.0 s
971 0.0 s
972 1.27010518712026e+16 s
976 5979059323680425.0 s
978 4978462596338280.0 s
980 0.0 s
982 0.0 s
986 0.0 s
987 1.029720456283915e+16 s
988 0.0 s
989 4731824800272472.0 s
990 6065949676877202.0 s
992 8249619932295623.0 s
993 5689230320665017.0 s
RadiusEqualZero
995 2826296276921279.5 s
996 2811533519845841.5 s
999 7531209812045440.0 s
1000 0.0 s
1002 0.0 s
1003 0.0 s
1005 1.3686466427436828e+16 s
1006 0.0 s
1010 1.5849486043551074e+16 s
1011 5593459278192426.0 s
1013 0.0 s
1017 0.0 s
1018 7118582059606990.0 s
1019 0.0 s
1020 0.0 s
1021 0.0 s
1022 4093521798373669.0 s
1023 0.0 s
1025 1.0150009804817522e+16 s
1028 8621691358864377.0 s
1029 5498793534032919.0 s
1032 0.0 s
1033 7501933315171622.0 s
1034 0.0 s
1036 0.0 s
1038 8764651834630154.0 s
1039 0.0 s
1042 0.0 s
1043 0.0 s
1044 0.0 s
1045 3011949741624583.5 s
1046 0.0 s
1047 1.078214307251579e+16 s
1051 0.0 s
1054 0.0 s
1061 9484597701471322.0 s
IsSatellite
1064 0.0 s
1065 1631443378939551.0 s
1066 0.0 s
1070 6730559625737099.0 s
1072 0.0 s
RadiusEqualZero
1075 0.0 s
1076 7061896029186921.0 s
1077 1.2507304013128694e+16 s
1080 0.0 s
1081 6879074091295197.0 s
1082 0.0 s
1083 0.0 s
1084 0.0 s
1086 2091492360126972.5 s
1087 5367026409123144.0 s
1088 0.0 s
1089 6237777961140687.0 s
1092 5091689787518785.0 s
1093 0.0 s
1094 0.0 s
1095 7564383354838513.0 s
1101 3933005059093011.5 s
1102 6460424863894526.0 s
1104 0.0 s
1107 0.0 s
1110 0.0 s
1112 0.0 s
1113 0.0 s
1114 5601077249618978.0 s
1115 4634562100015868.0 s
1117 0.0 s
1118 0.0 s
1119 0.0 s
1120 1.2727412927628268e+16 s
1122 0.0 s
1124 0.0 s
1125 1.1208800335683932e+16 s
1126 4852764294383443.0 s
1127 0.0 s
1128 0.0 s
1129 0.0 s
1132 0.0 s
1133 0.0 s
1135 0.0 s
1136 0.0 s
1137 0.0 s
1138 0.0 s
1139 0.0 s
1142 0.0 s
1144 0.0 s
1145 0.0 s
1146 0.0 s
1147 7378549494470483.0 s
1148 7063685033212198.0 s
1151 6725884130702260.0 s
1152 4447273516640327.5 s
1153 8190698789478639.0 s
1155 1.2754150995769542e+16 s
1157 4660797910502328.0 s
1158 0.0 s
1161 0.0 s
1162 5145190807216803.0 s
1165 0.0 s
1166 0.0 s
1168 0.0 s
1170 0.0 s
1171 0.0 s
1173 0.0 s
1175 1.0888286895836244e+16 s
1176 0.0 s
1177 0.0 s
1180 0.0 s
1183 0.0 s
1184 5590699904871310.0 s
1188 0.0 s
1190 0.0 s
1192 0.0 s
1193 0.0 s
1195 0.0 s
1196 9843256066521832.0 s
1197 0.0 s
1198 0.0 s
1199 0.0 s
1200 0.0 s
1201 6134036359445644.0 s
1202 0.0 s
1203 0.0 s
1204 3701064455497910.5 s
1209 0.0 s
1212 8611593940754099.0 s
1218 0.0 s
1219 0.0 s
1220 0.0 s
1221 0.0 s
1222 0.0 s
1224 0.0 s
1225 1.2617473427280428e+16 s
1227 0.0 s
1229 0.0 s
1231 0.0 s
1234 6647324402051941.0 s
1235 0.0 s
1238 0.0 s
1239 0.0 s
1240 0.0 s
1242 0.0 s
1246 1.0968656413058278e+16 s
1250 4588084155573587.0 s
IsSatellite
1252 0.0 s
1253 0.0 s
1254 0.0 s
1255 0.0 s
1256 0.0 s
1257 5272848820414141.0 s
1259 0.0 s
1262 0.0 s
1263 0.0 s
1264 0.0 s
1265 0.0 s
1266 0.0 s
1268 4762757838102637.0 s
1269 0.0 s
1270 0.0 s
1272 0.0 s
1273 0.0 s
1274 0.0 s
1275 7456165812959478.0 s
1276 0.0 s
1279 0.0 s
1280 0.0 s
1281 0.0 s
1283 0.0 s
1284 0.0 s
1285 0.0 s
1287 4132927246610304.0 s
1288 8845036241865056.0 s
1289 0.0 s
IsSatellite
1291 4641929606115784.0 s
1292 0.0 s
1297 2708711699984680.0 s
1298 0.0 s
1299 0.0 s
1301 0.0 s
1303 0.0 s
1304 2272732652917656.5 s
1305 0.0 s
1306 0.0 s
1307 0.0 s
1309 0.0 s
1315 0.0 s
1316 3344276055886132.5 s
1317 0.0 s
1321 1.1894402252800004e+16 s
1322 0.0 s
1323 0.0 s
1325 0.0 s
1326 0.0 s
1329 1.0122949005695478e+16 s
1333 0.0 s
1334 0.0 s
1335 1.2978459887368484e+16 s
1336 1430538037554161.0 s
1337 0.0 s
1338 0.0 s
1339 0.0 s
1342 0.0 s
IsSatellite
1344 0.0 s
1345 4492351896459286.0 s
1346 0.0 s
1347 0.0 s
1350 3377589270218685.5 s
1352 6326375689010264.0 s
1353 0.0 s
1354 0.0 s
1355 0.0 s
1356 0.0 s
1357 0.0 s
1358 0.0 s
1360 0.0 s
1361 9319473140978830.0 s
1365 0.0 s
1366 1.0115437106779192e+16 s
1368 0.0 s
1370 0.0 s
1371 4603171992625984.0 s
1373 0.0 s
1374 0.0 s
1375 6312972399108582.0 s
IsSatellite
1377 5965083960417169.0 s
1384 8550123565336529.0 s
1386 0.0 s
1387 0.0 s
1389 0.0 s
IsSatellite
1392 0.0 s
1394 0.0 s
1395 0.0 s
1396 0.0 s
1397 0.0 s
1400 0.0 s
1403 0.0 s
1404 0.0 s
1406 0.0 s
1408 0.0 s
1410 0.0 s
1412 0.0 s
1413 8922614421821876.0 s
1414 8174690699085529.0 s
1417 0.0 s
1422 0.0 s
1425 0.0 s
1427 0.0 s
1428 0.0 s
1429 0.0 s
1430 0.0 s
1431 3224425798118656.0 s
1433 0.0 s
1435 0.0 s
1436 1.2918360996243028e+16 s
1438 0.0 s
1440 0.0 s
1441 9625572991560604.0 s
1443 0.0 s
1445 0.0 s
1446 0.0 s
1448 0.0 s
1449 2629493990737084.0 s
1450 0.0 s
IsSatellite
1452 0.0 s
1453 1.5352244709939336e+16 s
1454 0.0 s
1455 0.0 s
1456 0.0 s
1458 0.0 s
1459 0.0 s
1460 0.0 s
1462 0.0 s
1463 0.0 s
1465 0.0 s
1466 0.0 s
1467 0.0 s
1468 0.0 s
1470 0.0 s
1471 0.0 s
1473 0.0 s
1474 0.0 s
1476 0.0 s
1479 0.0 s
1480 0.0 s
1481 0.0 s
1483 0.0 s
1484 0.0 s
1486 0.0 s
1488 0.0 s
1489 0.0 s
1491 0.0 s
1492 0.0 s
IsSatellite
1502 0.0 s
1504 0.0 s
1506 0.0 s
1507 0.0 s
1508 0.0 s
1509 0.0 s
1512 0.0 s
1513 0.0 s
1518 0.0 s
IsSatellite
IsSatellite
1527 0.0 s
1528 0.0 s
1529 0.0 s
1530 0.0 s
1534 0.0 s
1537 0.0 s
1542 0.0 s
1546 0.0 s
1547 0.0 s
IsSatellite
1551 0.0 s
1554 0.0 s
IsSatellite
1557 0.0 s
1559 0.0 s
1563 0.0 s
IsSatellite
1567 0.0 s
1568 0.0 s
1570 0.0 s
1572 0.0 s
1575 0.0 s
1576 0.0 s
1583 0.0 s
1585 0.0 s
1587 0.0 s
1589 0.0 s
1590 0.0 s
1594 0.0 s
1595 5719153070734887.0 s
1596 0.0 s
1598 0.0 s
1601 0.0 s
1604 0.0 s
1605 0.0 s
1607 0.0 s
1609 0.0 s
1611 0.0 s
1612 0.0 s
1613 0.0 s
1614 0.0 s
1616 0.0 s
IsSatellite
1620 0.0 s
1622 0.0 s
1623 0.0 s
1624 0.0 s
RadiusEqualZero
1626 0.0 s
1628 3148626445300233.5 s
IsSatellite
1630 0.0 s
1631 0.0 s
1632 0.0 s
1635 0.0 s
1636 0.0 s
1637 4948022808123228.0 s
1638 0.0 s
1640 0.0 s
1642 0.0 s
1645 7443698569925266.0 s
1646 0.0 s
1647 6730018506927817.0 s
1649 0.0 s
1650 0.0 s
1651 0.0 s
1653 0.0 s
1654 0.0 s
1655 0.0 s
1656 0.0 s
1657 6026402596050929.0 s
1658 0.0 s
1659 0.0 s
1660 0.0 s
1661 0.0 s
1662 0.0 s
IsSatellite
IsSatellite
1668 7337300520300093.0 s
1669 0.0 s
1673 0.0 s
1676 0.0 s
1678 0.0 s
IsSatellite
1680 0.0 s
1681 0.0 s
1682 0.0 s
1685 0.0 s
1686 0.0 s
1687 0.0 s
1691 0.0 s
1692 0.0 s
1695 0.0 s
1696 5599840596305036.0 s
RadiusEqualZero
1701 0.0 s
1707 0.0 s
1709 0.0 s
1710 0.0 s
1711 0.0 s
1713 0.0 s
1714 0.0 s
1717 0.0 s
IsSatellite
1720 0.0 s
1721 0.0 s
1723 0.0 s
1724 0.0 s
1726 0.0 s
1733 0.0 s
1735 0.0 s
IsSatellite
1742 0.0 s
1743 0.0 s
1746 0.0 s
1750 0.0 s
1753 1.1994836812414202e+16 s
1755 0.0 s
1756 0.0 s
1759 0.0 s
1760 0.0 s
1762 0.0 s
1763 0.0 s
1764 0.0 s
1766 0.0 s
1768 0.0 s
1770 0.0 s
1771 1.8312154242222932e+16 s
1772 0.0 s
1775 0.0 s
1776 0.0 s
1777 0.0 s
1778 0.0 s
1779 0.0 s
1780 4159847752784874.5 s
1783 0.0 s
1784 0.0 s
1785 0.0 s
1786 0.0 s
1788 0.0 s
1790 0.0 s
1791 0.0 s
IsSatellite
1795 0.0 s
1797 0.0 s
1798 0.0 s
1799 0.0 s
1801 0.0 s
1803 5114556030914781.0 s
1804 0.0 s
1806 0.0 s
1808 0.0 s
1814 0.0 s
1816 0.0 s
1817 0.0 s
1818 0.0 s
1819 0.0 s
1825 0.0 s
1826 0.0 s
1827 0.0 s
1829 0.0 s
1830 0.0 s
1832 0.0 s
1833 0.0 s
1835 0.0 s
1838 0.0 s
1840 0.0 s
1842 7882961981227781.0 s
IsSatellite
1844 0.0 s
1846 0.0 s
1848 0.0 s
1849 0.0 s
1850 0.0 s
1851 0.0 s
1854 0.0 s
1855 0.0 s
1857 0.0 s
1863 0.0 s
1864 0.0 s
1865 0.0 s
1866 0.0 s
1867 0.0 s
1871 0.0 s
1872 0.0 s
1873 0.0 s
1875 0.0 s
1876 0.0 s
1877 0.0 s
1878 0.0 s
IsSatellite
1881 0.0 s
1883 0.0 s
1885 0.0 s
1887 0.0 s
1891 0.0 s
1892 0.0 s
1893 0.0 s
1894 0.0 s
1895 0.0 s
1896 0.0 s
1897 0.0 s
1899 0.0 s
1901 0.0 s
1903 7638268039912397.0 s
1904 0.0 s
1905 0.0 s
1906 0.0 s
1907 0.0 s
IsSatellite
1909 0.0 s
1910 0.0 s
1911 0.0 s
1918 0.0 s
1920 0.0 s
1922 0.0 s
1923 0.0 s
1926 0.0 s
1927 0.0 s
1930 0.0 s
1931 0.0 s
1932 0.0 s
1933 0.0 s
1935 0.0 s
1937 0.0 s
1938 0.0 s
1944 0.0 s
1945 0.0 s
1946 0.0 s
1947 0.0 s
1952 0.0 s
IsSatellite
1958 0.0 s
1959 0.0 s
1960 0.0 s
1961 0.0 s
1962 0.0 s
1963 0.0 s
1965 0.0 s
1967 0.0 s
IsSatellite
1971 0.0 s
1976 0.0 s
1978 2616118248836604.0 s
1981 0.0 s
1982 0.0 s
1983 0.0 s
1986 0.0 s
1987 0.0 s
1988 1328356096707805.2 s
1989 0.0 s
1992 0.0 s
1994 0.0 s
1995 0.0 s
1996 0.0 s
1997 0.0 s
1999 0.0 s
2000 0.0 s
2003 0.0 s
2004 0.0 s
2005 1.1179235547140932e+16 s
2007 0.0 s
2010 0.0 s
2011 5672759525754050.0 s
2014 0.0 s
2015 0.0 s
2016 0.0 s
2017 0.0 s
2018 0.0 s
2019 0.0 s
2020 6350533928089158.0 s
2021 0.0 s
2022 0.0 s
2023 0.0 s
2025 5542659672686863.0 s
2026 0.0 s
2027 0.0 s
IsSatellite
2029 0.0 s
2030 0.0 s
2031 0.0 s
IsSatellite
IsSatellite
2034 0.0 s
2035 0.0 s
2036 0.0 s
2038 0.0 s
IsSatellite
2040 0.0 s
2043 0.0 s
2044 0.0 s
2047 0.0 s
2049 0.0 s
2050 0.0 s
2052 0.0 s
2054 0.0 s
2055 0.0 s
2056 0.0 s
2061 0.0 s
2062 0.0 s
2063 0.0 s
2064 0.0 s
2065 0.0 s
2066 9754005025252202.0 s
2067 0.0 s
2068 0.0 s
2069 0.0 s
2071 0.0 s
2072 0.0 s
2075 0.0 s
2076 0.0 s
RadiusEqualZero
2079 0.0 s
2080 0.0 s
2081 0.0 s
2083 0.0 s
2084 0.0 s
2085 0.0 s
2086 0.0 s
2091 0.0 s
2093 0.0 s
2094 0.0 s
RadiusEqualZero
2096 0.0 s
2098 1416346879902891.0 s
2100 0.0 s
2102 0.0 s
2103 0.0 s
2106 0.0 s
2107 0.0 s
2110 0.0 s
2111 0.0 s
2112 0.0 s
2113 0.0 s
2117 0.0 s
2118 0.0 s
2119 0.0 s
2121 1.1220457565443454e+16 s
2122 0.0 s
2123 0.0 s
2124 0.0 s
2125 0.0 s
2127 0.0 s
2128 0.0 s
IsSatellite
2131 0.0 s
2132 0.0 s
2133 0.0 s
RadiusEqualZero
2137 0.0 s
2139 0.0 s
2141 0.0 s
2142 0.0 s
2143 1.3129836593154168e+16 s
2145 0.0 s
2148 0.0 s
2149 0.0 s
2151 0.0 s
2153 0.0 s
IsSatellite
2155 0.0 s
2156 0.0 s
2157 0.0 s
2158 0.0 s
2159 0.0 s
2160 0.0 s
2161 2632939662267589.5 s
2163 0.0 s
2164 0.0 s
2165 0.0 s
2166 0.0 s
2167 0.0 s
IsSatellite
2170 0.0 s
2171 0.0 s
2172 0.0 s
2175 0.0 s
2176 0.0 s
2178 0.0 s
2179 0.0 s
2180 0.0 s
2181 0.0 s
2182 0.0 s
2183 0.0 s
2184 0.0 s
2185 0.0 s
2186 0.0 s
IsSatellite
2190 0.0 s
2191 0.0 s
2192 0.0 s
2193 0.0 s
2197 0.0 s
2199 0.0 s
2201 0.0 s
2202 0.0 s
2203 0.0 s
2206 0.0 s
2208 0.0 s
2210 0.0 s
2211 0.0 s
2213 0.0 s
2214 0.0 s
2215 7858231084740364.0 s
2216 0.0 s
2218 0.0 s
2219 0.0 s
2220 0.0 s
2222 0.0 s
IsSatellite
2224 0.0 s
2230 0.0 s
2231 0.0 s
2232 0.0 s
2233 0.0 s
2234 0.0 s
2235 0.0 s
2236 0.0 s
2237 0.0 s
2238 0.0 s
2239 0.0 s
2241 0.0 s
2244 0.0 s
2245 0.0 s
IsSatellite
2247 0.0 s
2248 0.0 s
2250 0.0 s
2252 0.0 s
2253 0.0 s
2254 0.0 s
2256 0.0 s
2257 0.0 s
2258 0.0 s
2261 0.0 s
2262 0.0 s
2264 0.0 s
2265 0.0 s
2266 0.0 s
2268 0.0 s
2269 0.0 s
2270 0.0 s
2271 0.0 s
2273 0.0 s
2274 0.0 s
2275 0.0 s
2276 0.0 s
2277 0.0 s
2278 0.0 s
2280 0.0 s
IsSatellite
2284 0.0 s
2285 0.0 s
2286 0.0 s
2287 0.0 s
2288 0.0 s
2289 0.0 s
2290 0.0 s
2291 0.0 s
2293 0.0 s
2295 0.0 s
2301 0.0 s
2303 0.0 s
2305 0.0 s
2306 0.0 s
2307 0.0 s
2309 0.0 s
2310 0.0 s
2311 0.0 s
2312 0.0 s
2313 0.0 s
2314 0.0 s
2316 0.0 s
2317 0.0 s
2321 0.0 s
2322 0.0 s
2323 0.0 s
2324 0.0 s
2326 0.0 s
2328 0.0 s
IsSatellite
2330 0.0 s
2332 0.0 s
2333 0.0 s
2335 0.0 s
2338 1.1881644575261364e+16 s
2339 0.0 s
2341 0.0 s
2342 0.0 s
2344 0.0 s
2353 0.0 s
2354 0.0 s
2355 0.0 s
2356 0.0 s
2360 0.0 s
2361 3686644682296048.5 s
2363 0.0 s
2365 0.0 s
2366 0.0 s
2367 0.0 s
2368 0.0 s
2369 0.0 s
2370 0.0 s
IsSatellite
2372 0.0 s
2373 0.0 s
2374 0.0 s
2375 1.0886219879096452e+16 s
2376 0.0 s
2377 0.0 s
2378 0.0 s
2380 0.0 s
2381 0.0 s
2382 0.0 s
2384 0.0 s
2388 0.0 s
2392 0.0 s
2394 0.0 s
2395 0.0 s
2397 0.0 s
2398 4264721328178747.0 s
2399 0.0 s
2400 0.0 s
2403 0.0 s
2404 0.0 s
2405 0.0 s
2406 0.0 s
2408 0.0 s
2409 0.0 s
2410 0.0 s
2413 0.0 s
2415 0.0 s
2419 0.0 s
2420 0.0 s
2421 0.0 s
IsSatellite
2426 6794282174923158.0 s
2427 0.0 s
2428 0.0 s
2430 0.0 s
2433 0.0 s
2436 0.0 s
2437 0.0 s
2438 0.0 s
2439 0.0 s
2442 0.0 s
2443 0.0 s
IsSatellite
2446 0.0 s
2447 0.0 s
2448 0.0 s
2449 0.0 s
2451 0.0 s
2452 0.0 s
2453 0.0 s
2456 0.0 s
2457 0.0 s
2459 0.0 s
2461 0.0 s
2462 0.0 s
2463 0.0 s
2464 0.0 s
2465 0.0 s
2466 0.0 s
2467 0.0 s
2468 0.0 s
2470 0.0 s
2471 0.0 s
2473 0.0 s
2474 0.0 s
2475 0.0 s
2479 0.0 s
2480 0.0 s
2488 0.0 s
2489 0.0 s
2491 0.0 s
2492 0.0 s
2493 0.0 s
2498 0.0 s
2499 0.0 s
2500 0.0 s
2501 0.0 s
2502 0.0 s
2503 0.0 s
2504 0.0 s
2506 0.0 s
IsSatellite
2508 0.0 s
2509 1.0993393600388632e+16 s
2510 0.0 s
2511 0.0 s
2512 0.0 s
2513 0.0 s
2517 0.0 s
2518 0.0 s
2519 0.0 s
2523 0.0 s
2526 0.0 s
2527 0.0 s
2529 0.0 s
2530 0.0 s
2531 0.0 s
2532 0.0 s
2533 0.0 s
RadiusEqualZero
2535 0.0 s
2536 0.0 s
2537 0.0 s
2538 0.0 s
IsSatellite
2540 0.0 s
2541 0.0 s
2543 0.0 s
2545 0.0 s
2546 0.0 s
2548 0.0 s
2549 0.0 s
2550 0.0 s
2551 0.0 s
2555 0.0 s
2556 0.0 s
2557 0.0 s
2559 0.0 s
2560 0.0 s
2561 0.0 s
2562 0.0 s
2563 0.0 s
2565 0.0 s
2566 0.0 s
2567 0.0 s
2568 0.0 s
2569 0.0 s
2570 0.0 s
2571 0.0 s
2574 0.0 s
2576 0.0 s
2577 0.0 s
IsSatellite
2582 0.0 s
2583 0.0 s
2584 0.0 s
2585 0.0 s
2586 0.0 s
2591 0.0 s
2592 0.0 s
2593 0.0 s
2594 0.0 s
IsSatellite
2596 0.0 s
2597 0.0 s
2598 0.0 s
2599 0.0 s
2600 0.0 s
IsSatellite
2602 0.0 s
2603 0.0 s
2604 0.0 s
2605 0.0 s
2606 0.0 s
2607 0.0 s
2609 0.0 s
IsSatellite
IsSatellite
2613 0.0 s
2614 0.0 s
2615 0.0 s
2619 0.0 s
2620 0.0 s
2623 0.0 s
2624 0.0 s
2625 0.0 s
2626 0.0 s
2627 0.0 s
2629 0.0 s
2630 0.0 s
2635 0.0 s
2636 0.0 s
IsSatellite
2639 0.0 s
2640 0.0 s
2644 0.0 s
2645 0.0 s
2646 0.0 s
2648 0.0 s
2650 0.0 s
2651 0.0 s
2652 0.0 s
2653 0.0 s
2654 0.0 s
2656 0.0 s
2657 0.0 s
2659 0.0 s
2663 0.0 s
2664 0.0 s
RadiusEqualZero
2667 0.0 s
IsSatellite
2669 0.0 s
2670 0.0 s
2672 0.0 s
2673 0.0 s
2674 0.0 s
2676 0.0 s
2677 0.0 s
2678 0.0 s
2679 0.0 s
2680 0.0 s
IsSatellite
2684 0.0 s
2685 0.0 s
2686 0.0 s
2687 0.0 s
2689 0.0 s
2691 0.0 s
2692 0.0 s
2695 0.0 s
2697 0.0 s
2699 0.0 s
2701 0.0 s
2702 0.0 s
2703 0.0 s
2705 0.0 s
2706 0.0 s
2707 0.0 s
2709 0.0 s
2710 0.0 s
2711 0.0 s
2712 0.0 s
2713 0.0 s
2719 0.0 s
2723 0.0 s
2725 0.0 s
2726 0.0 s
2727 0.0 s
2728 0.0 s
2730 0.0 s
2731 4452556964894867.0 s
2733 0.0 s
2737 0.0 s
2738 0.0 s
2739 0.0 s
2740 0.0 s
IsSatellite
2742 0.0 s
2744 0.0 s
2745 0.0 s
2748 0.0 s
2751 0.0 s
2752 0.0 s
2754 0.0 s
2757 0.0 s
2758 0.0 s
2761 0.0 s
2763 0.0 s
2764 0.0 s
2765 0.0 s
2766 0.0 s
2767 0.0 s
2769 0.0 s
2770 0.0 s
2771 0.0 s
2772 0.0 s
2774 0.0 s
2777 0.0 s
IsSatellite
2779 0.0 s
2780 0.0 s
2783 0.0 s
2784 0.0 s
2785 0.0 s
2786 0.0 s
2789 0.0 s
2790 0.0 s
2791 0.0 s
2793 0.0 s
2794 0.0 s
2795 0.0 s
2797 0.0 s
2798 0.0 s
2800 0.0 s
2802 0.0 s
2803 0.0 s
2804 0.0 s
2807 0.0 s
2808 0.0 s
2809 0.0 s
2810 0.0 s
2814 0.0 s
2815 0.0 s
2816 0.0 s
2817 0.0 s
2818 0.0 s
2820 0.0 s
2823 0.0 s
2826 0.0 s
2827 0.0 s
2829 0.0 s
2832 0.0 s
2833 0.0 s
2835 0.0 s
2836 0.0 s
2838 0.0 s
2840 0.0 s
2841 0.0 s
2842 0.0 s
2843 0.0 s
2844 0.0 s
2847 0.0 s
2848 0.0 s
IsSatellite
2853 0.0 s
2854 0.0 s
2855 0.0 s
2856 0.0 s
2857 0.0 s
2858 0.0 s
2861 0.0 s
2862 0.0 s
2865 0.0 s
2868 0.0 s
2869 0.0 s
2870 0.0 s
2871 0.0 s
2872 0.0 s
2873 0.0 s
2874 0.0 s
2875 0.0 s
2876 0.0 s
2877 0.0 s
2878 0.0 s
2879 0.0 s
2882 0.0 s
2883 0.0 s
2884 0.0 s
2885 0.0 s
2886 0.0 s
2887 0.0 s
2888 0.0 s
2889 0.0 s
2890 0.0 s
2891 0.0 s
2892 0.0 s
2893 0.0 s
2894 0.0 s
2896 0.0 s
2897 0.0 s
2898 0.0 s
2900 0.0 s
2901 0.0 s
2902 0.0 s
2903 0.0 s
2904 0.0 s
2905 0.0 s
2909 0.0 s
IsSatellite
2913 0.0 s
2915 0.0 s
2916 0.0 s
2920 0.0 s
2923 0.0 s
2926 0.0 s
2928 0.0 s
RadiusEqualZero
2931 0.0 s
2932 0.0 s
2934 0.0 s
2937 0.0 s
2939 0.0 s
2940 0.0 s
2941 0.0 s
2943 0.0 s
2945 0.0 s
2946 0.0 s
2947 0.0 s
2948 0.0 s
2951 0.0 s
2952 0.0 s
2955 0.0 s
IsSatellite
2958 0.0 s
2959 0.0 s
2960 0.0 s
2961 0.0 s
2963 0.0 s
2965 0.0 s
IsSatellite
RadiusEqualZero
2968 0.0 s
2970 0.0 s
2972 0.0 s
2973 0.0 s
2974 0.0 s
IsSatellite
IsSatellite
2980 0.0 s
2982 0.0 s
2984 0.0 s
2985 0.0 s
2986 0.0 s
2987 0.0 s
2988 0.0 s
2989 0.0 s
2992 0.0 s
2995 0.0 s
2996 0.0 s
2998 0.0 s
2999 0.0 s
123AllDone123
