yt : [INFO     ] 2017-08-01 15:50:52,764 Parameters: current_time              = 3.75573054458e+16
yt : [INFO     ] 2017-08-01 15:50:52,764 Parameters: domain_dimensions         = [2 2 2]
yt : [INFO     ] 2017-08-01 15:50:52,764 Parameters: domain_left_edge          = [ 0.  0.  0.]
yt : [INFO     ] 2017-08-01 15:50:52,765 Parameters: domain_right_edge         = [  2.22535528e+25   2.22535528e+25   2.22535528e+25]
yt : [INFO     ] 2017-08-01 15:50:52,765 Parameters: cosmological_simulation   = 1
yt : [INFO     ] 2017-08-01 15:50:52,765 Parameters: current_redshift          = 4.99999989717
yt : [INFO     ] 2017-08-01 15:50:52,765 Parameters: omega_lambda              = 0.712
yt : [INFO     ] 2017-08-01 15:50:52,765 Parameters: omega_matter              = 0.288
yt : [INFO     ] 2017-08-01 15:50:52,765 Parameters: hubble_constant           = 0.6933
yt : [INFO     ] 2017-08-01 15:50:52,849 Parameters: current_time              = 158.01758335504
yt : [INFO     ] 2017-08-01 15:50:52,850 Parameters: domain_dimensions         = [128 128 128]
yt : [INFO     ] 2017-08-01 15:50:52,850 Parameters: domain_left_edge          = [ 0.  0.  0.]
yt : [INFO     ] 2017-08-01 15:50:52,850 Parameters: domain_right_edge         = [ 1.  1.  1.]
yt : [INFO     ] 2017-08-01 15:50:52,851 Parameters: cosmological_simulation   = 1
yt : [INFO     ] 2017-08-01 15:50:52,851 Parameters: current_redshift          = 4.9999998971749
yt : [INFO     ] 2017-08-01 15:50:52,851 Parameters: omega_lambda              = 0.712
yt : [INFO     ] 2017-08-01 15:50:52,851 Parameters: omega_matter              = 0.288
yt : [INFO     ] 2017-08-01 15:50:52,851 Parameters: hubble_constant           = 0.6933
yt : [INFO     ] 2017-08-01 15:50:52,854 Allocating for 8.021e+03 particles (index particle type 'all')
yt : [INFO     ] 2017-08-01 15:50:52,859 Identified 2.761e+03 octs
TimeNow:  1.1898342421552766 Gyr
IsSatellite
Parsing Hierarchy :   0%|          | 0/37643 [00:00<?, ?it/s]Parsing Hierarchy :   4%|▍         | 1548/37643 [00:00<00:02, 15474.81it/s]Parsing Hierarchy :   7%|▋         | 2605/37643 [00:00<00:02, 14002.55it/s]Parsing Hierarchy :  13%|█▎        | 4849/37643 [00:00<00:01, 16532.89it/s]Parsing Hierarchy :  19%|█▉        | 7081/37643 [00:00<00:01, 18268.82it/s]Parsing Hierarchy :  25%|██▍       | 9313/37643 [00:00<00:01, 19483.78it/s]Parsing Hierarchy :  29%|██▉       | 11002/37643 [00:00<00:01, 17230.31it/s]Parsing Hierarchy :  35%|███▌      | 13250/37643 [00:00<00:01, 18804.05it/s]Parsing Hierarchy :  41%|████      | 15490/37643 [00:00<00:01, 19881.48it/s]Parsing Hierarchy :  47%|████▋     | 17730/37643 [00:00<00:00, 20635.42it/s]Parsing Hierarchy :  53%|█████▎    | 19977/37643 [00:01<00:00, 21185.45it/s]Parsing Hierarchy :  59%|█████▉    | 22213/37643 [00:01<00:00, 21536.32it/s]Parsing Hierarchy :  65%|██████▍   | 24337/37643 [00:01<00:00, 18705.60it/s]Parsing Hierarchy :  71%|███████   | 26556/37643 [00:01<00:00, 19749.26it/s]Parsing Hierarchy :  76%|███████▋  | 28721/37643 [00:01<00:00, 20317.80it/s]Parsing Hierarchy :  82%|████████▏ | 30962/37643 [00:01<00:00, 20944.50it/s]Parsing Hierarchy :  88%|████████▊ | 33205/37643 [00:01<00:00, 21386.09it/s]Parsing Hierarchy :  94%|█████████▍| 35452/37643 [00:01<00:00, 21709.79it/s]Parsing Hierarchy : 100%|█████████▉| 37620/37643 [00:02<00:00, 18499.22it/s]Parsing Hierarchy : 100%|██████████| 37643/37643 [00:02<00:00, 18676.86it/s]
yt : [INFO     ] 2017-08-01 15:51:01,268 Gathering a field list (this may take a moment.)
39 6.0302291295686656e+26 g / s
IsSatellite
IsSatellite
IsSatellite
IsSatellite
IsSatellite
60 1.25036647476338e+26 g / s
64 3.144919196024944e+25 g / s
IsSatellite
69 1.4346788857954822e+26 g / s
77 6.562726521565991e+25 g / s
78 3.5081477039952283e+25 g / s
82 8.316127397101319e+25 g / s
85 5.3239065473996136e+25 g / s
88 6.251930972844739e+25 g / s
96 1.4838754235513378e+25 g / s
101 6.821894374259317e+25 g / s
102 2.3817204406716767e+25 g / s
103 5.027767334012711e+25 g / s
110 3.825507204965651e+25 g / s
111 4.403702733566025e+25 g / s
IsSatellite
114 1.6490646876906075e+25 g / s
121 2.950325308950305e+25 g / s
124 1.642704677527954e+25 g / s
131 2.2511395325732877e+25 g / s
136 8.90944836025826e+23 g / s
143 4.386895441471799e+25 g / s
144 2.604443096769999e+25 g / s
145 3.8089503498628836e+25 g / s
149 1.8996469351969897e+24 g / s
150 2.4657162424184e+24 g / s
153 2.5153580807491746e+25 g / s
157 2.2193627616357165e+25 g / s
160 7.395403709274848e+24 g / s
161 1.5507074722659694e+25 g / s
164 3.242260526957564e+25 g / s
165 2.7535532296066213e+25 g / s
169 1.6180162072375157e+24 g / s
170 1.1360787496157748e+25 g / s
171 2.1837975962191353e+24 g / s
173 1.7366798940665901e+25 g / s
174 6.143581892109711e+24 g / s
175 3.0993950424483263e+25 g / s
178 1.821768293656159e+24 g / s
179 1.4855851650626708e+25 g / s
181 2.0822142050404837e+25 g / s
183 4.488454061306398e+25 g / s
184 1.9750562239064633e+25 g / s
185 3.655050723045925e+24 g / s
186 3.7839216950936287e+25 g / s
191 9.227278322226358e+24 g / s
194 1.6616338103258252e+25 g / s
196 2.205726331273311e+25 g / s
197 6.463245711695216e+22 g / s
198 5.271508670080248e+24 g / s
200 1.5247657146285863e+24 g / s
203 1.6698525142963878e+25 g / s
204 4.302803861517831e+24 g / s
206 6.381343347906861e+24 g / s
207 9.178476180581855e+24 g / s
208 1.1251442763023228e+24 g / s
209 7.607479486067257e+24 g / s
210 4.852475706211564e+25 g / s
211 1.9206839018652194e+25 g / s
215 1.4930036638352568e+25 g / s
216 2.4977296380534926e+24 g / s
218 1.9806460527776767e+25 g / s
222 9.430493480035661e+24 g / s
IsSatellite
226 1.6587397780907773e+24 g / s
227 6.180497679395291e+24 g / s
229 1.3331476960094054e+24 g / s
232 7.258050497282142e+24 g / s
233 2.205196665466417e+25 g / s
237 1.052226842142496e+25 g / s
239 5.493932643428013e+24 g / s
240 7.9913075713978e+24 g / s
241 1.8376370630736975e+25 g / s
242 5.205731673113679e+24 g / s
244 2.9558004244507557e+24 g / s
245 8.74672267761626e+24 g / s
247 7.71645524289898e+23 g / s
250 7.706341790494086e+24 g / s
252 1.492265192458064e+25 g / s
253 7.09955799092247e+23 g / s
256 3.939963329860309e+24 g / s
258 0.0 g / s
IsSatellite
260 6.838665806266469e+24 g / s
261 5.110715411660269e+24 g / s
262 1.2608666649138362e+25 g / s
264 3.9863129787505596e+24 g / s
266 9.371135633194513e+23 g / s
267 6.341746159897104e+24 g / s
269 1.4236151086599263e+25 g / s
IsSatellite
273 8.404534443483177e+24 g / s
274 9.810867843417728e+24 g / s
288 1.5039680313623447e+25 g / s
290 3.8893980132293406e+24 g / s
IsSatellite
298 1.0575487254806428e+25 g / s
300 2.50993049769687e+24 g / s
301 4.100720922732567e+24 g / s
303 1.459950390521497e+24 g / s
306 1.3501030973963518e+24 g / s
308 1.0493964891217439e+24 g / s
310 4.7215511119260385e+24 g / s
312 6.334511889890113e+24 g / s
315 8.705303304350172e+24 g / s
317 1.0373624145488035e+25 g / s
320 2.469278906403556e+24 g / s
322 1.1787574409486955e+25 g / s
324 1.109981879269027e+25 g / s
326 7.236834035639196e+24 g / s
330 0.0 g / s
331 4.937406788312454e+24 g / s
332 7.707298924102033e+23 g / s
334 1.948285015321972e+24 g / s
335 1.1683867426750494e+25 g / s
336 4.606951222450836e+23 g / s
337 9.43840085619784e+23 g / s
341 0.0 g / s
342 1.0884411853740645e+23 g / s
344 3.4118415169503954e+24 g / s
345 5.215874306421257e+24 g / s
346 2.126555818747546e+25 g / s
347 1.6948761110425107e+24 g / s
349 6.923875339025392e+24 g / s
350 3.738872541766216e+24 g / s
352 9.694888021477944e+23 g / s
354 2.752618338331157e+24 g / s
360 2.5707756562398242e+26 g / s
366 8.331614610004683e+23 g / s
369 4.92385582557168e+24 g / s
373 2.723901087770063e+24 g / s
375 1.459916021902783e+24 g / s
376 7.910553638246088e+23 g / s
377 1.7359848698111677e+24 g / s
378 9.903596970565415e+24 g / s
380 3.684898895702052e+24 g / s
381 8.75607937194495e+24 g / s
385 7.196010601252314e+21 g / s
387 3.1018754840227026e+24 g / s
388 4.6908787408852853e+24 g / s
389 2.7056169826143534e+24 g / s
390 1.4557431528193314e+24 g / s
396 2.5474454661841774e+24 g / s
397 1.1977470106383424e+24 g / s
398 7.13058701744044e+23 g / s
399 8.146071406859283e+24 g / s
400 8.913895529826917e+24 g / s
403 6.68435265363529e+23 g / s
406 5.26050552437582e+24 g / s
411 2.866741606395895e+24 g / s
412 7.565468713173489e+24 g / s
416 1.4392021202504627e+22 g / s
419 3.6646791240018045e+24 g / s
423 7.007171253032913e+23 g / s
429 8.059087026752824e+24 g / s
431 2.71344719150055e+24 g / s
434 1.8102794480382094e+24 g / s
436 0.0 g / s
437 0.0 g / s
438 3.000691028206932e+24 g / s
439 8.453525936762854e+23 g / s
447 5.019634032817329e+24 g / s
449 7.303117483383415e+23 g / s
451 1.0492285368151995e+23 g / s
453 0.0 g / s
454 4.1811318181616466e+24 g / s
455 4.514201344439022e+23 g / s
456 0.0 g / s
457 0.0 g / s
458 4.3730954683614774e+24 g / s
459 7.196010601252314e+21 g / s
461 1.5434907756470384e+24 g / s
463 4.8149559390869275e+24 g / s
467 2.5292061050792465e+23 g / s
468 6.949989004602793e+24 g / s
472 0.0 g / s
475 3.5946112374120484e+24 g / s
476 1.953011024627363e+24 g / s
477 1.5668147469280911e+24 g / s
IsSatellite
480 1.1436423747443633e+24 g / s
482 5.697681487524138e+23 g / s
485 4.2660813166544507e+24 g / s
486 0.0 g / s
487 4.88213880709824e+24 g / s
489 0.0 g / s
490 0.0 g / s
IsSatellite
494 4.63840175089643e+22 g / s
499 1.3636170976603958e+23 g / s
503 3.970965769333614e+24 g / s
505 0.0 g / s
507 3.8065540789811305e+24 g / s
508 5.4445339144398004e+23 g / s
510 4.369288981722804e+22 g / s
515 4.052021238479703e+23 g / s
517 5.701144287975672e+24 g / s
518 3.1894726630854736e+23 g / s
521 4.697809529504388e+24 g / s
523 8.22343776144193e+22 g / s
524 1.7422633031392138e+24 g / s
526 1.4063969494559453e+24 g / s
527 1.945695048092865e+24 g / s
528 2.846748148807554e+24 g / s
529 1.629104950256477e+23 g / s
532 1.207414967928968e+23 g / s
537 5.431837627915342e+24 g / s
538 0.0 g / s
539 1.718290867354128e+24 g / s
IsSatellite
541 6.567918044084891e+26 g / s
542 2.4187032143405236e+24 g / s
543 6.689845147984449e+23 g / s
546 5.433736980447655e+23 g / s
547 7.801326277186794e+23 g / s
548 3.217118650285906e+24 g / s
550 2.784421631466943e+24 g / s
551 0.0 g / s
553 4.077201115171297e+24 g / s
556 6.61563487014293e+22 g / s
557 1.5787614084858879e+24 g / s
561 2.501380493211198e+23 g / s
562 0.0 g / s
567 0.0 g / s
568 2.8721186740633344e+24 g / s
574 1.5258700496789542e+24 g / s
576 1.143554832036319e+24 g / s
579 8.229727867131047e+22 g / s
583 9.072537183022515e+22 g / s
584 3.429404529577621e+22 g / s
585 1.193472981092262e+23 g / s
587 6.957868496791297e+23 g / s
588 3.099385380327217e+24 g / s
589 0.0 g / s
590 6.758297061030153e+22 g / s
591 3.261105294523461e+24 g / s
592 2.393754839476869e+23 g / s
593 5.394277915377257e+23 g / s
595 1.5186493974265486e+24 g / s
596 2.6177020559446067e+23 g / s
598 0.0 g / s
599 3.60597492938072e+23 g / s
600 5.550901547036305e+23 g / s
601 0.0 g / s
603 0.0 g / s
604 3.079248612083485e+24 g / s
607 1.439202120250463e+22 g / s
611 0.0 g / s
612 0.0 g / s
614 1.0342528975590652e+24 g / s
617 0.0 g / s
618 0.0 g / s
620 9.098475763183828e+22 g / s
621 4.498981882529369e+22 g / s
622 1.876172520151001e+24 g / s
624 4.9426223883183924e+23 g / s
626 1.2803283167624194e+22 g / s
627 0.0 g / s
629 2.2164847464739183e+24 g / s
631 0.0 g / s
634 0.0 g / s
636 0.0 g / s
638 1.553067299442595e+24 g / s
639 0.0 g / s
643 0.0 g / s
646 0.0 g / s
648 0.0 g / s
652 0.0 g / s
653 5.544617277527724e+24 g / s
655 0.0 g / s
657 2.9284851541473806e+23 g / s
659 0.0 g / s
661 0.0 g / s
662 8.210273932010064e+22 g / s
663 0.0 g / s
664 8.618806569550743e+22 g / s
666 1.3208780991286003e+24 g / s
669 1.3699973399155745e+24 g / s
670 0.0 g / s
673 0.0 g / s
675 1.345174767165702e+22 g / s
676 4.14858408777523e+23 g / s
677 0.0 g / s
679 0.0 g / s
680 2.424479087677945e+22 g / s
682 0.0 g / s
683 0.0 g / s
684 0.0 g / s
685 6.75192913960055e+23 g / s
IsSatellite
688 5.786177438389498e+23 g / s
689 0.0 g / s
690 0.0 g / s
691 0.0 g / s
692 4.486012592448713e+22 g / s
695 1.3224785095245536e+22 g / s
697 0.0 g / s
698 7.526338419606638e+22 g / s
700 7.1960106012523125e+22 g / s
702 7.135392139415325e+23 g / s
703 0.0 g / s
704 6.1521772891106666e+22 g / s
705 1.7729356741799667e+24 g / s
706 7.196010601252314e+21 g / s
707 0.0 g / s
708 5.954395615380653e+22 g / s
IsSatellite
713 0.0 g / s
715 0.0 g / s
716 1.3905672824480007e+22 g / s
717 3.22159110997022e+23 g / s
718 0.0 g / s
719 1.7202336670082107e+23 g / s
720 0.0 g / s
726 7.196010601252314e+21 g / s
729 0.0 g / s
IsSatellite
731 1.9318406039642034e+22 g / s
732 6.949399550368627e+22 g / s
735 5.6398903309247315e+22 g / s
736 0.0 g / s
737 0.0 g / s
740 0.0 g / s
742 0.0 g / s
746 4.014753983432936e+23 g / s
747 0.0 g / s
748 0.0 g / s
IsSatellite
752 0.0 g / s
753 0.0 g / s
754 0.0 g / s
757 0.0 g / s
761 0.0 g / s
762 0.0 g / s
765 1.3068959074926443e+23 g / s
766 1.5394916950506672e+24 g / s
768 2.878999530915627e+24 g / s
770 0.0 g / s
771 0.0 g / s
772 7.033894475244106e+21 g / s
773 5.179675072412631e+22 g / s
IsSatellite
778 0.0 g / s
779 1.333019948502111e+24 g / s
IsSatellite
782 5.9763850467124076e+23 g / s
784 0.0 g / s
788 0.0 g / s
789 0.0 g / s
796 1.1928245165882291e+23 g / s
797 1.9804754417666656e+22 g / s
799 0.0 g / s
800 5.555589945400463e+22 g / s
802 2.397074977737517e+24 g / s
803 0.0 g / s
805 2.638572886006903e+24 g / s
806 0.0 g / s
807 0.0 g / s
809 7.741972321132668e+23 g / s
812 9.584247007799862e+23 g / s
813 4.003101076295465e+22 g / s
814 0.0 g / s
815 0.0 g / s
817 0.0 g / s
818 0.0 g / s
821 0.0 g / s
822 0.0 g / s
823 0.0 g / s
826 5.270460102977227e+22 g / s
827 0.0 g / s
834 0.0 g / s
835 0.0 g / s
838 4.988378043722947e+22 g / s
839 0.0 g / s
840 0.0 g / s
841 0.0 g / s
845 4.9917176359187164e+23 g / s
846 2.5324484275994104e+23 g / s
847 0.0 g / s
852 0.0 g / s
853 0.0 g / s
854 0.0 g / s
IsSatellite
859 6.223313845203069e+21 g / s
860 0.0 g / s
861 6.168388901711488e+22 g / s
869 5.305801418447017e+23 g / s
871 1.3743556698471798e+22 g / s
873 0.0 g / s
875 0.0 g / s
878 0.0 g / s
879 0.0 g / s
888 0.0 g / s
890 0.0 g / s
893 1.4229905076496418e+22 g / s
897 0.0 g / s
898 8.245939479731867e+22 g / s
IsSatellite
904 1.231693478959957e+22 g / s
905 0.0 g / s
906 2.612533793847464e+22 g / s
909 3.3920594587903704e+23 g / s
910 3.403465949416308e+22 g / s
911 6.87911896742155e+23 g / s
912 0.0 g / s
915 0.0 g / s
918 0.0 g / s
920 0.0 g / s
921 0.0 g / s
922 0.0 g / s
923 1.98371776428683e+22 g / s
924 0.0 g / s
925 0.0 g / s
927 0.0 g / s
929 0.0 g / s
930 0.0 g / s
932 0.0 g / s
934 0.0 g / s
935 1.2154818663591363e+22 g / s
936 0.0 g / s
937 0.0 g / s
938 0.0 g / s
939 0.0 g / s
944 0.0 g / s
947 0.0 g / s
950 0.0 g / s
IsSatellite
953 6.709662223227689e+22 g / s
954 8.152028850257831e+23 g / s
955 0.0 g / s
958 0.0 g / s
959 8.422302370893678e+23 g / s
961 0.0 g / s
962 0.0 g / s
964 0.0 g / s
965 0.0 g / s
966 0.0 g / s
968 4.0500174831622404e+23 g / s
969 0.0 g / s
970 0.0 g / s
971 0.0 g / s
972 0.0 g / s
976 0.0 g / s
978 5.8020259108680596e+23 g / s
980 0.0 g / s
982 0.0 g / s
986 0.0 g / s
987 0.0 g / s
988 0.0 g / s
989 1.1694797944430473e+23 g / s
990 2.4277214101981085e+22 g / s
992 0.0 g / s
993 2.916585830498379e+23 g / s
RadiusEqualZero
995 5.234794555255422e+22 g / s
996 1.1607449775737252e+23 g / s
999 6.02877449399322e+21 g / s
1000 0.0 g / s
1002 0.0 g / s
1003 0.0 g / s
1005 0.0 g / s
1006 0.0 g / s
1010 5.2218252651747655e+22 g / s
1011 0.0 g / s
1013 0.0 g / s
1017 0.0 g / s
1018 2.544445020924018e+22 g / s
1019 0.0 g / s
1020 0.0 g / s
1021 0.0 g / s
1022 1.8271330404980218e+23 g / s
1023 0.0 g / s
1025 0.0 g / s
1028 0.0 g / s
1029 1.2835706392825832e+22 g / s
1032 0.0 g / s
1033 0.0 g / s
1034 0.0 g / s
1036 0.0 g / s
1038 0.0 g / s
1039 0.0 g / s
1042 0.0 g / s
1043 0.0 g / s
1044 0.0 g / s
1045 4.4850788035629067e+23 g / s
1046 0.0 g / s
1047 0.0 g / s
1051 0.0 g / s
1054 0.0 g / s
1061 0.0 g / s
IsSatellite
1064 0.0 g / s
1065 3.242017741847254e+23 g / s
1066 0.0 g / s
1070 0.0 g / s
1072 0.0 g / s
RadiusEqualZero
1075 0.0 g / s
1076 1.8734787986012483e+22 g / s
1077 0.0 g / s
1080 0.0 g / s
1081 2.573625923605495e+22 g / s
1082 0.0 g / s
1083 0.0 g / s
1084 0.0 g / s
1086 0.0 g / s
1087 1.9166211420545536e+23 g / s
1088 0.0 g / s
1089 1.9188713138835465e+22 g / s
1092 3.824773337686436e+22 g / s
1093 0.0 g / s
1094 0.0 g / s
1095 1.2025125762784796e+22 g / s
1101 3.063022084799071e+22 g / s
1102 0.0 g / s
1104 0.0 g / s
1107 0.0 g / s
1110 0.0 g / s
1112 0.0 g / s
1113 0.0 g / s
1114 1.2479050915607778e+22 g / s
1115 0.0 g / s
1117 0.0 g / s
1118 0.0 g / s
1119 0.0 g / s
1120 0.0 g / s
1122 0.0 g / s
1124 0.0 g / s
1125 0.0 g / s
1126 0.0 g / s
1127 0.0 g / s
1128 0.0 g / s
1129 0.0 g / s
1132 0.0 g / s
1133 0.0 g / s
1135 0.0 g / s
1136 0.0 g / s
1137 0.0 g / s
1138 0.0 g / s
1139 0.0 g / s
1142 0.0 g / s
1144 0.0 g / s
1145 0.0 g / s
1146 0.0 g / s
1147 1.2427368294636363e+23 g / s
1148 6.969048024840825e+21 g / s
1151 0.0 g / s
1152 2.687107211811241e+22 g / s
1153 3.51174006765467e+23 g / s
1155 0.0 g / s
1157 3.130825533340744e+23 g / s
1158 0.0 g / s
1161 0.0 g / s
1162 1.896175056242397e+22 g / s
1165 0.0 g / s
1166 0.0 g / s
1168 0.0 g / s
1170 0.0 g / s
1171 0.0 g / s
1173 0.0 g / s
1175 0.0 g / s
1176 0.0 g / s
1177 0.0 g / s
1180 0.0 g / s
1183 0.0 g / s
1184 0.0 g / s
1188 0.0 g / s
1190 0.0 g / s
1192 0.0 g / s
1193 0.0 g / s
1195 0.0 g / s
1196 0.0 g / s
1197 0.0 g / s
1198 0.0 g / s
1199 0.0 g / s
1200 0.0 g / s
1201 1.1620224526466697e+23 g / s
1202 0.0 g / s
1203 0.0 g / s
1204 0.0 g / s
1209 0.0 g / s
1212 0.0 g / s
1218 0.0 g / s
1219 0.0 g / s
1220 0.0 g / s
1221 0.0 g / s
1222 0.0 g / s
1224 0.0 g / s
1225 0.0 g / s
1227 0.0 g / s
1229 0.0 g / s
1231 0.0 g / s
1234 0.0 g / s
1235 0.0 g / s
1238 0.0 g / s
1239 0.0 g / s
1240 0.0 g / s
1242 0.0 g / s
1246 0.0 g / s
1250 1.2868129618027476e+22 g / s
IsSatellite
1252 0.0 g / s
1253 0.0 g / s
1254 0.0 g / s
1255 0.0 g / s
1256 0.0 g / s
1257 5.129055933227829e+23 g / s
1259 0.0 g / s
1262 0.0 g / s
1263 0.0 g / s
1264 0.0 g / s
1265 0.0 g / s
1266 0.0 g / s
1268 6.755054738509988e+22 g / s
1269 0.0 g / s
1270 0.0 g / s
1272 0.0 g / s
1273 0.0 g / s
1274 0.0 g / s
1275 0.0 g / s
1276 0.0 g / s
1279 0.0 g / s
1280 0.0 g / s
1281 0.0 g / s
1283 0.0 g / s
1284 0.0 g / s
1285 0.0 g / s
1287 0.0 g / s
1288 0.0 g / s
1289 0.0 g / s
IsSatellite
1291 1.6436954015972154e+23 g / s
1292 0.0 g / s
1297 8.214242534774738e+23 g / s
1298 0.0 g / s
1299 0.0 g / s
1301 0.0 g / s
1303 0.0 g / s
1304 4.2527599103481045e+22 g / s
1305 0.0 g / s
1306 0.0 g / s
1307 0.0 g / s
1309 0.0 g / s
1315 0.0 g / s
1316 1.317576117874065e+23 g / s
1317 0.0 g / s
1321 0.0 g / s
1322 0.0 g / s
1323 0.0 g / s
1325 0.0 g / s
1326 0.0 g / s
1329 0.0 g / s
1333 0.0 g / s
1334 0.0 g / s
1335 0.0 g / s
1336 4.7583676841425025e+22 g / s
1337 0.0 g / s
1338 0.0 g / s
1339 0.0 g / s
1342 0.0 g / s
IsSatellite
1344 0.0 g / s
1345 3.594568438754783e+22 g / s
1346 0.0 g / s
1347 0.0 g / s
1350 8.867700215488625e+23 g / s
1352 5.257253273864099e+26 g / s
1353 0.0 g / s
1354 0.0 g / s
1355 0.0 g / s
1356 0.0 g / s
1357 0.0 g / s
1358 0.0 g / s
1360 0.0 g / s
1361 0.0 g / s
1365 0.0 g / s
1366 0.0 g / s
1368 0.0 g / s
1370 0.0 g / s
1371 1.4544021282249922e+23 g / s
1373 0.0 g / s
1374 0.0 g / s
1375 0.0 g / s
IsSatellite
1377 9.597598891937898e+22 g / s
1384 0.0 g / s
1386 0.0 g / s
1387 0.0 g / s
1389 0.0 g / s
IsSatellite
1392 0.0 g / s
1394 0.0 g / s
1395 0.0 g / s
1396 0.0 g / s
1397 0.0 g / s
1400 0.0 g / s
1403 0.0 g / s
1404 0.0 g / s
1406 0.0 g / s
1408 0.0 g / s
1410 0.0 g / s
1412 0.0 g / s
1413 0.0 g / s
1414 0.0 g / s
1417 0.0 g / s
1422 0.0 g / s
1425 0.0 g / s
1427 0.0 g / s
1428 0.0 g / s
1429 0.0 g / s
1430 0.0 g / s
1431 0.0 g / s
1433 0.0 g / s
1435 0.0 g / s
1436 0.0 g / s
1438 0.0 g / s
1440 0.0 g / s
1441 0.0 g / s
1443 0.0 g / s
1445 0.0 g / s
1446 0.0 g / s
1448 0.0 g / s
1449 0.0 g / s
1450 0.0 g / s
IsSatellite
1452 0.0 g / s
1453 0.0 g / s
1454 0.0 g / s
1455 0.0 g / s
1456 0.0 g / s
1458 0.0 g / s
1459 0.0 g / s
1460 0.0 g / s
1462 0.0 g / s
1463 0.0 g / s
1465 0.0 g / s
1466 0.0 g / s
1467 0.0 g / s
1468 0.0 g / s
1470 0.0 g / s
1471 0.0 g / s
1473 0.0 g / s
1474 0.0 g / s
1476 0.0 g / s
1479 0.0 g / s
1480 0.0 g / s
1481 0.0 g / s
1483 0.0 g / s
1484 0.0 g / s
1486 0.0 g / s
1488 0.0 g / s
1489 0.0 g / s
1491 0.0 g / s
1492 0.0 g / s
IsSatellite
1502 0.0 g / s
1504 0.0 g / s
1506 0.0 g / s
1507 0.0 g / s
1508 0.0 g / s
1509 0.0 g / s
1512 0.0 g / s
1513 0.0 g / s
1518 0.0 g / s
IsSatellite
IsSatellite
1527 0.0 g / s
1528 0.0 g / s
1529 0.0 g / s
1530 0.0 g / s
1534 0.0 g / s
1537 0.0 g / s
1542 0.0 g / s
1546 0.0 g / s
1547 0.0 g / s
IsSatellite
1551 0.0 g / s
1554 0.0 g / s
IsSatellite
1557 0.0 g / s
1559 0.0 g / s
1563 0.0 g / s
IsSatellite
1567 0.0 g / s
1568 0.0 g / s
1570 0.0 g / s
1572 0.0 g / s
1575 0.0 g / s
1576 0.0 g / s
1583 0.0 g / s
1585 0.0 g / s
1587 0.0 g / s
1589 0.0 g / s
1590 0.0 g / s
1594 0.0 g / s
1595 2.1413166865599446e+24 g / s
1596 0.0 g / s
1598 0.0 g / s
1601 0.0 g / s
1604 0.0 g / s
1605 0.0 g / s
1607 0.0 g / s
1609 0.0 g / s
1611 0.0 g / s
1612 0.0 g / s
1613 0.0 g / s
1614 0.0 g / s
1616 0.0 g / s
IsSatellite
1620 0.0 g / s
1622 0.0 g / s
1623 0.0 g / s
1624 0.0 g / s
RadiusEqualZero
1626 0.0 g / s
1628 4.095371090574297e+23 g / s
IsSatellite
1630 0.0 g / s
1631 0.0 g / s
1632 0.0 g / s
1635 0.0 g / s
1636 0.0 g / s
1637 7.4227786383125924e+22 g / s
1638 0.0 g / s
1640 0.0 g / s
1642 0.0 g / s
1645 4.9846703830746884e+25 g / s
1646 0.0 g / s
1647 0.0 g / s
1649 0.0 g / s
1650 0.0 g / s
1651 0.0 g / s
1653 0.0 g / s
1654 0.0 g / s
1655 0.0 g / s
1656 0.0 g / s
1657 3.3775273692549937e+22 g / s
1658 0.0 g / s
1659 0.0 g / s
1660 0.0 g / s
1661 0.0 g / s
1662 0.0 g / s
IsSatellite
IsSatellite
1668 0.0 g / s
1669 0.0 g / s
1673 0.0 g / s
1676 0.0 g / s
1678 0.0 g / s
IsSatellite
1680 0.0 g / s
1681 0.0 g / s
1682 0.0 g / s
1685 0.0 g / s
1686 0.0 g / s
1687 0.0 g / s
1691 0.0 g / s
1692 0.0 g / s
1695 0.0 g / s
1696 0.0 g / s
RadiusEqualZero
1701 0.0 g / s
1707 0.0 g / s
1709 0.0 g / s
1710 0.0 g / s
1711 0.0 g / s
1713 0.0 g / s
1714 0.0 g / s
1717 0.0 g / s
IsSatellite
1720 0.0 g / s
1721 0.0 g / s
1723 0.0 g / s
1724 0.0 g / s
1726 0.0 g / s
1733 0.0 g / s
1735 0.0 g / s
IsSatellite
1742 0.0 g / s
1743 0.0 g / s
1746 0.0 g / s
1750 0.0 g / s
1753 0.0 g / s
1755 0.0 g / s
1756 0.0 g / s
1759 0.0 g / s
1760 0.0 g / s
1762 0.0 g / s
1763 0.0 g / s
1764 0.0 g / s
1766 0.0 g / s
1768 0.0 g / s
1770 0.0 g / s
1771 0.0 g / s
1772 0.0 g / s
1775 0.0 g / s
1776 0.0 g / s
1777 0.0 g / s
1778 0.0 g / s
1779 0.0 g / s
1780 6.758297061030153e+22 g / s
1783 0.0 g / s
1784 0.0 g / s
1785 0.0 g / s
1786 0.0 g / s
1788 0.0 g / s
1790 0.0 g / s
1791 0.0 g / s
IsSatellite
1795 0.0 g / s
1797 0.0 g / s
1798 0.0 g / s
1799 0.0 g / s
1801 0.0 g / s
1803 4.557343687892324e+22 g / s
1804 0.0 g / s
1806 0.0 g / s
1808 0.0 g / s
1814 0.0 g / s
1816 0.0 g / s
1817 0.0 g / s
1818 0.0 g / s
1819 0.0 g / s
1825 0.0 g / s
1826 0.0 g / s
1827 0.0 g / s
1829 0.0 g / s
1830 0.0 g / s
1832 0.0 g / s
1833 0.0 g / s
1835 0.0 g / s
1838 0.0 g / s
1840 0.0 g / s
1842 0.0 g / s
IsSatellite
1844 0.0 g / s
1846 0.0 g / s
1848 0.0 g / s
1849 0.0 g / s
1850 0.0 g / s
1851 0.0 g / s
1854 0.0 g / s
1855 0.0 g / s
1857 0.0 g / s
1863 0.0 g / s
1864 0.0 g / s
1865 0.0 g / s
1866 0.0 g / s
1867 0.0 g / s
1871 0.0 g / s
1872 0.0 g / s
1873 0.0 g / s
1875 0.0 g / s
1876 0.0 g / s
1877 0.0 g / s
1878 0.0 g / s
IsSatellite
1881 0.0 g / s
1883 0.0 g / s
1885 0.0 g / s
1887 0.0 g / s
1891 0.0 g / s
1892 0.0 g / s
1893 0.0 g / s
1894 0.0 g / s
1895 0.0 g / s
1896 0.0 g / s
1897 0.0 g / s
1899 0.0 g / s
1901 0.0 g / s
1903 0.0 g / s
1904 0.0 g / s
1905 0.0 g / s
1906 0.0 g / s
1907 0.0 g / s
IsSatellite
1909 0.0 g / s
1910 0.0 g / s
1911 0.0 g / s
1918 0.0 g / s
1920 0.0 g / s
1922 0.0 g / s
1923 0.0 g / s
1926 0.0 g / s
1927 0.0 g / s
1930 0.0 g / s
1931 0.0 g / s
1932 0.0 g / s
1933 0.0 g / s
1935 0.0 g / s
1937 0.0 g / s
1938 0.0 g / s
1944 0.0 g / s
1945 0.0 g / s
1946 0.0 g / s
1947 0.0 g / s
1952 0.0 g / s
IsSatellite
1958 0.0 g / s
1959 0.0 g / s
1960 0.0 g / s
1961 0.0 g / s
1962 0.0 g / s
1963 0.0 g / s
1965 0.0 g / s
1967 0.0 g / s
IsSatellite
1971 0.0 g / s
1976 0.0 g / s
1978 0.0 g / s
1981 0.0 g / s
1982 0.0 g / s
1983 0.0 g / s
1986 0.0 g / s
1987 0.0 g / s
1988 6.709662223227691e+21 g / s
1989 0.0 g / s
1992 0.0 g / s
1994 0.0 g / s
1995 0.0 g / s
1996 0.0 g / s
1997 0.0 g / s
1999 0.0 g / s
2000 0.0 g / s
2003 0.0 g / s
2004 0.0 g / s
2005 0.0 g / s
2007 0.0 g / s
2010 0.0 g / s
2011 2.879603899833386e+23 g / s
2014 0.0 g / s
2015 0.0 g / s
2016 0.0 g / s
2017 0.0 g / s
2018 0.0 g / s
2019 0.0 g / s
2020 3.9901317862148085e+22 g / s
2021 0.0 g / s
2022 0.0 g / s
2023 0.0 g / s
2025 0.0 g / s
2026 0.0 g / s
2027 0.0 g / s
IsSatellite
2029 0.0 g / s
2030 0.0 g / s
2031 0.0 g / s
IsSatellite
IsSatellite
2034 0.0 g / s
2035 0.0 g / s
2036 0.0 g / s
2038 0.0 g / s
IsSatellite
2040 0.0 g / s
2043 0.0 g / s
2044 0.0 g / s
2047 0.0 g / s
2049 0.0 g / s
2050 0.0 g / s
2052 0.0 g / s
2054 0.0 g / s
2055 0.0 g / s
2056 0.0 g / s
2061 0.0 g / s
2062 0.0 g / s
2063 0.0 g / s
2064 0.0 g / s
2065 0.0 g / s
2066 0.0 g / s
2067 0.0 g / s
2068 0.0 g / s
2069 0.0 g / s
2071 0.0 g / s
2072 0.0 g / s
2075 0.0 g / s
2076 0.0 g / s
RadiusEqualZero
2079 0.0 g / s
2080 0.0 g / s
2081 0.0 g / s
2083 0.0 g / s
2084 0.0 g / s
2085 0.0 g / s
2086 0.0 g / s
2091 0.0 g / s
2093 0.0 g / s
2094 0.0 g / s
RadiusEqualZero
2096 0.0 g / s
2098 4.712975168860205e+22 g / s
2100 0.0 g / s
2102 0.0 g / s
2103 0.0 g / s
2106 0.0 g / s
2107 0.0 g / s
2110 0.0 g / s
2111 0.0 g / s
2112 0.0 g / s
2113 0.0 g / s
2117 0.0 g / s
2118 0.0 g / s
2119 0.0 g / s
2121 0.0 g / s
2122 0.0 g / s
2123 0.0 g / s
2124 0.0 g / s
2125 0.0 g / s
2127 0.0 g / s
2128 0.0 g / s
IsSatellite
2131 0.0 g / s
2132 0.0 g / s
2133 0.0 g / s
RadiusEqualZero
2137 0.0 g / s
2139 0.0 g / s
2141 0.0 g / s
2142 0.0 g / s
2143 0.0 g / s
2145 0.0 g / s
2148 0.0 g / s
2149 0.0 g / s
2151 0.0 g / s
2153 0.0 g / s
IsSatellite
2155 0.0 g / s
2156 0.0 g / s
2157 0.0 g / s
2158 0.0 g / s
2159 0.0 g / s
2160 0.0 g / s
2161 1.2798516953519552e+24 g / s
2163 0.0 g / s
2164 0.0 g / s
2165 0.0 g / s
2166 0.0 g / s
2167 0.0 g / s
IsSatellite
2170 0.0 g / s
2171 0.0 g / s
2172 0.0 g / s
2175 0.0 g / s
2176 0.0 g / s
2178 0.0 g / s
2179 0.0 g / s
2180 0.0 g / s
2181 0.0 g / s
2182 0.0 g / s
2183 0.0 g / s
2184 0.0 g / s
2185 0.0 g / s
2186 0.0 g / s
IsSatellite
2190 0.0 g / s
2191 0.0 g / s
2192 0.0 g / s
2193 0.0 g / s
2197 0.0 g / s
2199 0.0 g / s
2201 0.0 g / s
2202 0.0 g / s
2203 0.0 g / s
2206 0.0 g / s
2208 0.0 g / s
2210 0.0 g / s
2211 0.0 g / s
2213 0.0 g / s
2214 0.0 g / s
2215 0.0 g / s
2216 0.0 g / s
2218 0.0 g / s
2219 0.0 g / s
2220 0.0 g / s
2222 0.0 g / s
IsSatellite
2224 0.0 g / s
2230 0.0 g / s
2231 0.0 g / s
2232 0.0 g / s
2233 0.0 g / s
2234 0.0 g / s
2235 0.0 g / s
2236 0.0 g / s
2237 0.0 g / s
2238 0.0 g / s
2239 0.0 g / s
2241 0.0 g / s
2244 0.0 g / s
2245 0.0 g / s
IsSatellite
2247 0.0 g / s
2248 0.0 g / s
2250 0.0 g / s
2252 0.0 g / s
2253 0.0 g / s
2254 0.0 g / s
2256 0.0 g / s
2257 0.0 g / s
2258 0.0 g / s
2261 0.0 g / s
2262 0.0 g / s
2264 0.0 g / s
2265 0.0 g / s
2266 0.0 g / s
2268 0.0 g / s
2269 0.0 g / s
2270 0.0 g / s
2271 0.0 g / s
2273 0.0 g / s
2274 0.0 g / s
2275 0.0 g / s
2276 0.0 g / s
2277 0.0 g / s
2278 0.0 g / s
2280 0.0 g / s
IsSatellite
2284 0.0 g / s
2285 0.0 g / s
2286 0.0 g / s
2287 0.0 g / s
2288 0.0 g / s
2289 0.0 g / s
2290 0.0 g / s
2291 0.0 g / s
2293 0.0 g / s
2295 0.0 g / s
2301 0.0 g / s
2303 0.0 g / s
2305 0.0 g / s
2306 0.0 g / s
2307 0.0 g / s
2309 0.0 g / s
2310 0.0 g / s
2311 0.0 g / s
2312 0.0 g / s
2313 0.0 g / s
2314 0.0 g / s
2316 0.0 g / s
2317 0.0 g / s
2321 0.0 g / s
2322 0.0 g / s
2323 0.0 g / s
2324 0.0 g / s
2326 0.0 g / s
2328 0.0 g / s
IsSatellite
2330 0.0 g / s
2332 0.0 g / s
2333 0.0 g / s
2335 0.0 g / s
2338 0.0 g / s
2339 0.0 g / s
2341 0.0 g / s
2342 0.0 g / s
2344 0.0 g / s
2353 0.0 g / s
2354 0.0 g / s
2355 0.0 g / s
2356 0.0 g / s
2360 0.0 g / s
2361 6.450276421614558e+21 g / s
2363 0.0 g / s
2365 0.0 g / s
2366 0.0 g / s
2367 0.0 g / s
2368 0.0 g / s
2369 0.0 g / s
2370 0.0 g / s
IsSatellite
2372 0.0 g / s
2373 0.0 g / s
2374 0.0 g / s
2375 0.0 g / s
2376 0.0 g / s
2377 0.0 g / s
2378 0.0 g / s
2380 0.0 g / s
2381 0.0 g / s
2382 0.0 g / s
2384 0.0 g / s
2388 0.0 g / s
2392 0.0 g / s
2394 0.0 g / s
2395 0.0 g / s
2397 0.0 g / s
2398 0.0 g / s
2399 0.0 g / s
2400 0.0 g / s
2403 0.0 g / s
2404 0.0 g / s
2405 0.0 g / s
2406 0.0 g / s
2408 0.0 g / s
2409 0.0 g / s
2410 0.0 g / s
2413 0.0 g / s
2415 0.0 g / s
2419 0.0 g / s
2420 0.0 g / s
2421 0.0 g / s
IsSatellite
2426 1.3736583370581226e+26 g / s
2427 0.0 g / s
2428 0.0 g / s
2430 0.0 g / s
2433 0.0 g / s
2436 0.0 g / s
2437 0.0 g / s
2438 0.0 g / s
2439 0.0 g / s
2442 0.0 g / s
2443 0.0 g / s
IsSatellite
2446 0.0 g / s
2447 0.0 g / s
2448 0.0 g / s
2449 0.0 g / s
2451 0.0 g / s
2452 0.0 g / s
2453 0.0 g / s
2456 0.0 g / s
2457 0.0 g / s
2459 0.0 g / s
2461 0.0 g / s
2462 0.0 g / s
2463 0.0 g / s
2464 0.0 g / s
2465 0.0 g / s
2466 0.0 g / s
2467 0.0 g / s
2468 0.0 g / s
2470 0.0 g / s
2471 0.0 g / s
2473 0.0 g / s
2474 0.0 g / s
2475 0.0 g / s
2479 0.0 g / s
2480 0.0 g / s
2488 0.0 g / s
2489 0.0 g / s
2491 0.0 g / s
2492 0.0 g / s
2493 0.0 g / s
2498 0.0 g / s
2499 0.0 g / s
2500 0.0 g / s
2501 0.0 g / s
2502 0.0 g / s
2503 0.0 g / s
2504 0.0 g / s
2506 0.0 g / s
IsSatellite
2508 0.0 g / s
2509 0.0 g / s
2510 0.0 g / s
2511 0.0 g / s
2512 0.0 g / s
2513 0.0 g / s
2517 0.0 g / s
2518 0.0 g / s
2519 0.0 g / s
2523 0.0 g / s
2526 0.0 g / s
2527 0.0 g / s
2529 0.0 g / s
2530 0.0 g / s
2531 0.0 g / s
2532 0.0 g / s
2533 0.0 g / s
RadiusEqualZero
2535 0.0 g / s
2536 0.0 g / s
2537 0.0 g / s
2538 0.0 g / s
IsSatellite
2540 0.0 g / s
2541 0.0 g / s
2543 0.0 g / s
2545 0.0 g / s
2546 0.0 g / s
2548 0.0 g / s
2549 0.0 g / s
2550 0.0 g / s
2551 0.0 g / s
2555 0.0 g / s
2556 0.0 g / s
2557 0.0 g / s
2559 0.0 g / s
2560 0.0 g / s
2561 0.0 g / s
2562 0.0 g / s
2563 0.0 g / s
2565 0.0 g / s
2566 0.0 g / s
2567 0.0 g / s
2568 0.0 g / s
2569 0.0 g / s
2570 0.0 g / s
2571 0.0 g / s
2574 0.0 g / s
2576 0.0 g / s
2577 0.0 g / s
IsSatellite
2582 0.0 g / s
2583 0.0 g / s
2584 0.0 g / s
2585 0.0 g / s
2586 0.0 g / s
2591 0.0 g / s
2592 0.0 g / s
2593 0.0 g / s
2594 0.0 g / s
IsSatellite
2596 0.0 g / s
2597 0.0 g / s
2598 0.0 g / s
2599 0.0 g / s
2600 0.0 g / s
IsSatellite
2602 0.0 g / s
2603 0.0 g / s
2604 0.0 g / s
2605 0.0 g / s
2606 0.0 g / s
2607 0.0 g / s
2609 0.0 g / s
IsSatellite
IsSatellite
2613 0.0 g / s
2614 0.0 g / s
2615 0.0 g / s
2619 0.0 g / s
2620 0.0 g / s
2623 0.0 g / s
2624 0.0 g / s
2625 0.0 g / s
2626 0.0 g / s
2627 0.0 g / s
2629 0.0 g / s
2630 0.0 g / s
2635 0.0 g / s
2636 0.0 g / s
IsSatellite
2639 0.0 g / s
2640 0.0 g / s
2644 0.0 g / s
2645 0.0 g / s
2646 0.0 g / s
2648 0.0 g / s
2650 0.0 g / s
2651 0.0 g / s
2652 0.0 g / s
2653 0.0 g / s
2654 0.0 g / s
2656 0.0 g / s
2657 0.0 g / s
2659 0.0 g / s
2663 0.0 g / s
2664 0.0 g / s
RadiusEqualZero
2667 0.0 g / s
IsSatellite
2669 0.0 g / s
2670 0.0 g / s
2672 0.0 g / s
2673 0.0 g / s
2674 0.0 g / s
2676 0.0 g / s
2677 0.0 g / s
2678 0.0 g / s
2679 0.0 g / s
2680 0.0 g / s
IsSatellite
2684 0.0 g / s
2685 0.0 g / s
2686 0.0 g / s
2687 0.0 g / s
2689 0.0 g / s
2691 0.0 g / s
2692 0.0 g / s
2695 0.0 g / s
2697 0.0 g / s
2699 0.0 g / s
2701 0.0 g / s
2702 0.0 g / s
2703 0.0 g / s
2705 0.0 g / s
2706 0.0 g / s
2707 0.0 g / s
2709 0.0 g / s
2710 0.0 g / s
2711 0.0 g / s
2712 0.0 g / s
2713 0.0 g / s
2719 0.0 g / s
2723 0.0 g / s
2725 0.0 g / s
2726 0.0 g / s
2727 0.0 g / s
2728 0.0 g / s
2730 0.0 g / s
2731 2.457933371440998e+23 g / s
2733 0.0 g / s
2737 0.0 g / s
2738 0.0 g / s
2739 0.0 g / s
2740 0.0 g / s
IsSatellite
2742 0.0 g / s
2744 0.0 g / s
2745 0.0 g / s
2748 0.0 g / s
2751 0.0 g / s
2752 0.0 g / s
2754 0.0 g / s
2757 0.0 g / s
2758 0.0 g / s
2761 0.0 g / s
2763 0.0 g / s
2764 0.0 g / s
2765 0.0 g / s
2766 0.0 g / s
2767 0.0 g / s
2769 0.0 g / s
2770 0.0 g / s
2771 0.0 g / s
2772 0.0 g / s
2774 0.0 g / s
2777 0.0 g / s
IsSatellite
2779 0.0 g / s
2780 0.0 g / s
2783 0.0 g / s
2784 0.0 g / s
2785 0.0 g / s
2786 0.0 g / s
2789 0.0 g / s
2790 0.0 g / s
2791 0.0 g / s
2793 0.0 g / s
2794 0.0 g / s
2795 0.0 g / s
2797 0.0 g / s
2798 0.0 g / s
2800 0.0 g / s
2802 0.0 g / s
2803 0.0 g / s
2804 0.0 g / s
2807 0.0 g / s
2808 0.0 g / s
2809 0.0 g / s
2810 0.0 g / s
2814 0.0 g / s
2815 0.0 g / s
2816 0.0 g / s
2817 0.0 g / s
2818 0.0 g / s
2820 0.0 g / s
2823 0.0 g / s
2826 0.0 g / s
2827 0.0 g / s
2829 0.0 g / s
2832 0.0 g / s
2833 0.0 g / s
2835 0.0 g / s
2836 0.0 g / s
2838 0.0 g / s
2840 0.0 g / s
2841 0.0 g / s
2842 0.0 g / s
2843 0.0 g / s
2844 0.0 g / s
2847 0.0 g / s
2848 0.0 g / s
IsSatellite
2853 0.0 g / s
2854 0.0 g / s
2855 0.0 g / s
2856 0.0 g / s
2857 0.0 g / s
2858 0.0 g / s
2861 0.0 g / s
2862 0.0 g / s
2865 0.0 g / s
2868 0.0 g / s
2869 0.0 g / s
2870 0.0 g / s
2871 0.0 g / s
2872 0.0 g / s
2873 0.0 g / s
2874 0.0 g / s
2875 0.0 g / s
2876 0.0 g / s
2877 0.0 g / s
2878 0.0 g / s
2879 0.0 g / s
2882 0.0 g / s
2883 0.0 g / s
2884 0.0 g / s
2885 0.0 g / s
2886 0.0 g / s
2887 0.0 g / s
2888 0.0 g / s
2889 0.0 g / s
2890 0.0 g / s
2891 0.0 g / s
2892 0.0 g / s
2893 0.0 g / s
2894 0.0 g / s
2896 0.0 g / s
2897 0.0 g / s
2898 0.0 g / s
2900 0.0 g / s
2901 0.0 g / s
2902 0.0 g / s
2903 0.0 g / s
2904 0.0 g / s
2905 0.0 g / s
2909 0.0 g / s
IsSatellite
2913 0.0 g / s
2915 0.0 g / s
2916 0.0 g / s
2920 0.0 g / s
2923 0.0 g / s
2926 0.0 g / s
2928 0.0 g / s
RadiusEqualZero
2931 0.0 g / s
2932 0.0 g / s
2934 0.0 g / s
2937 0.0 g / s
2939 0.0 g / s
2940 0.0 g / s
2941 0.0 g / s
2943 0.0 g / s
2945 0.0 g / s
2946 0.0 g / s
2947 0.0 g / s
2948 0.0 g / s
2951 0.0 g / s
2952 0.0 g / s
2955 0.0 g / s
IsSatellite
2958 0.0 g / s
2959 0.0 g / s
2960 0.0 g / s
2961 0.0 g / s
2963 0.0 g / s
2965 0.0 g / s
IsSatellite
RadiusEqualZero
2968 0.0 g / s
2970 0.0 g / s
2972 0.0 g / s
2973 0.0 g / s
2974 0.0 g / s
IsSatellite
IsSatellite
2980 0.0 g / s
2982 0.0 g / s
2984 0.0 g / s
2985 0.0 g / s
2986 0.0 g / s
2987 0.0 g / s
2988 0.0 g / s
2989 0.0 g / s
2992 0.0 g / s
2995 0.0 g / s
2996 0.0 g / s
2998 0.0 g / s
2999 0.0 g / s
123AllDone123
