yt : [INFO     ] 2017-07-27 10:59:15,539 Parameters: current_time              = 4.93026197235e+16
yt : [INFO     ] 2017-07-27 10:59:15,539 Parameters: domain_dimensions         = [2 2 2]
yt : [INFO     ] 2017-07-27 10:59:15,539 Parameters: domain_left_edge          = [ 0.  0.  0.]
yt : [INFO     ] 2017-07-27 10:59:15,540 Parameters: domain_right_edge         = [  2.67042633e+25   2.67042633e+25   2.67042633e+25]
yt : [INFO     ] 2017-07-27 10:59:15,540 Parameters: cosmological_simulation   = 1
yt : [INFO     ] 2017-07-27 10:59:15,540 Parameters: current_redshift          = 3.99999992452
yt : [INFO     ] 2017-07-27 10:59:15,540 Parameters: omega_lambda              = 0.712
yt : [INFO     ] 2017-07-27 10:59:15,541 Parameters: omega_matter              = 0.288
yt : [INFO     ] 2017-07-27 10:59:15,541 Parameters: hubble_constant           = 0.6933
yt : [INFO     ] 2017-07-27 10:59:15,665 Parameters: current_time              = 207.43449854315
yt : [INFO     ] 2017-07-27 10:59:15,665 Parameters: domain_dimensions         = [128 128 128]
yt : [INFO     ] 2017-07-27 10:59:15,666 Parameters: domain_left_edge          = [ 0.  0.  0.]
yt : [INFO     ] 2017-07-27 10:59:15,666 Parameters: domain_right_edge         = [ 1.  1.  1.]
yt : [INFO     ] 2017-07-27 10:59:15,667 Parameters: cosmological_simulation   = 1
yt : [INFO     ] 2017-07-27 10:59:15,667 Parameters: current_redshift          = 3.9999999245221
yt : [INFO     ] 2017-07-27 10:59:15,667 Parameters: omega_lambda              = 0.712
yt : [INFO     ] 2017-07-27 10:59:15,667 Parameters: omega_matter              = 0.288
yt : [INFO     ] 2017-07-27 10:59:15,667 Parameters: hubble_constant           = 0.6933
yt : [INFO     ] 2017-07-27 10:59:15,670 Allocating for 1.265e+04 particles (index particle type 'all')
yt : [INFO     ] 2017-07-27 10:59:15,677 Identified 4.185e+03 octs
IsSatellite
67 1.3925880178867622 solMass / solMass
IsSatellite
71 0.8215943704926006 solMass / solMass
72 1.3263006756046714 solMass / solMass
IsSatellite
78 4.978027391043532 solMass / solMass
80 1.4670309092430829 solMass / solMass
86 0.6151808309082953 solMass / solMass
87 1.599032246487184 solMass / solMass
88 3.6069489523017033 solMass / solMass
91 1.6294151287853182 solMass / solMass
IsSatellite
97 4.0173877905220605 solMass / solMass
101 24.85637289296752 solMass / solMass
IsSatellite
107 13.79412407016124 solMass / solMass
108 3.2425771044960325 solMass / solMass
114 4.70897953330935 solMass / solMass
IsSatellite
118 4.888524855598883 solMass / solMass
122 4.147901345640612 solMass / solMass
123 35.01634012074696 solMass / solMass
124 6.222885102837393 solMass / solMass
127 4.395136354143208 solMass / solMass
128 8.175692583502958 solMass / solMass
IsSatellite
132 5.041475888341097 solMass / solMass
134 4.842708348036887 solMass / solMass
135 16.28727922124506 solMass / solMass
142 4.58169319384447 solMass / solMass
143 5.206409862057633 solMass / solMass
145 2.6322303934521223 solMass / solMass
146 8.52391705032915 solMass / solMass
149 8.649392551868129 solMass / solMass
151 0.8287064052400943 solMass / solMass
152 9.710749203818624 solMass / solMass
154 3.9952699054866607 solMass / solMass
155 11.257563592090852 solMass / solMass
157 48.01686753727393 solMass / solMass
IsSatellite
161 1.66584441078494 solMass / solMass
162 4.220692115256294 solMass / solMass
164 15.147757078648992 solMass / solMass
167 4.5239818122537985 solMass / solMass
169 4.757948794287091 solMass / solMass
170 6.570045853661728 solMass / solMass
172 16.22499308968074 solMass / solMass
177 7.472000681547767 solMass / solMass
180 3.318763502002973 solMass / solMass
184 5.243620716793601 solMass / solMass
187 5.688875831206073 solMass / solMass
189 79.00685137336167 solMass / solMass
191 4.467791347121803 solMass / solMass
192 16.12944291772631 solMass / solMass
199 3.9789763580974924 solMass / solMass
200 7.490097870250746 solMass / solMass
IsSatellite
207 4.551133384075541 solMass / solMass
208 10.096524937943743 solMass / solMass
209 75.73519848240248 solMass / solMass
216 0.9317155218967281 solMass / solMass
217 46.428320106324264 solMass / solMass
218 11.554793308919141 solMass / solMass
219 14.102585568572461 solMass / solMass
220 13.890816862511683 solMass / solMass
222 23.56209072917687 solMass / solMass
223 7.129028625002009 solMass / solMass
225 2.3695492421664377 solMass / solMass
226 3.5671415812819087 solMass / solMass
229 11.634379671007697 solMass / solMass
234 23.082422889499966 solMass / solMass
235 19.400858443988813 solMass / solMass
236 10.534399029633692 solMass / solMass
238 16.899763088650918 solMass / solMass
244 4.984491318740109 solMass / solMass
245 10.828836378177792 solMass / solMass
249 13.08591246536643 solMass / solMass
253 3.347675226469095 solMass / solMass
254 4.576248602079651 solMass / solMass
255 9.019143643756822 solMass / solMass
257 22.12392584444452 solMass / solMass
258 10.89688710739063 solMass / solMass
260 8.05898953478488 solMass / solMass
261 7.091590931661866 solMass / solMass
262 9.311728485120026 solMass / solMass
263 16.374795105100418 solMass / solMass
264 19.803049703498946 solMass / solMass
265 13.634047145465525 solMass / solMass
266 19.209490240199578 solMass / solMass
267 14.715813074889137 solMass / solMass
269 70.16583118254634 solMass / solMass
270 2.195350580535198 solMass / solMass
272 11.896139799447784 solMass / solMass
273 46.13520511314654 solMass / solMass
274 2.269691903264814 solMass / solMass
277 21.65323854075044 solMass / solMass
280 10.622936136385057 solMass / solMass
281 35.071339743402795 solMass / solMass
283 8.312785639366421 solMass / solMass
287 11.334497223076568 solMass / solMass
292 75.40717440207655 solMass / solMass
296 28.824988270621972 solMass / solMass
300 4.300600074827134 solMass / solMass
302 14.737538425836236 solMass / solMass
305 28.260352361816 solMass / solMass
307 21.232273802416064 solMass / solMass
308 44.66002105596627 solMass / solMass
309 15.710177803070776 solMass / solMass
310 2.0430148371116466 solMass / solMass
311 16.251724287977993 solMass / solMass
312 9.551637077150687 solMass / solMass
313 117.50537348711954 solMass / solMass
314 13.307067204624264 solMass / solMass
315 20.904067645205078 solMass / solMass
318 21.768474042333303 solMass / solMass
319 7.178640095817754 solMass / solMass
320 168.3769305135286 solMass / solMass
323 21.447318318771746 solMass / solMass
325 1.6316996334782095 solMass / solMass
326 47.25173254214511 solMass / solMass
328 42.57183017275053 solMass / solMass
330 165.27537237466876 solMass / solMass
331 17.315191753775597 solMass / solMass
333 29.471813768968605 solMass / solMass
334 32.39097684956363 solMass / solMass
336 3.2504152231844654 solMass / solMass
337 21.61141550985785 solMass / solMass
339 22.77537523279162 solMass / solMass
340 153.4467847132273 solMass / solMass
342 45.40801627575969 solMass / solMass
344 14.029822353787388 solMass / solMass
346 44.79283625930303 solMass / solMass
349 25.99930147056584 solMass / solMass
350 16.66716191328895 solMass / solMass
351 47.648071430183634 solMass / solMass
353 33.0058766232523 solMass / solMass
354 21.417277559502356 solMass / solMass
356 11.43898689823811 solMass / solMass
357 4.485007393080635 solMass / solMass
363 104.30022464407402 solMass / solMass
364 18.28443924151769 solMass / solMass
365 15.128715970577419 solMass / solMass
366 30.004021988586263 solMass / solMass
368 19.560565577605907 solMass / solMass
370 15.881989844395767 solMass / solMass
372 3.9171570302304173 solMass / solMass
375 38.06532134838165 solMass / solMass
376 15.555664052410462 solMass / solMass
378 50.60625334835695 solMass / solMass
380 5.997276958521075 solMass / solMass
383 71.84819766172906 solMass / solMass
387 33.04062693165291 solMass / solMass
389 10.422029024827884 solMass / solMass
391 252.75685435972815 solMass / solMass
392 4.2037207979702575 solMass / solMass
398 34.411280368355634 solMass / solMass
400 33.23945400811879 solMass / solMass
401 5.158001798856757 solMass / solMass
403 22.863777565149373 solMass / solMass
406 25.109548962882858 solMass / solMass
409 9.444813556168075 solMass / solMass
410 8.179408197190696 solMass / solMass
413 21.39908235206452 solMass / solMass
414 4.781012574071943 solMass / solMass
420 17.39176746822097 solMass / solMass
421 47.55296693880887 solMass / solMass
422 20.004612694970263 solMass / solMass
423 5.266837299109605 solMass / solMass
428 34.669257942419804 solMass / solMass
431 84.46780072985908 solMass / solMass
432 33.23607790101728 solMass / solMass
434 5.790136503373539 solMass / solMass
437 45.62561371189912 solMass / solMass
438 19.776667729197392 solMass / solMass
441 16.601584019281596 solMass / solMass
442 14.3727675760441 solMass / solMass
444 8.61728793569919 solMass / solMass
446 12.81922334299969 solMass / solMass
450 48.19006804297328 solMass / solMass
452 61.29394847853044 solMass / solMass
456 306.7084386844361 solMass / solMass
457 13.158754960817573 solMass / solMass
459 24.60341347955625 solMass / solMass
460 13.272140939201178 solMass / solMass
461 34.1320118894903 solMass / solMass
462 11.036669865969008 solMass / solMass
463 47.47070982366871 solMass / solMass
468 16.613870760817775 solMass / solMass
470 128.08183906970967 solMass / solMass
474 15.197787723747712 solMass / solMass
478 50.38678997423409 solMass / solMass
482 51.87946232573145 solMass / solMass
485 38.04934140980905 solMass / solMass
487 24.52448003019497 solMass / solMass
488 37.258620976473175 solMass / solMass
490 15.956553592771105 solMass / solMass
491 19.46574923822451 solMass / solMass
492 54.75645503914622 solMass / solMass
IsSatellite
496 15.321663261612818 solMass / solMass
497 86.71036477171104 solMass / solMass
498 51.90048341763491 solMass / solMass
503 74.40785761153778 solMass / solMass
509 3.6207999452645945 solMass / solMass
510 13.103261621133214 solMass / solMass
512 45.41309296751072 solMass / solMass
516 6.010788363662603 solMass / solMass
518 32.98571150765883 solMass / solMass
519 23.021950672820946 solMass / solMass
520 300.64702671128913 solMass / solMass
524 30.27136891865679 solMass / solMass
527 47.29919408860414 solMass / solMass
528 0.8463964967768578 solMass / solMass
529 94.49797854240285 solMass / solMass
536 19.63916465992113 solMass / solMass
537 10.242831228839782 solMass / solMass
540 29.93785918877252 solMass / solMass
541 63.59945716509349 solMass / solMass
542 13.401836460903077 solMass / solMass
543 8.753410903286252 solMass / solMass
544 12.240082078873234 solMass / solMass
546 37.439898419784974 solMass / solMass
549 51.582751122154534 solMass / solMass
555 2.1992901321170417 solMass / solMass
556 63.346613432219556 solMass / solMass
559 5.158859081928635 solMass / solMass
561 53.13444565753406 solMass / solMass
562 94.22636952368816 solMass / solMass
567 12.712080717742856 solMass / solMass
568 70.49206080265897 solMass / solMass
571 103.32555218471883 solMass / solMass
572 17.02931849393262 solMass / solMass
574 325.8529397394342 solMass / solMass
575 58.126335383832796 solMass / solMass
576 1.9676189124992898 solMass / solMass
577 30.072024443005716 solMass / solMass
578 36.57368738608744 solMass / solMass
582 41.95411613699212 solMass / solMass
584 27.935768048351264 solMass / solMass
585 44.16248696821252 solMass / solMass
586 65.74222152045549 solMass / solMass
587 32.31769724133412 solMass / solMass
589 16.14978849774621 solMass / solMass
590 4.2501326735184035 solMass / solMass
593 51.44168873970067 solMass / solMass
597 100.34381061587175 solMass / solMass
598 50.4345968705783 solMass / solMass
601 45.40967543845891 solMass / solMass
604 336.7286290329136 solMass / solMass
605 416.2434627132844 solMass / solMass
606 27.265964059804652 solMass / solMass
608 8.2298088606603 solMass / solMass
609 16.11279081868899 solMass / solMass
610 41.23978233126626 solMass / solMass
611 89.26021011542423 solMass / solMass
613 83.1554012845812 solMass / solMass
615 40.376070723725164 solMass / solMass
617 0.0 solMass / solMass
618 54.102815657255526 solMass / solMass
619 7.484378307253059 solMass / solMass
621 196.17626767423977 solMass / solMass
626 64.18225678497679 solMass / solMass
627 59.740477202681134 solMass / solMass
628 82.73600373394737 solMass / solMass
630 218.47665123359374 solMass / solMass
632 70.90497651807125 solMass / solMass
633 8.714000600211374 solMass / solMass
634 17.93096898357308 solMass / solMass
637 43.540888247173946 solMass / solMass
640 424.1344774461502 solMass / solMass
641 53.6370582935407 solMass / solMass
642 50.9598056829484 solMass / solMass
IsSatellite
644 57.33626616940949 solMass / solMass
645 105.9888406156938 solMass / solMass
646 69.9311319597114 solMass / solMass
647 42.54606083038355 solMass / solMass
652 17.372937784092272 solMass / solMass
654 126.56420551185546 solMass / solMass
655 10.46402172518522 solMass / solMass
657 20.867171462390555 solMass / solMass
660 101.53232386503169 solMass / solMass
661 45.28616625688725 solMass / solMass
662 93.08005874646706 solMass / solMass
664 377.8140590689096 solMass / solMass
667 26.622946344923797 solMass / solMass
669 34.896242622068044 solMass / solMass
670 18.795185890288316 solMass / solMass
IsSatellite
672 70.72687398149354 solMass / solMass
674 135.39802656706698 solMass / solMass
676 10.036327896912344 solMass / solMass
677 73.96221362151815 solMass / solMass
679 126.90372474560893 solMass / solMass
680 87.52480567664024 solMass / solMass
IsSatellite
685 26.962978747894304 solMass / solMass
686 383.236772462456 solMass / solMass
687 73.04189052370687 solMass / solMass
688 87.90845156562001 solMass / solMass
689 4.528487332121874 solMass / solMass
691 451.75524960595675 solMass / solMass
692 288.785074681602 solMass / solMass
696 98.78975924152553 solMass / solMass
697 91.5985338248675 solMass / solMass
698 27.19706882926774 solMass / solMass
699 94.41910502918336 solMass / solMass
700 8.452271889043802 solMass / solMass
701 9.96385761478099 solMass / solMass
707 7.987361474322792 solMass / solMass
708 24.410240358855457 solMass / solMass
713 5.586099803703284 solMass / solMass
714 26.394452027030326 solMass / solMass
715 63.134851315710605 solMass / solMass
717 56.19636417230425 solMass / solMass
718 40.9989508801215 solMass / solMass
719 240.4377845141571 solMass / solMass
720 16.73295770978457 solMass / solMass
722 20.2171707433962 solMass / solMass
724 30.39820034520537 solMass / solMass
726 7.243401016575964 solMass / solMass
727 140.878598193134 solMass / solMass
728 24.39339178580295 solMass / solMass
729 40.795584816960414 solMass / solMass
730 15.402289129621044 solMass / solMass
731 63.7680985500951 solMass / solMass
732 18.08715043255869 solMass / solMass
733 79.91111867974165 solMass / solMass
734 470.8128973409484 solMass / solMass
736 564.7029689571434 solMass / solMass
737 72.99782886444287 solMass / solMass
738 73.30304427287858 solMass / solMass
741 124.75793737353511 solMass / solMass
742 123.11639472943926 solMass / solMass
744 46.04129285461294 solMass / solMass
746 84.71243805723381 solMass / solMass
750 19.782105080128005 solMass / solMass
751 60.419420059076955 solMass / solMass
754 134.24657413670718 solMass / solMass
756 18.560066817212164 solMass / solMass
758 381.95071805813046 solMass / solMass
760 87.2794043198383 solMass / solMass
762 66.70279448716254 solMass / solMass
763 15.627377804546294 solMass / solMass
764 121.23212803926106 solMass / solMass
768 4.061256757108047 solMass / solMass
769 428.827460613412 solMass / solMass
770 5.464287825420357 solMass / solMass
771 154.35986568890698 solMass / solMass
772 112.94187336700936 solMass / solMass
773 53.06867621932173 solMass / solMass
774 25.368169295484478 solMass / solMass
775 42.91808365345845 solMass / solMass
776 30.929473679224273 solMass / solMass
777 14.668515543417731 solMass / solMass
778 38.11489801989361 solMass / solMass
780 21.336095399234978 solMass / solMass
781 63.32062191577937 solMass / solMass
783 73.30729093196092 solMass / solMass
784 26.569144243891625 solMass / solMass
788 41.95156879676058 solMass / solMass
791 45.46737011163292 solMass / solMass
792 110.41082850695652 solMass / solMass
793 39.429929863234065 solMass / solMass
796 482.9643542947101 solMass / solMass
802 716.385424191442 solMass / solMass
803 11.33104628714455 solMass / solMass
804 24.7895381692961 solMass / solMass
805 124.12248627866222 solMass / solMass
808 94.65945809090852 solMass / solMass
810 75.33187395160951 solMass / solMass
811 2.8025273968931437 solMass / solMass
812 77.59216786378815 solMass / solMass
814 86.57800301012173 solMass / solMass
819 119.76250419306925 solMass / solMass
820 485.4413966406004 solMass / solMass
821 23.745199997489536 solMass / solMass
825 555.366855477784 solMass / solMass
826 112.78752944334035 solMass / solMass
828 80.10254881459804 solMass / solMass
829 302.4533262533463 solMass / solMass
831 124.63552543003365 solMass / solMass
832 107.30849772825127 solMass / solMass
835 28.477268909135137 solMass / solMass
836 420.6481380472831 solMass / solMass
837 23.369130250137935 solMass / solMass
839 4.618176777580185 solMass / solMass
840 54.434870651152444 solMass / solMass
843 3.7387256610763218 solMass / solMass
844 58.187028211371626 solMass / solMass
845 17.131954762373613 solMass / solMass
846 12.245234385681345 solMass / solMass
847 683.3568948853214 solMass / solMass
849 50.31503368152875 solMass / solMass
IsSatellite
851 30.850144258297217 solMass / solMass
852 116.44666994458815 solMass / solMass
854 73.33055192010583 solMass / solMass
855 80.29279256282814 solMass / solMass
856 12.842791871939244 solMass / solMass
857 38.14944623208084 solMass / solMass
860 51.85001886516154 solMass / solMass
861 5.893419308658575 solMass / solMass
864 113.78421608929526 solMass / solMass
865 131.69755463364544 solMass / solMass
867 31.907564668780328 solMass / solMass
870 26.60213335813913 solMass / solMass
871 132.50097679627623 solMass / solMass
873 27.06936020783841 solMass / solMass
874 26.13059816465317 solMass / solMass
875 705.8496889199608 solMass / solMass
876 417.1282532787628 solMass / solMass
877 94.02358725161828 solMass / solMass
882 54.2240903357501 solMass / solMass
883 143.97950953662618 solMass / solMass
884 331.40808863121714 solMass / solMass
886 59.10014966243439 solMass / solMass
887 37.845121112290165 solMass / solMass
888 38.721407834039134 solMass / solMass
889 116.7070406040641 solMass / solMass
891 2.976798611889951 solMass / solMass
892 34.71040312292571 solMass / solMass
893 12.114537001306802 solMass / solMass
894 76.75621145571088 solMass / solMass
895 30.03505459501795 solMass / solMass
896 14.392828742838896 solMass / solMass
897 598.4631040365211 solMass / solMass
898 42.50387104260111 solMass / solMass
900 53.10807383385894 solMass / solMass
901 371.48922282104155 solMass / solMass
902 147.10442694460735 solMass / solMass
903 23.219079713092984 solMass / solMass
904 27.19392988056355 solMass / solMass
905 87.02706327555002 solMass / solMass
906 3.538103791468233 solMass / solMass
909 1.6180078544316454 solMass / solMass
911 168.4606474482049 solMass / solMass
912 56.76148257403403 solMass / solMass
918 56.20827164010865 solMass / solMass
920 38.85703531761737 solMass / solMass
921 53.55375808050046 solMass / solMass
923 99.32696671287134 solMass / solMass
925 108.9753092895495 solMass / solMass
926 138.2253129908396 solMass / solMass
937 3.3483468585179414 solMass / solMass
938 100.31870628164106 solMass / solMass
941 13.522844463355465 solMass / solMass
943 74.87931078697088 solMass / solMass
944 102.3438715336496 solMass / solMass
945 224.37161883832195 solMass / solMass
946 18.15793552188356 solMass / solMass
950 31.934333520264687 solMass / solMass
953 56.788575579580204 solMass / solMass
956 37.050987259358195 solMass / solMass
959 20.866152732804487 solMass / solMass
960 159.7746010674193 solMass / solMass
962 53.96045087137532 solMass / solMass
963 139.8951180780278 solMass / solMass
964 14.844445598825125 solMass / solMass
965 29.75421606549592 solMass / solMass
966 39.978663175421886 solMass / solMass
967 11.456205424808065 solMass / solMass
969 40.223018387586464 solMass / solMass
971 818.5150452541001 solMass / solMass
974 74.11434347483221 solMass / solMass
975 98.90545841276311 solMass / solMass
977 29.744517778819645 solMass / solMass
979 118.01435620570727 solMass / solMass
980 16.430803025138367 solMass / solMass
982 846.3582270944675 solMass / solMass
983 96.06189553862365 solMass / solMass
984 104.59427495835922 solMass / solMass
IsSatellite
989 15.875804672594557 solMass / solMass
990 96.88815784482804 solMass / solMass
991 303.12595523151725 solMass / solMass
992 97.59672891024879 solMass / solMass
993 69.90669264385252 solMass / solMass
994 5.237847752738533 solMass / solMass
995 45.38170739273955 solMass / solMass
997 33.74241181753352 solMass / solMass
998 101.11111567266093 solMass / solMass
1000 15.816092780765448 solMass / solMass
1001 185.98901650726242 solMass / solMass
1002 49.466045976504134 solMass / solMass
1004 145.80725592428902 solMass / solMass
1005 199.30900283337598 solMass / solMass
1006 44.54022451349562 solMass / solMass
1007 412.57599933840794 solMass / solMass
1010 114.47667384357217 solMass / solMass
1011 49.24905501507802 solMass / solMass
1013 19.057984202185278 solMass / solMass
1015 85.58457490332907 solMass / solMass
1016 20.972499742622976 solMass / solMass
1018 32.83962007444694 solMass / solMass
1020 22.919784471746457 solMass / solMass
1021 89.19272643225553 solMass / solMass
1023 22.30233257256849 solMass / solMass
1025 99.94703073137873 solMass / solMass
1026 44.86629663548061 solMass / solMass
1028 131.107366307016 solMass / solMass
1030 60.07958916972361 solMass / solMass
1032 241.33827955567563 solMass / solMass
1033 67.41000455751649 solMass / solMass
1035 139.28034262887607 solMass / solMass
1037 28.81061291236608 solMass / solMass
1038 28.279104965399327 solMass / solMass
1039 34.34374212077331 solMass / solMass
1040 115.10268629753463 solMass / solMass
1041 71.08595261673847 solMass / solMass
1042 36.67507618511955 solMass / solMass
1043 101.23250904020627 solMass / solMass
1044 20.714966170114014 solMass / solMass
1045 25.406133805003066 solMass / solMass
1046 558.1684317021372 solMass / solMass
1048 141.70525484518086 solMass / solMass
1049 142.37879169405142 solMass / solMass
1050 75.46457106779938 solMass / solMass
1052 235.25633344408135 solMass / solMass
1062 814.6258191516553 solMass / solMass
1063 328.8343974947942 solMass / solMass
1066 60.353167400321034 solMass / solMass
1070 160.34371626816565 solMass / solMass
1071 46.90005642409704 solMass / solMass
1072 98.62282161909741 solMass / solMass
1074 92.41212605091567 solMass / solMass
1075 0.6407958044346443 solMass / solMass
1079 79.95391745755288 solMass / solMass
1083 39.725965290872665 solMass / solMass
1084 46.29213917053195 solMass / solMass
1087 131.42130851742118 solMass / solMass
1088 115.69944724953278 solMass / solMass
1089 92.1253388261851 solMass / solMass
1091 238.1794361957903 solMass / solMass
1092 47.02829799801943 solMass / solMass
1093 822.8857026981598 solMass / solMass
1095 141.8702604906722 solMass / solMass
1096 651.6495273569824 solMass / solMass
1097 36.53164866722591 solMass / solMass
1098 335.2137148760346 solMass / solMass
1099 148.39634258197339 solMass / solMass
1101 87.35896777791564 solMass / solMass
1104 19.166966315790436 solMass / solMass
1106 69.76887477242843 solMass / solMass
1108 154.77257337682497 solMass / solMass
1110 34.57240356878617 solMass / solMass
1112 154.57298290099067 solMass / solMass
1114 131.1048899214916 solMass / solMass
1117 87.9503064341419 solMass / solMass
1118 5.2400211025046906 solMass / solMass
1119 44.957569521389075 solMass / solMass
1121 46.64757002180796 solMass / solMass
1122 74.39892499526059 solMass / solMass
1123 25.132499725201438 solMass / solMass
1126 186.9523835431724 solMass / solMass
1129 31.04041595898662 solMass / solMass
1130 169.0028983539238 solMass / solMass
1133 6.807813575570911 solMass / solMass
1134 123.33236598004385 solMass / solMass
1135 56.94238806658744 solMass / solMass
1137 30.56223223830122 solMass / solMass
1138 30.284713628832574 solMass / solMass
1140 100.02181295624193 solMass / solMass
1143 196.4485547333435 solMass / solMass
1147 183.19633752933382 solMass / solMass
1153 35.696649111103106 solMass / solMass
1154 87.34386353417219 solMass / solMass
1155 86.4636899247095 solMass / solMass
1156 88.17273217088977 solMass / solMass
1159 22.501706244644332 solMass / solMass
1161 22.06368879622454 solMass / solMass
1165 21.33228260074772 solMass / solMass
1168 199.8811566350527 solMass / solMass
1169 26.8219813654228 solMass / solMass
1170 229.79172265412853 solMass / solMass
1171 73.56988373996367 solMass / solMass
1173 3041.971214154146 solMass / solMass
1175 21.053630212030136 solMass / solMass
1176 45.929061948834075 solMass / solMass
1177 103.4587345121585 solMass / solMass
1180 105.72309368073586 solMass / solMass
1182 285.28607287016024 solMass / solMass
1183 34.86114138813119 solMass / solMass
1184 76.84325386409846 solMass / solMass
1186 127.37872076403198 solMass / solMass
1188 102.39200094330194 solMass / solMass
1189 34.71593114359118 solMass / solMass
1190 119.26208753651653 solMass / solMass
1191 63.94971498841665 solMass / solMass
1196 70.76777137238602 solMass / solMass
1199 843.3584468141695 solMass / solMass
1202 8.608442412166218 solMass / solMass
1203 132.97998934316868 solMass / solMass
1204 85.89244102521542 solMass / solMass
1206 7.21539097594921 solMass / solMass
1211 310.65160816840256 solMass / solMass
1214 64.98144758291086 solMass / solMass
1215 89.55236817449507 solMass / solMass
1216 22.82364225842158 solMass / solMass
1217 880.5197213552811 solMass / solMass
1219 200.03985383257856 solMass / solMass
1220 661.6038499778981 solMass / solMass
1221 171.94089309343758 solMass / solMass
1222 41.19308375753955 solMass / solMass
1223 19.83666798771747 solMass / solMass
1226 201.46913171019835 solMass / solMass
1227 139.9398658898759 solMass / solMass
1232 259.29506068589166 solMass / solMass
1233 166.016640639723 solMass / solMass
1234 127.15226182280065 solMass / solMass
1236 139.75553760418595 solMass / solMass
IsSatellite
1239 13.528692790666074 solMass / solMass
1241 144.85603971173413 solMass / solMass
1242 29.833903815119676 solMass / solMass
IsSatellite
1244 25.36360373153899 solMass / solMass
1245 13.463534887839115 solMass / solMass
IsSatellite
1247 75.29979700072556 solMass / solMass
1248 80.59679927229539 solMass / solMass
1249 54.35504379158507 solMass / solMass
1251 5.570223602785795 solMass / solMass
1252 19.292707686052054 solMass / solMass
1257 62.42058517495946 solMass / solMass
1260 50.54282660199463 solMass / solMass
1261 7.604313285866236 solMass / solMass
1263 86.88549260302887 solMass / solMass
HaloMassEqualZero
1267 5.285430950413338 solMass / solMass
1269 34.62329369156008 solMass / solMass
1272 9.704122344335339 solMass / solMass
1275 50.75605007607564 solMass / solMass
1278 4.147887273903202 solMass / solMass
1279 153.38552710439987 solMass / solMass
1282 138.91665196103227 solMass / solMass
1284 16.49527276153066 solMass / solMass
1285 46.337044556984885 solMass / solMass
1286 28.181526205140464 solMass / solMass
1288 128.59727460854467 solMass / solMass
1289 31.073857332107195 solMass / solMass
1293 96.16080446910419 solMass / solMass
1294 226.5786977328015 solMass / solMass
1297 90.52902008658418 solMass / solMass
1298 238.7744871661347 solMass / solMass
1299 3.0122855520813467 solMass / solMass
1300 772.679165305798 solMass / solMass
1301 39.76713334947098 solMass / solMass
1302 32.48764866116651 solMass / solMass
1303 216.03091902820157 solMass / solMass
1304 207.5453570933838 solMass / solMass
1306 18.664000555529846 solMass / solMass
1307 111.22881529811991 solMass / solMass
1308 201.9377720174849 solMass / solMass
1309 53.203453436553104 solMass / solMass
1311 270.83469494513326 solMass / solMass
1312 186.3159025304897 solMass / solMass
1313 42.17314634525914 solMass / solMass
1317 43.70856838805622 solMass / solMass
1319 633.2625986283986 solMass / solMass
1320 18.58111516846415 solMass / solMass
IsSatellite
1322 208.86755283956208 solMass / solMass
1325 38.75872259796261 solMass / solMass
1327 1397.7902561043413 solMass / solMass
1329 140.10305401489958 solMass / solMass
1330 64.03855805090521 solMass / solMass
IsSatellite
1334 127.29971834159575 solMass / solMass
1335 228.73358502114675 solMass / solMass
1336 192.40930852436273 solMass / solMass
1337 224.19776176267223 solMass / solMass
1339 207.37741587629174 solMass / solMass
1341 137.48155015779147 solMass / solMass
1344 82.02624593882683 solMass / solMass
1351 90.3014008803477 solMass / solMass
1352 23.591328158485055 solMass / solMass
1353 166.17923883705808 solMass / solMass
1356 809.1889165604051 solMass / solMass
1357 192.4399150230322 solMass / solMass
1358 23.88859380542212 solMass / solMass
1359 6.467262103183453 solMass / solMass
1362 42.244638420595166 solMass / solMass
HaloMassEqualZero
1364 38.17058452078232 solMass / solMass
1365 388.37749854388426 solMass / solMass
1366 97.54592915808097 solMass / solMass
1367 10.28509713997661 solMass / solMass
1368 6.40754051329632 solMass / solMass
1369 57.26580718755225 solMass / solMass
1377 92.488157832913 solMass / solMass
1378 13.03289568168894 solMass / solMass
1379 69.56707520978877 solMass / solMass
1380 916.1798030617243 solMass / solMass
1382 88.80760499083631 solMass / solMass
HaloMassEqualZero
1384 48.765468727680705 solMass / solMass
IsSatellite
1386 25.1377222010381 solMass / solMass
1387 64.1023490933932 solMass / solMass
1389 26.90180444322148 solMass / solMass
1391 327.87251844234737 solMass / solMass
1392 107.16955918140197 solMass / solMass
1393 265.09454501519923 solMass / solMass
1394 37.1099590067343 solMass / solMass
1395 402.9428511723075 solMass / solMass
1396 175.00296324659956 solMass / solMass
IsSatellite
1404 87.45096525516955 solMass / solMass
1405 101.74016583816508 solMass / solMass
1406 5.58035987099328 solMass / solMass
1408 925.6481924929247 solMass / solMass
1409 96.46148827568828 solMass / solMass
1412 240.36969450712544 solMass / solMass
1413 48.295768342889765 solMass / solMass
1414 9.822033204783523 solMass / solMass
1415 0.8195289922321443 solMass / solMass
1416 174.77007311918928 solMass / solMass
1418 124.34617877415721 solMass / solMass
1419 89.75712436226993 solMass / solMass
1421 43.95037958488776 solMass / solMass
1423 26.18595280944039 solMass / solMass
1424 56.53308803207929 solMass / solMass
HaloMassEqualZero
1426 607.2631564013144 solMass / solMass
1427 102.29850585244105 solMass / solMass
1433 204.2898667767679 solMass / solMass
1434 334.2674135044682 solMass / solMass
1438 85.66358080517338 solMass / solMass
1439 0.5553589028245182 solMass / solMass
1440 619.1693136427488 solMass / solMass
1442 41.929654795977015 solMass / solMass
1445 1209.8037729593132 solMass / solMass
1446 277.3897300683 solMass / solMass
IsSatellite
1448 167.25674719792656 solMass / solMass
1449 831.4899429481708 solMass / solMass
1450 88.54236891170149 solMass / solMass
1457 24.566113448789004 solMass / solMass
1460 151.09363097327568 solMass / solMass
1461 51.88040665465543 solMass / solMass
IsSatellite
1466 862.6826541622817 solMass / solMass
1467 310.9589668079613 solMass / solMass
1469 15.63324175621869 solMass / solMass
1470 48.44429341671104 solMass / solMass
1471 36.71517116461405 solMass / solMass
1473 177.5460794400307 solMass / solMass
1474 221.8663927999834 solMass / solMass
1476 161.07174219926728 solMass / solMass
1477 274.4353579171781 solMass / solMass
1478 1187.6247548337217 solMass / solMass
1480 81.5315906072169 solMass / solMass
IsSatellite
1483 13.786657029083685 solMass / solMass
1484 105.10410527974703 solMass / solMass
1486 169.9766089052276 solMass / solMass
IsSatellite
1490 84.35959985465489 solMass / solMass
1492 165.3763233171203 solMass / solMass
1493 261.87463159502164 solMass / solMass
1494 206.57836619217824 solMass / solMass
1495 170.06401820801773 solMass / solMass
1497 128.59433665811022 solMass / solMass
1498 985.5640913726843 solMass / solMass
1500 48.486325386281905 solMass / solMass
1504 34.027189213694726 solMass / solMass
1505 19.11727355371027 solMass / solMass
1506 108.06682401294111 solMass / solMass
1507 468.52505687050484 solMass / solMass
1509 269.6932135178025 solMass / solMass
1510 37.953183137552855 solMass / solMass
1511 129.95661974773626 solMass / solMass
1512 55.9095960143689 solMass / solMass
1517 325.41483475795843 solMass / solMass
1519 82.62348089408937 solMass / solMass
1520 98.16651969291793 solMass / solMass
IsSatellite
1523 150.94016030995468 solMass / solMass
1525 10.707319077997058 solMass / solMass
1526 180.26554830222955 solMass / solMass
1528 20.220779314714473 solMass / solMass
1531 66.51165779368168 solMass / solMass
1532 2578.5915807383626 solMass / solMass
1533 239.03247743709912 solMass / solMass
1535 194.62771372880877 solMass / solMass
1538 28.543618137550045 solMass / solMass
1540 162.3708035357614 solMass / solMass
1541 22.314881289638024 solMass / solMass
1542 293.73969954397523 solMass / solMass
1545 226.1675662406362 solMass / solMass
1547 230.43402120050874 solMass / solMass
1548 206.27457021786773 solMass / solMass
1549 91.02785689976211 solMass / solMass
1551 1.501677556985761 solMass / solMass
1552 31.63874001272073 solMass / solMass
1553 122.69643474177813 solMass / solMass
1554 53.47487521596897 solMass / solMass
1557 296.3640521129644 solMass / solMass
1558 756.8766986999435 solMass / solMass
1560 33.25262271203312 solMass / solMass
1561 19.423621345387655 solMass / solMass
1562 89.60568825065306 solMass / solMass
1563 26.556435300018403 solMass / solMass
1564 94.16483153599685 solMass / solMass
1565 1459.8581884888697 solMass / solMass
1567 1473.9603939030196 solMass / solMass
1568 36.74089546594848 solMass / solMass
1570 8.113082524663339 solMass / solMass
1571 233.95211213997237 solMass / solMass
1574 1425.1837907993859 solMass / solMass
1575 258.5904453368552 solMass / solMass
1577 54.238427413621906 solMass / solMass
1578 124.13859484983045 solMass / solMass
1579 117.05787054629886 solMass / solMass
1581 4.449257424282262 solMass / solMass
1582 171.41462790314216 solMass / solMass
1585 43.9415672796905 solMass / solMass
1586 98.4488204743013 solMass / solMass
1587 226.71311377729805 solMass / solMass
1588 410.171871045841 solMass / solMass
1589 207.74799905677554 solMass / solMass
1590 315.377402926484 solMass / solMass
1593 2233.4648634568284 solMass / solMass
1594 557.7586142585992 solMass / solMass
1596 325.512380017144 solMass / solMass
1598 40.883837752630235 solMass / solMass
1600 34.08272985251311 solMass / solMass
1601 11.53087898475681 solMass / solMass
1604 110.95101670387824 solMass / solMass
1606 1097.7739218100223 solMass / solMass
1607 74.11638365409313 solMass / solMass
1610 142.72767106871393 solMass / solMass
1612 201.71411204514456 solMass / solMass
1613 4.364852588359047 solMass / solMass
1615 47.44793257063754 solMass / solMass
IsSatellite
1617 70.02925992075059 solMass / solMass
1619 340.3531507866328 solMass / solMass
1620 135.2668306532981 solMass / solMass
1621 187.04249945924255 solMass / solMass
1622 34.61742567002055 solMass / solMass
1623 1.7776973481470668 solMass / solMass
1626 60.46996948278981 solMass / solMass
1627 7.885891635160343 solMass / solMass
1629 438.24732676356797 solMass / solMass
1630 119.02446957654941 solMass / solMass
1631 316.2377760220628 solMass / solMass
1632 41.958630758366844 solMass / solMass
1633 64.03418566932658 solMass / solMass
1635 185.97547549082068 solMass / solMass
1636 11.806521333105058 solMass / solMass
1639 237.85038800554918 solMass / solMass
1640 1485.687933266177 solMass / solMass
1643 165.0138490465357 solMass / solMass
1644 11.895732391332011 solMass / solMass
1645 146.98790235338208 solMass / solMass
1646 147.66115609447564 solMass / solMass
1647 96.77336462800605 solMass / solMass
1649 255.70118257862376 solMass / solMass
1654 68.21685910172054 solMass / solMass
1655 160.04947769847556 solMass / solMass
1656 202.66145298950107 solMass / solMass
1657 37.97478896986501 solMass / solMass
1658 241.7778969619747 solMass / solMass
1659 54.28874939024205 solMass / solMass
1660 750.0077886511356 solMass / solMass
1661 59.75813115498707 solMass / solMass
1665 223.15393631049233 solMass / solMass
1666 179.48187605226943 solMass / solMass
1668 107.08559149648273 solMass / solMass
1669 292.60784846258963 solMass / solMass
1670 1380.0316236071883 solMass / solMass
1672 129.68931866582713 solMass / solMass
1673 5.001523245648396 solMass / solMass
1676 1350.2370672276677 solMass / solMass
1678 278.5341740960117 solMass / solMass
1679 98.97238095362901 solMass / solMass
1682 126.52132864825586 solMass / solMass
1683 412.97267787662497 solMass / solMass
1686 330.8265358525195 solMass / solMass
1687 243.99463857396833 solMass / solMass
1688 127.98206459291802 solMass / solMass
1689 66.88545990000581 solMass / solMass
1691 178.76696378349345 solMass / solMass
1693 5.791733813722767 solMass / solMass
1694 108.97446712142786 solMass / solMass
1699 1597.798808595419 solMass / solMass
1700 337.00826914931923 solMass / solMass
1702 25.69642730443056 solMass / solMass
1703 124.76682032924134 solMass / solMass
1704 71.10959018306846 solMass / solMass
1706 68.75566247641314 solMass / solMass
1707 43.70837558005495 solMass / solMass
1708 40.941335529000895 solMass / solMass
1709 35.685300765658845 solMass / solMass
1711 1256.2286436584825 solMass / solMass
1715 34.329501030549025 solMass / solMass
1716 227.04473164453054 solMass / solMass
1717 80.26315900482054 solMass / solMass
1718 63.57771145529997 solMass / solMass
1720 141.95096201099122 solMass / solMass
1721 42.38559308198135 solMass / solMass
1722 186.52470761932832 solMass / solMass
1723 197.65247284960654 solMass / solMass
1725 35.85177364661569 solMass / solMass
1726 141.65523555288797 solMass / solMass
1727 7.478979865705131 solMass / solMass
1729 85.3972798075777 solMass / solMass
1735 786.0872485069262 solMass / solMass
1736 62.03761856422192 solMass / solMass
1737 241.55136462132882 solMass / solMass
1740 34.2845613461163 solMass / solMass
1741 86.96916553385428 solMass / solMass
1743 6.949297153557464 solMass / solMass
1744 43.393983160176845 solMass / solMass
1746 55.87638674610498 solMass / solMass
1747 87.9282510268746 solMass / solMass
1749 236.32741429213146 solMass / solMass
1750 193.2408861765815 solMass / solMass
1751 79.4164750706892 solMass / solMass
1752 245.04095680108082 solMass / solMass
1753 806.7815199847338 solMass / solMass
1754 94.74601793612743 solMass / solMass
1755 10.314486016930775 solMass / solMass
1757 68.76240800315068 solMass / solMass
1759 27.282836498504345 solMass / solMass
1762 174.4866994448945 solMass / solMass
1764 51.36539512025482 solMass / solMass
1765 209.7225011932386 solMass / solMass
1766 3.802242283969179 solMass / solMass
1769 13.988714378553992 solMass / solMass
1770 32.88886073363047 solMass / solMass
1771 206.64242332987212 solMass / solMass
1772 274.3969688099474 solMass / solMass
1774 66.8804921400956 solMass / solMass
1775 13.123465199669683 solMass / solMass
1777 52.04935099395325 solMass / solMass
1780 8.639659509885425 solMass / solMass
1781 56.77347713118093 solMass / solMass
1782 31.01360691471025 solMass / solMass
1783 244.16732907668887 solMass / solMass
1785 1180.898646401372 solMass / solMass
1786 42.045405568706606 solMass / solMass
1789 81.5689556275658 solMass / solMass
1791 53.59800405881353 solMass / solMass
1792 415.4151818066487 solMass / solMass
1793 352.40805364724343 solMass / solMass
1794 77.58330465146773 solMass / solMass
1795 26.80022037049674 solMass / solMass
IsSatellite
1800 20.009914999512247 solMass / solMass
1801 80.72046828631862 solMass / solMass
1803 419.78955238165804 solMass / solMass
1804 48.403087121256355 solMass / solMass
1810 1291.7669278105766 solMass / solMass
1811 1505.7413601814226 solMass / solMass
1812 322.01888247130364 solMass / solMass
1815 188.09442705584368 solMass / solMass
1816 41.437736568696565 solMass / solMass
1817 1188.3547958173117 solMass / solMass
1818 214.79599176632212 solMass / solMass
1819 191.7169719063374 solMass / solMass
1822 239.52867098391786 solMass / solMass
1823 338.167207064437 solMass / solMass
1824 202.5471365130522 solMass / solMass
1825 7.463923035971188 solMass / solMass
1826 85.2802736659877 solMass / solMass
1831 111.78620592584642 solMass / solMass
1832 19.514490839120562 solMass / solMass
1833 113.80572918973088 solMass / solMass
1835 132.86481992647262 solMass / solMass
1836 218.75161834630342 solMass / solMass
1837 159.2256509415757 solMass / solMass
1838 306.3953193067316 solMass / solMass
1841 590.9239168811879 solMass / solMass
1843 124.63820139669 solMass / solMass
1847 1561.948049240022 solMass / solMass
1848 106.55882106902543 solMass / solMass
1852 8.479109044770198 solMass / solMass
1853 137.0801560991713 solMass / solMass
1855 47.710343267607016 solMass / solMass
1858 54.48371476888389 solMass / solMass
1859 102.90270246241622 solMass / solMass
1861 727.8869752729248 solMass / solMass
1862 8.114926778112059 solMass / solMass
1863 317.098861568098 solMass / solMass
1864 1164.2503925198905 solMass / solMass
1866 161.02629789842914 solMass / solMass
1870 6.112992019679687 solMass / solMass
1872 20.957332129336955 solMass / solMass
1873 117.89533657879177 solMass / solMass
IsSatellite
1875 285.11849775654576 solMass / solMass
1876 9.006142271909653 solMass / solMass
1877 261.4361677972757 solMass / solMass
1879 348.8029813839778 solMass / solMass
1880 57.41445854928079 solMass / solMass
1882 151.05863374011807 solMass / solMass
1883 21.762948978372062 solMass / solMass
1885 956.7376378479636 solMass / solMass
1887 31.967826346677366 solMass / solMass
1888 1698.812945328704 solMass / solMass
1889 9.537952462937994 solMass / solMass
1890 54.53900183569983 solMass / solMass
1891 1.8695553655754287 solMass / solMass
1893 132.46690023814497 solMass / solMass
1894 361.05441013984057 solMass / solMass
1895 27.96647466221688 solMass / solMass
1896 418.8908770118982 solMass / solMass
1897 23.244676159419505 solMass / solMass
1899 137.83913445394168 solMass / solMass
1901 1036.491293907777 solMass / solMass
1902 374.7158430795288 solMass / solMass
1903 60.18757881648304 solMass / solMass
1908 206.728738668516 solMass / solMass
1910 119.34792469997774 solMass / solMass
1912 444.78241557304796 solMass / solMass
1913 18.01484940897367 solMass / solMass
1914 79.00322940343732 solMass / solMass
1916 161.3912320551046 solMass / solMass
1919 215.1990782900413 solMass / solMass
1922 86.11633980394265 solMass / solMass
1923 864.4860095297923 solMass / solMass
1924 257.70378025020653 solMass / solMass
1927 11.262901372036485 solMass / solMass
1929 234.99109659398252 solMass / solMass
1930 27.062590916861236 solMass / solMass
1931 171.23398617814837 solMass / solMass
1934 82.60177100724862 solMass / solMass
1935 383.45335398104925 solMass / solMass
1936 248.16395129621418 solMass / solMass
IsSatellite
1940 36.251867439352544 solMass / solMass
1941 75.08385847885363 solMass / solMass
1944 12.863114256197967 solMass / solMass
1945 439.2236991276719 solMass / solMass
1946 5.284078498298117 solMass / solMass
1948 129.11234113549784 solMass / solMass
1949 61.52707677540378 solMass / solMass
1952 73.5340295910581 solMass / solMass
1953 1839.8826908213448 solMass / solMass
1957 192.037896122132 solMass / solMass
1958 230.3926270591099 solMass / solMass
1959 327.8397981192849 solMass / solMass
1961 12.997316235028295 solMass / solMass
1962 87.23318891140637 solMass / solMass
1965 98.84372807391898 solMass / solMass
1966 290.0487504126352 solMass / solMass
1967 66.28302818687281 solMass / solMass
1968 29.59284727803658 solMass / solMass
1973 304.6615010779597 solMass / solMass
1975 255.0998129485159 solMass / solMass
1976 1516.2912753469584 solMass / solMass
1977 13.195446913806828 solMass / solMass
1979 138.9117241160159 solMass / solMass
1981 262.08806091381643 solMass / solMass
1982 82.90671939854933 solMass / solMass
1984 69.62207592886062 solMass / solMass
1985 526.9635424584246 solMass / solMass
1988 479.87907791130414 solMass / solMass
1989 183.7268154436386 solMass / solMass
1990 68.11021737750255 solMass / solMass
1991 15.87376392618048 solMass / solMass
1992 159.41112404122134 solMass / solMass
IsSatellite
1995 40.25097599683426 solMass / solMass
1998 467.4838261166418 solMass / solMass
1999 66.63286036140414 solMass / solMass
2000 291.5965473866397 solMass / solMass
2006 484.9703637217719 solMass / solMass
2010 232.30496861403873 solMass / solMass
2011 66.67511380864362 solMass / solMass
2013 99.50478766671168 solMass / solMass
2018 139.7852615679577 solMass / solMass
2019 50.86724766821071 solMass / solMass
2024 631.4395441155629 solMass / solMass
2025 2852.5993584180837 solMass / solMass
2026 3.0837393088770226 solMass / solMass
2027 112.84502188578588 solMass / solMass
2028 53.87279462912278 solMass / solMass
2029 179.08259792686468 solMass / solMass
IsSatellite
2033 3.923337018128917 solMass / solMass
2034 337.9228117989734 solMass / solMass
2035 638.4292857358242 solMass / solMass
2038 249.56658851940625 solMass / solMass
2041 54.00657893569901 solMass / solMass
2042 224.87320987670708 solMass / solMass
2043 67.80151824426946 solMass / solMass
2045 45.00927158946993 solMass / solMass
2046 449.6025503928614 solMass / solMass
2047 34.37887010698942 solMass / solMass
2049 171.73513961471568 solMass / solMass
2051 79.69542678805281 solMass / solMass
2052 412.19026818502215 solMass / solMass
2053 1145.0663846816885 solMass / solMass
2056 488.64812201654604 solMass / solMass
2058 201.93214710992544 solMass / solMass
2060 125.97499613340007 solMass / solMass
2062 52.06435930833687 solMass / solMass
2063 128.334827337251 solMass / solMass
2064 409.36833261685365 solMass / solMass
2065 54.4730208967956 solMass / solMass
2066 515.8633640240351 solMass / solMass
2067 207.49985096011173 solMass / solMass
2069 222.349560157909 solMass / solMass
2070 542.7126656645175 solMass / solMass
2071 86.62144413762425 solMass / solMass
2073 934.046273074909 solMass / solMass
2076 190.2095917512152 solMass / solMass
2077 150.66655255253656 solMass / solMass
2078 1416.9429947174463 solMass / solMass
2079 306.01663112683224 solMass / solMass
2080 253.22756727840806 solMass / solMass
IsSatellite
2082 207.6329080788437 solMass / solMass
2085 75.44373004192308 solMass / solMass
2087 1727.65649687638 solMass / solMass
2089 211.41662075201188 solMass / solMass
2092 137.23274625404366 solMass / solMass
2093 32.88334299592093 solMass / solMass
2094 105.53426098431541 solMass / solMass
2095 566.4039183277089 solMass / solMass
2099 381.05032626863186 solMass / solMass
2103 574.5173091873025 solMass / solMass
IsSatellite
2106 323.49307946289935 solMass / solMass
2107 1731.3767861239626 solMass / solMass
2108 560.9643215390827 solMass / solMass
2109 77.51182560703201 solMass / solMass
2110 244.24537555227647 solMass / solMass
2114 92.19171014891614 solMass / solMass
IsSatellite
2116 325.5739594523919 solMass / solMass
2118 70.23907359422438 solMass / solMass
2120 1174.0472634785513 solMass / solMass
2121 32.302525277723404 solMass / solMass
2123 186.99616179088457 solMass / solMass
2124 63.096687152286826 solMass / solMass
2125 510.90787399719676 solMass / solMass
2126 331.5912717128462 solMass / solMass
2128 95.044291960513 solMass / solMass
2131 198.2339488770039 solMass / solMass
2132 84.79798575064403 solMass / solMass
2134 190.6965413550416 solMass / solMass
2135 234.10270010197468 solMass / solMass
2136 47.60987783048092 solMass / solMass
2137 67.18226456300307 solMass / solMass
2139 396.466010116497 solMass / solMass
2142 347.19101359629315 solMass / solMass
2143 81.96267186412612 solMass / solMass
2144 25.095977067130175 solMass / solMass
2145 135.76315473300608 solMass / solMass
2146 40.9595122014979 solMass / solMass
2148 231.96073874923883 solMass / solMass
2149 530.7092674353682 solMass / solMass
2150 265.39801577156885 solMass / solMass
2151 1176.8199881313126 solMass / solMass
2154 59.37354704561716 solMass / solMass
2156 76.78428663755706 solMass / solMass
2158 4.695858847860723 solMass / solMass
2167 78.28935840446462 solMass / solMass
2168 253.87141560199757 solMass / solMass
2169 2281.684525799463 solMass / solMass
2170 485.29573491818826 solMass / solMass
2171 1951.5693560809991 solMass / solMass
2172 532.1037023559742 solMass / solMass
2173 9.980862737724014 solMass / solMass
2174 388.92116176662773 solMass / solMass
2175 395.9006727696148 solMass / solMass
2178 151.3829325590403 solMass / solMass
2179 33.3318431980631 solMass / solMass
2181 72.93974016882761 solMass / solMass
2182 1113.4083539030357 solMass / solMass
2184 362.0180853257795 solMass / solMass
2187 484.54762698898776 solMass / solMass
2191 230.88389043215523 solMass / solMass
2195 192.7831743021767 solMass / solMass
2196 206.14837817842178 solMass / solMass
2197 478.456901919152 solMass / solMass
2202 77.54210631084388 solMass / solMass
2203 51.3112699983645 solMass / solMass
2205 133.73401694141515 solMass / solMass
2206 266.4866148313599 solMass / solMass
2207 262.7701513402818 solMass / solMass
2208 482.65509002678345 solMass / solMass
2209 111.85771903514758 solMass / solMass
IsSatellite
2212 81.97158655267033 solMass / solMass
2214 237.2331734181802 solMass / solMass
2215 147.97348367049176 solMass / solMass
2217 346.10393342354865 solMass / solMass
2222 217.9064348206052 solMass / solMass
2224 94.56386255710981 solMass / solMass
2226 0.0 solMass / solMass
2227 2204.7593415961715 solMass / solMass
2228 271.62420798914195 solMass / solMass
2229 57.04406277807597 solMass / solMass
2230 362.03363228102523 solMass / solMass
2231 472.7093596817649 solMass / solMass
IsSatellite
2235 406.98193592830876 solMass / solMass
2236 233.10743928889315 solMass / solMass
2243 47.79660500609095 solMass / solMass
2245 26.343529631168828 solMass / solMass
HaloMassEqualZero
2247 1023.956788910158 solMass / solMass
2249 93.72888050198759 solMass / solMass
2252 45.35299502791773 solMass / solMass
2255 19.23860403743649 solMass / solMass
2256 121.24181859517394 solMass / solMass
2257 12.835178697561894 solMass / solMass
2258 46.80011268405448 solMass / solMass
2259 26.97994216411138 solMass / solMass
2261 403.7776537364104 solMass / solMass
2262 1124.1535659017284 solMass / solMass
2265 36.2759972962685 solMass / solMass
2267 81.71309004330945 solMass / solMass
2268 315.575613443873 solMass / solMass
2271 559.3933038082819 solMass / solMass
2272 51.13531344289272 solMass / solMass
2273 210.7145453680125 solMass / solMass
2276 668.3962456088261 solMass / solMass
2277 23.350573137934468 solMass / solMass
2283 142.5126046723794 solMass / solMass
2284 117.13727752180115 solMass / solMass
2285 864.2696742869363 solMass / solMass
2286 154.36117727918614 solMass / solMass
2288 60.461512596620594 solMass / solMass
2289 159.69892779861334 solMass / solMass
2290 65.56953606307711 solMass / solMass
2295 48.900306223359976 solMass / solMass
2296 1489.961362645761 solMass / solMass
2300 499.00539429664406 solMass / solMass
2301 107.45482249215019 solMass / solMass
2302 55.94288431832171 solMass / solMass
2304 78.16430156393672 solMass / solMass
2305 197.79306035140135 solMass / solMass
2309 186.3539323859792 solMass / solMass
2310 205.82340682410089 solMass / solMass
2311 3372.559084125089 solMass / solMass
2313 396.71155726392783 solMass / solMass
IsSatellite
2317 127.51517747677981 solMass / solMass
2319 955.8643214686555 solMass / solMass
2323 1.8006373804652578 solMass / solMass
2324 445.94805766791933 solMass / solMass
2326 16.692043807113325 solMass / solMass
2327 59.01739021971138 solMass / solMass
2328 314.1473293696165 solMass / solMass
IsSatellite
2330 105.42445753086636 solMass / solMass
2332 876.0401825694561 solMass / solMass
2333 175.17870746080405 solMass / solMass
2335 278.9847417805117 solMass / solMass
2336 114.68278255500515 solMass / solMass
2337 153.8089611129588 solMass / solMass
2338 939.1053710188685 solMass / solMass
2339 10.06793835381434 solMass / solMass
2341 501.97318729488364 solMass / solMass
2342 87.72043782805362 solMass / solMass
2343 217.79660107080122 solMass / solMass
2344 1699.8754353023094 solMass / solMass
IsSatellite
2355 179.2407362211383 solMass / solMass
IsSatellite
2358 4373.655859370988 solMass / solMass
2359 369.0082267352065 solMass / solMass
2360 289.3493513536131 solMass / solMass
2364 1437.413880516009 solMass / solMass
2365 1777.1834899092207 solMass / solMass
2368 433.23343064952746 solMass / solMass
2369 10.776171113673197 solMass / solMass
2370 236.41154068629035 solMass / solMass
2371 108.19646013230441 solMass / solMass
2375 2472.1522315676993 solMass / solMass
2376 41.0984126463738 solMass / solMass
2380 77.55150580021879 solMass / solMass
2381 549.3503999293364 solMass / solMass
IsSatellite
2384 158.062493042977 solMass / solMass
2386 143.23312386689287 solMass / solMass
2387 81.12902970300122 solMass / solMass
2388 125.65675028240854 solMass / solMass
2389 115.75194586831978 solMass / solMass
2393 16.872943586560336 solMass / solMass
2394 38.73994624235214 solMass / solMass
2395 51.072780998389185 solMass / solMass
2396 122.22285492065359 solMass / solMass
2397 459.30473836199985 solMass / solMass
2400 137.41580787995096 solMass / solMass
2402 2458.8511780919443 solMass / solMass
2405 73.70453397710993 solMass / solMass
2410 111.12898604132491 solMass / solMass
2411 117.98864525130182 solMass / solMass
2414 100.05079351941478 solMass / solMass
2416 259.13809966644465 solMass / solMass
2417 248.55371566247672 solMass / solMass
2419 63.92514040262691 solMass / solMass
2420 246.49135394897303 solMass / solMass
2423 70.94905853186155 solMass / solMass
2426 2056.5010773325603 solMass / solMass
2427 6.365346976998899 solMass / solMass
2429 120.59201800464619 solMass / solMass
2430 229.50567297914674 solMass / solMass
IsSatellite
2432 198.44312224502838 solMass / solMass
2434 15.654602938762885 solMass / solMass
2436 82.00502776405587 solMass / solMass
2437 236.78094962922037 solMass / solMass
2438 67.98617122883766 solMass / solMass
2441 114.80076451009629 solMass / solMass
2443 14.947881001735093 solMass / solMass
2444 64.94112004072797 solMass / solMass
HaloMassEqualZero
2446 377.17683350703345 solMass / solMass
2448 135.52491928433494 solMass / solMass
2449 4.336122226565804 solMass / solMass
IsSatellite
2451 81.74846554298678 solMass / solMass
2453 222.57296115942782 solMass / solMass
2454 388.2547125146922 solMass / solMass
2456 467.62307523948436 solMass / solMass
2457 82.88531614143128 solMass / solMass
2458 44.757239910238965 solMass / solMass
2460 99.06209534062253 solMass / solMass
2461 320.52835200620046 solMass / solMass
2462 94.44102027511762 solMass / solMass
2464 441.04159012120806 solMass / solMass
2467 545.8883805698524 solMass / solMass
2468 226.17132958896522 solMass / solMass
2469 27.423489045722885 solMass / solMass
2470 8.158330246259936 solMass / solMass
2471 120.06923027970684 solMass / solMass
2473 4512.274157078925 solMass / solMass
2474 505.3828967148632 solMass / solMass
2476 196.22230390577423 solMass / solMass
2477 222.1662943843492 solMass / solMass
2479 16.379580791630264 solMass / solMass
2480 127.50449930071191 solMass / solMass
2486 2420.842724743082 solMass / solMass
2487 11.833278946167363 solMass / solMass
IsSatellite
IsSatellite
2491 79.82317858600749 solMass / solMass
2492 33.34098200731522 solMass / solMass
2493 87.29369503702966 solMass / solMass
2494 410.0964068811234 solMass / solMass
2495 810.9924675453999 solMass / solMass
2496 316.54785863547994 solMass / solMass
IsSatellite
2499 56.250893674275865 solMass / solMass
2501 429.6917927382155 solMass / solMass
2502 2592.851759789246 solMass / solMass
2505 119.38431362582827 solMass / solMass
2506 125.95929554309157 solMass / solMass
2509 352.15563786054497 solMass / solMass
2510 261.65335574921556 solMass / solMass
2512 430.4203648972801 solMass / solMass
2513 65.53266504225836 solMass / solMass
2514 224.53557178420908 solMass / solMass
2517 261.05822675109204 solMass / solMass
2519 229.88518121172194 solMass / solMass
2521 36.27435758804296 solMass / solMass
2522 118.43435477217265 solMass / solMass
2523 43.460219657751615 solMass / solMass
2524 82.01108176042837 solMass / solMass
2529 272.6325789557665 solMass / solMass
2530 176.99881398367086 solMass / solMass
2531 69.42002127020973 solMass / solMass
IsSatellite
2534 347.6541763722337 solMass / solMass
2538 137.18756465658566 solMass / solMass
2546 64.4005308754859 solMass / solMass
2548 15.148051417822805 solMass / solMass
2549 223.5654333594608 solMass / solMass
2553 233.63844916032448 solMass / solMass
2554 96.7704246661585 solMass / solMass
2555 424.27280604728537 solMass / solMass
2556 68.07512744127715 solMass / solMass
2557 904.1641828855248 solMass / solMass
2558 34.28629175311015 solMass / solMass
2559 103.11538013885252 solMass / solMass
2560 94.23987746516863 solMass / solMass
2562 281.2172010618277 solMass / solMass
2565 424.83129249476764 solMass / solMass
2566 115.74804542865868 solMass / solMass
2570 220.94066726490584 solMass / solMass
2571 32.66655362637239 solMass / solMass
2572 70.25976653980017 solMass / solMass
2573 33.05590026128578 solMass / solMass
2575 104.31889467211894 solMass / solMass
2576 56.36453357926407 solMass / solMass
2578 82.97028873460798 solMass / solMass
2579 729.4993418292989 solMass / solMass
2580 363.00706991466024 solMass / solMass
2584 322.8753725222941 solMass / solMass
2585 62.068840720416965 solMass / solMass
2587 306.6641208976771 solMass / solMass
2588 30.167866819139814 solMass / solMass
2589 1531.2648082352391 solMass / solMass
2593 302.17358034534703 solMass / solMass
2594 465.65354801609817 solMass / solMass
2595 394.7030779637057 solMass / solMass
2596 198.28139120136683 solMass / solMass
2597 36.92508396946735 solMass / solMass
2598 276.5606385463071 solMass / solMass
2601 6.66006199536599 solMass / solMass
2602 616.3294784370077 solMass / solMass
2603 341.3662794123489 solMass / solMass
2604 139.5893773046651 solMass / solMass
2606 282.3309187113971 solMass / solMass
2608 19.197200841806467 solMass / solMass
2612 32.60228926161181 solMass / solMass
2613 901.3129737516856 solMass / solMass
2616 12.093234830437787 solMass / solMass
2617 745.9073049057617 solMass / solMass
2618 417.4582880607489 solMass / solMass
2619 1932.8085583565326 solMass / solMass
2620 118.90004468079624 solMass / solMass
2621 6.904545719349269 solMass / solMass
2622 486.4299436597456 solMass / solMass
2623 191.27375357387086 solMass / solMass
2630 74.29775801095353 solMass / solMass
2631 389.84261399489213 solMass / solMass
2632 634.218506720413 solMass / solMass
2634 2253.775754922742 solMass / solMass
2636 115.81275928255198 solMass / solMass
2637 5.209022880614785 solMass / solMass
2639 486.63540590077343 solMass / solMass
2640 12.628480864304828 solMass / solMass
2641 11.262706379645623 solMass / solMass
2642 289.8379401840683 solMass / solMass
2643 432.454940526317 solMass / solMass
2644 102.25911059597503 solMass / solMass
2646 220.85326002840483 solMass / solMass
2647 271.35623481178015 solMass / solMass
2648 239.57277316264918 solMass / solMass
2649 214.72698805160977 solMass / solMass
2650 22.579058523073062 solMass / solMass
2654 477.4733255537347 solMass / solMass
2655 336.5586270659406 solMass / solMass
2656 2242.24919460566 solMass / solMass
2659 264.39913860435234 solMass / solMass
2662 11861.275202973766 solMass / solMass
2663 83.82346804893238 solMass / solMass
2664 27.286662107091402 solMass / solMass
2665 240.827616421772 solMass / solMass
2666 310.93206295524755 solMass / solMass
HaloMassEqualZero
2669 129.4795086909132 solMass / solMass
2670 390.70320074445385 solMass / solMass
2673 78.68473870861412 solMass / solMass
2674 70.50109659938491 solMass / solMass
2677 118.03307763021421 solMass / solMass
IsSatellite
2681 131.7016764753176 solMass / solMass
2682 132.3796242304169 solMass / solMass
2683 14.634483951856131 solMass / solMass
2684 59.14975321717314 solMass / solMass
2688 577.8380092138676 solMass / solMass
2692 173.14091688621667 solMass / solMass
2696 334.05273773473994 solMass / solMass
2697 30.90901086170127 solMass / solMass
2703 504.6624321141236 solMass / solMass
2704 422.73447842379454 solMass / solMass
2706 86.44646399652676 solMass / solMass
2707 247.319795177026 solMass / solMass
2709 261.1229817360379 solMass / solMass
2711 560.9646481434002 solMass / solMass
2712 660.8513715125715 solMass / solMass
2713 394.69229429026996 solMass / solMass
2714 514.9742776887687 solMass / solMass
2719 140.082166528535 solMass / solMass
2720 484.42001164066534 solMass / solMass
2721 0.0 solMass / solMass
2723 34.95166877937832 solMass / solMass
2724 2482.9708236768065 solMass / solMass
2726 75.47933692565167 solMass / solMass
2727 296.1762812773477 solMass / solMass
2728 83.80008364685253 solMass / solMass
2729 306.6564142005282 solMass / solMass
2730 169.40491474789383 solMass / solMass
IsSatellite
IsSatellite
2735 165.68224553733907 solMass / solMass
2737 476.56079010154497 solMass / solMass
2738 406.82144098175974 solMass / solMass
2739 76.22254128371807 solMass / solMass
2740 45.95661896049737 solMass / solMass
2741 503.6808347881141 solMass / solMass
2743 119.2475214526725 solMass / solMass
2745 895.3393775909724 solMass / solMass
2748 491.85146094590385 solMass / solMass
IsSatellite
2751 525.1162396890333 solMass / solMass
2754 94.76423742539367 solMass / solMass
2755 52.21319532515285 solMass / solMass
2756 419.89009598025916 solMass / solMass
2758 722.1024998963842 solMass / solMass
2760 414.05887425997327 solMass / solMass
2764 15.294061828389854 solMass / solMass
2766 13.122475784607781 solMass / solMass
2767 167.31405536862792 solMass / solMass
2768 164.56477524325302 solMass / solMass
2773 3366.3365727496985 solMass / solMass
2774 195.72901936316444 solMass / solMass
IsSatellite
2781 291.2708581292483 solMass / solMass
2782 470.9197737725292 solMass / solMass
2783 157.69582195523657 solMass / solMass
2785 312.2383656794111 solMass / solMass
2788 1613.498777136827 solMass / solMass
2789 1602.0077371282682 solMass / solMass
2790 63.37916066715095 solMass / solMass
2792 531.7139238939332 solMass / solMass
2793 117.85449871512506 solMass / solMass
2794 942.9656892839738 solMass / solMass
2795 117.55025676617691 solMass / solMass
2796 319.30995810198493 solMass / solMass
2798 28.038840583218338 solMass / solMass
2801 32.77397139179839 solMass / solMass
2802 195.8631760601489 solMass / solMass
2803 512.088118630831 solMass / solMass
HaloMassEqualZero
2809 547.8710251816058 solMass / solMass
2811 142.77872238107466 solMass / solMass
2817 190.96576326483265 solMass / solMass
IsSatellite
2819 123.87246573331294 solMass / solMass
2820 114.88638144630244 solMass / solMass
2821 10.590092539783265 solMass / solMass
2822 151.91736461600033 solMass / solMass
2823 450.79181554229535 solMass / solMass
2824 56.03234699910756 solMass / solMass
2825 58.53786865361205 solMass / solMass
2826 1324.0379735938793 solMass / solMass
2827 1904.1661104674295 solMass / solMass
2828 437.56634658250584 solMass / solMass
2829 385.63401073844835 solMass / solMass
2830 18.002296096334245 solMass / solMass
2831 812.7535947561026 solMass / solMass
2832 199.75303031817478 solMass / solMass
2834 169.57965298684437 solMass / solMass
2835 117.78443994360372 solMass / solMass
IsSatellite
2837 110.72217367686437 solMass / solMass
2838 535.4430524524275 solMass / solMass
2839 197.42666241108932 solMass / solMass
2841 710.8973171876787 solMass / solMass
2842 2915.0873496809354 solMass / solMass
2843 438.7307814634804 solMass / solMass
2844 495.5334565357579 solMass / solMass
2845 348.92659717693766 solMass / solMass
2846 2.916215162904146 solMass / solMass
2847 28.665009575424904 solMass / solMass
2848 481.4708667798739 solMass / solMass
2849 566.689468166524 solMass / solMass
2851 135.81821367236643 solMass / solMass
2853 287.1710906419374 solMass / solMass
2854 210.3950749258793 solMass / solMass
2856 226.1296292440474 solMass / solMass
2857 284.8575906273221 solMass / solMass
2858 412.6412278207271 solMass / solMass
IsSatellite
2860 135.06384999835524 solMass / solMass
2861 146.2466774529538 solMass / solMass
2862 160.33305465327777 solMass / solMass
2865 2306.4408239952713 solMass / solMass
2866 122.87895129372664 solMass / solMass
2867 89.57362438011177 solMass / solMass
2868 204.52991455094298 solMass / solMass
2869 2309.6631109366094 solMass / solMass
2870 249.6982765544931 solMass / solMass
2871 2044.3072061202345 solMass / solMass
2872 67.15222301697328 solMass / solMass
2873 15.666105482701322 solMass / solMass
2874 333.74164243028116 solMass / solMass
2875 475.1434386099477 solMass / solMass
2877 47.479557253796955 solMass / solMass
2878 669.5280928263817 solMass / solMass
2880 419.9889786207069 solMass / solMass
2882 74.14364976885149 solMass / solMass
2883 104.07144984139917 solMass / solMass
2884 1481.213875044269 solMass / solMass
2885 104.09333424831365 solMass / solMass
2886 727.021296071744 solMass / solMass
2889 489.92745048266715 solMass / solMass
2890 2142.8430038162405 solMass / solMass
2891 98.29167864318391 solMass / solMass
2892 30.168157103641814 solMass / solMass
2893 52.07216842881542 solMass / solMass
2897 501.39921990523897 solMass / solMass
2898 141.24777705339224 solMass / solMass
2899 367.87957355868616 solMass / solMass
2903 931.5452941962966 solMass / solMass
2904 529.7465941549858 solMass / solMass
2905 855.6580593406297 solMass / solMass
2907 167.44246078251035 solMass / solMass
IsSatellite
IsSatellite
2913 25.707672898834545 solMass / solMass
2916 136.41259798902394 solMass / solMass
2919 154.28334031598894 solMass / solMass
2920 185.81131746787779 solMass / solMass
2922 27.838781307817726 solMass / solMass
IsSatellite
2927 162.4682873034596 solMass / solMass
IsSatellite
2929 1183.001457436577 solMass / solMass
2932 54.25904563969789 solMass / solMass
2933 400.0781506674285 solMass / solMass
2938 87.5602539539195 solMass / solMass
2939 88.00030500162423 solMass / solMass
2940 355.6192287791802 solMass / solMass
2942 363.16936147110897 solMass / solMass
2944 26.75820199861056 solMass / solMass
2945 760.4524047646985 solMass / solMass
IsSatellite
2947 2939.532423779897 solMass / solMass
2948 6.562016929064305 solMass / solMass
2951 9.103468665610242 solMass / solMass
2953 4.093466854541548 solMass / solMass
2954 23.102386542774813 solMass / solMass
2957 619.2207398690222 solMass / solMass
2960 137.234163297583 solMass / solMass
2961 60.01334467060576 solMass / solMass
2966 790.4339926676342 solMass / solMass
2967 199.87080586541055 solMass / solMass
2968 114.10294702261449 solMass / solMass
2969 115.99937702829702 solMass / solMass
2970 1545.9459814187135 solMass / solMass
2971 479.1595330864213 solMass / solMass
2973 2.559756545081491 solMass / solMass
2974 168.1144575817941 solMass / solMass
IsSatellite
2977 145.59083804608025 solMass / solMass
2978 923.6374575991573 solMass / solMass
2980 170.00658464089938 solMass / solMass
2981 196.7456674825608 solMass / solMass
2982 1412.6870290636903 solMass / solMass
2983 345.1327357108722 solMass / solMass
2985 269.8210765909249 solMass / solMass
IsSatellite
2987 88.07126731157315 solMass / solMass
2988 269.71051231821554 solMass / solMass
2989 932.6501433127906 solMass / solMass
2990 467.87317282898584 solMass / solMass
2991 177.4156597119208 solMass / solMass
2992 15.1525539446241 solMass / solMass
IsSatellite
2997 595.6330369724886 solMass / solMass
2999 74.72025671382033 solMass / solMass
123AllDone123
