yt : [INFO     ] 2017-07-23 22:16:12,990 Parameters: current_time              = 4.93026197235e+16
yt : [INFO     ] 2017-07-23 22:16:12,991 Parameters: domain_dimensions         = [2 2 2]
yt : [INFO     ] 2017-07-23 22:16:12,991 Parameters: domain_left_edge          = [ 0.  0.  0.]
yt : [INFO     ] 2017-07-23 22:16:12,992 Parameters: domain_right_edge         = [  2.67042633e+25   2.67042633e+25   2.67042633e+25]
yt : [INFO     ] 2017-07-23 22:16:12,992 Parameters: cosmological_simulation   = 1
yt : [INFO     ] 2017-07-23 22:16:12,992 Parameters: current_redshift          = 3.99999992452
yt : [INFO     ] 2017-07-23 22:16:12,992 Parameters: omega_lambda              = 0.712
yt : [INFO     ] 2017-07-23 22:16:12,992 Parameters: omega_matter              = 0.288
yt : [INFO     ] 2017-07-23 22:16:12,992 Parameters: hubble_constant           = 0.6933
yt : [INFO     ] 2017-07-23 22:16:13,088 Parameters: current_time              = 207.43449854315
yt : [INFO     ] 2017-07-23 22:16:13,088 Parameters: domain_dimensions         = [128 128 128]
yt : [INFO     ] 2017-07-23 22:16:13,088 Parameters: domain_left_edge          = [ 0.  0.  0.]
yt : [INFO     ] 2017-07-23 22:16:13,089 Parameters: domain_right_edge         = [ 1.  1.  1.]
yt : [INFO     ] 2017-07-23 22:16:13,089 Parameters: cosmological_simulation   = 1
yt : [INFO     ] 2017-07-23 22:16:13,089 Parameters: current_redshift          = 3.9999999245221
yt : [INFO     ] 2017-07-23 22:16:13,089 Parameters: omega_lambda              = 0.712
yt : [INFO     ] 2017-07-23 22:16:13,089 Parameters: omega_matter              = 0.288
yt : [INFO     ] 2017-07-23 22:16:13,090 Parameters: hubble_constant           = 0.6933
yt : [INFO     ] 2017-07-23 22:16:13,092 Allocating for 1.265e+04 particles (index particle type 'all')
yt : [INFO     ] 2017-07-23 22:16:13,099 Identified 4.185e+03 octs
[57, 12645, <Quantity 4488.257544921645 kpc>, <Quantity 3941.311027741084 kpc>, <Quantity 4309.049199794852 kpc>, <Quantity 115827756065.36508 solMass>, <Quantity 87771235246.59663 solMass>, <Quantity 30.45228594223857 kpc>, <Quantity 51.826114430881454 kpc>, 2315, 0, 0, 0, 0, 0]
[67, 12643, <Quantity 4012.877930718147 kpc>, <Quantity 4258.7743341252035 kpc>, <Quantity 4143.166851534587 kpc>, <Quantity 49437326137.66896 solMass>, <Quantity 38569725893.682976 solMass>, <Quantity 22.92806174786576 kpc>, <Quantity 24.71160869615628 kpc>, -1, 0, 0, 0, 0, 0]
[68, 12642, <Quantity 4639.98614856635 kpc>, <Quantity 4449.055481368153 kpc>, <Quantity 4398.567705161096 kpc>, <Quantity 57334970494.33929 solMass>, <Quantity 37324436470.1571 solMass>, <Quantity 24.089191046394433 kpc>, <Quantity 29.36085868845427 kpc>, 1874, 0, 0, 0, 0, 0]
[71, 12641, <Quantity 4507.001899841769 kpc>, <Quantity 4220.119721157644 kpc>, <Quantity 3732.062588859717 kpc>, <Quantity 41370662971.40014 solMass>, <Quantity 30665214155.46827 solMass>, <Quantity 21.60627229473068 kpc>, <Quantity 22.59498978492439 kpc>, -1, 0, 0, 0, 0, 0]
[72, 12640, <Quantity 4856.874309399802 kpc>, <Quantity 4660.8359648721525 kpc>, <Quantity 3751.3274460463263 kpc>, <Quantity 37553799003.93198 solMass>, <Quantity 29437199373.20822 solMass>, <Quantity 20.920255164714604 kpc>, <Quantity 29.363552495610982 kpc>, -1, 0, 0, 0, 0, 0]
[77, 12639, <Quantity 4442.5684360247615 kpc>, <Quantity 4375.415481746579 kpc>, <Quantity 4507.930366740096 kpc>, <Quantity 30818657190.489647 solMass>, <Quantity 22233068228.971786 solMass>, <Quantity 19.586353514328106 kpc>, <Quantity 20.253349384476973 kpc>, 2234, 0, 0, 0, 0, 0]
[78, 12638, <Quantity 4566.498986421173 kpc>, <Quantity 4336.914047015793 kpc>, <Quantity 4631.239539078138 kpc>, <Quantity 28831015609.86712 solMass>, <Quantity 21974857815.846 solMass>, <Quantity 19.15588988538284 kpc>, <Quantity 20.643334842859545 kpc>, -1, 0, 0, 0, 0, 0]
[80, 12637, <Quantity 4565.474429528359 kpc>, <Quantity 4852.336397387645 kpc>, <Quantity 4562.874838349791 kpc>, <Quantity 25941749550.051495 solMass>, <Quantity 19735518914.43795 solMass>, <Quantity 18.49334360457432 kpc>, <Quantity 20.5976519596831 kpc>, -1, 0, 0, 0, 0, 0]
[86, 12635, <Quantity 3816.9112331782585 kpc>, <Quantity 4798.980101491594 kpc>, <Quantity 4622.543773582135 kpc>, <Quantity 23316848943.6734 solMass>, <Quantity 17576795001.169792 solMass>, <Quantity 17.847290986664554 kpc>, <Quantity 24.750653831738543 kpc>, -1, 0, 0, 0, 0, 0]
[87, 12634, <Quantity 4887.042034348688 kpc>, <Quantity 4345.561449236953 kpc>, <Quantity 4204.8623213246865 kpc>, <Quantity 23158698171.127605 solMass>, <Quantity 17469813456.587387 solMass>, <Quantity 17.80684857903738 kpc>, <Quantity 20.865734760174455 kpc>, -1, 0, 0, 0, 0, 0]
[88, 12633, <Quantity 3951.360459810083 kpc>, <Quantity 4146.143153676118 kpc>, <Quantity 4069.8379304209684 kpc>, <Quantity 24333995508.07181 solMass>, <Quantity 16831864020.426752 solMass>, <Quantity 18.103122602898612 kpc>, <Quantity 29.789451450326595 kpc>, -1, 0, 0, 0, 0, 0]
[91, 12632, <Quantity 4856.098679155361 kpc>, <Quantity 4743.7535537573285 kpc>, <Quantity 5111.117314340229 kpc>, <Quantity 20031833906.33979 solMass>, <Quantity 16104207679.220064 solMass>, <Quantity 16.966382549195682 kpc>, <Quantity 25.143059215236878 kpc>, -1, 0, 0, 0, 0, 0]
[95, 12630, <Quantity 4997.531880279514 kpc>, <Quantity 3890.0647511675056 kpc>, <Quantity 4350.066205624626 kpc>, <Quantity 22169846725.438175 solMass>, <Quantity 14238243459.791882 solMass>, <Quantity 17.549708813771755 kpc>, <Quantity 19.49718381218641 kpc>, 2345, 0, 0, 0, 0, 0]
[97, 12628, <Quantity 5022.1794465399435 kpc>, <Quantity 3880.8224121148 kpc>, <Quantity 4353.658780415682 kpc>, <Quantity 18031923893.009308 solMass>, <Quantity 13211766147.875296 solMass>, <Quantity 16.381853585123263 kpc>, <Quantity 18.945767607052343 kpc>, -1, 0, 0, 0, 0, 0]
[101, 12626, <Quantity 4505.881112277447 kpc>, <Quantity 4394.027811407756 kpc>, <Quantity 4411.667275722554 kpc>, <Quantity 17012247834.195877 solMass>, <Quantity 12322576766.914083 solMass>, <Quantity 16.06705394342209 kpc>, <Quantity 20.934402426985972 kpc>, -1, 0, 0, 0, 0, 0]
[103, 12624, <Quantity 4342.172633820737 kpc>, <Quantity 4514.714795827442 kpc>, <Quantity 4446.820562599608 kpc>, <Quantity 18531021707.66691 solMass>, <Quantity 11899196547.187592 solMass>, <Quantity 16.531622252271788 kpc>, <Quantity 21.8554323180862 kpc>, 1616, 0, 0, 0, 0, 0]
[107, 12620, <Quantity 4669.04527574971 kpc>, <Quantity 4277.796226141849 kpc>, <Quantity 4310.5951780748155 kpc>, <Quantity 14556623950.268887 solMass>, <Quantity 10902722557.405588 solMass>, <Quantity 15.253490611372955 kpc>, <Quantity 16.80051632425719 kpc>, -1, 0, 0, 0, 0, 0]
[108, 12619, <Quantity 4913.393736226943 kpc>, <Quantity 4644.9926507377395 kpc>, <Quantity 4945.15548849564 kpc>, <Quantity 14281408675.961742 solMass>, <Quantity 10878477448.239796 solMass>, <Quantity 15.156748135043815 kpc>, <Quantity 15.917070419971854 kpc>, -1, 0, 0, 0, 0, 0]
[114, 12618, <Quantity 4167.338003945059 kpc>, <Quantity 4556.564833715106 kpc>, <Quantity 4416.960106099091 kpc>, <Quantity 13708321140.012186 solMass>, <Quantity 9304363731.304317 solMass>, <Quantity 14.951236392808813 kpc>, <Quantity 19.231075302383044 kpc>, -1, 0, 0, 0, 0, 0]
[115, 12617, <Quantity 4089.6328309520313 kpc>, <Quantity 3836.642810780414 kpc>, <Quantity 4051.7979751211833 kpc>, <Quantity 11503841881.820427 solMass>, <Quantity 9293756496.279299 solMass>, <Quantity 14.102517676362174 kpc>, <Quantity 15.866035365263022 kpc>, 1993, 0, 0, 0, 0, 0]
[118, 12616, <Quantity 4370.052939821931 kpc>, <Quantity 4696.04116583777 kpc>, <Quantity 4567.880507938328 kpc>, <Quantity 11724710196.186321 solMass>, <Quantity 9212232316.472368 solMass>, <Quantity 14.192200035185142 kpc>, <Quantity 15.227759691940468 kpc>, -1, 0, 0, 0, 0, 0]
[122, 12614, <Quantity 4827.807130765412 kpc>, <Quantity 4754.821171196203 kpc>, <Quantity 3673.8382781975647 kpc>, <Quantity 14857158840.192436 solMass>, <Quantity 9010088718.118986 solMass>, <Quantity 15.35775047056515 kpc>, <Quantity 21.642141996963908 kpc>, -1, 0, 0, 0, 0, 0]
[123, 12613, <Quantity 4531.909507067984 kpc>, <Quantity 4338.653765402339 kpc>, <Quantity 4378.901765857964 kpc>, <Quantity 12551925611.20488 solMass>, <Quantity 8950082072.93453 solMass>, <Quantity 14.518412686174024 kpc>, <Quantity 16.192613363999094 kpc>, -1, 0, 0, 0, 0, 0]
[124, 12612, <Quantity 4838.132413062553 kpc>, <Quantity 4680.856173429996 kpc>, <Quantity 3771.2402768196916 kpc>, <Quantity 10744969956.85181 solMass>, <Quantity 8668535741.821852 solMass>, <Quantity 13.785338033244134 kpc>, <Quantity 13.16660674052857 kpc>, -1, 0, 0, 0, 0, 0]
[127, 12610, <Quantity 4881.018799408635 kpc>, <Quantity 4743.5652697369105 kpc>, <Quantity 5063.358578261749 kpc>, <Quantity 12681575076.22342 solMass>, <Quantity 8169389555.3945675 solMass>, <Quantity 14.56822869649215 kpc>, <Quantity 16.261104913927202 kpc>, -1, 0, 0, 0, 0, 0]
[128, 12609, <Quantity 5020.290830728917 kpc>, <Quantity 3891.0874015135546 kpc>, <Quantity 4282.007782254841 kpc>, <Quantity 10524895202.182262 solMass>, <Quantity 8051194647.91737 solMass>, <Quantity 13.690572566458606 kpc>, <Quantity 14.443446630897622 kpc>, -1, 0, 0, 0, 0, 0]
[131, 12607, <Quantity 4250.755273706103 kpc>, <Quantity 3757.5669705007485 kpc>, <Quantity 4519.8127785446595 kpc>, <Quantity 11141393322.851631 solMass>, <Quantity 7767829933.828001 solMass>, <Quantity 13.952826275578046 kpc>, <Quantity 17.127004462309777 kpc>, 1321, 0, 0, 0, 0, 0]
[132, 12606, <Quantity 4549.947307591594 kpc>, <Quantity 4796.461323953592 kpc>, <Quantity 4554.759053201709 kpc>, <Quantity 11683156667.94104 solMass>, <Quantity 7765405422.982796 solMass>, <Quantity 14.175414003965797 kpc>, <Quantity 15.883155076163252 kpc>, -1, 0, 0, 0, 0, 0]
[134, 12605, <Quantity 5026.51098376728 kpc>, <Quantity 4446.440572374356 kpc>, <Quantity 3813.126827676414 kpc>, <Quantity 8652516300.770027 solMass>, <Quantity 7379908186.240643 solMass>, <Quantity 12.825170877974175 kpc>, <Quantity 18.233826591430727 kpc>, -1, 0, 0, 0, 0, 0]
[135, 12604, <Quantity 4463.12391930935 kpc>, <Quantity 4361.037309920249 kpc>, <Quantity 4666.593017167755 kpc>, <Quantity 10527535919.492384 solMass>, <Quantity 7351723246.672758 solMass>, <Quantity 13.69171746808072 kpc>, <Quantity 16.40490515320314 kpc>, -1, 0, 0, 0, 0, 0]
[142, 12603, <Quantity 4255.9330677222715 kpc>, <Quantity 3779.6139094470736 kpc>, <Quantity 4525.359563275876 kpc>, <Quantity 9352408475.678946 solMass>, <Quantity 6983197586.388539 solMass>, <Quantity 13.162049115878707 kpc>, <Quantity 18.121720922975857 kpc>, -1, 0, 0, 0, 0, 0]
[143, 12602, <Quantity 4829.217903668512 kpc>, <Quantity 4597.505372632064 kpc>, <Quantity 4888.30500816274 kpc>, <Quantity 8930850349.741268 solMass>, <Quantity 6892581490.636073 solMass>, <Quantity 12.961242082908084 kpc>, <Quantity 15.095052350708416 kpc>, -1, 0, 0, 0, 0, 0]
[145, 12601, <Quantity 4888.960661143184 kpc>, <Quantity 4764.485292702907 kpc>, <Quantity 4594.487165671488 kpc>, <Quantity 8680911357.882507 solMass>, <Quantity 6770749816.658561 solMass>, <Quantity 12.83918506002011 kpc>, <Quantity 17.385129550178284 kpc>, -1, 0, 0, 0, 0, 0]
[146, 12600, <Quantity 4541.254255695711 kpc>, <Quantity 4755.656893244798 kpc>, <Quantity 4539.459907662698 kpc>, <Quantity 8608455182.443298 solMass>, <Quantity 6492234124.429013 solMass>, <Quantity 12.803363992447851 kpc>, <Quantity 19.93326353452028 kpc>, -1, 0, 0, 0, 0, 0]
[149, 12599, <Quantity 4309.439887345396 kpc>, <Quantity 4068.0213613315163 kpc>, <Quantity 4300.781384645333 kpc>, <Quantity 8269455432.110704 solMass>, <Quantity 6441622458.953521 solMass>, <Quantity 12.633043409693284 kpc>, <Quantity 16.874982629559227 kpc>, -1, 0, 0, 0, 0, 0]
[151, 12598, <Quantity 4820.705096757513 kpc>, <Quantity 3882.4396317793125 kpc>, <Quantity 4590.211676374022 kpc>, <Quantity 7781144935.778376 solMass>, <Quantity 6421014116.04917 solMass>, <Quantity 12.37932181523822 kpc>, <Quantity 16.96604262608582 kpc>, -1, 0, 0, 0, 0, 0]
[152, 12597, <Quantity 4076.329768347195 kpc>, <Quantity 4263.422828567319 kpc>, <Quantity 4177.15564679742 kpc>, <Quantity 7814486701.425607 solMass>, <Quantity 6356461512.916218 solMass>, <Quantity 12.396978184794115 kpc>, <Quantity 17.656947196183104 kpc>, -1, 0, 0, 0, 0, 0]
[154, 12596, <Quantity 4745.155283377189 kpc>, <Quantity 4626.023883917777 kpc>, <Quantity 4762.006599580095 kpc>, <Quantity 7212047760.582393 solMass>, <Quantity 6102493993.550447 solMass>, <Quantity 12.069850277667058 kpc>, <Quantity 16.37979574664543 kpc>, -1, 0, 0, 0, 0, 0]
[155, 12595, <Quantity 4613.8036797043405 kpc>, <Quantity 4292.75687744763 kpc>, <Quantity 4675.411956527363 kpc>, <Quantity 7544590610.753978 solMass>, <Quantity 6053397647.310994 solMass>, <Quantity 12.252580873159578 kpc>, <Quantity 15.65959536176427 kpc>, -1, 0, 0, 0, 0, 0]
[157, 12594, <Quantity 4615.5848247588565 kpc>, <Quantity 4361.470830907113 kpc>, <Quantity 4365.344692269431 kpc>, <Quantity 7233767902.4325075 solMass>, <Quantity 5648504323.122505 solMass>, <Quantity 12.081954843602507 kpc>, <Quantity 16.7813379500205 kpc>, -1, 0, 0, 0, 0, 0]
[159, 12592, <Quantity 5017.735413518363 kpc>, <Quantity 3827.7396302836846 kpc>, <Quantity 4058.232337421222 kpc>, <Quantity 7295048431.516695 solMass>, <Quantity 5541825842.570655 solMass>, <Quantity 12.11597619352246 kpc>, <Quantity 20.5240308598161 kpc>, 2911, 0, 0, 0, 0, 0]
[161, 12591, <Quantity 4716.526584370193 kpc>, <Quantity 4112.919988465024 kpc>, <Quantity 4805.910952583525 kpc>, <Quantity 7064396722.230792 solMass>, <Quantity 5419691104.748066 solMass>, <Quantity 11.986913690226624 kpc>, <Quantity 17.033938325002836 kpc>, -1, 0, 0, 0, 0, 0]
[162, 12590, <Quantity 4414.713633949082 kpc>, <Quantity 4163.83251218092 kpc>, <Quantity 4273.159354824386 kpc>, <Quantity 7168493892.494686 solMass>, <Quantity 5406962422.440966 solMass>, <Quantity 12.04550442066573 kpc>, <Quantity 13.334289567984008 kpc>, -1, 0, 0, 0, 0, 0]
[164, 12589, <Quantity 4946.673958125246 kpc>, <Quantity 3908.111457641663 kpc>, <Quantity 4269.677258832256 kpc>, <Quantity 6837738397.154328 solMass>, <Quantity 5304526835.996603 solMass>, <Quantity 11.857319217415741 kpc>, <Quantity 16.820206234272653 kpc>, -1, 0, 0, 0, 0, 0]
[167, 12587, <Quantity 4696.011342281418 kpc>, <Quantity 3976.146919331911 kpc>, <Quantity 4234.043647002755 kpc>, <Quantity 7013773213.300337 solMass>, <Quantity 5217244442.625889 solMass>, <Quantity 11.95821225751186 kpc>, <Quantity 14.010809433551564 kpc>, -1, 0, 0, 0, 0, 0]
[169, 12586, <Quantity 4314.925490112974 kpc>, <Quantity 4031.6661370447423 kpc>, <Quantity 4492.7639745263605 kpc>, <Quantity 5936727518.253241 solMass>, <Quantity 5131780432.737651 solMass>, <Quantity 11.311791465738125 kpc>, <Quantity 16.77619792862238 kpc>, -1, 0, 0, 0, 0, 0]
[170, 12585, <Quantity 4720.205058246588 kpc>, <Quantity 4206.879997474369 kpc>, <Quantity 4179.677302354238 kpc>, <Quantity 6265929808.001426 solMass>, <Quantity 5105716940.286785 solMass>, <Quantity 11.51712799397468 kpc>, <Quantity 13.323150218607081 kpc>, -1, 0, 0, 0, 0, 0]
[172, 12583, <Quantity 3962.202242024496 kpc>, <Quantity 4259.214564715048 kpc>, <Quantity 4110.08873065964 kpc>, <Quantity 6722502336.153281 solMass>, <Quantity 4966307562.319243 solMass>, <Quantity 11.79033121295783 kpc>, <Quantity 18.076951766001716 kpc>, -1, 0, 0, 0, 0, 0]
[177, 12581, <Quantity 4247.091865539243 kpc>, <Quantity 3712.200952250087 kpc>, <Quantity 4540.173407459224 kpc>, <Quantity 5613228353.397387 solMass>, <Quantity 4875691466.430967 solMass>, <Quantity 11.102478007549475 kpc>, <Quantity 17.4587482190668 kpc>, -1, 0, 0, 0, 0, 0]
[180, 12578, <Quantity 4955.416100051843 kpc>, <Quantity 4413.850461417725 kpc>, <Quantity 3677.87275555971 kpc>, <Quantity 5900520157.777537 solMass>, <Quantity 4710824723.692173 solMass>, <Quantity 11.288748154323946 kpc>, <Quantity 14.92111413570756 kpc>, -1, 0, 0, 0, 0, 0]
[184, 12577, <Quantity 4370.525453506593 kpc>, <Quantity 4207.778849005667 kpc>, <Quantity 4688.962246218596 kpc>, <Quantity 5701989911.616028 solMass>, <Quantity 4532017043.081119 solMass>, <Quantity 11.160693110552128 kpc>, <Quantity 11.206588737548696 kpc>, -1, 0, 0, 0, 0, 0]
[187, 12576, <Quantity 4750.667741123858 kpc>, <Quantity 4359.129685164453 kpc>, <Quantity 4802.112511708416 kpc>, <Quantity 6076213003.309435 solMass>, <Quantity 4401396517.098816 solMass>, <Quantity 11.399698049604424 kpc>, <Quantity 12.812396997216325 kpc>, -1, 0, 0, 0, 0, 0]
[189, 12575, <Quantity 4478.9334502430465 kpc>, <Quantity 4407.189258722103 kpc>, <Quantity 4431.682322274952 kpc>, <Quantity 5922471560.53215 solMass>, <Quantity 4373514641.516055 solMass>, <Quantity 11.30272981395933 kpc>, <Quantity 15.23277361337061 kpc>, -1, 0, 0, 0, 0, 0]
[191, 12574, <Quantity 4710.014082129307 kpc>, <Quantity 4678.750565503949 kpc>, <Quantity 4742.590498688885 kpc>, <Quantity 5392743408.930802 solMass>, <Quantity 4315629443.097215 solMass>, <Quantity 10.955165353963245 kpc>, <Quantity 13.291636211755412 kpc>, -1, 0, 0, 0, 0, 0]
[192, 12573, <Quantity 4347.792949751313 kpc>, <Quantity 4654.722735411938 kpc>, <Quantity 4536.311117255407 kpc>, <Quantity 5861141542.289057 solMass>, <Quantity 4305022207.954866 solMass>, <Quantity 11.263579307615359 kpc>, <Quantity 17.161939411932927 kpc>, -1, 0, 0, 0, 0, 0]
[199, 12570, <Quantity 4565.413625077858 kpc>, <Quantity 4420.1232491156325 kpc>, <Quantity 3641.7822268719287 kpc>, <Quantity 4443058215.111445 solMass>, <Quantity 3963166167.7505717 solMass>, <Quantity 10.270139736631327 kpc>, <Quantity 20.192174972343267 kpc>, -1, 0, 0, 0, 0, 0]
[200, 12569, <Quantity 3963.7238391602564 kpc>, <Quantity 3854.505172721842 kpc>, <Quantity 4129.625581704365 kpc>, <Quantity 4628904386.930262 solMass>, <Quantity 3944679272.0398917 solMass>, <Quantity 10.41138296534648 kpc>, <Quantity 15.333686465772015 kpc>, -1, 0, 0, 0, 0, 0]
[204, 12566, <Quantity 4926.139355812437 kpc>, <Quantity 4533.342046652032 kpc>, <Quantity 3879.22519522242 kpc>, <Quantity 5507534744.734518 solMass>, <Quantity 3823453725.7785225 solMass>, <Quantity 11.03235174518929 kpc>, <Quantity 15.059973944680682 kpc>, 2859, 0, 0, 0, 0, 0]
[207, 12564, <Quantity 4193.700987074425 kpc>, <Quantity 3905.1728293621086 kpc>, <Quantity 3857.8266141323597 kpc>, <Quantity 4759424427.106925 solMass>, <Quantity 3781024784.736689 solMass>, <Quantity 10.508333076248439 kpc>, <Quantity 10.721786567807934 kpc>, -1, 0, 0, 0, 0, 0]
[208, 12563, <Quantity 4317.367577002549 kpc>, <Quantity 4810.803724284038 kpc>, <Quantity 4564.814225494595 kpc>, <Quantity 4794359750.192614 solMass>, <Quantity 3771023677.0877895 solMass>, <Quantity 10.533981655648681 kpc>, <Quantity 15.77986924644335 kpc>, -1, 0, 0, 0, 0, 0]
[209, 12562, <Quantity 4593.2363321414705 kpc>, <Quantity 4366.513286673858 kpc>, <Quantity 4368.105655961792 kpc>, <Quantity 5000082154.017775 solMass>, <Quantity 3764356272.036399 solMass>, <Quantity 10.682545013983159 kpc>, <Quantity 14.364794554735242 kpc>, -1, 0, 0, 0, 0, 0]
[216, 12557, <Quantity 4320.956286508074 kpc>, <Quantity 4411.497442210184 kpc>, <Quantity 3642.942581902814 kpc>, <Quantity 4344811486.231086 solMass>, <Quantity 3508873433.5187597 solMass>, <Quantity 10.193875632434931 kpc>, <Quantity 14.433505191212193 kpc>, -1, 0, 0, 0, 0, 0]
[217, 12556, <Quantity 4441.57166783315 kpc>, <Quantity 4418.176406643525 kpc>, <Quantity 4443.97166606666 kpc>, <Quantity 5481354483.89196 solMass>, <Quantity 3450988235.2495217 solMass>, <Quantity 11.01484308196484 kpc>, <Quantity 13.313683966673112 kpc>, -1, 0, 0, 0, 0, 0]
[218, 12555, <Quantity 4274.486895937261 kpc>, <Quantity 3831.836981019431 kpc>, <Quantity 4507.760816315883 kpc>, <Quantity 4296159567.451294 solMass>, <Quantity 3443108574.6798053 solMass>, <Quantity 10.155683381980253 kpc>, <Quantity 13.24188428658343 kpc>, -1, 0, 0, 0, 0, 0]
[219, 12554, <Quantity 4758.946163583217 kpc>, <Quantity 4615.30784744719 kpc>, <Quantity 4335.8837451320605 kpc>, <Quantity 4541221439.429069 solMass>, <Quantity 3425530870.6054363 solMass>, <Quantity 10.345224301669544 kpc>, <Quantity 11.066259770279437 kpc>, -1, 0, 0, 0, 0, 0]
[220, 12553, <Quantity 4890.634738277438 kpc>, <Quantity 4757.776422415118 kpc>, <Quantity 5046.833959825768 kpc>, <Quantity 4371765700.138616 solMass>, <Quantity 3424015551.186352 solMass>, <Quantity 10.214912345339602 kpc>, <Quantity 11.581825169938506 kpc>, -1, 0, 0, 0, 0, 0]
[222, 12550, <Quantity 4296.568815565161 kpc>, <Quantity 4517.9494250951975 kpc>, <Quantity 4418.750573650471 kpc>, <Quantity 4459408098.299731 solMass>, <Quantity 3359766011.702844 solMass>, <Quantity 10.282721913718381 kpc>, <Quantity 13.368853437328843 kpc>, -1, 0, 0, 0, 0, 0]
[223, 12549, <Quantity 4882.915906713518 kpc>, <Quantity 4828.475740729577 kpc>, <Quantity 4602.437907806983 kpc>, <Quantity 3960757511.4069104 solMass>, <Quantity 3358250692.406625 solMass>, <Quantity 9.88420558027713 kpc>, <Quantity 15.108372656854918 kpc>, -1, 0, 0, 0, 0, 0]
[225, 12548, <Quantity 4495.474229203407 kpc>, <Quantity 4023.478204832788 kpc>, <Quantity 3863.498028111235 kpc>, <Quantity 4320461906.439868 solMass>, <Quantity 3350977159.602937 solMass>, <Quantity 10.17479680469516 kpc>, <Quantity 15.862703905451554 kpc>, -1, 0, 0, 0, 0, 0]
[226, 12547, <Quantity 3902.151117971557 kpc>, <Quantity 3728.649485050718 kpc>, <Quantity 4013.543561991487 kpc>, <Quantity 4389698710.498884 solMass>, <Quantity 3304911452.191769 solMass>, <Quantity 10.228860502412662 kpc>, <Quantity 11.640719909847025 kpc>, -1, 0, 0, 0, 0, 0]
[229, 12546, <Quantity 4818.04390828786 kpc>, <Quantity 3959.187375404504 kpc>, <Quantity 4230.602974387026 kpc>, <Quantity 4196399926.5306454 solMass>, <Quantity 3242783359.681645 solMass>, <Quantity 10.076459764240465 kpc>, <Quantity 15.77392130669784 kpc>, -1, 0, 0, 0, 0, 0]
[234, 12545, <Quantity 4305.27926278608 kpc>, <Quantity 4658.944237200138 kpc>, <Quantity 4525.000593873292 kpc>, <Quantity 4179409148.484253 solMass>, <Quantity 3144893731.132256 solMass>, <Quantity 10.062841863047995 kpc>, <Quantity 12.329807707691492 kpc>, -1, 0, 0, 0, 0, 0]
[235, 12544, <Quantity 4635.470677754267 kpc>, <Quantity 4420.53937718258 kpc>, <Quantity 4705.485872067533 kpc>, <Quantity 4273017298.6600285 solMass>, <Quantity 3138832453.8969846 solMass>, <Quantity 10.137415219057354 kpc>, <Quantity 13.65531481861893 kpc>, -1, 0, 0, 0, 0, 0]
[236, 12543, <Quantity 4976.421228516787 kpc>, <Quantity 4300.5605166829255 kpc>, <Quantity 3934.1606789031134 kpc>, <Quantity 3716813606.836837 solMass>, <Quantity 3103070917.7883234 solMass>, <Quantity 9.676967421237206 kpc>, <Quantity 16.1399704062069 kpc>, -1, 0, 0, 0, 0, 0]
[238, 12542, <Quantity 4570.6481532647185 kpc>, <Quantity 4360.951976320002 kpc>, <Quantity 3699.3570129038585 kpc>, <Quantity 3780793705.8441606 solMass>, <Quantity 3082765638.786586 solMass>, <Quantity 9.732177292099545 kpc>, <Quantity 9.143388445254837 kpc>, -1, 0, 0, 0, 0, 0]
[244, 12537, <Quantity 4068.5013182409307 kpc>, <Quantity 4731.5492660437 kpc>, <Quantity 3890.2115258353483 kpc>, <Quantity 3103832273.5168915 solMass>, <Quantity 3004575161.5053263 solMass>, <Quantity 9.112728535738807 kpc>, <Quantity 17.936105548934485 kpc>, -1, 0, 0, 0, 0, 0]
[245, 12536, <Quantity 4028.277240573087 kpc>, <Quantity 3813.105386326678 kpc>, <Quantity 4065.3835447164342 kpc>, <Quantity 3838131085.344423 solMass>, <Quantity 2940628685.9240236 solMass>, <Quantity 9.781128231613732 kpc>, <Quantity 12.969957219349197 kpc>, -1, 0, 0, 0, 0, 0]
[249, 12535, <Quantity 4655.808902102042 kpc>, <Quantity 4603.644406634489 kpc>, <Quantity 4901.393858307681 kpc>, <Quantity 3414381922.5634093 solMass>, <Quantity 2870014805.2984853 solMass>, <Quantity 9.407041304877279 kpc>, <Quantity 13.411397896009303 kpc>, -1, 0, 0, 0, 0, 0]
[253, 12533, <Quantity 4341.742061711537 kpc>, <Quantity 4574.863893593795 kpc>, <Quantity 4907.147106723208 kpc>, <Quantity 3160228647.8832016 solMass>, <Quantity 2764548580.138786 solMass>, <Quantity 9.167590095311628 kpc>, <Quantity 10.66033384062518 kpc>, -1, 0, 0, 0, 0, 0]
[254, 12531, <Quantity 4680.597751684795 kpc>, <Quantity 4262.574000982037 kpc>, <Quantity 3921.6603777501787 kpc>, <Quantity 3562876227.6060696 solMass>, <Quantity 2760911813.7455006 solMass>, <Quantity 9.541484079226116 kpc>, <Quantity 13.335500977665761 kpc>, -1, 0, 0, 0, 0, 0]
[255, 12529, <Quantity 3877.3411881310785 kpc>, <Quantity 4745.709872539309 kpc>, <Quantity 4530.018475013606 kpc>, <Quantity 3608982189.5484653 solMass>, <Quantity 2735454448.9910545 solMass>, <Quantity 9.58246550216011 kpc>, <Quantity 11.323255063708462 kpc>, -1, 0, 0, 0, 0, 0]
[257, 12527, <Quantity 4752.495560158409 kpc>, <Quantity 4602.940541845579 kpc>, <Quantity 5049.510110779419 kpc>, <Quantity 3319664314.955096 solMass>, <Quantity 2729999299.4773736 solMass>, <Quantity 9.319238107684123 kpc>, <Quantity 10.553912580782443 kpc>, -1, 0, 0, 0, 0, 0]
[258, 12526, <Quantity 4199.731234582146 kpc>, <Quantity 4368.845615848448 kpc>, <Quantity 4497.655279609285 kpc>, <Quantity 3286402498.604948 solMass>, <Quantity 2712118531.3730726 solMass>, <Quantity 9.28800845749671 kpc>, <Quantity 16.941656139773194 kpc>, -1, 0, 0, 0, 0, 0]
[260, 12525, <Quantity 4751.77806910621 kpc>, <Quantity 3969.6140390498244 kpc>, <Quantity 4226.814857095934 kpc>, <Quantity 3836971142.798682 solMass>, <Quantity 2675447803.676447 solMass>, <Quantity 9.780142796284746 kpc>, <Quantity 14.802732848752216 kpc>, -1, 0, 0, 0, 0, 0]
[261, 12524, <Quantity 4724.004140722222 kpc>, <Quantity 4551.422787156694 kpc>, <Quantity 4206.646576200254 kpc>, <Quantity 3319174950.4181914 solMass>, <Quantity 2655142524.720849 solMass>, <Quantity 9.318780156887458 kpc>, <Quantity 12.134759225821195 kpc>, -1, 0, 0, 0, 0, 0]
[262, 12523, <Quantity 4146.355199530991 kpc>, <Quantity 4424.681639054651 kpc>, <Quantity 4316.7614041844445 kpc>, <Quantity 3771532189.170962 solMass>, <Quantity 2645444481.056644 solMass>, <Quantity 9.724224074840933 kpc>, <Quantity 11.000254143888892 kpc>, -1, 0, 0, 0, 0, 0]
[263, 12522, <Quantity 4420.738424211601 kpc>, <Quantity 4128.875101202892 kpc>, <Quantity 3601.643638991775 kpc>, <Quantity 3417778436.7551985 solMass>, <Quantity 2610289072.602878 solMass>, <Quantity 9.41015954230371 kpc>, <Quantity 12.771499366603303 kpc>, -1, 0, 0, 0, 0, 0]
[264, 12521, <Quantity 4548.238887384396 kpc>, <Quantity 4377.530140255015 kpc>, <Quantity 3674.3360676481866 kpc>, <Quantity 3109600884.359861 solMass>, <Quantity 2599984901.206808 solMass>, <Quantity 9.118370512824988 kpc>, <Quantity 9.539776751786881 kpc>, -1, 0, 0, 0, 0, 0]
[265, 12519, <Quantity 4747.730771551656 kpc>, <Quantity 4302.882682970308 kpc>, <Quantity 4803.1545447910685 kpc>, <Quantity 3088017733.5061173 solMass>, <Quantity 2577558175.136998 solMass>, <Quantity 9.097225220973872 kpc>, <Quantity 11.750019891524735 kpc>, -1, 0, 0, 0, 0, 0]
[266, 12517, <Quantity 4738.0014872337915 kpc>, <Quantity 4543.455843714238 kpc>, <Quantity 4814.068100923038 kpc>, <Quantity 2827268966.9882774 solMass>, <Quantity 2568163195.3217716 solMass>, <Quantity 8.833606721299876 kpc>, <Quantity 12.4872828201057 kpc>, -1, 0, 0, 0, 0, 0]
[267, 12516, <Quantity 4058.9180912029037 kpc>, <Quantity 3950.2322229230817 kpc>, <Quantity 3950.3437013088173 kpc>, <Quantity 2963850737.14383 solMass>, <Quantity 2563920301.287324 solMass>, <Quantity 8.97362246821068 kpc>, <Quantity 10.97335833102266 kpc>, -1, 0, 0, 0, 0, 0]
[269, 12514, <Quantity 4396.441485057661 kpc>, <Quantity 4431.8360778713 kpc>, <Quantity 4464.2214291514265 kpc>, <Quantity 3002214978.333752 solMass>, <Quantity 2541493575.250614 solMass>, <Quantity 9.01217495026542 kpc>, <Quantity 14.163694817034356 kpc>, -1, 0, 0, 0, 0, 0]
[270, 12513, <Quantity 3991.6253848827373 kpc>, <Quantity 4547.82318736614 kpc>, <Quantity 3901.315258505576 kpc>, <Quantity 3037463294.8754597 solMass>, <Quantity 2500276889.517716 solMass>, <Quantity 9.047307770206954 kpc>, <Quantity 12.782241319348708 kpc>, -1, 0, 0, 0, 0, 0]
[272, 12512, <Quantity 4995.680982992124 kpc>, <Quantity 4320.062405161631 kpc>, <Quantity 3953.2503582817076 kpc>, <Quantity 3304820563.846524 solMass>, <Quantity 2466939864.3416376 solMass>, <Quantity 9.305327148190461 kpc>, <Quantity 10.459048175051363 kpc>, -1, 0, 0, 0, 0, 0]
[273, 12510, <Quantity 4329.551427620094 kpc>, <Quantity 4537.0030174831645 kpc>, <Quantity 4532.359259966679 kpc>, <Quantity 2968315712.0194607 solMass>, <Quantity 2455726501.311108 solMass>, <Quantity 8.9781263944905 kpc>, <Quantity 10.137968190688722 kpc>, -1, 0, 0, 0, 0, 0]
[274, 12509, <Quantity 4007.606925320429 kpc>, <Quantity 4359.454781636872 kpc>, <Quantity 4746.058019365602 kpc>, <Quantity 2756881615.1970463 solMass>, <Quantity 2440876371.880703 solMass>, <Quantity 8.759683011860043 kpc>, <Quantity 13.106578445788815 kpc>, -1, 0, 0, 0, 0, 0]
[277, 12506, <Quantity 4916.109240090795 kpc>, <Quantity 4381.99007130124 kpc>, <Quantity 4217.577356921005 kpc>, <Quantity 2680672292.6786556 solMass>, <Quantity 2376626832.4285755 solMass>, <Quantity 8.678212093806797 kpc>, <Quantity 17.83905523258526 kpc>, -1, 0, 0, 0, 0, 0]
[280, 12504, <Quantity 4898.854405185233 kpc>, <Quantity 4784.677766247188 kpc>, <Quantity 4598.518217323403 kpc>, <Quantity 2699318702.7888284 solMass>, <Quantity 2364504277.802911 solMass>, <Quantity 8.698287126412934 kpc>, <Quantity 14.413703547284287 kpc>, -1, 0, 0, 0, 0, 0]
[281, 12503, <Quantity 4256.237384750306 kpc>, <Quantity 4546.017246887572 kpc>, <Quantity 4569.927016957381 kpc>, <Quantity 2974437374.087872 solMass>, <Quantity 2364201213.8720455 solMass>, <Quantity 8.984294125244872 kpc>, <Quantity 11.75670187408147 kpc>, -1, 0, 0, 0, 0, 0]
[283, 12502, <Quantity 4398.474137210823 kpc>, <Quantity 4455.940161192307 kpc>, <Quantity 4808.01218823972 kpc>, <Quantity 2908694102.7809763 solMass>, <Quantity 2358746064.395125 solMass>, <Quantity 8.917607806309485 kpc>, <Quantity 14.137962875159513 kpc>, -1, 0, 0, 0, 0, 0]
[287, 12500, <Quantity 4928.566219812743 kpc>, <Quantity 4232.7924657628655 kpc>, <Quantity 3970.5457964840393 kpc>, <Quantity 2702244374.820141 solMass>, <Quantity 2315407931.590003 solMass>, <Quantity 8.701428554502913 kpc>, <Quantity 9.601960516275703 kpc>, -1, 0, 0, 0, 0, 0]
[292, 12498, <Quantity 4427.84577843901 kpc>, <Quantity 4421.3054929492755 kpc>, <Quantity 4442.910746124775 kpc>, <Quantity 2844346961.720858 solMass>, <Quantity 2284798481.2254524 solMass>, <Quantity 8.851357367014277 kpc>, <Quantity 12.753948316079414 kpc>, -1, 0, 0, 0, 0, 0]
[296, 12496, <Quantity 4593.531933669906 kpc>, <Quantity 4279.302197367449 kpc>, <Quantity 4658.611011402161 kpc>, <Quantity 2786307788.1228848 solMass>, <Quantity 2262371755.153678 solMass>, <Quantity 8.790738903144025 kpc>, <Quantity 12.247955396137263 kpc>, -1, 0, 0, 0, 0, 0]
[300, 12494, <Quantity 5053.904729036564 kpc>, <Quantity 4223.48343550277 kpc>, <Quantity 4198.536797293416 kpc>, <Quantity 2435992125.4256086 solMass>, <Quantity 2232065368.6133156 solMass>, <Quantity 8.405708236745166 kpc>, <Quantity 9.682634616204027 kpc>, -1, 0, 0, 0, 0, 0]
[302, 12493, <Quantity 4398.165625622746 kpc>, <Quantity 4231.720200618755 kpc>, <Quantity 4678.2556638435735 kpc>, <Quantity 2525325873.377564 solMass>, <Quantity 2222670388.7769976 solMass>, <Quantity 8.507229734861255 kpc>, <Quantity 9.936734682298145 kpc>, -1, 0, 0, 0, 0, 0]
[305, 12492, <Quantity 4834.725874240258 kpc>, <Quantity 4311.110778395472 kpc>, <Quantity 4202.320269682847 kpc>, <Quantity 2461921435.049657 solMass>, <Quantity 2202971237.5611386 solMass>, <Quantity 8.435427193318668 kpc>, <Quantity 13.762017061206182 kpc>, -1, 0, 0, 0, 0, 0]
[307, 12491, <Quantity 4879.585875217604 kpc>, <Quantity 4449.032568521395 kpc>, <Quantity 4266.443999821361 kpc>, <Quantity 2871212536.603584 solMass>, <Quantity 2195394640.917369 solMass>, <Quantity 8.879137853218976 kpc>, <Quantity 11.466866237066817 kpc>, -1, 0, 0, 0, 0, 0]
[308, 12490, <Quantity 3939.603417287834 kpc>, <Quantity 4117.335798265461 kpc>, <Quantity 4098.270751350889 kpc>, <Quantity 2437800718.992429 solMass>, <Quantity 2194788513.2150397 solMass>, <Quantity 8.407787984716498 kpc>, <Quantity 12.492468657699566 kpc>, -1, 0, 0, 0, 0, 0]
[309, 12489, <Quantity 4172.267955233563 kpc>, <Quantity 4451.859842780455 kpc>, <Quantity 4329.836039559643 kpc>, <Quantity 2649380079.1668468 solMass>, <Quantity 2191757874.5395722 solMass>, <Quantity 8.644312135303124 kpc>, <Quantity 10.53672247750504 kpc>, -1, 0, 0, 0, 0, 0]
[310, 12488, <Quantity 4581.822763653708 kpc>, <Quantity 3857.512305057064 kpc>, <Quantity 3769.2791375177103 kpc>, <Quantity 2483337545.808247 solMass>, <Quantity 2185393533.348064 solMass>, <Quantity 8.459816372230911 kpc>, <Quantity 12.396795472149607 kpc>, -1, 0, 0, 0, 0, 0]
[311, 12485, <Quantity 4966.665859711072 kpc>, <Quantity 3848.3886807708263 kpc>, <Quantity 4072.231085776881 kpc>, <Quantity 2572861359.570428 solMass>, <Quantity 2174786298.055486 solMass>, <Quantity 8.560276899048997 kpc>, <Quantity 12.05418238172777 kpc>, -1, 0, 0, 0, 0, 0]
[312, 12484, <Quantity 4840.2590140455195 kpc>, <Quantity 3919.6040379683163 kpc>, <Quantity 3956.7421430532677 kpc>, <Quantity 2485005331.826088 solMass>, <Quantity 2159330040.8838215 solMass>, <Quantity 8.461709792658047 kpc>, <Quantity 8.78426486983419 kpc>, -1, 0, 0, 0, 0, 0]
[313, 12483, <Quantity 4761.262981423118 kpc>, <Quantity 4438.512510046388 kpc>, <Quantity 4458.760907710727 kpc>, <Quantity 2402137155.0827136 solMass>, <Quantity 2157814721.5947556 solMass>, <Quantity 8.366586106884368 kpc>, <Quantity 8.59389284271899 kpc>, -1, 0, 0, 0, 0, 0]
[314, 12482, <Quantity 5009.07860354733 kpc>, <Quantity 4191.970062680309 kpc>, <Quantity 4032.453035024535 kpc>, <Quantity 2211313235.15561 solMass>, <Quantity 2155390210.66524 solMass>, <Quantity 8.138901138780147 kpc>, <Quantity 11.219588587771657 kpc>, -1, 0, 0, 0, 0, 0]
[315, 12480, <Quantity 4999.5757053866855 kpc>, <Quantity 4388.885896136561 kpc>, <Quantity 3927.7705999104564 kpc>, <Quantity 2380711546.383984 solMass>, <Quantity 2144479911.5383182 solMass>, <Quantity 8.341636821258291 kpc>, <Quantity 14.125116406384128 kpc>, -1, 0, 0, 0, 0, 0]
[318, 12478, <Quantity 4924.076225304138 kpc>, <Quantity 3998.52715431532 kpc>, <Quantity 4119.143504966709 kpc>, <Quantity 2109879206.2400832 solMass>, <Quantity 2102354034.2403297 solMass>, <Quantity 8.012503191054615 kpc>, <Quantity 12.58056907337474 kpc>, -1, 0, 0, 0, 0, 0]
[319, 12477, <Quantity 4799.456086348109 kpc>, <Quantity 3930.3865736711346 kpc>, <Quantity 3937.9526260819766 kpc>, <Quantity 2425464239.5978794 solMass>, <Quantity 2094777437.566087 solMass>, <Quantity 8.393581469476736 kpc>, <Quantity 11.71595643528696 kpc>, -1, 0, 0, 0, 0, 0]
[320, 12476, <Quantity 4512.769847827813 kpc>, <Quantity 3946.5670966893044 kpc>, <Quantity 4224.937514349462 kpc>, <Quantity 2337272055.327273 solMass>, <Quantity 2093262118.2869341 solMass>, <Quantity 8.290590040865984 kpc>, <Quantity 12.975773565195471 kpc>, -1, 0, 0, 0, 0, 0]
[323, 12474, <Quantity 4232.513508532299 kpc>, <Quantity 4664.36748076475 kpc>, <Quantity 4598.827230055586 kpc>, <Quantity 2627073592.964088 solMass>, <Quantity 2059015901.4583418 solMass>, <Quantity 8.619983433100085 kpc>, <Quantity 11.21622501894263 kpc>, -1, 0, 0, 0, 0, 0]
[325, 12473, <Quantity 3852.8798081121754 kpc>, <Quantity 3986.7670119525374 kpc>, <Quantity 4310.032135592076 kpc>, <Quantity 2340322331.070777 solMass>, <Quantity 2037801430.9033673 solMass>, <Quantity 8.294195040205322 kpc>, <Quantity 9.181280731492492 kpc>, -1, 0, 0, 0, 0, 0]
[326, 12472, <Quantity 3949.853619848474 kpc>, <Quantity 4170.376545234318 kpc>, <Quantity 4084.3769317930582 kpc>, <Quantity 2466644501.0584445 solMass>, <Quantity 2036286111.6129756 solMass>, <Quantity 8.440818054339038 kpc>, <Quantity 13.36375403281421 kpc>, -1, 0, 0, 0, 0, 0]
[328, 12471, <Quantity 4787.140679772085 kpc>, <Quantity 4366.541667230863 kpc>, <Quantity 4213.501961375756 kpc>, <Quantity 2110616994.4988625 solMass>, <Quantity 2023557429.249426 solMass>, <Quantity 8.013437026799144 kpc>, <Quantity 12.314885877362757 kpc>, -1, 0, 0, 0, 0, 0]
[330, 12469, <Quantity 4638.252196251899 kpc>, <Quantity 3968.844963110343 kpc>, <Quantity 4214.483174578178 kpc>, <Quantity 2398198456.6892605 solMass>, <Quantity 2009616491.394967 solMass>, <Quantity 8.362010807970206 kpc>, <Quantity 9.989436120875197 kpc>, -1, 0, 0, 0, 0, 0]
[331, 12468, <Quantity 4764.169422815586 kpc>, <Quantity 4827.461621414751 kpc>, <Quantity 4707.272174477932 kpc>, <Quantity 2189346853.838361 solMass>, <Quantity 2005676661.1661432 solMass>, <Quantity 8.111861779295303 kpc>, <Quantity 11.732268266930527 kpc>, -1, 0, 0, 0, 0, 0]
[333, 12467, <Quantity 4395.093902775854 kpc>, <Quantity 4690.168078796258 kpc>, <Quantity 4537.525483522909 kpc>, <Quantity 2540370199.059568 solMass>, <Quantity 1983552999.0255868 solMass>, <Quantity 8.524089898156438 kpc>, <Quantity 11.698130002673004 kpc>, -1, 0, 0, 0, 0, 0]
[334, 12466, <Quantity 4762.723422701412 kpc>, <Quantity 4617.570037838428 kpc>, <Quantity 5053.163522613616 kpc>, <Quantity 2418501043.4044347 solMass>, <Quantity 1979310104.8882036 solMass>, <Quantity 8.38554147264844 kpc>, <Quantity 11.543310360601312 kpc>, -1, 0, 0, 0, 0, 0]
[336, 12465, <Quantity 3808.1078358485074 kpc>, <Quantity 4504.445176064663 kpc>, <Quantity 4263.2672435305785 kpc>, <Quantity 2352447614.7873545 solMass>, <Quantity 1967187550.285888 solMass>, <Quantity 8.308494535109322 kpc>, <Quantity 10.78200384061538 kpc>, -1, 0, 0, 0, 0, 0]
[337, 12464, <Quantity 4985.877527888925 kpc>, <Quantity 4422.369659988877 kpc>, <Quantity 3936.0471252199345 kpc>, <Quantity 2137141266.1929543 solMass>, <Quantity 1966278358.6698377 solMass>, <Quantity 8.046865856199238 kpc>, <Quantity 13.864477099604445 kpc>, -1, 0, 0, 0, 0, 0]
[339, 12463, <Quantity 4544.90249359076 kpc>, <Quantity 4140.793970605412 kpc>, <Quantity 3831.092847629818 kpc>, <Quantity 2621433934.243381 solMass>, <Quantity 1958398698.1699235 solMass>, <Quantity 8.613810710017923 kpc>, <Quantity 12.497320008964037 kpc>, -1, 0, 0, 0, 0, 0]
[340, 12462, <Quantity 4546.919768801367 kpc>, <Quantity 3939.161286296873 kpc>, <Quantity 4278.26432648943 kpc>, <Quantity 2568100663.707691 solMass>, <Quantity 1952943548.5704699 solMass>, <Quantity 8.554993801012388 kpc>, <Quantity 13.384401641723915 kpc>, -1, 0, 0, 0, 0, 0]
[342, 12461, <Quantity 4981.6590105115265 kpc>, <Quantity 3894.1185819967304 kpc>, <Quantity 4241.044717130322 kpc>, <Quantity 2547276129.8340607 solMass>, <Quantity 1950822101.5501144 solMass>, <Quantity 8.53180708213057 kpc>, <Quantity 10.074843463963166 kpc>, -1, 0, 0, 0, 0, 0]
[344, 12460, <Quantity 4263.75542041561 kpc>, <Quantity 4251.287229611776 kpc>, <Quantity 4545.075911944495 kpc>, <Quantity 2298731009.102601 solMass>, <Quantity 1941730185.5657206 solMass>, <Quantity 8.24476730564565 kpc>, <Quantity 10.297152657615953 kpc>, -1, 0, 0, 0, 0, 0]
[346, 12459, <Quantity 3940.8105522854207 kpc>, <Quantity 4077.163639546989 kpc>, <Quantity 4150.521007823716 kpc>, <Quantity 2368523316.215513 solMass>, <Quantity 1929910694.805812 solMass>, <Quantity 8.327377248750548 kpc>, <Quantity 10.280064197463249 kpc>, -1, 0, 0, 0, 0, 0]
[349, 12457, <Quantity 4262.589351256824 kpc>, <Quantity 3857.5284450498693 kpc>, <Quantity 4535.438900615664 kpc>, <Quantity 2323856881.2258577 solMass>, <Quantity 1889906264.6118271 solMass>, <Quantity 8.274697841827589 kpc>, <Quantity 10.860091023235865 kpc>, -1, 0, 0, 0, 0, 0]
[350, 12456, <Quantity 4216.814628627073 kpc>, <Quantity 4197.529626546542 kpc>, <Quantity 4341.746947523418 kpc>, <Quantity 1914835780.0377316 solMass>, <Quantity 1888390945.2684202 solMass>, <Quantity 7.757578806985587 kpc>, <Quantity 12.144437724364751 kpc>, -1, 0, 0, 0, 0, 0]
[351, 12455, <Quantity 4594.390039148462 kpc>, <Quantity 4372.483743175657 kpc>, <Quantity 4655.072313886102 kpc>, <Quantity 2240460152.786768 solMass>, <Quantity 1887178689.8297205 solMass>, <Quantity 8.174504293025848 kpc>, <Quantity 13.208786155379691 kpc>, -1, 0, 0, 0, 0, 0]
[353, 12454, <Quantity 4841.776496036455 kpc>, <Quantity 4801.5159126861345 kpc>, <Quantity 3636.8562165762874 kpc>, <Quantity 2144088186.4117973 solMass>, <Quantity 1872631624.272841 solMass>, <Quantity 8.055575384083843 kpc>, <Quantity 11.847219720095037 kpc>, -1, 0, 0, 0, 0, 0]
[354, 12453, <Quantity 4712.230848887118 kpc>, <Quantity 4242.029620132905 kpc>, <Quantity 4786.924176805395 kpc>, <Quantity 2053542205.3859017 solMass>, <Quantity 1856266175.5056949 solMass>, <Quantity 7.940543498965204 kpc>, <Quantity 10.286223679844062 kpc>, -1, 0, 0, 0, 0, 0]
[356, 12452, <Quantity 4779.622806631379 kpc>, <Quantity 4568.40750942773 kpc>, <Quantity 4162.973302026927 kpc>, <Quantity 1943604128.9538078 solMass>, <Quantity 1848083451.1586242 solMass>, <Quantity 7.7962356165928774 kpc>, <Quantity 13.127230529288882 kpc>, -1, 0, 0, 0, 0, 0]
[357, 12451, <Quantity 4291.3941770100155 kpc>, <Quantity 4020.465432698248 kpc>, <Quantity 3580.6817599515334 kpc>, <Quantity 2414992324.3548317 solMass>, <Quantity 1838385407.521314 solMass>, <Quantity 8.38148431098629 kpc>, <Quantity 8.989963243853532 kpc>, -1, 0, 0, 0, 0, 0]
[363, 12448, <Quantity 4406.658751389472 kpc>, <Quantity 3998.1352430938427 kpc>, <Quantity 4469.497194161557 kpc>, <Quantity 2272158120.073509 solMass>, <Quantity 1814746425.9441266 solMass>, <Quantity 8.212874788740018 kpc>, <Quantity 10.244160443746766 kpc>, -1, 0, 0, 0, 0, 0]
[364, 12447, <Quantity 4769.218214830291 kpc>, <Quantity 4185.509246547808 kpc>, <Quantity 4371.646343575703 kpc>, <Quantity 2073041130.8134546 solMass>, <Quantity 1812624978.9465363 solMass>, <Quantity 7.965596888322348 kpc>, <Quantity 10.260893871927701 kpc>, -1, 0, 0, 0, 0, 0]
[365, 12446, <Quantity 4709.368997876242 kpc>, <Quantity 3963.8660080968916 kpc>, <Quantity 4286.2346767848085 kpc>, <Quantity 2164191393.8993435 solMass>, <Quantity 1810200467.9378445 solMass>, <Quantity 8.08067375969103 kpc>, <Quantity 11.661872376059144 kpc>, -1, 0, 0, 0, 0, 0]
[366, 12445, <Quantity 4805.733252136186 kpc>, <Quantity 4255.312332774956 kpc>, <Quantity 4139.423319233418 kpc>, <Quantity 2097471081.733316 solMass>, <Quantity 1809897404.1373572 solMass>, <Quantity 7.996765217112741 kpc>, <Quantity 10.217361588719218 kpc>, -1, 0, 0, 0, 0, 0]
[368, 12444, <Quantity 4892.784431356673 kpc>, <Quantity 3894.4132027018086 kpc>, <Quantity 4039.5420315547726 kpc>, <Quantity 2334378002.6544914 solMass>, <Quantity 1791410508.3285985 solMass>, <Quantity 8.287166774548204 kpc>, <Quantity 10.37535598554201 kpc>, -1, 0, 0, 0, 0, 0]
[370, 12443, <Quantity 4827.045020677974 kpc>, <Quantity 4884.028603626261 kpc>, <Quantity 4595.120418935242 kpc>, <Quantity 1978753059.8050835 solMass>, <Quantity 1782924720.067866 solMass>, <Quantity 7.842951895759575 kpc>, <Quantity 13.794610767168196 kpc>, -1, 0, 0, 0, 0, 0]
[372, 12442, <Quantity 4000.294399290999 kpc>, <Quantity 4080.8442342259186 kpc>, <Quantity 4671.754054680907 kpc>, <Quantity 1876792177.6375186 solMass>, <Quantity 1762619441.1144674 solMass>, <Quantity 7.705859382883454 kpc>, <Quantity 12.748528575513605 kpc>, -1, 0, 0, 0, 0, 0]
[375, 12440, <Quantity 4810.654370590414 kpc>, <Quantity 4313.652829479876 kpc>, <Quantity 4205.559133103728 kpc>, <Quantity 2255252735.7308087 solMass>, <Quantity 1729282415.9099443 solMass>, <Quantity 8.19245549771882 kpc>, <Quantity 8.783597175204477 kpc>, -1, 0, 0, 0, 0, 0]
[376, 12439, <Quantity 4965.42911792647 kpc>, <Quantity 4193.41352996388 kpc>, <Quantity 4033.8065780411616 kpc>, <Quantity 1932879123.9875362 solMass>, <Quantity 1725948713.431412 solMass>, <Quantity 7.781869018690679 kpc>, <Quantity 8.6599056111629 kpc>, -1, 0, 0, 0, 0, 0]
[378, 12438, <Quantity 3957.421327526923 kpc>, <Quantity 4207.442143205985 kpc>, <Quantity 4100.861084169216 kpc>, <Quantity 2277983938.1299148 solMass>, <Quantity 1708371009.235523 solMass>, <Quantity 8.219888074030786 kpc>, <Quantity 10.716592388834977 kpc>, -1, 0, 0, 0, 0, 0]
[380, 12436, <Quantity 4143.457792305036 kpc>, <Quantity 4178.049282681354 kpc>, <Quantity 3935.1015549388094 kpc>, <Quantity 1869336592.6224139 solMass>, <Quantity 1691096368.9466748 solMass>, <Quantity 7.695641960718483 kpc>, <Quantity 11.246914061432177 kpc>, -1, 0, 0, 0, 0, 0]
[383, 12434, <Quantity 4309.431629065956 kpc>, <Quantity 4307.003403780494 kpc>, <Quantity 4410.664048884237 kpc>, <Quantity 1970967350.0999146 solMass>, <Quantity 1683519772.2789016 solMass>, <Quantity 7.8326519395803045 kpc>, <Quantity 11.243098002040055 kpc>, -1, 0, 0, 0, 0, 0]
[387, 12431, <Quantity 4935.805796356564 kpc>, <Quantity 3858.752747510875 kpc>, <Quantity 4098.283371765839 kpc>, <Quantity 1693060141.3435133 solMass>, <Quantity 1664729812.5874796 solMass>, <Quantity 7.445716222462237 kpc>, <Quantity 12.96557207643063 kpc>, -1, 0, 0, 0, 0, 0]
[389, 12430, <Quantity 4582.3722495322345 kpc>, <Quantity 4066.0903391422603 kpc>, <Quantity 4472.442389794655 kpc>, <Quantity 1548058619.5681102 solMass>, <Quantity 1649273555.4566908 solMass>, <Quantity 7.226779747000141 kpc>, <Quantity 11.896407017706427 kpc>, -1, 0, 0, 0, 0, 0]
[391, 12426, <Quantity 4579.24743387274 kpc>, <Quantity 4427.343674274357 kpc>, <Quantity 4401.486499420579 kpc>, <Quantity 1774507715.1437366 solMass>, <Quantity 1630180531.9526336 solMass>, <Quantity 7.563247551515699 kpc>, <Quantity 11.45692726208259 kpc>, -1, 0, 0, 0, 0, 0]
[392, 12425, <Quantity 4165.844355852684 kpc>, <Quantity 4317.486034398563 kpc>, <Quantity 3939.4723355343003 kpc>, <Quantity 1721452355.732309 solMass>, <Quantity 1625937637.8410172 solMass>, <Quantity 7.487106669409556 kpc>, <Quantity 11.775847126456812 kpc>, -1, 0, 0, 0, 0, 0]
[398, 12421, <Quantity 4871.006566808363 kpc>, <Quantity 4454.960622842246 kpc>, <Quantity 4287.150205712147 kpc>, <Quantity 1813224247.5495899 solMass>, <Quantity 1587448526.9165745 solMass>, <Quantity 7.617857728872382 kpc>, <Quantity 10.100602324778514 kpc>, -1, 0, 0, 0, 0, 0]
[400, 12419, <Quantity 4666.153551565205 kpc>, <Quantity 4843.823668742885 kpc>, <Quantity 4584.9809205400725 kpc>, <Quantity 2028691580.9855897 solMass>, <Quantity 1581993377.3496861 solMass>, <Quantity 7.9083829985462994 kpc>, <Quantity 11.965194978918564 kpc>, -1, 0, 0, 0, 0, 0]
[401, 12418, <Quantity 4772.543521862782 kpc>, <Quantity 4106.856644229624 kpc>, <Quantity 4459.3871086038425 kpc>, <Quantity 1741294477.4343903 solMass>, <Quantity 1577447419.3384554 solMass>, <Quantity 7.515763270829944 kpc>, <Quantity 11.231143425829595 kpc>, -1, 0, 0, 0, 0, 0]
[403, 12417, <Quantity 4731.22869907777 kpc>, <Quantity 4215.194899269859 kpc>, <Quantity 4212.783527337572 kpc>, <Quantity 2064804375.5442696 solMass>, <Quantity 1568052439.5547965 solMass>, <Quantity 7.955033058557797 kpc>, <Quantity 10.70343594001581 kpc>, -1, 0, 0, 0, 0, 0]
[406, 12415, <Quantity 4998.730539219009 kpc>, <Quantity 4505.214154783093 kpc>, <Quantity 3775.6320595246725 kpc>, <Quantity 1806035626.247495 solMass>, <Quantity 1559263587.4611623 solMass>, <Quantity 7.607777265295882 kpc>, <Quantity 10.501002644849962 kpc>, -1, 0, 0, 0, 0, 0]
[409, 12413, <Quantity 4246.273688448111 kpc>, <Quantity 4035.3711954573578 kpc>, <Quantity 3834.6104340756983 kpc>, <Quantity 1781211397.6386483 solMass>, <Quantity 1548353288.3372574 solMass>, <Quantity 7.572759653961548 kpc>, <Quantity 9.306719547164183 kpc>, -1, 0, 0, 0, 0, 0]
[410, 12412, <Quantity 4724.7274630721495 kpc>, <Quantity 3930.0698891833704 kpc>, <Quantity 4573.441881904535 kpc>, <Quantity 1841631700.5031734 solMass>, <Quantity 1545928777.3526607 solMass>, <Quantity 7.657434291595901 kpc>, <Quantity 9.483654688425828 kpc>, -1, 0, 0, 0, 0, 0]
[413, 12411, <Quantity 4684.6853960491235 kpc>, <Quantity 4178.242222574842 kpc>, <Quantity 4694.181604926654 kpc>, <Quantity 1921962082.4836042 solMass>, <Quantity 1535321542.0310564 solMass>, <Quantity 7.767190495212734 kpc>, <Quantity 9.361982794514239 kpc>, -1, 0, 0, 0, 0, 0]
[414, 12409, <Quantity 4794.2183519347545 kpc>, <Quantity 4623.470034578657 kpc>, <Quantity 4000.168166030813 kpc>, <Quantity 1933337107.0651212 solMass>, <Quantity 1528351073.1558526 solMass>, <Quantity 7.782483591157446 kpc>, <Quantity 8.971379281945163 kpc>, -1, 0, 0, 0, 0, 0]
[420, 12406, <Quantity 4863.241343359423 kpc>, <Quantity 4424.141752070167 kpc>, <Quantity 3711.7476571018674 kpc>, <Quantity 1535539522.8261857 solMass>, <Quantity 1482891493.3671904 solMass>, <Quantity 7.20724608967372 kpc>, <Quantity 11.70590178933157 kpc>, -1, 0, 0, 0, 0, 0]
[421, 12405, <Quantity 4196.457694841365 kpc>, <Quantity 4481.303780398472 kpc>, <Quantity 4373.49145002954 kpc>, <Quantity 1710337599.3404522 solMass>, <Quantity 1481982301.763824 solMass>, <Quantity 7.470958074009682 kpc>, <Quantity 10.162226869508743 kpc>, -1, 0, 0, 0, 0, 0]
[422, 12403, <Quantity 4782.607729957056 kpc>, <Quantity 3870.921413948613 kpc>, <Quantity 4065.7904053829147 kpc>, <Quantity 1851274069.0334926 solMass>, <Quantity 1470768938.768614 solMass>, <Quantity 7.670775235282124 kpc>, <Quantity 9.39788845781051 kpc>, -1, 0, 0, 0, 0, 0]
[423, 12402, <Quantity 4213.876034292938 kpc>, <Quantity 4876.036330185522 kpc>, <Quantity 4696.081755079309 kpc>, <Quantity 1580162743.5022223 solMass>, <Quantity 1464404597.5542674 solMass>, <Quantity 7.276395402845467 kpc>, <Quantity 9.44515343714828 kpc>, -1, 0, 0, 0, 0, 0]
[428, 12400, <Quantity 4964.092754051732 kpc>, <Quantity 3845.9095554640307 kpc>, <Quantity 4116.170455611147 kpc>, <Quantity 1789776663.1895716 solMass>, <Quantity 1444402382.4361396 solMass>, <Quantity 7.584878561066712 kpc>, <Quantity 10.07252442289646 kpc>, -1, 0, 0, 0, 0, 0]
[431, 12399, <Quantity 4348.971111977744 kpc>, <Quantity 4554.177806874539 kpc>, <Quantity 4473.514590547182 kpc>, <Quantity 1439487870.545822 solMass>, <Quantity 1429855316.9832885 solMass>, <Quantity 7.053722250296704 kpc>, <Quantity 9.614020286609394 kpc>, -1, 0, 0, 0, 0, 0]
[432, 12397, <Quantity 4425.918064548418 kpc>, <Quantity 4165.704788310325 kpc>, <Quantity 3642.3302883059764 kpc>, <Quantity 1702030630.7136173 solMass>, <Quantity 1414095995.949074 solMass>, <Quantity 7.4588431633970185 kpc>, <Quantity 8.98332643910061 kpc>, -1, 0, 0, 0, 0, 0]
[434, 12396, <Quantity 3867.2050215926465 kpc>, <Quantity 4542.580273246741 kpc>, <Quantity 4231.561618676078 kpc>, <Quantity 1564117549.1375225 solMass>, <Quantity 1405307143.8159032 solMass>, <Quantity 7.251683055396917 kpc>, <Quantity 10.741137587372338 kpc>, -1, 0, 0, 0, 0, 0]
[437, 12395, <Quantity 4324.92803779903 kpc>, <Quantity 4060.564231634885 kpc>, <Quantity 4302.586415905628 kpc>, <Quantity 1837418411.558628 solMass>, <Quantity 1397730547.2097187 solMass>, <Quantity 7.651590267819092 kpc>, <Quantity 12.640369408575966 kpc>, -1, 0, 0, 0, 0, 0]
[438, 12394, <Quantity 3831.714595872155 kpc>, <Quantity 4781.632951702618 kpc>, <Quantity 4620.4670074719725 kpc>, <Quantity 1904316222.9991784 solMass>, <Quantity 1393790716.9251916 solMass>, <Quantity 7.7433467438720855 kpc>, <Quantity 11.213211452001365 kpc>, -1, 0, 0, 0, 0, 0]
[441, 12392, <Quantity 4179.3996156908415 kpc>, <Quantity 4056.1466990286854 kpc>, <Quantity 4226.9775714415855 kpc>, <Quantity 1437928184.0155275 solMass>, <Quantity 1382880417.8008516 solMass>, <Quantity 7.051173757967325 kpc>, <Quantity 9.740356466305329 kpc>, -1, 0, 0, 0, 0, 0]
[442, 12391, <Quantity 4417.097238099944 kpc>, <Quantity 4428.614384311756 kpc>, <Quantity 4753.5024918356185 kpc>, <Quantity 1522615827.8982623 solMass>, <Quantity 1382880417.7946498 solMass>, <Quantity 7.186969439943229 kpc>, <Quantity 9.206660666266144 kpc>, -1, 0, 0, 0, 0, 0]
[444, 12389, <Quantity 4447.844171604238 kpc>, <Quantity 4504.741063678947 kpc>, <Quantity 4942.822914439856 kpc>, <Quantity 1835019243.0150414 solMass>, <Quantity 1366211905.189332 solMass>, <Quantity 7.648258518898697 kpc>, <Quantity 9.123782321666654 kpc>, -1, 0, 0, 0, 0, 0]
[446, 12388, <Quantity 4732.825926815481 kpc>, <Quantity 4275.406252309536 kpc>, <Quantity 3958.7304443594594 kpc>, <Quantity 1630652094.2866964 solMass>, <Quantity 1358332244.682685 solMass>, <Quantity 7.353082787687641 kpc>, <Quantity 7.253142361747878 kpc>, -1, 0, 0, 0, 0, 0]
[450, 12385, <Quantity 4670.868662352405 kpc>, <Quantity 4409.680511037605 kpc>, <Quantity 4730.6230157417485 kpc>, <Quantity 1596176454.8556838 solMass>, <Quantity 1348331137.1260312 solMass>, <Quantity 7.300893022340708 kpc>, <Quantity 8.58238135317888 kpc>, -1, 0, 0, 0, 0, 0]
[452, 12384, <Quantity 4615.656868556198 kpc>, <Quantity 4318.355945232188 kpc>, <Quantity 4682.918397731256 kpc>, <Quantity 1462775072.811083 solMass>, <Quantity 1342572923.685206 solMass>, <Quantity 7.091555973551188 kpc>, <Quantity 15.471535324447618 kpc>, -1, 0, 0, 0, 0, 0]
[456, 12382, <Quantity 4361.501047556939 kpc>, <Quantity 3992.235989632696 kpc>, <Quantity 4233.037402284929 kpc>, <Quantity 1313541291.7447076 solMass>, <Quantity 1321358453.1579318 solMass>, <Quantity 6.84169318948919 kpc>, <Quantity 13.101438185413086 kpc>, -1, 0, 0, 0, 0, 0]
[457, 12381, <Quantity 4649.651887947724 kpc>, <Quantity 4113.723854017284 kpc>, <Quantity 4038.663783286975 kpc>, <Quantity 1419689912.7657743 solMass>, <Quantity 1319540069.9204402 solMass>, <Quantity 7.021235128489718 kpc>, <Quantity 10.135132300954607 kpc>, -1, 0, 0, 0, 0, 0]
[459, 12379, <Quantity 4147.923350730724 kpc>, <Quantity 3893.404515235344 kpc>, <Quantity 3899.1969939943187 kpc>, <Quantity 1682090299.553297 solMass>, <Quantity 1318327814.4818678 solMass>, <Quantity 7.429600360063522 kpc>, <Quantity 8.90533733754609 kpc>, -1, 0, 0, 0, 0, 0]
[460, 12378, <Quantity 4741.6186543821805 kpc>, <Quantity 4280.24148196133 kpc>, <Quantity 3968.895181355836 kpc>, <Quantity 1506138732.807319 solMass>, <Quantity 1315297175.813106 solMass>, <Quantity 7.160950591694364 kpc>, <Quantity 10.01199427208581 kpc>, -1, 0, 0, 0, 0, 0]
[461, 12377, <Quantity 4942.846043077533 kpc>, <Quantity 4405.7608882885015 kpc>, <Quantity 4214.336469814619 kpc>, <Quantity 1664666478.6121671 solMass>, <Quantity 1311963473.3047256 solMass>, <Quantity 7.4038582640782336 kpc>, <Quantity 11.61379215855877 kpc>, -1, 0, 0, 0, 0, 0]
[462, 12376, <Quantity 4145.044810761449 kpc>, <Quantity 3968.497009459113 kpc>, <Quantity 4641.442130767458 kpc>, <Quantity 1500092837.5030968 solMass>, <Quantity 1307417515.332473 solMass>, <Quantity 7.1513559869750685 kpc>, <Quantity 9.002271740161301 kpc>, -1, 0, 0, 0, 0, 0]
[463, 12375, <Quantity 4576.945590445995 kpc>, <Quantity 4774.565699256434 kpc>, <Quantity 4604.694689424101 kpc>, <Quantity 1378539119.5383332 solMass>, <Quantity 1301962365.726777 solMass>, <Quantity 6.952730298275058 kpc>, <Quantity 10.609883231197808 kpc>, -1, 0, 0, 0, 0, 0]
[468, 12372, <Quantity 4990.947768123373 kpc>, <Quantity 4128.420147859846 kpc>, <Quantity 4067.583176877086 kpc>, <Quantity 1433002461.0402696 solMass>, <Quantity 1284687725.406255 solMass>, <Quantity 7.043113118193228 kpc>, <Quantity 9.319841662931477 kpc>, -1, 0, 0, 0, 0, 0]
[470, 12370, <Quantity 4770.394070479864 kpc>, <Quantity 4600.281372546686 kpc>, <Quantity 4362.8760806934215 kpc>, <Quantity 1505920723.609374 solMass>, <Quantity 1280141767.433345 solMass>, <Quantity 7.160605066103839 kpc>, <Quantity 7.661870461269408 kpc>, -1, 0, 0, 0, 0, 0]
[474, 12369, <Quantity 4308.692593963708 kpc>, <Quantity 4187.188184729471 kpc>, <Quantity 4692.616394979211 kpc>, <Quantity 1333909303.3659666 solMass>, <Quantity 1274383553.9954283 solMass>, <Quantity 6.876874815864082 kpc>, <Quantity 9.404813738630333 kpc>, -1, 0, 0, 0, 0, 0]
[478, 12366, <Quantity 4885.7161245966045 kpc>, <Quantity 4621.795934907246 kpc>, <Quantity 3761.7627169469024 kpc>, <Quantity 1713053446.0185807 solMass>, <Quantity 1264988574.1763985 solMass>, <Quantity 7.474910363243607 kpc>, <Quantity 9.30348244336012 kpc>, -1, 0, 0, 0, 0, 0]
[482, 12365, <Quantity 4940.0318089575185 kpc>, <Quantity 4391.421809101197 kpc>, <Quantity 4104.372936431807 kpc>, <Quantity 1426058911.875403 solMass>, <Quantity 1254381338.8827257 solMass>, <Quantity 7.031718998837598 kpc>, <Quantity 9.221398526517255 kpc>, -1, 0, 0, 0, 0, 0]
[485, 12360, <Quantity 4729.822603418469 kpc>, <Quantity 4236.4641457310145 kpc>, <Quantity 4282.9565770975405 kpc>, <Quantity 1421560650.2964966 solMass>, <Quantity 1246198614.4666176 solMass>, <Quantity 7.024317755395432 kpc>, <Quantity 8.581801419800275 kpc>, -1, 0, 0, 0, 0, 0]
[487, 12359, <Quantity 4215.7250182440785 kpc>, <Quantity 4324.455384121023 kpc>, <Quantity 4419.722717754615 kpc>, <Quantity 1440951190.208795 solMass>, <Quantity 1243471039.7038085 solMass>, <Quantity 7.056111608130666 kpc>, <Quantity 11.983023508545864 kpc>, -1, 0, 0, 0, 0, 0]
[488, 12357, <Quantity 4718.21960438295 kpc>, <Quantity 4237.791855430373 kpc>, <Quantity 4238.487002539 kpc>, <Quantity 1274575220.87904 solMass>, <Quantity 1237409762.4126008 solMass>, <Quantity 6.773360256880723 kpc>, <Quantity 9.460563470317458 kpc>, -1, 0, 0, 0, 0, 0]
[490, 12356, <Quantity 4768.390951073049 kpc>, <Quantity 4860.795488638658 kpc>, <Quantity 3687.327091984512 kpc>, <Quantity 1411909705.135219 solMass>, <Quantity 1231045421.2260454 solMass>, <Quantity 7.008385665094866 kpc>, <Quantity 9.48584072572821 kpc>, -1, 0, 0, 0, 0, 0]
[491, 12353, <Quantity 4668.7282800454495 kpc>, <Quantity 4146.102755771106 kpc>, <Quantity 4074.8428816800056 kpc>, <Quantity 1338066122.1145518 solMass>, <Quantity 1222862696.845948 solMass>, <Quantity 6.884010803195474 kpc>, <Quantity 7.142145905800067 kpc>, -1, 0, 0, 0, 0, 0]
[492, 12351, <Quantity 4811.765378286722 kpc>, <Quantity 4782.769028496366 kpc>, <Quantity 3704.003110434442 kpc>, <Quantity 1367294203.4313345 solMass>, <Quantity 1222256569.1313007 solMass>, <Quantity 6.933773897515363 kpc>, <Quantity 9.809213688927501 kpc>, -1, 0, 0, 0, 0, 0]
[494, 12350, <Quantity 4832.727578514636 kpc>, <Quantity 4744.805444038662 kpc>, <Quantity 3681.972289960555 kpc>, <Quantity 1593692152.4869545 solMass>, <Quantity 1218922866.6171865 solMass>, <Quantity 7.297103331927784 kpc>, <Quantity 15.425118140415691 kpc>, 122, 0, 0, 0, 0, 0]
[496, 12349, <Quantity 4224.854810720453 kpc>, <Quantity 3981.826307926743 kpc>, <Quantity 3808.6545325933344 kpc>, <Quantity 1277334649.7791378 solMass>, <Quantity 1206497248.17044 solMass>, <Quantity 6.7782447950597815 kpc>, <Quantity 7.164827854288402 kpc>, -1, 0, 0, 0, 0, 0]
[497, 12348, <Quantity 4270.232297293518 kpc>, <Quantity 4651.190606907044 kpc>, <Quantity 4507.203934251592 kpc>, <Quantity 1324132830.8154123 solMass>, <Quantity 1204678864.9300792 solMass>, <Quantity 6.8600329659359955 kpc>, <Quantity 8.244450277867065 kpc>, -1, 0, 0, 0, 0, 0]
[498, 12347, <Quantity 4591.698959248543 kpc>, <Quantity 4253.511013402708 kpc>, <Quantity 4658.173917320875 kpc>, <Quantity 1614379029.1110504 solMass>, <Quantity 1202860481.7236376 solMass>, <Quantity 7.3285409788334 kpc>, <Quantity 8.533287185376656 kpc>, -1, 0, 0, 0, 0, 0]
[503, 12345, <Quantity 4977.902558295155 kpc>, <Quantity 3906.8096482468827 kpc>, <Quantity 4339.723805066044 kpc>, <Quantity 1225849573.2511399 solMass>, <Quantity 1196799204.4259644 solMass>, <Quantity 6.685923630056538 kpc>, <Quantity 13.011182202362782 kpc>, -1, 0, 0, 0, 0, 0]
[509, 12343, <Quantity 4304.3944021402785 kpc>, <Quantity 4869.439275512385 kpc>, <Quantity 4357.657985114679 kpc>, <Quantity 1242404916.0232563 solMass>, <Quantity 1187707288.4825509 solMass>, <Quantity 6.715887386993523 kpc>, <Quantity 9.67908858766627 kpc>, -1, 0, 0, 0, 0, 0]
[510, 12341, <Quantity 4556.771920200233 kpc>, <Quantity 4575.323085343326 kpc>, <Quantity 4871.384807481618 kpc>, <Quantity 1455324451.8910215 solMass>, <Quantity 1176493925.4631062 solMass>, <Quantity 7.079495231777521 kpc>, <Quantity 9.234199671388314 kpc>, -1, 0, 0, 0, 0, 0]
[512, 12340, <Quantity 4568.409779368737 kpc>, <Quantity 4818.389077243375 kpc>, <Quantity 4551.3937931364235 kpc>, <Quantity 1397849082.1260552 solMass>, <Quantity 1169523456.5675874 solMass>, <Quantity 6.985043472574962 kpc>, <Quantity 10.009899618175961 kpc>, -1, 0, 0, 0, 0, 0]
[516, 12337, <Quantity 4017.7780948048344 kpc>, <Quantity 4053.6059985415254 kpc>, <Quantity 4678.531334030697 kpc>, <Quantity 1294781132.2945411 solMass>, <Quantity 1157400901.9469492 solMass>, <Quantity 6.80896558161575 kpc>, <Quantity 8.241892398427195 kpc>, -1, 0, 0, 0, 0, 0]
[518, 12335, <Quantity 4978.956307820305 kpc>, <Quantity 4409.014200842703 kpc>, <Quantity 4034.3576268320803 kpc>, <Quantity 1217076400.0725968 solMass>, <Quantity 1151339624.6407533 solMass>, <Quantity 6.669935464794555 kpc>, <Quantity 8.438529422242908 kpc>, -1, 0, 0, 0, 0, 0]
[519, 12334, <Quantity 4118.635540301029 kpc>, <Quantity 4462.237504919791 kpc>, <Quantity 4314.86555547264 kpc>, <Quantity 1400410559.1530616 solMass>, <Quantity 1149521241.4456038 solMass>, <Quantity 6.989307430925547 kpc>, <Quantity 8.359211023989992 kpc>, -1, 0, 0, 0, 0, 0]
[520, 12333, <Quantity 4444.74853464642 kpc>, <Quantity 3921.6770015257393 kpc>, <Quantity 4338.556714105882 kpc>, <Quantity 1293387938.4579885 solMass>, <Quantity 1148308985.954048 solMass>, <Quantity 6.806522539804797 kpc>, <Quantity 8.049832367944004 kpc>, -1, 0, 0, 0, 0, 0]
[524, 12330, <Quantity 4697.820472444846 kpc>, <Quantity 4499.233703130352 kpc>, <Quantity 4937.302694351724 kpc>, <Quantity 1085801763.8711042 solMass>, <Quantity 1143763028.0150375 solMass>, <Quantity 6.420948684512693 kpc>, <Quantity 7.8743962239381045 kpc>, -1, 0, 0, 0, 0, 0]
[527, 12327, <Quantity 4409.348099616689 kpc>, <Quantity 4153.278584477809 kpc>, <Quantity 3626.2358406107724 kpc>, <Quantity 1250506924.0807512 solMass>, <Quantity 1138004814.5807714 solMass>, <Quantity 6.7304543829814545 kpc>, <Quantity 6.946825754009275 kpc>, -1, 0, 0, 0, 0, 0]
[528, 12326, <Quantity 4931.290663147143 kpc>, <Quantity 3996.7821014031692 kpc>, <Quantity 3749.473366474804 kpc>, <Quantity 1287423918.2974162 solMass>, <Quantity 1136186431.3543057 solMass>, <Quantity 6.796044427167347 kpc>, <Quantity 7.997104403209633 kpc>, -1, 0, 0, 0, 0, 0]
[529, 12325, <Quantity 3960.916164838849 kpc>, <Quantity 4116.184545690566 kpc>, <Quantity 4041.759053008673 kpc>, <Quantity 1140843627.0683606 solMass>, <Quantity 1135580303.6559184 solMass>, <Quantity 6.527662997173031 kpc>, <Quantity 11.096906157733944 kpc>, -1, 0, 0, 0, 0, 0]
[536, 12323, <Quantity 4499.557850205278 kpc>, <Quantity 4101.3778452841925 kpc>, <Quantity 4505.436652350725 kpc>, <Quantity 1158654230.8719974 solMass>, <Quantity 1119517918.7263913 solMass>, <Quantity 6.561457227170028 kpc>, <Quantity 9.215464352532006 kpc>, -1, 0, 0, 0, 0, 0]
[537, 12322, <Quantity 4479.4187667975975 kpc>, <Quantity 4011.1494529634633 kpc>, <Quantity 3863.8795704262184 kpc>, <Quantity 1247743603.1402044 solMass>, <Quantity 1119214854.9140599 solMass>, <Quantity 6.725493162492514 kpc>, <Quantity 11.390103170544688 kpc>, -1, 0, 0, 0, 0, 0]
[540, 12319, <Quantity 4969.294170654883 kpc>, <Quantity 4263.6357377737995 kpc>, <Quantity 3948.7149838835467 kpc>, <Quantity 1105356768.9044816 solMass>, <Quantity 1106486172.5593753 solMass>, <Quantity 6.459266102054272 kpc>, <Quantity 9.028835453512908 kpc>, -1, 0, 0, 0, 0, 0]
[541, 12318, <Quantity 4513.915319364723 kpc>, <Quantity 4233.951477177659 kpc>, <Quantity 4689.26691666301 kpc>, <Quantity 1281392471.3157964 solMass>, <Quantity 1094969745.6641781 solMass>, <Quantity 6.78541489029289 kpc>, <Quantity 7.566924216697554 kpc>, -1, 0, 0, 0, 0, 0]
[542, 12317, <Quantity 4748.707649231112 kpc>, <Quantity 4321.225136424957 kpc>, <Quantity 3766.1520491514084 kpc>, <Quantity 1337309277.7122872 solMass>, <Quantity 1094060554.0655327 solMass>, <Quantity 6.882712634245814 kpc>, <Quantity 8.495264178872386 kpc>, -1, 0, 0, 0, 0, 0]
[543, 12315, <Quantity 4641.624810681887 kpc>, <Quantity 3916.426812684031 kpc>, <Quantity 4004.6966076512567 kpc>, <Quantity 1244921790.5425549 solMass>, <Quantity 1091939107.0009394 solMass>, <Quantity 6.720419362127115 kpc>, <Quantity 7.563279679352688 kpc>, -1, 0, 0, 0, 0, 0]
[544, 12314, <Quantity 3951.4398810750486 kpc>, <Quantity 4666.233727772147 kpc>, <Quantity 4688.407663549578 kpc>, <Quantity 1140820529.0392447 solMass>, <Quantity 1091636043.1363504 solMass>, <Quantity 6.527618942883158 kpc>, <Quantity 8.581505236402174 kpc>, -1, 0, 0, 0, 0, 0]
[546, 12312, <Quantity 4374.883319424278 kpc>, <Quantity 4205.1153082783685 kpc>, <Quantity 4406.953042016866 kpc>, <Quantity 1197843438.6091356 solMass>, <Quantity 1088605404.4668596 solMass>, <Quantity 6.63461466379812 kpc>, <Quantity 7.048783069677768 kpc>, -1, 0, 0, 0, 0, 0]
[549, 12310, <Quantity 4408.8680846291945 kpc>, <Quantity 4144.415510050633 kpc>, <Quantity 3728.131578425396 kpc>, <Quantity 1205604595.9971063 solMass>, <Quantity 1079210424.6600425 solMass>, <Quantity 6.648912992123643 kpc>, <Quantity 9.566931212084778 kpc>, -1, 0, 0, 0, 0, 0]
[555, 12307, <Quantity 4223.08837487136 kpc>, <Quantity 3680.4096392947517 kpc>, <Quantity 4309.856000652512 kpc>, <Quantity 1126478571.7933302 solMass>, <Quantity 1064360295.2577586 solMass>, <Quantity 6.5001492676471715 kpc>, <Quantity 9.134759482282858 kpc>, -1, 0, 0, 0, 0, 0]
[556, 12306, <Quantity 4691.277001242358 kpc>, <Quantity 4248.456095822433 kpc>, <Quantity 4318.7262747057375 kpc>, <Quantity 1181141089.4980326 solMass>, <Quantity 1064057231.3638136 solMass>, <Quantity 6.60363322827773 kpc>, <Quantity 7.4339572761066846 kpc>, -1, 0, 0, 0, 0, 0]
[559, 12303, <Quantity 4716.961208330403 kpc>, <Quantity 3776.590180108164 kpc>, <Quantity 3727.147534968602 kpc>, <Quantity 1228916662.7390306 solMass>, <Quantity 1057995954.0853759 solMass>, <Quantity 6.691495071531159 kpc>, <Quantity 8.71131868158388 kpc>, -1, 0, 0, 0, 0, 0]
[561, 12302, <Quantity 4218.11722137477 kpc>, <Quantity 4627.426861934317 kpc>, <Quantity 4595.668776325992 kpc>, <Quantity 1217140587.9643958 solMass>, <Quantity 1057086762.4787207 solMass>, <Quantity 6.670052718887968 kpc>, <Quantity 7.414373730691681 kpc>, -1, 0, 0, 0, 0, 0]
[562, 12301, <Quantity 3962.834166711102 kpc>, <Quantity 4210.072254122003 kpc>, <Quantity 4092.6875784829135 kpc>, <Quantity 1240529029.4651513 solMass>, <Quantity 1054056123.8529047 solMass>, <Quantity 6.712505615435688 kpc>, <Quantity 10.011821859406002 kpc>, -1, 0, 0, 0, 0, 0]
[567, 12300, <Quantity 4045.387347081218 kpc>, <Quantity 4780.181257422224 kpc>, <Quantity 3874.1075609048357 kpc>, <Quantity 1236049943.348743 solMass>, <Quantity 1039812122.1619197 solMass>, <Quantity 6.704417090751584 kpc>, <Quantity 10.155353634336903 kpc>, -1, 0, 0, 0, 0, 0]
[568, 12299, <Quantity 4471.651459388093 kpc>, <Quantity 4269.975975929542 kpc>, <Quantity 3649.2110902149034 kpc>, <Quantity 1030181398.4314172 solMass>, <Quantity 1038296802.8389689 solMass>, <Quantity 6.30938340841895 kpc>, <Quantity 6.635528554490728 kpc>, -1, 0, 0, 0, 0, 0]
[571, 12298, <Quantity 4254.897889132173 kpc>, <Quantity 4361.756572185916 kpc>, <Quantity 4448.747373698104 kpc>, <Quantity 1155065553.7618806 solMass>, <Quantity 1029811014.5909784 solMass>, <Quantity 6.554675996798287 kpc>, <Quantity 10.54698168662412 kpc>, -1, 0, 0, 0, 0, 0]
[572, 12297, <Quantity 4767.676309049554 kpc>, <Quantity 4880.62500811242 kpc>, <Quantity 3699.603238847375 kpc>, <Quantity 1327899476.1413672 solMass>, <Quantity 1020719098.6360056 solMass>, <Quantity 6.8665315206144415 kpc>, <Quantity 7.402883527049856 kpc>, -1, 0, 0, 0, 0, 0]
[574, 12295, <Quantity 4538.272530876136 kpc>, <Quantity 3943.163111717386 kpc>, <Quantity 4308.760637780017 kpc>, <Quantity 1219542657.7162259 solMass>, <Quantity 1014657821.3218434 solMass>, <Quantity 6.674437696714886 kpc>, <Quantity 15.631763725603818 kpc>, -1, 0, 0, 0, 0, 0]
[575, 12294, <Quantity 4806.433606429998 kpc>, <Quantity 4581.675656577179 kpc>, <Quantity 4867.8530680174445 kpc>, <Quantity 1037442085.0713363 solMass>, <Quantity 1012536374.3056967 solMass>, <Quantity 6.324171500355921 kpc>, <Quantity 8.490751017907707 kpc>, -1, 0, 0, 0, 0, 0]
[576, 12293, <Quantity 4601.198723530691 kpc>, <Quantity 3737.842522816981 kpc>, <Quantity 4544.307565634217 kpc>, <Quantity 1066680410.9164519 solMass>, <Quantity 1010111863.3243052 solMass>, <Quantity 6.383033513740017 kpc>, <Quantity 9.723811116743079 kpc>, -1, 0, 0, 0, 0, 0]
[577, 12292, <Quantity 4880.131079618631 kpc>, <Quantity 4046.944454264277 kpc>, <Quantity 4068.0439720610816 kpc>, <Quantity 1145410214.1428118 solMass>, <Quantity 1009505735.6269935 solMass>, <Quantity 6.536361079736088 kpc>, <Quantity 9.348131680281275 kpc>, -1, 0, 0, 0, 0, 0]
[578, 12291, <Quantity 5010.588332575852 kpc>, <Quantity 4444.632013658623 kpc>, <Quantity 4168.155833885317 kpc>, <Quantity 1303128300.4471958 solMass>, <Quantity 1001323011.2847457 solMass>, <Quantity 6.823566216766185 kpc>, <Quantity 7.458011803456508 kpc>, -1, 0, 0, 0, 0, 0]
[582, 12288, <Quantity 4887.623538395926 kpc>, <Quantity 4848.891303171815 kpc>, <Quantity 4980.972181549259 kpc>, <Quantity 1091155335.4779232 solMass>, <Quantity 996777053.2929388 solMass>, <Quantity 6.431484268555098 kpc>, <Quantity 7.526650712167765 kpc>, -1, 0, 0, 0, 0, 0]
[584, 12286, <Quantity 4254.251574606057 kpc>, <Quantity 4002.037585383173 kpc>, <Quantity 4572.592181346858 kpc>, <Quantity 1042273952.4398011 solMass>, <Quantity 995867861.6908042 solMass>, <Quantity 6.333974534277924 kpc>, <Quantity 7.254662687723929 kpc>, -1, 0, 0, 0, 0, 0]
[585, 12284, <Quantity 4985.601679238975 kpc>, <Quantity 4224.180315610183 kpc>, <Quantity 4195.01215257665 kpc>, <Quantity 1210445674.4479613 solMass>, <Quantity 994352542.3593469 solMass>, <Quantity 6.6578006274481 kpc>, <Quantity 7.438262974620727 kpc>, -1, 0, 0, 0, 0, 0]
[586, 12283, <Quantity 3949.9531812025693 kpc>, <Quantity 4123.032483588094 kpc>, <Quantity 4059.8828542917017 kpc>, <Quantity 1653069382.3369737 solMass>, <Quantity 993443350.7829562 solMass>, <Quantity 7.386624897173425 kpc>, <Quantity 11.830085696117658 kpc>, -1, 0, 0, 0, 0, 0]
[587, 12282, <Quantity 3886.219932953252 kpc>, <Quantity 4679.848947723784 kpc>, <Quantity 4729.381295465417 kpc>, <Quantity 1002323779.942744 solMass>, <Quantity 991928031.4132277 solMass>, <Quantity 6.251991268798245 kpc>, <Quantity 9.135732923970252 kpc>, -1, 0, 0, 0, 0, 0]
[589, 12280, <Quantity 3883.386116183097 kpc>, <Quantity 4719.600894253496 kpc>, <Quantity 3799.3872657063575 kpc>, <Quantity 1042886477.6042545 solMass>, <Quantity 978290157.4985512 solMass>, <Quantity 6.335215077937029 kpc>, <Quantity 7.208256812560555 kpc>, -1, 0, 0, 0, 0, 0]
[590, 12279, <Quantity 4581.117838327005 kpc>, <Quantity 4602.081553185253 kpc>, <Quantity 3750.0516735552737 kpc>, <Quantity 1065859712.4269071 solMass>, <Quantity 971016624.7091068 solMass>, <Quantity 6.381396069200887 kpc>, <Quantity 8.997406305656485 kpc>, -1, 0, 0, 0, 0, 0]
[593, 12278, <Quantity 4242.140464804813 kpc>, <Quantity 3792.2376026418824 kpc>, <Quantity 4540.826787954211 kpc>, <Quantity 991728765.8317397 solMass>, <Quantity 968289049.9596475 solMass>, <Quantity 6.2298844031619645 kpc>, <Quantity 6.878497037086159 kpc>, -1, 0, 0, 0, 0, 0]
[597, 12276, <Quantity 4934.244387468561 kpc>, <Quantity 3852.854902978985 kpc>, <Quantity 4448.568838193052 kpc>, <Quantity 935626364.2486163 solMass>, <Quantity 961015517.1350024 solMass>, <Quantity 6.110121343059309 kpc>, <Quantity 9.07003861844149 kpc>, -1, 0, 0, 0, 0, 0]
[598, 12275, <Quantity 4863.827693704092 kpc>, <Quantity 4293.698162737308 kpc>, <Quantity 3986.053930920227 kpc>, <Quantity 857273646.969075 solMass>, <Quantity 959500197.8474141 solMass>, <Quantity 5.934564340252563 kpc>, <Quantity 10.45877825072304 kpc>, -1, 0, 0, 0, 0, 0]
[601, 12272, <Quantity 4746.034399452666 kpc>, <Quantity 4581.234267049734 kpc>, <Quantity 5021.56415576049 kpc>, <Quantity 944980264.1354945 solMass>, <Quantity 955560367.5944618 solMass>, <Quantity 6.130415787140079 kpc>, <Quantity 9.317985718306119 kpc>, -1, 0, 0, 0, 0, 0]
[604, 12270, <Quantity 4385.50497849886 kpc>, <Quantity 3983.604036969728 kpc>, <Quantity 4249.066459557645 kpc>, <Quantity 1200473685.045395 solMass>, <Quantity 951014409.6103095 solMass>, <Quantity 6.639467249630846 kpc>, <Quantity 9.857241284272117 kpc>, -1, 0, 0, 0, 0, 0]
[605, 12269, <Quantity 4641.080595610806 kpc>, <Quantity 3958.737969607755 kpc>, <Quantity 4289.795654534665 kpc>, <Quantity 954917250.7127333 solMass>, <Quantity 949499090.2686527 solMass>, <Quantity 6.151829133778082 kpc>, <Quantity 11.109184465603072 kpc>, -1, 0, 0, 0, 0, 0]
[606, 12268, <Quantity 4914.863709525464 kpc>, <Quantity 4783.095004512067 kpc>, <Quantity 4588.053747629076 kpc>, <Quantity 1083148675.9953306 solMass>, <Quantity 948286834.8204267 solMass>, <Quantity 6.41571469200305 kpc>, <Quantity 7.565658819646734 kpc>, -1, 0, 0, 0, 0, 0]
[608, 12267, <Quantity 3846.0407772103895 kpc>, <Quantity 4500.208110591312 kpc>, <Quantity 4261.104212871361 kpc>, <Quantity 1145434671.1034594 solMass>, <Quantity 947983770.9607198 solMass>, <Quantity 6.53640760117326 kpc>, <Quantity 7.383576665825933 kpc>, -1, 0, 0, 0, 0, 0]
[609, 12266, <Quantity 3887.4818799497784 kpc>, <Quantity 4781.046241328133 kpc>, <Quantity 3878.0320478280023 kpc>, <Quantity 1117800017.8031828 solMass>, <Quantity 947377643.2136397 solMass>, <Quantity 6.483413518590212 kpc>, <Quantity 9.65138764744538 kpc>, -1, 0, 0, 0, 0, 0]
[610, 12265, <Quantity 4111.806780376334 kpc>, <Quantity 3880.7973335145884 kpc>, <Quantity 3963.219002765139 kpc>, <Quantity 1120838244.0949361 solMass>, <Quantity 944043940.7004249 solMass>, <Quantity 6.489282265912885 kpc>, <Quantity 7.272238410276523 kpc>, -1, 0, 0, 0, 0, 0]
[611, 12264, <Quantity 4991.811135799279 kpc>, <Quantity 3909.3116685962764 kpc>, <Quantity 4278.429700579822 kpc>, <Quantity 1183411793.4247272 solMass>, <Quantity 943437812.9628141 solMass>, <Quantity 6.607862273456784 kpc>, <Quantity 8.845095915294348 kpc>, -1, 0, 0, 0, 0, 0]
[613, 12261, <Quantity 4666.736533784315 kpc>, <Quantity 4390.541309009273 kpc>, <Quantity 4728.616919558576 kpc>, <Quantity 951030375.5007384 solMass>, <Quantity 935558152.4697175 solMass>, <Quantity 6.143471024380228 kpc>, <Quantity 6.028851878843283 kpc>, -1, 0, 0, 0, 0, 0]
[615, 12260, <Quantity 5045.086066766982 kpc>, <Quantity 4298.96814309946 kpc>, <Quantity 3933.5827630903796 kpc>, <Quantity 1001669603.304983 solMass>, <Quantity 929193811.3302621 solMass>, <Quantity 6.250630831248033 kpc>, <Quantity 7.323162914648258 kpc>, -1, 0, 0, 0, 0, 0]
[617, 12256, <Quantity 4996.621954251077 kpc>, <Quantity 3914.7256639017164 kpc>, <Quantity 4990.956807513242 kpc>, <Quantity 861607900.6193398 solMass>, <Quantity 923435597.8282716 solMass>, <Quantity 5.9445489699471645 kpc>, <Quantity 7.8359712166636974 kpc>, -1, 0, 0, 0, 0, 0]
[618, 12255, <Quantity 4056.2447819274585 kpc>, <Quantity 4007.559082545571 kpc>, <Quantity 4163.175427339467 kpc>, <Quantity 938977659.774179 solMass>, <Quantity 921920278.5502026 solMass>, <Quantity 6.117407877930425 kpc>, <Quantity 9.480451071342808 kpc>, -1, 0, 0, 0, 0, 0]
[619, 12254, <Quantity 4027.562703109398 kpc>, <Quantity 4392.744391077458 kpc>, <Quantity 4654.239540828131 kpc>, <Quantity 1103714431.5380094 solMass>, <Quantity 920708023.0489863 solMass>, <Quantity 6.45606546052144 kpc>, <Quantity 7.021836704002358 kpc>, -1, 0, 0, 0, 0, 0]
[621, 12253, <Quantity 4542.3651400537265 kpc>, <Quantity 4336.951213844297 kpc>, <Quantity 4589.830941478419 kpc>, <Quantity 1056015911.7490221 solMass>, <Quantity 913737554.154296 solMass>, <Quantity 6.361690044614096 kpc>, <Quantity 9.147865791123355 kpc>, -1, 0, 0, 0, 0, 0]
[626, 12252, <Quantity 4809.840905844555 kpc>, <Quantity 3939.418198757281 kpc>, <Quantity 4190.41744471019 kpc>, <Quantity 871798688.9135447 solMass>, <Quantity 909494660.0473061 solMass>, <Quantity 5.96789383445997 kpc>, <Quantity 7.553628448246151 kpc>, -1, 0, 0, 0, 0, 0]
[627, 12251, <Quantity 4949.43889529812 kpc>, <Quantity 4395.852763361252 kpc>, <Quantity 4149.795316339239 kpc>, <Quantity 989717171.6370047 solMass>, <Quantity 907979340.7221841 solMass>, <Quantity 6.225669379029308 kpc>, <Quantity 9.027004745199093 kpc>, -1, 0, 0, 0, 0, 0]
[628, 12250, <Quantity 4656.282559869071 kpc>, <Quantity 4466.591973985818 kpc>, <Quantity 4729.833260863022 kpc>, <Quantity 901024128.1943103 solMass>, <Quantity 906160957.541765 solMass>, <Quantity 6.033849753870642 kpc>, <Quantity 9.070541196043253 kpc>, -1, 0, 0, 0, 0, 0]
[630, 12248, <Quantity 4392.595368486623 kpc>, <Quantity 4480.118012915722 kpc>, <Quantity 4469.167725382544 kpc>, <Quantity 928703671.606965 solMass>, <Quantity 903130318.8702604 solMass>, <Quantity 6.095014441876118 kpc>, <Quantity 9.46009196051529 kpc>, -1, 0, 0, 0, 0, 0]
[632, 12247, <Quantity 4636.259058758329 kpc>, <Quantity 4266.334163452629 kpc>, <Quantity 3843.6068687891234 kpc>, <Quantity 920656484.9005507 solMass>, <Quantity 901614999.5275291 solMass>, <Quantity 6.077358982176756 kpc>, <Quantity 11.487470349622777 kpc>, -1, 0, 0, 0, 0, 0]
[633, 12246, <Quantity 3861.5003360321966 kpc>, <Quantity 4745.792328995444 kpc>, <Quantity 3692.3781308034495 kpc>, <Quantity 1025448510.5387381 solMass>, <Quantity 900402744.0967745 solMass>, <Quantity 6.299706325721229 kpc>, <Quantity 11.33427927161806 kpc>, -1, 0, 0, 0, 0, 0]
[634, 12245, <Quantity 4545.878965664224 kpc>, <Quantity 4552.543737300918 kpc>, <Quantity 3667.150881843116 kpc>, <Quantity 987777873.719253 solMass>, <Quantity 897675169.2944672 solMass>, <Quantity 6.221600431404482 kpc>, <Quantity 8.634113149216821 kpc>, -1, 0, 0, 0, 0, 0]
[637, 12242, <Quantity 4298.1265481094415 kpc>, <Quantity 4070.3377861395406 kpc>, <Quantity 4290.109179687254 kpc>, <Quantity 886315923.5305471 solMass>, <Quantity 887977125.6068147 solMass>, <Quantity 6.000837532674344 kpc>, <Quantity 7.695979279885063 kpc>, -1, 0, 0, 0, 0, 0]
[640, 12240, <Quantity 4515.152960556223 kpc>, <Quantity 3940.4063874185103 kpc>, <Quantity 4355.36710113435 kpc>, <Quantity 926801939.2160579 solMass>, <Quantity 886158742.3812895 solMass>, <Quantity 6.090851288600705 kpc>, <Quantity 7.027765811857681 kpc>, -1, 0, 0, 0, 0, 0]
[641, 12239, <Quantity 4436.438486186866 kpc>, <Quantity 4138.6792513684495 kpc>, <Quantity 3591.301529878122 kpc>, <Quantity 1092913622.6737816 solMass>, <Quantity 885249550.8156344 solMass>, <Quantity 6.434936978231781 kpc>, <Quantity 10.485572988886375 kpc>, -1, 0, 0, 0, 0, 0]
[642, 12238, <Quantity 4965.698699373982 kpc>, <Quantity 4437.52234902886 kpc>, <Quantity 3928.504992938417 kpc>, <Quantity 962513686.4656975 solMass>, <Quantity 884037295.3446352 solMass>, <Quantity 6.1680988160522325 kpc>, <Quantity 8.829455593840258 kpc>, -1, 0, 0, 0, 0, 0]
[643, 12237, <Quantity 4884.047660966993 kpc>, <Quantity 4746.870436165186 kpc>, <Quantity 5049.87857716619 kpc>, <Quantity 942375188.9487002 solMass>, <Quantity 883431167.6234972 solMass>, <Quantity 6.124777259558176 kpc>, <Quantity 16.218098120756878 kpc>, 127, 0, 0, 0, 0, 0]
[644, 12236, <Quantity 4595.373298663456 kpc>, <Quantity 4872.367814609684 kpc>, <Quantity 4525.068931420248 kpc>, <Quantity 1090552040.5321658 solMass>, <Quantity 882218912.159215 solMass>, <Quantity 6.430298736993625 kpc>, <Quantity 7.2116232784318015 kpc>, -1, 0, 0, 0, 0, 0]
[645, 12235, <Quantity 4972.494585165081 kpc>, <Quantity 3889.8611267818646 kpc>, <Quantity 4329.73296708356 kpc>, <Quantity 912805621.5196986 solMass>, <Quantity 881915848.2715824 solMass>, <Quantity 6.060034828424749 kpc>, <Quantity 9.317503236653053 kpc>, -1, 0, 0, 0, 0, 0]
[646, 12234, <Quantity 4900.997039044625 kpc>, <Quantity 4778.035653404563 kpc>, <Quantity 5040.138878275614 kpc>, <Quantity 871174133.6439352 solMass>, <Quantity 881309720.5348448 solMass>, <Quantity 5.96646836394822 kpc>, <Quantity 9.992878031302123 kpc>, -1, 0, 0, 0, 0, 0]
[647, 12233, <Quantity 3967.7372187216465 kpc>, <Quantity 3797.5242867141706 kpc>, <Quantity 4060.775812832 kpc>, <Quantity 958437763.8437761 solMass>, <Quantity 878885209.6706482 solMass>, <Quantity 6.159379887326094 kpc>, <Quantity 7.651655846203036 kpc>, -1, 0, 0, 0, 0, 0]
