yt : [INFO     ] 2017-07-25 14:04:16,818 Parameters: current_time              = 4.93026197235e+16
yt : [INFO     ] 2017-07-25 14:04:16,818 Parameters: domain_dimensions         = [2 2 2]
yt : [INFO     ] 2017-07-25 14:04:16,818 Parameters: domain_left_edge          = [ 0.  0.  0.]
yt : [INFO     ] 2017-07-25 14:04:16,819 Parameters: domain_right_edge         = [  2.67042633e+25   2.67042633e+25   2.67042633e+25]
yt : [INFO     ] 2017-07-25 14:04:16,819 Parameters: cosmological_simulation   = 1
yt : [INFO     ] 2017-07-25 14:04:16,820 Parameters: current_redshift          = 3.99999992452
yt : [INFO     ] 2017-07-25 14:04:16,820 Parameters: omega_lambda              = 0.712
yt : [INFO     ] 2017-07-25 14:04:16,820 Parameters: omega_matter              = 0.288
yt : [INFO     ] 2017-07-25 14:04:16,820 Parameters: hubble_constant           = 0.6933
yt : [INFO     ] 2017-07-25 14:04:16,977 Parameters: current_time              = 207.43449854315
yt : [INFO     ] 2017-07-25 14:04:16,978 Parameters: domain_dimensions         = [128 128 128]
yt : [INFO     ] 2017-07-25 14:04:16,978 Parameters: domain_left_edge          = [ 0.  0.  0.]
yt : [INFO     ] 2017-07-25 14:04:16,979 Parameters: domain_right_edge         = [ 1.  1.  1.]
yt : [INFO     ] 2017-07-25 14:04:16,979 Parameters: cosmological_simulation   = 1
yt : [INFO     ] 2017-07-25 14:04:16,979 Parameters: current_redshift          = 3.9999999245221
yt : [INFO     ] 2017-07-25 14:04:16,979 Parameters: omega_lambda              = 0.712
yt : [INFO     ] 2017-07-25 14:04:16,979 Parameters: omega_matter              = 0.288
yt : [INFO     ] 2017-07-25 14:04:16,979 Parameters: hubble_constant           = 0.6933
yt : [INFO     ] 2017-07-25 14:04:16,982 Allocating for 1.265e+04 particles (index particle type 'all')
yt : [INFO     ] 2017-07-25 14:04:16,989 Identified 4.185e+03 octs
IsSatellite
67 1.3925880178867622 solMass / solMass
IsSatellite
71 0.8215943704926006 solMass / solMass
72 1.3263006756046714 solMass / solMass
IsSatellite
78 4.978027391043532 solMass / solMass
80 1.4670309092430829 solMass / solMass
86 0.6151808309082953 solMass / solMass
87 1.599032246487184 solMass / solMass
88 3.6069489523017033 solMass / solMass
91 1.6294151287853182 solMass / solMass
IsSatellite
97 4.0173877905220605 solMass / solMass
101 24.85637289296752 solMass / solMass
IsSatellite
107 13.79412407016124 solMass / solMass
108 3.2425771044960325 solMass / solMass
114 4.70897953330935 solMass / solMass
IsSatellite
118 4.888524855598883 solMass / solMass
122 4.147901345640612 solMass / solMass
123 35.01634012074696 solMass / solMass
124 6.222885102837393 solMass / solMass
127 4.395136354143208 solMass / solMass
128 8.175692583502958 solMass / solMass
IsSatellite
132 5.041475888341097 solMass / solMass
134 4.842708348036887 solMass / solMass
135 16.28727922124506 solMass / solMass
142 4.58169319384447 solMass / solMass
143 5.206409862057633 solMass / solMass
145 2.6322303934521223 solMass / solMass
146 8.52391705032915 solMass / solMass
149 8.649392551868129 solMass / solMass
151 0.8287064052400943 solMass / solMass
152 9.710749203818624 solMass / solMass
154 3.9952699054866607 solMass / solMass
155 11.257563592090852 solMass / solMass
157 48.01686753727393 solMass / solMass
IsSatellite
161 1.66584441078494 solMass / solMass
162 4.220692115256294 solMass / solMass
164 15.147757078648992 solMass / solMass
167 4.5239818122537985 solMass / solMass
169 4.757948794287091 solMass / solMass
170 6.570045853661728 solMass / solMass
172 16.22499308968074 solMass / solMass
177 7.472000681547767 solMass / solMass
