yt : [INFO     ] 2017-07-25 14:31:13,589 Parameters: current_time              = 4.9302619419e+16
yt : [INFO     ] 2017-07-25 14:31:13,589 Parameters: domain_dimensions         = [2 2 2]
yt : [INFO     ] 2017-07-25 14:31:13,590 Parameters: domain_left_edge          = [ 0.  0.  0.]
yt : [INFO     ] 2017-07-25 14:31:13,590 Parameters: domain_right_edge         = [  2.67042632e+25   2.67042632e+25   2.67042632e+25]
yt : [INFO     ] 2017-07-25 14:31:13,591 Parameters: cosmological_simulation   = 1
yt : [INFO     ] 2017-07-25 14:31:13,591 Parameters: current_redshift          = 3.99999994524
yt : [INFO     ] 2017-07-25 14:31:13,591 Parameters: omega_lambda              = 0.712
yt : [INFO     ] 2017-07-25 14:31:13,591 Parameters: omega_matter              = 0.288
yt : [INFO     ] 2017-07-25 14:31:13,591 Parameters: hubble_constant           = 0.6933
yt : [INFO     ] 2017-07-25 14:31:13,687 Parameters: current_time              = 207.43449726205
yt : [INFO     ] 2017-07-25 14:31:13,687 Parameters: domain_dimensions         = [128 128 128]
yt : [INFO     ] 2017-07-25 14:31:13,687 Parameters: domain_left_edge          = [ 0.  0.  0.]
yt : [INFO     ] 2017-07-25 14:31:13,688 Parameters: domain_right_edge         = [ 1.  1.  1.]
yt : [INFO     ] 2017-07-25 14:31:13,688 Parameters: cosmological_simulation   = 1
yt : [INFO     ] 2017-07-25 14:31:13,688 Parameters: current_redshift          = 3.9999999452432
yt : [INFO     ] 2017-07-25 14:31:13,689 Parameters: omega_lambda              = 0.712
yt : [INFO     ] 2017-07-25 14:31:13,689 Parameters: omega_matter              = 0.288
yt : [INFO     ] 2017-07-25 14:31:13,689 Parameters: hubble_constant           = 0.6933
yt : [INFO     ] 2017-07-25 14:31:13,692 Allocating for 6.026e+03 particles (index particle type 'all')
yt : [INFO     ] 2017-07-25 14:31:13,699 Identified 1.921e+03 octs
TimeNow:  1.5619317183957369 Gyr
IsSatellite
IsSatellite
Parsing Hierarchy :   0%|          | 0/20449 [00:00<?, ?it/s]Parsing Hierarchy :   2%|▏         | 371/20449 [00:00<00:05, 3709.00it/s]Parsing Hierarchy :  12%|█▏        | 2381/20449 [00:00<00:02, 8624.35it/s]Parsing Hierarchy :  21%|██▏       | 4363/20449 [00:00<00:01, 11982.19it/s]Parsing Hierarchy :  31%|███       | 6333/20449 [00:00<00:00, 14297.19it/s]Parsing Hierarchy :  38%|███▊      | 7674/20449 [00:00<00:00, 13200.00it/s]Parsing Hierarchy :  47%|████▋     | 9587/20449 [00:00<00:00, 14975.56it/s]Parsing Hierarchy :  56%|█████▌    | 11447/20449 [00:00<00:00, 16060.62it/s]Parsing Hierarchy :  65%|██████▌   | 13362/20449 [00:00<00:00, 16985.18it/s]Parsing Hierarchy :  75%|███████▍  | 15276/20449 [00:00<00:00, 17630.13it/s]Parsing Hierarchy :  83%|████████▎ | 17025/20449 [00:01<00:00, 14965.32it/s]Parsing Hierarchy :  93%|█████████▎| 18946/20449 [00:01<00:00, 16238.37it/s]Parsing Hierarchy : 100%|██████████| 20449/20449 [00:01<00:00, 15696.83it/s]
yt : [INFO     ] 2017-07-25 14:31:20,050 Gathering a field list (this may take a moment.)
79 1.7084987083395464e+16 s
IsSatellite
83 1.5694976985915988e+16 s
IsSatellite
IsSatellite
IsSatellite
97 1.1918663715051172e+16 s
101 9105464469187774.0 s
107 1.085861200196224e+16 s
IsSatellite
114 1.1550169029833658e+16 s
121 9763486185262012.0 s
122 1.2668694127880906e+16 s
IsSatellite
IsSatellite
128 1.2939609063547702e+16 s
132 8291524492175213.0 s
134 5858183478259590.0 s
IsSatellite
138 9927601043891616.0 s
139 1.6515989077899976e+16 s
143 9770653517462512.0 s
146 9195160412249450.0 s
148 1.0933574675659816e+16 s
151 1.2648021098422944e+16 s
152 1.555284486547492e+16 s
154 1.5047941149016868e+16 s
158 9626720827640736.0 s
160 1.0274133209879812e+16 s
162 1.491566234281959e+16 s
167 1.863934305848441e+16 s
168 1.3553518893472196e+16 s
169 1.159062818849273e+16 s
170 1.8571529377403236e+16 s
171 2.291297690630736e+16 s
172 9995631283572238.0 s
174 1.797901431662518e+16 s
177 5929105861632496.0 s
180 8240729380923242.0 s
182 1.3658259304906836e+16 s
187 7931537187028744.0 s
189 1.3525550709096982e+16 s
192 1.1018787695956234e+16 s
195 1.1844840071107684e+16 s
196 1.0366147788015642e+16 s
197 1.387772739424401e+16 s
202 1.2627991193946484e+16 s
205 1.3604454036719614e+16 s
206 1.1491481277848696e+16 s
208 2.598716517721678e+16 s
209 1.1804072156115606e+16 s
216 1.3315342352312804e+16 s
221 2.3148406815309708e+16 s
223 1.3747707690155812e+16 s
226 5953631982420302.0 s
229 1.850938730864479e+16 s
230 7719714630561428.0 s
232 1.8085804429340616e+16 s
233 1.2244123152980042e+16 s
234 1.1746369304320706e+16 s
235 1.1355278057932574e+16 s
236 1.2477788858115912e+16 s
237 3912592977690358.5 s
243 1.0606280475807248e+16 s
247 2.4463866948816564e+16 s
249 7075533000463379.0 s
251 1.3453522893031518e+16 s
252 0.0 s
253 0.0 s
254 9570445198738840.0 s
260 8440858623281978.0 s
262 5244276071522350.0 s
264 1.4091599321898548e+16 s
265 1.1294557645252706e+16 s
269 2.0137467550467e+16 s
IsSatellite
271 1.3761673414109502e+16 s
272 1.2015808731766562e+16 s
273 9597711845821466.0 s
274 1.6482963302572026e+16 s
275 0.0 s
279 5303268141165945.0 s
280 1.1203949146916402e+16 s
283 8189446159886155.0 s
287 0.0 s
291 1.2236949528279094e+16 s
292 5827119570922681.0 s
293 0.0 s
294 6883215074039537.0 s
295 1.2093480810024842e+16 s
297 1.1396261868865244e+16 s
299 0.0 s
300 1.2921986949281088e+16 s
301 1.4808029199996264e+16 s
302 2.2569436888619676e+16 s
304 0.0 s
312 5947335483849484.0 s
316 5703522962683100.0 s
317 0.0 s
319 6665808620901117.0 s
323 2.3900266954253624e+16 s
324 4814231713529670.0 s
325 0.0 s
327 1.8000582569045154e+16 s
328 8121665538554667.0 s
330 8459529270307126.0 s
332 1.2476596813275214e+16 s
334 1.0145929357650866e+16 s
335 8998219215356460.0 s
337 0.0 s
339 1.1970198935101732e+16 s
340 1.0609728768270956e+16 s
341 1.2975893010702924e+16 s
342 1.2709762393929224e+16 s
343 1.7668082910030134e+16 s
349 0.0 s
350 0.0 s
354 1.160898025674443e+16 s
356 2.0438833576990332e+16 s
358 1.4762908653937384e+16 s
359 1.3975056496271786e+16 s
360 1.6767244414241704e+16 s
361 1.581886647664178e+16 s
365 1.5849378321878624e+16 s
368 1.5907778999820416e+16 s
369 1.5110365320495084e+16 s
371 7449073159098873.0 s
372 1.7039190572416674e+16 s
IsSatellite
375 0.0 s
376 9979251560945216.0 s
377 2.3552242577141316e+16 s
379 5135535728698938.0 s
380 9784361726997620.0 s
381 1.3925261944758142e+16 s
383 0.0 s
385 5108928681850826.0 s
387 0.0 s
389 1.0811531222629892e+16 s
392 6818407433675187.0 s
IsSatellite
396 1.1667850835096708e+16 s
397 0.0 s
398 1.70410076445595e+16 s
400 1.5441743059133134e+16 s
402 2.277753175222002e+16 s
403 2.706218187598513e+16 s
405 1.3920112854434816e+16 s
IsSatellite
407 1.1980198434796472e+16 s
409 0.0 s
413 6923386296387749.0 s
414 0.0 s
416 0.0 s
417 0.0 s
420 6062294518100967.0 s
421 7768131026226742.0 s
422 1.1713190980612146e+16 s
424 1.4051299911820148e+16 s
425 1.2130148829486446e+16 s
428 2.0049979977317732e+16 s
434 2.3347743497220936e+16 s
435 1.4580989452165334e+16 s
436 5193056523849471.0 s
437 0.0 s
440 9673562240319118.0 s
442 0.0 s
444 1.288305064633725e+16 s
445 2.6908052099929984e+16 s
448 4555752159031793.0 s
450 2.1114496806174844e+16 s
451 9832413258438250.0 s
453 9255265055066280.0 s
457 0.0 s
458 1.3493515050979726e+16 s
460 0.0 s
461 2.4275201989738188e+16 s
462 1.2493676389426736e+16 s
466 1.1602956936163362e+16 s
467 1.4301181752361652e+16 s
468 1.1669362113664234e+16 s
469 1.5227352551731464e+16 s
470 1.406770575832618e+16 s
IsSatellite
476 0.0 s
477 0.0 s
478 0.0 s
483 2.6060151175463924e+16 s
485 2.7150656572716524e+16 s
487 0.0 s
488 0.0 s
490 2.0700863950010656e+16 s
493 1.3878973896579148e+16 s
494 1.402455716081972e+16 s
496 1.5349438747242786e+16 s
497 1.7569430713759446e+16 s
IsSatellite
501 2.2719374192413476e+16 s
503 6678888839978458.0 s
505 1.7465923810361172e+16 s
510 9407352455338942.0 s
511 0.0 s
514 0.0 s
516 7231529992718986.0 s
517 1.1330752809538146e+16 s
519 0.0 s
521 1.1960310744526186e+16 s
524 2687287437964853.5 s
528 0.0 s
530 1.5361620231944392e+16 s
531 0.0 s
IsSatellite
533 0.0 s
535 2.245985240754787e+16 s
537 1.996206181863674e+16 s
538 0.0 s
540 1.5167307290433394e+16 s
543 0.0 s
544 2.0870572939295252e+16 s
545 0.0 s
546 1605466876079876.0 s
549 0.0 s
552 0.0 s
553 1.2842699781074876e+16 s
554 0.0 s
555 2.321155031888263e+16 s
556 1.5831432713724744e+16 s
560 1.640855071413142e+16 s
561 1.3521969198797046e+16 s
563 2.0978022599903348e+16 s
564 0.0 s
566 1.0096842868768616e+16 s
573 0.0 s
574 0.0 s
575 9202952168460852.0 s
576 1.4360910867301682e+16 s
580 0.0 s
581 0.0 s
585 0.0 s
586 0.0 s
588 0.0 s
589 1.7356737793355426e+16 s
591 0.0 s
594 1.8127734216373396e+16 s
595 0.0 s
596 0.0 s
599 0.0 s
601 1.446900594896177e+16 s
603 0.0 s
604 8890190763517822.0 s
606 0.0 s
607 0.0 s
608 1.9545055731973132e+16 s
611 0.0 s
612 8723552837125792.0 s
615 0.0 s
618 0.0 s
IsSatellite
620 2.381818650635066e+16 s
622 0.0 s
623 0.0 s
624 0.0 s
626 0.0 s
RadiusEqualZero
638 3.1592955445317996e+16 s
640 0.0 s
642 1.100025099331027e+16 s
643 0.0 s
644 0.0 s
645 0.0 s
646 6246794473053571.0 s
647 0.0 s
648 1.223506009098445e+16 s
651 1.6345243039557316e+16 s
653 2473400854844725.5 s
656 0.0 s
658 2.4971198026775884e+16 s
660 2.6046460939687784e+16 s
IsSatellite
666 1.8332659508769436e+16 s
671 0.0 s
RadiusEqualZero
673 0.0 s
674 8939466181676563.0 s
675 0.0 s
676 0.0 s
677 2.3952139224277708e+16 s
681 0.0 s
682 0.0 s
683 0.0 s
685 5884935987618574.0 s
689 1.7197549776225328e+16 s
690 2.1549560420509076e+16 s
691 0.0 s
696 1.109629415451296e+16 s
698 0.0 s
699 0.0 s
703 0.0 s
706 4188585375841940.5 s
707 1.4319025203809832e+16 s
708 1.9166986834947736e+16 s
710 1.917584174318268e+16 s
713 2.2768086998249684e+16 s
714 1.0317524845912394e+16 s
716 0.0 s
719 0.0 s
720 0.0 s
721 1.0123993913875044e+16 s
723 0.0 s
724 0.0 s
IsSatellite
RadiusEqualZero
728 1.4948862594967322e+16 s
729 2.237109180702259e+16 s
732 0.0 s
IsSatellite
737 0.0 s
741 2.534627414770818e+16 s
743 0.0 s
745 0.0 s
747 0.0 s
749 0.0 s
750 0.0 s
751 0.0 s
752 0.0 s
753 0.0 s
757 1.6977698092862686e+16 s
760 2.6607496963520148e+16 s
761 0.0 s
763 0.0 s
764 1.7716046993019446e+16 s
765 0.0 s
766 0.0 s
767 1.5741779827651386e+16 s
768 0.0 s
771 0.0 s
773 0.0 s
774 1.5537626088768614e+16 s
775 0.0 s
776 0.0 s
779 0.0 s
780 0.0 s
IsSatellite
785 1.2156744400342768e+16 s
788 0.0 s
789 0.0 s
790 0.0 s
791 0.0 s
792 0.0 s
793 0.0 s
794 1.4686001126148756e+16 s
795 0.0 s
796 0.0 s
797 0.0 s
800 0.0 s
801 0.0 s
802 0.0 s
803 0.0 s
804 1.316692608178498e+16 s
806 0.0 s
807 0.0 s
808 3.64880524055958e+16 s
810 9801833241093156.0 s
IsSatellite
815 7530772255316117.0 s
816 0.0 s
818 0.0 s
822 1.9591818326149164e+16 s
824 0.0 s
825 0.0 s
826 0.0 s
827 0.0 s
IsSatellite
832 0.0 s
833 0.0 s
IsSatellite
IsSatellite
841 0.0 s
842 0.0 s
843 1.2667725743197008e+16 s
844 0.0 s
846 0.0 s
847 0.0 s
848 0.0 s
849 0.0 s
850 0.0 s
851 0.0 s
855 1.975956187860701e+16 s
856 1.7090691878405868e+16 s
859 0.0 s
861 0.0 s
863 8470700161854377.0 s
864 0.0 s
865 0.0 s
866 0.0 s
867 0.0 s
868 1.9459211532736212e+16 s
869 0.0 s
870 4337389274542078.0 s
871 0.0 s
IsSatellite
875 0.0 s
IsSatellite
877 0.0 s
878 0.0 s
880 0.0 s
881 0.0 s
883 0.0 s
884 0.0 s
885 0.0 s
886 0.0 s
890 1.6329512084156638e+16 s
891 1.4389751598063498e+16 s
894 0.0 s
895 0.0 s
896 0.0 s
897 0.0 s
898 0.0 s
900 0.0 s
902 0.0 s
IsSatellite
905 2.3692017665624084e+16 s
RadiusEqualZero
909 0.0 s
911 1.6111443045061858e+16 s
912 0.0 s
918 0.0 s
919 0.0 s
920 0.0 s
921 0.0 s
925 0.0 s
IsSatellite
927 0.0 s
929 0.0 s
931 0.0 s
934 0.0 s
936 1.1894789808345036e+16 s
937 2.3155669764998092e+16 s
939 0.0 s
940 0.0 s
944 1.643275381173625e+16 s
946 0.0 s
950 0.0 s
951 0.0 s
958 0.0 s
959 0.0 s
960 1.6245180420863126e+16 s
961 0.0 s
964 0.0 s
965 0.0 s
967 0.0 s
968 0.0 s
969 0.0 s
971 2.390773777718286e+16 s
972 0.0 s
974 0.0 s
975 0.0 s
977 0.0 s
979 0.0 s
IsSatellite
985 0.0 s
986 0.0 s
987 0.0 s
IsSatellite
993 0.0 s
994 0.0 s
995 0.0 s
996 1.488900515522219e+16 s
1009 0.0 s
1010 0.0 s
1012 0.0 s
1013 1.7268419709714402e+16 s
1014 0.0 s
1015 0.0 s
1017 0.0 s
1019 0.0 s
1022 2.6146725746688864e+16 s
1023 1.3079087425332278e+16 s
1024 0.0 s
1028 0.0 s
1029 0.0 s
IsSatellite
1033 0.0 s
1035 0.0 s
IsSatellite
1037 0.0 s
1038 0.0 s
1039 0.0 s
1040 0.0 s
1042 0.0 s
1045 0.0 s
1047 1.5850238757536656e+16 s
1048 1.5059214668665702e+16 s
1049 0.0 s
1051 0.0 s
1052 0.0 s
1053 0.0 s
1057 0.0 s
1060 0.0 s
1061 0.0 s
1062 0.0 s
1069 0.0 s
1070 0.0 s
1071 0.0 s
1073 0.0 s
1074 0.0 s
1075 0.0 s
1076 0.0 s
1077 0.0 s
1078 0.0 s
1079 0.0 s
1081 0.0 s
1082 0.0 s
1084 0.0 s
1085 0.0 s
1086 0.0 s
1087 0.0 s
1091 0.0 s
1092 0.0 s
1093 0.0 s
IsSatellite
1097 0.0 s
1098 7480870813606941.0 s
1099 0.0 s
IsSatellite
1101 0.0 s
1102 0.0 s
1103 0.0 s
1106 0.0 s
1107 2.617196852686021e+16 s
1109 0.0 s
1110 0.0 s
1111 0.0 s
1112 1.937907136518853e+16 s
1114 2.0466342661595136e+16 s
1115 0.0 s
1117 0.0 s
1121 0.0 s
1122 0.0 s
1123 0.0 s
1124 0.0 s
1125 0.0 s
1126 0.0 s
1128 0.0 s
1130 0.0 s
IsSatellite
1133 0.0 s
1135 0.0 s
1136 1.616268868983759e+16 s
1137 0.0 s
1139 0.0 s
RadiusEqualZero
1141 0.0 s
IsSatellite
1145 0.0 s
1146 6797261269163279.0 s
1148 0.0 s
1149 0.0 s
1152 0.0 s
1153 0.0 s
IsSatellite
1157 0.0 s
1164 0.0 s
1166 0.0 s
1168 0.0 s
1169 1.5583654126973484e+16 s
1170 0.0 s
1174 0.0 s
IsSatellite
1176 0.0 s
1178 0.0 s
1179 0.0 s
1180 0.0 s
1181 0.0 s
1184 7815033700541879.0 s
1186 0.0 s
1187 0.0 s
1188 0.0 s
1195 1.564635329936122e+16 s
1198 0.0 s
1199 0.0 s
1200 0.0 s
1202 0.0 s
1203 0.0 s
1204 0.0 s
1206 0.0 s
1207 0.0 s
1209 0.0 s
1213 0.0 s
1214 0.0 s
1215 0.0 s
1217 2.2709029595198668e+16 s
1219 0.0 s
1220 0.0 s
1221 0.0 s
1222 0.0 s
1226 0.0 s
1227 0.0 s
1228 0.0 s
1229 0.0 s
1230 0.0 s
1231 0.0 s
1232 0.0 s
1233 2.404278427116944e+16 s
1234 0.0 s
1235 0.0 s
1236 0.0 s
1237 0.0 s
1239 0.0 s
1240 0.0 s
1243 0.0 s
1244 1.6914794725837016e+16 s
1245 0.0 s
1246 0.0 s
1247 0.0 s
1250 0.0 s
1251 0.0 s
1253 0.0 s
1255 0.0 s
1256 0.0 s
1261 0.0 s
1262 0.0 s
1264 0.0 s
1265 0.0 s
1273 0.0 s
1274 2.043037914778177e+16 s
RadiusEqualZero
1278 0.0 s
1279 0.0 s
1280 0.0 s
1281 0.0 s
1284 0.0 s
1285 0.0 s
1287 0.0 s
1288 0.0 s
1290 0.0 s
1292 0.0 s
IsSatellite
1296 0.0 s
1297 0.0 s
1299 0.0 s
1300 0.0 s
IsSatellite
IsSatellite
1310 0.0 s
1313 0.0 s
1314 0.0 s
1316 6172839878327324.0 s
1318 0.0 s
1319 0.0 s
1320 0.0 s
1321 0.0 s
1322 0.0 s
1323 0.0 s
1324 0.0 s
1325 0.0 s
1326 0.0 s
1327 0.0 s
1330 0.0 s
1333 1.2179456913625904e+16 s
1334 0.0 s
1338 0.0 s
1339 0.0 s
1340 0.0 s
1341 0.0 s
1342 0.0 s
1344 0.0 s
1345 0.0 s
1347 0.0 s
1349 0.0 s
1351 0.0 s
1353 0.0 s
1354 0.0 s
1355 0.0 s
1357 0.0 s
1358 0.0 s
IsSatellite
1360 0.0 s
1361 0.0 s
1362 0.0 s
1364 0.0 s
IsSatellite
1367 0.0 s
1369 0.0 s
1370 0.0 s
1371 0.0 s
1372 1.7189409346671528e+16 s
1377 0.0 s
IsSatellite
1379 0.0 s
1381 0.0 s
1382 0.0 s
1383 0.0 s
1385 0.0 s
1386 0.0 s
1387 0.0 s
1388 0.0 s
1389 0.0 s
1394 0.0 s
IsSatellite
1398 0.0 s
1399 0.0 s
1400 0.0 s
1401 0.0 s
1402 0.0 s
1403 0.0 s
1404 0.0 s
1406 0.0 s
1407 0.0 s
1409 0.0 s
1410 0.0 s
1411 0.0 s
1412 0.0 s
1413 0.0 s
1414 0.0 s
1415 0.0 s
1416 0.0 s
1417 2.2674195588707656e+16 s
1418 0.0 s
1420 0.0 s
1423 0.0 s
1425 0.0 s
1427 2.616842030922408e+16 s
1430 0.0 s
1431 0.0 s
1432 0.0 s
1436 0.0 s
1437 0.0 s
1438 0.0 s
1439 0.0 s
1440 0.0 s
1441 2.3336317513267132e+16 s
1444 0.0 s
1445 0.0 s
1448 0.0 s
1449 0.0 s
1450 0.0 s
IsSatellite
1452 0.0 s
1454 0.0 s
1456 0.0 s
1457 0.0 s
IsSatellite
1459 0.0 s
1461 0.0 s
IsSatellite
1465 0.0 s
IsSatellite
1467 0.0 s
1468 2.383161185631265e+16 s
1472 0.0 s
1473 0.0 s
1474 0.0 s
1475 0.0 s
1477 0.0 s
1478 0.0 s
1479 0.0 s
IsSatellite
1482 0.0 s
1484 0.0 s
1490 0.0 s
1494 0.0 s
1495 0.0 s
1497 0.0 s
1499 0.0 s
1500 0.0 s
1501 0.0 s
1504 0.0 s
1505 0.0 s
1506 0.0 s
1510 0.0 s
1511 0.0 s
1512 0.0 s
IsSatellite
1514 0.0 s
1516 0.0 s
IsSatellite
1522 0.0 s
1523 0.0 s
1524 0.0 s
IsSatellite
1527 0.0 s
1529 0.0 s
1530 0.0 s
1534 0.0 s
IsSatellite
1536 0.0 s
1538 0.0 s
1541 0.0 s
1543 0.0 s
1546 0.0 s
IsSatellite
1548 0.0 s
1550 0.0 s
1551 0.0 s
1554 0.0 s
1555 0.0 s
1556 0.0 s
1557 0.0 s
1558 0.0 s
1564 0.0 s
1565 0.0 s
IsSatellite
1568 0.0 s
1569 0.0 s
1573 0.0 s
1574 0.0 s
1576 0.0 s
1577 0.0 s
1579 0.0 s
1580 0.0 s
1581 0.0 s
1582 0.0 s
1584 0.0 s
1585 0.0 s
IsSatellite
1589 0.0 s
1590 0.0 s
1591 0.0 s
1592 0.0 s
1593 0.0 s
1595 2.129306218110942e+16 s
1596 0.0 s
1597 0.0 s
1598 0.0 s
1599 0.0 s
1600 0.0 s
IsSatellite
1605 0.0 s
1606 0.0 s
1607 0.0 s
1608 0.0 s
1610 0.0 s
1611 0.0 s
1612 0.0 s
1614 0.0 s
1615 0.0 s
1616 0.0 s
1618 0.0 s
1619 0.0 s
1620 0.0 s
1625 0.0 s
1626 0.0 s
1627 0.0 s
IsSatellite
1632 0.0 s
1634 0.0 s
1635 0.0 s
1636 0.0 s
1637 0.0 s
1639 0.0 s
1640 0.0 s
1642 0.0 s
1643 0.0 s
1644 0.0 s
1645 0.0 s
1647 0.0 s
1650 0.0 s
1653 0.0 s
1654 0.0 s
1659 0.0 s
1660 0.0 s
1661 0.0 s
1663 0.0 s
1664 0.0 s
1666 0.0 s
1667 0.0 s
1668 0.0 s
1669 0.0 s
1670 0.0 s
1671 0.0 s
IsSatellite
1673 0.0 s
1674 0.0 s
1676 0.0 s
1681 0.0 s
1682 2.150261412620574e+16 s
1684 0.0 s
1686 0.0 s
1687 0.0 s
1689 0.0 s
1691 0.0 s
1693 0.0 s
1697 0.0 s
1698 0.0 s
1701 0.0 s
1702 0.0 s
1703 0.0 s
1704 0.0 s
1705 0.0 s
1706 0.0 s
1708 0.0 s
IsSatellite
1710 0.0 s
1711 0.0 s
1712 0.0 s
1713 0.0 s
1714 0.0 s
1715 0.0 s
1720 0.0 s
1721 0.0 s
1722 0.0 s
1723 0.0 s
1725 0.0 s
1727 0.0 s
1728 0.0 s
1729 0.0 s
1731 0.0 s
IsSatellite
1734 0.0 s
1735 0.0 s
1738 0.0 s
1740 0.0 s
1742 0.0 s
1743 0.0 s
1744 0.0 s
1745 0.0 s
IsSatellite
IsSatellite
1748 0.0 s
1749 1.1306911646319536e+16 s
1751 2.6259663222500624e+16 s
1752 0.0 s
1757 0.0 s
1758 0.0 s
1759 0.0 s
1761 0.0 s
RadiusEqualZero
1764 0.0 s
1765 0.0 s
1769 0.0 s
1772 0.0 s
1773 0.0 s
1774 0.0 s
1777 0.0 s
1781 0.0 s
IsSatellite
1784 0.0 s
IsSatellite
1788 0.0 s
1789 0.0 s
1790 0.0 s
1791 0.0 s
1792 0.0 s
1793 0.0 s
1794 0.0 s
1795 0.0 s
1796 0.0 s
1797 0.0 s
IsSatellite
1799 0.0 s
1800 0.0 s
1801 0.0 s
1802 0.0 s
1807 0.0 s
1809 0.0 s
1810 0.0 s
1811 0.0 s
1812 0.0 s
1813 0.0 s
1815 0.0 s
1816 0.0 s
1817 0.0 s
1818 0.0 s
1819 0.0 s
1820 0.0 s
1821 0.0 s
IsSatellite
1823 0.0 s
1824 0.0 s
RadiusEqualZero
1827 0.0 s
1832 0.0 s
IsSatellite
1835 0.0 s
1837 0.0 s
1838 0.0 s
1839 0.0 s
1841 0.0 s
1842 0.0 s
1843 0.0 s
1844 0.0 s
1845 0.0 s
1846 2.3389239333489596e+16 s
1849 0.0 s
1850 0.0 s
1851 0.0 s
1853 0.0 s
1854 0.0 s
1855 0.0 s
1857 2.153012396901373e+16 s
1858 0.0 s
1859 0.0 s
1860 0.0 s
1861 0.0 s
1862 0.0 s
1863 0.0 s
IsSatellite
1867 0.0 s
1868 0.0 s
1871 0.0 s
1872 0.0 s
1873 0.0 s
1874 0.0 s
1875 0.0 s
1876 0.0 s
1877 0.0 s
1878 0.0 s
1879 0.0 s
1880 0.0 s
1881 0.0 s
1882 0.0 s
1883 0.0 s
1884 0.0 s
1885 0.0 s
1886 0.0 s
1888 0.0 s
1889 0.0 s
1890 0.0 s
1891 0.0 s
1892 0.0 s
1894 0.0 s
1895 0.0 s
1899 0.0 s
IsSatellite
RadiusEqualZero
IsSatellite
1904 0.0 s
1905 0.0 s
1906 0.0 s
1908 0.0 s
1910 0.0 s
1912 0.0 s
1913 0.0 s
1915 0.0 s
1918 0.0 s
1919 2.2986902639256876e+16 s
1920 0.0 s
IsSatellite
1924 0.0 s
1925 0.0 s
1927 0.0 s
1928 0.0 s
1930 0.0 s
1931 0.0 s
1933 0.0 s
1934 0.0 s
1935 0.0 s
1937 0.0 s
1938 0.0 s
1940 0.0 s
1941 0.0 s
1942 0.0 s
1944 0.0 s
1945 0.0 s
1946 0.0 s
1947 0.0 s
1948 0.0 s
1949 0.0 s
1950 0.0 s
1951 0.0 s
1953 0.0 s
1954 0.0 s
IsSatellite
1957 0.0 s
1958 0.0 s
1959 0.0 s
1961 0.0 s
1962 0.0 s
1963 0.0 s
IsSatellite
IsSatellite
IsSatellite
1970 0.0 s
1971 0.0 s
IsSatellite
1974 0.0 s
1975 0.0 s
1976 1.7669544022042504e+16 s
1978 0.0 s
1980 0.0 s
IsSatellite
1983 0.0 s
1984 0.0 s
1985 0.0 s
1986 0.0 s
1990 0.0 s
1991 0.0 s
1992 0.0 s
1993 0.0 s
1995 0.0 s
1996 0.0 s
1997 0.0 s
1998 0.0 s
1999 0.0 s
2000 0.0 s
2003 0.0 s
IsSatellite
2007 0.0 s
2008 0.0 s
2009 0.0 s
2011 0.0 s
2012 0.0 s
2015 0.0 s
2016 0.0 s
2017 0.0 s
IsSatellite
2019 0.0 s
2020 0.0 s
2021 0.0 s
2022 0.0 s
2023 0.0 s
IsSatellite
IsSatellite
2027 0.0 s
2032 0.0 s
RadiusEqualZero
2036 0.0 s
2037 0.0 s
IsSatellite
2039 0.0 s
2040 0.0 s
2041 0.0 s
2042 0.0 s
2043 0.0 s
2044 0.0 s
2045 0.0 s
2047 0.0 s
2049 0.0 s
2050 0.0 s
2052 0.0 s
2053 0.0 s
2055 0.0 s
2057 0.0 s
2058 0.0 s
2059 0.0 s
2061 0.0 s
2062 0.0 s
2065 0.0 s
2066 0.0 s
2068 0.0 s
2069 0.0 s
2072 0.0 s
2075 0.0 s
2076 0.0 s
2078 0.0 s
IsSatellite
2081 0.0 s
2082 0.0 s
2083 0.0 s
2084 2.8359437991794836e+16 s
2086 0.0 s
2087 0.0 s
2088 0.0 s
IsSatellite
2090 0.0 s
2091 0.0 s
2092 0.0 s
2093 0.0 s
2094 0.0 s
2096 0.0 s
2097 0.0 s
2098 0.0 s
2099 0.0 s
2100 0.0 s
2101 0.0 s
2102 0.0 s
2105 0.0 s
2108 0.0 s
2109 0.0 s
2111 0.0 s
2112 0.0 s
2113 0.0 s
2114 0.0 s
2115 0.0 s
IsSatellite
IsSatellite
2118 0.0 s
2120 0.0 s
2121 0.0 s
2122 0.0 s
2123 0.0 s
2124 0.0 s
2125 0.0 s
2128 0.0 s
2129 0.0 s
2133 0.0 s
2134 0.0 s
2135 0.0 s
2137 0.0 s
2139 0.0 s
IsSatellite
2141 0.0 s
2142 0.0 s
2143 0.0 s
2144 0.0 s
2145 0.0 s
2146 0.0 s
2147 0.0 s
2150 0.0 s
IsSatellite
2154 0.0 s
2155 0.0 s
2156 0.0 s
2157 0.0 s
2158 0.0 s
2159 0.0 s
2162 0.0 s
2163 0.0 s
2164 0.0 s
2166 0.0 s
2168 0.0 s
2169 0.0 s
2170 0.0 s
2172 0.0 s
2173 0.0 s
2174 0.0 s
2175 0.0 s
2176 0.0 s
2177 0.0 s
2178 0.0 s
2180 0.0 s
2182 0.0 s
2183 0.0 s
2184 0.0 s
2185 0.0 s
2188 0.0 s
2190 0.0 s
2191 0.0 s
2192 2.0835396827688356e+16 s
2193 0.0 s
2194 0.0 s
2195 0.0 s
2196 0.0 s
2197 0.0 s
2198 0.0 s
IsSatellite
2200 0.0 s
2201 0.0 s
2204 0.0 s
2205 0.0 s
2206 0.0 s
2207 0.0 s
2208 0.0 s
2209 0.0 s
2211 0.0 s
2213 0.0 s
2215 0.0 s
2216 0.0 s
2220 0.0 s
2221 0.0 s
2223 0.0 s
2224 0.0 s
2225 0.0 s
2226 0.0 s
2229 0.0 s
2230 0.0 s
2231 0.0 s
2234 0.0 s
2235 0.0 s
2236 0.0 s
2239 0.0 s
IsSatellite
2242 0.0 s
2243 0.0 s
2244 0.0 s
2245 0.0 s
2246 0.0 s
2247 0.0 s
IsSatellite
2249 0.0 s
2250 0.0 s
2251 0.0 s
2253 0.0 s
2254 0.0 s
2255 0.0 s
2256 0.0 s
2257 0.0 s
2258 0.0 s
2259 0.0 s
2260 0.0 s
IsSatellite
2262 0.0 s
2264 0.0 s
2267 0.0 s
2268 0.0 s
2271 0.0 s
IsSatellite
2273 0.0 s
2274 0.0 s
2275 0.0 s
2278 0.0 s
IsSatellite
2281 0.0 s
2282 0.0 s
2283 0.0 s
2284 0.0 s
2285 0.0 s
2287 0.0 s
2291 0.0 s
2293 0.0 s
2296 0.0 s
2297 0.0 s
2299 0.0 s
2300 0.0 s
2303 0.0 s
IsSatellite
IsSatellite
2310 0.0 s
2313 0.0 s
2314 0.0 s
2315 0.0 s
2316 0.0 s
2317 0.0 s
2319 0.0 s
2321 0.0 s
2322 0.0 s
2324 0.0 s
2325 0.0 s
2326 0.0 s
2327 0.0 s
2329 0.0 s
2330 0.0 s
IsSatellite
2333 0.0 s
IsSatellite
2338 0.0 s
2342 0.0 s
2343 0.0 s
IsSatellite
2346 0.0 s
2348 0.0 s
2349 0.0 s
2350 0.0 s
2351 0.0 s
2352 0.0 s
IsSatellite
2354 0.0 s
2355 0.0 s
2356 0.0 s
2357 0.0 s
2358 0.0 s
2359 0.0 s
2360 0.0 s
IsSatellite
2363 0.0 s
2364 0.0 s
2365 0.0 s
2366 0.0 s
2367 0.0 s
2369 0.0 s
2371 0.0 s
2374 0.0 s
2375 0.0 s
2377 0.0 s
2378 0.0 s
2379 0.0 s
2380 0.0 s
IsSatellite
RadiusEqualZero
2386 0.0 s
2387 0.0 s
2389 0.0 s
2391 0.0 s
2392 0.0 s
2393 0.0 s
2396 0.0 s
2397 0.0 s
2398 0.0 s
2399 0.0 s
2400 0.0 s
2401 0.0 s
IsSatellite
IsSatellite
2404 0.0 s
2405 0.0 s
2406 0.0 s
2407 0.0 s
2409 0.0 s
2410 0.0 s
IsSatellite
2412 0.0 s
2413 0.0 s
2414 0.0 s
2416 0.0 s
2417 0.0 s
2418 0.0 s
2419 0.0 s
2420 2.0896828278777828e+16 s
2422 0.0 s
2423 0.0 s
2425 0.0 s
2426 0.0 s
IsSatellite
2429 0.0 s
2430 0.0 s
2432 0.0 s
2433 0.0 s
2434 0.0 s
2436 0.0 s
2437 0.0 s
2438 0.0 s
2439 0.0 s
2440 0.0 s
2442 0.0 s
2443 0.0 s
2444 0.0 s
2445 0.0 s
2446 0.0 s
2447 0.0 s
2449 0.0 s
2450 0.0 s
2451 0.0 s
2452 0.0 s
2453 0.0 s
2454 0.0 s
2455 0.0 s
2456 0.0 s
IsSatellite
2461 0.0 s
2462 0.0 s
2463 0.0 s
2465 0.0 s
2466 0.0 s
2467 0.0 s
2468 0.0 s
IsSatellite
2472 0.0 s
2474 0.0 s
2475 0.0 s
2476 0.0 s
2477 0.0 s
2478 0.0 s
2479 0.0 s
RadiusEqualZero
2481 0.0 s
2482 0.0 s
IsSatellite
2486 0.0 s
2487 0.0 s
2488 0.0 s
IsSatellite
2490 0.0 s
2492 0.0 s
2493 0.0 s
2496 0.0 s
2498 0.0 s
2499 0.0 s
2504 0.0 s
2505 0.0 s
2506 0.0 s
2507 0.0 s
2510 0.0 s
2512 0.0 s
2513 0.0 s
2514 0.0 s
2516 0.0 s
IsSatellite
2519 0.0 s
2520 0.0 s
2522 0.0 s
2523 0.0 s
2524 0.0 s
2525 0.0 s
2529 0.0 s
2531 0.0 s
2532 0.0 s
2533 0.0 s
2534 0.0 s
2535 0.0 s
2536 0.0 s
2537 0.0 s
2538 0.0 s
IsSatellite
IsSatellite
2541 0.0 s
2542 0.0 s
2544 0.0 s
2545 0.0 s
2546 0.0 s
IsSatellite
2552 0.0 s
2553 0.0 s
2554 0.0 s
2555 0.0 s
2556 0.0 s
2557 0.0 s
2564 0.0 s
2565 0.0 s
2566 0.0 s
2567 0.0 s
2569 0.0 s
2570 0.0 s
2571 0.0 s
RadiusEqualZero
2574 0.0 s
2575 0.0 s
2576 0.0 s
2577 0.0 s
2578 0.0 s
2580 0.0 s
2581 0.0 s
2582 0.0 s
2584 0.0 s
2585 0.0 s
2587 0.0 s
IsSatellite
2590 0.0 s
2591 0.0 s
2592 0.0 s
2593 0.0 s
2594 0.0 s
2595 0.0 s
2596 0.0 s
2597 0.0 s
2598 0.0 s
2600 0.0 s
2601 0.0 s
2602 0.0 s
2603 0.0 s
2604 0.0 s
2607 0.0 s
2608 0.0 s
2609 0.0 s
2610 0.0 s
2614 0.0 s
2615 0.0 s
2617 0.0 s
2618 0.0 s
2619 0.0 s
2620 0.0 s
2621 0.0 s
2622 0.0 s
RadiusEqualZero
2626 0.0 s
2628 0.0 s
2633 0.0 s
2634 0.0 s
2635 0.0 s
2636 0.0 s
2640 0.0 s
2641 0.0 s
2642 0.0 s
2643 0.0 s
2644 0.0 s
2645 0.0 s
2646 0.0 s
2647 0.0 s
2648 0.0 s
2649 0.0 s
2650 0.0 s
2651 0.0 s
2652 0.0 s
2653 0.0 s
2654 0.0 s
2655 0.0 s
2656 0.0 s
2658 0.0 s
2659 0.0 s
IsSatellite
2662 0.0 s
2663 0.0 s
2664 0.0 s
2669 0.0 s
IsSatellite
RadiusEqualZero
2673 0.0 s
2674 0.0 s
2675 0.0 s
2676 0.0 s
2678 0.0 s
2680 0.0 s
2681 0.0 s
2682 0.0 s
2683 0.0 s
2685 0.0 s
2686 0.0 s
2687 0.0 s
2689 0.0 s
2690 0.0 s
2691 0.0 s
2692 0.0 s
2694 0.0 s
2696 0.0 s
2698 0.0 s
2700 0.0 s
2703 0.0 s
2704 0.0 s
2705 0.0 s
2706 0.0 s
IsSatellite
2708 0.0 s
2709 0.0 s
2710 0.0 s
2711 0.0 s
2712 0.0 s
2713 0.0 s
2714 0.0 s
IsSatellite
2716 0.0 s
2717 0.0 s
2718 0.0 s
IsSatellite
2721 0.0 s
2723 0.0 s
2724 0.0 s
2726 0.0 s
2727 0.0 s
2730 0.0 s
2733 0.0 s
2736 0.0 s
2737 0.0 s
2738 0.0 s
2739 0.0 s
2740 0.0 s
2741 0.0 s
2743 0.0 s
2744 0.0 s
2745 0.0 s
2746 0.0 s
2748 0.0 s
2749 0.0 s
2751 0.0 s
2752 0.0 s
2753 0.0 s
2754 0.0 s
2755 0.0 s
2756 0.0 s
2757 0.0 s
2758 0.0 s
IsSatellite
2760 0.0 s
2761 0.0 s
2763 0.0 s
2765 0.0 s
2767 0.0 s
2768 0.0 s
2769 0.0 s
IsSatellite
2771 0.0 s
2773 0.0 s
2774 0.0 s
2775 0.0 s
2778 0.0 s
IsSatellite
IsSatellite
2783 0.0 s
2784 0.0 s
2785 0.0 s
2786 0.0 s
2788 0.0 s
2789 0.0 s
2791 0.0 s
2792 0.0 s
2793 0.0 s
2794 0.0 s
2795 0.0 s
2798 0.0 s
2799 0.0 s
2800 0.0 s
IsSatellite
IsSatellite
2803 0.0 s
2804 0.0 s
2805 0.0 s
2806 0.0 s
2807 0.0 s
2808 0.0 s
IsSatellite
2814 0.0 s
2816 0.0 s
2817 0.0 s
2818 0.0 s
2819 0.0 s
2820 0.0 s
2821 0.0 s
2824 0.0 s
2825 0.0 s
2826 0.0 s
IsSatellite
2828 0.0 s
IsSatellite
2831 0.0 s
2832 0.0 s
2834 0.0 s
2835 0.0 s
2837 0.0 s
2839 0.0 s
2840 0.0 s
2841 0.0 s
2842 0.0 s
IsSatellite
IsSatellite
2846 0.0 s
2847 0.0 s
2850 0.0 s
IsSatellite
IsSatellite
2853 0.0 s
2854 0.0 s
2856 0.0 s
2857 0.0 s
2858 0.0 s
2859 0.0 s
2860 0.0 s
2861 0.0 s
2862 0.0 s
2864 0.0 s
2865 0.0 s
2866 0.0 s
2869 0.0 s
2870 0.0 s
2871 0.0 s
2872 0.0 s
RadiusEqualZero
2874 0.0 s
2876 0.0 s
2877 0.0 s
2878 0.0 s
2879 0.0 s
2882 0.0 s
2885 0.0 s
2886 0.0 s
IsSatellite
2888 0.0 s
2889 0.0 s
2890 0.0 s
2892 0.0 s
2893 0.0 s
2894 0.0 s
2896 0.0 s
2897 0.0 s
2898 0.0 s
2899 0.0 s
2900 0.0 s
2902 0.0 s
2905 0.0 s
2907 0.0 s
2908 0.0 s
2911 0.0 s
2912 0.0 s
2916 0.0 s
2918 0.0 s
2919 0.0 s
2921 0.0 s
2922 0.0 s
2923 0.0 s
2925 0.0 s
2926 0.0 s
2929 0.0 s
2930 0.0 s
2931 0.0 s
2932 0.0 s
2933 0.0 s
2934 0.0 s
2935 0.0 s
2936 0.0 s
2937 0.0 s
2938 0.0 s
2939 0.0 s
2944 0.0 s
2947 0.0 s
2948 0.0 s
2949 0.0 s
2950 0.0 s
2951 0.0 s
2952 0.0 s
2953 0.0 s
2954 0.0 s
2955 0.0 s
2956 0.0 s
2957 0.0 s
2958 0.0 s
2959 0.0 s
2960 0.0 s
2961 0.0 s
2962 0.0 s
2963 0.0 s
2964 0.0 s
2965 0.0 s
2966 0.0 s
2967 0.0 s
2968 0.0 s
IsSatellite
2971 0.0 s
2973 0.0 s
2974 0.0 s
2975 0.0 s
2977 0.0 s
2978 0.0 s
2980 0.0 s
2981 0.0 s
2983 0.0 s
2985 0.0 s
2986 0.0 s
2987 0.0 s
2988 0.0 s
2989 0.0 s
2990 0.0 s
2991 0.0 s
2992 0.0 s
2993 0.0 s
2995 0.0 s
2996 0.0 s
2997 0.0 s
2999 0.0 s
123AllDone123
