yt : [INFO     ] 2017-07-25 11:36:06,269 Parameters: current_time              = 2.442094332e+16
yt : [INFO     ] 2017-07-25 11:36:06,270 Parameters: domain_dimensions         = [2 2 2]
yt : [INFO     ] 2017-07-25 11:36:06,270 Parameters: domain_left_edge          = [ 0.  0.  0.]
yt : [INFO     ] 2017-07-25 11:36:06,271 Parameters: domain_right_edge         = [  1.66901647e+25   1.66901647e+25   1.66901647e+25]
yt : [INFO     ] 2017-07-25 11:36:06,271 Parameters: cosmological_simulation   = 1
yt : [INFO     ] 2017-07-25 11:36:06,271 Parameters: current_redshift          = 6.99999981444
yt : [INFO     ] 2017-07-25 11:36:06,271 Parameters: omega_lambda              = 0.712
yt : [INFO     ] 2017-07-25 11:36:06,271 Parameters: omega_matter              = 0.288
yt : [INFO     ] 2017-07-25 11:36:06,272 Parameters: hubble_constant           = 0.6933
yt : [INFO     ] 2017-07-25 11:36:06,392 Parameters: current_time              = 102.74801136229
yt : [INFO     ] 2017-07-25 11:36:06,392 Parameters: domain_dimensions         = [128 128 128]
yt : [INFO     ] 2017-07-25 11:36:06,393 Parameters: domain_left_edge          = [ 0.  0.  0.]
yt : [INFO     ] 2017-07-25 11:36:06,393 Parameters: domain_right_edge         = [ 1.  1.  1.]
yt : [INFO     ] 2017-07-25 11:36:06,393 Parameters: cosmological_simulation   = 1
yt : [INFO     ] 2017-07-25 11:36:06,394 Parameters: current_redshift          = 6.9999998144358
yt : [INFO     ] 2017-07-25 11:36:06,394 Parameters: omega_lambda              = 0.712
yt : [INFO     ] 2017-07-25 11:36:06,394 Parameters: omega_matter              = 0.288
yt : [INFO     ] 2017-07-25 11:36:06,394 Parameters: hubble_constant           = 0.6933
yt : [INFO     ] 2017-07-25 11:36:06,397 Allocating for 3.540e+03 particles (index particle type 'all')
yt : [INFO     ] 2017-07-25 11:36:06,402 Identified 1.305e+03 octs
IsSatellite
IsSatellite
IsSatellite
7 0.5594415607167622 solMass / solMass
IsSatellite
10 1.7447006847375493e+38 solMass / solMass
IsSatellite
IsSatellite
22 3.509613568589219 solMass / solMass
23 3.617999594620041e+38 solMass / solMass
IsSatellite
25 1.0771214596712004 solMass / solMass
26 6.222879205783468e+38 solMass / solMass
27 9.013908694363792 solMass / solMass
IsSatellite
30 2.2608937097973554 solMass / solMass
32 6.126055367355859 solMass / solMass
IsSatellite
IsSatellite
40 8.935487811024386 solMass / solMass
42 2.9574164185661926 solMass / solMass
IsSatellite
47 5.931837910766786 solMass / solMass
48 8.727940001465687e+38 solMass / solMass
49 3.2834234116020964 solMass / solMass
51 6.967474215154749 solMass / solMass
53 3.0213907841475707 solMass / solMass
54 3.1851607309550265 solMass / solMass
55 3.126025997021783e+17 solMass / solMass
57 8.441345418360992 solMass / solMass
61 1.068703153636626e+39 solMass / solMass
67 1.153492249307744e+39 solMass / solMass
68 14.33308124499233 solMass / solMass
70 1.3031314174325659 solMass / solMass
72 1.2264955563297872e+39 solMass / solMass
73 8.074693158666156 solMass / solMass
75 7.8504910831752355 solMass / solMass
78 0.9520680800581729 solMass / solMass
80 41.37382806952775 solMass / solMass
82 1.2324634278465192e+39 solMass / solMass
84 14.157987607094187 solMass / solMass
85 1.5124427057088448 solMass / solMass
86 1.2616005604310487e+39 solMass / solMass
87 1.7794814738488032e+39 solMass / solMass
88 9.291326217379769 solMass / solMass
89 1.2216846092722977 solMass / solMass
90 4.307355939533623 solMass / solMass
92 2.225251457040913 solMass / solMass
93 18.982944026499904 solMass / solMass
94 1.0800718297996346 solMass / solMass
95 6.8095220725196866 solMass / solMass
99 22.68072569787084 solMass / solMass
100 15.476664603752694 solMass / solMass
102 18.59572579235825 solMass / solMass
103 2.3235530963759365 solMass / solMass
104 11.472834239024522 solMass / solMass
105 3.95780982788962 solMass / solMass
106 6.094008593663525e+17 solMass / solMass
108 3.401056542670473 solMass / solMass
109 3.2557634050661632 solMass / solMass
110 3.8153459310891034 solMass / solMass
112 6.611933304162264e+17 solMass / solMass
113 3.9089717951449283 solMass / solMass
115 38.95807202698939 solMass / solMass
117 2.767228004027291e+39 solMass / solMass
118 5.2790241304473555e+17 solMass / solMass
119 6.898997519727063 solMass / solMass
122 8.846764671068508 solMass / solMass
123 2.584404964350508e+39 solMass / solMass
124 72.85886805898268 solMass / solMass
127 1.7300495939395248 solMass / solMass
128 5.4963325471579685 solMass / solMass
129 5.283301760121335 solMass / solMass
130 6.780793189902457 solMass / solMass
134 3.0849088194171717e+39 solMass / solMass
137 11.767221739718323 solMass / solMass
138 32.107108013096735 solMass / solMass
140 2.8193057021486505e+39 solMass / solMass
141 1.1115499493169551e+18 solMass / solMass
142 3.2362683807473775 solMass / solMass
147 35.57851629296135 solMass / solMass
149 9.426457580078019e+17 solMass / solMass
151 1.8994858170141067 solMass / solMass
152 3.5707872361477655 solMass / solMass
153 2.3091130988460614e+39 solMass / solMass
154 28.14763528530774 solMass / solMass
IsSatellite
156 1.1485039259936654e+18 solMass / solMass
158 69.24680419854087 solMass / solMass
159 14.286321590964695 solMass / solMass
160 60.700538683668064 solMass / solMass
162 22.066990008964062 solMass / solMass
163 9.88964821212627 solMass / solMass
166 4.433658604475614 solMass / solMass
167 4.080450705371615e+39 solMass / solMass
170 6.763657908851246 solMass / solMass
171 11.247797184816434 solMass / solMass
172 8.699024051078647e+17 solMass / solMass
173 4.9079788527464645 solMass / solMass
174 3.546963359847994e+39 solMass / solMass
175 27.419916415985487 solMass / solMass
176 6.367951886508947 solMass / solMass
177 1.2015418393023012e+18 solMass / solMass
179 1.162672785950139e+18 solMass / solMass
181 18.571468192970922 solMass / solMass
182 4.432613535693787e+39 solMass / solMass
184 83.60693604517978 solMass / solMass
186 4.119753840477856 solMass / solMass
187 12.709979108425365 solMass / solMass
188 19.94905308227464 solMass / solMass
189 34.17776895655264 solMass / solMass
191 6.8090193278332265 solMass / solMass
192 3.3791355083435225e+39 solMass / solMass
193 105.6345701810896 solMass / solMass
194 4.917870104762939e+39 solMass / solMass
195 6.896863761082123 solMass / solMass
198 3.912343096393196e+39 solMass / solMass
199 9.275828198904026 solMass / solMass
200 7.63413095096874 solMass / solMass
203 22.655689680157124 solMass / solMass
205 48.289590477265776 solMass / solMass
208 14.124001812354905 solMass / solMass
209 18.671675431289174 solMass / solMass
211 8.50318698501267 solMass / solMass
212 16.688388847368987 solMass / solMass
213 3.9632840328394765e+39 solMass / solMass
214 3.568117481620982e+39 solMass / solMass
216 38.59297624885763 solMass / solMass
218 4.6145365988280714e+39 solMass / solMass
219 101.23744630928677 solMass / solMass
223 23.281784264532664 solMass / solMass
225 1.558115510774007e+18 solMass / solMass
226 3.3505599546961476e+39 solMass / solMass
232 27.090829030082002 solMass / solMass
233 16.181325063306858 solMass / solMass
234 11.740713428922506 solMass / solMass
235 7.056758223142689 solMass / solMass
236 73.40540217664551 solMass / solMass
237 4.04945688681463e+39 solMass / solMass
238 5.106209145538697e+39 solMass / solMass
240 14.087003993544393 solMass / solMass
242 25.705946856613078 solMass / solMass
243 17.21140554245121 solMass / solMass
244 4.257387196195941e+38 solMass / solMass
247 19.852209088420274 solMass / solMass
248 10.567449871583678 solMass / solMass
252 1.714211138066632e+18 solMass / solMass
253 11.23012099363327 solMass / solMass
257 32.646375668534375 solMass / solMass
258 1.444531260331369e+18 solMass / solMass
260 26.266418277944446 solMass / solMass
261 8.126976094763524 solMass / solMass
263 115.46472989730255 solMass / solMass
265 35.51880404747727 solMass / solMass
267 38.41637434504582 solMass / solMass
268 8.495276571468219 solMass / solMass
269 107.34793182480324 solMass / solMass
271 0.8976742415798707 solMass / solMass
272 3.214785310303521 solMass / solMass
274 5.645157040049513 solMass / solMass
275 2.289227265781535 solMass / solMass
277 8.33283847039562e+38 solMass / solMass
278 5.262481526238536 solMass / solMass
279 10.521887170709794 solMass / solMass
282 4.373546766412407e+38 solMass / solMass
283 1.9408752728347023e+18 solMass / solMass
284 0.0 solMass / solMass
285 34.440884732292425 solMass / solMass
286 69.57693975183638 solMass / solMass
288 18.300817266211403 solMass / solMass
291 2.077394533506816 solMass / solMass
294 2.783514579119892 solMass / solMass
295 4.917417309812631 solMass / solMass
296 8.596584877431237 solMass / solMass
301 333.0917532313747 solMass / solMass
302 5.3496028912795904e+39 solMass / solMass
303 17.86559835414941 solMass / solMass
305 35.57533877862576 solMass / solMass
306 2.2158449397532042e+18 solMass / solMass
307 67.36548333433562 solMass / solMass
308 131.5036925778126 solMass / solMass
309 2.653608272370644 solMass / solMass
310 2.679667394369299 solMass / solMass
311 4.247455676022509e+38 solMass / solMass
312 33.05329343772542 solMass / solMass
IsSatellite
IsSatellite
318 6.521047328193503 solMass / solMass
319 102.71244197629264 solMass / solMass
320 48.1690184115085 solMass / solMass
321 142.22348110956477 solMass / solMass
322 8.392146757976047 solMass / solMass
323 54.9141412405489 solMass / solMass
326 8.047043334346779e+39 solMass / solMass
327 82.36464975230197 solMass / solMass
328 24.953955693755205 solMass / solMass
329 8.291426204651803 solMass / solMass
331 19.91464596149495 solMass / solMass
333 2.436151250623002e+18 solMass / solMass
334 20.715886420989058 solMass / solMass
335 9.088471125248575e+39 solMass / solMass
336 10.065505674647982 solMass / solMass
337 213.6074907510562 solMass / solMass
338 7.918315981725637e+39 solMass / solMass
340 2.9640273757735716e+18 solMass / solMass
342 9.234500586620229 solMass / solMass
343 4.689279310669714e+39 solMass / solMass
344 6.2151271922636395 solMass / solMass
347 44.09717115542581 solMass / solMass
348 1.0350564633073469e+39 solMass / solMass
349 0.2320510360822235 solMass / solMass
351 5.943474526544834e+38 solMass / solMass
354 17.79102888623873 solMass / solMass
355 9.743772688987303 solMass / solMass
356 8.258544197885177e+39 solMass / solMass
IsSatellite
360 40.55478963494273 solMass / solMass
361 30.27458795785359 solMass / solMass
362 7.799683930622732e+39 solMass / solMass
363 0.8852673131451573 solMass / solMass
364 35.515626655339716 solMass / solMass
365 14.256486904310218 solMass / solMass
371 1.6269541124590988e+38 solMass / solMass
372 80.84395619875707 solMass / solMass
373 6.709657667047679e+39 solMass / solMass
376 114.08225241802086 solMass / solMass
379 7.87213674009442 solMass / solMass
380 13.726857222204611 solMass / solMass
381 10.526356711572614 solMass / solMass
383 3.6672348007833846e+18 solMass / solMass
386 12.148937738597802 solMass / solMass
IsSatellite
389 11.29479755629101 solMass / solMass
393 6.257191857249203e+39 solMass / solMass
396 109.21660967740175 solMass / solMass
397 118.50494181498316 solMass / solMass
IsSatellite
399 19.365272015771346 solMass / solMass
400 153.8349613767343 solMass / solMass
401 17.002518717202225 solMass / solMass
403 2.584414715819645e+18 solMass / solMass
404 4.0862250265299195e+18 solMass / solMass
405 154.9219265719611 solMass / solMass
406 9.819371903376355 solMass / solMass
408 76.58078514817704 solMass / solMass
411 4.305690606943697 solMass / solMass
413 3.630469030586158e+38 solMass / solMass
414 1.0450894344517483e+40 solMass / solMass
415 133.02717577997132 solMass / solMass
416 7.651139059021439 solMass / solMass
417 126.68833247579327 solMass / solMass
418 9.134772343468269 solMass / solMass
420 7.452767984563288 solMass / solMass
421 8.121618092262269 solMass / solMass
422 6.112108559845291e+39 solMass / solMass
423 22.383349532262258 solMass / solMass
424 2.7187970918411275 solMass / solMass
425 4.259960000163746e+18 solMass / solMass
426 61.7694863376478 solMass / solMass
427 128.61286198192866 solMass / solMass
428 26.20773371771225 solMass / solMass
429 36.31888830767835 solMass / solMass
430 9.439625081266641 solMass / solMass
432 12.930967174450695 solMass / solMass
433 5.955483696172321 solMass / solMass
435 37.47391076422492 solMass / solMass
436 23.546414021692318 solMass / solMass
437 14.022669694089021 solMass / solMass
438 10.08512559580336 solMass / solMass
439 6.543417086444444 solMass / solMass
440 19.7259202045364 solMass / solMass
441 2.356148620058409e+19 solMass / solMass
442 37.05330438923652 solMass / solMass
443 2.1541503231386048 solMass / solMass
444 42.725587405066506 solMass / solMass
445 15.900748558068956 solMass / solMass
446 16.64862007924177 solMass / solMass
447 9.727928658646973e+39 solMass / solMass
448 37.7724728941184 solMass / solMass
451 24.959448757910824 solMass / solMass
453 1590.4237654066233 solMass / solMass
455 26.960482918939075 solMass / solMass
457 4.014893632664919e+18 solMass / solMass
459 1.4787772366220103e+39 solMass / solMass
460 27.52267884792661 solMass / solMass
462 30.31112568838265 solMass / solMass
463 12.179091689317477 solMass / solMass
464 33.05294852113867 solMass / solMass
465 32.558856639312665 solMass / solMass
467 40.85989128477492 solMass / solMass
468 119.61340512820365 solMass / solMass
469 4.316810781093491e+18 solMass / solMass
470 27.170441676617095 solMass / solMass
471 109.71928591878321 solMass / solMass
472 41.144968038317955 solMass / solMass
473 208.56900363000898 solMass / solMass
474 3.3033700324347075 solMass / solMass
475 15.40309531239589 solMass / solMass
476 168.36192622597756 solMass / solMass
477 20.557959403804713 solMass / solMass
478 3.681433322685999e+18 solMass / solMass
479 37.68774068235573 solMass / solMass
480 96.05912714196764 solMass / solMass
483 126.99477089553827 solMass / solMass
485 17.241738053527758 solMass / solMass
486 4.919055883076097e+18 solMass / solMass
487 83.08928068076457 solMass / solMass
488 66.53992227079837 solMass / solMass
489 1.3067897173044403e+40 solMass / solMass
490 17.95073958759645 solMass / solMass
491 1.0345122587060087e+40 solMass / solMass
492 1.0468440480686377e+40 solMass / solMass
493 1.0339114421649949e+40 solMass / solMass
497 79.21372147468178 solMass / solMass
498 102.91149825697046 solMass / solMass
499 1.3364130275933813e+40 solMass / solMass
HaloMassEqualZero
502 47.245527229545566 solMass / solMass
503 12.866369500711157 solMass / solMass
504 22.564701373990246 solMass / solMass
506 5.005311241024381e+18 solMass / solMass
IsSatellite
508 76.22501758070874 solMass / solMass
510 1.6422708832902e+40 solMass / solMass
511 157.43612069048285 solMass / solMass
513 7.694357384642772e+38 solMass / solMass
IsSatellite
516 64.64275978588607 solMass / solMass
517 29.55532610374709 solMass / solMass
518 76.59094158505167 solMass / solMass
520 156.85180492347337 solMass / solMass
521 37.21612322023601 solMass / solMass
IsSatellite
524 1.0650817836902254e+39 solMass / solMass
525 22.66060126382099 solMass / solMass
527 223.4359373599657 solMass / solMass
532 3.570941887475815e+18 solMass / solMass
533 70.91638157959514 solMass / solMass
535 50.85085743929055 solMass / solMass
536 44.90021777470642 solMass / solMass
537 20.72390394153588 solMass / solMass
538 79.73216668551109 solMass / solMass
540 109.26884618426942 solMass / solMass
543 15.42172972618844 solMass / solMass
544 229.65890821791675 solMass / solMass
545 215.08388316933508 solMass / solMass
546 25.441105166907015 solMass / solMass
549 1.4510124575484885e+40 solMass / solMass
550 6.61238027391298e+18 solMass / solMass
551 37.542538191557945 solMass / solMass
552 79.71270683630904 solMass / solMass
555 19.927146368530575 solMass / solMass
556 1.1120446283487948e+39 solMass / solMass
557 9.76580806226632 solMass / solMass
558 7.822312807267858 solMass / solMass
559 1.5953696472640754e+40 solMass / solMass
563 1.0857568778819376e+39 solMass / solMass
566 1.2030825142043851e+39 solMass / solMass
567 126.58883342787138 solMass / solMass
574 19.234603720549423 solMass / solMass
577 8.065350761477257e+18 solMass / solMass
578 46.427859300151205 solMass / solMass
579 104.08001858510485 solMass / solMass
580 252.13886567727934 solMass / solMass
581 54.14093745620462 solMass / solMass
582 14.473625996879296 solMass / solMass
583 14.898153884416242 solMass / solMass
584 62.65238059436041 solMass / solMass
586 29.003157780962617 solMass / solMass
587 2.7111523848880606e+38 solMass / solMass
HaloMassEqualZero
590 200.97559437511663 solMass / solMass
591 21.12770035501729 solMass / solMass
592 4.702155917448729e+18 solMass / solMass
593 2618.656622646108 solMass / solMass
594 17.996060583156616 solMass / solMass
596 17.126504464949008 solMass / solMass
597 25.662287539714267 solMass / solMass
598 5.560512792450476e+18 solMass / solMass
599 226.63096084732015 solMass / solMass
601 144.21403926826068 solMass / solMass
602 161.352873616509 solMass / solMass
IsSatellite
606 33.945680531864284 solMass / solMass
608 12.562861733970095 solMass / solMass
609 53.9333316028323 solMass / solMass
610 49.083225081033916 solMass / solMass
611 6.317416824359039e+18 solMass / solMass
613 1.4176635473565138e+39 solMass / solMass
614 234.3488729894096 solMass / solMass
615 1.8712835292816235e+40 solMass / solMass
616 1.1235479882644337e+39 solMass / solMass
618 39.63296648840864 solMass / solMass
620 7.824058398849208e+18 solMass / solMass
622 1.0599150635446405e+40 solMass / solMass
623 49.62741938724277 solMass / solMass
625 44.52351313670883 solMass / solMass
628 2.0721196220896987e+40 solMass / solMass
631 1.8984398166059952e+40 solMass / solMass
633 442.6147667429797 solMass / solMass
634 8.546864085514361 solMass / solMass
636 23.962073692994124 solMass / solMass
637 6.686310139871695e+18 solMass / solMass
638 51.57354866082779 solMass / solMass
639 62.47846545213781 solMass / solMass
640 39.25943690550926 solMass / solMass
IsSatellite
642 131.57311183856822 solMass / solMass
643 97.05160324107821 solMass / solMass
644 2.0779011869951443e+40 solMass / solMass
647 626.5981241035255 solMass / solMass
648 228.09428680270233 solMass / solMass
650 46.09832805151598 solMass / solMass
651 192.49494951674572 solMass / solMass
IsSatellite
653 2.2224613102709736e+40 solMass / solMass
654 116.15846223154809 solMass / solMass
655 44.59961434671314 solMass / solMass
656 66.7380484106673 solMass / solMass
657 182.314111385544 solMass / solMass
658 40.70614063978519 solMass / solMass
659 215.7986283232649 solMass / solMass
660 6.120920623705465e+18 solMass / solMass
661 91.31015942495107 solMass / solMass
662 1.211470555904114e+40 solMass / solMass
663 375.3386556189824 solMass / solMass
664 1.1531679825089832e+40 solMass / solMass
665 43.68853326991601 solMass / solMass
667 11.764981000165218 solMass / solMass
IsSatellite
669 7.7712821967442895 solMass / solMass
671 424.91692621484174 solMass / solMass
672 22.60953902227148 solMass / solMass
673 38.93146228599714 solMass / solMass
675 454.0484051854586 solMass / solMass
676 221.0245625267775 solMass / solMass
677 206.55865356067443 solMass / solMass
679 1.1998320498310625e+19 solMass / solMass
680 75.36129382020394 solMass / solMass
681 2006.5935840587642 solMass / solMass
683 1.0077514246617016e+19 solMass / solMass
684 162.69050946537197 solMass / solMass
685 53.858607524889145 solMass / solMass
687 7.293986639000468 solMass / solMass
688 203.13857324816763 solMass / solMass
690 1.4780001297762064e+40 solMass / solMass
IsSatellite
692 31.976992542640478 solMass / solMass
693 103.59931100738842 solMass / solMass
695 327.96169350357866 solMass / solMass
697 116.31752350995994 solMass / solMass
698 174.6454885446702 solMass / solMass
702 125.09499571881476 solMass / solMass
703 182.65658618094636 solMass / solMass
706 191.99466753860014 solMass / solMass
707 37.88880133348938 solMass / solMass
708 4.701097331013494 solMass / solMass
709 66.68515891167469 solMass / solMass
711 2.220970453822069e+40 solMass / solMass
712 249.5082516600755 solMass / solMass
713 162.82716384386183 solMass / solMass
714 291.7503986828751 solMass / solMass
715 44.822188504995324 solMass / solMass
716 9.018732803480987 solMass / solMass
718 1.7073973425464385e+40 solMass / solMass
719 31.85778644622979 solMass / solMass
720 1.966925199552815 solMass / solMass
721 207.21225382053495 solMass / solMass
722 17.004843685391943 solMass / solMass
723 58.46968171977222 solMass / solMass
724 2.1148218955778862e+40 solMass / solMass
HaloMassEqualZero
726 51.99399002713339 solMass / solMass
727 443.482563970901 solMass / solMass
729 2.402418977655389 solMass / solMass
730 41.357533962518296 solMass / solMass
731 7.616286508353945e+38 solMass / solMass
735 227.6831987896245 solMass / solMass
736 3.0773544917887415e+40 solMass / solMass
737 358.5618867440402 solMass / solMass
738 4.813942182562285e+38 solMass / solMass
741 51.498525700501396 solMass / solMass
742 114.9122117714973 solMass / solMass
744 27.576559362537598 solMass / solMass
745 112.99084013233632 solMass / solMass
746 9.069838874914177 solMass / solMass
747 3.700621071801633e+39 solMass / solMass
748 68.32035745251883 solMass / solMass
749 4.941540939392351e+18 solMass / solMass
750 3.6330160356925227e+40 solMass / solMass
751 118.51955061697453 solMass / solMass
752 663.1280505748426 solMass / solMass
753 17.741402139582522 solMass / solMass
755 67.66505141865692 solMass / solMass
757 1.3733006431999765e+39 solMass / solMass
758 146.57529391400317 solMass / solMass
759 161.20554805416805 solMass / solMass
760 6.102068827035384 solMass / solMass
762 11.971654558258118 solMass / solMass
763 41.68833964869454 solMass / solMass
766 375.92844287524736 solMass / solMass
767 141.84430591268827 solMass / solMass
768 114.68231056275431 solMass / solMass
769 38.35436628675861 solMass / solMass
771 9.887516405805855e+18 solMass / solMass
773 29.316023039747407 solMass / solMass
774 184.13393809166126 solMass / solMass
775 33.47739905243816 solMass / solMass
776 77.64291012270931 solMass / solMass
777 27.095899683199903 solMass / solMass
HaloMassEqualZero
779 8.443397707848294e+18 solMass / solMass
780 23.532991211797814 solMass / solMass
781 112.64571539529342 solMass / solMass
782 1.0481602761645086e+39 solMass / solMass
783 62.005126782665705 solMass / solMass
784 3.7247696861075403 solMass / solMass
785 6.563153031364398e+18 solMass / solMass
786 2.309733213123288e+40 solMass / solMass
788 54.930706957341215 solMass / solMass
IsSatellite
790 64.35899200226115 solMass / solMass
792 64.49558334518883 solMass / solMass
793 64.1325296932812 solMass / solMass
794 77.2174883408802 solMass / solMass
795 3.300658003518328e+40 solMass / solMass
796 147.42404516773627 solMass / solMass
797 3.1142053510786216e+40 solMass / solMass
798 0.0 solMass / solMass
799 8.966294799619644e+18 solMass / solMass
800 2.230263167588335e+40 solMass / solMass
801 18.91112316610578 solMass / solMass
802 106.97347833095193 solMass / solMass
803 62.39169286949192 solMass / solMass
805 178.66818413720142 solMass / solMass
806 77.4828179711611 solMass / solMass
807 314.9968922398118 solMass / solMass
HaloMassEqualZero
HaloMassEqualZero
810 817.0676428140232 solMass / solMass
811 51.87861750040441 solMass / solMass
813 77.79118651159604 solMass / solMass
814 123.45525210357707 solMass / solMass
816 23.960107306899868 solMass / solMass
817 459.46621649315347 solMass / solMass
818 70.99985749454056 solMass / solMass
819 7.761215123567148e+18 solMass / solMass
820 60.80970243121168 solMass / solMass
821 48.72716908685572 solMass / solMass
822 21.614985085981996 solMass / solMass
HaloMassEqualZero
826 36.97151891171502 solMass / solMass
828 12.291191328229615 solMass / solMass
829 26.44074258045637 solMass / solMass
830 659.7812399323687 solMass / solMass
831 42.41763624083794 solMass / solMass
832 30.802474965705 solMass / solMass
833 114.24829638262683 solMass / solMass
834 29.58006068729547 solMass / solMass
837 39.5214208695031 solMass / solMass
839 9.008801300247677 solMass / solMass
HaloMassEqualZero
841 42.036794639065 solMass / solMass
842 638.1879959668338 solMass / solMass
843 173.73792666040953 solMass / solMass
844 7.007148941896941e+18 solMass / solMass
845 1842.748881500202 solMass / solMass
846 3.6377572274062e+39 solMass / solMass
847 9.7870968206754 solMass / solMass
848 62.32561746083684 solMass / solMass
849 6.2120559351367955e+38 solMass / solMass
850 84.70246695490007 solMass / solMass
851 23.2617994770617 solMass / solMass
853 1.0299992621875448e+19 solMass / solMass
855 33.403247764678255 solMass / solMass
856 148.67840190458955 solMass / solMass
IsSatellite
859 72.18126554639211 solMass / solMass
862 1.6559933654291787e+40 solMass / solMass
863 232.0647104035494 solMass / solMass
865 134.1663999312225 solMass / solMass
