yt : [INFO     ] 2017-07-26 17:17:24,289 Parameters: current_time              = 2.442094332e+16
yt : [INFO     ] 2017-07-26 17:17:24,289 Parameters: domain_dimensions         = [2 2 2]
yt : [INFO     ] 2017-07-26 17:17:24,290 Parameters: domain_left_edge          = [ 0.  0.  0.]
yt : [INFO     ] 2017-07-26 17:17:24,290 Parameters: domain_right_edge         = [  1.66901647e+25   1.66901647e+25   1.66901647e+25]
yt : [INFO     ] 2017-07-26 17:17:24,291 Parameters: cosmological_simulation   = 1
yt : [INFO     ] 2017-07-26 17:17:24,291 Parameters: current_redshift          = 6.99999981444
yt : [INFO     ] 2017-07-26 17:17:24,291 Parameters: omega_lambda              = 0.712
yt : [INFO     ] 2017-07-26 17:17:24,291 Parameters: omega_matter              = 0.288
yt : [INFO     ] 2017-07-26 17:17:24,291 Parameters: hubble_constant           = 0.6933
yt : [INFO     ] 2017-07-26 17:17:24,372 Parameters: current_time              = 102.74801136229
yt : [INFO     ] 2017-07-26 17:17:24,372 Parameters: domain_dimensions         = [128 128 128]
yt : [INFO     ] 2017-07-26 17:17:24,372 Parameters: domain_left_edge          = [ 0.  0.  0.]
yt : [INFO     ] 2017-07-26 17:17:24,373 Parameters: domain_right_edge         = [ 1.  1.  1.]
yt : [INFO     ] 2017-07-26 17:17:24,373 Parameters: cosmological_simulation   = 1
yt : [INFO     ] 2017-07-26 17:17:24,373 Parameters: current_redshift          = 6.9999998144358
yt : [INFO     ] 2017-07-26 17:17:24,373 Parameters: omega_lambda              = 0.712
yt : [INFO     ] 2017-07-26 17:17:24,373 Parameters: omega_matter              = 0.288
yt : [INFO     ] 2017-07-26 17:17:24,373 Parameters: hubble_constant           = 0.6933
yt : [INFO     ] 2017-07-26 17:17:24,376 Allocating for 3.540e+03 particles (index particle type 'all')
yt : [INFO     ] 2017-07-26 17:17:24,381 Identified 1.305e+03 octs
StelMassEqualZero
StelMassEqualZero
StelMassEqualZero
Parsing Hierarchy :   0%|          | 0/17983 [00:00<?, ?it/s]Parsing Hierarchy :   9%|▊         | 1560/17983 [00:00<00:01, 15599.98it/s]Parsing Hierarchy :  21%|██        | 3765/17983 [00:00<00:00, 17533.08it/s]Parsing Hierarchy :  33%|███▎      | 5923/17983 [00:00<00:00, 18745.85it/s]Parsing Hierarchy :  41%|████      | 7416/17983 [00:00<00:00, 16800.10it/s]Parsing Hierarchy :  53%|█████▎    | 9587/17983 [00:00<00:00, 18272.36it/s]Parsing Hierarchy :  65%|██████▌   | 11744/17983 [00:00<00:00, 19261.44it/s]Parsing Hierarchy :  77%|███████▋  | 13920/17983 [00:00<00:00, 20008.45it/s]Parsing Hierarchy :  89%|████████▉ | 16087/17983 [00:00<00:00, 20506.10it/s]Parsing Hierarchy : 100%|██████████| 17983/17983 [00:00<00:00, 18443.16it/s]
yt : [INFO     ] 2017-07-26 17:17:28,722 Gathering a field list (this may take a moment.)
break at:  0.886279951295
7 8.810772837948246 kpc 0.8862799512953303 kpc 0.5399834536835136
StelMassEqualZero
break at:  1.06048307479
10 8.026144025845133 kpc 1.060483074791287 kpc 0.6352518141591998
StelMassEqualZero
StelMassEqualZero
break at:  0.822171938072
22 6.0838313534076205 kpc 0.8221719380717023 kpc 0.532614534283311
break at:  1.42284201283
23 6.293966416347545 kpc 1.422842012828215 kpc 0.7992714665123271
StelMassEqualZero
break at:  0.52080313837
25 5.583311804483197 kpc 0.5208031383699323 kpc 0.6149795902054612
break at:  2.09552519665
26 5.2201232050886395 kpc 2.095525196648705 kpc 0.5465730346496362
break at:  0.707631644789
27 5.550616076257482 kpc 0.7076316447887911 kpc 0.5154884258591428
StelMassEqualZero
break at:  1.05282930528
30 5.4145641786283125 kpc 1.052829305281439 kpc 0.6199808262454858
break at:  0.416319016238
32 5.315505230019686 kpc 0.4163190162382474 kpc 0.5132956136553869
StelMassEqualZero
StelMassEqualZero
break at:  1.69921509176
40 3.974869398023928 kpc 1.6992150917603632 kpc 0.5916964620339985
break at:  2.24904644175
42 5.022283710061383 kpc 2.2490464417495817 kpc 0.8420378346074145
StelMassEqualZero
break at:  0.359611238775
47 4.65050128029529 kpc 0.3596112387746783 kpc 0.5749808524455602
break at:  0.794342781503
48 4.6929220634741045 kpc 0.7943427815025812 kpc 0.5693103025707383
break at:  0.481055707657
49 4.600989253641202 kpc 0.48105570765721595 kpc 0.5354211977999309
break at:  0.7193831238
51 4.688916279348228 kpc 0.7193831237995093 kpc 0.5713965615311154
break at:  0.589389677421
53 4.668802164670299 kpc 0.5893896774211235 kpc 0.5130152313475573
break at:  0.639130510208
54 4.503794331392363 kpc 0.6391305102081121 kpc 0.5152994609578091
break at:  1.72759387431
55 4.614723394050797 kpc 1.7275938743115484 kpc 0.8842224381835927
break at:  0.796256780772
57 4.713943900459871 kpc 0.7962567807723907 kpc 0.5110602595157764
break at:  0.92989646453
61 4.386601965589002 kpc 0.929896464529547 kpc 0.7071573456775153
break at:  0.916044218063
67 4.276374182822078 kpc 0.9160442180628112 kpc 0.5615916786855313
break at:  0.312085067422
68 4.040054415725737 kpc 0.31208506742160164 kpc 0.5013558498869168
break at:  0.373468570278
70 3.927681900855233 kpc 0.37346857027754743 kpc 0.5234026826775503
break at:  0.996028943393
72 4.189786883716093 kpc 0.9960289433930999 kpc 0.6718141990030553
break at:  0.279394509232
73 3.81983993333229 kpc 0.27939450923188963 kpc 0.5294466056500371
break at:  0.338444793058
75 3.8767117513122678 kpc 0.33844479305838826 kpc 0.5365985028565354
break at:  0.451503818584
78 3.94218707780433 kpc 0.4515038185839303 kpc 0.5149617887611029
break at:  1.78137990014
80 4.226525679924144 kpc 1.7813799001404391 kpc 0.7539482015587538
break at:  1.94480502067
82 4.18301330144416 kpc 1.9448050206675964 kpc 0.9380407348028172
break at:  0.58612752445
84 3.770551441336143 kpc 0.5861275244497742 kpc 0.5929065830065341
break at:  0.717420067086
85 3.8841293143309383 kpc 0.7174200670863453 kpc 0.5033336949917514
break at:  1.19877521864
86 4.1505594116909394 kpc 1.1987752186372944 kpc 0.5111511859619349
break at:  0.303779736238
87 3.7009745805158505 kpc 0.30377973623767335 kpc 0.5347825177522473
break at:  0.482745791292
88 3.7028035180917116 kpc 0.48274579129192247 kpc 0.6001186082337236
break at:  0.227073143862
89 3.4944997663840303 kpc 0.22707314386208075 kpc 0.5095260091106362
break at:  1.41262404415
90 3.997815578743473 kpc 1.41262404414736 kpc 0.714549291858896
break at:  0.33303688463
92 3.6938308658526258 kpc 0.33303688463045805 kpc 0.5459623385126966
break at:  0.274395621905
93 3.5829962815603116 kpc 0.2743956219054661 kpc 0.5596442453309497
break at:  0.432207395274
94 3.5440490332895425 kpc 0.4322073952735502 kpc 0.5596990864120639
break at:  0.530594962566
95 3.7180917179790987 kpc 0.530594962565987 kpc 0.5988962289704529
break at:  2.06472792864
99 3.5803773564682353 kpc 2.064727928641746 kpc 0.6138054190275651
break at:  0.480969996074
100 3.6716299752526953 kpc 0.4809699960737861 kpc 0.7515849757587624
break at:  0.693156581431
102 3.643711118824569 kpc 0.6931565814310556 kpc 0.5567126381380224
break at:  0.270461738633
103 3.4041728107476237 kpc 0.27046173863318734 kpc 0.5518576543123873
break at:  0.188917994688
104 3.4612829864041212 kpc 0.1889179946878512 kpc 0.5607524441103008
break at:  0.120040486987
105 3.522825231700493 kpc 0.12004048698743157 kpc 0.5592934650862389
break at:  3.3675675374
106 3.6941017118694797 kpc 3.3675675373953373 kpc 0.9101934041974878
break at:  0.74619609809
108 3.526389434659915 kpc 0.7461960980898145 kpc 0.5605296582319196
break at:  0.838637687468
109 3.6818059660719 kpc 0.8386376874675193 kpc 0.63296385879821
break at:  0.269899564251
110 3.379152105893049 kpc 0.2698995642511064 kpc 0.508524983691274
break at:  0.396594147111
112 3.5950123088671986 kpc 0.3965941471107817 kpc 0.5477028271939263
break at:  0.225871609008
113 3.415076717111239 kpc 0.22587160900784164 kpc 0.512497248935764
break at:  0.979823858798
115 3.517150045218063 kpc 0.97982385879801 kpc 1.0003440628360307
break at:  0.18621742775
117 3.194470960636102 kpc 0.18621742774989364 kpc 0.509364930586425
break at:  1.66633788061
118 3.8751809572983884 kpc 1.6663378806120506 kpc 0.8775347790493455
break at:  0.245121092249
119 3.3005374454772904 kpc 0.2451210922490821 kpc 0.5320979057646612
break at:  0.419966780689
122 3.304352831427071 kpc 0.41996678068903254 kpc 0.5693455969831119
break at:  0.319716153252
123 3.2680879602455613 kpc 0.31971615325230374 kpc 0.5637879397870265
break at:  0.186529200167
124 3.2243829281682137 kpc 0.18652920016657765 kpc 0.5042366292110497
break at:  0.660125400239
127 3.327847341406283 kpc 0.6601254002388626 kpc 0.6551998691590838
break at:  0.353473482568
128 3.3695001451713367 kpc 0.3534734825681363 kpc 0.522936688641447
break at:  0.459097143627
129 3.2997953198241983 kpc 0.45909714362742854 kpc 0.6494477400814898
break at:  0.26450803906
130 3.145848709246497 kpc 0.2645080390602386 kpc 0.5418820027718065
break at:  0.287111921152
134 3.080821112779765 kpc 0.28711192115240586 kpc 0.5627646071781842
break at:  0.409954288502
137 3.115606635550056 kpc 0.40995428850197746 kpc 0.8073322651237785
break at:  0.438178882374
138 2.9649945495635546 kpc 0.4381788823740457 kpc 0.5031411023909869
break at:  0.643587531794
140 3.1746793661658463 kpc 0.6435875317937093 kpc 0.8029550082271263
break at:  0.441922633349
141 3.023432023129965 kpc 0.4419226333485288 kpc 0.5601907067067055
break at:  0.495469319592
142 3.2053072251962647 kpc 0.49546931959153306 kpc 0.5508038718461502
break at:  0.285158600057
147 3.013221380354985 kpc 0.2851586000567828 kpc 0.536265994813111
break at:  0.540621745769
149 3.1941871917859856 kpc 0.5406217457690639 kpc 0.5317144117898498
break at:  0.263490524054
151 3.103152980954384 kpc 0.2634905240535548 kpc 0.5491899692470228
break at:  0.24105413799
152 3.0920528275830046 kpc 0.24105413798957614 kpc 0.508210751419757
break at:  1.50447070848
153 3.3931171759240675 kpc 1.5044707084813764 kpc 0.6442201513240703
break at:  1.81212320266
154 3.415201127461864 kpc 1.8121232026619603 kpc 0.6444705126307482
StelMassEqualZero
break at:  0.338658553575
156 2.990650815680906 kpc 0.3386585535753308 kpc 0.5458229695173602
break at:  0.198248751039
158 2.811259864097847 kpc 0.19824875103930664 kpc 0.5435433093967867
break at:  0.257759816444
159 2.8704160447508675 kpc 0.25775981644373164 kpc 0.5227413943447805
break at:  0.570240139916
160 2.9806616504639214 kpc 0.5702401399156842 kpc 0.6071647288026296
break at:  0.218785419002
162 2.9744930482494736 kpc 0.21878541900231133 kpc 0.5537869543546409
break at:  0.616796869941
163 2.933640351980525 kpc 0.6167968699412061 kpc 0.7263948034283237
break at:  0.839161733954
166 3.171386816279506 kpc 0.8391617339538711 kpc 0.8426862526341248
break at:  0.303896683274
167 2.8065829378271454 kpc 0.30389668327407543 kpc 0.6255857262806036
break at:  0.129687828078
170 2.9355522963739356 kpc 0.12968782807814425 kpc 0.5315113825602948
break at:  0.342399011391
171 3.083577209635709 kpc 0.3423990113912365 kpc 0.8770995587203096
break at:  1.12080231139
172 3.280849880958942 kpc 1.1208023113874377 kpc 1.0003440628360307
break at:  1.55982374481
173 3.1693192307322935 kpc 1.559823744813298 kpc 0.6738211088211536
break at:  0.335859721155
174 2.9223056844803557 kpc 0.33585972115541446 kpc 0.8029351780098469
StelMassEqualZero
break at:  0.742833855853
176 2.9972942878033244 kpc 0.7428338558529893 kpc 0.7263074613608013
break at:  0.308847017911
177 2.9459830042947237 kpc 0.3088470179109454 kpc 0.6100533843298491
break at:  0.368909212128
179 2.9784526523644033 kpc 0.36890921212784583 kpc 0.5636982102785247
break at:  0.445737413453
181 3.0836408585394204 kpc 0.44573741345304585 kpc 0.604449678689258
break at:  0.545142106599
182 2.7301969035808202 kpc 0.545142106599199 kpc 0.7412765791364122
break at:  0.128942673414
184 2.723683968189472 kpc 0.1289426734138554 kpc 0.5157944306068643
break at:  0.1
186 2.9059597026917743 kpc 0.1 kpc 0.6906961808129339
break at:  0.166273737284
187 2.7249201449521063 kpc 0.16627373728403916 kpc 0.5030642022947243
break at:  0.179612527483
188 2.612271637064175 kpc 0.17961252748337578 kpc 0.547768908018085
break at:  0.181738109382
189 2.7892336073872865 kpc 0.181738109382185 kpc 0.5299476021111754
break at:  0.370283025652
191 3.0073771096297284 kpc 0.3702830256519893 kpc 0.5300692287721233
break at:  0.963058086311
192 2.9886752233738867 kpc 0.9630580863112587 kpc 0.5937159923566884
break at:  0.276265526815
193 2.718389984312617 kpc 0.27626552681469774 kpc 0.5191248680899907
break at:  0.212484585003
194 2.6207093555889727 kpc 0.21248458500321762 kpc 0.5308901278242155
break at:  0.25051137995
195 2.5943264796069463 kpc 0.25051137994993705 kpc 0.5307691514262596
break at:  0.235987664879
198 2.846218789394502 kpc 0.2359876648786424 kpc 0.5698051219614108
break at:  0.181395098889
199 2.7600298006446566 kpc 0.18139509888925912 kpc 0.5859904879481774
break at:  0.704580389369
200 2.7402821552320864 kpc 0.7045803893689008 kpc 0.6619923945247654
break at:  0.214727278635
203 2.742697771370804 kpc 0.21472727863506236 kpc 0.540055296810954
break at:  0.153184596852
205 2.7840547005762533 kpc 0.15318459685192368 kpc 0.6298621131922341
break at:  0.198428424286
208 2.8237024648157223 kpc 0.1984284242861675 kpc 0.553471543568752
break at:  0.179940462245
209 2.6389554754535727 kpc 0.17994046224491067 kpc 0.5554047630557664
break at:  0.277242600337
211 2.749760579168568 kpc 0.2772426003366951 kpc 0.5533382909484994
break at:  0.652079765519
212 2.7767264778483516 kpc 0.6520797655185862 kpc 0.5745931063386128
StelMassEqualZero
break at:  0.868992274916
214 2.9165191241086754 kpc 0.8689922749159374 kpc 0.862105575560788
break at:  0.253681076577
216 2.7125951621751363 kpc 0.25368107657717337 kpc 0.8090299481933251
break at:  0.419085383141
218 2.676918682248895 kpc 0.41908538314102933 kpc 0.57938253206803
break at:  0.1
219 2.6097527418942326 kpc 0.1 kpc 1.0003440628360307
StelMassEqualZero
break at:  0.642058890471
225 2.7015311907580464 kpc 0.6420588904714503 kpc 0.7840534546553498
break at:  0.884316593674
226 2.997147578739611 kpc 0.8843165936742124 kpc 0.6788048997815921
StelMassEqualZero
break at:  1.79755078279
233 3.039520083745033 kpc 1.797550782785181 kpc 1.0003440628360307
break at:  0.275471952345
234 2.6930939714287865 kpc 0.2754719523446828 kpc 0.558240634640301
break at:  0.248869635551
235 2.534547382288703 kpc 0.24886963555062627 kpc 0.5321039702638984
break at:  0.389861922027
236 2.267874088077016 kpc 0.38986192202745246 kpc 0.5964732144662659
StelMassEqualZero
break at:  0.804924874681
238 2.5880838570518234 kpc 0.8049248746810604 kpc 1.0003440628360307
break at:  0.117816959098
240 2.4465397711597614 kpc 0.11781695909841176 kpc 0.5041451232223949
StelMassEqualZero
break at:  0.138995314178
243 2.4788574648026307 kpc 0.13899531417798183 kpc 0.5086495234759477
break at:  0.32346390399
244 2.631655766577682 kpc 0.3234639039897831 kpc 0.5648116151214154
break at:  0.249210620138
247 2.5468810537004334 kpc 0.2492106201384889 kpc 0.7760634285942715
StelMassEqualZero
break at:  0.579995388338
252 2.616907863459294 kpc 0.5799953883380377 kpc 0.8046039252791206
break at:  0.164510694641
253 2.542505406272736 kpc 0.1645106946414559 kpc 0.6002064377001665
break at:  0.617165742453
257 2.518644355040686 kpc 0.6171657424526596 kpc 0.6872952094264397
break at:  1.08564922472
258 2.770559968472169 kpc 1.0856492247172573 kpc 0.7198737648439999
break at:  0.139699603449
260 2.604071712695644 kpc 0.1396996034491354 kpc 0.6209032114204479
StelMassEqualZero
break at:  0.208173760988
263 2.397982172990114 kpc 0.20817376098817483 kpc 0.5060726316937775
break at:  0.151538614052
265 2.5590679950971715 kpc 0.15153861405189809 kpc 1.0003440628360307
break at:  0.284136828697
267 2.293942811982223 kpc 0.28413682869651347 kpc 0.5259091322210293
break at:  0.248156945756
268 2.5089074110067795 kpc 0.2481569457564103 kpc 0.5901040557694782
break at:  0.177687393269
269 2.460050397825356 kpc 0.17768739326927155 kpc 0.5643092844911554
StelMassEqualZero
break at:  1.39709830982
272 2.75911251053726 kpc 1.397098309818249 kpc 1.0003440628360305
StelMassEqualZero
StelMassEqualZero
break at:  0.255317605031
277 2.1038388774897268 kpc 0.25531760503092166 kpc 0.546653513148453
break at:  0.291220318463
278 2.4698183749589764 kpc 0.2912203184629332 kpc 0.5852252463085847
StelMassEqualZero
break at:  0.53250563529
282 2.608147843145977 kpc 0.5325056352898154 kpc 0.8955915911752848
break at:  0.318050538049
283 2.5107915634793447 kpc 0.31805053804862116 kpc 0.5887482453760883
StelMassEqualZero
break at:  0.313832112956
285 2.419117646297584 kpc 0.31383211295634417 kpc 0.5835340366543511
StelMassEqualZero
StelMassEqualZero
break at:  0.149232670874
291 2.2705889080191644 kpc 0.14923267087423936 kpc 0.5793387803562662
break at:  1.63553388297
294 2.718472334964478 kpc 1.63553388297193 kpc 1.0003440628360305
break at:  0.117712322972
295 2.404515830448464 kpc 0.11771232297167655 kpc 0.5549586421067714
break at:  0.127655054688
296 2.390530053987592 kpc 0.12765505468822114 kpc 0.5572403740634055
break at:  0.220766099941
301 2.194503628601362 kpc 0.22076609994132426 kpc 0.5562433914791404
break at:  0.623455576505
302 2.564327034233148 kpc 0.6234555765046731 kpc 0.6567760215731757
StelMassEqualZero
break at:  0.735629161449
305 2.560476372500316 kpc 0.7356291614488134 kpc 0.6527153086252383
break at:  0.313047902551
306 2.4023157080846644 kpc 0.31304790255085974 kpc 0.5911124007661328
break at:  0.241103292393
307 2.2650816581840236 kpc 0.241103292393023 kpc 0.5686502748433423
break at:  0.208033289529
308 2.3909782443482515 kpc 0.20803328952902309 kpc 0.540171090044825
break at:  0.400744323099
309 2.415731669294624 kpc 0.40074432309936764 kpc 0.6700630777583555
break at:  0.1
310 2.4068093443123897 kpc 0.1 kpc 0.925785004086459
StelMassEqualZero
break at:  0.13745823169
312 2.2241539198603406 kpc 0.13745823168970858 kpc 0.5587955797175199
StelMassEqualZero
StelMassEqualZero
break at:  0.276802618994
318 2.1208530825907035 kpc 0.27680261899434205 kpc 0.6115370219776283
break at:  0.669022705675
319 2.1945293482366686 kpc 0.6690227056748954 kpc 0.6060162999245209
break at:  0.14978878565
320 2.337429600097282 kpc 0.1497887856499794 kpc 0.5505921549450742
break at:  0.116555217824
321 1.9832092830783865 kpc 0.1165552178239295 kpc 0.5510684920399461
break at:  0.98740989933
322 2.4276882386969088 kpc 0.9874098993296937 kpc 0.5176294459275413
break at:  1.6569689561
323 2.7606280345195366 kpc 1.6569689560955654 kpc 0.8630990115305787
break at:  0.625282512235
326 2.238043271687864 kpc 0.6252825122353132 kpc 1.0003440628360307
break at:  0.137887701687
327 2.2928410320661006 kpc 0.1378877016868447 kpc 0.518158983851158
StelMassEqualZero
StelMassEqualZero
break at:  0.30617204753
331 2.258193448699886 kpc 0.30617204753010746 kpc 0.603003104920956
StelMassEqualZero
StelMassEqualZero
break at:  0.482175666968
335 2.1490687808302797 kpc 0.4821756669677785 kpc 0.8753010549815269
break at:  1.23245815219
336 2.61820613633389 kpc 1.2324581521875366 kpc 1.0003440628360307
StelMassEqualZero
break at:  0.17486508347
338 2.2501060277933833 kpc 0.17486508346986507 kpc 0.5595859708046494
StelMassEqualZero
StelMassEqualZero
StelMassEqualZero
break at:  0.190946495816
344 2.3412322737504327 kpc 0.19094649581602768 kpc 0.5590157998201004
StelMassEqualZero
StelMassEqualZero
StelMassEqualZero
StelMassEqualZero
StelMassEqualZero
StelMassEqualZero
StelMassEqualZero
StelMassEqualZero
break at:  0.403336670664
360 2.451731910749822 kpc 0.40333667066434864 kpc 0.605801913729886
break at:  0.279519500937
361 2.1839180448058078 kpc 0.27951950093682665 kpc 1.0003440628360307
StelMassEqualZero
StelMassEqualZero
break at:  0.161235134289
364 2.2309402745949543 kpc 0.16123513428934497 kpc 0.5464568070384909
break at:  0.205715560256
365 2.277670790140866 kpc 0.2057155602559779 kpc 0.5082004418381548
break at:  0.569099867849
371 2.181439752202077 kpc 0.5690998678494269 kpc 0.5835340366543516
break at:  0.602889069672
372 2.4162848800007066 kpc 0.6028890696723461 kpc 0.6149722255347984
break at:  0.191554972474
373 2.3778281911037262 kpc 0.19155497247381567 kpc 0.5696403691150796
StelMassEqualZero
break at:  0.222701366164
379 2.270488135272414 kpc 0.22270136616371497 kpc 0.7498885128465209
break at:  0.218725805769
380 2.1164601608095257 kpc 0.21872580576936937 kpc 0.6771148739888941
StelMassEqualZero
StelMassEqualZero
break at:  0.22240065089
386 2.2585546852296696 kpc 0.2224006508901267 kpc 0.7415825456797625
StelMassEqualZero
break at:  0.1
389 2.0548216563982464 kpc 0.1 kpc 0.6108322728995664
break at:  1.61643511736
393 2.4338142825795295 kpc 1.6164351173604226 kpc 1.0003440628360307
break at:  0.382716491329
396 2.1736460014155234 kpc 0.3827164913289065 kpc 0.5284726670814129
break at:  0.438548350055
397 2.0788605439847267 kpc 0.43854835005454046 kpc 0.9178836648102563
StelMassEqualZero
break at:  0.173748626853
399 2.1712250308805103 kpc 0.17374862685256395 kpc 0.6818845519632029
break at:  0.145582988262
400 1.8718149447842571 kpc 0.14558298826184143 kpc 0.5174193428460246
StelMassEqualZero
break at:  0.583783734578
403 2.2822110368560673 kpc 0.5837837345779854 kpc 1.0003440628360305
break at:  0.314005197835
404 1.959006047208981 kpc 0.31400519783536784 kpc 0.510913525686822
StelMassEqualZero
StelMassEqualZero
StelMassEqualZero
StelMassEqualZero
StelMassEqualZero
break at:  0.295790980659
414 2.0513012286490357 kpc 0.2957909806585034 kpc 0.5759556725419571
StelMassEqualZero
break at:  0.202736176167
416 2.13813646747874 kpc 0.20273617616675202 kpc 0.7502580471270229
StelMassEqualZero
StelMassEqualZero
StelMassEqualZero
break at:  0.784834518037
421 2.198705908297928 kpc 0.7848345180374992 kpc 1.0003440628360305
StelMassEqualZero
break at:  0.447580144851
423 2.1676940401131075 kpc 0.44758014485072545 kpc 0.5716251787656036
break at:  0.2205961994
424 2.187924344838633 kpc 0.2205961994002209 kpc 0.5533988092639253
break at:  0.2894968936
425 1.9320040359559345 kpc 0.28949689360027064 kpc 0.5174193428458672
StelMassEqualZero
break at:  0.199488910343
427 1.99364556907507 kpc 0.1994889103431555 kpc 0.5456422160920752
StelMassEqualZero
StelMassEqualZero
break at:  0.344611882648
430 2.0405276331899844 kpc 0.3446118826484143 kpc 0.5490221405223589
break at:  0.187516547477
432 2.1432263569555667 kpc 0.18751654747735422 kpc 0.5245619077681867
StelMassEqualZero
break at:  0.230291038684
435 1.925026769422854 kpc 0.23029103868427306 kpc 0.6202415394683077
StelMassEqualZero
StelMassEqualZero
break at:  0.437444568565
438 2.068134827096031 kpc 0.4374445685650774 kpc 0.8574979858676111
break at:  0.375720740588
439 2.083571126633359 kpc 0.3757207405879046 kpc 1.0003440628360307
StelMassEqualZero
StelMassEqualZero
break at:  0.223623296932
442 1.7345898460273586 kpc 0.22362329693174468 kpc 1.0003440628360305
StelMassEqualZero
StelMassEqualZero
StelMassEqualZero
StelMassEqualZero
StelMassEqualZero
StelMassEqualZero
StelMassEqualZero
break at:  0.243111935603
453 1.7941981872495048 kpc 0.2431119356025506 kpc 0.7621669050179066
break at:  0.156100229612
455 1.807686115089499 kpc 0.1561002296116254 kpc 0.6668960418906872
break at:  0.395822845184
457 1.970539697739109 kpc 0.39582284518365807 kpc 0.5134012544578705
break at:  0.401874835593
459 1.7377043107998145 kpc 0.4018748355930923 kpc 0.5237487814296569
StelMassEqualZero
break at:  0.169054351546
462 1.8639426460519002 kpc 0.16905435154615173 kpc 0.5031503095615073
break at:  0.402826427204
463 2.046863592751683 kpc 0.4028264272037279 kpc 1.0003440628360307
break at:  0.214671019429
464 1.9675072113598808 kpc 0.21467101942913347 kpc 0.6790140029441311
break at:  0.802162034192
465 2.2719206286639415 kpc 0.8021620341917967 kpc 0.6668960418906715
StelMassEqualZero
StelMassEqualZero
break at:  0.213429061783
469 1.923485273002224 kpc 0.21342906178335752 kpc 0.5443528353793703
StelMassEqualZero
StelMassEqualZero
StelMassEqualZero
break at:  0.216254914238
473 2.0247310481963297 kpc 0.2162549142380024 kpc 0.7025528872733634
StelMassEqualZero
StelMassEqualZero
StelMassEqualZero
break at:  0.135882436135
477 1.9876614416824447 kpc 0.13588243613483905 kpc 1.0003440628360307
break at:  0.343764924227
478 2.0283250614398773 kpc 0.3437649242270159 kpc 0.5242309392357023
break at:  0.313001766957
479 1.9427711785924011 kpc 0.31300176695664994 kpc 0.5267452336932272
StelMassEqualZero
StelMassEqualZero
break at:  0.18056040802
485 1.7825216829211248 kpc 0.18056040802040083 kpc 0.6720776280131431
break at:  0.51724078082
486 1.841546195138198 kpc 0.5172407808199799 kpc 0.668222353580117
break at:  0.494374139906
487 1.9451839155568271 kpc 0.4943741399064188 kpc 0.6506556431200762
StelMassEqualZero
break at:  0.229172925594
489 1.89209370479029 kpc 0.22917292559445998 kpc 0.5009132905789287
StelMassEqualZero
StelMassEqualZero
StelMassEqualZero
StelMassEqualZero
StelMassEqualZero
StelMassEqualZero
break at:  0.486755031823
499 1.8898776645248803 kpc 0.4867550318231363 kpc 0.5148211460844961
StelMassEqualZero
StelMassEqualZero
StelMassEqualZero
StelMassEqualZero
break at:  0.283964977618
506 1.830906530477478 kpc 0.2839649776176052 kpc 0.5261432452193359
StelMassEqualZero
StelMassEqualZero
break at:  0.279585667117
510 1.7533271017811562 kpc 0.2795856671167059 kpc 0.625123400448717
break at:  0.144554048166
511 1.7710711775316925 kpc 0.14455404816601788 kpc 0.5046173903636696
StelMassEqualZero
StelMassEqualZero
StelMassEqualZero
StelMassEqualZero
StelMassEqualZero
StelMassEqualZero
StelMassEqualZero
StelMassEqualZero
StelMassEqualZero
StelMassEqualZero
break at:  0.153346031907
527 1.6101692378947379 kpc 0.1533460319066211 kpc 0.7155064605405318
StelMassEqualZero
StelMassEqualZero
break at:  0.385473951922
535 1.8606124042713283 kpc 0.3854739519221383 kpc 0.5864224691049205
StelMassEqualZero
StelMassEqualZero
StelMassEqualZero
StelMassEqualZero
StelMassEqualZero
StelMassEqualZero
break at:  0.222572825192
545 1.7058729113086832 kpc 0.22257282519237034 kpc 1.0003440628360307
break at:  0.504055866996
546 2.016523334704467 kpc 0.5040558669956096 kpc 0.8002752502685853
StelMassEqualZero
break at:  0.274659683172
550 1.6686192999888205 kpc 0.2746596831721191 kpc 0.5460485613160895
StelMassEqualZero
StelMassEqualZero
StelMassEqualZero
StelMassEqualZero
StelMassEqualZero
StelMassEqualZero
break at:  0.194376899395
559 1.7815314116938792 kpc 0.1943768993954021 kpc 0.5475990306795809
StelMassEqualZero
StelMassEqualZero
StelMassEqualZero
StelMassEqualZero
StelMassEqualZero
StelMassEqualZero
StelMassEqualZero
break at:  0.131817700599
580 1.4782363702091657 kpc 0.13181770059921685 kpc 0.520185774529517
break at:  0.305011223355
581 1.5153739305318135 kpc 0.30501122335548436 kpc 0.5177219272572441
StelMassEqualZero
StelMassEqualZero
StelMassEqualZero
break at:  0.124952570545
586 1.8100373397586242 kpc 0.1249525705454429 kpc 1.0003440628360307
StelMassEqualZero
StelMassEqualZero
StelMassEqualZero
StelMassEqualZero
StelMassEqualZero
StelMassEqualZero
StelMassEqualZero
StelMassEqualZero
StelMassEqualZero
StelMassEqualZero
StelMassEqualZero
StelMassEqualZero
StelMassEqualZero
StelMassEqualZero
StelMassEqualZero
StelMassEqualZero
StelMassEqualZero
break at:  0.357731354622
610 1.582608578007777 kpc 0.3577313546219737 kpc 0.5118039391235893
break at:  0.133674178554
611 1.69419485622023 kpc 0.13367417855440428 kpc 0.5005916106689235
StelMassEqualZero
StelMassEqualZero
StelMassEqualZero
StelMassEqualZero
break at:  0.133117993692
618 1.6267036597975317 kpc 0.13311799369238803 kpc 0.5423552147909381
break at:  0.152864825691
620 1.5776082738038302 kpc 0.15286482569056803 kpc 0.5453899560857014
break at:  0.87197856999
622 2.041692050112683 kpc 0.8719785699900093 kpc 0.7370956252476014
StelMassEqualZero
break at:  0.189860688945
625 1.6089846244975772 kpc 0.1898606889449614 kpc 0.5456422160692536
break at:  0.253696284038
628 1.6328350644424219 kpc 0.25369628403796574 kpc 0.5388594472281191
break at:  0.165951879773
631 1.6811829668552096 kpc 0.16595187977277978 kpc 1.0003440628360307
StelMassEqualZero
StelMassEqualZero
StelMassEqualZero
StelMassEqualZero
StelMassEqualZero
StelMassEqualZero
StelMassEqualZero
StelMassEqualZero
StelMassEqualZero
break at:  0.269816641492
643 1.5879408652270677 kpc 0.2698166414922848 kpc 0.6385174869165616
break at:  0.133156683721
644 1.631319254299457 kpc 0.13315668372109213 kpc 0.5084758849037014
break at:  0.625442987158
647 1.96700315668395 kpc 0.6254429871583436 kpc 0.5608290769774696
StelMassEqualZero
StelMassEqualZero
StelMassEqualZero
StelMassEqualZero
break at:  0.176493502861
653 1.5951536530063082 kpc 0.1764935028608214 kpc 0.5507278905696145
break at:  0.133075892729
654 1.6216944699958948 kpc 0.13307589272861228 kpc 0.6688815606504
StelMassEqualZero
break at:  0.229958099839
656 1.9151776620080614 kpc 0.22995809983943602 kpc 1.0003440628360305
StelMassEqualZero
StelMassEqualZero
StelMassEqualZero
StelMassEqualZero
break at:  0.236007551194
661 1.6293304378766704 kpc 0.2360075511943121 kpc 0.551837974746457
StelMassEqualZero
StelMassEqualZero
StelMassEqualZero
StelMassEqualZero
StelMassEqualZero
StelMassEqualZero
StelMassEqualZero
break at:  0.114316761717
671 1.3587617564132715 kpc 0.11431676171747333 kpc 0.5014485314965104
StelMassEqualZero
StelMassEqualZero
StelMassEqualZero
StelMassEqualZero
StelMassEqualZero
StelMassEqualZero
StelMassEqualZero
break at:  0.230367946568
681 1.5061619304929188 kpc 0.23036794656796142 kpc 0.5229071237551978
StelMassEqualZero
StelMassEqualZero
StelMassEqualZero
StelMassEqualZero
break at:  0.299048625129
688 1.444177791330194 kpc 0.2990486251292966 kpc 0.5001720314180154
StelMassEqualZero
StelMassEqualZero
StelMassEqualZero
StelMassEqualZero
StelMassEqualZero
break at:  0.107420957728
697 1.6310669320789613 kpc 0.1074209577283779 kpc 0.5386468030654791
StelMassEqualZero
StelMassEqualZero
StelMassEqualZero
StelMassEqualZero
StelMassEqualZero
StelMassEqualZero
StelMassEqualZero
break at:  0.189492589436
711 1.595510495992693 kpc 0.18949258943649105 kpc 0.5009500124157025
break at:  0.115099902624
712 1.5522499200538027 kpc 0.11509990262442854 kpc 1.0003440628360305
StelMassEqualZero
StelMassEqualZero
StelMassEqualZero
StelMassEqualZero
StelMassEqualZero
StelMassEqualZero
StelMassEqualZero
StelMassEqualZero
StelMassEqualZero
StelMassEqualZero
StelMassEqualZero
StelMassEqualZero
StelMassEqualZero
StelMassEqualZero
StelMassEqualZero
StelMassEqualZero
break at:  0.327150775304
731 1.3040289509888734 kpc 0.32715077530424874 kpc 0.6655670872039067
StelMassEqualZero
StelMassEqualZero
StelMassEqualZero
break at:  0.1
738 1.5195023206414817 kpc 0.1 kpc 0.535441659931574
StelMassEqualZero
break at:  0.243555421014
742 1.4447523228697732 kpc 0.24355542101373548 kpc 0.583534036654659
StelMassEqualZero
break at:  0.696873091491
745 1.6515383813570974 kpc 0.6968730914913243 kpc 0.8623655714103876
StelMassEqualZero
StelMassEqualZero
StelMassEqualZero
break at:  1.83874880639
749 1.838748806388057 kpc 1.838748806388057 kpc 1.0003440628360307
StelMassEqualZero
StelMassEqualZero
StelMassEqualZero
StelMassEqualZero
StelMassEqualZero
StelMassEqualZero
break at:  0.1
758 1.51299023969866 kpc 0.1 kpc 1.0003440628360307
StelMassEqualZero
StelMassEqualZero
StelMassEqualZero
StelMassEqualZero
StelMassEqualZero
StelMassEqualZero
StelMassEqualZero
StelMassEqualZero
StelMassEqualZero
StelMassEqualZero
StelMassEqualZero
StelMassEqualZero
break at:  0.434434320753
776 1.753686863977866 kpc 0.4344343207525857 kpc 0.5630077137562427
StelMassEqualZero
StelMassEqualZero
StelMassEqualZero
StelMassEqualZero
StelMassEqualZero
StelMassEqualZero
break at:  0.206077911754
783 1.2983273732757346 kpc 0.2060779117535177 kpc 0.5006495921069324
StelMassEqualZero
break at:  0.237926478794
785 1.6727807657409186 kpc 0.23792647879374165 kpc 0.5809609226223664
StelMassEqualZero
StelMassEqualZero
StelMassEqualZero
StelMassEqualZero
StelMassEqualZero
StelMassEqualZero
StelMassEqualZero
break at:  0.315748311183
795 1.3981284831879899 kpc 0.3157483111826325 kpc 0.8568345742085381
StelMassEqualZero
StelMassEqualZero
StelMassEqualZero
StelMassEqualZero
StelMassEqualZero
break at:  0.176757262636
801 1.606808711527241 kpc 0.17675726263631641 kpc 1.0003440628360307
StelMassEqualZero
StelMassEqualZero
StelMassEqualZero
StelMassEqualZero
StelMassEqualZero
StelMassEqualZero
StelMassEqualZero
StelMassEqualZero
StelMassEqualZero
StelMassEqualZero
StelMassEqualZero
StelMassEqualZero
StelMassEqualZero
StelMassEqualZero
StelMassEqualZero
break at:  0.329031497127
820 1.5367513941922297 kpc 0.32903149712677454 kpc 1.0003440628360305
StelMassEqualZero
StelMassEqualZero
StelMassEqualZero
StelMassEqualZero
StelMassEqualZero
StelMassEqualZero
StelMassEqualZero
StelMassEqualZero
StelMassEqualZero
StelMassEqualZero
StelMassEqualZero
StelMassEqualZero
StelMassEqualZero
StelMassEqualZero
StelMassEqualZero
StelMassEqualZero
StelMassEqualZero
StelMassEqualZero
break at:  0.30942229066
845 1.1557443879428728 kpc 0.30942229066018584 kpc 0.5872826350311839
StelMassEqualZero
StelMassEqualZero
StelMassEqualZero
break at:  0.36117538356
849 1.3956929083028715 kpc 0.36117538355982826 kpc 0.7145314734541847
StelMassEqualZero
StelMassEqualZero
break at:  0.392597445377
853 1.4394532519688776 kpc 0.392597445377099 kpc 0.5243836900005006
StelMassEqualZero
StelMassEqualZero
StelMassEqualZero
StelMassEqualZero
StelMassEqualZero
StelMassEqualZero
StelMassEqualZero
StelMassEqualZero
StelMassEqualZero
StelMassEqualZero
break at:  0.11421293224
873 1.3348977145242285 kpc 0.11421293223956097 kpc 0.5563350417828719
break at:  0.512181096733
874 1.5956424351111487 kpc 0.5121810967332102 kpc 1.0003440628360307
StelMassEqualZero
StelMassEqualZero
StelMassEqualZero
StelMassEqualZero
StelMassEqualZero
StelMassEqualZero
StelMassEqualZero
StelMassEqualZero
StelMassEqualZero
StelMassEqualZero
StelMassEqualZero
StelMassEqualZero
StelMassEqualZero
break at:  0.182921970373
891 1.3692584828641141 kpc 0.18292197037330074 kpc 0.6448384371500387
StelMassEqualZero
StelMassEqualZero
StelMassEqualZero
StelMassEqualZero
StelMassEqualZero
StelMassEqualZero
StelMassEqualZero
StelMassEqualZero
StelMassEqualZero
StelMassEqualZero
StelMassEqualZero
StelMassEqualZero
StelMassEqualZero
StelMassEqualZero
StelMassEqualZero
StelMassEqualZero
break at:  0.106838532586
912 1.319437010532419 kpc 0.10683853258609112 kpc 0.6114263307880833
break at:  0.122070544512
913 1.3364153752006536 kpc 0.12207054451182504 kpc 1.0003440628360307
StelMassEqualZero
StelMassEqualZero
StelMassEqualZero
StelMassEqualZero
StelMassEqualZero
StelMassEqualZero
StelMassEqualZero
StelMassEqualZero
StelMassEqualZero
StelMassEqualZero
StelMassEqualZero
StelMassEqualZero
StelMassEqualZero
StelMassEqualZero
StelMassEqualZero
break at:  0.121422641306
936 1.2470842259668484 kpc 0.12142264130603501 kpc 0.503384154448591
StelMassEqualZero
break at:  0.27982549658
938 1.4518004816510734 kpc 0.2798254965797241 kpc 0.5826462661322386
StelMassEqualZero
StelMassEqualZero
StelMassEqualZero
break at:  0.27454685658
944 1.3816652555939377 kpc 0.27454685658036576 kpc 0.5654118616029741
StelMassEqualZero
StelMassEqualZero
StelMassEqualZero
StelMassEqualZero
StelMassEqualZero
StelMassEqualZero
StelMassEqualZero
StelMassEqualZero
StelMassEqualZero
break at:  0.1
955 1.254346202561856 kpc 0.1 kpc 1.0003440628360307
StelMassEqualZero
StelMassEqualZero
StelMassEqualZero
StelMassEqualZero
StelMassEqualZero
StelMassEqualZero
StelMassEqualZero
StelMassEqualZero
break at:  0.393698766698
966 1.447337804120735 kpc 0.39369876669825826 kpc 1.0003440628360307
StelMassEqualZero
StelMassEqualZero
StelMassEqualZero
StelMassEqualZero
StelMassEqualZero
StelMassEqualZero
StelMassEqualZero
StelMassEqualZero
StelMassEqualZero
StelMassEqualZero
StelMassEqualZero
StelMassEqualZero
StelMassEqualZero
StelMassEqualZero
StelMassEqualZero
StelMassEqualZero
StelMassEqualZero
StelMassEqualZero
StelMassEqualZero
StelMassEqualZero
StelMassEqualZero
StelMassEqualZero
StelMassEqualZero
StelMassEqualZero
StelMassEqualZero
StelMassEqualZero
StelMassEqualZero
StelMassEqualZero
StelMassEqualZero
StelMassEqualZero
StelMassEqualZero
break at:  0.138535532126
1005 1.271092576093058 kpc 0.13853553212558126 kpc 0.514964871597287
StelMassEqualZero
StelMassEqualZero
break at:  0.121822997957
1009 1.301609404116313 kpc 0.12182299795653337 kpc 0.5001720314185023
StelMassEqualZero
StelMassEqualZero
StelMassEqualZero
StelMassEqualZero
StelMassEqualZero
StelMassEqualZero
StelMassEqualZero
StelMassEqualZero
StelMassEqualZero
StelMassEqualZero
StelMassEqualZero
StelMassEqualZero
StelMassEqualZero
StelMassEqualZero
StelMassEqualZero
StelMassEqualZero
StelMassEqualZero
StelMassEqualZero
StelMassEqualZero
StelMassEqualZero
StelMassEqualZero
StelMassEqualZero
StelMassEqualZero
StelMassEqualZero
StelMassEqualZero
StelMassEqualZero
break at:  0.273918820816
1047 1.3734627044010728 kpc 0.27391882081641067 kpc 0.5252800220488155
StelMassEqualZero
StelMassEqualZero
StelMassEqualZero
StelMassEqualZero
StelMassEqualZero
StelMassEqualZero
StelMassEqualZero
StelMassEqualZero
StelMassEqualZero
StelMassEqualZero
StelMassEqualZero
StelMassEqualZero
StelMassEqualZero
StelMassEqualZero
StelMassEqualZero
StelMassEqualZero
StelMassEqualZero
StelMassEqualZero
StelMassEqualZero
StelMassEqualZero
StelMassEqualZero
StelMassEqualZero
StelMassEqualZero
StelMassEqualZero
StelMassEqualZero
StelMassEqualZero
StelMassEqualZero
StelMassEqualZero
StelMassEqualZero
StelMassEqualZero
StelMassEqualZero
StelMassEqualZero
StelMassEqualZero
StelMassEqualZero
StelMassEqualZero
StelMassEqualZero
StelMassEqualZero
StelMassEqualZero
StelMassEqualZero
StelMassEqualZero
StelMassEqualZero
StelMassEqualZero
StelMassEqualZero
StelMassEqualZero
StelMassEqualZero
StelMassEqualZero
break at:  0.180196315291
1103 1.2830165543695655 kpc 0.18019631529134805 kpc 0.9003096565523641
StelMassEqualZero
StelMassEqualZero
StelMassEqualZero
StelMassEqualZero
StelMassEqualZero
StelMassEqualZero
StelMassEqualZero
StelMassEqualZero
StelMassEqualZero
StelMassEqualZero
StelMassEqualZero
StelMassEqualZero
StelMassEqualZero
break at:  0.165717363358
1122 1.1733270211820677 kpc 0.16571736335778786 kpc 0.5001720314180487
StelMassEqualZero
StelMassEqualZero
StelMassEqualZero
StelMassEqualZero
StelMassEqualZero
StelMassEqualZero
StelMassEqualZero
StelMassEqualZero
StelMassEqualZero
StelMassEqualZero
StelMassEqualZero
StelMassEqualZero
StelMassEqualZero
StelMassEqualZero
StelMassEqualZero
StelMassEqualZero
StelMassEqualZero
StelMassEqualZero
StelMassEqualZero
StelMassEqualZero
StelMassEqualZero
StelMassEqualZero
StelMassEqualZero
StelMassEqualZero
StelMassEqualZero
StelMassEqualZero
break at:  0.120972530385
1153 1.1883050522470646 kpc 0.12097253038545946 kpc 1.0003440628360307
StelMassEqualZero
StelMassEqualZero
StelMassEqualZero
StelMassEqualZero
StelMassEqualZero
StelMassEqualZero
StelMassEqualZero
StelMassEqualZero
StelMassEqualZero
StelMassEqualZero
StelMassEqualZero
StelMassEqualZero
StelMassEqualZero
StelMassEqualZero
StelMassEqualZero
StelMassEqualZero
StelMassEqualZero
StelMassEqualZero
StelMassEqualZero
StelMassEqualZero
StelMassEqualZero
StelMassEqualZero
StelMassEqualZero
StelMassEqualZero
StelMassEqualZero
StelMassEqualZero
StelMassEqualZero
StelMassEqualZero
StelMassEqualZero
StelMassEqualZero
StelMassEqualZero
StelMassEqualZero
StelMassEqualZero
StelMassEqualZero
StelMassEqualZero
StelMassEqualZero
StelMassEqualZero
StelMassEqualZero
StelMassEqualZero
StelMassEqualZero
StelMassEqualZero
StelMassEqualZero
StelMassEqualZero
StelMassEqualZero
StelMassEqualZero
StelMassEqualZero
StelMassEqualZero
StelMassEqualZero
StelMassEqualZero
StelMassEqualZero
StelMassEqualZero
StelMassEqualZero
StelMassEqualZero
StelMassEqualZero
StelMassEqualZero
StelMassEqualZero
StelMassEqualZero
StelMassEqualZero
StelMassEqualZero
StelMassEqualZero
StelMassEqualZero
StelMassEqualZero
StelMassEqualZero
StelMassEqualZero
StelMassEqualZero
StelMassEqualZero
StelMassEqualZero
StelMassEqualZero
StelMassEqualZero
StelMassEqualZero
StelMassEqualZero
StelMassEqualZero
StelMassEqualZero
StelMassEqualZero
StelMassEqualZero
StelMassEqualZero
StelMassEqualZero
StelMassEqualZero
StelMassEqualZero
StelMassEqualZero
StelMassEqualZero
StelMassEqualZero
StelMassEqualZero
StelMassEqualZero
StelMassEqualZero
StelMassEqualZero
StelMassEqualZero
StelMassEqualZero
StelMassEqualZero
StelMassEqualZero
StelMassEqualZero
StelMassEqualZero
StelMassEqualZero
StelMassEqualZero
StelMassEqualZero
StelMassEqualZero
StelMassEqualZero
StelMassEqualZero
StelMassEqualZero
StelMassEqualZero
StelMassEqualZero
StelMassEqualZero
StelMassEqualZero
StelMassEqualZero
StelMassEqualZero
StelMassEqualZero
StelMassEqualZero
StelMassEqualZero
StelMassEqualZero
StelMassEqualZero
StelMassEqualZero
StelMassEqualZero
StelMassEqualZero
StelMassEqualZero
StelMassEqualZero
StelMassEqualZero
StelMassEqualZero
StelMassEqualZero
StelMassEqualZero
StelMassEqualZero
StelMassEqualZero
StelMassEqualZero
StelMassEqualZero
StelMassEqualZero
StelMassEqualZero
StelMassEqualZero
StelMassEqualZero
StelMassEqualZero
StelMassEqualZero
StelMassEqualZero
StelMassEqualZero
StelMassEqualZero
StelMassEqualZero
StelMassEqualZero
StelMassEqualZero
StelMassEqualZero
StelMassEqualZero
StelMassEqualZero
StelMassEqualZero
StelMassEqualZero
StelMassEqualZero
StelMassEqualZero
StelMassEqualZero
StelMassEqualZero
StelMassEqualZero
StelMassEqualZero
StelMassEqualZero
StelMassEqualZero
StelMassEqualZero
StelMassEqualZero
StelMassEqualZero
StelMassEqualZero
StelMassEqualZero
StelMassEqualZero
StelMassEqualZero
StelMassEqualZero
StelMassEqualZero
StelMassEqualZero
StelMassEqualZero
StelMassEqualZero
StelMassEqualZero
StelMassEqualZero
StelMassEqualZero
StelMassEqualZero
StelMassEqualZero
StelMassEqualZero
StelMassEqualZero
StelMassEqualZero
StelMassEqualZero
StelMassEqualZero
StelMassEqualZero
StelMassEqualZero
StelMassEqualZero
StelMassEqualZero
StelMassEqualZero
StelMassEqualZero
StelMassEqualZero
StelMassEqualZero
StelMassEqualZero
StelMassEqualZero
StelMassEqualZero
StelMassEqualZero
StelMassEqualZero
StelMassEqualZero
StelMassEqualZero
StelMassEqualZero
StelMassEqualZero
StelMassEqualZero
StelMassEqualZero
StelMassEqualZero
StelMassEqualZero
StelMassEqualZero
StelMassEqualZero
StelMassEqualZero
StelMassEqualZero
StelMassEqualZero
StelMassEqualZero
StelMassEqualZero
StelMassEqualZero
StelMassEqualZero
StelMassEqualZero
StelMassEqualZero
StelMassEqualZero
StelMassEqualZero
StelMassEqualZero
StelMassEqualZero
StelMassEqualZero
StelMassEqualZero
StelMassEqualZero
StelMassEqualZero
StelMassEqualZero
StelMassEqualZero
StelMassEqualZero
StelMassEqualZero
StelMassEqualZero
StelMassEqualZero
StelMassEqualZero
StelMassEqualZero
StelMassEqualZero
StelMassEqualZero
StelMassEqualZero
StelMassEqualZero
StelMassEqualZero
StelMassEqualZero
StelMassEqualZero
StelMassEqualZero
StelMassEqualZero
StelMassEqualZero
StelMassEqualZero
StelMassEqualZero
StelMassEqualZero
StelMassEqualZero
StelMassEqualZero
StelMassEqualZero
StelMassEqualZero
StelMassEqualZero
StelMassEqualZero
StelMassEqualZero
StelMassEqualZero
StelMassEqualZero
StelMassEqualZero
StelMassEqualZero
StelMassEqualZero
StelMassEqualZero
StelMassEqualZero
StelMassEqualZero
StelMassEqualZero
StelMassEqualZero
StelMassEqualZero
StelMassEqualZero
StelMassEqualZero
StelMassEqualZero
StelMassEqualZero
StelMassEqualZero
StelMassEqualZero
StelMassEqualZero
StelMassEqualZero
StelMassEqualZero
StelMassEqualZero
StelMassEqualZero
StelMassEqualZero
StelMassEqualZero
StelMassEqualZero
StelMassEqualZero
StelMassEqualZero
StelMassEqualZero
StelMassEqualZero
StelMassEqualZero
StelMassEqualZero
StelMassEqualZero
StelMassEqualZero
StelMassEqualZero
StelMassEqualZero
StelMassEqualZero
StelMassEqualZero
StelMassEqualZero
StelMassEqualZero
StelMassEqualZero
StelMassEqualZero
break at:  0.378863370396
1487 1.1866560639108845 kpc 0.37886337039572954 kpc 0.5872079398288792
StelMassEqualZero
StelMassEqualZero
StelMassEqualZero
StelMassEqualZero
StelMassEqualZero
StelMassEqualZero
StelMassEqualZero
StelMassEqualZero
StelMassEqualZero
StelMassEqualZero
StelMassEqualZero
StelMassEqualZero
StelMassEqualZero
StelMassEqualZero
StelMassEqualZero
StelMassEqualZero
StelMassEqualZero
StelMassEqualZero
StelMassEqualZero
StelMassEqualZero
StelMassEqualZero
StelMassEqualZero
StelMassEqualZero
StelMassEqualZero
StelMassEqualZero
StelMassEqualZero
StelMassEqualZero
StelMassEqualZero
StelMassEqualZero
StelMassEqualZero
StelMassEqualZero
StelMassEqualZero
StelMassEqualZero
StelMassEqualZero
StelMassEqualZero
StelMassEqualZero
StelMassEqualZero
StelMassEqualZero
StelMassEqualZero
StelMassEqualZero
StelMassEqualZero
StelMassEqualZero
StelMassEqualZero
StelMassEqualZero
StelMassEqualZero
StelMassEqualZero
StelMassEqualZero
StelMassEqualZero
StelMassEqualZero
StelMassEqualZero
StelMassEqualZero
StelMassEqualZero
StelMassEqualZero
StelMassEqualZero
StelMassEqualZero
StelMassEqualZero
StelMassEqualZero
StelMassEqualZero
StelMassEqualZero
StelMassEqualZero
StelMassEqualZero
StelMassEqualZero
StelMassEqualZero
StelMassEqualZero
StelMassEqualZero
StelMassEqualZero
StelMassEqualZero
StelMassEqualZero
StelMassEqualZero
StelMassEqualZero
StelMassEqualZero
StelMassEqualZero
StelMassEqualZero
StelMassEqualZero
StelMassEqualZero
StelMassEqualZero
StelMassEqualZero
StelMassEqualZero
StelMassEqualZero
StelMassEqualZero
StelMassEqualZero
StelMassEqualZero
StelMassEqualZero
StelMassEqualZero
StelMassEqualZero
StelMassEqualZero
StelMassEqualZero
StelMassEqualZero
StelMassEqualZero
StelMassEqualZero
StelMassEqualZero
StelMassEqualZero
StelMassEqualZero
StelMassEqualZero
StelMassEqualZero
StelMassEqualZero
StelMassEqualZero
StelMassEqualZero
StelMassEqualZero
StelMassEqualZero
StelMassEqualZero
StelMassEqualZero
StelMassEqualZero
StelMassEqualZero
StelMassEqualZero
StelMassEqualZero
StelMassEqualZero
StelMassEqualZero
StelMassEqualZero
StelMassEqualZero
StelMassEqualZero
StelMassEqualZero
StelMassEqualZero
StelMassEqualZero
StelMassEqualZero
StelMassEqualZero
StelMassEqualZero
StelMassEqualZero
StelMassEqualZero
StelMassEqualZero
StelMassEqualZero
StelMassEqualZero
StelMassEqualZero
StelMassEqualZero
StelMassEqualZero
StelMassEqualZero
StelMassEqualZero
StelMassEqualZero
StelMassEqualZero
StelMassEqualZero
StelMassEqualZero
StelMassEqualZero
StelMassEqualZero
StelMassEqualZero
StelMassEqualZero
StelMassEqualZero
StelMassEqualZero
StelMassEqualZero
StelMassEqualZero
StelMassEqualZero
StelMassEqualZero
StelMassEqualZero
StelMassEqualZero
StelMassEqualZero
StelMassEqualZero
StelMassEqualZero
StelMassEqualZero
StelMassEqualZero
StelMassEqualZero
StelMassEqualZero
StelMassEqualZero
StelMassEqualZero
StelMassEqualZero
StelMassEqualZero
StelMassEqualZero
StelMassEqualZero
StelMassEqualZero
StelMassEqualZero
StelMassEqualZero
StelMassEqualZero
StelMassEqualZero
StelMassEqualZero
StelMassEqualZero
StelMassEqualZero
StelMassEqualZero
StelMassEqualZero
StelMassEqualZero
StelMassEqualZero
StelMassEqualZero
StelMassEqualZero
StelMassEqualZero
StelMassEqualZero
StelMassEqualZero
StelMassEqualZero
StelMassEqualZero
StelMassEqualZero
StelMassEqualZero
StelMassEqualZero
StelMassEqualZero
StelMassEqualZero
StelMassEqualZero
StelMassEqualZero
StelMassEqualZero
StelMassEqualZero
StelMassEqualZero
StelMassEqualZero
StelMassEqualZero
StelMassEqualZero
StelMassEqualZero
StelMassEqualZero
StelMassEqualZero
StelMassEqualZero
StelMassEqualZero
StelMassEqualZero
StelMassEqualZero
StelMassEqualZero
StelMassEqualZero
StelMassEqualZero
StelMassEqualZero
StelMassEqualZero
StelMassEqualZero
StelMassEqualZero
StelMassEqualZero
StelMassEqualZero
StelMassEqualZero
StelMassEqualZero
StelMassEqualZero
StelMassEqualZero
StelMassEqualZero
StelMassEqualZero
StelMassEqualZero
StelMassEqualZero
StelMassEqualZero
StelMassEqualZero
StelMassEqualZero
StelMassEqualZero
StelMassEqualZero
StelMassEqualZero
StelMassEqualZero
StelMassEqualZero
StelMassEqualZero
StelMassEqualZero
StelMassEqualZero
StelMassEqualZero
StelMassEqualZero
StelMassEqualZero
StelMassEqualZero
StelMassEqualZero
StelMassEqualZero
StelMassEqualZero
StelMassEqualZero
StelMassEqualZero
StelMassEqualZero
StelMassEqualZero
StelMassEqualZero
StelMassEqualZero
StelMassEqualZero
StelMassEqualZero
StelMassEqualZero
StelMassEqualZero
StelMassEqualZero
StelMassEqualZero
StelMassEqualZero
StelMassEqualZero
StelMassEqualZero
StelMassEqualZero
StelMassEqualZero
StelMassEqualZero
StelMassEqualZero
StelMassEqualZero
StelMassEqualZero
StelMassEqualZero
StelMassEqualZero
StelMassEqualZero
StelMassEqualZero
StelMassEqualZero
StelMassEqualZero
StelMassEqualZero
StelMassEqualZero
StelMassEqualZero
StelMassEqualZero
StelMassEqualZero
StelMassEqualZero
StelMassEqualZero
StelMassEqualZero
StelMassEqualZero
StelMassEqualZero
StelMassEqualZero
StelMassEqualZero
StelMassEqualZero
StelMassEqualZero
StelMassEqualZero
StelMassEqualZero
StelMassEqualZero
StelMassEqualZero
StelMassEqualZero
StelMassEqualZero
StelMassEqualZero
StelMassEqualZero
StelMassEqualZero
StelMassEqualZero
StelMassEqualZero
StelMassEqualZero
StelMassEqualZero
StelMassEqualZero
StelMassEqualZero
StelMassEqualZero
StelMassEqualZero
StelMassEqualZero
StelMassEqualZero
StelMassEqualZero
StelMassEqualZero
StelMassEqualZero
StelMassEqualZero
StelMassEqualZero
StelMassEqualZero
StelMassEqualZero
StelMassEqualZero
StelMassEqualZero
StelMassEqualZero
StelMassEqualZero
StelMassEqualZero
StelMassEqualZero
StelMassEqualZero
StelMassEqualZero
StelMassEqualZero
StelMassEqualZero
StelMassEqualZero
StelMassEqualZero
StelMassEqualZero
StelMassEqualZero
StelMassEqualZero
StelMassEqualZero
StelMassEqualZero
StelMassEqualZero
StelMassEqualZero
StelMassEqualZero
StelMassEqualZero
StelMassEqualZero
StelMassEqualZero
StelMassEqualZero
StelMassEqualZero
StelMassEqualZero
StelMassEqualZero
StelMassEqualZero
StelMassEqualZero
StelMassEqualZero
StelMassEqualZero
StelMassEqualZero
StelMassEqualZero
StelMassEqualZero
StelMassEqualZero
StelMassEqualZero
StelMassEqualZero
StelMassEqualZero
StelMassEqualZero
StelMassEqualZero
StelMassEqualZero
StelMassEqualZero
StelMassEqualZero
StelMassEqualZero
StelMassEqualZero
StelMassEqualZero
StelMassEqualZero
StelMassEqualZero
StelMassEqualZero
StelMassEqualZero
StelMassEqualZero
StelMassEqualZero
StelMassEqualZero
StelMassEqualZero
StelMassEqualZero
StelMassEqualZero
StelMassEqualZero
StelMassEqualZero
StelMassEqualZero
StelMassEqualZero
StelMassEqualZero
StelMassEqualZero
StelMassEqualZero
StelMassEqualZero
StelMassEqualZero
StelMassEqualZero
StelMassEqualZero
StelMassEqualZero
StelMassEqualZero
StelMassEqualZero
StelMassEqualZero
StelMassEqualZero
StelMassEqualZero
StelMassEqualZero
StelMassEqualZero
StelMassEqualZero
StelMassEqualZero
StelMassEqualZero
StelMassEqualZero
StelMassEqualZero
StelMassEqualZero
StelMassEqualZero
StelMassEqualZero
StelMassEqualZero
StelMassEqualZero
StelMassEqualZero
StelMassEqualZero
StelMassEqualZero
StelMassEqualZero
StelMassEqualZero
StelMassEqualZero
break at:  60.5447244324
1953 60.54472443241116 kpc 60.54472443241116 kpc 1.0003440628360307
StelMassEqualZero
StelMassEqualZero
StelMassEqualZero
StelMassEqualZero
StelMassEqualZero
StelMassEqualZero
StelMassEqualZero
StelMassEqualZero
StelMassEqualZero
StelMassEqualZero
StelMassEqualZero
StelMassEqualZero
StelMassEqualZero
StelMassEqualZero
StelMassEqualZero
StelMassEqualZero
StelMassEqualZero
StelMassEqualZero
StelMassEqualZero
StelMassEqualZero
StelMassEqualZero
StelMassEqualZero
StelMassEqualZero
StelMassEqualZero
StelMassEqualZero
break at:  43.5918928126
1984 60.54472443241116 kpc 43.59189281258126 kpc 0.9975494788806051
StelMassEqualZero
break at:  51.3737203035
1986 60.54472443241116 kpc 51.37372030352617 kpc 0.6503366847667122
StelMassEqualZero
StelMassEqualZero
StelMassEqualZero
StelMassEqualZero
StelMassEqualZero
StelMassEqualZero
StelMassEqualZero
StelMassEqualZero
StelMassEqualZero
StelMassEqualZero
StelMassEqualZero
StelMassEqualZero
StelMassEqualZero
StelMassEqualZero
StelMassEqualZero
StelMassEqualZero
StelMassEqualZero
StelMassEqualZero
StelMassEqualZero
StelMassEqualZero
StelMassEqualZero
StelMassEqualZero
StelMassEqualZero
StelMassEqualZero
StelMassEqualZero
StelMassEqualZero
StelMassEqualZero
StelMassEqualZero
StelMassEqualZero
StelMassEqualZero
StelMassEqualZero
StelMassEqualZero
StelMassEqualZero
StelMassEqualZero
StelMassEqualZero
StelMassEqualZero
StelMassEqualZero
StelMassEqualZero
StelMassEqualZero
StelMassEqualZero
StelMassEqualZero
StelMassEqualZero
StelMassEqualZero
StelMassEqualZero
StelMassEqualZero
StelMassEqualZero
StelMassEqualZero
StelMassEqualZero
StelMassEqualZero
StelMassEqualZero
StelMassEqualZero
StelMassEqualZero
StelMassEqualZero
StelMassEqualZero
StelMassEqualZero
StelMassEqualZero
StelMassEqualZero
StelMassEqualZero
StelMassEqualZero
StelMassEqualZero
StelMassEqualZero
StelMassEqualZero
StelMassEqualZero
StelMassEqualZero
StelMassEqualZero
StelMassEqualZero
StelMassEqualZero
StelMassEqualZero
StelMassEqualZero
StelMassEqualZero
StelMassEqualZero
StelMassEqualZero
StelMassEqualZero
StelMassEqualZero
StelMassEqualZero
StelMassEqualZero
StelMassEqualZero
StelMassEqualZero
StelMassEqualZero
StelMassEqualZero
StelMassEqualZero
StelMassEqualZero
StelMassEqualZero
StelMassEqualZero
StelMassEqualZero
StelMassEqualZero
StelMassEqualZero
StelMassEqualZero
StelMassEqualZero
StelMassEqualZero
StelMassEqualZero
StelMassEqualZero
StelMassEqualZero
StelMassEqualZero
StelMassEqualZero
StelMassEqualZero
StelMassEqualZero
StelMassEqualZero
StelMassEqualZero
StelMassEqualZero
StelMassEqualZero
StelMassEqualZero
StelMassEqualZero
StelMassEqualZero
StelMassEqualZero
StelMassEqualZero
StelMassEqualZero
StelMassEqualZero
StelMassEqualZero
StelMassEqualZero
StelMassEqualZero
StelMassEqualZero
StelMassEqualZero
StelMassEqualZero
StelMassEqualZero
StelMassEqualZero
StelMassEqualZero
StelMassEqualZero
StelMassEqualZero
StelMassEqualZero
StelMassEqualZero
StelMassEqualZero
StelMassEqualZero
StelMassEqualZero
StelMassEqualZero
StelMassEqualZero
StelMassEqualZero
StelMassEqualZero
StelMassEqualZero
StelMassEqualZero
StelMassEqualZero
StelMassEqualZero
StelMassEqualZero
StelMassEqualZero
StelMassEqualZero
StelMassEqualZero
StelMassEqualZero
StelMassEqualZero
StelMassEqualZero
StelMassEqualZero
StelMassEqualZero
StelMassEqualZero
StelMassEqualZero
StelMassEqualZero
StelMassEqualZero
StelMassEqualZero
StelMassEqualZero
StelMassEqualZero
StelMassEqualZero
StelMassEqualZero
StelMassEqualZero
StelMassEqualZero
StelMassEqualZero
StelMassEqualZero
StelMassEqualZero
StelMassEqualZero
break at:  36.988816612
2176 60.54472443241116 kpc 36.98881661200512 kpc 0.5751621446819352
StelMassEqualZero
StelMassEqualZero
StelMassEqualZero
StelMassEqualZero
StelMassEqualZero
StelMassEqualZero
StelMassEqualZero
StelMassEqualZero
StelMassEqualZero
StelMassEqualZero
StelMassEqualZero
StelMassEqualZero
StelMassEqualZero
StelMassEqualZero
StelMassEqualZero
StelMassEqualZero
StelMassEqualZero
StelMassEqualZero
StelMassEqualZero
StelMassEqualZero
StelMassEqualZero
StelMassEqualZero
StelMassEqualZero
StelMassEqualZero
StelMassEqualZero
StelMassEqualZero
StelMassEqualZero
StelMassEqualZero
StelMassEqualZero
StelMassEqualZero
StelMassEqualZero
StelMassEqualZero
StelMassEqualZero
StelMassEqualZero
StelMassEqualZero
StelMassEqualZero
StelMassEqualZero
StelMassEqualZero
StelMassEqualZero
StelMassEqualZero
StelMassEqualZero
StelMassEqualZero
StelMassEqualZero
StelMassEqualZero
StelMassEqualZero
StelMassEqualZero
StelMassEqualZero
StelMassEqualZero
StelMassEqualZero
StelMassEqualZero
StelMassEqualZero
StelMassEqualZero
StelMassEqualZero
StelMassEqualZero
StelMassEqualZero
StelMassEqualZero
StelMassEqualZero
StelMassEqualZero
StelMassEqualZero
StelMassEqualZero
StelMassEqualZero
StelMassEqualZero
StelMassEqualZero
StelMassEqualZero
StelMassEqualZero
StelMassEqualZero
StelMassEqualZero
StelMassEqualZero
StelMassEqualZero
StelMassEqualZero
StelMassEqualZero
StelMassEqualZero
StelMassEqualZero
StelMassEqualZero
StelMassEqualZero
StelMassEqualZero
StelMassEqualZero
StelMassEqualZero
StelMassEqualZero
StelMassEqualZero
StelMassEqualZero
StelMassEqualZero
StelMassEqualZero
StelMassEqualZero
StelMassEqualZero
StelMassEqualZero
StelMassEqualZero
StelMassEqualZero
StelMassEqualZero
StelMassEqualZero
StelMassEqualZero
StelMassEqualZero
StelMassEqualZero
StelMassEqualZero
StelMassEqualZero
StelMassEqualZero
StelMassEqualZero
StelMassEqualZero
StelMassEqualZero
StelMassEqualZero
StelMassEqualZero
StelMassEqualZero
StelMassEqualZero
StelMassEqualZero
StelMassEqualZero
StelMassEqualZero
StelMassEqualZero
StelMassEqualZero
StelMassEqualZero
StelMassEqualZero
StelMassEqualZero
StelMassEqualZero
StelMassEqualZero
StelMassEqualZero
StelMassEqualZero
StelMassEqualZero
StelMassEqualZero
StelMassEqualZero
StelMassEqualZero
StelMassEqualZero
StelMassEqualZero
StelMassEqualZero
StelMassEqualZero
StelMassEqualZero
StelMassEqualZero
StelMassEqualZero
StelMassEqualZero
StelMassEqualZero
StelMassEqualZero
StelMassEqualZero
StelMassEqualZero
StelMassEqualZero
StelMassEqualZero
StelMassEqualZero
StelMassEqualZero
StelMassEqualZero
StelMassEqualZero
StelMassEqualZero
StelMassEqualZero
StelMassEqualZero
StelMassEqualZero
StelMassEqualZero
StelMassEqualZero
StelMassEqualZero
StelMassEqualZero
StelMassEqualZero
StelMassEqualZero
StelMassEqualZero
StelMassEqualZero
StelMassEqualZero
StelMassEqualZero
StelMassEqualZero
StelMassEqualZero
StelMassEqualZero
StelMassEqualZero
StelMassEqualZero
StelMassEqualZero
StelMassEqualZero
StelMassEqualZero
StelMassEqualZero
StelMassEqualZero
StelMassEqualZero
StelMassEqualZero
StelMassEqualZero
StelMassEqualZero
StelMassEqualZero
StelMassEqualZero
StelMassEqualZero
StelMassEqualZero
StelMassEqualZero
StelMassEqualZero
StelMassEqualZero
StelMassEqualZero
StelMassEqualZero
StelMassEqualZero
StelMassEqualZero
StelMassEqualZero
StelMassEqualZero
StelMassEqualZero
StelMassEqualZero
StelMassEqualZero
StelMassEqualZero
StelMassEqualZero
StelMassEqualZero
StelMassEqualZero
StelMassEqualZero
StelMassEqualZero
StelMassEqualZero
StelMassEqualZero
StelMassEqualZero
StelMassEqualZero
StelMassEqualZero
StelMassEqualZero
StelMassEqualZero
StelMassEqualZero
StelMassEqualZero
StelMassEqualZero
StelMassEqualZero
StelMassEqualZero
StelMassEqualZero
StelMassEqualZero
StelMassEqualZero
StelMassEqualZero
StelMassEqualZero
StelMassEqualZero
StelMassEqualZero
StelMassEqualZero
StelMassEqualZero
StelMassEqualZero
StelMassEqualZero
StelMassEqualZero
StelMassEqualZero
StelMassEqualZero
StelMassEqualZero
StelMassEqualZero
StelMassEqualZero
StelMassEqualZero
StelMassEqualZero
StelMassEqualZero
StelMassEqualZero
StelMassEqualZero
StelMassEqualZero
StelMassEqualZero
StelMassEqualZero
StelMassEqualZero
StelMassEqualZero
StelMassEqualZero
StelMassEqualZero
StelMassEqualZero
StelMassEqualZero
StelMassEqualZero
StelMassEqualZero
StelMassEqualZero
StelMassEqualZero
StelMassEqualZero
StelMassEqualZero
StelMassEqualZero
StelMassEqualZero
StelMassEqualZero
StelMassEqualZero
StelMassEqualZero
StelMassEqualZero
StelMassEqualZero
StelMassEqualZero
StelMassEqualZero
StelMassEqualZero
StelMassEqualZero
StelMassEqualZero
StelMassEqualZero
StelMassEqualZero
StelMassEqualZero
StelMassEqualZero
StelMassEqualZero
StelMassEqualZero
StelMassEqualZero
StelMassEqualZero
StelMassEqualZero
StelMassEqualZero
StelMassEqualZero
StelMassEqualZero
StelMassEqualZero
StelMassEqualZero
StelMassEqualZero
StelMassEqualZero
StelMassEqualZero
StelMassEqualZero
StelMassEqualZero
StelMassEqualZero
StelMassEqualZero
StelMassEqualZero
StelMassEqualZero
StelMassEqualZero
StelMassEqualZero
StelMassEqualZero
StelMassEqualZero
StelMassEqualZero
StelMassEqualZero
StelMassEqualZero
StelMassEqualZero
StelMassEqualZero
StelMassEqualZero
StelMassEqualZero
StelMassEqualZero
StelMassEqualZero
StelMassEqualZero
StelMassEqualZero
StelMassEqualZero
StelMassEqualZero
StelMassEqualZero
StelMassEqualZero
StelMassEqualZero
StelMassEqualZero
StelMassEqualZero
StelMassEqualZero
StelMassEqualZero
StelMassEqualZero
StelMassEqualZero
StelMassEqualZero
StelMassEqualZero
StelMassEqualZero
StelMassEqualZero
StelMassEqualZero
StelMassEqualZero
StelMassEqualZero
StelMassEqualZero
StelMassEqualZero
StelMassEqualZero
StelMassEqualZero
StelMassEqualZero
StelMassEqualZero
StelMassEqualZero
StelMassEqualZero
StelMassEqualZero
StelMassEqualZero
StelMassEqualZero
StelMassEqualZero
StelMassEqualZero
StelMassEqualZero
StelMassEqualZero
StelMassEqualZero
StelMassEqualZero
StelMassEqualZero
StelMassEqualZero
StelMassEqualZero
StelMassEqualZero
StelMassEqualZero
StelMassEqualZero
StelMassEqualZero
StelMassEqualZero
StelMassEqualZero
StelMassEqualZero
StelMassEqualZero
StelMassEqualZero
StelMassEqualZero
StelMassEqualZero
StelMassEqualZero
StelMassEqualZero
StelMassEqualZero
StelMassEqualZero
StelMassEqualZero
StelMassEqualZero
StelMassEqualZero
StelMassEqualZero
StelMassEqualZero
StelMassEqualZero
StelMassEqualZero
StelMassEqualZero
StelMassEqualZero
StelMassEqualZero
StelMassEqualZero
StelMassEqualZero
StelMassEqualZero
StelMassEqualZero
StelMassEqualZero
StelMassEqualZero
StelMassEqualZero
StelMassEqualZero
StelMassEqualZero
StelMassEqualZero
StelMassEqualZero
StelMassEqualZero
StelMassEqualZero
StelMassEqualZero
StelMassEqualZero
StelMassEqualZero
StelMassEqualZero
StelMassEqualZero
StelMassEqualZero
StelMassEqualZero
StelMassEqualZero
StelMassEqualZero
StelMassEqualZero
StelMassEqualZero
StelMassEqualZero
StelMassEqualZero
StelMassEqualZero
StelMassEqualZero
StelMassEqualZero
StelMassEqualZero
StelMassEqualZero
StelMassEqualZero
StelMassEqualZero
StelMassEqualZero
StelMassEqualZero
StelMassEqualZero
StelMassEqualZero
StelMassEqualZero
StelMassEqualZero
StelMassEqualZero
StelMassEqualZero
StelMassEqualZero
StelMassEqualZero
StelMassEqualZero
StelMassEqualZero
StelMassEqualZero
StelMassEqualZero
StelMassEqualZero
StelMassEqualZero
StelMassEqualZero
StelMassEqualZero
StelMassEqualZero
StelMassEqualZero
StelMassEqualZero
StelMassEqualZero
StelMassEqualZero
StelMassEqualZero
StelMassEqualZero
StelMassEqualZero
StelMassEqualZero
StelMassEqualZero
StelMassEqualZero
StelMassEqualZero
StelMassEqualZero
StelMassEqualZero
StelMassEqualZero
StelMassEqualZero
StelMassEqualZero
StelMassEqualZero
StelMassEqualZero
StelMassEqualZero
StelMassEqualZero
StelMassEqualZero
StelMassEqualZero
StelMassEqualZero
StelMassEqualZero
StelMassEqualZero
StelMassEqualZero
StelMassEqualZero
StelMassEqualZero
StelMassEqualZero
StelMassEqualZero
StelMassEqualZero
StelMassEqualZero
StelMassEqualZero
StelMassEqualZero
StelMassEqualZero
StelMassEqualZero
StelMassEqualZero
StelMassEqualZero
StelMassEqualZero
StelMassEqualZero
StelMassEqualZero
StelMassEqualZero
StelMassEqualZero
StelMassEqualZero
StelMassEqualZero
StelMassEqualZero
StelMassEqualZero
StelMassEqualZero
StelMassEqualZero
StelMassEqualZero
StelMassEqualZero
StelMassEqualZero
StelMassEqualZero
StelMassEqualZero
StelMassEqualZero
StelMassEqualZero
StelMassEqualZero
StelMassEqualZero
StelMassEqualZero
StelMassEqualZero
StelMassEqualZero
StelMassEqualZero
StelMassEqualZero
StelMassEqualZero
StelMassEqualZero
StelMassEqualZero
StelMassEqualZero
StelMassEqualZero
StelMassEqualZero
StelMassEqualZero
StelMassEqualZero
StelMassEqualZero
StelMassEqualZero
StelMassEqualZero
StelMassEqualZero
StelMassEqualZero
StelMassEqualZero
StelMassEqualZero
StelMassEqualZero
StelMassEqualZero
StelMassEqualZero
StelMassEqualZero
StelMassEqualZero
StelMassEqualZero
StelMassEqualZero
StelMassEqualZero
StelMassEqualZero
StelMassEqualZero
StelMassEqualZero
StelMassEqualZero
StelMassEqualZero
StelMassEqualZero
StelMassEqualZero
StelMassEqualZero
StelMassEqualZero
StelMassEqualZero
StelMassEqualZero
StelMassEqualZero
StelMassEqualZero
StelMassEqualZero
StelMassEqualZero
StelMassEqualZero
StelMassEqualZero
StelMassEqualZero
StelMassEqualZero
StelMassEqualZero
StelMassEqualZero
StelMassEqualZero
StelMassEqualZero
StelMassEqualZero
StelMassEqualZero
StelMassEqualZero
StelMassEqualZero
StelMassEqualZero
StelMassEqualZero
StelMassEqualZero
StelMassEqualZero
StelMassEqualZero
StelMassEqualZero
StelMassEqualZero
StelMassEqualZero
StelMassEqualZero
StelMassEqualZero
StelMassEqualZero
StelMassEqualZero
StelMassEqualZero
StelMassEqualZero
StelMassEqualZero
StelMassEqualZero
StelMassEqualZero
StelMassEqualZero
StelMassEqualZero
StelMassEqualZero
StelMassEqualZero
StelMassEqualZero
StelMassEqualZero
StelMassEqualZero
StelMassEqualZero
StelMassEqualZero
StelMassEqualZero
StelMassEqualZero
StelMassEqualZero
StelMassEqualZero
StelMassEqualZero
StelMassEqualZero
StelMassEqualZero
StelMassEqualZero
StelMassEqualZero
StelMassEqualZero
StelMassEqualZero
StelMassEqualZero
StelMassEqualZero
StelMassEqualZero
StelMassEqualZero
StelMassEqualZero
StelMassEqualZero
StelMassEqualZero
StelMassEqualZero
StelMassEqualZero
StelMassEqualZero
StelMassEqualZero
StelMassEqualZero
StelMassEqualZero
StelMassEqualZero
StelMassEqualZero
StelMassEqualZero
StelMassEqualZero
StelMassEqualZero
StelMassEqualZero
StelMassEqualZero
StelMassEqualZero
StelMassEqualZero
StelMassEqualZero
StelMassEqualZero
StelMassEqualZero
StelMassEqualZero
StelMassEqualZero
StelMassEqualZero
StelMassEqualZero
StelMassEqualZero
StelMassEqualZero
StelMassEqualZero
StelMassEqualZero
StelMassEqualZero
StelMassEqualZero
StelMassEqualZero
StelMassEqualZero
StelMassEqualZero
StelMassEqualZero
StelMassEqualZero
StelMassEqualZero
StelMassEqualZero
StelMassEqualZero
StelMassEqualZero
StelMassEqualZero
StelMassEqualZero
StelMassEqualZero
StelMassEqualZero
StelMassEqualZero
StelMassEqualZero
StelMassEqualZero
StelMassEqualZero
StelMassEqualZero
StelMassEqualZero
StelMassEqualZero
StelMassEqualZero
StelMassEqualZero
StelMassEqualZero
StelMassEqualZero
StelMassEqualZero
StelMassEqualZero
StelMassEqualZero
StelMassEqualZero
StelMassEqualZero
StelMassEqualZero
StelMassEqualZero
StelMassEqualZero
StelMassEqualZero
StelMassEqualZero
StelMassEqualZero
StelMassEqualZero
StelMassEqualZero
StelMassEqualZero
StelMassEqualZero
StelMassEqualZero
StelMassEqualZero
StelMassEqualZero
StelMassEqualZero
StelMassEqualZero
StelMassEqualZero
StelMassEqualZero
StelMassEqualZero
StelMassEqualZero
StelMassEqualZero
StelMassEqualZero
StelMassEqualZero
StelMassEqualZero
StelMassEqualZero
StelMassEqualZero
StelMassEqualZero
StelMassEqualZero
StelMassEqualZero
StelMassEqualZero
StelMassEqualZero
StelMassEqualZero
StelMassEqualZero
StelMassEqualZero
StelMassEqualZero
StelMassEqualZero
StelMassEqualZero
StelMassEqualZero
StelMassEqualZero
StelMassEqualZero
StelMassEqualZero
StelMassEqualZero
StelMassEqualZero
StelMassEqualZero
StelMassEqualZero
StelMassEqualZero
StelMassEqualZero
StelMassEqualZero
StelMassEqualZero
StelMassEqualZero
StelMassEqualZero
StelMassEqualZero
StelMassEqualZero
StelMassEqualZero
StelMassEqualZero
StelMassEqualZero
StelMassEqualZero
StelMassEqualZero
StelMassEqualZero
StelMassEqualZero
StelMassEqualZero
StelMassEqualZero
StelMassEqualZero
StelMassEqualZero
StelMassEqualZero
StelMassEqualZero
StelMassEqualZero
StelMassEqualZero
StelMassEqualZero
StelMassEqualZero
StelMassEqualZero
StelMassEqualZero
StelMassEqualZero
StelMassEqualZero
StelMassEqualZero
StelMassEqualZero
StelMassEqualZero
StelMassEqualZero
StelMassEqualZero
StelMassEqualZero
StelMassEqualZero
StelMassEqualZero
StelMassEqualZero
StelMassEqualZero
StelMassEqualZero
StelMassEqualZero
StelMassEqualZero
StelMassEqualZero
StelMassEqualZero
StelMassEqualZero
StelMassEqualZero
StelMassEqualZero
StelMassEqualZero
StelMassEqualZero
StelMassEqualZero
StelMassEqualZero
StelMassEqualZero
StelMassEqualZero
StelMassEqualZero
StelMassEqualZero
StelMassEqualZero
StelMassEqualZero
StelMassEqualZero
StelMassEqualZero
StelMassEqualZero
StelMassEqualZero
StelMassEqualZero
StelMassEqualZero
StelMassEqualZero
StelMassEqualZero
StelMassEqualZero
StelMassEqualZero
StelMassEqualZero
StelMassEqualZero
StelMassEqualZero
StelMassEqualZero
StelMassEqualZero
StelMassEqualZero
123AllDone123
