yt : [INFO     ] 2017-07-21 12:13:39,792 Parameters: current_time              = 2.442094332e+16
yt : [INFO     ] 2017-07-21 12:13:39,793 Parameters: domain_dimensions         = [2 2 2]
yt : [INFO     ] 2017-07-21 12:13:39,793 Parameters: domain_left_edge          = [ 0.  0.  0.]
yt : [INFO     ] 2017-07-21 12:13:39,794 Parameters: domain_right_edge         = [  1.66901647e+25   1.66901647e+25   1.66901647e+25]
yt : [INFO     ] 2017-07-21 12:13:39,794 Parameters: cosmological_simulation   = 1
yt : [INFO     ] 2017-07-21 12:13:39,794 Parameters: current_redshift          = 6.99999981444
yt : [INFO     ] 2017-07-21 12:13:39,794 Parameters: omega_lambda              = 0.712
yt : [INFO     ] 2017-07-21 12:13:39,794 Parameters: omega_matter              = 0.288
yt : [INFO     ] 2017-07-21 12:13:39,794 Parameters: hubble_constant           = 0.6933
yt : [INFO     ] 2017-07-21 12:13:39,956 Parameters: current_time              = 102.74801136229
yt : [INFO     ] 2017-07-21 12:13:39,957 Parameters: domain_dimensions         = [128 128 128]
yt : [INFO     ] 2017-07-21 12:13:39,957 Parameters: domain_left_edge          = [ 0.  0.  0.]
yt : [INFO     ] 2017-07-21 12:13:39,957 Parameters: domain_right_edge         = [ 1.  1.  1.]
yt : [INFO     ] 2017-07-21 12:13:39,958 Parameters: cosmological_simulation   = 1
yt : [INFO     ] 2017-07-21 12:13:39,958 Parameters: current_redshift          = 6.9999998144358
yt : [INFO     ] 2017-07-21 12:13:39,958 Parameters: omega_lambda              = 0.712
yt : [INFO     ] 2017-07-21 12:13:39,958 Parameters: omega_matter              = 0.288
yt : [INFO     ] 2017-07-21 12:13:39,958 Parameters: hubble_constant           = 0.6933
yt : [INFO     ] 2017-07-21 12:13:39,961 Allocating for 3.540e+03 particles (index particle type 'all')
yt : [INFO     ] 2017-07-21 12:13:39,966 Identified 1.305e+03 octs
OutOfBounds
OutOfBounds
Parsing Hierarchy :   0%|          | 0/17983 [00:00<?, ?it/s]Parsing Hierarchy :   9%|▉         | 1619/17983 [00:00<00:01, 16179.48it/s]Parsing Hierarchy :  21%|██        | 3737/17983 [00:00<00:00, 17677.57it/s]Parsing Hierarchy :  32%|███▏      | 5832/17983 [00:00<00:00, 18657.76it/s]Parsing Hierarchy :  44%|████▍     | 7922/17983 [00:00<00:00, 19329.59it/s]Parsing Hierarchy :  53%|█████▎    | 9467/17983 [00:00<00:00, 17065.03it/s]Parsing Hierarchy :  64%|██████▍   | 11549/17983 [00:00<00:00, 18190.96it/s]Parsing Hierarchy :  76%|███████▌  | 13655/17983 [00:00<00:00, 19047.36it/s]Parsing Hierarchy :  88%|████████▊ | 15744/17983 [00:00<00:00, 19599.48it/s]Parsing Hierarchy :  99%|█████████▉| 17845/17983 [00:00<00:00, 20021.68it/s]Parsing Hierarchy : 100%|██████████| 17983/17983 [00:00<00:00, 19163.21it/s]
yt : [INFO     ] 2017-07-21 12:13:44,463 Gathering a field list (this may take a moment.)
[2, 3539, 22086688381.885544, 13.145125224503714, 30534947506.997288, 12.264013586755699]
[3, 3538, 13368450166.259897, 11.408867380015888, 18238996443.60614, 10.32841968223886]
OutOfBounds
OutOfBounds
[6, 3537, 9852909327.774824, 11.67435157335926, 11858790459.252502, 8.947746993841978]
[7, 3536, 9305879050.795027, 11.586893604274307, 11322473726.94295, 8.810772837948246]
[8, 3535, 8796125629.16478, 14.741447638320244, 11499114329.642673, 8.85635522743461]
OutOfBounds
[10, 3534, 7090179130.867242, 9.975735928469494, 8558943409.516756, 8.026144025845133]
OutOfBounds
[12, 3533, 6456472588.345067, 8.677002079541893, 7706477534.435364, 7.750306348241724]
OutOfBounds
[14, 3530, 5801248511.310328, 12.51978880492247, 6881956128.822881, 7.463413956349064]
OutOfBounds
OutOfBounds
OutOfBounds
OutOfBounds
OutOfBounds
OutOfBounds
OutOfBounds
[22, 3525, 3462201598.2561326, 6.944413358559839, 3727612924.8312798, 6.0838313534076205]
[23, 3523, 3304911452.1083364, 10.196183976103699, 4127362106.236512, 6.293966416347545]
[24, 3522, 3057005210.2218456, 7.356068318470827, 3299237212.108931, 5.8412358827344075]
[25, 3521, 2744849428.8593245, 6.519034207332858, 2881210275.2430077, 5.583311804483197]
[26, 3520, 2655748652.433243, 11.919242720724158, 2354732449.964579, 5.2201232050886395]
[27, 3519, 2629079032.2737494, 7.108015996589637, 2830889231.206838, 5.550616076257482]
OutOfBounds
[29, 3518, 2451483607.1214876, 8.04585566154945, 2356766817.017065, 5.221626077860221]
[30, 3517, 2425117050.8706484, 9.455050876548958, 2627784980.6417365, 5.4145641786283125]
OutOfBounds
[32, 3516, 2399962750.056043, 5.553297380995357, 2486182230.9581075, 5.315505230019686]
OutOfBounds
OutOfBounds
[35, 3515, 1947488399.005466, 6.814021094772096, 2065694671.6319792, 4.997148706596776]
OutOfBounds
OutOfBounds
OutOfBounds
[39, 3514, 1858084558.7043197, 6.424953706137764, 1996171034.650181, 4.940445888111156]
[40, 3513, 1851720217.5434654, 10.11350022741388, 1039603899.2064639, 3.974869398023928]
OutOfBounds
[42, 3512, 1824747533.527732, 7.733901566165781, 2097022239.0335073, 5.022283710061383]
OutOfBounds
[44, 3511, 1784136975.517242, 6.938729092791546, 1917801029.1966822, 4.874926582655501]
OutOfBounds
OutOfBounds
[47, 3510, 1704734242.834494, 5.308034630806672, 1664940100.8110795, 4.65050128029529]
[48, 3509, 1686550410.9115112, 6.488254996064852, 1710918547.1836596, 4.6929220634741045]
[49, 3508, 1669578834.4427643, 7.412896219801662, 1612326401.3704958, 4.600989253641202]
OutOfBounds
[51, 3507, 1646242916.76495, 7.252527732117636, 1706541068.5943956, 4.688916279348228]
OutOfBounds
[53, 3506, 1601995592.4702492, 5.400060028645268, 1684673418.7667804, 4.668802164670299]
[54, 3504, 1592297548.7676933, 5.8581105505329, 1512289576.1473048, 4.503794331392363]
[55, 3503, 1581084185.7398922, 14.66014393872481, 1626808124.033274, 4.614723394050797]
OutOfBounds
[57, 3501, 1526229626.1208818, 5.8334168911509305, 1734013754.8138943, 4.713943900459871]
OutOfBounds
OutOfBounds
OutOfBounds
[61, 3498, 1311054281.69386, 6.061626892818419, 1397281778.050332, 4.386601965589002]
OutOfBounds
OutOfBounds
OutOfBounds
OutOfBounds
OutOfBounds
[67, 3495, 1210134014.5167167, 6.464237158752119, 1294572584.789848, 4.276374182822078]
[68, 3493, 1150430433.0340111, 6.548959650401899, 1091593529.8869686, 4.040054415725737]
OutOfBounds
[70, 3491, 1129215962.4494107, 5.1892641680107285, 1003016855.0895587, 3.927681900855233]
OutOfBounds
[72, 3490, 1120124046.4940662, 5.978951971814631, 1217517205.842905, 4.189786883716093]
[73, 3489, 1114971960.7592256, 4.682315152912664, 922645361.2609657, 3.81983993333229]
OutOfBounds
[75, 3487, 1104364725.4922597, 4.649989351479536, 964472481.8030058, 3.8767117513122678]
OutOfBounds
OutOfBounds
[78, 3486, 1084665574.232802, 4.52209239205355, 1014170558.68821, 3.94218707780433]
OutOfBounds
[80, 3484, 1034963100.318972, 5.863985669523437, 1249826834.3362062, 4.226525679924144]
OutOfBounds
[82, 3483, 1023749737.3004487, 5.4088021065743614, 1211621707.3723526, 4.18301330144416]
OutOfBounds
[84, 3482, 983442243.1944972, 4.885567551568258, 887388751.6986064, 3.770551441336143]
[85, 3481, 977077902.0189354, 4.478566436681716, 970019243.7613312, 3.8841293143309383]
[86, 3480, 963136964.2196417, 4.677047978440232, 1183638854.9250295, 4.1505594116909394]
[87, 3479, 949802154.1430938, 5.834220140422913, 839165489.8725072, 3.7009745805158505]
[88, 3478, 941013302.0438493, 5.863971746114309, 840410194.3488942, 3.7028035180917116]
[89, 3476, 916162065.0603797, 4.5646922941100145, 706405962.201752, 3.4944997663840303]
[90, 3475, 911919170.9683427, 5.373878498657513, 1057712353.8422886, 3.997815578743473]
OutOfBounds
[92, 3473, 911009979.3689601, 6.985551555304926, 834315528.1436876, 3.6938308658526258]
[93, 3472, 904948702.065068, 5.528417131778772, 761444722.8169264, 3.5829962815603116]
[94, 3471, 889189381.0692455, 4.709881961146381, 736882893.1923536, 3.5440490332895425]
[95, 3470, 888583253.3304797, 5.737270873148711, 850862934.1560512, 3.7180917179790987]
OutOfBounds
OutOfBounds
OutOfBounds
[99, 3469, 856458483.6076858, 7.654962934753118, 759776250.993371, 3.5803773564682353]
[100, 3468, 856458483.5976722, 5.505140978116594, 819362397.2846112, 3.6716299752526953]
OutOfBounds
[102, 3467, 840093034.8713677, 4.75527565671341, 800813014.3086319, 3.643711118824569]
[103, 3466, 836456268.4664439, 4.847806127050833, 653031461.092713, 3.4041728107476237]
[104, 3465, 827061288.6575208, 4.100623143979401, 686452722.3961381, 3.4612829864041212]
[105, 3464, 825849033.1941005, 4.003762482000926, 723723381.2184284, 3.522825231700493]
[106, 3463, 823424522.2575265, 5.617808955895793, 834499067.359707, 3.6941017118694797]
OutOfBounds
[108, 3462, 820696947.4782362, 5.514802912041906, 725922276.3002816, 3.526389434659915]
[109, 3461, 816150989.4993163, 5.506834565231929, 826193930.477445, 3.6818059660719]
[110, 3460, 812514223.1129205, 5.400949808051414, 638737673.5809631, 3.379152105893049]
OutOfBounds
[112, 3459, 801906987.8216573, 4.303190424184897, 769131244.0633548, 3.5950123088671986]
[113, 3457, 790390560.9396404, 5.189833546575385, 659326758.0374048, 3.415076717111239]
OutOfBounds
[115, 3455, 778268006.3269383, 4.265178198369179, 720231310.1716746, 3.517150045218063]
OutOfBounds
[117, 3453, 766751579.4413279, 5.763954524171978, 539630070.4344329, 3.194470960636102]
[118, 3452, 764024004.6510028, 5.414218287112763, 963330411.4984791, 3.8751809572983884]
[119, 3451, 763417876.9258645, 4.450263026474653, 595186814.7896506, 3.3005374454772904]
OutOfBounds
OutOfBounds
[122, 3449, 724625702.1404611, 5.24467934161687, 597253290.5301702, 3.304352831427071]
[123, 3448, 717655233.25274, 4.904028714252454, 577803967.7681323, 3.2680879602455613]
[124, 3447, 715533786.1934214, 7.441368452818927, 554931206.482752, 3.2243829281682137]
OutOfBounds
OutOfBounds
[127, 3444, 690379485.3659537, 4.534598190173371, 610083803.8397225, 3.327847341406283]
[128, 3443, 685227399.6434138, 3.6631902420433176, 633279962.8387483, 3.3695001451713367]
[129, 3442, 680378377.7965237, 5.235472734083665, 594785421.8940464, 3.2997953198241983]
[130, 3441, 664315992.9401833, 3.447059235178758, 515362490.9956115, 3.145848709246497]
OutOfBounds
OutOfBounds
OutOfBounds
[134, 3440, 653708757.654858, 4.423136614514067, 484059507.1472827, 3.080821112779765]
OutOfBounds
OutOfBounds
[137, 3439, 642495394.630757, 4.48403879731215, 500641871.33583, 3.115606635550056]
[138, 3438, 631888159.3467567, 3.633083666870261, 431490269.92036796, 2.9649945495635546]
OutOfBounds
[140, 3437, 609461433.307061, 3.7171832223180767, 529662122.6933011, 3.1746793661658463]
[141, 3436, 606430794.6462097, 6.432319820723635, 457509308.6027529, 3.023432023129965]
[142, 3435, 605521603.0534465, 5.029412497979113, 545140309.3575999, 3.2053072251962647]
OutOfBounds
OutOfBounds
OutOfBounds
OutOfBounds
[147, 3431, 581882621.5554612, 3.818459123480144, 452889685.4256761, 3.013221380354985]
OutOfBounds
