yt : [INFO     ] 2017-08-01 15:53:11,841 Parameters: current_time              = 4.9302619419e+16
yt : [INFO     ] 2017-08-01 15:53:11,841 Parameters: domain_dimensions         = [2 2 2]
yt : [INFO     ] 2017-08-01 15:53:11,842 Parameters: domain_left_edge          = [ 0.  0.  0.]
yt : [INFO     ] 2017-08-01 15:53:11,842 Parameters: domain_right_edge         = [  2.67042632e+25   2.67042632e+25   2.67042632e+25]
yt : [INFO     ] 2017-08-01 15:53:11,843 Parameters: cosmological_simulation   = 1
yt : [INFO     ] 2017-08-01 15:53:11,843 Parameters: current_redshift          = 3.99999994524
yt : [INFO     ] 2017-08-01 15:53:11,843 Parameters: omega_lambda              = 0.712
yt : [INFO     ] 2017-08-01 15:53:11,843 Parameters: omega_matter              = 0.288
yt : [INFO     ] 2017-08-01 15:53:11,843 Parameters: hubble_constant           = 0.6933
yt : [INFO     ] 2017-08-01 15:53:11,953 Parameters: current_time              = 207.43449726205
yt : [INFO     ] 2017-08-01 15:53:11,953 Parameters: domain_dimensions         = [128 128 128]
yt : [INFO     ] 2017-08-01 15:53:11,954 Parameters: domain_left_edge          = [ 0.  0.  0.]
yt : [INFO     ] 2017-08-01 15:53:11,954 Parameters: domain_right_edge         = [ 1.  1.  1.]
yt : [INFO     ] 2017-08-01 15:53:11,954 Parameters: cosmological_simulation   = 1
yt : [INFO     ] 2017-08-01 15:53:11,955 Parameters: current_redshift          = 3.9999999452432
yt : [INFO     ] 2017-08-01 15:53:11,955 Parameters: omega_lambda              = 0.712
yt : [INFO     ] 2017-08-01 15:53:11,955 Parameters: omega_matter              = 0.288
yt : [INFO     ] 2017-08-01 15:53:11,955 Parameters: hubble_constant           = 0.6933
yt : [INFO     ] 2017-08-01 15:53:11,957 Allocating for 6.026e+03 particles (index particle type 'all')
yt : [INFO     ] 2017-08-01 15:53:11,962 Identified 1.921e+03 octs
TimeNow:  1.5619317183957369 Gyr
IsSatellite
IsSatellite
Parsing Hierarchy :   0%|          | 0/20449 [00:00<?, ?it/s]Parsing Hierarchy :   8%|▊         | 1650/20449 [00:00<00:01, 16497.93it/s]Parsing Hierarchy :  15%|█▍        | 2997/20449 [00:00<00:01, 15023.75it/s]Parsing Hierarchy :  26%|██▌       | 5251/20449 [00:00<00:00, 17276.70it/s]Parsing Hierarchy :  37%|███▋      | 7481/20449 [00:00<00:00, 18781.08it/s]Parsing Hierarchy :  48%|████▊     | 9716/20449 [00:00<00:00, 19849.32it/s]Parsing Hierarchy :  58%|█████▊    | 11946/20449 [00:00<00:00, 20582.85it/s]Parsing Hierarchy :  68%|██████▊   | 13811/20449 [00:00<00:00, 18064.89it/s]Parsing Hierarchy :  78%|███████▊  | 16033/20449 [00:00<00:00, 19310.24it/s]Parsing Hierarchy :  89%|████████▉ | 18267/20449 [00:00<00:00, 20218.41it/s]Parsing Hierarchy : 100%|██████████| 20449/20449 [00:01<00:00, 19161.64it/s]
yt : [INFO     ] 2017-08-01 15:53:17,388 Gathering a field list (this may take a moment.)
79 1.924305472365921e+26 g / s
IsSatellite
83 1.6289782338077428e+26 g / s
IsSatellite
IsSatellite
IsSatellite
97 4.399612673399736e+25 g / s
101 3.7840814119009695e+25 g / s
107 3.5380820575839392e+25 g / s
IsSatellite
114 4.775812157458387e+25 g / s
121 4.872996754520382e+25 g / s
122 3.649052491230069e+25 g / s
IsSatellite
IsSatellite
128 7.149741945578611e+25 g / s
132 3.0520794408328673e+25 g / s
134 2.8402828928558947e+25 g / s
IsSatellite
138 1.6229285852413646e+25 g / s
139 2.8637988096301415e+25 g / s
143 2.0786154864289017e+25 g / s
146 1.1807662542892875e+25 g / s
148 1.5220988395093e+25 g / s
151 1.812580913409471e+25 g / s
152 1.0097923625417933e+25 g / s
154 1.2852988620322803e+25 g / s
158 1.995571306341846e+25 g / s
160 2.1995349867281553e+25 g / s
162 3.1067045991842334e+24 g / s
167 1.4233633747394597e+24 g / s
168 1.0738556623635558e+25 g / s
169 2.60923862147022e+25 g / s
170 1.339719818911327e+25 g / s
171 5.962423605940577e+23 g / s
172 1.956444644176216e+24 g / s
174 7.222254608195022e+24 g / s
177 1.3786330065622296e+25 g / s
180 1.7053328605558405e+25 g / s
182 1.5506721957969488e+25 g / s
187 5.443220773819131e+24 g / s
189 1.1015896461971848e+25 g / s
192 7.120944998729972e+24 g / s
195 2.3339798354202736e+25 g / s
196 1.2554613890404698e+25 g / s
197 8.435564766930151e+24 g / s
202 3.3785415677392995e+24 g / s
205 3.606649332464911e+24 g / s
206 2.8938895728572266e+23 g / s
208 2.6494768166422132e+23 g / s
209 9.972729771340347e+24 g / s
216 5.483097450030125e+24 g / s
221 2.4226569024216106e+24 g / s
223 2.52094207343985e+24 g / s
226 1.041725024346134e+25 g / s
229 2.0472478317469247e+23 g / s
230 1.0979061084284769e+25 g / s
232 5.63283503712085e+23 g / s
233 5.049023741069103e+24 g / s
234 8.475685914259166e+24 g / s
235 4.895016663683826e+24 g / s
236 9.910748885580385e+23 g / s
237 2.751875846474037e+23 g / s
243 4.008570225922476e+24 g / s
247 0.0 g / s
249 1.6739742843769203e+25 g / s
251 6.294035384012885e+23 g / s
252 0.0 g / s
253 0.0 g / s
254 1.4138121410595603e+24 g / s
260 2.468804230386603e+24 g / s
262 2.7668890966714055e+24 g / s
264 4.482770269928546e+22 g / s
265 2.443119199846366e+24 g / s
269 1.2476197671790025e+23 g / s
IsSatellite
271 3.723690690797798e+23 g / s
272 1.652310252533291e+24 g / s
273 8.408641817651716e+24 g / s
274 0.0 g / s
275 0.0 g / s
279 1.800049272022586e+24 g / s
280 1.8083891740089525e+24 g / s
283 1.633045279968781e+25 g / s
287 0.0 g / s
291 2.804529867272496e+24 g / s
292 9.249146490695852e+23 g / s
293 0.0 g / s
294 9.529510119014443e+22 g / s
295 1.1808220870830847e+24 g / s
297 2.5646057823543957e+23 g / s
299 0.0 g / s
300 1.655024076482668e+23 g / s
301 2.9535839727759697e+24 g / s
302 1.0501856704231511e+24 g / s
304 0.0 g / s
312 2.888397078508069e+23 g / s
316 5.717900610759877e+22 g / s
317 0.0 g / s
319 1.3960403228620364e+23 g / s
323 0.0 g / s
324 1.2051453421648525e+23 g / s
325 0.0 g / s
327 6.995479438025197e+23 g / s
328 9.65403475772387e+23 g / s
330 1.883504059833595e+24 g / s
332 0.0 g / s
334 1.9428645005327602e+23 g / s
335 5.359378852699214e+24 g / s
337 0.0 g / s
339 7.613765052504842e+24 g / s
340 2.6098640654843606e+24 g / s
341 0.0 g / s
342 1.298433445715015e+24 g / s
343 0.0 g / s
349 0.0 g / s
350 0.0 g / s
354 1.6425625341086692e+24 g / s
356 3.77609959201373e+23 g / s
358 1.0994060716727553e+24 g / s
359 0.0 g / s
360 4.638343389091063e+23 g / s
361 1.73604323161653e+23 g / s
365 4.2089107405854025e+23 g / s
368 0.0 g / s
369 4.317606360751385e+22 g / s
371 5.916363172219126e+23 g / s
372 0.0 g / s
IsSatellite
375 0.0 g / s
376 1.8871276794821307e+24 g / s
377 3.4277639143824155e+23 g / s
379 3.2007702116747314e+24 g / s
380 1.4978680554658075e+24 g / s
381 2.2880551253195155e+23 g / s
383 0.0 g / s
385 4.7888455158320436e+23 g / s
387 0.0 g / s
389 1.5678483993475184e+24 g / s
392 1.994739715461875e+24 g / s
IsSatellite
396 5.6009824606827575e+22 g / s
397 0.0 g / s
398 1.3263498426136285e+23 g / s
400 0.0 g / s
402 1.2469129408696067e+23 g / s
403 0.0 g / s
405 1.2634987174892546e+24 g / s
IsSatellite
407 7.850570671623047e+22 g / s
409 0.0 g / s
413 6.761539383550313e+22 g / s
414 0.0 g / s
416 0.0 g / s
417 0.0 g / s
420 1.5102861507180364e+24 g / s
421 3.542483769790863e+23 g / s
422 9.451694378530503e+22 g / s
424 1.3938096049681638e+22 g / s
425 6.537819129658985e+22 g / s
428 6.0062727757032766e+22 g / s
434 0.0 g / s
435 4.595868964076913e+23 g / s
436 6.255737070404706e+21 g / s
437 0.0 g / s
440 3.1602917604039942e+22 g / s
442 0.0 g / s
444 1.847540218439934e+22 g / s
445 0.0 g / s
448 1.9675061516860083e+22 g / s
450 1.341932444645537e+22 g / s
451 3.1343531802426813e+22 g / s
453 3.347828991899297e+24 g / s
457 0.0 g / s
458 1.339967597198318e+24 g / s
460 0.0 g / s
461 6.421095518933078e+22 g / s
462 2.462128936782088e+23 g / s
466 0.0 g / s
467 0.0 g / s
468 1.7354142210476177e+23 g / s
469 0.0 g / s
470 4.310927176359847e+22 g / s
IsSatellite
476 0.0 g / s
477 0.0 g / s
478 0.0 g / s
483 0.0 g / s
485 0.0 g / s
487 0.0 g / s
488 0.0 g / s
490 0.0 g / s
493 8.398134098828369e+22 g / s
494 3.3840120142953204e+22 g / s
496 1.8734787986012477e+22 g / s
497 1.3672420142379386e+23 g / s
IsSatellite
501 0.0 g / s
503 5.488305268462014e+23 g / s
505 0.0 g / s
510 2.3745375938998544e+24 g / s
511 0.0 g / s
514 0.0 g / s
516 9.318759155203773e+22 g / s
517 3.509373172214947e+23 g / s
519 0.0 g / s
521 0.0 g / s
524 1.3276467716216944e+23 g / s
528 0.0 g / s
530 6.529693869423457e+23 g / s
531 0.0 g / s
IsSatellite
533 0.0 g / s
535 0.0 g / s
537 0.0 g / s
538 0.0 g / s
540 0.0 g / s
543 0.0 g / s
544 0.0 g / s
545 0.0 g / s
546 0.0 g / s
549 0.0 g / s
552 0.0 g / s
553 1.2154818663591354e+22 g / s
554 0.0 g / s
555 0.0 g / s
556 0.0 g / s
560 0.0 g / s
561 1.2738436717220899e+22 g / s
563 0.0 g / s
564 0.0 g / s
566 5.5602070126691754e+23 g / s
573 0.0 g / s
574 0.0 g / s
575 5.1667057823319736e+22 g / s
576 1.970748474206172e+22 g / s
580 0.0 g / s
581 0.0 g / s
585 0.0 g / s
586 0.0 g / s
588 0.0 g / s
589 0.0 g / s
591 0.0 g / s
594 0.0 g / s
595 0.0 g / s
596 0.0 g / s
599 0.0 g / s
601 2.5924119402873243e+23 g / s
603 0.0 g / s
604 6.018859471726553e+23 g / s
606 0.0 g / s
607 0.0 g / s
608 0.0 g / s
611 0.0 g / s
612 0.0 g / s
615 0.0 g / s
618 0.0 g / s
IsSatellite
620 0.0 g / s
622 0.0 g / s
623 0.0 g / s
624 0.0 g / s
626 0.0 g / s
RadiusEqualZero
638 0.0 g / s
640 0.0 g / s
642 6.800252714441072e+22 g / s
643 0.0 g / s
644 0.0 g / s
645 0.0 g / s
646 1.1276732878680501e+23 g / s
647 0.0 g / s
648 0.0 g / s
651 0.0 g / s
653 1.9253559589238737e+22 g / s
656 0.0 g / s
658 0.0 g / s
660 3.931769980851851e+22 g / s
IsSatellite
666 0.0 g / s
671 0.0 g / s
RadiusEqualZero
673 0.0 g / s
674 5.377456746142641e+22 g / s
675 0.0 g / s
676 0.0 g / s
677 0.0 g / s
681 0.0 g / s
682 0.0 g / s
683 0.0 g / s
685 3.938254625892179e+22 g / s
689 0.0 g / s
690 0.0 g / s
691 0.0 g / s
696 1.1341384789732571e+23 g / s
698 0.0 g / s
699 0.0 g / s
703 0.0 g / s
706 8.517399690410084e+23 g / s
707 0.0 g / s
708 0.0 g / s
710 0.0 g / s
713 0.0 g / s
714 1.7262176974514244e+24 g / s
716 0.0 g / s
719 0.0 g / s
720 0.0 g / s
721 1.5603482588938746e+23 g / s
723 0.0 g / s
724 0.0 g / s
IsSatellite
RadiusEqualZero
728 1.2738436717220899e+22 g / s
729 0.0 g / s
732 0.0 g / s
IsSatellite
737 0.0 g / s
741 0.0 g / s
743 0.0 g / s
745 0.0 g / s
747 0.0 g / s
749 0.0 g / s
750 0.0 g / s
751 0.0 g / s
752 0.0 g / s
753 0.0 g / s
757 0.0 g / s
760 0.0 g / s
761 0.0 g / s
763 0.0 g / s
764 1.1023831722107697e+23 g / s
765 0.0 g / s
766 0.0 g / s
767 0.0 g / s
768 0.0 g / s
771 0.0 g / s
773 0.0 g / s
774 0.0 g / s
775 0.0 g / s
776 0.0 g / s
779 0.0 g / s
780 0.0 g / s
IsSatellite
785 1.7729668004761588e+22 g / s
788 0.0 g / s
789 0.0 g / s
790 0.0 g / s
791 0.0 g / s
792 0.0 g / s
793 0.0 g / s
794 0.0 g / s
795 0.0 g / s
796 0.0 g / s
797 0.0 g / s
800 0.0 g / s
801 0.0 g / s
802 0.0 g / s
803 0.0 g / s
804 0.0 g / s
806 0.0 g / s
807 0.0 g / s
808 0.0 g / s
810 3.3451041440533506e+22 g / s
IsSatellite
815 9.788895920627577e+22 g / s
816 0.0 g / s
818 0.0 g / s
822 0.0 g / s
824 0.0 g / s
825 0.0 g / s
826 0.0 g / s
827 0.0 g / s
IsSatellite
832 0.0 g / s
833 0.0 g / s
IsSatellite
IsSatellite
841 0.0 g / s
842 0.0 g / s
843 7.196010601252308e+21 g / s
844 0.0 g / s
846 0.0 g / s
847 0.0 g / s
848 0.0 g / s
849 0.0 g / s
850 0.0 g / s
851 0.0 g / s
855 0.0 g / s
856 0.0 g / s
859 0.0 g / s
861 0.0 g / s
863 0.0 g / s
864 0.0 g / s
865 0.0 g / s
866 0.0 g / s
867 0.0 g / s
868 0.0 g / s
869 0.0 g / s
870 6.612392547622764e+21 g / s
871 0.0 g / s
IsSatellite
875 0.0 g / s
IsSatellite
877 0.0 g / s
878 0.0 g / s
880 0.0 g / s
881 0.0 g / s
883 0.0 g / s
884 0.0 g / s
885 0.0 g / s
886 0.0 g / s
890 0.0 g / s
891 0.0 g / s
894 0.0 g / s
895 0.0 g / s
896 0.0 g / s
897 0.0 g / s
898 0.0 g / s
900 0.0 g / s
902 0.0 g / s
IsSatellite
905 0.0 g / s
RadiusEqualZero
909 0.0 g / s
911 0.0 g / s
912 0.0 g / s
918 0.0 g / s
919 0.0 g / s
920 0.0 g / s
921 0.0 g / s
925 0.0 g / s
IsSatellite
927 0.0 g / s
929 0.0 g / s
931 0.0 g / s
934 0.0 g / s
936 2.3726019273553166e+22 g / s
937 0.0 g / s
939 0.0 g / s
940 0.0 g / s
944 0.0 g / s
946 0.0 g / s
950 0.0 g / s
951 0.0 g / s
958 0.0 g / s
959 0.0 g / s
960 0.0 g / s
961 0.0 g / s
964 0.0 g / s
965 0.0 g / s
967 0.0 g / s
968 0.0 g / s
969 0.0 g / s
971 0.0 g / s
972 0.0 g / s
974 0.0 g / s
975 0.0 g / s
977 0.0 g / s
979 0.0 g / s
IsSatellite
985 0.0 g / s
986 0.0 g / s
987 0.0 g / s
IsSatellite
993 0.0 g / s
994 0.0 g / s
995 0.0 g / s
996 0.0 g / s
1009 0.0 g / s
1010 0.0 g / s
1012 0.0 g / s
1013 2.563898956045002e+22 g / s
1014 0.0 g / s
1015 0.0 g / s
1017 0.0 g / s
1019 0.0 g / s
1022 0.0 g / s
1023 2.0647758272909323e+22 g / s
1024 0.0 g / s
1028 0.0 g / s
1029 0.0 g / s
IsSatellite
1033 0.0 g / s
1035 0.0 g / s
IsSatellite
1037 0.0 g / s
1038 0.0 g / s
1039 0.0 g / s
1040 0.0 g / s
1042 0.0 g / s
1045 0.0 g / s
1047 0.0 g / s
1048 0.0 g / s
1049 0.0 g / s
1051 0.0 g / s
1052 0.0 g / s
1053 0.0 g / s
1057 0.0 g / s
1060 0.0 g / s
1061 0.0 g / s
1062 0.0 g / s
1069 0.0 g / s
1070 0.0 g / s
1071 0.0 g / s
1073 0.0 g / s
1074 0.0 g / s
1075 0.0 g / s
1076 0.0 g / s
1077 0.0 g / s
1078 0.0 g / s
1079 0.0 g / s
1081 0.0 g / s
1082 0.0 g / s
1084 0.0 g / s
1085 0.0 g / s
1086 0.0 g / s
1087 0.0 g / s
1091 0.0 g / s
1092 0.0 g / s
1093 0.0 g / s
IsSatellite
1097 0.0 g / s
1098 1.2252088339196279e+22 g / s
1099 0.0 g / s
IsSatellite
1101 0.0 g / s
1102 0.0 g / s
1103 0.0 g / s
1106 0.0 g / s
1107 0.0 g / s
1109 0.0 g / s
1110 0.0 g / s
1111 0.0 g / s
1112 0.0 g / s
1114 0.0 g / s
1115 0.0 g / s
1117 0.0 g / s
1121 0.0 g / s
1122 0.0 g / s
1123 0.0 g / s
1124 0.0 g / s
1125 0.0 g / s
1126 0.0 g / s
1128 0.0 g / s
1130 0.0 g / s
IsSatellite
1133 0.0 g / s
1135 0.0 g / s
1136 0.0 g / s
1137 0.0 g / s
1139 0.0 g / s
RadiusEqualZero
1141 0.0 g / s
IsSatellite
1145 0.0 g / s
1146 2.1552171716683903e+23 g / s
1148 0.0 g / s
1149 0.0 g / s
1152 0.0 g / s
1153 0.0 g / s
IsSatellite
1157 0.0 g / s
1164 0.0 g / s
1166 0.0 g / s
1168 0.0 g / s
1169 0.0 g / s
1170 0.0 g / s
1174 0.0 g / s
IsSatellite
1176 0.0 g / s
1178 0.0 g / s
1179 0.0 g / s
1180 0.0 g / s
1181 0.0 g / s
1184 1.4680393367448016e+23 g / s
1186 0.0 g / s
1187 0.0 g / s
1188 0.0 g / s
1195 0.0 g / s
1198 0.0 g / s
1199 0.0 g / s
1200 0.0 g / s
1202 0.0 g / s
1203 0.0 g / s
1204 0.0 g / s
1206 0.0 g / s
1207 0.0 g / s
1209 0.0 g / s
1213 0.0 g / s
1214 0.0 g / s
1215 0.0 g / s
1217 0.0 g / s
1219 0.0 g / s
1220 0.0 g / s
1221 0.0 g / s
1222 0.0 g / s
1226 0.0 g / s
1227 0.0 g / s
1228 0.0 g / s
1229 0.0 g / s
1230 0.0 g / s
1231 0.0 g / s
1232 0.0 g / s
1233 0.0 g / s
1234 0.0 g / s
1235 0.0 g / s
1236 0.0 g / s
1237 0.0 g / s
1239 0.0 g / s
1240 0.0 g / s
1243 0.0 g / s
1244 0.0 g / s
1245 0.0 g / s
1246 0.0 g / s
1247 0.0 g / s
1250 0.0 g / s
1251 0.0 g / s
1253 0.0 g / s
1255 0.0 g / s
1256 0.0 g / s
1261 0.0 g / s
1262 0.0 g / s
1264 0.0 g / s
1265 0.0 g / s
1273 0.0 g / s
1274 0.0 g / s
RadiusEqualZero
1278 0.0 g / s
1279 0.0 g / s
1280 0.0 g / s
1281 0.0 g / s
1284 0.0 g / s
1285 0.0 g / s
1287 0.0 g / s
1288 0.0 g / s
1290 0.0 g / s
1292 0.0 g / s
IsSatellite
1296 0.0 g / s
1297 0.0 g / s
1299 0.0 g / s
1300 0.0 g / s
IsSatellite
IsSatellite
1310 0.0 g / s
1313 0.0 g / s
1314 0.0 g / s
1316 1.9869600868069928e+22 g / s
1318 0.0 g / s
1319 0.0 g / s
1320 0.0 g / s
1321 0.0 g / s
1322 0.0 g / s
1323 0.0 g / s
1324 0.0 g / s
1325 0.0 g / s
1326 0.0 g / s
1327 0.0 g / s
1330 0.0 g / s
1333 0.0 g / s
1334 0.0 g / s
1338 0.0 g / s
1339 0.0 g / s
1340 0.0 g / s
1341 0.0 g / s
1342 0.0 g / s
1344 0.0 g / s
1345 0.0 g / s
1347 0.0 g / s
1349 0.0 g / s
1351 0.0 g / s
1353 0.0 g / s
1354 0.0 g / s
1355 0.0 g / s
1357 0.0 g / s
1358 0.0 g / s
IsSatellite
1360 0.0 g / s
1361 0.0 g / s
1362 0.0 g / s
1364 0.0 g / s
IsSatellite
1367 0.0 g / s
1369 0.0 g / s
1370 0.0 g / s
1371 0.0 g / s
1372 0.0 g / s
1377 0.0 g / s
IsSatellite
1379 0.0 g / s
1381 0.0 g / s
1382 0.0 g / s
1383 0.0 g / s
1385 0.0 g / s
1386 0.0 g / s
1387 0.0 g / s
1388 0.0 g / s
1389 0.0 g / s
1394 0.0 g / s
IsSatellite
1398 0.0 g / s
1399 0.0 g / s
1400 0.0 g / s
1401 0.0 g / s
1402 0.0 g / s
1403 0.0 g / s
1404 0.0 g / s
1406 0.0 g / s
1407 0.0 g / s
1409 0.0 g / s
1410 0.0 g / s
1411 0.0 g / s
1412 0.0 g / s
1413 0.0 g / s
1414 0.0 g / s
1415 0.0 g / s
1416 0.0 g / s
1417 0.0 g / s
1418 0.0 g / s
1420 0.0 g / s
1423 0.0 g / s
1425 0.0 g / s
1427 0.0 g / s
1430 0.0 g / s
1431 0.0 g / s
1432 0.0 g / s
1436 0.0 g / s
1437 0.0 g / s
1438 0.0 g / s
1439 0.0 g / s
1440 0.0 g / s
1441 0.0 g / s
1444 0.0 g / s
1445 0.0 g / s
1448 0.0 g / s
1449 0.0 g / s
1450 0.0 g / s
IsSatellite
1452 0.0 g / s
1454 0.0 g / s
1456 0.0 g / s
1457 0.0 g / s
IsSatellite
1459 0.0 g / s
1461 0.0 g / s
IsSatellite
1465 0.0 g / s
IsSatellite
1467 0.0 g / s
1468 0.0 g / s
1472 0.0 g / s
1473 0.0 g / s
1474 0.0 g / s
1475 0.0 g / s
1477 0.0 g / s
1478 0.0 g / s
1479 0.0 g / s
IsSatellite
1482 0.0 g / s
1484 0.0 g / s
1490 0.0 g / s
1494 0.0 g / s
1495 0.0 g / s
1497 0.0 g / s
1499 0.0 g / s
1500 0.0 g / s
1501 0.0 g / s
1504 0.0 g / s
1505 0.0 g / s
1506 0.0 g / s
1510 0.0 g / s
1511 0.0 g / s
1512 0.0 g / s
IsSatellite
1514 0.0 g / s
1516 0.0 g / s
IsSatellite
1522 0.0 g / s
1523 0.0 g / s
1524 0.0 g / s
IsSatellite
1527 0.0 g / s
1529 0.0 g / s
1530 0.0 g / s
1534 0.0 g / s
IsSatellite
1536 0.0 g / s
1538 0.0 g / s
1541 0.0 g / s
1543 0.0 g / s
1546 0.0 g / s
IsSatellite
1548 0.0 g / s
1550 0.0 g / s
1551 0.0 g / s
1554 0.0 g / s
1555 0.0 g / s
1556 0.0 g / s
1557 0.0 g / s
1558 0.0 g / s
1564 0.0 g / s
1565 0.0 g / s
IsSatellite
1568 0.0 g / s
1569 0.0 g / s
1573 0.0 g / s
1574 0.0 g / s
1576 0.0 g / s
1577 0.0 g / s
1579 0.0 g / s
1580 0.0 g / s
1581 0.0 g / s
1582 0.0 g / s
1584 0.0 g / s
1585 0.0 g / s
IsSatellite
1589 0.0 g / s
1590 0.0 g / s
1591 0.0 g / s
1592 0.0 g / s
1593 0.0 g / s
1595 0.0 g / s
1596 0.0 g / s
1597 0.0 g / s
1598 0.0 g / s
1599 0.0 g / s
1600 0.0 g / s
IsSatellite
1605 0.0 g / s
1606 0.0 g / s
1607 0.0 g / s
1608 0.0 g / s
1610 0.0 g / s
1611 0.0 g / s
1612 0.0 g / s
1614 0.0 g / s
1615 0.0 g / s
1616 0.0 g / s
1618 0.0 g / s
1619 0.0 g / s
1620 0.0 g / s
1625 0.0 g / s
1626 0.0 g / s
1627 0.0 g / s
IsSatellite
1632 0.0 g / s
1634 0.0 g / s
1635 0.0 g / s
1636 0.0 g / s
1637 0.0 g / s
1639 0.0 g / s
1640 0.0 g / s
1642 0.0 g / s
1643 0.0 g / s
1644 0.0 g / s
1645 0.0 g / s
1647 0.0 g / s
1650 0.0 g / s
1653 0.0 g / s
1654 0.0 g / s
1659 0.0 g / s
1660 0.0 g / s
1661 0.0 g / s
1663 0.0 g / s
1664 0.0 g / s
1666 0.0 g / s
1667 0.0 g / s
1668 0.0 g / s
1669 0.0 g / s
1670 0.0 g / s
1671 0.0 g / s
IsSatellite
1673 0.0 g / s
1674 0.0 g / s
1676 0.0 g / s
1681 0.0 g / s
1682 0.0 g / s
1684 0.0 g / s
1686 0.0 g / s
1687 0.0 g / s
1689 0.0 g / s
1691 0.0 g / s
1693 0.0 g / s
1697 0.0 g / s
1698 0.0 g / s
1701 0.0 g / s
1702 0.0 g / s
1703 0.0 g / s
1704 0.0 g / s
1705 0.0 g / s
1706 0.0 g / s
1708 0.0 g / s
IsSatellite
1710 0.0 g / s
1711 0.0 g / s
1712 0.0 g / s
1713 0.0 g / s
1714 0.0 g / s
1715 0.0 g / s
1720 0.0 g / s
1721 0.0 g / s
1722 0.0 g / s
1723 0.0 g / s
1725 0.0 g / s
1727 0.0 g / s
1728 0.0 g / s
1729 0.0 g / s
1731 0.0 g / s
IsSatellite
1734 0.0 g / s
1735 0.0 g / s
1738 0.0 g / s
1740 0.0 g / s
1742 0.0 g / s
1743 0.0 g / s
1744 0.0 g / s
1745 0.0 g / s
IsSatellite
IsSatellite
1748 0.0 g / s
1749 2.043681212128294e+25 g / s
1751 0.0 g / s
1752 0.0 g / s
1757 0.0 g / s
1758 0.0 g / s
1759 0.0 g / s
1761 0.0 g / s
RadiusEqualZero
1764 0.0 g / s
1765 0.0 g / s
1769 0.0 g / s
1772 0.0 g / s
1773 0.0 g / s
1774 0.0 g / s
1777 0.0 g / s
1781 0.0 g / s
IsSatellite
1784 0.0 g / s
IsSatellite
1788 0.0 g / s
1789 0.0 g / s
1790 0.0 g / s
1791 0.0 g / s
1792 0.0 g / s
1793 0.0 g / s
1794 0.0 g / s
1795 0.0 g / s
1796 0.0 g / s
1797 0.0 g / s
IsSatellite
1799 0.0 g / s
1800 0.0 g / s
1801 0.0 g / s
1802 0.0 g / s
1807 0.0 g / s
1809 0.0 g / s
1810 0.0 g / s
1811 0.0 g / s
1812 0.0 g / s
1813 0.0 g / s
1815 0.0 g / s
1816 0.0 g / s
1817 0.0 g / s
1818 0.0 g / s
1819 0.0 g / s
1820 0.0 g / s
1821 0.0 g / s
IsSatellite
1823 0.0 g / s
1824 0.0 g / s
RadiusEqualZero
1827 0.0 g / s
1832 0.0 g / s
IsSatellite
1835 0.0 g / s
1837 0.0 g / s
1838 0.0 g / s
1839 0.0 g / s
1841 0.0 g / s
1842 0.0 g / s
1843 0.0 g / s
1844 0.0 g / s
1845 0.0 g / s
1846 0.0 g / s
1849 0.0 g / s
1850 0.0 g / s
1851 0.0 g / s
1853 0.0 g / s
1854 0.0 g / s
1855 0.0 g / s
1857 0.0 g / s
1858 0.0 g / s
1859 0.0 g / s
1860 0.0 g / s
1861 0.0 g / s
1862 0.0 g / s
1863 0.0 g / s
IsSatellite
1867 0.0 g / s
1868 0.0 g / s
1871 0.0 g / s
1872 0.0 g / s
1873 0.0 g / s
1874 0.0 g / s
1875 0.0 g / s
1876 0.0 g / s
1877 0.0 g / s
1878 0.0 g / s
1879 0.0 g / s
1880 0.0 g / s
1881 0.0 g / s
1882 0.0 g / s
1883 0.0 g / s
1884 0.0 g / s
1885 0.0 g / s
1886 0.0 g / s
1888 0.0 g / s
1889 0.0 g / s
1890 0.0 g / s
1891 0.0 g / s
1892 0.0 g / s
1894 0.0 g / s
1895 0.0 g / s
1899 0.0 g / s
IsSatellite
RadiusEqualZero
IsSatellite
1904 0.0 g / s
1905 0.0 g / s
1906 0.0 g / s
1908 0.0 g / s
1910 0.0 g / s
1912 0.0 g / s
1913 0.0 g / s
1915 0.0 g / s
1918 0.0 g / s
1919 0.0 g / s
1920 0.0 g / s
IsSatellite
1924 0.0 g / s
1925 0.0 g / s
1927 0.0 g / s
1928 0.0 g / s
1930 0.0 g / s
1931 0.0 g / s
1933 0.0 g / s
1934 0.0 g / s
1935 0.0 g / s
1937 0.0 g / s
1938 0.0 g / s
1940 0.0 g / s
1941 0.0 g / s
1942 0.0 g / s
1944 0.0 g / s
1945 0.0 g / s
1946 0.0 g / s
1947 0.0 g / s
1948 0.0 g / s
1949 0.0 g / s
1950 0.0 g / s
1951 0.0 g / s
1953 0.0 g / s
1954 0.0 g / s
IsSatellite
1957 0.0 g / s
1958 0.0 g / s
1959 0.0 g / s
1961 0.0 g / s
1962 0.0 g / s
1963 0.0 g / s
IsSatellite
IsSatellite
IsSatellite
1970 0.0 g / s
1971 0.0 g / s
IsSatellite
1974 0.0 g / s
1975 0.0 g / s
1976 0.0 g / s
1978 0.0 g / s
1980 0.0 g / s
IsSatellite
1983 0.0 g / s
1984 0.0 g / s
1985 0.0 g / s
1986 0.0 g / s
1990 0.0 g / s
1991 0.0 g / s
1992 0.0 g / s
1993 0.0 g / s
1995 0.0 g / s
1996 0.0 g / s
1997 0.0 g / s
1998 0.0 g / s
1999 0.0 g / s
2000 0.0 g / s
2003 0.0 g / s
IsSatellite
2007 0.0 g / s
2008 0.0 g / s
2009 0.0 g / s
2011 0.0 g / s
2012 0.0 g / s
2015 0.0 g / s
2016 0.0 g / s
2017 0.0 g / s
IsSatellite
2019 0.0 g / s
2020 0.0 g / s
2021 0.0 g / s
2022 0.0 g / s
2023 0.0 g / s
IsSatellite
IsSatellite
2027 0.0 g / s
2032 0.0 g / s
RadiusEqualZero
2036 0.0 g / s
2037 0.0 g / s
IsSatellite
2039 0.0 g / s
2040 0.0 g / s
2041 0.0 g / s
2042 0.0 g / s
2043 0.0 g / s
2044 0.0 g / s
2045 0.0 g / s
2047 0.0 g / s
2049 0.0 g / s
2050 0.0 g / s
2052 0.0 g / s
2053 0.0 g / s
2055 0.0 g / s
2057 0.0 g / s
2058 0.0 g / s
2059 0.0 g / s
2061 0.0 g / s
2062 0.0 g / s
2065 0.0 g / s
2066 0.0 g / s
2068 0.0 g / s
2069 0.0 g / s
2072 0.0 g / s
2075 0.0 g / s
2076 0.0 g / s
2078 0.0 g / s
IsSatellite
2081 0.0 g / s
2082 0.0 g / s
2083 0.0 g / s
2084 0.0 g / s
2086 0.0 g / s
2087 0.0 g / s
2088 0.0 g / s
IsSatellite
2090 0.0 g / s
2091 0.0 g / s
2092 0.0 g / s
2093 0.0 g / s
2094 0.0 g / s
2096 0.0 g / s
2097 0.0 g / s
2098 0.0 g / s
2099 0.0 g / s
2100 0.0 g / s
2101 0.0 g / s
2102 0.0 g / s
2105 0.0 g / s
2108 0.0 g / s
2109 0.0 g / s
2111 0.0 g / s
2112 0.0 g / s
2113 0.0 g / s
2114 0.0 g / s
2115 0.0 g / s
IsSatellite
IsSatellite
2118 0.0 g / s
2120 0.0 g / s
2121 0.0 g / s
2122 0.0 g / s
2123 0.0 g / s
2124 0.0 g / s
2125 0.0 g / s
2128 0.0 g / s
2129 0.0 g / s
2133 0.0 g / s
2134 0.0 g / s
2135 0.0 g / s
2137 0.0 g / s
2139 0.0 g / s
IsSatellite
2141 0.0 g / s
2142 0.0 g / s
2143 0.0 g / s
2144 0.0 g / s
2145 0.0 g / s
2146 0.0 g / s
2147 0.0 g / s
2150 0.0 g / s
IsSatellite
2154 0.0 g / s
2155 0.0 g / s
2156 0.0 g / s
2157 0.0 g / s
2158 0.0 g / s
2159 0.0 g / s
2162 0.0 g / s
2163 0.0 g / s
2164 0.0 g / s
2166 0.0 g / s
2168 0.0 g / s
2169 0.0 g / s
2170 0.0 g / s
2172 0.0 g / s
2173 0.0 g / s
2174 0.0 g / s
2175 0.0 g / s
2176 0.0 g / s
2177 0.0 g / s
2178 0.0 g / s
2180 0.0 g / s
2182 0.0 g / s
2183 0.0 g / s
2184 0.0 g / s
2185 0.0 g / s
2188 0.0 g / s
2190 0.0 g / s
2191 0.0 g / s
2192 0.0 g / s
2193 0.0 g / s
2194 0.0 g / s
2195 0.0 g / s
2196 0.0 g / s
2197 0.0 g / s
2198 0.0 g / s
IsSatellite
2200 0.0 g / s
2201 0.0 g / s
2204 0.0 g / s
2205 0.0 g / s
2206 0.0 g / s
2207 0.0 g / s
2208 0.0 g / s
2209 0.0 g / s
2211 0.0 g / s
2213 0.0 g / s
2215 0.0 g / s
2216 0.0 g / s
2220 0.0 g / s
2221 0.0 g / s
2223 0.0 g / s
2224 0.0 g / s
2225 0.0 g / s
2226 0.0 g / s
2229 0.0 g / s
2230 0.0 g / s
2231 0.0 g / s
2234 0.0 g / s
2235 0.0 g / s
2236 0.0 g / s
2239 0.0 g / s
IsSatellite
2242 0.0 g / s
2243 0.0 g / s
2244 0.0 g / s
2245 0.0 g / s
2246 0.0 g / s
2247 0.0 g / s
IsSatellite
2249 0.0 g / s
2250 0.0 g / s
2251 0.0 g / s
2253 0.0 g / s
2254 0.0 g / s
2255 0.0 g / s
2256 0.0 g / s
2257 0.0 g / s
2258 0.0 g / s
2259 0.0 g / s
2260 0.0 g / s
IsSatellite
2262 0.0 g / s
2264 0.0 g / s
2267 0.0 g / s
2268 0.0 g / s
2271 0.0 g / s
IsSatellite
2273 0.0 g / s
2274 0.0 g / s
2275 0.0 g / s
2278 0.0 g / s
IsSatellite
2281 0.0 g / s
2282 0.0 g / s
2283 0.0 g / s
2284 0.0 g / s
2285 0.0 g / s
2287 0.0 g / s
2291 0.0 g / s
2293 0.0 g / s
2296 0.0 g / s
2297 0.0 g / s
2299 0.0 g / s
2300 0.0 g / s
2303 0.0 g / s
IsSatellite
IsSatellite
2310 0.0 g / s
2313 0.0 g / s
2314 0.0 g / s
2315 0.0 g / s
2316 0.0 g / s
2317 0.0 g / s
2319 0.0 g / s
2321 0.0 g / s
2322 0.0 g / s
2324 0.0 g / s
2325 0.0 g / s
2326 0.0 g / s
2327 0.0 g / s
2329 0.0 g / s
2330 0.0 g / s
IsSatellite
2333 0.0 g / s
IsSatellite
2338 0.0 g / s
2342 0.0 g / s
2343 0.0 g / s
IsSatellite
2346 0.0 g / s
2348 0.0 g / s
2349 0.0 g / s
2350 0.0 g / s
2351 0.0 g / s
2352 0.0 g / s
IsSatellite
2354 0.0 g / s
2355 0.0 g / s
2356 0.0 g / s
2357 0.0 g / s
2358 0.0 g / s
2359 0.0 g / s
2360 0.0 g / s
IsSatellite
2363 0.0 g / s
2364 0.0 g / s
2365 0.0 g / s
2366 0.0 g / s
2367 0.0 g / s
2369 0.0 g / s
2371 0.0 g / s
2374 0.0 g / s
2375 0.0 g / s
2377 0.0 g / s
2378 0.0 g / s
2379 0.0 g / s
2380 0.0 g / s
IsSatellite
RadiusEqualZero
2386 0.0 g / s
2387 0.0 g / s
2389 0.0 g / s
2391 0.0 g / s
2392 0.0 g / s
2393 0.0 g / s
2396 0.0 g / s
2397 0.0 g / s
2398 0.0 g / s
2399 0.0 g / s
2400 0.0 g / s
2401 0.0 g / s
IsSatellite
IsSatellite
2404 0.0 g / s
2405 0.0 g / s
2406 0.0 g / s
2407 0.0 g / s
2409 0.0 g / s
2410 0.0 g / s
IsSatellite
2412 0.0 g / s
2413 0.0 g / s
2414 0.0 g / s
2416 0.0 g / s
2417 0.0 g / s
2418 0.0 g / s
2419 0.0 g / s
2420 0.0 g / s
2422 0.0 g / s
2423 0.0 g / s
2425 0.0 g / s
2426 0.0 g / s
IsSatellite
2429 0.0 g / s
2430 0.0 g / s
2432 0.0 g / s
2433 0.0 g / s
2434 0.0 g / s
2436 0.0 g / s
2437 0.0 g / s
2438 0.0 g / s
2439 0.0 g / s
2440 0.0 g / s
2442 0.0 g / s
2443 0.0 g / s
2444 0.0 g / s
2445 0.0 g / s
2446 0.0 g / s
2447 0.0 g / s
2449 0.0 g / s
2450 0.0 g / s
2451 0.0 g / s
2452 0.0 g / s
2453 0.0 g / s
2454 0.0 g / s
2455 0.0 g / s
2456 0.0 g / s
IsSatellite
2461 0.0 g / s
2462 0.0 g / s
2463 0.0 g / s
2465 0.0 g / s
2466 0.0 g / s
2467 0.0 g / s
2468 0.0 g / s
IsSatellite
2472 0.0 g / s
2474 0.0 g / s
2475 0.0 g / s
2476 0.0 g / s
2477 0.0 g / s
2478 0.0 g / s
2479 0.0 g / s
RadiusEqualZero
2481 0.0 g / s
2482 0.0 g / s
IsSatellite
2486 0.0 g / s
2487 0.0 g / s
2488 0.0 g / s
IsSatellite
2490 0.0 g / s
2492 0.0 g / s
2493 0.0 g / s
2496 0.0 g / s
2498 0.0 g / s
2499 0.0 g / s
2504 0.0 g / s
2505 0.0 g / s
2506 0.0 g / s
2507 0.0 g / s
2510 0.0 g / s
2512 0.0 g / s
2513 0.0 g / s
2514 0.0 g / s
2516 0.0 g / s
IsSatellite
2519 0.0 g / s
2520 0.0 g / s
2522 0.0 g / s
2523 0.0 g / s
2524 0.0 g / s
2525 0.0 g / s
2529 0.0 g / s
2531 0.0 g / s
2532 0.0 g / s
2533 0.0 g / s
2534 0.0 g / s
2535 0.0 g / s
2536 0.0 g / s
2537 0.0 g / s
2538 0.0 g / s
IsSatellite
IsSatellite
2541 0.0 g / s
2542 0.0 g / s
2544 0.0 g / s
2545 0.0 g / s
2546 0.0 g / s
IsSatellite
2552 0.0 g / s
2553 0.0 g / s
2554 0.0 g / s
2555 0.0 g / s
2556 0.0 g / s
2557 0.0 g / s
2564 0.0 g / s
2565 0.0 g / s
2566 0.0 g / s
2567 0.0 g / s
2569 0.0 g / s
2570 0.0 g / s
2571 0.0 g / s
RadiusEqualZero
2574 0.0 g / s
2575 0.0 g / s
2576 0.0 g / s
2577 0.0 g / s
2578 0.0 g / s
2580 0.0 g / s
2581 0.0 g / s
2582 0.0 g / s
2584 0.0 g / s
2585 0.0 g / s
2587 0.0 g / s
IsSatellite
2590 0.0 g / s
2591 0.0 g / s
2592 0.0 g / s
2593 0.0 g / s
2594 0.0 g / s
2595 0.0 g / s
2596 0.0 g / s
2597 0.0 g / s
2598 0.0 g / s
2600 0.0 g / s
2601 0.0 g / s
2602 0.0 g / s
2603 0.0 g / s
2604 0.0 g / s
2607 0.0 g / s
2608 0.0 g / s
2609 0.0 g / s
2610 0.0 g / s
2614 0.0 g / s
2615 0.0 g / s
2617 0.0 g / s
2618 0.0 g / s
2619 0.0 g / s
2620 0.0 g / s
2621 0.0 g / s
2622 0.0 g / s
RadiusEqualZero
2626 0.0 g / s
2628 0.0 g / s
2633 0.0 g / s
2634 0.0 g / s
2635 0.0 g / s
2636 0.0 g / s
2640 0.0 g / s
2641 0.0 g / s
2642 0.0 g / s
2643 0.0 g / s
2644 0.0 g / s
2645 0.0 g / s
2646 0.0 g / s
2647 0.0 g / s
2648 0.0 g / s
2649 0.0 g / s
2650 0.0 g / s
2651 0.0 g / s
2652 0.0 g / s
2653 0.0 g / s
2654 0.0 g / s
2655 0.0 g / s
2656 0.0 g / s
2658 0.0 g / s
2659 0.0 g / s
IsSatellite
2662 0.0 g / s
2663 0.0 g / s
2664 0.0 g / s
2669 0.0 g / s
IsSatellite
RadiusEqualZero
2673 0.0 g / s
2674 0.0 g / s
2675 0.0 g / s
2676 0.0 g / s
2678 0.0 g / s
2680 0.0 g / s
2681 0.0 g / s
2682 0.0 g / s
2683 0.0 g / s
2685 0.0 g / s
2686 0.0 g / s
2687 0.0 g / s
2689 0.0 g / s
2690 0.0 g / s
2691 0.0 g / s
2692 0.0 g / s
2694 0.0 g / s
2696 0.0 g / s
2698 0.0 g / s
2700 0.0 g / s
2703 0.0 g / s
2704 0.0 g / s
2705 0.0 g / s
2706 0.0 g / s
IsSatellite
2708 0.0 g / s
2709 0.0 g / s
2710 0.0 g / s
2711 0.0 g / s
2712 0.0 g / s
2713 0.0 g / s
2714 0.0 g / s
IsSatellite
2716 0.0 g / s
2717 0.0 g / s
2718 0.0 g / s
IsSatellite
2721 0.0 g / s
2723 0.0 g / s
2724 0.0 g / s
2726 0.0 g / s
2727 0.0 g / s
2730 0.0 g / s
2733 0.0 g / s
2736 0.0 g / s
2737 0.0 g / s
2738 0.0 g / s
2739 0.0 g / s
2740 0.0 g / s
2741 0.0 g / s
2743 0.0 g / s
2744 0.0 g / s
2745 0.0 g / s
2746 0.0 g / s
2748 0.0 g / s
2749 0.0 g / s
2751 0.0 g / s
2752 0.0 g / s
2753 0.0 g / s
2754 0.0 g / s
2755 0.0 g / s
2756 0.0 g / s
2757 0.0 g / s
2758 0.0 g / s
IsSatellite
2760 0.0 g / s
2761 0.0 g / s
2763 0.0 g / s
2765 0.0 g / s
2767 0.0 g / s
2768 0.0 g / s
2769 0.0 g / s
IsSatellite
2771 0.0 g / s
2773 0.0 g / s
2774 0.0 g / s
2775 0.0 g / s
2778 0.0 g / s
IsSatellite
IsSatellite
2783 0.0 g / s
2784 0.0 g / s
2785 0.0 g / s
2786 0.0 g / s
2788 0.0 g / s
2789 0.0 g / s
2791 0.0 g / s
2792 0.0 g / s
2793 0.0 g / s
2794 0.0 g / s
2795 0.0 g / s
2798 0.0 g / s
2799 0.0 g / s
2800 0.0 g / s
IsSatellite
IsSatellite
2803 0.0 g / s
2804 0.0 g / s
2805 0.0 g / s
2806 0.0 g / s
2807 0.0 g / s
2808 0.0 g / s
IsSatellite
2814 0.0 g / s
2816 0.0 g / s
2817 0.0 g / s
2818 0.0 g / s
2819 0.0 g / s
2820 0.0 g / s
2821 0.0 g / s
2824 0.0 g / s
2825 0.0 g / s
2826 0.0 g / s
IsSatellite
2828 0.0 g / s
IsSatellite
2831 0.0 g / s
2832 0.0 g / s
2834 0.0 g / s
2835 0.0 g / s
2837 0.0 g / s
2839 0.0 g / s
2840 0.0 g / s
2841 0.0 g / s
2842 0.0 g / s
IsSatellite
IsSatellite
2846 0.0 g / s
2847 0.0 g / s
2850 0.0 g / s
IsSatellite
IsSatellite
2853 0.0 g / s
2854 0.0 g / s
2856 0.0 g / s
2857 0.0 g / s
2858 0.0 g / s
2859 0.0 g / s
2860 0.0 g / s
2861 0.0 g / s
2862 0.0 g / s
2864 0.0 g / s
2865 0.0 g / s
2866 0.0 g / s
2869 0.0 g / s
2870 0.0 g / s
2871 0.0 g / s
2872 0.0 g / s
RadiusEqualZero
2874 0.0 g / s
2876 0.0 g / s
2877 0.0 g / s
2878 0.0 g / s
2879 0.0 g / s
2882 0.0 g / s
2885 0.0 g / s
2886 0.0 g / s
IsSatellite
2888 0.0 g / s
2889 0.0 g / s
2890 0.0 g / s
2892 0.0 g / s
2893 0.0 g / s
2894 0.0 g / s
2896 0.0 g / s
2897 0.0 g / s
2898 0.0 g / s
2899 0.0 g / s
2900 0.0 g / s
2902 0.0 g / s
2905 0.0 g / s
2907 0.0 g / s
2908 0.0 g / s
2911 0.0 g / s
2912 0.0 g / s
2916 0.0 g / s
2918 0.0 g / s
2919 0.0 g / s
2921 0.0 g / s
2922 0.0 g / s
2923 0.0 g / s
2925 0.0 g / s
2926 0.0 g / s
2929 0.0 g / s
2930 0.0 g / s
2931 0.0 g / s
2932 0.0 g / s
2933 0.0 g / s
2934 0.0 g / s
2935 0.0 g / s
2936 0.0 g / s
2937 0.0 g / s
2938 0.0 g / s
2939 0.0 g / s
2944 0.0 g / s
2947 0.0 g / s
2948 0.0 g / s
2949 0.0 g / s
2950 0.0 g / s
2951 0.0 g / s
2952 0.0 g / s
2953 0.0 g / s
2954 0.0 g / s
2955 0.0 g / s
2956 0.0 g / s
2957 0.0 g / s
2958 0.0 g / s
2959 0.0 g / s
2960 0.0 g / s
2961 0.0 g / s
2962 0.0 g / s
2963 0.0 g / s
2964 0.0 g / s
2965 0.0 g / s
2966 0.0 g / s
2967 0.0 g / s
2968 0.0 g / s
IsSatellite
2971 0.0 g / s
2973 0.0 g / s
2974 0.0 g / s
2975 0.0 g / s
2977 0.0 g / s
2978 0.0 g / s
2980 0.0 g / s
2981 0.0 g / s
2983 0.0 g / s
2985 0.0 g / s
2986 0.0 g / s
2987 0.0 g / s
2988 0.0 g / s
2989 0.0 g / s
2990 0.0 g / s
2991 0.0 g / s
2992 0.0 g / s
2993 0.0 g / s
2995 0.0 g / s
2996 0.0 g / s
2997 0.0 g / s
2999 0.0 g / s
123AllDone123
