yt : [INFO     ] 2017-07-23 22:19:45,002 Parameters: current_time              = 4.9302619419e+16
yt : [INFO     ] 2017-07-23 22:19:45,002 Parameters: domain_dimensions         = [2 2 2]
yt : [INFO     ] 2017-07-23 22:19:45,003 Parameters: domain_left_edge          = [ 0.  0.  0.]
yt : [INFO     ] 2017-07-23 22:19:45,003 Parameters: domain_right_edge         = [  2.67042632e+25   2.67042632e+25   2.67042632e+25]
yt : [INFO     ] 2017-07-23 22:19:45,004 Parameters: cosmological_simulation   = 1
yt : [INFO     ] 2017-07-23 22:19:45,004 Parameters: current_redshift          = 3.99999994524
yt : [INFO     ] 2017-07-23 22:19:45,004 Parameters: omega_lambda              = 0.712
yt : [INFO     ] 2017-07-23 22:19:45,004 Parameters: omega_matter              = 0.288
yt : [INFO     ] 2017-07-23 22:19:45,004 Parameters: hubble_constant           = 0.6933
yt : [INFO     ] 2017-07-23 22:19:45,107 Parameters: current_time              = 207.43449726205
yt : [INFO     ] 2017-07-23 22:19:45,107 Parameters: domain_dimensions         = [128 128 128]
yt : [INFO     ] 2017-07-23 22:19:45,108 Parameters: domain_left_edge          = [ 0.  0.  0.]
yt : [INFO     ] 2017-07-23 22:19:45,108 Parameters: domain_right_edge         = [ 1.  1.  1.]
yt : [INFO     ] 2017-07-23 22:19:45,109 Parameters: cosmological_simulation   = 1
yt : [INFO     ] 2017-07-23 22:19:45,109 Parameters: current_redshift          = 3.9999999452432
yt : [INFO     ] 2017-07-23 22:19:45,109 Parameters: omega_lambda              = 0.712
yt : [INFO     ] 2017-07-23 22:19:45,109 Parameters: omega_matter              = 0.288
yt : [INFO     ] 2017-07-23 22:19:45,109 Parameters: hubble_constant           = 0.6933
yt : [INFO     ] 2017-07-23 22:19:45,112 Allocating for 6.026e+03 particles (index particle type 'all')
yt : [INFO     ] 2017-07-23 22:19:45,117 Identified 1.921e+03 octs
[55, 6025, <Quantity 4353.472070122935 kpc>, <Quantity 4357.859355978611 kpc>, <Quantity 4331.79535068476 kpc>, <Quantity 176357730246.81644 solMass>, <Quantity 121199482663.70317 solMass>, <Quantity 35.033257129704424 kpc>, <Quantity 45.18320991607296 kpc>, 532, 0, 0, 0, 0, 0]
[73, 6024, <Quantity 4153.943100390879 kpc>, <Quantity 4037.6939902278286 kpc>, <Quantity 4083.636287533562 kpc>, <Quantity 113670925430.83849 solMass>, <Quantity 72440749617.49127 solMass>, <Quantity 30.262082783471726 kpc>, <Quantity 30.75662431319173 kpc>, 840, 0, 0, 0, 0, 0]
[79, 6021, <Quantity 4584.7274856007725 kpc>, <Quantity 4153.770349779484 kpc>, <Quantity 4897.536988607332 kpc>, <Quantity 36871694335.81439 solMass>, <Quantity 26284425982.640305 solMass>, <Quantity 20.792819395591565 kpc>, <Quantity 25.531205928681583 kpc>, -1, 0, 0, 0, 0, 0]
[81, 6020, <Quantity 4212.41354483831 kpc>, <Quantity 4022.8280277558865 kpc>, <Quantity 4093.263349059073 kpc>, <Quantity 26797413149.29272 solMass>, <Quantity 18393249054.876297 solMass>, <Quantity 18.694476453831893 kpc>, <Quantity 21.214219666321377 kpc>, 2802, 0, 0, 0, 0, 0]
[83, 6019, <Quantity 4597.360511491418 kpc>, <Quantity 4231.805555611303 kpc>, <Quantity 4281.1733039435085 kpc>, <Quantity 25918037065.40829 solMass>, <Quantity 17403139406.96429 solMass>, <Quantity 18.487707096346828 kpc>, <Quantity 27.813617274689314 kpc>, -1, 0, 0, 0, 0, 0]
[84, 6018, <Quantity 4155.569265410482 kpc>, <Quantity 3837.4980252643413 kpc>, <Quantity 3888.1026655010437 kpc>, <Quantity 27344503847.978195 solMass>, <Quantity 17331313270.310028 solMass>, <Quantity 18.820841283524498 kpc>, <Quantity 20.058181961541653 kpc>, 904, 0, 0, 0, 0, 0]
[85, 6017, <Quantity 4391.1633549487915 kpc>, <Quantity 4023.1955989577746 kpc>, <Quantity 4090.902947753138 kpc>, <Quantity 23888573601.442677 solMass>, <Quantity 16666088086.603619 solMass>, <Quantity 17.991985368669283 kpc>, <Quantity 22.606449916485484 kpc>, 2361, 0, 0, 0, 0, 0]
[95, 6016, <Quantity 3970.9691948907557 kpc>, <Quantity 4418.879099537393 kpc>, <Quantity 3515.891712147437 kpc>, <Quantity 14592244059.755669 solMass>, <Quantity 10956970989.299194 solMass>, <Quantity 15.265922196291605 kpc>, <Quantity 22.089118714716022 kpc>, 1864, 0, 0, 0, 0, 0]
[97, 6013, <Quantity 4250.969352407293 kpc>, <Quantity 4687.35225603253 kpc>, <Quantity 3562.9081097115004 kpc>, <Quantity 13278618391.449743 solMass>, <Quantity 9848060305.908278 solMass>, <Quantity 14.793353881505027 kpc>, <Quantity 17.551415923589417 kpc>, -1, 0, 0, 0, 0, 0]
[101, 6012, <Quantity 4671.167250561146 kpc>, <Quantity 4631.094938304503 kpc>, <Quantity 4629.738140774573 kpc>, <Quantity 10585480369.257612 solMass>, <Quantity 9229203892.740019 solMass>, <Quantity 13.716791589363229 kpc>, <Quantity 18.58942261850165 kpc>, -1, 0, 0, 0, 0, 0]
[107, 6008, <Quantity 4377.688031793487 kpc>, <Quantity 4474.6795753291335 kpc>, <Quantity 4078.8873186934356 kpc>, <Quantity 9727269635.818901 solMass>, <Quantity 7572050676.98986 solMass>, <Quantity 13.335603300843797 kpc>, <Quantity 17.309404821992125 kpc>, -1, 0, 0, 0, 0, 0]
[108, 6006, <Quantity 4042.8129013075945 kpc>, <Quantity 3732.178325105959 kpc>, <Quantity 3820.1726452842927 kpc>, <Quantity 10340301409.182634 solMass>, <Quantity 7386272527.469487 solMass>, <Quantity 13.610061336756171 kpc>, <Quantity 20.831356979195064 kpc>, 1547, 0, 0, 0, 0, 0]
[114, 6005, <Quantity 4615.073691263192 kpc>, <Quantity 3973.7989562082644 kpc>, <Quantity 4202.846589618551 kpc>, <Quantity 8839789963.97226 solMass>, <Quantity 6739534238.939307 solMass>, <Quantity 12.917039821413297 kpc>, <Quantity 16.605783944018576 kpc>, -1, 0, 0, 0, 0, 0]
[121, 6003, <Quantity 4087.155279911272 kpc>, <Quantity 3888.3177995199408 kpc>, <Quantity 3922.616623706095 kpc>, <Quantity 8339281262.2249775 solMass>, <Quantity 5837616175.319053 solMass>, <Quantity 12.668500812861865 kpc>, <Quantity 14.882912638610925 kpc>, -1, 0, 0, 0, 0, 0]
[122, 6002, <Quantity 4524.2856541846695 kpc>, <Quantity 4528.676331796138 kpc>, <Quantity 4184.700792581524 kpc>, <Quantity 6782676720.07206 solMass>, <Quantity 5721542714.819505 solMass>, <Quantity 11.82540587676735 kpc>, <Quantity 14.836385444303966 kpc>, -1, 0, 0, 0, 0, 0]
[124, 6001, <Quantity 4208.702279576018 kpc>, <Quantity 4623.251513448725 kpc>, <Quantity 4249.853486203789 kpc>, <Quantity 8137428973.742982 solMass>, <Quantity 5687599561.782466 solMass>, <Quantity 12.565451166781594 kpc>, <Quantity 13.78847412817373 kpc>, 2025, 0, 0, 0, 0, 0]
[126, 5999, <Quantity 4450.096932120513 kpc>, <Quantity 4154.20076956913 kpc>, <Quantity 4203.869066057557 kpc>, <Quantity 7230136563.721301 solMass>, <Quantity 5364230417.672978 solMass>, <Quantity 12.079932749455041 kpc>, <Quantity 14.046121408244947 kpc>, 1566, 0, 0, 0, 0, 0]
[128, 5998, <Quantity 4259.950802032623 kpc>, <Quantity 4398.664964432954 kpc>, <Quantity 4353.467752450377 kpc>, <Quantity 7726005187.135829 solMass>, <Quantity 5242095679.860213 solMass>, <Quantity 12.350011107242329 kpc>, <Quantity 16.100883191756036 kpc>, -1, 0, 0, 0, 0, 0]
[132, 5996, <Quantity 4337.550608721924 kpc>, <Quantity 3983.086259821206 kpc>, <Quantity 4132.7694968251135 kpc>, <Quantity 5705984054.279002 solMass>, <Quantity 4776589582.705124 solMass>, <Quantity 11.163298412715841 kpc>, <Quantity 12.241676599384558 kpc>, -1, 0, 0, 0, 0, 0]
[134, 5995, <Quantity 4317.005059064713 kpc>, <Quantity 4668.229226361623 kpc>, <Quantity 3632.4558053562214 kpc>, <Quantity 5481262557.216066 solMass>, <Quantity 4361695150.672148 solMass>, <Quantity 11.014781460964112 kpc>, <Quantity 12.24764767641029 kpc>, -1, 0, 0, 0, 0, 0]
[137, 5994, <Quantity 4265.876385041458 kpc>, <Quantity 4613.475154160105 kpc>, <Quantity 3744.295992877541 kpc>, <Quantity 5492189487.653295 solMass>, <Quantity 4168946532.28503 solMass>, <Quantity 11.022095947364354 kpc>, <Quantity 15.055178213523492 kpc>, 2307, 0, 0, 0, 0, 0]
[138, 5993, <Quantity 4011.406199003982 kpc>, <Quantity 4496.428499758955 kpc>, <Quantity 3940.4030385094343 kpc>, <Quantity 5349064068.712467 solMass>, <Quantity 4146822870.1281476 solMass>, <Quantity 10.925507419537132 kpc>, <Quantity 15.12847843471623 kpc>, -1, 0, 0, 0, 0, 0]
[139, 5992, <Quantity 4083.2764234035863 kpc>, <Quantity 4033.482251283231 kpc>, <Quantity 4061.260713572727 kpc>, <Quantity 5484515082.463293 solMass>, <Quantity 4127729846.772324 solMass>, <Quantity 11.01695971646173 kpc>, <Quantity 15.357284979233194 kpc>, -1, 0, 0, 0, 0, 0]
[143, 5991, <Quantity 4557.503534379192 kpc>, <Quantity 4385.295550003927 kpc>, <Quantity 5012.573022679953 kpc>, <Quantity 4947709435.830275 solMass>, <Quantity 3888915520.6966896 solMass>, <Quantity 10.645116335994668 kpc>, <Quantity 14.00419809679314 kpc>, -1, 0, 0, 0, 0, 0]
[146, 5990, <Quantity 3942.7820293773293 kpc>, <Quantity 4511.402476312101 kpc>, <Quantity 4501.159323999574 kpc>, <Quantity 4889629229.243946 solMass>, <Quantity 3723745714.205673 solMass>, <Quantity 10.603298620898162 kpc>, <Quantity 11.158162656270541 kpc>, -1, 0, 0, 0, 0, 0]
[148, 5988, <Quantity 4487.365910273439 kpc>, <Quantity 4069.88595403581 kpc>, <Quantity 4926.083815021256 kpc>, <Quantity 4708861556.924199 solMass>, <Quantity 3609793700.863701 solMass>, <Quantity 10.470987884858914 kpc>, <Quantity 10.70783071082234 kpc>, -1, 0, 0, 0, 0, 0]
[151, 5985, <Quantity 4254.639986861525 kpc>, <Quantity 4584.732176454616 kpc>, <Quantity 4274.436112275159 kpc>, <Quantity 4255755215.7288895 solMass>, <Quantity 3517056157.8278003 solMass>, <Quantity 10.123745752231459 kpc>, <Quantity 17.809257166413786 kpc>, -1, 0, 0, 0, 0, 0]
[152, 5984, <Quantity 4610.063204594566 kpc>, <Quantity 4617.22911417082 kpc>, <Quantity 3989.111204722939 kpc>, <Quantity 4739432826.04344 solMass>, <Quantity 3494629431.924566 solMass>, <Quantity 10.49359923307075 kpc>, <Quantity 12.059667029174298 kpc>, -1, 0, 0, 0, 0, 0]
[154, 5982, <Quantity 4056.1398563383173 kpc>, <Quantity 4713.001759788931 kpc>, <Quantity 4251.589663107223 kpc>, <Quantity 4577806137.86923 solMass>, <Quantity 3351583287.3243647 solMass>, <Quantity 10.372930834871669 kpc>, <Quantity 13.296719704503522 kpc>, -1, 0, 0, 0, 0, 0]
[158, 5981, <Quantity 4572.45585512258 kpc>, <Quantity 3923.7899894077386 kpc>, <Quantity 4996.477059356102 kpc>, <Quantity 4134849194.927639 solMass>, <Quantity 3283393917.7491517 solMass>, <Quantity 10.026951354121902 kpc>, <Quantity 9.405354577305495 kpc>, -1, 0, 0, 0, 0, 0]
[160, 5980, <Quantity 4331.688984559646 kpc>, <Quantity 4480.085326855919 kpc>, <Quantity 4068.7625494919134 kpc>, <Quantity 3828893621.8798976 solMass>, <Quantity 3083371766.5471406 solMass>, <Quantity 9.773274942870183 kpc>, <Quantity 12.54628264755282 kpc>, -1, 0, 0, 0, 0, 0]
[162, 5979, <Quantity 4299.993657435871 kpc>, <Quantity 3861.8120933257223 kpc>, <Quantity 4002.3643123181073 kpc>, <Quantity 3661507735.446154 solMass>, <Quantity 2978208605.2303095 solMass>, <Quantity 9.628729843231554 kpc>, <Quantity 10.28025954064043 kpc>, -1, 0, 0, 0, 0, 0]
[167, 5978, <Quantity 4527.357557401816 kpc>, <Quantity 3956.1221778829145 kpc>, <Quantity 4199.6333297392985 kpc>, <Quantity 3430331214.0363426 solMass>, <Quantity 2801522371.8337674 solMass>, <Quantity 9.421665937124628 kpc>, <Quantity 10.379236037970298 kpc>, -1, 0, 0, 0, 0, 0]
[168, 5977, <Quantity 3962.461578554097 kpc>, <Quantity 4593.104203228962 kpc>, <Quantity 4153.2019902003585 kpc>, <Quantity 3675916940.7526627 solMass>, <Quantity 2781217092.6883483 solMass>, <Quantity 9.641344022371827 kpc>, <Quantity 13.241355303768096 kpc>, -1, 0, 0, 0, 0, 0]
[169, 5976, <Quantity 4327.230599467197 kpc>, <Quantity 4675.3826733349215 kpc>, <Quantity 3586.6642719124793 kpc>, <Quantity 3322454904.786505 solMass>, <Quantity 2776065007.0534806 solMass>, <Quantity 9.32184866381513 kpc>, <Quantity 14.124980149788817 kpc>, -1, 0, 0, 0, 0, 0]
[170, 5974, <Quantity 4060.9713807945272 kpc>, <Quantity 3707.9745345341194 kpc>, <Quantity 3812.6089428264313 kpc>, <Quantity 3050476350.3763876 solMass>, <Quantity 2751819897.8081064 solMass>, <Quantity 9.060209440678554 kpc>, <Quantity 9.874661792780753 kpc>, -1, 0, 0, 0, 0, 0]
[171, 5973, <Quantity 4144.750211121197 kpc>, <Quantity 3825.9598314168065 kpc>, <Quantity 3877.651158012613 kpc>, <Quantity 3741075154.137831 solMass>, <Quantity 2750910706.17972 solMass>, <Quantity 9.697977242499373 kpc>, <Quantity 14.227856598064085 kpc>, -1, 0, 0, 0, 0, 0]
[172, 5972, <Quantity 4509.646172348353 kpc>, <Quantity 3949.95398592754 kpc>, <Quantity 4201.21211704736 kpc>, <Quantity 3106607558.451358 solMass>, <Quantity 2713633850.8134694 solMass>, <Quantity 9.115443731772558 kpc>, <Quantity 13.177320071816737 kpc>, -1, 0, 0, 0, 0, 0]
[174, 5971, <Quantity 4167.305579809723 kpc>, <Quantity 4450.083981232563 kpc>, <Quantity 4423.509784290201 kpc>, <Quantity 3031837001.4684286 solMass>, <Quantity 2682721336.5753098 solMass>, <Quantity 9.041718171319685 kpc>, <Quantity 10.624138415283507 kpc>, -1, 0, 0, 0, 0, 0]
[177, 5969, <Quantity 4472.519421881268 kpc>, <Quantity 4477.543938072526 kpc>, <Quantity 4091.6949326335152 kpc>, <Quantity 3283641174.571132 solMass>, <Quantity 2644838353.3193645 solMass>, <Quantity 9.285406345761626 kpc>, <Quantity 9.999930400936348 kpc>, -1, 0, 0, 0, 0, 0]
[180, 5967, <Quantity 4274.108896091339 kpc>, <Quantity 4147.270817675808 kpc>, <Quantity 4180.941239763575 kpc>, <Quantity 2801680055.425339 solMass>, <Quantity 2518763785.320517 solMass>, <Quantity 8.806875614543076 kpc>, <Quantity 8.79002536021721 kpc>, -1, 0, 0, 0, 0, 0]
[182, 5966, <Quantity 4669.6825963158735 kpc>, <Quantity 4614.0783711417735 kpc>, <Quantity 5042.593715131885 kpc>, <Quantity 3450330019.47373 solMass>, <Quantity 2507853486.07869 solMass>, <Quantity 9.439939884761136 kpc>, <Quantity 13.688327082306827 kpc>, -1, 0, 0, 0, 0, 0]
[187, 5965, <Quantity 4556.542513315997 kpc>, <Quantity 3955.670333301086 kpc>, <Quantity 4998.520471040152 kpc>, <Quantity 2975823790.6264863 solMass>, <Quantity 2296314908.176998 solMass>, <Quantity 8.985689763227583 kpc>, <Quantity 10.304226696946738 kpc>, -1, 0, 0, 0, 0, 0]
[189, 5964, <Quantity 4549.537673132869 kpc>, <Quantity 3746.675879000759 kpc>, <Quantity 4464.401462483079 kpc>, <Quantity 2958790943.4576855 solMass>, <Quantity 2253582903.2022767 solMass>, <Quantity 8.968513026839318 kpc>, <Quantity 14.315223903644979 kpc>, -1, 0, 0, 0, 0, 0]
[192, 5962, <Quantity 4608.667431602895 kpc>, <Quantity 4206.230810138534 kpc>, <Quantity 4966.787770778371 kpc>, <Quantity 2797396166.703547 solMass>, <Quantity 2155693274.6509256 solMass>, <Quantity 8.80238462820625 kpc>, <Quantity 8.44051809865737 kpc>, -1, 0, 0, 0, 0, 0]
[195, 5960, <Quantity 4421.40535884784 kpc>, <Quantity 4019.027412204654 kpc>, <Quantity 4088.0144243315394 kpc>, <Quantity 2704201577.3429246 solMass>, <Quantity 2122962377.2321956 solMass>, <Quantity 8.703528791543738 kpc>, <Quantity 12.162097699706168 kpc>, -1, 0, 0, 0, 0, 0]
[196, 5959, <Quantity 4018.403447082255 kpc>, <Quantity 4568.787483317845 kpc>, <Quantity 4170.678093905571 kpc>, <Quantity 2696572144.312828 solMass>, <Quantity 2122659313.1907537 solMass>, <Quantity 8.695335919038175 kpc>, <Quantity 11.849054909217468 kpc>, -1, 0, 0, 0, 0, 0]
[197, 5958, <Quantity 4345.401092453086 kpc>, <Quantity 4686.112345464485 kpc>, <Quantity 3502.571194331286 kpc>, <Quantity 2781108596.992635 solMass>, <Quantity 2115385780.468153 solMass>, <Quantity 8.785267685656281 kpc>, <Quantity 11.726638439436938 kpc>, -1, 0, 0, 0, 0, 0]
[202, 5955, <Quantity 3937.8836636486767 kpc>, <Quantity 4492.828273911267 kpc>, <Quantity 4030.375503561796 kpc>, <Quantity 2590739215.401521 solMass>, <Quantity 2024466620.786046 solMass>, <Quantity 8.580058508784324 kpc>, <Quantity 9.548543380991342 kpc>, -1, 0, 0, 0, 0, 0]
[205, 5952, <Quantity 4075.714354978118 kpc>, <Quantity 3937.0229246797994 kpc>, <Quantity 3961.842908410405 kpc>, <Quantity 2280405338.5737305 solMass>, <Quantity 1949003718.3448837 solMass>, <Quantity 8.22279947357319 kpc>, <Quantity 10.869630860687787 kpc>, -1, 0, 0, 0, 0, 0]
[206, 5951, <Quantity 4501.8148652737145 kpc>, <Quantity 3890.85270682831 kpc>, <Quantity 4150.015277807232 kpc>, <Quantity 2504822151.2753377 solMass>, <Quantity 1943851632.641446 solMass>, <Quantity 8.484143030472014 kpc>, <Quantity 11.968152446894793 kpc>, -1, 0, 0, 0, 0, 0]
[208, 5950, <Quantity 4236.555620156602 kpc>, <Quantity 4453.464178919979 kpc>, <Quantity 4661.832270195672 kpc>, <Quantity 2242636842.8668356 solMass>, <Quantity 1932335205.782581 solMass>, <Quantity 8.177150680916355 kpc>, <Quantity 11.785997416657008 kpc>, -1, 0, 0, 0, 0, 0]
[209, 5949, <Quantity 4644.102365820051 kpc>, <Quantity 4176.713124995811 kpc>, <Quantity 4256.964109554171 kpc>, <Quantity 2210965373.3842134 solMass>, <Quantity 1928395375.6488924 solMass>, <Quantity 8.138474306373901 kpc>, <Quantity 11.315006082555035 kpc>, -1, 0, 0, 0, 0, 0]
[216, 5945, <Quantity 3970.469946816534 kpc>, <Quantity 4026.9554316431468 kpc>, <Quantity 4012.99576004302 kpc>, <Quantity 2279959756.8607903 solMass>, <Quantity 1788682933.5761201 solMass>, <Quantity 8.222263871754608 kpc>, <Quantity 14.092713181551554 kpc>, -1, 0, 0, 0, 0, 0]
[221, 5941, <Quantity 4179.104964863682 kpc>, <Quantity 4175.601587624739 kpc>, <Quantity 4187.539391892654 kpc>, <Quantity 1801244685.4343166 solMass>, <Quantity 1662608365.5535102 solMass>, <Quantity 7.601044128477062 kpc>, <Quantity 10.536621685384784 kpc>, -1, 0, 0, 0, 0, 0]
[223, 5940, <Quantity 4488.502470355669 kpc>, <Quantity 4359.0484865168155 kpc>, <Quantity 4150.916931922059 kpc>, <Quantity 2173441444.915184 solMass>, <Quantity 1651395002.5347426 solMass>, <Quantity 8.09216999964122 kpc>, <Quantity 10.561725766464786 kpc>, -1, 0, 0, 0, 0, 0]
[226, 5938, <Quantity 4299.960733662062 kpc>, <Quantity 4185.4742660874035 kpc>, <Quantity 4222.081268912144 kpc>, <Quantity 1763016278.0219896 solMass>, <Quantity 1631998915.1588492 solMass>, <Quantity 7.546886011748127 kpc>, <Quantity 8.758261385404415 kpc>, -1, 0, 0, 0, 0, 0]
[229, 5937, <Quantity 4317.178809970746 kpc>, <Quantity 4686.389719798396 kpc>, <Quantity 4896.325754572295 kpc>, <Quantity 1849088704.4291594 solMass>, <Quantity 1596540442.9229038 solMass>, <Quantity 7.667755654591446 kpc>, <Quantity 12.205053872117032 kpc>, -1, 0, 0, 0, 0, 0]
[230, 5936, <Quantity 4153.96018702589 kpc>, <Quantity 3875.8611242719303 kpc>, <Quantity 3897.3197827053596 kpc>, <Quantity 1738277339.668856 solMass>, <Quantity 1584114824.441906 solMass>, <Quantity 7.511419880989942 kpc>, <Quantity 12.499650855593407 kpc>, -1, 0, 0, 0, 0, 0]
[232, 5935, <Quantity 4025.77769768175 kpc>, <Quantity 4024.7641505878496 kpc>, <Quantity 4029.748444891526 kpc>, <Quantity 1972216316.7972195 solMass>, <Quantity 1580478058.0075169 solMass>, <Quantity 7.834306028797093 kpc>, <Quantity 12.211354527658091 kpc>, -1, 0, 0, 0, 0, 0]
[233, 5934, <Quantity 4001.0384835107516 kpc>, <Quantity 4603.161602079208 kpc>, <Quantity 4232.643472024852 kpc>, <Quantity 1689190063.2589214 solMass>, <Quantity 1571083078.1836014 solMass>, <Quantity 7.440038605560109 kpc>, <Quantity 10.609316359443032 kpc>, -1, 0, 0, 0, 0, 0]
[234, 5933, <Quantity 3946.456529205927 kpc>, <Quantity 4361.430112728359 kpc>, <Quantity 3575.3029237300752 kpc>, <Quantity 1671126742.1793425 solMass>, <Quantity 1566537120.1845038 solMass>, <Quantity 7.4134235403157955 kpc>, <Quantity 8.611194657351318 kpc>, -1, 0, 0, 0, 0, 0]
[235, 5932, <Quantity 4498.647491335558 kpc>, <Quantity 3811.5069900923504 kpc>, <Quantity 4030.2282419006838 kpc>, <Quantity 1749053396.5080683 solMass>, <Quantity 1558960523.6854985 solMass>, <Quantity 7.52690969875784 kpc>, <Quantity 9.010294026588237 kpc>, -1, 0, 0, 0, 0, 0]
[236, 5931, <Quantity 3901.009897664266 kpc>, <Quantity 4634.2294051175395 kpc>, <Quantity 4026.737023511123 kpc>, <Quantity 1957557044.002292 solMass>, <Quantity 1552596182.3847597 solMass>, <Quantity 7.814847217712336 kpc>, <Quantity 9.919847487427662 kpc>, -1, 0, 0, 0, 0, 0]
[237, 5930, <Quantity 4615.713414198496 kpc>, <Quantity 4670.481066708333 kpc>, <Quantity 3973.7486297176556 kpc>, <Quantity 1838209473.7075834 solMass>, <Quantity 1551383926.9434571 solMass>, <Quantity 7.652688156671324 kpc>, <Quantity 9.639988546997754 kpc>, -1, 0, 0, 0, 0, 0]
[243, 5924, <Quantity 4549.771508004561 kpc>, <Quantity 3904.8569805865313 kpc>, <Quantity 4322.182607028651 kpc>, <Quantity 1843382899.5432403 solMass>, <Quantity 1457737192.601829 solMass>, <Quantity 7.659860631135803 kpc>, <Quantity 9.217015592432322 kpc>, -1, 0, 0, 0, 0, 0]
[247, 5922, <Quantity 4090.277000051287 kpc>, <Quantity 4589.855719485017 kpc>, <Quantity 4209.842798809036 kpc>, <Quantity 1595119663.463665 solMass>, <Quantity 1439553360.614497 solMass>, <Quantity 7.299281386337715 kpc>, <Quantity 11.577583973167675 kpc>, -1, 0, 0, 0, 0, 0]
[249, 5921, <Quantity 4189.645917734761 kpc>, <Quantity 4419.49606467297 kpc>, <Quantity 4370.814823905063 kpc>, <Quantity 1529772633.2032552 solMass>, <Quantity 1427430806.0530748 solMass>, <Quantity 7.19821220339942 kpc>, <Quantity 10.262697121776036 kpc>, -1, 0, 0, 0, 0, 0]
[251, 5920, <Quantity 4036.786345110618 kpc>, <Quantity 4807.814410432394 kpc>, <Quantity 4669.781371595829 kpc>, <Quantity 1809875043.018183 solMass>, <Quantity 1388941695.146516 solMass>, <Quantity 7.613164494906986 kpc>, <Quantity 9.420930355041788 kpc>, -1, 0, 0, 0, 0, 0]
[252, 5918, <Quantity 3984.673231855921 kpc>, <Quantity 4464.042391406178 kpc>, <Quantity 3920.56020396749 kpc>, <Quantity 1699321556.9843872 solMass>, <Quantity 1386214120.3054113 solMass>, <Quantity 7.454883688830844 kpc>, <Quantity 10.033034832561459 kpc>, -1, 0, 0, 0, 0, 0]
[253, 5919, <Quantity 4018.524999909343 kpc>, <Quantity 4714.524521803045 kpc>, <Quantity 4101.740761048278 kpc>, <Quantity 1675440557.6717575 solMass>, <Quantity 1386214120.2977066 solMass>, <Quantity 7.4197970172164425 kpc>, <Quantity 8.691232634813538 kpc>, -1, 0, 0, 0, 0, 0]
[254, 5917, <Quantity 4104.919485121492 kpc>, <Quantity 4410.442432339814 kpc>, <Quantity 5015.151315899828 kpc>, <Quantity 1485723157.419272 solMass>, <Quantity 1378031395.9791315 solMass>, <Quantity 7.128447912915363 kpc>, <Quantity 11.288459612797354 kpc>, -1, 0, 0, 0, 0, 0]
[260, 5914, <Quantity 4493.57202536752 kpc>, <Quantity 3945.8658029170274 kpc>, <Quantity 4208.3659990152755 kpc>, <Quantity 1823366139.130595 solMass>, <Quantity 1292567385.9691913 solMass>, <Quantity 7.632034265421463 kpc>, <Quantity 8.807168529554472 kpc>, -1, 0, 0, 0, 0, 0]
[262, 5913, <Quantity 4482.8057190781765 kpc>, <Quantity 4417.776605401218 kpc>, <Quantity 4127.962794437922 kpc>, <Quantity 1455685641.5463402 solMass>, <Quantity 1274383554.009112 solMass>, <Quantity 7.080080829330337 kpc>, <Quantity 6.389949666828865 kpc>, -1, 0, 0, 0, 0, 0]
[264, 5912, <Quantity 4591.40007298435 kpc>, <Quantity 4080.612837504508 kpc>, <Quantity 3594.3262067493647 kpc>, <Quantity 1360192592.625681 solMass>, <Quantity 1265291638.0695863 solMass>, <Quantity 6.921748546795189 kpc>, <Quantity 9.770310531211175 kpc>, -1, 0, 0, 0, 0, 0]
[265, 5911, <Quantity 4152.731072143868 kpc>, <Quantity 4661.133029928734 kpc>, <Quantity 3560.127983379115 kpc>, <Quantity 1324383385.258639 solMass>, <Quantity 1241349592.6348143 solMass>, <Quantity 6.860465599417485 kpc>, <Quantity 7.746232689380503 kpc>, -1, 0, 0, 0, 0, 0]
[269, 5907, <Quantity 4433.566230062981 kpc>, <Quantity 3934.606698275884 kpc>, <Quantity 4104.833453947188 kpc>, <Quantity 1380086346.6480439 solMass>, <Quantity 1184373585.990274 solMass>, <Quantity 6.955330469635268 kpc>, <Quantity 9.17732392547372 kpc>, -1, 0, 0, 0, 0, 0]
[270, 5906, <Quantity 4154.931318789618 kpc>, <Quantity 4025.7846537470355 kpc>, <Quantity 4061.6460451277617 kpc>, <Quantity 1351017819.2935483 solMass>, <Quantity 1177403117.0956566 solMass>, <Quantity 6.906150560267227 kpc>, <Quantity 10.083502081514974 kpc>, 73, 0, 0, 0, 0, 0]
[271, 5904, <Quantity 4556.627201811429 kpc>, <Quantity 4511.97629654388 kpc>, <Quantity 4208.735256562966 kpc>, <Quantity 1258104799.7960708 solMass>, <Quantity 1144066091.8306944 solMass>, <Quantity 6.744057888697339 kpc>, <Quantity 8.15674121076878 kpc>, -1, 0, 0, 0, 0, 0]
[272, 5903, <Quantity 4454.599761129602 kpc>, <Quantity 3955.3030784994826 kpc>, <Quantity 4188.393132662229 kpc>, <Quantity 1304933628.6586878 solMass>, <Quantity 1138307878.489424 solMass>, <Quantity 6.826715812953886 kpc>, <Quantity 8.712654897440412 kpc>, -1, 0, 0, 0, 0, 0]
[273, 5902, <Quantity 4209.02705428014 kpc>, <Quantity 4391.445101740319 kpc>, <Quantity 4408.255937191703 kpc>, <Quantity 1350784349.3732982 solMass>, <Quantity 1135277239.815794 solMass>, <Quantity 6.90575271915193 kpc>, <Quantity 8.089237994459273 kpc>, -1, 0, 0, 0, 0, 0]
[274, 5901, <Quantity 4218.440002668539 kpc>, <Quantity 4026.9509679302814 kpc>, <Quantity 4065.861257301466 kpc>, <Quantity 1408809791.1391234 solMass>, <Quantity 1121033238.0852647 solMass>, <Quantity 7.003252798497686 kpc>, <Quantity 11.855472028761103 kpc>, -1, 0, 0, 0, 0, 0]
[275, 5900, <Quantity 4044.021937825755 kpc>, <Quantity 4729.1503890617105 kpc>, <Quantity 4247.285599727741 kpc>, <Quantity 1363344848.2210867 solMass>, <Quantity 1118002599.446264 solMass>, <Quantity 6.927091487947412 kpc>, <Quantity 13.110569747272967 kpc>, -1, 0, 0, 0, 0, 0]
[279, 5897, <Quantity 4225.525595961004 kpc>, <Quantity 3876.6468693183515 kpc>, <Quantity 3974.5851528237395 kpc>, <Quantity 1185290174.783392 solMass>, <Quantity 1100121831.3874547 solMass>, <Quantity 6.611356528715698 kpc>, <Quantity 7.663922484371384 kpc>, -1, 0, 0, 0, 0, 0]
[280, 5896, <Quantity 4009.926830019989 kpc>, <Quantity 4528.853605310248 kpc>, <Quantity 3852.2728284274317 kpc>, <Quantity 1190425318.270154 solMass>, <Quantity 1092545234.7226572 solMass>, <Quantity 6.6208904398117765 kpc>, <Quantity 9.646847823113733 kpc>, -1, 0, 0, 0, 0, 0]
[283, 5892, <Quantity 4459.364372810403 kpc>, <Quantity 4297.913102174339 kpc>, <Quantity 4306.794916775684 kpc>, <Quantity 1377177396.329915 solMass>, <Quantity 1077695105.361062 solMass>, <Quantity 6.950440209682806 kpc>, <Quantity 18.546261209554395 kpc>, -1, 0, 0, 0, 0, 0]
[287, 5890, <Quantity 4357.647883676194 kpc>, <Quantity 3954.266443507183 kpc>, <Quantity 4294.13675399037 kpc>, <Quantity 1239168173.3498812 solMass>, <Quantity 1066481742.2997857 solMass>, <Quantity 6.710050158158194 kpc>, <Quantity 7.878749030943115 kpc>, -1, 0, 0, 0, 0, 0]
[291, 5887, <Quantity 3963.7122698288817 kpc>, <Quantity 4494.783240751746 kpc>, <Quantity 4478.293428934527 kpc>, <Quantity 1287492273.0195525 solMass>, <Quantity 1045873399.5119247 solMass>, <Quantity 6.796164674230801 kpc>, <Quantity 11.108584677997941 kpc>, -1, 0, 0, 0, 0, 0]
[292, 5886, <Quantity 4284.931019682494 kpc>, <Quantity 3945.166768129736 kpc>, <Quantity 4058.551289655457 kpc>, <Quantity 1069484042.5062379 solMass>, <Quantity 1026174248.240041 solMass>, <Quantity 6.388620921541529 kpc>, <Quantity 12.366977751213668 kpc>, -1, 0, 0, 0, 0, 0]
[293, 5885, <Quantity 4556.614047509832 kpc>, <Quantity 4592.4071694802105 kpc>, <Quantity 4018.43452457155 kpc>, <Quantity 1302049889.330848 solMass>, <Quantity 1024355865.0210508 solMass>, <Quantity 6.821683376103512 kpc>, <Quantity 7.468280084464848 kpc>, -1, 0, 0, 0, 0, 0]
[294, 5884, <Quantity 4160.219078958988 kpc>, <Quantity 4564.100198366618 kpc>, <Quantity 4010.0721266749806 kpc>, <Quantity 1132419426.1550703 solMass>, <Quantity 1024355865.0176724 solMass>, <Quantity 6.511556102000881 kpc>, <Quantity 8.19624488596793 kpc>, -1, 0, 0, 0, 0, 0]
[295, 5883, <Quantity 4028.425449545797 kpc>, <Quantity 4637.502324013135 kpc>, <Quantity 4268.796019741163 kpc>, <Quantity 1171706305.0400987 solMass>, <Quantity 1023446673.4191134 solMass>, <Quantity 6.586003219731282 kpc>, <Quantity 9.280732758251965 kpc>, -1, 0, 0, 0, 0, 0]
[297, 5882, <Quantity 3926.85573221971 kpc>, <Quantity 4425.779541246667 kpc>, <Quantity 4047.955868324703 kpc>, <Quantity 1056083070.1864197 solMass>, <Quantity 997686244.874078 solMass>, <Quantity 6.361824875347917 kpc>, <Quantity 7.977641658523489 kpc>, -1, 0, 0, 0, 0, 0]
[299, 5881, <Quantity 4283.494295634653 kpc>, <Quantity 4644.793692620228 kpc>, <Quantity 4204.658515541135 kpc>, <Quantity 1084114652.6955543 solMass>, <Quantity 991018839.8466742 solMass>, <Quantity 6.417621326144259 kpc>, <Quantity 9.871690123837453 kpc>, -1, 0, 0, 0, 0, 0]
[300, 5880, <Quantity 4056.0332663596246 kpc>, <Quantity 4031.6797866605157 kpc>, <Quantity 4180.586694586479 kpc>, <Quantity 1071552733.7280296 solMass>, <Quantity 991018839.8443941 solMass>, <Quantity 6.392737414915282 kpc>, <Quantity 11.007811302446479 kpc>, -1, 0, 0, 0, 0, 0]
[301, 5878, <Quantity 4380.343265098942 kpc>, <Quantity 3976.1557377267864 kpc>, <Quantity 4149.012459965935 kpc>, <Quantity 1112709176.3897297 solMass>, <Quantity 987685137.3549433 solMass>, <Quantity 6.473555955580911 kpc>, <Quantity 8.433072464251474 kpc>, -1, 0, 0, 0, 0, 0]
[302, 5879, <Quantity 4101.845601022084 kpc>, <Quantity 3898.0813671429946 kpc>, <Quantity 3927.0743280508436 kpc>, <Quantity 1101554239.7881906 solMass>, <Quantity 987685137.3293543 solMass>, <Quantity 6.451850742696165 kpc>, <Quantity 7.485978604981167 kpc>, -1, 0, 0, 0, 0, 0]
[304, 5875, <Quantity 4613.905929545018 kpc>, <Quantity 4002.3899206967844 kpc>, <Quantity 5053.5338299509895 kpc>, <Quantity 171498465.63817185 solMass>, <Quantity 976168710.4265959 solMass>, <Quantity 3.4708493409675696 kpc>, <Quantity 10.71280713657776 kpc>, -1, 0, 0, 0, 0, 0]
[312, 5876, <Quantity 4325.0473432340905 kpc>, <Quantity 4109.688079266382 kpc>, <Quantity 4128.074300299449 kpc>, <Quantity 1065330058.0575905 solMass>, <Quantity 955560367.6031749 solMass>, <Quantity 6.380338838999824 kpc>, <Quantity 8.645792021405112 kpc>, -1, 0, 0, 0, 0, 0]
[316, 5873, <Quantity 4567.771335767877 kpc>, <Quantity 4093.895654261576 kpc>, <Quantity 3620.4885345455186 kpc>, <Quantity 1022266952.8349506 solMass>, <Quantity 929193811.3335867 solMass>, <Quantity 6.293184391881828 kpc>, <Quantity 8.928969220751046 kpc>, -1, 0, 0, 0, 0, 0]
[317, 5872, <Quantity 4465.103268679173 kpc>, <Quantity 4761.018291503515 kpc>, <Quantity 3683.218264652435 kpc>, <Quantity 1258774823.573058 solMass>, <Quantity 926769300.3728119 solMass>, <Quantity 6.74525489475807 kpc>, <Quantity 8.408693037725381 kpc>, -1, 0, 0, 0, 0, 0]
[319, 5871, <Quantity 4498.200831649587 kpc>, <Quantity 4406.3950807352 kpc>, <Quantity 4126.494653869705 kpc>, <Quantity 940584687.6499665 solMass>, <Quantity 921920278.537101 solMass>, <Quantity 6.120895774849693 kpc>, <Quantity 7.501099473779334 kpc>, -1, 0, 0, 0, 0, 0]
[323, 5867, <Quantity 4115.193180145304 kpc>, <Quantity 4303.589894967987 kpc>, <Quantity 4302.266683512765 kpc>, <Quantity 1046439364.0421726 solMass>, <Quantity 908282404.5739423 solMass>, <Quantity 6.3424011292011695 kpc>, <Quantity 10.494909445667657 kpc>, -1, 0, 0, 0, 0, 0]
[324, 5866, <Quantity 4483.3755101300185 kpc>, <Quantity 3940.6628299455706 kpc>, <Quantity 4205.761466355276 kpc>, <Quantity 797468845.7512417 solMass>, <Quantity 907070149.1552714 solMass>, <Quantity 5.793223161060682 kpc>, <Quantity 12.134273579481373 kpc>, -1, 0, 0, 0, 0, 0]
[325, 5865, <Quantity 4301.907066413541 kpc>, <Quantity 3872.899270127735 kpc>, <Quantity 3991.4866841259704 kpc>, <Quantity 343388976.36128986 solMass>, <Quantity 904645638.1950325 solMass>, <Quantity 4.374661621114107 kpc>, <Quantity 12.646589083459384 kpc>, -1, 0, 0, 0, 0, 0]
[327, 5862, <Quantity 4322.401710960446 kpc>, <Quantity 4531.344904687551 kpc>, <Quantity 4712.523358224041 kpc>, <Quantity 1020753072.1716765 solMass>, <Quantity 896462913.8286324 solMass>, <Quantity 6.290076320180955 kpc>, <Quantity 7.3700184559250665 kpc>, -1, 0, 0, 0, 0, 0]
[328, 5860, <Quantity 4600.025736805294 kpc>, <Quantity 4275.281945147294 kpc>, <Quantity 4946.018067198688 kpc>, <Quantity 914419120.9544214 solMass>, <Quantity 891916955.8808985 solMass>, <Quantity 6.063603328117183 kpc>, <Quantity 11.299824409418164 kpc>, -1, 0, 0, 0, 0, 0]
[330, 5859, <Quantity 4497.2473396225605 kpc>, <Quantity 4539.179803252488 kpc>, <Quantity 4188.271358185601 kpc>, <Quantity 966872943.5886679 solMass>, <Quantity 891310828.1438482 solMass>, <Quantity 6.177396611224566 kpc>, <Quantity 8.811280283702168 kpc>, -1, 0, 0, 0, 0, 0]
[332, 5858, <Quantity 4440.924761006572 kpc>, <Quantity 4470.097003889869 kpc>, <Quantity 4879.206017974903 kpc>, <Quantity 1017077270.5748794 solMass>, <Quantity 878885209.6375201 solMass>, <Quantity 6.282516907302048 kpc>, <Quantity 7.079334427178015 kpc>, -1, 0, 0, 0, 0, 0]
[334, 5857, <Quantity 4413.266928083364 kpc>, <Quantity 4564.208228154058 kpc>, <Quantity 4695.2626265316485 kpc>, <Quantity 995472089.1044457 solMass>, <Quantity 875248443.235022 solMass>, <Quantity 6.237712859440637 kpc>, <Quantity 7.585555713133956 kpc>, -1, 0, 0, 0, 0, 0]
[335, 5856, <Quantity 4081.0474105974113 kpc>, <Quantity 3752.6028416607214 kpc>, <Quantity 3819.7945961968076 kpc>, <Quantity 1094837476.8986685 solMass>, <Quantity 874036187.817384 solMass>, <Quantity 6.438710542047752 kpc>, <Quantity 6.655112281288676 kpc>, -1, 0, 0, 0, 0, 0]
[337, 5854, <Quantity 3974.6424559729594 kpc>, <Quantity 4656.399863990097 kpc>, <Quantity 4260.826564436698 kpc>, <Quantity 959061787.1764791 solMass>, <Quantity 868277974.3307979 solMass>, <Quantity 6.16071632983577 kpc>, <Quantity 8.930542333665963 kpc>, -1, 0, 0, 0, 0, 0]
[339, 5853, <Quantity 4239.66323858686 kpc>, <Quantity 4596.617177949282 kpc>, <Quantity 4270.95236705991 kpc>, <Quantity 867427230.0604953 solMass>, <Quantity 862216697.0222768 solMass>, <Quantity 5.957902157526541 kpc>, <Quantity 6.8803243037919914 kpc>, -1, 0, 0, 0, 0, 0]
[340, 5852, <Quantity 4636.874149009324 kpc>, <Quantity 4604.69394946907 kpc>, <Quantity 4568.364737786691 kpc>, <Quantity 837160551.1487204 solMass>, <Quantity 854640100.3739971 solMass>, <Quantity 5.88778489158126 kpc>, <Quantity 7.901499801240466 kpc>, -1, 0, 0, 0, 0, 0]
[341, 5851, <Quantity 4580.7629309227195 kpc>, <Quantity 4691.175673586579 kpc>, <Quantity 3958.27860126504 kpc>, <Quantity 847203591.969228 solMass>, <Quantity 852215589.5010765 solMass>, <Quantity 5.911235737917261 kpc>, <Quantity 8.126002303238076 kpc>, -1, 0, 0, 0, 0, 0]
[342, 5850, <Quantity 4571.457242299343 kpc>, <Quantity 3971.445411962162 kpc>, <Quantity 4206.3743729732005 kpc>, <Quantity 742061998.381287 solMass>, <Quantity 848881886.9905659 solMass>, <Quantity 5.655822182655923 kpc>, <Quantity 7.204396079710574 kpc>, -1, 0, 0, 0, 0, 0]
[343, 5849, <Quantity 4587.6952335389215 kpc>, <Quantity 4111.079752761947 kpc>, <Quantity 4932.9095846538685 kpc>, <Quantity 904807806.9526602 solMass>, <Quantity 847972695.3756754 solMass>, <Quantity 6.0422839342856784 kpc>, <Quantity 7.915241817835952 kpc>, -1, 0, 0, 0, 0, 0]
[349, 5847, <Quantity 4129.410311920608 kpc>, <Quantity 4473.875983665147 kpc>, <Quantity 4459.58750119307 kpc>, <Quantity 868876861.5677235 solMass>, <Quantity 835850140.7519305 solMass>, <Quantity 5.961219229605701 kpc>, <Quantity 10.032378788974874 kpc>, -1, 0, 0, 0, 0, 0]
[350, 5846, <Quantity 4639.870632952538 kpc>, <Quantity 4170.33231399822 kpc>, <Quantity 4471.409969303931 kpc>, <Quantity 9330159.96556828 solMass>, <Quantity 835244013.0249228 solMass>, <Quantity 1.3151603678200623 kpc>, <Quantity 10.413211840818906 kpc>, -1, 0, 0, 0, 0, 0]
[354, 5845, <Quantity 4365.658545633136 kpc>, <Quantity 3976.283888867031 kpc>, <Quantity 4071.8071997379625 kpc>, <Quantity 866095854.3998482 solMass>, <Quantity 824030650.0773255 solMass>, <Quantity 5.954852423257215 kpc>, <Quantity 6.650689559665816 kpc>, -1, 0, 0, 0, 0, 0]
[356, 5843, <Quantity 4270.335847718126 kpc>, <Quantity 3963.9652747843825 kpc>, <Quantity 4056.7628620797714 kpc>, <Quantity 811665396.0968221 solMass>, <Quantity 820090819.7586466 solMass>, <Quantity 5.827398171938553 kpc>, <Quantity 8.60475397354361 kpc>, -1, 0, 0, 0, 0, 0]
[358, 5841, <Quantity 4620.205876134266 kpc>, <Quantity 4207.610302942915 kpc>, <Quantity 4261.481216919336 kpc>, <Quantity 857339744.7877738 solMass>, <Quantity 818575500.5058513 solMass>, <Quantity 5.934716835180953 kpc>, <Quantity 7.538838681049057 kpc>, -1, 0, 0, 0, 0, 0]
[359, 5840, <Quantity 4481.973591196775 kpc>, <Quantity 4762.061407084444 kpc>, <Quantity 3627.1388603279092 kpc>, <Quantity 840940225.2497387 solMass>, <Quantity 810392776.0702854 solMass>, <Quantity 5.896632457955089 kpc>, <Quantity 6.491908002825619 kpc>, -1, 0, 0, 0, 0, 0]
[360, 5839, <Quantity 4473.823570346553 kpc>, <Quantity 3906.290443619426 kpc>, <Quantity 4061.0661421254968 kpc>, <Quantity 838935706.9505075 solMass>, <Quantity 810089712.2638011 solMass>, <Quantity 5.891943535037995 kpc>, <Quantity 7.67239531003802 kpc>, -1, 0, 0, 0, 0, 0]
[361, 5838, <Quantity 4378.739335492024 kpc>, <Quantity 4417.370516061482 kpc>, <Quantity 4567.3349841096 kpc>, <Quantity 827943856.3013885 solMass>, <Quantity 807059073.5296884 solMass>, <Quantity 5.866097976206036 kpc>, <Quantity 7.980964342593939 kpc>, -1, 0, 0, 0, 0, 0]
[365, 5836, <Quantity 4016.2367744917224 kpc>, <Quantity 4268.272003973563 kpc>, <Quantity 4297.955380246314 kpc>, <Quantity 813322012.4844407 solMass>, <Quantity 790390560.9231317 solMass>, <Quantity 5.831360068464844 kpc>, <Quantity 10.640584261879477 kpc>, -1, 0, 0, 0, 0, 0]
[368, 5835, <Quantity 4473.530209126075 kpc>, <Quantity 3923.1629623171416 kpc>, <Quantity 4116.780587770845 kpc>, <Quantity 850916708.6990718 solMass>, <Quantity 787056858.4652697 solMass>, <Quantity 5.9198590567385905 kpc>, <Quantity 6.779981825476424 kpc>, -1, 0, 0, 0, 0, 0]
[369, 5833, <Quantity 4378.37166916377 kpc>, <Quantity 4092.2866965600247 kpc>, <Quantity 4946.176607724325 kpc>, <Quantity 830037934.717471 solMass>, <Quantity 782510900.4727533 solMass>, <Quantity 5.871039425271711 kpc>, <Quantity 7.750398583509082 kpc>, -1, 0, 0, 0, 0, 0]
[371, 5831, <Quantity 3925.1695504625995 kpc>, <Quantity 4510.928182455068 kpc>, <Quantity 3486.6825669804966 kpc>, <Quantity 868032190.802321 solMass>, <Quantity 775540431.5321299 solMass>, <Quantity 5.959286888220614 kpc>, <Quantity 6.168877255902076 kpc>, -1, 0, 0, 0, 0, 0]
[372, 5830, <Quantity 4157.6317115807815 kpc>, <Quantity 4705.064631115752 kpc>, <Quantity 4910.329010067226 kpc>, <Quantity 930970507.4971136 solMass>, <Quantity 774934303.8067573 solMass>, <Quantity 6.099969413974792 kpc>, <Quantity 8.544970803137959 kpc>, -1, 0, 0, 0, 0, 0]
[374, 5829, <Quantity 4148.061311015742 kpc>, <Quantity 4012.812437828004 kpc>, <Quantity 4083.163111780318 kpc>, <Quantity 11488117.169242013 solMass>, <Quantity 771297537.4251144 solMass>, <Quantity 1.409608906656354 kpc>, <Quantity 16.6352538500144 kpc>, 73, 0, 0, 0, 0, 0]
[375, 5828, <Quantity 3985.665607891636 kpc>, <Quantity 4017.520480175383 kpc>, <Quantity 3917.773273784825 kpc>, <Quantity 852637163.6639076 solMass>, <Quantity 770388345.8217794 solMass>, <Quantity 5.923846127116206 kpc>, <Quantity 8.906729655443485 kpc>, -1, 0, 0, 0, 0, 0]
[376, 5827, <Quantity 4033.390028068769 kpc>, <Quantity 4498.5422368397 kpc>, <Quantity 4735.652979026722 kpc>, <Quantity 701156951.7281246 solMass>, <Quantity 768569962.6685269 solMass>, <Quantity 5.549929049851881 kpc>, <Quantity 7.33757608029371 kpc>, -1, 0, 0, 0, 0, 0]
[377, 5825, <Quantity 3934.671695638955 kpc>, <Quantity 4002.296123904507 kpc>, <Quantity 4018.3132656331472 kpc>, <Quantity 725865319.1205357 solMass>, <Quantity 763720940.8030077 solMass>, <Quantity 5.614370022824292 kpc>, <Quantity 11.329253641170942 kpc>, -1, 0, 0, 0, 0, 0]
[379, 5824, <Quantity 4459.776931163446 kpc>, <Quantity 4475.541254032836 kpc>, <Quantity 4091.795406896457 kpc>, <Quantity 898451277.3677446 solMass>, <Quantity 759781110.5589161 solMass>, <Quantity 6.028101087490177 kpc>, <Quantity 8.248063633829663 kpc>, -1, 0, 0, 0, 0, 0]
[380, 5822, <Quantity 4286.006199414663 kpc>, <Quantity 3884.4649310282175 kpc>, <Quantity 4017.738211979028 kpc>, <Quantity 970472269.5595499 solMass>, <Quantity 751598386.1906523 solMass>, <Quantity 6.1850525398115055 kpc>, <Quantity 7.454538138315504 kpc>, -1, 0, 0, 0, 0, 0]
[381, 5821, <Quantity 4425.263920609961 kpc>, <Quantity 4198.069283476449 kpc>, <Quantity 4794.43180473817 kpc>, <Quantity 895243154.2133375 solMass>, <Quantity 750386130.7494987 solMass>, <Quantity 6.0209176319547915 kpc>, <Quantity 7.465112149482582 kpc>, -1, 0, 0, 0, 0, 0]
[383, 5820, <Quantity 4012.0557202839987 kpc>, <Quantity 4469.633836734225 kpc>, <Quantity 3924.9358704456254 kpc>, <Quantity 937404713.0154394 solMass>, <Quantity 748567747.4986557 solMass>, <Quantity 6.113990045491071 kpc>, <Quantity 7.95755706616366 kpc>, -1, 0, 0, 0, 0, 0]
[385, 5819, <Quantity 4501.103343058259 kpc>, <Quantity 4509.286927299049 kpc>, <Quantity 4215.6532003363045 kpc>, <Quantity 928133080.048231 solMass>, <Quantity 744324853.418359 solMass>, <Quantity 6.093765911127606 kpc>, <Quantity 6.995452800120046 kpc>, -1, 0, 0, 0, 0, 0]
[387, 5817, <Quantity 4562.999758258149 kpc>, <Quantity 4600.884390986758 kpc>, <Quantity 4151.0956796039645 kpc>, <Quantity 818820689.5058622 solMass>, <Quantity 742203406.3242444 solMass>, <Quantity 5.8444720440243 kpc>, <Quantity 8.743553617631694 kpc>, -1, 0, 0, 0, 0, 0]
[389, 5816, <Quantity 4666.976674582589 kpc>, <Quantity 4008.7749018811032 kpc>, <Quantity 4203.395793083949 kpc>, <Quantity 718446311.9114646 solMass>, <Quantity 734929873.642125 solMass>, <Quantity 5.595176483439065 kpc>, <Quantity 6.665362250893991 kpc>, -1, 0, 0, 0, 0, 0]
[392, 5814, <Quantity 4005.9312548047023 kpc>, <Quantity 4496.641175698782 kpc>, <Quantity 4731.395078616682 kpc>, <Quantity 768145873.5146736 solMass>, <Quantity 722807318.9998885 solMass>, <Quantity 5.721328931576663 kpc>, <Quantity 8.025258410131974 kpc>, -1, 0, 0, 0, 0, 0]
[395, 5812, <Quantity 4162.957285159596 kpc>, <Quantity 4015.7485672829694 kpc>, <Quantity 4066.3804459485746 kpc>, <Quantity 850868167.2744682 solMass>, <Quantity 719776680.3166199 solMass>, <Quantity 5.919746486435089 kpc>, <Quantity 10.400755282498665 kpc>, 73, 0, 0, 0, 0, 0]
[396, 5811, <Quantity 4476.596802420421 kpc>, <Quantity 4277.728946435096 kpc>, <Quantity 4528.170390783422 kpc>, <Quantity 891972122.5139115 solMass>, <Quantity 716746041.6840818 solMass>, <Quantity 6.013575623690235 kpc>, <Quantity 6.841179402371629 kpc>, -1, 0, 0, 0, 0, 0]
[397, 5810, <Quantity 4284.826144949736 kpc>, <Quantity 4076.3835999236326 kpc>, <Quantity 4945.669681470542 kpc>, <Quantity 864161368.9317226 solMass>, <Quantity 714018466.8679413 solMass>, <Quantity 5.9504155922879045 kpc>, <Quantity 7.926963547551012 kpc>, -1, 0, 0, 0, 0, 0]
