yt : [INFO     ] 2017-07-25 14:31:44,250 Parameters: current_time              = 4.9302619419e+16
yt : [INFO     ] 2017-07-25 14:31:44,251 Parameters: domain_dimensions         = [2 2 2]
yt : [INFO     ] 2017-07-25 14:31:44,251 Parameters: domain_left_edge          = [ 0.  0.  0.]
yt : [INFO     ] 2017-07-25 14:31:44,252 Parameters: domain_right_edge         = [  2.67042632e+25   2.67042632e+25   2.67042632e+25]
yt : [INFO     ] 2017-07-25 14:31:44,252 Parameters: cosmological_simulation   = 1
yt : [INFO     ] 2017-07-25 14:31:44,252 Parameters: current_redshift          = 3.99999994524
yt : [INFO     ] 2017-07-25 14:31:44,252 Parameters: omega_lambda              = 0.712
yt : [INFO     ] 2017-07-25 14:31:44,252 Parameters: omega_matter              = 0.288
yt : [INFO     ] 2017-07-25 14:31:44,252 Parameters: hubble_constant           = 0.6933
yt : [INFO     ] 2017-07-25 14:31:44,306 Parameters: current_time              = 207.43449726205
yt : [INFO     ] 2017-07-25 14:31:44,306 Parameters: domain_dimensions         = [128 128 128]
yt : [INFO     ] 2017-07-25 14:31:44,307 Parameters: domain_left_edge          = [ 0.  0.  0.]
yt : [INFO     ] 2017-07-25 14:31:44,308 Parameters: domain_right_edge         = [ 1.  1.  1.]
yt : [INFO     ] 2017-07-25 14:31:44,308 Parameters: cosmological_simulation   = 1
yt : [INFO     ] 2017-07-25 14:31:44,308 Parameters: current_redshift          = 3.9999999452432
yt : [INFO     ] 2017-07-25 14:31:44,308 Parameters: omega_lambda              = 0.712
yt : [INFO     ] 2017-07-25 14:31:44,308 Parameters: omega_matter              = 0.288
yt : [INFO     ] 2017-07-25 14:31:44,308 Parameters: hubble_constant           = 0.6933
yt : [INFO     ] 2017-07-25 14:31:44,312 Allocating for 6.026e+03 particles (index particle type 'all')
yt : [INFO     ] 2017-07-25 14:31:44,319 Identified 1.921e+03 octs
IsSatellite
IsSatellite
79 0.5244073648008055 solMass / solMass
IsSatellite
83 1.3478365532164636 solMass / solMass
IsSatellite
IsSatellite
IsSatellite
97 2.6272793109619095e+38 solMass / solMass
101 0.6325772739816697 solMass / solMass
107 3.324280962169052 solMass / solMass
IsSatellite
114 3.1387010005507294 solMass / solMass
121 13.857822084840768 solMass / solMass
122 5.5494395611235525 solMass / solMass
IsSatellite
IsSatellite
128 355.5831191237215 solMass / solMass
132 5.847905578914367e+35 solMass / solMass
134 6.364708680500272e+38 solMass / solMass
IsSatellite
138 3.35984216411013 solMass / solMass
139 6.084048540755913e+35 solMass / solMass
143 2.0934106672815376 solMass / solMass
146 1.8111162167108616 solMass / solMass
148 12.315098713041914 solMass / solMass
151 6.591942977063095 solMass / solMass
152 1.5911644724981666 solMass / solMass
154 8.73086459366179 solMass / solMass
158 3.413266670134631 solMass / solMass
160 7.072429745642884 solMass / solMass
162 32.46199732052774 solMass / solMass
167 25.91944549973426 solMass / solMass
168 8.569126006647556 solMass / solMass
169 1.0500259710900717e+39 solMass / solMass
170 30.81398491437171 solMass / solMass
171 31.5743193048634 solMass / solMass
172 30.98219122664639 solMass / solMass
174 7.9999931259454735 solMass / solMass
177 13.340860191964621 solMass / solMass
180 1.1910016605785772e+36 solMass / solMass
182 0.17601985112009222 solMass / solMass
187 5.421683039653768 solMass / solMass
189 1.6684023184718337 solMass / solMass
192 20.119565805193243 solMass / solMass
195 41.29259886187456 solMass / solMass
196 12.253473824608363 solMass / solMass
197 1.2544148551314772e+39 solMass / solMass
202 9.202392992821304 solMass / solMass
205 1.46325109048747e+36 solMass / solMass
206 38.56750860663469 solMass / solMass
208 3.080410651494733 solMass / solMass
209 18.61936421443407 solMass / solMass
216 136.48204453757225 solMass / solMass
221 1.8524998993220557e+36 solMass / solMass
223 20.516616888138167 solMass / solMass
226 69.0317004167954 solMass / solMass
229 3.3776852102750046 solMass / solMass
230 71.00142809598925 solMass / solMass
232 1.691906496261153e+36 solMass / solMass
233 18.131205957209204 solMass / solMass
234 16.8383972276818 solMass / solMass
235 9.199779021036726 solMass / solMass
236 9.979949140397613 solMass / solMass
237 5.208286258146594 solMass / solMass
243 17.715708655437048 solMass / solMass
247 30.229446209435313 solMass / solMass
249 1708.2749902755743 solMass / solMass
251 0.921676500604049 solMass / solMass
252 9.610262764540703 solMass / solMass
253 17.112934430553942 solMass / solMass
254 0.7410783496722647 solMass / solMass
260 54.02744627248249 solMass / solMass
262 29.697396461993733 solMass / solMass
264 2.651754499259544 solMass / solMass
265 2.6341797825560307e+39 solMass / solMass
269 73.50212812429845 solMass / solMass
IsSatellite
271 22.404581999478918 solMass / solMass
272 90.44878305210904 solMass / solMass
273 2037.1210579621331 solMass / solMass
274 2.368528114589134e+36 solMass / solMass
275 31.0407060531879 solMass / solMass
279 616.9917473484338 solMass / solMass
280 13.431028654943225 solMass / solMass
283 2022.8842774070968 solMass / solMass
287 21.255216889443336 solMass / solMass
291 11.154757514263899 solMass / solMass
292 3.1200143861912715e+36 solMass / solMass
293 20.232598201230065 solMass / solMass
294 18.240180354961335 solMass / solMass
295 38.35197720969434 solMass / solMass
297 13.706184588759308 solMass / solMass
299 23.165064246787562 solMass / solMass
300 3.113991027592649e+36 solMass / solMass
301 169.95765276458803 solMass / solMass
302 183.10037112801777 solMass / solMass
304 106.86500227163438 solMass / solMass
312 3.1321800912155204e+36 solMass / solMass
316 4.047916966148313 solMass / solMass
317 10.095906949215466 solMass / solMass
319 46.2790027200076 solMass / solMass
323 30.195721910685823 solMass / solMass
324 125.19312673165977 solMass / solMass
325 369.66316150322075 solMass / solMass
327 8.710627308802142 solMass / solMass
328 58.77542816401481 solMass / solMass
330 45.066987509741246 solMass / solMass
332 9.907501273793997 solMass / solMass
334 8.083268347429305 solMass / solMass
335 101.0106532949983 solMass / solMass
337 31.767748120961578 solMass / solMass
339 35.121818415854975 solMass / solMass
340 19.32778614401816 solMass / solMass
341 11.515209281760377 solMass / solMass
342 59.27318814487806 solMass / solMass
343 68.86657481334667 solMass / solMass
349 34.3519560125456 solMass / solMass
350 426.0351834799262 solMass / solMass
354 201.75726696731354 solMass / solMass
356 4.1110605607528173e+36 solMass / solMass
358 69.88753179075313 solMass / solMass
359 19.281713811463813 solMass / solMass
360 115.37181050293493 solMass / solMass
361 13.635295539815306 solMass / solMass
365 12.454861013249571 solMass / solMass
368 118.53879634592319 solMass / solMass
369 13.592352818311415 solMass / solMass
371 34.388608301581534 solMass / solMass
372 7.530738288168232 solMass / solMass
IsSatellite
375 42.42011759111894 solMass / solMass
376 5.121051037007366 solMass / solMass
377 33.46193981716514 solMass / solMass
379 51.20463165103443 solMass / solMass
380 684.3371783745232 solMass / solMass
381 54.97708972750788 solMass / solMass
383 21.584044781371716 solMass / solMass
385 46.467478247818235 solMass / solMass
387 37.37127116078877 solMass / solMass
389 42.17610231531816 solMass / solMass
392 4.60397284657431 solMass / solMass
IsSatellite
396 5.858286443076843 solMass / solMass
397 3.1831898529491927 solMass / solMass
398 9.648471220136715 solMass / solMass
400 76.16019628534248 solMass / solMass
402 4.681629441550561e+36 solMass / solMass
403 1666.7086084857488 solMass / solMass
405 66.13197837731285 solMass / solMass
IsSatellite
407 46.550379845800215 solMass / solMass
409 4.2412127329948045e+39 solMass / solMass
413 164.10658785165282 solMass / solMass
414 4.4220708106608684e+36 solMass / solMass
416 12.094475827920574 solMass / solMass
417 93.11533244231144 solMass / solMass
420 14.738478342112304 solMass / solMass
421 25.315497887705682 solMass / solMass
422 18.16102123991082 solMass / solMass
424 104.34877746158425 solMass / solMass
425 8.65268203917206 solMass / solMass
428 45.00885121133456 solMass / solMass
434 59.61255216305933 solMass / solMass
435 59.91686962232895 solMass / solMass
436 63.47878866763499 solMass / solMass
437 68.33348670580865 solMass / solMass
440 87.0255706981451 solMass / solMass
442 4.9860999852824545e+36 solMass / solMass
444 44.18951490266454 solMass / solMass
445 12.298037740716493 solMass / solMass
448 24.90973164942565 solMass / solMass
450 40.74557981459308 solMass / solMass
451 186.4208190626567 solMass / solMass
453 185.92832932699437 solMass / solMass
457 31.275076750513836 solMass / solMass
458 6.321471441397596e+36 solMass / solMass
460 35.02678510612505 solMass / solMass
461 4281.704789519435 solMass / solMass
462 2591.7967171284436 solMass / solMass
466 4.494990342184811e+36 solMass / solMass
467 96.0642224610206 solMass / solMass
468 6.891417823283707e+39 solMass / solMass
469 70.25486794084372 solMass / solMass
470 5.598326335920932e+36 solMass / solMass
IsSatellite
476 46.49741165639639 solMass / solMass
477 8.841867030595738 solMass / solMass
478 17.51139370371826 solMass / solMass
483 183.46499450899134 solMass / solMass
485 37.99910417626977 solMass / solMass
487 81.96214680934152 solMass / solMass
488 48.68119685720526 solMass / solMass
490 10.593957756735188 solMass / solMass
493 290.9160651956954 solMass / solMass
494 53.11352557396494 solMass / solMass
496 40.65156691363493 solMass / solMass
497 5.785808312594554e+36 solMass / solMass
IsSatellite
501 19.74912456771708 solMass / solMass
503 6.613381841153967e+36 solMass / solMass
505 17.881752526256406 solMass / solMass
510 7.142055543637495e+36 solMass / solMass
511 40.41024719912111 solMass / solMass
514 6.939485107672206e+36 solMass / solMass
516 185.5667950369801 solMass / solMass
517 310.93978323610264 solMass / solMass
519 9.071773251175786 solMass / solMass
521 50.67171573672574 solMass / solMass
524 28.253989648256805 solMass / solMass
528 228.6567187316643 solMass / solMass
530 140.24284851841364 solMass / solMass
531 5.780896483164219e+36 solMass / solMass
IsSatellite
533 54.31082651484377 solMass / solMass
535 85.66442809589022 solMass / solMass
537 51.1626053211441 solMass / solMass
538 18.88408371120885 solMass / solMass
540 4.510090393794618 solMass / solMass
543 327.72290433200214 solMass / solMass
544 5318.17748850493 solMass / solMass
545 12.085605481019808 solMass / solMass
546 16.518893883066372 solMass / solMass
549 48.990489531439465 solMass / solMass
552 32.738883375137924 solMass / solMass
553 14.508671558689302 solMass / solMass
554 5.1891583591714605 solMass / solMass
555 6381.808140677456 solMass / solMass
556 71.92579848310766 solMass / solMass
560 11.637027419079434 solMass / solMass
561 6.293787387276291 solMass / solMass
563 20.45585107324237 solMass / solMass
564 9.849343354395131 solMass / solMass
566 55.57853073237587 solMass / solMass
573 7.851585368583873e+36 solMass / solMass
574 71.43239519157906 solMass / solMass
575 72.8116825909937 solMass / solMass
576 237.73866805662726 solMass / solMass
580 6209.405800179369 solMass / solMass
581 56.879702879848 solMass / solMass
585 80.74184226435287 solMass / solMass
586 248.27914650869587 solMass / solMass
588 56.74301034743297 solMass / solMass
589 113.91802925653678 solMass / solMass
591 64.76971538778146 solMass / solMass
594 79.72292301942035 solMass / solMass
595 68.64101978274915 solMass / solMass
596 6.674395677598668e+36 solMass / solMass
599 11.031083969836065 solMass / solMass
601 179.2122315680213 solMass / solMass
603 107.57405217853355 solMass / solMass
604 9.023691239484408e+36 solMass / solMass
606 25.606512210564937 solMass / solMass
607 29.516514807716863 solMass / solMass
608 20.284272618296786 solMass / solMass
611 13.533768457086719 solMass / solMass
612 27.78908482033536 solMass / solMass
615 16.360207848341055 solMass / solMass
618 8.82025062319275e+36 solMass / solMass
IsSatellite
620 8.007767339537194 solMass / solMass
622 10.451920153600902 solMass / solMass
623 16.4508465031629 solMass / solMass
624 78.82379537314756 solMass / solMass
626 6724.901315033587 solMass / solMass
HaloMassEqualZero
638 221.07328241786809 solMass / solMass
640 41.203931574538366 solMass / solMass
642 10.441973572228077 solMass / solMass
643 27.43671238377481 solMass / solMass
644 7.572683610036452e+39 solMass / solMass
645 10.578943535028491 solMass / solMass
646 318.98140526922896 solMass / solMass
647 28.77597901520143 solMass / solMass
648 60.85774878133556 solMass / solMass
651 7.980046464901501e+39 solMass / solMass
653 9.430797988068966e+39 solMass / solMass
656 19.388041025772296 solMass / solMass
658 277.17147075312465 solMass / solMass
660 7538.759792498487 solMass / solMass
IsSatellite
666 52.247829499027134 solMass / solMass
671 20.436575926886963 solMass / solMass
HaloMassEqualZero
673 25.174346042139558 solMass / solMass
674 140.14865967271353 solMass / solMass
675 6.932633348319587 solMass / solMass
676 76.18535420102934 solMass / solMass
677 89.98156240321822 solMass / solMass
681 12.167360947243987 solMass / solMass
682 50.645775200079584 solMass / solMass
683 62.945765350406525 solMass / solMass
685 49.678879760109474 solMass / solMass
689 387.20323024707244 solMass / solMass
690 6411.388445358735 solMass / solMass
691 8.974229165870765 solMass / solMass
696 1.2028639703426753e+37 solMass / solMass
698 91.59484362652174 solMass / solMass
699 43.70198693104937 solMass / solMass
703 177.12358609846493 solMass / solMass
706 385.9118416927056 solMass / solMass
707 1.118051379612469e+37 solMass / solMass
708 8155.882047738375 solMass / solMass
710 46.43624640432902 solMass / solMass
713 125.3548646502819 solMass / solMass
714 1.106844706140501e+37 solMass / solMass
716 9.124443128137171e+39 solMass / solMass
719 73.53431230998812 solMass / solMass
720 327.75934417405233 solMass / solMass
721 83.03116056149877 solMass / solMass
723 48.832355591517214 solMass / solMass
724 141.82592296578196 solMass / solMass
IsSatellite
HaloMassEqualZero
728 1.1344329288320013e+37 solMass / solMass
729 70.91167662431799 solMass / solMass
732 68.1440184264036 solMass / solMass
IsSatellite
737 91.17519086727837 solMass / solMass
741 86.53774668159566 solMass / solMass
743 94.26611511175288 solMass / solMass
745 9.122321686800204e+36 solMass / solMass
747 106.9430692335442 solMass / solMass
749 110.58475032741902 solMass / solMass
750 61.15648029348558 solMass / solMass
751 25.113483264953082 solMass / solMass
752 20.492884858815895 solMass / solMass
753 18.6829290671245 solMass / solMass
757 207.9699377902013 solMass / solMass
760 6946.493480179742 solMass / solMass
761 48.603500471373515 solMass / solMass
763 57.67795593607499 solMass / solMass
764 90.68833836116939 solMass / solMass
765 2712.267515509472 solMass / solMass
766 13.952597884071414 solMass / solMass
767 13.405213379434553 solMass / solMass
768 216.64077628976295 solMass / solMass
771 9.916596684848328 solMass / solMass
773 21.955610010123273 solMass / solMass
774 27.967428371719475 solMass / solMass
775 85.68410041009211 solMass / solMass
776 125.48915935949931 solMass / solMass
779 70.06539523351505 solMass / solMass
780 73.8713439983558 solMass / solMass
IsSatellite
785 1.1092840314933257e+37 solMass / solMass
788 8494.051044699425 solMass / solMass
789 5.428373732283843 solMass / solMass
790 1.0819968595371658e+37 solMass / solMass
791 12.739615691445834 solMass / solMass
792 146.3960831787185 solMass / solMass
793 11.567342265448927 solMass / solMass
794 10505.432315983458 solMass / solMass
795 285.26452020859875 solMass / solMass
796 62.100149036711784 solMass / solMass
797 1.2453740275630066e+40 solMass / solMass
800 263.59714392501513 solMass / solMass
801 90.92499688382905 solMass / solMass
802 25.67311879805164 solMass / solMass
803 9.347596187496292e+36 solMass / solMass
804 40.402733749448004 solMass / solMass
806 96.63392393727482 solMass / solMass
807 7403.964057258802 solMass / solMass
808 22.62746391283138 solMass / solMass
810 483.9820141392295 solMass / solMass
IsSatellite
815 52.71596779890276 solMass / solMass
816 402.37964382931534 solMass / solMass
818 449.31044017584315 solMass / solMass
822 216.65218491561473 solMass / solMass
824 8390.88856154972 solMass / solMass
825 162.306812473104 solMass / solMass
826 17.5287375167714 solMass / solMass
827 1.5249413759125295e+37 solMass / solMass
IsSatellite
832 48.9521250370602 solMass / solMass
833 112.5042802345578 solMass / solMass
IsSatellite
IsSatellite
841 174.05087331013274 solMass / solMass
842 22.63989274297666 solMass / solMass
843 83.01623634086143 solMass / solMass
844 93.9236368918775 solMass / solMass
846 48.26080774904405 solMass / solMass
847 35.10583889448793 solMass / solMass
848 10.761998838383873 solMass / solMass
849 21.801631150806344 solMass / solMass
850 171.82015031544896 solMass / solMass
851 1.0654984912741711e+37 solMass / solMass
855 60.61167048635143 solMass / solMass
856 220.51897832596012 solMass / solMass
859 69.78761050867959 solMass / solMass
861 11.108625276989843 solMass / solMass
863 1.3717501545656571e+37 solMass / solMass
864 81.35561708908506 solMass / solMass
865 42.332812296624034 solMass / solMass
866 53.47244022233646 solMass / solMass
867 70.32174186887826 solMass / solMass
868 1.5374244969135096e+37 solMass / solMass
869 38.52637856332779 solMass / solMass
870 69.4388318961094 solMass / solMass
871 1.3676566328184888e+37 solMass / solMass
IsSatellite
875 171.08245451661168 solMass / solMass
IsSatellite
877 25.4755394528758 solMass / solMass
878 372.5907949445921 solMass / solMass
880 550.2771079730649 solMass / solMass
881 3.6544684625301658 solMass / solMass
883 172.55051221506173 solMass / solMass
884 159.2338965845066 solMass / solMass
885 59.641388278315155 solMass / solMass
886 4.388890122230743 solMass / solMass
890 230.81841443431725 solMass / solMass
891 1.4565418051159804e+37 solMass / solMass
894 10025.40624681428 solMass / solMass
895 12.360034546179367 solMass / solMass
896 94.96664273653485 solMass / solMass
897 66.1825942981467 solMass / solMass
898 26.21823661574185 solMass / solMass
900 1.1156984531352767e+40 solMass / solMass
902 75.0282337648733 solMass / solMass
IsSatellite
905 1.4479787153333344e+37 solMass / solMass
HaloMassEqualZero
909 435.9085396874698 solMass / solMass
911 469.2229150839443 solMass / solMass
912 34.39613656560303 solMass / solMass
918 65.22796532636711 solMass / solMass
919 21.434517213231267 solMass / solMass
920 9351.550652968117 solMass / solMass
921 1209.0569038767399 solMass / solMass
925 18.47564053290042 solMass / solMass
IsSatellite
927 0.9746291952571203 solMass / solMass
929 361.57990578419594 solMass / solMass
931 27.289200883762856 solMass / solMass
934 229.12847948587705 solMass / solMass
936 12862.209222020634 solMass / solMass
937 1.5672193871303802e+37 solMass / solMass
939 2.5287482784644175 solMass / solMass
940 59.83768852770521 solMass / solMass
944 1.4898497233472925e+37 solMass / solMass
946 5467.677000740031 solMass / solMass
950 76.85592008734088 solMass / solMass
951 101.89711969618774 solMass / solMass
958 12414.105633666555 solMass / solMass
959 191.9582095113408 solMass / solMass
960 202.13831094587803 solMass / solMass
961 116.23240139777022 solMass / solMass
964 23.44377271995241 solMass / solMass
965 96.77071541513381 solMass / solMass
967 4626.641764583607 solMass / solMass
968 278.7474609729177 solMass / solMass
969 170.99063196620685 solMass / solMass
971 442.03780942833356 solMass / solMass
972 160.32532027904344 solMass / solMass
974 125.93091395536659 solMass / solMass
975 45.52953471856575 solMass / solMass
977 31.095698796528396 solMass / solMass
979 23.451027104143094 solMass / solMass
IsSatellite
985 1.420801970691e+37 solMass / solMass
986 6.448000450411992 solMass / solMass
987 64.39626702488462 solMass / solMass
IsSatellite
993 1.4578818479425792e+40 solMass / solMass
994 17.1749787536362 solMass / solMass
995 55.84864889703587 solMass / solMass
996 3825.742119668682 solMass / solMass
1009 14.810963184253508 solMass / solMass
1010 1.8476007520739444e+37 solMass / solMass
1012 11.391471941946437 solMass / solMass
1013 1.8419496960370539e+37 solMass / solMass
1014 36.53748415550233 solMass / solMass
1015 5.16419191447623 solMass / solMass
1017 50.6400457403153 solMass / solMass
1019 208.2870553591269 solMass / solMass
1022 1.5810087701512403e+37 solMass / solMass
1023 350.85601817086336 solMass / solMass
1024 270.41919103000936 solMass / solMass
1028 208.19830801556117 solMass / solMass
1029 1.714086821121402e+37 solMass / solMass
IsSatellite
1033 8.741384696996901 solMass / solMass
1035 15.60986639254761 solMass / solMass
IsSatellite
1037 147.39467182741168 solMass / solMass
1038 123.65595538997268 solMass / solMass
1039 320.90320370784195 solMass / solMass
1040 80.1169859013277 solMass / solMass
1042 20.43430299521894 solMass / solMass
1045 103.70508923998749 solMass / solMass
1047 18078.806017209332 solMass / solMass
1048 1.61359374252978e+37 solMass / solMass
1049 4.5025730349475355 solMass / solMass
1051 111.08238403914906 solMass / solMass
1052 3130.5522162639477 solMass / solMass
1053 546.8123106112063 solMass / solMass
1057 38.34749301104178 solMass / solMass
1060 95.482530769157 solMass / solMass
1061 264.5482338010871 solMass / solMass
1062 22.899272389551395 solMass / solMass
1069 1.5587134925231493e+37 solMass / solMass
1070 34.710162920191905 solMass / solMass
1071 76.6486986547911 solMass / solMass
1073 68.4017583255026 solMass / solMass
1074 27.404196003951405 solMass / solMass
1075 113.94344143081324 solMass / solMass
1076 60.17803607836811 solMass / solMass
1077 13.709942293230524 solMass / solMass
1078 46.91585233865457 solMass / solMass
1079 72.52873160818949 solMass / solMass
1081 253.7071517445659 solMass / solMass
1082 40.11006744630414 solMass / solMass
1084 1028.184556355898 solMass / solMass
1085 1.9253272368367405e+37 solMass / solMass
1086 76.80585223046465 solMass / solMass
1087 203.4201816393959 solMass / solMass
1091 13.499195737922868 solMass / solMass
1092 342.9808810664228 solMass / solMass
1093 80.07328315745873 solMass / solMass
IsSatellite
1097 10.327842516173906 solMass / solMass
1098 251.2164308065063 solMass / solMass
1099 46.32741473767733 solMass / solMass
IsSatellite
1101 26.816396426912206 solMass / solMass
1102 12.459669850282639 solMass / solMass
1103 33.56260027096394 solMass / solMass
1106 8050.383677004411 solMass / solMass
1107 241.5715652755682 solMass / solMass
1109 32.18593244797041 solMass / solMass
1110 85.27926918711934 solMass / solMass
1111 19.823329417284935 solMass / solMass
1112 132.89644084822282 solMass / solMass
1114 186.67528468970127 solMass / solMass
1115 28.457718220166583 solMass / solMass
1117 131.06934211149945 solMass / solMass
1121 5.926313314571168 solMass / solMass
1122 678.6628476820429 solMass / solMass
1123 81.03327809562167 solMass / solMass
1124 14044.465965298421 solMass / solMass
1125 96.74672810606033 solMass / solMass
1126 128.1625048692251 solMass / solMass
1128 100.28898598472303 solMass / solMass
1130 21.2694188098497 solMass / solMass
IsSatellite
1133 145.93688133698367 solMass / solMass
1135 14626.808323154784 solMass / solMass
1136 279.16071985813363 solMass / solMass
1137 77.09622658292437 solMass / solMass
1139 23.923727577727412 solMass / solMass
HaloMassEqualZero
1141 298.6422044012527 solMass / solMass
IsSatellite
1145 54.30318894767959 solMass / solMass
1146 5421.165306468842 solMass / solMass
1148 2093.2472080799403 solMass / solMass
1149 221.7542672611006 solMass / solMass
1152 58.82798837984819 solMass / solMass
1153 907.4165322143036 solMass / solMass
IsSatellite
1157 590.0238011951348 solMass / solMass
1164 453.23145887100077 solMass / solMass
1166 257.47667130405733 solMass / solMass
1168 45.04697329622558 solMass / solMass
1169 375.2319817441664 solMass / solMass
1170 1057.9600526808233 solMass / solMass
1174 112.66151289838916 solMass / solMass
IsSatellite
1176 72.26553048413604 solMass / solMass
1178 1.881886642359589e+37 solMass / solMass
1179 2.0713977758526194e+37 solMass / solMass
1180 73.25800164664196 solMass / solMass
1181 259.0673941407128 solMass / solMass
1184 359.2382314974526 solMass / solMass
1186 135.1006837160921 solMass / solMass
1187 443.6465590116825 solMass / solMass
1188 111.36919911811587 solMass / solMass
1195 2.0042718961641635e+37 solMass / solMass
1198 2416.250455496401 solMass / solMass
1199 40.84188277827256 solMass / solMass
1200 655.1271061905437 solMass / solMass
1202 219.39100215932095 solMass / solMass
1203 35.43666436230765 solMass / solMass
1204 151.6944065178749 solMass / solMass
1206 42.52288732218369 solMass / solMass
1207 2.2737299609094404e+37 solMass / solMass
1209 1.9410957821507258e+37 solMass / solMass
1213 375.064951828527 solMass / solMass
1214 47.61947902021101 solMass / solMass
1215 593.3144943232311 solMass / solMass
1217 99.2741587251382 solMass / solMass
1219 246.5222035609496 solMass / solMass
1220 201.42536631030194 solMass / solMass
1221 311.54288441554536 solMass / solMass
1222 148.60985605062717 solMass / solMass
1226 947.3136834266439 solMass / solMass
1227 78.1091998237817 solMass / solMass
1228 72.85803176885429 solMass / solMass
1229 765.1070036616973 solMass / solMass
1230 201.62930923575752 solMass / solMass
1231 81.26019546910358 solMass / solMass
1232 17981.53697585378 solMass / solMass
1233 15591.419083709008 solMass / solMass
1234 36.95645500550233 solMass / solMass
1235 144.6746246237935 solMass / solMass
1236 149.16992067470463 solMass / solMass
1237 12926.904451892238 solMass / solMass
1239 12299.243260410869 solMass / solMass
1240 170.99764657580232 solMass / solMass
1243 61.40037010600008 solMass / solMass
1244 70.39266995037029 solMass / solMass
1245 19.3878336429427 solMass / solMass
1246 7.185627588011965 solMass / solMass
1247 274.301016512984 solMass / solMass
1250 71.15877712748832 solMass / solMass
1251 113.19524733464857 solMass / solMass
1253 30.380483981880595 solMass / solMass
1255 360.59342273413785 solMass / solMass
1256 138.5817998223874 solMass / solMass
1261 72.98880287004238 solMass / solMass
1262 189.4741309164915 solMass / solMass
1264 886.224165766541 solMass / solMass
1265 30.05507907520559 solMass / solMass
1273 33.76992909772777 solMass / solMass
1274 2.2358827534173112e+37 solMass / solMass
HaloMassEqualZero
1278 378.65395240434685 solMass / solMass
1279 190.3900658278376 solMass / solMass
1280 919.0813331191338 solMass / solMass
1281 44.346458462780326 solMass / solMass
1284 2.3907333002562576e+37 solMass / solMass
1285 69.83902080658046 solMass / solMass
1287 17548.212151323212 solMass / solMass
1288 777.2944188940743 solMass / solMass
1290 494.58888111080097 solMass / solMass
1292 749.6540509329233 solMass / solMass
IsSatellite
1296 227.2391781445425 solMass / solMass
1297 15.47832584167033 solMass / solMass
1299 128.76250235813941 solMass / solMass
1300 254.93068952676194 solMass / solMass
IsSatellite
IsSatellite
1310 8070.490067312052 solMass / solMass
1313 102.74834073851227 solMass / solMass
1314 187.79615383772585 solMass / solMass
1316 1600.2166803908535 solMass / solMass
1318 106.76953238641883 solMass / solMass
1319 138.21726548769996 solMass / solMass
1320 94.44755887356642 solMass / solMass
1321 53.377192921890014 solMass / solMass
1322 286.5952805281438 solMass / solMass
1323 326.0274604130275 solMass / solMass
1324 1.756123234528952e+37 solMass / solMass
1325 2.475759649699669e+37 solMass / solMass
1326 18426.180900980682 solMass / solMass
1327 220.82244177510233 solMass / solMass
1330 18136.108051462183 solMass / solMass
1333 19870.72183917461 solMass / solMass
1334 163.63651602193016 solMass / solMass
1338 51.250392996852945 solMass / solMass
1339 274.2410400285092 solMass / solMass
1340 2.346434044226375e+40 solMass / solMass
1341 5.468285974752125 solMass / solMass
1342 2.3568642626636466e+37 solMass / solMass
1344 220.79870667395664 solMass / solMass
1345 31.72110512082554 solMass / solMass
1347 511.52420775092975 solMass / solMass
1349 1469.0400904354233 solMass / solMass
1351 2.3571098708666884e+37 solMass / solMass
1353 6332.6832157492645 solMass / solMass
1354 106.82880881818001 solMass / solMass
1355 781.4609360189514 solMass / solMass
1357 245.85239673127072 solMass / solMass
1358 351.6689378450026 solMass / solMass
IsSatellite
1360 15792.362045473827 solMass / solMass
1361 2.342289462651537e+37 solMass / solMass
1362 365.7977753702619 solMass / solMass
1364 571.6134720431442 solMass / solMass
IsSatellite
1367 2.62777480426103e+37 solMass / solMass
1369 183.8434867364575 solMass / solMass
1370 705.9967919825827 solMass / solMass
1371 531.8869937717 solMass / solMass
1372 500.2790591938803 solMass / solMass
1377 539.0599368046576 solMass / solMass
IsSatellite
1379 145.7718216128993 solMass / solMass
1381 79.8824329354649 solMass / solMass
1382 171.9902601515122 solMass / solMass
1383 152.3757804662871 solMass / solMass
1385 47.337936517496615 solMass / solMass
1386 71.09259665888396 solMass / solMass
1387 1002.2923669394893 solMass / solMass
1388 7.2299655830927705 solMass / solMass
1389 99.66219245759302 solMass / solMass
1394 637.4301175507086 solMass / solMass
IsSatellite
1398 2.466714927268072e+37 solMass / solMass
1399 742.3309877095548 solMass / solMass
1400 2149.408510662239 solMass / solMass
1401 158.7793381279207 solMass / solMass
1402 177.77343481069457 solMass / solMass
1403 70.96934571879588 solMass / solMass
1404 21.656403750121438 solMass / solMass
1406 174.3974145889319 solMass / solMass
1407 368.92038307148465 solMass / solMass
1409 391.5872066685243 solMass / solMass
1410 347.05640181233616 solMass / solMass
1411 243.57890161818224 solMass / solMass
1412 277.29282250924945 solMass / solMass
1413 25.30241976983802 solMass / solMass
1414 254.77442615074676 solMass / solMass
1415 2.985691662235483e+37 solMass / solMass
1416 72.9591101651566 solMass / solMass
1417 2.978599570017982e+37 solMass / solMass
1418 2.455681166872685e+37 solMass / solMass
1420 730.8885467211463 solMass / solMass
1423 201.83636958959175 solMass / solMass
1425 35.103713437374246 solMass / solMass
1427 335.8386037002744 solMass / solMass
1430 184.52481454826727 solMass / solMass
1431 472.0012715958012 solMass / solMass
1432 12.11522734118827 solMass / solMass
1436 62.82496241700595 solMass / solMass
1437 251.7530967664368 solMass / solMass
1438 132.7899232937656 solMass / solMass
1439 98.55884351430345 solMass / solMass
1440 188.28780833861617 solMass / solMass
1441 2.6595964172865325e+37 solMass / solMass
1444 2.881995084894513e+37 solMass / solMass
1445 124.82685272914156 solMass / solMass
1448 27.6110810142813 solMass / solMass
1449 58.94288872692916 solMass / solMass
1450 2.8334210169501254e+37 solMass / solMass
IsSatellite
1452 73.32978896671841 solMass / solMass
1454 23505.715009337648 solMass / solMass
1456 36.06762701827355 solMass / solMass
1457 97.93776179898687 solMass / solMass
IsSatellite
1459 50.16224978279643 solMass / solMass
1461 14.429377421159362 solMass / solMass
IsSatellite
1465 127.12767322637525 solMass / solMass
IsSatellite
1467 373.11039307939484 solMass / solMass
1468 478.9283066712689 solMass / solMass
1472 330.6150323919993 solMass / solMass
1473 2.876936903733279e+37 solMass / solMass
1474 2.715728254237994e+37 solMass / solMass
1475 2.7254640618454087e+37 solMass / solMass
1477 4179.984150052313 solMass / solMass
1478 144.25678735101437 solMass / solMass
1479 21163.417765720205 solMass / solMass
IsSatellite
1482 131.9925983114955 solMass / solMass
1484 415.7671490396857 solMass / solMass
1490 175.06340970236917 solMass / solMass
1494 350.09404477673843 solMass / solMass
1495 3.0946209298491703e+40 solMass / solMass
1497 264.4104455841277 solMass / solMass
1499 13292.861518001533 solMass / solMass
1500 297.97111372458613 solMass / solMass
1501 2.847987615129364e+40 solMass / solMass
1504 5968.5123633192325 solMass / solMass
1505 3.088089077354897e+40 solMass / solMass
1506 2.9072853843871316e+40 solMass / solMass
1510 250.26058732467928 solMass / solMass
1511 3.0167695063293774e+37 solMass / solMass
1512 8.092116627606499 solMass / solMass
IsSatellite
1514 84.7957098012792 solMass / solMass
1516 314.3613183839043 solMass / solMass
IsSatellite
1522 1082.6576937441914 solMass / solMass
1523 110.0998677684091 solMass / solMass
1524 266.6497935365203 solMass / solMass
IsSatellite
1527 82.6210361928641 solMass / solMass
1529 20460.000304385332 solMass / solMass
1530 58.470443728799914 solMass / solMass
1534 47.37955329257948 solMass / solMass
IsSatellite
1536 14.19633869119035 solMass / solMass
1538 231.0721412471228 solMass / solMass
1541 3.690016248068751e+37 solMass / solMass
1543 561.5798746634161 solMass / solMass
1546 71.04463032817543 solMass / solMass
IsSatellite
1548 1275.8560950117846 solMass / solMass
1550 375.6434022989073 solMass / solMass
1551 2.9293609333679316e+37 solMass / solMass
1554 1114.2742586439838 solMass / solMass
1555 244.43360550099706 solMass / solMass
1556 12.960784864397633 solMass / solMass
1557 2074.954614639192 solMass / solMass
1558 471.39332240947476 solMass / solMass
1564 598.7740218255038 solMass / solMass
1565 25.816258054272236 solMass / solMass
IsSatellite
1568 3.1743450566307864e+40 solMass / solMass
1569 3.564678708835006e+40 solMass / solMass
1573 430.7238911422796 solMass / solMass
1574 252.4041402602427 solMass / solMass
1576 215.20296861560524 solMass / solMass
1577 144.22071003064164 solMass / solMass
1579 8804.997273824687 solMass / solMass
1580 205.5167217575545 solMass / solMass
1581 73.20242339583217 solMass / solMass
1582 3.4965180198117997e+37 solMass / solMass
1584 29.30461101767488 solMass / solMass
1585 499.35216746537975 solMass / solMass
IsSatellite
1589 25.256904630240385 solMass / solMass
1590 64.10518600257328 solMass / solMass
1591 123.42648171853266 solMass / solMass
1592 164.4243665859744 solMass / solMass
1593 112.58861469601743 solMass / solMass
1595 26057.181204787128 solMass / solMass
1596 110.23870778013207 solMass / solMass
1597 328.02393527204697 solMass / solMass
1598 196.63053610509738 solMass / solMass
1599 422.1893549715277 solMass / solMass
1600 324.95982185641776 solMass / solMass
IsSatellite
1605 421.95440295527584 solMass / solMass
1606 173.3318626470638 solMass / solMass
1607 0.8610199571825234 solMass / solMass
1608 3.18517302563021e+37 solMass / solMass
1610 319.0511573987311 solMass / solMass
1611 32.68775218640948 solMass / solMass
1612 95.574069732088 solMass / solMass
1614 242.61246261447957 solMass / solMass
1615 35.78484872701967 solMass / solMass
1616 4.05206655335691e+40 solMass / solMass
1618 121.59076505600603 solMass / solMass
1619 46.382754678574635 solMass / solMass
1620 73.40681308883005 solMass / solMass
1625 55.00386397564108 solMass / solMass
1626 251.99012337057732 solMass / solMass
1627 36.550726350419886 solMass / solMass
IsSatellite
1632 178.5445224773826 solMass / solMass
1634 130.96828702608485 solMass / solMass
1635 456.28532056277345 solMass / solMass
1636 104.50376838823071 solMass / solMass
1637 264.4600513183074 solMass / solMass
1639 7949.172997682621 solMass / solMass
1640 69.53456241330704 solMass / solMass
1642 97.89968111493593 solMass / solMass
1643 404.20210353944384 solMass / solMass
1644 275.16937836873933 solMass / solMass
1645 3.0449653324946123e+37 solMass / solMass
1647 212.52768200423188 solMass / solMass
1650 339.5662479246207 solMass / solMass
1653 269.5852761737787 solMass / solMass
1654 79.04422377896371 solMass / solMass
1659 53.03078096806871 solMass / solMass
1660 3.706050495809603e+40 solMass / solMass
1661 225.45497542466023 solMass / solMass
1663 3.305260274828221 solMass / solMass
1664 98.02573019579968 solMass / solMass
1666 231.88809012581865 solMass / solMass
1667 551.660445721607 solMass / solMass
1668 34551.86308402317 solMass / solMass
1669 113.28862198505958 solMass / solMass
1670 150.3539922452706 solMass / solMass
1671 84.96871405199695 solMass / solMass
IsSatellite
1673 311.62111227561735 solMass / solMass
1674 3.442571360875116e+37 solMass / solMass
1676 1235.8239675054153 solMass / solMass
1681 4.133981854263508e+37 solMass / solMass
1682 1459.339464637036 solMass / solMass
1684 46.38279700058292 solMass / solMass
1686 268.60074473286977 solMass / solMass
1687 537.7952530613956 solMass / solMass
1689 634.8866021055364 solMass / solMass
1691 3.7762870226066865e+37 solMass / solMass
1693 14.940006659957579 solMass / solMass
1697 26.62331064593235 solMass / solMass
1698 27.144814006156352 solMass / solMass
1701 386.02542035909397 solMass / solMass
1702 330.6548673674274 solMass / solMass
1703 417.0773965235224 solMass / solMass
1704 325.7203927170191 solMass / solMass
1705 223.42294662858484 solMass / solMass
1706 36068.85339715882 solMass / solMass
1708 66.84920415757651 solMass / solMass
IsSatellite
1710 1819.5915115078146 solMass / solMass
1711 86.72495161916757 solMass / solMass
1712 50.84300078549005 solMass / solMass
1713 15.984806789910332 solMass / solMass
1714 311.36241346637394 solMass / solMass
1715 28115.292102681262 solMass / solMass
1720 114.90394411733378 solMass / solMass
1721 232.0269958644652 solMass / solMass
1722 410.3562719471151 solMass / solMass
1723 16731.837518316406 solMass / solMass
1725 1443.5872997793685 solMass / solMass
1727 641.1049015424064 solMass / solMass
1728 275.12296273175696 solMass / solMass
1729 579.3485268068297 solMass / solMass
1731 277.8198320312132 solMass / solMass
IsSatellite
1734 228.45888456462708 solMass / solMass
1735 88.14368661458354 solMass / solMass
1738 171.92089673298577 solMass / solMass
1740 108.64766706080738 solMass / solMass
1742 228.0177430941912 solMass / solMass
1743 281.5827648877697 solMass / solMass
1744 140.5969956349105 solMass / solMass
1745 493.0421307935299 solMass / solMass
IsSatellite
IsSatellite
1748 388.6672421269669 solMass / solMass
1749 9.277181119002947e-39 solMass / solMass
1751 44510.253285210594 solMass / solMass
1752 596.912302752905 solMass / solMass
1757 30025.584538092637 solMass / solMass
1758 482.9853644141604 solMass / solMass
1759 153.25012713005069 solMass / solMass
1761 159.7598564761753 solMass / solMass
HaloMassEqualZero
1764 3.915589765033988e+37 solMass / solMass
1765 5076.428070732512 solMass / solMass
1769 119.7638089119842 solMass / solMass
1772 4.622855878922348e+40 solMass / solMass
1773 72.19635919622137 solMass / solMass
1774 168.1408803205108 solMass / solMass
1777 2210.298281460071 solMass / solMass
1781 547.4953778542548 solMass / solMass
IsSatellite
1784 3.753963142627148e+40 solMass / solMass
IsSatellite
1788 3.1676948479554273e+37 solMass / solMass
1789 252.58171061177563 solMass / solMass
1790 90.3151063805278 solMass / solMass
1791 4.78763139877959e+37 solMass / solMass
1792 23643.918553684758 solMass / solMass
1793 83.81392815266264 solMass / solMass
1794 177.87833559945034 solMass / solMass
1795 1453.7904457071013 solMass / solMass
1796 3.3455626873217208e+37 solMass / solMass
1797 4747.49054756621 solMass / solMass
IsSatellite
1799 4.235918957237966e+37 solMass / solMass
1800 204.5293076770089 solMass / solMass
1801 80.94755364161468 solMass / solMass
1802 141.75924405258732 solMass / solMass
1807 656.7101176982352 solMass / solMass
1809 28109.82806513227 solMass / solMass
1810 35.846907321169596 solMass / solMass
1811 237.34025591395033 solMass / solMass
1812 4.306788102308853e+37 solMass / solMass
1813 98.00306219482084 solMass / solMass
1815 99.40793255350718 solMass / solMass
1816 3.837866112633148e+37 solMass / solMass
1817 3.7963397551724404e+37 solMass / solMass
1818 753.8619253640205 solMass / solMass
1819 4.805087078605968e+40 solMass / solMass
1820 9.694444590580853 solMass / solMass
1821 22.524265660921458 solMass / solMass
IsSatellite
1823 5.281317412523618e+37 solMass / solMass
1824 105.02840895224121 solMass / solMass
HaloMassEqualZero
1827 812.1182245396291 solMass / solMass
1832 278.38930891861395 solMass / solMass
IsSatellite
1835 41.88084040306302 solMass / solMass
1837 164.0619895442363 solMass / solMass
1838 1010.5795797409597 solMass / solMass
1839 574.7552095460911 solMass / solMass
1841 27365.541645994534 solMass / solMass
1842 24.04106501828402 solMass / solMass
1843 589.111169398182 solMass / solMass
1844 92.04859035392217 solMass / solMass
1845 1255.002555125421 solMass / solMass
1846 6.913156430566457e+37 solMass / solMass
1849 65.3373290326392 solMass / solMass
1850 1.8285271011906556 solMass / solMass
1851 34432.39585146163 solMass / solMass
1853 62.107989426689436 solMass / solMass
1854 345.96699903967084 solMass / solMass
1855 9.455854802759672 solMass / solMass
1857 6.87226526052251e+37 solMass / solMass
1858 1626.7736677097062 solMass / solMass
1859 5.21901003085639e+37 solMass / solMass
1860 1643.0101756679524 solMass / solMass
1861 110.80068329845784 solMass / solMass
1862 500.8759326289632 solMass / solMass
1863 209.71846506617115 solMass / solMass
IsSatellite
1867 38.969105455388544 solMass / solMass
1868 693.1998461429023 solMass / solMass
1871 4.487373511220387e+40 solMass / solMass
1872 994.8825658615585 solMass / solMass
1873 1255.496295700254 solMass / solMass
1874 220.7642400277891 solMass / solMass
1875 49.634658858803704 solMass / solMass
1876 376.39298976477306 solMass / solMass
1877 52.34455994837623 solMass / solMass
1878 375.5988674879993 solMass / solMass
1879 7937.85213141517 solMass / solMass
1880 327.2953489075085 solMass / solMass
1881 179.82815347993213 solMass / solMass
1882 11.190620603258283 solMass / solMass
1883 221.72267656539327 solMass / solMass
1884 83.59881894504015 solMass / solMass
1885 281.8179472868208 solMass / solMass
1886 609.7942455873235 solMass / solMass
1888 560.384096138331 solMass / solMass
1889 13448.871568792607 solMass / solMass
1890 21973.330274655018 solMass / solMass
1891 77.22342019079221 solMass / solMass
1892 334.7611251027077 solMass / solMass
1894 379.46853147806144 solMass / solMass
1895 1089.9420309256805 solMass / solMass
1899 73.01259351480621 solMass / solMass
IsSatellite
HaloMassEqualZero
IsSatellite
1904 3.5500432470104627e+37 solMass / solMass
1905 4.528027219153035e+37 solMass / solMass
1906 88.16005521869445 solMass / solMass
1908 342.6895885309426 solMass / solMass
1910 29745.964614300538 solMass / solMass
1912 497.0180723030508 solMass / solMass
1913 93.29696376701278 solMass / solMass
1915 566.9655358533291 solMass / solMass
1918 4.409419083877089e+37 solMass / solMass
1919 7.761121053216513e+37 solMass / solMass
1920 838.1485713927103 solMass / solMass
IsSatellite
1924 654.1784288121005 solMass / solMass
1925 4.804442040584169 solMass / solMass
1927 371.8277236685788 solMass / solMass
1928 15.876578128890346 solMass / solMass
1930 434.852240656743 solMass / solMass
1931 52.11123158638807 solMass / solMass
1933 220.58999886110576 solMass / solMass
1934 27.099164896320804 solMass / solMass
1935 997.0819236979711 solMass / solMass
1937 1296.6592370964445 solMass / solMass
1938 4.209265911506653e+40 solMass / solMass
1940 1408.8582303584 solMass / solMass
1941 48.09036566839467 solMass / solMass
1942 585.4776591804099 solMass / solMass
1944 572.7056417816098 solMass / solMass
1945 668.3770140504744 solMass / solMass
1946 1230.5333365174665 solMass / solMass
1947 473.3797050815015 solMass / solMass
1948 730.5365329671919 solMass / solMass
1949 209.49196831121836 solMass / solMass
1950 90.50859950322864 solMass / solMass
1951 88.88837448327529 solMass / solMass
1953 339.9291236681602 solMass / solMass
1954 151.24709410116353 solMass / solMass
IsSatellite
1957 127.13784341649713 solMass / solMass
1958 2208.083355849024 solMass / solMass
1959 251.7015232678604 solMass / solMass
1961 680.807819201737 solMass / solMass
1962 386.7602665735975 solMass / solMass
1963 322.51719475820596 solMass / solMass
IsSatellite
IsSatellite
IsSatellite
1970 263.5391131397475 solMass / solMass
1971 599.6653235573104 solMass / solMass
IsSatellite
1974 29937.715973955783 solMass / solMass
1975 8.506221090757388e+37 solMass / solMass
1976 312.66948046377985 solMass / solMass
1978 162.70598131999628 solMass / solMass
1980 45.547616098236006 solMass / solMass
IsSatellite
1983 137.67390751197044 solMass / solMass
1984 12.102540143799144 solMass / solMass
1985 70.93631881744936 solMass / solMass
1986 6.605412227390515e+37 solMass / solMass
1990 340.33568798172865 solMass / solMass
1991 1416.1851310881073 solMass / solMass
1992 511.72576246980253 solMass / solMass
1993 836.1167549629254 solMass / solMass
1995 875.4602463494067 solMass / solMass
1996 4.439369353381228e+37 solMass / solMass
1997 546.0229372554077 solMass / solMass
1998 353.6696048620126 solMass / solMass
1999 3.3138303200331185 solMass / solMass
2000 144.48830158056367 solMass / solMass
2003 78.19362686364447 solMass / solMass
IsSatellite
2007 242.6173319596936 solMass / solMass
2008 726.4361711290552 solMass / solMass
2009 614.2347554319598 solMass / solMass
2011 97.11111756289249 solMass / solMass
2012 4.722160998009665e+37 solMass / solMass
2015 32106.00368218907 solMass / solMass
2016 426.1338523573467 solMass / solMass
2017 774.1904203091212 solMass / solMass
IsSatellite
2019 1513.5041926199071 solMass / solMass
2020 384.3905204032167 solMass / solMass
2021 423.729521585301 solMass / solMass
2022 46.35064342373648 solMass / solMass
2023 222.28029270006263 solMass / solMass
IsSatellite
IsSatellite
2027 732.2016080640983 solMass / solMass
2032 540.4837033972132 solMass / solMass
HaloMassEqualZero
2036 180.46155539379308 solMass / solMass
2037 154.71512610457137 solMass / solMass
IsSatellite
2039 272.0499175263536 solMass / solMass
2040 536.6930921274978 solMass / solMass
2041 4.74987401069293e+40 solMass / solMass
2042 5.292853418590065e+40 solMass / solMass
2043 737.3423411765941 solMass / solMass
2044 153.72866337593052 solMass / solMass
2045 199.9353271519416 solMass / solMass
2047 172.54150958703173 solMass / solMass
2049 120.82308860053627 solMass / solMass
2050 4.864310523630971 solMass / solMass
2052 254.04687606649526 solMass / solMass
2053 291.9773202999624 solMass / solMass
2055 52566.96211195524 solMass / solMass
2057 235.70935770181205 solMass / solMass
2058 16.502006351883946 solMass / solMass
2059 485.5994680445015 solMass / solMass
2061 1942.6919728134997 solMass / solMass
2062 1.3963777737337117 solMass / solMass
2065 4.360756473521821e+37 solMass / solMass
2066 850.0692037013697 solMass / solMass
2068 1423.8268831584157 solMass / solMass
2069 776.3455207763034 solMass / solMass
2072 459.600536440421 solMass / solMass
2075 5.025030261561231e+37 solMass / solMass
2076 11.780751400640371 solMass / solMass
2078 4.871776978991223e+40 solMass / solMass
IsSatellite
2081 309.9896678567776 solMass / solMass
2082 60.49671111151368 solMass / solMass
2083 817.2494587638787 solMass / solMass
2084 44980.77626574777 solMass / solMass
2086 592.0091625616628 solMass / solMass
2087 124.56038716846838 solMass / solMass
2088 56.5934760994369 solMass / solMass
IsSatellite
2090 129.77152844867803 solMass / solMass
2091 16906.805515889522 solMass / solMass
2092 55.81527854573346 solMass / solMass
2093 594.4709228055318 solMass / solMass
2094 5.396992418201109e+37 solMass / solMass
2096 99.73154312225333 solMass / solMass
2097 1889.6215820689176 solMass / solMass
2098 120.50644753754919 solMass / solMass
2099 122.5611641701092 solMass / solMass
2100 59749.63311645973 solMass / solMass
2101 18.11008569700738 solMass / solMass
2102 6.04898894337336e+37 solMass / solMass
2105 115.49819319203279 solMass / solMass
2108 1.1787471053440551e+38 solMass / solMass
2109 104.9889503981844 solMass / solMass
2111 509.78724099871664 solMass / solMass
2112 10.869365486296443 solMass / solMass
2113 430.00199156657493 solMass / solMass
2114 343.9954285860005 solMass / solMass
2115 145.26099480434613 solMass / solMass
IsSatellite
IsSatellite
2118 136.92732329094213 solMass / solMass
2120 5.148646507146397e+37 solMass / solMass
2121 134.6928044438114 solMass / solMass
2122 3127.866359542861 solMass / solMass
2123 31010.27820312187 solMass / solMass
2124 1401.3253900967504 solMass / solMass
2125 299.3420090143123 solMass / solMass
2128 4.837820547561104e+37 solMass / solMass
2129 17276.95040096031 solMass / solMass
2133 1729.801540584925 solMass / solMass
2134 319.3667028970441 solMass / solMass
2135 1004.4980030637004 solMass / solMass
2137 9.354607072706085e+37 solMass / solMass
2139 229.24810859324126 solMass / solMass
IsSatellite
2141 61.039675596094234 solMass / solMass
2142 237.26126931360818 solMass / solMass
2143 6.554411403491694e+40 solMass / solMass
2144 429.3921841844181 solMass / solMass
2145 332.55645931609325 solMass / solMass
2146 206.7998910986264 solMass / solMass
2147 596.2195095456256 solMass / solMass
2150 58.54507441332403 solMass / solMass
IsSatellite
2154 1651.5307526333534 solMass / solMass
2155 548.0558058103614 solMass / solMass
2156 183.13683472033821 solMass / solMass
2157 35618.89600145473 solMass / solMass
2158 314.45795444053664 solMass / solMass
2159 925.4824725001394 solMass / solMass
2162 38918.84373257385 solMass / solMass
2163 143.1911250035764 solMass / solMass
2164 627.9742897640787 solMass / solMass
2166 2270.7777295870005 solMass / solMass
2168 385.32543909866786 solMass / solMass
2169 88.82472395134974 solMass / solMass
2170 109.1739262428323 solMass / solMass
2172 504.93648686111356 solMass / solMass
2173 643.3115835791054 solMass / solMass
2174 47018.012999058345 solMass / solMass
2175 550.3430732031507 solMass / solMass
2176 1210.0409749641312 solMass / solMass
2177 4.948929666974284e+37 solMass / solMass
2178 6.586759678097264e+40 solMass / solMass
2180 41.10872412990427 solMass / solMass
2182 81.66450230192613 solMass / solMass
2183 1043.8637064726074 solMass / solMass
2184 806.7316905344237 solMass / solMass
2185 4.738143578730528e+37 solMass / solMass
2188 4.996727686774632e+37 solMass / solMass
2190 572.4198882249051 solMass / solMass
2191 231.2044695643761 solMass / solMass
2192 58559.49117369335 solMass / solMass
2193 210.32569638760359 solMass / solMass
2194 245.56061761107026 solMass / solMass
2195 74.92893587642851 solMass / solMass
2196 652.3849265250274 solMass / solMass
2197 76.12322373686193 solMass / solMass
2198 40.59694387636795 solMass / solMass
IsSatellite
2200 2422.3138237596113 solMass / solMass
2201 1088.9896341861756 solMass / solMass
2204 176.62062765223823 solMass / solMass
2205 531.8298045453669 solMass / solMass
2206 410.601151994849 solMass / solMass
2207 41.867757075097195 solMass / solMass
2208 94.41678190646138 solMass / solMass
2209 4.498417186152937e+40 solMass / solMass
2211 53749.44532965198 solMass / solMass
2213 182.83041897463005 solMass / solMass
2215 43.801258265562424 solMass / solMass
2216 777.307610225137 solMass / solMass
2220 469.88186487336554 solMass / solMass
2221 90.61468938370707 solMass / solMass
2223 940.9499192962625 solMass / solMass
2224 338.1946673360732 solMass / solMass
2225 66.77297095823413 solMass / solMass
2226 480.5356648113117 solMass / solMass
2229 62.090253203420446 solMass / solMass
2230 1122.2327292120783 solMass / solMass
2231 395.156293657936 solMass / solMass
2234 508.3121911131774 solMass / solMass
2235 6.443283118629316e+37 solMass / solMass
2236 5.732944563431125e+40 solMass / solMass
2239 3.043635449543329 solMass / solMass
IsSatellite
2242 477.7508140295838 solMass / solMass
2243 5.7277987824801725e+40 solMass / solMass
2244 297.96946473109875 solMass / solMass
2245 108.89024223511696 solMass / solMass
2246 2464.2265403306687 solMass / solMass
2247 3.9218188349965713e+40 solMass / solMass
IsSatellite
2249 1806.756667087064 solMass / solMass
2250 503.2456256198479 solMass / solMass
2251 160.94189461209953 solMass / solMass
2253 300.83474077338957 solMass / solMass
2254 53.80621432579913 solMass / solMass
2255 15.670491809017458 solMass / solMass
2256 130.81522020091745 solMass / solMass
2257 3.9135145672485393e+37 solMass / solMass
2258 78.62611009857541 solMass / solMass
2259 208.8481280625673 solMass / solMass
2260 206.93866001829312 solMass / solMass
IsSatellite
2262 5.020072037875761e+40 solMass / solMass
2264 464.20948260188015 solMass / solMass
2267 161.23135627119188 solMass / solMass
2268 47854.371983852645 solMass / solMass
2271 310.8089777860638 solMass / solMass
IsSatellite
2273 121.61072804161945 solMass / solMass
2274 545.5727661573227 solMass / solMass
2275 81.66598876648676 solMass / solMass
2278 75.07113070258083 solMass / solMass
IsSatellite
2281 1302.1326286712736 solMass / solMass
2282 939.9892910879712 solMass / solMass
2283 89.82563377688965 solMass / solMass
2284 978.613349324902 solMass / solMass
2285 2559.0133425178883 solMass / solMass
2287 713.858873718332 solMass / solMass
2291 30.047235915760123 solMass / solMass
2293 1455.6674441157577 solMass / solMass
2296 379.3139510379242 solMass / solMass
2297 279.8159318285968 solMass / solMass
2299 336.71262662872675 solMass / solMass
2300 198.06248984398388 solMass / solMass
2303 119.21251615309886 solMass / solMass
IsSatellite
IsSatellite
2310 1088.5925303823992 solMass / solMass
2313 225.17011849106441 solMass / solMass
2314 2088.702581687848 solMass / solMass
2315 115.1343749304558 solMass / solMass
2316 171.35977094673493 solMass / solMass
2317 100274.29871779241 solMass / solMass
2319 5.814133228168761e+40 solMass / solMass
2321 24043.908785043204 solMass / solMass
2322 34.9875214126439 solMass / solMass
2324 1265.118254082329 solMass / solMass
2325 510.4998002249087 solMass / solMass
2326 83.13170310277647 solMass / solMass
2327 4683.795722568938 solMass / solMass
2329 13734.073277659532 solMass / solMass
2330 296.7571761172427 solMass / solMass
IsSatellite
2333 357.18050768800117 solMass / solMass
IsSatellite
2338 2123.2395108783408 solMass / solMass
2342 170.41546369307537 solMass / solMass
2343 25.555207589552765 solMass / solMass
IsSatellite
2346 5.058401213224924 solMass / solMass
2348 42.987734606439304 solMass / solMass
2349 604.1096939515394 solMass / solMass
2350 886.0675058597083 solMass / solMass
2351 162.62431386221868 solMass / solMass
2352 178.2519883078249 solMass / solMass
IsSatellite
2354 1217.9625762907235 solMass / solMass
2355 5.742785567629758e+37 solMass / solMass
2356 335.7590230004875 solMass / solMass
2357 5.684143081513169e+37 solMass / solMass
2358 771.1356984383473 solMass / solMass
2359 33.71771394607333 solMass / solMass
2360 463.7546308291193 solMass / solMass
IsSatellite
2363 393.829592399998 solMass / solMass
2364 439.33719618670693 solMass / solMass
2365 1335.74473699922 solMass / solMass
2366 1549.9329418285804 solMass / solMass
2367 5.583019896870279e+37 solMass / solMass
2369 5.634237358326369e+37 solMass / solMass
2371 231.11877067499324 solMass / solMass
2374 239.6672052517683 solMass / solMass
2375 12.746438247474186 solMass / solMass
2377 203.1065696451494 solMass / solMass
2378 139.58769203932147 solMass / solMass
2379 1042.7496991743449 solMass / solMass
2380 127.96681530864471 solMass / solMass
IsSatellite
HaloMassEqualZero
2386 1875.1061530582185 solMass / solMass
2387 656.3222703389907 solMass / solMass
2389 229.5264114639602 solMass / solMass
2391 4.909324912973867e+37 solMass / solMass
2392 928.5374505849713 solMass / solMass
2393 5.958296988536981e+40 solMass / solMass
2396 13.445153196433829 solMass / solMass
2397 16.754378978084226 solMass / solMass
2398 220.08047404190305 solMass / solMass
2399 382.86009627934015 solMass / solMass
2400 2855.8050060531345 solMass / solMass
2401 862.1938132585934 solMass / solMass
IsSatellite
IsSatellite
2404 414.90532444540327 solMass / solMass
2405 1755.957531220389 solMass / solMass
2406 80.76007895892603 solMass / solMass
2407 176.39191432930204 solMass / solMass
2409 25.44024887448975 solMass / solMass
2410 589.3254719590319 solMass / solMass
IsSatellite
2412 434.7851024885876 solMass / solMass
2413 318.50690851193366 solMass / solMass
2414 197.14753218817356 solMass / solMass
2416 3024.0567439726556 solMass / solMass
2417 399.2634201357738 solMass / solMass
2418 1207.0422722165404 solMass / solMass
2419 876.9748140864485 solMass / solMass
2420 1220.190946933719 solMass / solMass
2422 174.61247256078192 solMass / solMass
2423 27.321536283138688 solMass / solMass
2425 23.94235330131749 solMass / solMass
2426 432.6418183681045 solMass / solMass
IsSatellite
2429 4.118272033528753 solMass / solMass
2430 51.287179924500876 solMass / solMass
2432 14.228609117668249 solMass / solMass
2433 8.365258243902937e+37 solMass / solMass
2434 395.15622957613914 solMass / solMass
2436 233.38683748221408 solMass / solMass
2437 305.9669962236208 solMass / solMass
2438 603.6720173220072 solMass / solMass
2439 600.7402078323657 solMass / solMass
2440 872.6908798007836 solMass / solMass
2442 1854.2784426519515 solMass / solMass
2443 642.1123596576567 solMass / solMass
2444 589.7303717710835 solMass / solMass
2445 1440.7574147906062 solMass / solMass
2446 716.9534616277907 solMass / solMass
2447 1074.815543930079 solMass / solMass
2449 57446.86698553636 solMass / solMass
2450 961.9321467099503 solMass / solMass
2451 72.87987720991399 solMass / solMass
2452 136.2023187517549 solMass / solMass
2453 187.63182401274858 solMass / solMass
2454 260.620969014241 solMass / solMass
2455 22.567916598985477 solMass / solMass
2456 890.1546284193595 solMass / solMass
IsSatellite
2461 4.418697202331371 solMass / solMass
2462 429.57580751136845 solMass / solMass
2463 450.7969342807417 solMass / solMass
2465 787.7176979069184 solMass / solMass
2466 48282.21563644707 solMass / solMass
2467 9.302980531678092 solMass / solMass
2468 215.2546137399569 solMass / solMass
IsSatellite
2472 8.274099803594622e+37 solMass / solMass
2474 415.31986786502983 solMass / solMass
2475 2402.646041715246 solMass / solMass
2476 21.939506247845838 solMass / solMass
2477 50.87812076234951 solMass / solMass
2478 294.9395728331315 solMass / solMass
2479 153.87649748451102 solMass / solMass
HaloMassEqualZero
2481 6.812131588842367e+37 solMass / solMass
2482 20.309744667597165 solMass / solMass
IsSatellite
2486 67.93887122669382 solMass / solMass
2487 244.89574465018904 solMass / solMass
2488 150.83692191569887 solMass / solMass
IsSatellite
2490 1489.3459151474206 solMass / solMass
2492 38392.83356263761 solMass / solMass
2493 850.885263071759 solMass / solMass
2496 169.2980478184883 solMass / solMass
2498 124.34838914826247 solMass / solMass
2499 512.1585776270318 solMass / solMass
2504 810.3317293105979 solMass / solMass
2505 1119.3492279570066 solMass / solMass
2506 507.58146800026077 solMass / solMass
2507 338.0029601382353 solMass / solMass
2510 166.68680062819575 solMass / solMass
2512 1060.3660496036262 solMass / solMass
2513 3378.1555750466077 solMass / solMass
2514 1201.316045143616 solMass / solMass
2516 1687.8322357952084 solMass / solMass
IsSatellite
2519 618.270554520792 solMass / solMass
2520 1061.9473877874755 solMass / solMass
2522 17.45260077126486 solMass / solMass
2523 61059.443022662796 solMass / solMass
2524 1055.877711601968 solMass / solMass
2525 422.6060037010461 solMass / solMass
2529 273.6716960891667 solMass / solMass
2531 45.34084013717398 solMass / solMass
2532 696.9579369489594 solMass / solMass
2533 1556.2752929304922 solMass / solMass
2534 818.6936676632325 solMass / solMass
2535 1147.5369743295803 solMass / solMass
2536 1422.0247248264934 solMass / solMass
2537 92.71584083726883 solMass / solMass
2538 190.27495274797775 solMass / solMass
IsSatellite
IsSatellite
2541 4093.1153566018875 solMass / solMass
2542 448.20071800251264 solMass / solMass
2544 135.59258735241792 solMass / solMass
2545 214.17044192777982 solMass / solMass
2546 225.45400508305556 solMass / solMass
IsSatellite
2552 280.61579976335815 solMass / solMass
2553 713.0052042009711 solMass / solMass
2554 660.3441226720654 solMass / solMass
2555 1589.8257244643562 solMass / solMass
2556 1054.771687434439 solMass / solMass
2557 389.1812338013772 solMass / solMass
2564 73.49702655988686 solMass / solMass
2565 39.28403306000529 solMass / solMass
2566 533.6761278948161 solMass / solMass
2567 147.46094643050697 solMass / solMass
2569 889.6552412991972 solMass / solMass
2570 961.7826692044916 solMass / solMass
2571 685.7831828589541 solMass / solMass
HaloMassEqualZero
2574 23156.97417209266 solMass / solMass
2575 1038.4038435616394 solMass / solMass
2576 214.25770418598034 solMass / solMass
2577 665.6045964362701 solMass / solMass
2578 3538.673102039202 solMass / solMass
2580 528.5418572800575 solMass / solMass
2581 144.15775037144186 solMass / solMass
2582 4.893621867008508e+37 solMass / solMass
2584 1486.1138526099812 solMass / solMass
2585 199.06248942837726 solMass / solMass
2587 567.2335138976339 solMass / solMass
IsSatellite
2590 2910.5721646077213 solMass / solMass
2591 5.981032644342628e+37 solMass / solMass
2592 7.050424243185452e+37 solMass / solMass
2593 403.74332911060526 solMass / solMass
2594 159.20075463026294 solMass / solMass
2595 837.3800459864677 solMass / solMass
2596 1.1481953547970592e+38 solMass / solMass
2597 687.7148606637634 solMass / solMass
2598 40.9273696724932 solMass / solMass
2600 338.0501021448702 solMass / solMass
2601 1762.0649943744838 solMass / solMass
2602 1159.4387576024499 solMass / solMass
2603 86157.4821634419 solMass / solMass
2604 459.99397438966207 solMass / solMass
2607 413.5568433738242 solMass / solMass
2608 386.30835529148965 solMass / solMass
2609 1284.880707458096 solMass / solMass
2610 677.3286884545867 solMass / solMass
2614 87.94802268206998 solMass / solMass
2615 165.20288613944854 solMass / solMass
2617 461.79388104430797 solMass / solMass
2618 47.664991284635654 solMass / solMass
2619 860.0275859749715 solMass / solMass
2620 586.6858825273838 solMass / solMass
2621 525.9869969831693 solMass / solMass
2622 196.4473536774381 solMass / solMass
HaloMassEqualZero
2626 1520.50913105824 solMass / solMass
2628 1037.8321279889265 solMass / solMass
2633 53873.20262900906 solMass / solMass
2634 174.8550961137785 solMass / solMass
2635 65.16141502404085 solMass / solMass
2636 1197.2775036191163 solMass / solMass
2640 510.24242510383306 solMass / solMass
2641 40.85587850708716 solMass / solMass
2642 2367.47616456338 solMass / solMass
2643 628.5893942797638 solMass / solMass
2644 66.48869843107302 solMass / solMass
2645 941.8044844963249 solMass / solMass
2646 5216.795147208144 solMass / solMass
2647 9.865143027915787e+37 solMass / solMass
2648 1.2370607993258115e+38 solMass / solMass
2649 8.971612938363743e+37 solMass / solMass
2650 359.07005056824426 solMass / solMass
2651 132.13144655508142 solMass / solMass
2652 126.33468420387406 solMass / solMass
2653 523.1344390630836 solMass / solMass
2654 75.92497097896565 solMass / solMass
2655 670.5543072370771 solMass / solMass
2656 1429.3002225481207 solMass / solMass
2658 677.3436459705761 solMass / solMass
2659 7.509555481969799e+40 solMass / solMass
IsSatellite
2662 969.3771647210323 solMass / solMass
2663 1150.402325174145 solMass / solMass
2664 932.4212077321783 solMass / solMass
2669 6.674625708014978e+37 solMass / solMass
IsSatellite
HaloMassEqualZero
2673 619.4410277736412 solMass / solMass
2674 1405.464269929919 solMass / solMass
2675 1279.5763316229718 solMass / solMass
2676 592.6962478793733 solMass / solMass
2678 710.850385503177 solMass / solMass
2680 80.15130418955106 solMass / solMass
2681 460.8833162178992 solMass / solMass
2682 936.9242896583713 solMass / solMass
2683 720.257519717207 solMass / solMass
2685 2605.8446588884394 solMass / solMass
2686 371.2656756063482 solMass / solMass
2687 8.443685132577837 solMass / solMass
2689 31.62092738411217 solMass / solMass
2690 75.71230736334317 solMass / solMass
2691 34.209157905554214 solMass / solMass
2692 152.46566454983642 solMass / solMass
2694 502.3060941747648 solMass / solMass
2696 461.6414425356397 solMass / solMass
2698 75.22436808762662 solMass / solMass
2700 8.945840019645783e+37 solMass / solMass
2703 132.85956023821018 solMass / solMass
2704 335.88886262297814 solMass / solMass
2705 1144.195588563463 solMass / solMass
2706 941.8601490544737 solMass / solMass
IsSatellite
2708 4.930723198810563 solMass / solMass
2709 2581.149881081594 solMass / solMass
2710 38.73325158048735 solMass / solMass
2711 57.89445072441444 solMass / solMass
2712 966.0280701624456 solMass / solMass
2713 113.76762910862473 solMass / solMass
2714 2578.567225548407 solMass / solMass
IsSatellite
2716 8.0591727993496e+37 solMass / solMass
2717 638.5997915693946 solMass / solMass
2718 489.0194283050227 solMass / solMass
IsSatellite
2721 520.4110648506614 solMass / solMass
2723 103.18835521931338 solMass / solMass
2724 854.6982894761325 solMass / solMass
2726 612.4244567818102 solMass / solMass
2727 430.1571038505031 solMass / solMass
2730 1263.799682655315 solMass / solMass
2733 1152.0433964926262 solMass / solMass
2736 1207.375964279919 solMass / solMass
2737 77844.95332064443 solMass / solMass
2738 5.732135267832426e+37 solMass / solMass
2739 526.3320936961283 solMass / solMass
2740 158.91191242701484 solMass / solMass
2741 716.0297401698717 solMass / solMass
2743 19686.383375360034 solMass / solMass
2744 142.2237611723819 solMass / solMass
2745 671.6234897189244 solMass / solMass
2746 54727.857890033796 solMass / solMass
2748 1137.8772829290847 solMass / solMass
2749 1348.4277486349129 solMass / solMass
2751 1119.7011588886794 solMass / solMass
2752 83.93863072808799 solMass / solMass
2753 567.889851819473 solMass / solMass
2754 1703.0865665783283 solMass / solMass
2755 197.93621743920778 solMass / solMass
2756 512.805496435886 solMass / solMass
2757 160.04735960985832 solMass / solMass
2758 402.34915895686015 solMass / solMass
IsSatellite
2760 364.87190045678574 solMass / solMass
2761 84018.90024023896 solMass / solMass
2763 60333.23436617309 solMass / solMass
2765 1573.176971091911 solMass / solMass
2767 8.000131994777833e+37 solMass / solMass
2768 7.378830879280213e+37 solMass / solMass
2769 40.48381349613582 solMass / solMass
IsSatellite
2771 335.08204647240854 solMass / solMass
2773 39.69643195916037 solMass / solMass
2774 1558.8682200346948 solMass / solMass
2775 5.495473235469667e+40 solMass / solMass
2778 1157.0043809367446 solMass / solMass
IsSatellite
IsSatellite
2783 8.647053659491345e+37 solMass / solMass
2784 1108.3765154148011 solMass / solMass
2785 67.85508171203794 solMass / solMass
2786 181.52730629139643 solMass / solMass
2788 154.1574471580191 solMass / solMass
2789 43.42992057386408 solMass / solMass
2791 83679.53403771346 solMass / solMass
2792 58440.23000830763 solMass / solMass
2793 1.6933752951693029e+41 solMass / solMass
2794 211.08695425974807 solMass / solMass
2795 100.05459804408564 solMass / solMass
2798 831.6999032880348 solMass / solMass
2799 24.356913812548058 solMass / solMass
2800 189.23572393366896 solMass / solMass
IsSatellite
IsSatellite
2803 7.859052304431277e+37 solMass / solMass
2804 188.75771540175214 solMass / solMass
2805 930.3670067193236 solMass / solMass
2806 10.960650854033604 solMass / solMass
2807 107658.62304975021 solMass / solMass
2808 1291.2505714153626 solMass / solMass
IsSatellite
2814 1293.6532523006956 solMass / solMass
2816 8.340670214685155e+37 solMass / solMass
2817 100.60824481718626 solMass / solMass
2818 977.2881965399088 solMass / solMass
2819 30.545955613771717 solMass / solMass
2820 5.443307887915768 solMass / solMass
2821 50.61533288611887 solMass / solMass
2824 84.52625612067686 solMass / solMass
2825 1245.472546994354 solMass / solMass
2826 90993.23712653122 solMass / solMass
IsSatellite
2828 447.9898053193167 solMass / solMass
IsSatellite
2831 420.8390802610078 solMass / solMass
2832 2701.607365811303 solMass / solMass
2834 826.1617961760857 solMass / solMass
2835 540.9171921442396 solMass / solMass
2837 60.78493960676938 solMass / solMass
2839 713.9123764644414 solMass / solMass
2840 6386.482335196019 solMass / solMass
2841 43.6338781035854 solMass / solMass
2842 392.44858255133096 solMass / solMass
IsSatellite
IsSatellite
2846 1693.3897539564466 solMass / solMass
2847 1.0748459851117205e+38 solMass / solMass
2850 1052.6170579073175 solMass / solMass
IsSatellite
IsSatellite
2853 247.19010132352363 solMass / solMass
2854 53.140679197425186 solMass / solMass
2856 391.29316331006197 solMass / solMass
2857 886.2614736620056 solMass / solMass
2858 286.28649708671463 solMass / solMass
2859 655.106184668535 solMass / solMass
2860 718.2368204721578 solMass / solMass
2861 275.76694926941525 solMass / solMass
2862 395.5705632422944 solMass / solMass
2864 369.5422820576043 solMass / solMass
2865 123.53629278542964 solMass / solMass
2866 727.1729306760748 solMass / solMass
2869 2087.473539137067 solMass / solMass
2870 991.0727344468906 solMass / solMass
2871 35379.31943895486 solMass / solMass
2872 2886.2515341533035 solMass / solMass
HaloMassEqualZero
2874 708.0731731469269 solMass / solMass
2876 6.130174930414851e+37 solMass / solMass
2877 627.629189237362 solMass / solMass
2878 38521.28367396401 solMass / solMass
2879 4775.0550434758 solMass / solMass
2882 156.10725809308497 solMass / solMass
2885 334.47683815943986 solMass / solMass
2886 1801.2100106471046 solMass / solMass
IsSatellite
2888 61.83766657540624 solMass / solMass
2889 219.38251804774777 solMass / solMass
2890 817.128502275947 solMass / solMass
2892 769.1919762220693 solMass / solMass
2893 88.95947493411653 solMass / solMass
2894 572.1590205395279 solMass / solMass
2896 896.0655852917922 solMass / solMass
2897 354.68602926976905 solMass / solMass
2898 163.18691010233252 solMass / solMass
2899 24025.945016635287 solMass / solMass
2900 678.1573370817802 solMass / solMass
2902 554.8271645833659 solMass / solMass
2905 1600.5186692771076 solMass / solMass
2907 673.1385379740814 solMass / solMass
2908 150.84444854144766 solMass / solMass
2911 1246.5278336418623 solMass / solMass
2912 438.4193012207625 solMass / solMass
2916 9.739031502587652e+37 solMass / solMass
2918 1165.1387203814536 solMass / solMass
2919 9.806129810358454e+40 solMass / solMass
2921 520.8342353928575 solMass / solMass
2922 1989.7159830871765 solMass / solMass
2923 70425.91256833244 solMass / solMass
2925 890.272854400607 solMass / solMass
2926 25851.38959588772 solMass / solMass
2929 9.692152251169247 solMass / solMass
2930 24.086756820162762 solMass / solMass
2931 19657.956533069144 solMass / solMass
2932 80734.44905285067 solMass / solMass
2933 198.06156439439303 solMass / solMass
2934 9574.218755529966 solMass / solMass
2935 1263.825477214006 solMass / solMass
2936 3119.0004071111343 solMass / solMass
2937 406.18928897430266 solMass / solMass
2938 6121.2720212170625 solMass / solMass
2939 910.6761889796311 solMass / solMass
2944 733.6345978373822 solMass / solMass
2947 187.57270459690437 solMass / solMass
2948 21015.29264095131 solMass / solMass
2949 1103.3030110342393 solMass / solMass
2950 1096.8066279238683 solMass / solMass
2951 408.02633887988253 solMass / solMass
2952 1.4616904531756716e+38 solMass / solMass
2953 3890.032456835498 solMass / solMass
2954 6.834971540740786e+37 solMass / solMass
2955 10389.627885761169 solMass / solMass
2956 8.397538747719197e+37 solMass / solMass
2957 3276.596643181611 solMass / solMass
2958 512.3632722734014 solMass / solMass
2959 1019.0828498915072 solMass / solMass
2960 107.88254847284634 solMass / solMass
2961 39.89956655034097 solMass / solMass
2962 84.86302582371626 solMass / solMass
2963 200.81595083030788 solMass / solMass
2964 264.48287015635714 solMass / solMass
2965 2.5158731769323142e+38 solMass / solMass
2966 827.8158688526083 solMass / solMass
2967 450.3987353975028 solMass / solMass
2968 137.29872595779784 solMass / solMass
IsSatellite
2971 1.1284277229794077e+38 solMass / solMass
2973 1177.5470223628292 solMass / solMass
2974 1328.8956082950162 solMass / solMass
2975 1744.8106622596454 solMass / solMass
2977 3631.7522075670954 solMass / solMass
2978 899.4302251936464 solMass / solMass
2980 492.4446271377446 solMass / solMass
2981 306.16712208931045 solMass / solMass
2983 106840.8272574594 solMass / solMass
2985 1416.8031039118216 solMass / solMass
2986 1023.795867626981 solMass / solMass
2987 782.6087850397037 solMass / solMass
2988 216.3109453270868 solMass / solMass
2989 88.30856936103066 solMass / solMass
2990 875.1766432798486 solMass / solMass
2991 173.5237217761274 solMass / solMass
2992 21.70887920414803 solMass / solMass
2993 242.29171783057322 solMass / solMass
2995 331.45101628589015 solMass / solMass
2996 607.7333783361906 solMass / solMass
2997 22140.06801460468 solMass / solMass
2999 1040.5627468004031 solMass / solMass
123AllDone123
