yt : [INFO     ] 2017-07-26 12:13:31,517 Parameters: current_time              = 6.86908768053e+16
yt : [INFO     ] 2017-07-26 12:13:31,517 Parameters: domain_dimensions         = [2 2 2]
yt : [INFO     ] 2017-07-26 12:13:31,517 Parameters: domain_left_edge          = [ 0.  0.  0.]
yt : [INFO     ] 2017-07-26 12:13:31,518 Parameters: domain_right_edge         = [  3.33803288e+25   3.33803288e+25   3.33803288e+25]
yt : [INFO     ] 2017-07-26 12:13:31,518 Parameters: cosmological_simulation   = 1
yt : [INFO     ] 2017-07-26 12:13:31,518 Parameters: current_redshift          = 2.99999998342
yt : [INFO     ] 2017-07-26 12:13:31,518 Parameters: omega_lambda              = 0.712
yt : [INFO     ] 2017-07-26 12:13:31,518 Parameters: omega_matter              = 0.288
yt : [INFO     ] 2017-07-26 12:13:31,518 Parameters: hubble_constant           = 0.6933
yt : [INFO     ] 2017-07-26 12:13:31,575 Parameters: current_time              = 289.00812298615
yt : [INFO     ] 2017-07-26 12:13:31,575 Parameters: domain_dimensions         = [128 128 128]
yt : [INFO     ] 2017-07-26 12:13:31,576 Parameters: domain_left_edge          = [ 0.  0.  0.]
yt : [INFO     ] 2017-07-26 12:13:31,576 Parameters: domain_right_edge         = [ 1.  1.  1.]
yt : [INFO     ] 2017-07-26 12:13:31,576 Parameters: cosmological_simulation   = 1
yt : [INFO     ] 2017-07-26 12:13:31,577 Parameters: current_redshift          = 2.9999999834205
yt : [INFO     ] 2017-07-26 12:13:31,577 Parameters: omega_lambda              = 0.712
yt : [INFO     ] 2017-07-26 12:13:31,577 Parameters: omega_matter              = 0.288
yt : [INFO     ] 2017-07-26 12:13:31,577 Parameters: hubble_constant           = 0.6933
yt : [INFO     ] 2017-07-26 12:13:31,580 Allocating for 1.047e+04 particles (index particle type 'all')
yt : [INFO     ] 2017-07-26 12:13:31,585 Identified 3.665e+03 octs
TimeNow:  2.176161510388728 Gyr
IsSatellite
IsSatellite
IsSatellite
IsSatellite
Parsing Hierarchy :   0%|          | 0/34971 [00:00<?, ?it/s]Parsing Hierarchy :   5%|▍         | 1586/34971 [00:00<00:02, 15847.55it/s]Parsing Hierarchy :  10%|█         | 3667/34971 [00:00<00:01, 17333.97it/s]Parsing Hierarchy :  14%|█▍        | 5029/34971 [00:00<00:01, 15452.76it/s]Parsing Hierarchy :  21%|██        | 7202/34971 [00:00<00:01, 17335.78it/s]Parsing Hierarchy :  27%|██▋       | 9367/34971 [00:00<00:01, 18628.69it/s]Parsing Hierarchy :  33%|███▎      | 11526/34971 [00:00<00:01, 19515.56it/s]Parsing Hierarchy :  39%|███▉      | 13643/34971 [00:00<00:01, 20007.50it/s]Parsing Hierarchy :  44%|████▍     | 15514/34971 [00:00<00:01, 17550.44it/s]Parsing Hierarchy :  50%|█████     | 17607/34971 [00:00<00:00, 18563.73it/s]Parsing Hierarchy :  56%|█████▋    | 19691/34971 [00:01<00:00, 19246.04it/s]Parsing Hierarchy :  62%|██████▏   | 21761/34971 [00:01<00:00, 19682.04it/s]Parsing Hierarchy :  68%|██████▊   | 23797/34971 [00:01<00:00, 19882.76it/s]Parsing Hierarchy :  74%|███████▍  | 25914/34971 [00:01<00:00, 20266.57it/s]Parsing Hierarchy :  80%|███████▉  | 27926/34971 [00:01<00:00, 17483.79it/s]Parsing Hierarchy :  86%|████████▌ | 29968/34971 [00:01<00:00, 18363.04it/s]Parsing Hierarchy :  91%|█████████▏| 31969/34971 [00:01<00:00, 18855.70it/s]Parsing Hierarchy :  97%|█████████▋| 33978/34971 [00:01<00:00, 19225.21it/s]Parsing Hierarchy : 100%|██████████| 34971/34971 [00:01<00:00, 18283.11it/s]
yt : [INFO     ] 2017-07-26 12:13:40,803 Gathering a field list (this may take a moment.)
180 1.274708759890683e+16 s
IsSatellite
185 1.8758831947050704e+16 s
188 2.3017581794918372e+16 s
IsSatellite
195 1.5812229432477672e+16 s
198 1.8983731645854296e+16 s
200 2.029769699942728e+16 s
204 2.370980171680891e+16 s
IsSatellite
209 1.745601715204466e+16 s
213 1.3136808280348958e+16 s
214 2.318242329797034e+16 s
230 0.0 s
IsSatellite
234 2.2728128897510544e+16 s
236 1.7329167472119452e+16 s
250 1.5169218544176148e+16 s
251 2.047793994404004e+16 s
257 1.7192088068676216e+16 s
261 2.2506575723510656e+16 s
264 1.1977882049598888e+16 s
266 2.185560110156353e+16 s
276 2.058318962179675e+16 s
280 2.2077584290281804e+16 s
281 1.8216272308137396e+16 s
282 1.144819711741708e+16 s
290 1.9383470564669904e+16 s
291 1.7389181169893e+16 s
294 1.8635680715029052e+16 s
295 2.5171626508638572e+16 s
297 1.4626169243396594e+16 s
302 2.103099582481248e+16 s
303 2.054545840571975e+16 s
304 1.425449782785503e+16 s
308 1.486755664045341e+16 s
310 1.9511881010586984e+16 s
311 1.2791424242278772e+16 s
314 1.8060885643982388e+16 s
IsSatellite
319 1.3440057293574734e+16 s
IsSatellite
327 1.2858753080978598e+16 s
329 2.1229095424863376e+16 s
330 1.6817644388444898e+16 s
332 1.8902049754337624e+16 s
339 1.87813576733768e+16 s
340 2.0358039528083664e+16 s
345 2.296796007521427e+16 s
350 2.3143848114721236e+16 s
359 1.0826488059891982e+16 s
361 1.826271255341763e+16 s
363 1.7192217653592158e+16 s
365 1.4310905197366042e+16 s
368 1.7869581883220416e+16 s
371 1.3192869740097634e+16 s
373 1.740851534008737e+16 s
377 2.148835375028722e+16 s
379 2.097274597624262e+16 s
381 2.146630635984903e+16 s
384 1.27967997377141e+16 s
386 2.1696662105383892e+16 s
387 1.896538413758035e+16 s
388 2.3430934180179456e+16 s
389 2.1774434905371484e+16 s
390 1.642366537073906e+16 s
391 2.6629144631282372e+16 s
395 1.3226187759369448e+16 s
IsSatellite
400 2.1250758820896188e+16 s
401 2.603925296647393e+16 s
408 1.848636767291856e+16 s
411 2.5905927687889012e+16 s
413 2.5968790924840828e+16 s
428 2.3476193970016908e+16 s
429 1.4517927434102842e+16 s
447 3.0393765515568336e+16 s
449 2.5618064728900772e+16 s
453 2.85639317854087e+16 s
454 2.234452666884659e+16 s
455 2.398356754491719e+16 s
458 2.4952492645803244e+16 s
461 2.2574193821568668e+16 s
462 1.983662077448053e+16 s
467 2.338990025617209e+16 s
473 1.7598134233056108e+16 s
486 1.7246634564828546e+16 s
490 2.2102398507501864e+16 s
496 1.5575013359184352e+16 s
503 1.7326231361775374e+16 s
512 1.8551972513256188e+16 s
IsSatellite
514 0.0 s
520 2.8766784508837052e+16 s
522 2.0911091107311476e+16 s
523 3.580655958750353e+16 s
526 2.65875877033771e+16 s
528 2.3911491788891876e+16 s
529 2.6333263557357756e+16 s
530 8510513514080163.0 s
531 2.0649314897221796e+16 s
534 2.186371627367423e+16 s
540 1.7822359424980038e+16 s
549 4.388191407495824e+16 s
550 0.0 s
551 0.0 s
552 0.0 s
557 1.7802700817781584e+16 s
567 3.2000197997291052e+16 s
585 2.19679752618715e+16 s
592 1.8861486556441744e+16 s
593 3.30831020012868e+16 s
594 3.4280963410535116e+16 s
596 0.0 s
598 2.7588374681679784e+16 s
604 2.707448050613069e+16 s
IsSatellite
609 2.582636991792953e+16 s
610 1.4596460598892316e+16 s
IsSatellite
620 0.0 s
624 2.3452927431409732e+16 s
625 2.6534338488125296e+16 s
626 3.086044006838077e+16 s
629 0.0 s
638 0.0 s
640 2.569334415811806e+16 s
642 2.5083400311496572e+16 s
645 0.0 s
651 2.345954250720522e+16 s
655 3.099222131696402e+16 s
657 3.0615662633257732e+16 s
658 1.7331354411550862e+16 s
659 3.237337833013836e+16 s
660 2.507292855464304e+16 s
661 2.058032723635607e+16 s
663 3.773669637746148e+16 s
664 3.4358887011343756e+16 s
668 2.0241731684679836e+16 s
671 0.0 s
679 0.0 s
680 0.0 s
685 3.2850998396724932e+16 s
686 0.0 s
691 0.0 s
IsSatellite
697 2.0018020634950916e+16 s
699 2.1461123950010348e+16 s
700 0.0 s
702 1.8527854887700932e+16 s
707 3.172373417018128e+16 s
708 3.0309896592681264e+16 s
IsSatellite
713 2.312897793568639e+16 s
714 3.930081209907517e+16 s
715 3.95777939315577e+16 s
720 1.3597025754213632e+16 s
722 3.1747892234086344e+16 s
729 1.9905915487745216e+16 s
730 1.3816097194708916e+16 s
731 0.0 s
732 4.1103740694979816e+16 s
733 4.427839347902829e+16 s
735 3.25131595443543e+16 s
742 0.0 s
745 3.920301355681985e+16 s
747 0.0 s
757 0.0 s
759 1.2971502818992266e+16 s
761 2.5229368069412544e+16 s
764 0.0 s
765 3.8358550699742136e+16 s
767 2.434752014246131e+16 s
768 3.6020462873183224e+16 s
770 3.639424015843514e+16 s
771 3.1650468543599756e+16 s
772 3.0216281471192428e+16 s
776 3.3069285100322268e+16 s
777 3.4339366681935016e+16 s
785 2.563280888376133e+16 s
787 3.1133047749810476e+16 s
789 4.21160794525041e+16 s
793 2.8065793351137204e+16 s
794 0.0 s
797 4.10113007370381e+16 s
803 0.0 s
805 0.0 s
806 0.0 s
807 3.021062767376397e+16 s
811 3.5298179556744156e+16 s
815 2.4777437244535516e+16 s
823 2.9703921663391204e+16 s
831 2.708332900164921e+16 s
833 2.33196956744999e+16 s
834 0.0 s
835 4.1550194423895336e+16 s
836 0.0 s
839 0.0 s
840 3.1497543019835764e+16 s
843 2.354778139569482e+16 s
844 3.3924474770095836e+16 s
848 2.5871430226168624e+16 s
853 0.0 s
864 0.0 s
865 4.135076735561289e+16 s
868 4.3828242866724536e+16 s
871 0.0 s
873 3.785613990693174e+16 s
877 0.0 s
878 3.1819707200382356e+16 s
879 2.993266821220576e+16 s
881 2.4402229258707044e+16 s
883 3.630616974308486e+16 s
885 0.0 s
889 0.0 s
902 2.0984035663009776e+16 s
904 0.0 s
905 3.4267553637016388e+16 s
906 0.0 s
909 0.0 s
910 2.270103365593483e+16 s
911 3.5705350774145e+16 s
912 0.0 s
913 0.0 s
915 0.0 s
922 0.0 s
925 0.0 s
928 3.190049308598638e+16 s
930 0.0 s
932 0.0 s
IsSatellite
935 3.0800239391774028e+16 s
938 4.2334921735699576e+16 s
942 2.8538463880795308e+16 s
944 2.95745261585128e+16 s
952 0.0 s
IsSatellite
957 3.745393702395032e+16 s
IsSatellite
960 4.374359482728815e+16 s
964 3.322845714932219e+16 s
970 3.4861045111582616e+16 s
972 0.0 s
974 0.0 s
980 2.613709777141964e+16 s
983 2.54161634822304e+16 s
988 0.0 s
992 3.004990943476169e+16 s
994 3.92286206677631e+16 s
995 1.2682795524796778e+16 s
999 0.0 s
1001 0.0 s
1007 1.4332864648391962e+16 s
1017 3.401984673661043e+16 s
1021 0.0 s
1022 0.0 s
1024 0.0 s
1026 0.0 s
1029 0.0 s
1031 0.0 s
1033 0.0 s
1037 0.0 s
1038 3.76719411666118e+16 s
1039 0.0 s
1040 0.0 s
1042 2.6480951776422068e+16 s
1044 0.0 s
1047 1.877367474010728e+16 s
1051 0.0 s
1052 0.0 s
1057 0.0 s
1061 3.014415881447296e+16 s
1062 0.0 s
1064 0.0 s
1066 0.0 s
IsSatellite
1071 0.0 s
1072 0.0 s
1076 2.2266106105759044e+16 s
1077 0.0 s
1079 3.4748845788045204e+16 s
1081 0.0 s
1083 3.989077323465546e+16 s
1087 0.0 s
1089 0.0 s
1097 0.0 s
1103 3.365122879715268e+16 s
1105 0.0 s
1111 3.2857412638138812e+16 s
1113 0.0 s
1114 0.0 s
1116 0.0 s
1117 0.0 s
1118 0.0 s
1120 0.0 s
1122 0.0 s
IsSatellite
1128 0.0 s
1129 0.0 s
1130 0.0 s
1131 0.0 s
1135 0.0 s
1136 0.0 s
IsSatellite
1139 0.0 s
1140 0.0 s
1144 0.0 s
1145 0.0 s
1146 0.0 s
1148 3.7164955854798616e+16 s
1149 4.388027239577288e+16 s
1159 0.0 s
1160 0.0 s
1162 1.9562205048430396e+16 s
1166 3.5679351488332316e+16 s
1172 0.0 s
1173 0.0 s
1184 2.2461095551767344e+16 s
1195 0.0 s
1200 1.0077230594850352e+16 s
1202 0.0 s
1205 0.0 s
1210 0.0 s
1213 0.0 s
1216 0.0 s
1219 0.0 s
1221 2.9711757112134388e+16 s
1222 4.38535343276322e+16 s
1224 0.0 s
1227 3.1711970749279304e+16 s
1232 0.0 s
1233 0.0 s
1234 0.0 s
1236 0.0 s
1243 0.0 s
1244 0.0 s
1245 0.0 s
1246 0.0 s
1249 0.0 s
1250 0.0 s
1251 0.0 s
1254 0.0 s
1256 0.0 s
1258 0.0 s
1261 0.0 s
1262 0.0 s
1263 0.0 s
1266 0.0 s
1269 0.0 s
1270 0.0 s
1271 0.0 s
1272 0.0 s
1273 0.0 s
1275 0.0 s
IsSatellite
1279 2.5575615489632676e+16 s
1282 3.226467688121119e+16 s
1286 0.0 s
1287 4.109526588903177e+16 s
1289 0.0 s
1296 0.0 s
1300 0.0 s
1307 0.0 s
1309 0.0 s
1310 0.0 s
1313 0.0 s
1316 0.0 s
1317 0.0 s
1318 0.0 s
1319 0.0 s
1330 0.0 s
1331 0.0 s
1332 0.0 s
1336 0.0 s
1342 0.0 s
1343 0.0 s
1346 0.0 s
1348 0.0 s
1353 4.363342541308918e+16 s
1356 0.0 s
1360 0.0 s
1364 0.0 s
1366 4.479913207255815e+16 s
1368 0.0 s
1369 0.0 s
1370 0.0 s
1374 0.0 s
1377 0.0 s
1379 0.0 s
1382 0.0 s
1390 0.0 s
1394 0.0 s
1395 0.0 s
1396 3.937574133220238e+16 s
1397 0.0 s
1399 0.0 s
1402 0.0 s
1412 0.0 s
1414 0.0 s
IsSatellite
1417 0.0 s
1420 0.0 s
1421 0.0 s
1422 3.0949336550499584e+16 s
1423 3.974781275887405e+16 s
1424 0.0 s
1425 0.0 s
1427 0.0 s
1430 0.0 s
1433 3.758654626410493e+16 s
1437 0.0 s
1438 0.0 s
1439 0.0 s
1440 0.0 s
1445 0.0 s
1447 0.0 s
1448 0.0 s
1450 0.0 s
1456 0.0 s
1459 0.0 s
IsSatellite
1467 0.0 s
1471 0.0 s
1473 0.0 s
1479 0.0 s
1482 0.0 s
1484 0.0 s
1485 0.0 s
1488 0.0 s
1489 0.0 s
IsSatellite
1493 0.0 s
1496 0.0 s
1497 0.0 s
1501 0.0 s
1511 0.0 s
IsSatellite
1517 0.0 s
IsSatellite
1526 0.0 s
1527 0.0 s
1531 0.0 s
1532 0.0 s
1536 2.8209646980572588e+16 s
1538 0.0 s
1539 0.0 s
1541 0.0 s
1546 0.0 s
1549 3.785200553070624e+16 s
1550 0.0 s
1552 0.0 s
1553 3.5650514159632036e+16 s
1554 0.0 s
IsSatellite
IsSatellite
1559 3.540963718981284e+16 s
1561 0.0 s
1563 0.0 s
1566 0.0 s
1567 0.0 s
1568 0.0 s
1571 3.970616245474065e+16 s
1572 3.79028835570848e+16 s
1573 0.0 s
1575 0.0 s
1576 3.671682130491016e+16 s
1578 3.9737715340727e+16 s
1581 0.0 s
1582 0.0 s
1588 0.0 s
IsSatellite
1593 0.0 s
1595 0.0 s
1597 0.0 s
1600 0.0 s
1604 0.0 s
1614 0.0 s
1618 4.190826447251976e+16 s
1621 0.0 s
1622 0.0 s
1628 0.0 s
1630 3.85822872129285e+16 s
1631 0.0 s
1635 0.0 s
1638 0.0 s
1639 0.0 s
1644 0.0 s
1647 0.0 s
1654 0.0 s
1658 0.0 s
1660 0.0 s
1661 0.0 s
1665 2.3434495001374692e+16 s
1666 0.0 s
1667 2.8474506452982428e+16 s
1669 0.0 s
1672 0.0 s
1673 0.0 s
1676 0.0 s
1677 0.0 s
1678 0.0 s
1680 4.200516273936723e+16 s
1684 0.0 s
1687 0.0 s
1690 0.0 s
1691 0.0 s
1697 0.0 s
1705 0.0 s
1716 0.0 s
1731 0.0 s
1735 4.044559454095132e+16 s
1736 0.0 s
1737 0.0 s
1739 0.0 s
1742 0.0 s
1743 0.0 s
IsSatellite
1745 0.0 s
1746 0.0 s
1748 0.0 s
IsSatellite
1756 0.0 s
1764 0.0 s
1766 0.0 s
1769 0.0 s
1772 0.0 s
1774 0.0 s
1779 0.0 s
1780 0.0 s
1782 0.0 s
1784 0.0 s
1786 3.7439093799058664e+16 s
1790 4.312095821241808e+16 s
1791 0.0 s
1792 0.0 s
IsSatellite
1797 0.0 s
1799 0.0 s
1801 0.0 s
1802 0.0 s
1806 0.0 s
1809 0.0 s
1810 0.0 s
1813 0.0 s
1820 1.988003567799128e+16 s
1821 3.001214769175441e+16 s
1822 0.0 s
IsSatellite
1825 0.0 s
1827 0.0 s
IsSatellite
1844 0.0 s
1845 0.0 s
1848 0.0 s
RadiusEqualZero
IsSatellite
1852 0.0 s
1854 0.0 s
1855 0.0 s
1856 0.0 s
1858 0.0 s
1859 0.0 s
1862 0.0 s
1864 0.0 s
1867 0.0 s
1868 0.0 s
1869 0.0 s
1870 0.0 s
1871 0.0 s
1872 3.5588479185655416e+16 s
1874 0.0 s
1877 3.060630968529191e+16 s
1878 0.0 s
1879 0.0 s
1880 0.0 s
1881 0.0 s
1883 0.0 s
1885 0.0 s
1886 0.0 s
IsSatellite
1892 0.0 s
1893 0.0 s
1897 0.0 s
1900 0.0 s
1903 0.0 s
1904 0.0 s
RadiusEqualZero
1907 0.0 s
1908 0.0 s
1911 0.0 s
1915 0.0 s
1916 0.0 s
1917 0.0 s
1918 0.0 s
1920 0.0 s
1921 0.0 s
1923 0.0 s
1924 0.0 s
1925 0.0 s
1931 0.0 s
IsSatellite
1933 0.0 s
1934 0.0 s
1935 0.0 s
1936 0.0 s
1940 0.0 s
1941 0.0 s
1946 3.430903196219803e+16 s
1947 0.0 s
1952 0.0 s
1953 0.0 s
1957 0.0 s
1958 0.0 s
1959 3.3528053692495436e+16 s
1965 0.0 s
1967 0.0 s
1968 0.0 s
1969 0.0 s
1974 0.0 s
IsSatellite
1981 0.0 s
1988 0.0 s
IsSatellite
RadiusEqualZero
2003 0.0 s
2005 0.0 s
2006 0.0 s
2007 0.0 s
2008 0.0 s
2011 3.997115764185697e+16 s
2014 0.0 s
2015 0.0 s
2017 0.0 s
2018 1.97949539741295e+16 s
2020 0.0 s
2030 0.0 s
2032 0.0 s
2034 0.0 s
2038 0.0 s
2039 0.0 s
2040 0.0 s
2044 0.0 s
2046 0.0 s
2047 1.4422620504870636e+16 s
2048 0.0 s
2054 0.0 s
2056 0.0 s
2067 0.0 s
2068 0.0 s
2073 0.0 s
2074 0.0 s
2076 0.0 s
2088 0.0 s
2089 0.0 s
RadiusEqualZero
IsSatellite
2096 0.0 s
IsSatellite
RadiusEqualZero
2102 0.0 s
2105 0.0 s
IsSatellite
2113 0.0 s
IsSatellite
2115 0.0 s
2121 0.0 s
2122 0.0 s
IsSatellite
2124 0.0 s
2131 0.0 s
2132 0.0 s
2135 0.0 s
RadiusEqualZero
2138 0.0 s
IsSatellite
2145 0.0 s
2149 0.0 s
2156 0.0 s
2159 0.0 s
2160 0.0 s
2161 0.0 s
IsSatellite
2163 0.0 s
2164 0.0 s
2165 0.0 s
2167 3.876438943990879e+16 s
IsSatellite
2176 0.0 s
2184 0.0 s
2185 0.0 s
2187 0.0 s
2188 0.0 s
2190 3.120790262223083e+16 s
IsSatellite
2192 0.0 s
IsSatellite
2199 0.0 s
IsSatellite
2208 0.0 s
2211 0.0 s
2218 0.0 s
2224 0.0 s
IsSatellite
2229 0.0 s
IsSatellite
2232 0.0 s
2235 0.0 s
IsSatellite
2238 0.0 s
2242 0.0 s
2247 0.0 s
2248 0.0 s
2251 0.0 s
2252 0.0 s
2253 0.0 s
2256 0.0 s
2257 0.0 s
2264 0.0 s
2265 0.0 s
2269 0.0 s
2272 0.0 s
2273 0.0 s
2274 0.0 s
2275 0.0 s
2276 0.0 s
2278 0.0 s
2280 0.0 s
2281 0.0 s
2285 0.0 s
2286 0.0 s
IsSatellite
2292 0.0 s
2296 0.0 s
2299 0.0 s
2300 0.0 s
2301 0.0 s
2303 0.0 s
2304 0.0 s
IsSatellite
2308 0.0 s
2309 0.0 s
2312 0.0 s
2314 0.0 s
2316 0.0 s
2317 0.0 s
2319 0.0 s
2321 0.0 s
2322 0.0 s
2325 0.0 s
2331 0.0 s
2334 0.0 s
2336 0.0 s
2337 0.0 s
2338 0.0 s
2341 0.0 s
2342 0.0 s
2343 0.0 s
2346 0.0 s
2350 0.0 s
2351 0.0 s
2357 0.0 s
2358 0.0 s
2359 0.0 s
IsSatellite
2370 3.309864434831403e+16 s
2371 0.0 s
2372 0.0 s
2373 0.0 s
2374 0.0 s
IsSatellite
2381 0.0 s
2385 0.0 s
2386 0.0 s
2389 0.0 s
2394 0.0 s
IsSatellite
IsSatellite
2401 0.0 s
2409 0.0 s
2414 0.0 s
2418 0.0 s
IsSatellite
IsSatellite
2426 0.0 s
2427 0.0 s
2431 0.0 s
IsSatellite
2436 0.0 s
2439 0.0 s
2440 0.0 s
IsSatellite
2444 0.0 s
2446 3.898435248474561e+16 s
2449 0.0 s
2454 0.0 s
2455 0.0 s
IsSatellite
2464 0.0 s
2468 0.0 s
IsSatellite
2470 0.0 s
2471 0.0 s
2472 0.0 s
2473 0.0 s
2474 0.0 s
2475 0.0 s
2477 0.0 s
RadiusEqualZero
2482 0.0 s
IsSatellite
2491 0.0 s
2494 0.0 s
2495 0.0 s
2498 0.0 s
2499 0.0 s
2500 0.0 s
2501 0.0 s
2506 0.0 s
2509 0.0 s
2510 0.0 s
2511 0.0 s
2513 0.0 s
IsSatellite
2520 0.0 s
IsSatellite
2527 0.0 s
2528 0.0 s
2534 0.0 s
2538 0.0 s
2543 0.0 s
2551 0.0 s
2552 0.0 s
2555 0.0 s
2557 0.0 s
2558 0.0 s
2559 0.0 s
2566 0.0 s
IsSatellite
2572 0.0 s
2579 0.0 s
IsSatellite
2581 0.0 s
2582 0.0 s
2585 0.0 s
2586 0.0 s
IsSatellite
2588 0.0 s
2591 0.0 s
2596 0.0 s
2602 3.967624496534062e+16 s
IsSatellite
2604 0.0 s
2605 4.425595799316101e+16 s
2608 0.0 s
2614 0.0 s
2619 0.0 s
2621 0.0 s
2622 0.0 s
2623 0.0 s
RadiusEqualZero
2628 0.0 s
2631 2.335644412056889e+16 s
2632 0.0 s
2633 0.0 s
2634 0.0 s
2636 0.0 s
2637 0.0 s
2643 0.0 s
2647 0.0 s
2648 0.0 s
2649 0.0 s
2653 0.0 s
2654 0.0 s
IsSatellite
2673 0.0 s
2674 0.0 s
IsSatellite
2677 0.0 s
2679 0.0 s
2680 0.0 s
2684 0.0 s
2691 0.0 s
2693 0.0 s
2697 0.0 s
2699 0.0 s
2700 0.0 s
IsSatellite
2706 0.0 s
2709 0.0 s
2710 0.0 s
2714 0.0 s
2716 0.0 s
2717 0.0 s
2719 0.0 s
2727 0.0 s
2728 0.0 s
2733 0.0 s
2734 0.0 s
2738 0.0 s
2739 0.0 s
RadiusEqualZero
2745 0.0 s
2747 0.0 s
2748 0.0 s
2751 0.0 s
2752 0.0 s
2757 0.0 s
RadiusEqualZero
2763 0.0 s
2768 0.0 s
2771 0.0 s
2774 0.0 s
IsSatellite
2780 0.0 s
2781 0.0 s
2782 0.0 s
2785 3.900908338122806e+16 s
2786 0.0 s
2787 0.0 s
2789 0.0 s
2790 0.0 s
IsSatellite
2797 0.0 s
2798 0.0 s
2801 0.0 s
2802 0.0 s
2806 0.0 s
2810 0.0 s
2811 0.0 s
2812 4.300776597526591e+16 s
2815 0.0 s
2816 0.0 s
2817 0.0 s
2826 0.0 s
2832 0.0 s
2834 0.0 s
IsSatellite
IsSatellite
2841 0.0 s
2844 0.0 s
2849 0.0 s
2854 0.0 s
2855 0.0 s
2866 0.0 s
2868 0.0 s
2880 0.0 s
2882 0.0 s
2884 0.0 s
2895 0.0 s
2898 0.0 s
2901 0.0 s
2902 0.0 s
2903 0.0 s
2906 0.0 s
2907 0.0 s
2908 0.0 s
2912 0.0 s
2913 0.0 s
IsSatellite
2915 0.0 s
2916 0.0 s
2921 0.0 s
2922 0.0 s
2926 0.0 s
2932 0.0 s
2933 0.0 s
2939 0.0 s
IsSatellite
2941 0.0 s
IsSatellite
IsSatellite
2949 0.0 s
2951 0.0 s
2953 0.0 s
2954 0.0 s
2959 0.0 s
2962 4.624936411137123e+16 s
2967 0.0 s
2973 0.0 s
2974 0.0 s
2975 0.0 s
2976 0.0 s
2987 0.0 s
2988 0.0 s
2996 0.0 s
IsSatellite
IsSatellite
123AllDone123
