yt : [INFO     ] 2017-08-01 11:45:54,513 Parameters: current_time              = 2.442094332e+16
yt : [INFO     ] 2017-08-01 11:45:54,513 Parameters: domain_dimensions         = [2 2 2]
yt : [INFO     ] 2017-08-01 11:45:54,514 Parameters: domain_left_edge          = [ 0.  0.  0.]
yt : [INFO     ] 2017-08-01 11:45:54,514 Parameters: domain_right_edge         = [  1.66901647e+25   1.66901647e+25   1.66901647e+25]
yt : [INFO     ] 2017-08-01 11:45:54,515 Parameters: cosmological_simulation   = 1
yt : [INFO     ] 2017-08-01 11:45:54,515 Parameters: current_redshift          = 6.99999981444
yt : [INFO     ] 2017-08-01 11:45:54,515 Parameters: omega_lambda              = 0.712
yt : [INFO     ] 2017-08-01 11:45:54,515 Parameters: omega_matter              = 0.288
yt : [INFO     ] 2017-08-01 11:45:54,515 Parameters: hubble_constant           = 0.6933
yt : [INFO     ] 2017-08-01 11:45:54,676 Parameters: current_time              = 102.74801136229
yt : [INFO     ] 2017-08-01 11:45:54,676 Parameters: domain_dimensions         = [128 128 128]
yt : [INFO     ] 2017-08-01 11:45:54,676 Parameters: domain_left_edge          = [ 0.  0.  0.]
yt : [INFO     ] 2017-08-01 11:45:54,677 Parameters: domain_right_edge         = [ 1.  1.  1.]
yt : [INFO     ] 2017-08-01 11:45:54,677 Parameters: cosmological_simulation   = 1
yt : [INFO     ] 2017-08-01 11:45:54,677 Parameters: current_redshift          = 6.9999998144358
yt : [INFO     ] 2017-08-01 11:45:54,677 Parameters: omega_lambda              = 0.712
yt : [INFO     ] 2017-08-01 11:45:54,677 Parameters: omega_matter              = 0.288
yt : [INFO     ] 2017-08-01 11:45:54,678 Parameters: hubble_constant           = 0.6933
yt : [INFO     ] 2017-08-01 11:45:54,680 Allocating for 6.175e+03 particles (index particle type 'all')
yt : [INFO     ] 2017-08-01 11:45:54,685 Identified 2.169e+03 octs
TimeNow:  0.7736676705124972 Gyr
Parsing Hierarchy :   0%|          | 0/27204 [00:00<?, ?it/s]Parsing Hierarchy :   6%|▋         | 1719/27204 [00:00<00:01, 17182.89it/s]Parsing Hierarchy :  10%|█         | 2829/27204 [00:00<00:01, 15357.79it/s]Parsing Hierarchy :  19%|█▉        | 5103/27204 [00:00<00:01, 17571.14it/s]Parsing Hierarchy :  27%|██▋       | 7365/27204 [00:00<00:01, 19085.64it/s]Parsing Hierarchy :  35%|███▌      | 9606/27204 [00:00<00:00, 20080.83it/s]Parsing Hierarchy :  43%|████▎     | 11828/27204 [00:00<00:00, 18017.48it/s]Parsing Hierarchy :  52%|█████▏    | 14079/27204 [00:00<00:00, 19364.23it/s]Parsing Hierarchy :  60%|█████▉    | 16318/27204 [00:00<00:00, 20269.20it/s]Parsing Hierarchy :  68%|██████▊   | 18573/27204 [00:00<00:00, 20949.77it/s]Parsing Hierarchy :  77%|███████▋  | 20835/27204 [00:01<00:00, 21450.46it/s]Parsing Hierarchy :  84%|████████▍ | 22932/27204 [00:01<00:00, 18558.61it/s]Parsing Hierarchy :  93%|█████████▎| 25188/27204 [00:01<00:00, 19756.89it/s]Parsing Hierarchy : 100%|██████████| 27204/27204 [00:01<00:00, 18942.23it/s]
yt : [INFO     ] 2017-08-01 11:46:01,274 Gathering a field list (this may take a moment.)
2 5.409627718652519e+25 g / s
4 8.089901670905834e+25 g / s
5 5.240072278160912e+25 g / s
6 7.4601364838513225e+25 g / s
7 5.096501069732056e+25 g / s
9 2.929320181889216e+25 g / s
11 6.037674280232256e+25 g / s
12 1.3432183497570308e+25 g / s
13 2.740489393401267e+25 g / s
15 4.789859649469873e+25 g / s
16 3.75934968902807e+25 g / s
17 2.4124308117323443e+25 g / s
19 3.818465723455653e+25 g / s
20 1.272674036296159e+25 g / s
21 1.6444277774080408e+25 g / s
23 1.8139733612389715e+25 g / s
25 2.5888942148922816e+25 g / s
26 2.418671309886919e+25 g / s
27 1.4332881239736824e+23 g / s
28 1.2211708454530118e+25 g / s
30 7.966034964282091e+24 g / s
31 1.4690628082715105e+25 g / s
34 2.4596916180972135e+25 g / s
35 1.2010963946481117e+25 g / s
IsSatellite
40 1.9017805779545944e+25 g / s
41 1.7363615628415421e+25 g / s
42 9.439682870522304e+24 g / s
43 1.9001612323951265e+25 g / s
47 2.5261235642128597e+25 g / s
48 8.261927372078797e+24 g / s
50 1.2957927037152419e+25 g / s
52 1.4019867423640098e+25 g / s
53 7.441628204515765e+24 g / s
55 5.003594911774595e+24 g / s
56 9.718254791416143e+24 g / s
57 5.308604730497959e+24 g / s
59 4.524081998087007e+24 g / s
60 6.587429258075492e+24 g / s
61 1.1771937336436631e+25 g / s
62 5.342420208989752e+23 g / s
66 1.9117978630735525e+24 g / s
67 5.124300094555304e+24 g / s
68 5.981655766201186e+24 g / s
69 2.4797334511375645e+24 g / s
70 1.2658528381782383e+25 g / s
IsSatellite
72 3.9531090022861003e+24 g / s
73 3.4203117603020885e+24 g / s
75 3.87022875402563e+24 g / s
78 7.517817596023644e+23 g / s
79 1.0135736239112542e+25 g / s
81 2.4062695559401957e+24 g / s
82 3.127022289024587e+24 g / s
85 6.564730406576366e+24 g / s
90 5.63816022762799e+24 g / s
91 3.104124358922696e+24 g / s
94 5.247025244266001e+24 g / s
98 3.690585929402416e+24 g / s
99 8.434802172673384e+24 g / s
100 1.0413336760179498e+25 g / s
101 3.4874557204431425e+24 g / s
102 3.358833434532735e+24 g / s
103 3.551221180518201e+24 g / s
104 1.8627985882198276e+23 g / s
105 1.6927018095604884e+24 g / s
107 3.614489268318677e+24 g / s
108 3.0273565370772653e+22 g / s
109 5.795742938288502e+24 g / s
111 6.06715321719989e+24 g / s
112 4.2871012935526926e+24 g / s
113 5.715195865313581e+24 g / s
114 1.5926826444584621e+24 g / s
115 3.415192781507253e+24 g / s
117 2.540878466151836e+23 g / s
120 1.6388513717520898e+23 g / s
121 1.7062722262363834e+23 g / s
122 4.179139735205259e+23 g / s
123 4.2025441160848195e+24 g / s
124 4.732142482670434e+24 g / s
125 0.0 1 / s
126 1.4461705198107982e+24 g / s
127 2.1146155121418796e+24 g / s
128 3.80627264538638e+23 g / s
131 8.036083396936756e+23 g / s
132 6.693048562634368e+23 g / s
133 3.4843586539718956e+24 g / s
134 2.116652987613559e+22 g / s
136 2.786153680157215e+24 g / s
137 8.876130254041038e+23 g / s
140 1.083883128375216e+24 g / s
142 3.6599654355219966e+24 g / s
144 8.704079651831053e+23 g / s
145 3.238488149551804e+24 g / s
146 6.309715255720408e+23 g / s
147 8.142068435475885e+23 g / s
148 0.0 1 / s
150 3.731317281829753e+24 g / s
152 2.2177187744250909e+24 g / s
153 2.740865567660066e+24 g / s
154 1.4117390000401679e+24 g / s
155 1.3261287162177525e+24 g / s
156 9.63616307599271e+23 g / s
157 1.641750008085117e+23 g / s
158 3.957805830688776e+23 g / s
159 9.968384410698822e+23 g / s
160 2.1880988612743837e+24 g / s
161 4.5670901093879374e+23 g / s
162 4.202121317228182e+23 g / s
163 2.155416250271128e+24 g / s
164 1.656847558668007e+24 g / s
165 3.8432545760513726e+23 g / s
166 6.47640954112708e+22 g / s
167 1.1951836304538975e+24 g / s
168 1.887896109919409e+24 g / s
170 2.099157415294752e+24 g / s
171 1.1716729013956847e+24 g / s
172 2.735722595678581e+23 g / s
173 6.171112452628425e+23 g / s
174 1.1063692835170591e+24 g / s
175 1.6457743787971416e+24 g / s
176 1.7429863410612093e+24 g / s
177 3.8573638667301416e+24 g / s
178 4.185449294829497e+23 g / s
179 3.830648426092975e+23 g / s
181 1.6352134858844657e+24 g / s
182 5.017863724721318e+23 g / s
183 1.283570639282583e+22 g / s
185 2.6527385930974997e+23 g / s
186 2.3923152482779134e+24 g / s
187 3.4711526743472545e+23 g / s
189 7.861328697744953e+23 g / s
190 2.045598138048667e+24 g / s
191 1.1292561897223944e+24 g / s
192 3.850504409206464e+23 g / s
194 0.0 1 / s
196 2.898976128426859e+24 g / s
197 6.595986395670733e+22 g / s
203 1.002863324776852e+23 g / s
204 6.35798695340061e+23 g / s
205 8.054759174652905e+23 g / s
206 1.3435146980353779e+23 g / s
207 1.8380408619203555e+24 g / s
208 2.2990984758231965e+23 g / s
213 5.028239156785847e+23 g / s
214 4.692490175177808e+23 g / s
215 1.184336764694943e+24 g / s
216 1.4741608416628712e+24 g / s
217 5.795521811892608e+22 g / s
218 3.059779762278907e+22 g / s
219 3.1477083067032467e+24 g / s
220 0.0 1 / s
221 2.752593696680003e+24 g / s
223 7.060364796298728e+23 g / s
224 1.2064228172377976e+23 g / s
225 2.3283915628638695e+24 g / s
226 4.279249685337847e+23 g / s
227 0.0 1 / s
228 5.669793623063704e+24 g / s
230 6.608423944858082e+23 g / s
232 5.721519042692384e+23 g / s
233 6.33136100086502e+23 g / s
234 7.662710504804738e+22 g / s
235 2.2401465677615723e+23 g / s
236 1.9221719982090737e+23 g / s
237 0.0 1 / s
238 5.1398334132848534e+23 g / s
239 1.5937441808515663e+23 g / s
241 7.823296254583427e+23 g / s
243 3.772610852982035e+23 g / s
244 0.0 1 / s
245 1.1928439705233498e+23 g / s
246 9.748405796995763e+23 g / s
247 1.1416684487940852e+24 g / s
249 0.0 1 / s
250 0.0 1 / s
251 1.555294775013945e+24 g / s
252 7.066317700445746e+21 g / s
253 2.4929893625290137e+23 g / s
255 2.6780287087547807e+23 g / s
257 9.90542499200228e+22 g / s
258 0.0 1 / s
260 0.0 1 / s
263 1.339643364946302e+23 g / s
264 1.1933147557532749e+24 g / s
265 5.022500245925158e+23 g / s
267 1.528263532163337e+24 g / s
269 5.95702838126703e+23 g / s
270 2.0237448842627584e+24 g / s
271 0.0 1 / s
273 2.0624478397214553e+23 g / s
274 5.2247044475726696e+23 g / s
276 9.318953694554988e+22 g / s
277 7.35144754286898e+22 g / s
279 0.0 1 / s
280 2.0485642146901127e+22 g / s
281 1.102116004835108e+24 g / s
282 2.158803180375693e+22 g / s
284 3.074852022746149e+24 g / s
285 4.463277426937321e+23 g / s
287 2.061774733566266e+24 g / s
288 0.0 1 / s
290 3.105172277561205e+22 g / s
292 6.665871415270354e+23 g / s
296 1.7807360536989756e+24 g / s
297 4.904213835744524e+23 g / s
302 0.0 1 / s
304 0.0 1 / s
305 1.2007280019633805e+24 g / s
308 3.160291760403995e+22 g / s
309 2.3567534548767557e+23 g / s
310 1.6523524027260517e+24 g / s
311 0.0 1 / s
314 7.808401024925796e+23 g / s
318 1.027829208182116e+23 g / s
320 5.35149871204621e+23 g / s
321 6.148208686345986e+23 g / s
322 1.3636170976603958e+23 g / s
323 1.1758671698077701e+24 g / s
324 8.326005392044799e+23 g / s
325 5.873337552376548e+22 g / s
328 1.701164271338114e+24 g / s
329 1.3431904657833617e+23 g / s
330 9.173049181147604e+22 g / s
331 0.0 1 / s
332 1.537941216421522e+24 g / s
334 3.815046370125944e+22 g / s
335 1.8544528500529266e+24 g / s
336 6.0224843883040995e+22 g / s
339 9.643127584766026e+23 g / s
340 2.0866764189856306e+24 g / s
343 0.0 1 / s
344 3.40670827193647e+22 g / s
345 8.999182878326314e+23 g / s
347 0.0 1 / s
348 0.0 1 / s
349 0.0 1 / s
350 6.139681378117952e+23 g / s
353 0.0 1 / s
354 4.083128080738158e+23 g / s
355 0.0 1 / s
358 1.0509145445256846e+24 g / s
359 0.0 1 / s
360 1.4751140844838001e+23 g / s
363 1.4495386444447455e+23 g / s
364 0.0 1 / s
366 0.0 1 / s
367 0.0 1 / s
368 6.190378333043243e+23 g / s
369 2.582133777898406e+23 g / s
370 2.9814711887719046e+23 g / s
371 2.4327016175890776e+24 g / s
372 9.671977770550463e+22 g / s
373 3.9361724063697617e+24 g / s
377 0.0 1 / s
378 0.0 1 / s
379 8.546788101732851e+23 g / s
381 0.0 1 / s
382 4.7356325186311144e+23 g / s
385 6.344557253522085e+23 g / s
386 0.0 1 / s
389 0.0 1 / s
390 0.0 1 / s
391 0.0 1 / s
392 0.0 1 / s
393 1.4223225892104875e+23 g / s
394 2.196375213739356e+23 g / s
395 0.0 1 / s
396 0.0 1 / s
399 1.4858027249037725e+24 g / s
401 0.0 1 / s
402 0.0 1 / s
406 0.0 1 / s
408 9.86671166111152e+22 g / s
409 3.5427690941726396e+23 g / s
410 1.2803283167624187e+22 g / s
411 0.0 1 / s
412 7.196010601252311e+21 g / s
413 7.196010601252312e+21 g / s
415 3.282871005601323e+23 g / s
419 0.0 1 / s
420 7.957372775437259e+22 g / s
421 0.0 1 / s
423 0.0 1 / s
424 5.371296333354335e+23 g / s
425 0.0 1 / s
426 2.6546839866095983e+22 g / s
428 1.7727398378997484e+23 g / s
430 0.0 1 / s
431 1.683232282408097e+23 g / s
432 5.037395475582788e+23 g / s
436 0.0 1 / s
437 0.0 1 / s
438 0.0 1 / s
439 6.51029829610784e+23 g / s
440 0.0 1 / s
441 0.0 1 / s
443 0.0 1 / s
444 0.0 1 / s
446 1.2952819082254162e+23 g / s
447 0.0 1 / s
448 2.38232889491581e+22 g / s
449 0.0 1 / s
450 0.0 1 / s
451 0.0 1 / s
453 0.0 1 / s
454 6.367214603292991e+23 g / s
456 4.644886395936756e+22 g / s
458 0.0 1 / s
462 0.0 1 / s
464 3.957708561013167e+22 g / s
465 1.8572671860004272e+22 g / s
466 0.0 1 / s
467 0.0 1 / s
469 0.0 1 / s
470 0.0 1 / s
471 0.0 1 / s
472 0.0 1 / s
473 1.5915705278340464e+24 g / s
474 1.535706607740628e+23 g / s
475 2.680622566770912e+22 g / s
477 1.766482155435831e+22 g / s
478 0.0 1 / s
479 0.0 1 / s
480 0.0 1 / s
481 0.0 1 / s
483 4.926773915839827e+22 g / s
484 7.94459802470781e+22 g / s
485 0.0 1 / s
487 0.0 1 / s
489 1.4375225971850174e+23 g / s
490 0.0 1 / s
491 2.51526411824254e+22 g / s
492 0.0 1 / s
493 0.0 1 / s
495 0.0 1 / s
496 0.0 1 / s
499 0.0 1 / s
500 0.0 1 / s
502 8.183498832638538e+23 g / s
503 0.0 1 / s
504 3.0368565420613486e+23 g / s
505 4.037430787138962e+23 g / s
507 0.0 1 / s
509 0.0 1 / s
510 0.0 1 / s
512 0.0 1 / s
513 0.0 1 / s
516 0.0 1 / s
517 0.0 1 / s
518 5.311637598983313e+23 g / s
519 0.0 1 / s
521 0.0 1 / s
523 0.0 1 / s
525 4.6637113204888325e+23 g / s
526 6.168194362360277e+22 g / s
527 0.0 1 / s
528 3.4131540091065585e+23 g / s
530 0.0 1 / s
532 0.0 1 / s
534 0.0 1 / s
536 0.0 1 / s
538 0.0 1 / s
542 0.0 1 / s
544 0.0 1 / s
546 0.0 1 / s
547 1.4988024928161198e+23 g / s
548 0.0 1 / s
551 0.0 1 / s
553 0.0 1 / s
554 0.0 1 / s
555 2.570020460963072e+23 g / s
556 0.0 1 / s
557 2.878404240500925e+22 g / s
558 0.0 1 / s
560 0.0 1 / s
561 0.0 1 / s
564 0.0 1 / s
565 0.0 1 / s
567 0.0 1 / s
569 1.6673643559944133e+23 g / s
570 3.723366458545783e+23 g / s
571 1.4392021202504627e+22 g / s
573 0.0 1 / s
574 0.0 1 / s
575 7.07668664786523e+23 g / s
576 4.334771216173139e+23 g / s
579 0.0 1 / s
582 0.0 1 / s
584 0.0 1 / s
585 1.400507594830315e+24 g / s
589 1.1594480485656591e+23 g / s
590 0.0 1 / s
591 0.0 1 / s
592 0.0 1 / s
593 0.0 1 / s
594 2.3434210246738397e+22 g / s
595 2.612533793847464e+22 g / s
599 0.0 1 / s
600 0.0 1 / s
601 0.0 1 / s
602 0.0 1 / s
604 0.0 1 / s
605 1.3549211886613153e+23 g / s
607 0.0 1 / s
608 0.0 1 / s
609 0.0 1 / s
610 6.223313845203065e+21 g / s
611 0.0 1 / s
612 0.0 1 / s
613 0.0 1 / s
614 3.348994931077549e+23 g / s
616 0.0 1 / s
617 0.0 1 / s
619 0.0 1 / s
620 0.0 1 / s
621 0.0 1 / s
622 3.2322324124813974e+23 g / s
623 0.0 1 / s
624 1.0035312432160057e+23 g / s
625 0.0 1 / s
626 4.236353758396073e+22 g / s
628 0.0 1 / s
629 0.0 1 / s
631 0.0 1 / s
632 7.1538604084901775e+22 g / s
633 6.417853196412917e+21 g / s
636 0.0 1 / s
637 0.0 1 / s
638 0.0 1 / s
640 2.8784042405009245e+22 g / s
641 0.0 1 / s
642 1.4793874655653767e+23 g / s
644 0.0 1 / s
645 0.0 1 / s
646 0.0 1 / s
647 3.6916111517832946e+23 g / s
649 0.0 1 / s
654 0.0 1 / s
655 0.0 1 / s
656 0.0 1 / s
658 0.0 1 / s
659 0.0 1 / s
660 0.0 1 / s
663 4.745203854710635e+22 g / s
665 0.0 1 / s
666 0.0 1 / s
667 0.0 1 / s
669 0.0 1 / s
670 0.0 1 / s
674 0.0 1 / s
679 0.0 1 / s
682 0.0 1 / s
684 0.0 1 / s
686 0.0 1 / s
688 7.196010601252312e+21 g / s
689 0.0 1 / s
690 0.0 1 / s
691 0.0 1 / s
692 0.0 1 / s
695 0.0 1 / s
696 0.0 1 / s
697 0.0 1 / s
701 0.0 1 / s
702 0.0 1 / s
703 2.7162881144927174e+22 g / s
704 0.0 1 / s
707 1.3607184613273691e+23 g / s
708 0.0 1 / s
709 0.0 1 / s
710 0.0 1 / s
711 3.1505647928435026e+22 g / s
712 0.0 1 / s
715 0.0 1 / s
716 0.0 1 / s
717 0.0 1 / s
718 0.0 1 / s
720 0.0 1 / s
721 1.597693329681126e+23 g / s
722 0.0 1 / s
724 0.0 1 / s
725 4.297957886279192e+22 g / s
726 3.315618463054981e+23 g / s
727 0.0 1 / s
729 0.0 1 / s
731 0.0 1 / s
733 0.0 1 / s
734 0.0 1 / s
735 3.1349821908115925e+23 g / s
736 0.0 1 / s
737 1.7182104577556276e+23 g / s
739 0.0 1 / s
740 0.0 1 / s
742 0.0 1 / s
747 1.919578140192942e+23 g / s
748 0.0 1 / s
749 0.0 1 / s
750 0.0 1 / s
751 0.0 1 / s
754 0.0 1 / s
755 0.0 1 / s
756 0.0 1 / s
758 0.0 1 / s
759 0.0 1 / s
760 0.0 1 / s
761 0.0 1 / s
762 0.0 1 / s
763 0.0 1 / s
764 0.0 1 / s
765 0.0 1 / s
766 2.2780428333772507e+23 g / s
769 6.345114932995559e+23 g / s
770 0.0 1 / s
771 0.0 1 / s
772 0.0 1 / s
773 0.0 1 / s
774 1.520850285953236e+23 g / s
775 0.0 1 / s
777 0.0 1 / s
778 0.0 1 / s
779 0.0 1 / s
780 0.0 1 / s
781 0.0 1 / s
782 0.0 1 / s
784 0.0 1 / s
785 0.0 1 / s
786 0.0 1 / s
787 0.0 1 / s
789 6.220071522682903e+22 g / s
790 6.994792065650925e+22 g / s
791 0.0 1 / s
792 6.709662223227688e+21 g / s
793 0.0 1 / s
794 1.2800235384455233e+23 g / s
795 0.0 1 / s
796 0.0 1 / s
797 0.0 1 / s
798 0.0 1 / s
799 0.0 1 / s
800 0.0 1 / s
801 0.0 1 / s
802 0.0 1 / s
803 0.0 1 / s
804 0.0 1 / s
805 0.0 1 / s
806 8.70615473824396e+23 g / s
807 0.0 1 / s
808 0.0 1 / s
812 0.0 1 / s
813 0.0 1 / s
815 0.0 1 / s
816 0.0 1 / s
817 0.0 1 / s
818 0.0 1 / s
819 0.0 1 / s
820 0.0 1 / s
821 0.0 1 / s
823 0.0 1 / s
824 0.0 1 / s
826 0.0 1 / s
827 0.0 1 / s
828 0.0 1 / s
829 0.0 1 / s
830 0.0 1 / s
831 0.0 1 / s
835 1.2375491134313732e+23 g / s
837 4.968372913773535e+23 g / s
838 1.8216016382786219e+22 g / s
839 0.0 1 / s
840 0.0 1 / s
841 0.0 1 / s
842 0.0 1 / s
843 0.0 1 / s
845 0.0 1 / s
846 0.0 1 / s
850 0.0 1 / s
851 0.0 1 / s
852 0.0 1 / s
853 6.884747639316553e+22 g / s
854 0.0 1 / s
855 0.0 1 / s
856 0.0 1 / s
858 0.0 1 / s
859 0.0 1 / s
863 0.0 1 / s
864 2.5153030261127833e+23 g / s
865 0.0 1 / s
866 0.0 1 / s
867 0.0 1 / s
868 0.0 1 / s
869 0.0 1 / s
871 2.9683851750805196e+23 g / s
872 0.0 1 / s
873 0.0 1 / s
876 0.0 1 / s
877 0.0 1 / s
878 0.0 1 / s
879 0.0 1 / s
880 0.0 1 / s
881 0.0 1 / s
883 0.0 1 / s
884 0.0 1 / s
885 0.0 1 / s
886 0.0 1 / s
887 0.0 1 / s
888 0.0 1 / s
889 0.0 1 / s
890 0.0 1 / s
891 0.0 1 / s
892 0.0 1 / s
894 0.0 1 / s
896 0.0 1 / s
897 0.0 1 / s
899 0.0 1 / s
900 0.0 1 / s
901 0.0 1 / s
902 6.385429971211275e+21 g / s
904 0.0 1 / s
905 0.0 1 / s
906 0.0 1 / s
907 7.158244028537444e+23 g / s
908 0.0 1 / s
910 0.0 1 / s
911 0.0 1 / s
915 0.0 1 / s
916 0.0 1 / s
918 0.0 1 / s
919 0.0 1 / s
921 0.0 1 / s
923 0.0 1 / s
924 8.171366061768092e+22 g / s
925 0.0 1 / s
926 0.0 1 / s
927 0.0 1 / s
928 5.387183713703136e+22 g / s
929 0.0 1 / s
930 0.0 1 / s
931 0.0 1 / s
932 0.0 1 / s
933 1.287480880241901e+23 g / s
934 1.9283324109973855e+23 g / s
936 0.0 1 / s
937 3.524385125483309e+23 g / s
938 1.2252088339196283e+22 g / s
939 0.0 1 / s
940 0.0 1 / s
941 0.0 1 / s
942 0.0 1 / s
943 1.9357119370532788e+23 g / s
944 0.0 1 / s
945 0.0 1 / s
947 0.0 1 / s
948 0.0 1 / s
950 0.0 1 / s
952 0.0 1 / s
953 0.0 1 / s
954 0.0 1 / s
955 0.0 1 / s
956 0.0 1 / s
957 0.0 1 / s
958 0.0 1 / s
959 0.0 1 / s
960 0.0 1 / s
961 0.0 1 / s
962 0.0 1 / s
963 0.0 1 / s
964 0.0 1 / s
966 0.0 1 / s
971 0.0 1 / s
972 0.0 1 / s
975 0.0 1 / s
976 0.0 1 / s
978 0.0 1 / s
979 0.0 1 / s
981 0.0 1 / s
982 0.0 1 / s
983 0.0 1 / s
984 0.0 1 / s
985 0.0 1 / s
988 0.0 1 / s
990 0.0 1 / s
991 2.954235679602524e+23 g / s
RadiusEqualZero
993 0.0 1 / s
994 0.0 1 / s
995 0.0 1 / s
996 0.0 1 / s
999 0.0 1 / s
1001 0.0 1 / s
1003 0.0 1 / s
1004 0.0 1 / s
1005 0.0 1 / s
1006 0.0 1 / s
1007 0.0 1 / s
1010 0.0 1 / s
1011 0.0 1 / s
1012 0.0 1 / s
1013 0.0 1 / s
1015 0.0 1 / s
1016 0.0 1 / s
1017 0.0 1 / s
1018 0.0 1 / s
1020 0.0 1 / s
1023 0.0 1 / s
1024 0.0 1 / s
1025 0.0 1 / s
1026 0.0 1 / s
1028 0.0 1 / s
1029 0.0 1 / s
1030 0.0 1 / s
1031 3.1440801478031746e+22 g / s
1033 0.0 1 / s
1034 0.0 1 / s
1035 0.0 1 / s
1036 0.0 1 / s
1037 0.0 1 / s
1038 0.0 1 / s
1039 0.0 1 / s
1040 0.0 1 / s
1041 0.0 1 / s
1043 0.0 1 / s
1044 0.0 1 / s
1045 0.0 1 / s
1046 0.0 1 / s
1047 0.0 1 / s
1049 0.0 1 / s
1051 2.6708955992104188e+22 g / s
IsSatellite
1054 0.0 1 / s
1056 0.0 1 / s
1057 0.0 1 / s
1058 0.0 1 / s
1059 0.0 1 / s
1060 0.0 1 / s
1061 0.0 1 / s
1062 0.0 1 / s
1063 0.0 1 / s
1064 0.0 1 / s
1065 0.0 1 / s
1066 0.0 1 / s
1067 0.0 1 / s
1068 0.0 1 / s
1069 0.0 1 / s
1071 1.7389807758197994e+23 g / s
1073 0.0 1 / s
1074 1.3519641905229257e+23 g / s
1075 0.0 1 / s
1076 0.0 1 / s
1078 0.0 1 / s
1080 0.0 1 / s
1081 1.538683059814139e+23 g / s
1082 0.0 1 / s
1084 0.0 1 / s
1085 0.0 1 / s
1086 1.0547404850994783e+23 g / s
RadiusEqualZero
1088 0.0 1 / s
1089 2.047552610063821e+23 g / s
1090 0.0 1 / s
1091 0.0 1 / s
1093 0.0 1 / s
1095 0.0 1 / s
1096 0.0 1 / s
1097 0.0 1 / s
1098 0.0 1 / s
1100 0.0 1 / s
1101 0.0 1 / s
1102 0.0 1 / s
1105 0.0 1 / s
1106 0.0 1 / s
1107 0.0 1 / s
1108 0.0 1 / s
1109 0.0 1 / s
1110 0.0 1 / s
1111 0.0 1 / s
1112 0.0 1 / s
1113 0.0 1 / s
1114 0.0 1 / s
1115 0.0 1 / s
1118 0.0 1 / s
1120 0.0 1 / s
1122 0.0 1 / s
1124 2.641714696528942e+22 g / s
1125 0.0 1 / s
1126 0.0 1 / s
1127 0.0 1 / s
1129 0.0 1 / s
1130 0.0 1 / s
1133 0.0 1 / s
1135 0.0 1 / s
1136 0.0 1 / s
1137 0.0 1 / s
1138 0.0 1 / s
1140 0.0 1 / s
1141 0.0 1 / s
1143 0.0 1 / s
1144 0.0 1 / s
1145 0.0 1 / s
1146 0.0 1 / s
1147 0.0 1 / s
1148 0.0 1 / s
1150 0.0 1 / s
1152 0.0 1 / s
1154 0.0 1 / s
1156 0.0 1 / s
1158 0.0 1 / s
1159 0.0 1 / s
1163 0.0 1 / s
1164 0.0 1 / s
1166 0.0 1 / s
1167 0.0 1 / s
1168 0.0 1 / s
1170 0.0 1 / s
1171 0.0 1 / s
1172 0.0 1 / s
1173 0.0 1 / s
1174 3.400223626896143e+22 g / s
1175 0.0 1 / s
1177 0.0 1 / s
1179 0.0 1 / s
1180 0.0 1 / s
1181 0.0 1 / s
1183 0.0 1 / s
1184 0.0 1 / s
1185 0.0 1 / s
1186 4.72574991958965e+22 g / s
1187 0.0 1 / s
1188 0.0 1 / s
1189 0.0 1 / s
1190 0.0 1 / s
1193 0.0 1 / s
1194 0.0 1 / s
1196 0.0 1 / s
1197 0.0 1 / s
1200 0.0 1 / s
1201 0.0 1 / s
1202 0.0 1 / s
1203 0.0 1 / s
1204 0.0 1 / s
1205 0.0 1 / s
1206 0.0 1 / s
1207 0.0 1 / s
1208 0.0 1 / s
1209 0.0 1 / s
1210 0.0 1 / s
1211 0.0 1 / s
1213 0.0 1 / s
1214 0.0 1 / s
1216 0.0 1 / s
1217 0.0 1 / s
1218 0.0 1 / s
1219 0.0 1 / s
1220 0.0 1 / s
1221 0.0 1 / s
1223 0.0 1 / s
1224 0.0 1 / s
1225 0.0 1 / s
1226 0.0 1 / s
1227 0.0 1 / s
1228 0.0 1 / s
1229 0.0 1 / s
1230 0.0 1 / s
1231 0.0 1 / s
1232 0.0 1 / s
1233 0.0 1 / s
1237 0.0 1 / s
1238 0.0 1 / s
1239 0.0 1 / s
1240 0.0 1 / s
1241 0.0 1 / s
1243 0.0 1 / s
1244 0.0 1 / s
1245 0.0 1 / s
1246 0.0 1 / s
1249 0.0 1 / s
1250 0.0 1 / s
1251 0.0 1 / s
1252 0.0 1 / s
1253 0.0 1 / s
1255 0.0 1 / s
1259 0.0 1 / s
1260 0.0 1 / s
1261 0.0 1 / s
1263 0.0 1 / s
1264 0.0 1 / s
1265 0.0 1 / s
1266 0.0 1 / s
IsSatellite
1270 0.0 1 / s
1271 0.0 1 / s
1273 0.0 1 / s
1274 0.0 1 / s
1275 0.0 1 / s
1278 0.0 1 / s
1279 0.0 1 / s
1281 0.0 1 / s
1282 0.0 1 / s
1283 0.0 1 / s
1285 0.0 1 / s
1286 0.0 1 / s
1287 0.0 1 / s
1288 0.0 1 / s
1289 0.0 1 / s
1293 0.0 1 / s
1294 0.0 1 / s
1295 0.0 1 / s
1296 0.0 1 / s
1297 0.0 1 / s
1299 0.0 1 / s
1300 0.0 1 / s
1301 0.0 1 / s
1303 0.0 1 / s
1304 0.0 1 / s
1305 0.0 1 / s
1306 0.0 1 / s
1308 0.0 1 / s
1309 0.0 1 / s
1311 0.0 1 / s
1313 0.0 1 / s
1314 0.0 1 / s
1315 0.0 1 / s
1316 0.0 1 / s
1317 0.0 1 / s
1318 0.0 1 / s
1319 0.0 1 / s
1320 0.0 1 / s
1322 0.0 1 / s
1323 0.0 1 / s
1324 0.0 1 / s
1325 0.0 1 / s
RadiusEqualZero
1327 0.0 1 / s
1330 0.0 1 / s
1331 0.0 1 / s
1332 0.0 1 / s
1334 0.0 1 / s
1335 0.0 1 / s
1336 0.0 1 / s
1337 0.0 1 / s
1340 0.0 1 / s
1342 0.0 1 / s
1343 0.0 1 / s
1344 0.0 1 / s
1348 0.0 1 / s
1349 0.0 1 / s
1350 0.0 1 / s
1353 0.0 1 / s
1354 0.0 1 / s
1356 0.0 1 / s
RadiusEqualZero
1359 0.0 1 / s
1360 0.0 1 / s
1364 5.073307439816126e+23 g / s
1365 0.0 1 / s
1366 0.0 1 / s
1367 0.0 1 / s
1368 0.0 1 / s
1369 0.0 1 / s
1371 0.0 1 / s
1372 0.0 1 / s
RadiusEqualZero
1376 0.0 1 / s
1377 0.0 1 / s
1378 0.0 1 / s
1379 0.0 1 / s
1380 0.0 1 / s
1381 0.0 1 / s
1382 0.0 1 / s
1383 0.0 1 / s
1385 0.0 1 / s
RadiusEqualZero
1391 0.0 1 / s
1392 0.0 1 / s
1393 0.0 1 / s
1394 0.0 1 / s
1395 0.0 1 / s
1398 0.0 1 / s
1399 0.0 1 / s
1400 0.0 1 / s
1401 0.0 1 / s
1402 0.0 1 / s
1403 0.0 1 / s
1404 0.0 1 / s
1406 0.0 1 / s
1407 0.0 1 / s
1408 0.0 1 / s
1409 0.0 1 / s
RadiusEqualZero
1411 0.0 1 / s
1412 0.0 1 / s
1413 0.0 1 / s
1414 0.0 1 / s
1416 0.0 1 / s
1417 0.0 1 / s
1418 0.0 1 / s
1419 0.0 1 / s
1420 0.0 1 / s
1422 0.0 1 / s
1424 0.0 1 / s
1426 2.158803180375693e+22 g / s
1427 0.0 1 / s
1428 0.0 1 / s
1429 0.0 1 / s
RadiusEqualZero
1433 0.0 1 / s
1434 0.0 1 / s
1436 0.0 1 / s
1437 0.0 1 / s
1438 0.0 1 / s
1439 0.0 1 / s
1440 0.0 1 / s
1441 0.0 1 / s
1442 0.0 1 / s
1443 0.0 1 / s
1445 0.0 1 / s
1446 0.0 1 / s
1447 1.1762692178002708e+23 g / s
RadiusEqualZero
1451 0.0 1 / s
1452 0.0 1 / s
1453 6.129286492118307e+22 g / s
1455 4.946227850960812e+22 g / s
1460 0.0 1 / s
1462 0.0 1 / s
1463 0.0 1 / s
1464 0.0 1 / s
1466 0.0 1 / s
1467 0.0 1 / s
1469 0.0 1 / s
1470 0.0 1 / s
1471 0.0 1 / s
1472 0.0 1 / s
1473 0.0 1 / s
1474 0.0 1 / s
1475 0.0 1 / s
1476 0.0 1 / s
1477 0.0 1 / s
1478 0.0 1 / s
1479 0.0 1 / s
1480 0.0 1 / s
RadiusEqualZero
1483 0.0 1 / s
1486 0.0 1 / s
1489 0.0 1 / s
1490 0.0 1 / s
1491 0.0 1 / s
1493 0.0 1 / s
1494 0.0 1 / s
1495 0.0 1 / s
1497 0.0 1 / s
1498 0.0 1 / s
1499 0.0 1 / s
1500 0.0 1 / s
1501 0.0 1 / s
1502 0.0 1 / s
1503 0.0 1 / s
1505 0.0 1 / s
1506 0.0 1 / s
1509 0.0 1 / s
1510 0.0 1 / s
1512 0.0 1 / s
1513 0.0 1 / s
1514 0.0 1 / s
1515 0.0 1 / s
1516 0.0 1 / s
1517 0.0 1 / s
1518 0.0 1 / s
1520 0.0 1 / s
1523 0.0 1 / s
1524 0.0 1 / s
1526 0.0 1 / s
1527 0.0 1 / s
1529 0.0 1 / s
1531 0.0 1 / s
1532 0.0 1 / s
1533 0.0 1 / s
1534 0.0 1 / s
1535 0.0 1 / s
1536 0.0 1 / s
1540 0.0 1 / s
1541 0.0 1 / s
1542 0.0 1 / s
1543 0.0 1 / s
1544 0.0 1 / s
1545 0.0 1 / s
1546 0.0 1 / s
1547 0.0 1 / s
1548 0.0 1 / s
1550 0.0 1 / s
1551 0.0 1 / s
1553 0.0 1 / s
1554 0.0 1 / s
RadiusEqualZero
1559 0.0 1 / s
1561 0.0 1 / s
1562 0.0 1 / s
1563 0.0 1 / s
1564 0.0 1 / s
1565 0.0 1 / s
1566 0.0 1 / s
1567 0.0 1 / s
1568 0.0 1 / s
1569 0.0 1 / s
1571 0.0 1 / s
1572 0.0 1 / s
RadiusEqualZero
1574 0.0 1 / s
1575 0.0 1 / s
1576 0.0 1 / s
1578 0.0 1 / s
1580 0.0 1 / s
1581 0.0 1 / s
1584 0.0 1 / s
1585 0.0 1 / s
1587 0.0 1 / s
RadiusEqualZero
1590 0.0 1 / s
1591 0.0 1 / s
1593 0.0 1 / s
1594 0.0 1 / s
1595 0.0 1 / s
1596 0.0 1 / s
1597 0.0 1 / s
1599 0.0 1 / s
RadiusEqualZero
1601 0.0 1 / s
1603 0.0 1 / s
1604 0.0 1 / s
1605 0.0 1 / s
1606 0.0 1 / s
1607 0.0 1 / s
1609 0.0 1 / s
1612 0.0 1 / s
1613 0.0 1 / s
RadiusEqualZero
1616 0.0 1 / s
1617 0.0 1 / s
1618 0.0 1 / s
1619 0.0 1 / s
1620 0.0 1 / s
1621 0.0 1 / s
1622 0.0 1 / s
1623 0.0 1 / s
1624 0.0 1 / s
1625 0.0 1 / s
1627 0.0 1 / s
1629 0.0 1 / s
1630 1.1039848795357312e+23 g / s
1631 0.0 1 / s
1632 0.0 1 / s
1633 0.0 1 / s
RadiusEqualZero
1637 0.0 1 / s
1638 0.0 1 / s
1639 0.0 1 / s
1641 0.0 1 / s
1642 0.0 1 / s
1643 0.0 1 / s
RadiusEqualZero
1645 0.0 1 / s
RadiusEqualZero
1647 0.0 1 / s
1648 0.0 1 / s
1650 0.0 1 / s
1651 0.0 1 / s
1652 0.0 1 / s
1653 0.0 1 / s
1655 0.0 1 / s
1656 0.0 1 / s
1657 0.0 1 / s
RadiusEqualZero
1659 0.0 1 / s
1662 0.0 1 / s
1663 0.0 1 / s
1665 0.0 1 / s
1666 0.0 1 / s
1667 0.0 1 / s
RadiusEqualZero
1669 0.0 1 / s
1670 0.0 1 / s
1672 0.0 1 / s
1673 0.0 1 / s
1674 0.0 1 / s
1675 0.0 1 / s
1676 0.0 1 / s
1678 0.0 1 / s
1679 0.0 1 / s
1681 0.0 1 / s
1682 0.0 1 / s
1683 0.0 1 / s
1684 0.0 1 / s
1685 0.0 1 / s
1686 0.0 1 / s
1688 0.0 1 / s
RadiusEqualZero
1692 0.0 1 / s
1694 0.0 1 / s
1695 0.0 1 / s
1697 0.0 1 / s
1698 0.0 1 / s
1699 0.0 1 / s
1700 0.0 1 / s
1703 0.0 1 / s
1705 0.0 1 / s
RadiusEqualZero
1707 0.0 1 / s
1709 0.0 1 / s
1710 0.0 1 / s
1711 0.0 1 / s
RadiusEqualZero
1713 0.0 1 / s
1716 0.0 1 / s
1718 0.0 1 / s
1719 0.0 1 / s
1720 0.0 1 / s
1721 0.0 1 / s
1723 0.0 1 / s
1725 0.0 1 / s
1726 0.0 1 / s
RadiusEqualZero
1728 0.0 1 / s
1729 0.0 1 / s
1730 0.0 1 / s
1731 0.0 1 / s
1732 0.0 1 / s
1733 0.0 1 / s
1734 0.0 1 / s
1735 0.0 1 / s
1736 0.0 1 / s
1737 0.0 1 / s
RadiusEqualZero
1739 0.0 1 / s
1740 0.0 1 / s
RadiusEqualZero
1744 0.0 1 / s
1745 0.0 1 / s
1746 0.0 1 / s
1747 0.0 1 / s
1748 0.0 1 / s
1749 0.0 1 / s
1750 0.0 1 / s
1751 0.0 1 / s
1752 0.0 1 / s
1753 0.0 1 / s
1754 0.0 1 / s
1755 0.0 1 / s
1756 0.0 1 / s
1757 0.0 1 / s
RadiusEqualZero
1759 0.0 1 / s
1762 0.0 1 / s
1763 0.0 1 / s
RadiusEqualZero
1765 0.0 1 / s
1766 0.0 1 / s
1767 0.0 1 / s
1768 0.0 1 / s
RadiusEqualZero
1772 0.0 1 / s
1774 0.0 1 / s
1775 0.0 1 / s
1776 0.0 1 / s
1778 0.0 1 / s
RadiusEqualZero
1783 0.0 1 / s
1784 0.0 1 / s
1785 0.0 1 / s
1786 0.0 1 / s
1787 0.0 1 / s
1790 0.0 1 / s
1792 0.0 1 / s
1793 0.0 1 / s
1794 0.0 1 / s
1795 0.0 1 / s
1796 0.0 1 / s
RadiusEqualZero
1798 0.0 1 / s
1799 0.0 1 / s
1800 0.0 1 / s
1803 0.0 1 / s
IsSatellite
1805 0.0 1 / s
1806 0.0 1 / s
RadiusEqualZero
1811 0.0 1 / s
RadiusEqualZero
1816 0.0 1 / s
1818 0.0 1 / s
1819 0.0 1 / s
1820 0.0 1 / s
1821 0.0 1 / s
1822 0.0 1 / s
RadiusEqualZero
RadiusEqualZero
1826 0.0 1 / s
1827 0.0 1 / s
1828 0.0 1 / s
1829 0.0 1 / s
1830 0.0 1 / s
1832 0.0 1 / s
1833 0.0 1 / s
1834 0.0 1 / s
RadiusEqualZero
1837 0.0 1 / s
1838 0.0 1 / s
1840 0.0 1 / s
RadiusEqualZero
RadiusEqualZero
1848 0.0 1 / s
1849 0.0 1 / s
1850 0.0 1 / s
1851 0.0 1 / s
1852 0.0 1 / s
RadiusEqualZero
1855 0.0 1 / s
1856 0.0 1 / s
1857 0.0 1 / s
1858 0.0 1 / s
1860 0.0 1 / s
1861 0.0 1 / s
1863 0.0 1 / s
RadiusEqualZero
1865 0.0 1 / s
1867 0.0 1 / s
1868 0.0 1 / s
1869 0.0 1 / s
1870 0.0 1 / s
1871 0.0 1 / s
1872 0.0 1 / s
1873 0.0 1 / s
1875 0.0 1 / s
1876 0.0 1 / s
1879 0.0 1 / s
RadiusEqualZero
1881 0.0 1 / s
RadiusEqualZero
RadiusEqualZero
RadiusEqualZero
1887 0.0 1 / s
1889 0.0 1 / s
1890 0.0 1 / s
1891 0.0 1 / s
1892 0.0 1 / s
1893 0.0 1 / s
1895 0.0 1 / s
1896 0.0 1 / s
RadiusEqualZero
1899 0.0 1 / s
RadiusEqualZero
1902 0.0 1 / s
RadiusEqualZero
1904 0.0 1 / s
1905 0.0 1 / s
1906 0.0 1 / s
1907 0.0 1 / s
1908 0.0 1 / s
1909 0.0 1 / s
1911 0.0 1 / s
1912 0.0 1 / s
1913 0.0 1 / s
1914 7.196010601252308e+21 g / s
1916 0.0 1 / s
1917 0.0 1 / s
1918 0.0 1 / s
1919 0.0 1 / s
1920 0.0 1 / s
1921 0.0 1 / s
RadiusEqualZero
1923 0.0 1 / s
RadiusEqualZero
1928 0.0 1 / s
1929 0.0 1 / s
1930 0.0 1 / s
1931 0.0 1 / s
1932 0.0 1 / s
1933 0.0 1 / s
1934 0.0 1 / s
1935 0.0 1 / s
1936 0.0 1 / s
1937 6.450081882263347e+22 g / s
RadiusEqualZero
1939 0.0 1 / s
1940 0.0 1 / s
1942 0.0 1 / s
RadiusEqualZero
1944 0.0 1 / s
1945 0.0 1 / s
1947 0.0 1 / s
RadiusEqualZero
1949 0.0 1 / s
1950 0.0 1 / s
1951 0.0 1 / s
1952 0.0 1 / s
1953 0.0 1 / s
RadiusEqualZero
1955 0.0 1 / s
1957 0.0 1 / s
1959 0.0 1 / s
1963 0.0 1 / s
1964 0.0 1 / s
1965 0.0 1 / s
1966 0.0 1 / s
1967 0.0 1 / s
RadiusEqualZero
RadiusEqualZero
RadiusEqualZero
1971 0.0 1 / s
1972 0.0 1 / s
RadiusEqualZero
RadiusEqualZero
RadiusEqualZero
1976 0.0 1 / s
RadiusEqualZero
1978 0.0 1 / s
RadiusEqualZero
1980 0.0 1 / s
RadiusEqualZero
1983 0.0 1 / s
RadiusEqualZero
RadiusEqualZero
1987 0.0 1 / s
1988 0.0 1 / s
RadiusEqualZero
1991 0.0 1 / s
1992 0.0 1 / s
RadiusEqualZero
1994 0.0 1 / s
1995 0.0 1 / s
1996 0.0 1 / s
RadiusEqualZero
1999 0.0 1 / s
RadiusEqualZero
2001 0.0 1 / s
2002 0.0 1 / s
RadiusEqualZero
2005 0.0 1 / s
2006 0.0 1 / s
2007 0.0 1 / s
RadiusEqualZero
2009 0.0 1 / s
RadiusEqualZero
RadiusEqualZero
2012 0.0 1 / s
2013 0.0 1 / s
2014 0.0 1 / s
RadiusEqualZero
RadiusEqualZero
2018 0.0 1 / s
2020 0.0 1 / s
RadiusEqualZero
2023 0.0 1 / s
2024 0.0 1 / s
2025 0.0 1 / s
RadiusEqualZero
RadiusEqualZero
2029 0.0 1 / s
2031 0.0 1 / s
2033 0.0 1 / s
RadiusEqualZero
2035 0.0 1 / s
2038 0.0 1 / s
RadiusEqualZero
2041 0.0 1 / s
RadiusEqualZero
2043 0.0 1 / s
2044 0.0 1 / s
2045 0.0 1 / s
2047 0.0 1 / s
2048 0.0 1 / s
RadiusEqualZero
RadiusEqualZero
2053 0.0 1 / s
RadiusEqualZero
RadiusEqualZero
2056 0.0 1 / s
2057 0.0 1 / s
2058 0.0 1 / s
RadiusEqualZero
2061 0.0 1 / s
2062 0.0 1 / s
2063 0.0 1 / s
2064 0.0 1 / s
2066 0.0 1 / s
RadiusEqualZero
2068 0.0 1 / s
RadiusEqualZero
2072 0.0 1 / s
2073 0.0 1 / s
2074 0.0 1 / s
2075 0.0 1 / s
2076 0.0 1 / s
2077 0.0 1 / s
2078 0.0 1 / s
RadiusEqualZero
RadiusEqualZero
RadiusEqualZero
RadiusEqualZero
2086 0.0 1 / s
RadiusEqualZero
2088 0.0 1 / s
2092 0.0 1 / s
2093 0.0 1 / s
2094 0.0 1 / s
2095 0.0 1 / s
2096 0.0 1 / s
RadiusEqualZero
RadiusEqualZero
2099 0.0 1 / s
2100 0.0 1 / s
2101 0.0 1 / s
RadiusEqualZero
RadiusEqualZero
2104 0.0 1 / s
RadiusEqualZero
2106 0.0 1 / s
2107 0.0 1 / s
RadiusEqualZero
2109 0.0 1 / s
2110 0.0 1 / s
2111 0.0 1 / s
2113 0.0 1 / s
RadiusEqualZero
2115 0.0 1 / s
2116 0.0 1 / s
RadiusEqualZero
RadiusEqualZero
2120 0.0 1 / s
RadiusEqualZero
2123 0.0 1 / s
2124 0.0 1 / s
2126 0.0 1 / s
2127 0.0 1 / s
2128 0.0 1 / s
2129 0.0 1 / s
2131 0.0 1 / s
2133 0.0 1 / s
2134 0.0 1 / s
2135 0.0 1 / s
2136 0.0 1 / s
2137 0.0 1 / s
2138 0.0 1 / s
RadiusEqualZero
RadiusEqualZero
2141 0.0 1 / s
RadiusEqualZero
RadiusEqualZero
2147 0.0 1 / s
2148 0.0 1 / s
2149 0.0 1 / s
2151 0.0 1 / s
2152 0.0 1 / s
2154 0.0 1 / s
2155 0.0 1 / s
2157 0.0 1 / s
2159 0.0 1 / s
2162 0.0 1 / s
RadiusEqualZero
2165 0.0 1 / s
RadiusEqualZero
2168 0.0 1 / s
RadiusEqualZero
RadiusEqualZero
RadiusEqualZero
RadiusEqualZero
RadiusEqualZero
2176 0.0 1 / s
RadiusEqualZero
RadiusEqualZero
2181 0.0 1 / s
2182 0.0 1 / s
2183 0.0 1 / s
RadiusEqualZero
RadiusEqualZero
RadiusEqualZero
2188 0.0 1 / s
2189 0.0 1 / s
RadiusEqualZero
2192 0.0 1 / s
RadiusEqualZero
RadiusEqualZero
RadiusEqualZero
RadiusEqualZero
2200 0.0 1 / s
2201 0.0 1 / s
RadiusEqualZero
RadiusEqualZero
2206 0.0 1 / s
2207 0.0 1 / s
RadiusEqualZero
RadiusEqualZero
RadiusEqualZero
2212 0.0 1 / s
2213 0.0 1 / s
2214 0.0 1 / s
RadiusEqualZero
RadiusEqualZero
RadiusEqualZero
RadiusEqualZero
RadiusEqualZero
2222 0.0 1 / s
RadiusEqualZero
2224 0.0 1 / s
2225 0.0 1 / s
2226 0.0 1 / s
RadiusEqualZero
2228 0.0 1 / s
RadiusEqualZero
RadiusEqualZero
2231 0.0 1 / s
2232 0.0 1 / s
RadiusEqualZero
RadiusEqualZero
RadiusEqualZero
RadiusEqualZero
2238 0.0 1 / s
RadiusEqualZero
2240 0.0 1 / s
RadiusEqualZero
2242 0.0 1 / s
RadiusEqualZero
RadiusEqualZero
RadiusEqualZero
RadiusEqualZero
2248 0.0 1 / s
RadiusEqualZero
RadiusEqualZero
2251 0.0 1 / s
RadiusEqualZero
2253 1.6035295102174215e+23 g / s
RadiusEqualZero
2257 0.0 1 / s
2258 0.0 1 / s
2259 0.0 1 / s
2260 0.0 1 / s
2261 0.0 1 / s
2262 0.0 1 / s
RadiusEqualZero
RadiusEqualZero
RadiusEqualZero
RadiusEqualZero
RadiusEqualZero
2268 0.0 1 / s
RadiusEqualZero
2270 0.0 1 / s
2271 0.0 1 / s
RadiusEqualZero
RadiusEqualZero
2274 0.0 1 / s
RadiusEqualZero
2277 0.0 1 / s
RadiusEqualZero
RadiusEqualZero
2280 0.0 1 / s
2281 0.0 1 / s
2282 0.0 1 / s
2283 0.0 1 / s
2284 0.0 1 / s
2286 0.0 1 / s
2287 0.0 1 / s
RadiusEqualZero
RadiusEqualZero
2290 0.0 1 / s
2291 0.0 1 / s
2292 0.0 1 / s
RadiusEqualZero
2294 0.0 1 / s
RadiusEqualZero
RadiusEqualZero
RadiusEqualZero
RadiusEqualZero
2300 0.0 1 / s
2302 0.0 1 / s
2303 0.0 1 / s
RadiusEqualZero
RadiusEqualZero
2307 0.0 1 / s
2309 0.0 1 / s
2310 0.0 1 / s
2312 0.0 1 / s
RadiusEqualZero
2315 0.0 1 / s
2316 0.0 1 / s
RadiusEqualZero
RadiusEqualZero
2319 0.0 1 / s
2320 0.0 1 / s
2321 0.0 1 / s
RadiusEqualZero
2323 0.0 1 / s
2324 0.0 1 / s
2327 0.0 1 / s
RadiusEqualZero
2331 0.0 1 / s
RadiusEqualZero
2333 0.0 1 / s
2334 0.0 1 / s
RadiusEqualZero
RadiusEqualZero
2338 0.0 1 / s
RadiusEqualZero
2340 0.0 1 / s
RadiusEqualZero
2342 0.0 1 / s
RadiusEqualZero
RadiusEqualZero
RadiusEqualZero
RadiusEqualZero
RadiusEqualZero
RadiusEqualZero
2351 0.0 1 / s
RadiusEqualZero
2353 0.0 1 / s
2357 0.0 1 / s
2358 0.0 1 / s
2359 0.0 1 / s
RadiusEqualZero
2361 0.0 1 / s
RadiusEqualZero
IsSatellite
RadiusEqualZero
2366 0.0 1 / s
RadiusEqualZero
2368 0.0 1 / s
2369 0.0 1 / s
RadiusEqualZero
RadiusEqualZero
2372 0.0 1 / s
RadiusEqualZero
RadiusEqualZero
RadiusEqualZero
RadiusEqualZero
RadiusEqualZero
2378 0.0 1 / s
RadiusEqualZero
2380 0.0 1 / s
2382 0.0 1 / s
RadiusEqualZero
2385 0.0 1 / s
RadiusEqualZero
RadiusEqualZero
2388 0.0 1 / s
2389 0.0 1 / s
RadiusEqualZero
RadiusEqualZero
RadiusEqualZero
RadiusEqualZero
2398 0.0 1 / s
RadiusEqualZero
2401 0.0 1 / s
2402 0.0 1 / s
RadiusEqualZero
RadiusEqualZero
RadiusEqualZero
RadiusEqualZero
2409 0.0 1 / s
RadiusEqualZero
RadiusEqualZero
RadiusEqualZero
RadiusEqualZero
RadiusEqualZero
2418 0.0 1 / s
RadiusEqualZero
RadiusEqualZero
RadiusEqualZero
2423 0.0 1 / s
RadiusEqualZero
RadiusEqualZero
RadiusEqualZero
2427 0.0 1 / s
RadiusEqualZero
RadiusEqualZero
RadiusEqualZero
2433 0.0 1 / s
2434 0.0 1 / s
RadiusEqualZero
2436 0.0 1 / s
2437 0.0 1 / s
RadiusEqualZero
RadiusEqualZero
2441 0.0 1 / s
2443 0.0 1 / s
RadiusEqualZero
RadiusEqualZero
RadiusEqualZero
2448 0.0 1 / s
2449 0.0 1 / s
2450 0.0 1 / s
2453 0.0 1 / s
RadiusEqualZero
2455 0.0 1 / s
2456 0.0 1 / s
2458 0.0 1 / s
RadiusEqualZero
RadiusEqualZero
RadiusEqualZero
RadiusEqualZero
2463 0.0 1 / s
RadiusEqualZero
2465 0.0 1 / s
RadiusEqualZero
RadiusEqualZero
RadiusEqualZero
RadiusEqualZero
RadiusEqualZero
2471 0.0 1 / s
RadiusEqualZero
RadiusEqualZero
2474 0.0 1 / s
RadiusEqualZero
RadiusEqualZero
RadiusEqualZero
RadiusEqualZero
RadiusEqualZero
RadiusEqualZero
2482 0.0 1 / s
RadiusEqualZero
2484 0.0 1 / s
RadiusEqualZero
2486 0.0 1 / s
2487 0.0 1 / s
RadiusEqualZero
RadiusEqualZero
RadiusEqualZero
2493 0.0 1 / s
RadiusEqualZero
2496 0.0 1 / s
RadiusEqualZero
RadiusEqualZero
RadiusEqualZero
RadiusEqualZero
RadiusEqualZero
2505 0.0 1 / s
RadiusEqualZero
RadiusEqualZero
RadiusEqualZero
2509 0.0 1 / s
RadiusEqualZero
2511 0.0 1 / s
2512 0.0 1 / s
2513 0.0 1 / s
RadiusEqualZero
RadiusEqualZero
RadiusEqualZero
2520 0.0 1 / s
RadiusEqualZero
2523 0.0 1 / s
RadiusEqualZero
RadiusEqualZero
2529 0.0 1 / s
2530 0.0 1 / s
2531 0.0 1 / s
RadiusEqualZero
2534 0.0 1 / s
RadiusEqualZero
2536 0.0 1 / s
RadiusEqualZero
RadiusEqualZero
2539 0.0 1 / s
2540 0.0 1 / s
RadiusEqualZero
2542 0.0 1 / s
RadiusEqualZero
RadiusEqualZero
RadiusEqualZero
RadiusEqualZero
2548 0.0 1 / s
RadiusEqualZero
RadiusEqualZero
2551 0.0 1 / s
2552 0.0 1 / s
2554 0.0 1 / s
RadiusEqualZero
2556 0.0 1 / s
RadiusEqualZero
RadiusEqualZero
RadiusEqualZero
RadiusEqualZero
RadiusEqualZero
RadiusEqualZero
RadiusEqualZero
RadiusEqualZero
RadiusEqualZero
RadiusEqualZero
RadiusEqualZero
2570 0.0 1 / s
RadiusEqualZero
2573 0.0 1 / s
RadiusEqualZero
RadiusEqualZero
2576 0.0 1 / s
RadiusEqualZero
RadiusEqualZero
2579 0.0 1 / s
RadiusEqualZero
RadiusEqualZero
2582 0.0 1 / s
RadiusEqualZero
RadiusEqualZero
RadiusEqualZero
RadiusEqualZero
2587 0.0 1 / s
RadiusEqualZero
RadiusEqualZero
RadiusEqualZero
RadiusEqualZero
RadiusEqualZero
RadiusEqualZero
RadiusEqualZero
RadiusEqualZero
2599 0.0 1 / s
2600 0.0 1 / s
2601 0.0 1 / s
RadiusEqualZero
RadiusEqualZero
RadiusEqualZero
IsSatellite
RadiusEqualZero
RadiusEqualZero
RadiusEqualZero
RadiusEqualZero
RadiusEqualZero
RadiusEqualZero
2614 0.0 1 / s
RadiusEqualZero
RadiusEqualZero
RadiusEqualZero
2618 0.0 1 / s
2619 0.0 1 / s
RadiusEqualZero
RadiusEqualZero
RadiusEqualZero
RadiusEqualZero
RadiusEqualZero
RadiusEqualZero
RadiusEqualZero
RadiusEqualZero
2631 0.0 1 / s
RadiusEqualZero
RadiusEqualZero
RadiusEqualZero
RadiusEqualZero
RadiusEqualZero
RadiusEqualZero
RadiusEqualZero
RadiusEqualZero
RadiusEqualZero
RadiusEqualZero
2644 0.0 1 / s
RadiusEqualZero
RadiusEqualZero
RadiusEqualZero
RadiusEqualZero
RadiusEqualZero
RadiusEqualZero
RadiusEqualZero
RadiusEqualZero
RadiusEqualZero
RadiusEqualZero
RadiusEqualZero
RadiusEqualZero
RadiusEqualZero
RadiusEqualZero
2660 0.0 1 / s
RadiusEqualZero
RadiusEqualZero
RadiusEqualZero
RadiusEqualZero
2666 0.0 1 / s
RadiusEqualZero
RadiusEqualZero
2670 0.0 1 / s
2672 0.0 1 / s
RadiusEqualZero
RadiusEqualZero
2675 0.0 1 / s
RadiusEqualZero
RadiusEqualZero
RadiusEqualZero
RadiusEqualZero
RadiusEqualZero
2682 0.0 1 / s
RadiusEqualZero
RadiusEqualZero
RadiusEqualZero
RadiusEqualZero
RadiusEqualZero
2688 0.0 1 / s
RadiusEqualZero
2690 0.0 1 / s
RadiusEqualZero
2693 0.0 1 / s
2694 0.0 1 / s
RadiusEqualZero
RadiusEqualZero
RadiusEqualZero
2699 0.0 1 / s
RadiusEqualZero
RadiusEqualZero
RadiusEqualZero
RadiusEqualZero
RadiusEqualZero
RadiusEqualZero
RadiusEqualZero
RadiusEqualZero
RadiusEqualZero
2711 0.0 1 / s
RadiusEqualZero
RadiusEqualZero
2714 0.0 1 / s
RadiusEqualZero
RadiusEqualZero
RadiusEqualZero
RadiusEqualZero
2719 0.0 1 / s
RadiusEqualZero
RadiusEqualZero
2724 0.0 1 / s
RadiusEqualZero
2726 0.0 1 / s
RadiusEqualZero
RadiusEqualZero
2730 0.0 1 / s
2731 0.0 1 / s
RadiusEqualZero
RadiusEqualZero
RadiusEqualZero
RadiusEqualZero
2737 0.0 1 / s
RadiusEqualZero
RadiusEqualZero
RadiusEqualZero
RadiusEqualZero
RadiusEqualZero
RadiusEqualZero
RadiusEqualZero
2747 0.0 1 / s
RadiusEqualZero
RadiusEqualZero
RadiusEqualZero
RadiusEqualZero
RadiusEqualZero
RadiusEqualZero
RadiusEqualZero
RadiusEqualZero
RadiusEqualZero
RadiusEqualZero
2763 0.0 1 / s
2764 0.0 1 / s
RadiusEqualZero
RadiusEqualZero
RadiusEqualZero
RadiusEqualZero
RadiusEqualZero
RadiusEqualZero
RadiusEqualZero
2773 0.0 1 / s
RadiusEqualZero
RadiusEqualZero
RadiusEqualZero
RadiusEqualZero
RadiusEqualZero
2780 0.0 1 / s
RadiusEqualZero
RadiusEqualZero
RadiusEqualZero
RadiusEqualZero
2790 0.0 1 / s
RadiusEqualZero
RadiusEqualZero
2793 0.0 1 / s
RadiusEqualZero
IsSatellite
RadiusEqualZero
RadiusEqualZero
2799 0.0 1 / s
RadiusEqualZero
2802 0.0 1 / s
RadiusEqualZero
RadiusEqualZero
RadiusEqualZero
RadiusEqualZero
RadiusEqualZero
RadiusEqualZero
RadiusEqualZero
RadiusEqualZero
RadiusEqualZero
RadiusEqualZero
RadiusEqualZero
RadiusEqualZero
RadiusEqualZero
2816 0.0 1 / s
RadiusEqualZero
RadiusEqualZero
RadiusEqualZero
2821 0.0 1 / s
RadiusEqualZero
IsSatellite
RadiusEqualZero
RadiusEqualZero
2827 0.0 1 / s
RadiusEqualZero
RadiusEqualZero
RadiusEqualZero
RadiusEqualZero
RadiusEqualZero
RadiusEqualZero
RadiusEqualZero
RadiusEqualZero
RadiusEqualZero
RadiusEqualZero
RadiusEqualZero
RadiusEqualZero
RadiusEqualZero
RadiusEqualZero
RadiusEqualZero
RadiusEqualZero
RadiusEqualZero
RadiusEqualZero
RadiusEqualZero
RadiusEqualZero
RadiusEqualZero
2855 0.0 1 / s
2856 0.0 1 / s
RadiusEqualZero
RadiusEqualZero
RadiusEqualZero
2861 0.0 1 / s
2862 0.0 1 / s
RadiusEqualZero
RadiusEqualZero
RadiusEqualZero
RadiusEqualZero
RadiusEqualZero
RadiusEqualZero
2870 0.0 1 / s
2871 0.0 1 / s
RadiusEqualZero
2873 0.0 1 / s
RadiusEqualZero
RadiusEqualZero
RadiusEqualZero
2878 0.0 1 / s
2879 0.0 1 / s
RadiusEqualZero
RadiusEqualZero
RadiusEqualZero
2884 0.0 1 / s
RadiusEqualZero
RadiusEqualZero
RadiusEqualZero
RadiusEqualZero
2889 0.0 1 / s
RadiusEqualZero
RadiusEqualZero
2893 0.0 1 / s
RadiusEqualZero
2895 0.0 1 / s
RadiusEqualZero
2897 0.0 1 / s
RadiusEqualZero
RadiusEqualZero
RadiusEqualZero
RadiusEqualZero
2902 0.0 1 / s
2904 0.0 1 / s
RadiusEqualZero
RadiusEqualZero
RadiusEqualZero
RadiusEqualZero
RadiusEqualZero
RadiusEqualZero
RadiusEqualZero
RadiusEqualZero
RadiusEqualZero
RadiusEqualZero
RadiusEqualZero
2918 0.0 1 / s
2921 0.0 1 / s
RadiusEqualZero
2923 0.0 1 / s
RadiusEqualZero
RadiusEqualZero
RadiusEqualZero
RadiusEqualZero
RadiusEqualZero
RadiusEqualZero
RadiusEqualZero
2934 0.0 1 / s
2936 0.0 1 / s
2937 0.0 1 / s
RadiusEqualZero
2941 0.0 1 / s
RadiusEqualZero
RadiusEqualZero
RadiusEqualZero
2946 0.0 1 / s
RadiusEqualZero
RadiusEqualZero
RadiusEqualZero
RadiusEqualZero
RadiusEqualZero
RadiusEqualZero
RadiusEqualZero
RadiusEqualZero
RadiusEqualZero
RadiusEqualZero
RadiusEqualZero
RadiusEqualZero
2960 0.0 1 / s
2961 0.0 1 / s
RadiusEqualZero
RadiusEqualZero
RadiusEqualZero
RadiusEqualZero
RadiusEqualZero
RadiusEqualZero
RadiusEqualZero
RadiusEqualZero
RadiusEqualZero
RadiusEqualZero
2975 0.0 1 / s
RadiusEqualZero
RadiusEqualZero
RadiusEqualZero
RadiusEqualZero
RadiusEqualZero
RadiusEqualZero
RadiusEqualZero
RadiusEqualZero
RadiusEqualZero
2988 0.0 1 / s
RadiusEqualZero
RadiusEqualZero
RadiusEqualZero
RadiusEqualZero
RadiusEqualZero
RadiusEqualZero
2995 0.0 1 / s
RadiusEqualZero
RadiusEqualZero
RadiusEqualZero
RadiusEqualZero
123AllDone123
