yt : [INFO     ] 2017-08-01 15:40:06,828 Parameters: current_time              = 2.442094332e+16
yt : [INFO     ] 2017-08-01 15:40:06,828 Parameters: domain_dimensions         = [2 2 2]
yt : [INFO     ] 2017-08-01 15:40:06,829 Parameters: domain_left_edge          = [ 0.  0.  0.]
yt : [INFO     ] 2017-08-01 15:40:06,829 Parameters: domain_right_edge         = [  1.66901647e+25   1.66901647e+25   1.66901647e+25]
yt : [INFO     ] 2017-08-01 15:40:06,829 Parameters: cosmological_simulation   = 1
yt : [INFO     ] 2017-08-01 15:40:06,829 Parameters: current_redshift          = 6.99999981444
yt : [INFO     ] 2017-08-01 15:40:06,829 Parameters: omega_lambda              = 0.712
yt : [INFO     ] 2017-08-01 15:40:06,830 Parameters: omega_matter              = 0.288
yt : [INFO     ] 2017-08-01 15:40:06,830 Parameters: hubble_constant           = 0.6933
yt : [INFO     ] 2017-08-01 15:40:06,966 Parameters: current_time              = 102.74801136229
yt : [INFO     ] 2017-08-01 15:40:06,966 Parameters: domain_dimensions         = [128 128 128]
yt : [INFO     ] 2017-08-01 15:40:06,966 Parameters: domain_left_edge          = [ 0.  0.  0.]
yt : [INFO     ] 2017-08-01 15:40:06,967 Parameters: domain_right_edge         = [ 1.  1.  1.]
yt : [INFO     ] 2017-08-01 15:40:06,967 Parameters: cosmological_simulation   = 1
yt : [INFO     ] 2017-08-01 15:40:06,967 Parameters: current_redshift          = 6.9999998144358
yt : [INFO     ] 2017-08-01 15:40:06,967 Parameters: omega_lambda              = 0.712
yt : [INFO     ] 2017-08-01 15:40:06,967 Parameters: omega_matter              = 0.288
yt : [INFO     ] 2017-08-01 15:40:06,968 Parameters: hubble_constant           = 0.6933
yt : [INFO     ] 2017-08-01 15:40:06,971 Allocating for 6.175e+03 particles (index particle type 'all')
yt : [INFO     ] 2017-08-01 15:40:06,976 Identified 2.169e+03 octs
TimeNow:  0.7736676705124972 Gyr
Parsing Hierarchy :   0%|          | 0/27204 [00:00<?, ?it/s]Parsing Hierarchy :   0%|          | 2/27204 [00:00<1:10:19,  6.45it/s]Parsing Hierarchy :   5%|▍         | 1315/27204 [00:00<00:07, 3323.48it/s]Parsing Hierarchy :  13%|█▎        | 3512/27204 [00:00<00:02, 8915.96it/s]Parsing Hierarchy :  21%|██        | 5652/27204 [00:00<00:01, 12658.93it/s]Parsing Hierarchy :  29%|██▊       | 7762/27204 [00:00<00:01, 15190.20it/s]Parsing Hierarchy :  36%|███▋      | 9864/27204 [00:00<00:01, 16938.91it/s]Parsing Hierarchy :  42%|████▏     | 11558/27204 [00:00<00:01, 15259.46it/s]Parsing Hierarchy :  50%|█████     | 13733/27204 [00:01<00:00, 17204.98it/s]Parsing Hierarchy :  58%|█████▊    | 15895/27204 [00:01<00:00, 18526.46it/s]Parsing Hierarchy :  66%|██████▋   | 18067/27204 [00:01<00:00, 19483.92it/s]Parsing Hierarchy :  74%|███████▍  | 20236/27204 [00:01<00:00, 20144.68it/s]Parsing Hierarchy :  82%|████████▏ | 22251/27204 [00:01<00:00, 17442.16it/s]Parsing Hierarchy :  90%|████████▉ | 24403/27204 [00:01<00:00, 18664.93it/s]Parsing Hierarchy :  98%|█████████▊| 26574/27204 [00:01<00:00, 19574.90it/s]Parsing Hierarchy : 100%|██████████| 27204/27204 [00:01<00:00, 15202.83it/s]
yt : [INFO     ] 2017-08-01 15:40:13,784 Gathering a field list (this may take a moment.)
2 5.409627718652216e+25 1 / s
4 8.08990167090576e+25 1 / s
5 5.240072278160844e+25 1 / s
6 7.460136483850571e+25 1 / s
7 5.096501069731868e+25 1 / s
9 2.929320181889223e+25 1 / s
11 6.037674280232366e+25 1 / s
12 1.3432183497570348e+25 1 / s
13 2.7404893934012754e+25 1 / s
15 4.789859649469902e+25 1 / s
16 3.7593496890281135e+25 1 / s
17 2.412430811732365e+25 1 / s
19 3.818465723455709e+25 1 / s
20 1.2726740362961668e+25 1 / s
21 1.6444277774080698e+25 1 / s
23 1.8139733612389814e+25 1 / s
25 2.5888942148922988e+25 1 / s
26 2.418671309886925e+25 1 / s
27 1.433288123973683e+23 1 / s
28 1.221170845453016e+25 1 / s
30 7.966034964282127e+24 1 / s
31 1.4690628082715173e+25 1 / s
34 2.459691618097232e+25 1 / s
35 1.2010963946481222e+25 1 / s
IsSatellite
40 1.9017805779546084e+25 1 / s
41 1.7363615628415602e+25 1 / s
42 9.43968287052231e+24 1 / s
43 1.9001612323951377e+25 1 / s
47 2.5261235642128756e+25 1 / s
48 8.261927372078795e+24 1 / s
50 1.2957927037152427e+25 1 / s
52 1.4019867423640182e+25 1 / s
53 7.441628204515819e+24 1 / s
55 5.00359491177458e+24 1 / s
56 9.71825479141626e+24 1 / s
57 5.308604730497951e+24 1 / s
59 4.5240819980869676e+24 1 / s
60 6.587429258075517e+24 1 / s
61 1.1771937336436706e+25 1 / s
62 5.342420208989751e+23 1 / s
66 1.9117978630735563e+24 1 / s
67 5.124300094555252e+24 1 / s
68 5.981655766201185e+24 1 / s
69 2.479733451137573e+24 1 / s
70 1.2658528381782456e+25 1 / s
IsSatellite
72 3.953109002286061e+24 1 / s
73 3.420311760302072e+24 1 / s
75 3.8702287540256254e+24 1 / s
78 7.51781759602364e+23 1 / s
79 1.0135736239112596e+25 1 / s
81 2.4062695559401978e+24 1 / s
82 3.127022289024591e+24 1 / s
85 6.564730406576352e+24 1 / s
90 5.638160227627971e+24 1 / s
91 3.104124358922688e+24 1 / s
94 5.247025244265984e+24 1 / s
98 3.690585929402419e+24 1 / s
99 8.434802172673411e+24 1 / s
100 1.0413336760179507e+25 1 / s
101 3.4874557204431436e+24 1 / s
102 3.358833434532735e+24 1 / s
103 3.551221180518203e+24 1 / s
104 1.8627985882198276e+23 1 / s
105 1.6927018095604884e+24 1 / s
107 3.61448926831867e+24 1 / s
108 3.0273565370772653e+22 1 / s
109 5.795742938288484e+24 1 / s
111 6.067153217199899e+24 1 / s
112 4.2871012935526743e+24 1 / s
113 5.715195865313558e+24 1 / s
114 1.592682644458464e+24 1 / s
115 3.4151927815072366e+24 1 / s
117 2.540878466151837e+23 1 / s
120 1.6388513717520898e+23 1 / s
121 1.706272226236383e+23 1 / s
122 4.179139735205258e+23 1 / s
123 4.20254411608481e+24 1 / s
124 4.7321424826704055e+24 1 / s
125 0.0 1 / s
126 1.4461705198107985e+24 1 / s
127 2.114615512141888e+24 1 / s
128 3.8062726453863795e+23 1 / s
131 8.036083396936761e+23 1 / s
132 6.693048562634368e+23 1 / s
133 3.4843586539718816e+24 1 / s
134 2.116652987613559e+22 1 / s
136 2.7861536801572145e+24 1 / s
137 8.87613025404105e+23 1 / s
140 1.0838831283752176e+24 1 / s
142 3.6599654355219885e+24 1 / s
144 8.70407965183106e+23 1 / s
145 3.238488149551803e+24 1 / s
146 6.309715255720401e+23 1 / s
147 8.142068435475888e+23 1 / s
148 0.0 1 / s
150 3.7313172818297287e+24 1 / s
152 2.2177187744250925e+24 1 / s
153 2.740865567660066e+24 1 / s
154 1.4117390000401679e+24 1 / s
155 1.3261287162177535e+24 1 / s
156 9.636163075992729e+23 1 / s
157 1.6417500080851166e+23 1 / s
158 3.957805830688772e+23 1 / s
159 9.968384410698828e+23 1 / s
160 2.188098861274385e+24 1 / s
161 4.567090109387939e+23 1 / s
162 4.202121317228181e+23 1 / s
163 2.1554162502711299e+24 1 / s
164 1.6568475586680093e+24 1 / s
165 3.8432545760513726e+23 1 / s
166 6.476409541127081e+22 1 / s
167 1.1951836304539005e+24 1 / s
168 1.8878961099194102e+24 1 / s
170 2.0991574152947537e+24 1 / s
171 1.171672901395686e+24 1 / s
172 2.7357225956785808e+23 1 / s
173 6.171112452628425e+23 1 / s
174 1.10636928351706e+24 1 / s
175 1.6457743787971443e+24 1 / s
176 1.7429863410612099e+24 1 / s
177 3.857363866730118e+24 1 / s
178 4.1854492948294964e+23 1 / s
179 3.8306484260929736e+23 1 / s
181 1.6352134858844657e+24 1 / s
182 5.0178637247213185e+23 1 / s
183 1.283570639282583e+22 1 / s
185 2.6527385930975e+23 1 / s
186 2.3923152482779155e+24 1 / s
187 3.471152674347253e+23 1 / s
189 7.861328697744951e+23 1 / s
190 2.045598138048666e+24 1 / s
191 1.1292561897223948e+24 1 / s
192 3.85050440920646e+23 1 / s
194 0.0 1 / s
196 2.898976128426862e+24 1 / s
197 6.595986395670733e+22 1 / s
203 1.0028633247768516e+23 1 / s
204 6.357986953400606e+23 1 / s
205 8.054759174652906e+23 1 / s
206 1.3435146980353779e+23 1 / s
207 1.838040861920358e+24 1 / s
208 2.2990984758231962e+23 1 / s
213 5.028239156785844e+23 1 / s
214 4.6924901751778065e+23 1 / s
215 1.1843367646949434e+24 1 / s
216 1.4741608416628715e+24 1 / s
217 5.795521811892609e+22 1 / s
218 3.059779762278907e+22 1 / s
219 3.1477083067032386e+24 1 / s
220 0.0 1 / s
221 2.752593696680003e+24 1 / s
223 7.060364796298724e+23 1 / s
224 1.2064228172377974e+23 1 / s
225 2.328391562863871e+24 1 / s
226 4.279249685337845e+23 1 / s
227 0.0 1 / s
228 5.6697936230637e+24 1 / s
230 6.608423944858084e+23 1 / s
232 5.721519042692384e+23 1 / s
233 6.331361000865016e+23 1 / s
234 7.662710504804738e+22 1 / s
235 2.2401465677615716e+23 1 / s
236 1.9221719982090737e+23 1 / s
237 0.0 1 / s
238 5.139833413284854e+23 1 / s
239 1.593744180851566e+23 1 / s
241 7.823296254583427e+23 1 / s
243 3.772610852982036e+23 1 / s
244 0.0 1 / s
245 1.1928439705233498e+23 1 / s
246 9.748405796995771e+23 1 / s
247 1.141668448794087e+24 1 / s
249 0.0 1 / s
250 0.0 1 / s
251 1.5552947750139478e+24 1 / s
252 7.066317700445746e+21 1 / s
253 2.4929893625290127e+23 1 / s
255 2.6780287087547803e+23 1 / s
257 9.90542499200228e+22 1 / s
258 0.0 1 / s
260 0.0 1 / s
263 1.339643364946302e+23 1 / s
264 1.1933147557532778e+24 1 / s
265 5.0225002459251543e+23 1 / s
267 1.528263532163339e+24 1 / s
269 5.9570283812670254e+23 1 / s
270 2.0237448842627595e+24 1 / s
271 0.0 1 / s
273 2.0624478397214553e+23 1 / s
274 5.2247044475726696e+23 1 / s
276 9.318953694554988e+22 1 / s
277 7.35144754286898e+22 1 / s
279 0.0 1 / s
280 2.0485642146901127e+22 1 / s
281 1.1021160048351089e+24 1 / s
282 2.158803180375693e+22 1 / s
284 3.074852022746142e+24 1 / s
285 4.463277426937321e+23 1 / s
287 2.0617747335662694e+24 1 / s
288 0.0 1 / s
290 3.105172277561205e+22 1 / s
292 6.665871415270353e+23 1 / s
296 1.780736053698977e+24 1 / s
297 4.904213835744525e+23 1 / s
302 0.0 1 / s
304 0.0 1 / s
305 1.200728001963381e+24 1 / s
308 3.160291760403995e+22 1 / s
309 2.3567534548767557e+23 1 / s
310 1.6523524027260533e+24 1 / s
311 0.0 1 / s
314 7.808401024925794e+23 1 / s
318 1.027829208182116e+23 1 / s
320 5.35149871204621e+23 1 / s
321 6.148208686345986e+23 1 / s
322 1.3636170976603955e+23 1 / s
323 1.1758671698077705e+24 1 / s
324 8.326005392044799e+23 1 / s
325 5.87333755237655e+22 1 / s
328 1.701164271338117e+24 1 / s
329 1.3431904657833617e+23 1 / s
330 9.173049181147601e+22 1 / s
331 0.0 1 / s
332 1.537941216421525e+24 1 / s
334 3.815046370125944e+22 1 / s
335 1.854452850052925e+24 1 / s
336 6.022484388304099e+22 1 / s
339 9.643127584766042e+23 1 / s
340 2.0866764189856339e+24 1 / s
343 0.0 1 / s
344 3.40670827193647e+22 1 / s
345 8.99918287832632e+23 1 / s
347 0.0 1 / s
348 0.0 1 / s
349 0.0 1 / s
350 6.139681378117953e+23 1 / s
353 0.0 1 / s
354 4.0831280807381573e+23 1 / s
355 0.0 1 / s
358 1.0509145445256846e+24 1 / s
359 0.0 1 / s
360 1.4751140844838001e+23 1 / s
363 1.4495386444447455e+23 1 / s
364 0.0 1 / s
366 0.0 1 / s
367 0.0 1 / s
368 6.19037833304324e+23 1 / s
369 2.582133777898406e+23 1 / s
370 2.981471188771903e+23 1 / s
371 2.4327016175890803e+24 1 / s
372 9.671977770550463e+22 1 / s
373 3.9361724063697327e+24 1 / s
377 0.0 1 / s
378 0.0 1 / s
379 8.546788101732858e+23 1 / s
381 0.0 1 / s
382 4.7356325186311104e+23 1 / s
385 6.344557253522086e+23 1 / s
386 0.0 1 / s
389 0.0 1 / s
390 0.0 1 / s
391 0.0 1 / s
392 0.0 1 / s
393 1.4223225892104875e+23 1 / s
394 2.1963752137393554e+23 1 / s
395 0.0 1 / s
396 0.0 1 / s
399 1.4858027249037733e+24 1 / s
401 0.0 1 / s
402 0.0 1 / s
406 0.0 1 / s
408 9.86671166111152e+22 1 / s
409 3.5427690941726396e+23 1 / s
410 1.2803283167624187e+22 1 / s
411 0.0 1 / s
412 7.196010601252311e+21 1 / s
413 7.196010601252312e+21 1 / s
415 3.282871005601321e+23 1 / s
419 0.0 1 / s
420 7.957372775437257e+22 1 / s
421 0.0 1 / s
423 0.0 1 / s
424 5.371296333354331e+23 1 / s
425 0.0 1 / s
426 2.6546839866095983e+22 1 / s
428 1.7727398378997484e+23 1 / s
430 0.0 1 / s
431 1.6832322824080967e+23 1 / s
432 5.0373954755827874e+23 1 / s
436 0.0 1 / s
437 0.0 1 / s
438 0.0 1 / s
439 6.510298296107836e+23 1 / s
440 0.0 1 / s
441 0.0 1 / s
443 0.0 1 / s
444 0.0 1 / s
446 1.2952819082254162e+23 1 / s
447 0.0 1 / s
448 2.38232889491581e+22 1 / s
449 0.0 1 / s
450 0.0 1 / s
451 0.0 1 / s
453 0.0 1 / s
454 6.367214603292994e+23 1 / s
456 4.644886395936756e+22 1 / s
458 0.0 1 / s
462 0.0 1 / s
464 3.957708561013167e+22 1 / s
465 1.8572671860004272e+22 1 / s
466 0.0 1 / s
467 0.0 1 / s
469 0.0 1 / s
470 0.0 1 / s
471 0.0 1 / s
472 0.0 1 / s
473 1.5915705278340478e+24 1 / s
474 1.535706607740628e+23 1 / s
475 2.680622566770912e+22 1 / s
477 1.766482155435831e+22 1 / s
478 0.0 1 / s
479 0.0 1 / s
480 0.0 1 / s
481 0.0 1 / s
483 4.926773915839827e+22 1 / s
484 7.94459802470781e+22 1 / s
485 0.0 1 / s
487 0.0 1 / s
489 1.4375225971850172e+23 1 / s
490 0.0 1 / s
491 2.51526411824254e+22 1 / s
492 0.0 1 / s
493 0.0 1 / s
495 0.0 1 / s
496 0.0 1 / s
499 0.0 1 / s
500 0.0 1 / s
502 8.183498832638542e+23 1 / s
503 0.0 1 / s
504 3.0368565420613466e+23 1 / s
505 4.037430787138963e+23 1 / s
507 0.0 1 / s
509 0.0 1 / s
510 0.0 1 / s
512 0.0 1 / s
513 0.0 1 / s
516 0.0 1 / s
517 0.0 1 / s
518 5.3116375989833115e+23 1 / s
519 0.0 1 / s
521 0.0 1 / s
523 0.0 1 / s
525 4.6637113204888304e+23 1 / s
526 6.168194362360277e+22 1 / s
527 0.0 1 / s
528 3.413154009106558e+23 1 / s
530 0.0 1 / s
532 0.0 1 / s
534 0.0 1 / s
536 0.0 1 / s
538 0.0 1 / s
542 0.0 1 / s
544 0.0 1 / s
546 0.0 1 / s
547 1.4988024928161198e+23 1 / s
548 0.0 1 / s
551 0.0 1 / s
553 0.0 1 / s
554 0.0 1 / s
555 2.570020460963072e+23 1 / s
556 0.0 1 / s
557 2.878404240500925e+22 1 / s
558 0.0 1 / s
560 0.0 1 / s
561 0.0 1 / s
564 0.0 1 / s
565 0.0 1 / s
567 0.0 1 / s
569 1.6673643559944133e+23 1 / s
570 3.723366458545782e+23 1 / s
571 1.4392021202504627e+22 1 / s
573 0.0 1 / s
574 0.0 1 / s
575 7.076686647865231e+23 1 / s
576 4.334771216173137e+23 1 / s
579 0.0 1 / s
582 0.0 1 / s
584 0.0 1 / s
585 1.4005075948303186e+24 1 / s
589 1.1594480485656591e+23 1 / s
590 0.0 1 / s
591 0.0 1 / s
592 0.0 1 / s
593 0.0 1 / s
594 2.3434210246738397e+22 1 / s
595 2.612533793847464e+22 1 / s
599 0.0 1 / s
600 0.0 1 / s
601 0.0 1 / s
602 0.0 1 / s
604 0.0 1 / s
605 1.3549211886613154e+23 1 / s
607 0.0 1 / s
608 0.0 1 / s
609 0.0 1 / s
610 6.223313845203065e+21 1 / s
611 0.0 1 / s
612 0.0 1 / s
613 0.0 1 / s
614 3.348994931077549e+23 1 / s
616 0.0 1 / s
617 0.0 1 / s
619 0.0 1 / s
620 0.0 1 / s
621 0.0 1 / s
622 3.232232412481398e+23 1 / s
623 0.0 1 / s
624 1.0035312432160055e+23 1 / s
625 0.0 1 / s
626 4.236353758396073e+22 1 / s
628 0.0 1 / s
629 0.0 1 / s
631 0.0 1 / s
632 7.1538604084901775e+22 1 / s
633 6.417853196412917e+21 1 / s
636 0.0 1 / s
637 0.0 1 / s
638 0.0 1 / s
640 2.8784042405009245e+22 1 / s
641 0.0 1 / s
642 1.4793874655653766e+23 1 / s
644 0.0 1 / s
645 0.0 1 / s
646 0.0 1 / s
647 3.6916111517832946e+23 1 / s
649 0.0 1 / s
654 0.0 1 / s
655 0.0 1 / s
656 0.0 1 / s
658 0.0 1 / s
659 0.0 1 / s
660 0.0 1 / s
663 4.745203854710635e+22 1 / s
665 0.0 1 / s
666 0.0 1 / s
667 0.0 1 / s
669 0.0 1 / s
670 0.0 1 / s
674 0.0 1 / s
679 0.0 1 / s
682 0.0 1 / s
684 0.0 1 / s
686 0.0 1 / s
688 7.196010601252312e+21 1 / s
689 0.0 1 / s
690 0.0 1 / s
691 0.0 1 / s
692 0.0 1 / s
695 0.0 1 / s
696 0.0 1 / s
697 0.0 1 / s
701 0.0 1 / s
702 0.0 1 / s
703 2.7162881144927174e+22 1 / s
704 0.0 1 / s
707 1.3607184613273691e+23 1 / s
708 0.0 1 / s
709 0.0 1 / s
710 0.0 1 / s
711 3.1505647928435026e+22 1 / s
712 0.0 1 / s
715 0.0 1 / s
716 0.0 1 / s
717 0.0 1 / s
718 0.0 1 / s
720 0.0 1 / s
721 1.597693329681126e+23 1 / s
722 0.0 1 / s
724 0.0 1 / s
725 4.297957886279192e+22 1 / s
726 3.3156184630549795e+23 1 / s
727 0.0 1 / s
729 0.0 1 / s
731 0.0 1 / s
733 0.0 1 / s
734 0.0 1 / s
735 3.1349821908115945e+23 1 / s
736 0.0 1 / s
737 1.7182104577556276e+23 1 / s
739 0.0 1 / s
740 0.0 1 / s
742 0.0 1 / s
747 1.919578140192942e+23 1 / s
748 0.0 1 / s
749 0.0 1 / s
750 0.0 1 / s
751 0.0 1 / s
754 0.0 1 / s
755 0.0 1 / s
756 0.0 1 / s
758 0.0 1 / s
759 0.0 1 / s
760 0.0 1 / s
761 0.0 1 / s
762 0.0 1 / s
763 0.0 1 / s
764 0.0 1 / s
765 0.0 1 / s
766 2.27804283337725e+23 1 / s
769 6.345114932995553e+23 1 / s
770 0.0 1 / s
771 0.0 1 / s
772 0.0 1 / s
773 0.0 1 / s
774 1.520850285953236e+23 1 / s
775 0.0 1 / s
777 0.0 1 / s
778 0.0 1 / s
779 0.0 1 / s
780 0.0 1 / s
781 0.0 1 / s
782 0.0 1 / s
784 0.0 1 / s
785 0.0 1 / s
786 0.0 1 / s
787 0.0 1 / s
789 6.220071522682902e+22 1 / s
790 6.994792065650925e+22 1 / s
791 0.0 1 / s
792 6.709662223227688e+21 1 / s
793 0.0 1 / s
794 1.2800235384455236e+23 1 / s
795 0.0 1 / s
796 0.0 1 / s
797 0.0 1 / s
798 0.0 1 / s
799 0.0 1 / s
800 0.0 1 / s
801 0.0 1 / s
802 0.0 1 / s
803 0.0 1 / s
804 0.0 1 / s
805 0.0 1 / s
806 8.706154738243964e+23 1 / s
807 0.0 1 / s
808 0.0 1 / s
812 0.0 1 / s
813 0.0 1 / s
815 0.0 1 / s
816 0.0 1 / s
817 0.0 1 / s
818 0.0 1 / s
819 0.0 1 / s
820 0.0 1 / s
