yt : [INFO     ] 2017-07-23 22:14:42,171 Parameters: current_time              = 2.9824893932e+16
yt : [INFO     ] 2017-07-23 22:14:42,171 Parameters: domain_dimensions         = [2 2 2]
yt : [INFO     ] 2017-07-23 22:14:42,172 Parameters: domain_left_edge          = [ 0.  0.  0.]
yt : [INFO     ] 2017-07-23 22:14:42,173 Parameters: domain_right_edge         = [  1.90744739e+25   1.90744739e+25   1.90744739e+25]
yt : [INFO     ] 2017-07-23 22:14:42,173 Parameters: cosmological_simulation   = 1
yt : [INFO     ] 2017-07-23 22:14:42,173 Parameters: current_redshift          = 5.99999984249
yt : [INFO     ] 2017-07-23 22:14:42,173 Parameters: omega_lambda              = 0.712
yt : [INFO     ] 2017-07-23 22:14:42,173 Parameters: omega_matter              = 0.288
yt : [INFO     ] 2017-07-23 22:14:42,173 Parameters: hubble_constant           = 0.6933
yt : [INFO     ] 2017-07-23 22:14:42,279 Parameters: current_time              = 125.48444588897
yt : [INFO     ] 2017-07-23 22:14:42,279 Parameters: domain_dimensions         = [128 128 128]
yt : [INFO     ] 2017-07-23 22:14:42,280 Parameters: domain_left_edge          = [ 0.  0.  0.]
yt : [INFO     ] 2017-07-23 22:14:42,280 Parameters: domain_right_edge         = [ 1.  1.  1.]
yt : [INFO     ] 2017-07-23 22:14:42,280 Parameters: cosmological_simulation   = 1
yt : [INFO     ] 2017-07-23 22:14:42,281 Parameters: current_redshift          = 5.9999998424927
yt : [INFO     ] 2017-07-23 22:14:42,281 Parameters: omega_lambda              = 0.712
yt : [INFO     ] 2017-07-23 22:14:42,281 Parameters: omega_matter              = 0.288
yt : [INFO     ] 2017-07-23 22:14:42,281 Parameters: hubble_constant           = 0.6933
yt : [INFO     ] 2017-07-23 22:14:42,284 Allocating for 9.376e+03 particles (index particle type 'all')
yt : [INFO     ] 2017-07-23 22:14:42,291 Identified 3.089e+03 octs
[12, 9375, <Quantity 3300.549553739785 kpc>, <Quantity 3224.092392495315 kpc>, <Quantity 3139.633931138233 kpc>, <Quantity 22699552807.92331 solMass>, <Quantity 18183528859.42758 solMass>, <Quantity 12.6869023272911 kpc>, <Quantity 19.199936403351067 kpc>, -1, 0, 0, 0, 0, 0]
[13, 9374, <Quantity 3138.6577474947135 kpc>, <Quantity 3155.4129608669446 kpc>, <Quantity 3241.3512178793517 kpc>, <Quantity 24249192916.22663 solMass>, <Quantity 18051999141.5757 solMass>, <Quantity 12.969271803749917 kpc>, <Quantity 18.0212165349922 kpc>, 2455, 0, 0, 0, 0, 0]
[14, 9373, <Quantity 3195.146077157457 kpc>, <Quantity 2802.170768343469 kpc>, <Quantity 3077.8977222172384 kpc>, <Quantity 20385189563.79494 solMass>, <Quantity 17384046382.761513 solMass>, <Quantity 12.240187785095605 kpc>, <Quantity 19.261927067920276 kpc>, 2742, 0, 0, 0, 0, 0]
[15, 9372, <Quantity 3183.2336266160055 kpc>, <Quantity 2818.7376320655167 kpc>, <Quantity 3065.3351300694985 kpc>, <Quantity 22821808709.166733 solMass>, <Quantity 16753976606.560682 solMass>, <Quantity 12.70963805300171 kpc>, <Quantity 13.261873911981503 kpc>, -1, 0, 0, 0, 0, 0]
[20, 9370, <Quantity 2774.2919582917293 kpc>, <Quantity 2974.8143442900523 kpc>, <Quantity 2888.4630566119263 kpc>, <Quantity 13831461518.87617 solMass>, <Quantity 11346711120.196741 solMass>, <Quantity 10.755712544558417 kpc>, <Quantity 13.403892902761253 kpc>, -1, 0, 0, 0, 0, 0]
[24, 9369, <Quantity 3066.1322787281356 kpc>, <Quantity 3266.446036369206 kpc>, <Quantity 3159.8612607069895 kpc>, <Quantity 11491698616.228882 solMass>, <Quantity 9344368161.694569 solMass>, <Quantity 10.111398772784257 kpc>, <Quantity 14.526909726615816 kpc>, -1, 0, 0, 0, 0, 0]
[27, 9367, <Quantity 3435.1085394731317 kpc>, <Quantity 3448.8078422896883 kpc>, <Quantity 2610.6392856887933 kpc>, <Quantity 9528448916.203583 solMass>, <Quantity 8008159579.165064 solMass>, <Quantity 9.499277304995895 kpc>, <Quantity 11.960403998778524 kpc>, -1, 0, 0, 0, 0, 0]
[28, 9366, <Quantity 3594.380615150444 kpc>, <Quantity 2796.5518373283435 kpc>, <Quantity 3135.000381878179 kpc>, <Quantity 10315683884.339315 solMass>, <Quantity 7928150718.484817 solMass>, <Quantity 9.753994452238555 kpc>, <Quantity 15.459067924743783 kpc>, -1, 0, 0, 0, 0, 0]
[30, 9364, <Quantity 2812.174977064641 kpc>, <Quantity 3072.7788891967216 kpc>, <Quantity 2948.2383135672294 kpc>, <Quantity 7946898045.263632 solMass>, <Quantity 6472231909.290939 solMass>, <Quantity 8.941609712136504 kpc>, <Quantity 12.409920141971897 kpc>, -1, 0, 0, 0, 0, 0]
[32, 9363, <Quantity 2716.1476910532765 kpc>, <Quantity 3440.1407663322057 kpc>, <Quantity 3303.535619451385 kpc>, <Quantity 7820063156.043749 solMass>, <Quantity 6183412045.762338 solMass>, <Quantity 8.893784102932354 kpc>, <Quantity 11.266423403930451 kpc>, -1, 0, 0, 0, 0, 0]
[33, 9362, <Quantity 3183.210490952898 kpc>, <Quantity 3051.224329499232 kpc>, <Quantity 2642.9553171187354 kpc>, <Quantity 7729242283.047079 solMass>, <Quantity 6158257744.796312 solMass>, <Quantity 8.8592196523647 kpc>, <Quantity 10.251372375207096 kpc>, -1, 0, 0, 0, 0, 0]
[41, 9361, <Quantity 3204.4033463139795 kpc>, <Quantity 3053.617243449043 kpc>, <Quantity 2661.7033080169235 kpc>, <Quantity 6050686640.537669 solMass>, <Quantity 4839020738.712363 solMass>, <Quantity 8.164909646307628 kpc>, <Quantity 9.451980541634342 kpc>, -1, 0, 0, 0, 0, 0]
[42, 9360, <Quantity 3228.4590474972174 kpc>, <Quantity 3453.1455584018368 kpc>, <Quantity 3240.0850080133614 kpc>, <Quantity 5325918947.535864 solMass>, <Quantity 4618087180.754314 solMass>, <Quantity 7.824945958088797 kpc>, <Quantity 11.651892688697226 kpc>, -1, 0, 0, 0, 0, 0]
[43, 9358, <Quantity 3448.766206625081 kpc>, <Quantity 3395.1524867009634 kpc>, <Quantity 3671.548603990646 kpc>, <Quantity 5500978525.061764 solMass>, <Quantity 4455038821.15755 solMass>, <Quantity 7.909757077010514 kpc>, <Quantity 15.587253242493032 kpc>, -1, 0, 0, 0, 0, 0]
[44, 9357, <Quantity 3244.50754597355 kpc>, <Quantity 3111.31836950111 kpc>, <Quantity 3335.2995013707396 kpc>, <Quantity 5942529468.651955 solMass>, <Quantity 4453826565.682066 solMass>, <Quantity 8.115967088508096 kpc>, <Quantity 11.187002946365423 kpc>, -1, 0, 0, 0, 0, 0]
[48, 9355, <Quantity 3505.2124235725387 kpc>, <Quantity 2797.8291324807765 kpc>, <Quantity 3123.507797953673 kpc>, <Quantity 4775147342.960119 solMass>, <Quantity 4310780421.273157 solMass>, <Quantity 7.545338967270463 kpc>, <Quantity 9.55426295771916 kpc>, -1, 0, 0, 0, 0, 0]
[50, 9354, <Quantity 2836.1918317602363 kpc>, <Quantity 3084.28024487533 kpc>, <Quantity 2955.2455998925425 kpc>, <Quantity 5335167663.018012 solMass>, <Quantity 4265017777.646702 solMass>, <Quantity 7.8294728042645385 kpc>, <Quantity 11.431727344124566 kpc>, -1, 0, 0, 0, 0, 0]
[54, 9352, <Quantity 3464.887452311632 kpc>, <Quantity 3409.2623201321976 kpc>, <Quantity 3629.2703304632246 kpc>, <Quantity 4032141652.770899 solMass>, <Quantity 3937708802.8093867 solMass>, <Quantity 7.1317332290456665 kpc>, <Quantity 11.466397404919947 kpc>, -1, 0, 0, 0, 0, 0]
[55, 9351, <Quantity 3156.521898691158 kpc>, <Quantity 3137.94457062782 kpc>, <Quantity 3374.6255246935552 kpc>, <Quantity 4216011185.7739654 solMass>, <Quantity 3897704372.6741805 solMass>, <Quantity 7.238530589535084 kpc>, <Quantity 9.396687871337269 kpc>, -1, 0, 0, 0, 0, 0]
[56, 9350, <Quantity 3121.319305653267 kpc>, <Quantity 2848.8757993753247 kpc>, <Quantity 3085.672847313168 kpc>, <Quantity 4385411958.876689 solMass>, <Quantity 3873156199.6304636 solMass>, <Quantity 7.334209220016789 kpc>, <Quantity 9.56789133775425 kpc>, -1, 0, 0, 0, 0, 0]
[57, 9349, <Quantity 3458.626788090716 kpc>, <Quantity 3392.1846734385126 kpc>, <Quantity 2640.51611190966 kpc>, <Quantity 4405360915.636003 solMass>, <Quantity 3857699942.591986 solMass>, <Quantity 7.345313348249714 kpc>, <Quantity 10.349631710401425 kpc>, -1, 0, 0, 0, 0, 0]
[60, 9348, <Quantity 3471.160494162525 kpc>, <Quantity 3143.3484673522025 kpc>, <Quantity 3004.9483635622087 kpc>, <Quantity 5426095265.469173 solMass>, <Quantity 3767083846.876449 solMass>, <Quantity 7.8737018828448155 kpc>, <Quantity 12.51488366774662 kpc>, -1, 0, 0, 0, 0, 0]
[63, 9346, <Quantity 3137.349472784523 kpc>, <Quantity 2838.6115833821245 kpc>, <Quantity 3075.808337505965 kpc>, <Quantity 4174213624.891633 solMass>, <Quantity 3584336335.9921503 solMass>, <Quantity 7.214530154813897 kpc>, <Quantity 10.357443094583166 kpc>, -1, 0, 0, 0, 0, 0]
[64, 9345, <Quantity 3235.133578735271 kpc>, <Quantity 3128.7401026268003 kpc>, <Quantity 3315.960079236829 kpc>, <Quantity 3185079733.8432293 solMass>, <Quantity 3474021088.8905644 solMass>, <Quantity 6.5925980672395905 kpc>, <Quantity 14.392536508004167 kpc>, -1, 0, 0, 0, 0, 0]
[65, 9344, <Quantity 2690.688226927656 kpc>, <Quantity 3459.5015957989694 kpc>, <Quantity 3301.3266034044555 kpc>, <Quantity 3823716349.830579 solMass>, <Quantity 3450988235.1741943 solMass>, <Quantity 7.006670887124363 kpc>, <Quantity 9.704120396495357 kpc>, -1, 0, 0, 0, 0, 0]
[67, 9343, <Quantity 3567.2078084213836 kpc>, <Quantity 3223.378916096686 kpc>, <Quantity 2684.2040054449867 kpc>, <Quantity 4163950175.797957 solMass>, <Quantity 3404619463.8587666 solMass>, <Quantity 7.208612334907451 kpc>, <Quantity 9.095437841117601 kpc>, -1, 0, 0, 0, 0, 0]
[71, 9340, <Quantity 3095.127328180986 kpc>, <Quantity 3388.9078491432037 kpc>, <Quantity 3287.6979570523886 kpc>, <Quantity 3755610259.013423 solMass>, <Quantity 3241571104.220322 solMass>, <Quantity 6.964821676483684 kpc>, <Quantity 8.420297280302734 kpc>, -1, 0, 0, 0, 0, 0]
[75, 9339, <Quantity 3534.9041029387336 kpc>, <Quantity 2794.2490375253296 kpc>, <Quantity 3137.9486456549985 kpc>, <Quantity 3003342358.4879026 solMass>, <Quantity 3078522744.604383 solMass>, <Quantity 6.464745655895488 kpc>, <Quantity 9.680270500404092 kpc>, -1, 0, 0, 0, 0, 0]
[77, 9336, <Quantity 3496.2055044565827 kpc>, <Quantity 3325.6943569566984 kpc>, <Quantity 3554.260987266283 kpc>, <Quantity 3427503559.0088625 solMass>, <Quantity 2982148435.359691 solMass>, <Quantity 6.755784701501141 kpc>, <Quantity 7.649399313911833 kpc>, -1, 0, 0, 0, 0, 0]
[78, 9335, <Quantity 3216.078226598823 kpc>, <Quantity 3494.478996120338 kpc>, <Quantity 3242.2502238110615 kpc>, <Quantity 3300177693.462327 solMass>, <Quantity 2971844263.9379787 solMass>, <Quantity 6.671071632679939 kpc>, <Quantity 9.949537340856272 kpc>, -1, 0, 0, 0, 0, 0]
[79, 9334, <Quantity 3241.5449322367313 kpc>, <Quantity 3498.8500041559582 kpc>, <Quantity 3271.80261156842 kpc>, <Quantity 3760942062.973348 solMass>, <Quantity 2968510561.4063544 solMass>, <Quantity 6.9681160815337915 kpc>, <Quantity 8.218480283932722 kpc>, -1, 0, 0, 0, 0, 0]
[82, 9332, <Quantity 3598.261014932924 kpc>, <Quantity 2769.2688337098184 kpc>, <Quantity 2733.4589645190395 kpc>, <Quantity 3588513484.721076 solMass>, <Quantity 2922747917.8448377 solMass>, <Quantity 6.859956420106647 kpc>, <Quantity 8.142790743471563 kpc>, -1, 0, 0, 0, 0, 0]
[84, 9331, <Quantity 3293.2028311852246 kpc>, <Quantity 3249.2243582314127 kpc>, <Quantity 3149.299785454045 kpc>, <Quantity 3700863061.4374294 solMass>, <Quantity 2879712848.9055324 solMass>, <Quantity 6.930812784064899 kpc>, <Quantity 8.961074395388787 kpc>, -1, 0, 0, 0, 0, 0]
[85, 9330, <Quantity 3331.109496544237 kpc>, <Quantity 3036.0814984454873 kpc>, <Quantity 2960.1889185741675 kpc>, <Quantity 3206856553.4143715 solMass>, <Quantity 2872136252.323554 solMass>, <Quantity 6.607588781738445 kpc>, <Quantity 7.063175326194842 kpc>, -1, 0, 0, 0, 0, 0]
[86, 9329, <Quantity 3445.453458257386 kpc>, <Quantity 3124.6457857621135 kpc>, <Quantity 3000.199647041265 kpc>, <Quantity 3656504218.2370563 solMass>, <Quantity 2858801442.2339435 solMass>, <Quantity 6.903010311803158 kpc>, <Quantity 10.481367505313838 kpc>, -1, 0, 0, 0, 0, 0]
[88, 9327, <Quantity 3183.226403420279 kpc>, <Quantity 2812.9930648890427 kpc>, <Quantity 3140.546697761678 kpc>, <Quantity 2921640499.4241986 solMass>, <Quantity 2826373608.5947022 solMass>, <Quantity 6.405584351807586 kpc>, <Quantity 9.013367909968938 kpc>, -1, 0, 0, 0, 0, 0]
[94, 9324, <Quantity 3592.1991447005207 kpc>, <Quantity 2778.4209958383694 kpc>, <Quantity 2759.021273138985 kpc>, <Quantity 3126785274.4774947 solMass>, <Quantity 2612713583.551636 solMass>, <Quantity 6.552130144751356 kpc>, <Quantity 8.109262072997227 kpc>, -1, 0, 0, 0, 0, 0]
[95, 9323, <Quantity 3439.70223822629 kpc>, <Quantity 3293.628849367401 kpc>, <Quantity 3518.219543988204 kpc>, <Quantity 3016624807.0764856 solMass>, <Quantity 2572709153.242614 solMass>, <Quantity 6.474261873369049 kpc>, <Quantity 6.704636102865955 kpc>, -1, 0, 0, 0, 0, 0]
[96, 9322, <Quantity 3409.286659494745 kpc>, <Quantity 2857.6843344251797 kpc>, <Quantity 3019.804470877727 kpc>, <Quantity 2859926951.8539233 solMass>, <Quantity 2553616129.777418 solMass>, <Quantity 6.3601614875156125 kpc>, <Quantity 7.9410292906750115 kpc>, -1, 0, 0, 0, 0, 0]
[98, 9320, <Quantity 3191.7051627638793 kpc>, <Quantity 3155.503668680495 kpc>, <Quantity 3136.01249149148 kpc>, <Quantity 2756183469.05011 solMass>, <Quantity 2471788886.0689707 solMass>, <Quantity 6.282307699076544 kpc>, <Quantity 8.4564233999382 kpc>, -1, 0, 0, 0, 0, 0]
[99, 9319, <Quantity 2922.964166852108 kpc>, <Quantity 3297.421475934021 kpc>, <Quantity 3147.869118496693 kpc>, <Quantity 3105778132.3951383 solMass>, <Quantity 2471485822.248171 solMass>, <Quantity 6.537423780411602 kpc>, <Quantity 7.689549573609629 kpc>, -1, 0, 0, 0, 0, 0]
[101, 9318, <Quantity 3382.749562761144 kpc>, <Quantity 3329.5988922675406 kpc>, <Quantity 3414.5781450231407 kpc>, <Quantity 2723083844.592584 solMass>, <Quantity 2458454075.9768133 solMass>, <Quantity 6.257057803841924 kpc>, <Quantity 9.106943276123129 kpc>, -1, 0, 0, 0, 0, 0]
[102, 9317, <Quantity 3286.581901648111 kpc>, <Quantity 3204.279442953803 kpc>, <Quantity 3139.172741648572 kpc>, <Quantity 2689090339.3699403 solMass>, <Quantity 2389961642.397229 solMass>, <Quantity 6.230912129362615 kpc>, <Quantity 8.52621666846226 kpc>, -1, 0, 0, 0, 0, 0]
[103, 9316, <Quantity 3356.662644391289 kpc>, <Quantity 2939.1452411151117 kpc>, <Quantity 3484.0372150587364 kpc>, <Quantity 2440498369.82455 solMass>, <Quantity 2378142151.7192974 solMass>, <Quantity 6.0326667689087845 kpc>, <Quantity 9.054731356111374 kpc>, -1, 0, 0, 0, 0, 0]
[106, 9315, <Quantity 3484.947128775229 kpc>, <Quantity 3425.8228997717156 kpc>, <Quantity 3288.45151207601 kpc>, <Quantity 2467086870.0819693 solMass>, <Quantity 2352078659.2442307 solMass>, <Quantity 6.054495720241807 kpc>, <Quantity 8.577656496020603 kpc>, -1, 0, 0, 0, 0, 0]
[107, 9314, <Quantity 2938.814150954181 kpc>, <Quantity 3293.307430146533 kpc>, <Quantity 3147.8133722822963 kpc>, <Quantity 2615189049.3471184 solMass>, <Quantity 2351472531.554348 solMass>, <Quantity 6.173302031956347 kpc>, <Quantity 7.3625694042603955 kpc>, -1, 0, 0, 0, 0, 0]
[108, 9313, <Quantity 3314.062331081912 kpc>, <Quantity 3073.476983591777 kpc>, <Quantity 3081.829175854306 kpc>, <Quantity 2435375232.62681 solMass>, <Quantity 2351169467.703265 solMass>, <Quantity 6.028442518180602 kpc>, <Quantity 9.372042010919527 kpc>, -1, 0, 0, 0, 0, 0]
[110, 9312, <Quantity 3050.2603554236316 kpc>, <Quantity 3479.959303302033 kpc>, <Quantity 3259.256508123056 kpc>, <Quantity 2470058137.766323 solMass>, <Quantity 2318135506.3888445 solMass>, <Quantity 6.056925348285083 kpc>, <Quantity 7.869507926856619 kpc>, -1, 0, 0, 0, 0, 0]
[111, 9311, <Quantity 3530.3783865137825 kpc>, <Quantity 2779.5957130030006 kpc>, <Quantity 3163.578209540066 kpc>, <Quantity 2877336757.565849 solMass>, <Quantity 2309952782.007484 solMass>, <Quantity 6.373041215623927 kpc>, <Quantity 9.48403998264398 kpc>, -1, 0, 0, 0, 0, 0]
[113, 9309, <Quantity 2893.2390310842434 kpc>, <Quantity 3072.882563903112 kpc>, <Quantity 2986.109629154404 kpc>, <Quantity 2495165348.931847 solMass>, <Quantity 2207214131.688503 solMass>, <Quantity 6.077378327135355 kpc>, <Quantity 7.031989157598137 kpc>, -1, 0, 0, 0, 0, 0]
[115, 9308, <Quantity 3284.2747612133503 kpc>, <Quantity 3142.5493232975364 kpc>, <Quantity 3110.749891952594 kpc>, <Quantity 2575615654.209323 solMass>, <Quantity 2190242555.107607 solMass>, <Quantity 6.142005220181419 kpc>, <Quantity 13.252926696626158 kpc>, -1, 0, 0, 0, 0, 0]
[117, 9305, <Quantity 3142.206384201436 kpc>, <Quantity 3204.037516704605 kpc>, <Quantity 3184.660641673075 kpc>, <Quantity 2427919278.129605 solMass>, <Quantity 2109324503.0900114 solMass>, <Quantity 6.022284159743855 kpc>, <Quantity 8.93522231857923 kpc>, -1, 0, 0, 0, 0, 0]
[119, 9303, <Quantity 3193.094915557741 kpc>, <Quantity 3122.577335756671 kpc>, <Quantity 3100.5630288892166 kpc>, <Quantity 2698280030.2694793 solMass>, <Quantity 2099020331.70354 solMass>, <Quantity 6.238001894043969 kpc>, <Quantity 7.034900973081396 kpc>, -1, 0, 0, 0, 0, 0]
[123, 9301, <Quantity 2773.9723908586475 kpc>, <Quantity 3082.9769499123286 kpc>, <Quantity 2903.1546442149042 kpc>, <Quantity 2112058554.222589 solMass>, <Quantity 2023557429.220735 solMass>, <Quantity 5.748905202307191 kpc>, <Quantity 8.634072111138977 kpc>, -1, 0, 0, 0, 0, 0]
[125, 9299, <Quantity 3338.8288189845407 kpc>, <Quantity 3366.8197403067875 kpc>, <Quantity 3399.832350615294 kpc>, <Quantity 2153698898.7554398 solMass>, <Quantity 1970824316.5544434 solMass>, <Quantity 5.786440492466915 kpc>, <Quantity 8.80033109576965 kpc>, -1, 0, 0, 0, 0, 0]
[126, 9298, <Quantity 3392.12073536816 kpc>, <Quantity 3199.950135906643 kpc>, <Quantity 3211.744883033401 kpc>, <Quantity 1855900513.7504303 solMass>, <Quantity 1949306782.137802 solMass>, <Quantity 5.506403845975501 kpc>, <Quantity 6.112622784134589 kpc>, -1, 0, 0, 0, 0, 0]
[129, 9297, <Quantity 3004.830983831116 kpc>, <Quantity 2717.456929994924 kpc>, <Quantity 3247.2248637979023 kpc>, <Quantity 1991344556.75069 solMass>, <Quantity 1907180904.8653164 solMass>, <Quantity 5.63722409623639 kpc>, <Quantity 10.141006133362868 kpc>, -1, 0, 0, 0, 0, 0]
[130, 9296, <Quantity 3011.0307717676715 kpc>, <Quantity 2659.431524740147 kpc>, <Quantity 3254.636543338265 kpc>, <Quantity 2010805907.69669 solMass>, <Quantity 1888997072.9241831 solMass>, <Quantity 5.655528735851391 kpc>, <Quantity 6.941940504752803 kpc>, -1, 0, 0, 0, 0, 0]
[133, 9294, <Quantity 3556.5999726048767 kpc>, <Quantity 2796.7158156445626 kpc>, <Quantity 3052.347763802827 kpc>, <Quantity 2244662991.406631 solMass>, <Quantity 1829293491.5083058 solMass>, <Quantity 5.866785518443498 kpc>, <Quantity 7.00861236536103 kpc>, -1, 0, 0, 0, 0, 0]
[134, 9293, <Quantity 3226.7450653031074 kpc>, <Quantity 3408.044642053052 kpc>, <Quantity 3245.0571986174277 kpc>, <Quantity 2007848670.6485596 solMass>, <Quantity 1781409400.7047756 solMass>, <Quantity 5.6527548986522 kpc>, <Quantity 6.705315050201003 kpc>, -1, 0, 0, 0, 0, 0]
[136, 9291, <Quantity 3088.100575843378 kpc>, <Quantity 3188.9191443994023 kpc>, <Quantity 3193.2452680284355 kpc>, <Quantity 1762768478.3074098 solMass>, <Quantity 1752315269.7018108 solMass>, <Quantity 5.412712018065169 kpc>, <Quantity 10.408107246617098 kpc>, -1, 0, 0, 0, 0, 0]
[137, 9290, <Quantity 3293.6904321654306 kpc>, <Quantity 3184.047798497103 kpc>, <Quantity 3382.533754361583 kpc>, <Quantity 1865227030.4657025 solMass>, <Quantity 1749890758.7517958 solMass>, <Quantity 5.515612274307769 kpc>, <Quantity 10.836205667066645 kpc>, -1, 0, 0, 0, 0, 0]
[138, 9288, <Quantity 2998.262499281532 kpc>, <Quantity 3265.625637414245 kpc>, <Quantity 3287.8727694317336 kpc>, <Quantity 1907616269.1944127 solMass>, <Quantity 1745647864.6498213 solMass>, <Quantity 5.5570823819896855 kpc>, <Quantity 7.110284978655944 kpc>, -1, 0, 0, 0, 0, 0]
[139, 9287, <Quantity 3194.001072006498 kpc>, <Quantity 2830.0169845784408 kpc>, <Quantity 2983.8195758606835 kpc>, <Quantity 1663607332.785376 solMass>, <Quantity 1741708034.4214432 solMass>, <Quantity 5.309253204818841 kpc>, <Quantity 5.90083262167035 kpc>, -1, 0, 0, 0, 0, 0]
[140, 9286, <Quantity 3480.6356599932874 kpc>, <Quantity 3358.659100525592 kpc>, <Quantity 2659.5806053394467 kpc>, <Quantity 2070480313.5471792 solMass>, <Quantity 1741404970.5743563 solMass>, <Quantity 5.710930360667185 kpc>, <Quantity 7.956896400175807 kpc>, -1, 0, 0, 0, 0, 0]
[141, 9285, <Quantity 3390.2692273261437 kpc>, <Quantity 3123.9079060985205 kpc>, <Quantity 3467.9668397944 kpc>, <Quantity 1976192759.3666968 solMass>, <Quantity 1734131437.7192557 solMass>, <Quantity 5.622890124231477 kpc>, <Quantity 7.118773310715752 kpc>, -1, 0, 0, 0, 0, 0]
[144, 9283, <Quantity 3121.924474980106 kpc>, <Quantity 3011.178667548586 kpc>, <Quantity 3030.9604085923493 kpc>, <Quantity 1664408882.0103803 solMass>, <Quantity 1719584372.227692 solMass>, <Quantity 5.310105758667155 kpc>, <Quantity 8.664955972316536 kpc>, -1, 0, 0, 0, 0, 0]
[145, 9282, <Quantity 3242.840610871562 kpc>, <Quantity 3536.1844297804 kpc>, <Quantity 3355.476554868898 kpc>, <Quantity 1780782536.737992 solMass>, <Quantity 1705643434.3536804 solMass>, <Quantity 5.431087402091625 kpc>, <Quantity 6.797390301240872 kpc>, -1, 0, 0, 0, 0, 0]
[147, 9281, <Quantity 3362.1796901367666 kpc>, <Quantity 2853.688972121843 kpc>, <Quantity 3002.100603890678 kpc>, <Quantity 1845465610.9843597 solMass>, <Quantity 1698976029.38897 solMass>, <Quantity 5.496064424161396 kpc>, <Quantity 7.06724735911568 kpc>, -1, 0, 0, 0, 0, 0]
[148, 9280, <Quantity 3450.780712131085 kpc>, <Quantity 3367.020207448869 kpc>, <Quantity 2679.443291601495 kpc>, <Quantity 1949854668.7467136 solMass>, <Quantity 1676549303.3751364 solMass>, <Quantity 5.597798268360253 kpc>, <Quantity 8.84000491962004 kpc>, -1, 0, 0, 0, 0, 0]
[150, 9278, <Quantity 3428.052183834571 kpc>, <Quantity 3386.430790522991 kpc>, <Quantity 2700.133582616721 kpc>, <Quantity 1933057155.8798602 solMass>, <Quantity 1650182747.1188302 solMass>, <Quantity 5.5816773402910265 kpc>, <Quantity 8.434086170256677 kpc>, -1, 0, 0, 0, 0, 0]
[152, 9277, <Quantity 3525.445298362964 kpc>, <Quantity 3099.6511026749076 kpc>, <Quantity 2769.6295036192764 kpc>, <Quantity 1490418865.4377477 solMass>, <Quantity 1634726489.9298341 solMass>, <Quantity 5.118223842725914 kpc>, <Quantity 8.348240527048688 kpc>, -1, 0, 0, 0, 0, 0]
[154, 9275, <Quantity 3533.13434837053 kpc>, <Quantity 2763.0751726603717 kpc>, <Quantity 2882.5116176423167 kpc>, <Quantity 1628473682.6282542 solMass>, <Quantity 1606541550.4494205 solMass>, <Quantity 5.2716116695640975 kpc>, <Quantity 6.040663644636424 kpc>, -1, 0, 0, 0, 0, 0]
[156, 9274, <Quantity 3553.3332304877645 kpc>, <Quantity 3029.2041267153854 kpc>, <Quantity 2866.0299386436163 kpc>, <Quantity 1329752370.6315353 solMass>, <Quantity 1591994484.9063094 solMass>, <Quantity 4.9272744546295755 kpc>, <Quantity 6.841296733110856 kpc>, -1, 0, 0, 0, 0, 0]
[159, 9271, <Quantity 3184.1169853685183 kpc>, <Quantity 3175.006820025083 kpc>, <Quantity 3155.6828439757574 kpc>, <Quantity 1777879455.4091322 solMass>, <Quantity 1561385034.458296 solMass>, <Quantity 5.428134493515601 kpc>, <Quantity 7.073490191870677 kpc>, -1, 0, 0, 0, 0, 0]
[165, 9270, <Quantity 3419.7702949000704 kpc>, <Quantity 3408.637457555551 kpc>, <Quantity 2692.672962558305 kpc>, <Quantity 1734729068.192477 solMass>, <Quantity 1525017370.668951 solMass>, <Quantity 5.383859459273279 kpc>, <Quantity 7.7098778325934045 kpc>, -1, 0, 0, 0, 0, 0]
[166, 9269, <Quantity 2671.377221009482 kpc>, <Quantity 3309.1863012532667 kpc>, <Quantity 3287.327896866561 kpc>, <Quantity 1705619000.3758447 solMass>, <Quantity 1522592859.73553 solMass>, <Quantity 5.35357433979479 kpc>, <Quantity 6.822963253233708 kpc>, -1, 0, 0, 0, 0, 0]
[167, 9268, <Quantity 2791.189963539168 kpc>, <Quantity 2776.8517253350915 kpc>, <Quantity 2968.128327562149 kpc>, <Quantity 1467017401.1675253 solMass>, <Quantity 1509864177.3876505 solMass>, <Quantity 5.09129487470488 kpc>, <Quantity 6.973945369193037 kpc>, -1, 0, 0, 0, 0, 0]
[168, 9267, <Quantity 3300.639230555794 kpc>, <Quantity 3091.0825828296247 kpc>, <Quantity 2789.0285938812854 kpc>, <Quantity 1494417456.3117197 solMass>, <Quantity 1504409027.8225467 solMass>, <Quantity 5.122796921395116 kpc>, <Quantity 8.73416991028779 kpc>, -1, 0, 0, 0, 0, 0]
[170, 9264, <Quantity 3488.633866945535 kpc>, <Quantity 3490.374768227121 kpc>, <Quantity 3281.895399527134 kpc>, <Quantity 1550900845.6660652 solMass>, <Quantity 1491377281.5438027 solMass>, <Quantity 5.186541295834614 kpc>, <Quantity 6.252517228320846 kpc>, -1, 0, 0, 0, 0, 0]
[171, 9263, <Quantity 3248.920090853137 kpc>, <Quantity 3140.3572140663878 kpc>, <Quantity 3124.6473847779885 kpc>, <Quantity 1559314194.3172877 solMass>, <Quantity 1482588429.477499 solMass>, <Quantity 5.1959030615535005 kpc>, <Quantity 7.131324058070916 kpc>, -1, 0, 0, 0, 0, 0]
[172, 9262, <Quantity 2843.4002223145653 kpc>, <Quantity 3048.6931849130074 kpc>, <Quantity 2941.6366816588056 kpc>, <Quantity 1810686362.9502501 solMass>, <Quantity 1471678130.341049 solMass>, <Quantity 5.461319352574367 kpc>, <Quantity 6.34775182477875 kpc>, -1, 0, 0, 0, 0, 0]
[173, 9261, <Quantity 3537.8833364033803 kpc>, <Quantity 2803.035419750656 kpc>, <Quantity 3053.675035523414 kpc>, <Quantity 1678324232.908775 solMass>, <Quantity 1467132172.3742645 solMass>, <Quantity 5.324863152191317 kpc>, <Quantity 5.603017009443471 kpc>, -1, 0, 0, 0, 0, 0]
[175, 9260, <Quantity 3038.5572382836044 kpc>, <Quantity 2905.4772554800697 kpc>, <Quantity 3230.9748094138295 kpc>, <Quantity 1408227771.357239 solMass>, <Quantity 1434704338.7392066 solMass>, <Quantity 5.022355659126211 kpc>, <Quantity 7.300207052541118 kpc>, -1, 0, 0, 0, 0, 0]
[177, 9259, <Quantity 3179.9649909455425 kpc>, <Quantity 2894.764537460999 kpc>, <Quantity 2754.166303896565 kpc>, <Quantity 1572219956.2151983 solMass>, <Quantity 1433189019.4348814 solMass>, <Quantity 5.210198434321055 kpc>, <Quantity 7.821745103430609 kpc>, -1, 0, 0, 0, 0, 0]
[178, 9258, <Quantity 2762.5127404341665 kpc>, <Quantity 2954.724483146189 kpc>, <Quantity 2938.188222310277 kpc>, <Quantity 1446312139.1167533 solMass>, <Quantity 1432582891.6995783 solMass>, <Quantity 5.067228705984096 kpc>, <Quantity 6.463515777124209 kpc>, -1, 0, 0, 0, 0, 0]
[179, 9257, <Quantity 3511.03188084396 kpc>, <Quantity 3333.4199135286367 kpc>, <Quantity 3567.272737966012 kpc>, <Quantity 1571705644.104992 solMass>, <Quantity 1428946125.2682605 solMass>, <Quantity 5.209630244018089 kpc>, <Quantity 5.9814196730059255 kpc>, -1, 0, 0, 0, 0, 0]
[183, 9256, <Quantity 3478.401073758103 kpc>, <Quantity 3416.2533116824093 kpc>, <Quantity 3281.0788237061715 kpc>, <Quantity 1315060274.369677 solMass>, <Quantity 1371970118.5668488 solMass>, <Quantity 4.909060473727925 kpc>, <Quantity 8.892889177258231 kpc>, -1, 0, 0, 0, 0, 0]
[186, 9253, <Quantity 3285.250553391907 kpc>, <Quantity 3064.8135960973673 kpc>, <Quantity 3374.077741216057 kpc>, <Quantity 1517758438.574255 solMass>, <Quantity 1338633093.3974829 solMass>, <Quantity 5.149329877809281 kpc>, <Quantity 7.992920160550359 kpc>, -1, 0, 0, 0, 0, 0]
[187, 9252, <Quantity 3521.1027395838228 kpc>, <Quantity 2797.2850498482194 kpc>, <Quantity 3121.764705612579 kpc>, <Quantity 1484640289.2997398 solMass>, <Quantity 1338026965.7056222 solMass>, <Quantity 5.111600569904354 kpc>, <Quantity 6.632106212521434 kpc>, -1, 0, 0, 0, 0, 0]
[188, 9251, <Quantity 2832.1284203807436 kpc>, <Quantity 3129.386211457897 kpc>, <Quantity 3405.569823500673 kpc>, <Quantity 1220191842.2825418 solMass>, <Quantity 1335602454.7966456 solMass>, <Quantity 4.788055784224703 kpc>, <Quantity 8.73933855412413 kpc>, -1, 0, 0, 0, 0, 0]
[190, 9250, <Quantity 2728.2976181748704 kpc>, <Quantity 2624.02888248808 kpc>, <Quantity 3428.777437668208 kpc>, <Quantity 1498310611.6269312 solMass>, <Quantity 1330450369.0376894 solMass>, <Quantity 5.127241585371341 kpc>, <Quantity 8.128868864739458 kpc>, -1, 0, 0, 0, 0, 0]
[191, 9249, <Quantity 3382.072874111142 kpc>, <Quantity 3166.6554227066745 kpc>, <Quantity 2983.4613379466896 kpc>, <Quantity 1209754794.4318914 solMass>, <Quantity 1327116666.5683465 solMass>, <Quantity 4.774364950192983 kpc>, <Quantity 6.567573358285801 kpc>, -1, 0, 0, 0, 0, 0]
[192, 9248, <Quantity 3426.648055132269 kpc>, <Quantity 3293.1974737068163 kpc>, <Quantity 3511.37034702124 kpc>, <Quantity 1144165890.3525708 solMass>, <Quantity 1322570708.5645468 solMass>, <Quantity 4.686473454381279 kpc>, <Quantity 9.81135140589507 kpc>, -1, 0, 0, 0, 0, 0]
[194, 9246, <Quantity 2823.02840941984 kpc>, <Quantity 2939.2938703940918 kpc>, <Quantity 3342.0410691777774 kpc>, <Quantity 1526901957.118076 solMass>, <Quantity 1308932834.610096 solMass>, <Quantity 5.159649649158651 kpc>, <Quantity 6.417955674231892 kpc>, -1, 0, 0, 0, 0, 0]
[195, 9244, <Quantity 3365.8439451392687 kpc>, <Quantity 3260.519151387542 kpc>, <Quantity 3462.011193806343 kpc>, <Quantity 1403162846.4407399 solMass>, <Quantity 1296204152.2392998 solMass>, <Quantity 5.016327180619433 kpc>, <Quantity 6.752113674497803 kpc>, -1, 0, 0, 0, 0, 0]
[196, 9243, <Quantity 2758.742012631683 kpc>, <Quantity 2684.277060156169 kpc>, <Quantity 2879.226686474845 kpc>, <Quantity 1349734005.8445022 solMass>, <Quantity 1295598024.5584998 solMass>, <Quantity 4.951831891419747 kpc>, <Quantity 6.91798141073406 kpc>, -1, 0, 0, 0, 0, 0]
[200, 9240, <Quantity 3444.5737799676303 kpc>, <Quantity 3526.5312012792415 kpc>, <Quantity 3275.5284236782322 kpc>, <Quantity 1411381736.9953833 solMass>, <Quantity 1251956827.9036458 solMass>, <Quantity 5.026102336682177 kpc>, <Quantity 7.539688711454609 kpc>, -1, 0, 0, 0, 0, 0]
[201, 9239, <Quantity 3006.780321843898 kpc>, <Quantity 2687.171587346613 kpc>, <Quantity 3251.5721050440093 kpc>, <Quantity 1133311117.824097 solMass>, <Quantity 1244380231.261849 solMass>, <Quantity 4.6716060510103885 kpc>, <Quantity 8.072382106687272 kpc>, -1, 0, 0, 0, 0, 0]
[204, 9237, <Quantity 2773.4699437491076 kpc>, <Quantity 2995.883931244656 kpc>, <Quantity 2902.0196237870614 kpc>, <Quantity 1298845116.1924827 solMass>, <Quantity 1222256569.1279302 solMass>, <Quantity 4.888800154690529 kpc>, <Quantity 6.076215482183475 kpc>, -1, 0, 0, 0, 0, 0]
[205, 9236, <Quantity 3001.1353757901334 kpc>, <Quantity 3048.8943264972 kpc>, <Quantity 3263.5753610117063 kpc>, <Quantity 1255690895.836756 solMass>, <Quantity 1209527886.7469397 solMass>, <Quantity 4.834045617260041 kpc>, <Quantity 6.457754972574351 kpc>, -1, 0, 0, 0, 0, 0]
[207, 9235, <Quantity 2770.629797765489 kpc>, <Quantity 2922.5490250914904 kpc>, <Quantity 2972.523208325785 kpc>, <Quantity 1272650221.0854824 solMass>, <Quantity 1194677757.3542647 solMass>, <Quantity 4.855711196995595 kpc>, <Quantity 9.050432254149742 kpc>, -1, 0, 0, 0, 0, 0]
[209, 9233, <Quantity 3383.4034491396333 kpc>, <Quantity 3354.1201806027493 kpc>, <Quantity 3086.325795194494 kpc>, <Quantity 1507685862.5034804 solMass>, <Quantity 1180130691.8630643 solMass>, <Quantity 5.137913440984064 kpc>, <Quantity 5.9687598839583815 kpc>, -1, 0, 0, 0, 0, 0]
[211, 9230, <Quantity 3195.724983856778 kpc>, <Quantity 3106.5829018351365 kpc>, <Quantity 3088.6018396619793 kpc>, <Quantity 1175652569.5405884 solMass>, <Quantity 1163765243.1328373 solMass>, <Quantity 4.729074564350617 kpc>, <Quantity 5.17943746542675 kpc>, -1, 0, 0, 0, 0, 0]
[215, 9228, <Quantity 3488.2629621845017 kpc>, <Quantity 3146.8122091020387 kpc>, <Quantity 3001.120614537214 kpc>, <Quantity 1148891145.572132 solMass>, <Quantity 1125882259.9400284 solMass>, <Quantity 4.692916100525633 kpc>, <Quantity 4.398925030294122 kpc>, -1, 0, 0, 0, 0, 0]
[216, 9227, <Quantity 2752.433166850619 kpc>, <Quantity 2619.6832137018578 kpc>, <Quantity 3418.834697567898 kpc>, <Quantity 997712791.3659362 solMass>, <Quantity 1117093407.8262541 solMass>, <Quantity 4.477322139472766 kpc>, <Quantity 8.274637208058707 kpc>, -1, 0, 0, 0, 0, 0]
[217, 9226, <Quantity 3510.7841654145946 kpc>, <Quantity 3451.097916543654 kpc>, <Quantity 3293.7914396746983 kpc>, <Quantity 1200307574.4109654 solMass>, <Quantity 1111335194.3656673 solMass>, <Quantity 4.761904464153157 kpc>, <Quantity 6.45646343630196 kpc>, -1, 0, 0, 0, 0, 0]
[218, 9225, <Quantity 3556.766149961508 kpc>, <Quantity 2779.163127571454 kpc>, <Quantity 3165.6206677077907 kpc>, <Quantity 1164439516.1080468 solMass>, <Quantity 1109516811.1993537 solMass>, <Quantity 4.713991635651831 kpc>, <Quantity 5.007731828843398 kpc>, -1, 0, 0, 0, 0, 0]
[220, 9224, <Quantity 3023.8866517725983 kpc>, <Quantity 2756.609669784011 kpc>, <Quantity 3225.4599835407766 kpc>, <Quantity 1043917134.3330394 solMass>, <Quantity 1099515703.6086018 solMass>, <Quantity 4.545397176765652 kpc>, <Quantity 5.699129400107244 kpc>, -1, 0, 0, 0, 0, 0]
[226, 9220, <Quantity 3070.7719337469553 kpc>, <Quantity 2875.971317243279 kpc>, <Quantity 2996.9499120255787 kpc>, <Quantity 994305505.1114593 solMass>, <Quantity 1077392041.4647815 solMass>, <Quantity 4.47221949614078 kpc>, <Quantity 5.379553156994794 kpc>, -1, 0, 0, 0, 0, 0]
[227, 9219, <Quantity 3389.163394704517 kpc>, <Quantity 3078.5781402402317 kpc>, <Quantity 3476.232083501735 kpc>, <Quantity 1111897695.4035902 solMass>, <Quantity 1048904038.1208243 solMass>, <Quantity 4.641996114264991 kpc>, <Quantity 6.6090409998565285 kpc>, -1, 0, 0, 0, 0, 0]
[228, 9218, <Quantity 3243.7252299744496 kpc>, <Quantity 3207.041900886686 kpc>, <Quantity 3162.8978209675047 kpc>, <Quantity 1034482401.1840197 solMass>, <Quantity 1048297910.3460842 solMass>, <Quantity 4.531662224357945 kpc>, <Quantity 5.768459963385956 kpc>, -1, 0, 0, 0, 0, 0]
[230, 9217, <Quantity 3052.475451721329 kpc>, <Quantity 3510.538437013819 kpc>, <Quantity 3085.895656901712 kpc>, <Quantity 890124946.5057448 solMass>, <Quantity 1046479527.212477 solMass>, <Quantity 4.31022710293658 kpc>, <Quantity 3.855459112803389 kpc>, -1, 0, 0, 0, 0, 0]
[232, 9216, <Quantity 3246.277752653339 kpc>, <Quantity 3204.16992670308 kpc>, <Quantity 2563.6295464093946 kpc>, <Quantity 948031424.448189 solMass>, <Quantity 1032538589.4119666 solMass>, <Quantity 4.401736831087148 kpc>, <Quantity 5.6766367975505725 kpc>, -1, 0, 0, 0, 0, 0]
[234, 9215, <Quantity 2849.015267768624 kpc>, <Quantity 3106.632784661071 kpc>, <Quantity 2955.8507349901924 kpc>, <Quantity 992114497.7013713 solMass>, <Quantity 1022234417.9879766 solMass>, <Quantity 4.468932152317813 kpc>, <Quantity 6.091718178280709 kpc>, -1, 0, 0, 0, 0, 0]
[235, 9214, <Quantity 2867.720542842564 kpc>, <Quantity 3049.7064242064657 kpc>, <Quantity 2952.7547817172626 kpc>, <Quantity 1081006311.6241786 solMass>, <Quantity 1013748629.7319899 solMass>, <Quantity 4.598602867293462 kpc>, <Quantity 5.834636304435126 kpc>, -1, 0, 0, 0, 0, 0]
[236, 9213, <Quantity 3561.373738440552 kpc>, <Quantity 2772.2428507161717 kpc>, <Quantity 2883.4009957583985 kpc>, <Quantity 1000630505.4797285 solMass>, <Quantity 1006475096.9728462 solMass>, <Quantity 4.481682389704814 kpc>, <Quantity 5.608345432821829 kpc>, -1, 0, 0, 0, 0, 0]
[237, 9212, <Quantity 3031.920516814579 kpc>, <Quantity 2922.3584533379058 kpc>, <Quantity 2552.9407289491483 kpc>, <Quantity 995589417.3599017 solMass>, <Quantity 1002232202.8599681 solMass>, <Quantity 4.4741436088927795 kpc>, <Quantity 5.4406547812929755 kpc>, -1, 0, 0, 0, 0, 0]
[240, 9210, <Quantity 3322.9043222229134 kpc>, <Quantity 2873.37124209685 kpc>, <Quantity 3025.534912366625 kpc>, <Quantity 1067702219.916525 solMass>, <Quantity 992534159.1692683 solMass>, <Quantity 4.579659731203528 kpc>, <Quantity 5.760253967711199 kpc>, -1, 0, 0, 0, 0, 0]
[241, 9209, <Quantity 2948.728951626858 kpc>, <Quantity 3220.732247545085 kpc>, <Quantity 3064.227541109957 kpc>, <Quantity 835331270.3227335 solMass>, <Quantity 991928031.4496981 solMass>, <Quantity 4.219905663268401 kpc>, <Quantity 5.959285877729841 kpc>, -1, 0, 0, 0, 0, 0]
[242, 9208, <Quantity 3217.7206572823375 kpc>, <Quantity 2992.458043145881 kpc>, <Quantity 2722.518744676348 kpc>, <Quantity 989901670.0650295 solMass>, <Quantity 980714668.4104636 solMass>, <Quantity 4.465607153743513 kpc>, <Quantity 6.229399267580052 kpc>, -1, 0, 0, 0, 0, 0]
[243, 9207, <Quantity 3335.3303534445454 kpc>, <Quantity 3302.4869340158643 kpc>, <Quantity 2982.7667595235143 kpc>, <Quantity 886884504.3823918 solMass>, <Quantity 980411604.5542992 solMass>, <Quantity 4.304990375746456 kpc>, <Quantity 6.562095698392783 kpc>, -1, 0, 0, 0, 0, 0]
[245, 9206, <Quantity 3125.4204652737285 kpc>, <Quantity 2805.929208466462 kpc>, <Quantity 3102.7936867583066 kpc>, <Quantity 991925937.0928235 solMass>, <Quantity 975259518.8283691 solMass>, <Quantity 4.468649013641377 kpc>, <Quantity 5.567496096919974 kpc>, -1, 0, 0, 0, 0, 0]
[247, 9205, <Quantity 3066.8684706484896 kpc>, <Quantity 3356.4201468647298 kpc>, <Quantity 3241.5712832322383 kpc>, <Quantity 927920969.9304153 solMass>, <Quantity 970713560.8257734 solMass>, <Quantity 4.37038965005469 kpc>, <Quantity 6.602871622822182 kpc>, -1, 0, 0, 0, 0, 0]
[248, 9203, <Quantity 3467.021273505835 kpc>, <Quantity 3477.8188996542603 kpc>, <Quantity 2564.1269052976095 kpc>, <Quantity 787491497.5664188 solMass>, <Quantity 955560367.593196 solMass>, <Quantity 4.137758317785792 kpc>, <Quantity 5.938126487005499 kpc>, -1, 0, 0, 0, 0, 0]
[249, 9202, <Quantity 3425.1740808429076 kpc>, <Quantity 3356.140325887264 kpc>, <Quantity 2641.970537128461 kpc>, <Quantity 1073082801.7703847 solMass>, <Quantity 954651175.9938235 solMass>, <Quantity 4.587339761807089 kpc>, <Quantity 5.53670488397562 kpc>, -1, 0, 0, 0, 0, 0]
[250, 9201, <Quantity 3210.7958382730803 kpc>, <Quantity 3060.1345284259573 kpc>, <Quantity 2670.974522612962 kpc>, <Quantity 987020763.5895785 solMass>, <Quantity 953438920.5275301 solMass>, <Quantity 4.461270865440828 kpc>, <Quantity 8.427325631226198 kpc>, -1, 0, 0, 0, 0, 0]
[251, 9199, <Quantity 3344.4009310645856 kpc>, <Quantity 3051.9071415153003 kpc>, <Quantity 3017.6014114333125 kpc>, <Quantity 919306981.7618126 solMass>, <Quantity 952529728.9248742 solMass>, <Quantity 4.35682398998133 kpc>, <Quantity 6.194243805837573 kpc>, -1, 0, 0, 0, 0, 0]
[252, 9200, <Quantity 2997.7004305319824 kpc>, <Quantity 2722.7599545061516 kpc>, <Quantity 3240.332721094384 kpc>, <Quantity 781949995.8745366 solMass>, <Quantity 952529728.9066275 solMass>, <Quantity 4.128029793722051 kpc>, <Quantity 6.685964678223151 kpc>, -1, 0, 0, 0, 0, 0]
[253, 9198, <Quantity 3086.5260252971393 kpc>, <Quantity 3376.403998278334 kpc>, <Quantity 3281.932085278162 kpc>, <Quantity 1029781815.6352291 solMass>, <Quantity 947983770.9188856 solMass>, <Quantity 4.524787993808553 kpc>, <Quantity 10.67547057721474 kpc>, -1, 0, 0, 0, 0, 0]
[254, 9197, <Quantity 3077.730769961514 kpc>, <Quantity 3296.0375296609363 kpc>, <Quantity 3200.4271215746453 kpc>, <Quantity 987342032.2911524 solMass>, <Quantity 946771515.4950985 solMass>, <Quantity 4.4617548509431355 kpc>, <Quantity 7.370595959046755 kpc>, -1, 0, 0, 0, 0, 0]
[255, 9196, <Quantity 3416.431046722501 kpc>, <Quantity 2791.4590513562175 kpc>, <Quantity 3325.0681061618357 kpc>, <Quantity 1146346915.9757066 solMass>, <Quantity 945256196.1636125 solMass>, <Quantity 4.689449372170279 kpc>, <Quantity 5.064323980402787 kpc>, -1, 0, 0, 0, 0, 0]
[257, 9195, <Quantity 2911.303824640461 kpc>, <Quantity 2635.2609518236836 kpc>, <Quantity 2588.3517220213266 kpc>, <Quantity 838405608.6817293 solMass>, <Quantity 941013302.0449413 solMass>, <Quantity 4.225076280428588 kpc>, <Quantity 6.313414281320545 kpc>, -1, 0, 0, 0, 0, 0]
[258, 9194, <Quantity 3113.0089496125133 kpc>, <Quantity 3002.1521574496387 kpc>, <Quantity 3030.8164166367324 kpc>, <Quantity 922702260.3977597 solMass>, <Quantity 940407174.2965025 solMass>, <Quantity 4.362181089681218 kpc>, <Quantity 6.470814955477171 kpc>, -1, 0, 0, 0, 0, 0]
[260, 9192, <Quantity 3026.386291164783 kpc>, <Quantity 3364.0314503829272 kpc>, <Quantity 3232.644456208274 kpc>, <Quantity 811764678.6703808 solMass>, <Quantity 935558152.4387017 solMass>, <Quantity 4.179842133054199 kpc>, <Quantity 5.652810277809802 kpc>, -1, 0, 0, 0, 0, 0]
[261, 9191, <Quantity 3545.5718272539266 kpc>, <Quantity 3179.099916172258 kpc>, <Quantity 2778.4349182289698 kpc>, <Quantity 969842039.4719899 solMass>, <Quantity 930103002.8989193 solMass>, <Quantity 4.435236993978333 kpc>, <Quantity 5.15152502624409 kpc>, -1, 0, 0, 0, 0, 0]
[262, 9190, <Quantity 2927.433284733177 kpc>, <Quantity 3019.4259816914 kpc>, <Quantity 2790.6062589378434 kpc>, <Quantity 840378186.6642687 solMass>, <Quantity 929799939.0295705 solMass>, <Quantity 4.228387233447338 kpc>, <Quantity 6.054140186884752 kpc>, -1, 0, 0, 0, 0, 0]
[263, 9189, <Quantity 3502.7343105178606 kpc>, <Quantity 2767.1078185501024 kpc>, <Quantity 2887.466141497822 kpc>, <Quantity 963217839.1427239 solMass>, <Quantity 925557044.9078697 solMass>, <Quantity 4.425116086936711 kpc>, <Quantity 6.077596601088438 kpc>, -1, 0, 0, 0, 0, 0]
[264, 9188, <Quantity 3485.8034683116975 kpc>, <Quantity 2813.814711238811 kpc>, <Quantity 3055.380408382147 kpc>, <Quantity 904138644.2573559 solMass>, <Quantity 921617214.6578903 solMass>, <Quantity 4.332728806259959 kpc>, <Quantity 7.395909628826023 kpc>, -1, 0, 0, 0, 0, 0]
[265, 9187, <Quantity 3465.308447134414 kpc>, <Quantity 3141.941621753061 kpc>, <Quantity 3001.206579866725 kpc>, <Quantity 976038792.5447263 solMass>, <Quantity 919192703.7424692 solMass>, <Quantity 4.444663181704575 kpc>, <Quantity 7.343780155257965 kpc>, 60, 0, 0, 0, 0, 0]
[267, 9186, <Quantity 3209.22150419701 kpc>, <Quantity 3189.9873506059366 kpc>, <Quantity 3159.27251960577 kpc>, <Quantity 970608617.1533145 solMass>, <Quantity 916162065.0460038 solMass>, <Quantity 4.436405245492268 kpc>, <Quantity 5.7355413823472485 kpc>, -1, 0, 0, 0, 0, 0]
[268, 9185, <Quantity 2989.493307287937 kpc>, <Quantity 2632.7380615210463 kpc>, <Quantity 3069.536845275082 kpc>, <Quantity 904174839.409481 solMass>, <Quantity 914949809.6138009 solMass>, <Quantity 4.332786622498138 kpc>, <Quantity 4.129558433854211 kpc>, -1, 0, 0, 0, 0, 0]
[269, 9184, <Quantity 3168.831956455444 kpc>, <Quantity 3179.127201039976 kpc>, <Quantity 3172.688164552173 kpc>, <Quantity 1166447681.9988484 solMass>, <Quantity 914646745.733266 solMass>, <Quantity 4.716699960243147 kpc>, <Quantity 6.289531002431867 kpc>, -1, 0, 0, 0, 0, 0]
[271, 9183, <Quantity 3143.8467260149555 kpc>, <Quantity 2990.0483455446056 kpc>, <Quantity 2551.995294279497 kpc>, <Quantity 937505601.4267086 solMass>, <Quantity 911919170.960769 solMass>, <Quantity 4.3853856009320635 kpc>, <Quantity 5.93985439519328 kpc>, -1, 0, 0, 0, 0, 0]
[273, 9181, <Quantity 2858.955313441167 kpc>, <Quantity 3089.527720205988 kpc>, <Quantity 2961.6019006445777 kpc>, <Quantity 915149133.8105708 solMass>, <Quantity 909494660.058009 solMass>, <Quantity 4.3502457046993905 kpc>, <Quantity 5.510007157321291 kpc>, -1, 0, 0, 0, 0, 0]
[274, 9180, <Quantity 3263.5094176122147 kpc>, <Quantity 3143.4621376153436 kpc>, <Quantity 3118.7719247607674 kpc>, <Quantity 996149861.3038815 solMass>, <Quantity 907070149.0743688 solMass>, <Quantity 4.474982989826076 kpc>, <Quantity 5.922804485525391 kpc>, -1, 0, 0, 0, 0, 0]
[275, 9179, <Quantity 3029.209091690093 kpc>, <Quantity 2928.8112310227975 kpc>, <Quantity 3091.4826561638306 kpc>, <Quantity 783477630.3401604 solMass>, <Quantity 904645638.1856236 solMass>, <Quantity 4.130716247877786 kpc>, <Quantity 8.241300727720555 kpc>, -1, 0, 0, 0, 0, 0]
[276, 9178, <Quantity 3473.0467253932197 kpc>, <Quantity 3365.8260354590157 kpc>, <Quantity 2655.109833556211 kpc>, <Quantity 953091951.8262982 solMass>, <Quantity 900099680.22304 solMass>, <Quantity 4.409554994054493 kpc>, <Quantity 5.3970484479434235 kpc>, -1, 0, 0, 0, 0, 0]
[277, 9177, <Quantity 3123.98288232936 kpc>, <Quantity 3190.264258500356 kpc>, <Quantity 3426.0625170465305 kpc>, <Quantity 1125366326.7569969 solMass>, <Quantity 897372105.3965884 solMass>, <Quantity 4.660664071330286 kpc>, <Quantity 5.026863117928112 kpc>, -1, 0, 0, 0, 0, 0]
[278, 9176, <Quantity 3358.771385325551 kpc>, <Quantity 3504.644010650036 kpc>, <Quantity 2612.0573280798894 kpc>, <Quantity 871429015.1504136 solMass>, <Quantity 895553722.2475249 solMass>, <Quantity 4.279836398388371 kpc>, <Quantity 5.3440277255175985 kpc>, -1, 0, 0, 0, 0, 0]
[279, 9175, <Quantity 3498.6318075638774 kpc>, <Quantity 3187.3388138347655 kpc>, <Quantity 2910.4467971252343 kpc>, <Quantity 822737974.1822262 solMass>, <Quantity 893129211.3247682 solMass>, <Quantity 4.198592028556294 kpc>, <Quantity 6.194086592277396 kpc>, -1, 0, 0, 0, 0, 0]
[280, 9174, <Quantity 3604.0628391772593 kpc>, <Quantity 3247.011468122733 kpc>, <Quantity 3036.7288127458555 kpc>, <Quantity 874259069.9196 solMass>, <Quantity 891613891.9958102 solMass>, <Quantity 4.284464460635455 kpc>, <Quantity 6.103505110325115 kpc>, -1, 0, 0, 0, 0, 0]
[282, 9173, <Quantity 3056.4833511597717 kpc>, <Quantity 2925.0896187079697 kpc>, <Quantity 3081.0306917188072 kpc>, <Quantity 915584653.3266432 solMass>, <Quantity 887370997.8658906 solMass>, <Quantity 4.350935689301948 kpc>, <Quantity 8.609401110948658 kpc>, -1, 0, 0, 0, 0, 0]
[283, 9172, <Quantity 3218.240137411113 kpc>, <Quantity 3413.212951042975 kpc>, <Quantity 3252.987656518744 kpc>, <Quantity 872246541.2283856 solMass>, <Quantity 887370997.8516322 solMass>, <Quantity 4.281174347979816 kpc>, <Quantity 7.437848064772486 kpc>, -1, 0, 0, 0, 0, 0]
[284, 9171, <Quantity 3156.4493036785175 kpc>, <Quantity 3147.3870756424453 kpc>, <Quantity 3258.4325491319273 kpc>, <Quantity 928896994.2478262 solMass>, <Quantity 886461806.2394484 solMass>, <Quantity 4.37192142988225 kpc>, <Quantity 5.138191206034148 kpc>, -1, 0, 0, 0, 0, 0]
[287, 9169, <Quantity 3564.391004866798 kpc>, <Quantity 2769.877496448574 kpc>, <Quantity 2785.729102828975 kpc>, <Quantity 827807482.3535277 solMass>, <Quantity 875551507.1171128 solMass>, <Quantity 4.2071979391800225 kpc>, <Quantity 6.32788299287593 kpc>, -1, 0, 0, 0, 0, 0]
[292, 9166, <Quantity 2860.596091489396 kpc>, <Quantity 2880.851280117518 kpc>, <Quantity 2977.9691636696793 kpc>, <Quantity 842552021.0989472 solMass>, <Quantity 857064611.3430004 solMass>, <Quantity 4.232029997977264 kpc>, <Quantity 5.925743143419707 kpc>, -1, 0, 0, 0, 0, 0]
[294, 9164, <Quantity 2893.04336273404 kpc>, <Quantity 3398.621440091101 kpc>, <Quantity 2780.0903745948794 kpc>, <Quantity 952663489.0144452 solMass>, <Quantity 854337036.5436147 solMass>, <Quantity 4.408894122696017 kpc>, <Quantity 6.6852901191079885 kpc>, -1, 0, 0, 0, 0, 0]
[295, 9163, <Quantity 3417.456697307558 kpc>, <Quantity 3111.4615974466833 kpc>, <Quantity 2976.794304702157 kpc>, <Quantity 743193507.4112717 solMass>, <Quantity 849791078.568021 solMass>, <Quantity 4.0586705310388 kpc>, <Quantity 5.844057014662933 kpc>, -1, 0, 0, 0, 0, 0]
[296, 9162, <Quantity 2999.3330353149427 kpc>, <Quantity 3359.5168471584157 kpc>, <Quantity 3213.0269494903005 kpc>, <Quantity 852332343.057832 solMass>, <Quantity 849791078.5549009 solMass>, <Quantity 4.248342140943839 kpc>, <Quantity 6.541193691352851 kpc>, -1, 0, 0, 0, 0, 0]
[297, 9161, <Quantity 2846.090479587547 kpc>, <Quantity 3055.3188998688042 kpc>, <Quantity 2949.101173985932 kpc>, <Quantity 781645400.1332846 solMass>, <Quantity 848881886.9727042 solMass>, <Quantity 4.127493722105864 kpc>, <Quantity 5.60106595901666 kpc>, -1, 0, 0, 0, 0, 0]
[299, 9158, <Quantity 3518.5733797890825 kpc>, <Quantity 3449.7478931362 kpc>, <Quantity 3266.4852648951 kpc>, <Quantity 1022409282.7245712 solMass>, <Quantity 840699162.579073 solMass>, <Quantity 4.5139639934865015 kpc>, <Quantity 5.178631646629036 kpc>, -1, 0, 0, 0, 0, 0]
[300, 9157, <Quantity 3034.1845788707037 kpc>, <Quantity 2935.933898532401 kpc>, <Quantity 3069.6663069834476 kpc>, <Quantity 784272769.3018497 solMass>, <Quantity 840093034.8622625 solMass>, <Quantity 4.13211317477593 kpc>, <Quantity 6.9713108352525435 kpc>, -1, 0, 0, 0, 0, 0]
[301, 9156, <Quantity 2862.5737839198587 kpc>, <Quantity 2854.000380673319 kpc>, <Quantity 2809.6139093577094 kpc>, <Quantity 856871287.2555159 solMass>, <Quantity 838577715.5443022 solMass>, <Quantity 4.2558700571781145 kpc>, <Quantity 4.913138472291754 kpc>, -1, 0, 0, 0, 0, 0]
[303, 9155, <Quantity 3508.563421428704 kpc>, <Quantity 3318.1649618178226 kpc>, <Quantity 3555.100129314342 kpc>, <Quantity 895990239.5752587 solMass>, <Quantity 837971587.7754734 solMass>, <Quantity 4.319673499659725 kpc>, <Quantity 5.95568087310968 kpc>, -1, 0, 0, 0, 0, 0]
[304, 9154, <Quantity 3250.7803947192388 kpc>, <Quantity 3430.724043628299 kpc>, <Quantity 3318.4163619753463 kpc>, <Quantity 747021841.7041942 solMass>, <Quantity 836153204.5902334 solMass>, <Quantity 4.065627599352626 kpc>, <Quantity 6.01817906460207 kpc>, -1, 0, 0, 0, 0, 0]
[305, 9153, <Quantity 2953.070757051757 kpc>, <Quantity 3219.9729407050036 kpc>, <Quantity 3123.49370766194 kpc>, <Quantity 888058422.9298671 solMass>, <Quantity 835244013.037484 solMass>, <Quantity 4.306888961899625 kpc>, <Quantity 6.433012119937 kpc>, -1, 0, 0, 0, 0, 0]
[307, 9152, <Quantity 3339.5572337952676 kpc>, <Quantity 2990.6272970602076 kpc>, <Quantity 3394.1418953913794 kpc>, <Quantity 858396389.7646179 solMass>, <Quantity 834334821.4004831 solMass>, <Quantity 4.258393497673974 kpc>, <Quantity 4.915996781792336 kpc>, -1, 0, 0, 0, 0, 0]
[308, 9151, <Quantity 3038.476809000091 kpc>, <Quantity 3095.4861245508046 kpc>, <Quantity 3155.3726333239792 kpc>, <Quantity 882562099.9569756 solMass>, <Quantity 834031757.5579814 solMass>, <Quantity 4.297985246655421 kpc>, <Quantity 5.750535508223112 kpc>, -1, 0, 0, 0, 0, 0]
[309, 9150, <Quantity 3455.493103429618 kpc>, <Quantity 2813.856835942285 kpc>, <Quantity 2862.2968747755253 kpc>, <Quantity 1004830470.8852233 solMass>, <Quantity 832213374.3781197 solMass>, <Quantity 4.487943987393077 kpc>, <Quantity 8.673696121998203 kpc>, -1, 0, 0, 0, 0, 0]
[310, 9149, <Quantity 3124.44636760621 kpc>, <Quantity 2780.955291695725 kpc>, <Quantity 3107.3617913004364 kpc>, <Quantity 985377023.5709529 solMass>, <Quantity 829182735.7041373 solMass>, <Quantity 4.4587929560683275 kpc>, <Quantity 7.12537712188026 kpc>, -1, 0, 0, 0, 0, 0]
[311, 9148, <Quantity 2893.490256357772 kpc>, <Quantity 2762.824594525564 kpc>, <Quantity 2888.938869850788 kpc>, <Quantity 817583747.6105309 solMass>, <Quantity 827364352.5254976 solMass>, <Quantity 4.189805981723848 kpc>, <Quantity 5.828403908500472 kpc>, -1, 0, 0, 0, 0, 0]
[312, 9147, <Quantity 3406.4226122126497 kpc>, <Quantity 3291.0990452790406 kpc>, <Quantity 3493.1992471421763 kpc>, <Quantity 754214638.5510825 solMass>, <Quantity 821606139.0684804 solMass>, <Quantity 4.078634749073297 kpc>, <Quantity 6.690871969856472 kpc>, -1, 0, 0, 0, 0, 0]
[313, 9146, <Quantity 2952.2086200667213 kpc>, <Quantity 3135.468862264241 kpc>, <Quantity 3223.44059528189 kpc>, <Quantity 783626704.3122444 solMass>, <Quantity 819787755.8730919 solMass>, <Quantity 4.130978218015159 kpc>, <Quantity 4.862050071893017 kpc>, -1, 0, 0, 0, 0, 0]
[314, 9145, <Quantity 3066.8024983569553 kpc>, <Quantity 3298.647917113484 kpc>, <Quantity 3539.134694438367 kpc>, <Quantity 764061639.9587939 solMass>, <Quantity 819787755.851929 solMass>, <Quantity 4.096308229510522 kpc>, <Quantity 4.99779276426572 kpc>, -1, 0, 0, 0, 0, 0]
[315, 9144, <Quantity 2920.9769268530995 kpc>, <Quantity 3189.592460429507 kpc>, <Quantity 3086.8901940037226 kpc>, <Quantity 728445599.666051 solMass>, <Quantity 817969372.7159879 solMass>, <Quantity 4.031644256692124 kpc>, <Quantity 6.739401540156436 kpc>, -1, 0, 0, 0, 0, 0]
[316, 9143, <Quantity 2915.5337262865705 kpc>, <Quantity 3182.8618916342853 kpc>, <Quantity 3076.3464763146785 kpc>, <Quantity 1045956225.1449186 solMass>, <Quantity 816757117.255567 solMass>, <Quantity 4.548354770852754 kpc>, <Quantity 6.09523297090988 kpc>, -1, 0, 0, 0, 0, 0]
[318, 9142, <Quantity 3384.5134701894845 kpc>, <Quantity 3471.929844667575 kpc>, <Quantity 3372.419504457706 kpc>, <Quantity 648490659.3140044 solMass>, <Quantity 814029542.4279492 solMass>, <Quantity 3.878386361031654 kpc>, <Quantity 6.266882462855148 kpc>, -1, 0, 0, 0, 0, 0]
[319, 9141, <Quantity 3257.554889347543 kpc>, <Quantity 3101.1747025474174 kpc>, <Quantity 3348.95202586187 kpc>, <Quantity 1023284629.8109449 solMass>, <Quantity 813726478.5515028 solMass>, <Quantity 4.515251852855179 kpc>, <Quantity 6.689674833902398 kpc>, -1, 0, 0, 0, 0, 0]
[320, 9140, <Quantity 3523.447193744215 kpc>, <Quantity 3183.9733688350566 kpc>, <Quantity 2588.616173704359 kpc>, <Quantity 755878713.3657742 solMass>, <Quantity 810392776.0756009 solMass>, <Quantity 4.081632201644133 kpc>, <Quantity 4.57963943178656 kpc>, -1, 0, 0, 0, 0, 0]
[322, 9139, <Quantity 2852.743569875653 kpc>, <Quantity 2729.0606273446115 kpc>, <Quantity 2918.202797426119 kpc>, <Quantity 741993743.6644034 solMass>, <Quantity 806452945.8069153 solMass>, <Quantity 4.056485335943053 kpc>, <Quantity 5.3040479094079975 kpc>, -1, 0, 0, 0, 0, 0]
[323, 9138, <Quantity 3508.9401314031948 kpc>, <Quantity 2760.164798294795 kpc>, <Quantity 2938.1935723401516 kpc>, <Quantity 916951590.5598176 solMass>, <Quantity 804937626.4839247 solMass>, <Quantity 4.353099879741907 kpc>, <Quantity 5.14442612200441 kpc>, -1, 0, 0, 0, 0, 0]
[324, 9136, <Quantity 3301.4806775399293 kpc>, <Quantity 3188.8250649314214 kpc>, <Quantity 3396.3453393920845 kpc>, <Quantity 728785735.4767791 solMass>, <Quantity 798270221.4282588 solMass>, <Quantity 4.032271662594669 kpc>, <Quantity 4.989304649028277 kpc>, -1, 0, 0, 0, 0, 0]
[325, 9135, <Quantity 3488.5028735577484 kpc>, <Quantity 3054.5474157382428 kpc>, <Quantity 2805.124908333416 kpc>, <Quantity 813152729.6252773 solMass>, <Quantity 797057965.9833791 solMass>, <Quantity 4.182223172070287 kpc>, <Quantity 7.880158604968479 kpc>, -1, 0, 0, 0, 0, 0]
[326, 9134, <Quantity 3503.73089231524 kpc>, <Quantity 2807.4220256093395 kpc>, <Quantity 3058.5149641557427 kpc>, <Quantity 821627809.7797776 solMass>, <Quantity 797057965.9650937 solMass>, <Quantity 4.196702716838261 kpc>, <Quantity 5.471627634761709 kpc>, -1, 0, 0, 0, 0, 0]
[327, 9132, <Quantity 3205.7684139681182 kpc>, <Quantity 3122.385596358775 kpc>, <Quantity 3104.483964676449 kpc>, <Quantity 772821221.4689097 solMass>, <Quantity 794633455.0230414 solMass>, <Quantity 4.111902822009908 kpc>, <Quantity 4.697104151797792 kpc>, -1, 0, 0, 0, 0, 0]
[328, 9130, <Quantity 2961.088899298409 kpc>, <Quantity 3013.5920065000687 kpc>, <Quantity 3113.4353983143646 kpc>, <Quantity 585929716.107152 solMass>, <Quantity 791905880.2480212 solMass>, <Quantity 3.749427876548732 kpc>, <Quantity 5.538397191097425 kpc>, -1, 0, 0, 0, 0, 0]
[329, 9129, <Quantity 3050.7778897233225 kpc>, <Quantity 3194.692450908008 kpc>, <Quantity 2580.121109865151 kpc>, <Quantity 810039557.9041389 solMass>, <Quantity 791602816.4222924 solMass>, <Quantity 4.176879104214245 kpc>, <Quantity 6.5729815537851355 kpc>, -1, 0, 0, 0, 0, 0]
[331, 9126, <Quantity 3282.9570995257486 kpc>, <Quantity 3097.7879300219506 kpc>, <Quantity 2726.4816085066345 kpc>, <Quantity 725059015.5427011 solMass>, <Quantity 787056858.4231282 solMass>, <Quantity 4.025386770026245 kpc>, <Quantity 7.487850472884913 kpc>, -1, 0, 0, 0, 0, 0]
[332, 9127, <Quantity 2715.0774192059653 kpc>, <Quantity 2868.390309628253 kpc>, <Quantity 3093.2673892844928 kpc>, <Quantity 715343939.8192154 solMass>, <Quantity 787056858.4096146 solMass>, <Quantity 4.007327130209313 kpc>, <Quantity 5.727823534211634 kpc>, -1, 0, 0, 0, 0, 0]
[333, 9125, <Quantity 3247.180617066762 kpc>, <Quantity 2794.707978419328 kpc>, <Quantity 2677.225416099896 kpc>, <Quantity 730276831.1881361 solMass>, <Quantity 785844602.9672991 solMass>, <Quantity 4.035019798669018 kpc>, <Quantity 5.792083821948361 kpc>, -1, 0, 0, 0, 0, 0]
[335, 9124, <Quantity 2702.8134919386166 kpc>, <Quantity 2620.7966414479765 kpc>, <Quantity 2799.7800534592666 kpc>, <Quantity 922199117.6621051 solMass>, <Quantity 783420092.0492009 solMass>, <Quantity 4.361388057129609 kpc>, <Quantity 5.927552647189713 kpc>, -1, 0, 0, 0, 0, 0]
[336, 9122, <Quantity 3393.7987356093636 kpc>, <Quantity 2958.1670608392437 kpc>, <Quantity 3218.3497360921388 kpc>, <Quantity 727928228.2404169 solMass>, <Quantity 780692517.2310584 solMass>, <Quantity 4.030689551882931 kpc>, <Quantity 5.175206234108504 kpc>, -1, 0, 0, 0, 0, 0]
[339, 9121, <Quantity 3292.239419600469 kpc>, <Quantity 2996.5229249218096 kpc>, <Quantity 2893.014871214563 kpc>, <Quantity 801942987.4207485 solMass>, <Quantity 777964942.4622947 solMass>, <Quantity 4.162916123284261 kpc>, <Quantity 5.634596337688593 kpc>, -1, 0, 0, 0, 0, 0]
[340, 9120, <Quantity 3086.80091018522 kpc>, <Quantity 2614.508290758301 kpc>, <Quantity 3374.661029966219 kpc>, <Quantity 876625338.7212659 solMass>, <Quantity 777964942.4396231 solMass>, <Quantity 4.288326421003291 kpc>, <Quantity 5.383176098954582 kpc>, -1, 0, 0, 0, 0, 0]
[341, 9119, <Quantity 3013.5930705733317 kpc>, <Quantity 2644.4917969601565 kpc>, <Quantity 3258.6172987950417 kpc>, <Quantity 740285780.5390481 solMass>, <Quantity 777358814.7311194 solMass>, <Quantity 4.053370462336059 kpc>, <Quantity 6.6519729558114555 kpc>, -1, 0, 0, 0, 0, 0]
[345, 9117, <Quantity 3022.250031514807 kpc>, <Quantity 3257.4740521502517 kpc>, <Quantity 3145.2342301076997 kpc>, <Quantity 800885776.7880785 solMass>, <Quantity 770388345.8362873 solMass>, <Quantity 4.161085978800624 kpc>, <Quantity 5.973296086929426 kpc>, -1, 0, 0, 0, 0, 0]
[346, 9116, <Quantity 3293.980304592274 kpc>, <Quantity 3072.840670896652 kpc>, <Quantity 3377.233039000257 kpc>, <Quantity 851199622.5789311 solMass>, <Quantity 769479154.2289879 solMass>, <Quantity 4.246459339592331 kpc>, <Quantity 5.247990068509295 kpc>, -1, 0, 0, 0, 0, 0]
[347, 9115, <Quantity 3600.4858345430193 kpc>, <Quantity 3232.580838779387 kpc>, <Quantity 3025.775188272569 kpc>, <Quantity 821192182.8769695 solMass>, <Quantity 763114813.0614058 solMass>, <Quantity 4.195960888732662 kpc>, <Quantity 8.836147169384729 kpc>, -1, 0, 0, 0, 0, 0]
[350, 9114, <Quantity 3521.1581915357765 kpc>, <Quantity 3074.6401157055207 kpc>, <Quantity 2788.728941613227 kpc>, <Quantity 878825387.4017004 solMass>, <Quantity 752204513.9041288 solMass>, <Quantity 4.291910865770049 kpc>, <Quantity 5.200438343613705 kpc>, -1, 0, 0, 0, 0, 0]
[351, 9113, <Quantity 2733.473640491329 kpc>, <Quantity 3418.692622450045 kpc>, <Quantity 3315.595080837708 kpc>, <Quantity 713569091.4054283 solMass>, <Quantity 750386130.7088516 solMass>, <Quantity 4.004010176342984 kpc>, <Quantity 5.953500063779168 kpc>, -1, 0, 0, 0, 0, 0]
[352, 9112, <Quantity 3159.7884315437823 kpc>, <Quantity 2883.6205832113583 kpc>, <Quantity 2745.0268890765465 kpc>, <Quantity 670420140.5635546 solMass>, <Quantity 744930981.137474 solMass>, <Quantity 3.9216200423236756 kpc>, <Quantity 5.343547910376777 kpc>, -1, 0, 0, 0, 0, 0]
[353, 9111, <Quantity 3589.249244840793 kpc>, <Quantity 3020.890176389442 kpc>, <Quantity 2836.9928024840146 kpc>, <Quantity 882678235.6598243 solMass>, <Quantity 742506470.211574 solMass>, <Quantity 4.298173761301147 kpc>, <Quantity 4.943049984731809 kpc>, -1, 0, 0, 0, 0, 0]
[354, 9110, <Quantity 3348.7829519146967 kpc>, <Quantity 3034.9497901685077 kpc>, <Quantity 3463.6519004188604 kpc>, <Quantity 735243586.140943 solMass>, <Quantity 740385023.1555946 solMass>, <Quantity 4.044146790181677 kpc>, <Quantity 4.744200821359243 kpc>, -1, 0, 0, 0, 0, 0]
[356, 9109, <Quantity 3258.6803306599136 kpc>, <Quantity 2675.7947714430125 kpc>, <Quantity 3268.508897126712 kpc>, <Quantity 800639981.9321396 solMass>, <Quantity 736142129.0162137 solMass>, <Quantity 4.160660250934798 kpc>, <Quantity 5.313170778973337 kpc>, -1, 0, 0, 0, 0, 0]
[357, 9108, <Quantity 3124.6353541556014 kpc>, <Quantity 3201.6427710937733 kpc>, <Quantity 3140.7832836858074 kpc>, <Quantity 678174116.192211 solMass>, <Quantity 736142129.0142479 solMass>, <Quantity 3.936681076412457 kpc>, <Quantity 4.314073549211101 kpc>, -1, 0, 0, 0, 0, 0]
[358, 9107, <Quantity 3111.902384786815 kpc>, <Quantity 3032.361667204383 kpc>, <Quantity 3363.9374510949283 kpc>, <Quantity 676518842.1293707 solMass>, <Quantity 733414554.2431964 solMass>, <Quantity 3.9334756090985414 kpc>, <Quantity 5.409334836316915 kpc>, -1, 0, 0, 0, 0, 0]
[361, 9106, <Quantity 3241.50525642313 kpc>, <Quantity 2831.7055396567466 kpc>, <Quantity 3045.416808574366 kpc>, <Quantity 825639245.3617287 solMass>, <Quantity 720382808.0435597 solMass>, <Quantity 4.203521489257064 kpc>, <Quantity 7.416715827575617 kpc>, -1, 0, 0, 0, 0, 0]
[363, 9105, <Quantity 3485.3467383648044 kpc>, <Quantity 3436.289939091785 kpc>, <Quantity 3621.1570530384206 kpc>, <Quantity 635663951.3396297 solMass>, <Quantity 719170552.5621916 solMass>, <Quantity 3.852645271439246 kpc>, <Quantity 3.5921277543826107 kpc>, -1, 0, 0, 0, 0, 0]
[364, 9104, <Quantity 3515.2078164711415 kpc>, <Quantity 3206.708245389202 kpc>, <Quantity 3011.7829186585923 kpc>, <Quantity 663373718.9199246 solMass>, <Quantity 718867488.7232196 solMass>, <Quantity 3.9078322848968847 kpc>, <Quantity 7.990392308668692 kpc>, -1, 0, 0, 0, 0, 0]
[366, 9102, <Quantity 2876.54635586686 kpc>, <Quantity 2751.3025651282724 kpc>, <Quantity 2904.8354989618115 kpc>, <Quantity 766738373.9693382 solMass>, <Quantity 716139913.9222082 solMass>, <Quantity 4.101086180929177 kpc>, <Quantity 5.489456066576175 kpc>, -1, 0, 0, 0, 0, 0]
[370, 9101, <Quantity 3474.887352541248 kpc>, <Quantity 2769.4883600691087 kpc>, <Quantity 3219.218361870887 kpc>, <Quantity 556722965.815864 solMass>, <Quantity 713412339.1201926 solMass>, <Quantity 3.686064029263004 kpc>, <Quantity 6.5977119390016306 kpc>, -1, 0, 0, 0, 0, 0]
[371, 9100, <Quantity 3049.4589831198764 kpc>, <Quantity 3205.0140298250826 kpc>, <Quantity 2580.5352471091824 kpc>, <Quantity 681330496.4243397 solMass>, <Quantity 711593955.9575114 solMass>, <Quantity 3.942779035828278 kpc>, <Quantity 4.652767506217926 kpc>, -1, 0, 0, 0, 0, 0]
[373, 9098, <Quantity 3167.742892018902 kpc>, <Quantity 3097.2738673566596 kpc>, <Quantity 2567.588132603171 kpc>, <Quantity 660098822.5590005 solMass>, <Quantity 707957189.5572339 solMass>, <Quantity 3.901391037185402 kpc>, <Quantity 5.418967243776419 kpc>, -1, 0, 0, 0, 0, 0]
[375, 9097, <Quantity 2970.9345784820334 kpc>, <Quantity 2816.168875973944 kpc>, <Quantity 2745.0808020166273 kpc>, <Quantity 569794346.1222117 solMass>, <Quantity 705835742.499576 solMass>, <Quantity 3.7146896955521944 kpc>, <Quantity 5.849208553741226 kpc>, -1, 0, 0, 0, 0, 0]
[376, 9096, <Quantity 3182.446118797547 kpc>, <Quantity 2945.2579953060063 kpc>, <Quantity 3246.5177594924107 kpc>, <Quantity 611478623.2487863 solMass>, <Quantity 705835742.4839735 solMass>, <Quantity 3.8031511748571134 kpc>, <Quantity 4.8973113191421325 kpc>, -1, 0, 0, 0, 0, 0]
[377, 9095, <Quantity 3233.8883493818284 kpc>, <Quantity 3407.5014588151184 kpc>, <Quantity 3231.2637005582196 kpc>, <Quantity 457574939.92601913 solMass>, <Quantity 705532678.6250887 solMass>, <Quantity 3.4527932422334415 kpc>, <Quantity 11.949657521977526 kpc>, -1, 0, 0, 0, 0, 0]
[378, 9094, <Quantity 3159.2975917064896 kpc>, <Quantity 3181.2507096025 kpc>, <Quantity 3145.380635741761 kpc>, <Quantity 576335959.1795466 solMass>, <Quantity 704623487.0278364 solMass>, <Quantity 3.7288513299791433 kpc>, <Quantity 5.11080156987541 kpc>, -1, 0, 0, 0, 0, 0]
[379, 9093, <Quantity 3154.453395153813 kpc>, <Quantity 3234.236064465376 kpc>, <Quantity 3563.5608146445875 kpc>, <Quantity 579509457.4938996 solMass>, <Quantity 702198976.0822815 solMass>, <Quantity 3.735682906643475 kpc>, <Quantity 5.046350742493449 kpc>, -1, 0, 0, 0, 0, 0]
[381, 9091, <Quantity 3482.4225737149964 kpc>, <Quantity 2887.9218312834823 kpc>, <Quantity 2928.7337422459073 kpc>, <Quantity 644745025.9648869 solMass>, <Quantity 697653018.136952 solMass>, <Quantity 3.8709048488154947 kpc>, <Quantity 5.35124092207027 kpc>, -1, 0, 0, 0, 0, 0]
[382, 9090, <Quantity 3324.1386727814306 kpc>, <Quantity 3148.915788528046 kpc>, <Quantity 3412.1708250426354 kpc>, <Quantity 615209105.6898454 solMass>, <Quantity 691288676.9414582 solMass>, <Quantity 3.8108695337415663 kpc>, <Quantity 4.149289562044855 kpc>, -1, 0, 0, 0, 0, 0]
[383, 9089, <Quantity 2909.9710006587775 kpc>, <Quantity 2754.7561332457794 kpc>, <Quantity 2895.959664811259 kpc>, <Quantity 716271818.2875856 solMass>, <Quantity 689773357.6376277 solMass>, <Quantity 4.00905902719198 kpc>, <Quantity 5.878188037400319 kpc>, -1, 0, 0, 0, 0, 0]
[386, 9088, <Quantity 3585.6881001919855 kpc>, <Quantity 2762.5493364365575 kpc>, <Quantity 2741.153901787164 kpc>, <Quantity 635878274.4799597 solMass>, <Quantity 682499824.8635306 solMass>, <Quantity 3.853078214164575 kpc>, <Quantity 4.514893427279774 kpc>, -1, 0, 0, 0, 0, 0]
[387, 9086, <Quantity 3461.350920287744 kpc>, <Quantity 3237.132859973421 kpc>, <Quantity 3046.9535524170556 kpc>, <Quantity 527773581.6880792 solMass>, <Quantity 679772250.0887015 solMass>, <Quantity 3.6210321293867977 kpc>, <Quantity 5.976517557553256 kpc>, -1, 0, 0, 0, 0, 0]
[388, 9085, <Quantity 2957.541272315778 kpc>, <Quantity 3365.6784615773695 kpc>, <Quantity 3313.2675822607875 kpc>, <Quantity 615663830.5640013 solMass>, <Quantity 676741611.4103482 solMass>, <Quantity 3.811808222922149 kpc>, <Quantity 5.442344940942354 kpc>, -1, 0, 0, 0, 0, 0]
[390, 9083, <Quantity 3342.8450314045454 kpc>, <Quantity 2816.720388394348 kpc>, <Quantity 3300.7398055218364 kpc>, <Quantity 610426835.158469 solMass>, <Quantity 674620164.3565831 solMass>, <Quantity 3.8009693570758127 kpc>, <Quantity 4.498063417462216 kpc>, -1, 0, 0, 0, 0, 0]
[396, 9082, <Quantity 3363.6209052343534 kpc>, <Quantity 3101.2213628837494 kpc>, <Quantity 2810.579767328502 kpc>, <Quantity 643819856.0164323 solMass>, <Quantity 668558887.0610309 solMass>, <Quantity 3.8690524580675834 kpc>, <Quantity 4.8147321888335695 kpc>, -1, 0, 0, 0, 0, 0]
[397, 9081, <Quantity 3296.009123484079 kpc>, <Quantity 3103.4728866603273 kpc>, <Quantity 3379.5031673353483 kpc>, <Quantity 696522879.0710808 solMass>, <Quantity 666740503.8364309 solMass>, <Quantity 3.9718693829668164 kpc>, <Quantity 4.61787260851054 kpc>, -1, 0, 0, 0, 0, 0]
[401, 9078, <Quantity 3293.8399299187577 kpc>, <Quantity 3325.1429008522637 kpc>, <Quantity 3535.6781116043485 kpc>, <Quantity 523981032.71107423 solMass>, <Quantity 657042460.1485573 solMass>, <Quantity 3.6123377644636934 kpc>, <Quantity 5.808351128291318 kpc>, -1, 0, 0, 0, 0, 0]
[402, 9077, <Quantity 3220.1915214502646 kpc>, <Quantity 3118.231679587695 kpc>, <Quantity 3120.948146214606 kpc>, <Quantity 571123242.3972121 solMass>, <Quantity 654314885.3569683 solMass>, <Quantity 3.7175753007697296 kpc>, <Quantity 6.097900932174745 kpc>, -1, 0, 0, 0, 0, 0]
[403, 9076, <Quantity 3404.618928506882 kpc>, <Quantity 2796.443406353733 kpc>, <Quantity 3324.4082088247733 kpc>, <Quantity 767291928.5147284 solMass>, <Quantity 652799566.0577037 solMass>, <Quantity 4.102072883767807 kpc>, <Quantity 6.59073473551081 kpc>, -1, 0, 0, 0, 0, 0]
[404, 9075, <Quantity 3108.2291335854093 kpc>, <Quantity 3384.5564052980994 kpc>, <Quantity 3324.1160376090606 kpc>, <Quantity 590306000.1029484 solMass>, <Quantity 652193438.2956425 solMass>, <Quantity 3.7587395043297023 kpc>, <Quantity 3.9693433307753 kpc>, -1, 0, 0, 0, 0, 0]
[409, 9071, <Quantity 3326.7105840795425 kpc>, <Quantity 3485.2179739143908 kpc>, <Quantity 3269.5197066701453 kpc>, <Quantity 596153209.5706625 solMass>, <Quantity 646132160.9964191 solMass>, <Quantity 3.7711093411107597 kpc>, <Quantity 8.883034961821236 kpc>, -1, 0, 0, 0, 0, 0]
[411, 9069, <Quantity 3020.368483037655 kpc>, <Quantity 2690.2856452668466 kpc>, <Quantity 3219.325517537021 kpc>, <Quantity 620563269.9519652 solMass>, <Quantity 643404586.2177694 solMass>, <Quantity 3.821892947710789 kpc>, <Quantity 5.863528405136657 kpc>, -1, 0, 0, 0, 0, 0]
[413, 9068, <Quantity 3473.4410481089662 kpc>, <Quantity 2820.009985755043 kpc>, <Quantity 3051.6688832121245 kpc>, <Quantity 526332026.6029032 solMass>, <Quantity 638858628.2550573 solMass>, <Quantity 3.6177323071222234 kpc>, <Quantity 4.296675167449926 kpc>, -1, 0, 0, 0, 0, 0]
[415, 9067, <Quantity 3197.188231852819 kpc>, <Quantity 3032.694754701376 kpc>, <Quantity 3123.6077577546052 kpc>, <Quantity 537318885.5625856 solMass>, <Quantity 635221861.8553472 solMass>, <Quantity 3.6427318053084647 kpc>, <Quantity 4.515560290539302 kpc>, -1, 0, 0, 0, 0, 0]
[416, 9066, <Quantity 3323.246601381249 kpc>, <Quantity 3173.514597447627 kpc>, <Quantity 3416.818790715079 kpc>, <Quantity 653582284.9534864 solMass>, <Quantity 633706542.5161918 solMass>, <Quantity 3.8885102969990006 kpc>, <Quantity 6.208922875094571 kpc>, -1, 0, 0, 0, 0, 0]
[417, 9065, <Quantity 3339.5451723200767 kpc>, <Quantity 2834.6528803624933 kpc>, <Quantity 3086.743422916045 kpc>, <Quantity 614029905.5637232 solMass>, <Quantity 633403478.6437649 solMass>, <Quantity 3.8084331523554784 kpc>, <Quantity 4.5171974709446285 kpc>, -1, 0, 0, 0, 0, 0]
[419, 9064, <Quantity 3537.192769730126 kpc>, <Quantity 2828.9776576205063 kpc>, <Quantity 3607.713685002466 kpc>, <Quantity 511834398.7947562 solMass>, <Quantity 632191223.1954833 solMass>, <Quantity 3.5842061932086655 kpc>, <Quantity 5.6950881785101926 kpc>, -1, 0, 0, 0, 0, 0]
[420, 9063, <Quantity 3254.3265383860526 kpc>, <Quantity 3031.02538600749 kpc>, <Quantity 3355.622928274165 kpc>, <Quantity 519409496.9547501 solMass>, <Quantity 630675903.8734984 solMass>, <Quantity 3.6018016379668265 kpc>, <Quantity 4.719269411176009 kpc>, -1, 0, 0, 0, 0, 0]
[422, 9060, <Quantity 2714.1748776458694 kpc>, <Quantity 3521.508248203203 kpc>, <Quantity 3572.01960724449 kpc>, <Quantity 500598530.69732296 solMass>, <Quantity 624614626.5475408 solMass>, <Quantity 3.5577848879808056 kpc>, <Quantity 6.464924341448948 kpc>, -1, 0, 0, 0, 0, 0]
[424, 9059, <Quantity 2805.0139663507966 kpc>, <Quantity 2972.0263345348853 kpc>, <Quantity 2846.1402314040383 kpc>, <Quantity 570960684.8829937 solMass>, <Quantity 621280924.047727 solMass>, <Quantity 3.7172225589565175 kpc>, <Quantity 3.90905855107159 kpc>, -1, 0, 0, 0, 0, 0]
[427, 9057, <Quantity 3011.7640521128556 kpc>, <Quantity 3256.4624379887987 kpc>, <Quantity 3141.896853001777 kpc>, <Quantity 524932051.75172025 solMass>, <Quantity 613704327.4084525 solMass>, <Quantity 3.614521892940466 kpc>, <Quantity 4.411694321256976 kpc>, -1, 0, 0, 0, 0, 0]
[428, 9056, <Quantity 3494.7126920646547 kpc>, <Quantity 3283.2226129741566 kpc>, <Quantity 2759.8897419085215 kpc>, <Quantity 559460988.6727071 solMass>, <Quantity 611885944.2318252 solMass>, <Quantity 3.6920969683645417 kpc>, <Quantity 4.888890485887965 kpc>, -1, 0, 0, 0, 0, 0]
[430, 9055, <Quantity 3065.6887786156135 kpc>, <Quantity 2876.5043893068887 kpc>, <Quantity 3060.9789421145365 kpc>, <Quantity 559513213.7654586 solMass>, <Quantity 608249177.851623 solMass>, <Quantity 3.692211849241543 kpc>, <Quantity 5.247034972658694 kpc>, -1, 0, 0, 0, 0, 0]
[434, 9053, <Quantity 3601.550726434538 kpc>, <Quantity 3299.3007256643855 kpc>, <Quantity 3536.930640203988 kpc>, <Quantity 592119075.4851768 solMass>, <Quantity 604006283.6955175 solMass>, <Quantity 3.762583788951851 kpc>, <Quantity 6.6431266800347375 kpc>, -1, 0, 0, 0, 0, 0]
[437, 9051, <Quantity 3468.7621073501014 kpc>, <Quantity 3447.9741016026746 kpc>, <Quantity 3600.219787823431 kpc>, <Quantity 648736279.6703714 solMass>, <Quantity 599763389.5806618 solMass>, <Quantity 3.8788759545117553 kpc>, <Quantity 4.902798536365828 kpc>, -1, 0, 0, 0, 0, 0]
[440, 9049, <Quantity 3573.083861076493 kpc>, <Quantity 3216.4540973573853 kpc>, <Quantity 3471.075284816331 kpc>, <Quantity 523575300.7027814 solMass>, <Quantity 595217431.6073757 solMass>, <Quantity 3.6114051483181684 kpc>, <Quantity 6.704510319055812 kpc>, -1, 0, 0, 0, 0, 0]
[442, 9047, <Quantity 3241.277243510341 kpc>, <Quantity 3012.603357229362 kpc>, <Quantity 2750.3343228279946 kpc>, <Quantity 521246475.6138279 solMass>, <Quantity 589459218.1915207 solMass>, <Quantity 3.6060427669352393 kpc>, <Quantity 5.011170558085062 kpc>, -1, 0, 0, 0, 0, 0]
[444, 9045, <Quantity 2998.450081331644 kpc>, <Quantity 2923.413479048435 kpc>, <Quantity 2730.5393393003387 kpc>, <Quantity 514196256.9494737 solMass>, <Quantity 587034707.2686976 solMass>, <Quantity 3.589710837391814 kpc>, <Quantity 4.21050951477794 kpc>, -1, 0, 0, 0, 0, 0]
[445, 9044, <Quantity 3261.392599828811 kpc>, <Quantity 3494.5514682105404 kpc>, <Quantity 3291.4907448022527 kpc>, <Quantity 748957911.7050753 solMass>, <Quantity 586428579.5275344 solMass>, <Quantity 4.069136889562227 kpc>, <Quantity 5.356655841420732 kpc>, -1, 0, 0, 0, 0, 0]
[447, 9042, <Quantity 2753.189533246962 kpc>, <Quantity 3360.4577749155746 kpc>, <Quantity 3389.171540439863 kpc>, <Quantity 662676795.045483 solMass>, <Quantity 578851982.8931955 solMass>, <Quantity 3.906463315023846 kpc>, <Quantity 4.028334148057638 kpc>, -1, 0, 0, 0, 0, 0]
[448, 9041, <Quantity 2967.621970675819 kpc>, <Quantity 3492.5103614307054 kpc>, <Quantity 3204.424736594954 kpc>, <Quantity 470718236.1486819 solMass>, <Quantity 578548919.0498511 solMass>, <Quantity 3.485540797674478 kpc>, <Quantity 7.940409674964017 kpc>, -1, 0, 0, 0, 0, 0]
[449, 9040, <Quantity 2683.1370419660657 kpc>, <Quantity 3500.3718485530662 kpc>, <Quantity 3571.305602915916 kpc>, <Quantity 555535009.5285598 solMass>, <Quantity 578245855.1735451 solMass>, <Quantity 3.683440341771726 kpc>, <Quantity 5.802296921108824 kpc>, -1, 0, 0, 0, 0, 0]
[450, 9039, <Quantity 2992.409153833855 kpc>, <Quantity 3367.1478914588697 kpc>, <Quantity 3302.616934066585 kpc>, <Quantity 447463024.73105997 solMass>, <Quantity 577033599.6879482 solMass>, <Quantity 3.427169208409149 kpc>, <Quantity 6.631975636666148 kpc>, -1, 0, 0, 0, 0, 0]
[451, 9038, <Quantity 2683.940053831376 kpc>, <Quantity 3235.9367185875844 kpc>, <Quantity 3047.4019443342627 kpc>, <Quantity 519485185.39643884 solMass>, <Quantity 576730535.839701 solMass>, <Quantity 3.6019765811886306 kpc>, <Quantity 5.498030460222128 kpc>, -1, 0, 0, 0, 0, 0]
[453, 9036, <Quantity 3128.6739956476076 kpc>, <Quantity 3353.2296447023336 kpc>, <Quantity 3285.8959579063894 kpc>, <Quantity 625765059.2644238 solMass>, <Quantity 575215216.5104831 solMass>, <Quantity 3.832542084839883 kpc>, <Quantity 5.305179671386805 kpc>, -1, 0, 0, 0, 0, 0]
[454, 9035, <Quantity 3475.7699731367843 kpc>, <Quantity 2793.189798662762 kpc>, <Quantity 3117.2584038673644 kpc>, <Quantity 605097320.8168354 solMass>, <Quantity 575215216.507923 solMass>, <Quantity 3.789875173267653 kpc>, <Quantity 5.137883961640845 kpc>, -1, 0, 0, 0, 0, 0]
[455, 9034, <Quantity 3218.3728483640393 kpc>, <Quantity 2816.273818784465 kpc>, <Quantity 3165.0750757423048 kpc>, <Quantity 500605643.5231714 solMass>, <Quantity 572487641.7150395 solMass>, <Quantity 3.557801738332874 kpc>, <Quantity 5.769120865935646 kpc>, -1, 0, 0, 0, 0, 0]
[456, 9033, <Quantity 2833.4697787154355 kpc>, <Quantity 3274.7540737037207 kpc>, <Quantity 2764.852643794637 kpc>, <Quantity 492675509.13141024 solMass>, <Quantity 572184577.8748327 solMass>, <Quantity 3.538915181833935 kpc>, <Quantity 3.719662163476263 kpc>, -1, 0, 0, 0, 0, 0]
[457, 9031, <Quantity 3396.525284020279 kpc>, <Quantity 3354.4227577104184 kpc>, <Quantity 2845.3740526125825 kpc>, <Quantity 502442511.7033998 solMass>, <Quantity 571275386.2710602 solMass>, <Quantity 3.562147964377665 kpc>, <Quantity 5.679742157053015 kpc>, -1, 0, 0, 0, 0, 0]
[458, 9032, <Quantity 3090.2039465258144 kpc>, <Quantity 3014.861671962878 kpc>, <Quantity 3388.6774912551787 kpc>, <Quantity 667942707.4831959 solMass>, <Quantity 571275386.2610439 solMass>, <Quantity 3.916783501425829 kpc>, <Quantity 5.240011028131401 kpc>, -1, 0, 0, 0, 0, 0]
[459, 9030, <Quantity 3379.3196937878665 kpc>, <Quantity 3526.2605305334123 kpc>, <Quantity 2635.877040346154 kpc>, <Quantity 504512151.5479031 solMass>, <Quantity 570972322.4094481 solMass>, <Quantity 3.5670322802593066 kpc>, <Quantity 4.872050810709181 kpc>, -1, 0, 0, 0, 0, 0]
[460, 9029, <Quantity 3424.9659406376013 kpc>, <Quantity 2789.8997039662977 kpc>, <Quantity 3326.4520703666935 kpc>, <Quantity 455920899.4890173 solMass>, <Quantity 570669258.5261364 solMass>, <Quantity 3.4486278371545844 kpc>, <Quantity 6.383057342096645 kpc>, -1, 0, 0, 0, 0, 0]
[461, 9028, <Quantity 3590.561814995197 kpc>, <Quantity 2635.6427456792803 kpc>, <Quantity 3233.7636733038025 kpc>, <Quantity 561658254.3259202 solMass>, <Quantity 570366194.6582205 solMass>, <Quantity 3.6969241863355156 kpc>, <Quantity 5.272564560520473 kpc>, -1, 0, 0, 0, 0, 0]
