yt : [INFO     ] 2017-07-26 12:07:24,203 Parameters: current_time              = 2.98248939056e+16
yt : [INFO     ] 2017-07-26 12:07:24,203 Parameters: domain_dimensions         = [2 2 2]
yt : [INFO     ] 2017-07-26 12:07:24,204 Parameters: domain_left_edge          = [ 0.  0.  0.]
yt : [INFO     ] 2017-07-26 12:07:24,204 Parameters: domain_right_edge         = [  1.90744739e+25   1.90744739e+25   1.90744739e+25]
yt : [INFO     ] 2017-07-26 12:07:24,205 Parameters: cosmological_simulation   = 1
yt : [INFO     ] 2017-07-26 12:07:24,205 Parameters: current_redshift          = 5.99999984663
yt : [INFO     ] 2017-07-26 12:07:24,205 Parameters: omega_lambda              = 0.712
yt : [INFO     ] 2017-07-26 12:07:24,205 Parameters: omega_matter              = 0.288
yt : [INFO     ] 2017-07-26 12:07:24,205 Parameters: hubble_constant           = 0.6933
yt : [INFO     ] 2017-07-26 12:07:24,285 Parameters: current_time              = 125.48444577791
yt : [INFO     ] 2017-07-26 12:07:24,285 Parameters: domain_dimensions         = [128 128 128]
yt : [INFO     ] 2017-07-26 12:07:24,286 Parameters: domain_left_edge          = [ 0.  0.  0.]
yt : [INFO     ] 2017-07-26 12:07:24,286 Parameters: domain_right_edge         = [ 1.  1.  1.]
yt : [INFO     ] 2017-07-26 12:07:24,287 Parameters: cosmological_simulation   = 1
yt : [INFO     ] 2017-07-26 12:07:24,287 Parameters: current_redshift          = 5.9999998466326
yt : [INFO     ] 2017-07-26 12:07:24,287 Parameters: omega_lambda              = 0.712
yt : [INFO     ] 2017-07-26 12:07:24,287 Parameters: omega_matter              = 0.288
yt : [INFO     ] 2017-07-26 12:07:24,287 Parameters: hubble_constant           = 0.6933
yt : [INFO     ] 2017-07-26 12:07:24,290 Allocating for 6.279e+03 particles (index particle type 'all')
yt : [INFO     ] 2017-07-26 12:07:24,295 Identified 2.249e+03 octs
TimeNow:  0.944867546029586 Gyr
IsSatellite
