yt : [INFO     ] 2017-07-25 14:03:14,692 Parameters: current_time              = 3.75573047392e+16
yt : [INFO     ] 2017-07-25 14:03:14,692 Parameters: domain_dimensions         = [2 2 2]
yt : [INFO     ] 2017-07-25 14:03:14,693 Parameters: domain_left_edge          = [ 0.  0.  0.]
yt : [INFO     ] 2017-07-25 14:03:14,693 Parameters: domain_right_edge         = [  2.22535525e+25   2.22535525e+25   2.22535525e+25]
yt : [INFO     ] 2017-07-25 14:03:14,694 Parameters: cosmological_simulation   = 1
yt : [INFO     ] 2017-07-25 14:03:14,694 Parameters: current_redshift          = 4.99999997271
yt : [INFO     ] 2017-07-25 14:03:14,694 Parameters: omega_lambda              = 0.712
yt : [INFO     ] 2017-07-25 14:03:14,694 Parameters: omega_matter              = 0.288
yt : [INFO     ] 2017-07-25 14:03:14,694 Parameters: hubble_constant           = 0.6933
yt : [INFO     ] 2017-07-25 14:03:14,782 Parameters: current_time              = 158.01758038228
yt : [INFO     ] 2017-07-25 14:03:14,782 Parameters: domain_dimensions         = [128 128 128]
yt : [INFO     ] 2017-07-25 14:03:14,783 Parameters: domain_left_edge          = [ 0.  0.  0.]
yt : [INFO     ] 2017-07-25 14:03:14,783 Parameters: domain_right_edge         = [ 1.  1.  1.]
yt : [INFO     ] 2017-07-25 14:03:14,784 Parameters: cosmological_simulation   = 1
yt : [INFO     ] 2017-07-25 14:03:14,784 Parameters: current_redshift          = 4.9999999727121
yt : [INFO     ] 2017-07-25 14:03:14,784 Parameters: omega_lambda              = 0.712
yt : [INFO     ] 2017-07-25 14:03:14,784 Parameters: omega_matter              = 0.288
yt : [INFO     ] 2017-07-25 14:03:14,784 Parameters: hubble_constant           = 0.6933
yt : [INFO     ] 2017-07-25 14:03:14,787 Allocating for 1.116e+04 particles (index particle type 'all')
yt : [INFO     ] 2017-07-25 14:03:14,793 Identified 3.609e+03 octs
IsSatellite
IsSatellite
39 2.7855915375839846 solMass / solMass
42 2.234036397310098 solMass / solMass
47 3.9568583367990833 solMass / solMass
IsSatellite
52 4.0511565784924874 solMass / solMass
IsSatellite
54 3.189163195651939 solMass / solMass
55 13.90115495323397 solMass / solMass
58 4.321886226422179 solMass / solMass
IsSatellite
60 5.188613371511611 solMass / solMass
61 2.200697377288953 solMass / solMass
62 2.613991885794945 solMass / solMass
64 3.422915174850125 solMass / solMass
65 4.044745556113556 solMass / solMass
66 1.7456137696101244 solMass / solMass
IsSatellite
75 2.3373742623741074 solMass / solMass
76 4.131793008008781 solMass / solMass
IsSatellite
81 4.714075963343778 solMass / solMass
82 6.3400278397276475 solMass / solMass
83 10.165696516433224 solMass / solMass
86 28.795623195424245 solMass / solMass
91 10.746649716916744 solMass / solMass
92 7.677832781776912 solMass / solMass
95 2.250140287471392 solMass / solMass
97 9.808666585394999 solMass / solMass
HaloMassEqualZero
102 7.790562531010722 solMass / solMass
103 2.798275053768522 solMass / solMass
105 4.199956715481197 solMass / solMass
107 35.2730247321697 solMass / solMass
108 5.4682012134242015 solMass / solMass
109 2.976018693896427 solMass / solMass
112 8.679889470516475 solMass / solMass
115 3.4732631121542736 solMass / solMass
116 3.7515447107808315 solMass / solMass
118 3.0932262194418265 solMass / solMass
123 0.8683200774239567 solMass / solMass
125 3.783135423436814e-38 solMass / solMass
127 3.939624113146952 solMass / solMass
134 2.0288434583287644 solMass / solMass
137 10.342477565633583 solMass / solMass
138 8.219571840641766 solMass / solMass
142 9.501569478799857 solMass / solMass
143 13.652451732364991 solMass / solMass
145 4.799789815434061 solMass / solMass
146 4.706150581609345 solMass / solMass
153 6.396270788189862 solMass / solMass
155 8.586052079175335 solMass / solMass
157 25.603198997573614 solMass / solMass
158 12.857761825577501 solMass / solMass
161 8.144301741624286 solMass / solMass
162 8.888599830350344 solMass / solMass
164 57.48781254586271 solMass / solMass
167 20.564446506329283 solMass / solMass
169 18.161258104622394 solMass / solMass
171 70.93418646464666 solMass / solMass
174 2.971374712228196 solMass / solMass
175 20.99018522651431 solMass / solMass
176 5.3275584370840745 solMass / solMass
IsSatellite
182 20.94872429660261 solMass / solMass
184 77.00187500788368 solMass / solMass
187 14.2679458518225 solMass / solMass
188 6.560065016690069 solMass / solMass
189 35.16533731541409 solMass / solMass
190 8.15138228528415 solMass / solMass
191 1.07366785373024 solMass / solMass
192 83.44291979150562 solMass / solMass
193 4.539303424710355 solMass / solMass
195 4.614336747050613 solMass / solMass
196 4.621601704306558 solMass / solMass
198 2.1581934932736313e+38 solMass / solMass
200 27.16295258966408 solMass / solMass
202 25.683270164440316 solMass / solMass
204 8.513987950948524 solMass / solMass
205 9.625575273615885 solMass / solMass
206 7.623510950494573 solMass / solMass
208 21.81520539836981 solMass / solMass
209 9.402125039535724 solMass / solMass
210 8.201530205836866 solMass / solMass
211 22.13636679171303 solMass / solMass
212 19.89043347635045 solMass / solMass
213 29.93882743637202 solMass / solMass
214 70.88415711094409 solMass / solMass
215 28.330366434866246 solMass / solMass
216 3.195022423036034 solMass / solMass
217 11.50526435829388 solMass / solMass
219 8.64969830335276 solMass / solMass
221 27.103190794105057 solMass / solMass
222 4.347022969699932 solMass / solMass
225 16.13729679062732 solMass / solMass
226 98.83270679292512 solMass / solMass
227 5.511743724694527 solMass / solMass
228 45.14891034798103 solMass / solMass
229 2.661376431395078e+38 solMass / solMass
230 10.338786228681851 solMass / solMass
231 7.871715853213427 solMass / solMass
234 10.48263287178492 solMass / solMass
235 1.6473107469987087 solMass / solMass
237 10.87412597276552 solMass / solMass
242 23.354538107922487 solMass / solMass
243 12.586034656006952 solMass / solMass
244 5.380484148557089 solMass / solMass
245 65.75728299364641 solMass / solMass
247 12.661076736472756 solMass / solMass
249 2.169034513023724 solMass / solMass
254 17.03452138765012 solMass / solMass
255 4.049815012003794 solMass / solMass
256 3.559531828739111 solMass / solMass
257 41.515320607148915 solMass / solMass
258 3.5548405137638204 solMass / solMass
259 2.6836662267687226 solMass / solMass
263 8.355584963069395 solMass / solMass
267 33.741360677002 solMass / solMass
269 7.119933010911117 solMass / solMass
270 15.61642957130258 solMass / solMass
273 32.39697535498695 solMass / solMass
274 40.72241011082647 solMass / solMass
275 12.028949366912403 solMass / solMass
276 13.742061990051756 solMass / solMass
277 12.101001377498806 solMass / solMass
280 2.0838033032122056 solMass / solMass
281 3.3660364043675064e+38 solMass / solMass
282 8.390600720581135 solMass / solMass
283 3.098754445206934e+38 solMass / solMass
285 23.254907581830796 solMass / solMass
287 35.81483124990744 solMass / solMass
289 18.99671229831666 solMass / solMass
290 23.91941903307486 solMass / solMass
292 14.92409306544388 solMass / solMass
295 130.56735915708887 solMass / solMass
296 19.23277444935418 solMass / solMass
297 14.753395038789158 solMass / solMass
300 14.538981058968359 solMass / solMass
302 21.14994639384684 solMass / solMass
303 33.46254115144775 solMass / solMass
306 27.49902116407976 solMass / solMass
309 34.908074650314795 solMass / solMass
313 3.437952820850029 solMass / solMass
314 8.331403401856605 solMass / solMass
315 28.580155338665335 solMass / solMass
316 2.4665320328902025 solMass / solMass
321 35.508865116668034 solMass / solMass
323 34.74825007609256 solMass / solMass
326 0.1354386433967831 solMass / solMass
327 188.93354248458985 solMass / solMass
328 173.6057977663624 solMass / solMass
331 25.115346543793546 solMass / solMass
333 33.4523442693229 solMass / solMass
334 217.28006888551278 solMass / solMass
338 30.000904523285342 solMass / solMass
339 207.44078541039582 solMass / solMass
340 68.63013574514123 solMass / solMass
343 1.464233449933619 solMass / solMass
344 15.454878820476127 solMass / solMass
345 9.632202506643038 solMass / solMass
346 14.074827197626757 solMass / solMass
349 5.425187531728524 solMass / solMass
350 4.8517897938621464e+38 solMass / solMass
352 55.272261055307716 solMass / solMass
353 33.33729929827205 solMass / solMass
354 15.491894917174214 solMass / solMass
355 25.02338357978215 solMass / solMass
356 14.20345434716491 solMass / solMass
357 802.6791886186797 solMass / solMass
358 12.22023387917857 solMass / solMass
359 30.142807046180874 solMass / solMass
360 36.8242155973036 solMass / solMass
363 29.93307937916196 solMass / solMass
365 8.902967079375298 solMass / solMass
366 39.80109843433076 solMass / solMass
368 4.5444727141051824e+38 solMass / solMass
369 42.13028226018944 solMass / solMass
371 31.11659775673624 solMass / solMass
372 16.243201030289203 solMass / solMass
374 20.990392398839134 solMass / solMass
376 29.536676583983407 solMass / solMass
377 4.3403960515286055 solMass / solMass
379 14.085800872135009 solMass / solMass
380 21.907816322662505 solMass / solMass
381 25.827786988992465 solMass / solMass
384 69.18221122905724 solMass / solMass
385 11.75069600927502 solMass / solMass
386 41.60396228979542 solMass / solMass
387 2.3226482428416007 solMass / solMass
389 22.750453939957264 solMass / solMass
390 10.890485220164392 solMass / solMass
392 7.351643208077323 solMass / solMass
394 17.445833364135652 solMass / solMass
397 11.338398815817834 solMass / solMass
398 189.4040259140497 solMass / solMass
399 40.76398110663231 solMass / solMass
400 10.492104326162307 solMass / solMass
403 33.74345095362632 solMass / solMass
408 194.0088072708935 solMass / solMass
411 7.76534930505587 solMass / solMass
416 27.269910086039413 solMass / solMass
419 29.071237216067356 solMass / solMass
423 218.24318741474124 solMass / solMass
424 10.527671456693835 solMass / solMass
425 105.57249932051143 solMass / solMass
428 28.464268065456974 solMass / solMass
429 54.360759537378975 solMass / solMass
430 1.2129970557448249 solMass / solMass
436 54.236142926354816 solMass / solMass
439 47.28138326302272 solMass / solMass
440 11.470033027643273 solMass / solMass
441 28.497076842900153 solMass / solMass
442 5.197279589213281e+38 solMass / solMass
443 6.331458592354898 solMass / solMass
444 78.22051391973682 solMass / solMass
445 64.12618961918135 solMass / solMass
446 27.980909964682674 solMass / solMass
447 31.287420830718865 solMass / solMass
448 226.68598742535613 solMass / solMass
449 27.625868073468553 solMass / solMass
451 9.828117858452897 solMass / solMass
452 26.141126646918345 solMass / solMass
454 15.4904200590293 solMass / solMass
458 30.17996483709575 solMass / solMass
459 33.60393736822974 solMass / solMass
463 8.37467320044977 solMass / solMass
465 76.25599916296385 solMass / solMass
466 20.864540099779603 solMass / solMass
469 4.566741256635814 solMass / solMass
471 15.096423498562162 solMass / solMass
473 68.68329164191918 solMass / solMass
475 5.65459469461065e+38 solMass / solMass
476 70.6214525936294 solMass / solMass
477 24.64377393080928 solMass / solMass
480 1.2552916932178313 solMass / solMass
481 64.52875768171175 solMass / solMass
489 5.267937792351839 solMass / solMass
490 38.27411828680342 solMass / solMass
492 5.735705226212566 solMass / solMass
493 26.079977765245005 solMass / solMass
494 209.15281643139514 solMass / solMass
495 54.56444013964812 solMass / solMass
496 20.774678871917317 solMass / solMass
497 208.37016661394205 solMass / solMass
502 12.949063671462703 solMass / solMass
503 39.47126684051074 solMass / solMass
504 6.90409158744405e+38 solMass / solMass
505 18.70726671443899 solMass / solMass
507 40.45612332734727 solMass / solMass
508 21.87890290165968 solMass / solMass
509 29.22845190971402 solMass / solMass
512 6.695388451445955 solMass / solMass
513 29.250410877976968 solMass / solMass
514 14.39279604039756 solMass / solMass
516 33.31818409823644 solMass / solMass
517 43.57354685978381 solMass / solMass
518 53.5096012950393 solMass / solMass
525 8.33049595277449 solMass / solMass
526 17.41727300554397 solMass / solMass
527 59.905062236489286 solMass / solMass
528 12.346392784470027 solMass / solMass
530 67.19189598165252 solMass / solMass
533 0.49272729976322555 solMass / solMass
534 94.02925965726757 solMass / solMass
537 86.3442438230598 solMass / solMass
539 31.738088529489 solMass / solMass
540 77.01166649296638 solMass / solMass
542 79.21944551877827 solMass / solMass
543 22.037699072099723 solMass / solMass
546 36.837991256460896 solMass / solMass
548 33.03481522656562 solMass / solMass
549 37.53918663700618 solMass / solMass
551 49.114924962205535 solMass / solMass
552 75.51676978618585 solMass / solMass
553 297.034850582303 solMass / solMass
554 50.15871855504313 solMass / solMass
555 58.83545891592738 solMass / solMass
559 32.11198461970012 solMass / solMass
561 24.82493052806869 solMass / solMass
562 45.280117995091445 solMass / solMass
563 73.15090790319479 solMass / solMass
566 9.2575452529343 solMass / solMass
567 152.22876947192515 solMass / solMass
568 8.105098564355947 solMass / solMass
569 12.81372932819498 solMass / solMass
571 15.327146177685487 solMass / solMass
572 4.648276261788561 solMass / solMass
576 54.010971668678486 solMass / solMass
579 107.00613147168278 solMass / solMass
582 88.5375796927314 solMass / solMass
586 40.031110096733364 solMass / solMass
589 100.94617485356015 solMass / solMass
590 103.44821840814953 solMass / solMass
591 102.3605782964418 solMass / solMass
592 256.1020860223159 solMass / solMass
593 91.10809930898317 solMass / solMass
595 3.3532356846640687 solMass / solMass
596 51.00401301986946 solMass / solMass
597 112.82020574978847 solMass / solMass
598 15.020716165933274 solMass / solMass
600 86.2472787178252 solMass / solMass
IsSatellite
604 57.31361198209528 solMass / solMass
608 29.41979243029579 solMass / solMass
610 30.544532273200808 solMass / solMass
611 15.996678583731338 solMass / solMass
612 87.59066826633273 solMass / solMass
615 15.645361988353221 solMass / solMass
619 15.213578209093901 solMass / solMass
621 25.43249468298193 solMass / solMass
622 100.49632649309186 solMass / solMass
623 39.81640020242718 solMass / solMass
627 72.42704498580848 solMass / solMass
628 4.369530706955655 solMass / solMass
631 63.868091637836365 solMass / solMass
632 26.263353812689996 solMass / solMass
635 10.66652225993131 solMass / solMass
636 73.73943583258355 solMass / solMass
639 13.867013561038384 solMass / solMass
641 49.97551996029718 solMass / solMass
642 17.281462266908523 solMass / solMass
643 62.904482069986926 solMass / solMass
645 14.916183641522053 solMass / solMass
646 114.76530235683938 solMass / solMass
647 9.656501722436644 solMass / solMass
649 119.32863314431054 solMass / solMass
650 7.9853863209932605 solMass / solMass
653 15.801029648791578 solMass / solMass
654 365.22657343005335 solMass / solMass
655 78.43701299749756 solMass / solMass
656 87.89367257235888 solMass / solMass
659 51.922862744361744 solMass / solMass
661 69.01888160852805 solMass / solMass
662 46.25754890762881 solMass / solMass
663 139.8350114027366 solMass / solMass
665 4.6246273405042935 solMass / solMass
666 0.8456399252118485 solMass / solMass
667 85.56743825554669 solMass / solMass
668 9.580124044951367 solMass / solMass
669 107.30560656701913 solMass / solMass
670 69.82390123554615 solMass / solMass
672 480.99382956331897 solMass / solMass
677 31.319773537587377 solMass / solMass
679 34.82192881065648 solMass / solMass
680 9.054354234944767e+38 solMass / solMass
681 26.094195351239506 solMass / solMass
682 34.5163067260992 solMass / solMass
683 31.882921748513517 solMass / solMass
685 418.1063305242013 solMass / solMass
687 90.8581512614851 solMass / solMass
688 65.74569227868041 solMass / solMass
689 433.7445887623036 solMass / solMass
692 230.76356380827002 solMass / solMass
694 53.993575178914064 solMass / solMass
695 42.028791333283934 solMass / solMass
696 33.999388984433935 solMass / solMass
697 20.94402927348045 solMass / solMass
700 16.64672099820359 solMass / solMass
702 49.83553187386941 solMass / solMass
704 62.72310344313054 solMass / solMass
708 19.94973893982436 solMass / solMass
709 154.53820572889984 solMass / solMass
710 41.38368388922267 solMass / solMass
712 3.0704077762886226 solMass / solMass
713 15.758515985922008 solMass / solMass
714 24.30603864945548 solMass / solMass
716 15.147639721573059 solMass / solMass
717 17.729446916719432 solMass / solMass
IsSatellite
719 33.859240583754904 solMass / solMass
721 7.9892445507160526 solMass / solMass
725 47.41536989198032 solMass / solMass
727 92.15825911758051 solMass / solMass
728 30.13143709642156 solMass / solMass
730 27.16888568780255 solMass / solMass
732 10.69311118518137 solMass / solMass
733 83.50362169739319 solMass / solMass
734 70.23698215950895 solMass / solMass
735 17.00536985590543 solMass / solMass
736 13.709376744736442 solMass / solMass
737 34.37791151915875 solMass / solMass
738 11.441834490788617 solMass / solMass
740 84.55072199177715 solMass / solMass
741 30.804831306301217 solMass / solMass
742 91.72275291599108 solMass / solMass
744 52.55565960440108 solMass / solMass
745 67.86616448226157 solMass / solMass
746 121.8274879472126 solMass / solMass
747 54.66237717326221 solMass / solMass
748 0.5286387319755723 solMass / solMass
750 361.7232828437511 solMass / solMass
751 19.73508161311527 solMass / solMass
754 72.63859276690583 solMass / solMass
756 99.36011247200943 solMass / solMass
758 24.587871768196354 solMass / solMass
759 19.913349290639935 solMass / solMass
760 54.662703705652184 solMass / solMass
762 202.19337133095993 solMass / solMass
763 1.6694632767914674 solMass / solMass
764 77.01107859393794 solMass / solMass
765 1.0246356344389712e+39 solMass / solMass
766 57.3120386493915 solMass / solMass
767 0.8476223769821364 solMass / solMass
769 53.22490297910114 solMass / solMass
770 10.555150901487472 solMass / solMass
771 49.94760842251869 solMass / solMass
773 4.104602596805324 solMass / solMass
774 5.428481666345426 solMass / solMass
776 3.136004978051106 solMass / solMass
778 73.56065755553897 solMass / solMass
779 151.571629657549 solMass / solMass
780 9.011674898958612 solMass / solMass
784 101.94246822793086 solMass / solMass
786 32.34948038871229 solMass / solMass
788 108.81469586911446 solMass / solMass
792 115.42118014595496 solMass / solMass
796 17.90505557566032 solMass / solMass
IsSatellite
799 22.12958065829954 solMass / solMass
800 44.51097768843363 solMass / solMass
801 148.8680646436954 solMass / solMass
803 32.77160731671975 solMass / solMass
804 365.64216934930147 solMass / solMass
805 107.61508769436902 solMass / solMass
806 38.763390144475075 solMass / solMass
808 19.733737702128852 solMass / solMass
809 118.44875915978379 solMass / solMass
811 1.0607827584232112e+39 solMass / solMass
812 12.378845815588246 solMass / solMass
813 37.99305472074903 solMass / solMass
814 38.98001559881356 solMass / solMass
815 151.54830889285475 solMass / solMass
818 11.47667525005597 solMass / solMass
819 54.9635896764939 solMass / solMass
821 393.7948200466327 solMass / solMass
823 80.1205266013628 solMass / solMass
824 43.62063221507513 solMass / solMass
826 36.20345698074978 solMass / solMass
827 24.158075869408744 solMass / solMass
829 1.2857878117608541e+39 solMass / solMass
830 165.9892192038066 solMass / solMass
831 186.09123926338103 solMass / solMass
834 76.51456717560589 solMass / solMass
835 7.084340309904815 solMass / solMass
836 22.193934515057947 solMass / solMass
837 469.151215073717 solMass / solMass
840 47.12326354075281 solMass / solMass
841 30.260175562176354 solMass / solMass
842 13.108113400223731 solMass / solMass
844 177.67225859802545 solMass / solMass
845 90.81471870282557 solMass / solMass
846 82.36760127554423 solMass / solMass
847 67.9486676202773 solMass / solMass
848 21.972569756621397 solMass / solMass
852 117.17208691448113 solMass / solMass
853 18.196058936582883 solMass / solMass
855 64.32543062002611 solMass / solMass
857 100.94039974300863 solMass / solMass
858 95.64878546374749 solMass / solMass
859 36.05057103727441 solMass / solMass
861 5.702270239705554 solMass / solMass
862 108.0640205326775 solMass / solMass
863 11.549997859789421 solMass / solMass
864 165.15096164302568 solMass / solMass
866 87.88497311619776 solMass / solMass
869 140.80859136619134 solMass / solMass
871 52.2744485698388 solMass / solMass
872 3.220276957977052 solMass / solMass
873 45.05849229725089 solMass / solMass
874 78.43391624042151 solMass / solMass
876 95.75234135913986 solMass / solMass
877 1.1375840561201292e+39 solMass / solMass
880 150.95021789101452 solMass / solMass
881 26.339622529488 solMass / solMass
883 54.722860129512476 solMass / solMass
886 38.939589310027976 solMass / solMass
888 36.571364564729606 solMass / solMass
889 461.9638838874501 solMass / solMass
890 105.70688244383025 solMass / solMass
891 22.367086928653894 solMass / solMass
892 36.6642494375162 solMass / solMass
893 81.63525339024203 solMass / solMass
896 109.81601162516462 solMass / solMass
897 94.48306325235316 solMass / solMass
900 154.97268755925873 solMass / solMass
901 106.59591336526829 solMass / solMass
902 22.886675280955675 solMass / solMass
903 15.161629022953532 solMass / solMass
904 31.164511891201876 solMass / solMass
905 16.615909117822735 solMass / solMass
906 80.96616931453613 solMass / solMass
909 5.111358426055883 solMass / solMass
910 32.01832991326746 solMass / solMass
911 160.12733820378725 solMass / solMass
913 137.88455461181638 solMass / solMass
914 27.391157129535028 solMass / solMass
915 15.32936271135503 solMass / solMass
916 468.7038109867273 solMass / solMass
917 58.90163507757632 solMass / solMass
918 514.5451690498816 solMass / solMass
919 89.49757496279973 solMass / solMass
920 530.6164694947513 solMass / solMass
921 98.64664143971576 solMass / solMass
922 147.08904665919667 solMass / solMass
923 40.29277626582839 solMass / solMass
925 43.19391905867414 solMass / solMass
926 14.948764547719037 solMass / solMass
928 129.02375105172064 solMass / solMass
929 65.8119910064889 solMass / solMass
930 34.488852213535665 solMass / solMass
931 48.24442399416524 solMass / solMass
932 22.034014054820346 solMass / solMass
933 72.9330839716617 solMass / solMass
935 90.35677292582953 solMass / solMass
936 122.27775924295257 solMass / solMass
937 113.71963606348562 solMass / solMass
938 282.08913751555576 solMass / solMass
939 135.94617981131944 solMass / solMass
941 73.93643083957744 solMass / solMass
942 4.091594065691622 solMass / solMass
943 163.93096026667996 solMass / solMass
945 96.94505448194025 solMass / solMass
947 65.80255327474 solMass / solMass
949 24.70479337315435 solMass / solMass
950 22.589320924449126 solMass / solMass
951 69.63655502151984 solMass / solMass
953 798.6142067808973 solMass / solMass
954 58.59006966163413 solMass / solMass
955 89.07405050776082 solMass / solMass
960 227.43959365413212 solMass / solMass
961 24.463106291268012 solMass / solMass
964 607.7396750146893 solMass / solMass
965 118.64769030332216 solMass / solMass
966 94.77903279257481 solMass / solMass
969 9.618485221165367 solMass / solMass
970 13.127618650680832 solMass / solMass
971 114.64717398558173 solMass / solMass
972 32.92126338073627 solMass / solMass
973 5.86956983754079 solMass / solMass
974 44.672482607388254 solMass / solMass
975 8.372397447433144 solMass / solMass
976 1.7106720092779127e+39 solMass / solMass
977 68.24217608068578 solMass / solMass
979 63.289184200668366 solMass / solMass
981 150.88695165125935 solMass / solMass
983 99.41411381526414 solMass / solMass
984 57.2237807214407 solMass / solMass
989 130.3611293523233 solMass / solMass
991 128.78415396899513 solMass / solMass
992 30.616296679765544 solMass / solMass
996 1.2547922658178016e+39 solMass / solMass
998 20.289653997356634 solMass / solMass
1000 176.02037406619345 solMass / solMass
1001 8.559730058798971 solMass / solMass
1006 37.237388234899825 solMass / solMass
1008 83.5797109760747 solMass / solMass
1009 18.396710809154992 solMass / solMass
1010 331.319084860606 solMass / solMass
1011 137.10049534069313 solMass / solMass
1012 38.85957173622947 solMass / solMass
1013 34.66721878124935 solMass / solMass
1014 82.11027584023726 solMass / solMass
1016 11.99725897209027 solMass / solMass
1017 9.765932072707278 solMass / solMass
1018 52.1491753200749 solMass / solMass
1020 18.22556419596376 solMass / solMass
1021 646.2319136144448 solMass / solMass
1023 388.8593407984183 solMass / solMass
1025 143.08028647466628 solMass / solMass
1026 87.46686851134663 solMass / solMass
1028 87.5225708421667 solMass / solMass
1030 82.63955260331875 solMass / solMass
1032 121.9941979801248 solMass / solMass
IsSatellite
1037 789.7726683872307 solMass / solMass
1039 79.22998530813778 solMass / solMass
1040 478.38235992231296 solMass / solMass
1041 92.62352615706662 solMass / solMass
1042 140.74822248936988 solMass / solMass
1045 43.588298880534246 solMass / solMass
1046 178.1579742653798 solMass / solMass
1048 72.22258559876175 solMass / solMass
1049 87.65930711863182 solMass / solMass
1051 28.6863553557851 solMass / solMass
1053 95.48272655203837 solMass / solMass
1055 25.96420550453332 solMass / solMass
1058 27.184833818168904 solMass / solMass
1061 62.601799916007465 solMass / solMass
1064 72.37379356693697 solMass / solMass
1065 91.9927695856963 solMass / solMass
1066 142.66203507750492 solMass / solMass
1067 69.02456387931986 solMass / solMass
1068 25.094172200864318 solMass / solMass
1073 98.9916245224192 solMass / solMass
1074 1.5719543580121148e+39 solMass / solMass
1076 175.58506310015778 solMass / solMass
1077 169.4680629919578 solMass / solMass
1078 137.2807197769664 solMass / solMass
1079 187.14324607826316 solMass / solMass
1080 612.5418163862358 solMass / solMass
1081 201.7637389487242 solMass / solMass
1083 25.875097190857762 solMass / solMass
1084 41.17013041503618 solMass / solMass
1085 14.724486881236572 solMass / solMass
1087 68.31230550888782 solMass / solMass
1091 395.8095423202401 solMass / solMass
1093 0.6071866329140143 solMass / solMass
1094 21.345761731786475 solMass / solMass
1099 83.41685407364143 solMass / solMass
1100 7.690437217804242 solMass / solMass
1102 87.46187873156197 solMass / solMass
1106 473.40115495748773 solMass / solMass
1107 64.11831117199641 solMass / solMass
1110 25.57049972085315 solMass / solMass
1113 30.50901890922561 solMass / solMass
1115 119.84374463587952 solMass / solMass
1118 86.34887537901227 solMass / solMass
1119 6.562705341115897 solMass / solMass
1120 200.11710296778529 solMass / solMass
1121 95.95216562957853 solMass / solMass
1122 28.998321053462057 solMass / solMass
1123 75.64282227098596 solMass / solMass
1125 6.3401591459086895 solMass / solMass
1126 46.01747024553661 solMass / solMass
1127 152.4487879986141 solMass / solMass
1129 167.61955391128245 solMass / solMass
1131 25.4949161535371 solMass / solMass
1133 2.0196200576712945e+39 solMass / solMass
1134 66.8984735696966 solMass / solMass
1135 20.552478676548628 solMass / solMass
1138 225.18230299979862 solMass / solMass
1139 58.5145917048904 solMass / solMass
1142 61.29476717641753 solMass / solMass
1143 29.785349655548735 solMass / solMass
1146 106.77984016454491 solMass / solMass
1147 58.147481960634394 solMass / solMass
1150 29.212794135754436 solMass / solMass
1151 76.35535426264563 solMass / solMass
1152 143.5342928695812 solMass / solMass
1153 91.27435879344367 solMass / solMass
1154 3.1660518789607863 solMass / solMass
1156 72.30593878323636 solMass / solMass
IsSatellite
1159 85.75367292457015 solMass / solMass
1161 115.97985302374495 solMass / solMass
1162 28.33312716112687 solMass / solMass
1163 156.4773770108066 solMass / solMass
1165 29.369090316167256 solMass / solMass
1166 2.8396746861682423 solMass / solMass
1167 43.12158334135576 solMass / solMass
1168 31.424061323188063 solMass / solMass
1169 113.79788484962405 solMass / solMass
1170 77.16578884926537 solMass / solMass
1171 24.319272174735456 solMass / solMass
1172 135.8823613740915 solMass / solMass
1173 786.7765444860536 solMass / solMass
1174 140.26375691270326 solMass / solMass
1177 90.8221698244534 solMass / solMass
1178 93.79895226351442 solMass / solMass
1181 687.8783013000526 solMass / solMass
1182 235.81849624221618 solMass / solMass
1183 522.6291100684718 solMass / solMass
1184 62.87160867056765 solMass / solMass
1185 23.017630792755856 solMass / solMass
1186 74.93362419742755 solMass / solMass
1187 168.8154395860087 solMass / solMass
1189 199.7453243152242 solMass / solMass
1190 57.015044217346144 solMass / solMass
1192 97.99948553062235 solMass / solMass
1193 1147.8514651299506 solMass / solMass
1196 37.85545565702395 solMass / solMass
1198 304.9791517600799 solMass / solMass
1202 82.53813995682083 solMass / solMass
1206 145.49847181956738 solMass / solMass
1208 658.037965802574 solMass / solMass
1209 13.066111740453477 solMass / solMass
1210 59.41125491235549 solMass / solMass
1211 16.6309812928326 solMass / solMass
1213 148.409035222414 solMass / solMass
1215 152.21842626430126 solMass / solMass
1216 55.60382549823116 solMass / solMass
IsSatellite
1218 249.9670305945014 solMass / solMass
1221 12.063313370855035 solMass / solMass
1222 18.39797548437945 solMass / solMass
1224 196.71473977350715 solMass / solMass
1225 37.5569374461883 solMass / solMass
1226 47.53290190438451 solMass / solMass
1228 6.910721986218295 solMass / solMass
1229 115.73455089955489 solMass / solMass
1230 96.28260884322259 solMass / solMass
1231 155.45174712268127 solMass / solMass
1232 242.8216999064961 solMass / solMass
1233 54.76470972506004 solMass / solMass
1234 2.177804766736451e+39 solMass / solMass
1235 49.691744509535475 solMass / solMass
1238 44.00484733577324 solMass / solMass
1239 1.7094676264132108e+39 solMass / solMass
1241 29.406088531507812 solMass / solMass
IsSatellite
1243 226.3862550723719 solMass / solMass
1244 44.54754959028331 solMass / solMass
1245 155.93047337023256 solMass / solMass
1246 20.862636632062262 solMass / solMass
1247 34.92667936123668 solMass / solMass
1249 2.500628072915198e+39 solMass / solMass
1251 69.11157397281612 solMass / solMass
1255 11.883970298349576 solMass / solMass
1259 0.6930081543912451 solMass / solMass
1260 250.98524408608282 solMass / solMass
1261 64.00906886833113 solMass / solMass
1263 66.77587497313046 solMass / solMass
1264 95.20365070104745 solMass / solMass
1267 9.858487720294242 solMass / solMass
1269 105.0306104230292 solMass / solMass
1270 289.0306796661587 solMass / solMass
IsSatellite
1274 16.511464754791344 solMass / solMass
1277 119.12109497752074 solMass / solMass
1278 27.68163819228516 solMass / solMass
1279 48.195766723038325 solMass / solMass
1281 107.04655226212795 solMass / solMass
1282 59.2612232748455 solMass / solMass
1284 107.300505949954 solMass / solMass
1285 262.60498858318937 solMass / solMass
1287 19.674281910350327 solMass / solMass
1288 317.7370659777163 solMass / solMass
1290 37.37077486710077 solMass / solMass
1292 39.51636043235535 solMass / solMass
1294 29.266665125460133 solMass / solMass
1295 51.27322741441067 solMass / solMass
1297 33.007768943452504 solMass / solMass
1298 163.11940875172988 solMass / solMass
1299 8.45046299967282 solMass / solMass
1300 6.160632165222668 solMass / solMass
1301 135.99576081664665 solMass / solMass
1303 85.81279617165939 solMass / solMass
1304 702.3960572572668 solMass / solMass
1305 797.4779319288881 solMass / solMass
1307 7.707814531911473 solMass / solMass
1309 83.61972085021662 solMass / solMass
1310 19.70700655458464 solMass / solMass
1312 166.2646307863521 solMass / solMass
1314 158.22433635361324 solMass / solMass
1317 554.2165982137707 solMass / solMass
1318 121.87831555358633 solMass / solMass
1320 6.401686382008223 solMass / solMass
1321 408.859496650693 solMass / solMass
1322 227.5319830379922 solMass / solMass
1324 114.72144285279124 solMass / solMass
IsSatellite
1328 121.12779182685887 solMass / solMass
1329 6.528345458243663 solMass / solMass
1330 395.06926526243547 solMass / solMass
1333 75.38231363641745 solMass / solMass
1335 98.84392421504657 solMass / solMass
1336 117.04238607162887 solMass / solMass
1337 110.03207967335946 solMass / solMass
1338 62.19502167281739 solMass / solMass
1340 2.447139268692687e+39 solMass / solMass
1341 45.37051959146764 solMass / solMass
1342 203.06901931733424 solMass / solMass
1343 329.3654497716061 solMass / solMass
1344 76.12735715659689 solMass / solMass
1345 11.19285764264451 solMass / solMass
1347 1.6601697755536304e+39 solMass / solMass
1348 193.65560830627038 solMass / solMass
1349 40.73165324041522 solMass / solMass
1351 150.90529609048897 solMass / solMass
1352 37.167690100069564 solMass / solMass
1353 263.13826808294544 solMass / solMass
1356 72.30215556315021 solMass / solMass
1357 237.02610188852816 solMass / solMass
1362 241.65167268367458 solMass / solMass
1363 103.88762166689371 solMass / solMass
1364 306.5405036855829 solMass / solMass
1367 488.53167016753366 solMass / solMass
1369 186.29239042417598 solMass / solMass
1370 233.20585116018256 solMass / solMass
1373 785.8978997582925 solMass / solMass
1375 14.530325029611395 solMass / solMass
1376 42.0347836134234 solMass / solMass
1378 212.30875803415404 solMass / solMass
1379 899.1090215997705 solMass / solMass
1380 8.579792194195067 solMass / solMass
1381 20.62984147522137 solMass / solMass
1385 145.77195441198427 solMass / solMass
1387 37.81251240720145 solMass / solMass
1388 285.21135531970253 solMass / solMass
1389 114.71085649659867 solMass / solMass
1391 85.07408036976638 solMass / solMass
1392 50.87352479764071 solMass / solMass
1393 145.84666370788426 solMass / solMass
1398 3.5126041010191944 solMass / solMass
1401 91.12318475925015 solMass / solMass
IsSatellite
1404 30.465276088546627 solMass / solMass
1405 107.07308390419612 solMass / solMass
1406 88.13300029193006 solMass / solMass
1407 4.764663214413305 solMass / solMass
1411 44.90336312708951 solMass / solMass
1412 210.3453708743174 solMass / solMass
1414 110.20227929645404 solMass / solMass
1416 118.4271066090554 solMass / solMass
1419 99.03964613702313 solMass / solMass
1420 222.23943331093952 solMass / solMass
1422 61.453344358611176 solMass / solMass
1426 20.666952513405235 solMass / solMass
1428 3.97892565695993 solMass / solMass
1429 9.695170375749232 solMass / solMass
1430 282.67736137326233 solMass / solMass
1431 50.41980882195168 solMass / solMass
1432 287.43919224904585 solMass / solMass
1433 29.87635233120119 solMass / solMass
1435 49.27301131878079 solMass / solMass
1436 41.60805013547006 solMass / solMass
1439 183.11389810650002 solMass / solMass
1440 339.04112230199473 solMass / solMass
1441 582.1694658519343 solMass / solMass
1443 60.191190261665454 solMass / solMass
1444 99.5126577128219 solMass / solMass
1445 167.93567224108187 solMass / solMass
1446 58.882576773267004 solMass / solMass
1447 455.08073956179294 solMass / solMass
1448 86.56266466740026 solMass / solMass
1450 31.43102838608321 solMass / solMass
1451 425.7861037176588 solMass / solMass
1453 795.3601211076422 solMass / solMass
1457 895.3526986191048 solMass / solMass
1458 90.12786910562049 solMass / solMass
1459 108.6969246699106 solMass / solMass
1461 194.35507724881714 solMass / solMass
1462 60.93234455284167 solMass / solMass
1463 154.4625791342424 solMass / solMass
1464 237.1398078965001 solMass / solMass
1465 1265.9878089981278 solMass / solMass
1470 682.077420263948 solMass / solMass
1471 29.655158011385918 solMass / solMass
1472 153.3597216573516 solMass / solMass
1473 21.336648511629974 solMass / solMass
1474 24.44358419337779 solMass / solMass
1475 177.96909330488148 solMass / solMass
1476 20.86697817967722 solMass / solMass
1477 34.22837778884893 solMass / solMass
1478 356.51385685807344 solMass / solMass
1479 50.82087043556355 solMass / solMass
1482 52.39861110344054 solMass / solMass
1483 180.7927337748163 solMass / solMass
1487 908.6355682340674 solMass / solMass
1488 317.56725933785106 solMass / solMass
1490 67.12640168734 solMass / solMass
1491 53.82991419145211 solMass / solMass
1492 178.09002022700255 solMass / solMass
1494 13.721556017424172 solMass / solMass
1495 754.1464579343977 solMass / solMass
1496 297.9809923685384 solMass / solMass
1497 360.7960605475438 solMass / solMass
1498 100.98106958100446 solMass / solMass
1500 152.4164475562748 solMass / solMass
1501 137.64275051290207 solMass / solMass
1503 211.50818376857526 solMass / solMass
1504 50.15077192613206 solMass / solMass
1505 33.61297525505722 solMass / solMass
1507 158.69616001955552 solMass / solMass
1508 321.6527028381195 solMass / solMass
1509 181.54014088825554 solMass / solMass
1511 201.25832992578668 solMass / solMass
1512 250.68104303548768 solMass / solMass
1513 241.30064730379138 solMass / solMass
IsSatellite
1515 41.48998055156065 solMass / solMass
1516 155.89825890683238 solMass / solMass
1518 175.99440601607333 solMass / solMass
1519 3.5372149778406055 solMass / solMass
1521 122.07655679710074 solMass / solMass
IsSatellite
1525 75.73925722373804 solMass / solMass
1526 23.708482725975426 solMass / solMass
1528 13.728978189696436 solMass / solMass
1533 66.60251263160173 solMass / solMass
1535 198.41453038172997 solMass / solMass
1536 312.4583449669796 solMass / solMass
1540 265.37397048311493 solMass / solMass
1541 120.39145293373404 solMass / solMass
IsSatellite
1543 26.430692653816322 solMass / solMass
1544 34.41721805347407 solMass / solMass
1545 33.7563237046245 solMass / solMass
1546 34.09198458005453 solMass / solMass
1550 10.223616617467506 solMass / solMass
1553 159.9747886925145 solMass / solMass
1555 115.67774031850367 solMass / solMass
IsSatellite
IsSatellite
1560 100.0260501770265 solMass / solMass
1561 181.5996936869164 solMass / solMass
1563 132.72056795445465 solMass / solMass
1567 19.695576215120514 solMass / solMass
1568 114.49107682016215 solMass / solMass
1571 107.07532899508382 solMass / solMass
1572 42.95687629119197 solMass / solMass
1573 103.82946110094994 solMass / solMass
1574 379.80794985518855 solMass / solMass
1575 6.5864833709643245 solMass / solMass
1577 33.35188500964293 solMass / solMass
1578 81.0492298011619 solMass / solMass
1579 47.14240889508349 solMass / solMass
1580 40.70688701987018 solMass / solMass
1581 2.609240029598979e+39 solMass / solMass
1582 2.8880842105206245e+39 solMass / solMass
1583 32.01429904871662 solMass / solMass
1584 96.11866296019846 solMass / solMass
1587 1254.7093264944942 solMass / solMass
1589 137.5571471594277 solMass / solMass
1590 61.625674622572745 solMass / solMass
1591 325.4570517638263 solMass / solMass
1592 111.3011111893946 solMass / solMass
1593 138.0302254913258 solMass / solMass
1594 89.68714931800442 solMass / solMass
1595 258.4551427862345 solMass / solMass
1596 49.48687293839169 solMass / solMass
1597 54.37334473865588 solMass / solMass
1598 51.819212475072106 solMass / solMass
1600 1124.5206010591735 solMass / solMass
1601 407.90704912985905 solMass / solMass
1604 208.42705048477484 solMass / solMass
1605 1244.3832630418876 solMass / solMass
1606 1268.998783344599 solMass / solMass
1607 182.95778677317432 solMass / solMass
1608 361.6135905356296 solMass / solMass
1609 130.86633813650155 solMass / solMass
1611 25.695118443213044 solMass / solMass
1613 278.76690137996957 solMass / solMass
1615 322.4306914023635 solMass / solMass
1616 24.52771990636012 solMass / solMass
1618 47.41254832847685 solMass / solMass
1619 258.4966766487057 solMass / solMass
1620 80.43899501188771 solMass / solMass
1621 81.19732586786874 solMass / solMass
1623 161.77202286416122 solMass / solMass
1624 116.28076158934397 solMass / solMass
1625 230.0647147303222 solMass / solMass
1626 3.441850885417849e+39 solMass / solMass
1627 145.85430844659456 solMass / solMass
1629 52.214744562898275 solMass / solMass
1630 4.92966329961691 solMass / solMass
1631 63.918174419576985 solMass / solMass
1632 88.99955237867053 solMass / solMass
1633 63.43574084337723 solMass / solMass
1634 36.46728794316717 solMass / solMass
1636 7.6616022539874 solMass / solMass
1638 409.08886489603225 solMass / solMass
1639 353.7315472178247 solMass / solMass
1640 38.03463952366664 solMass / solMass
1641 159.45325837129036 solMass / solMass
HaloMassEqualZero
1644 209.56297743533634 solMass / solMass
1648 272.57010356218115 solMass / solMass
1650 18.252192137763668 solMass / solMass
1651 896.2592375549348 solMass / solMass
1652 1468.7774452006254 solMass / solMass
1655 61.98710658980753 solMass / solMass
1657 90.80330815379064 solMass / solMass
1658 0.0 solMass / solMass
1659 1.385609911189691 solMass / solMass
1660 133.21028551463337 solMass / solMass
IsSatellite
1667 302.48271266810605 solMass / solMass
1668 69.94438796622678 solMass / solMass
1669 152.10543979973625 solMass / solMass
1672 151.39369453355187 solMass / solMass
1673 110.88193720643888 solMass / solMass
1675 26.33652183524782 solMass / solMass
1676 86.9611317617248 solMass / solMass
1677 246.06802377774258 solMass / solMass
1678 34.42042597200447 solMass / solMass
1679 39.744637082253064 solMass / solMass
1681 169.03365508902368 solMass / solMass
1682 255.69393777723815 solMass / solMass
1683 20.211659771809526 solMass / solMass
1688 310.4726698376301 solMass / solMass
1689 3.006047914528382e+39 solMass / solMass
1690 66.79358306665529 solMass / solMass
1691 89.5013682290816 solMass / solMass
1692 113.34851680424592 solMass / solMass
1693 103.75809144725031 solMass / solMass
1694 135.6009725051752 solMass / solMass
1695 872.4881841921456 solMass / solMass
1696 51.200929256980025 solMass / solMass
1698 108.41905713630767 solMass / solMass
1699 50.34150286053353 solMass / solMass
1700 615.3385152836204 solMass / solMass
1701 52.05850194036481 solMass / solMass
1703 87.33585217622887 solMass / solMass
1704 1169.7346199160488 solMass / solMass
1708 110.0556229140222 solMass / solMass
1709 6.2065529439804825 solMass / solMass
1710 60.223896826865364 solMass / solMass
1711 107.94281695567383 solMass / solMass
1712 728.9847350461997 solMass / solMass
1714 84.73313285988799 solMass / solMass
1715 16.84134657356341 solMass / solMass
1716 16.88092547340993 solMass / solMass
1717 55.31969476745828 solMass / solMass
1719 890.7686754762392 solMass / solMass
1722 51.45706073381374 solMass / solMass
1724 73.0989403156407 solMass / solMass
1725 87.3762411950829 solMass / solMass
1727 49.45100279618781 solMass / solMass
1728 669.7687794652703 solMass / solMass
1731 282.733279573775 solMass / solMass
1733 681.7008961697722 solMass / solMass
1734 30.114979266203186 solMass / solMass
1735 74.10965112193188 solMass / solMass
1737 151.92507239944138 solMass / solMass
IsSatellite
1740 117.06781610626801 solMass / solMass
1741 55.753845240141956 solMass / solMass
1743 97.64444079763743 solMass / solMass
1744 23.455054490501126 solMass / solMass
1747 383.4573246865334 solMass / solMass
1748 95.9104214246396 solMass / solMass
1749 45.04033772960619 solMass / solMass
1751 184.2587803240773 solMass / solMass
1752 105.41619477872901 solMass / solMass
1753 55.183316033253256 solMass / solMass
1754 143.28864546282944 solMass / solMass
1755 256.5610415966252 solMass / solMass
1759 180.10391230419498 solMass / solMass
1760 67.53757014009426 solMass / solMass
1765 66.15647559615995 solMass / solMass
1766 592.7662052742387 solMass / solMass
1767 129.62013473439674 solMass / solMass
1768 60.40830865726719 solMass / solMass
1770 328.8892855875347 solMass / solMass
1771 33.57191695661961 solMass / solMass
1772 334.83101516856937 solMass / solMass
1774 673.5597380112042 solMass / solMass
1775 19.8374842304134 solMass / solMass
1777 207.01433605570546 solMass / solMass
1778 146.19211821773362 solMass / solMass
1779 151.99020586343758 solMass / solMass
1781 399.2364786835823 solMass / solMass
1782 80.80673640966339 solMass / solMass
1784 214.21795756676875 solMass / solMass
1785 42.61021894916657 solMass / solMass
1786 99.48688820779155 solMass / solMass
1787 117.76941064155632 solMass / solMass
1788 223.25273210928205 solMass / solMass
1789 37.23846452375491 solMass / solMass
1791 86.12899204297275 solMass / solMass
1792 84.96680587119593 solMass / solMass
1793 18.39890009621037 solMass / solMass
1795 150.59236259162924 solMass / solMass
1798 138.53521289685287 solMass / solMass
1799 50.939697439595875 solMass / solMass
1800 2.248099389963114 solMass / solMass
1801 353.9580670374924 solMass / solMass
1802 58.923326957439734 solMass / solMass
1803 3.301967121562784e+39 solMass / solMass
1804 1074.8354167542589 solMass / solMass
1806 43.20140252623395 solMass / solMass
1809 264.78729434608044 solMass / solMass
1810 13.030194120963973 solMass / solMass
1811 203.44707765499336 solMass / solMass
1813 145.70382624424022 solMass / solMass
1817 78.9165435475424 solMass / solMass
1819 184.60111958559588 solMass / solMass
1820 83.31496468427274 solMass / solMass
1821 112.98506002815442 solMass / solMass
1822 48.90798403280572 solMass / solMass
1824 201.69556319674152 solMass / solMass
1826 597.4433189561081 solMass / solMass
1827 61.471683763956015 solMass / solMass
1832 8.161126485860812 solMass / solMass
1833 134.6777055796926 solMass / solMass
1834 18.894772283441675 solMass / solMass
1835 50.787661985652505 solMass / solMass
1836 111.61164533972521 solMass / solMass
1838 221.9665108350338 solMass / solMass
1840 13.836383091206056 solMass / solMass
1842 510.58212738033865 solMass / solMass
1843 324.9891121239897 solMass / solMass
1845 261.43823707588837 solMass / solMass
1847 54.277528066396016 solMass / solMass
1848 10.184006931572767 solMass / solMass
1849 38.1265029451266 solMass / solMass
1850 67.90226850263605 solMass / solMass
1851 69.42189547169785 solMass / solMass
1852 95.41496345225282 solMass / solMass
1853 2.0832005882561297 solMass / solMass
1854 295.84912261652346 solMass / solMass
1856 300.3228041465029 solMass / solMass
1858 44.49671983940768 solMass / solMass
1860 200.9263919071493 solMass / solMass
1863 20.384468516512296 solMass / solMass
1864 486.65280394047284 solMass / solMass
1865 142.38256924457664 solMass / solMass
1866 180.81119971164662 solMass / solMass
1868 34.28273702632184 solMass / solMass
1869 36.32414883952577 solMass / solMass
1870 276.31376732455124 solMass / solMass
1873 1.4708506556408099 solMass / solMass
1875 84.77362617003092 solMass / solMass
1876 165.483690449312 solMass / solMass
1877 377.96704492834107 solMass / solMass
1878 306.06135665962387 solMass / solMass
1882 34.02625725824331 solMass / solMass
1884 332.54545157608237 solMass / solMass
1885 113.99697309528419 solMass / solMass
1886 42.88377120317917 solMass / solMass
1887 63.85477533544561 solMass / solMass
1889 262.34597323568715 solMass / solMass
1890 178.17750210699512 solMass / solMass
1891 12.101156625690844 solMass / solMass
1894 193.14937512778764 solMass / solMass
1895 268.04727105277544 solMass / solMass
1896 66.81773079659959 solMass / solMass
1898 102.63047818677484 solMass / solMass
1899 47.2503584632475 solMass / solMass
1900 54.280612343398715 solMass / solMass
1902 78.83199877488926 solMass / solMass
1905 87.14355978567515 solMass / solMass
1906 291.6898660776274 solMass / solMass
1910 341.51083447879176 solMass / solMass
1912 13.546655698640219 solMass / solMass
1913 123.11048740480113 solMass / solMass
1914 167.51775676624302 solMass / solMass
1915 6.060486525047297 solMass / solMass
1916 1295.8023066998423 solMass / solMass
1917 176.13683326973353 solMass / solMass
1920 2036.3848625054293 solMass / solMass
1921 61.93475999832724 solMass / solMass
1922 197.70988168811732 solMass / solMass
1923 21.059345594401353 solMass / solMass
1926 558.8775961488333 solMass / solMass
1928 1.944805532071404 solMass / solMass
1929 19.970386706580655 solMass / solMass
1931 157.25256580363623 solMass / solMass
1932 313.7547725343756 solMass / solMass
1933 26.578632796330403 solMass / solMass
1936 1.0884302066419622 solMass / solMass
1937 1193.0450686220813 solMass / solMass
1938 250.45820797815497 solMass / solMass
1939 337.46236319330353 solMass / solMass
1940 60.08217803528055 solMass / solMass
1943 256.3615859393139 solMass / solMass
1944 420.2964086886528 solMass / solMass
1945 555.3040888855098 solMass / solMass
1947 27.14713560287178 solMass / solMass
1948 144.80742891625079 solMass / solMass
1949 438.5716418928702 solMass / solMass
1950 181.77961263918039 solMass / solMass
1951 114.51955317107846 solMass / solMass
1953 1.978789629395247 solMass / solMass
1954 134.31724054501825 solMass / solMass
1955 152.9955170184815 solMass / solMass
1963 18.23923330643812 solMass / solMass
1966 313.3857035097294 solMass / solMass
1967 137.925461272203 solMass / solMass
1968 142.63589476683157 solMass / solMass
1972 49.802470684951544 solMass / solMass
1973 82.40408355518723 solMass / solMass
1976 125.11939948216173 solMass / solMass
1977 115.4805901520541 solMass / solMass
1978 195.430957892039 solMass / solMass
1979 34.81073179695269 solMass / solMass
1980 701.700546109493 solMass / solMass
1981 14.920730220729004 solMass / solMass
1982 13.965758428914784 solMass / solMass
1983 15.78936244725193 solMass / solMass
1984 686.3780675359386 solMass / solMass
1985 76.00904522656731 solMass / solMass
1986 306.17394230329006 solMass / solMass
1987 180.04556395677935 solMass / solMass
1988 250.86751800913012 solMass / solMass
1989 589.7522966684226 solMass / solMass
1993 206.79131498112997 solMass / solMass
1994 168.6919405995942 solMass / solMass
1998 15.855659253069954 solMass / solMass
2000 359.8750298335683 solMass / solMass
2002 139.78597878810567 solMass / solMass
2003 998.56479216621 solMass / solMass
2004 56.716849332762536 solMass / solMass
2006 32.6075761262592 solMass / solMass
2008 52.49805507994084 solMass / solMass
IsSatellite
2010 419.52379732370616 solMass / solMass
2015 35.875086949073555 solMass / solMass
2016 138.0903965017768 solMass / solMass
IsSatellite
2019 479.0121278741933 solMass / solMass
2023 395.171640911202 solMass / solMass
2024 296.58925544972595 solMass / solMass
2029 38.01967389604283 solMass / solMass
2031 83.3564061767419 solMass / solMass
2033 138.4768522999714 solMass / solMass
2035 167.192279664936 solMass / solMass
2037 101.06131101458746 solMass / solMass
2038 313.17683763451066 solMass / solMass
2039 186.19874949559565 solMass / solMass
2040 187.059617554784 solMass / solMass
2042 4.863354707400382e+39 solMass / solMass
2043 76.63121719896114 solMass / solMass
2044 500.9431721364401 solMass / solMass
2045 221.48349297686335 solMass / solMass
2046 124.79121779169311 solMass / solMass
2048 164.43339477351591 solMass / solMass
2050 215.492135426832 solMass / solMass
2051 199.22903154133292 solMass / solMass
2054 499.5137794251107 solMass / solMass
2058 651.0351174231711 solMass / solMass
2061 32.570217388499735 solMass / solMass
2062 134.52876173077354 solMass / solMass
2065 362.3512047351852 solMass / solMass
2066 466.2203515222733 solMass / solMass
2067 7.012471548834766 solMass / solMass
2071 178.54978110903545 solMass / solMass
2073 10.876313012518713 solMass / solMass
2077 57.00885489921391 solMass / solMass
2078 79.49886381442708 solMass / solMass
2079 203.71511241792982 solMass / solMass
2080 157.86624243686225 solMass / solMass
2081 246.18935163896384 solMass / solMass
2082 51.650036834882435 solMass / solMass
2083 423.9695323653491 solMass / solMass
IsSatellite
2086 282.6402042505117 solMass / solMass
2087 117.37562085591749 solMass / solMass
2088 4.6526519584363735 solMass / solMass
2089 125.19383192535138 solMass / solMass
2093 21.86900640244459 solMass / solMass
IsSatellite
2098 341.2090597500732 solMass / solMass
2100 5.528388457716384 solMass / solMass
2102 469.3949444478419 solMass / solMass
IsSatellite
2104 1340.6529633298949 solMass / solMass
IsSatellite
2106 28.836293899747705 solMass / solMass
2107 34.89289421376343 solMass / solMass
2108 22.424288382375124 solMass / solMass
2110 395.2068366290016 solMass / solMass
2111 288.36911804314894 solMass / solMass
2112 527.5762659542543 solMass / solMass
HaloMassEqualZero
2114 356.2531691301429 solMass / solMass
IsSatellite
2121 232.8272738426188 solMass / solMass
2122 482.3261010018823 solMass / solMass
2123 599.5349297235874 solMass / solMass
2129 7.738869672097806 solMass / solMass
2130 1035.7944508586047 solMass / solMass
2132 634.2557756452103 solMass / solMass
2133 62.589570441554926 solMass / solMass
2135 115.89269879578517 solMass / solMass
2137 72.74649859189591 solMass / solMass
2138 285.89748595247295 solMass / solMass
HaloMassEqualZero
2140 30.533653405356294 solMass / solMass
2141 48.27784130200807 solMass / solMass
2145 4.76999851209897 solMass / solMass
2147 29.495421078582275 solMass / solMass
2148 321.96507233895034 solMass / solMass
2149 1778.8876578424836 solMass / solMass
2150 51.39088982925091 solMass / solMass
2153 169.68139951144605 solMass / solMass
2154 156.04189782775313 solMass / solMass
2155 105.36040737525137 solMass / solMass
2156 1635.65671021236 solMass / solMass
2157 145.89308341820453 solMass / solMass
2158 262.2003624785105 solMass / solMass
2161 50.27356542986918 solMass / solMass
2162 23.29306161290768 solMass / solMass
2163 70.80419416749395 solMass / solMass
2165 52.6560024448353 solMass / solMass
2166 129.50948162886687 solMass / solMass
IsSatellite
2170 70.05076599287753 solMass / solMass
2171 166.58531773273052 solMass / solMass
2172 2847.8575453715002 solMass / solMass
2173 90.88024280121473 solMass / solMass
2174 1846.0774417502362 solMass / solMass
2175 4.3796202199505104e+39 solMass / solMass
2176 32.097067618350536 solMass / solMass
2178 172.6010901764584 solMass / solMass
2180 96.41378929393473 solMass / solMass
2181 206.28821668843813 solMass / solMass
2183 128.14244150962887 solMass / solMass
2185 66.43238355064051 solMass / solMass
2186 334.9691583487391 solMass / solMass
2190 28.176448432200804 solMass / solMass
2191 281.197845965069 solMass / solMass
2194 287.6646506491942 solMass / solMass
2196 1984.235387484919 solMass / solMass
2197 19.94363397348777 solMass / solMass
IsSatellite
2199 7.114850860455263 solMass / solMass
2200 163.953520819947 solMass / solMass
2201 71.14074494493644 solMass / solMass
2205 92.65429646029466 solMass / solMass
2206 1567.2099767988518 solMass / solMass
2210 48.133386855110075 solMass / solMass
2211 19.852486094175983 solMass / solMass
2212 155.00607405418333 solMass / solMass
2213 521.5211697403354 solMass / solMass
2214 11.3443443164007 solMass / solMass
2215 65.70295768478688 solMass / solMass
2216 39.452637525038945 solMass / solMass
2217 616.8452593998726 solMass / solMass
2218 71.93889565312662 solMass / solMass
2219 364.9649323325561 solMass / solMass
2220 755.2686818301929 solMass / solMass
2221 213.71216562487126 solMass / solMass
2222 509.65722930995173 solMass / solMass
2224 190.973857025809 solMass / solMass
2226 236.18151578138688 solMass / solMass
2227 507.1154208947687 solMass / solMass
2229 24.343360156126234 solMass / solMass
2230 165.68620004408888 solMass / solMass
2231 1232.0158226677534 solMass / solMass
2232 347.95138230335397 solMass / solMass
2234 163.30787420096135 solMass / solMass
2235 4.228022724808089e+39 solMass / solMass
2237 357.4948344236501 solMass / solMass
2238 448.4587264139645 solMass / solMass
2239 43.19318105795293 solMass / solMass
2240 143.19615233752168 solMass / solMass
2241 217.5981453716755 solMass / solMass
2242 570.583581447051 solMass / solMass
2243 824.9565692507108 solMass / solMass
2244 31.098046509034813 solMass / solMass
2246 265.8088216082426 solMass / solMass
2247 51.3557619417869 solMass / solMass
2249 190.62334958073083 solMass / solMass
2250 59.61549610203087 solMass / solMass
2252 199.97496308708082 solMass / solMass
2253 12.686599849923422 solMass / solMass
2254 103.9612086732199 solMass / solMass
2255 210.96226528990792 solMass / solMass
2256 24.927501009444736 solMass / solMass
2257 354.04060748017474 solMass / solMass
2259 269.6851884489594 solMass / solMass
2260 292.6499061922165 solMass / solMass
2262 1529.940312400358 solMass / solMass
2263 206.3669021597377 solMass / solMass
2264 416.3009762747297 solMass / solMass
IsSatellite
2266 176.4439216879281 solMass / solMass
2269 515.1180781721937 solMass / solMass
2270 130.61686208569986 solMass / solMass
2271 130.838698316386 solMass / solMass
2272 643.3086418911361 solMass / solMass
2273 232.82318719607204 solMass / solMass
2274 26.67175029317189 solMass / solMass
2275 454.57904698358817 solMass / solMass
2276 247.96282798364606 solMass / solMass
2277 79.4394930035283 solMass / solMass
2279 108.56442394080266 solMass / solMass
2281 947.2844481065089 solMass / solMass
2283 406.4401693112456 solMass / solMass
2284 522.4951199521013 solMass / solMass
2285 17.475857307964606 solMass / solMass
2287 41.130839169746025 solMass / solMass
2291 4.609063962019858e+39 solMass / solMass
2292 810.5888745054252 solMass / solMass
2293 42.27166229866911 solMass / solMass
2294 163.17811422301475 solMass / solMass
2296 75.45103089978598 solMass / solMass
2297 1.9415667466014344 solMass / solMass
2298 646.5803118987668 solMass / solMass
2299 159.5359369560655 solMass / solMass
2301 45.4440003923295 solMass / solMass
2302 12.439997029364228 solMass / solMass
2303 61.99897122466439 solMass / solMass
2306 4.550931237649247e+39 solMass / solMass
2307 21915.876413586397 solMass / solMass
2308 422.1851714397939 solMass / solMass
2309 242.64622742282384 solMass / solMass
2310 581.4786335813512 solMass / solMass
2311 34.27590780496934 solMass / solMass
2312 125.37721033129995 solMass / solMass
2313 153.8950245140287 solMass / solMass
2314 46.02261611253591 solMass / solMass
2315 264.88393534049425 solMass / solMass
2316 6.132580412259942e+39 solMass / solMass
2318 103.5925315173395 solMass / solMass
2320 263.53781778318046 solMass / solMass
2321 46.989606296234165 solMass / solMass
2322 208.5006987038824 solMass / solMass
2323 61.705423402109375 solMass / solMass
2325 26.381121193595668 solMass / solMass
2326 604.180377030916 solMass / solMass
2327 691.4319598951812 solMass / solMass
IsSatellite
2330 623.0941676139298 solMass / solMass
2331 19.99050150448542 solMass / solMass
2335 159.50489023262057 solMass / solMass
2336 239.32454212000928 solMass / solMass
2337 400.3740934701528 solMass / solMass
2341 220.98921264718555 solMass / solMass
2342 420.08297856927675 solMass / solMass
2343 170.75719347546882 solMass / solMass
2344 178.48144426390925 solMass / solMass
2346 71.61858381139882 solMass / solMass
2347 2.688914885900201 solMass / solMass
2349 24.13422290052582 solMass / solMass
2351 488.342632202682 solMass / solMass
2352 88.9983733741955 solMass / solMass
2353 96.00287791606804 solMass / solMass
2354 296.50169470798267 solMass / solMass
2358 5.477040011147054e+39 solMass / solMass
2359 109.70433875203408 solMass / solMass
2360 94.87137394557078 solMass / solMass
2361 42.78843228840773 solMass / solMass
2362 515.4944693772708 solMass / solMass
2363 117.74284068345457 solMass / solMass
2364 120.32883472234411 solMass / solMass
2365 229.12260711388234 solMass / solMass
2366 72.52301582266888 solMass / solMass
2367 223.81395776900078 solMass / solMass
2368 58.6203431693726 solMass / solMass
2369 166.8211987254372 solMass / solMass
2374 216.90652299409533 solMass / solMass
2375 48.5319004734116 solMass / solMass
2376 370.83803008001956 solMass / solMass
2378 101.99174634832221 solMass / solMass
2379 815.6942099232687 solMass / solMass
2380 214.60083782216165 solMass / solMass
2381 1400.7728037573447 solMass / solMass
2382 13.073410240384407 solMass / solMass
2383 1604.0288718703148 solMass / solMass
2385 92.08656087589303 solMass / solMass
2386 495.2920736081178 solMass / solMass
2388 199.81892295101133 solMass / solMass
2389 299.8051255926012 solMass / solMass
2390 136.63542585009836 solMass / solMass
2391 271.06945018554956 solMass / solMass
2395 69.60637817394488 solMass / solMass
2397 148.3933010736063 solMass / solMass
2399 241.23499077490163 solMass / solMass
2400 116.48626130078436 solMass / solMass
2401 230.13433312837986 solMass / solMass
2405 76.74129493088539 solMass / solMass
IsSatellite
2407 408.2836784288106 solMass / solMass
2408 2.9977381219368247 solMass / solMass
2409 49.770602326589724 solMass / solMass
2411 668.6261423319249 solMass / solMass
2412 95.45847514298103 solMass / solMass
2413 134.40749374031157 solMass / solMass
2414 15.598577433293523 solMass / solMass
2415 123.3964279581953 solMass / solMass
2416 420.43324135517645 solMass / solMass
2418 222.37969659867218 solMass / solMass
2419 356.9052082141121 solMass / solMass
2420 549.3773771625948 solMass / solMass
2421 594.7780724067946 solMass / solMass
2422 124.33597288650778 solMass / solMass
2426 511.698649663184 solMass / solMass
2427 1185.5572003308234 solMass / solMass
2429 23.72761221213701 solMass / solMass
2430 797.3815342816373 solMass / solMass
2432 15.123203317564238 solMass / solMass
2433 130.76424121822083 solMass / solMass
2435 72.9021147515463 solMass / solMass
2436 133.2739608381499 solMass / solMass
2437 40.79400696431867 solMass / solMass
2438 939.6315871104939 solMass / solMass
HaloMassEqualZero
2442 52.8022279048556 solMass / solMass
2443 127.06436349657149 solMass / solMass
IsSatellite
2448 595.6086462035582 solMass / solMass
2449 57.20573369831641 solMass / solMass
2452 212.56829709812772 solMass / solMass
IsSatellite
2456 64.30968791470349 solMass / solMass
2457 73.05158090041058 solMass / solMass
2459 110.93848996169747 solMass / solMass
2460 337.5473364422345 solMass / solMass
2461 106.18607794454154 solMass / solMass
2462 915.172790006803 solMass / solMass
2465 262.6589581188917 solMass / solMass
2466 99.12077606960314 solMass / solMass
2467 281.6977601676857 solMass / solMass
2468 83.96933081961373 solMass / solMass
2469 89.4818767232343 solMass / solMass
2470 218.31281556551104 solMass / solMass
2471 379.8820984137247 solMass / solMass
IsSatellite
2476 0.0 solMass / solMass
2477 1193.5591678655555 solMass / solMass
2478 185.27643735621737 solMass / solMass
2479 109.9553691493063 solMass / solMass
2481 4.292826944228606e+39 solMass / solMass
2485 625.1339583783401 solMass / solMass
2486 636.6188570551463 solMass / solMass
2488 269.055657871632 solMass / solMass
2491 64.1260084645797 solMass / solMass
2493 269.3011745950556 solMass / solMass
2497 356.49885379035356 solMass / solMass
2499 37.33454600924552 solMass / solMass
2500 286.147732615191 solMass / solMass
2501 31.031504815764276 solMass / solMass
2503 213.01841274751013 solMass / solMass
2504 6.700896081431785 solMass / solMass
2505 626.4830816901504 solMass / solMass
2506 143.71087071107584 solMass / solMass
2507 660.1149013294471 solMass / solMass
2508 76.6330013079588 solMass / solMass
2510 73.62028556131933 solMass / solMass
2514 8.607565100631732 solMass / solMass
2516 189.0028479487757 solMass / solMass
2517 309.9316433461276 solMass / solMass
2518 9.54645376223573 solMass / solMass
2519 474.87080686215063 solMass / solMass
2520 239.55603158284146 solMass / solMass
2521 51.37097053202572 solMass / solMass
2522 6.269653160959569 solMass / solMass
2523 86.55212077538256 solMass / solMass
2525 2714.4700693013683 solMass / solMass
2526 92.72018333625698 solMass / solMass
2530 778.2006088045587 solMass / solMass
2533 64.65158138041367 solMass / solMass
IsSatellite
2536 38.50686078939545 solMass / solMass
HaloMassEqualZero
2541 1215.561045391722 solMass / solMass
2542 296.5872310895541 solMass / solMass
2544 157.10333882206058 solMass / solMass
2546 2.910831690827218 solMass / solMass
2547 45.493428670896755 solMass / solMass
2549 33.50310788175846 solMass / solMass
2550 114.68217832164322 solMass / solMass
2552 81.75457824404171 solMass / solMass
2553 579.9885681843479 solMass / solMass
2556 1864.105833053905 solMass / solMass
2557 1827.0791901516875 solMass / solMass
2559 174.54701877315887 solMass / solMass
2560 84.87818198681111 solMass / solMass
2563 105.35727661306359 solMass / solMass
2564 229.79376402779613 solMass / solMass
2565 252.02860295479047 solMass / solMass
IsSatellite
2569 343.05386808689235 solMass / solMass
2571 98.64653195320216 solMass / solMass
2572 69.35398123530068 solMass / solMass
2574 190.84534864350354 solMass / solMass
2575 198.83358371033128 solMass / solMass
2576 125.71828454539563 solMass / solMass
2577 86.49580959392752 solMass / solMass
2579 113.79486316387202 solMass / solMass
2580 2392.1175538813113 solMass / solMass
2581 349.1838542659498 solMass / solMass
2582 224.2910642683762 solMass / solMass
2583 1190.460017607951 solMass / solMass
2584 225.68036952718418 solMass / solMass
2585 436.82524175806486 solMass / solMass
2586 4.3316892184843985 solMass / solMass
2587 323.2342049870505 solMass / solMass
2588 9.042200927568771 solMass / solMass
2589 23.718772126380006 solMass / solMass
2590 58.54315502638459 solMass / solMass
2591 167.18911665749744 solMass / solMass
2594 2449.8144201460127 solMass / solMass
2595 126.1557057775359 solMass / solMass
2596 314.9128292017032 solMass / solMass
2597 516.9901843086983 solMass / solMass
2598 317.297568820588 solMass / solMass
2599 7.957546711403705 solMass / solMass
2601 77.72550992150127 solMass / solMass
2603 31.63638963565668 solMass / solMass
2605 355.29263883458947 solMass / solMass
2606 7.232924000933811 solMass / solMass
2608 396.727123310835 solMass / solMass
2610 116.98465482146631 solMass / solMass
2611 180.30893065548645 solMass / solMass
HaloMassEqualZero
2614 60.25676801526919 solMass / solMass
2616 425.95357000541276 solMass / solMass
2617 56.54732928680904 solMass / solMass
2618 300.2504475364832 solMass / solMass
2619 72.48907731283597 solMass / solMass
IsSatellite
2622 8.991217230085776e+39 solMass / solMass
2624 18.15479335861674 solMass / solMass
2627 96.06803559147498 solMass / solMass
2628 12.592088884472709 solMass / solMass
2629 717.3502001240489 solMass / solMass
2630 1354.1793082497354 solMass / solMass
2632 819.2053527264186 solMass / solMass
2633 97.42865837943555 solMass / solMass
2634 235.37420083368227 solMass / solMass
2638 32.68664957014944 solMass / solMass
2639 744.4172580593513 solMass / solMass
2640 84.98969492219383 solMass / solMass
2643 216.6720199653415 solMass / solMass
2644 22.65304277379549 solMass / solMass
2645 816.8836177075333 solMass / solMass
2647 89.56683446696152 solMass / solMass
2650 907.9875250271972 solMass / solMass
2652 39.8498887414321 solMass / solMass
2653 158.12635674712175 solMass / solMass
2654 158.0250950706165 solMass / solMass
2655 3617.2408920828975 solMass / solMass
2657 661.3961715814105 solMass / solMass
2658 104.05491740684354 solMass / solMass
2659 77.13413373595453 solMass / solMass
2661 640.3899664486746 solMass / solMass
2662 457.33139492932884 solMass / solMass
2663 8.415803494896247e+39 solMass / solMass
2668 684.1761566270078 solMass / solMass
2669 336.56430508322 solMass / solMass
2671 131.4836464978896 solMass / solMass
2672 79.8643092035659 solMass / solMass
2674 1726.6750919195347 solMass / solMass
2676 332.0418150689277 solMass / solMass
2677 10.239028573434577 solMass / solMass
2679 254.76889789346615 solMass / solMass
2681 338.08624480889733 solMass / solMass
2682 24.008834454723615 solMass / solMass
2683 113.63476536368518 solMass / solMass
2684 89.31722150231488 solMass / solMass
2685 39.29636299620663 solMass / solMass
HaloMassEqualZero
2687 207.52913662033907 solMass / solMass
2689 392.6278780413246 solMass / solMass
2692 312.948495992317 solMass / solMass
2693 427.0570758927546 solMass / solMass
2695 529.8592025517604 solMass / solMass
2696 204.90690211006844 solMass / solMass
2697 414.58749385889456 solMass / solMass
2698 179.95460155679163 solMass / solMass
2699 537.9819756803743 solMass / solMass
2700 65.68316075954621 solMass / solMass
IsSatellite
2704 84.99737790565064 solMass / solMass
2705 86.07181326373654 solMass / solMass
2706 14.274687791004766 solMass / solMass
2708 96.17161173202012 solMass / solMass
2711 87.44019659535222 solMass / solMass
2712 2066.730107735394 solMass / solMass
2713 283.75532497760275 solMass / solMass
2714 1863.0480392896736 solMass / solMass
2717 41.522700275825265 solMass / solMass
2719 510.4119954744488 solMass / solMass
2720 45.99653060867989 solMass / solMass
2721 484.53227188738424 solMass / solMass
2722 19.896848524783003 solMass / solMass
HaloMassEqualZero
2724 28.36913491427528 solMass / solMass
2726 202.23417571304154 solMass / solMass
2727 89.92789219101113 solMass / solMass
2728 147.79883374927522 solMass / solMass
2729 94.49675143926088 solMass / solMass
2730 439.13150507512296 solMass / solMass
2732 66.06701968837243 solMass / solMass
2733 14.944438190486911 solMass / solMass
2734 671.2603497170495 solMass / solMass
2735 19.273358902745425 solMass / solMass
2736 185.92548865514206 solMass / solMass
2738 125.87039454582818 solMass / solMass
2739 524.9593725443359 solMass / solMass
2740 7.860985831569424e+39 solMass / solMass
2741 135.78038345274987 solMass / solMass
2742 45.697089824935055 solMass / solMass
2743 68.71366589495791 solMass / solMass
2745 1024.2271478836005 solMass / solMass
2746 63.48422757823216 solMass / solMass
2749 375.695285110577 solMass / solMass
2751 3229.734197745277 solMass / solMass
2752 32.21865443249571 solMass / solMass
2754 58.00609270132253 solMass / solMass
2755 400.785049902634 solMass / solMass
2757 3293.6574377092743 solMass / solMass
2758 46.97824023532374 solMass / solMass
2760 6.466496288131901e+39 solMass / solMass
2761 68.94708393950987 solMass / solMass
2763 197.58980408557238 solMass / solMass
HaloMassEqualZero
2766 714.9529765213514 solMass / solMass
2768 564.2209755573714 solMass / solMass
2772 353.6718141200551 solMass / solMass
2773 231.55056228279972 solMass / solMass
2774 47.3112032219117 solMass / solMass
2775 179.3395717040519 solMass / solMass
2778 22.093034973524336 solMass / solMass
2779 576.6190788042201 solMass / solMass
2780 134.93000589939186 solMass / solMass
2781 86.36542547609388 solMass / solMass
2782 148.67018515745144 solMass / solMass
2783 348.21870444794956 solMass / solMass
2784 197.4199060395333 solMass / solMass
2787 39.5833291690104 solMass / solMass
2788 2.472112349493152 solMass / solMass
2789 531.3258402142709 solMass / solMass
2790 50.789624161111696 solMass / solMass
2791 489.6284394022764 solMass / solMass
2792 417.2477332904155 solMass / solMass
2793 210.208743446446 solMass / solMass
2794 347.87648705703435 solMass / solMass
2795 337.57057727268517 solMass / solMass
2798 70.74686592824358 solMass / solMass
2799 8.157436501878443 solMass / solMass
2800 59.549890908083405 solMass / solMass
2802 225.18416039399483 solMass / solMass
2805 99.51107762266976 solMass / solMass
2808 71.75345343553175 solMass / solMass
2810 33.812138362794364 solMass / solMass
2811 417.6405731358731 solMass / solMass
2812 24.275017032864966 solMass / solMass
2817 6.030220245278508e+39 solMass / solMass
2818 103.56182782508775 solMass / solMass
2819 308.25922379783606 solMass / solMass
2822 209.74488055389486 solMass / solMass
2823 96.12504223139247 solMass / solMass
2824 206.8357978004692 solMass / solMass
2827 830.6273591900028 solMass / solMass
2830 5380.673601962919 solMass / solMass
2831 31.31295491335614 solMass / solMass
2832 113.41561342161773 solMass / solMass
2833 556.1404980343472 solMass / solMass
2834 996.4702422674557 solMass / solMass
2835 329.89935938002554 solMass / solMass
2838 1422.9123889144846 solMass / solMass
2839 156.17641374303705 solMass / solMass
2843 10.498295412366431 solMass / solMass
2845 314.9474989882876 solMass / solMass
2848 65.32664692811854 solMass / solMass
2851 274.7764126913558 solMass / solMass
2853 702.7708598964621 solMass / solMass
2854 1221.0177249314227 solMass / solMass
2857 46.45085998207293 solMass / solMass
2860 429.2113126545713 solMass / solMass
2861 26.580401926399237 solMass / solMass
IsSatellite
2863 280.4639093659621 solMass / solMass
2864 81.3941970551972 solMass / solMass
2866 267.388283208762 solMass / solMass
2867 1531.1822353891387 solMass / solMass
2868 489.2205058870537 solMass / solMass
2870 243.96639286245895 solMass / solMass
2873 115.15586349218997 solMass / solMass
2875 271.7935131166444 solMass / solMass
2876 25.253264175297495 solMass / solMass
2877 287.23121529882707 solMass / solMass
2878 24.71914901184113 solMass / solMass
2879 52.35421647265874 solMass / solMass
2880 135.9628797719786 solMass / solMass
2881 141.9893560767293 solMass / solMass
2882 30.720836366734936 solMass / solMass
2886 107.55645099824136 solMass / solMass
2888 111.65460560022072 solMass / solMass
2890 102.72404367945894 solMass / solMass
2891 149.1601567390631 solMass / solMass
2892 317.5593581850803 solMass / solMass
2895 164.00012564717227 solMass / solMass
2896 361.3983868996072 solMass / solMass
2897 530.5150092687558 solMass / solMass
2899 10.868778054925604 solMass / solMass
2900 128.29556978244347 solMass / solMass
2903 825.2968867104261 solMass / solMass
2904 1.9810911920744614 solMass / solMass
2905 197.93385529030604 solMass / solMass
2907 153.1254698311647 solMass / solMass
2908 320.4685019821662 solMass / solMass
2909 479.03319538505195 solMass / solMass
2910 176.8238390606574 solMass / solMass
2911 402.14546466931483 solMass / solMass
2913 2992.7638563795963 solMass / solMass
2914 231.20849742823597 solMass / solMass
2915 80.35271303149749 solMass / solMass
2916 373.2125877493987 solMass / solMass
2917 284.0495495477332 solMass / solMass
2919 233.03589600300486 solMass / solMass
2920 561.4058857191673 solMass / solMass
2921 3711.4443148174914 solMass / solMass
2922 553.913793447735 solMass / solMass
2923 155.74603624232464 solMass / solMass
2925 258.4920579402099 solMass / solMass
2927 16.147427893792457 solMass / solMass
2928 2006.125354104309 solMass / solMass
2929 123.06063911358093 solMass / solMass
2930 139.168781117384 solMass / solMass
2932 79.06081498573651 solMass / solMass
2934 180.44985644802435 solMass / solMass
2935 292.05411651694806 solMass / solMass
2936 63.66337291704503 solMass / solMass
2938 45.860690112090026 solMass / solMass
2940 209.36891580152962 solMass / solMass
2941 403.5155476345373 solMass / solMass
2942 703.2261322118399 solMass / solMass
2943 6363.066646288847 solMass / solMass
2944 171.09235063435588 solMass / solMass
2946 108.30195644207545 solMass / solMass
2947 441.2211790618899 solMass / solMass
2948 62.01562883959996 solMass / solMass
2951 119.72404845425386 solMass / solMass
2954 1713.5646142673488 solMass / solMass
2957 70.24445694549988 solMass / solMass
2958 3144.6397673810493 solMass / solMass
2959 733.981877542474 solMass / solMass
2960 402.695047776926 solMass / solMass
2964 111.52665125209938 solMass / solMass
2965 146.38953257372322 solMass / solMass
2966 18.943591766088286 solMass / solMass
2968 50.819826326701474 solMass / solMass
2969 301.84352051126905 solMass / solMass
2970 314.96040526254404 solMass / solMass
2972 309.7322963833183 solMass / solMass
2973 1239.4303796739434 solMass / solMass
2974 844.6697201041723 solMass / solMass
IsSatellite
2977 95.49131523003462 solMass / solMass
2978 26.831024484307548 solMass / solMass
2980 5.776397146909763e+39 solMass / solMass
2981 309.73407051796505 solMass / solMass
2982 3057.8382987088157 solMass / solMass
2983 352.22092483162817 solMass / solMass
2984 360.6417116822491 solMass / solMass
2987 352.0700460534204 solMass / solMass
2988 397.6584046409886 solMass / solMass
2989 73.84934775261884 solMass / solMass
2990 5.23767502056832 solMass / solMass
2991 60.09491063792946 solMass / solMass
2992 353.7984758744949 solMass / solMass
2993 119.18277308307216 solMass / solMass
2994 221.37478586152167 solMass / solMass
2995 265.4959555981798 solMass / solMass
2996 1014.6897086384201 solMass / solMass
2997 4.525139954870268 solMass / solMass
2998 32.4784002126404 solMass / solMass
IsSatellite
123AllDone123
