yt : [INFO     ] 2017-07-28 10:46:37,767 Parameters: current_time              = 2.442094332e+16
yt : [INFO     ] 2017-07-28 10:46:37,767 Parameters: domain_dimensions         = [2 2 2]
yt : [INFO     ] 2017-07-28 10:46:37,768 Parameters: domain_left_edge          = [ 0.  0.  0.]
yt : [INFO     ] 2017-07-28 10:46:37,768 Parameters: domain_right_edge         = [  1.66901647e+25   1.66901647e+25   1.66901647e+25]
yt : [INFO     ] 2017-07-28 10:46:37,769 Parameters: cosmological_simulation   = 1
yt : [INFO     ] 2017-07-28 10:46:37,769 Parameters: current_redshift          = 6.99999981444
yt : [INFO     ] 2017-07-28 10:46:37,769 Parameters: omega_lambda              = 0.712
yt : [INFO     ] 2017-07-28 10:46:37,769 Parameters: omega_matter              = 0.288
yt : [INFO     ] 2017-07-28 10:46:37,769 Parameters: hubble_constant           = 0.6933
yt : [INFO     ] 2017-07-28 10:46:37,889 Parameters: current_time              = 102.74801136229
yt : [INFO     ] 2017-07-28 10:46:37,889 Parameters: domain_dimensions         = [128 128 128]
yt : [INFO     ] 2017-07-28 10:46:37,889 Parameters: domain_left_edge          = [ 0.  0.  0.]
yt : [INFO     ] 2017-07-28 10:46:37,890 Parameters: domain_right_edge         = [ 1.  1.  1.]
yt : [INFO     ] 2017-07-28 10:46:37,890 Parameters: cosmological_simulation   = 1
yt : [INFO     ] 2017-07-28 10:46:37,891 Parameters: current_redshift          = 6.9999998144358
yt : [INFO     ] 2017-07-28 10:46:37,891 Parameters: omega_lambda              = 0.712
yt : [INFO     ] 2017-07-28 10:46:37,891 Parameters: omega_matter              = 0.288
yt : [INFO     ] 2017-07-28 10:46:37,891 Parameters: hubble_constant           = 0.6933
yt : [INFO     ] 2017-07-28 10:46:37,894 Allocating for 6.175e+03 particles (index particle type 'all')
yt : [INFO     ] 2017-07-28 10:46:37,899 Identified 2.169e+03 octs
2 0.9926139823748812 solMass / solMass
4 4.089688143275694 solMass / solMass
5 1.1000793696865 solMass / solMass
6 3.5479106682922166 solMass / solMass
7 8.378233443774095 solMass / solMass
9 1.4063758322434377 solMass / solMass
11 2.2638235223747643 solMass / solMass
12 1.6194022152519405 solMass / solMass
13 2.5719194345463126 solMass / solMass
15 3.5704185484412214 solMass / solMass
16 0.8819404989864107 solMass / solMass
17 3.9845289398832975 solMass / solMass
19 10.94117729575242 solMass / solMass
20 0.813665409342575 solMass / solMass
21 3.11212505031659 solMass / solMass
23 4.154272151195331 solMass / solMass
25 4.439022594715677 solMass / solMass
26 9.441929219031593 solMass / solMass
27 2.647646958075681 solMass / solMass
28 3.900398936333217 solMass / solMass
30 6.275079999982829 solMass / solMass
31 4.236797306628698 solMass / solMass
34 7.483542911953246 solMass / solMass
35 4.402313753413478 solMass / solMass
IsSatellite
40 4.504527757660611 solMass / solMass
41 5.641945484347 solMass / solMass
42 4.5567047574691415 solMass / solMass
43 0.8561377884047578 solMass / solMass
47 8.27408101930812 solMass / solMass
48 3.0410465708937173 solMass / solMass
50 1.8367234160770232 solMass / solMass
52 7.280312588745955 solMass / solMass
53 1.8694668931982372 solMass / solMass
55 16.92083837776812 solMass / solMass
56 8.664688746416859 solMass / solMass
57 10.871824761322173 solMass / solMass
59 3.009966659075946 solMass / solMass
60 28.078130495879467 solMass / solMass
61 11.068614990001347 solMass / solMass
62 21.228683318347077 solMass / solMass
66 12.269095908726369 solMass / solMass
67 15.285250413905912 solMass / solMass
68 4.62540561142373 solMass / solMass
69 12.090406840283254 solMass / solMass
70 11.415355414270982 solMass / solMass
IsSatellite
72 3.8192483042249084 solMass / solMass
73 6.097284529829125 solMass / solMass
75 12.252011065821183 solMass / solMass
78 2.939911442274985 solMass / solMass
79 7.265908370354869 solMass / solMass
81 10.473308209338038 solMass / solMass
82 11.785084696901176 solMass / solMass
85 12.689063815441562 solMass / solMass
90 13.92345300524477 solMass / solMass
91 9.48844286746985 solMass / solMass
94 14.357066893583397 solMass / solMass
98 10.755308145552736 solMass / solMass
99 15.855163961866797 solMass / solMass
100 1.5965480966368373 solMass / solMass
101 14.8828153407413 solMass / solMass
102 12.530834025705508 solMass / solMass
103 14.573227150473882 solMass / solMass
104 12.294738701854076 solMass / solMass
105 9.100967700218659 solMass / solMass
107 18.125458759554427 solMass / solMass
108 11.807893405031237 solMass / solMass
109 5.3601101898275125 solMass / solMass
111 17.700322793446606 solMass / solMass
112 20.725737772430676 solMass / solMass
113 6.3924263550837646 solMass / solMass
114 10.311321411227938 solMass / solMass
115 17.356398318789964 solMass / solMass
117 19.542326126253975 solMass / solMass
120 33.907037886728304 solMass / solMass
121 3.3776391607895113 solMass / solMass
122 12.751705304372118 solMass / solMass
123 3.8986374340918006 solMass / solMass
124 4.928790949100763 solMass / solMass
125 45.37609976637075 solMass / solMass
126 15.737126033536812 solMass / solMass
127 22.949612049296363 solMass / solMass
128 9.893919910901761 solMass / solMass
131 10.750250555781692 solMass / solMass
132 3.2183705298051857 solMass / solMass
133 11.926066438205597 solMass / solMass
134 2.7082817112216317 solMass / solMass
136 26.624376032231634 solMass / solMass
137 12.017549496307284 solMass / solMass
140 17.687156616258864 solMass / solMass
142 15.240618595079523 solMass / solMass
144 13.222946481774915 solMass / solMass
145 5.728793281055248 solMass / solMass
146 15.939976684874974 solMass / solMass
147 17.49482595786103 solMass / solMass
148 26.658720817035174 solMass / solMass
150 21.08607608000382 solMass / solMass
152 14.179057615898042 solMass / solMass
153 13.009664769313899 solMass / solMass
154 21.844124126020645 solMass / solMass
155 17.193773424238834 solMass / solMass
156 2.926065154307905 solMass / solMass
157 3.7404131081146748 solMass / solMass
158 4.591156566436236 solMass / solMass
159 20.2998432877469 solMass / solMass
160 14.836470337679858 solMass / solMass
161 38.67274107185658 solMass / solMass
162 12.622220826287204 solMass / solMass
163 23.463789376117873 solMass / solMass
164 8.898680129820002 solMass / solMass
165 22.345145299344342 solMass / solMass
166 66.17959158415358 solMass / solMass
167 1.2089212676973025 solMass / solMass
168 15.05559413620955 solMass / solMass
170 40.105703251278385 solMass / solMass
171 18.732434795857365 solMass / solMass
172 3.298992871058749 solMass / solMass
173 28.740749842704687 solMass / solMass
174 19.895157393222547 solMass / solMass
175 22.145771847083477 solMass / solMass
176 30.435531650999877 solMass / solMass
177 16.356792784752685 solMass / solMass
178 29.370417326657503 solMass / solMass
179 3.9598619582054435 solMass / solMass
181 33.040845768831595 solMass / solMass
182 6.3456471784221025 solMass / solMass
183 25.87133710246245 solMass / solMass
185 51.123388050501504 solMass / solMass
186 5.677916269581933 solMass / solMass
187 2.596637345597568 solMass / solMass
189 21.605233819456206 solMass / solMass
190 19.466321719000586 solMass / solMass
191 8.690502813667399 solMass / solMass
192 27.032888300723975 solMass / solMass
194 15.618448608419413 solMass / solMass
196 20.77615881791317 solMass / solMass
197 11.80168342412405 solMass / solMass
203 37.06559953437206 solMass / solMass
204 22.66362362416623 solMass / solMass
205 12.506827423788357 solMass / solMass
206 25.567418462680937 solMass / solMass
207 14.593322877658684 solMass / solMass
208 27.69323206898622 solMass / solMass
213 6.261601514550972 solMass / solMass
214 24.28619097047287 solMass / solMass
215 12.166683154352214 solMass / solMass
216 28.60718039035455 solMass / solMass
217 23.569931047156686 solMass / solMass
218 40.793829694701515 solMass / solMass
219 11.191983945137851 solMass / solMass
220 12.845330723575854 solMass / solMass
221 1.2728743781274503 solMass / solMass
223 23.923334390618017 solMass / solMass
224 12.210181960195905 solMass / solMass
225 8.921453995888065 solMass / solMass
226 15.635937291665519 solMass / solMass
227 75.23107421132136 solMass / solMass
228 30.617752316029648 solMass / solMass
230 31.91087757460984 solMass / solMass
232 29.483140779394766 solMass / solMass
233 25.940199640450384 solMass / solMass
234 9.82604637655668 solMass / solMass
235 47.06930825051649 solMass / solMass
236 27.347924488202867 solMass / solMass
237 5.120635866088556 solMass / solMass
238 25.94044292920582 solMass / solMass
239 26.310898758713098 solMass / solMass
241 28.868189487255584 solMass / solMass
243 48.997092378322286 solMass / solMass
244 19.218305170781978 solMass / solMass
245 71.42674818953408 solMass / solMass
246 19.931937059386822 solMass / solMass
247 21.641267405936123 solMass / solMass
249 13.335825890615448 solMass / solMass
250 58.95012197418473 solMass / solMass
251 36.3818878327881 solMass / solMass
252 4.742204303297566 solMass / solMass
253 12.641294852092527 solMass / solMass
255 4.797680641405394 solMass / solMass
257 15.789607656675086 solMass / solMass
258 36.35647959964424 solMass / solMass
260 6.263204823588037 solMass / solMass
263 35.79217431918758 solMass / solMass
264 37.29221227229901 solMass / solMass
265 11.569064429480607 solMass / solMass
267 47.40129247570282 solMass / solMass
269 43.97933597193592 solMass / solMass
270 41.537138702362135 solMass / solMass
271 6.476085567417147 solMass / solMass
273 21.83315668780667 solMass / solMass
274 24.87303910808922 solMass / solMass
276 4.568108235170894 solMass / solMass
277 15.414401531215045 solMass / solMass
279 8.733754905522607 solMass / solMass
280 124.30281987124431 solMass / solMass
281 22.065126013702024 solMass / solMass
282 1.6261027249035227 solMass / solMass
284 30.552732123419133 solMass / solMass
285 21.363175729698025 solMass / solMass
287 5.620881765730829 solMass / solMass
288 12.888138118644926 solMass / solMass
290 19.003184119260464 solMass / solMass
292 12.823255919644899 solMass / solMass
296 9.21935726080226 solMass / solMass
297 95.71201367132268 solMass / solMass
302 88.97103117287975 solMass / solMass
304 23.591376688091586 solMass / solMass
305 46.59175273981273 solMass / solMass
308 29.375850243720027 solMass / solMass
309 33.321667600806734 solMass / solMass
310 38.91942617932365 solMass / solMass
311 17.019227563178973 solMass / solMass
314 33.30159805028864 solMass / solMass
318 18.135610299068865 solMass / solMass
320 37.438436513140424 solMass / solMass
321 19.419435169808253 solMass / solMass
322 64.64731251130749 solMass / solMass
323 62.308157841721524 solMass / solMass
324 79.85287297645814 solMass / solMass
325 29.312907971730468 solMass / solMass
328 44.33511638389274 solMass / solMass
329 5.8643361724607175 solMass / solMass
330 34.26764627413058 solMass / solMass
331 27.913686093674528 solMass / solMass
332 48.31538795558804 solMass / solMass
334 13.110852462342471 solMass / solMass
335 47.35133266318098 solMass / solMass
336 18.941320704868655 solMass / solMass
339 21.114918000555814 solMass / solMass
340 56.58141199688592 solMass / solMass
343 52.19661722259506 solMass / solMass
344 52.671862871616135 solMass / solMass
345 26.39997015057508 solMass / solMass
347 8.859016619759906 solMass / solMass
348 27.337914876603154 solMass / solMass
349 37.5289521666896 solMass / solMass
350 2.7048833048536047 solMass / solMass
353 34.0381323431547 solMass / solMass
354 44.251787365422786 solMass / solMass
355 0.527922395481188 solMass / solMass
358 9.596818375219707 solMass / solMass
359 48.077962442186625 solMass / solMass
360 32.94215940880171 solMass / solMass
363 38.34041462304233 solMass / solMass
364 37.43011099786694 solMass / solMass
366 21.673952094244722 solMass / solMass
367 17.304436759953756 solMass / solMass
368 49.879611530866526 solMass / solMass
369 0.5608985274876868 solMass / solMass
370 9.163318988814352 solMass / solMass
371 5.486631665314988 solMass / solMass
372 12.922577482825938 solMass / solMass
373 57.73881155895219 solMass / solMass
377 75.59114157534319 solMass / solMass
378 39.815507187534955 solMass / solMass
379 31.595302428979537 solMass / solMass
381 91.97669745133064 solMass / solMass
382 25.457768360329677 solMass / solMass
385 73.12910888861397 solMass / solMass
386 4.3598505361853315 solMass / solMass
389 24.818843940517805 solMass / solMass
390 50.57449712234056 solMass / solMass
391 8.636829032296708 solMass / solMass
392 21.398900065331162 solMass / solMass
393 52.26512737503918 solMass / solMass
394 45.11229172218717 solMass / solMass
395 39.05082870522785 solMass / solMass
396 75.44215578054578 solMass / solMass
399 100.62032118014231 solMass / solMass
401 5.731422219514827 solMass / solMass
402 30.34423223605372 solMass / solMass
406 35.00666535979679 solMass / solMass
408 4.830018340367921 solMass / solMass
409 48.245454969503946 solMass / solMass
410 26.174672925708972 solMass / solMass
411 6.829572525089577 solMass / solMass
412 21.58407091009823 solMass / solMass
413 11.968095434282217 solMass / solMass
415 6.212933604379478 solMass / solMass
419 48.79152130558908 solMass / solMass
420 73.87400388090764 solMass / solMass
421 21.94155673892651 solMass / solMass
423 39.62178804678572 solMass / solMass
424 46.72893057682148 solMass / solMass
425 58.623100231220164 solMass / solMass
426 55.09684281695306 solMass / solMass
428 53.97018420044579 solMass / solMass
430 63.21406172785688 solMass / solMass
431 105.50691731394987 solMass / solMass
432 119.11842148561152 solMass / solMass
436 50.690013437280584 solMass / solMass
437 125.59272554149295 solMass / solMass
438 32.16105767070009 solMass / solMass
439 68.03247243667744 solMass / solMass
440 47.95185323997845 solMass / solMass
441 74.08931717009835 solMass / solMass
443 70.8703348958741 solMass / solMass
444 35.266556378244104 solMass / solMass
446 26.15062621754963 solMass / solMass
447 52.82232593455255 solMass / solMass
448 35.40397272820571 solMass / solMass
449 7.0766009058081085 solMass / solMass
450 34.739871329859724 solMass / solMass
451 60.76269473866005 solMass / solMass
453 44.99432946180836 solMass / solMass
454 60.37483043432649 solMass / solMass
456 31.842103694957217 solMass / solMass
458 59.463997475515534 solMass / solMass
462 34.112851254428726 solMass / solMass
464 32.35932370359273 solMass / solMass
465 41.84802308313865 solMass / solMass
466 4.013056789789764 solMass / solMass
467 15.271870902981531 solMass / solMass
469 13.413549822233227 solMass / solMass
470 49.0052568430712 solMass / solMass
471 63.20957945482654 solMass / solMass
472 49.378056769657164 solMass / solMass
473 41.391827997181984 solMass / solMass
474 58.369355436945725 solMass / solMass
475 22.12166808189066 solMass / solMass
477 34.34930696034456 solMass / solMass
478 68.25010085356747 solMass / solMass
479 31.746007354316543 solMass / solMass
480 48.074789905830436 solMass / solMass
481 48.43631471395119 solMass / solMass
483 116.85717938927782 solMass / solMass
484 57.49329270948223 solMass / solMass
485 75.62006472811248 solMass / solMass
487 69.67492262636493 solMass / solMass
489 12.443441735790945 solMass / solMass
490 5.778995472606772 solMass / solMass
491 72.09206461755028 solMass / solMass
492 9.262975775833139 solMass / solMass
493 39.42388944500259 solMass / solMass
495 133.57720105099494 solMass / solMass
496 55.06045662523302 solMass / solMass
499 75.2986648094868 solMass / solMass
500 140.1461313759151 solMass / solMass
502 81.10917823252242 solMass / solMass
503 54.71156195377887 solMass / solMass
504 0.9893482125515695 solMass / solMass
505 26.85462075273702 solMass / solMass
507 47.36189739264783 solMass / solMass
509 14.359149079785148 solMass / solMass
510 68.38485031459668 solMass / solMass
512 80.15695482334709 solMass / solMass
513 13.190180776540553 solMass / solMass
516 50.798370518956865 solMass / solMass
517 25.0931047336011 solMass / solMass
518 60.84755497453827 solMass / solMass
519 110.28567512281079 solMass / solMass
521 67.89311544031676 solMass / solMass
523 10.994243407853995 solMass / solMass
525 81.42358432617601 solMass / solMass
526 140.1808832576634 solMass / solMass
527 47.697064750849975 solMass / solMass
528 45.76765109362393 solMass / solMass
530 87.05862947321789 solMass / solMass
532 61.78329426156635 solMass / solMass
534 81.3088096542489 solMass / solMass
536 27.310879123091727 solMass / solMass
538 224.90227714752427 solMass / solMass
542 44.43101964803593 solMass / solMass
544 81.71184348806823 solMass / solMass
546 63.153202733490495 solMass / solMass
547 97.51319528064757 solMass / solMass
548 90.94833450542534 solMass / solMass
551 28.015561380594537 solMass / solMass
553 61.153626683624786 solMass / solMass
554 19.883519828217473 solMass / solMass
555 114.5162388494062 solMass / solMass
556 69.75633269113874 solMass / solMass
557 59.69939208667155 solMass / solMass
558 47.03307671186591 solMass / solMass
560 1.1899404018579782 solMass / solMass
561 53.97459278817519 solMass / solMass
564 15.269836334288124 solMass / solMass
565 10.81117202277296 solMass / solMass
567 111.23456734743023 solMass / solMass
569 34.27467423742238 solMass / solMass
570 42.30100511651693 solMass / solMass
571 41.960299192419654 solMass / solMass
573 37.959040368660496 solMass / solMass
574 48.06894793274609 solMass / solMass
575 2.4335870832991215 solMass / solMass
576 45.15902254142465 solMass / solMass
579 117.17564097285492 solMass / solMass
582 51.06505375815535 solMass / solMass
584 48.064244822562635 solMass / solMass
585 91.91660781854495 solMass / solMass
589 196.53389952444863 solMass / solMass
590 49.87859858560664 solMass / solMass
591 144.71797094899907 solMass / solMass
592 14.869007519834694 solMass / solMass
593 87.19417774011302 solMass / solMass
594 80.12408171548861 solMass / solMass
595 21.40181849871896 solMass / solMass
599 30.96292638063062 solMass / solMass
600 26.501553525191 solMass / solMass
601 99.82231114449394 solMass / solMass
602 50.21892035577746 solMass / solMass
604 96.7038044027024 solMass / solMass
605 2.696386594440393 solMass / solMass
607 145.70161974934123 solMass / solMass
608 42.884698414713824 solMass / solMass
609 141.19137309565824 solMass / solMass
610 13.004821005170935 solMass / solMass
611 9.714593722053209 solMass / solMass
612 29.981312512237068 solMass / solMass
613 68.72498682219054 solMass / solMass
614 0.6385247220687457 solMass / solMass
616 37.79072079680247 solMass / solMass
617 43.8552093409369 solMass / solMass
619 2.4282995279017485 solMass / solMass
620 97.04471500543428 solMass / solMass
621 10.383865493998336 solMass / solMass
622 37.54275744703367 solMass / solMass
623 63.90472766957832 solMass / solMass
624 53.41442037391737 solMass / solMass
625 25.86425975394564 solMass / solMass
626 84.27922626058367 solMass / solMass
628 90.85544565282191 solMass / solMass
629 80.9345283114787 solMass / solMass
631 0.45650858009693446 solMass / solMass
632 56.64514770946689 solMass / solMass
633 27.545111540832167 solMass / solMass
636 106.4438568811667 solMass / solMass
637 86.28735492296032 solMass / solMass
638 108.75057025969781 solMass / solMass
640 94.77055323067587 solMass / solMass
641 13.293762010142085 solMass / solMass
642 224.1571419096458 solMass / solMass
644 111.0109042543008 solMass / solMass
645 17.059727344628914 solMass / solMass
646 69.8333288655307 solMass / solMass
647 48.516875117222995 solMass / solMass
649 68.32643088588291 solMass / solMass
654 113.80768106685696 solMass / solMass
655 114.06171705512863 solMass / solMass
656 121.40971701665275 solMass / solMass
658 77.12584073161602 solMass / solMass
659 56.29858658671045 solMass / solMass
660 90.20110530938933 solMass / solMass
663 90.44480159750444 solMass / solMass
665 44.31021221087514 solMass / solMass
666 121.4264059479088 solMass / solMass
667 102.23081933736184 solMass / solMass
669 34.60933725552536 solMass / solMass
670 91.150519211165 solMass / solMass
674 75.67798497137967 solMass / solMass
679 68.15394258084889 solMass / solMass
682 59.1748009932039 solMass / solMass
684 23.178840532475604 solMass / solMass
686 50.73813472861289 solMass / solMass
688 58.2502043534263 solMass / solMass
689 28.6792850550304 solMass / solMass
690 59.38225117640625 solMass / solMass
691 55.86607694773944 solMass / solMass
692 60.11612201257562 solMass / solMass
695 79.9091192865398 solMass / solMass
696 88.48314866136629 solMass / solMass
697 4.437413372968955 solMass / solMass
701 27.344758744360163 solMass / solMass
702 31.995251831728723 solMass / solMass
703 99.18257471918915 solMass / solMass
704 375.1158155663279 solMass / solMass
707 100.7002956802486 solMass / solMass
708 171.33560940252295 solMass / solMass
709 131.22259368971012 solMass / solMass
710 215.7248518255361 solMass / solMass
711 119.7849228122368 solMass / solMass
712 11.957956328166269 solMass / solMass
715 39.442939156841724 solMass / solMass
716 89.3480403961573 solMass / solMass
717 25.989798493123466 solMass / solMass
718 152.77386231800966 solMass / solMass
720 38.28568973131299 solMass / solMass
721 103.42501669740787 solMass / solMass
722 37.651149091986916 solMass / solMass
724 75.5799825932827 solMass / solMass
725 22.05138168148402 solMass / solMass
726 61.367153123094376 solMass / solMass
727 64.96722491118314 solMass / solMass
729 142.0328750656412 solMass / solMass
731 60.56362000055147 solMass / solMass
733 82.25872902635845 solMass / solMass
734 109.51544896026705 solMass / solMass
735 131.77430616187732 solMass / solMass
736 72.95272689865841 solMass / solMass
737 51.200570920440775 solMass / solMass
739 220.63021310087663 solMass / solMass
740 104.51614955640709 solMass / solMass
742 17.75192737556549 solMass / solMass
747 359.90846488723906 solMass / solMass
748 146.21736432796624 solMass / solMass
749 163.11122539655105 solMass / solMass
750 18.836376170816376 solMass / solMass
751 92.7566711350304 solMass / solMass
754 47.2314749699151 solMass / solMass
755 58.22695880827269 solMass / solMass
756 84.71373514716434 solMass / solMass
758 75.18297004596603 solMass / solMass
759 108.18909251391672 solMass / solMass
760 160.2588401925075 solMass / solMass
761 82.45509207578522 solMass / solMass
762 121.52439653316314 solMass / solMass
763 15.257273543051257 solMass / solMass
764 16.45120848443592 solMass / solMass
765 30.204315243286228 solMass / solMass
766 48.445499016960504 solMass / solMass
769 127.12300854196629 solMass / solMass
770 68.83477213835286 solMass / solMass
771 46.25891016589645 solMass / solMass
772 79.47561812633559 solMass / solMass
773 159.05084276235232 solMass / solMass
774 114.95313880152536 solMass / solMass
775 32.76873964830073 solMass / solMass
777 93.20206639676644 solMass / solMass
778 139.37178371776344 solMass / solMass
779 603.9817903215364 solMass / solMass
780 101.78000386192771 solMass / solMass
781 261.6066545589357 solMass / solMass
782 170.54052503251995 solMass / solMass
784 147.65566600072196 solMass / solMass
785 87.86832586342503 solMass / solMass
786 109.68155348805611 solMass / solMass
787 37.445319178749294 solMass / solMass
789 209.45998272436535 solMass / solMass
790 170.5196308898141 solMass / solMass
791 65.22192868473613 solMass / solMass
792 94.4268279054969 solMass / solMass
793 17.694482250496222 solMass / solMass
794 177.76681911793926 solMass / solMass
795 96.07582675949656 solMass / solMass
796 31.893230406211263 solMass / solMass
797 108.47686616217035 solMass / solMass
798 164.82112050509775 solMass / solMass
799 153.4123177795008 solMass / solMass
800 21.620575298386076 solMass / solMass
801 3.981335987671015 solMass / solMass
802 70.40644841682754 solMass / solMass
803 23.440361287363473 solMass / solMass
804 68.8812302689102 solMass / solMass
805 12.491956264716976 solMass / solMass
806 134.45374073599285 solMass / solMass
807 74.81626221869996 solMass / solMass
808 76.58448318060589 solMass / solMass
812 53.338608264455694 solMass / solMass
813 101.48440996310201 solMass / solMass
815 31.402405459498887 solMass / solMass
816 47.02812509925892 solMass / solMass
817 142.43871863033644 solMass / solMass
818 19.66719548506331 solMass / solMass
819 74.39592924640615 solMass / solMass
820 1.4430386928319583 solMass / solMass
821 81.7212816982803 solMass / solMass
823 0.8799398201574682 solMass / solMass
824 112.7416095091133 solMass / solMass
826 8.29061226837489 solMass / solMass
827 255.84187195035014 solMass / solMass
828 49.9914007293748 solMass / solMass
829 81.28162045328084 solMass / solMass
830 5.772098469966156 solMass / solMass
831 89.81682271765727 solMass / solMass
835 176.03061315592703 solMass / solMass
837 435.6783755179971 solMass / solMass
838 87.56696256362875 solMass / solMass
839 4.471952526000615 solMass / solMass
840 124.70645577874664 solMass / solMass
841 68.16956339356602 solMass / solMass
842 137.40548863273992 solMass / solMass
843 111.98816223685958 solMass / solMass
845 110.3083183408713 solMass / solMass
846 71.59283384602986 solMass / solMass
850 62.234964860065006 solMass / solMass
851 215.2058853360494 solMass / solMass
852 79.8706725935529 solMass / solMass
853 25.001328451010615 solMass / solMass
854 133.75772780005914 solMass / solMass
855 28.72842000311973 solMass / solMass
856 41.236723047310754 solMass / solMass
858 149.03831835175168 solMass / solMass
859 13.375290260788175 solMass / solMass
863 140.3682780056383 solMass / solMass
864 96.4544538606168 solMass / solMass
865 191.00285459932473 solMass / solMass
866 86.22983703087937 solMass / solMass
867 81.94805838204107 solMass / solMass
868 14.637812859484654 solMass / solMass
869 67.80642863870743 solMass / solMass
871 82.42212073386821 solMass / solMass
872 112.40675125095433 solMass / solMass
873 68.62282276862683 solMass / solMass
876 262.72873016836417 solMass / solMass
877 5.247971814378368 solMass / solMass
878 91.92222629990177 solMass / solMass
879 161.03738622616683 solMass / solMass
880 285.89243541082215 solMass / solMass
881 210.94018927810637 solMass / solMass
883 72.05904322724764 solMass / solMass
884 152.27357413944566 solMass / solMass
885 77.09469861242161 solMass / solMass
886 29.370800871100386 solMass / solMass
887 85.09232048079227 solMass / solMass
888 102.99549702038729 solMass / solMass
889 373.3726770799732 solMass / solMass
890 2.1278558245316503 solMass / solMass
891 85.47699650753816 solMass / solMass
892 72.91104547367483 solMass / solMass
894 2.6913928985602404 solMass / solMass
896 75.75503054069316 solMass / solMass
897 9.985250386922198 solMass / solMass
899 229.6482767467022 solMass / solMass
900 89.7629626415609 solMass / solMass
901 257.4071286944162 solMass / solMass
902 336.16101154247576 solMass / solMass
904 176.51226728285866 solMass / solMass
905 49.47498255887951 solMass / solMass
906 98.56200038426687 solMass / solMass
907 188.31247592561402 solMass / solMass
908 121.42412839159933 solMass / solMass
910 128.5172358004158 solMass / solMass
911 70.4109434206963 solMass / solMass
915 79.06387002532549 solMass / solMass
916 61.891341215385815 solMass / solMass
918 391.21666738576346 solMass / solMass
919 96.84148754013471 solMass / solMass
921 34.9088765562291 solMass / solMass
923 120.62248062056288 solMass / solMass
924 180.41666284736937 solMass / solMass
925 68.76581461789976 solMass / solMass
926 139.3087347275991 solMass / solMass
927 119.15072188525498 solMass / solMass
928 79.21446249362452 solMass / solMass
929 434.35369332995583 solMass / solMass
930 139.25450789753188 solMass / solMass
931 83.42921327454536 solMass / solMass
932 665.9344778955659 solMass / solMass
933 178.92175673286337 solMass / solMass
934 179.33716765603882 solMass / solMass
936 263.95496396445554 solMass / solMass
937 207.7906225158695 solMass / solMass
938 282.794830506842 solMass / solMass
939 45.302050715594646 solMass / solMass
940 64.64226977878498 solMass / solMass
941 162.07357539605525 solMass / solMass
942 159.27028015383803 solMass / solMass
943 202.54079967159012 solMass / solMass
944 178.27996068884846 solMass / solMass
945 152.49802747325668 solMass / solMass
947 36.76524013128632 solMass / solMass
948 137.7562075042067 solMass / solMass
950 21.696391006112034 solMass / solMass
952 7.161073064632367 solMass / solMass
953 181.56696625162334 solMass / solMass
954 118.19544484359976 solMass / solMass
955 197.1219938223919 solMass / solMass
956 153.97115747426207 solMass / solMass
957 116.61113964604633 solMass / solMass
958 11.536316315029433 solMass / solMass
959 169.86584840743495 solMass / solMass
960 156.91341879086787 solMass / solMass
961 80.15032103054574 solMass / solMass
962 33.45813700751903 solMass / solMass
963 121.47886266774339 solMass / solMass
964 204.84308451491475 solMass / solMass
966 5.491209030348133 solMass / solMass
971 56.162623257627025 solMass / solMass
972 398.3834260999261 solMass / solMass
975 124.36957583886637 solMass / solMass
976 59.83046255417279 solMass / solMass
978 71.80103223276252 solMass / solMass
979 271.1237944872854 solMass / solMass
981 129.8312472267725 solMass / solMass
982 23.801066639045587 solMass / solMass
983 60.47836417575742 solMass / solMass
984 35.406677370652616 solMass / solMass
985 178.6554052515809 solMass / solMass
988 134.43279292579385 solMass / solMass
990 7.020740950690812 solMass / solMass
991 60.14832346595324 solMass / solMass
HaloMassEqualZero
993 146.5958732460819 solMass / solMass
994 120.92157580497847 solMass / solMass
995 251.14501893920328 solMass / solMass
996 425.223613118908 solMass / solMass
999 60.788290925285644 solMass / solMass
1001 77.32841047292224 solMass / solMass
1003 198.5927759467678 solMass / solMass
1004 13.658286514476806 solMass / solMass
1005 8.392208254417424 solMass / solMass
1006 51.3978398098253 solMass / solMass
1007 383.59472297112836 solMass / solMass
1010 265.0984868523505 solMass / solMass
1011 252.64034806439702 solMass / solMass
1012 80.80967461466587 solMass / solMass
1013 56.22670235949959 solMass / solMass
1015 240.36326765519763 solMass / solMass
1016 124.02606467722171 solMass / solMass
1017 92.27809056202965 solMass / solMass
1018 131.6592134965621 solMass / solMass
1020 203.42311913342192 solMass / solMass
1023 149.49780421081073 solMass / solMass
1024 14.259618346559707 solMass / solMass
1025 34.9589099263951 solMass / solMass
1026 48.196566769865875 solMass / solMass
1028 368.37139306197264 solMass / solMass
1029 126.90368816481094 solMass / solMass
1030 70.58561904447375 solMass / solMass
1031 202.59047187732105 solMass / solMass
1033 59.3225291029876 solMass / solMass
1034 78.48485975857655 solMass / solMass
1035 34.42502564416367 solMass / solMass
1036 124.70910976785675 solMass / solMass
1037 196.9250795517748 solMass / solMass
1038 112.52369619146616 solMass / solMass
1039 43.65617568324378 solMass / solMass
1040 0.6433212272454409 solMass / solMass
1041 60.22912517108263 solMass / solMass
1043 350.73494366257637 solMass / solMass
1044 62.2189925359674 solMass / solMass
1045 21.005387482357378 solMass / solMass
1046 78.58808444134522 solMass / solMass
1047 41.26537519272759 solMass / solMass
1049 126.6892249619536 solMass / solMass
1051 285.21299377761255 solMass / solMass
IsSatellite
1054 277.4584065205392 solMass / solMass
1056 21.601430820470405 solMass / solMass
1057 83.34266700427959 solMass / solMass
1058 59.76969666898284 solMass / solMass
1059 62.45635750276329 solMass / solMass
1060 47.682407672036945 solMass / solMass
1061 437.54219447545466 solMass / solMass
1062 0.6993196724854103 solMass / solMass
1063 67.60829270300975 solMass / solMass
1064 79.42650881781535 solMass / solMass
1065 58.71835711674888 solMass / solMass
1066 126.39996618260126 solMass / solMass
1067 129.69480135302226 solMass / solMass
1068 151.52024055833763 solMass / solMass
1069 37.634689032779875 solMass / solMass
1071 123.44679125219571 solMass / solMass
1073 88.50713670750606 solMass / solMass
1074 205.28177700515064 solMass / solMass
1075 57.25610183281572 solMass / solMass
1076 25.365357009061317 solMass / solMass
1078 73.07603784940818 solMass / solMass
1080 216.87083221871058 solMass / solMass
1081 98.50757515558647 solMass / solMass
1082 314.95646822415915 solMass / solMass
1084 7.51581381836725 solMass / solMass
1085 59.17465913737561 solMass / solMass
1086 42.13156975131626 solMass / solMass
HaloMassEqualZero
1088 98.57097533992474 solMass / solMass
1089 77.25712569894081 solMass / solMass
1090 178.18339320737746 solMass / solMass
1091 138.6925522277111 solMass / solMass
1093 142.56322593927806 solMass / solMass
1095 114.73401823836925 solMass / solMass
1096 106.75367225689837 solMass / solMass
1097 200.07307033816122 solMass / solMass
1098 50.10379599912071 solMass / solMass
1100 213.43039188176334 solMass / solMass
1101 132.10446999117985 solMass / solMass
1102 168.24550084757567 solMass / solMass
1105 732.9292685907121 solMass / solMass
1106 249.97863151593052 solMass / solMass
1107 78.90923496693067 solMass / solMass
1108 8.16689099859699 solMass / solMass
1109 259.1474784634088 solMass / solMass
1110 174.91148204106102 solMass / solMass
1111 238.04485563187467 solMass / solMass
1112 57.782381686320186 solMass / solMass
1113 8.62137653788806 solMass / solMass
1114 172.31064246957266 solMass / solMass
1115 16.84392164510582 solMass / solMass
1118 43.53888295028263 solMass / solMass
1120 24.214519367698916 solMass / solMass
1122 83.53037297601118 solMass / solMass
1124 229.56394691374493 solMass / solMass
1125 20.252940591703865 solMass / solMass
1126 22.187654798596373 solMass / solMass
1127 1.780731336689716 solMass / solMass
1129 211.6159106868249 solMass / solMass
1130 208.79575931873705 solMass / solMass
1133 385.79701866827486 solMass / solMass
1135 14.35969754137027 solMass / solMass
1136 69.55346456342305 solMass / solMass
1137 103.62780963844465 solMass / solMass
1138 47.421050480763626 solMass / solMass
1140 181.04329015386074 solMass / solMass
1141 122.82954579401193 solMass / solMass
1143 16.403427733692347 solMass / solMass
1144 68.40650436578116 solMass / solMass
1145 110.68383106432388 solMass / solMass
1146 48.42339887804013 solMass / solMass
1147 152.30876162685303 solMass / solMass
1148 110.13516427692304 solMass / solMass
1150 160.04216229566885 solMass / solMass
1152 348.12076259762307 solMass / solMass
1154 30.886815446515747 solMass / solMass
1156 133.66862493235985 solMass / solMass
1158 281.45384853732315 solMass / solMass
1159 215.3830060916931 solMass / solMass
1163 397.7447582156264 solMass / solMass
1164 278.94983728754084 solMass / solMass
1166 194.02814351562785 solMass / solMass
1167 183.35943828402074 solMass / solMass
1168 254.40567403336627 solMass / solMass
1170 885.3122180187054 solMass / solMass
1171 83.68254537492477 solMass / solMass
1172 270.9958186239713 solMass / solMass
1173 208.1391754466846 solMass / solMass
1174 148.34060030358003 solMass / solMass
1175 39.618155120991574 solMass / solMass
1177 160.54636619760691 solMass / solMass
1179 160.58291593784767 solMass / solMass
1180 89.90332198273022 solMass / solMass
1181 106.83834869615214 solMass / solMass
1183 101.84923766669291 solMass / solMass
1184 103.79067688468811 solMass / solMass
1185 146.4891054626743 solMass / solMass
1186 298.45932638145234 solMass / solMass
1187 190.51407769768517 solMass / solMass
1188 187.56100235183595 solMass / solMass
1189 81.11556209277785 solMass / solMass
1190 416.28261354352 solMass / solMass
1193 356.6967162807813 solMass / solMass
1194 110.37951584452364 solMass / solMass
1196 84.8907257097087 solMass / solMass
1197 84.75413227068881 solMass / solMass
1200 120.472615845409 solMass / solMass
1201 113.175962251375 solMass / solMass
1202 42.014060184807775 solMass / solMass
1203 263.3940194654861 solMass / solMass
1204 229.93595309263546 solMass / solMass
1205 174.09848703352282 solMass / solMass
1206 163.9954358971199 solMass / solMass
1207 10.207880600445325 solMass / solMass
1208 65.43677152855666 solMass / solMass
1209 221.75194047017462 solMass / solMass
1210 15.601981032329022 solMass / solMass
1211 133.0552111328449 solMass / solMass
1213 192.33114823324107 solMass / solMass
1214 907.249971671293 solMass / solMass
1216 115.918320729482 solMass / solMass
1217 191.148509838567 solMass / solMass
1218 296.19100654142267 solMass / solMass
1219 234.1295409290602 solMass / solMass
1220 215.92444690959886 solMass / solMass
1221 187.86460503074915 solMass / solMass
1223 191.83020621545936 solMass / solMass
1224 147.46319560366663 solMass / solMass
1225 65.89971697911456 solMass / solMass
1226 100.618618480294 solMass / solMass
1227 36.64209562079079 solMass / solMass
1228 225.5972543349695 solMass / solMass
1229 143.35284351999206 solMass / solMass
1230 175.54859107898463 solMass / solMass
1231 166.7579520282839 solMass / solMass
1232 241.68692766958236 solMass / solMass
1233 142.95940267729787 solMass / solMass
1237 17.958118952881577 solMass / solMass
1238 416.79257959357807 solMass / solMass
1239 178.17845557231942 solMass / solMass
1240 43.46354858220974 solMass / solMass
1241 129.98235164469807 solMass / solMass
1243 40.32879717804777 solMass / solMass
1244 34.9021223028336 solMass / solMass
1245 283.80170349953426 solMass / solMass
1246 62.1188332559788 solMass / solMass
1249 176.75043605654668 solMass / solMass
1250 87.7330338499158 solMass / solMass
1251 16.723725781416903 solMass / solMass
1252 10.837939491921817 solMass / solMass
1253 242.4431975030688 solMass / solMass
1255 42.86046140976589 solMass / solMass
1259 266.67747061337974 solMass / solMass
1260 286.9589493223705 solMass / solMass
1261 257.1499695959251 solMass / solMass
1263 163.80228238712604 solMass / solMass
1264 273.40624763947164 solMass / solMass
1265 81.05754254874677 solMass / solMass
1266 126.8690433162888 solMass / solMass
IsSatellite
1270 32.2053926695629 solMass / solMass
1271 39.680656066728716 solMass / solMass
1273 189.74537139188635 solMass / solMass
1274 4.908433490514215 solMass / solMass
1275 17.72747016898334 solMass / solMass
1278 162.7816803360819 solMass / solMass
1279 160.43264959469354 solMass / solMass
1281 182.45179530663162 solMass / solMass
1282 260.4816530463022 solMass / solMass
1283 329.420184317246 solMass / solMass
1285 112.16477398171288 solMass / solMass
1286 88.41161148437045 solMass / solMass
1287 136.82645904646915 solMass / solMass
1288 191.01117511965035 solMass / solMass
1289 143.4222074414182 solMass / solMass
1293 45.6913367586595 solMass / solMass
1294 179.97556066895865 solMass / solMass
1295 114.5083484038613 solMass / solMass
1296 414.19490126602375 solMass / solMass
1297 107.52709378991977 solMass / solMass
1299 606.5876522019947 solMass / solMass
1300 205.94354291889408 solMass / solMass
1301 45.40645688849292 solMass / solMass
1303 116.50011210245168 solMass / solMass
1304 290.34609399990444 solMass / solMass
1305 102.9801643402414 solMass / solMass
1306 154.1280643902769 solMass / solMass
1308 160.94045103014264 solMass / solMass
1309 91.37331575433247 solMass / solMass
1311 684.2526305248189 solMass / solMass
1313 248.22661371843236 solMass / solMass
1314 25.431831507669582 solMass / solMass
1315 238.10487749284454 solMass / solMass
1316 216.35558122989883 solMass / solMass
1317 266.6113276814114 solMass / solMass
1318 336.03908160045813 solMass / solMass
1319 157.6707994153321 solMass / solMass
1320 73.58168881719835 solMass / solMass
1322 151.34427039038758 solMass / solMass
1323 619.4548474874553 solMass / solMass
1324 159.90432568700774 solMass / solMass
1325 521.3835091436013 solMass / solMass
HaloMassEqualZero
1327 10.705077122254886 solMass / solMass
1330 14.34808471085441 solMass / solMass
1331 44.46731390591069 solMass / solMass
1332 438.87652855413313 solMass / solMass
1334 14.055000298783444 solMass / solMass
1335 290.04288106081634 solMass / solMass
1336 100.82277510682435 solMass / solMass
1337 372.5725367556182 solMass / solMass
1340 258.2229388192832 solMass / solMass
1342 268.1790280269835 solMass / solMass
1343 77.51351984637165 solMass / solMass
1344 74.76258037091792 solMass / solMass
1348 45.52530424797055 solMass / solMass
1349 185.30948175512117 solMass / solMass
1350 148.17313496951348 solMass / solMass
1353 234.983435785478 solMass / solMass
1354 152.55530990615586 solMass / solMass
1356 242.60959910254903 solMass / solMass
HaloMassEqualZero
1359 269.2478986511079 solMass / solMass
1360 279.15365975908793 solMass / solMass
1364 568.888262839617 solMass / solMass
1365 307.9294509871 solMass / solMass
1366 211.66119639455326 solMass / solMass
1367 193.07645303340487 solMass / solMass
1368 403.69105051000605 solMass / solMass
1369 287.8835468911671 solMass / solMass
1371 183.97610476671656 solMass / solMass
1372 29.24876234513273 solMass / solMass
HaloMassEqualZero
1376 42.96921281889737 solMass / solMass
1377 85.49613398274057 solMass / solMass
1378 159.18484079521946 solMass / solMass
1379 280.46067351838684 solMass / solMass
1380 289.057411151687 solMass / solMass
1381 334.6387875687224 solMass / solMass
1382 118.99170531459389 solMass / solMass
1383 85.68277378781627 solMass / solMass
1385 2.026903671989421 solMass / solMass
HaloMassEqualZero
1391 152.1676128105657 solMass / solMass
1392 308.4677157372124 solMass / solMass
1393 138.99339664987139 solMass / solMass
1394 294.6242069828677 solMass / solMass
1395 151.90456132236508 solMass / solMass
1398 257.9927722664182 solMass / solMass
1399 80.24242742583931 solMass / solMass
1400 243.7873464874334 solMass / solMass
1401 11.440451022780175 solMass / solMass
1402 150.26303188412118 solMass / solMass
1403 257.288307250444 solMass / solMass
1404 101.63928199724695 solMass / solMass
1406 256.8889691886205 solMass / solMass
1407 54.97543228976028 solMass / solMass
1408 126.99210021030972 solMass / solMass
1409 49.66860522881781 solMass / solMass
HaloMassEqualZero
1411 450.02086234218984 solMass / solMass
1412 53.18145752128876 solMass / solMass
1413 380.75320087531867 solMass / solMass
1414 59.18949008931967 solMass / solMass
1416 334.7875785282586 solMass / solMass
1417 108.43382375109422 solMass / solMass
1418 44.12417805705717 solMass / solMass
1419 992.8118647314659 solMass / solMass
1420 182.76271501744208 solMass / solMass
1422 171.63895674003592 solMass / solMass
1424 7.433067052506955 solMass / solMass
1426 240.90913061455385 solMass / solMass
1427 209.90536803143493 solMass / solMass
1428 195.25531838010014 solMass / solMass
1429 84.38940379911745 solMass / solMass
HaloMassEqualZero
1433 442.8735481222497 solMass / solMass
1434 150.32945071301438 solMass / solMass
1436 261.1228247264882 solMass / solMass
1437 52.485326190439714 solMass / solMass
1438 681.5804262146321 solMass / solMass
1439 42.827614092533935 solMass / solMass
1440 291.3286827331885 solMass / solMass
1441 375.8465008688337 solMass / solMass
1442 156.70954344366157 solMass / solMass
1443 185.5785428927974 solMass / solMass
1445 213.38589915098584 solMass / solMass
1446 269.575321784574 solMass / solMass
1447 357.37463568135996 solMass / solMass
HaloMassEqualZero
1451 194.76916183591754 solMass / solMass
1452 186.38267887060425 solMass / solMass
1453 302.1216376266645 solMass / solMass
1455 666.3610314687958 solMass / solMass
1460 512.7107202269452 solMass / solMass
1462 121.58836135544253 solMass / solMass
1463 23.87974651853898 solMass / solMass
1464 229.17618133651465 solMass / solMass
1466 13.640435366709383 solMass / solMass
1467 78.89937565838679 solMass / solMass
1469 103.45926617803357 solMass / solMass
1470 205.05677813379108 solMass / solMass
1471 85.54897283879816 solMass / solMass
1472 226.6855024445652 solMass / solMass
1473 292.14005321602417 solMass / solMass
1474 310.383342936288 solMass / solMass
1475 77.69998519184539 solMass / solMass
1476 143.63460814095484 solMass / solMass
1477 4.535334026184514 solMass / solMass
1478 201.96277376506748 solMass / solMass
1479 98.7026190340543 solMass / solMass
1480 210.73654299854218 solMass / solMass
HaloMassEqualZero
1483 466.8668010210929 solMass / solMass
1486 886.4634700999878 solMass / solMass
1489 82.08812548786987 solMass / solMass
1490 159.0887808294217 solMass / solMass
1491 432.9829902049652 solMass / solMass
1493 228.3682903324458 solMass / solMass
1494 88.34483662055302 solMass / solMass
1495 193.90429812049288 solMass / solMass
1497 337.39530418099156 solMass / solMass
1498 106.5899864039023 solMass / solMass
1499 84.52136311724033 solMass / solMass
1500 161.47179853479466 solMass / solMass
1501 170.26511756245884 solMass / solMass
1502 412.4782812409323 solMass / solMass
1503 15.784787185162951 solMass / solMass
1505 312.3599524491893 solMass / solMass
1506 8.501077900091202 solMass / solMass
1509 123.89113321992589 solMass / solMass
1510 246.30511935718263 solMass / solMass
1512 259.97130342366137 solMass / solMass
1513 602.9413523946929 solMass / solMass
1514 179.1187030880201 solMass / solMass
1515 475.7362408642524 solMass / solMass
1516 166.44691556657514 solMass / solMass
1517 409.21367733589295 solMass / solMass
1518 22.408450195195506 solMass / solMass
1520 387.02096001917636 solMass / solMass
1523 160.86685776797216 solMass / solMass
1524 420.3450664188729 solMass / solMass
1526 35.02490196899627 solMass / solMass
1527 44.50168909607671 solMass / solMass
1529 121.47392986572349 solMass / solMass
1531 157.32694614592083 solMass / solMass
1532 207.71517519749068 solMass / solMass
1533 40.736757014110125 solMass / solMass
1534 149.52784124809236 solMass / solMass
1535 142.68891354426043 solMass / solMass
1536 372.9173237895202 solMass / solMass
1540 125.03549418827707 solMass / solMass
1541 496.29161656949566 solMass / solMass
1542 41.59168643555601 solMass / solMass
1543 156.96266801365792 solMass / solMass
1544 423.3128273287757 solMass / solMass
1545 165.454950152606 solMass / solMass
1546 491.7180290685198 solMass / solMass
1547 281.23360206594833 solMass / solMass
1548 1255.6860344436539 solMass / solMass
1550 273.62059847807717 solMass / solMass
1551 562.216836505091 solMass / solMass
1553 121.87615729326362 solMass / solMass
1554 358.37746325855863 solMass / solMass
HaloMassEqualZero
1559 471.06766770143963 solMass / solMass
1561 236.71323175324773 solMass / solMass
1562 172.22755256424134 solMass / solMass
1563 339.8799576897448 solMass / solMass
1564 470.01416877160347 solMass / solMass
1565 165.41268502236306 solMass / solMass
1566 405.0263057254379 solMass / solMass
1567 181.12828275372522 solMass / solMass
1568 249.93091587991066 solMass / solMass
1569 144.71939416263606 solMass / solMass
1571 692.552619161678 solMass / solMass
1572 172.090160216137 solMass / solMass
HaloMassEqualZero
1574 76.94021602014473 solMass / solMass
1575 492.272201767092 solMass / solMass
1576 730.8249466060801 solMass / solMass
1578 417.2441536544685 solMass / solMass
1580 184.88279217555848 solMass / solMass
1581 128.78566089295302 solMass / solMass
1584 121.21438763408564 solMass / solMass
1585 614.453354763359 solMass / solMass
1587 474.1586475083164 solMass / solMass
HaloMassEqualZero
1590 72.20151127379114 solMass / solMass
1591 9.09977757831018 solMass / solMass
1593 212.05332659107475 solMass / solMass
1594 72.97460813133307 solMass / solMass
1595 28.987704495378956 solMass / solMass
1596 772.7398917410306 solMass / solMass
1597 143.75834118995672 solMass / solMass
1599 2.9321239400746717 solMass / solMass
HaloMassEqualZero
1601 629.7335209886463 solMass / solMass
1603 100.41601921419696 solMass / solMass
1604 26.700138627161074 solMass / solMass
1605 77.40047589539347 solMass / solMass
1606 576.4961951247484 solMass / solMass
1607 107.05463525928866 solMass / solMass
1609 538.6593406853032 solMass / solMass
1612 949.303387648682 solMass / solMass
1613 291.5873417836772 solMass / solMass
HaloMassEqualZero
1616 45.423897840351124 solMass / solMass
1617 222.87852596109096 solMass / solMass
1618 157.79871745684113 solMass / solMass
1619 252.73005365464735 solMass / solMass
1620 255.60268058985855 solMass / solMass
1621 36.664212648805936 solMass / solMass
1622 84.73899026176382 solMass / solMass
1623 360.7384627842783 solMass / solMass
1624 389.3410168956335 solMass / solMass
1625 487.3115080922575 solMass / solMass
1627 220.6548912127843 solMass / solMass
1629 389.42385699325104 solMass / solMass
1630 479.3956842244932 solMass / solMass
1631 290.58034561729926 solMass / solMass
1632 418.51665262700527 solMass / solMass
1633 821.4678018221236 solMass / solMass
HaloMassEqualZero
1637 126.7022344184343 solMass / solMass
1638 308.9135155514628 solMass / solMass
1639 394.2078768992878 solMass / solMass
1641 13.655628525776187 solMass / solMass
1642 216.74821131971504 solMass / solMass
1643 118.64328868115273 solMass / solMass
HaloMassEqualZero
1645 88.07444057961595 solMass / solMass
HaloMassEqualZero
1647 663.8809433226551 solMass / solMass
1648 293.2376100886577 solMass / solMass
1650 397.0769986179926 solMass / solMass
1651 167.52574952858356 solMass / solMass
1652 356.36184339443815 solMass / solMass
1653 527.2624011637708 solMass / solMass
1655 196.6171665594597 solMass / solMass
1656 0.4954823975472315 solMass / solMass
1657 220.26216590590903 solMass / solMass
HaloMassEqualZero
1659 309.2152448744553 solMass / solMass
1662 119.83866935600459 solMass / solMass
1663 86.89854560938349 solMass / solMass
1665 56.14131341874911 solMass / solMass
1666 349.46581252128965 solMass / solMass
1667 253.79925023710317 solMass / solMass
HaloMassEqualZero
1669 165.34091710546798 solMass / solMass
1670 16.681288106859764 solMass / solMass
1672 407.67426615910216 solMass / solMass
1673 65.74934751413439 solMass / solMass
1674 8.916020492709984 solMass / solMass
1675 44.575330512173856 solMass / solMass
1676 19.02354566304107 solMass / solMass
1678 321.8426309808157 solMass / solMass
1679 181.15137133398457 solMass / solMass
1681 269.40549802851723 solMass / solMass
1682 34.17973997898518 solMass / solMass
1683 408.70657107704835 solMass / solMass
1684 350.03767226939163 solMass / solMass
1685 97.2985457333397 solMass / solMass
1686 218.42512935028722 solMass / solMass
1688 91.24546894412249 solMass / solMass
HaloMassEqualZero
1692 801.395383126271 solMass / solMass
1694 125.66376699060167 solMass / solMass
1695 173.0496762659586 solMass / solMass
1697 39.21212565555631 solMass / solMass
1698 708.587209921622 solMass / solMass
1699 331.1061554767096 solMass / solMass
1700 289.86611543394685 solMass / solMass
1703 11.195462211661216 solMass / solMass
1705 558.1610179938499 solMass / solMass
HaloMassEqualZero
1707 36.114253371113534 solMass / solMass
1709 400.9998644149103 solMass / solMass
1710 160.9247097047227 solMass / solMass
1711 211.16351605024403 solMass / solMass
HaloMassEqualZero
1713 249.6469750628067 solMass / solMass
1716 645.1144356053538 solMass / solMass
1718 38.894834102408495 solMass / solMass
1719 258.25877491027245 solMass / solMass
1720 723.4612102766133 solMass / solMass
1721 18.51824903411024 solMass / solMass
1723 59.158475573796224 solMass / solMass
1725 151.976314571198 solMass / solMass
1726 369.7443584103861 solMass / solMass
HaloMassEqualZero
1728 43.01233630296763 solMass / solMass
1729 203.74775151766434 solMass / solMass
1730 222.02630208746405 solMass / solMass
1731 240.5330975022956 solMass / solMass
1732 149.8631802530265 solMass / solMass
1733 201.48771679914424 solMass / solMass
1734 35.31800000573485 solMass / solMass
1735 320.52935602285106 solMass / solMass
1736 21.403258260473855 solMass / solMass
1737 8.106081341388236 solMass / solMass
HaloMassEqualZero
1739 158.2385300736888 solMass / solMass
1740 289.4854245373407 solMass / solMass
HaloMassEqualZero
1744 375.7621927709107 solMass / solMass
1745 192.02553276541468 solMass / solMass
1746 206.1447820201964 solMass / solMass
1747 258.4661321631729 solMass / solMass
1748 198.70869565933356 solMass / solMass
1749 15.596728768282121 solMass / solMass
1750 125.65716771730443 solMass / solMass
1751 251.28484542482528 solMass / solMass
1752 177.4734895391006 solMass / solMass
1753 391.2448093068488 solMass / solMass
1754 223.47577435513267 solMass / solMass
1755 217.1526980931884 solMass / solMass
1756 1153.90604904826 solMass / solMass
1757 82.1786119741361 solMass / solMass
HaloMassEqualZero
1759 569.6899590151253 solMass / solMass
1762 47.43511990619299 solMass / solMass
1763 123.36333515336469 solMass / solMass
HaloMassEqualZero
1765 24.600712095794083 solMass / solMass
1766 551.0649921464302 solMass / solMass
1767 254.3087897473641 solMass / solMass
1768 291.30350888475704 solMass / solMass
HaloMassEqualZero
1772 373.10183911574444 solMass / solMass
1774 341.60115828756915 solMass / solMass
1775 139.65190782707634 solMass / solMass
1776 47.67259957871762 solMass / solMass
1778 208.4850920436538 solMass / solMass
HaloMassEqualZero
1783 252.06878830525605 solMass / solMass
1784 180.4167284032744 solMass / solMass
1785 200.50117259789155 solMass / solMass
1786 11.321316258237804 solMass / solMass
1787 107.64843404624446 solMass / solMass
1790 269.3207017317877 solMass / solMass
1792 979.6555673953083 solMass / solMass
1793 561.9905545589052 solMass / solMass
1794 630.020365390669 solMass / solMass
1795 59.54435241374384 solMass / solMass
1796 376.3358820689598 solMass / solMass
HaloMassEqualZero
1798 419.22713996042006 solMass / solMass
1799 612.6776329405503 solMass / solMass
1800 307.7490013939497 solMass / solMass
1803 294.77241533044713 solMass / solMass
IsSatellite
1805 121.72683706836406 solMass / solMass
1806 288.18378128474325 solMass / solMass
HaloMassEqualZero
1811 70.0628791938987 solMass / solMass
HaloMassEqualZero
1816 390.97156588842927 solMass / solMass
1818 408.3510787123211 solMass / solMass
1819 278.59959877558094 solMass / solMass
1820 56.76883452816102 solMass / solMass
1821 427.6099975854974 solMass / solMass
1822 214.338695562935 solMass / solMass
HaloMassEqualZero
HaloMassEqualZero
1826 954.6482401074445 solMass / solMass
1827 237.5223356177828 solMass / solMass
1828 287.447917157197 solMass / solMass
1829 57.82075936944646 solMass / solMass
1830 606.2223533907351 solMass / solMass
1832 205.27550010665823 solMass / solMass
1833 461.9049386709385 solMass / solMass
1834 1057.5512125791258 solMass / solMass
HaloMassEqualZero
1837 98.9805104035631 solMass / solMass
1838 484.3104533257877 solMass / solMass
1840 324.35352790165484 solMass / solMass
HaloMassEqualZero
HaloMassEqualZero
1848 288.9754876293121 solMass / solMass
1849 217.8466517337937 solMass / solMass
1850 244.57875798662855 solMass / solMass
1851 318.9918528697501 solMass / solMass
1852 538.6063695036581 solMass / solMass
HaloMassEqualZero
1855 59.28960689385172 solMass / solMass
1856 457.01917652054647 solMass / solMass
1857 278.32866214842727 solMass / solMass
1858 276.36711527063875 solMass / solMass
1860 59.05642265305586 solMass / solMass
1861 469.85008348977345 solMass / solMass
1863 89.17849189669225 solMass / solMass
HaloMassEqualZero
1865 32.02535146064143 solMass / solMass
1867 334.5660154360426 solMass / solMass
1868 319.32991551127753 solMass / solMass
1869 943.7148429891826 solMass / solMass
1870 720.2928034229883 solMass / solMass
1871 415.1367146208892 solMass / solMass
1872 165.37336900691068 solMass / solMass
1873 863.542560382171 solMass / solMass
1875 115.47860681718863 solMass / solMass
1876 473.12539002760934 solMass / solMass
1879 23.73826965738324 solMass / solMass
HaloMassEqualZero
1881 614.0805170224097 solMass / solMass
HaloMassEqualZero
HaloMassEqualZero
HaloMassEqualZero
1887 530.1403585183187 solMass / solMass
1889 70.35399612916557 solMass / solMass
1890 30.363112367351217 solMass / solMass
1891 0.0 solMass / solMass
1892 148.5394182272967 solMass / solMass
1893 257.9152173823428 solMass / solMass
1895 156.00541163416344 solMass / solMass
1896 497.1044767526291 solMass / solMass
HaloMassEqualZero
1899 459.28283400294754 solMass / solMass
HaloMassEqualZero
1902 507.23628351521415 solMass / solMass
HaloMassEqualZero
1904 57.93727841897542 solMass / solMass
1905 451.86677170852914 solMass / solMass
1906 51.126059275427245 solMass / solMass
1907 544.5374682385159 solMass / solMass
1908 322.28244449067904 solMass / solMass
1909 685.3027033648133 solMass / solMass
1911 38.867989307344864 solMass / solMass
1912 156.18396494019208 solMass / solMass
1913 458.8434539600725 solMass / solMass
1914 209.94411083333821 solMass / solMass
1916 402.8319485066667 solMass / solMass
1917 451.8931416497449 solMass / solMass
1918 363.48866258516324 solMass / solMass
1919 209.81897836093916 solMass / solMass
1920 214.56079694330273 solMass / solMass
1921 116.16896054708234 solMass / solMass
HaloMassEqualZero
1923 176.41383884558147 solMass / solMass
HaloMassEqualZero
1928 319.9350105959207 solMass / solMass
1929 357.53516226196535 solMass / solMass
1930 122.66540518115802 solMass / solMass
1931 463.5994374037586 solMass / solMass
1932 34.490794261354075 solMass / solMass
1933 510.77961094475654 solMass / solMass
1934 118.5864924028173 solMass / solMass
1935 167.52062384478566 solMass / solMass
1936 127.92779120255368 solMass / solMass
1937 293.7639634530454 solMass / solMass
HaloMassEqualZero
1939 948.9183632575912 solMass / solMass
1940 354.33088719283677 solMass / solMass
1942 368.77718980317104 solMass / solMass
HaloMassEqualZero
1944 161.09761329276168 solMass / solMass
1945 73.79296223698168 solMass / solMass
1947 251.4536735675983 solMass / solMass
HaloMassEqualZero
1949 316.5117726347306 solMass / solMass
1950 284.99048717753936 solMass / solMass
1951 386.31645678383876 solMass / solMass
1952 494.7347516537102 solMass / solMass
1953 8.996065029918284 solMass / solMass
HaloMassEqualZero
1955 114.00598261154813 solMass / solMass
1957 250.1671190973616 solMass / solMass
1959 8.220800528805539 solMass / solMass
1963 250.66228177635563 solMass / solMass
1964 14.272294244720788 solMass / solMass
1965 1667.7667160103706 solMass / solMass
1966 245.1012890744846 solMass / solMass
1967 889.4457711554402 solMass / solMass
HaloMassEqualZero
HaloMassEqualZero
HaloMassEqualZero
1971 30.984804215016606 solMass / solMass
1972 132.85473510484718 solMass / solMass
HaloMassEqualZero
HaloMassEqualZero
HaloMassEqualZero
1976 23.36693801295227 solMass / solMass
HaloMassEqualZero
1978 192.5260083498174 solMass / solMass
HaloMassEqualZero
1980 385.1127660625228 solMass / solMass
HaloMassEqualZero
1983 632.6105535990529 solMass / solMass
HaloMassEqualZero
HaloMassEqualZero
1987 36.42644945294847 solMass / solMass
1988 654.4557512222458 solMass / solMass
HaloMassEqualZero
1991 33.08206125363216 solMass / solMass
1992 233.22327059719342 solMass / solMass
HaloMassEqualZero
1994 306.33777865346525 solMass / solMass
1995 89.75376324360424 solMass / solMass
1996 294.379245990237 solMass / solMass
HaloMassEqualZero
1999 1191.0452419338712 solMass / solMass
HaloMassEqualZero
2001 500.23470345797796 solMass / solMass
2002 503.857170232577 solMass / solMass
HaloMassEqualZero
2005 286.51765228228436 solMass / solMass
2006 292.761587833003 solMass / solMass
2007 194.23525527869197 solMass / solMass
HaloMassEqualZero
2009 95.52207950132376 solMass / solMass
HaloMassEqualZero
HaloMassEqualZero
2012 163.47631847890278 solMass / solMass
2013 291.0637082603299 solMass / solMass
2014 434.2135217613709 solMass / solMass
HaloMassEqualZero
HaloMassEqualZero
2018 282.57232350625696 solMass / solMass
2020 296.61912331078025 solMass / solMass
HaloMassEqualZero
2023 164.17407071527845 solMass / solMass
2024 24.466191989088106 solMass / solMass
2025 294.3134334973186 solMass / solMass
HaloMassEqualZero
HaloMassEqualZero
2029 517.8419545118177 solMass / solMass
2031 593.1983120253456 solMass / solMass
2033 653.3657516235259 solMass / solMass
HaloMassEqualZero
2035 77.50660758260787 solMass / solMass
2038 273.2178342015285 solMass / solMass
HaloMassEqualZero
2041 111.8510310775592 solMass / solMass
HaloMassEqualZero
2043 92.48750171113292 solMass / solMass
2044 70.46785714613232 solMass / solMass
2045 40.68154647881065 solMass / solMass
2047 537.6779472721262 solMass / solMass
2048 257.48769944373004 solMass / solMass
HaloMassEqualZero
HaloMassEqualZero
2053 358.29718933172404 solMass / solMass
HaloMassEqualZero
HaloMassEqualZero
2056 110.45244715777082 solMass / solMass
2057 496.9143500818832 solMass / solMass
2058 95.64673768230134 solMass / solMass
HaloMassEqualZero
2061 282.2466241428827 solMass / solMass
2062 166.1104160154258 solMass / solMass
2063 167.49323626108995 solMass / solMass
2064 643.096752749868 solMass / solMass
2066 256.6431073391824 solMass / solMass
HaloMassEqualZero
2068 477.2310612058412 solMass / solMass
HaloMassEqualZero
2072 474.9089754472625 solMass / solMass
2073 439.57647150939886 solMass / solMass
2074 196.90077787817768 solMass / solMass
2075 449.3202542762055 solMass / solMass
2076 468.6409979509176 solMass / solMass
2077 526.391779218978 solMass / solMass
2078 14.443702134045022 solMass / solMass
HaloMassEqualZero
HaloMassEqualZero
HaloMassEqualZero
HaloMassEqualZero
2086 232.37579771305602 solMass / solMass
HaloMassEqualZero
2088 350.978695605922 solMass / solMass
2092 1.4234854447197285 solMass / solMass
2093 159.33465754116074 solMass / solMass
2094 15.0029420705086 solMass / solMass
2095 41.40198503572605 solMass / solMass
2096 185.1794497110191 solMass / solMass
HaloMassEqualZero
HaloMassEqualZero
2099 1511.2333282913276 solMass / solMass
2100 26.729853383026548 solMass / solMass
2101 381.9938683660951 solMass / solMass
HaloMassEqualZero
HaloMassEqualZero
2104 1.0268392056593487 solMass / solMass
HaloMassEqualZero
2106 482.0938606510539 solMass / solMass
2107 265.4554008620589 solMass / solMass
HaloMassEqualZero
2109 573.259278865225 solMass / solMass
2110 846.1040718872923 solMass / solMass
2111 12.757811402034546 solMass / solMass
2113 419.15860365979734 solMass / solMass
HaloMassEqualZero
2115 108.9753832809235 solMass / solMass
2116 197.6361379638028 solMass / solMass
HaloMassEqualZero
HaloMassEqualZero
2120 755.5916775484392 solMass / solMass
HaloMassEqualZero
2123 356.58934578314063 solMass / solMass
2124 386.6277742679669 solMass / solMass
2126 545.4265423951101 solMass / solMass
2127 46.706562369681485 solMass / solMass
2128 429.42819939512964 solMass / solMass
2129 357.21785855983126 solMass / solMass
2131 187.25834110383434 solMass / solMass
2133 59.21870680199137 solMass / solMass
2134 173.86090447483753 solMass / solMass
2135 406.97127962935787 solMass / solMass
2136 563.2181949398806 solMass / solMass
2137 285.2809360204096 solMass / solMass
2138 58.56793060931817 solMass / solMass
HaloMassEqualZero
HaloMassEqualZero
2141 379.65305838573914 solMass / solMass
HaloMassEqualZero
HaloMassEqualZero
2147 156.6472394247367 solMass / solMass
2148 524.3837805062656 solMass / solMass
2149 2337.710623782478 solMass / solMass
2151 0.9738623091995063 solMass / solMass
2152 14.520091138172063 solMass / solMass
2154 110.2039787390813 solMass / solMass
2155 14.762624861579392 solMass / solMass
2157 342.6474450336105 solMass / solMass
2159 412.7738958733671 solMass / solMass
2162 212.6305488012021 solMass / solMass
HaloMassEqualZero
2165 209.85368283605024 solMass / solMass
HaloMassEqualZero
2168 284.93316865772607 solMass / solMass
HaloMassEqualZero
HaloMassEqualZero
HaloMassEqualZero
HaloMassEqualZero
HaloMassEqualZero
2176 504.15955796263427 solMass / solMass
HaloMassEqualZero
HaloMassEqualZero
2181 288.80138790342914 solMass / solMass
2182 358.8184727487686 solMass / solMass
2183 341.9371390542846 solMass / solMass
HaloMassEqualZero
HaloMassEqualZero
HaloMassEqualZero
2188 414.5842932992802 solMass / solMass
2189 550.1537245509429 solMass / solMass
HaloMassEqualZero
2192 193.56330174111136 solMass / solMass
HaloMassEqualZero
HaloMassEqualZero
HaloMassEqualZero
HaloMassEqualZero
2200 224.4111140919592 solMass / solMass
2201 37.98285589698721 solMass / solMass
HaloMassEqualZero
HaloMassEqualZero
2206 148.87118133287117 solMass / solMass
2207 318.1840827999041 solMass / solMass
HaloMassEqualZero
HaloMassEqualZero
HaloMassEqualZero
2212 1772.730287351819 solMass / solMass
2213 893.0332345957311 solMass / solMass
2214 106.78326072181336 solMass / solMass
HaloMassEqualZero
HaloMassEqualZero
HaloMassEqualZero
HaloMassEqualZero
HaloMassEqualZero
2222 951.3277689552948 solMass / solMass
HaloMassEqualZero
2224 329.20178044533577 solMass / solMass
2225 433.5339201972731 solMass / solMass
2226 289.12476934554843 solMass / solMass
HaloMassEqualZero
2228 12.584104052194522 solMass / solMass
HaloMassEqualZero
HaloMassEqualZero
2231 306.4892304020835 solMass / solMass
2232 471.9007203477525 solMass / solMass
HaloMassEqualZero
HaloMassEqualZero
HaloMassEqualZero
HaloMassEqualZero
2238 526.8660083991182 solMass / solMass
HaloMassEqualZero
2240 270.12988550635674 solMass / solMass
HaloMassEqualZero
2242 130.1208013289331 solMass / solMass
HaloMassEqualZero
HaloMassEqualZero
HaloMassEqualZero
HaloMassEqualZero
2248 153.20489493620738 solMass / solMass
HaloMassEqualZero
HaloMassEqualZero
2251 16.487845068460718 solMass / solMass
HaloMassEqualZero
2253 325.1451447945097 solMass / solMass
HaloMassEqualZero
2257 179.41670968781023 solMass / solMass
2258 525.64595162407 solMass / solMass
2259 250.40620901691463 solMass / solMass
2260 186.9460375649242 solMass / solMass
2261 411.1542893629967 solMass / solMass
2262 370.913895027395 solMass / solMass
HaloMassEqualZero
HaloMassEqualZero
HaloMassEqualZero
HaloMassEqualZero
HaloMassEqualZero
2268 640.6058347676939 solMass / solMass
HaloMassEqualZero
2270 724.9566440504138 solMass / solMass
2271 368.3220552335286 solMass / solMass
HaloMassEqualZero
HaloMassEqualZero
2274 179.0023473606296 solMass / solMass
HaloMassEqualZero
2277 280.90394547846057 solMass / solMass
HaloMassEqualZero
HaloMassEqualZero
2280 435.8484866642418 solMass / solMass
2281 104.74451725659553 solMass / solMass
2282 300.75121141363405 solMass / solMass
2283 338.11282391760886 solMass / solMass
2284 168.4410204238715 solMass / solMass
2286 282.6080026397367 solMass / solMass
2287 45.7164953129906 solMass / solMass
HaloMassEqualZero
HaloMassEqualZero
2290 522.8309750001076 solMass / solMass
2291 158.8309858563295 solMass / solMass
2292 147.9963139210404 solMass / solMass
HaloMassEqualZero
2294 229.20283128011906 solMass / solMass
HaloMassEqualZero
HaloMassEqualZero
HaloMassEqualZero
HaloMassEqualZero
2300 633.9994022642526 solMass / solMass
2302 215.5714067836201 solMass / solMass
2303 3.8579699992264103 solMass / solMass
HaloMassEqualZero
HaloMassEqualZero
2307 136.177820342665 solMass / solMass
2309 625.8208077690782 solMass / solMass
2310 37.03954881812972 solMass / solMass
2312 532.1869089260192 solMass / solMass
HaloMassEqualZero
2315 1003.8171769020537 solMass / solMass
2316 355.81249189089084 solMass / solMass
HaloMassEqualZero
HaloMassEqualZero
2319 233.69123707345886 solMass / solMass
2320 311.2485277226056 solMass / solMass
2321 571.3313214909648 solMass / solMass
HaloMassEqualZero
2323 495.3383810683282 solMass / solMass
2324 490.5383023717297 solMass / solMass
2327 536.0416167413092 solMass / solMass
HaloMassEqualZero
2331 512.9741758912056 solMass / solMass
HaloMassEqualZero
2333 907.5342162506789 solMass / solMass
2334 564.1452412125919 solMass / solMass
HaloMassEqualZero
HaloMassEqualZero
2338 130.77670587542207 solMass / solMass
HaloMassEqualZero
2340 216.08480376660293 solMass / solMass
HaloMassEqualZero
2342 1245.8893596783707 solMass / solMass
HaloMassEqualZero
HaloMassEqualZero
HaloMassEqualZero
HaloMassEqualZero
HaloMassEqualZero
HaloMassEqualZero
2351 213.96461143388646 solMass / solMass
HaloMassEqualZero
2353 377.10799129114287 solMass / solMass
2357 310.586673566825 solMass / solMass
2358 177.6938012148384 solMass / solMass
2359 661.2604272543425 solMass / solMass
HaloMassEqualZero
2361 474.1395235523524 solMass / solMass
HaloMassEqualZero
IsSatellite
HaloMassEqualZero
2366 284.10773113530644 solMass / solMass
HaloMassEqualZero
2368 116.83778265929381 solMass / solMass
2369 821.4950934551993 solMass / solMass
HaloMassEqualZero
HaloMassEqualZero
2372 134.35922314372334 solMass / solMass
HaloMassEqualZero
HaloMassEqualZero
HaloMassEqualZero
HaloMassEqualZero
HaloMassEqualZero
2378 279.2637880277468 solMass / solMass
HaloMassEqualZero
2380 351.32793881836176 solMass / solMass
2382 121.8968317512463 solMass / solMass
HaloMassEqualZero
2385 151.55148034259392 solMass / solMass
HaloMassEqualZero
HaloMassEqualZero
2388 333.66460084267555 solMass / solMass
2389 902.2652976598594 solMass / solMass
HaloMassEqualZero
HaloMassEqualZero
HaloMassEqualZero
HaloMassEqualZero
2398 183.4424114407379 solMass / solMass
HaloMassEqualZero
2401 163.44642708905414 solMass / solMass
2402 571.6242539699207 solMass / solMass
HaloMassEqualZero
HaloMassEqualZero
HaloMassEqualZero
HaloMassEqualZero
2409 1332.7887257938971 solMass / solMass
HaloMassEqualZero
HaloMassEqualZero
HaloMassEqualZero
HaloMassEqualZero
HaloMassEqualZero
2418 249.71636155354867 solMass / solMass
HaloMassEqualZero
HaloMassEqualZero
HaloMassEqualZero
2423 843.769456646383 solMass / solMass
HaloMassEqualZero
HaloMassEqualZero
HaloMassEqualZero
2427 540.9265656037246 solMass / solMass
HaloMassEqualZero
HaloMassEqualZero
HaloMassEqualZero
2433 518.042840543072 solMass / solMass
2434 357.0485720422001 solMass / solMass
HaloMassEqualZero
2436 294.4042318505929 solMass / solMass
2437 684.3441449741074 solMass / solMass
HaloMassEqualZero
HaloMassEqualZero
2441 30.4700136219732 solMass / solMass
2443 102.19271923392613 solMass / solMass
HaloMassEqualZero
HaloMassEqualZero
HaloMassEqualZero
2448 375.1793571791317 solMass / solMass
2449 376.17041180516304 solMass / solMass
2450 392.69429075804396 solMass / solMass
2453 29.111758258789713 solMass / solMass
HaloMassEqualZero
2455 544.4502446993083 solMass / solMass
2456 311.660291716924 solMass / solMass
2458 120.52787492094019 solMass / solMass
HaloMassEqualZero
HaloMassEqualZero
HaloMassEqualZero
HaloMassEqualZero
2463 208.83432242149695 solMass / solMass
HaloMassEqualZero
2465 559.2066388948762 solMass / solMass
HaloMassEqualZero
HaloMassEqualZero
HaloMassEqualZero
HaloMassEqualZero
HaloMassEqualZero
2471 599.0402811316424 solMass / solMass
HaloMassEqualZero
HaloMassEqualZero
2474 748.3964345046202 solMass / solMass
HaloMassEqualZero
HaloMassEqualZero
HaloMassEqualZero
HaloMassEqualZero
HaloMassEqualZero
HaloMassEqualZero
2482 1.5982939736789843 solMass / solMass
HaloMassEqualZero
2484 116.97564175182215 solMass / solMass
HaloMassEqualZero
2486 405.8830483576023 solMass / solMass
2487 469.29212396601025 solMass / solMass
HaloMassEqualZero
HaloMassEqualZero
HaloMassEqualZero
2493 285.7424549915409 solMass / solMass
HaloMassEqualZero
2496 229.23458932722966 solMass / solMass
HaloMassEqualZero
HaloMassEqualZero
HaloMassEqualZero
HaloMassEqualZero
HaloMassEqualZero
2505 829.1178759916514 solMass / solMass
HaloMassEqualZero
HaloMassEqualZero
HaloMassEqualZero
2509 278.15502932895726 solMass / solMass
HaloMassEqualZero
2511 213.76442179384242 solMass / solMass
2512 97.16380186056716 solMass / solMass
2513 150.97995906380822 solMass / solMass
HaloMassEqualZero
HaloMassEqualZero
HaloMassEqualZero
2520 595.7527040722126 solMass / solMass
HaloMassEqualZero
2523 395.9193619418476 solMass / solMass
HaloMassEqualZero
HaloMassEqualZero
2529 600.6822440067049 solMass / solMass
2530 258.6086122383906 solMass / solMass
2531 28.744236578112247 solMass / solMass
HaloMassEqualZero
2534 123.08102490430561 solMass / solMass
HaloMassEqualZero
2536 107.48907013354027 solMass / solMass
HaloMassEqualZero
HaloMassEqualZero
2539 161.81945636009766 solMass / solMass
2540 1666.3848265206063 solMass / solMass
HaloMassEqualZero
2542 417.38477896750936 solMass / solMass
HaloMassEqualZero
HaloMassEqualZero
HaloMassEqualZero
HaloMassEqualZero
2548 13.466627597423086 solMass / solMass
HaloMassEqualZero
HaloMassEqualZero
2551 105.00350754108045 solMass / solMass
2552 363.56871812828336 solMass / solMass
2554 267.4666406687831 solMass / solMass
HaloMassEqualZero
2556 298.78581707393096 solMass / solMass
HaloMassEqualZero
HaloMassEqualZero
HaloMassEqualZero
HaloMassEqualZero
HaloMassEqualZero
HaloMassEqualZero
HaloMassEqualZero
HaloMassEqualZero
HaloMassEqualZero
HaloMassEqualZero
HaloMassEqualZero
2570 34.04542007926343 solMass / solMass
HaloMassEqualZero
2573 89.61582640871248 solMass / solMass
HaloMassEqualZero
HaloMassEqualZero
2576 705.0158338577377 solMass / solMass
HaloMassEqualZero
HaloMassEqualZero
2579 129.38382178432352 solMass / solMass
HaloMassEqualZero
HaloMassEqualZero
2582 1100.1700110785948 solMass / solMass
HaloMassEqualZero
HaloMassEqualZero
HaloMassEqualZero
HaloMassEqualZero
2587 438.51207378313853 solMass / solMass
HaloMassEqualZero
HaloMassEqualZero
HaloMassEqualZero
HaloMassEqualZero
HaloMassEqualZero
HaloMassEqualZero
HaloMassEqualZero
HaloMassEqualZero
2599 235.9512093159966 solMass / solMass
2600 510.0773564419055 solMass / solMass
2601 225.28289627653794 solMass / solMass
HaloMassEqualZero
HaloMassEqualZero
HaloMassEqualZero
IsSatellite
HaloMassEqualZero
HaloMassEqualZero
HaloMassEqualZero
HaloMassEqualZero
HaloMassEqualZero
HaloMassEqualZero
2614 22.811265492245422 solMass / solMass
HaloMassEqualZero
HaloMassEqualZero
HaloMassEqualZero
2618 285.8342470606885 solMass / solMass
2619 413.94805934417917 solMass / solMass
HaloMassEqualZero
HaloMassEqualZero
HaloMassEqualZero
HaloMassEqualZero
HaloMassEqualZero
HaloMassEqualZero
HaloMassEqualZero
HaloMassEqualZero
2631 546.9581528980794 solMass / solMass
HaloMassEqualZero
HaloMassEqualZero
HaloMassEqualZero
HaloMassEqualZero
HaloMassEqualZero
HaloMassEqualZero
HaloMassEqualZero
HaloMassEqualZero
HaloMassEqualZero
HaloMassEqualZero
2644 356.63137541677617 solMass / solMass
HaloMassEqualZero
HaloMassEqualZero
HaloMassEqualZero
HaloMassEqualZero
HaloMassEqualZero
HaloMassEqualZero
HaloMassEqualZero
HaloMassEqualZero
HaloMassEqualZero
HaloMassEqualZero
HaloMassEqualZero
HaloMassEqualZero
HaloMassEqualZero
HaloMassEqualZero
2660 29.399361371601362 solMass / solMass
HaloMassEqualZero
HaloMassEqualZero
HaloMassEqualZero
HaloMassEqualZero
2666 487.2648645335698 solMass / solMass
HaloMassEqualZero
HaloMassEqualZero
2670 480.4974464546953 solMass / solMass
2672 443.9319516131857 solMass / solMass
HaloMassEqualZero
HaloMassEqualZero
2675 291.36568154433536 solMass / solMass
HaloMassEqualZero
HaloMassEqualZero
HaloMassEqualZero
HaloMassEqualZero
HaloMassEqualZero
2682 591.9295507481702 solMass / solMass
HaloMassEqualZero
HaloMassEqualZero
HaloMassEqualZero
HaloMassEqualZero
HaloMassEqualZero
2688 155.8773728434953 solMass / solMass
HaloMassEqualZero
2690 714.2301062013116 solMass / solMass
HaloMassEqualZero
2693 238.18461002289942 solMass / solMass
2694 468.06884636559647 solMass / solMass
HaloMassEqualZero
HaloMassEqualZero
HaloMassEqualZero
2699 427.72884919829926 solMass / solMass
HaloMassEqualZero
HaloMassEqualZero
HaloMassEqualZero
HaloMassEqualZero
HaloMassEqualZero
HaloMassEqualZero
HaloMassEqualZero
HaloMassEqualZero
HaloMassEqualZero
2711 1290.3664127588597 solMass / solMass
HaloMassEqualZero
HaloMassEqualZero
2714 631.8211799088868 solMass / solMass
HaloMassEqualZero
HaloMassEqualZero
HaloMassEqualZero
HaloMassEqualZero
2719 381.9044870075204 solMass / solMass
HaloMassEqualZero
HaloMassEqualZero
2724 159.53693548526016 solMass / solMass
HaloMassEqualZero
2726 135.14850054933584 solMass / solMass
HaloMassEqualZero
HaloMassEqualZero
2730 219.06295627355672 solMass / solMass
2731 15.783545634023104 solMass / solMass
HaloMassEqualZero
HaloMassEqualZero
HaloMassEqualZero
HaloMassEqualZero
2737 221.8522667110608 solMass / solMass
HaloMassEqualZero
HaloMassEqualZero
HaloMassEqualZero
HaloMassEqualZero
HaloMassEqualZero
HaloMassEqualZero
HaloMassEqualZero
2747 1600.5504549638936 solMass / solMass
HaloMassEqualZero
HaloMassEqualZero
HaloMassEqualZero
HaloMassEqualZero
HaloMassEqualZero
HaloMassEqualZero
HaloMassEqualZero
HaloMassEqualZero
HaloMassEqualZero
HaloMassEqualZero
2763 218.49952154435258 solMass / solMass
2764 9.469374084454847 solMass / solMass
HaloMassEqualZero
HaloMassEqualZero
HaloMassEqualZero
HaloMassEqualZero
HaloMassEqualZero
HaloMassEqualZero
HaloMassEqualZero
2773 676.3917100693094 solMass / solMass
HaloMassEqualZero
HaloMassEqualZero
HaloMassEqualZero
HaloMassEqualZero
HaloMassEqualZero
2780 150.30372912479623 solMass / solMass
HaloMassEqualZero
HaloMassEqualZero
HaloMassEqualZero
HaloMassEqualZero
2790 256.8217631371815 solMass / solMass
HaloMassEqualZero
HaloMassEqualZero
2793 98.18877171572777 solMass / solMass
HaloMassEqualZero
IsSatellite
HaloMassEqualZero
HaloMassEqualZero
2799 1141.9680700517022 solMass / solMass
HaloMassEqualZero
2802 297.3601630982816 solMass / solMass
HaloMassEqualZero
HaloMassEqualZero
HaloMassEqualZero
HaloMassEqualZero
HaloMassEqualZero
HaloMassEqualZero
HaloMassEqualZero
HaloMassEqualZero
HaloMassEqualZero
HaloMassEqualZero
HaloMassEqualZero
HaloMassEqualZero
HaloMassEqualZero
2816 82.67007481747162 solMass / solMass
HaloMassEqualZero
HaloMassEqualZero
HaloMassEqualZero
2821 365.2836456115942 solMass / solMass
HaloMassEqualZero
IsSatellite
HaloMassEqualZero
HaloMassEqualZero
2827 593.2997021138133 solMass / solMass
HaloMassEqualZero
HaloMassEqualZero
HaloMassEqualZero
HaloMassEqualZero
HaloMassEqualZero
HaloMassEqualZero
HaloMassEqualZero
HaloMassEqualZero
HaloMassEqualZero
HaloMassEqualZero
HaloMassEqualZero
HaloMassEqualZero
HaloMassEqualZero
HaloMassEqualZero
HaloMassEqualZero
HaloMassEqualZero
HaloMassEqualZero
HaloMassEqualZero
HaloMassEqualZero
HaloMassEqualZero
HaloMassEqualZero
2855 61.92438610026176 solMass / solMass
2856 402.6952118017193 solMass / solMass
HaloMassEqualZero
HaloMassEqualZero
HaloMassEqualZero
2861 595.6111081872261 solMass / solMass
2862 244.04333520389002 solMass / solMass
HaloMassEqualZero
HaloMassEqualZero
HaloMassEqualZero
HaloMassEqualZero
HaloMassEqualZero
HaloMassEqualZero
2870 404.0244722785915 solMass / solMass
2871 591.8474754092276 solMass / solMass
HaloMassEqualZero
2873 503.2922278270963 solMass / solMass
HaloMassEqualZero
HaloMassEqualZero
HaloMassEqualZero
2878 732.6478824935798 solMass / solMass
2879 34.32843622625284 solMass / solMass
HaloMassEqualZero
HaloMassEqualZero
HaloMassEqualZero
2884 548.3700336905815 solMass / solMass
HaloMassEqualZero
HaloMassEqualZero
HaloMassEqualZero
HaloMassEqualZero
2889 483.85027822306995 solMass / solMass
HaloMassEqualZero
HaloMassEqualZero
2893 455.2345539287074 solMass / solMass
HaloMassEqualZero
2895 1392.4554109526532 solMass / solMass
HaloMassEqualZero
2897 318.6047412482318 solMass / solMass
HaloMassEqualZero
HaloMassEqualZero
HaloMassEqualZero
HaloMassEqualZero
2902 851.8073033005886 solMass / solMass
2904 144.85722652552965 solMass / solMass
HaloMassEqualZero
HaloMassEqualZero
HaloMassEqualZero
HaloMassEqualZero
HaloMassEqualZero
HaloMassEqualZero
HaloMassEqualZero
HaloMassEqualZero
HaloMassEqualZero
HaloMassEqualZero
HaloMassEqualZero
2918 426.579078266901 solMass / solMass
2921 504.00995352708435 solMass / solMass
HaloMassEqualZero
2923 262.2716304318764 solMass / solMass
HaloMassEqualZero
HaloMassEqualZero
HaloMassEqualZero
HaloMassEqualZero
HaloMassEqualZero
HaloMassEqualZero
HaloMassEqualZero
2934 77.11631667690338 solMass / solMass
2936 224.643475192932 solMass / solMass
2937 55.086351604346426 solMass / solMass
HaloMassEqualZero
2941 519.2164629057572 solMass / solMass
HaloMassEqualZero
HaloMassEqualZero
HaloMassEqualZero
2946 60.74087977171049 solMass / solMass
HaloMassEqualZero
HaloMassEqualZero
HaloMassEqualZero
HaloMassEqualZero
HaloMassEqualZero
HaloMassEqualZero
HaloMassEqualZero
HaloMassEqualZero
HaloMassEqualZero
HaloMassEqualZero
HaloMassEqualZero
HaloMassEqualZero
2960 271.5678456146663 solMass / solMass
2961 41.67004139512145 solMass / solMass
HaloMassEqualZero
HaloMassEqualZero
HaloMassEqualZero
HaloMassEqualZero
HaloMassEqualZero
HaloMassEqualZero
HaloMassEqualZero
HaloMassEqualZero
HaloMassEqualZero
HaloMassEqualZero
2975 386.4241629825643 solMass / solMass
HaloMassEqualZero
HaloMassEqualZero
HaloMassEqualZero
HaloMassEqualZero
HaloMassEqualZero
HaloMassEqualZero
HaloMassEqualZero
HaloMassEqualZero
HaloMassEqualZero
2988 39.33921088399329 solMass / solMass
HaloMassEqualZero
HaloMassEqualZero
HaloMassEqualZero
HaloMassEqualZero
HaloMassEqualZero
HaloMassEqualZero
2995 319.2027543091 solMass / solMass
HaloMassEqualZero
HaloMassEqualZero
HaloMassEqualZero
HaloMassEqualZero
123AllDone123
