yt : [INFO     ] 2017-07-28 17:24:34,616 Parameters: current_time              = 2.442094332e+16
yt : [INFO     ] 2017-07-28 17:24:34,617 Parameters: domain_dimensions         = [2 2 2]
yt : [INFO     ] 2017-07-28 17:24:34,617 Parameters: domain_left_edge          = [ 0.  0.  0.]
yt : [INFO     ] 2017-07-28 17:24:34,618 Parameters: domain_right_edge         = [  1.66901647e+25   1.66901647e+25   1.66901647e+25]
yt : [INFO     ] 2017-07-28 17:24:34,618 Parameters: cosmological_simulation   = 1
yt : [INFO     ] 2017-07-28 17:24:34,618 Parameters: current_redshift          = 6.99999981444
yt : [INFO     ] 2017-07-28 17:24:34,618 Parameters: omega_lambda              = 0.712
yt : [INFO     ] 2017-07-28 17:24:34,618 Parameters: omega_matter              = 0.288
yt : [INFO     ] 2017-07-28 17:24:34,618 Parameters: hubble_constant           = 0.6933
yt : [INFO     ] 2017-07-28 17:24:34,812 Parameters: current_time              = 102.74801136229
yt : [INFO     ] 2017-07-28 17:24:34,812 Parameters: domain_dimensions         = [128 128 128]
yt : [INFO     ] 2017-07-28 17:24:34,812 Parameters: domain_left_edge          = [ 0.  0.  0.]
yt : [INFO     ] 2017-07-28 17:24:34,813 Parameters: domain_right_edge         = [ 1.  1.  1.]
yt : [INFO     ] 2017-07-28 17:24:34,813 Parameters: cosmological_simulation   = 1
yt : [INFO     ] 2017-07-28 17:24:34,813 Parameters: current_redshift          = 6.9999998144358
yt : [INFO     ] 2017-07-28 17:24:34,813 Parameters: omega_lambda              = 0.712
yt : [INFO     ] 2017-07-28 17:24:34,814 Parameters: omega_matter              = 0.288
yt : [INFO     ] 2017-07-28 17:24:34,814 Parameters: hubble_constant           = 0.6933
yt : [INFO     ] 2017-07-28 17:24:34,817 Allocating for 6.175e+03 particles (index particle type 'all')
yt : [INFO     ] 2017-07-28 17:24:34,822 Identified 2.169e+03 octs
Parsing Hierarchy :   0%|          | 0/27204 [00:00<?, ?it/s]Parsing Hierarchy :   6%|▌         | 1520/27204 [00:00<00:01, 15199.58it/s]Parsing Hierarchy :  13%|█▎        | 3562/27204 [00:00<00:01, 16762.97it/s]Parsing Hierarchy :  17%|█▋        | 4494/27204 [00:00<00:01, 14379.47it/s]Parsing Hierarchy :  24%|██▍       | 6484/27204 [00:00<00:01, 16032.36it/s]Parsing Hierarchy :  31%|███▏      | 8508/27204 [00:00<00:01, 17294.06it/s]Parsing Hierarchy :  39%|███▊      | 10523/27204 [00:00<00:00, 18149.22it/s]Parsing Hierarchy :  46%|████▌     | 12549/27204 [00:00<00:00, 18782.00it/s]Parsing Hierarchy :  53%|█████▎    | 14303/27204 [00:00<00:00, 16408.36it/s]Parsing Hierarchy :  60%|█████▉    | 16317/27204 [00:00<00:00, 17503.20it/s]Parsing Hierarchy :  67%|██████▋   | 18350/27204 [00:01<00:00, 18347.42it/s]Parsing Hierarchy :  75%|███████▍  | 20376/27204 [00:01<00:00, 18919.71it/s]Parsing Hierarchy :  82%|████████▏ | 22394/27204 [00:01<00:00, 19295.44it/s]Parsing Hierarchy :  89%|████████▉ | 24303/27204 [00:01<00:00, 16603.73it/s]Parsing Hierarchy :  97%|█████████▋| 26330/27204 [00:01<00:00, 17702.42it/s]Parsing Hierarchy : 100%|██████████| 27204/27204 [00:01<00:00, 17040.67it/s]
yt : [INFO     ] 2017-07-28 17:24:41,754 Gathering a field list (this may take a moment.)
break at:  0.609140816521
2 8.179926407820114 kpc 0.6091408165211215 kpc 0.5245142241069403
break at:  2.040923122
4 7.797795148079457 kpc 2.0409231219985373 kpc 0.6879018640317837
break at:  2.51476963824
5 7.64590019969148 kpc 2.5147696382361002 kpc 0.6935357141563403
break at:  1.38212692886
6 7.13494096564127 kpc 1.382126928857632 kpc 0.5388206634453837
break at:  0.295532929076
7 6.844834074730685 kpc 0.2955329290763196 kpc 0.5040564637831214
break at:  2.29218987877
9 6.7499805021117005 kpc 2.2921898787688106 kpc 0.561554562873745
break at:  0.618056962948
11 6.526982513729092 kpc 0.6180569629479826 kpc 0.5440573289831407
break at:  4.46594345631
12 6.129230986101132 kpc 4.465943456313278 kpc 0.7608439529310801
break at:  1.04940324712
13 6.45434897003298 kpc 1.0494032471157908 kpc 0.5020807319396218
break at:  0.604433758307
15 6.201630245740454 kpc 0.6044337583072164 kpc 0.5412033125627161
break at:  0.532314628199
16 5.888917595421448 kpc 0.532314628198655 kpc 0.5908907287253383
break at:  1.03666993299
17 6.316167205281649 kpc 1.0366699329949238 kpc 0.5173495013033592
break at:  1.03629464747
19 6.3121143965477975 kpc 1.036294647467828 kpc 0.6437867171638638
break at:  1.95672380354
20 6.29384623723371 kpc 1.956723803544607 kpc 0.7360505085250574
break at:  0.430847879548
21 5.848511076931079 kpc 0.4308478795481795 kpc 0.5397060373047919
break at:  2.93645859694
23 6.150499053023029 kpc 2.9364585969444432 kpc 0.6825329982691726
break at:  1.08780933281
25 5.723121627843501 kpc 1.0878093328089538 kpc 0.5839547754688628
break at:  0.635608234037
26 5.498496443211343 kpc 0.6356082340370122 kpc 0.5973119699231371
break at:  2.86850944559
27 5.280617366033377 kpc 2.868509445585143 kpc 0.6798309304600179
break at:  0.503920662193
28 5.152378742015585 kpc 0.5039206621932787 kpc 0.502423805243964
break at:  1.95623052559
30 5.454278174797784 kpc 1.9562305255909853 kpc 0.715460344112208
break at:  0.560685284893
31 5.219751570547889 kpc 0.5606852848933078 kpc 0.550636091593234
break at:  0.566690323234
34 5.348892708130391 kpc 0.5666903232344489 kpc 0.5629272424696623
break at:  0.371183105722
35 5.114045688642951 kpc 0.3711831057217795 kpc 0.5563103368367341
StelMassEqualZero
break at:  0.368177834955
40 4.990831628261201 kpc 0.36817783495463297 kpc 0.5340557524115731
break at:  0.547518185208
41 4.942801164878545 kpc 0.5475181852075258 kpc 0.5957038612387692
break at:  1.12597766729
42 5.113707549000507 kpc 1.125977667290252 kpc 0.5672593809552605
break at:  0.404071622797
43 4.891248124038511 kpc 0.4040716227970033 kpc 0.522957406829631
break at:  0.743835987393
47 5.004728387751857 kpc 0.7438359873932375 kpc 0.5724823532205345
break at:  0.718374713986
48 4.6761078866608745 kpc 0.7183747139856459 kpc 0.5110682840443719
break at:  0.36260110278
50 4.767463335377723 kpc 0.36260110278003416 kpc 0.5629100395039781
break at:  0.361073598672
52 4.707466122441558 kpc 0.3610735986721529 kpc 0.5514813390395079
break at:  1.35998250772
53 5.015335422546474 kpc 1.3599825077163616 kpc 0.5201961735500045
break at:  0.325116189216
55 4.614508351837685 kpc 0.32511618921590874 kpc 0.5522137339421457
break at:  0.324463370094
56 4.584462693001116 kpc 0.3244633700936995 kpc 0.5499316092511941
break at:  1.21397230686
57 4.913214177500944 kpc 1.2139723068606088 kpc 0.763468357268818
break at:  0.96940208405
59 4.707253269705037 kpc 0.9694020840498003 kpc 0.7188695434446155
break at:  0.355643969465
60 4.498278567433314 kpc 0.3556439694645935 kpc 0.559552465515742
break at:  0.433337979814
61 4.526364889033033 kpc 0.4333379798143167 kpc 0.5154838032149509
break at:  0.960251145412
62 4.632153890366608 kpc 0.9602511454120063 kpc 0.5688045546382122
break at:  0.598019125765
66 3.9292520483123607 kpc 0.5980191257646286 kpc 0.6390995530351378
break at:  0.531198237572
67 4.611306856994204 kpc 0.5311982375717995 kpc 0.6752188061966062
break at:  0.701560644054
68 4.465058726730103 kpc 0.7015606440541517 kpc 0.6014694145367334
break at:  0.425318165968
69 4.311776333413105 kpc 0.42531816596835575 kpc 0.5930518224259335
break at:  0.239460762818
70 4.398948731754862 kpc 0.23946076281766562 kpc 0.5161717164450549
StelMassEqualZero
break at:  0.347944106845
72 4.212388860740973 kpc 0.34794410684503013 kpc 0.5437015614331837
break at:  0.317911125904
73 4.290358797365445 kpc 0.31791112590414977 kpc 0.540516489762034
break at:  0.523263854338
75 4.454817566076947 kpc 0.5232638543375863 kpc 0.6037279378475104
break at:  0.626104991098
78 4.3174083775369025 kpc 0.626104991097714 kpc 0.6702300926935031
break at:  0.259628456349
79 4.13022713566064 kpc 0.25962845634877524 kpc 0.5050181391882265
break at:  0.461837128485
81 4.165734219528697 kpc 0.461837128484533 kpc 0.5179701119715677
break at:  0.463586322564
82 4.204296848745945 kpc 0.4635863225636514 kpc 0.5407368505129768
break at:  0.505190055218
85 4.109680446180964 kpc 0.5051900552184421 kpc 0.6234158773459461
break at:  0.345189690955
90 4.113139614680726 kpc 0.34518969095548563 kpc 0.5104390622883511
break at:  2.6715275917
91 4.330891080507028 kpc 2.671527591699661 kpc 0.6852391496643732
break at:  0.310357826075
94 3.967836596815611 kpc 0.31035782607507995 kpc 0.5378631961373488
break at:  0.923375873902
98 4.334571700686188 kpc 0.9233758739015444 kpc 0.6608716679710271
break at:  0.451109351658
99 3.933797149401379 kpc 0.451109351658275 kpc 0.5849757376137931
break at:  0.335137268317
100 3.7641608750161715 kpc 0.3351372683174317 kpc 0.5082279450797167
break at:  0.408523685789
101 3.8829770888242385 kpc 0.40852368578924736 kpc 0.5398326582760724
break at:  0.304549137305
102 3.7315259335455617 kpc 0.30454913730484595 kpc 0.5566673424008799
break at:  0.303952044799
103 3.7078014975936586 kpc 0.3039520447993888 kpc 0.5264051561932677
break at:  0.497452990747
104 3.9667165202099737 kpc 0.4974529907471971 kpc 0.5826179298961491
break at:  0.719067102221
105 3.90070591148189 kpc 0.7190671022205972 kpc 0.509450242365243
break at:  0.439645555938
107 3.6945606546521437 kpc 0.4396455559378205 kpc 0.5984997843448508
break at:  0.310833978287
108 3.987655045665874 kpc 0.3108339782867671 kpc 0.5687778770368275
break at:  0.2796416136
109 3.831831293496212 kpc 0.2796416136001265 kpc 0.5886443906157109
break at:  0.253278435551
111 3.750015289397381 kpc 0.2532784355512081 kpc 0.5349383977744611
break at:  0.301877453077
112 3.626182861493163 kpc 0.3018774530770674 kpc 0.5238424094107085
break at:  0.446241710401
113 3.831133350289196 kpc 0.4462417104007966 kpc 0.5308349672939932
break at:  1.72594866847
114 4.056357630333494 kpc 1.725948668465391 kpc 0.9127454255845169
break at:  0.588105385009
115 3.796714596149786 kpc 0.5881053850088058 kpc 0.6022131478588797
break at:  0.768112021292
117 3.712070955801197 kpc 0.7681120212921828 kpc 0.5927589208301748
break at:  2.33947652362
120 4.150012096772904 kpc 2.339476523623202 kpc 0.9887273561892815
break at:  0.253070564477
121 3.738026464363346 kpc 0.25307056447667237 kpc 0.5587281997529405
break at:  2.72753895431
122 3.9797800602609095 kpc 2.7275389543100643 kpc 0.9941782100061435
break at:  0.336350710877
123 3.805196159072326 kpc 0.33635071087692014 kpc 0.5267244554141548
break at:  0.525228189164
124 3.6370900851210335 kpc 0.5252281891643384 kpc 0.593721231528607
break at:  1.39672380482
125 3.935277731960342 kpc 1.3967238048198731 kpc 0.8274973074437543
break at:  0.366209269555
126 3.7186804135598592 kpc 0.36620926955490957 kpc 0.6001014426876192
break at:  0.276132033818
127 3.664034329468695 kpc 0.2761320338175212 kpc 0.5572916035644069
break at:  0.303076896822
128 3.6732179985073494 kpc 0.3030768968215686 kpc 0.6037928142025254
break at:  0.703438505884
131 3.744725344353183 kpc 0.703438505884264 kpc 0.7203419932124298
break at:  0.189275149283
132 3.4978983568785287 kpc 0.18927514928297495 kpc 0.5064176143178274
break at:  0.39826963083
133 3.6346341092996677 kpc 0.39826963082960104 kpc 0.5648662045497401
break at:  0.634062064373
134 3.6657002754072607 kpc 0.6340620643734878 kpc 0.8555870867864424
break at:  0.391384633132
136 3.473519986001881 kpc 0.3913846331318846 kpc 0.5830618622395577
break at:  0.332252437843
137 3.667790561263638 kpc 0.3322524378434958 kpc 0.5203146455917457
break at:  1.66543406461
140 3.8724487291625787 kpc 1.6654340646090315 kpc 0.7373564818633066
break at:  0.250070977149
142 3.5681806630143296 kpc 0.2500709771488373 kpc 0.5366250369674527
break at:  2.66876101838
144 3.8843334664129228 kpc 2.6687610183781842 kpc 0.7841699458543819
break at:  0.273881804804
145 3.5592653713448703 kpc 0.2738818048040187 kpc 0.5108528367964295
break at:  0.330105924574
146 3.597161666734573 kpc 0.33010592457404964 kpc 0.5302031368146315
break at:  0.472071140727
147 3.517648078199725 kpc 0.4720711407266172 kpc 0.6748668009114226
break at:  1.86579822208
148 3.970358769923752 kpc 1.8657982220796452 kpc 1.0003440628360307
break at:  0.469290620972
150 3.4702970710669554 kpc 0.4692906209721893 kpc 0.59128866294866
break at:  0.617380403845
152 3.479990344668438 kpc 0.6173804038450514 kpc 0.5753801417159956
break at:  0.355388832692
153 3.4206085632769994 kpc 0.3553888326916422 kpc 0.549606245599244
break at:  0.469023090827
154 3.465760236221166 kpc 0.46902309082741667 kpc 0.6648839270076353
break at:  0.267404736581
155 3.2697053062292536 kpc 0.2674047365814002 kpc 0.5265345657322889
break at:  0.330089557817
156 3.596626647999739 kpc 0.3300895578172099 kpc 0.5046039570115451
break at:  1.02933991809
157 3.7983217611964553 kpc 1.029339918093103 kpc 0.5869408786126189
break at:  0.392880483095
158 3.508142155634497 kpc 0.39288048309496715 kpc 0.8730275457478082
break at:  0.466724043877
159 3.4269104330016753 kpc 0.4667240438766885 kpc 0.6115423485975744
break at:  0.323886481554
160 3.3976486387082017 kpc 0.3238864815542841 kpc 0.5153343434472772
break at:  1.3626625257
161 3.8022517113514405 kpc 1.3626625257046985 kpc 0.5830109553015639
break at:  0.826924900187
162 3.595036758032752 kpc 0.8269249001867979 kpc 0.5202288112013927
break at:  0.510288390687
163 3.416651299978965 kpc 0.5102883906867365 kpc 0.5722189729081265
break at:  0.29344679855
164 3.307276243935271 kpc 0.2934467985496733 kpc 0.5211463161934473
break at:  0.510194293116
165 3.415286375059098 kpc 0.5101942931164775 kpc 0.6970468075097548
break at:  0.426361899397
166 3.4283473856361346 kpc 0.426361899396988 kpc 0.889194722520916
break at:  0.270711881543
167 3.415348570019673 kpc 0.27071188154303877 kpc 0.5668123232765856
break at:  0.976922727671
168 3.5009179535043753 kpc 0.9769227276709028 kpc 0.5051736514408529
break at:  0.268070882771
170 3.298675908673243 kpc 0.268070882771268 kpc 0.5115874743800336
break at:  0.271885370011
171 3.468129036961107 kpc 0.27188537001126506 kpc 0.5580592552980679
break at:  0.899558242427
172 3.550566014634627 kpc 0.8995582424265145 kpc 0.9759280770984281
break at:  0.553905629692
173 3.3573742658947476 kpc 0.5539056296924979 kpc 0.6348603573528349
break at:  0.383689655364
174 3.298741126194518 kpc 0.3836896553640742 kpc 0.6111478503862582
break at:  0.294846542006
175 3.3588230566364956 kpc 0.29484654200620536 kpc 0.5288720900828691
break at:  0.204239740583
176 3.250376875611331 kpc 0.2042397405831753 kpc 0.5143585084907494
break at:  0.32692430151
177 3.4941505529383887 kpc 0.3269243015098218 kpc 0.5371668054203828
break at:  2.77369037169
178 3.658582144795415 kpc 2.773690371687269 kpc 0.8858191945105744
break at:  0.206341747599
179 3.4167415907260104 kpc 0.20634174759938406 kpc 0.5453932819697626
break at:  0.347548227618
181 3.214500012792204 kpc 0.3475482276175687 kpc 0.5663966684887879
break at:  0.7318413104
182 3.4070260177766873 kpc 0.731841310399788 kpc 0.6249588867941078
break at:  0.205964324582
183 3.3863824900817012 kpc 0.20596432458207714 kpc 0.544540727916646
break at:  0.225276440166
185 3.376253317870974 kpc 0.2252764401660585 kpc 0.6002883854556366
break at:  0.321840274198
186 3.333658961058556 kpc 0.3218402741977159 kpc 0.5616244563328319
break at:  1.63859470385
187 3.7915170288841282 kpc 1.6385947038504236 kpc 0.9045868255273085
break at:  0.716144293675
189 3.278557221649973 kpc 0.716144293674687 kpc 0.5244277458112635
break at:  0.292732225479
190 3.281173814284386 kpc 0.2927322254790483 kpc 0.5365466867384345
break at:  0.225081824519
191 3.3636323179835363 kpc 0.22508182451854417 kpc 0.5582733248290077
break at:  0.1
192 3.311609942209653 kpc 0.1 kpc 0.8885957244121492
break at:  1.75889486149
194 3.686312146522683 kpc 1.758894861489659 kpc 1.0003440628360307
break at:  0.97493267269
196 3.489799009675294 kpc 0.9749326726896151 kpc 0.6633587731465345
break at:  1.2077736369
197 3.6548369791798647 kpc 1.2077736368975194 kpc 0.5187609497295058
break at:  1.01662319588
203 3.241455187200428 kpc 1.0166231958802203 kpc 0.6269504272996819
break at:  0.351789523963
204 3.3249727095635486 kpc 0.35178952396290675 kpc 0.5524746499508569
break at:  0.491636331004
205 3.1518238151445135 kpc 0.4916363310041593 kpc 0.645027436476582
break at:  0.779916797337
206 3.2553942723095246 kpc 0.7799167973368337 kpc 0.685242342589605
break at:  0.288354373293
207 3.1243613954806015 kpc 0.2883543732925399 kpc 0.5421617361840997
break at:  0.783142997668
208 3.27826118758804 kpc 0.7831429976684141 kpc 0.7754129664832768
break at:  0.202287402243
213 3.10168779875566 kpc 0.20228740224305042 kpc 0.566162714148737
break at:  0.411746201418
214 3.1489056855903907 kpc 0.4117462014175293 kpc 0.5517488673694935
break at:  0.419150027224
215 3.288710561940815 kpc 0.419150027223749 kpc 0.592962328865819
break at:  0.285366294493
216 3.0203599073828373 kpc 0.28536629449261536 kpc 0.5473027320604384
break at:  0.34661128751
217 3.1904175508825037 kpc 0.34661128750977044 kpc 0.5807553507240509
break at:  0.34833149738
218 3.234721813432638 kpc 0.34833149737975655 kpc 0.5672852578135607
break at:  0.291221236472
219 3.2264495952313315 kpc 0.2912212364724379 kpc 0.5230827711315524
StelMassEqualZero
break at:  0.383511024063
221 3.294749615610361 kpc 0.383511024063391 kpc 0.5692718273195508
break at:  0.22239027536
223 3.192775884526597 kpc 0.22239027535973427 kpc 0.5182431782839327
break at:  0.706994337283
224 3.2046661599113277 kpc 0.7069943372834969 kpc 0.7856726943124506
break at:  0.329234754435
225 2.764540444758024 kpc 0.32923475443515865 kpc 0.5310832707202903
break at:  0.244249006387
226 3.2549771346519503 kpc 0.24424900638673824 kpc 0.5411431403032568
StelMassEqualZero
break at:  0.241705724516
228 3.124777159655302 kpc 0.24170572451638697 kpc 0.5174178991448131
break at:  0.263044221047
230 3.0845576679391504 kpc 0.2630442210468603 kpc 0.5592738894047192
break at:  0.578713601821
232 3.067638610904637 kpc 0.5787136018211442 kpc 0.6442320203885378
break at:  0.169892977223
233 3.1342979290589175 kpc 0.16989297722257363 kpc 0.5168132786938072
break at:  0.169457509294
234 3.0824449008230417 kpc 0.16945750929448913 kpc 0.5674535453647575
break at:  0.168888923083
235 3.015835033064177 kpc 0.16888892308317205 kpc 0.5407094952809529
break at:  0.569600078819
236 2.974141174115323 kpc 0.5696000788185549 kpc 0.655019043695502
StelMassEqualZero
break at:  0.966224469558
238 3.0034267718332166 kpc 0.9662244695580814 kpc 0.9033063143762171
break at:  0.220927109938
239 3.1027423671195042 kpc 0.22092710993790832 kpc 0.5418107683711504
break at:  0.287276812328
241 3.0865752021736603 kpc 0.2872768123277065 kpc 0.5500198649874466
break at:  0.362549630643
243 2.846789886203556 kpc 0.3625496306432416 kpc 0.5296749787156039
break at:  0.365770555565
244 2.913015054555097 kpc 0.3657705555651458 kpc 0.6179172702011843
break at:  0.184845246822
245 3.065514084096752 kpc 0.18484524682232525 kpc 0.5640992746129923
break at:  0.377017823648
246 3.151671129939617 kpc 0.3770178236476524 kpc 0.5346011306611629
break at:  0.847428854648
247 3.222313398852826 kpc 0.8474288546477197 kpc 0.7685123215643803
break at:  0.700940224642
249 3.156179853658032 kpc 0.7009402246424448 kpc 0.7634204690076475
StelMassEqualZero
break at:  0.239553155268
251 3.0176397549181506 kpc 0.23955315526798246 kpc 0.5636721784182621
break at:  0.129766346651
252 2.958741435924389 kpc 0.12976634665110243 kpc 0.5957007975821322
break at:  0.218264169757
253 2.9439060114560673 kpc 0.21826416975651303 kpc 0.5102972435699501
break at:  1.10381574448
255 3.2092694169827194 kpc 1.1038157444831673 kpc 0.5726763063469975
break at:  0.183711217898
257 2.962190969788802 kpc 0.1837112178984343 kpc 0.5448590735911635
break at:  0.314972459474
258 3.1247677590697887 kpc 0.3149724594741065 kpc 0.5916364475978877
break at:  1.51921006314
260 3.4363957798425484 kpc 1.5192100631404175 kpc 0.9444054452033518
break at:  0.481758947388
263 3.0162306125426945 kpc 0.4817589473880974 kpc 0.5710941385148971
break at:  0.617536471954
264 2.9401766405912677 kpc 0.6175364719538333 kpc 0.5790292929514953
break at:  0.337835045831
265 2.9704362422380086 kpc 0.3378350458307221 kpc 0.6730212506751732
break at:  1.33900121973
267 3.2758660531940462 kpc 1.3390012197300207 kpc 0.6621760709520514
break at:  0.473238220613
269 2.9018364233203284 kpc 0.47323822061260845 kpc 0.5249432946504262
break at:  0.239479464621
270 3.014021086798482 kpc 0.23947946462083264 kpc 0.5904012244996631
break at:  0.180948071666
271 2.722347038983958 kpc 0.180948071666232 kpc 0.5801995564448977
break at:  0.200184143789
273 2.9476075816007405 kpc 0.200184143788993 kpc 0.6197516446303938
break at:  0.258512101676
274 2.9002284295022225 kpc 0.25851210167578403 kpc 0.5572057927185663
break at:  0.167886787883
276 2.901398485003987 kpc 0.16788678788343486 kpc 0.5262061313825316
break at:  0.196488327289
277 2.69163819908539 kpc 0.19648832728926552 kpc 0.5484542390315583
StelMassEqualZero
break at:  0.236813828216
280 2.885277094177559 kpc 0.23681382821622712 kpc 0.5088435040646307
break at:  0.216800457489
281 2.859307358944633 kpc 0.2168004574887929 kpc 0.5236576622605859
break at:  0.531465945536
282 3.0841379929818973 kpc 0.5314659455357115 kpc 0.7968441710665127
break at:  0.678972614385
284 2.982958314656758 kpc 0.6789726143850024 kpc 0.5026280095449266
break at:  0.237778626983
285 2.93139254026357 kpc 0.237778626983452 kpc 0.5720587461494209
break at:  0.234112997237
287 2.759049852902506 kpc 0.23411299723710072 kpc 0.5117747339923195
break at:  1.16542482065
288 3.058160142685312 kpc 1.1654248206487048 kpc 1.0003440628360307
break at:  0.619482549275
290 2.9574073151846783 kpc 0.6194825492746268 kpc 0.6993253004107468
break at:  0.388515269242
292 2.7332680451952243 kpc 0.3885152692420335 kpc 0.6403258567421468
break at:  0.425324262183
296 2.7692234967368345 kpc 0.4253242621827253 kpc 0.5366467780885529
break at:  1.18871537131
297 3.1436189810294604 kpc 1.1887153713136536 kpc 0.6539261462776353
StelMassEqualZero
StelMassEqualZero
break at:  0.216728578621
305 2.855201689436025 kpc 0.21672857862128608 kpc 0.5265048375417656
break at:  0.48041040206
308 2.9979671638994714 kpc 0.4804104020602545 kpc 0.7908285461364617
break at:  0.217441287284
309 2.8961121709757633 kpc 0.21744128728416698 kpc 0.5385674583306951
break at:  0.167268577719
310 2.8326529355214296 kpc 0.1672685777194483 kpc 0.502386936823387
StelMassEqualZero
break at:  0.331270095308
314 2.81241287014702 kpc 0.3312700953080958 kpc 0.5215182130403029
break at:  0.252123749096
318 2.6540146661564723 kpc 0.2521237490961874 kpc 0.6387159257092891
break at:  0.776268306115
320 2.7942757660300286 kpc 0.7762683061150042 kpc 0.9352738387066419
break at:  0.253158395976
321 2.6928315612057787 kpc 0.25315839597572737 kpc 0.5644480808739418
break at:  0.2137829173
322 2.690809773885839 kpc 0.2137829172999984 kpc 0.5123862176342588
break at:  0.16646988798
323 2.745882614652013 kpc 0.16646988797982862 kpc 0.5292645847765954
break at:  0.235704491891
324 2.8329222175027846 kpc 0.23570449189064155 kpc 0.5197610745037927
break at:  0.424535735955
325 2.7574596738272503 kpc 0.42453573595490063 kpc 0.5433910837623989
break at:  0.485589974738
328 2.178843003264593 kpc 0.48558997473777854 kpc 0.5816000638658645
break at:  0.507605649951
329 2.8066345409623503 kpc 0.5076056499513263 kpc 0.7288717882429541
break at:  0.661739587595
330 2.850062826790325 kpc 0.6617395875946899 kpc 0.7481888208182871
StelMassEqualZero
break at:  0.509545957966
332 2.8287000529030464 kpc 0.5095459579655317 kpc 0.6329789776731992
break at:  0.376380520519
334 2.529828903826745 kpc 0.3763805205186083 kpc 0.7421978297277623
break at:  0.196724516977
335 2.707448019248418 kpc 0.19672451697683307 kpc 0.5479942267288529
break at:  0.302705190781
336 2.7737007558945885 kpc 0.3027051907805987 kpc 0.6938635843463592
break at:  0.504050324035
339 2.766432684291425 kpc 0.5040503240346268 kpc 0.5695916547070491
break at:  0.216227440916
340 2.8267029344816073 kpc 0.2162274409157415 kpc 0.5285289017223923
StelMassEqualZero
break at:  0.233334474272
344 2.723439578750101 kpc 0.23333447427220735 kpc 0.5324123108398348
break at:  0.454640271641
345 2.6604011208185985 kpc 0.45464027164064685 kpc 0.5301340174366638
break at:  0.510635299856
347 2.8411270774902895 kpc 0.5106352998564359 kpc 0.6102098783348635
StelMassEqualZero
break at:  0.728962942878
349 2.9030089450141463 kpc 0.7289629428779634 kpc 1.0003440628360305
break at:  0.234209821755
350 2.7635027678879758 kpc 0.23420982175454177 kpc 0.519355403283544
StelMassEqualZero
break at:  0.251066290197
354 2.6147587149790428 kpc 0.2510662901968324 kpc 0.5174413369337693
StelMassEqualZero
break at:  0.254500171293
358 2.743775941080232 kpc 0.25450017129348057 kpc 0.5426047933034589
StelMassEqualZero
break at:  0.689687876462
360 2.6427926518910336 kpc 0.6896878764619703 kpc 0.7041756808786778
break at:  0.435251843206
363 2.919753083869364 kpc 0.43525184320633503 kpc 0.6825495961839709
break at:  0.438852852022
364 2.4642854021396454 kpc 0.43885285202244273 kpc 0.5001720314180154
break at:  0.140266250251
366 2.7089037498459163 kpc 0.1402662502509706 kpc 0.5001720314180154
break at:  1.60556915531
367 2.9468658342517107 kpc 1.6055691553104836 kpc 1.0003440628360307
break at:  0.2106179149
368 2.5223944696369807 kpc 0.21061791489959122 kpc 0.5067392072657084
break at:  1.07282393347
369 2.7250778735431345 kpc 1.072823933470734 kpc 1.0003440628360307
break at:  0.229891936165
370 2.570055949975728 kpc 0.22989193616529296 kpc 0.5840010263698371
break at:  0.285592750492
371 2.3293864091277037 kpc 0.28559275049173255 kpc 0.5397764836412877
break at:  0.481688998017
372 2.52039462521461 kpc 0.4816889980167891 kpc 0.5470843724700032
break at:  0.326741787827
373 2.706620243851695 kpc 0.3267417878266837 kpc 0.5808740662840973
break at:  0.457917409647
377 2.7021254213693733 kpc 0.4579174096469061 kpc 0.5988454253732876
break at:  0.629011684944
378 2.6049781363715026 kpc 0.6290116849444846 kpc 0.516306613076661
break at:  0.273521658877
379 2.6316194990914603 kpc 0.2735216588766617 kpc 0.5368393652860239
StelMassEqualZero
break at:  0.179983068143
382 2.64243864462 kpc 0.17998306814294315 kpc 0.5545949200491924
break at:  0.252211039867
385 2.657273942425583 kpc 0.25221103986701243 kpc 0.5513705195627128
StelMassEqualZero
StelMassEqualZero
break at:  0.296803403787
390 2.6146082763683105 kpc 0.2968034037874764 kpc 1.0003440628360307
StelMassEqualZero
break at:  0.250919894804
392 2.609357142292955 kpc 0.25091989480363575 kpc 0.6155963463606343
break at:  0.230036297713
393 2.576355802644703 kpc 0.23003629771287284 kpc 0.5932915266633317
break at:  0.225760237818
394 2.394556397766012 kpc 0.22576023781849336 kpc 0.5438917067819057
break at:  0.293182122077
395 2.520069115573716 kpc 0.2931821220772442 kpc 0.6472814524233138
StelMassEqualZero
break at:  0.364441374883
399 2.3386620115412744 kpc 0.36444137488325634 kpc 0.5328457070324352
break at:  0.179073618349
401 2.5689019948369074 kpc 0.17907361834864588 kpc 0.5140656989589636
StelMassEqualZero
StelMassEqualZero
break at:  0.290119366132
408 2.441912847291996 kpc 0.290119366132466 kpc 0.6705966986253814
break at:  0.494606608142
409 2.661091601474575 kpc 0.4946066081415951 kpc 0.5746804930132604
break at:  0.194219352238
410 2.543466043471644 kpc 0.19421935223759787 kpc 0.6056124324020951
break at:  0.752307196945
411 2.655475059520648 kpc 0.7523071969445855 kpc 1.0003440628360307
break at:  0.270207195888
412 2.529385119446712 kpc 0.2702071958880555 kpc 0.547489429277851
break at:  0.269295409243
413 2.501751030078152 kpc 0.2692954092430582 kpc 0.5033452148859685
break at:  0.212117710863
415 2.601157825053953 kpc 0.212117710862685 kpc 0.5437576907022269
StelMassEqualZero
break at:  0.342806362681
420 2.4610876019208323 kpc 0.3428063626807239 kpc 0.553897740498917
StelMassEqualZero
StelMassEqualZero
break at:  0.348101255866
424 2.561147166812847 kpc 0.3481012558658492 kpc 0.5834204733560169
StelMassEqualZero
break at:  0.10820349663
426 2.1647638109774174 kpc 0.10820349663025619 kpc 0.570669413535445
break at:  0.343842317983
428 2.4804715337931453 kpc 0.34384231798345477 kpc 0.7973112678604215
break at:  0.333401836837
430 2.289374121187371 kpc 0.33340183683707186 kpc 1.0003440628360307
break at:  0.449532514902
431 2.5960660526975126 kpc 0.4495325149021917 kpc 0.7982567219146102
break at:  0.32944885665
432 2.219467613328778 kpc 0.3294488566503104 kpc 0.546788112111048
StelMassEqualZero
StelMassEqualZero
break at:  0.193434848703
438 2.4937720371345624 kpc 0.1934348487028654 kpc 0.5501892345598167
break at:  0.334718081151
439 2.312947899938479 kpc 0.3347180811507104 kpc 0.5857508882117892
break at:  0.528083142058
440 2.5660758672875286 kpc 0.5280831420577832 kpc 0.5118039391251844
break at:  0.314371962528
441 2.4307277407680266 kpc 0.3143719625278248 kpc 0.5001720314180155
StelMassEqualZero
break at:  0.265140658182
444 2.3784721613083333 kpc 0.26514065818160565 kpc 0.7145314734543077
break at:  0.244406744542
446 2.377046407676112 kpc 0.2444067445422836 kpc 0.6976690646417901
StelMassEqualZero
break at:  0.1942144636
448 2.5431539571629553 kpc 0.19421446360011219 kpc 0.5052128617993861
StelMassEqualZero
StelMassEqualZero
break at:  0.1
451 2.378217398469226 kpc 0.1 kpc 1.0003440628360305
StelMassEqualZero
break at:  0.319259760557
454 2.0453841081903543 kpc 0.3192597605565464 kpc 0.522863410314452
break at:  0.118053899378
456 2.544289724096103 kpc 0.11805389937787578 kpc 0.5974124695939765
StelMassEqualZero
StelMassEqualZero
break at:  0.128371750989
464 2.5710057337832364 kpc 0.12837175098899095 kpc 0.5110705489072469
break at:  0.338051300597
465 2.3733117478986263 kpc 0.3380513005972943 kpc 0.53463084787222
break at:  0.108332335115
466 2.2675980553368738 kpc 0.1083323351146192 kpc 0.5201789126747359
break at:  0.289021839935
467 2.414304169328792 kpc 0.28902183993539915 kpc 0.5911124007667453
StelMassEqualZero
StelMassEqualZero
StelMassEqualZero
StelMassEqualZero
break at:  0.222226085587
473 2.251648745644888 kpc 0.22222608558652263 kpc 0.5275453889803996
break at:  0.286950016355
474 2.362755384248057 kpc 0.28695001635531736 kpc 0.7568033159372547
break at:  0.407994094194
475 2.5171658703027306 kpc 0.40799409419443494 kpc 0.7316203785563494
break at:  0.341194154557
477 2.4311072218390075 kpc 0.3411941545567924 kpc 0.8533994982601555
break at:  0.43849935163
478 2.4599865750550327 kpc 0.43849935162960446 kpc 0.7061252208254123
StelMassEqualZero
StelMassEqualZero
break at:  0.138292282135
481 2.359282516391332 kpc 0.13829228213455885 kpc 0.625215039272519
break at:  0.160759839592
483 2.1885383799661624 kpc 0.16075983959240658 kpc 0.5041631266081714
break at:  0.237309133144
484 2.141215275824475 kpc 0.2373091331436433 kpc 0.5912197724741987
break at:  0.177889158935
485 2.4756541293650933 kpc 0.17788915893488197 kpc 0.5799096016427325
StelMassEqualZero
break at:  0.298653648437
489 2.1070837463151317 kpc 0.2986536484368934 kpc 0.7036233016873703
StelMassEqualZero
break at:  0.203929257112
491 2.1931987735835987 kpc 0.20392925711171453 kpc 0.5257509890176378
StelMassEqualZero
StelMassEqualZero
StelMassEqualZero
break at:  1.64850630855
496 2.7439728874678306 kpc 1.6485063085457663 kpc 1.0003440628360307
StelMassEqualZero
break at:  0.108217283182
500 2.17554685146688 kpc 0.1082172831822712 kpc 0.6668960418906871
break at:  0.590737068954
502 2.3306205883512763 kpc 0.5907370689540986 kpc 0.6525900197040891
StelMassEqualZero
break at:  0.175407666076
504 2.289281378786446 kpc 0.17540766607580804 kpc 0.5174277141859938
break at:  0.1
505 2.2763274769349704 kpc 0.1 kpc 0.7227172023324648
break at:  0.288504111251
507 2.401353070558245 kpc 0.28850411125076064 kpc 0.5803403096138884
break at:  0.395271881601
509 2.3407200006506033 kpc 0.39527188160119786 kpc 0.6668960418906872
StelMassEqualZero
StelMassEqualZero
StelMassEqualZero
break at:  0.518931040831
516 2.4800693020104334 kpc 0.5189310408312404 kpc 0.687736543197121
StelMassEqualZero
break at:  0.175569700001
518 2.3010883948415706 kpc 0.17556970000109065 kpc 0.5251005995105297
StelMassEqualZero
StelMassEqualZero
break at:  0.609726462033
523 2.4650759511805433 kpc 0.6097264620332676 kpc 1.0003440628360305
break at:  0.188863513816
525 2.2193296703519847 kpc 0.1888635138160617 kpc 0.5533625146475248
break at:  0.1
526 1.7917403986956313 kpc 0.1 kpc 0.6602888928398184
StelMassEqualZero
break at:  0.656545158572
528 2.4310646090237737 kpc 0.6565451585718249 kpc 0.6679417941936368
break at:  0.188444623276
530 2.195436014862051 kpc 0.18844462327594466 kpc 0.5001720314189739
StelMassEqualZero
StelMassEqualZero
break at:  1.13891081721
536 2.6350964571081943 kpc 1.1389108172093767 kpc 1.0003440628360305
StelMassEqualZero
StelMassEqualZero
StelMassEqualZero
StelMassEqualZero
break at:  0.368732756692
547 1.9957372260915303 kpc 0.36873275669235367 kpc 0.6494645270438801
StelMassEqualZero
StelMassEqualZero
StelMassEqualZero
StelMassEqualZero
break at:  0.216218327464
555 2.0233954262509406 kpc 0.21621832746355518 kpc 0.5011886683913297
StelMassEqualZero
break at:  0.428852480658
557 2.3442315549188955 kpc 0.42885248065765175 kpc 0.547810036737255
StelMassEqualZero
StelMassEqualZero
StelMassEqualZero
StelMassEqualZero
break at:  1.12401284049
565 2.3227509924758434 kpc 1.1240128404875416 kpc 1.0003440628360305
break at:  0.1
567 2.1024940362092024 kpc 0.1 kpc 0.5826179706670518
break at:  0.257441620036
569 2.161254791138672 kpc 0.2574416200363518 kpc 0.5186739258323845
break at:  0.127081721167
570 2.2546552566677467 kpc 0.12708172116717342 kpc 0.5238955466029865
break at:  0.257225307622
571 2.1553584657786953 kpc 0.2572253076219241 kpc 0.5420899066544521
StelMassEqualZero
StelMassEqualZero
break at:  0.260908325057
575 2.2572818757129873 kpc 0.2609083250567258 kpc 0.5414065179519535
break at:  0.595379335726
576 2.3631866474456067 kpc 0.5953793357259372 kpc 0.5383405652177464
StelMassEqualZero
StelMassEqualZero
StelMassEqualZero
break at:  0.321690124392
585 2.0861142729116144 kpc 0.3216901243924583 kpc 0.59404102694598
break at:  0.116811783249
589 2.0700924979876447 kpc 0.1168117832487932 kpc 0.5346883508793564
StelMassEqualZero
StelMassEqualZero
StelMassEqualZero
break at:  0.158565328949
593 2.0014904095976096 kpc 0.1585653289488341 kpc 0.6540711180081739
break at:  0.254943744583
594 2.0938432740651116 kpc 0.2549437445829656 kpc 0.5178248541501852
break at:  1.27289735259
595 2.454151409306614 kpc 1.2728973525868903 kpc 0.9794280216333214
StelMassEqualZero
StelMassEqualZero
StelMassEqualZero
break at:  0.217322598803
602 2.063997040507257 kpc 0.21732259880266563 kpc 0.6587631633310446
StelMassEqualZero
break at:  0.1
605 2.2129050436880777 kpc 0.1 kpc 0.5876046735960115
StelMassEqualZero
break at:  0.414452320043
608 2.1770157918187363 kpc 0.41445232004321403 kpc 0.6002064377016183
StelMassEqualZero
break at:  0.173836549074
610 2.177353486007158 kpc 0.173836549073875 kpc 0.6750159286315442
break at:  0.188189800474
611 2.1810011711199433 kpc 0.18818980047366737 kpc 1.0003440628360307
StelMassEqualZero
StelMassEqualZero
break at:  0.126469598012
614 2.117482334500108 kpc 0.1264695980121739 kpc 0.5152225003397592
StelMassEqualZero
StelMassEqualZero
StelMassEqualZero
StelMassEqualZero
break at:  1.02410444693
621 2.2842246906968278 kpc 1.0241044469349685 kpc 0.7502580471266574
break at:  0.147930460051
622 2.120554025046011 kpc 0.14793046005088162 kpc 0.617407770054251
StelMassEqualZero
break at:  1.57156717006
624 2.593271751354519 kpc 1.5715671700563951 kpc 0.634740686045184
StelMassEqualZero
break at:  0.561286395125
626 2.1286282574884825 kpc 0.5612863951247261 kpc 0.6533234202959102
break at:  0.339200642141
628 1.9633065829006788 kpc 0.3392006421406398 kpc 1.0003440628360307
StelMassEqualZero
StelMassEqualZero
break at:  0.159881928794
632 2.1120099640709715 kpc 0.15988192879425983 kpc 0.5361949426350421
break at:  0.187508689006
633 2.1427885265722404 kpc 0.18750868900560216 kpc 0.8129355938073299
StelMassEqualZero
StelMassEqualZero
StelMassEqualZero
break at:  0.253022380383
640 2.0429914345217175 kpc 0.2530223803826838 kpc 0.7768704931475886
break at:  0.276329866395
641 2.110004983952468 kpc 0.2763298663946177 kpc 0.5335168335125496
break at:  0.1
642 2.069000012155869 kpc 0.1 kpc 0.845522627139898
StelMassEqualZero
StelMassEqualZero
StelMassEqualZero
break at:  0.233415098406
647 2.019223727411647 kpc 0.23341509840627964 kpc 0.5556051098851129
break at:  0.741949446598
649 1.8080371270521594 kpc 0.7419494465975083 kpc 0.8217111944724537
StelMassEqualZero
StelMassEqualZero
StelMassEqualZero
StelMassEqualZero
StelMassEqualZero
StelMassEqualZero
break at:  0.271510330157
663 2.0015160339297027 kpc 0.27151033015714876 kpc 0.5129079132918163
StelMassEqualZero
StelMassEqualZero
StelMassEqualZero
StelMassEqualZero
StelMassEqualZero
StelMassEqualZero
StelMassEqualZero
StelMassEqualZero
StelMassEqualZero
StelMassEqualZero
break at:  0.170969109311
688 1.984650534302619 kpc 0.17096910931065837 kpc 0.5189936765141073
StelMassEqualZero
StelMassEqualZero
StelMassEqualZero
StelMassEqualZero
StelMassEqualZero
StelMassEqualZero
StelMassEqualZero
StelMassEqualZero
break at:  0.17145008665
702 2.015958192035406 kpc 0.1714500866502387 kpc 1.0003440628360307
break at:  0.251853363555
703 2.0124736597490736 kpc 0.25185336355545807 kpc 0.5161505882349605
break at:  0.213715392845
704 1.9335688147998342 kpc 0.21371539284509217 kpc 0.6155963463606343
break at:  1.15887612055
707 1.9805924118748501 kpc 1.1588761205464575 kpc 1.0003440628360307
StelMassEqualZero
StelMassEqualZero
break at:  0.1
710 2.0480069409496333 kpc 0.1 kpc 0.9503268596942289
break at:  0.29482246062
711 2.0326451974182325 kpc 0.29482246062001816 kpc 0.6305534564369009
StelMassEqualZero
StelMassEqualZero
StelMassEqualZero
StelMassEqualZero
StelMassEqualZero
StelMassEqualZero
break at:  0.107686793095
721 1.796119847290353 kpc 0.10768679309480236 kpc 0.544816134960576
StelMassEqualZero
break at:  0.126006870225
724 2.0189470093220905 kpc 0.1260068702253908 kpc 0.6002064377016184
break at:  0.198492640138
725 1.9508584957953548 kpc 0.19849264013835624 kpc 0.5159354030409407
break at:  0.336458858101
726 1.9248490130337217 kpc 0.33645885810074094 kpc 0.5850982694326661
StelMassEqualZero
break at:  0.38324196571
729 1.8373488758230938 kpc 0.38324196570992625 kpc 0.633551239798669
StelMassEqualZero
StelMassEqualZero
break at:  0.288872445432
734 1.920417320375162 kpc 0.2888724454321693 kpc 0.6027139314583246
break at:  0.1
735 1.829227585636399 kpc 0.1 kpc 0.5749241983597574
break at:  0.3534805337
736 2.170905461456143 kpc 0.35348053370041455 kpc 0.7145314734543076
break at:  0.11609970402
737 1.8374126205463017 kpc 0.11609970402019806 kpc 0.5077402875340254
break at:  2.02183966773
739 2.188308103502235 kpc 2.0218396677261183 kpc 1.0003440628360307
StelMassEqualZero
StelMassEqualZero
break at:  0.24396256644
747 1.8146813612365813 kpc 0.24396256644048023 kpc 0.6677408728498789
StelMassEqualZero
StelMassEqualZero
StelMassEqualZero
StelMassEqualZero
StelMassEqualZero
StelMassEqualZero
StelMassEqualZero
StelMassEqualZero
StelMassEqualZero
StelMassEqualZero
StelMassEqualZero
StelMassEqualZero
StelMassEqualZero
StelMassEqualZero
StelMassEqualZero
break at:  0.34198191215
766 2.002777227835472 kpc 0.3419819121502352 kpc 0.5637675808234858
break at:  0.135001147057
769 1.8654783833674458 kpc 0.13500114705672958 kpc 0.6132777624229524
StelMassEqualZero
StelMassEqualZero
StelMassEqualZero
StelMassEqualZero
break at:  0.209335019658
774 1.7835420845303218 kpc 0.20933501965766446 kpc 0.5119055482711993
StelMassEqualZero
StelMassEqualZero
StelMassEqualZero
StelMassEqualZero
break at:  0.290231160794
780 1.9456856666171432 kpc 0.29023116079427735 kpc 0.8883131446313609
StelMassEqualZero
StelMassEqualZero
StelMassEqualZero
StelMassEqualZero
StelMassEqualZero
break at:  0.347422733264
787 1.74097452430824 kpc 0.34742273326390594 kpc 0.6668960418907899
break at:  0.385750834947
789 1.390908002356325 kpc 0.38575083494718915 kpc 0.658351227827309
break at:  0.164661008628
790 1.6096075919419968 kpc 0.16466100862827565 kpc 0.6336739639511911
StelMassEqualZero
break at:  0.155634637082
792 1.7729262591252226 kpc 0.15563463708207134 kpc 0.5597493690789738
StelMassEqualZero
break at:  0.501387712946
794 1.742677365236739 kpc 0.5013877129462417 kpc 0.6153748611232871
StelMassEqualZero
StelMassEqualZero
StelMassEqualZero
break at:  0.22995511714
798 1.9150895906682808 kpc 0.22995511713998457 kpc 0.5146000707853554
StelMassEqualZero
StelMassEqualZero
StelMassEqualZero
StelMassEqualZero
StelMassEqualZero
StelMassEqualZero
StelMassEqualZero
break at:  0.209004236506
806 1.772575932878983 kpc 0.20900423650591474 kpc 0.5111172875927226
StelMassEqualZero
StelMassEqualZero
StelMassEqualZero
break at:  0.253776825182
813 2.0628557966329177 kpc 0.2537768251824138 kpc 0.5348797267986787
break at:  0.319546709763
815 2.0501673384346155 kpc 0.3195467097625362 kpc 1.0003440628360307
StelMassEqualZero
StelMassEqualZero
StelMassEqualZero
StelMassEqualZero
StelMassEqualZero
StelMassEqualZero
StelMassEqualZero
StelMassEqualZero
break at:  0.206745183225
826 1.6990183145759823 kpc 0.20674518322511495 kpc 0.6192606103270666
break at:  1.28158565529
827 2.037775324945442 kpc 1.2815856552913525 kpc 1.0003440628360307
StelMassEqualZero
break at:  0.222669693041
829 1.7085066134726206 kpc 0.22266969304112105 kpc 0.5239897471950624
StelMassEqualZero
StelMassEqualZero
break at:  0.11558900252
835 1.686056258934126 kpc 0.11558900251952564 kpc 0.6195591626116085
break at:  0.153503183619
837 1.6209253560064225 kpc 0.1535031836187233 kpc 0.5398170357707579
break at:  0.408438559718
838 1.5548809235026404 kpc 0.4084385597182527 kpc 0.5854632644610357
StelMassEqualZero
StelMassEqualZero
StelMassEqualZero
StelMassEqualZero
StelMassEqualZero
StelMassEqualZero
break at:  0.209320658155
846 1.7830649259096865 kpc 0.20932065815455905 kpc 1.0003440628360307
StelMassEqualZero
StelMassEqualZero
StelMassEqualZero
break at:  0.156035963428
853 1.8028541511934923 kpc 0.15603596342756487 kpc 0.6015961941861814
StelMassEqualZero
break at:  0.212208904686
855 1.8809534800978054 kpc 0.21220890468566425 kpc 0.5566379991424588
StelMassEqualZero
StelMassEqualZero
StelMassEqualZero
StelMassEqualZero
break at:  0.11596597398
864 1.796578955762374 kpc 0.11596597397953816 kpc 0.5462081935601926
StelMassEqualZero
StelMassEqualZero
StelMassEqualZero
StelMassEqualZero
StelMassEqualZero
break at:  0.154826842035
871 1.713959919837977 kpc 0.15482684203472974 kpc 0.5243317975864915
StelMassEqualZero
StelMassEqualZero
StelMassEqualZero
StelMassEqualZero
StelMassEqualZero
break at:  0.206744247892
879 1.6989883374104062 kpc 0.20674424789234946 kpc 1.0003440628360307
break at:  0.348833974543
880 1.4985595828886882 kpc 0.34883397454340875 kpc 0.5801995564442792
StelMassEqualZero
StelMassEqualZero
StelMassEqualZero
StelMassEqualZero
StelMassEqualZero
StelMassEqualZero
StelMassEqualZero
StelMassEqualZero
StelMassEqualZero
StelMassEqualZero
break at:  0.1
892 1.6065125020458135 kpc 0.1 kpc 0.875301054989715
StelMassEqualZero
StelMassEqualZero
StelMassEqualZero
StelMassEqualZero
StelMassEqualZero
break at:  0.165327554762
901 1.6462467185240663 kpc 0.16532755476159067 kpc 0.5528217189357011
break at:  0.107668578013
902 1.7843092049902836 kpc 0.10766857801328628 kpc 0.527583868335776
StelMassEqualZero
StelMassEqualZero
StelMassEqualZero
break at:  0.202301059999
907 1.5609637498295756 kpc 0.20230105999933884 kpc 0.5349017731537851
break at:  0.528807376643
908 1.6844611008965402 kpc 0.5288073766432205 kpc 0.5219186414796682
break at:  0.419969686867
910 1.9021152755578608 kpc 0.41996968686679365 kpc 0.5335168335125497
StelMassEqualZero
StelMassEqualZero
StelMassEqualZero
StelMassEqualZero
StelMassEqualZero
StelMassEqualZero
StelMassEqualZero
break at:  0.144868226967
924 1.8013185849047968 kpc 0.14486822696685117 kpc 0.517676638554271
StelMassEqualZero
break at:  0.372345899029
926 1.7260402239410038 kpc 0.3723458990287458 kpc 0.6002064377017026
StelMassEqualZero
break at:  0.1
928 1.7354864408797543 kpc 0.1 kpc 0.9166528541310858
StelMassEqualZero
StelMassEqualZero
StelMassEqualZero
StelMassEqualZero
break at:  0.235553368226
933 1.6191619361456526 kpc 0.23555336822602238 kpc 0.7376657628407831
break at:  0.238660496338
934 1.6896110974182963 kpc 0.23866049633826286 kpc 0.6396893290118694
StelMassEqualZero
break at:  0.1
937 1.8259344584590254 kpc 0.1 kpc 0.779996590503081
break at:  0.1
938 1.503037169137266 kpc 0.1 kpc 0.6202429182991728
StelMassEqualZero
StelMassEqualZero
StelMassEqualZero
StelMassEqualZero
break at:  0.132930937339
943 1.604553323282355 kpc 0.13293093733909403 kpc 0.5612893284310964
StelMassEqualZero
StelMassEqualZero
StelMassEqualZero
StelMassEqualZero
StelMassEqualZero
StelMassEqualZero
StelMassEqualZero
break at:  0.166424066101
954 1.708007837228242 kpc 0.16642406610143057 kpc 0.522567794018822
StelMassEqualZero
StelMassEqualZero
StelMassEqualZero
StelMassEqualZero
StelMassEqualZero
StelMassEqualZero
StelMassEqualZero
StelMassEqualZero
StelMassEqualZero
break at:  0.1
964 1.6758738389342245 kpc 0.1 kpc 1.0003440628360307
StelMassEqualZero
StelMassEqualZero
StelMassEqualZero
StelMassEqualZero
StelMassEqualZero
StelMassEqualZero
StelMassEqualZero
StelMassEqualZero
StelMassEqualZero
StelMassEqualZero
StelMassEqualZero
StelMassEqualZero
StelMassEqualZero
StelMassEqualZero
break at:  0.156080218842
991 1.8061803974926307 kpc 0.1560802188422286 kpc 0.5712066303259853
StelMassEqualZero
StelMassEqualZero
StelMassEqualZero
StelMassEqualZero
StelMassEqualZero
StelMassEqualZero
StelMassEqualZero
StelMassEqualZero
StelMassEqualZero
StelMassEqualZero
StelMassEqualZero
StelMassEqualZero
StelMassEqualZero
StelMassEqualZero
break at:  0.165094084456
1012 1.6333361260824566 kpc 0.16509408445626905 kpc 1.0003440628360305
StelMassEqualZero
StelMassEqualZero
StelMassEqualZero
StelMassEqualZero
StelMassEqualZero
StelMassEqualZero
StelMassEqualZero
StelMassEqualZero
break at:  0.124546840928
1025 1.7351032064852743 kpc 0.12454684092769258 kpc 0.5456422160949784
StelMassEqualZero
StelMassEqualZero
StelMassEqualZero
StelMassEqualZero
break at:  0.22959384563
1031 1.4897753628369386 kpc 0.22959384562993687 kpc 0.8193513439077317
break at:  0.167607366664
1033 1.7767773171095986 kpc 0.16760736666409892 kpc 0.6668960418906871
StelMassEqualZero
StelMassEqualZero
StelMassEqualZero
StelMassEqualZero
StelMassEqualZero
StelMassEqualZero
StelMassEqualZero
StelMassEqualZero
StelMassEqualZero
StelMassEqualZero
StelMassEqualZero
StelMassEqualZero
StelMassEqualZero
StelMassEqualZero
break at:  0.518963262055
1051 1.631634784943714 kpc 0.5189632620552664 kpc 0.9188777107671223
StelMassEqualZero
StelMassEqualZero
StelMassEqualZero
StelMassEqualZero
StelMassEqualZero
StelMassEqualZero
StelMassEqualZero
break at:  0.141030307185
1061 1.4609559603000348 kpc 0.14103030718521292 kpc 0.5913285920174738
StelMassEqualZero
StelMassEqualZero
StelMassEqualZero
StelMassEqualZero
break at:  0.174701059047
1066 1.5177168169636486 kpc 0.1747010590474902 kpc 0.8820715136958616
StelMassEqualZero
StelMassEqualZero
StelMassEqualZero
break at:  0.207369800158
1071 1.719125117374054 kpc 0.20736980015750905 kpc 0.5635265353586221
StelMassEqualZero
break at:  0.142241542064
1074 1.5617313375248243 kpc 0.14224154206374134 kpc 0.5560464224777718
StelMassEqualZero
StelMassEqualZero
StelMassEqualZero
StelMassEqualZero
break at:  0.237560138758
1081 1.6644245134044444 kpc 0.2375601387582143 kpc 0.5273671068916898
StelMassEqualZero
StelMassEqualZero
StelMassEqualZero
break at:  0.236645105961
1086 1.6436788377667835 kpc 0.236645105961417 kpc 0.6815478937320195
StelMassEqualZero
StelMassEqualZero
break at:  0.115265297102
1089 1.596328228605006 kpc 0.1152652971018918 kpc 0.5742425396306546
StelMassEqualZero
StelMassEqualZero
StelMassEqualZero
StelMassEqualZero
StelMassEqualZero
StelMassEqualZero
StelMassEqualZero
StelMassEqualZero
StelMassEqualZero
StelMassEqualZero
StelMassEqualZero
break at:  0.173538319626
1106 1.469103914014184 kpc 0.1735383196255298 kpc 0.733585646079756
StelMassEqualZero
StelMassEqualZero
StelMassEqualZero
StelMassEqualZero
StelMassEqualZero
StelMassEqualZero
StelMassEqualZero
StelMassEqualZero
StelMassEqualZero
StelMassEqualZero
StelMassEqualZero
break at:  0.191465127076
1122 1.6687398304596412 kpc 0.1914651270760518 kpc 0.6668960418906872
break at:  0.280630007995
1124 1.4626778423792337 kpc 0.2806300079953226 kpc 0.7450399924028672
StelMassEqualZero
break at:  0.13243806019
1126 1.5474795115586057 kpc 0.1324380601898755 kpc 1.0003440628360307
StelMassEqualZero
StelMassEqualZero
StelMassEqualZero
StelMassEqualZero
StelMassEqualZero
StelMassEqualZero
StelMassEqualZero
break at:  0.69666049874
1138 1.8387885024361321 kpc 0.6966604987401022 kpc 1.0003440628360307
StelMassEqualZero
break at:  1.05078584078
1141 1.928105453260121 kpc 1.0507858407831545 kpc 1.0003440628360305
StelMassEqualZero
StelMassEqualZero
StelMassEqualZero
StelMassEqualZero
StelMassEqualZero
StelMassEqualZero
StelMassEqualZero
StelMassEqualZero
break at:  1.29925613146
1154 2.0710221039128465 kpc 1.2992561314590125 kpc 1.0003440628360307
StelMassEqualZero
StelMassEqualZero
break at:  0.132665040442
1159 1.5735328504740407 kpc 0.1326650404418323 kpc 0.5001720314180154
StelMassEqualZero
break at:  0.2105831736
1164 1.4017930689230866 kpc 0.21058317359956222 kpc 1.0003440628360307
StelMassEqualZero
StelMassEqualZero
break at:  0.489324329815
1168 1.4767817949072017 kpc 0.4893243298147144 kpc 0.8336200523633588
StelMassEqualZero
StelMassEqualZero
StelMassEqualZero
break at:  0.390047681508
1173 1.6343567439231566 kpc 0.39004768150762326 kpc 0.7471805116087342
break at:  0.215070041091
1174 1.5105913110166804 kpc 0.21507004109098268 kpc 0.7385064080400245
StelMassEqualZero
StelMassEqualZero
StelMassEqualZero
StelMassEqualZero
break at:  0.131928121917
1181 1.4903540605287882 kpc 0.13192812191729153 kpc 0.7502580471270803
StelMassEqualZero
StelMassEqualZero
StelMassEqualZero
break at:  0.114778339016
1186 1.4698355452202125 kpc 0.11477833901609959 kpc 0.5512734469406364
StelMassEqualZero
StelMassEqualZero
StelMassEqualZero
StelMassEqualZero
StelMassEqualZero
StelMassEqualZero
StelMassEqualZero
StelMassEqualZero
StelMassEqualZero
StelMassEqualZero
StelMassEqualZero
StelMassEqualZero
StelMassEqualZero
StelMassEqualZero
StelMassEqualZero
StelMassEqualZero
StelMassEqualZero
StelMassEqualZero
StelMassEqualZero
StelMassEqualZero
StelMassEqualZero
StelMassEqualZero
StelMassEqualZero
StelMassEqualZero
StelMassEqualZero
break at:  0.206924038667
1219 1.7047578159005377 kpc 0.2069240386671588 kpc 0.6668960418906872
StelMassEqualZero
StelMassEqualZero
StelMassEqualZero
StelMassEqualZero
StelMassEqualZero
StelMassEqualZero
StelMassEqualZero
StelMassEqualZero
StelMassEqualZero
StelMassEqualZero
StelMassEqualZero
break at:  0.39640253068
1232 1.4667835000141403 kpc 0.39640253067974873 kpc 0.6668960418906872
StelMassEqualZero
StelMassEqualZero
StelMassEqualZero
StelMassEqualZero
StelMassEqualZero
StelMassEqualZero
StelMassEqualZero
StelMassEqualZero
StelMassEqualZero
StelMassEqualZero
StelMassEqualZero
StelMassEqualZero
StelMassEqualZero
StelMassEqualZero
StelMassEqualZero
StelMassEqualZero
StelMassEqualZero
StelMassEqualZero
StelMassEqualZero
break at:  0.13854736984
1263 1.27194000766293 kpc 0.13854736983989765 kpc 0.5001720314180154
StelMassEqualZero
StelMassEqualZero
StelMassEqualZero
StelMassEqualZero
StelMassEqualZero
StelMassEqualZero
StelMassEqualZero
StelMassEqualZero
StelMassEqualZero
StelMassEqualZero
StelMassEqualZero
StelMassEqualZero
StelMassEqualZero
StelMassEqualZero
StelMassEqualZero
StelMassEqualZero
StelMassEqualZero
StelMassEqualZero
StelMassEqualZero
StelMassEqualZero
StelMassEqualZero
StelMassEqualZero
StelMassEqualZero
StelMassEqualZero
StelMassEqualZero
StelMassEqualZero
StelMassEqualZero
StelMassEqualZero
StelMassEqualZero
StelMassEqualZero
StelMassEqualZero
StelMassEqualZero
StelMassEqualZero
StelMassEqualZero
StelMassEqualZero
StelMassEqualZero
StelMassEqualZero
StelMassEqualZero
break at:  0.1
1317 1.4891480067773277 kpc 0.1 kpc 1.0003440628360307
StelMassEqualZero
StelMassEqualZero
StelMassEqualZero
StelMassEqualZero
StelMassEqualZero
StelMassEqualZero
StelMassEqualZero
StelMassEqualZero
StelMassEqualZero
StelMassEqualZero
StelMassEqualZero
StelMassEqualZero
StelMassEqualZero
break at:  0.141302744046
1335 1.4831143840991199 kpc 0.14130274404556648 kpc 1.0003440628360305
StelMassEqualZero
StelMassEqualZero
StelMassEqualZero
StelMassEqualZero
StelMassEqualZero
StelMassEqualZero
StelMassEqualZero
StelMassEqualZero
StelMassEqualZero
StelMassEqualZero
StelMassEqualZero
StelMassEqualZero
StelMassEqualZero
StelMassEqualZero
StelMassEqualZero
break at:  0.1
1364 1.1803262722611707 kpc 0.1 kpc 0.9124012639631386
StelMassEqualZero
break at:  0.1
1366 1.5680785912601451 kpc 0.1 kpc 0.5001720314180154
StelMassEqualZero
StelMassEqualZero
StelMassEqualZero
StelMassEqualZero
StelMassEqualZero
StelMassEqualZero
StelMassEqualZero
StelMassEqualZero
StelMassEqualZero
StelMassEqualZero
StelMassEqualZero
StelMassEqualZero
StelMassEqualZero
StelMassEqualZero
StelMassEqualZero
StelMassEqualZero
StelMassEqualZero
StelMassEqualZero
StelMassEqualZero
StelMassEqualZero
StelMassEqualZero
StelMassEqualZero
StelMassEqualZero
StelMassEqualZero
StelMassEqualZero
StelMassEqualZero
StelMassEqualZero
StelMassEqualZero
StelMassEqualZero
StelMassEqualZero
StelMassEqualZero
break at:  0.297411236062
1409 1.4249794263759585 kpc 0.2974112360619691 kpc 0.5638302899607897
StelMassEqualZero
StelMassEqualZero
StelMassEqualZero
StelMassEqualZero
StelMassEqualZero
StelMassEqualZero
StelMassEqualZero
StelMassEqualZero
StelMassEqualZero
StelMassEqualZero
StelMassEqualZero
break at:  0.1
1424 1.4145151194095114 kpc 0.1 kpc 0.6668960418906871
break at:  0.37445463469
1426 1.5030634922398423 kpc 0.3744546346901808 kpc 0.8075852044227255
StelMassEqualZero
StelMassEqualZero
StelMassEqualZero
StelMassEqualZero
StelMassEqualZero
StelMassEqualZero
StelMassEqualZero
StelMassEqualZero
StelMassEqualZero
StelMassEqualZero
StelMassEqualZero
StelMassEqualZero
StelMassEqualZero
StelMassEqualZero
StelMassEqualZero
StelMassEqualZero
break at:  0.77704826294
1447 1.3189885473486749 kpc 0.7770482629400131 kpc 0.9203908164763696
StelMassEqualZero
StelMassEqualZero
StelMassEqualZero
break at:  0.387155397617
1453 1.4008007674040868 kpc 0.3871553976172257 kpc 0.5652546649301052
break at:  0.187090659605
1455 1.5097062741250808 kpc 0.18709065960476012 kpc 0.5028153148016523
StelMassEqualZero
StelMassEqualZero
StelMassEqualZero
StelMassEqualZero
StelMassEqualZero
StelMassEqualZero
StelMassEqualZero
StelMassEqualZero
break at:  0.172261879539
1471 1.417171009785387 kpc 0.17226187953897623 kpc 1.0003440628360307
break at:  0.174486569699
1472 1.508654432956078 kpc 0.17448656969871537 kpc 0.5737267419207766
StelMassEqualZero
StelMassEqualZero
StelMassEqualZero
StelMassEqualZero
StelMassEqualZero
StelMassEqualZero
StelMassEqualZero
StelMassEqualZero
StelMassEqualZero
StelMassEqualZero
StelMassEqualZero
StelMassEqualZero
StelMassEqualZero
StelMassEqualZero
StelMassEqualZero
StelMassEqualZero
StelMassEqualZero
StelMassEqualZero
StelMassEqualZero
break at:  0.1
1499 1.1972456703003975 kpc 0.1 kpc 0.7145314734602805
StelMassEqualZero
StelMassEqualZero
StelMassEqualZero
StelMassEqualZero
StelMassEqualZero
StelMassEqualZero
StelMassEqualZero
StelMassEqualZero
StelMassEqualZero
StelMassEqualZero
StelMassEqualZero
StelMassEqualZero
StelMassEqualZero
StelMassEqualZero
StelMassEqualZero
StelMassEqualZero
StelMassEqualZero
StelMassEqualZero
StelMassEqualZero
StelMassEqualZero
StelMassEqualZero
StelMassEqualZero
StelMassEqualZero
StelMassEqualZero
StelMassEqualZero
StelMassEqualZero
StelMassEqualZero
StelMassEqualZero
break at:  0.336097140332
1541 1.3825274751009198 kpc 0.336097140332495 kpc 0.5224018994810383
StelMassEqualZero
StelMassEqualZero
StelMassEqualZero
StelMassEqualZero
StelMassEqualZero
StelMassEqualZero
StelMassEqualZero
StelMassEqualZero
StelMassEqualZero
StelMassEqualZero
StelMassEqualZero
StelMassEqualZero
StelMassEqualZero
StelMassEqualZero
StelMassEqualZero
break at:  0.431306265041
1563 1.509690257180843 kpc 0.4313062650408713 kpc 0.6925458896557136
break at:  0.121400645058
1564 1.2441505234161108 kpc 0.12140064505815616 kpc 0.5003821970019164
StelMassEqualZero
StelMassEqualZero
StelMassEqualZero
StelMassEqualZero
StelMassEqualZero
StelMassEqualZero
break at:  0.226393669874
1572 1.423340832235966 kpc 0.22639366987444529 kpc 0.5219186414796683
StelMassEqualZero
StelMassEqualZero
StelMassEqualZero
StelMassEqualZero
StelMassEqualZero
StelMassEqualZero
StelMassEqualZero
StelMassEqualZero
StelMassEqualZero
StelMassEqualZero
StelMassEqualZero
StelMassEqualZero
StelMassEqualZero
StelMassEqualZero
StelMassEqualZero
StelMassEqualZero
StelMassEqualZero
StelMassEqualZero
StelMassEqualZero
StelMassEqualZero
StelMassEqualZero
StelMassEqualZero
StelMassEqualZero
StelMassEqualZero
break at:  0.1
1606 1.2815324608203844 kpc 0.1 kpc 0.5454936886680407
StelMassEqualZero
StelMassEqualZero
StelMassEqualZero
StelMassEqualZero
StelMassEqualZero
StelMassEqualZero
break at:  0.180182230507
1617 1.2825820420801448 kpc 0.18018223050739515 kpc 0.579146562694544
StelMassEqualZero
StelMassEqualZero
StelMassEqualZero
StelMassEqualZero
StelMassEqualZero
StelMassEqualZero
StelMassEqualZero
StelMassEqualZero
StelMassEqualZero
StelMassEqualZero
break at:  0.332869514014
1630 1.1804188886488085 kpc 0.33286951401430237 kpc 0.6159514041613497
StelMassEqualZero
StelMassEqualZero
StelMassEqualZero
StelMassEqualZero
StelMassEqualZero
StelMassEqualZero
StelMassEqualZero
StelMassEqualZero
StelMassEqualZero
StelMassEqualZero
StelMassEqualZero
StelMassEqualZero
StelMassEqualZero
StelMassEqualZero
StelMassEqualZero
StelMassEqualZero
StelMassEqualZero
StelMassEqualZero
StelMassEqualZero
StelMassEqualZero
StelMassEqualZero
StelMassEqualZero
StelMassEqualZero
StelMassEqualZero
StelMassEqualZero
StelMassEqualZero
StelMassEqualZero
StelMassEqualZero
StelMassEqualZero
StelMassEqualZero
StelMassEqualZero
StelMassEqualZero
StelMassEqualZero
StelMassEqualZero
StelMassEqualZero
StelMassEqualZero
StelMassEqualZero
StelMassEqualZero
StelMassEqualZero
StelMassEqualZero
StelMassEqualZero
StelMassEqualZero
StelMassEqualZero
StelMassEqualZero
StelMassEqualZero
StelMassEqualZero
StelMassEqualZero
StelMassEqualZero
StelMassEqualZero
StelMassEqualZero
StelMassEqualZero
StelMassEqualZero
StelMassEqualZero
StelMassEqualZero
StelMassEqualZero
StelMassEqualZero
StelMassEqualZero
StelMassEqualZero
StelMassEqualZero
StelMassEqualZero
StelMassEqualZero
StelMassEqualZero
StelMassEqualZero
break at:  0.208201581616
1716 1.0841093226162872 kpc 0.2082015816163259 kpc 0.5213060609145509
StelMassEqualZero
StelMassEqualZero
StelMassEqualZero
StelMassEqualZero
StelMassEqualZero
StelMassEqualZero
StelMassEqualZero
StelMassEqualZero
StelMassEqualZero
StelMassEqualZero
StelMassEqualZero
StelMassEqualZero
StelMassEqualZero
StelMassEqualZero
StelMassEqualZero
StelMassEqualZero
StelMassEqualZero
StelMassEqualZero
StelMassEqualZero
StelMassEqualZero
StelMassEqualZero
StelMassEqualZero
StelMassEqualZero
StelMassEqualZero
StelMassEqualZero
StelMassEqualZero
StelMassEqualZero
StelMassEqualZero
StelMassEqualZero
StelMassEqualZero
StelMassEqualZero
StelMassEqualZero
StelMassEqualZero
StelMassEqualZero
StelMassEqualZero
StelMassEqualZero
StelMassEqualZero
StelMassEqualZero
StelMassEqualZero
StelMassEqualZero
StelMassEqualZero
StelMassEqualZero
StelMassEqualZero
StelMassEqualZero
StelMassEqualZero
StelMassEqualZero
StelMassEqualZero
StelMassEqualZero
StelMassEqualZero
StelMassEqualZero
StelMassEqualZero
StelMassEqualZero
StelMassEqualZero
StelMassEqualZero
StelMassEqualZero
StelMassEqualZero
StelMassEqualZero
StelMassEqualZero
StelMassEqualZero
StelMassEqualZero
break at:  0.264720685095
1794 1.2567488111559413 kpc 0.26472068509537405 kpc 0.5512099938076087
StelMassEqualZero
StelMassEqualZero
StelMassEqualZero
StelMassEqualZero
StelMassEqualZero
StelMassEqualZero
StelMassEqualZero
StelMassEqualZero
StelMassEqualZero
StelMassEqualZero
StelMassEqualZero
StelMassEqualZero
StelMassEqualZero
StelMassEqualZero
StelMassEqualZero
StelMassEqualZero
StelMassEqualZero
StelMassEqualZero
StelMassEqualZero
StelMassEqualZero
StelMassEqualZero
break at:  0.1
1826 1.1107685573476898 kpc 0.1 kpc 0.7085924820251114
StelMassEqualZero
StelMassEqualZero
StelMassEqualZero
StelMassEqualZero
StelMassEqualZero
StelMassEqualZero
StelMassEqualZero
StelMassEqualZero
StelMassEqualZero
StelMassEqualZero
StelMassEqualZero
StelMassEqualZero
StelMassEqualZero
StelMassEqualZero
StelMassEqualZero
StelMassEqualZero
StelMassEqualZero
StelMassEqualZero
StelMassEqualZero
StelMassEqualZero
StelMassEqualZero
StelMassEqualZero
StelMassEqualZero
StelMassEqualZero
StelMassEqualZero
StelMassEqualZero
StelMassEqualZero
StelMassEqualZero
StelMassEqualZero
StelMassEqualZero
StelMassEqualZero
StelMassEqualZero
StelMassEqualZero
StelMassEqualZero
StelMassEqualZero
StelMassEqualZero
StelMassEqualZero
StelMassEqualZero
StelMassEqualZero
StelMassEqualZero
StelMassEqualZero
StelMassEqualZero
StelMassEqualZero
StelMassEqualZero
StelMassEqualZero
StelMassEqualZero
StelMassEqualZero
StelMassEqualZero
StelMassEqualZero
StelMassEqualZero
StelMassEqualZero
StelMassEqualZero
StelMassEqualZero
StelMassEqualZero
StelMassEqualZero
StelMassEqualZero
StelMassEqualZero
StelMassEqualZero
StelMassEqualZero
StelMassEqualZero
StelMassEqualZero
StelMassEqualZero
StelMassEqualZero
StelMassEqualZero
StelMassEqualZero
break at:  0.219385720172
1914 1.2850710996008397 kpc 0.2193857201721664 kpc 0.5214640271393867
StelMassEqualZero
StelMassEqualZero
StelMassEqualZero
StelMassEqualZero
StelMassEqualZero
StelMassEqualZero
StelMassEqualZero
StelMassEqualZero
StelMassEqualZero
StelMassEqualZero
StelMassEqualZero
StelMassEqualZero
StelMassEqualZero
StelMassEqualZero
StelMassEqualZero
StelMassEqualZero
StelMassEqualZero
StelMassEqualZero
break at:  0.1
1937 1.1216446134413496 kpc 0.1 kpc 0.5673591841186065
StelMassEqualZero
StelMassEqualZero
StelMassEqualZero
StelMassEqualZero
StelMassEqualZero
StelMassEqualZero
StelMassEqualZero
StelMassEqualZero
StelMassEqualZero
StelMassEqualZero
StelMassEqualZero
StelMassEqualZero
StelMassEqualZero
StelMassEqualZero
StelMassEqualZero
StelMassEqualZero
StelMassEqualZero
StelMassEqualZero
StelMassEqualZero
StelMassEqualZero
StelMassEqualZero
StelMassEqualZero
StelMassEqualZero
StelMassEqualZero
StelMassEqualZero
StelMassEqualZero
StelMassEqualZero
StelMassEqualZero
StelMassEqualZero
StelMassEqualZero
StelMassEqualZero
StelMassEqualZero
StelMassEqualZero
StelMassEqualZero
StelMassEqualZero
StelMassEqualZero
StelMassEqualZero
StelMassEqualZero
StelMassEqualZero
StelMassEqualZero
StelMassEqualZero
StelMassEqualZero
StelMassEqualZero
StelMassEqualZero
StelMassEqualZero
StelMassEqualZero
StelMassEqualZero
StelMassEqualZero
StelMassEqualZero
StelMassEqualZero
StelMassEqualZero
StelMassEqualZero
break at:  0.31886509594
2001 1.2335264379027353 kpc 0.31886509594034207 kpc 0.8002752502688246
StelMassEqualZero
StelMassEqualZero
StelMassEqualZero
StelMassEqualZero
StelMassEqualZero
StelMassEqualZero
StelMassEqualZero
StelMassEqualZero
StelMassEqualZero
StelMassEqualZero
StelMassEqualZero
StelMassEqualZero
StelMassEqualZero
StelMassEqualZero
StelMassEqualZero
StelMassEqualZero
StelMassEqualZero
StelMassEqualZero
StelMassEqualZero
StelMassEqualZero
StelMassEqualZero
StelMassEqualZero
StelMassEqualZero
StelMassEqualZero
StelMassEqualZero
StelMassEqualZero
StelMassEqualZero
StelMassEqualZero
StelMassEqualZero
StelMassEqualZero
StelMassEqualZero
StelMassEqualZero
StelMassEqualZero
StelMassEqualZero
StelMassEqualZero
StelMassEqualZero
StelMassEqualZero
StelMassEqualZero
StelMassEqualZero
StelMassEqualZero
StelMassEqualZero
StelMassEqualZero
StelMassEqualZero
StelMassEqualZero
StelMassEqualZero
StelMassEqualZero
StelMassEqualZero
StelMassEqualZero
StelMassEqualZero
StelMassEqualZero
StelMassEqualZero
StelMassEqualZero
StelMassEqualZero
StelMassEqualZero
StelMassEqualZero
StelMassEqualZero
StelMassEqualZero
StelMassEqualZero
StelMassEqualZero
StelMassEqualZero
StelMassEqualZero
StelMassEqualZero
StelMassEqualZero
StelMassEqualZero
StelMassEqualZero
StelMassEqualZero
StelMassEqualZero
StelMassEqualZero
StelMassEqualZero
StelMassEqualZero
StelMassEqualZero
StelMassEqualZero
StelMassEqualZero
StelMassEqualZero
StelMassEqualZero
StelMassEqualZero
StelMassEqualZero
StelMassEqualZero
StelMassEqualZero
StelMassEqualZero
StelMassEqualZero
StelMassEqualZero
StelMassEqualZero
StelMassEqualZero
StelMassEqualZero
StelMassEqualZero
StelMassEqualZero
StelMassEqualZero
StelMassEqualZero
StelMassEqualZero
StelMassEqualZero
StelMassEqualZero
StelMassEqualZero
StelMassEqualZero
StelMassEqualZero
StelMassEqualZero
StelMassEqualZero
StelMassEqualZero
StelMassEqualZero
StelMassEqualZero
StelMassEqualZero
StelMassEqualZero
StelMassEqualZero
StelMassEqualZero
StelMassEqualZero
StelMassEqualZero
StelMassEqualZero
StelMassEqualZero
StelMassEqualZero
StelMassEqualZero
StelMassEqualZero
StelMassEqualZero
StelMassEqualZero
StelMassEqualZero
StelMassEqualZero
StelMassEqualZero
StelMassEqualZero
StelMassEqualZero
StelMassEqualZero
StelMassEqualZero
StelMassEqualZero
StelMassEqualZero
StelMassEqualZero
StelMassEqualZero
StelMassEqualZero
StelMassEqualZero
StelMassEqualZero
StelMassEqualZero
StelMassEqualZero
StelMassEqualZero
StelMassEqualZero
StelMassEqualZero
StelMassEqualZero
StelMassEqualZero
StelMassEqualZero
StelMassEqualZero
StelMassEqualZero
StelMassEqualZero
StelMassEqualZero
StelMassEqualZero
StelMassEqualZero
StelMassEqualZero
StelMassEqualZero
StelMassEqualZero
StelMassEqualZero
StelMassEqualZero
StelMassEqualZero
StelMassEqualZero
StelMassEqualZero
StelMassEqualZero
StelMassEqualZero
StelMassEqualZero
StelMassEqualZero
StelMassEqualZero
StelMassEqualZero
StelMassEqualZero
StelMassEqualZero
StelMassEqualZero
StelMassEqualZero
StelMassEqualZero
StelMassEqualZero
StelMassEqualZero
StelMassEqualZero
StelMassEqualZero
StelMassEqualZero
StelMassEqualZero
StelMassEqualZero
StelMassEqualZero
StelMassEqualZero
StelMassEqualZero
StelMassEqualZero
StelMassEqualZero
StelMassEqualZero
StelMassEqualZero
StelMassEqualZero
StelMassEqualZero
StelMassEqualZero
StelMassEqualZero
StelMassEqualZero
StelMassEqualZero
StelMassEqualZero
StelMassEqualZero
StelMassEqualZero
StelMassEqualZero
StelMassEqualZero
StelMassEqualZero
StelMassEqualZero
StelMassEqualZero
StelMassEqualZero
StelMassEqualZero
StelMassEqualZero
StelMassEqualZero
StelMassEqualZero
StelMassEqualZero
StelMassEqualZero
break at:  0.137320926786
2253 1.1867150811487868 kpc 0.1373209267861522 kpc 0.5475873637762351
StelMassEqualZero
StelMassEqualZero
StelMassEqualZero
StelMassEqualZero
StelMassEqualZero
StelMassEqualZero
StelMassEqualZero
StelMassEqualZero
StelMassEqualZero
StelMassEqualZero
StelMassEqualZero
StelMassEqualZero
StelMassEqualZero
StelMassEqualZero
StelMassEqualZero
StelMassEqualZero
StelMassEqualZero
StelMassEqualZero
StelMassEqualZero
StelMassEqualZero
StelMassEqualZero
StelMassEqualZero
StelMassEqualZero
StelMassEqualZero
StelMassEqualZero
StelMassEqualZero
StelMassEqualZero
StelMassEqualZero
StelMassEqualZero
StelMassEqualZero
StelMassEqualZero
StelMassEqualZero
StelMassEqualZero
StelMassEqualZero
StelMassEqualZero
StelMassEqualZero
StelMassEqualZero
StelMassEqualZero
StelMassEqualZero
StelMassEqualZero
StelMassEqualZero
StelMassEqualZero
StelMassEqualZero
StelMassEqualZero
StelMassEqualZero
StelMassEqualZero
StelMassEqualZero
StelMassEqualZero
StelMassEqualZero
StelMassEqualZero
StelMassEqualZero
StelMassEqualZero
StelMassEqualZero
StelMassEqualZero
StelMassEqualZero
StelMassEqualZero
StelMassEqualZero
StelMassEqualZero
StelMassEqualZero
StelMassEqualZero
StelMassEqualZero
StelMassEqualZero
StelMassEqualZero
StelMassEqualZero
StelMassEqualZero
StelMassEqualZero
StelMassEqualZero
StelMassEqualZero
StelMassEqualZero
StelMassEqualZero
StelMassEqualZero
StelMassEqualZero
StelMassEqualZero
StelMassEqualZero
StelMassEqualZero
StelMassEqualZero
StelMassEqualZero
StelMassEqualZero
StelMassEqualZero
StelMassEqualZero
StelMassEqualZero
StelMassEqualZero
StelMassEqualZero
StelMassEqualZero
StelMassEqualZero
StelMassEqualZero
StelMassEqualZero
StelMassEqualZero
StelMassEqualZero
StelMassEqualZero
StelMassEqualZero
StelMassEqualZero
StelMassEqualZero
StelMassEqualZero
StelMassEqualZero
StelMassEqualZero
StelMassEqualZero
StelMassEqualZero
StelMassEqualZero
StelMassEqualZero
StelMassEqualZero
StelMassEqualZero
StelMassEqualZero
StelMassEqualZero
StelMassEqualZero
StelMassEqualZero
StelMassEqualZero
StelMassEqualZero
StelMassEqualZero
StelMassEqualZero
StelMassEqualZero
StelMassEqualZero
StelMassEqualZero
StelMassEqualZero
StelMassEqualZero
StelMassEqualZero
StelMassEqualZero
StelMassEqualZero
StelMassEqualZero
StelMassEqualZero
StelMassEqualZero
StelMassEqualZero
StelMassEqualZero
StelMassEqualZero
StelMassEqualZero
StelMassEqualZero
StelMassEqualZero
StelMassEqualZero
StelMassEqualZero
StelMassEqualZero
StelMassEqualZero
StelMassEqualZero
StelMassEqualZero
StelMassEqualZero
StelMassEqualZero
StelMassEqualZero
StelMassEqualZero
StelMassEqualZero
StelMassEqualZero
StelMassEqualZero
StelMassEqualZero
StelMassEqualZero
StelMassEqualZero
StelMassEqualZero
StelMassEqualZero
StelMassEqualZero
StelMassEqualZero
StelMassEqualZero
StelMassEqualZero
StelMassEqualZero
StelMassEqualZero
StelMassEqualZero
StelMassEqualZero
StelMassEqualZero
StelMassEqualZero
StelMassEqualZero
StelMassEqualZero
StelMassEqualZero
StelMassEqualZero
StelMassEqualZero
StelMassEqualZero
StelMassEqualZero
StelMassEqualZero
StelMassEqualZero
StelMassEqualZero
StelMassEqualZero
StelMassEqualZero
StelMassEqualZero
StelMassEqualZero
StelMassEqualZero
StelMassEqualZero
StelMassEqualZero
StelMassEqualZero
StelMassEqualZero
StelMassEqualZero
StelMassEqualZero
StelMassEqualZero
StelMassEqualZero
StelMassEqualZero
StelMassEqualZero
StelMassEqualZero
StelMassEqualZero
StelMassEqualZero
StelMassEqualZero
StelMassEqualZero
StelMassEqualZero
StelMassEqualZero
StelMassEqualZero
StelMassEqualZero
StelMassEqualZero
StelMassEqualZero
StelMassEqualZero
StelMassEqualZero
StelMassEqualZero
StelMassEqualZero
StelMassEqualZero
StelMassEqualZero
StelMassEqualZero
StelMassEqualZero
StelMassEqualZero
StelMassEqualZero
StelMassEqualZero
StelMassEqualZero
StelMassEqualZero
StelMassEqualZero
StelMassEqualZero
StelMassEqualZero
StelMassEqualZero
StelMassEqualZero
StelMassEqualZero
StelMassEqualZero
StelMassEqualZero
StelMassEqualZero
StelMassEqualZero
StelMassEqualZero
StelMassEqualZero
StelMassEqualZero
StelMassEqualZero
StelMassEqualZero
StelMassEqualZero
StelMassEqualZero
StelMassEqualZero
StelMassEqualZero
StelMassEqualZero
StelMassEqualZero
StelMassEqualZero
StelMassEqualZero
StelMassEqualZero
StelMassEqualZero
StelMassEqualZero
StelMassEqualZero
StelMassEqualZero
StelMassEqualZero
StelMassEqualZero
StelMassEqualZero
StelMassEqualZero
StelMassEqualZero
StelMassEqualZero
StelMassEqualZero
StelMassEqualZero
StelMassEqualZero
StelMassEqualZero
StelMassEqualZero
StelMassEqualZero
StelMassEqualZero
StelMassEqualZero
StelMassEqualZero
StelMassEqualZero
StelMassEqualZero
StelMassEqualZero
StelMassEqualZero
StelMassEqualZero
StelMassEqualZero
StelMassEqualZero
StelMassEqualZero
StelMassEqualZero
StelMassEqualZero
StelMassEqualZero
StelMassEqualZero
StelMassEqualZero
StelMassEqualZero
StelMassEqualZero
StelMassEqualZero
StelMassEqualZero
StelMassEqualZero
StelMassEqualZero
StelMassEqualZero
StelMassEqualZero
StelMassEqualZero
StelMassEqualZero
StelMassEqualZero
StelMassEqualZero
StelMassEqualZero
StelMassEqualZero
StelMassEqualZero
StelMassEqualZero
StelMassEqualZero
StelMassEqualZero
StelMassEqualZero
StelMassEqualZero
StelMassEqualZero
StelMassEqualZero
StelMassEqualZero
StelMassEqualZero
StelMassEqualZero
StelMassEqualZero
StelMassEqualZero
StelMassEqualZero
StelMassEqualZero
StelMassEqualZero
StelMassEqualZero
StelMassEqualZero
StelMassEqualZero
StelMassEqualZero
StelMassEqualZero
StelMassEqualZero
StelMassEqualZero
StelMassEqualZero
StelMassEqualZero
StelMassEqualZero
StelMassEqualZero
StelMassEqualZero
StelMassEqualZero
StelMassEqualZero
StelMassEqualZero
StelMassEqualZero
StelMassEqualZero
StelMassEqualZero
StelMassEqualZero
StelMassEqualZero
StelMassEqualZero
StelMassEqualZero
StelMassEqualZero
StelMassEqualZero
StelMassEqualZero
StelMassEqualZero
StelMassEqualZero
StelMassEqualZero
StelMassEqualZero
StelMassEqualZero
StelMassEqualZero
StelMassEqualZero
StelMassEqualZero
StelMassEqualZero
StelMassEqualZero
StelMassEqualZero
StelMassEqualZero
StelMassEqualZero
StelMassEqualZero
StelMassEqualZero
StelMassEqualZero
StelMassEqualZero
StelMassEqualZero
StelMassEqualZero
StelMassEqualZero
StelMassEqualZero
StelMassEqualZero
StelMassEqualZero
StelMassEqualZero
StelMassEqualZero
StelMassEqualZero
StelMassEqualZero
StelMassEqualZero
StelMassEqualZero
StelMassEqualZero
StelMassEqualZero
StelMassEqualZero
StelMassEqualZero
StelMassEqualZero
StelMassEqualZero
StelMassEqualZero
StelMassEqualZero
StelMassEqualZero
StelMassEqualZero
StelMassEqualZero
StelMassEqualZero
StelMassEqualZero
StelMassEqualZero
StelMassEqualZero
StelMassEqualZero
StelMassEqualZero
StelMassEqualZero
StelMassEqualZero
StelMassEqualZero
StelMassEqualZero
StelMassEqualZero
StelMassEqualZero
StelMassEqualZero
StelMassEqualZero
StelMassEqualZero
StelMassEqualZero
StelMassEqualZero
StelMassEqualZero
StelMassEqualZero
StelMassEqualZero
StelMassEqualZero
StelMassEqualZero
StelMassEqualZero
StelMassEqualZero
StelMassEqualZero
StelMassEqualZero
StelMassEqualZero
StelMassEqualZero
StelMassEqualZero
StelMassEqualZero
StelMassEqualZero
StelMassEqualZero
StelMassEqualZero
StelMassEqualZero
StelMassEqualZero
StelMassEqualZero
StelMassEqualZero
StelMassEqualZero
StelMassEqualZero
StelMassEqualZero
StelMassEqualZero
StelMassEqualZero
StelMassEqualZero
StelMassEqualZero
StelMassEqualZero
StelMassEqualZero
StelMassEqualZero
StelMassEqualZero
StelMassEqualZero
StelMassEqualZero
StelMassEqualZero
StelMassEqualZero
StelMassEqualZero
StelMassEqualZero
StelMassEqualZero
StelMassEqualZero
StelMassEqualZero
StelMassEqualZero
StelMassEqualZero
StelMassEqualZero
StelMassEqualZero
StelMassEqualZero
StelMassEqualZero
StelMassEqualZero
StelMassEqualZero
StelMassEqualZero
StelMassEqualZero
StelMassEqualZero
StelMassEqualZero
StelMassEqualZero
StelMassEqualZero
StelMassEqualZero
StelMassEqualZero
StelMassEqualZero
StelMassEqualZero
StelMassEqualZero
StelMassEqualZero
StelMassEqualZero
StelMassEqualZero
StelMassEqualZero
StelMassEqualZero
StelMassEqualZero
StelMassEqualZero
StelMassEqualZero
StelMassEqualZero
StelMassEqualZero
StelMassEqualZero
StelMassEqualZero
StelMassEqualZero
StelMassEqualZero
StelMassEqualZero
StelMassEqualZero
StelMassEqualZero
StelMassEqualZero
StelMassEqualZero
StelMassEqualZero
StelMassEqualZero
StelMassEqualZero
StelMassEqualZero
StelMassEqualZero
StelMassEqualZero
StelMassEqualZero
StelMassEqualZero
StelMassEqualZero
StelMassEqualZero
StelMassEqualZero
StelMassEqualZero
StelMassEqualZero
StelMassEqualZero
StelMassEqualZero
StelMassEqualZero
StelMassEqualZero
StelMassEqualZero
StelMassEqualZero
StelMassEqualZero
StelMassEqualZero
StelMassEqualZero
StelMassEqualZero
StelMassEqualZero
StelMassEqualZero
StelMassEqualZero
StelMassEqualZero
StelMassEqualZero
StelMassEqualZero
StelMassEqualZero
StelMassEqualZero
StelMassEqualZero
StelMassEqualZero
StelMassEqualZero
StelMassEqualZero
StelMassEqualZero
StelMassEqualZero
StelMassEqualZero
StelMassEqualZero
StelMassEqualZero
StelMassEqualZero
StelMassEqualZero
StelMassEqualZero
StelMassEqualZero
StelMassEqualZero
StelMassEqualZero
StelMassEqualZero
StelMassEqualZero
StelMassEqualZero
StelMassEqualZero
StelMassEqualZero
StelMassEqualZero
StelMassEqualZero
StelMassEqualZero
StelMassEqualZero
StelMassEqualZero
StelMassEqualZero
StelMassEqualZero
StelMassEqualZero
StelMassEqualZero
StelMassEqualZero
StelMassEqualZero
StelMassEqualZero
StelMassEqualZero
StelMassEqualZero
StelMassEqualZero
StelMassEqualZero
StelMassEqualZero
StelMassEqualZero
StelMassEqualZero
StelMassEqualZero
StelMassEqualZero
StelMassEqualZero
StelMassEqualZero
StelMassEqualZero
StelMassEqualZero
StelMassEqualZero
StelMassEqualZero
StelMassEqualZero
StelMassEqualZero
StelMassEqualZero
StelMassEqualZero
StelMassEqualZero
StelMassEqualZero
StelMassEqualZero
StelMassEqualZero
StelMassEqualZero
StelMassEqualZero
StelMassEqualZero
StelMassEqualZero
StelMassEqualZero
StelMassEqualZero
StelMassEqualZero
StelMassEqualZero
StelMassEqualZero
StelMassEqualZero
StelMassEqualZero
StelMassEqualZero
StelMassEqualZero
StelMassEqualZero
StelMassEqualZero
StelMassEqualZero
StelMassEqualZero
StelMassEqualZero
StelMassEqualZero
StelMassEqualZero
StelMassEqualZero
StelMassEqualZero
StelMassEqualZero
StelMassEqualZero
StelMassEqualZero
StelMassEqualZero
StelMassEqualZero
StelMassEqualZero
StelMassEqualZero
StelMassEqualZero
StelMassEqualZero
StelMassEqualZero
StelMassEqualZero
StelMassEqualZero
StelMassEqualZero
StelMassEqualZero
StelMassEqualZero
StelMassEqualZero
StelMassEqualZero
StelMassEqualZero
StelMassEqualZero
StelMassEqualZero
StelMassEqualZero
StelMassEqualZero
StelMassEqualZero
StelMassEqualZero
StelMassEqualZero
StelMassEqualZero
StelMassEqualZero
StelMassEqualZero
StelMassEqualZero
StelMassEqualZero
StelMassEqualZero
StelMassEqualZero
StelMassEqualZero
StelMassEqualZero
StelMassEqualZero
StelMassEqualZero
StelMassEqualZero
StelMassEqualZero
StelMassEqualZero
StelMassEqualZero
StelMassEqualZero
StelMassEqualZero
StelMassEqualZero
StelMassEqualZero
StelMassEqualZero
StelMassEqualZero
StelMassEqualZero
StelMassEqualZero
StelMassEqualZero
StelMassEqualZero
StelMassEqualZero
StelMassEqualZero
StelMassEqualZero
StelMassEqualZero
StelMassEqualZero
123AllDone123
