yt : [INFO     ] 2017-07-25 14:02:12,589 Parameters: current_time              = 2.9824893932e+16
yt : [INFO     ] 2017-07-25 14:02:12,589 Parameters: domain_dimensions         = [2 2 2]
yt : [INFO     ] 2017-07-25 14:02:12,590 Parameters: domain_left_edge          = [ 0.  0.  0.]
yt : [INFO     ] 2017-07-25 14:02:12,590 Parameters: domain_right_edge         = [  1.90744739e+25   1.90744739e+25   1.90744739e+25]
yt : [INFO     ] 2017-07-25 14:02:12,591 Parameters: cosmological_simulation   = 1
yt : [INFO     ] 2017-07-25 14:02:12,591 Parameters: current_redshift          = 5.99999984249
yt : [INFO     ] 2017-07-25 14:02:12,591 Parameters: omega_lambda              = 0.712
yt : [INFO     ] 2017-07-25 14:02:12,591 Parameters: omega_matter              = 0.288
yt : [INFO     ] 2017-07-25 14:02:12,591 Parameters: hubble_constant           = 0.6933
yt : [INFO     ] 2017-07-25 14:02:12,732 Parameters: current_time              = 125.48444588897
yt : [INFO     ] 2017-07-25 14:02:12,732 Parameters: domain_dimensions         = [128 128 128]
yt : [INFO     ] 2017-07-25 14:02:12,733 Parameters: domain_left_edge          = [ 0.  0.  0.]
yt : [INFO     ] 2017-07-25 14:02:12,733 Parameters: domain_right_edge         = [ 1.  1.  1.]
yt : [INFO     ] 2017-07-25 14:02:12,734 Parameters: cosmological_simulation   = 1
yt : [INFO     ] 2017-07-25 14:02:12,734 Parameters: current_redshift          = 5.9999998424927
yt : [INFO     ] 2017-07-25 14:02:12,734 Parameters: omega_lambda              = 0.712
yt : [INFO     ] 2017-07-25 14:02:12,734 Parameters: omega_matter              = 0.288
yt : [INFO     ] 2017-07-25 14:02:12,734 Parameters: hubble_constant           = 0.6933
yt : [INFO     ] 2017-07-25 14:02:12,737 Allocating for 9.376e+03 particles (index particle type 'all')
yt : [INFO     ] 2017-07-25 14:02:12,743 Identified 3.089e+03 octs
12 1.1251828859569257 solMass / solMass
IsSatellite
IsSatellite
15 1.9253397770976967e+38 solMass / solMass
20 2.254742398961189 solMass / solMass
24 2.146712617595756 solMass / solMass
27 2.171197512644871 solMass / solMass
28 2.7445413672684342 solMass / solMass
30 5.0813199606722 solMass / solMass
32 1.3963077553724408 solMass / solMass
33 2.643101264718445 solMass / solMass
41 3.6044080186469794 solMass / solMass
42 3.8028584593645274 solMass / solMass
43 2.2270964755941702 solMass / solMass
44 4.141936650478587 solMass / solMass
48 7.4553416339537 solMass / solMass
50 7.832947849746555 solMass / solMass
54 4.508384314067267 solMass / solMass
55 15.54094130476172 solMass / solMass
56 1.001952302431546e+39 solMass / solMass
57 5.709279461165379 solMass / solMass
60 3.3685871180841396 solMass / solMass
63 1.0526470382601482e+39 solMass / solMass
64 22.30499865984688 solMass / solMass
65 2.943776789549913 solMass / solMass
67 2.0777146486732954 solMass / solMass
71 5.362465482481732 solMass / solMass
75 12.416117764065561 solMass / solMass
77 5.662473137940874 solMass / solMass
78 7.008268922170622 solMass / solMass
79 6.021364150842105 solMass / solMass
82 1.9658831007027606 solMass / solMass
84 11.645119060379878 solMass / solMass
85 3.65529758000763 solMass / solMass
86 5.771763965906 solMass / solMass
88 1.5039405464749363e+39 solMass / solMass
94 3.4677000958634268 solMass / solMass
95 6.3756982157265485 solMass / solMass
96 5.802166474095273 solMass / solMass
98 37.431691425388024 solMass / solMass
99 3.8469433646003997 solMass / solMass
101 4.567553266898039 solMass / solMass
102 19.563440241464786 solMass / solMass
103 1.7740396630272133 solMass / solMass
106 4.348885859122766 solMass / solMass
107 9.642095100121674 solMass / solMass
108 9.32407477882433 solMass / solMass
110 6.326264004917485 solMass / solMass
111 12.484073873338192 solMass / solMass
113 10.52963899264701 solMass / solMass
115 21.7117107469335 solMass / solMass
117 34.4474466408511 solMass / solMass
119 11.916222340740816 solMass / solMass
123 20.524996964097507 solMass / solMass
125 4.620447715314339 solMass / solMass
126 17.486401088549627 solMass / solMass
129 6.647978493554692 solMass / solMass
130 5.514036430928346 solMass / solMass
133 18.00488843668069 solMass / solMass
134 13.936215741789221 solMass / solMass
136 44.9339192414374 solMass / solMass
137 13.18339279174018 solMass / solMass
138 6.8417301702527125 solMass / solMass
139 2.6412324126694665e+39 solMass / solMass
140 13.94583411020953 solMass / solMass
141 7.012300788882458 solMass / solMass
144 5.573739648305707 solMass / solMass
145 7.393816762785059 solMass / solMass
147 7.849883347174706 solMass / solMass
148 14.634200373489529 solMass / solMass
150 14.795753740082436 solMass / solMass
152 8.05956298117504 solMass / solMass
154 9.954916212600793 solMass / solMass
156 7.691712548582868 solMass / solMass
159 58.30625861483554 solMass / solMass
165 16.152420061379402 solMass / solMass
166 6.397665811948424 solMass / solMass
167 6.018128006711564 solMass / solMass
168 3.313361710037342 solMass / solMass
170 7.860535038871361 solMass / solMass
171 38.139609655829744 solMass / solMass
172 26.28188410380658 solMass / solMass
173 24.676627180259118 solMass / solMass
175 4.884214427231817 solMass / solMass
177 3.0522815895941107 solMass / solMass
178 26.01599015951186 solMass / solMass
179 17.31324096870176 solMass / solMass
183 8.876289834887327 solMass / solMass
186 17.311481092931583 solMass / solMass
187 26.102476367605007 solMass / solMass
188 1.827494838991532 solMass / solMass
190 0.8598105883911781 solMass / solMass
191 22.251452667910453 solMass / solMass
192 18.75441703647944 solMass / solMass
194 1.5743982229206188 solMass / solMass
195 16.55617449733692 solMass / solMass
196 5.856272837507031 solMass / solMass
200 8.951181610761987 solMass / solMass
201 10.879697784918756 solMass / solMass
204 34.92372429124181 solMass / solMass
205 4.881775936378399 solMass / solMass
207 18.54174442533881 solMass / solMass
209 3.253032916881882 solMass / solMass
211 27.737733746908106 solMass / solMass
215 19.58761315797483 solMass / solMass
216 1.7929620270655455 solMass / solMass
217 9.443457845525659 solMass / solMass
218 31.92767710234213 solMass / solMass
220 13.949254640830139 solMass / solMass
226 4.419138370168011e+39 solMass / solMass
227 10.550963211193324 solMass / solMass
228 97.21337258608979 solMass / solMass
230 1.3084681038801076 solMass / solMass
232 5.744791122538649 solMass / solMass
234 30.282134620311574 solMass / solMass
235 43.59777571680573 solMass / solMass
236 15.085256578249806 solMass / solMass
237 4.130138886449204 solMass / solMass
240 13.858383871508783 solMass / solMass
241 15.878446049727089 solMass / solMass
242 24.68459313684031 solMass / solMass
243 6.785146591743898 solMass / solMass
245 4.4297396055449156e+39 solMass / solMass
247 37.518114474155446 solMass / solMass
248 22.066377677004336 solMass / solMass
249 25.718811626260155 solMass / solMass
250 25.618675707867865 solMass / solMass
251 20.286608161654033 solMass / solMass
252 18.476642270780292 solMass / solMass
253 22.215220038197337 solMass / solMass
254 37.89422670435175 solMass / solMass
255 3.418896887710593 solMass / solMass
257 0.10400983466896008 solMass / solMass
258 12.123170681529912 solMass / solMass
260 47.945934559370656 solMass / solMass
261 16.825394550808184 solMass / solMass
262 4.5554236372135355 solMass / solMass
263 15.273658609709098 solMass / solMass
264 50.71058768691071 solMass / solMass
IsSatellite
267 106.43743748897536 solMass / solMass
268 0.4020778336194338 solMass / solMass
269 76.49115355314393 solMass / solMass
271 22.308625593423272 solMass / solMass
273 34.235042301330594 solMass / solMass
274 57.30249342813336 solMass / solMass
275 29.23235537556017 solMass / solMass
276 31.445536122669385 solMass / solMass
277 6.2520986333130795 solMass / solMass
278 16.55841508755168 solMass / solMass
279 30.64551832133552 solMass / solMass
280 5.963247475001734 solMass / solMass
282 25.066761957059363 solMass / solMass
283 35.49890872925652 solMass / solMass
284 84.55839946053932 solMass / solMass
287 19.13348148596459 solMass / solMass
292 9.202630556501814 solMass / solMass
294 4.512112002257408 solMass / solMass
295 35.692572795385885 solMass / solMass
296 49.01591595809021 solMass / solMass
297 61.816212904896986 solMass / solMass
299 10.616818512295692 solMass / solMass
300 27.535633635707217 solMass / solMass
301 11.201494575574683 solMass / solMass
303 23.91201002762248 solMass / solMass
304 38.283963866064994 solMass / solMass
305 31.076907941191507 solMass / solMass
307 16.88935155418805 solMass / solMass
308 13.701361353660687 solMass / solMass
309 13.212419615693392 solMass / solMass
310 4.45918009472538e+39 solMass / solMass
311 11.781712700993804 solMass / solMass
312 31.112354811154404 solMass / solMass
313 7.7578033922217715 solMass / solMass
314 3.6472168033223498 solMass / solMass
315 19.38374906898929 solMass / solMass
316 12.575580207211253 solMass / solMass
318 23.73495070501633 solMass / solMass
319 27.965380609685795 solMass / solMass
320 10.01107928785055 solMass / solMass
322 13.05336326469205 solMass / solMass
323 22.808154629972176 solMass / solMass
324 36.0051570597844 solMass / solMass
325 14.684202360320992 solMass / solMass
326 54.2420450574112 solMass / solMass
327 44.563162820898334 solMass / solMass
328 14.292886403817374 solMass / solMass
329 3.03245486004915 solMass / solMass
331 33.75613468738129 solMass / solMass
332 1.5344309960640625 solMass / solMass
333 4.441353876325415 solMass / solMass
335 3.2430649976566914 solMass / solMass
336 2.791162251257112 solMass / solMass
339 10.936622141657185 solMass / solMass
340 1.5198327751539809 solMass / solMass
341 17.876442322981156 solMass / solMass
345 44.07247053690835 solMass / solMass
346 36.141737819278916 solMass / solMass
347 7.3439041786761665 solMass / solMass
350 14.354843776461886 solMass / solMass
351 26.16460222609452 solMass / solMass
352 8.529616175703321 solMass / solMass
353 10.509856418342507 solMass / solMass
354 22.19036302095944 solMass / solMass
356 0.5209396035396873 solMass / solMass
357 128.15003496623808 solMass / solMass
358 16.475298616927773 solMass / solMass
361 5.321904977254623e+39 solMass / solMass
363 32.84769832282242 solMass / solMass
364 34.81520368028585 solMass / solMass
366 13.99790660556622 solMass / solMass
370 39.13532104175295 solMass / solMass
371 3.7942195002940724 solMass / solMass
373 39.58162920492768 solMass / solMass
375 11.28346939229024 solMass / solMass
376 6.514460968770919 solMass / solMass
377 56.40276757591189 solMass / solMass
378 156.275442518212 solMass / solMass
379 6.9293515910184365 solMass / solMass
381 22.789926989359287 solMass / solMass
382 48.80371636548991 solMass / solMass
383 13.626737323416787 solMass / solMass
386 16.01874741919746 solMass / solMass
387 42.27154649159051 solMass / solMass
388 25.065172439705737 solMass / solMass
390 8.036080680282309 solMass / solMass
396 10.485504900659555 solMass / solMass
397 45.028652567047494 solMass / solMass
401 14.553638884727809 solMass / solMass
402 100.50021559053914 solMass / solMass
403 5.972997933163077 solMass / solMass
404 30.799079736914457 solMass / solMass
409 46.65443773470864 solMass / solMass
411 22.862036579747784 solMass / solMass
413 66.8363599549781 solMass / solMass
415 47.68309486363496 solMass / solMass
416 43.619638614449705 solMass / solMass
417 23.603509228566896 solMass / solMass
419 0.07598295537863281 solMass / solMass
420 44.87293906685403 solMass / solMass
422 3.129622309809682 solMass / solMass
424 53.61666434853676 solMass / solMass
427 65.30047478980171 solMass / solMass
428 34.34555623492985 solMass / solMass
430 7.853207933618592e+39 solMass / solMass
434 16.083537771455592 solMass / solMass
437 30.846894928930123 solMass / solMass
440 4.642136051760954 solMass / solMass
442 48.43937357730555 solMass / solMass
444 10.860087299788894 solMass / solMass
445 34.55914778641425 solMass / solMass
447 19.99803317332101 solMass / solMass
448 12.600682225400403 solMass / solMass
449 2.7212467714320234 solMass / solMass
450 47.60541755906557 solMass / solMass
451 6.045273540687135 solMass / solMass
453 31.72656599532143 solMass / solMass
454 70.46746569344702 solMass / solMass
455 8.777315370205074e+39 solMass / solMass
456 5.448451979175133 solMass / solMass
457 6.237897743574729 solMass / solMass
458 15.904469414597877 solMass / solMass
459 28.766129149383826 solMass / solMass
460 10.034783481727874 solMass / solMass
461 1.7096294655395192 solMass / solMass
462 30.556933253499054 solMass / solMass
465 21.243762833087743 solMass / solMass
466 13.687231171902175 solMass / solMass
470 9.825678081568173e+39 solMass / solMass
471 22.664672656227985 solMass / solMass
472 41.179586063585795 solMass / solMass
473 6.0720914229001774 solMass / solMass
475 103.94674848573648 solMass / solMass
476 51.21198308354821 solMass / solMass
477 46.012956490429985 solMass / solMass
478 21.52836162986672 solMass / solMass
479 32.7504175617003 solMass / solMass
480 69.0363140295647 solMass / solMass
482 0.47695378125394755 solMass / solMass
483 24.115085959614383 solMass / solMass
484 116.74537939306683 solMass / solMass
485 4.058442168837947 solMass / solMass
487 8.495906447942872e+39 solMass / solMass
488 38.631461495822045 solMass / solMass
494 5.977049090579512 solMass / solMass
495 17.76142670316963 solMass / solMass
496 32.77846193878819 solMass / solMass
497 19.212981345401833 solMass / solMass
498 43.65871087953216 solMass / solMass
499 26.64301845433362 solMass / solMass
501 40.33165848478255 solMass / solMass
502 18.42735060597585 solMass / solMass
503 29.511735388267077 solMass / solMass
504 8.540932846520827e+39 solMass / solMass
505 11.680408979413789 solMass / solMass
508 16.28162215521119 solMass / solMass
510 91.7840566914051 solMass / solMass
511 14.30950470181793 solMass / solMass
514 8.691751084805881 solMass / solMass
515 10.423011592387189 solMass / solMass
516 5.101026526128697 solMass / solMass
518 21.206850835401276 solMass / solMass
519 11.578548845232312 solMass / solMass
521 13.86222724106927 solMass / solMass
524 19.072136489132316 solMass / solMass
525 4.018035180836385 solMass / solMass
527 10.415193872229814 solMass / solMass
529 34.01208398060231 solMass / solMass
530 27.65950178352254 solMass / solMass
531 41.27710368173552 solMass / solMass
537 32.12844784485634 solMass / solMass
538 26.948682599555873 solMass / solMass
539 25.491994231350702 solMass / solMass
540 8.288544693128557 solMass / solMass
541 42.70608616330763 solMass / solMass
543 36.3040033391437 solMass / solMass
545 11.454214520636013 solMass / solMass
546 104.48726466684126 solMass / solMass
547 65.02401590265724 solMass / solMass
548 92.37140279327612 solMass / solMass
549 6.6875700411294945 solMass / solMass
550 181.85192832192394 solMass / solMass
551 13.978305889849137 solMass / solMass
552 6.522480592518151 solMass / solMass
554 76.63443907495467 solMass / solMass
555 85.6023384754761 solMass / solMass
556 189.4661206743853 solMass / solMass
557 87.10147534107774 solMass / solMass
559 226.4172613496448 solMass / solMass
560 50.80627230771859 solMass / solMass
561 3.271279153261975 solMass / solMass
562 12.38247641468991 solMass / solMass
563 27.699793207158514 solMass / solMass
565 63.00478601855074 solMass / solMass
566 1.4822887585241131 solMass / solMass
567 1.0246213735038401e+40 solMass / solMass
568 26.814092628453295 solMass / solMass
569 10.865279525974229 solMass / solMass
570 27.372323930995897 solMass / solMass
572 33.485616624498725 solMass / solMass
574 58.47937233083357 solMass / solMass
575 88.64950119052432 solMass / solMass
576 2.6229014458250965 solMass / solMass
577 1.2592456137235754e+40 solMass / solMass
578 38.01113659511136 solMass / solMass
581 46.29420969711539 solMass / solMass
584 33.41354555074453 solMass / solMass
585 50.52822385952056 solMass / solMass
586 24.892697663464933 solMass / solMass
587 16.625037802578262 solMass / solMass
588 1.3899931573734365 solMass / solMass
591 12.402095643399443 solMass / solMass
592 19.97114459356955 solMass / solMass
594 28.199334328640262 solMass / solMass
595 89.52413593138651 solMass / solMass
596 15.32206454797067 solMass / solMass
597 1.1856413256720658e+40 solMass / solMass
599 34.83150344756806 solMass / solMass
600 130.24709281502132 solMass / solMass
601 64.98883664102739 solMass / solMass
602 36.66360223415678 solMass / solMass
604 6.814485490231941 solMass / solMass
606 39.11362646778473 solMass / solMass
608 113.3086634400852 solMass / solMass
609 11.067111464077731 solMass / solMass
612 51.89546502113285 solMass / solMass
616 87.01521563381637 solMass / solMass
617 6.190215306650309 solMass / solMass
620 13.703384821807383 solMass / solMass
621 69.53619780745029 solMass / solMass
622 68.56240336716756 solMass / solMass
623 1.4313021375231257e+40 solMass / solMass
624 76.9529596280034 solMass / solMass
625 28.948144038247545 solMass / solMass
626 23.228044621237675 solMass / solMass
630 64.47821954675105 solMass / solMass
631 78.50767390085933 solMass / solMass
632 29.891582434375444 solMass / solMass
633 24.956770067428188 solMass / solMass
635 30.387590292182832 solMass / solMass
636 69.77238699682998 solMass / solMass
639 40.17183203395721 solMass / solMass
640 62.590073891712706 solMass / solMass
641 57.40902627229878 solMass / solMass
642 30.089104509791156 solMass / solMass
644 72.60493486363848 solMass / solMass
646 15.137745886738887 solMass / solMass
647 17.766746787625173 solMass / solMass
648 125.41903900303112 solMass / solMass
651 95.75150721543487 solMass / solMass
655 127.07616333709126 solMass / solMass
656 38.427633417509334 solMass / solMass
657 14.146622917623715 solMass / solMass
658 4.5278182147905515 solMass / solMass
659 33.73663143030517 solMass / solMass
662 2.8808943844846358 solMass / solMass
663 43.55408237282417 solMass / solMass
664 27.307463245035667 solMass / solMass
665 39.0036604955079 solMass / solMass
666 3.7734023466876696 solMass / solMass
667 18.197170913705417 solMass / solMass
669 103.20699521825762 solMass / solMass
670 57.236075812298786 solMass / solMass
671 117.50182536342707 solMass / solMass
672 23.034198070464825 solMass / solMass
673 23.30094639915203 solMass / solMass
674 29.80268260459386 solMass / solMass
675 85.69327044321945 solMass / solMass
676 10.296422570353744 solMass / solMass
678 12.249360696927472 solMass / solMass
679 47.815845113263606 solMass / solMass
681 51.38992586963734 solMass / solMass
682 49.57412794723878 solMass / solMass
683 100.27324528406467 solMass / solMass
684 13.872227651442731 solMass / solMass
685 15.64120078854068 solMass / solMass
687 39.6766375230573 solMass / solMass
688 73.31738304886264 solMass / solMass
689 104.57050002987842 solMass / solMass
690 8.209012394003098 solMass / solMass
693 100.85929983277585 solMass / solMass
694 24.547811966629812 solMass / solMass
695 1.5017525631513439e+40 solMass / solMass
696 51.2903958241237 solMass / solMass
697 6.985336893033777 solMass / solMass
698 8.924936510353422 solMass / solMass
699 245.6005749388352 solMass / solMass
700 61.67672841425869 solMass / solMass
701 47.420859441400495 solMass / solMass
702 79.34980373568956 solMass / solMass
703 103.47999212281233 solMass / solMass
704 64.15140457914698 solMass / solMass
705 73.85875541265926 solMass / solMass
706 28.338555910231104 solMass / solMass
707 13.612787607013155 solMass / solMass
708 19.489684566364698 solMass / solMass
709 47.054727071132426 solMass / solMass
710 58.86422151793304 solMass / solMass
712 36.43111649681599 solMass / solMass
714 37.286256510198726 solMass / solMass
716 66.26067995728651 solMass / solMass
718 84.53858826511573 solMass / solMass
719 28.37838105112746 solMass / solMass
720 104.03339403088407 solMass / solMass
723 74.78422519692245 solMass / solMass
724 159.0957628063167 solMass / solMass
725 49.836981634382425 solMass / solMass
726 180.36138047869605 solMass / solMass
728 20.910601255059643 solMass / solMass
730 27.698868028246057 solMass / solMass
731 31.022349540903107 solMass / solMass
733 82.82861559344194 solMass / solMass
737 1.5053076908268133 solMass / solMass
738 179.39177165568793 solMass / solMass
740 1.4284454714111678e+40 solMass / solMass
742 55.96344590616952 solMass / solMass
743 281.61840443322467 solMass / solMass
746 55.62603621182466 solMass / solMass
747 77.17432407350968 solMass / solMass
748 2.560800321190623 solMass / solMass
750 35.765890888374024 solMass / solMass
754 89.75002827533925 solMass / solMass
755 113.46465784198986 solMass / solMass
757 177.24407683510347 solMass / solMass
759 111.66659627470342 solMass / solMass
760 23.06066801200461 solMass / solMass
761 17.994344143292107 solMass / solMass
762 23.24742094922908 solMass / solMass
764 220.27189435425257 solMass / solMass
766 99.0108286566706 solMass / solMass
769 11.06345790430457 solMass / solMass
771 9.577747144186755 solMass / solMass
773 26.608209255520205 solMass / solMass
774 85.42829901672161 solMass / solMass
775 53.58159781086243 solMass / solMass
776 132.17752319808568 solMass / solMass
777 81.58669143771986 solMass / solMass
778 21.73282436228906 solMass / solMass
779 68.87688693076092 solMass / solMass
782 1.885416254711064e+40 solMass / solMass
783 20.65367199145407 solMass / solMass
784 90.9211186074061 solMass / solMass
790 77.45617996130613 solMass / solMass
791 113.98823696946357 solMass / solMass
793 118.70885862293343 solMass / solMass
794 353.514492412221 solMass / solMass
795 42.259854699231965 solMass / solMass
796 53.24560610392328 solMass / solMass
798 50.08134561436438 solMass / solMass
800 158.37271977254383 solMass / solMass
801 16.70854186308319 solMass / solMass
802 37.30884363824708 solMass / solMass
803 188.52750919664976 solMass / solMass
805 45.96858430979964 solMass / solMass
806 55.58791590473234 solMass / solMass
808 181.72065104848375 solMass / solMass
809 97.04813847861838 solMass / solMass
810 125.41768719897588 solMass / solMass
812 47.19064849852088 solMass / solMass
815 24.08237187664433 solMass / solMass
816 104.67187394964857 solMass / solMass
818 11.31657379538426 solMass / solMass
820 51.68951978995839 solMass / solMass
821 1.5576106704898323e+40 solMass / solMass
822 326.3435299341074 solMass / solMass
824 3.4517321775173886 solMass / solMass
825 165.4235542933182 solMass / solMass
826 7.549294232769239 solMass / solMass
827 112.15859426490566 solMass / solMass
828 26.20479425392198 solMass / solMass
830 46.294944553437425 solMass / solMass
831 135.6655373523345 solMass / solMass
832 74.00095378547512 solMass / solMass
833 56.5389027121356 solMass / solMass
834 42.95400387164347 solMass / solMass
835 190.7411616048338 solMass / solMass
837 119.17936922968823 solMass / solMass
838 50.79291214384972 solMass / solMass
839 9.447350106447603 solMass / solMass
841 160.28036918431783 solMass / solMass
842 34.641334565448346 solMass / solMass
843 69.36428095910593 solMass / solMass
844 75.67737977672931 solMass / solMass
845 61.391823619456346 solMass / solMass
846 56.092074290704225 solMass / solMass
847 14.611733534265296 solMass / solMass
848 13.908195509530263 solMass / solMass
851 105.69910855548609 solMass / solMass
853 29.877985017160228 solMass / solMass
857 49.706529000926984 solMass / solMass
859 89.21557998835527 solMass / solMass
860 23.09289639336929 solMass / solMass
861 181.69365195668428 solMass / solMass
862 21.842608677275233 solMass / solMass
863 95.86161894031036 solMass / solMass
865 196.4105591505668 solMass / solMass
866 30.48159593540919 solMass / solMass
867 381.3707392916877 solMass / solMass
868 102.89438075533464 solMass / solMass
870 2.4739900691999713e+40 solMass / solMass
871 5.489284741186832 solMass / solMass
872 29.532776694508712 solMass / solMass
873 63.30000325903064 solMass / solMass
874 23.575559884928126 solMass / solMass
875 24.4234990368944 solMass / solMass
876 86.6642447246567 solMass / solMass
878 148.10799610879127 solMass / solMass
879 57.56025409107312 solMass / solMass
881 37.45641343034287 solMass / solMass
882 97.96569761254396 solMass / solMass
883 75.23403109823096 solMass / solMass
884 95.57017830992473 solMass / solMass
IsSatellite
886 71.29345350213507 solMass / solMass
888 241.7545812698861 solMass / solMass
889 8.358968671585133 solMass / solMass
890 13.40088265717256 solMass / solMass
891 12.502934454900753 solMass / solMass
892 16.664447956007702 solMass / solMass
895 45.43176342914241 solMass / solMass
896 1.8561269669745565e+40 solMass / solMass
897 239.7227205534145 solMass / solMass
899 74.35282402540506 solMass / solMass
900 1.6411687743674443e+40 solMass / solMass
901 83.66844711847023 solMass / solMass
902 1.5402287636196925 solMass / solMass
903 143.70225138296877 solMass / solMass
904 114.90285289066065 solMass / solMass
905 0.0 solMass / solMass
906 18.301633458141914 solMass / solMass
907 279.55472668126976 solMass / solMass
910 71.06027849124501 solMass / solMass
911 144.02484047713435 solMass / solMass
913 117.99002012387307 solMass / solMass
914 20.362149216520287 solMass / solMass
916 16.336337674515967 solMass / solMass
920 67.88420555709855 solMass / solMass
923 92.94353875777699 solMass / solMass
924 125.40932942068369 solMass / solMass
925 185.04263249507184 solMass / solMass
927 94.32287042796615 solMass / solMass
928 66.2796098713278 solMass / solMass
929 5.623435468838012 solMass / solMass
932 60.55930241066535 solMass / solMass
934 44.38038771469743 solMass / solMass
935 51.50763774350882 solMass / solMass
936 1.7400037807785504e+40 solMass / solMass
937 99.77390474926453 solMass / solMass
939 63.07632345084377 solMass / solMass
941 32.12837054800404 solMass / solMass
942 60.06142261850724 solMass / solMass
943 22.864273816117997 solMass / solMass
944 291.7739316533134 solMass / solMass
946 601.3149122110211 solMass / solMass
947 12.562868576784787 solMass / solMass
948 180.59106963568908 solMass / solMass
949 5.091364748389632 solMass / solMass
950 37.79809726461605 solMass / solMass
951 64.5008794485898 solMass / solMass
954 123.96633585439085 solMass / solMass
955 1.9980414364477586 solMass / solMass
957 18.509640196925385 solMass / solMass
960 177.2096937433526 solMass / solMass
961 118.97454339287228 solMass / solMass
963 94.9953122076856 solMass / solMass
964 26.824749457003577 solMass / solMass
967 13.244015945499035 solMass / solMass
969 43.54353903749162 solMass / solMass
970 26.390422747672176 solMass / solMass
971 90.33652220872268 solMass / solMass
974 112.9526106253946 solMass / solMass
975 32.05237928175786 solMass / solMass
977 64.1559382547815 solMass / solMass
978 81.16699201525795 solMass / solMass
979 14.626198284568554 solMass / solMass
980 26.853340113925107 solMass / solMass
982 96.63197415986475 solMass / solMass
984 94.0890825993099 solMass / solMass
985 27.38662770333197 solMass / solMass
987 30.192140007851865 solMass / solMass
988 170.89049775993647 solMass / solMass
989 97.04336769969446 solMass / solMass
992 45.71466408646275 solMass / solMass
994 161.51580421822408 solMass / solMass
997 164.39808860883815 solMass / solMass
1003 2.544059998654375e+40 solMass / solMass
1004 12.784060273287322 solMass / solMass
1006 60.193097343414415 solMass / solMass
1007 142.05836162490004 solMass / solMass
1008 17.15124357165539 solMass / solMass
1010 100.60191101905386 solMass / solMass
1011 53.33418083377552 solMass / solMass
1012 53.11762253521016 solMass / solMass
1014 17.455981544493635 solMass / solMass
1016 230.47014626836724 solMass / solMass
1017 43.33697851649323 solMass / solMass
1019 215.32563504487572 solMass / solMass
1020 16.024410659052247 solMass / solMass
1022 85.1418208225908 solMass / solMass
1023 86.77663250195654 solMass / solMass
1024 121.2284306617175 solMass / solMass
1025 211.9613512506178 solMass / solMass
1026 38.8192547794213 solMass / solMass
1027 70.06102223189491 solMass / solMass
1029 44.79401628876349 solMass / solMass
1031 15.180762785836842 solMass / solMass
1032 118.140369571292 solMass / solMass
1034 168.66551304106997 solMass / solMass
1036 7.284059484194094 solMass / solMass
1038 24.183430611042013 solMass / solMass
1040 67.44497995564427 solMass / solMass
1041 14.659543824648726 solMass / solMass
1042 62.40147750954702 solMass / solMass
1043 101.503919143007 solMass / solMass
1044 98.49951070080435 solMass / solMass
1049 31.799298804217955 solMass / solMass
1050 190.64075932628663 solMass / solMass
1051 10.557055801269234 solMass / solMass
1052 100.82323970560645 solMass / solMass
1053 44.84106742435818 solMass / solMass
1054 46.827080322600054 solMass / solMass
1055 1039.176466988664 solMass / solMass
1056 21.50586713573913 solMass / solMass
1058 14.487145140395661 solMass / solMass
1059 287.2327889647689 solMass / solMass
1060 101.85588833363708 solMass / solMass
1061 56.256999159106 solMass / solMass
1063 281.3412242675236 solMass / solMass
1064 2.6979124697056175e+40 solMass / solMass
1066 115.08976777996669 solMass / solMass
1067 46.24291685598791 solMass / solMass
1068 50.04593980801012 solMass / solMass
1070 106.77652973357992 solMass / solMass
1071 13.777596402239885 solMass / solMass
1072 123.37796524089393 solMass / solMass
1074 1.9819745774364564e+40 solMass / solMass
1076 42.795459333911275 solMass / solMass
1077 383.7788064103768 solMass / solMass
1078 158.73256645932057 solMass / solMass
1079 77.999011211004 solMass / solMass
1080 6.315490073758867 solMass / solMass
1081 66.84883327824596 solMass / solMass
1082 230.2746058539223 solMass / solMass
1083 35.08786920043672 solMass / solMass
1085 158.02320965707764 solMass / solMass
1087 139.24097461190507 solMass / solMass
1088 14.979766850117278 solMass / solMass
1089 59.09165817850088 solMass / solMass
1092 146.80879243898 solMass / solMass
1093 87.23311907238812 solMass / solMass
1095 41.94038585662392 solMass / solMass
1096 65.66892788305921 solMass / solMass
1097 83.20518156424696 solMass / solMass
1098 288.41627944572656 solMass / solMass
1100 97.16429072601593 solMass / solMass
1102 27.94222042433399 solMass / solMass
1103 108.54544170663816 solMass / solMass
1106 78.48538666287558 solMass / solMass
1107 50.37136051202206 solMass / solMass
1109 3.7100864046530355 solMass / solMass
1110 245.09476692867892 solMass / solMass
1111 85.4179181376728 solMass / solMass
1113 23.77860677969542 solMass / solMass
1114 18.010155735345926 solMass / solMass
1115 0.6648244573292392 solMass / solMass
1116 287.8776629436358 solMass / solMass
1117 63.06389192853335 solMass / solMass
1118 84.23772798080208 solMass / solMass
1119 4.3857361353875525e+40 solMass / solMass
1120 415.2432787113988 solMass / solMass
1122 69.53160619130576 solMass / solMass
1123 14.389394908284604 solMass / solMass
1127 44.215308514039975 solMass / solMass
1128 25.56895285317925 solMass / solMass
1129 375.221056130826 solMass / solMass
1130 102.6241903115649 solMass / solMass
1131 58.43476018267821 solMass / solMass
1132 327.961651607901 solMass / solMass
1133 116.2150773587116 solMass / solMass
1134 159.93105389595584 solMass / solMass
1135 37.276959057490735 solMass / solMass
1136 136.41271963454508 solMass / solMass
1138 4.69403469410752 solMass / solMass
1139 98.99690860113971 solMass / solMass
1140 186.91742798822133 solMass / solMass
1142 49.787910710273366 solMass / solMass
1143 15.013156197660743 solMass / solMass
1144 41.81036450493244 solMass / solMass
1145 65.02933824654497 solMass / solMass
1146 83.62384612680374 solMass / solMass
1147 118.74586177965656 solMass / solMass
1148 52.38807251422398 solMass / solMass
1149 164.6627323791882 solMass / solMass
1152 10.56763111584105 solMass / solMass
1153 223.11522070207022 solMass / solMass
1154 258.40970576480254 solMass / solMass
1155 11.993918442451061 solMass / solMass
1156 101.55710727867665 solMass / solMass
1158 67.09930244351413 solMass / solMass
1159 452.0552076249656 solMass / solMass
1160 30.671314288344664 solMass / solMass
1161 114.51804158867317 solMass / solMass
1163 21.928081494174457 solMass / solMass
1164 80.61150346373434 solMass / solMass
1165 616.5839438230588 solMass / solMass
1166 13.30226523403922 solMass / solMass
1168 187.38659959985446 solMass / solMass
1169 205.0064034162848 solMass / solMass
1170 133.1906064914132 solMass / solMass
1172 77.04505105512118 solMass / solMass
1173 218.86571966790322 solMass / solMass
1175 35.419260173069894 solMass / solMass
1176 67.40396702306138 solMass / solMass
1177 53.02942507009002 solMass / solMass
1181 160.7484078699698 solMass / solMass
1182 18.356582979257073 solMass / solMass
1184 32.22565761496671 solMass / solMass
1185 63.79243851601761 solMass / solMass
1186 3.3766466812188424e+40 solMass / solMass
1187 100.51977328569862 solMass / solMass
1188 6.2492696489962745 solMass / solMass
1189 384.0032863356696 solMass / solMass
1190 125.52761824242714 solMass / solMass
1191 12.908625269712967 solMass / solMass
1192 187.27162864505138 solMass / solMass
1193 1.0249447662599538 solMass / solMass
1194 81.58107252541731 solMass / solMass
1195 31.0516675887498 solMass / solMass
1197 62.83455373397178 solMass / solMass
1198 180.06634296273995 solMass / solMass
1199 34.86220513831453 solMass / solMass
1201 152.61409293463743 solMass / solMass
1202 12.267148718162721 solMass / solMass
1204 123.11175362803714 solMass / solMass
1205 188.92391701505576 solMass / solMass
1206 244.41026307786026 solMass / solMass
1207 2.467336493246047e+40 solMass / solMass
1208 274.36327827359287 solMass / solMass
1209 32.610407294183894 solMass / solMass
1210 453.54206465914 solMass / solMass
1211 88.65884611187234 solMass / solMass
1212 9.577961306139402 solMass / solMass
1213 211.99554644944007 solMass / solMass
1214 31.051438364525026 solMass / solMass
1215 29.945668464927813 solMass / solMass
1216 145.41519636541219 solMass / solMass
1217 50.473877905162226 solMass / solMass
1218 103.11289837535041 solMass / solMass
1219 29.575357007351702 solMass / solMass
1220 253.41810140322318 solMass / solMass
1222 54.05913637156869 solMass / solMass
1225 19.973325048190326 solMass / solMass
1226 211.5928303354768 solMass / solMass
1228 152.894158050473 solMass / solMass
1229 103.01023526963111 solMass / solMass
1230 202.63684426637693 solMass / solMass
1231 38.97800317364136 solMass / solMass
1232 34.190757729824 solMass / solMass
1233 53.335068217129184 solMass / solMass
1234 77.93003113586069 solMass / solMass
1235 215.0077959008173 solMass / solMass
1236 92.80170232658558 solMass / solMass
1237 95.40834460041482 solMass / solMass
1238 13.327575783758434 solMass / solMass
1239 91.48063995990493 solMass / solMass
1241 54.05630972321626 solMass / solMass
1243 366.05483645827627 solMass / solMass
1245 116.53913945104749 solMass / solMass
1247 447.0983943506281 solMass / solMass
1248 76.43025915248808 solMass / solMass
1252 27.967276251171775 solMass / solMass
1253 28.037888038341013 solMass / solMass
1254 35.00139842639873 solMass / solMass
1255 39.20724143678639 solMass / solMass
1258 211.67585117742254 solMass / solMass
1259 389.919471134436 solMass / solMass
1260 146.38900912739518 solMass / solMass
1261 115.49244708559395 solMass / solMass
1262 41.49167863270497 solMass / solMass
1265 258.4437459521636 solMass / solMass
1267 4.942812456144383e+40 solMass / solMass
1268 221.12738474601204 solMass / solMass
1270 123.19987213123959 solMass / solMass
1271 2.4812568846302373e+40 solMass / solMass
1272 493.8097210721833 solMass / solMass
1273 260.16341175569977 solMass / solMass
1275 112.12525597272202 solMass / solMass
1276 113.0602116553551 solMass / solMass
1280 4.317201911040915 solMass / solMass
1282 231.58100898061838 solMass / solMass
1283 38.0076469992737 solMass / solMass
1284 116.98151137598883 solMass / solMass
1287 3.654454804196149e+40 solMass / solMass
1288 3.7238424802898793 solMass / solMass
1290 819.9716994566952 solMass / solMass
1291 143.86056054726672 solMass / solMass
1292 90.40548605840647 solMass / solMass
1293 91.32965148216053 solMass / solMass
1294 0.8109988864448345 solMass / solMass
1297 73.92077449873311 solMass / solMass
1298 95.99128818298843 solMass / solMass
1299 25.662783576239196 solMass / solMass
1300 45.52551105735247 solMass / solMass
1301 127.7536402700316 solMass / solMass
1304 106.84874644766299 solMass / solMass
1305 3.3784874156587705e+40 solMass / solMass
1307 3.032813287306058e+40 solMass / solMass
1309 82.36241735701307 solMass / solMass
1310 289.7516051614949 solMass / solMass
1311 2.574861109145334e+40 solMass / solMass
1313 204.6612409191505 solMass / solMass
1315 125.58870165366501 solMass / solMass
1316 147.98466618753636 solMass / solMass
1317 259.87785912204765 solMass / solMass
1319 61.87493956706408 solMass / solMass
1320 170.25532619438331 solMass / solMass
1321 427.18520997780917 solMass / solMass
1322 177.74637141604515 solMass / solMass
1323 4.1577226082450873e+40 solMass / solMass
1324 32.39506373829382 solMass / solMass
1325 123.15746281586162 solMass / solMass
1327 39.86886384225095 solMass / solMass
1328 121.79885663884367 solMass / solMass
1329 61.55960967743255 solMass / solMass
1332 93.93602845164098 solMass / solMass
1334 208.49155404101512 solMass / solMass
1335 56.33092742548691 solMass / solMass
1336 104.86683484979035 solMass / solMass
1337 8.710652971342586 solMass / solMass
1338 67.8263102902547 solMass / solMass
1339 62.59005437342027 solMass / solMass
1340 37.607654143961405 solMass / solMass
1341 82.21305603062781 solMass / solMass
1344 83.70630210657741 solMass / solMass
1345 142.38633372945054 solMass / solMass
1346 148.4132239268544 solMass / solMass
1347 423.5936494566658 solMass / solMass
1352 130.5638588009372 solMass / solMass
1353 28.591138764199318 solMass / solMass
1354 44.270150791555565 solMass / solMass
1355 78.98642793373955 solMass / solMass
1357 24.09306981041158 solMass / solMass
1359 177.05457137000784 solMass / solMass
1361 17.218859170301954 solMass / solMass
1367 137.5965888457586 solMass / solMass
1368 136.36452225742326 solMass / solMass
1369 178.89801383595574 solMass / solMass
1371 362.95713784171556 solMass / solMass
1372 256.1368297143715 solMass / solMass
1373 102.67574412754477 solMass / solMass
1375 303.17498834046404 solMass / solMass
1376 52.249437933070915 solMass / solMass
1378 101.30514091080441 solMass / solMass
1380 333.1801544730104 solMass / solMass
1382 122.05610309769611 solMass / solMass
1383 80.35269123998408 solMass / solMass
1387 46.06465943529707 solMass / solMass
1389 59.043470645002124 solMass / solMass
1391 157.3662618007932 solMass / solMass
1392 209.63640361846566 solMass / solMass
1393 227.42692934293186 solMass / solMass
1398 3.0001157448543416e+40 solMass / solMass
1399 116.14361069070533 solMass / solMass
1400 18.740034496552422 solMass / solMass
1402 15.046650028004898 solMass / solMass
1406 264.7775172987666 solMass / solMass
1407 175.0631572263641 solMass / solMass
1409 10.553502466613596 solMass / solMass
1410 43.431431010611675 solMass / solMass
1411 797.2247991293704 solMass / solMass
1412 21.912988881147484 solMass / solMass
1414 59.21349104422949 solMass / solMass
1415 290.20840207716276 solMass / solMass
1416 85.1715239212837 solMass / solMass
1417 111.3587459253444 solMass / solMass
1418 327.74808952983904 solMass / solMass
1420 233.99005313605838 solMass / solMass
1421 129.03349195138887 solMass / solMass
1422 70.51976296899774 solMass / solMass
1423 349.13187718258246 solMass / solMass
1424 207.10374243457247 solMass / solMass
1426 130.79048672719682 solMass / solMass
1429 2.3976336984910587e+40 solMass / solMass
1430 25.706663049946478 solMass / solMass
1431 21.26118876650522 solMass / solMass
1432 39.2579646647387 solMass / solMass
1433 124.70093138062896 solMass / solMass
1436 177.91140081474833 solMass / solMass
1437 208.890984427686 solMass / solMass
1438 257.6026507079531 solMass / solMass
1439 121.59263385963717 solMass / solMass
1440 45.32387259052773 solMass / solMass
1441 28.66592689043188 solMass / solMass
1442 303.9586074728615 solMass / solMass
1444 664.7245506379218 solMass / solMass
1445 386.23381322817687 solMass / solMass
1446 258.9878717832882 solMass / solMass
1449 109.54409887838995 solMass / solMass
1450 5.784290271205089 solMass / solMass
1451 414.1510369942655 solMass / solMass
1452 50.480608705067546 solMass / solMass
1453 205.51088841013973 solMass / solMass
1454 81.91299013491536 solMass / solMass
1455 139.5022943199402 solMass / solMass
1457 145.22316684630667 solMass / solMass
1459 101.67130519172544 solMass / solMass
1460 112.20898543081972 solMass / solMass
1461 24.247684800679664 solMass / solMass
1462 33.96359575495303 solMass / solMass
1463 34.610933237805035 solMass / solMass
1464 189.86703473593022 solMass / solMass
1465 7.901058231190698 solMass / solMass
1466 155.86481593237653 solMass / solMass
1467 37.0495615086727 solMass / solMass
1468 151.52164851204552 solMass / solMass
1469 153.4686530418 solMass / solMass
1470 115.01824472342881 solMass / solMass
1471 114.50108775628252 solMass / solMass
1472 132.35524674600637 solMass / solMass
1473 86.14155234781829 solMass / solMass
1476 140.49965138463023 solMass / solMass
1477 97.66676706291896 solMass / solMass
1479 62.18311053120047 solMass / solMass
1480 955.9116562802435 solMass / solMass
1482 99.37194885029899 solMass / solMass
1484 47.12105325918935 solMass / solMass
1486 86.65286647289764 solMass / solMass
1487 523.8485279375892 solMass / solMass
1489 20.905541185025772 solMass / solMass
1490 4.429202053833806 solMass / solMass
1491 107.79146159877078 solMass / solMass
1493 44.188915246883184 solMass / solMass
1496 145.23766360184234 solMass / solMass
1498 80.12079626704947 solMass / solMass
1499 298.87663433291823 solMass / solMass
1502 23.91042601201765 solMass / solMass
1503 4.964951991883457e+40 solMass / solMass
1504 56.08526858372395 solMass / solMass
1505 25.905872707667363 solMass / solMass
1506 197.6170921233815 solMass / solMass
1507 326.7914292395579 solMass / solMass
1508 165.19736661782056 solMass / solMass
1509 62.793651703349404 solMass / solMass
1510 15.986772122201055 solMass / solMass
1511 266.00631163595733 solMass / solMass
1513 89.65683567152371 solMass / solMass
1514 267.7314010304298 solMass / solMass
1515 287.2510803698487 solMass / solMass
1516 385.3967936630275 solMass / solMass
1517 148.71630199499978 solMass / solMass
1518 148.55819070675486 solMass / solMass
1519 2.1722633111034395 solMass / solMass
1521 44.0804908398935 solMass / solMass
1522 3.7807438846454104 solMass / solMass
1523 251.23577178044152 solMass / solMass
1525 253.06614535683858 solMass / solMass
1526 66.34191835091922 solMass / solMass
1529 121.33893458437055 solMass / solMass
1530 69.52817059523768 solMass / solMass
1531 40.612269784977535 solMass / solMass
1532 15.053964689797809 solMass / solMass
1533 277.05212577318497 solMass / solMass
1534 139.41590663369797 solMass / solMass
1535 178.64615118501249 solMass / solMass
1538 16.370142015573506 solMass / solMass
1539 235.98097939843896 solMass / solMass
1541 651.1263884586498 solMass / solMass
1542 306.0231959290083 solMass / solMass
1544 15.94250839873162 solMass / solMass
1546 30.861908187961056 solMass / solMass
1547 123.72855658658385 solMass / solMass
1548 108.74618293575392 solMass / solMass
1549 28.33068036977314 solMass / solMass
1550 205.5314418243084 solMass / solMass
1551 7.143732614625427 solMass / solMass
1553 108.11343873096658 solMass / solMass
1554 19.32802137027118 solMass / solMass
1556 155.70782039985508 solMass / solMass
1557 47.9773939478637 solMass / solMass
1558 628.5925067973662 solMass / solMass
1560 54.86324214551926 solMass / solMass
1561 9.589088661669349 solMass / solMass
1562 37.238580491231154 solMass / solMass
1563 106.20349161778027 solMass / solMass
1565 140.01551296723179 solMass / solMass
1566 811.9206013638113 solMass / solMass
1567 207.0074924853256 solMass / solMass
1569 1.2330473157413164 solMass / solMass
1570 7.353137934529282 solMass / solMass
1572 206.3953352462251 solMass / solMass
1573 288.50346077281074 solMass / solMass
1575 213.4640726578686 solMass / solMass
1576 2.7368051760518103e+40 solMass / solMass
1577 205.29211178824477 solMass / solMass
1578 4.315896766414968e+40 solMass / solMass
1579 61.72272155983942 solMass / solMass
1580 153.10846383965512 solMass / solMass
1582 404.9049423432143 solMass / solMass
1584 294.5202260832742 solMass / solMass
1585 98.46344467061844 solMass / solMass
1586 78.59134038541836 solMass / solMass
1588 52.59084100801576 solMass / solMass
1589 83.23389574020106 solMass / solMass
1590 112.04838403100415 solMass / solMass
1591 61.27830261939059 solMass / solMass
1592 315.9417060922603 solMass / solMass
1594 211.842843757582 solMass / solMass
1595 254.58768270740592 solMass / solMass
1596 333.69678328868616 solMass / solMass
1597 4.359529785155716e+40 solMass / solMass
1599 122.07667086412228 solMass / solMass
1601 80.13901043323649 solMass / solMass
1603 15.748384467221909 solMass / solMass
1604 175.49812099585907 solMass / solMass
1605 281.2641352106374 solMass / solMass
1606 398.7684112716727 solMass / solMass
HaloMassEqualZero
IsSatellite
1609 44.836437088881716 solMass / solMass
1610 688.1626890485219 solMass / solMass
1611 25.89102416072466 solMass / solMass
1613 52.475880773115804 solMass / solMass
1615 142.40987492868956 solMass / solMass
1616 90.54153198890022 solMass / solMass
1617 58.64112978944482 solMass / solMass
1618 32.6984793702404 solMass / solMass
1619 532.1845651568744 solMass / solMass
1620 200.17751471359927 solMass / solMass
1623 107.2621031433363 solMass / solMass
1624 4.048167412121547e+40 solMass / solMass
1625 76.53837697087832 solMass / solMass
1626 154.72252851420586 solMass / solMass
1627 14.82087386141911 solMass / solMass
1628 373.3931334890037 solMass / solMass
1629 21.27790490030301 solMass / solMass
1630 12.543549842181886 solMass / solMass
1633 121.973900113596 solMass / solMass
1636 45.02471868702721 solMass / solMass
1637 95.8308918656035 solMass / solMass
1638 31.061509984277766 solMass / solMass
1639 398.9648046485829 solMass / solMass
1641 26.80521015065975 solMass / solMass
1642 238.84066300964452 solMass / solMass
1643 103.53349845597292 solMass / solMass
1644 45.18473257250853 solMass / solMass
1645 7.032147356552603 solMass / solMass
1647 128.4598967319801 solMass / solMass
1648 35.77908982265129 solMass / solMass
1649 128.14846898647937 solMass / solMass
1650 92.91235702874981 solMass / solMass
1652 44.23205911562554 solMass / solMass
1653 159.41762858415782 solMass / solMass
1654 11.502562832885912 solMass / solMass
1657 230.06023661780227 solMass / solMass
1659 595.8762997499728 solMass / solMass
1662 13.848028876134924 solMass / solMass
1663 275.88215332077556 solMass / solMass
1664 44.76138305705977 solMass / solMass
1665 21.361668379065193 solMass / solMass
1666 157.57260968576955 solMass / solMass
1667 69.30517173638694 solMass / solMass
1668 79.46857910265669 solMass / solMass
1669 253.13408982126296 solMass / solMass
1670 342.6016188999574 solMass / solMass
1671 206.35419326014622 solMass / solMass
1672 181.0746906470078 solMass / solMass
1673 3.202589488002192 solMass / solMass
1677 370.27922709031446 solMass / solMass
1678 73.42220940108976 solMass / solMass
1682 154.9755006664342 solMass / solMass
1683 55.679165212982056 solMass / solMass
1685 10.204293071660581 solMass / solMass
1686 280.89113745996974 solMass / solMass
1687 59.17430441752733 solMass / solMass
1688 158.28978419343125 solMass / solMass
1689 221.12500722319328 solMass / solMass
1691 536.6339422097619 solMass / solMass
1692 106.52399631570825 solMass / solMass
1693 42.79751659973779 solMass / solMass
1694 43.621896817397854 solMass / solMass
1695 275.4760738184106 solMass / solMass
1696 8.782665364743968 solMass / solMass
1697 205.2808553660248 solMass / solMass
1698 228.0506704297104 solMass / solMass
1699 328.1023739251932 solMass / solMass
1701 121.82909321740138 solMass / solMass
1702 94.85064155696251 solMass / solMass
1703 259.6814100599517 solMass / solMass
1704 298.9019532788291 solMass / solMass
1705 364.6803951614876 solMass / solMass
1707 67.67230523501681 solMass / solMass
1708 26.642204964390302 solMass / solMass
1709 284.95038314095126 solMass / solMass
1711 2.973855459014367e+40 solMass / solMass
1712 109.7530071704065 solMass / solMass
1713 379.140405149858 solMass / solMass
1714 1.9381397304128696 solMass / solMass
1716 52.48633080759464 solMass / solMass
1717 425.66148743685267 solMass / solMass
1718 159.8523773754289 solMass / solMass
1719 443.7147509966034 solMass / solMass
1723 449.16466888346173 solMass / solMass
1724 1.9359359097610187 solMass / solMass
1725 68.32908538081065 solMass / solMass
1726 485.7451075875337 solMass / solMass
1727 65.60258384782612 solMass / solMass
1728 12.266327872489189 solMass / solMass
1729 21.4333088401604 solMass / solMass
1732 38.98398770835277 solMass / solMass
1733 86.52357035442574 solMass / solMass
1734 135.24732703510062 solMass / solMass
1736 134.18741849348217 solMass / solMass
1737 4.204161648387795 solMass / solMass
1739 235.6245888910913 solMass / solMass
1740 53.31446056422638 solMass / solMass
1741 316.19145676583787 solMass / solMass
1743 76.60672216012878 solMass / solMass
1744 711.3328933281816 solMass / solMass
1745 62.602599304802766 solMass / solMass
1747 120.15693699384018 solMass / solMass
1748 213.00286389467487 solMass / solMass
1749 425.53235788423177 solMass / solMass
1750 174.68027127673244 solMass / solMass
1751 2.004784189779651 solMass / solMass
1752 221.02595715870086 solMass / solMass
1753 34.03528426189771 solMass / solMass
1755 157.0324954106537 solMass / solMass
1758 124.48507236313675 solMass / solMass
1759 125.3748247628549 solMass / solMass
1761 323.2220373233537 solMass / solMass
1762 157.9755722128964 solMass / solMass
1763 196.77723217626843 solMass / solMass
1764 225.62398509031811 solMass / solMass
1765 1300.6168299084795 solMass / solMass
1766 184.49133318486798 solMass / solMass
1768 16.01872061285001 solMass / solMass
1769 509.2016112372503 solMass / solMass
1770 17.015702993124304 solMass / solMass
1771 10.337540644726536 solMass / solMass
1772 4.288520699423079e+40 solMass / solMass
1773 42.924236597437414 solMass / solMass
1775 50.639487243398506 solMass / solMass
1776 3.1181633780984443e+40 solMass / solMass
1777 73.81149790249572 solMass / solMass
1780 198.41302405962622 solMass / solMass
1781 211.479924021736 solMass / solMass
1782 419.6724773623058 solMass / solMass
1784 63.28129718750641 solMass / solMass
1786 382.29702028861567 solMass / solMass
1788 90.13812245554506 solMass / solMass
1790 15.269911112008412 solMass / solMass
1793 149.18364759181125 solMass / solMass
1794 165.5602634035591 solMass / solMass
1795 45.331976063990076 solMass / solMass
1796 167.29083149076527 solMass / solMass
1797 12.019653042438716 solMass / solMass
1799 224.21170674908845 solMass / solMass
1800 3.8576936939973707e+40 solMass / solMass
1801 95.51613003635126 solMass / solMass
1803 254.60297976299145 solMass / solMass
1804 83.17183154720465 solMass / solMass
1805 63.78443493408038 solMass / solMass
1806 33.12805945945781 solMass / solMass
1807 151.27829563395179 solMass / solMass
1808 232.55749784073726 solMass / solMass
1809 266.3318107126397 solMass / solMass
1811 211.75418724505477 solMass / solMass
1812 47.420201406370644 solMass / solMass
1813 49.06548840967838 solMass / solMass
1814 429.68232524789846 solMass / solMass
1815 156.8895732301179 solMass / solMass
1817 3.9962512195709733e+40 solMass / solMass
1820 366.83942310856355 solMass / solMass
1823 347.74916085943477 solMass / solMass
1824 26.258776837266367 solMass / solMass
1825 38.55857472833348 solMass / solMass
1826 100.63461456499121 solMass / solMass
1827 90.76829273358021 solMass / solMass
IsSatellite
1829 208.48731026600078 solMass / solMass
1830 111.8169055938542 solMass / solMass
1831 5.52052235579632 solMass / solMass
1832 94.27856257869358 solMass / solMass
1833 554.8108323190615 solMass / solMass
1834 56.991156975745774 solMass / solMass
1836 126.66521162446591 solMass / solMass
1837 30.2464319532647 solMass / solMass
1838 53.82535338703832 solMass / solMass
1839 1800.0400844964881 solMass / solMass
1840 85.80759017988261 solMass / solMass
1841 51.138998381514675 solMass / solMass
1845 85.39605496054202 solMass / solMass
1846 26.155076980640704 solMass / solMass
1847 0.0 solMass / solMass
1848 156.53111763021053 solMass / solMass
1849 176.20779275994803 solMass / solMass
1850 160.7946174041346 solMass / solMass
1851 73.86492763316133 solMass / solMass
1852 206.14254516092288 solMass / solMass
1853 189.10807169012446 solMass / solMass
1857 39.91038176874467 solMass / solMass
1858 175.35824813113052 solMass / solMass
1860 56.3444806228078 solMass / solMass
1861 37.629628049469765 solMass / solMass
1862 534.8946919464645 solMass / solMass
1863 238.01955502828832 solMass / solMass
1864 21.187537463506064 solMass / solMass
1865 349.9699752123731 solMass / solMass
1867 38.78707225436343 solMass / solMass
1868 144.3521279217822 solMass / solMass
1869 142.02929633925692 solMass / solMass
1871 144.00283214708537 solMass / solMass
1872 129.03259524417487 solMass / solMass
1873 572.102780948218 solMass / solMass
1874 5.409760410793678e+40 solMass / solMass
1875 74.48480279426953 solMass / solMass
1880 1603.1718736029795 solMass / solMass
1883 59.721376673505866 solMass / solMass
1884 412.74338392115817 solMass / solMass
1885 54.163095924177014 solMass / solMass
1886 821.224213762146 solMass / solMass
1887 39.903745191399906 solMass / solMass
1888 345.4203850281148 solMass / solMass
1889 158.6397357320731 solMass / solMass
1890 778.7495492895188 solMass / solMass
1892 4.499466202770188e+40 solMass / solMass
1893 59.27369143704326 solMass / solMass
1894 2.1343865098157897 solMass / solMass
1896 139.29870617327413 solMass / solMass
1897 29.685740171764923 solMass / solMass
1898 17.21189847764373 solMass / solMass
1900 620.5780058401514 solMass / solMass
1901 240.22746372660782 solMass / solMass
1902 66.72648804947279 solMass / solMass
1903 181.07591762299532 solMass / solMass
1904 321.2417583284894 solMass / solMass
1905 1037.9818848921923 solMass / solMass
1906 957.6111081216853 solMass / solMass
1909 214.88300158175642 solMass / solMass
1910 167.6297144390019 solMass / solMass
1911 289.062387622626 solMass / solMass
1912 52.4705326199287 solMass / solMass
1913 4.506753652114152e+40 solMass / solMass
1916 51.99344942845384 solMass / solMass
1917 22.614792468108565 solMass / solMass
1919 664.3129629345777 solMass / solMass
1920 802.8261907467889 solMass / solMass
1921 62.7088997407039 solMass / solMass
1923 40.500182453654666 solMass / solMass
1924 161.97300855489314 solMass / solMass
1925 517.5572902138445 solMass / solMass
1926 219.50288646844513 solMass / solMass
1927 66.61835159727825 solMass / solMass
1928 46.975927608741046 solMass / solMass
1929 759.5480129405133 solMass / solMass
1930 363.7056992355683 solMass / solMass
1933 161.29711413449834 solMass / solMass
1934 254.3249736274169 solMass / solMass
1936 75.72282567729242 solMass / solMass
1938 51.32624393181593 solMass / solMass
1939 152.45755411925515 solMass / solMass
1940 217.1985856549249 solMass / solMass
1941 332.50388086330867 solMass / solMass
1942 56.45984613928037 solMass / solMass
1943 376.9276204334291 solMass / solMass
1944 83.75253771128635 solMass / solMass
1945 41.0254789118444 solMass / solMass
1947 104.64750455635014 solMass / solMass
1948 60.397367572831286 solMass / solMass
1949 39.59937401355149 solMass / solMass
1950 54.211298449786646 solMass / solMass
1951 29.696581926873552 solMass / solMass
1952 102.6763020461126 solMass / solMass
1955 32.29596408868391 solMass / solMass
1957 897.6849695834198 solMass / solMass
1960 23.09170794037876 solMass / solMass
1961 120.48417400101552 solMass / solMass
1964 228.85928116520134 solMass / solMass
1965 4.216426590658209e+40 solMass / solMass
1966 301.72530603997484 solMass / solMass
1969 10.388256023702507 solMass / solMass
1970 1329.6373843942338 solMass / solMass
1974 430.7262073491583 solMass / solMass
1975 1556.5361300015704 solMass / solMass
1976 168.120743193609 solMass / solMass
1977 114.80455961346725 solMass / solMass
1978 147.80207817955085 solMass / solMass
1980 92.56234151216813 solMass / solMass
1981 321.6978925808814 solMass / solMass
1982 553.5549034808511 solMass / solMass
1983 3.974246791503219e+40 solMass / solMass
1986 300.6444118020045 solMass / solMass
1987 202.8553058624464 solMass / solMass
1988 120.61260666082855 solMass / solMass
1991 272.36297987249776 solMass / solMass
1992 295.7835877642406 solMass / solMass
1993 171.5554149472657 solMass / solMass
1994 121.75446967012493 solMass / solMass
1997 4.840056673638869e+40 solMass / solMass
1998 1273.7468357474042 solMass / solMass
1999 420.7478131431833 solMass / solMass
2004 71.7754631665504 solMass / solMass
2005 40.38753304644524 solMass / solMass
2006 60.7208330269714 solMass / solMass
2007 33.83770278578437 solMass / solMass
2009 141.5200923920175 solMass / solMass
2010 175.3456720095183 solMass / solMass
2011 438.64998732881855 solMass / solMass
2012 215.99239360224735 solMass / solMass
2015 268.3008683206635 solMass / solMass
2016 37.11520960884106 solMass / solMass
2017 274.16385286469466 solMass / solMass
2018 258.8532003353145 solMass / solMass
2019 910.5147906701495 solMass / solMass
2020 184.53583948946178 solMass / solMass
2023 252.73983597679086 solMass / solMass
2025 23.856217897637478 solMass / solMass
2026 246.09693777638125 solMass / solMass
2032 165.87357892633065 solMass / solMass
2033 253.23209765728862 solMass / solMass
2034 79.46135669469992 solMass / solMass
2036 79.16243154284675 solMass / solMass
2038 165.3494629115258 solMass / solMass
2039 127.34706542358225 solMass / solMass
2040 128.59623362171322 solMass / solMass
2041 225.11580215729225 solMass / solMass
2042 24.68018935741333 solMass / solMass
2044 221.9358605757686 solMass / solMass
2047 12.485205398205634 solMass / solMass
2048 353.3932771093613 solMass / solMass
2049 194.36142994337425 solMass / solMass
2050 59.19584690552382 solMass / solMass
2051 84.70511614699603 solMass / solMass
2054 167.07492256238714 solMass / solMass
2055 0.0 solMass / solMass
2056 425.16978792340535 solMass / solMass
2057 42.77137555187451 solMass / solMass
2058 39.12558967475139 solMass / solMass
2061 28.583616115548843 solMass / solMass
2062 4.138260912155926 solMass / solMass
2063 504.3723404188433 solMass / solMass
2064 274.3714056057954 solMass / solMass
2065 65.10106216786069 solMass / solMass
2066 72.51901986584231 solMass / solMass
2068 67.3080541533272 solMass / solMass
2069 252.6093719123789 solMass / solMass
2070 371.2918475957501 solMass / solMass
2071 25.768059057906004 solMass / solMass
IsSatellite
2073 189.11354771524438 solMass / solMass
2074 109.70293257799077 solMass / solMass
2076 222.15643390404236 solMass / solMass
2077 223.20112054735858 solMass / solMass
2078 732.8821107526059 solMass / solMass
2079 14.21314400366507 solMass / solMass
2080 488.38412545052876 solMass / solMass
2081 80.80689938288874 solMass / solMass
2082 101.104644914945 solMass / solMass
2083 318.47212565036983 solMass / solMass
2084 115.34435335076547 solMass / solMass
2088 74.34339726551465 solMass / solMass
2091 3.3404749698265506e+40 solMass / solMass
2092 25.255911824938845 solMass / solMass
2094 311.8595762991007 solMass / solMass
2095 200.76463487530927 solMass / solMass
2098 45.73977949547974 solMass / solMass
2099 372.0728428896339 solMass / solMass
2100 667.5761547030654 solMass / solMass
2102 4.054697041571317e+40 solMass / solMass
2103 224.1761546200727 solMass / solMass
2104 331.62007641205906 solMass / solMass
2105 315.58420192885757 solMass / solMass
2107 104.54192166258085 solMass / solMass
2108 725.6633787290036 solMass / solMass
2109 43.19299945651431 solMass / solMass
2112 79.21246011885658 solMass / solMass
2113 402.9910241496705 solMass / solMass
2116 130.9854542595243 solMass / solMass
IsSatellite
2118 250.1889354294309 solMass / solMass
2119 185.5828828033498 solMass / solMass
2122 30.851465199979938 solMass / solMass
2124 293.2358134797507 solMass / solMass
2126 4.234148246451066e+40 solMass / solMass
2127 63.01736237446585 solMass / solMass
2128 69.50612814292263 solMass / solMass
2129 46.476374252306016 solMass / solMass
2133 419.7282759250397 solMass / solMass
2134 670.8070069193669 solMass / solMass
2135 795.8607228858721 solMass / solMass
2136 139.5571318837571 solMass / solMass
2137 148.20304281101912 solMass / solMass
2138 395.26346443964843 solMass / solMass
2141 819.9479339452929 solMass / solMass
2142 165.60070536784838 solMass / solMass
2143 40.03334312540352 solMass / solMass
2145 317.5448427160922 solMass / solMass
2146 15.596079662209767 solMass / solMass
2147 237.75989213735838 solMass / solMass
2148 60.36174022873801 solMass / solMass
2149 43.435551323479366 solMass / solMass
2150 302.6896121600315 solMass / solMass
2151 169.61439139736285 solMass / solMass
2152 921.969830112528 solMass / solMass
2153 15.835244643028714 solMass / solMass
2154 325.7434127110805 solMass / solMass
2156 644.4669548770956 solMass / solMass
2157 70.5062775121625 solMass / solMass
2160 103.74421790323494 solMass / solMass
2161 40.944180541790104 solMass / solMass
2163 133.68712940422301 solMass / solMass
2164 1226.8594303669609 solMass / solMass
2165 416.9644759915699 solMass / solMass
2166 45.88487457369655 solMass / solMass
2170 12.893858996752618 solMass / solMass
HaloMassEqualZero
2172 740.2252115900062 solMass / solMass
2173 32.07583367032963 solMass / solMass
2174 224.14499781570115 solMass / solMass
2175 127.1839564023638 solMass / solMass
2176 493.50250614650724 solMass / solMass
2178 90.62801172966326 solMass / solMass
2179 613.472549529235 solMass / solMass
2180 108.70471772566309 solMass / solMass
2181 385.69558579652414 solMass / solMass
2182 295.6087546738407 solMass / solMass
2183 136.69649060876475 solMass / solMass
2184 157.3821497015518 solMass / solMass
2186 24.457047573948927 solMass / solMass
2188 96.70736207277602 solMass / solMass
2189 57.45942319201282 solMass / solMass
2190 9.403479531147013 solMass / solMass
2191 862.6012348961094 solMass / solMass
2193 239.56072257957882 solMass / solMass
2195 4.95812143828603e+40 solMass / solMass
2197 35.70181470353624 solMass / solMass
2198 244.0460080436162 solMass / solMass
2199 131.36179585432137 solMass / solMass
2200 105.89955630561376 solMass / solMass
2201 654.8436137986808 solMass / solMass
2202 248.602159235523 solMass / solMass
2203 316.38085099504576 solMass / solMass
2204 277.05130133655774 solMass / solMass
2207 59.14067649960668 solMass / solMass
2208 161.15086242375006 solMass / solMass
2209 71.08074732302023 solMass / solMass
2210 376.853316489902 solMass / solMass
2212 45.57771247477593 solMass / solMass
2213 208.07699236193395 solMass / solMass
2215 620.8437279408807 solMass / solMass
2216 214.6312978987208 solMass / solMass
2217 204.92489787093658 solMass / solMass
2219 77.08656127578516 solMass / solMass
2220 37.71470439497718 solMass / solMass
2221 351.1100041302312 solMass / solMass
2222 90.88045862407971 solMass / solMass
2223 212.63435723015442 solMass / solMass
2224 920.7870842884989 solMass / solMass
2225 21.77508811534029 solMass / solMass
2226 71.94770042389615 solMass / solMass
2228 311.80002405875075 solMass / solMass
2230 66.36628600794667 solMass / solMass
2232 5.173247864907196e+40 solMass / solMass
2233 291.62123967126564 solMass / solMass
2234 41.32859458816601 solMass / solMass
2235 191.6350657458829 solMass / solMass
2236 669.4942146991147 solMass / solMass
2240 65.00464153364496 solMass / solMass
2241 29.69293981520332 solMass / solMass
2242 33.56922246987076 solMass / solMass
2243 689.7692897450924 solMass / solMass
2244 182.24655350689645 solMass / solMass
2245 177.81514391595167 solMass / solMass
2249 174.5683833236728 solMass / solMass
2250 402.0117016441259 solMass / solMass
2252 360.7785638638141 solMass / solMass
2253 30.387757784085068 solMass / solMass
2255 112.68809849216984 solMass / solMass
2256 353.80051736702563 solMass / solMass
2257 519.6025577998254 solMass / solMass
2258 519.6648009121542 solMass / solMass
2261 8.8534453638958e+40 solMass / solMass
2262 341.27014857079 solMass / solMass
2263 710.7360963361954 solMass / solMass
2264 393.7813289325753 solMass / solMass
2265 24.476579692052656 solMass / solMass
2267 51.11033987517154 solMass / solMass
2269 689.2845876235365 solMass / solMass
2270 41.67195020370404 solMass / solMass
2271 12.873013177090707 solMass / solMass
2273 392.67533150979887 solMass / solMass
2274 297.1034337606935 solMass / solMass
2276 17.56523369397462 solMass / solMass
2277 1792.0198579594758 solMass / solMass
2278 138.2923690453285 solMass / solMass
2279 630.2821786395342 solMass / solMass
2280 1828.8713864883944 solMass / solMass
2281 31.378289049564803 solMass / solMass
2282 108.84462899971959 solMass / solMass
2284 17.779622005128946 solMass / solMass
2285 76.73124574961507 solMass / solMass
2286 271.8650060042414 solMass / solMass
2288 61.49504734850901 solMass / solMass
2289 165.55489894929457 solMass / solMass
2290 227.98092327021897 solMass / solMass
2291 301.5027153182564 solMass / solMass
2292 75.72141937729305 solMass / solMass
2294 399.4094391157383 solMass / solMass
2295 291.166665308114 solMass / solMass
2297 253.1821781089232 solMass / solMass
2298 114.78112332854637 solMass / solMass
2299 99.84608055911929 solMass / solMass
2300 581.076655510513 solMass / solMass
2302 214.68998242392212 solMass / solMass
2303 71.82609225568363 solMass / solMass
2305 244.57918065907515 solMass / solMass
2306 572.3333845665358 solMass / solMass
2307 219.83356045250355 solMass / solMass
2309 5.489702620606799e+40 solMass / solMass
2311 122.99376747843432 solMass / solMass
2313 199.74875274490643 solMass / solMass
2314 122.98403484667998 solMass / solMass
2315 457.2480298933079 solMass / solMass
2316 12.637715832384945 solMass / solMass
2317 305.32123567397235 solMass / solMass
2318 9.519294837672583e+40 solMass / solMass
2319 96.99543494591941 solMass / solMass
2320 60.37148556144416 solMass / solMass
2321 39.074128501565404 solMass / solMass
2322 267.0226109795152 solMass / solMass
2323 148.12554188668292 solMass / solMass
2324 51.489127201913895 solMass / solMass
2325 447.1037945507095 solMass / solMass
2327 710.2804230806026 solMass / solMass
2328 158.1770259823863 solMass / solMass
2329 213.9386694258216 solMass / solMass
2330 438.7470612981182 solMass / solMass
2331 136.3974729444463 solMass / solMass
2332 57.44099037220793 solMass / solMass
2333 8.357482350825414 solMass / solMass
2334 31.3540945694285 solMass / solMass
2335 106.12511680483661 solMass / solMass
2336 49.62286928899991 solMass / solMass
2337 82.62538706700339 solMass / solMass
2340 260.15202016033845 solMass / solMass
2341 377.361357880577 solMass / solMass
2342 191.77720057416005 solMass / solMass
2343 355.9037691631107 solMass / solMass
2344 119.08012489160839 solMass / solMass
2345 511.81882552165746 solMass / solMass
2346 900.7982528594484 solMass / solMass
2347 163.26184537463573 solMass / solMass
2348 4.856697981762446e+40 solMass / solMass
2349 487.37711195661274 solMass / solMass
2350 34.55313297000394 solMass / solMass
2351 259.9900480770351 solMass / solMass
2353 42.00068691687225 solMass / solMass
2354 567.4734841147077 solMass / solMass
HaloMassEqualZero
2357 157.12141327081346 solMass / solMass
2358 58.07357305439036 solMass / solMass
2361 56.2743884303809 solMass / solMass
2362 205.3845828873615 solMass / solMass
2363 431.3779176973622 solMass / solMass
2364 6.541882436940184e+40 solMass / solMass
2365 110.83782381730231 solMass / solMass
2366 264.72822006999627 solMass / solMass
2367 9.835027664786655e+40 solMass / solMass
2371 129.0268188504853 solMass / solMass
2372 181.55390529682995 solMass / solMass
2374 240.1095293722349 solMass / solMass
2375 422.763101790175 solMass / solMass
2376 708.8546719899365 solMass / solMass
2377 459.8790605203807 solMass / solMass
2379 187.21080654223545 solMass / solMass
2380 149.53787110759097 solMass / solMass
2381 234.4585854053296 solMass / solMass
2382 173.7969919370262 solMass / solMass
2385 123.00518556949075 solMass / solMass
2386 97.4073315870759 solMass / solMass
2387 96.68178950049435 solMass / solMass
2390 133.61107006863588 solMass / solMass
2391 1177.4088257362891 solMass / solMass
2392 268.42251001283825 solMass / solMass
2395 94.32034633710445 solMass / solMass
2396 35.497529469444096 solMass / solMass
2397 72.58652922672393 solMass / solMass
2398 124.11135532553821 solMass / solMass
2399 285.63735983379513 solMass / solMass
2401 207.319853724869 solMass / solMass
2402 117.20774061623888 solMass / solMass
2404 56.17875916896556 solMass / solMass
2406 172.27641406351003 solMass / solMass
HaloMassEqualZero
2409 63.413745900350314 solMass / solMass
2411 249.039158924556 solMass / solMass
2413 42.07155856682144 solMass / solMass
2414 106.1084285070383 solMass / solMass
2416 19.710602021055507 solMass / solMass
2418 252.69528496457062 solMass / solMass
2419 47.9906710883497 solMass / solMass
2420 173.65354951805045 solMass / solMass
2421 171.80737465649594 solMass / solMass
2425 463.40355618217643 solMass / solMass
2426 202.6366428048577 solMass / solMass
2427 5.565565559887195e+40 solMass / solMass
2429 72.92694107094164 solMass / solMass
2430 1320.4751344984024 solMass / solMass
2431 381.4493236316551 solMass / solMass
2432 1383.2803772971065 solMass / solMass
2433 50.20717725364696 solMass / solMass
2437 188.25056239432516 solMass / solMass
2438 313.2171598453995 solMass / solMass
2439 226.64105643976495 solMass / solMass
2441 24.212814601834626 solMass / solMass
2443 98.40763723440115 solMass / solMass
2444 133.10298066508184 solMass / solMass
2445 228.69140770797938 solMass / solMass
2446 272.81016666975216 solMass / solMass
2449 46.26243757762357 solMass / solMass
2450 1.5511494354174877 solMass / solMass
2451 550.8465059682718 solMass / solMass
2452 53.4169849339883 solMass / solMass
2454 137.3352593690694 solMass / solMass
IsSatellite
2456 218.1553838878718 solMass / solMass
2458 262.6540580583036 solMass / solMass
2459 115.78627494518254 solMass / solMass
2460 28.6050374555807 solMass / solMass
2461 201.8555540292365 solMass / solMass
2462 278.8930511369414 solMass / solMass
2463 108.08848193657107 solMass / solMass
2464 82.86082044690039 solMass / solMass
2465 94.16699984238637 solMass / solMass
2466 767.5532506372997 solMass / solMass
2468 6.359474062272618e+40 solMass / solMass
2470 563.3826721893838 solMass / solMass
2472 678.9641168583765 solMass / solMass
2474 2815.4405477897235 solMass / solMass
2475 313.1298053784177 solMass / solMass
2477 165.5665039912208 solMass / solMass
2479 584.4865883425306 solMass / solMass
2480 60.61541748075373 solMass / solMass
2481 339.98347664567956 solMass / solMass
2485 152.35818229533726 solMass / solMass
2486 577.7445851881962 solMass / solMass
2487 29.609697433984014 solMass / solMass
2488 653.6628874466203 solMass / solMass
2489 201.80103967472724 solMass / solMass
IsSatellite
2491 190.85638652497266 solMass / solMass
2492 1120.641277676343 solMass / solMass
2494 527.3548024020678 solMass / solMass
HaloMassEqualZero
2497 693.4675917271508 solMass / solMass
2498 62.98145173377931 solMass / solMass
2499 283.82386354363587 solMass / solMass
2500 235.91533236522997 solMass / solMass
2501 333.9553702182421 solMass / solMass
2502 806.8718906199493 solMass / solMass
2504 33.37164099124897 solMass / solMass
2505 521.3045585963313 solMass / solMass
2506 550.2657064252321 solMass / solMass
2507 284.44411959282684 solMass / solMass
2510 56.4347244829653 solMass / solMass
2513 248.60848519431238 solMass / solMass
2515 42.41843655085681 solMass / solMass
2516 30.291628760275074 solMass / solMass
2517 272.44636082467866 solMass / solMass
2518 52.30096266792338 solMass / solMass
2519 92.01035084131102 solMass / solMass
2520 159.4868005379907 solMass / solMass
2523 263.2752947203829 solMass / solMass
2524 532.6840888173355 solMass / solMass
2526 69.35668825454296 solMass / solMass
HaloMassEqualZero
2529 279.8772991319985 solMass / solMass
2530 349.9220482788882 solMass / solMass
2531 275.0354338651912 solMass / solMass
2532 79.45891260625798 solMass / solMass
2533 9.18550921552918e+40 solMass / solMass
2534 139.06287004175445 solMass / solMass
2535 131.01289405742915 solMass / solMass
2536 260.66043242095213 solMass / solMass
2538 383.27809043139945 solMass / solMass
2540 689.1685145547125 solMass / solMass
2541 246.91361061880067 solMass / solMass
2542 78.17509574326908 solMass / solMass
2543 149.4151443690871 solMass / solMass
2544 24.761776777305496 solMass / solMass
2545 14.203618039527338 solMass / solMass
2546 173.32594199680514 solMass / solMass
2547 45.68086560756234 solMass / solMass
2548 56.27802287401003 solMass / solMass
2551 337.9840579884909 solMass / solMass
2552 137.09499290211878 solMass / solMass
2553 33.17622724718273 solMass / solMass
2554 168.3420014872964 solMass / solMass
2555 205.94865749667667 solMass / solMass
2558 659.619685628542 solMass / solMass
2559 154.95530321803366 solMass / solMass
2560 495.6714784524189 solMass / solMass
2561 303.5179125457806 solMass / solMass
2562 9.091844724829038 solMass / solMass
2563 40.51831135240839 solMass / solMass
2564 76.49984536273053 solMass / solMass
2566 538.8371619829474 solMass / solMass
2567 13.02253815712949 solMass / solMass
2570 249.0542323157866 solMass / solMass
2571 96.36822064240911 solMass / solMass
2572 631.753144013882 solMass / solMass
2575 137.25182575580135 solMass / solMass
2576 112.80474611008351 solMass / solMass
2577 141.73513200665198 solMass / solMass
IsSatellite
2579 7.831673898330326e+40 solMass / solMass
2580 963.6872554915927 solMass / solMass
2581 188.37334467164482 solMass / solMass
2582 116.73606849133068 solMass / solMass
2584 259.8122364398701 solMass / solMass
2585 867.7422658626665 solMass / solMass
2586 2320.6354692812197 solMass / solMass
2587 28.67139327258088 solMass / solMass
2588 7.086042133447338e+40 solMass / solMass
2591 60.79505537839767 solMass / solMass
2592 101.04640567556973 solMass / solMass
2594 418.5872380424422 solMass / solMass
2595 66.40336790845248 solMass / solMass
2596 239.2326642928807 solMass / solMass
2597 567.258794296277 solMass / solMass
2598 302.6878415248318 solMass / solMass
2599 426.7613004587323 solMass / solMass
2600 26.335272685093518 solMass / solMass
2601 620.748601052415 solMass / solMass
2602 397.57862669156174 solMass / solMass
2603 399.6626035778136 solMass / solMass
2604 1894.4361239347581 solMass / solMass
2605 384.24856080390225 solMass / solMass
2606 404.1119674852924 solMass / solMass
2607 406.831378245644 solMass / solMass
2608 1369.553244765785 solMass / solMass
2609 908.545341438489 solMass / solMass
2610 145.59358133764624 solMass / solMass
2611 72.53643952453604 solMass / solMass
2614 14.864096290577445 solMass / solMass
IsSatellite
2618 752.6529714228518 solMass / solMass
2622 1367.4837568204275 solMass / solMass
2623 33.22722542368619 solMass / solMass
HaloMassEqualZero
2626 141.25549997051218 solMass / solMass
2628 129.05787760811822 solMass / solMass
2630 300.11806338143504 solMass / solMass
2632 424.20672570769807 solMass / solMass
2633 2093.8515506898616 solMass / solMass
2634 121.48815781284178 solMass / solMass
2635 107.43201039328993 solMass / solMass
2636 257.0139498105422 solMass / solMass
2637 2557.9957749392192 solMass / solMass
2638 67.46732567517097 solMass / solMass
2641 279.4332880183592 solMass / solMass
2642 8.255395832157193e+40 solMass / solMass
2643 200.1363255982799 solMass / solMass
2645 280.8864323340805 solMass / solMass
2646 1.9824366711632856e-38 solMass / solMass
2649 125.87389932600811 solMass / solMass
2650 209.02167357975773 solMass / solMass
2652 320.77199499426143 solMass / solMass
2653 1037.449730164716 solMass / solMass
2654 245.34735508397767 solMass / solMass
2655 1456.9540077873587 solMass / solMass
2657 8.465450883085415 solMass / solMass
2659 131.07838499894507 solMass / solMass
2661 80.3515737675699 solMass / solMass
2662 229.8159614376079 solMass / solMass
2663 138.02146297281098 solMass / solMass
2664 397.1111043121555 solMass / solMass
2665 1555.2438041701655 solMass / solMass
2666 75.19309719860267 solMass / solMass
2668 54.72035961129161 solMass / solMass
HaloMassEqualZero
2671 150.28242858021602 solMass / solMass
2672 338.31821254055734 solMass / solMass
2674 233.03400713683297 solMass / solMass
2675 89.55008518586583 solMass / solMass
2676 32.454195887528115 solMass / solMass
2678 68.1345872626998 solMass / solMass
2679 58.66462386985731 solMass / solMass
2683 208.32408672729446 solMass / solMass
2684 296.99098310805977 solMass / solMass
2687 135.46101647292403 solMass / solMass
2688 55.56569846407294 solMass / solMass
2689 2497.4328552919833 solMass / solMass
2691 22.807399681277467 solMass / solMass
2695 288.00358524580133 solMass / solMass
2696 466.8001672065825 solMass / solMass
2698 67.83413856879976 solMass / solMass
2700 529.5962675403072 solMass / solMass
2702 278.3250654060577 solMass / solMass
2703 266.7165189488409 solMass / solMass
2704 569.8356116834184 solMass / solMass
2705 6.776606352487775e+40 solMass / solMass
2706 47.32444920718668 solMass / solMass
2707 68.78814699177912 solMass / solMass
2708 399.1512892543764 solMass / solMass
2711 634.3781577151904 solMass / solMass
2713 175.72024106896146 solMass / solMass
2714 539.0169861711488 solMass / solMass
2715 64.37062677091886 solMass / solMass
2716 131.15917855712922 solMass / solMass
2717 0.0 solMass / solMass
2718 584.0282659888123 solMass / solMass
HaloMassEqualZero
2720 46.08890829208734 solMass / solMass
2721 61.941985036184214 solMass / solMass
2722 53.556816022684465 solMass / solMass
2723 142.5587643413558 solMass / solMass
2724 268.81751564504196 solMass / solMass
2725 279.38613631535213 solMass / solMass
2726 858.2872502772551 solMass / solMass
2727 75.6312774605388 solMass / solMass
2729 393.69171809905635 solMass / solMass
2730 187.54005613423328 solMass / solMass
2731 1275.6855397917984 solMass / solMass
2732 293.9001034337604 solMass / solMass
2733 809.6465194485875 solMass / solMass
2734 112.83786761011265 solMass / solMass
2736 706.4143434155507 solMass / solMass
2738 234.56791951482728 solMass / solMass
2739 705.093165470557 solMass / solMass
2740 553.9779743439143 solMass / solMass
2741 145.7096795756861 solMass / solMass
IsSatellite
2743 1057.394583214836 solMass / solMass
2744 236.5703979854475 solMass / solMass
2745 92.71821036771435 solMass / solMass
2748 700.7406533702199 solMass / solMass
2749 14.199939870659446 solMass / solMass
2750 274.4370103244907 solMass / solMass
2753 315.6737515724829 solMass / solMass
2754 229.99507788682112 solMass / solMass
2755 754.203871333983 solMass / solMass
2756 215.39310139317334 solMass / solMass
2757 1844.6120028048617 solMass / solMass
2758 396.9299252896541 solMass / solMass
2759 27.538679140740623 solMass / solMass
2762 358.0901867454323 solMass / solMass
2763 209.2322023484255 solMass / solMass
2764 80.19018676923771 solMass / solMass
2765 368.24816470735686 solMass / solMass
IsSatellite
2768 438.0102816616089 solMass / solMass
2769 329.6500215991787 solMass / solMass
2770 61.26698799131557 solMass / solMass
2771 337.1267479324605 solMass / solMass
2772 881.8377000461008 solMass / solMass
2773 1589.5193258253016 solMass / solMass
2774 397.9422673891371 solMass / solMass
HaloMassEqualZero
2776 9.528265755167287e+40 solMass / solMass
2779 6.027628035992381e+40 solMass / solMass
2780 375.56934298649884 solMass / solMass
2782 244.88216611443184 solMass / solMass
2783 64.66062972287531 solMass / solMass
2784 100.54539149466085 solMass / solMass
2785 36.82641520684346 solMass / solMass
2787 372.22545796338494 solMass / solMass
2788 116.75149619492811 solMass / solMass
2789 1684.2407205185816 solMass / solMass
2790 196.5412764376299 solMass / solMass
2791 189.89787048141025 solMass / solMass
2792 81.47017712445123 solMass / solMass
2793 227.69087562485225 solMass / solMass
HaloMassEqualZero
2795 179.8776235036541 solMass / solMass
2796 276.9906254572055 solMass / solMass
2797 148.7803760294316 solMass / solMass
2800 140.60110172138965 solMass / solMass
2801 196.57306224170756 solMass / solMass
2802 435.6448264841561 solMass / solMass
2804 102.56832742336344 solMass / solMass
2806 223.2465675735696 solMass / solMass
2807 310.49755467832597 solMass / solMass
2808 153.04872277649864 solMass / solMass
2809 65.2033250316346 solMass / solMass
2811 111.83126913533717 solMass / solMass
2812 329.4290447661145 solMass / solMass
2813 167.11416900270143 solMass / solMass
2815 1020.7185939764578 solMass / solMass
2816 750.9602464003385 solMass / solMass
2817 8.775183232652587 solMass / solMass
2818 81.12329770347993 solMass / solMass
2820 1379.9612937665343 solMass / solMass
2821 329.9260198166284 solMass / solMass
2822 117.84102552881635 solMass / solMass
2823 91.1931180131026 solMass / solMass
2826 735.3369522011284 solMass / solMass
2827 196.2554293124453 solMass / solMass
2828 452.43537087401745 solMass / solMass
2829 65.99903863073351 solMass / solMass
2830 176.91834908207562 solMass / solMass
2833 412.34377711408814 solMass / solMass
2834 68.34618815631002 solMass / solMass
2835 425.8606931413123 solMass / solMass
2836 819.1880766551564 solMass / solMass
2837 427.21928585158514 solMass / solMass
2839 64.38566493159533 solMass / solMass
2840 236.90945741961957 solMass / solMass
2841 1241.2937436381503 solMass / solMass
2843 270.78721337886856 solMass / solMass
2845 669.2114554403063 solMass / solMass
2846 107.00030085294853 solMass / solMass
2848 50.65854001995055 solMass / solMass
2849 63.018989590206374 solMass / solMass
2850 13.160846337403852 solMass / solMass
2851 117.9969582776875 solMass / solMass
2854 97.82364394774977 solMass / solMass
2856 1699.340174329877 solMass / solMass
2857 8.232906846714902e+40 solMass / solMass
2860 75.15956646173713 solMass / solMass
2862 898.7488534460621 solMass / solMass
2863 49.269381691619046 solMass / solMass
2864 421.15181557137066 solMass / solMass
2867 2925.2257937203485 solMass / solMass
2868 31.10069791533735 solMass / solMass
2869 37.86728819158211 solMass / solMass
2870 111.733271021871 solMass / solMass
2872 624.8087940082946 solMass / solMass
2875 61.19044079191978 solMass / solMass
2876 263.0010498486234 solMass / solMass
2877 215.52958416095163 solMass / solMass
IsSatellite
2879 269.36294368669286 solMass / solMass
2880 799.1284131168326 solMass / solMass
2881 162.20016474922969 solMass / solMass
2882 722.2222862019879 solMass / solMass
2883 1406.4936235421671 solMass / solMass
2884 20.43956008433069 solMass / solMass
2886 1327.4735149649246 solMass / solMass
2887 109.49837208614414 solMass / solMass
2888 613.1963083043601 solMass / solMass
2889 86.83876409224071 solMass / solMass
2892 60.47053448830089 solMass / solMass
2893 290.3780801693048 solMass / solMass
2894 9.83416294692067e+40 solMass / solMass
2896 651.85116555894 solMass / solMass
2897 639.0049024097857 solMass / solMass
HaloMassEqualZero
2901 320.19746100178133 solMass / solMass
2902 120.47822998350657 solMass / solMass
2903 455.8488743128592 solMass / solMass
2904 29.244243489233405 solMass / solMass
2905 828.7909907838472 solMass / solMass
2906 132.74983078844738 solMass / solMass
2907 145.39495899056493 solMass / solMass
2908 325.0336488387723 solMass / solMass
IsSatellite
2910 1.0753326862763118e+41 solMass / solMass
2911 347.14333557742964 solMass / solMass
2912 160.54798494989362 solMass / solMass
2915 150.72379415423967 solMass / solMass
HaloMassEqualZero
2917 19.033377467311052 solMass / solMass
2918 113.34472445737077 solMass / solMass
2919 63.44012619649504 solMass / solMass
2920 584.2242317343295 solMass / solMass
2921 727.0114278954339 solMass / solMass
2924 194.93899075082865 solMass / solMass
2925 91.26417463290574 solMass / solMass
2926 131.13475658952234 solMass / solMass
2927 232.6508363623957 solMass / solMass
2928 262.3624167022596 solMass / solMass
HaloMassEqualZero
2931 236.29638366952767 solMass / solMass
2932 89.59542951005217 solMass / solMass
2933 1356.0337996423664 solMass / solMass
2934 939.7055386871864 solMass / solMass
2935 17.49546747118433 solMass / solMass
2936 1167.726862460829 solMass / solMass
2937 135.23189570896972 solMass / solMass
2938 1696.9489438706046 solMass / solMass
2939 46.407917594197976 solMass / solMass
2940 1.0511379997029202e+41 solMass / solMass
2941 141.95155730282315 solMass / solMass
2943 58.98599438752749 solMass / solMass
2944 425.87303145925193 solMass / solMass
2945 758.0106068432469 solMass / solMass
2946 646.8723965065449 solMass / solMass
2947 589.426109168987 solMass / solMass
2949 84.92931498738072 solMass / solMass
2950 1091.8791833354492 solMass / solMass
2954 217.34521702305543 solMass / solMass
2955 2637.67779493735 solMass / solMass
2956 63.699616964655 solMass / solMass
2958 20.281011489786323 solMass / solMass
2959 124.117959862343 solMass / solMass
2960 55.14400197011413 solMass / solMass
2961 45.29096255750512 solMass / solMass
2962 60.03418506821493 solMass / solMass
2963 93.68228344602106 solMass / solMass
2964 297.08293395636304 solMass / solMass
2965 582.9648893009606 solMass / solMass
2966 214.7922575389725 solMass / solMass
2967 36.55015444556234 solMass / solMass
2968 292.35582991266773 solMass / solMass
2969 264.21355365718244 solMass / solMass
2970 883.1590159417982 solMass / solMass
2971 14.68317469891763 solMass / solMass
2972 111.51691262147297 solMass / solMass
2973 3.2986549862387893 solMass / solMass
IsSatellite
2975 892.0401682251465 solMass / solMass
2976 18.38220925732028 solMass / solMass
2979 61.06174847810931 solMass / solMass
2980 38.0400974535328 solMass / solMass
2981 274.40548118006745 solMass / solMass
2982 403.53641340362003 solMass / solMass
2983 116.30385329021594 solMass / solMass
2984 412.4083225992547 solMass / solMass
2985 33.077850681019626 solMass / solMass
2986 9.086854171462432 solMass / solMass
2987 2.1566615942011738 solMass / solMass
2989 686.130984570822 solMass / solMass
2990 373.39877790000094 solMass / solMass
2993 147.33329271810328 solMass / solMass
2994 1190.8525913459778 solMass / solMass
2995 1751.0980623398116 solMass / solMass
2996 277.56921967072185 solMass / solMass
2997 535.0041628686515 solMass / solMass
IsSatellite
2999 168.1362047762031 solMass / solMass
123AllDone123
