yt : [INFO     ] 2017-08-01 15:50:13,648 Parameters: current_time              = 6.86908770762e+16
yt : [INFO     ] 2017-08-01 15:50:13,648 Parameters: domain_dimensions         = [2 2 2]
yt : [INFO     ] 2017-08-01 15:50:13,649 Parameters: domain_left_edge          = [ 0.  0.  0.]
yt : [INFO     ] 2017-08-01 15:50:13,650 Parameters: domain_right_edge         = [  3.33803289e+25   3.33803289e+25   3.33803289e+25]
yt : [INFO     ] 2017-08-01 15:50:13,650 Parameters: cosmological_simulation   = 1
yt : [INFO     ] 2017-08-01 15:50:13,650 Parameters: current_redshift          = 2.99999997277
yt : [INFO     ] 2017-08-01 15:50:13,650 Parameters: omega_lambda              = 0.712
yt : [INFO     ] 2017-08-01 15:50:13,650 Parameters: omega_matter              = 0.288
yt : [INFO     ] 2017-08-01 15:50:13,650 Parameters: hubble_constant           = 0.6933
yt : [INFO     ] 2017-08-01 15:50:13,742 Parameters: current_time              = 289.00812412611
yt : [INFO     ] 2017-08-01 15:50:13,743 Parameters: domain_dimensions         = [128 128 128]
yt : [INFO     ] 2017-08-01 15:50:13,743 Parameters: domain_left_edge          = [ 0.  0.  0.]
yt : [INFO     ] 2017-08-01 15:50:13,744 Parameters: domain_right_edge         = [ 1.  1.  1.]
yt : [INFO     ] 2017-08-01 15:50:13,744 Parameters: cosmological_simulation   = 1
yt : [INFO     ] 2017-08-01 15:50:13,744 Parameters: current_redshift          = 2.9999999727687
yt : [INFO     ] 2017-08-01 15:50:13,744 Parameters: omega_lambda              = 0.712
yt : [INFO     ] 2017-08-01 15:50:13,744 Parameters: omega_matter              = 0.288
yt : [INFO     ] 2017-08-01 15:50:13,745 Parameters: hubble_constant           = 0.6933
yt : [INFO     ] 2017-08-01 15:50:13,748 Allocating for 8.672e+03 particles (index particle type 'all')
yt : [INFO     ] 2017-08-01 15:50:13,755 Identified 2.873e+03 octs
TimeNow:  2.176161518972389 Gyr
IsSatellite
IsSatellite
IsSatellite
IsSatellite
IsSatellite
Parsing Hierarchy :   0%|          | 0/35732 [00:00<?, ?it/s]Parsing Hierarchy :   3%|▎         | 917/35732 [00:00<00:03, 9169.35it/s]Parsing Hierarchy :   8%|▊         | 2932/35732 [00:00<00:02, 12462.98it/s]Parsing Hierarchy :  10%|█         | 3729/35732 [00:00<00:02, 10908.68it/s]Parsing Hierarchy :  16%|█▌        | 5737/35732 [00:00<00:02, 13658.78it/s]Parsing Hierarchy :  22%|██▏       | 7791/35732 [00:00<00:01, 15722.09it/s]Parsing Hierarchy :  28%|██▊       | 9837/35732 [00:00<00:01, 17139.26it/s]Parsing Hierarchy :  33%|███▎      | 11924/35732 [00:00<00:01, 18256.47it/s]Parsing Hierarchy :  38%|███▊      | 13675/35732 [00:00<00:01, 16032.42it/s]Parsing Hierarchy :  44%|████▍     | 15748/35732 [00:00<00:01, 17436.83it/s]Parsing Hierarchy :  50%|████▉     | 17739/35732 [00:01<00:00, 18177.25it/s]Parsing Hierarchy :  55%|█████▌    | 19731/35732 [00:01<00:00, 18698.24it/s]Parsing Hierarchy :  61%|██████    | 21782/35732 [00:01<00:00, 19241.32it/s]Parsing Hierarchy :  67%|██████▋   | 23886/35732 [00:01<00:00, 19780.79it/s]Parsing Hierarchy :  72%|███████▏  | 25856/35732 [00:01<00:00, 17000.81it/s]Parsing Hierarchy :  78%|███████▊  | 27970/35732 [00:01<00:00, 18241.08it/s]Parsing Hierarchy :  84%|████████▍ | 30080/35732 [00:01<00:00, 19097.80it/s]Parsing Hierarchy :  90%|█████████ | 32199/35732 [00:01<00:00, 19723.63it/s]Parsing Hierarchy :  96%|█████████▌| 34281/35732 [00:01<00:00, 20049.29it/s]Parsing Hierarchy : 100%|██████████| 35732/35732 [00:02<00:00, 17601.79it/s]
yt : [INFO     ] 2017-08-01 15:50:23,001 Gathering a field list (this may take a moment.)
179 2.4028432445863045e+26 g / s
181 3.3712240802825085e+26 g / s
191 8.499431841392996e+25 g / s
192 5.363270936652421e+25 g / s
194 1.0963688065980568e+26 g / s
196 8.734679524540264e+25 g / s
200 6.805264696592745e+25 g / s
201 1.0706033080975149e+26 g / s
206 1.0718894661101686e+26 g / s
209 4.0295819673215004e+25 g / s
214 7.143081112732539e+25 g / s
IsSatellite
217 8.330791578856165e+25 g / s
220 6.777321582956566e+25 g / s
IsSatellite
227 2.497502740323531e+25 g / s
237 2.558775437998639e+25 g / s
241 1.53304738450249e+25 g / s
243 1.2658579610478275e+25 g / s
247 2.1643086440149324e+25 g / s
250 3.155040365157437e+25 g / s
251 2.069179030966217e+25 g / s
254 2.877759472244565e+25 g / s
255 1.300795153438703e+25 g / s
256 3.8216860630291866e+25 g / s
257 1.1324054575862302e+25 g / s
259 1.4931765444720318e+25 g / s
260 3.7796511672558693e+25 g / s
262 1.111075644347979e+25 g / s
264 1.5487722596465842e+25 g / s
265 2.70863623334513e+25 g / s
270 3.7907380297277694e+24 g / s
272 9.276302887195742e+24 g / s
273 4.842191448256304e+24 g / s
274 1.2635483250238134e+25 g / s
276 1.521805928092829e+25 g / s
277 3.3669928040011785e+25 g / s
278 3.9152347844635205e+24 g / s
280 3.3569113208963317e+25 g / s
282 7.1701253897196795e+25 g / s
285 1.5221041569182338e+25 g / s
292 3.737809708444106e+24 g / s
295 7.712432169115961e+24 g / s
296 1.944725788198687e+25 g / s
299 9.632592630433524e+24 g / s
301 5.101140833258222e+24 g / s
302 1.250152604685305e+25 g / s
306 1.5513486091211062e+25 g / s
308 1.3257094190694462e+25 g / s
309 7.294764612106967e+24 g / s
313 3.6785173565178636e+25 g / s
IsSatellite
327 1.1680413056337512e+25 g / s
328 4.6707270579579604e+24 g / s
330 7.012558047667912e+24 g / s
331 3.3780433524608526e+25 g / s
IsSatellite
333 4.0710530232085605e+24 g / s
335 8.035748140788177e+24 g / s
337 7.805316927744615e+24 g / s
345 2.4693883672118367e+25 g / s
348 6.926307080915512e+24 g / s
349 9.482689036429766e+24 g / s
352 1.5277753032382528e+25 g / s
353 1.565665732673395e+25 g / s
356 1.2866570060895275e+25 g / s
357 1.9332386934348977e+24 g / s
359 1.4525858439956462e+25 g / s
360 0.0 g / s
361 1.4676567426874228e+23 g / s
362 9.309564577001098e+24 g / s
364 5.850508359512071e+24 g / s
365 9.001555609946577e+24 g / s
375 1.0373713633589588e+24 g / s
377 9.170044845100419e+24 g / s
378 3.008265742078539e+23 g / s
381 2.865720274802043e+23 g / s
382 0.0 g / s
383 9.190661477077134e+24 g / s
384 2.2185403789517018e+24 g / s
389 4.3270486523946095e+24 g / s
IsSatellite
396 0.0 g / s
399 5.413534717289015e+24 g / s
403 9.444124852374935e+24 g / s
404 4.517865168886805e+23 g / s
405 1.7393815268832916e+24 g / s
406 4.913692441399973e+24 g / s
407 6.126996763954566e+24 g / s
409 8.758136949816245e+24 g / s
413 1.747805729255182e+24 g / s
415 1.3254160537278217e+23 g / s
417 2.512830430958905e+24 g / s
421 5.002514569910863e+23 g / s
422 2.3730039753478186e+23 g / s
423 0.0 g / s
425 0.0 g / s
426 0.0 g / s
430 3.086817489774556e+24 g / s
431 9.360526753908534e+23 g / s
432 3.1278685352023537e+22 g / s
IsSatellite
441 4.3711319178432646e+24 g / s
IsSatellite
448 8.172262888177167e+24 g / s
450 4.279859241971637e+23 g / s
451 6.152703193823436e+24 g / s
453 0.0 g / s
458 0.0 g / s
459 5.521720644354828e+23 g / s
IsSatellite
466 0.0 g / s
471 4.995916443582327e+24 g / s
474 8.508373064513953e+22 g / s
475 2.1308018346270518e+24 g / s
476 2.6851618182991412e+23 g / s
478 1.7994118314151227e+24 g / s
483 9.479487567173357e+23 g / s
488 1.917181415386037e+24 g / s
493 1.1150476839745314e+23 g / s
IsSatellite
496 5.4414796466258055e+23 g / s
501 1.4165058626093131e+22 g / s
503 1.275444276657395e+25 g / s
505 6.983314243929542e+23 g / s
506 4.7648523291828305e+22 g / s
509 1.1555183536712202e+23 g / s
510 3.472954757203961e+24 g / s
515 1.8891061446839355e+24 g / s
517 7.49089983446124e+23 g / s
520 4.679332181926476e+24 g / s
524 0.0 g / s
IsSatellite
530 4.7993506407973766e+23 g / s
532 4.985863946840811e+24 g / s
IsSatellite
535 5.173190427372302e+22 g / s
537 0.0 g / s
538 3.9115164889973967e+24 g / s
539 1.9574938597437417e+23 g / s
544 0.0 g / s
IsSatellite
547 2.3384712951145573e+24 g / s
548 0.0 g / s
558 0.0 g / s
559 1.0750679019073952e+24 g / s
RadiusEqualZero
563 0.0 g / s
565 1.9633300402800375e+23 g / s
566 0.0 g / s
570 0.0 g / s
571 0.0 g / s
572 7.171920144927492e+23 g / s
573 5.763098586690968e+22 g / s
574 0.0 g / s
576 0.0 g / s
577 0.0 g / s
578 0.0 g / s
579 0.0 g / s
IsSatellite
581 0.0 g / s
582 0.0 g / s
584 2.9289066560750014e+23 g / s
585 0.0 g / s
587 0.0 g / s
593 0.0 g / s
594 1.2706013492019263e+22 g / s
595 8.91995348522359e+22 g / s
597 1.293660746965334e+23 g / s
598 7.743768567808843e+22 g / s
612 0.0 g / s
613 4.7826773214696843e+24 g / s
616 1.8958313700552596e+23 g / s
618 0.0 g / s
622 2.7714075973355076e+22 g / s
626 0.0 g / s
628 6.666156739652128e+23 g / s
630 0.0 g / s
632 1.4152089336012478e+23 g / s
634 1.8345709283592785e+22 g / s
635 6.081744965469645e+24 g / s
638 0.0 g / s
639 0.0 g / s
641 2.8785922952070936e+23 g / s
643 0.0 g / s
651 7.196010601252313e+21 g / s
656 0.0 g / s
659 5.176432749892467e+22 g / s
660 0.0 g / s
663 0.0 g / s
666 0.0 g / s
668 0.0 g / s
670 0.0 g / s
674 0.0 g / s
676 0.0 g / s
681 1.0809092701597232e+24 g / s
683 1.768122770631034e+23 g / s
685 0.0 g / s
686 0.0 g / s
687 7.488822802654824e+24 g / s
688 0.0 g / s
691 0.0 g / s
692 0.0 g / s
695 1.4111689997411228e+24 g / s
696 0.0 g / s
698 0.0 g / s
701 0.0 g / s
702 6.4826996468162e+21 g / s
704 4.0971284293802246e+22 g / s
705 0.0 g / s
707 0.0 g / s
708 7.196010601252312e+21 g / s
715 1.8864480886819048e+22 g / s
IsSatellite
719 0.0 g / s
722 0.0 g / s
723 0.0 g / s
730 0.0 g / s
731 0.0 g / s
732 0.0 g / s
733 1.9402939872387752e+24 g / s
740 1.3600699968233359e+23 g / s
745 0.0 g / s
751 0.0 g / s
756 0.0 g / s
760 0.0 g / s
762 0.0 g / s
763 0.0 g / s
765 0.0 g / s
767 0.0 g / s
770 0.0 g / s
772 0.0 g / s
773 0.0 g / s
775 0.0 g / s
777 0.0 g / s
782 0.0 g / s
783 0.0 g / s
784 0.0 g / s
786 0.0 g / s
787 0.0 g / s
788 0.0 g / s
791 1.8086323481979654e+22 g / s
794 3.583032255228038e+23 g / s
796 0.0 g / s
798 0.0 g / s
799 0.0 g / s
IsSatellite
808 0.0 g / s
814 0.0 g / s
825 0.0 g / s
828 0.0 g / s
831 0.0 g / s
832 0.0 g / s
IsSatellite
835 0.0 g / s
842 0.0 g / s
843 0.0 g / s
844 0.0 g / s
848 2.524991085803032e+22 g / s
849 0.0 g / s
IsSatellite
852 1.087449034682894e+23 g / s
853 0.0 g / s
854 0.0 g / s
855 0.0 g / s
856 0.0 g / s
860 0.0 g / s
862 0.0 g / s
864 7.487430549364666e+22 g / s
865 0.0 g / s
867 0.0 g / s
869 0.0 g / s
870 0.0 g / s
873 0.0 g / s
IsSatellite
RadiusEqualZero
880 0.0 g / s
881 0.0 g / s
883 0.0 g / s
886 0.0 g / s
888 0.0 g / s
892 0.0 g / s
893 0.0 g / s
894 0.0 g / s
896 0.0 g / s
902 0.0 g / s
903 0.0 g / s
905 0.0 g / s
906 0.0 g / s
910 0.0 g / s
911 0.0 g / s
914 0.0 g / s
918 0.0 g / s
919 0.0 g / s
920 0.0 g / s
921 0.0 g / s
923 0.0 g / s
925 0.0 g / s
926 0.0 g / s
928 0.0 g / s
929 0.0 g / s
934 0.0 g / s
935 0.0 g / s
936 0.0 g / s
937 0.0 g / s
939 0.0 g / s
940 0.0 g / s
941 0.0 g / s
946 0.0 g / s
950 9.244380276591213e+22 g / s
951 0.0 g / s
954 0.0 g / s
956 0.0 g / s
959 0.0 g / s
962 0.0 g / s
964 0.0 g / s
968 0.0 g / s
975 0.0 g / s
978 0.0 g / s
979 0.0 g / s
982 0.0 g / s
983 0.0 g / s
985 0.0 g / s
IsSatellite
IsSatellite
988 0.0 g / s
990 0.0 g / s
991 0.0 g / s
995 0.0 g / s
996 0.0 g / s
997 0.0 g / s
1000 0.0 g / s
1001 7.196010601252312e+21 g / s
1007 0.0 g / s
IsSatellite
1012 0.0 g / s
1014 0.0 g / s
1016 0.0 g / s
1023 0.0 g / s
1025 0.0 g / s
1026 0.0 g / s
1027 0.0 g / s
1031 0.0 g / s
1033 0.0 g / s
1037 0.0 g / s
1043 0.0 g / s
1044 0.0 g / s
1047 0.0 g / s
1048 0.0 g / s
1049 0.0 g / s
1052 0.0 g / s
1053 0.0 g / s
1054 0.0 g / s
1056 0.0 g / s
1057 0.0 g / s
1059 0.0 g / s
1060 0.0 g / s
1061 0.0 g / s
1065 0.0 g / s
1067 0.0 g / s
1070 0.0 g / s
1071 0.0 g / s
1072 0.0 g / s
1073 0.0 g / s
1074 0.0 g / s
1076 0.0 g / s
1077 0.0 g / s
1082 0.0 g / s
1084 0.0 g / s
1085 0.0 g / s
1086 0.0 g / s
1089 0.0 g / s
1090 0.0 g / s
1092 0.0 g / s
1094 0.0 g / s
1095 0.0 g / s
1096 4.4730433023680556e+22 g / s
1099 0.0 g / s
1103 0.0 g / s
1104 0.0 g / s
1107 0.0 g / s
1111 0.0 g / s
1112 0.0 g / s
1113 0.0 g / s
1114 0.0 g / s
IsSatellite
1119 0.0 g / s
1122 0.0 g / s
1123 0.0 g / s
IsSatellite
1129 0.0 g / s
1132 0.0 g / s
1133 0.0 g / s
1135 0.0 g / s
1138 0.0 g / s
1139 0.0 g / s
1140 0.0 g / s
1142 0.0 g / s
1148 0.0 g / s
1149 0.0 g / s
1150 0.0 g / s
1151 0.0 g / s
1153 0.0 g / s
1155 0.0 g / s
1156 0.0 g / s
1158 0.0 g / s
IsSatellite
1162 0.0 g / s
1165 0.0 g / s
1166 0.0 g / s
1167 0.0 g / s
1168 0.0 g / s
1169 0.0 g / s
1174 0.0 g / s
1175 0.0 g / s
1180 0.0 g / s
1182 0.0 g / s
1184 0.0 g / s
1185 0.0 g / s
IsSatellite
RadiusEqualZero
1189 0.0 g / s
1191 0.0 g / s
1194 0.0 g / s
1195 0.0 g / s
IsSatellite
1199 0.0 g / s
IsSatellite
1201 0.0 g / s
1202 0.0 g / s
1206 0.0 g / s
1207 0.0 g / s
1209 0.0 g / s
1211 0.0 g / s
1213 0.0 g / s
RadiusEqualZero
1216 0.0 g / s
1220 0.0 g / s
1221 0.0 g / s
1222 0.0 g / s
1228 0.0 g / s
1229 0.0 g / s
1234 0.0 g / s
1235 1.1687924220687722e+23 g / s
1238 0.0 g / s
1239 0.0 g / s
1241 0.0 g / s
1250 0.0 g / s
RadiusEqualZero
1254 0.0 g / s
1255 0.0 g / s
1256 0.0 g / s
1258 0.0 g / s
IsSatellite
1266 0.0 g / s
1267 0.0 g / s
1270 0.0 g / s
1271 0.0 g / s
1272 0.0 g / s
1273 0.0 g / s
1276 0.0 g / s
1278 0.0 g / s
1279 0.0 g / s
1281 0.0 g / s
1282 0.0 g / s
1286 0.0 g / s
1287 0.0 g / s
IsSatellite
1293 0.0 g / s
1296 0.0 g / s
1298 0.0 g / s
1299 0.0 g / s
1303 0.0 g / s
1305 0.0 g / s
1306 0.0 g / s
1307 0.0 g / s
1311 0.0 g / s
1312 0.0 g / s
1314 0.0 g / s
1315 0.0 g / s
1323 0.0 g / s
1327 0.0 g / s
1333 0.0 g / s
1336 0.0 g / s
1337 0.0 g / s
1342 0.0 g / s
1344 0.0 g / s
1345 0.0 g / s
1350 0.0 g / s
1356 0.0 g / s
1357 0.0 g / s
1358 0.0 g / s
1360 0.0 g / s
1362 0.0 g / s
1364 0.0 g / s
1366 0.0 g / s
1369 0.0 g / s
1370 0.0 g / s
1371 0.0 g / s
1372 0.0 g / s
1373 0.0 g / s
1379 0.0 g / s
1383 0.0 g / s
1384 0.0 g / s
1386 0.0 g / s
1387 0.0 g / s
1389 0.0 g / s
1394 0.0 g / s
1396 0.0 g / s
1402 0.0 g / s
1403 0.0 g / s
1405 0.0 g / s
IsSatellite
1412 0.0 g / s
1413 0.0 g / s
1414 0.0 g / s
1415 0.0 g / s
1416 2.4860832155610628e+22 g / s
1417 0.0 g / s
1419 0.0 g / s
IsSatellite
1424 0.0 g / s
1426 0.0 g / s
1428 0.0 g / s
1431 0.0 g / s
1434 0.0 g / s
1435 0.0 g / s
1437 0.0 g / s
1439 0.0 g / s
IsSatellite
1444 0.0 g / s
1445 0.0 g / s
1446 0.0 g / s
1450 0.0 g / s
1451 0.0 g / s
1452 0.0 g / s
1453 0.0 g / s
IsSatellite
1456 0.0 g / s
1458 0.0 g / s
1459 0.0 g / s
1460 0.0 g / s
1462 0.0 g / s
1466 0.0 g / s
1467 0.0 g / s
1468 0.0 g / s
1470 0.0 g / s
1472 0.0 g / s
1473 0.0 g / s
1475 0.0 g / s
RadiusEqualZero
IsSatellite
IsSatellite
1485 0.0 g / s
1486 0.0 g / s
1487 0.0 g / s
IsSatellite
IsSatellite
1493 0.0 g / s
1495 0.0 g / s
1497 0.0 g / s
1499 0.0 g / s
1503 0.0 g / s
1505 0.0 g / s
1506 0.0 g / s
1510 0.0 g / s
1512 0.0 g / s
1513 0.0 g / s
1514 0.0 g / s
RadiusEqualZero
1520 0.0 g / s
1521 0.0 g / s
1522 0.0 g / s
RadiusEqualZero
1528 0.0 g / s
1533 0.0 g / s
1534 0.0 g / s
1536 0.0 g / s
1537 0.0 g / s
1539 0.0 g / s
1543 0.0 g / s
1544 0.0 g / s
1546 0.0 g / s
1547 0.0 g / s
1549 0.0 g / s
1550 1.3257208320447167e+22 g / s
1553 0.0 g / s
1554 0.0 g / s
1555 0.0 g / s
1557 0.0 g / s
1559 0.0 g / s
1560 0.0 g / s
1562 0.0 g / s
1564 0.0 g / s
1565 0.0 g / s
RadiusEqualZero
1570 0.0 g / s
1572 0.0 g / s
1575 0.0 g / s
1578 0.0 g / s
1579 0.0 g / s
1580 0.0 g / s
1581 0.0 g / s
1583 0.0 g / s
1587 0.0 g / s
1589 0.0 g / s
1590 0.0 g / s
1591 0.0 g / s
1596 0.0 g / s
1598 0.0 g / s
1599 0.0 g / s
1601 0.0 g / s
1609 0.0 g / s
1610 0.0 g / s
1613 0.0 g / s
1615 0.0 g / s
1616 0.0 g / s
1618 0.0 g / s
1619 0.0 g / s
1623 0.0 g / s
1624 0.0 g / s
1627 0.0 g / s
1629 0.0 g / s
1630 0.0 g / s
1632 0.0 g / s
IsSatellite
1635 0.0 g / s
1636 0.0 g / s
1637 0.0 g / s
1639 0.0 g / s
1641 0.0 g / s
1642 0.0 g / s
1645 0.0 g / s
1647 0.0 g / s
1648 0.0 g / s
1649 0.0 g / s
IsSatellite
1651 0.0 g / s
1654 0.0 g / s
1655 0.0 g / s
1656 0.0 g / s
1657 0.0 g / s
1658 0.0 g / s
1659 0.0 g / s
1661 0.0 g / s
1662 0.0 g / s
1663 0.0 g / s
1664 0.0 g / s
1666 0.0 g / s
1668 0.0 g / s
1669 0.0 g / s
1670 0.0 g / s
1673 0.0 g / s
1676 0.0 g / s
1678 0.0 g / s
1679 0.0 g / s
1680 0.0 g / s
1682 0.0 g / s
IsSatellite
1686 0.0 g / s
1687 0.0 g / s
1688 0.0 g / s
IsSatellite
1691 0.0 g / s
1692 0.0 g / s
IsSatellite
1696 0.0 g / s
1697 0.0 g / s
1701 0.0 g / s
1702 0.0 g / s
1705 0.0 g / s
1708 0.0 g / s
1711 0.0 g / s
1712 0.0 g / s
1714 0.0 g / s
1715 0.0 g / s
1716 0.0 g / s
1717 0.0 g / s
1719 0.0 g / s
1721 0.0 g / s
1724 0.0 g / s
RadiusEqualZero
1728 0.0 g / s
1729 0.0 g / s
1732 0.0 g / s
1734 0.0 g / s
1735 0.0 g / s
1736 0.0 g / s
1738 0.0 g / s
1740 0.0 g / s
1741 0.0 g / s
1742 0.0 g / s
1747 0.0 g / s
1748 0.0 g / s
1751 0.0 g / s
1754 0.0 g / s
1755 0.0 g / s
IsSatellite
IsSatellite
1762 0.0 g / s
1763 0.0 g / s
IsSatellite
1766 0.0 g / s
IsSatellite
1771 0.0 g / s
1772 0.0 g / s
1774 0.0 g / s
1775 0.0 g / s
1777 0.0 g / s
1779 0.0 g / s
1780 0.0 g / s
1782 0.0 g / s
1785 0.0 g / s
1787 0.0 g / s
1792 0.0 g / s
1793 0.0 g / s
1795 0.0 g / s
1796 0.0 g / s
1797 0.0 g / s
1798 0.0 g / s
1802 0.0 g / s
1803 0.0 g / s
IsSatellite
1808 0.0 g / s
1809 0.0 g / s
1810 0.0 g / s
1811 0.0 g / s
1812 0.0 g / s
1813 0.0 g / s
1814 0.0 g / s
1815 0.0 g / s
1816 0.0 g / s
1819 0.0 g / s
1820 0.0 g / s
1822 0.0 g / s
1823 0.0 g / s
1825 0.0 g / s
1826 0.0 g / s
1833 0.0 g / s
1834 0.0 g / s
1839 0.0 g / s
1841 0.0 g / s
1845 0.0 g / s
1846 0.0 g / s
RadiusEqualZero
1850 0.0 g / s
IsSatellite
1855 0.0 g / s
1861 0.0 g / s
1863 0.0 g / s
IsSatellite
IsSatellite
1870 0.0 g / s
1871 0.0 g / s
1872 0.0 g / s
1873 0.0 g / s
1874 0.0 g / s
1878 0.0 g / s
1879 0.0 g / s
1881 0.0 g / s
IsSatellite
1885 0.0 g / s
1890 0.0 g / s
1891 0.0 g / s
1892 0.0 g / s
1894 0.0 g / s
1895 0.0 g / s
1896 0.0 g / s
1898 0.0 g / s
1904 0.0 g / s
1905 0.0 g / s
1906 0.0 g / s
1907 0.0 g / s
1908 0.0 g / s
1912 0.0 g / s
1914 0.0 g / s
1915 0.0 g / s
1919 0.0 g / s
IsSatellite
IsSatellite
IsSatellite
1924 0.0 g / s
1926 0.0 g / s
1927 0.0 g / s
IsSatellite
1937 0.0 g / s
1939 0.0 g / s
1940 0.0 g / s
1945 0.0 g / s
1948 0.0 g / s
1952 0.0 g / s
1954 0.0 g / s
1956 0.0 g / s
RadiusEqualZero
1959 0.0 g / s
1960 0.0 g / s
1961 0.0 g / s
1962 0.0 g / s
1963 0.0 g / s
1965 0.0 g / s
1968 0.0 g / s
1970 0.0 g / s
1971 0.0 g / s
1974 0.0 g / s
1976 0.0 g / s
1978 0.0 g / s
1981 0.0 g / s
IsSatellite
1990 0.0 g / s
IsSatellite
1995 0.0 g / s
1998 0.0 g / s
1999 0.0 g / s
2000 0.0 g / s
2002 0.0 g / s
2004 0.0 g / s
2007 0.0 g / s
2011 0.0 g / s
2012 0.0 g / s
2014 0.0 g / s
2015 0.0 g / s
2019 0.0 g / s
2021 0.0 g / s
2023 0.0 g / s
2024 0.0 g / s
2025 0.0 g / s
2028 0.0 g / s
2029 0.0 g / s
2031 0.0 g / s
2032 0.0 g / s
IsSatellite
2038 0.0 g / s
2039 0.0 g / s
2043 0.0 g / s
2044 0.0 g / s
2046 0.0 g / s
2047 0.0 g / s
2048 0.0 g / s
2050 0.0 g / s
2051 0.0 g / s
2052 0.0 g / s
2054 0.0 g / s
2056 0.0 g / s
2057 0.0 g / s
2058 0.0 g / s
2059 0.0 g / s
2061 0.0 g / s
2062 0.0 g / s
2064 0.0 g / s
2068 0.0 g / s
2069 0.0 g / s
2070 0.0 g / s
2072 0.0 g / s
2073 0.0 g / s
2076 0.0 g / s
2077 0.0 g / s
2078 0.0 g / s
2083 0.0 g / s
2085 0.0 g / s
2087 0.0 g / s
2093 0.0 g / s
2094 0.0 g / s
2095 0.0 g / s
2096 0.0 g / s
2097 0.0 g / s
2098 0.0 g / s
2103 0.0 g / s
2104 0.0 g / s
2105 0.0 g / s
2107 0.0 g / s
2110 0.0 g / s
2111 0.0 g / s
2112 0.0 g / s
2114 0.0 g / s
IsSatellite
IsSatellite
2118 0.0 g / s
2119 0.0 g / s
2120 0.0 g / s
IsSatellite
IsSatellite
2131 0.0 g / s
2132 0.0 g / s
IsSatellite
2134 0.0 g / s
2135 0.0 g / s
2139 0.0 g / s
2140 0.0 g / s
2141 0.0 g / s
2142 0.0 g / s
2144 0.0 g / s
2145 0.0 g / s
2146 0.0 g / s
IsSatellite
2150 0.0 g / s
2151 0.0 g / s
IsSatellite
2154 0.0 g / s
IsSatellite
2158 0.0 g / s
2161 0.0 g / s
2167 0.0 g / s
IsSatellite
2169 0.0 g / s
IsSatellite
2172 0.0 g / s
2173 0.0 g / s
2174 0.0 g / s
2178 0.0 g / s
2179 0.0 g / s
2180 0.0 g / s
2183 0.0 g / s
2185 0.0 g / s
IsSatellite
2194 0.0 g / s
2195 0.0 g / s
2196 0.0 g / s
2199 0.0 g / s
2200 0.0 g / s
2201 0.0 g / s
2203 0.0 g / s
2207 0.0 g / s
2209 0.0 g / s
2210 0.0 g / s
2211 0.0 g / s
2212 0.0 g / s
2216 0.0 g / s
IsSatellite
2219 0.0 g / s
2222 0.0 g / s
2223 0.0 g / s
IsSatellite
2225 0.0 g / s
2226 0.0 g / s
IsSatellite
2229 0.0 g / s
2230 0.0 g / s
2231 0.0 g / s
2233 0.0 g / s
2235 0.0 g / s
2237 0.0 g / s
2238 0.0 g / s
IsSatellite
2240 0.0 g / s
2243 0.0 g / s
2245 0.0 g / s
RadiusEqualZero
2247 0.0 g / s
2250 0.0 g / s
2251 0.0 g / s
2252 0.0 g / s
IsSatellite
2255 0.0 g / s
2256 0.0 g / s
2264 0.0 g / s
RadiusEqualZero
2269 0.0 g / s
2270 0.0 g / s
2273 0.0 g / s
2277 0.0 g / s
IsSatellite
IsSatellite
2286 0.0 g / s
2289 0.0 g / s
2290 0.0 g / s
2291 0.0 g / s
2292 0.0 g / s
2293 0.0 g / s
2295 0.0 g / s
2298 0.0 g / s
2300 0.0 g / s
2301 0.0 g / s
2304 0.0 g / s
2305 0.0 g / s
2307 0.0 g / s
2308 0.0 g / s
2311 0.0 g / s
2312 0.0 g / s
RadiusEqualZero
2317 0.0 g / s
2321 0.0 g / s
2323 0.0 g / s
RadiusEqualZero
2328 0.0 g / s
2329 0.0 g / s
2330 0.0 g / s
2333 0.0 g / s
2334 0.0 g / s
2335 0.0 g / s
2336 0.0 g / s
2337 0.0 g / s
2338 0.0 g / s
2341 0.0 g / s
2342 0.0 g / s
2344 0.0 g / s
2346 0.0 g / s
2350 0.0 g / s
2351 0.0 g / s
2353 0.0 g / s
2355 0.0 g / s
2359 0.0 g / s
2360 0.0 g / s
2361 0.0 g / s
2363 0.0 g / s
2366 0.0 g / s
2367 0.0 g / s
2369 0.0 g / s
2370 0.0 g / s
2373 0.0 g / s
2374 0.0 g / s
2375 0.0 g / s
2377 0.0 g / s
2378 0.0 g / s
2384 0.0 g / s
IsSatellite
2387 0.0 g / s
2389 0.0 g / s
2394 0.0 g / s
2395 0.0 g / s
2396 0.0 g / s
2397 0.0 g / s
2399 0.0 g / s
2400 0.0 g / s
2402 0.0 g / s
2403 0.0 g / s
RadiusEqualZero
2405 0.0 g / s
2409 0.0 g / s
RadiusEqualZero
2414 0.0 g / s
2417 0.0 g / s
2418 0.0 g / s
2419 0.0 g / s
2420 0.0 g / s
2421 0.0 g / s
2426 0.0 g / s
2427 0.0 g / s
IsSatellite
IsSatellite
2433 0.0 g / s
2434 0.0 g / s
2435 0.0 g / s
IsSatellite
IsSatellite
2440 0.0 g / s
2443 0.0 g / s
2444 0.0 g / s
2446 0.0 g / s
2450 0.0 g / s
IsSatellite
2454 0.0 g / s
2455 0.0 g / s
2458 0.0 g / s
2461 0.0 g / s
2463 0.0 g / s
2465 0.0 g / s
2467 0.0 g / s
2469 0.0 g / s
2471 0.0 g / s
2472 0.0 g / s
2473 0.0 g / s
2477 0.0 g / s
2478 0.0 g / s
2479 0.0 g / s
2481 0.0 g / s
2483 0.0 g / s
2484 0.0 g / s
IsSatellite
2489 0.0 g / s
IsSatellite
2496 0.0 g / s
2497 0.0 g / s
2501 0.0 g / s
2505 0.0 g / s
IsSatellite
2509 0.0 g / s
2510 0.0 g / s
2512 0.0 g / s
2513 0.0 g / s
2514 0.0 g / s
2522 0.0 g / s
2523 0.0 g / s
2525 0.0 g / s
IsSatellite
2528 0.0 g / s
2529 0.0 g / s
2530 0.0 g / s
2534 0.0 g / s
IsSatellite
2540 0.0 g / s
2541 0.0 g / s
2543 0.0 g / s
2545 0.0 g / s
2549 0.0 g / s
2551 0.0 g / s
2552 0.0 g / s
2554 0.0 g / s
2556 0.0 g / s
2557 0.0 g / s
RadiusEqualZero
2559 0.0 g / s
2560 0.0 g / s
2561 0.0 g / s
2562 0.0 g / s
2563 0.0 g / s
RadiusEqualZero
2566 0.0 g / s
2567 0.0 g / s
2569 0.0 g / s
2572 0.0 g / s
2573 0.0 g / s
2574 0.0 g / s
2577 0.0 g / s
2579 0.0 g / s
2580 0.0 g / s
2581 0.0 g / s
2582 0.0 g / s
2583 0.0 g / s
2585 0.0 g / s
2586 0.0 g / s
2587 0.0 g / s
2588 0.0 g / s
2589 0.0 g / s
2590 0.0 g / s
2592 0.0 g / s
2593 0.0 g / s
2595 0.0 g / s
2596 0.0 g / s
2597 0.0 g / s
2598 0.0 g / s
2599 0.0 g / s
2600 0.0 g / s
2603 0.0 g / s
2604 0.0 g / s
IsSatellite
2611 0.0 g / s
2612 0.0 g / s
2614 0.0 g / s
2617 0.0 g / s
RadiusEqualZero
2620 0.0 g / s
2621 0.0 g / s
2622 0.0 g / s
2624 0.0 g / s
2627 0.0 g / s
2628 0.0 g / s
2629 0.0 g / s
IsSatellite
2635 0.0 g / s
2636 0.0 g / s
2637 0.0 g / s
IsSatellite
2639 0.0 g / s
2640 0.0 g / s
2641 0.0 g / s
2643 0.0 g / s
2644 0.0 g / s
2646 0.0 g / s
2647 0.0 g / s
2648 0.0 g / s
2649 0.0 g / s
2652 0.0 g / s
2655 0.0 g / s
2661 0.0 g / s
2663 0.0 g / s
2664 0.0 g / s
2665 0.0 g / s
2670 0.0 g / s
2671 0.0 g / s
2672 0.0 g / s
2673 0.0 g / s
IsSatellite
2676 0.0 g / s
2679 0.0 g / s
2680 0.0 g / s
2681 0.0 g / s
2682 0.0 g / s
2684 0.0 g / s
2686 0.0 g / s
2687 0.0 g / s
2689 0.0 g / s
2690 0.0 g / s
2692 0.0 g / s
2693 0.0 g / s
2695 0.0 g / s
2698 0.0 g / s
2699 0.0 g / s
IsSatellite
2702 0.0 g / s
2703 0.0 g / s
2705 0.0 g / s
2706 0.0 g / s
2707 0.0 g / s
IsSatellite
2709 0.0 g / s
2710 0.0 g / s
2711 0.0 g / s
2712 0.0 g / s
2713 0.0 g / s
2715 0.0 g / s
2716 0.0 g / s
2719 0.0 g / s
2720 0.0 g / s
2721 0.0 g / s
2724 0.0 g / s
2725 0.0 g / s
2728 0.0 g / s
2729 0.0 g / s
IsSatellite
2734 0.0 g / s
2736 0.0 g / s
2737 0.0 g / s
2739 0.0 g / s
2740 0.0 g / s
2744 0.0 g / s
2748 0.0 g / s
2749 0.0 g / s
2751 0.0 g / s
2752 0.0 g / s
IsSatellite
2755 0.0 g / s
2756 0.0 g / s
2765 0.0 g / s
2766 0.0 g / s
2768 0.0 g / s
2774 0.0 g / s
2778 0.0 g / s
2779 0.0 g / s
2780 0.0 g / s
2783 0.0 g / s
2784 0.0 g / s
2785 0.0 g / s
2790 0.0 g / s
2791 0.0 g / s
2792 0.0 g / s
2794 0.0 g / s
2795 0.0 g / s
IsSatellite
2799 0.0 g / s
2800 0.0 g / s
RadiusEqualZero
2806 0.0 g / s
2807 0.0 g / s
2808 0.0 g / s
2813 0.0 g / s
IsSatellite
IsSatellite
2816 0.0 g / s
2818 0.0 g / s
2820 0.0 g / s
IsSatellite
2823 0.0 g / s
2825 0.0 g / s
2827 0.0 g / s
2829 0.0 g / s
2832 0.0 g / s
2835 0.0 g / s
2836 0.0 g / s
2838 0.0 g / s
IsSatellite
2843 0.0 g / s
2846 0.0 g / s
2847 0.0 g / s
2849 0.0 g / s
2852 0.0 g / s
2853 0.0 g / s
2854 0.0 g / s
2855 0.0 g / s
2857 0.0 g / s
2863 0.0 g / s
2865 0.0 g / s
2866 0.0 g / s
2868 0.0 g / s
IsSatellite
2870 0.0 g / s
2874 0.0 g / s
2875 0.0 g / s
