yt : [INFO     ] 2017-07-21 12:11:56,303 Parameters: current_time              = 6.86908770762e+16
yt : [INFO     ] 2017-07-21 12:11:56,303 Parameters: domain_dimensions         = [2 2 2]
yt : [INFO     ] 2017-07-21 12:11:56,303 Parameters: domain_left_edge          = [ 0.  0.  0.]
yt : [INFO     ] 2017-07-21 12:11:56,304 Parameters: domain_right_edge         = [  3.33803289e+25   3.33803289e+25   3.33803289e+25]
yt : [INFO     ] 2017-07-21 12:11:56,304 Parameters: cosmological_simulation   = 1
yt : [INFO     ] 2017-07-21 12:11:56,305 Parameters: current_redshift          = 2.99999997277
yt : [INFO     ] 2017-07-21 12:11:56,305 Parameters: omega_lambda              = 0.712
yt : [INFO     ] 2017-07-21 12:11:56,305 Parameters: omega_matter              = 0.288
yt : [INFO     ] 2017-07-21 12:11:56,305 Parameters: hubble_constant           = 0.6933
yt : [INFO     ] 2017-07-21 12:11:56,389 Parameters: current_time              = 289.00812412611
yt : [INFO     ] 2017-07-21 12:11:56,389 Parameters: domain_dimensions         = [128 128 128]
yt : [INFO     ] 2017-07-21 12:11:56,390 Parameters: domain_left_edge          = [ 0.  0.  0.]
yt : [INFO     ] 2017-07-21 12:11:56,390 Parameters: domain_right_edge         = [ 1.  1.  1.]
yt : [INFO     ] 2017-07-21 12:11:56,391 Parameters: cosmological_simulation   = 1
yt : [INFO     ] 2017-07-21 12:11:56,391 Parameters: current_redshift          = 2.9999999727687
yt : [INFO     ] 2017-07-21 12:11:56,391 Parameters: omega_lambda              = 0.712
yt : [INFO     ] 2017-07-21 12:11:56,391 Parameters: omega_matter              = 0.288
yt : [INFO     ] 2017-07-21 12:11:56,391 Parameters: hubble_constant           = 0.6933
yt : [INFO     ] 2017-07-21 12:11:56,394 Allocating for 8.672e+03 particles (index particle type 'all')
yt : [INFO     ] 2017-07-21 12:11:56,400 Identified 2.873e+03 octs
OutOfBounds
OutOfBounds
OutOfBounds
OutOfBounds
OutOfBounds
OutOfBounds
OutOfBounds
OutOfBounds
OutOfBounds
OutOfBounds
OutOfBounds
OutOfBounds
OutOfBounds
OutOfBounds
OutOfBounds
OutOfBounds
OutOfBounds
OutOfBounds
OutOfBounds
OutOfBounds
OutOfBounds
OutOfBounds
OutOfBounds
OutOfBounds
OutOfBounds
OutOfBounds
OutOfBounds
OutOfBounds
OutOfBounds
OutOfBounds
OutOfBounds
OutOfBounds
OutOfBounds
OutOfBounds
OutOfBounds
OutOfBounds
OutOfBounds
OutOfBounds
OutOfBounds
OutOfBounds
OutOfBounds
OutOfBounds
OutOfBounds
OutOfBounds
OutOfBounds
OutOfBounds
OutOfBounds
OutOfBounds
OutOfBounds
OutOfBounds
OutOfBounds
OutOfBounds
OutOfBounds
OutOfBounds
OutOfBounds
OutOfBounds
OutOfBounds
OutOfBounds
OutOfBounds
OutOfBounds
OutOfBounds
OutOfBounds
OutOfBounds
OutOfBounds
OutOfBounds
OutOfBounds
OutOfBounds
OutOfBounds
OutOfBounds
OutOfBounds
OutOfBounds
OutOfBounds
OutOfBounds
OutOfBounds
OutOfBounds
OutOfBounds
OutOfBounds
OutOfBounds
OutOfBounds
OutOfBounds
OutOfBounds
OutOfBounds
OutOfBounds
OutOfBounds
OutOfBounds
OutOfBounds
OutOfBounds
OutOfBounds
OutOfBounds
OutOfBounds
OutOfBounds
OutOfBounds
OutOfBounds
OutOfBounds
OutOfBounds
OutOfBounds
OutOfBounds
OutOfBounds
OutOfBounds
OutOfBounds
OutOfBounds
OutOfBounds
OutOfBounds
OutOfBounds
OutOfBounds
OutOfBounds
OutOfBounds
OutOfBounds
OutOfBounds
OutOfBounds
OutOfBounds
OutOfBounds
OutOfBounds
OutOfBounds
OutOfBounds
OutOfBounds
OutOfBounds
OutOfBounds
OutOfBounds
OutOfBounds
OutOfBounds
OutOfBounds
OutOfBounds
OutOfBounds
OutOfBounds
OutOfBounds
OutOfBounds
OutOfBounds
OutOfBounds
OutOfBounds
OutOfBounds
OutOfBounds
OutOfBounds
OutOfBounds
OutOfBounds
OutOfBounds
Parsing Hierarchy :   0%|          | 0/35732 [00:00<?, ?it/s]Parsing Hierarchy :   5%|▍         | 1670/35732 [00:00<00:02, 16696.19it/s]Parsing Hierarchy :  11%|█         | 3855/35732 [00:00<00:01, 18239.67it/s]Parsing Hierarchy :  17%|█▋        | 6049/35732 [00:00<00:01, 19348.83it/s]Parsing Hierarchy :  23%|██▎       | 8196/35732 [00:00<00:01, 19984.02it/s]Parsing Hierarchy :  29%|██▉       | 10317/35732 [00:00<00:01, 20350.02it/s]Parsing Hierarchy :  34%|███▍      | 12113/35732 [00:00<00:01, 17358.29it/s]Parsing Hierarchy :  40%|███▉      | 14288/35732 [00:00<00:01, 18673.46it/s]Parsing Hierarchy :  46%|████▌     | 16443/35732 [00:00<00:00, 19534.24it/s]Parsing Hierarchy :  52%|█████▏    | 18624/35732 [00:00<00:00, 20216.57it/s]Parsing Hierarchy :  58%|█████▊    | 20799/35732 [00:01<00:00, 20674.69it/s]Parsing Hierarchy :  64%|██████▍   | 22986/35732 [00:01<00:00, 21032.18it/s]Parsing Hierarchy :  70%|███████   | 25173/35732 [00:01<00:00, 21281.89it/s]Parsing Hierarchy :  76%|███████▋  | 27279/35732 [00:01<00:00, 18047.52it/s]Parsing Hierarchy :  82%|████████▏ | 29447/35732 [00:01<00:00, 19135.31it/s]Parsing Hierarchy :  88%|████████▊ | 31614/35732 [00:01<00:00, 19894.02it/s]Parsing Hierarchy :  95%|█████████▍| 33791/35732 [00:01<00:00, 20456.56it/s]Parsing Hierarchy : 100%|██████████| 35732/35732 [00:01<00:00, 19177.09it/s]
yt : [INFO     ] 2017-07-21 12:12:05,561 Gathering a field list (this may take a moment.)
[136, 8671, 114675729897.57303, 54.85957417836911, 157701050146.21805, 41.93265194917992]
OutOfBounds
OutOfBounds
OutOfBounds
OutOfBounds
OutOfBounds
OutOfBounds
OutOfBounds
OutOfBounds
OutOfBounds
OutOfBounds
OutOfBounds
OutOfBounds
OutOfBounds
OutOfBounds
OutOfBounds
OutOfBounds
OutOfBounds
OutOfBounds
OutOfBounds
OutOfBounds
OutOfBounds
[158, 8669, 49048159037.861565, 44.628500179903966, 80964651425.25275, 33.57679850059658]
OutOfBounds
OutOfBounds
OutOfBounds
OutOfBounds
OutOfBounds
OutOfBounds
[165, 8666, 35037516540.35239, 44.78565406095701, 57801927575.87925, 30.009233869164245]
OutOfBounds
OutOfBounds
OutOfBounds
[169, 8665, 32549665271.455803, 31.549494311446825, 56582146635.307, 29.796638651087186]
OutOfBounds
[171, 8664, 30020900377.89291, 36.561319029125706, 45728479115.40561, 27.754690370752602]
OutOfBounds
OutOfBounds
OutOfBounds
OutOfBounds
OutOfBounds
OutOfBounds
OutOfBounds
[179, 8662, 24662428173.89109, 41.2024474877487, 36580870669.08227, 25.76472315447512]
OutOfBounds
[181, 8661, 23884160167.681496, 32.282262164037796, 39133416605.81121, 26.35057256815685]
OutOfBounds
OutOfBounds
OutOfBounds
OutOfBounds
OutOfBounds
OutOfBounds
OutOfBounds
OutOfBounds
OutOfBounds
[191, 8659, 19028773980.632874, 23.104117765039167, 28087193544.61402, 23.592660410762637]
[192, 8658, 18827842637.484783, 34.95607229180462, 26036413631.27801, 23.00388503063829]
OutOfBounds
[194, 8657, 18171709367.74448, 30.36153927868153, 26782062412.862606, 23.221421783257203]
OutOfBounds
[196, 8656, 17924409254.693306, 21.83284528968078, 24503654062.425915, 22.543313560715283]
OutOfBounds
OutOfBounds
OutOfBounds
[200, 8654, 16344537324.457499, 31.673409223819107, 22349686024.613476, 21.862405389870894]
[201, 8653, 15982072941.442085, 28.72034044843626, 21825827177.013744, 21.690240706587193]
OutOfBounds
OutOfBounds
OutOfBounds
OutOfBounds
[206, 8650, 14130352723.915167, 24.85578063233503, 19148377996.45537, 20.76434000538895]
OutOfBounds
OutOfBounds
[209, 8649, 13239648023.495993, 27.798278354676228, 17805449945.18659, 20.267108159584467]
OutOfBounds
OutOfBounds
OutOfBounds
OutOfBounds
[214, 8646, 12392887582.942343, 22.92390453063344, 19289473834.707977, 20.8152162943708]
[215, 8645, 12325304340.983261, 23.205919173200094, 17985776041.2518, 20.33529738893296]
OutOfBounds
[217, 8644, 12167408066.97153, 26.65547749879926, 19130405865.31828, 20.757841695985405]
OutOfBounds
OutOfBounds
[220, 8643, 11181844377.490314, 20.44577511595, 15075443926.310236, 19.173328101779006]
OutOfBounds
OutOfBounds
OutOfBounds
OutOfBounds
OutOfBounds
[226, 8640, 9587728445.734894, 18.82978640043431, 13023384015.361712, 18.26061568987425]
[227, 8639, 9531358566.17222, 19.651175652407098, 12123417816.706387, 17.829910309257524]
OutOfBounds
OutOfBounds
OutOfBounds
OutOfBounds
OutOfBounds
OutOfBounds
OutOfBounds
OutOfBounds
OutOfBounds
[237, 8637, 8051800775.279699, 20.08541541024365, 10797067687.52534, 17.15442144913449]
OutOfBounds
OutOfBounds
OutOfBounds
[241, 8634, 7182613609.900597, 28.07735550045128, 8640489817.050503, 15.926496671364232]
OutOfBounds
[243, 8633, 6738928110.525811, 25.568464739306027, 9531809988.192665, 16.456315045062837]
OutOfBounds
OutOfBounds
OutOfBounds
[247, 8631, 6600730988.156406, 19.037061219833824, 8401382186.120923, 15.778209374923474]
OutOfBounds
OutOfBounds
[250, 8630, 6524965021.591324, 16.76158656632499, 9149144623.665798, 16.233081353603772]
[251, 8629, 6464352248.766477, 20.559621554736925, 8511314550.434278, 15.846730833986989]
OutOfBounds
OutOfBounds
[254, 8627, 6344035894.080182, 23.04293277174003, 8818320291.63767, 16.035016970173718]
[255, 8626, 6236448222.153309, 17.65536984386131, 7941575602.891769, 15.484945903698376]
[256, 8625, 6209475537.985133, 16.578864933467855, 7904123387.628026, 15.460565368456896]
[257, 8624, 6085522416.815177, 21.85626303207533, 7760263990.916794, 15.366193558357265]
OutOfBounds
[259, 8623, 6021272877.512844, 21.420280212947027, 8589883389.846299, 15.895342505703072]
[260, 8622, 6000664534.669885, 17.31600894258502, 9402214274.245354, 16.381393740616506]
OutOfBounds
[262, 8621, 5954901891.17688, 16.830259047463603, 8272587781.702915, 15.697166408879175]
OutOfBounds
[264, 8620, 5930050654.287264, 16.862358187989678, 8142132671.615189, 15.61421634498794]
[265, 8313, 5862467411.930607, 23.648107440576496, 8064724004.431084, 15.564576344897391]
OutOfBounds
OutOfBounds
OutOfBounds
OutOfBounds
[270, 8616, 5679113773.663508, 20.397569091920854, 7324994237.958847, 15.073353930403186]
OutOfBounds
[272, 8613, 5388475526.279489, 21.879326528558217, 7872186277.215287, 15.43971412890094]
[273, 8612, 5383626504.799013, 18.415539723341098, 6684985981.569101, 14.62090654718866]
[274, 8610, 5332408711.56487, 20.97698782057712, 7349998723.552475, 15.090485839716752]
OutOfBounds
[276, 8608, 5275432704.5970545, 15.818585937820513, 6817416696.864325, 14.71682348408895]
[277, 8607, 5231488444.425506, 20.029478998900053, 8030543558.295668, 15.54255626793321]
[278, 8606, 5135417199.134034, 14.089289705787506, 6482770235.272325, 14.471970794631076]
OutOfBounds
[280, 8604, 5028738718.426657, 19.35564221657488, 7282085174.043562, 15.043863551625996]
OutOfBounds
[282, 8603, 4949032921.577992, 22.56933589188335, 7327046695.897612, 15.074761646452066]
OutOfBounds
OutOfBounds
[285, 8601, 4815381756.959859, 19.39154344090817, 6395618693.705383, 14.406826366569854]
OutOfBounds
OutOfBounds
OutOfBounds
OutOfBounds
OutOfBounds
OutOfBounds
[292, 8597, 4640816970.563835, 18.240266668518906, 6060811799.376765, 14.150911028842343]
OutOfBounds
OutOfBounds
[295, 8595, 4630209735.43114, 18.006810360392816, 6311830097.964713, 14.34363529698861]
[296, 8594, 4604146242.814697, 15.35778570637184, 5948398121.38437, 14.062875875767064]
OutOfBounds
OutOfBounds
[299, 8593, 4571415345.366625, 16.170707456407843, 6420086815.613172, 14.42517535496256]
OutOfBounds
[301, 8592, 4534138490.064816, 17.763674136643775, 5621988310.778264, 13.800795282133434]
[302, 8591, 4513227083.422414, 19.737974070475452, 5315635978.583744, 13.545422163456973]
OutOfBounds
OutOfBounds
OutOfBounds
[306, 8590, 4354724681.591212, 17.461504675942425, 5969907308.654308, 14.079805765602513]
OutOfBounds
[308, 8589, 4322599912.199723, 14.941684521365465, 5740558846.662456, 13.897142967343859]
[309, 8588, 4293505781.1043687, 19.962804138771894, 5625193003.898451, 13.80341706588093]
OutOfBounds
OutOfBounds
OutOfBounds
[313, 8585, 4209254026.408158, 21.719082071954592, 5799683396.281338, 13.94469103621288]
OutOfBounds
OutOfBounds
OutOfBounds
OutOfBounds
OutOfBounds
OutOfBounds
OutOfBounds
OutOfBounds
OutOfBounds
OutOfBounds
[324, 8581, 3921040290.4102592, 21.27257298702163, 5894917892.747436, 14.02060393116567]
OutOfBounds
OutOfBounds
[327, 8580, 3806179085.3185434, 20.87788030271341, 4857542333.673792, 13.144568449900362]
[328, 8579, 3801633127.5570507, 15.15261993216281, 5082172997.972763, 13.344140799626349]
OutOfBounds
[330, 8577, 3598580337.512251, 15.048041960434048, 4968197950.415294, 13.243631802109292]
