yt : [INFO     ] 2017-07-26 11:43:43,194 Parameters: current_time              = 6.86908770762e+16
yt : [INFO     ] 2017-07-26 11:43:43,195 Parameters: domain_dimensions         = [2 2 2]
yt : [INFO     ] 2017-07-26 11:43:43,195 Parameters: domain_left_edge          = [ 0.  0.  0.]
yt : [INFO     ] 2017-07-26 11:43:43,196 Parameters: domain_right_edge         = [  3.33803289e+25   3.33803289e+25   3.33803289e+25]
yt : [INFO     ] 2017-07-26 11:43:43,196 Parameters: cosmological_simulation   = 1
yt : [INFO     ] 2017-07-26 11:43:43,196 Parameters: current_redshift          = 2.99999997277
yt : [INFO     ] 2017-07-26 11:43:43,196 Parameters: omega_lambda              = 0.712
yt : [INFO     ] 2017-07-26 11:43:43,196 Parameters: omega_matter              = 0.288
yt : [INFO     ] 2017-07-26 11:43:43,196 Parameters: hubble_constant           = 0.6933
yt : [INFO     ] 2017-07-26 11:43:43,315 Parameters: current_time              = 289.00812412611
yt : [INFO     ] 2017-07-26 11:43:43,316 Parameters: domain_dimensions         = [128 128 128]
yt : [INFO     ] 2017-07-26 11:43:43,316 Parameters: domain_left_edge          = [ 0.  0.  0.]
yt : [INFO     ] 2017-07-26 11:43:43,316 Parameters: domain_right_edge         = [ 1.  1.  1.]
yt : [INFO     ] 2017-07-26 11:43:43,317 Parameters: cosmological_simulation   = 1
yt : [INFO     ] 2017-07-26 11:43:43,317 Parameters: current_redshift          = 2.9999999727687
yt : [INFO     ] 2017-07-26 11:43:43,317 Parameters: omega_lambda              = 0.712
yt : [INFO     ] 2017-07-26 11:43:43,317 Parameters: omega_matter              = 0.288
yt : [INFO     ] 2017-07-26 11:43:43,317 Parameters: hubble_constant           = 0.6933
yt : [INFO     ] 2017-07-26 11:43:43,320 Allocating for 8.672e+03 particles (index particle type 'all')
yt : [INFO     ] 2017-07-26 11:43:43,325 Identified 2.873e+03 octs
IsSatellite
IsSatellite
IsSatellite
IsSatellite
IsSatellite
179 9.274050587472852 solMass / solMass
181 1.09655178068093 solMass / solMass
191 10.800235011200385 solMass / solMass
192 4.085226491602739 solMass / solMass
194 2.6258907584766615 solMass / solMass
196 0.44292682456713145 solMass / solMass
200 3.9150157052192878 solMass / solMass
201 1.6164237781295125 solMass / solMass
206 5.849563742664978 solMass / solMass
209 6.292197032724868 solMass / solMass
214 0.7213241048453126 solMass / solMass
IsSatellite
217 4.2560693238876794 solMass / solMass
220 17.419479387376466 solMass / solMass
IsSatellite
227 0.5123343758950665 solMass / solMass
237 1.5349781745278515 solMass / solMass
241 6.676839328966074 solMass / solMass
243 5.559819004073091 solMass / solMass
247 5.417637629428414 solMass / solMass
250 3.077605125108688 solMass / solMass
251 93.65773555089189 solMass / solMass
254 59.003782978198615 solMass / solMass
255 1.839319406646187 solMass / solMass
256 0.41885112308232464 solMass / solMass
257 3.4561642443438716 solMass / solMass
259 28.74892862260682 solMass / solMass
260 10.540502861465546 solMass / solMass
262 0.4947425121846828 solMass / solMass
264 8.807739670812524 solMass / solMass
265 0.8479192145913335 solMass / solMass
270 43.619480203011356 solMass / solMass
272 11.394625095070577 solMass / solMass
273 8.928079540808193 solMass / solMass
274 8.92168688942703 solMass / solMass
276 5.158393777091636 solMass / solMass
277 120.84039399388284 solMass / solMass
278 12.696510904205482 solMass / solMass
280 133.27673409051832 solMass / solMass
282 4.2206248903702015 solMass / solMass
285 11.082266341891124 solMass / solMass
292 9.062979870950459 solMass / solMass
295 5.538257151026928 solMass / solMass
296 37.909226519502255 solMass / solMass
299 11.811840258682611 solMass / solMass
301 48.686047202584774 solMass / solMass
302 10.309453355464827 solMass / solMass
306 45.659671248760155 solMass / solMass
308 13.45151639928095 solMass / solMass
309 58.73538259381186 solMass / solMass
313 4.386418379061196 solMass / solMass
IsSatellite
327 18.92519359260358 solMass / solMass
328 3.370183702768788 solMass / solMass
330 4.815724513459345 solMass / solMass
331 9.426549654344505 solMass / solMass
IsSatellite
333 2.074363603410298 solMass / solMass
335 73.02352938798687 solMass / solMass
337 33.10896950424165 solMass / solMass
345 206.08404356707592 solMass / solMass
348 18.578683490340502 solMass / solMass
349 6.899088776924774 solMass / solMass
352 200.97132213522895 solMass / solMass
353 21.794971361900142 solMass / solMass
356 219.16745492596124 solMass / solMass
357 53.39132665976695 solMass / solMass
359 49.36008771290716 solMass / solMass
360 19.35968310007 solMass / solMass
361 30.818427953515314 solMass / solMass
362 3.1870057106641316 solMass / solMass
364 7.202406652063866 solMass / solMass
365 38.31703059745187 solMass / solMass
375 3.0249334298878736 solMass / solMass
377 28.25216374537968 solMass / solMass
378 9.908861616213693 solMass / solMass
381 76.90991655454768 solMass / solMass
382 20.264579122279248 solMass / solMass
383 2.9088710205515307 solMass / solMass
384 17.492312591173445 solMass / solMass
389 9.915312597114928 solMass / solMass
IsSatellite
396 27.665220539514504 solMass / solMass
399 8.257477459042114 solMass / solMass
403 6.761448119363903 solMass / solMass
404 18.209690615566974 solMass / solMass
405 373.59853463925566 solMass / solMass
406 33.110650101547094 solMass / solMass
407 101.52165097584813 solMass / solMass
409 82.31622525235468 solMass / solMass
413 10.031876676394809 solMass / solMass
415 86.08783978120772 solMass / solMass
417 0.38920619206715396 solMass / solMass
421 13.502788798152487 solMass / solMass
422 42.62073727477775 solMass / solMass
423 26.154855333956586 solMass / solMass
425 115.92438914667444 solMass / solMass
426 98.32619509599776 solMass / solMass
430 15.365121911270064 solMass / solMass
431 4.584604124404246 solMass / solMass
432 103.50466444864726 solMass / solMass
IsSatellite
441 304.82436383480575 solMass / solMass
IsSatellite
448 91.40685656708288 solMass / solMass
450 107.14150416492534 solMass / solMass
451 15.458398139818536 solMass / solMass
453 4.658117363339622 solMass / solMass
458 8.173989758680262 solMass / solMass
459 3.494475505423069 solMass / solMass
IsSatellite
466 186.1228463499275 solMass / solMass
471 411.3083891455091 solMass / solMass
474 26.48510358215685 solMass / solMass
475 39.441823095074035 solMass / solMass
476 22.06850428815365 solMass / solMass
478 32.24933997106161 solMass / solMass
483 33.37651861623024 solMass / solMass
488 9.90371047989798 solMass / solMass
493 31.21480574056897 solMass / solMass
IsSatellite
496 136.76755313820576 solMass / solMass
501 37.62914847307165 solMass / solMass
503 391.49167517088677 solMass / solMass
505 46.69351432310828 solMass / solMass
506 132.99004777919046 solMass / solMass
509 36.26267611078629 solMass / solMass
510 131.86820945558233 solMass / solMass
515 41.78070983401327 solMass / solMass
517 53.87921265186004 solMass / solMass
520 436.74275814191697 solMass / solMass
524 18.88064603020528 solMass / solMass
IsSatellite
530 425.91471497569734 solMass / solMass
532 20.04181952046663 solMass / solMass
IsSatellite
535 14.120599134039368 solMass / solMass
537 57.339219034036844 solMass / solMass
538 130.35338980351665 solMass / solMass
539 47.33599495481694 solMass / solMass
544 12.005860851035145 solMass / solMass
IsSatellite
547 387.5758631319714 solMass / solMass
548 0.4385964601112672 solMass / solMass
558 6.8729378629485645 solMass / solMass
559 16.57704051181816 solMass / solMass
HaloMassEqualZero
563 224.35836231417076 solMass / solMass
565 12.677764226590005 solMass / solMass
566 14.464695835190117 solMass / solMass
570 8.213232926056353 solMass / solMass
571 64872.96308857895 solMass / solMass
572 34.12584911244516 solMass / solMass
573 22.301220106235565 solMass / solMass
574 65.227633158706 solMass / solMass
576 54.63232365590881 solMass / solMass
577 6.624376489991301 solMass / solMass
578 72.28578244475653 solMass / solMass
579 50.50697598833594 solMass / solMass
IsSatellite
581 64.89848847237 solMass / solMass
582 51.57608071523228 solMass / solMass
584 8.212862085694377 solMass / solMass
585 26.885280761538514 solMass / solMass
587 19.713386944776268 solMass / solMass
593 31.090339284417247 solMass / solMass
594 89.60551988071302 solMass / solMass
595 243.06532902470195 solMass / solMass
597 13.096514131773274 solMass / solMass
598 6.69582399802745 solMass / solMass
612 61.58519095121156 solMass / solMass
613 23.82435260385361 solMass / solMass
616 47.068776119706946 solMass / solMass
618 202.75088922002726 solMass / solMass
622 3.7499575915925623 solMass / solMass
626 46.41077914215237 solMass / solMass
628 709.2527691049263 solMass / solMass
630 38.48283878342349 solMass / solMass
632 43.403349572717495 solMass / solMass
634 210.8545578706478 solMass / solMass
635 196.44956278059695 solMass / solMass
638 11.021459356263543 solMass / solMass
639 3.5003198995097184 solMass / solMass
641 177.20753235711518 solMass / solMass
643 57.70841793847524 solMass / solMass
651 31.64177373836723 solMass / solMass
656 3.8787333619106406 solMass / solMass
659 21.01662913293192 solMass / solMass
660 89.91598533574931 solMass / solMass
663 3.189199802586006 solMass / solMass
666 9.145423466004212 solMass / solMass
668 4.067319344372029 solMass / solMass
670 74.40737072552893 solMass / solMass
674 42.273393292325764 solMass / solMass
676 226.0597280400478 solMass / solMass
681 28.67658944892407 solMass / solMass
683 30.277362327826083 solMass / solMass
685 34.10617603150017 solMass / solMass
686 62.40211129242636 solMass / solMass
687 23.194576128617776 solMass / solMass
688 40.94653999052143 solMass / solMass
691 148.65948912033124 solMass / solMass
692 18.963017070734384 solMass / solMass
695 291.8943323641632 solMass / solMass
696 264.0130444712606 solMass / solMass
698 16.347232998612803 solMass / solMass
701 14.832599749834408 solMass / solMass
702 110.03947404548883 solMass / solMass
704 3.1897389329099575 solMass / solMass
705 2.949985873873408 solMass / solMass
707 243.7109207343407 solMass / solMass
708 63.63208766774102 solMass / solMass
715 78.69902997290939 solMass / solMass
IsSatellite
719 9.584437080962156 solMass / solMass
722 10.660078260942768 solMass / solMass
723 99.78123050898617 solMass / solMass
730 106.8311920544186 solMass / solMass
731 87.74508208376291 solMass / solMass
732 1048.0843097303948 solMass / solMass
733 62.19127824560422 solMass / solMass
740 71.87241206103933 solMass / solMass
745 863.5117842758902 solMass / solMass
751 403.45271686463536 solMass / solMass
756 958.1796414321578 solMass / solMass
760 27.170661681048305 solMass / solMass
762 54.97800626938683 solMass / solMass
763 238.63295436594203 solMass / solMass
765 2.932958788956718 solMass / solMass
767 25.631066100312893 solMass / solMass
770 22.059749517055675 solMass / solMass
772 26.19872308883801 solMass / solMass
773 1343.400793788637 solMass / solMass
775 391.31680096313283 solMass / solMass
777 314.88811451771517 solMass / solMass
782 48.96657021216094 solMass / solMass
783 344.2627713142143 solMass / solMass
784 987.4874531349832 solMass / solMass
786 33.53126822822849 solMass / solMass
787 6.448833980596354 solMass / solMass
788 22.35693474714845 solMass / solMass
791 18.312193259099413 solMass / solMass
794 284.5198151647411 solMass / solMass
796 185.69587202388826 solMass / solMass
798 35.88809307245893 solMass / solMass
799 21.3366822322639 solMass / solMass
IsSatellite
808 279.4019009041783 solMass / solMass
814 321.17534550538886 solMass / solMass
825 69.52625457705362 solMass / solMass
828 56.08555971979839 solMass / solMass
831 431.3845021378243 solMass / solMass
832 86.51796501781314 solMass / solMass
IsSatellite
835 3.811678450683815 solMass / solMass
842 25.43656354399721 solMass / solMass
843 373.2554725903832 solMass / solMass
844 347.56454803498895 solMass / solMass
848 51.02445982798802 solMass / solMass
849 281.9288730797103 solMass / solMass
IsSatellite
852 306.58177612678315 solMass / solMass
853 1476.4795575529854 solMass / solMass
854 1.213333203808309 solMass / solMass
855 9.88453398970838 solMass / solMass
856 357.76946439190675 solMass / solMass
860 33.505881819596866 solMass / solMass
862 8.189113727177874 solMass / solMass
864 451.28903533082155 solMass / solMass
865 13.163592428452773 solMass / solMass
867 43.90156902241912 solMass / solMass
869 461.4566181121407 solMass / solMass
870 4.776336968188155 solMass / solMass
873 4.703780699905828 solMass / solMass
IsSatellite
HaloMassEqualZero
880 44.46752874263224 solMass / solMass
881 21.030970153572717 solMass / solMass
883 105.2609310629169 solMass / solMass
886 386.6101140452292 solMass / solMass
888 26.65688747905348 solMass / solMass
892 15.680866895033413 solMass / solMass
893 191.6398925161524 solMass / solMass
894 413.3392569451947 solMass / solMass
896 107.56498997199033 solMass / solMass
902 29.235393637597316 solMass / solMass
903 204.43191191843206 solMass / solMass
905 441.5022351610033 solMass / solMass
906 433.0734249457834 solMass / solMass
910 33.78458660500557 solMass / solMass
911 67.4049992691249 solMass / solMass
914 78.37161575563927 solMass / solMass
918 5.278041705867443 solMass / solMass
919 2.3628374469602864 solMass / solMass
920 156.35901455679004 solMass / solMass
921 540.1552491932862 solMass / solMass
923 493.95514262881017 solMass / solMass
925 112.7330121754796 solMass / solMass
926 18.138296702603974 solMass / solMass
928 132.54577771945506 solMass / solMass
929 5.454485037322699 solMass / solMass
934 45.27501088495313 solMass / solMass
935 6.299044554092685 solMass / solMass
936 16.826171153979992 solMass / solMass
937 147.38458140756052 solMass / solMass
939 71.55414432931696 solMass / solMass
940 168.2056979470921 solMass / solMass
941 111.10930919740086 solMass / solMass
946 30.67988627191649 solMass / solMass
950 154.08692803427317 solMass / solMass
951 25.285795614574877 solMass / solMass
954 206.68815123969873 solMass / solMass
956 169.61546255465808 solMass / solMass
959 71.31144580808187 solMass / solMass
962 171.0124764202333 solMass / solMass
964 9500.947645163493 solMass / solMass
968 1714.865661349569 solMass / solMass
975 454.81575066389286 solMass / solMass
978 14.80088799289529 solMass / solMass
979 264.1281620021635 solMass / solMass
982 77.70089425643448 solMass / solMass
983 515.4570565124765 solMass / solMass
985 51.45176153134802 solMass / solMass
IsSatellite
IsSatellite
988 26.299720960281817 solMass / solMass
990 77.03507792992728 solMass / solMass
991 12.214914563945962 solMass / solMass
995 403.88199122702343 solMass / solMass
996 167.47806329613644 solMass / solMass
997 1.876693519473394 solMass / solMass
1000 83.1553919294349 solMass / solMass
1001 474.95942409503823 solMass / solMass
1007 64.21500221143657 solMass / solMass
IsSatellite
1012 125.74221718367895 solMass / solMass
1014 611.5848917159731 solMass / solMass
1016 82.82398063418529 solMass / solMass
1023 545.3902992921452 solMass / solMass
1025 568.1099946840593 solMass / solMass
1026 79.78181852246024 solMass / solMass
1027 10.38652281664658 solMass / solMass
1031 499.8549994943524 solMass / solMass
1033 573.0674431229614 solMass / solMass
1037 0.0 solMass / solMass
1043 59.71584090635973 solMass / solMass
1044 1445.0912395523953 solMass / solMass
1047 48.42671935046314 solMass / solMass
1048 23.451443712270038 solMass / solMass
1049 489.8631107438998 solMass / solMass
1052 38.32678049279843 solMass / solMass
1053 468.5914968772595 solMass / solMass
1054 416.6083068085235 solMass / solMass
1056 149.5645943386862 solMass / solMass
1057 426.0261997739715 solMass / solMass
1059 133.95405765354295 solMass / solMass
1060 1435.936342413175 solMass / solMass
1061 67.18958166896753 solMass / solMass
1065 154.13861245689364 solMass / solMass
1067 16.893083483022412 solMass / solMass
1070 149.9273426849445 solMass / solMass
1071 0.7991435471718392 solMass / solMass
1072 541.3979219812983 solMass / solMass
1073 197.42064681077812 solMass / solMass
1074 568.1528893824794 solMass / solMass
1076 13.357896586893387 solMass / solMass
1077 75.17648600068105 solMass / solMass
1082 35.736168633146185 solMass / solMass
1084 34.66920012679599 solMass / solMass
1085 1735.3599552734256 solMass / solMass
1086 68.07379430822773 solMass / solMass
1089 89.01978091944268 solMass / solMass
1090 64.9298066497234 solMass / solMass
1092 514.8667468461745 solMass / solMass
1094 1996.9538295129737 solMass / solMass
1095 1917.0784911777018 solMass / solMass
1096 585.4015643825843 solMass / solMass
1099 23.531824570284297 solMass / solMass
1103 115.49841167169485 solMass / solMass
1104 502.6770288646644 solMass / solMass
1107 88.92979010957686 solMass / solMass
1111 84.90383083093853 solMass / solMass
1112 38.627155019014815 solMass / solMass
1113 1483.8799182824953 solMass / solMass
1114 0.5812670288707056 solMass / solMass
IsSatellite
1119 107.57449221872962 solMass / solMass
1122 568.2964563116237 solMass / solMass
1123 9.01064738989989 solMass / solMass
IsSatellite
1129 1431.4496802515896 solMass / solMass
1132 21.667168650695615 solMass / solMass
1133 86.12083225599768 solMass / solMass
1135 160.06705088908964 solMass / solMass
1138 89.6698430518967 solMass / solMass
1139 129.9033679778721 solMass / solMass
1140 23.070012224354258 solMass / solMass
1142 15.337706577275618 solMass / solMass
1148 7.174919762196139 solMass / solMass
1149 609.1320523171848 solMass / solMass
1150 82.00909268994738 solMass / solMass
1151 199.51818499244152 solMass / solMass
1153 215.01157658919738 solMass / solMass
1155 1639.738944148306 solMass / solMass
1156 110.88653367026608 solMass / solMass
1158 650.2872632439768 solMass / solMass
IsSatellite
1162 243.21618019077167 solMass / solMass
1165 26.162770690599142 solMass / solMass
1166 122.07556211912839 solMass / solMass
1167 26.323771531731815 solMass / solMass
1168 186.3688358736636 solMass / solMass
1169 191.59105819834875 solMass / solMass
1174 476.5159792485972 solMass / solMass
1175 21.183690979579445 solMass / solMass
1180 25.33705552051034 solMass / solMass
1182 32.58250444912568 solMass / solMass
1184 196.81286205515428 solMass / solMass
1185 346.4509153402202 solMass / solMass
IsSatellite
HaloMassEqualZero
1189 71.46157859764085 solMass / solMass
1191 302.4092534056435 solMass / solMass
1194 107.715027539916 solMass / solMass
1195 220.09038903953405 solMass / solMass
IsSatellite
1199 202.0606083066297 solMass / solMass
IsSatellite
1201 719.8679722604818 solMass / solMass
1202 156.63347728819699 solMass / solMass
1206 175.5320064432905 solMass / solMass
1207 634.6035053425047 solMass / solMass
1209 46.81907891045132 solMass / solMass
1211 34.306970866562104 solMass / solMass
1213 661.8379008524765 solMass / solMass
HaloMassEqualZero
1216 67.44486311134503 solMass / solMass
1220 255.12520446185408 solMass / solMass
1221 70.53309275938928 solMass / solMass
1222 531.6952193210096 solMass / solMass
1228 2434.404147471329 solMass / solMass
1229 105.17030979549052 solMass / solMass
1234 54.082802514881195 solMass / solMass
1235 2536.804167353556 solMass / solMass
1238 567.0908232651208 solMass / solMass
1239 73.77814859301355 solMass / solMass
1241 33.779720572328095 solMass / solMass
1250 271.91603428368705 solMass / solMass
HaloMassEqualZero
1254 227.58767900983213 solMass / solMass
1255 71.15003882254271 solMass / solMass
1256 137.69874062596494 solMass / solMass
1258 196.81229173881295 solMass / solMass
IsSatellite
1266 275.22603956731416 solMass / solMass
1267 168.32929350009547 solMass / solMass
1270 166.88977811169445 solMass / solMass
1271 15.343597186997764 solMass / solMass
1272 115.4708134155734 solMass / solMass
1273 272.85515054738374 solMass / solMass
1276 600.184158050345 solMass / solMass
1278 115.76300150861687 solMass / solMass
1279 2189.198141872987 solMass / solMass
1281 146.72178074804228 solMass / solMass
1282 2021.700539002026 solMass / solMass
1286 208.3885427652357 solMass / solMass
1287 210.45884400601616 solMass / solMass
IsSatellite
1293 136.86524480507106 solMass / solMass
1296 196.75578794658347 solMass / solMass
1298 2160.7207478110963 solMass / solMass
1299 115.54829046054465 solMass / solMass
1303 119.43732250073812 solMass / solMass
1305 71.8675119856059 solMass / solMass
1306 103.39011532448484 solMass / solMass
1307 80.66268836489682 solMass / solMass
1311 107.55595879078848 solMass / solMass
1312 216.17444837277537 solMass / solMass
1314 2620.594900353083 solMass / solMass
1315 2767.5922516073724 solMass / solMass
1323 2400.964322024078 solMass / solMass
1327 147.02176494752865 solMass / solMass
1333 47.68361993738359 solMass / solMass
1336 14.679149036350408 solMass / solMass
1337 327.6227441481829 solMass / solMass
1342 600.9634764591156 solMass / solMass
1344 299.4312933359466 solMass / solMass
1345 806.5997964609955 solMass / solMass
1350 280.63002124297986 solMass / solMass
1356 705.770994535008 solMass / solMass
1357 2584.1368774212237 solMass / solMass
1358 755.6300595300943 solMass / solMass
1360 86.37307000226672 solMass / solMass
1362 37.45867912514437 solMass / solMass
1364 194.07040222121984 solMass / solMass
1366 422.40204211513753 solMass / solMass
1369 2947.79007126286 solMass / solMass
1370 57.23688283526761 solMass / solMass
1371 269.7714047518829 solMass / solMass
1372 371.7129127353085 solMass / solMass
1373 1.9537604599036407 solMass / solMass
1379 105.10197925735041 solMass / solMass
1383 554.7410610507908 solMass / solMass
1384 132.5069780917039 solMass / solMass
1386 129.7378952895489 solMass / solMass
1387 37.018406716276985 solMass / solMass
1389 29.02212695979592 solMass / solMass
1394 268.2537920714109 solMass / solMass
1396 192.49493885662955 solMass / solMass
1402 723.4454612844247 solMass / solMass
1403 84.76321858305113 solMass / solMass
1405 279.7036342767698 solMass / solMass
IsSatellite
1412 64.60631547826772 solMass / solMass
1413 166.48027050510797 solMass / solMass
1414 338.6628396051655 solMass / solMass
1415 101.95280021570204 solMass / solMass
1416 242.3875171652988 solMass / solMass
1417 64.00739875085831 solMass / solMass
1419 121.28583904259975 solMass / solMass
IsSatellite
1424 916.3294878214776 solMass / solMass
1426 38.9293624257059 solMass / solMass
1428 10.68738420289597 solMass / solMass
1431 640.3403451913642 solMass / solMass
1434 28.084178600364577 solMass / solMass
1435 57.583614460794706 solMass / solMass
1437 662.4191439415431 solMass / solMass
1439 645.8686636904073 solMass / solMass
IsSatellite
1444 43.28976392279312 solMass / solMass
1445 134.4157990159331 solMass / solMass
1446 1326.435398592756 solMass / solMass
1450 56.71669180353939 solMass / solMass
1451 972.6713024174238 solMass / solMass
1452 66.42556072806099 solMass / solMass
1453 65.35781431018603 solMass / solMass
IsSatellite
1456 15.330100227424401 solMass / solMass
1458 122.00776369491598 solMass / solMass
1459 59.673708872874194 solMass / solMass
1460 270.65418790876595 solMass / solMass
1462 733.8996370982833 solMass / solMass
1466 183.59887272245916 solMass / solMass
1467 222.57993194570165 solMass / solMass
1468 1105.9980077149175 solMass / solMass
1470 65.44725316754132 solMass / solMass
1472 138.8895495733791 solMass / solMass
1473 347.56007225731423 solMass / solMass
1475 786.2309165890724 solMass / solMass
HaloMassEqualZero
IsSatellite
IsSatellite
1485 980.7871813532513 solMass / solMass
1486 2877.1406562619013 solMass / solMass
1487 19.644648345975643 solMass / solMass
IsSatellite
IsSatellite
1493 99.01629289582833 solMass / solMass
1495 58.60607406969352 solMass / solMass
1497 229.05728421562742 solMass / solMass
1499 82.19569045251559 solMass / solMass
1503 9.213811492884764 solMass / solMass
1505 824.7611239896481 solMass / solMass
1506 304.71950359930554 solMass / solMass
1510 177.51180816437585 solMass / solMass
1512 141.77644905394376 solMass / solMass
1513 851.1386163503965 solMass / solMass
1514 3678.5609168859114 solMass / solMass
HaloMassEqualZero
1520 53.62239881954317 solMass / solMass
1521 360.9171964784787 solMass / solMass
1522 964.0686319253568 solMass / solMass
HaloMassEqualZero
1528 96.66239486360736 solMass / solMass
1533 58.19514140319725 solMass / solMass
1534 830.0709233578355 solMass / solMass
1536 788.0468249069728 solMass / solMass
1537 57.810605866696946 solMass / solMass
1539 110.20440753609846 solMass / solMass
1543 95.7933487947384 solMass / solMass
1544 853.6671545520253 solMass / solMass
1546 291.4619944855924 solMass / solMass
1547 96.41573693306293 solMass / solMass
1549 126.0042165185226 solMass / solMass
1550 1600.840009898957 solMass / solMass
1553 50.79136466187479 solMass / solMass
1554 281.05448964712434 solMass / solMass
1555 386.83470584943586 solMass / solMass
1557 90.43185796407796 solMass / solMass
1559 14.06898673096147 solMass / solMass
1560 844.0678917661307 solMass / solMass
1562 47.545058571519576 solMass / solMass
1564 171.60926607967053 solMass / solMass
1565 138.72080869525362 solMass / solMass
HaloMassEqualZero
1570 120.77337779949985 solMass / solMass
1572 6886.542872890316 solMass / solMass
1575 333.69441916461614 solMass / solMass
1578 322.0639869154845 solMass / solMass
1579 19.568306577004606 solMass / solMass
1580 96.93644231466845 solMass / solMass
1581 140.55334868569335 solMass / solMass
1583 104.7507740745197 solMass / solMass
1587 13.14427757860663 solMass / solMass
1589 95.0881273048413 solMass / solMass
1590 3744.2581859718875 solMass / solMass
1591 171.48875055630646 solMass / solMass
1596 67.840926137628 solMass / solMass
1598 3439.814964799497 solMass / solMass
1599 487.534807079102 solMass / solMass
1601 42.866097149978025 solMass / solMass
1609 106.54661367085578 solMass / solMass
1610 471.958704378091 solMass / solMass
1613 3939.895339309127 solMass / solMass
1615 16.53662902072957 solMass / solMass
1616 250.850818290926 solMass / solMass
1618 2.2997682561906823 solMass / solMass
1619 60.493727328109514 solMass / solMass
1623 2785.2680118090557 solMass / solMass
1624 71.50235346157295 solMass / solMass
1627 1246.2999919077013 solMass / solMass
1629 106.2682269341119 solMass / solMass
1630 980.7248786786452 solMass / solMass
1632 165.71674312478177 solMass / solMass
IsSatellite
1635 282.3228529839373 solMass / solMass
1636 150.7229364818533 solMass / solMass
1637 977.722651686946 solMass / solMass
1639 20.946872172004873 solMass / solMass
1641 103.79581023576381 solMass / solMass
1642 1005.193378533378 solMass / solMass
1645 50.996100296279344 solMass / solMass
1647 21.05871977311008 solMass / solMass
1648 15.425333476533588 solMass / solMass
1649 252.1535849866145 solMass / solMass
IsSatellite
1651 1049.192813476058 solMass / solMass
1654 10.632718296525434 solMass / solMass
1655 21.510204613001754 solMass / solMass
1656 382.76482124961274 solMass / solMass
1657 959.3784874082661 solMass / solMass
1658 97.54412198507268 solMass / solMass
1659 186.8114992637049 solMass / solMass
1661 503.78792885478776 solMass / solMass
1662 155.35781180374235 solMass / solMass
1663 131.05535315461958 solMass / solMass
1664 232.18777532194522 solMass / solMass
1666 158.06860153461432 solMass / solMass
1668 1101.1759104833075 solMass / solMass
1669 1154.2922897291348 solMass / solMass
1670 42.05901363301381 solMass / solMass
1673 389.40054622461344 solMass / solMass
1676 633.5670199294854 solMass / solMass
1678 249.3740514620808 solMass / solMass
1679 171.67431983681948 solMass / solMass
1680 3.0466444998582536 solMass / solMass
1682 224.95369459976914 solMass / solMass
IsSatellite
1686 513.7576004948514 solMass / solMass
1687 410.8099471327254 solMass / solMass
1688 42.145848830900206 solMass / solMass
IsSatellite
1691 58.400794284557456 solMass / solMass
1692 4.2327492454575335 solMass / solMass
IsSatellite
1696 16.948896049900807 solMass / solMass
1697 3689.3133017731193 solMass / solMass
1701 1144.393445960976 solMass / solMass
1702 27.386510231278876 solMass / solMass
1705 126.53969401635717 solMass / solMass
1708 9.883938464672651 solMass / solMass
1711 210.29088772857682 solMass / solMass
1712 4592.507233104523 solMass / solMass
1714 376.0830462481782 solMass / solMass
1715 235.56529878882017 solMass / solMass
1716 42.66306343859167 solMass / solMass
1717 314.72975067861466 solMass / solMass
1719 3896.3294683328545 solMass / solMass
1721 506.388715161377 solMass / solMass
1724 211.1341392298201 solMass / solMass
HaloMassEqualZero
1728 17.91815862259794 solMass / solMass
1729 52.430928404133375 solMass / solMass
1732 14.929852696007519 solMass / solMass
1734 379.11929793335855 solMass / solMass
1735 1461.0234333697867 solMass / solMass
1736 1272.4456104436192 solMass / solMass
1738 376.65581496894276 solMass / solMass
1740 3432.150403549262 solMass / solMass
1741 628.2700654219724 solMass / solMass
1742 11.868862745654383 solMass / solMass
1747 911.8122904880145 solMass / solMass
1748 470.9767900076077 solMass / solMass
1751 1256.4605437156297 solMass / solMass
1754 43.55349180907475 solMass / solMass
1755 1476.7346919550932 solMass / solMass
IsSatellite
IsSatellite
1762 431.1190397833631 solMass / solMass
1763 600.5610001471089 solMass / solMass
IsSatellite
1766 204.04504636635983 solMass / solMass
IsSatellite
1771 191.03736078846657 solMass / solMass
1772 131780.82328377044 solMass / solMass
1774 234.8192257358576 solMass / solMass
1775 1266.6184219476002 solMass / solMass
1777 52.914996644515966 solMass / solMass
1779 35.4525487967669 solMass / solMass
1780 1324.6381206858696 solMass / solMass
1782 3656.1687919092196 solMass / solMass
1785 64.21793160980756 solMass / solMass
1787 453.7009920790665 solMass / solMass
1792 1207.3805841979795 solMass / solMass
1793 725.2738478534826 solMass / solMass
1795 12.897899173032512 solMass / solMass
1796 1205.3510577211612 solMass / solMass
1797 1429.5084157017245 solMass / solMass
1798 1189.796665332379 solMass / solMass
1802 291.48138635620035 solMass / solMass
1803 1002.3900171931025 solMass / solMass
IsSatellite
1808 87.67421365799663 solMass / solMass
1809 36.167011073827624 solMass / solMass
1810 193.57638682495423 solMass / solMass
1811 99.37288431783301 solMass / solMass
1812 1821.9144461056983 solMass / solMass
1813 536.9357460098504 solMass / solMass
1814 603.1596778927637 solMass / solMass
1815 455.20968454244246 solMass / solMass
1816 294.308547584681 solMass / solMass
1819 27585.68907241595 solMass / solMass
1820 475.20086786703337 solMass / solMass
1822 554.5080775335452 solMass / solMass
1823 215.32468076328712 solMass / solMass
1825 43.745615629321 solMass / solMass
1826 320.83480143546893 solMass / solMass
1833 84.65353569233467 solMass / solMass
1834 99.00176260677813 solMass / solMass
1839 578.9543869595061 solMass / solMass
1841 134.34015489947691 solMass / solMass
1845 0.8087484823464367 solMass / solMass
1846 20.30697549877964 solMass / solMass
HaloMassEqualZero
1850 85.0205891245768 solMass / solMass
IsSatellite
1855 17.228415800285635 solMass / solMass
1861 146.63298603075376 solMass / solMass
1863 1139.5085513003412 solMass / solMass
IsSatellite
IsSatellite
1870 64.6791402739409 solMass / solMass
1871 535.6459090271045 solMass / solMass
1872 4719.033742714611 solMass / solMass
1873 130.01791050174205 solMass / solMass
1874 80.05999088785606 solMass / solMass
1878 262.3592596018562 solMass / solMass
1879 0.6514032423669804 solMass / solMass
1881 167.75378802801245 solMass / solMass
IsSatellite
1885 608.770721231887 solMass / solMass
1890 3.4795586120542796 solMass / solMass
1891 126.70205480929737 solMass / solMass
1892 1277.595027624663 solMass / solMass
1894 655.3707244862452 solMass / solMass
1895 556.9948672314508 solMass / solMass
1896 1215.4272308188513 solMass / solMass
1898 89.53205012475516 solMass / solMass
1904 3.817567963778321 solMass / solMass
1905 117.70280063872116 solMass / solMass
1906 25.434560731449743 solMass / solMass
1907 561.5721302417604 solMass / solMass
1908 1179.4583333136775 solMass / solMass
1912 356.4111602246687 solMass / solMass
1914 189.2441032087309 solMass / solMass
1915 67.22283872085895 solMass / solMass
1919 414.73555567833415 solMass / solMass
IsSatellite
IsSatellite
IsSatellite
1924 165.90442061242365 solMass / solMass
1926 1939.0300094077954 solMass / solMass
1927 846.5044035255602 solMass / solMass
IsSatellite
1937 254.8989291396599 solMass / solMass
1939 265.2141907153282 solMass / solMass
1940 299.3149376840009 solMass / solMass
1945 2152.285627267637 solMass / solMass
1948 556.3555026573703 solMass / solMass
1952 66.78737574668597 solMass / solMass
1954 9.60827275444025 solMass / solMass
1956 655.2143953622822 solMass / solMass
HaloMassEqualZero
1959 5414.730174473359 solMass / solMass
1960 38.833418685649484 solMass / solMass
1961 1612.1735911209328 solMass / solMass
1962 59.15921524221088 solMass / solMass
1963 3694.80458952865 solMass / solMass
1965 72.75046571132069 solMass / solMass
1968 1545.516239704864 solMass / solMass
1970 1292.3980686036339 solMass / solMass
1971 215.2316010540275 solMass / solMass
1974 46.84393369379693 solMass / solMass
1976 740.4202385299905 solMass / solMass
1978 66.40779982304255 solMass / solMass
1981 5117.439287331769 solMass / solMass
IsSatellite
1990 19.061367293533767 solMass / solMass
IsSatellite
1995 144.23173407213525 solMass / solMass
1998 174.0803478858243 solMass / solMass
1999 103.65488440635372 solMass / solMass
2000 71.39410122925729 solMass / solMass
2002 1354.8968634576986 solMass / solMass
2004 102.11658712199963 solMass / solMass
2007 140.0109220942363 solMass / solMass
2011 284.2571909938102 solMass / solMass
2012 689.9789706299684 solMass / solMass
2014 78.28954048659884 solMass / solMass
2015 131.83627355836023 solMass / solMass
2019 177.74464367814014 solMass / solMass
2021 10.909240359907617 solMass / solMass
2023 169.0100478775207 solMass / solMass
2024 1524.0015177697974 solMass / solMass
2025 962.0310185155695 solMass / solMass
2028 510.9087177361286 solMass / solMass
2029 47.695908483666315 solMass / solMass
2031 20.308812602468937 solMass / solMass
2032 474.92819019212465 solMass / solMass
IsSatellite
2038 63.609036534728055 solMass / solMass
2039 20.43339443135947 solMass / solMass
2043 201.44903107924148 solMass / solMass
2044 57.06835549944421 solMass / solMass
2046 1224.7405957001088 solMass / solMass
2047 462.5604332244859 solMass / solMass
2048 5116.718428495486 solMass / solMass
2050 482.83761911118097 solMass / solMass
2051 1349.1956289180944 solMass / solMass
2052 379.9970044812218 solMass / solMass
2054 158.57505604691906 solMass / solMass
2056 69.25639324994664 solMass / solMass
2057 31.96386379710212 solMass / solMass
2058 391.9822911664967 solMass / solMass
2059 186.1342733170628 solMass / solMass
2061 355.8586624772159 solMass / solMass
2062 33.866483201835365 solMass / solMass
2064 6036.158792684199 solMass / solMass
2068 168.2656640726646 solMass / solMass
2069 724.0422862979616 solMass / solMass
2070 211.25509392813743 solMass / solMass
2072 2020.2186348724156 solMass / solMass
2073 40.44707008692636 solMass / solMass
2076 218.9826348360721 solMass / solMass
2077 385.5501385661253 solMass / solMass
2078 5639.315702614101 solMass / solMass
2083 5.665130742810529 solMass / solMass
2085 135.9085423367285 solMass / solMass
2087 633.9774320669493 solMass / solMass
2093 1511.265434663263 solMass / solMass
2094 572.2746314213388 solMass / solMass
2095 379.4776717760982 solMass / solMass
2096 55.704894541683835 solMass / solMass
2097 5404.218623566231 solMass / solMass
2098 93.64832576982965 solMass / solMass
2103 136.06629680314575 solMass / solMass
2104 4.521416153110177 solMass / solMass
2105 2329.080166220233 solMass / solMass
2107 793.9020360663105 solMass / solMass
2110 321.4991024327293 solMass / solMass
2111 44.1745920530522 solMass / solMass
2112 522.2197312417782 solMass / solMass
2114 92.51533279493407 solMass / solMass
IsSatellite
IsSatellite
2118 1756.265058862613 solMass / solMass
2119 5134.781095321411 solMass / solMass
2120 543.1981539551587 solMass / solMass
IsSatellite
IsSatellite
2131 7.665505014327698 solMass / solMass
2132 577.5366811177562 solMass / solMass
IsSatellite
2134 1383.026907663055 solMass / solMass
2135 374.8832774410791 solMass / solMass
2139 15294.362891412733 solMass / solMass
2140 89.15830380473531 solMass / solMass
2141 34.59343325288629 solMass / solMass
2142 0.0 solMass / solMass
2144 406.1601914759854 solMass / solMass
2145 1074.958102380999 solMass / solMass
2146 0.0 solMass / solMass
IsSatellite
2150 1175.7031454965743 solMass / solMass
2151 491.8783859158771 solMass / solMass
IsSatellite
2154 267.89515181970893 solMass / solMass
IsSatellite
2158 382.31427886519907 solMass / solMass
2161 118.66828480186966 solMass / solMass
2167 34.17628312745853 solMass / solMass
IsSatellite
2169 113.34659136102991 solMass / solMass
IsSatellite
2172 554.8114030850463 solMass / solMass
2173 51.299843423972234 solMass / solMass
2174 1414.0063146755026 solMass / solMass
2178 2013.1798648056763 solMass / solMass
2179 408.0906030977512 solMass / solMass
2180 55.08811436402894 solMass / solMass
2183 218.15416503844824 solMass / solMass
2185 2003.5944752015341 solMass / solMass
IsSatellite
2194 6373.261487568223 solMass / solMass
2195 104.47023121018243 solMass / solMass
2196 614.6428555926209 solMass / solMass
2199 390.59807692254986 solMass / solMass
2200 377.3821676477892 solMass / solMass
2201 6023.335839996064 solMass / solMass
2203 1154.749150332456 solMass / solMass
2207 1.2155437538156184 solMass / solMass
2209 192.49613820627656 solMass / solMass
2210 1812.448526888053 solMass / solMass
2211 84.84679627052178 solMass / solMass
2212 160.47027185498806 solMass / solMass
2216 578.7044577050044 solMass / solMass
IsSatellite
2219 296.116502968312 solMass / solMass
2222 1397.9281371315326 solMass / solMass
2223 5686.894434837644 solMass / solMass
IsSatellite
2225 1641.848095343909 solMass / solMass
2226 200.6808976480977 solMass / solMass
IsSatellite
2229 138.3267800971951 solMass / solMass
2230 325.74772867050365 solMass / solMass
2231 483.023719276294 solMass / solMass
2233 1483.680336164973 solMass / solMass
2235 1489.0161207617375 solMass / solMass
2237 71.53026981157363 solMass / solMass
2238 1827.4966449874362 solMass / solMass
IsSatellite
2240 547.0463877895186 solMass / solMass
2243 1981.0589721880601 solMass / solMass
2245 77.10803778263919 solMass / solMass
HaloMassEqualZero
2247 303.6620928475271 solMass / solMass
2250 3597.097198780399 solMass / solMass
2251 3.8575185888107497 solMass / solMass
2252 67.02225322635216 solMass / solMass
IsSatellite
2255 531.9266582624479 solMass / solMass
2256 214.723272282912 solMass / solMass
2264 6479.330469886929 solMass / solMass
HaloMassEqualZero
2269 347.0775766821354 solMass / solMass
2270 608.0043236733986 solMass / solMass
2273 5061.559225778926 solMass / solMass
2277 633.3065250672881 solMass / solMass
IsSatellite
IsSatellite
2286 5493.043292470079 solMass / solMass
2289 202.03568480514957 solMass / solMass
2290 117.0017010197669 solMass / solMass
2291 197.51869308202987 solMass / solMass
2292 218.87909248771206 solMass / solMass
2293 970.7613786440558 solMass / solMass
2295 1548.1777964392088 solMass / solMass
2298 243.74469058662876 solMass / solMass
2300 123.91200771475958 solMass / solMass
2301 86.4510616389846 solMass / solMass
2304 244.0295187847563 solMass / solMass
2305 2068.1115827195927 solMass / solMass
2307 1469.5130871335184 solMass / solMass
2308 170.61725133270264 solMass / solMass
2311 452.59414297049835 solMass / solMass
2312 17.34506518604113 solMass / solMass
HaloMassEqualZero
2317 4231.570078385782 solMass / solMass
2321 1659.03354617662 solMass / solMass
2323 1428.9893507171266 solMass / solMass
HaloMassEqualZero
2328 256.94952541611985 solMass / solMass
2329 113.6269793847165 solMass / solMass
2330 1187.086353039076 solMass / solMass
2333 362.0748783792164 solMass / solMass
2334 99.53688578385015 solMass / solMass
2335 51.19711438397242 solMass / solMass
2336 968.6823843464564 solMass / solMass
2337 8238.353461991057 solMass / solMass
2338 1457.482907998514 solMass / solMass
2341 11.129749258142803 solMass / solMass
2342 632.5918680130269 solMass / solMass
2344 744.7181110362177 solMass / solMass
2346 83.06212070267884 solMass / solMass
2350 5681.580018226495 solMass / solMass
2351 145.8743537841054 solMass / solMass
2353 68.14022132045662 solMass / solMass
2355 294.5517307836556 solMass / solMass
2359 102.81055065392637 solMass / solMass
2360 2081.9257829652224 solMass / solMass
2361 497.94910235609274 solMass / solMass
2363 155.3109510131425 solMass / solMass
2366 685.3685314578532 solMass / solMass
2367 533.5776666792035 solMass / solMass
2369 194.9002353037862 solMass / solMass
2370 516.8522894738345 solMass / solMass
2373 1212.9091992611086 solMass / solMass
2374 122.14029610639544 solMass / solMass
2375 52.93878077959125 solMass / solMass
2377 1910.8885859252684 solMass / solMass
2378 7565.979166512878 solMass / solMass
2384 246.7206683190444 solMass / solMass
IsSatellite
2387 220.45545247831535 solMass / solMass
2389 775.2565278310616 solMass / solMass
2394 149.96121884184114 solMass / solMass
2395 1142.4802783081273 solMass / solMass
2396 2071.012572722078 solMass / solMass
2397 1936.9233354135033 solMass / solMass
2399 199.56517710005042 solMass / solMass
2400 117.9041135546508 solMass / solMass
2402 625.2926940699334 solMass / solMass
2403 135.36467016323348 solMass / solMass
HaloMassEqualZero
2405 1858.271131408945 solMass / solMass
2409 6.6417053102195105 solMass / solMass
HaloMassEqualZero
2414 66.63367585435542 solMass / solMass
2417 170.52944244383434 solMass / solMass
2418 216.39595019385663 solMass / solMass
2419 865.5652559681865 solMass / solMass
2420 229.40164745179524 solMass / solMass
2421 18540.568710209325 solMass / solMass
2426 240.18865397847208 solMass / solMass
2427 29.078474704067787 solMass / solMass
IsSatellite
IsSatellite
2433 404.6205836945253 solMass / solMass
2434 341.6709838177842 solMass / solMass
2435 44.489278400859725 solMass / solMass
IsSatellite
IsSatellite
2440 1698.9205342076839 solMass / solMass
2443 252.29450325926976 solMass / solMass
2444 3234.980977136897 solMass / solMass
2446 158.59204979579687 solMass / solMass
2450 917.2471966178124 solMass / solMass
IsSatellite
2454 961.3059122670489 solMass / solMass
2455 681.0045792040971 solMass / solMass
2458 6100.52258551908 solMass / solMass
2461 376.2333679492342 solMass / solMass
2463 578.19301315243 solMass / solMass
2465 154.75675479108733 solMass / solMass
2467 2595.250184554956 solMass / solMass
2469 67.37768115381893 solMass / solMass
2471 1037.547254813261 solMass / solMass
2472 1453.4910009271086 solMass / solMass
2473 1706.4237127910806 solMass / solMass
2477 164.27596523640716 solMass / solMass
2478 4423.164099411718 solMass / solMass
2479 2295.177764878882 solMass / solMass
2481 64.69250138506207 solMass / solMass
2483 1807.7297479481647 solMass / solMass
2484 2304.97081746555 solMass / solMass
IsSatellite
2489 685.3008002475095 solMass / solMass
IsSatellite
2496 85.35157688247565 solMass / solMass
2497 4811.677601331391 solMass / solMass
2501 696.8252945576376 solMass / solMass
2505 97.94536753239866 solMass / solMass
IsSatellite
2509 0.7951738333736789 solMass / solMass
2510 1917.2241442841841 solMass / solMass
2512 7952.697201689083 solMass / solMass
2513 261.6403146105363 solMass / solMass
2514 157.94216837914814 solMass / solMass
2522 937.244184201597 solMass / solMass
2523 7261.796444239986 solMass / solMass
2525 155.19051124793825 solMass / solMass
IsSatellite
2528 0.0 solMass / solMass
2529 222.25476594729483 solMass / solMass
2530 258.8289205624546 solMass / solMass
2534 454.7697690679879 solMass / solMass
IsSatellite
2540 952.5981941715766 solMass / solMass
2541 413.81927857641404 solMass / solMass
2543 374.32995848792444 solMass / solMass
2545 346.7220083019562 solMass / solMass
2549 73.25448870216628 solMass / solMass
2551 61.59964752411981 solMass / solMass
2552 77.22671223154137 solMass / solMass
2554 2662.1002500066697 solMass / solMass
2556 27.09340793166886 solMass / solMass
2557 26.08539572101772 solMass / solMass
HaloMassEqualZero
2559 2119.983355285544 solMass / solMass
2560 39.194781046197306 solMass / solMass
2561 103.42176523068709 solMass / solMass
2562 53.01264694177367 solMass / solMass
2563 185.89920294947186 solMass / solMass
HaloMassEqualZero
2566 255.50696830492134 solMass / solMass
2567 186.04964876416398 solMass / solMass
2569 146.2105375308082 solMass / solMass
2572 749.142943713095 solMass / solMass
2573 255.03212203156667 solMass / solMass
2574 436.9599648172923 solMass / solMass
2577 639.0438550528252 solMass / solMass
2579 69.16966178558017 solMass / solMass
2580 87.15457959701409 solMass / solMass
2581 257.4446320283232 solMass / solMass
2582 1802.8206379601265 solMass / solMass
2583 191.8494239949724 solMass / solMass
2585 108.01050125747167 solMass / solMass
2586 601.4687927844884 solMass / solMass
2587 55.46138118648838 solMass / solMass
2588 672.3476977643945 solMass / solMass
2589 260.42612086571256 solMass / solMass
2590 321.8217317849174 solMass / solMass
2592 213.30445078255744 solMass / solMass
2593 739.5851513761584 solMass / solMass
2595 108.8264762304398 solMass / solMass
2596 709.8085627926876 solMass / solMass
2597 832.5544656077894 solMass / solMass
2598 1281.5314549030577 solMass / solMass
2599 244.68051506452443 solMass / solMass
2600 2687.1082013090777 solMass / solMass
2603 544.0471222320867 solMass / solMass
2604 56.50150927115431 solMass / solMass
IsSatellite
2611 3425.1685201357845 solMass / solMass
2612 241.96927567805156 solMass / solMass
2614 294.01425311068294 solMass / solMass
2617 217.91666438698044 solMass / solMass
HaloMassEqualZero
2620 739.4220056660489 solMass / solMass
2621 821.157040666547 solMass / solMass
