yt : [INFO     ] 2017-07-27 16:57:10,524 Parameters: current_time              = 3.75573048701e+16
yt : [INFO     ] 2017-07-27 16:57:10,524 Parameters: domain_dimensions         = [2 2 2]
yt : [INFO     ] 2017-07-27 16:57:10,525 Parameters: domain_left_edge          = [ 0.  0.  0.]
yt : [INFO     ] 2017-07-27 16:57:10,525 Parameters: domain_right_edge         = [  2.22535526e+25   2.22535526e+25   2.22535526e+25]
yt : [INFO     ] 2017-07-27 16:57:10,526 Parameters: cosmological_simulation   = 1
yt : [INFO     ] 2017-07-27 16:57:10,526 Parameters: current_redshift          = 4.99999995872
yt : [INFO     ] 2017-07-27 16:57:10,526 Parameters: omega_lambda              = 0.712
yt : [INFO     ] 2017-07-27 16:57:10,526 Parameters: omega_matter              = 0.288
yt : [INFO     ] 2017-07-27 16:57:10,526 Parameters: hubble_constant           = 0.6933
yt : [INFO     ] 2017-07-27 16:57:10,615 Parameters: current_time              = 158.01758093278
yt : [INFO     ] 2017-07-27 16:57:10,615 Parameters: domain_dimensions         = [128 128 128]
yt : [INFO     ] 2017-07-27 16:57:10,615 Parameters: domain_left_edge          = [ 0.  0.  0.]
yt : [INFO     ] 2017-07-27 16:57:10,616 Parameters: domain_right_edge         = [ 1.  1.  1.]
yt : [INFO     ] 2017-07-27 16:57:10,616 Parameters: cosmological_simulation   = 1
yt : [INFO     ] 2017-07-27 16:57:10,616 Parameters: current_redshift          = 4.9999999587239
yt : [INFO     ] 2017-07-27 16:57:10,616 Parameters: omega_lambda              = 0.712
yt : [INFO     ] 2017-07-27 16:57:10,616 Parameters: omega_matter              = 0.288
yt : [INFO     ] 2017-07-27 16:57:10,617 Parameters: hubble_constant           = 0.6933
yt : [INFO     ] 2017-07-27 16:57:10,620 Allocating for 5.325e+03 particles (index particle type 'all')
yt : [INFO     ] 2017-07-27 16:57:10,625 Identified 1.889e+03 octs
StelMassEqualZero
StelMassEqualZero
Parsing Hierarchy :   0%|          | 0/20451 [00:00<?, ?it/s]Parsing Hierarchy :   8%|▊         | 1555/20451 [00:00<00:01, 15549.57it/s]Parsing Hierarchy :  18%|█▊        | 3724/20451 [00:00<00:00, 17390.36it/s]Parsing Hierarchy :  23%|██▎       | 4702/20451 [00:00<00:01, 15022.15it/s]Parsing Hierarchy :  33%|███▎      | 6850/20451 [00:00<00:00, 16959.39it/s]Parsing Hierarchy :  44%|████▍     | 8997/20451 [00:00<00:00, 18312.46it/s]Parsing Hierarchy :  54%|█████▍    | 11125/20451 [00:00<00:00, 19202.25it/s]Parsing Hierarchy :  65%|██████▍   | 13250/20451 [00:00<00:00, 19815.31it/s]Parsing Hierarchy :  74%|███████▍  | 15104/20451 [00:00<00:00, 17453.67it/s]Parsing Hierarchy :  85%|████████▍ | 17303/20451 [00:00<00:00, 18814.20it/s]Parsing Hierarchy :  95%|█████████▌| 19529/20451 [00:01<00:00, 19845.97it/s]Parsing Hierarchy : 100%|██████████| 20451/20451 [00:01<00:00, 18564.27it/s]
yt : [INFO     ] 2017-07-27 16:57:15,998 Gathering a field list (this may take a moment.)
break at:  1.11055773563
37 13.999443245735307 kpc 1.1105577356261236 kpc 0.5801882020842509
StelMassEqualZero
StelMassEqualZero
StelMassEqualZero
StelMassEqualZero
StelMassEqualZero
StelMassEqualZero
break at:  4.35462285834
55 11.532023747962503 kpc 4.354622858342933 kpc 0.9701504981946057
break at:  2.44864879941
57 10.144418728594738 kpc 2.4486487994095425 kpc 0.6614808952684157
break at:  4.40959647178
58 10.095110951967849 kpc 4.409596471777844 kpc 0.5757705540391286
break at:  0.908305842653
60 9.266110701930709 kpc 0.9083058426527649 kpc 0.5444046413126493
break at:  2.40468549087
61 9.882389439586538 kpc 2.404685490866338 kpc 0.604463842194139
break at:  1.28569848866
64 9.25126648318791 kpc 1.2856984886592953 kpc 0.6334739608993877
break at:  1.64601324509
65 9.477726106751486 kpc 1.6460132450890594 kpc 0.7311194887627354
StelMassEqualZero
break at:  3.51164002595
71 8.797338003670891 kpc 3.5116400259520546 kpc 0.5529737543225668
break at:  4.16431454789
74 9.41496418932767 kpc 4.164314547894375 kpc 0.5613384599866701
break at:  0.777330266356
75 8.504434070321414 kpc 0.77733026635637 kpc 0.546809856279792
break at:  1.24740089701
80 8.768389220393525 kpc 1.2474008970066042 kpc 0.6954197310347979
break at:  0.839214031825
83 7.877172468920148 kpc 0.8392140318254724 kpc 0.5290852521559464
break at:  0.669460811304
84 7.839902470098451 kpc 0.669460811303682 kpc 0.6376738870188275
StelMassEqualZero
break at:  0.752794985284
90 7.933525482220934 kpc 0.7527949852839994 kpc 0.6461473411829909
break at:  3.09238183237
94 80.55111764543346 kpc 3.0923818323671965 kpc 0.5618476480816684
break at:  0.656256741826
95 7.48968190421431 kpc 0.6562567418257755 kpc 0.5664193879196124
break at:  1.29287310547
96 7.67029699909719 kpc 1.2928731054663116 kpc 0.5398399617489519
break at:  0.582774518638
98 7.343576124201226 kpc 0.5827745186383501 kpc 0.6360030533219614
break at:  1.42282382203
103 7.479465836058317 kpc 1.4228238220292355 kpc 0.7583568040807416
break at:  0.580783892769
105 7.2825839232278025 kpc 0.5807838927692421 kpc 0.5036248158430982
break at:  2.73774766919
106 7.389438572696391 kpc 2.737747669189597 kpc 0.5359889807301781
break at:  1.02370699206
107 7.516930402551752 kpc 1.0237069920620008 kpc 0.5896964377849261
break at:  0.891598207116
109 7.125739042888547 kpc 0.8915982071159578 kpc 0.5693233675766441
StelMassEqualZero
StelMassEqualZero
break at:  0.710930637938
114 7.008509505495242 kpc 0.7109306379377032 kpc 0.7015378269386869
break at:  0.881702278098
115 6.972328291817944 kpc 0.8817022780980636 kpc 0.6991489131157533
break at:  0.790065280084
116 6.9593931857089695 kpc 0.7900652800837897 kpc 0.5053106653717819
break at:  0.634978973947
118 6.944234515924381 kpc 0.6349789739470664 kpc 0.5018910448821665
break at:  0.506913814008
119 6.805009388536119 kpc 0.5069138140076155 kpc 0.5471296234366398
break at:  1.8974000704
120 7.0182614047368865 kpc 1.8974000703962723 kpc 0.5548310904464049
break at:  0.29320431775
121 6.636886791443569 kpc 0.2932043177498148 kpc 0.5139662039055002
break at:  0.701623997483
123 6.811241440595672 kpc 0.7016239974834901 kpc 0.6518731599374392
break at:  1.0060323996
124 7.2776917015537865 kpc 1.0060323996030323 kpc 0.6369059301767106
break at:  0.622258299932
125 6.629216303897245 kpc 0.622258299931802 kpc 0.5187417160159236
break at:  2.06515314459
129 6.784856269279631 kpc 2.065153144592242 kpc 0.762201742486778
break at:  0.618218067382
134 6.530886249102726 kpc 0.6182180673818475 kpc 0.5803767023399692
break at:  0.771833575478
136 6.633750076709157 kpc 0.7718335754775267 kpc 0.5637521993347703
break at:  0.844636508782
138 6.412187403514584 kpc 0.8446365087820784 kpc 0.5677271830137111
break at:  1.60005080174
139 6.400304812869659 kpc 1.6000508017416926 kpc 0.980282248839525
break at:  17.1964843861
142 80.55111764543346 kpc 17.19648438613568 kpc 0.592656385004153
break at:  1.63005084089
143 6.5811490259328265 kpc 1.6300508408940086 kpc 0.8008211120465168
break at:  0.39435799621
147 6.132985723150537 kpc 0.39435799621003625 kpc 0.5376680728771267
break at:  0.599853933028
154 6.094357635230397 kpc 0.5998539330282451 kpc 0.556871990159842
break at:  0.664811379713
157 6.060567561045031 kpc 0.664811379713016 kpc 0.5386832557902573
break at:  1.44795375851
159 6.468108857150453 kpc 1.4479537585087277 kpc 0.7569398950901336
break at:  2.41355106583
160 6.272684434541677 kpc 2.413551065832643 kpc 0.7245357885265423
break at:  3.66215119142
162 6.218669644452681 kpc 3.6621511914165037 kpc 0.7655142301339976
break at:  0.732004481843
163 5.95015396245131 kpc 0.7320044818426248 kpc 0.5989505976795519
break at:  0.477569232961
165 5.827663727446346 kpc 0.477569232961235 kpc 0.5884990198541299
break at:  5.50486724402
166 6.117246449721445 kpc 5.5048672440238375 kpc 0.9485071960927921
break at:  0.994390540033
169 5.8667350019498485 kpc 0.9943905400330529 kpc 0.5201903831163087
break at:  1.93368341339
171 6.190861009835615 kpc 1.9336834133940097 kpc 0.5102926718752211
StelMassEqualZero
break at:  0.582420674215
175 5.695648867021487 kpc 0.582420674214745 kpc 0.6402645563519026
break at:  0.344605814202
176 5.575687847380271 kpc 0.34460581420193986 kpc 0.5969279602419061
break at:  0.982113635577
180 5.7389465092293594 kpc 0.9821136355767517 kpc 0.6638528784352621
break at:  0.64647354558
181 5.704181141608292 kpc 0.6464735455804849 kpc 0.5372379341446724
break at:  0.426119940824
182 5.671473278891959 kpc 0.42611994082354765 kpc 0.514867226797299
StelMassEqualZero
break at:  2.1126496114
185 6.04873466620076 kpc 2.1126496114014213 kpc 0.6957713181413571
break at:  0.515775879411
190 5.452852576925666 kpc 0.5157758794107684 kpc 0.5196631477523103
break at:  0.878262322058
191 5.655161849181702 kpc 0.8782623220576151 kpc 0.5095425417823625
break at:  0.959699194041
194 5.508809199291581 kpc 0.9596991940414679 kpc 0.5185478795884432
break at:  2.30276597201
196 5.900988173346403 kpc 2.3027659720088747 kpc 0.6746219491026709
break at:  0.623247750261
198 5.269445198405742 kpc 0.623247750261476 kpc 0.5184284774920319
break at:  0.86246688859
200 5.467733913936148 kpc 0.8624668885903429 kpc 0.7613309617129828
break at:  0.565277087171
202 5.318340170480169 kpc 0.5652770871707682 kpc 0.5195435942854517
break at:  0.517665565286
203 5.501677292159942 kpc 0.5176655652858475 kpc 0.5189096759410102
break at:  0.964398958553
206 5.556723070330377 kpc 0.9643989585530173 kpc 0.5356768472256345
break at:  0.560564595823
207 5.217174336783271 kpc 0.5605645958225628 kpc 0.593850938535001
break at:  0.85362467819
211 5.36408667299125 kpc 0.8536246781899921 kpc 0.5352627862073899
break at:  2.20145984758
214 5.56575390136749 kpc 2.2014598475800105 kpc 0.5694890891189001
break at:  0.858482659699
216 5.420917982569733 kpc 0.8584826596989129 kpc 0.7245216145631741
break at:  0.627926354133
217 5.355526921448966 kpc 0.6279263541333443 kpc 0.6216461002026512
break at:  0.407968651263
219 5.023793500766485 kpc 0.40796865126299364 kpc 0.6332015680566695
break at:  1.15359649894
222 5.319093630722022 kpc 1.1535964989437542 kpc 0.6234343551599149
break at:  0.758511693204
223 5.199079357962284 kpc 0.7585116932039875 kpc 0.662795960014198
break at:  0.449331612358
227 4.973637543716562 kpc 0.44933161235829006 kpc 0.5050301803971168
break at:  2.03410940116
229 5.022114373700613 kpc 2.03410940115599 kpc 0.5337980265322956
break at:  1.27756966532
233 5.320592065912428 kpc 1.2775696653176747 kpc 0.5576018489141561
break at:  0.677522540784
234 5.076686273197865 kpc 0.6775225407840566 kpc 0.5186401907243934
break at:  0.736354694525
236 4.907041906423476 kpc 0.7363546945247149 kpc 0.6250732043875342
break at:  0.222468237248
237 4.930960987362076 kpc 0.2224682372479896 kpc 0.5223521716997108
break at:  0.497351896061
238 4.9902000790461125 kpc 0.49735189606090324 kpc 0.7194743924702945
break at:  0.740326220651
239 4.958783028575826 kpc 0.7403262206508336 kpc 0.5523333902703557
break at:  0.984512325896
240 4.832341469202031 kpc 0.9845123258964401 kpc 0.5393485961100392
break at:  0.827132352809
241 5.059037197238107 kpc 0.8271323528090722 kpc 0.5754427527774297
break at:  0.331757066808
242 4.927942065498538 kpc 0.331757066808388 kpc 0.5413853764800717
break at:  1.72787819091
243 5.292720897432791 kpc 1.7278781909098222 kpc 0.654290660222248
break at:  1.02134898653
245 5.14290334277631 kpc 1.0213489865255756 kpc 0.5232122246651286
StelMassEqualZero
StelMassEqualZero
break at:  0.480498275822
250 4.588004597857667 kpc 0.48049827582223203 kpc 0.6014673559620423
break at:  0.906833192822
252 4.982358241377872 kpc 0.9068331928221077 kpc 0.7314445989787997
StelMassEqualZero
break at:  1.37808799848
263 5.115822007027324 kpc 1.3780879984849403 kpc 0.7396973618262669
break at:  0.443453958618
266 4.806248193068505 kpc 0.4434539586176852 kpc 0.5085866735679785
StelMassEqualZero
break at:  0.726000348734
268 4.773388881204023 kpc 0.726000348734332 kpc 0.7292187886731764
break at:  0.715509810584
269 4.639812238740322 kpc 0.7155098105843483 kpc 0.6909127977989379
break at:  0.53945400095
270 4.7773773725017294 kpc 0.5394540009504374 kpc 0.506890993422419
break at:  0.295006818655
271 4.631996175111614 kpc 0.29500681865514866 kpc 0.5787577808881131
StelMassEqualZero
break at:  3.72995525424
273 4.535869743510107 kpc 3.7299552542416827 kpc 0.9847883774850348
break at:  0.479190815059
276 4.55763385379257 kpc 0.4791908150586897 kpc 0.5938894006415503
break at:  2.58317664358
278 4.1670031293634615 kpc 2.583176643575479 kpc 1.0003440628360307
break at:  0.291596687655
279 4.444936218169885 kpc 0.29159668765528507 kpc 0.5288059939517343
break at:  1.60291715208
280 4.767261761350048 kpc 1.6029171520815249 kpc 0.732516243445777
break at:  0.39245159583
281 4.50939646195695 kpc 0.3924515958296389 kpc 0.588722233635897
break at:  3.53586793071
282 4.759237429048819 kpc 3.535867930707127 kpc 0.5655915924645389
break at:  1.44280752828
284 4.725112280812846 kpc 1.4428075282831065 kpc 0.5232260529043725
break at:  2.19461290178
285 4.869841346602968 kpc 2.1946129017779517 kpc 0.5518868736581758
break at:  2.01614734783
288 4.964539260267557 kpc 2.016147347833503 kpc 0.7565684514163056
break at:  0.655475174482
289 4.743393348918566 kpc 0.6554751744822769 kpc 0.5267952839403273
break at:  0.478741511715
290 4.547224530833919 kpc 0.4787415117153458 kpc 0.5663560364907003
break at:  0.473743702691
291 4.432381765941031 kpc 0.4737437026911828 kpc 0.5717936681698816
break at:  0.432024426362
292 4.49077799345246 kpc 0.43202442636207283 kpc 0.5543951850950978
break at:  0.478679837359
293 4.545796773670594 kpc 0.47867983735908654 kpc 0.5414460958596815
break at:  0.481434451141
298 4.609823944564297 kpc 0.48143445114134736 kpc 0.5684034199480582
break at:  0.520528064807
299 4.401565484178654 kpc 0.5205280648067654 kpc 0.5097850029914089
break at:  0.630801874087
301 4.384151770335363 kpc 0.6308018740871042 kpc 0.5385834786249893
break at:  0.350716487723
302 4.313884862822542 kpc 0.3507164877225136 kpc 0.5581288664267865
break at:  0.474041103547
303 4.439167181937588 kpc 0.4740411035467836 kpc 0.5636918381443623
break at:  0.466184164036
306 4.261955855447516 kpc 0.46618416403602425 kpc 0.5597705070419997
break at:  1.30803265186
307 4.730726904896809 kpc 1.3080326518624252 kpc 0.5135499676659506
break at:  0.578667762884
314 4.486731965389809 kpc 0.57866776288438 kpc 0.5016063633299513
break at:  0.563358233597
316 4.233504895764436 kpc 0.563358233597219 kpc 0.5993904294214191
break at:  0.110010699603
317 4.1301149125392795 kpc 0.11001069960284363 kpc 0.576520386950223
break at:  0.624575377907
319 4.295785682187026 kpc 0.624575377907234 kpc 0.6676716708492096
break at:  1.41829859436
320 4.60961247000654 kpc 1.4182985943576278 kpc 0.6470809221548128
break at:  0.350868101712
322 4.319481931408438 kpc 0.3508681017123004 kpc 0.5102619571381392
break at:  0.346327120503
323 4.1539331783545155 kpc 0.34632712050302356 kpc 0.5567745664527405
StelMassEqualZero
break at:  1.41870140295
326 4.611503610192972 kpc 1.4187014029536553 kpc 0.9297316632678996
break at:  0.212467874101
327 3.9405305908060844 kpc 0.21246787410116644 kpc 0.5241963259397796
StelMassEqualZero
StelMassEqualZero
break at:  0.770948223264
331 4.439484421746967 kpc 0.7709482232642414 kpc 0.5870282524384588
break at:  1.07826977792
333 4.083709075144349 kpc 1.0782697779154873 kpc 0.5784924793724995
StelMassEqualZero
break at:  1.53064991403
335 4.470569191887855 kpc 1.5306499140346643 kpc 0.5360926305980762
break at:  0.457461998365
336 4.070196421156207 kpc 0.45746199836479684 kpc 0.5163986546219425
break at:  0.60181198034
337 3.9805759270940215 kpc 0.6018119803401654 kpc 0.5918135247816724
break at:  0.549970727748
339 4.018547245184477 kpc 0.5499707277480598 kpc 0.5401863814785238
break at:  0.120854138833
340 4.01883149736804 kpc 0.12085413883276838 kpc 0.526621347722045
break at:  1.56123885603
342 4.5954951377435105 kpc 1.561238856026426 kpc 0.5456422160923803
break at:  0.627326195008
344 4.334711352346864 kpc 0.6273261950083038 kpc 0.5648822637885235
break at:  0.178222154688
345 4.2781005189785555 kpc 0.17822215468798597 kpc 0.5375101407101824
break at:  0.601279690643
346 3.9733525225983355 kpc 0.6012796906427805 kpc 0.8681888945753055
break at:  0.146267580598
348 4.075620694045632 kpc 0.14626758059814776 kpc 0.5633205792349926
break at:  1.03929783645
349 4.4895471576486 kpc 1.039297836447735 kpc 0.5731249232072841
break at:  0.748177189053
351 4.199050962466178 kpc 0.7481771890529778 kpc 0.5894143440814777
break at:  0.991320275388
352 4.157648135205564 kpc 0.991320275387594 kpc 0.8136702431335973
break at:  0.740948426059
353 4.124017827202352 kpc 0.7409484260590665 kpc 0.5658334990699665
StelMassEqualZero
break at:  0.418149146868
357 4.1253534060951695 kpc 0.41814914686763127 kpc 0.5319710804140659
break at:  0.456036303939
358 4.039346223494449 kpc 0.45603630393878614 kpc 0.5923645475998734
break at:  1.01296557259
361 4.306171910589776 kpc 1.0129655725897089 kpc 0.6417069727969363
break at:  0.312108950342
364 4.041059314721129 kpc 0.31210895034228386 kpc 0.5331884755958376
break at:  0.382642522426
365 4.2023810425322 kpc 0.3826425224255118 kpc 0.6307640066504964
StelMassEqualZero
break at:  1.01848820711
367 4.34438702258942 kpc 1.018488207108744 kpc 0.9143657287558906
break at:  0.744685242717
371 4.162727286695375 kpc 0.7446852427167968 kpc 0.687634527607808
break at:  0.494875755266
372 3.9197280498282847 kpc 0.4948757552660229 kpc 0.6903579451857942
break at:  0.558112772865
373 4.148561989952094 kpc 0.5581127728647826 kpc 0.598863693990522
StelMassEqualZero
break at:  0.415798150247
378 4.065319074360356 kpc 0.4157981502471032 kpc 0.5036946203421943
break at:  0.28240467602
380 3.967763413721575 kpc 0.28240467601995956 kpc 0.5698521144050445
break at:  0.600024063443
382 3.956339765031513 kpc 0.6000240634432087 kpc 0.6945553655260567
break at:  0.410686670928
385 3.9366570347331806 kpc 0.4106866709281427 kpc 0.6335980686699375
break at:  0.25616816277
387 3.919657308854187 kpc 0.25616816277020055 kpc 0.6851503446668045
break at:  0.499434047005
388 4.003050228013166 kpc 0.4994340470047281 kpc 0.7522568016072193
break at:  0.232869689687
389 3.8978295700828975 kpc 0.23286968968709454 kpc 0.597392363416389
break at:  0.989582852811
393 4.145813507807243 kpc 0.9895828528111488 kpc 0.6198833803555063
break at:  0.725023749429
394 3.9609285095113593 kpc 0.7250237494292089 kpc 0.6018806537054977
break at:  0.231470309611
399 3.7973410232392535 kpc 0.23147030961126386 kpc 0.6455630427338624
StelMassEqualZero
StelMassEqualZero
break at:  0.526359867669
404 3.654090784037417 kpc 0.5263598676689147 kpc 0.5352370018524736
break at:  0.228441781199
405 3.5866912807587026 kpc 0.22844178119916905 kpc 0.5450479372414817
break at:  0.373747046638
408 3.935845774036176 kpc 0.37374704663833425 kpc 0.7615145259962126
break at:  0.496635512776
409 3.9517779547844865 kpc 0.49663551277605655 kpc 0.5625123135876154
StelMassEqualZero
break at:  0.59115649077
415 3.8372566189668156 kpc 0.5911564907704977 kpc 0.5315222987345962
break at:  0.448195991898
417 3.872158918806482 kpc 0.4481959918982926 kpc 0.5043070556249459
StelMassEqualZero
break at:  0.229965392345
419 3.691510395982067 kpc 0.22996539234456548 kpc 0.5481665432831277
StelMassEqualZero
break at:  0.87493717418
427 3.9560805522022093 kpc 0.8749371741803276 kpc 0.5638684068465939
StelMassEqualZero
break at:  0.144345113714
429 3.582369247457381 kpc 0.14434511371380682 kpc 0.5161952992338578
break at:  0.436348584961
430 3.627390669614372 kpc 0.4363485849606267 kpc 0.508818723548786
break at:  0.444732503235
431 3.7996272880793387 kpc 0.44473250323542857 kpc 0.5570666325885643
break at:  0.144802087004
432 3.6944901052889882 kpc 0.1448020870043008 kpc 0.5454394674277586
StelMassEqualZero
StelMassEqualZero
break at:  0.277476579442
440 3.727681634240327 kpc 0.2774765794418728 kpc 0.5041642412326611
break at:  0.364014357528
442 3.6569233632062716 kpc 0.3640143575276847 kpc 0.5106187503024756
break at:  0.724856973971
445 3.9592365911271257 kpc 0.7248569739708757 kpc 0.509340154194018
StelMassEqualZero
StelMassEqualZero
break at:  0.361617669339
450 3.590244329292836 kpc 0.36161766933897205 kpc 0.5482766416238493
break at:  0.254469736524
452 3.8192751448026825 kpc 0.2544697365243028 kpc 0.5500830409205213
break at:  0.527056034504
454 3.6645701970732802 kpc 0.5270560345036723 kpc 1.0003440628360307
StelMassEqualZero
StelMassEqualZero
break at:  0.274279740324
458 3.577634340027374 kpc 0.2742797403237125 kpc 0.5654172536415532
StelMassEqualZero
StelMassEqualZero
break at:  1.90475934523
461 4.0749420077974685 kpc 1.9047593452266443 kpc 0.9950781577344575
break at:  0.469149532179
462 3.467904039137519 kpc 0.4691495321788447 kpc 0.6847025738283506
break at:  0.432652226155
464 3.5529465390567627 kpc 0.43265222615540977 kpc 0.5894410029596638
StelMassEqualZero
StelMassEqualZero
break at:  0.668708856262
467 4.066420594223158 kpc 0.6687088562621266 kpc 0.8604913393474264
break at:  0.369547795445
468 3.8138898337603466 kpc 0.3695477954449132 kpc 0.5422767192091954
StelMassEqualZero
break at:  0.230130112108
478 3.7029820980779617 kpc 0.23013011210808912 kpc 0.5610624783575976
break at:  0.526010327348
481 3.648835239934265 kpc 0.526010327348353 kpc 0.7876308824406524
break at:  0.588389306961
482 3.8004779331653005 kpc 0.5883893069611726 kpc 1.0003440628360307
break at:  0.708633213495
483 3.7962448982792925 kpc 0.7086332134950617 kpc 0.6274909453098635
break at:  0.632787537931
484 3.6513455870351663 kpc 0.6327875379305511 kpc 0.6028315205282279
break at:  1.47852121195
485 3.742970232931367 kpc 1.4785212119494777 kpc 1.0003440628360305
StelMassEqualZero
StelMassEqualZero
StelMassEqualZero
StelMassEqualZero
break at:  0.513823313628
499 3.468139666041778 kpc 0.5138233136276237 kpc 0.5075007197555277
break at:  0.130884868249
500 3.3079788347749286 kpc 0.13088486824944529 kpc 0.5650981781787254
StelMassEqualZero
break at:  0.483753036297
504 3.7205515024489153 kpc 0.4837530362968094 kpc 0.7890167473816904
StelMassEqualZero
break at:  0.966293173535
507 3.4416753540354024 kpc 0.9662931735345784 kpc 1.0003440628360305
StelMassEqualZero
break at:  0.433167019719
509 3.563259865885304 kpc 0.4331670197189425 kpc 0.5523211903371872
break at:  0.928634244712
510 3.7389325374739966 kpc 0.9286342447119446 kpc 0.8177073922899861
break at:  0.426585793647
511 3.432737318684226 kpc 0.42658579364663973 kpc 0.8155654671135856
StelMassEqualZero
StelMassEqualZero
break at:  0.143484992848
516 3.3795835228137268 kpc 0.1434849928480423 kpc 0.5841368627262207
StelMassEqualZero
StelMassEqualZero
StelMassEqualZero
StelMassEqualZero
break at:  0.328260138265
526 3.5371578752178903 kpc 0.3282601382653196 kpc 0.6825006113808256
break at:  0.393025858389
527 3.511518208440365 kpc 0.39302585838851145 kpc 0.918342029856014
StelMassEqualZero
StelMassEqualZero
StelMassEqualZero
break at:  0.157062036383
533 3.383417155661868 kpc 0.15706203638272478 kpc 0.5421309135003418
break at:  0.619613506667
535 3.504577824024336 kpc 0.6196135066671783 kpc 0.7446918897874776
StelMassEqualZero
break at:  0.654539713552
537 3.275742219329378 kpc 0.6545397135521065 kpc 0.5047420700935953
break at:  0.715654562164
538 3.2745837745117905 kpc 0.7156545621641495 kpc 0.6186827108035444
StelMassEqualZero
break at:  0.570491307469
543 3.566979748100511 kpc 0.5704913074692278 kpc 0.7047878624520753
break at:  0.324671425615
545 3.4224113218467362 kpc 0.32467142561528206 kpc 0.5760660516444268
break at:  0.320174340029
546 3.282158644085188 kpc 0.3201743400289227 kpc 0.6175994521745206
break at:  0.223184368511
547 3.242472892897471 kpc 0.22318436851111775 kpc 0.5458429268395444
StelMassEqualZero
break at:  0.43026460286
549 3.5053434088489053 kpc 0.43026460286013907 kpc 0.537863202836329
break at:  0.424808664578
550 3.397984004468969 kpc 0.42480866457805 kpc 0.7103069895019555
break at:  0.1
551 3.462588095921329 kpc 0.1 kpc 0.6721387292177773
StelMassEqualZero
break at:  0.430629097419
554 3.512586017393899 kpc 0.43062909741919264 kpc 0.5196592534250157
break at:  0.624244630832
556 3.5558373755183506 kpc 0.6242446308315662 kpc 0.5052242741714356
StelMassEqualZero
break at:  0.356150583282
558 3.4410720571691527 kpc 0.3561505832823477 kpc 1.0003440628360307
StelMassEqualZero
StelMassEqualZero
break at:  0.871539967646
562 3.3726158414606253 kpc 0.8715399676456724 kpc 0.6031486261223605
StelMassEqualZero
StelMassEqualZero
break at:  0.119544281577
568 3.249463960521592 kpc 0.11954428157680566 kpc 0.5791936683966988
break at:  1.47602915617
570 3.309965118886277 kpc 1.4760291561731196 kpc 0.8068138343802032
break at:  1.01320025902
571 3.7058228577370107 kpc 1.0132002590165208 kpc 0.6668960418812532
StelMassEqualZero
break at:  0.560363499979
573 3.4382133937462234 kpc 0.56036349997905 kpc 0.6425724786963741
StelMassEqualZero
break at:  0.247699472613
578 3.438015413887093 kpc 0.24769947261259856 kpc 0.6331676076467455
StelMassEqualZero
StelMassEqualZero
StelMassEqualZero
break at:  0.142943555304
587 3.257276695976618 kpc 0.14294355530416802 kpc 0.5352535205529808
StelMassEqualZero
StelMassEqualZero
break at:  0.204783154966
591 3.2927546321872216 kpc 0.20478315496583008 kpc 0.6436739517294087
StelMassEqualZero
StelMassEqualZero
StelMassEqualZero
break at:  0.321669973627
596 3.328369781487886 kpc 0.3216699736269479 kpc 0.6573196813881417
break at:  0.426681308292
598 3.43461109896184 kpc 0.4266813082920149 kpc 0.5081961816621405
break at:  0.60446538948
601 3.3394450847736685 kpc 0.6044653894803036 kpc 0.7002408440008311
break at:  1.21496655851
602 3.686318984662554 kpc 1.2149665585115212 kpc 0.6467976890565413
break at:  0.418373871996
603 3.2738863669405 kpc 0.41837387199617215 kpc 0.5680834900692756
break at:  0.413146175959
605 3.1750667481858055 kpc 0.41314617595944453 kpc 0.5877021369123875
break at:  0.267743620429
608 3.2844203883025807 kpc 0.2677436204287037 kpc 0.5018912962260065
break at:  0.202274173986
609 3.10069912852545 kpc 0.2022741739862307 kpc 0.6163065400985701
break at:  0.446456441263
611 3.0950643594550558 kpc 0.4464564412626539 kpc 0.6430783261103422
break at:  0.242854965475
612 3.1831217611683895 kpc 0.2428549654749049 kpc 0.632718830909816
break at:  0.224939728146
613 3.3544401869549185 kpc 0.2249397281456483 kpc 0.6500252223690172
StelMassEqualZero
StelMassEqualZero
StelMassEqualZero
break at:  0.387409880948
618 3.3825467097645117 kpc 0.3874098809483695 kpc 0.5104441268396628
break at:  0.456716528739
620 3.2606726613677632 kpc 0.4567165287394756 kpc 0.5142163831374875
StelMassEqualZero
break at:  0.264420829751
623 3.1421729126052593 kpc 0.2644208297512717 kpc 0.7985888681577022
StelMassEqualZero
StelMassEqualZero
StelMassEqualZero
break at:  0.536659989223
627 3.1463255510765378 kpc 0.5366599892232727 kpc 0.866721619948898
break at:  0.373543135834
628 3.0767058462935637 kpc 0.3735431358335342 kpc 0.5154300301308569
StelMassEqualZero
StelMassEqualZero
break at:  0.411051832126
633 3.1359774700680694 kpc 0.4110518321264266 kpc 0.8334796349677368
break at:  0.155813240499
634 3.1791718670689186 kpc 0.1558132404987504 kpc 0.5252006077058187
StelMassEqualZero
break at:  0.263558251221
636 3.1059818646322084 kpc 0.263558251221002 kpc 0.5416999607219295
StelMassEqualZero
StelMassEqualZero
break at:  0.288103256272
642 3.1155271657259433 kpc 0.2881032562722068 kpc 0.5174917284454201
break at:  0.460336779471
643 3.3202715754938623 kpc 0.4603367794705813 kpc 0.5477462349174044
StelMassEqualZero
break at:  0.46198961448
645 3.3476842420702275 kpc 0.46198961448022396 kpc 0.5865891886790687
StelMassEqualZero
StelMassEqualZero
break at:  0.260823044331
653 2.9931995777764158 kpc 0.26082304433116343 kpc 0.5333682547545793
StelMassEqualZero
StelMassEqualZero
StelMassEqualZero
StelMassEqualZero
StelMassEqualZero
StelMassEqualZero
StelMassEqualZero
StelMassEqualZero
break at:  0.494968354014
665 3.1982894949077814 kpc 0.49496835401369654 kpc 0.5611463893389292
StelMassEqualZero
StelMassEqualZero
break at:  0.416129415905
669 3.2312403698104677 kpc 0.41612941590543223 kpc 0.7091656990049091
break at:  0.130240568775
670 3.1024278767465274 kpc 0.13024056877477494 kpc 0.5540660488714761
StelMassEqualZero
StelMassEqualZero
break at:  0.313471437603
674 3.0803064612243305 kpc 0.3134714376027438 kpc 0.6479038775997276
break at:  0.169790840021
675 3.122070244857852 kpc 0.16979084002059489 kpc 0.5701649613341573
break at:  1.99332407168
678 3.4345101515185577 kpc 1.9933240716781453 kpc 0.5047949691041609
StelMassEqualZero
StelMassEqualZero
StelMassEqualZero
StelMassEqualZero
StelMassEqualZero
StelMassEqualZero
StelMassEqualZero
StelMassEqualZero
break at:  0.676356720131
691 3.4814092161557473 kpc 0.6763567201307594 kpc 0.5171270155337628
break at:  1.1150503491
693 3.256557047638566 kpc 1.1150503490968542 kpc 0.5594828697263601
StelMassEqualZero
StelMassEqualZero
StelMassEqualZero
StelMassEqualZero
break at:  0.945294487773
701 3.3257125987864264 kpc 0.94529448777339 kpc 0.6298462617938003
StelMassEqualZero
break at:  0.446163359931
705 3.0904051747178047 kpc 0.4461633599311007 kpc 0.507128270250202
StelMassEqualZero
StelMassEqualZero
StelMassEqualZero
StelMassEqualZero
StelMassEqualZero
StelMassEqualZero
break at:  0.141576801646
714 2.966012285391983 kpc 0.14157680164642295 kpc 0.6030512730510106
break at:  0.634270005445
715 3.089852528060515 kpc 0.6342700054454911 kpc 0.5716251787638563
StelMassEqualZero
break at:  0.787930286232
717 3.3123138223583948 kpc 0.7879302862318776 kpc 0.5808449397113983
StelMassEqualZero
StelMassEqualZero
break at:  0.619638714021
721 2.958792020293041 kpc 0.6196387140205392 kpc 0.6250696715583607
break at:  0.397239726365
723 2.8852994503684863 kpc 0.3972397263648283 kpc 0.5174193428462227
break at:  0.306290260612
724 2.8734229895072336 kpc 0.30629026061199727 kpc 0.7224707120426821
break at:  0.315024811522
728 3.1263261351485183 kpc 0.3150248115216828 kpc 0.5791465627006922
break at:  0.798773391621
729 2.9271052105802857 kpc 0.7987733916211589 kpc 0.5178136314850934
break at:  0.412766686879
730 3.1679626941747183 kpc 0.4127666868789196 kpc 0.5933382675486086
StelMassEqualZero
StelMassEqualZero
StelMassEqualZero
StelMassEqualZero
StelMassEqualZero
break at:  0.377712458782
744 3.16679103280123 kpc 0.37771245878213705 kpc 0.5036943696795169
StelMassEqualZero
StelMassEqualZero
StelMassEqualZero
break at:  0.180642012348
752 2.6967916315478493 kpc 0.18064201234840552 kpc 0.5479254884567967
StelMassEqualZero
StelMassEqualZero
StelMassEqualZero
StelMassEqualZero
StelMassEqualZero
StelMassEqualZero
break at:  0.439544988042
765 2.9862440113323947 kpc 0.439544988042293 kpc 1.0003440628360307
StelMassEqualZero
StelMassEqualZero
StelMassEqualZero
StelMassEqualZero
StelMassEqualZero
StelMassEqualZero
StelMassEqualZero
break at:  0.199133148473
777 2.8729287595581323 kpc 0.1991331484728011 kpc 0.7021616414034727
StelMassEqualZero
StelMassEqualZero
StelMassEqualZero
StelMassEqualZero
StelMassEqualZero
StelMassEqualZero
StelMassEqualZero
break at:  0.236110143678
790 2.851984214328459 kpc 0.23611014367805125 kpc 0.5118519626548661
StelMassEqualZero
StelMassEqualZero
StelMassEqualZero
break at:  0.594484206793
795 3.2327612148244693 kpc 0.5944842067934462 kpc 0.6197783867582367
StelMassEqualZero
StelMassEqualZero
StelMassEqualZero
StelMassEqualZero
StelMassEqualZero
StelMassEqualZero
StelMassEqualZero
StelMassEqualZero
break at:  0.254293555258
810 2.735886472959695 kpc 0.2542935552580105 kpc 0.5557467015854162
break at:  0.263715404596
812 3.1125531071255224 kpc 0.2637154045962551 kpc 0.583534036654351
break at:  0.845392642279
814 3.2097411015289583 kpc 0.8453926422785937 kpc 0.6523983018498266
break at:  0.235702612702
817 2.8328341335386833 kpc 0.23570261270159007 kpc 0.6055528998864995
StelMassEqualZero
StelMassEqualZero
StelMassEqualZero
StelMassEqualZero
StelMassEqualZero
StelMassEqualZero
break at:  0.165328325817
832 2.6257733820918565 kpc 0.16532832581727339 kpc 0.5144706490247433
StelMassEqualZero
StelMassEqualZero
StelMassEqualZero
StelMassEqualZero
break at:  0.570722647407
838 2.9855816842084266 kpc 0.5707226474069921 kpc 0.5210917741776078
StelMassEqualZero
StelMassEqualZero
break at:  0.399717379925
841 2.929361811271858 kpc 0.3997173799251719 kpc 0.536736331643686
StelMassEqualZero
StelMassEqualZero
break at:  0.396805543342
845 2.877618509492354 kpc 0.3968055433424161 kpc 0.5078916948788973
break at:  0.36233625137
846 2.8424356797312327 kpc 0.3623362513699196 kpc 0.8723027635224939
StelMassEqualZero
StelMassEqualZero
break at:  0.153241889626
849 2.7921869264441845 kpc 0.15324188962586338 kpc 0.5026872937808308
break at:  0.108833852728
850 2.71516443807388 kpc 0.10883385272827367 kpc 0.6130087476231911
StelMassEqualZero
StelMassEqualZero
StelMassEqualZero
StelMassEqualZero
StelMassEqualZero
break at:  0.232767504603
858 2.6977218399217326 kpc 0.2327675046031344 kpc 0.5471312268087106
StelMassEqualZero
StelMassEqualZero
StelMassEqualZero
StelMassEqualZero
break at:  0.216810170495
867 2.8598625070496246 kpc 0.21681017049548604 kpc 0.5380892060202722
StelMassEqualZero
StelMassEqualZero
StelMassEqualZero
StelMassEqualZero
StelMassEqualZero
StelMassEqualZero
StelMassEqualZero
StelMassEqualZero
StelMassEqualZero
StelMassEqualZero
StelMassEqualZero
StelMassEqualZero
break at:  0.658151522966
890 2.8227253545706734 kpc 0.6581515229661754 kpc 0.5027779948851673
StelMassEqualZero
StelMassEqualZero
StelMassEqualZero
StelMassEqualZero
StelMassEqualZero
StelMassEqualZero
break at:  0.278876123554
901 2.802765947047154 kpc 0.27887612355362135 kpc 0.6078039875461716
StelMassEqualZero
break at:  0.1
903 2.687065895237904 kpc 0.1 kpc 0.605379432756599
StelMassEqualZero
StelMassEqualZero
StelMassEqualZero
StelMassEqualZero
StelMassEqualZero
break at:  1.09538728366
913 3.1739331953415046 kpc 1.095387283658881 kpc 0.5694266203842875
break at:  0.554085029
914 2.818214279981299 kpc 0.554085029000311 kpc 0.5975209502850953
break at:  0.812959595371
916 3.0120492052939727 kpc 0.812959595370685 kpc 0.5181064867270007
StelMassEqualZero
break at:  0.166089880283
918 2.705394597159875 kpc 0.1660898802825991 kpc 0.5538626633611938
StelMassEqualZero
StelMassEqualZero
StelMassEqualZero
StelMassEqualZero
break at:  0.392741951123
923 2.806315710272277 kpc 0.3927419511233015 kpc 0.7502580471415234
StelMassEqualZero
StelMassEqualZero
StelMassEqualZero
StelMassEqualZero
StelMassEqualZero
StelMassEqualZero
StelMassEqualZero
StelMassEqualZero
StelMassEqualZero
StelMassEqualZero
break at:  0.437667684274
945 2.449888819900398 kpc 0.43766768427400093 kpc 0.5321053316670934
StelMassEqualZero
break at:  0.324859962631
951 2.6634183433641487 kpc 0.3248599626306181 kpc 0.5136901944292648
StelMassEqualZero
StelMassEqualZero
break at:  0.177751610045
954 2.465007880556961 kpc 0.1777516100446123 kpc 0.5871167212075068
StelMassEqualZero
StelMassEqualZero
break at:  0.576404108281
960 2.5868952283815583 kpc 0.5764041082813144 kpc 0.6946833769694657
StelMassEqualZero
StelMassEqualZero
StelMassEqualZero
StelMassEqualZero
StelMassEqualZero
break at:  0.22413678868
966 2.328098047543397 kpc 0.22413678867951878 kpc 0.5221571802797849
StelMassEqualZero
StelMassEqualZero
StelMassEqualZero
StelMassEqualZero
break at:  0.343552171984
976 2.475033127772952 kpc 0.34355217198447224 kpc 1.0003440628360307
StelMassEqualZero
StelMassEqualZero
StelMassEqualZero
StelMassEqualZero
StelMassEqualZero
StelMassEqualZero
break at:  0.192673065264
986 2.446258837471513 kpc 0.19267306526443845 kpc 1.0003440628360307
StelMassEqualZero
StelMassEqualZero
StelMassEqualZero
StelMassEqualZero
StelMassEqualZero
StelMassEqualZero
StelMassEqualZero
StelMassEqualZero
StelMassEqualZero
StelMassEqualZero
StelMassEqualZero
break at:  0.662219315266
1000 2.853726575111936 kpc 0.6622193152655426 kpc 0.5196231659744398
StelMassEqualZero
StelMassEqualZero
StelMassEqualZero
StelMassEqualZero
break at:  0.208193015022
1006 2.3989434105718126 kpc 0.20819301502227386 kpc 0.5534757669550426
StelMassEqualZero
StelMassEqualZero
StelMassEqualZero
StelMassEqualZero
break at:  0.894158821273
1012 2.673757391185141 kpc 0.8941588212728218 kpc 0.5114233450082533
StelMassEqualZero
break at:  0.139058634878
1017 2.489889800186695 kpc 0.13905863487794357 kpc 0.5016747027000102
StelMassEqualZero
StelMassEqualZero
break at:  0.293035772071
1020 2.5162971114333557 kpc 0.29303577207066406 kpc 0.7522747328800393
StelMassEqualZero
StelMassEqualZero
break at:  0.17854851807
1024 2.527213681496301 kpc 0.17854851806969993 kpc 0.8030547558615894
StelMassEqualZero
break at:  0.701597479804
1027 2.720639449092006 kpc 0.7015974798038827 kpc 0.6308209146943937
StelMassEqualZero
StelMassEqualZero
StelMassEqualZero
StelMassEqualZero
StelMassEqualZero
StelMassEqualZero
StelMassEqualZero
StelMassEqualZero
StelMassEqualZero
break at:  0.481752972096
1040 2.5210817683638247 kpc 0.4817529720955068 kpc 0.5031098239557564
StelMassEqualZero
StelMassEqualZero
StelMassEqualZero
StelMassEqualZero
StelMassEqualZero
StelMassEqualZero
StelMassEqualZero
break at:  0.151092210979
1050 2.5008531804196643 kpc 0.1510922109792839 kpc 0.5017238148610925
StelMassEqualZero
StelMassEqualZero
StelMassEqualZero
StelMassEqualZero
StelMassEqualZero
break at:  0.270823167756
1058 2.5481729095926955 kpc 0.2708231677557152 kpc 0.5001720314328618
StelMassEqualZero
StelMassEqualZero
break at:  0.178115334011
1062 2.493242029794204 kpc 0.17811533401076207 kpc 0.5753113179356739
StelMassEqualZero
StelMassEqualZero
break at:  0.271538413513
1065 2.5701096240094956 kpc 0.27153841351338026 kpc 0.6668960418906871
StelMassEqualZero
StelMassEqualZero
StelMassEqualZero
StelMassEqualZero
StelMassEqualZero
break at:  0.521652072467
1075 2.5054908866254264 kpc 0.5216520724665802 kpc 0.5864085885590524
StelMassEqualZero
StelMassEqualZero
StelMassEqualZero
StelMassEqualZero
StelMassEqualZero
StelMassEqualZero
StelMassEqualZero
StelMassEqualZero
break at:  0.117365664845
1087 2.2701300306276493 kpc 0.11736566484543423 kpc 0.6592783526944552
break at:  0.251122936946
1088 2.616850971050374 kpc 0.25112293694618437 kpc 0.7275229547898405
StelMassEqualZero
StelMassEqualZero
StelMassEqualZero
break at:  0.438975192641
1093 2.4657740962523027 kpc 0.43897519264050694 kpc 0.5808449397112437
StelMassEqualZero
StelMassEqualZero
break at:  0.209438748925
1096 2.461768166996073 kpc 0.20943874892527364 kpc 1.0003440628360305
break at:  0.292337698153
1097 2.4983568423471185 kpc 0.2923376981527295 kpc 0.5693747379074466
StelMassEqualZero
StelMassEqualZero
break at:  3.00236352799
1100 3.00236352799303 kpc 3.00236352799303 kpc 1.0003440628360307
StelMassEqualZero
StelMassEqualZero
StelMassEqualZero
StelMassEqualZero
StelMassEqualZero
StelMassEqualZero
StelMassEqualZero
StelMassEqualZero
StelMassEqualZero
StelMassEqualZero
StelMassEqualZero
StelMassEqualZero
break at:  0.266288404346
1121 2.4120973397692325 kpc 0.2662884043456633 kpc 0.8870011422233386
StelMassEqualZero
StelMassEqualZero
StelMassEqualZero
StelMassEqualZero
StelMassEqualZero
StelMassEqualZero
StelMassEqualZero
StelMassEqualZero
StelMassEqualZero
StelMassEqualZero
StelMassEqualZero
StelMassEqualZero
StelMassEqualZero
StelMassEqualZero
StelMassEqualZero
StelMassEqualZero
StelMassEqualZero
StelMassEqualZero
StelMassEqualZero
StelMassEqualZero
break at:  0.172087737337
1153 2.0580876397657937 kpc 0.172087737336616 kpc 0.550571020483542
StelMassEqualZero
StelMassEqualZero
StelMassEqualZero
StelMassEqualZero
StelMassEqualZero
StelMassEqualZero
StelMassEqualZero
break at:  0.28505070852
1166 2.316148359729367 kpc 0.28505070852018305 kpc 1.0003440628360307
StelMassEqualZero
StelMassEqualZero
StelMassEqualZero
StelMassEqualZero
StelMassEqualZero
StelMassEqualZero
StelMassEqualZero
StelMassEqualZero
StelMassEqualZero
StelMassEqualZero
StelMassEqualZero
StelMassEqualZero
StelMassEqualZero
StelMassEqualZero
StelMassEqualZero
StelMassEqualZero
StelMassEqualZero
StelMassEqualZero
StelMassEqualZero
StelMassEqualZero
StelMassEqualZero
break at:  0.618973522761
1198 2.5317374925125837 kpc 0.6189735227606613 kpc 0.5418530340361832
StelMassEqualZero
StelMassEqualZero
StelMassEqualZero
StelMassEqualZero
StelMassEqualZero
StelMassEqualZero
StelMassEqualZero
StelMassEqualZero
StelMassEqualZero
StelMassEqualZero
StelMassEqualZero
StelMassEqualZero
StelMassEqualZero
StelMassEqualZero
StelMassEqualZero
StelMassEqualZero
StelMassEqualZero
StelMassEqualZero
StelMassEqualZero
StelMassEqualZero
StelMassEqualZero
break at:  0.192813676706
1229 2.4549743063673684 kpc 0.19281367670578664 kpc 0.5869779675762457
StelMassEqualZero
StelMassEqualZero
StelMassEqualZero
StelMassEqualZero
break at:  0.364313040363
1237 2.3366551474033943 kpc 0.3643130403629187 kpc 1.0003440628360307
break at:  0.303810047784
1238 2.2099968579478553 kpc 0.303810047783636 kpc 0.6573689555845512
StelMassEqualZero
StelMassEqualZero
StelMassEqualZero
StelMassEqualZero
StelMassEqualZero
StelMassEqualZero
StelMassEqualZero
StelMassEqualZero
StelMassEqualZero
StelMassEqualZero
StelMassEqualZero
StelMassEqualZero
StelMassEqualZero
StelMassEqualZero
StelMassEqualZero
StelMassEqualZero
StelMassEqualZero
StelMassEqualZero
StelMassEqualZero
StelMassEqualZero
StelMassEqualZero
StelMassEqualZero
StelMassEqualZero
StelMassEqualZero
StelMassEqualZero
StelMassEqualZero
StelMassEqualZero
break at:  0.311709388833
1293 2.373810816363951 kpc 0.3117093888328268 kpc 0.5557467015755727
StelMassEqualZero
StelMassEqualZero
break at:  0.186232200478
1298 2.072607318163567 kpc 0.1862322004783485 kpc 0.522000003607172
StelMassEqualZero
StelMassEqualZero
StelMassEqualZero
StelMassEqualZero
StelMassEqualZero
StelMassEqualZero
StelMassEqualZero
StelMassEqualZero
StelMassEqualZero
StelMassEqualZero
StelMassEqualZero
StelMassEqualZero
StelMassEqualZero
StelMassEqualZero
StelMassEqualZero
break at:  0.421139822457
1324 2.2538430555393836 kpc 0.4211398224573116 kpc 0.5067408948813813
StelMassEqualZero
StelMassEqualZero
break at:  0.337376548175
1328 2.3610148315795834 kpc 0.3373765481750328 kpc 0.5096092395640438
break at:  0.160217528368
1329 2.140992668447135 kpc 0.1602175283678296 kpc 0.6365825854265403
StelMassEqualZero
StelMassEqualZero
StelMassEqualZero
StelMassEqualZero
StelMassEqualZero
StelMassEqualZero
StelMassEqualZero
StelMassEqualZero
StelMassEqualZero
StelMassEqualZero
StelMassEqualZero
StelMassEqualZero
break at:  0.273362727519
1347 2.0427625962287066 kpc 0.2733627275186237 kpc 0.5409830320863701
StelMassEqualZero
StelMassEqualZero
StelMassEqualZero
StelMassEqualZero
StelMassEqualZero
StelMassEqualZero
StelMassEqualZero
StelMassEqualZero
StelMassEqualZero
StelMassEqualZero
StelMassEqualZero
StelMassEqualZero
StelMassEqualZero
StelMassEqualZero
StelMassEqualZero
StelMassEqualZero
StelMassEqualZero
StelMassEqualZero
StelMassEqualZero
StelMassEqualZero
StelMassEqualZero
StelMassEqualZero
StelMassEqualZero
StelMassEqualZero
StelMassEqualZero
StelMassEqualZero
StelMassEqualZero
StelMassEqualZero
StelMassEqualZero
StelMassEqualZero
break at:  0.40806933077
1392 2.105023284806532 kpc 0.40806933077024166 kpc 1.0003440628360305
StelMassEqualZero
StelMassEqualZero
StelMassEqualZero
StelMassEqualZero
StelMassEqualZero
StelMassEqualZero
StelMassEqualZero
StelMassEqualZero
StelMassEqualZero
StelMassEqualZero
StelMassEqualZero
StelMassEqualZero
StelMassEqualZero
StelMassEqualZero
StelMassEqualZero
StelMassEqualZero
StelMassEqualZero
break at:  0.1
1417 2.1487247022514397 kpc 0.1 kpc 0.6370898076924595
StelMassEqualZero
StelMassEqualZero
StelMassEqualZero
StelMassEqualZero
StelMassEqualZero
StelMassEqualZero
StelMassEqualZero
StelMassEqualZero
StelMassEqualZero
StelMassEqualZero
StelMassEqualZero
break at:  0.231796883301
1431 1.9700278801926694 kpc 0.23179688330055892 kpc 0.7502580471345555
StelMassEqualZero
StelMassEqualZero
StelMassEqualZero
StelMassEqualZero
StelMassEqualZero
StelMassEqualZero
StelMassEqualZero
StelMassEqualZero
StelMassEqualZero
StelMassEqualZero
break at:  0.351884662092
1449 2.1470928321800846 kpc 0.3518846620915542 kpc 0.5282715837452417
StelMassEqualZero
StelMassEqualZero
StelMassEqualZero
StelMassEqualZero
StelMassEqualZero
StelMassEqualZero
StelMassEqualZero
StelMassEqualZero
StelMassEqualZero
StelMassEqualZero
StelMassEqualZero
StelMassEqualZero
StelMassEqualZero
StelMassEqualZero
StelMassEqualZero
StelMassEqualZero
StelMassEqualZero
StelMassEqualZero
StelMassEqualZero
StelMassEqualZero
StelMassEqualZero
StelMassEqualZero
StelMassEqualZero
StelMassEqualZero
break at:  0.397073687617
1483 1.9840566574634417 kpc 0.3970736876173265 kpc 0.5574732932688119
break at:  0.327325966585
1484 2.182474576964349 kpc 0.32732596658540963 kpc 0.5354782924432671
StelMassEqualZero
StelMassEqualZero
StelMassEqualZero
StelMassEqualZero
StelMassEqualZero
break at:  0.319118929578
1493 2.0430390751493697 kpc 0.319118929577709 kpc 0.5557467015593306
StelMassEqualZero
StelMassEqualZero
StelMassEqualZero
StelMassEqualZero
StelMassEqualZero
StelMassEqualZero
StelMassEqualZero
StelMassEqualZero
StelMassEqualZero
StelMassEqualZero
StelMassEqualZero
StelMassEqualZero
break at:  0.310225399528
1508 1.8982836913777537 kpc 0.31022539952835954 kpc 0.5611686206153345
StelMassEqualZero
StelMassEqualZero
StelMassEqualZero
StelMassEqualZero
StelMassEqualZero
StelMassEqualZero
StelMassEqualZero
StelMassEqualZero
StelMassEqualZero
StelMassEqualZero
StelMassEqualZero
StelMassEqualZero
StelMassEqualZero
StelMassEqualZero
StelMassEqualZero
StelMassEqualZero
StelMassEqualZero
StelMassEqualZero
StelMassEqualZero
StelMassEqualZero
StelMassEqualZero
StelMassEqualZero
StelMassEqualZero
StelMassEqualZero
StelMassEqualZero
StelMassEqualZero
StelMassEqualZero
StelMassEqualZero
StelMassEqualZero
break at:  0.253264264241
1546 2.0493456928277354 kpc 0.25326426424117293 kpc 0.566861635607084
StelMassEqualZero
StelMassEqualZero
StelMassEqualZero
StelMassEqualZero
StelMassEqualZero
StelMassEqualZero
StelMassEqualZero
StelMassEqualZero
StelMassEqualZero
StelMassEqualZero
StelMassEqualZero
StelMassEqualZero
StelMassEqualZero
StelMassEqualZero
StelMassEqualZero
StelMassEqualZero
StelMassEqualZero
StelMassEqualZero
StelMassEqualZero
StelMassEqualZero
StelMassEqualZero
StelMassEqualZero
StelMassEqualZero
StelMassEqualZero
StelMassEqualZero
StelMassEqualZero
StelMassEqualZero
StelMassEqualZero
StelMassEqualZero
StelMassEqualZero
StelMassEqualZero
StelMassEqualZero
StelMassEqualZero
StelMassEqualZero
StelMassEqualZero
StelMassEqualZero
StelMassEqualZero
StelMassEqualZero
StelMassEqualZero
StelMassEqualZero
StelMassEqualZero
StelMassEqualZero
StelMassEqualZero
StelMassEqualZero
StelMassEqualZero
StelMassEqualZero
StelMassEqualZero
StelMassEqualZero
StelMassEqualZero
StelMassEqualZero
StelMassEqualZero
StelMassEqualZero
StelMassEqualZero
StelMassEqualZero
StelMassEqualZero
StelMassEqualZero
StelMassEqualZero
StelMassEqualZero
StelMassEqualZero
StelMassEqualZero
StelMassEqualZero
StelMassEqualZero
StelMassEqualZero
StelMassEqualZero
StelMassEqualZero
StelMassEqualZero
StelMassEqualZero
StelMassEqualZero
StelMassEqualZero
StelMassEqualZero
StelMassEqualZero
StelMassEqualZero
StelMassEqualZero
StelMassEqualZero
StelMassEqualZero
StelMassEqualZero
StelMassEqualZero
StelMassEqualZero
StelMassEqualZero
StelMassEqualZero
StelMassEqualZero
StelMassEqualZero
StelMassEqualZero
StelMassEqualZero
StelMassEqualZero
StelMassEqualZero
StelMassEqualZero
StelMassEqualZero
StelMassEqualZero
StelMassEqualZero
StelMassEqualZero
StelMassEqualZero
StelMassEqualZero
StelMassEqualZero
StelMassEqualZero
StelMassEqualZero
StelMassEqualZero
StelMassEqualZero
StelMassEqualZero
StelMassEqualZero
StelMassEqualZero
StelMassEqualZero
StelMassEqualZero
StelMassEqualZero
StelMassEqualZero
StelMassEqualZero
StelMassEqualZero
StelMassEqualZero
StelMassEqualZero
StelMassEqualZero
StelMassEqualZero
StelMassEqualZero
StelMassEqualZero
StelMassEqualZero
StelMassEqualZero
StelMassEqualZero
StelMassEqualZero
StelMassEqualZero
StelMassEqualZero
StelMassEqualZero
StelMassEqualZero
StelMassEqualZero
StelMassEqualZero
StelMassEqualZero
StelMassEqualZero
StelMassEqualZero
StelMassEqualZero
StelMassEqualZero
StelMassEqualZero
StelMassEqualZero
StelMassEqualZero
StelMassEqualZero
StelMassEqualZero
StelMassEqualZero
StelMassEqualZero
StelMassEqualZero
StelMassEqualZero
StelMassEqualZero
StelMassEqualZero
StelMassEqualZero
StelMassEqualZero
StelMassEqualZero
StelMassEqualZero
StelMassEqualZero
StelMassEqualZero
StelMassEqualZero
StelMassEqualZero
StelMassEqualZero
StelMassEqualZero
StelMassEqualZero
StelMassEqualZero
StelMassEqualZero
StelMassEqualZero
StelMassEqualZero
StelMassEqualZero
StelMassEqualZero
StelMassEqualZero
StelMassEqualZero
StelMassEqualZero
StelMassEqualZero
StelMassEqualZero
StelMassEqualZero
StelMassEqualZero
StelMassEqualZero
StelMassEqualZero
StelMassEqualZero
StelMassEqualZero
StelMassEqualZero
StelMassEqualZero
StelMassEqualZero
StelMassEqualZero
StelMassEqualZero
break at:  0.179034658
1782 1.710284721500798 kpc 0.17903465799965596 kpc 0.8574377681427348
StelMassEqualZero
StelMassEqualZero
StelMassEqualZero
StelMassEqualZero
StelMassEqualZero
StelMassEqualZero
StelMassEqualZero
StelMassEqualZero
StelMassEqualZero
StelMassEqualZero
StelMassEqualZero
StelMassEqualZero
StelMassEqualZero
StelMassEqualZero
StelMassEqualZero
StelMassEqualZero
StelMassEqualZero
StelMassEqualZero
StelMassEqualZero
StelMassEqualZero
StelMassEqualZero
StelMassEqualZero
break at:  0.274357848058
1813 2.065152670967571 kpc 0.27435784805819025 kpc 0.5335168335082812
StelMassEqualZero
StelMassEqualZero
StelMassEqualZero
StelMassEqualZero
StelMassEqualZero
StelMassEqualZero
StelMassEqualZero
StelMassEqualZero
StelMassEqualZero
StelMassEqualZero
StelMassEqualZero
StelMassEqualZero
StelMassEqualZero
StelMassEqualZero
StelMassEqualZero
StelMassEqualZero
StelMassEqualZero
StelMassEqualZero
StelMassEqualZero
StelMassEqualZero
StelMassEqualZero
StelMassEqualZero
StelMassEqualZero
StelMassEqualZero
StelMassEqualZero
StelMassEqualZero
StelMassEqualZero
StelMassEqualZero
StelMassEqualZero
StelMassEqualZero
StelMassEqualZero
StelMassEqualZero
StelMassEqualZero
StelMassEqualZero
StelMassEqualZero
StelMassEqualZero
break at:  0.300322918869
1858 1.74473726980444 kpc 0.3003229188688447 kpc 0.5436652515413212
StelMassEqualZero
StelMassEqualZero
StelMassEqualZero
StelMassEqualZero
StelMassEqualZero
StelMassEqualZero
StelMassEqualZero
StelMassEqualZero
StelMassEqualZero
StelMassEqualZero
StelMassEqualZero
StelMassEqualZero
StelMassEqualZero
StelMassEqualZero
StelMassEqualZero
StelMassEqualZero
StelMassEqualZero
StelMassEqualZero
StelMassEqualZero
StelMassEqualZero
StelMassEqualZero
StelMassEqualZero
StelMassEqualZero
StelMassEqualZero
StelMassEqualZero
StelMassEqualZero
StelMassEqualZero
StelMassEqualZero
StelMassEqualZero
StelMassEqualZero
StelMassEqualZero
StelMassEqualZero
StelMassEqualZero
StelMassEqualZero
StelMassEqualZero
StelMassEqualZero
StelMassEqualZero
StelMassEqualZero
StelMassEqualZero
StelMassEqualZero
StelMassEqualZero
StelMassEqualZero
StelMassEqualZero
StelMassEqualZero
StelMassEqualZero
StelMassEqualZero
StelMassEqualZero
StelMassEqualZero
StelMassEqualZero
StelMassEqualZero
StelMassEqualZero
StelMassEqualZero
StelMassEqualZero
StelMassEqualZero
StelMassEqualZero
StelMassEqualZero
StelMassEqualZero
StelMassEqualZero
StelMassEqualZero
StelMassEqualZero
StelMassEqualZero
StelMassEqualZero
StelMassEqualZero
StelMassEqualZero
StelMassEqualZero
StelMassEqualZero
StelMassEqualZero
StelMassEqualZero
StelMassEqualZero
StelMassEqualZero
StelMassEqualZero
StelMassEqualZero
StelMassEqualZero
StelMassEqualZero
StelMassEqualZero
StelMassEqualZero
StelMassEqualZero
StelMassEqualZero
StelMassEqualZero
StelMassEqualZero
StelMassEqualZero
StelMassEqualZero
StelMassEqualZero
StelMassEqualZero
StelMassEqualZero
StelMassEqualZero
StelMassEqualZero
StelMassEqualZero
StelMassEqualZero
StelMassEqualZero
StelMassEqualZero
StelMassEqualZero
StelMassEqualZero
StelMassEqualZero
StelMassEqualZero
StelMassEqualZero
StelMassEqualZero
StelMassEqualZero
StelMassEqualZero
StelMassEqualZero
StelMassEqualZero
StelMassEqualZero
StelMassEqualZero
StelMassEqualZero
StelMassEqualZero
StelMassEqualZero
StelMassEqualZero
break at:  0.38724981676
2009 1.879234507913848 kpc 0.3872498167604022 kpc 0.5001720314180155
StelMassEqualZero
StelMassEqualZero
StelMassEqualZero
StelMassEqualZero
StelMassEqualZero
StelMassEqualZero
StelMassEqualZero
StelMassEqualZero
StelMassEqualZero
StelMassEqualZero
StelMassEqualZero
StelMassEqualZero
StelMassEqualZero
StelMassEqualZero
StelMassEqualZero
StelMassEqualZero
StelMassEqualZero
StelMassEqualZero
StelMassEqualZero
StelMassEqualZero
StelMassEqualZero
StelMassEqualZero
StelMassEqualZero
StelMassEqualZero
StelMassEqualZero
StelMassEqualZero
StelMassEqualZero
StelMassEqualZero
StelMassEqualZero
StelMassEqualZero
StelMassEqualZero
StelMassEqualZero
StelMassEqualZero
StelMassEqualZero
StelMassEqualZero
StelMassEqualZero
StelMassEqualZero
StelMassEqualZero
StelMassEqualZero
StelMassEqualZero
StelMassEqualZero
StelMassEqualZero
StelMassEqualZero
StelMassEqualZero
StelMassEqualZero
StelMassEqualZero
StelMassEqualZero
StelMassEqualZero
StelMassEqualZero
StelMassEqualZero
StelMassEqualZero
StelMassEqualZero
StelMassEqualZero
StelMassEqualZero
StelMassEqualZero
StelMassEqualZero
StelMassEqualZero
StelMassEqualZero
StelMassEqualZero
StelMassEqualZero
StelMassEqualZero
StelMassEqualZero
StelMassEqualZero
StelMassEqualZero
StelMassEqualZero
StelMassEqualZero
StelMassEqualZero
StelMassEqualZero
StelMassEqualZero
StelMassEqualZero
StelMassEqualZero
StelMassEqualZero
StelMassEqualZero
StelMassEqualZero
StelMassEqualZero
StelMassEqualZero
StelMassEqualZero
StelMassEqualZero
StelMassEqualZero
StelMassEqualZero
StelMassEqualZero
StelMassEqualZero
StelMassEqualZero
StelMassEqualZero
StelMassEqualZero
StelMassEqualZero
StelMassEqualZero
StelMassEqualZero
StelMassEqualZero
StelMassEqualZero
StelMassEqualZero
StelMassEqualZero
StelMassEqualZero
StelMassEqualZero
StelMassEqualZero
StelMassEqualZero
StelMassEqualZero
StelMassEqualZero
StelMassEqualZero
StelMassEqualZero
StelMassEqualZero
StelMassEqualZero
StelMassEqualZero
StelMassEqualZero
StelMassEqualZero
StelMassEqualZero
StelMassEqualZero
StelMassEqualZero
StelMassEqualZero
StelMassEqualZero
StelMassEqualZero
StelMassEqualZero
StelMassEqualZero
StelMassEqualZero
StelMassEqualZero
StelMassEqualZero
StelMassEqualZero
StelMassEqualZero
break at:  0.429442734233
2159 1.714609618238775 kpc 0.4294427342331667 kpc 0.5519139657053229
StelMassEqualZero
StelMassEqualZero
StelMassEqualZero
StelMassEqualZero
StelMassEqualZero
StelMassEqualZero
StelMassEqualZero
StelMassEqualZero
StelMassEqualZero
StelMassEqualZero
StelMassEqualZero
StelMassEqualZero
StelMassEqualZero
StelMassEqualZero
StelMassEqualZero
StelMassEqualZero
StelMassEqualZero
StelMassEqualZero
StelMassEqualZero
StelMassEqualZero
StelMassEqualZero
StelMassEqualZero
StelMassEqualZero
StelMassEqualZero
StelMassEqualZero
StelMassEqualZero
StelMassEqualZero
StelMassEqualZero
StelMassEqualZero
StelMassEqualZero
StelMassEqualZero
StelMassEqualZero
StelMassEqualZero
StelMassEqualZero
StelMassEqualZero
StelMassEqualZero
StelMassEqualZero
StelMassEqualZero
StelMassEqualZero
StelMassEqualZero
StelMassEqualZero
StelMassEqualZero
StelMassEqualZero
StelMassEqualZero
StelMassEqualZero
break at:  0.318271576881
2221 1.6810079743335047 kpc 0.3182715768808304 kpc 0.8753010549815268
StelMassEqualZero
StelMassEqualZero
StelMassEqualZero
StelMassEqualZero
StelMassEqualZero
StelMassEqualZero
StelMassEqualZero
StelMassEqualZero
StelMassEqualZero
StelMassEqualZero
StelMassEqualZero
StelMassEqualZero
StelMassEqualZero
StelMassEqualZero
StelMassEqualZero
StelMassEqualZero
StelMassEqualZero
StelMassEqualZero
StelMassEqualZero
StelMassEqualZero
StelMassEqualZero
StelMassEqualZero
StelMassEqualZero
StelMassEqualZero
StelMassEqualZero
StelMassEqualZero
StelMassEqualZero
StelMassEqualZero
StelMassEqualZero
StelMassEqualZero
StelMassEqualZero
StelMassEqualZero
StelMassEqualZero
StelMassEqualZero
StelMassEqualZero
StelMassEqualZero
StelMassEqualZero
StelMassEqualZero
StelMassEqualZero
StelMassEqualZero
StelMassEqualZero
StelMassEqualZero
StelMassEqualZero
StelMassEqualZero
StelMassEqualZero
StelMassEqualZero
StelMassEqualZero
StelMassEqualZero
StelMassEqualZero
StelMassEqualZero
StelMassEqualZero
StelMassEqualZero
StelMassEqualZero
StelMassEqualZero
StelMassEqualZero
StelMassEqualZero
StelMassEqualZero
StelMassEqualZero
StelMassEqualZero
StelMassEqualZero
StelMassEqualZero
StelMassEqualZero
StelMassEqualZero
StelMassEqualZero
StelMassEqualZero
StelMassEqualZero
break at:  1.37966331028
2308 1.8622282033860889 kpc 1.3796633102813052 kpc 0.6668960418734919
StelMassEqualZero
StelMassEqualZero
StelMassEqualZero
StelMassEqualZero
StelMassEqualZero
StelMassEqualZero
StelMassEqualZero
StelMassEqualZero
StelMassEqualZero
StelMassEqualZero
StelMassEqualZero
StelMassEqualZero
StelMassEqualZero
StelMassEqualZero
StelMassEqualZero
StelMassEqualZero
StelMassEqualZero
StelMassEqualZero
StelMassEqualZero
StelMassEqualZero
StelMassEqualZero
StelMassEqualZero
StelMassEqualZero
StelMassEqualZero
StelMassEqualZero
StelMassEqualZero
StelMassEqualZero
StelMassEqualZero
StelMassEqualZero
StelMassEqualZero
StelMassEqualZero
StelMassEqualZero
StelMassEqualZero
StelMassEqualZero
StelMassEqualZero
StelMassEqualZero
StelMassEqualZero
StelMassEqualZero
StelMassEqualZero
StelMassEqualZero
StelMassEqualZero
StelMassEqualZero
StelMassEqualZero
StelMassEqualZero
StelMassEqualZero
StelMassEqualZero
StelMassEqualZero
StelMassEqualZero
StelMassEqualZero
StelMassEqualZero
StelMassEqualZero
StelMassEqualZero
StelMassEqualZero
StelMassEqualZero
StelMassEqualZero
StelMassEqualZero
StelMassEqualZero
StelMassEqualZero
StelMassEqualZero
StelMassEqualZero
StelMassEqualZero
StelMassEqualZero
StelMassEqualZero
StelMassEqualZero
StelMassEqualZero
StelMassEqualZero
StelMassEqualZero
StelMassEqualZero
StelMassEqualZero
StelMassEqualZero
StelMassEqualZero
StelMassEqualZero
StelMassEqualZero
StelMassEqualZero
StelMassEqualZero
StelMassEqualZero
StelMassEqualZero
StelMassEqualZero
StelMassEqualZero
StelMassEqualZero
StelMassEqualZero
StelMassEqualZero
StelMassEqualZero
StelMassEqualZero
StelMassEqualZero
StelMassEqualZero
StelMassEqualZero
StelMassEqualZero
StelMassEqualZero
StelMassEqualZero
StelMassEqualZero
StelMassEqualZero
StelMassEqualZero
StelMassEqualZero
StelMassEqualZero
StelMassEqualZero
StelMassEqualZero
StelMassEqualZero
StelMassEqualZero
StelMassEqualZero
StelMassEqualZero
StelMassEqualZero
StelMassEqualZero
StelMassEqualZero
StelMassEqualZero
StelMassEqualZero
StelMassEqualZero
StelMassEqualZero
StelMassEqualZero
StelMassEqualZero
StelMassEqualZero
StelMassEqualZero
StelMassEqualZero
StelMassEqualZero
StelMassEqualZero
StelMassEqualZero
StelMassEqualZero
StelMassEqualZero
StelMassEqualZero
StelMassEqualZero
StelMassEqualZero
StelMassEqualZero
StelMassEqualZero
StelMassEqualZero
StelMassEqualZero
StelMassEqualZero
StelMassEqualZero
StelMassEqualZero
StelMassEqualZero
StelMassEqualZero
StelMassEqualZero
StelMassEqualZero
StelMassEqualZero
StelMassEqualZero
StelMassEqualZero
StelMassEqualZero
StelMassEqualZero
StelMassEqualZero
StelMassEqualZero
StelMassEqualZero
StelMassEqualZero
StelMassEqualZero
StelMassEqualZero
StelMassEqualZero
StelMassEqualZero
StelMassEqualZero
StelMassEqualZero
StelMassEqualZero
StelMassEqualZero
StelMassEqualZero
StelMassEqualZero
StelMassEqualZero
StelMassEqualZero
StelMassEqualZero
StelMassEqualZero
StelMassEqualZero
StelMassEqualZero
StelMassEqualZero
StelMassEqualZero
StelMassEqualZero
StelMassEqualZero
StelMassEqualZero
StelMassEqualZero
StelMassEqualZero
StelMassEqualZero
StelMassEqualZero
StelMassEqualZero
StelMassEqualZero
StelMassEqualZero
StelMassEqualZero
StelMassEqualZero
StelMassEqualZero
StelMassEqualZero
StelMassEqualZero
StelMassEqualZero
StelMassEqualZero
StelMassEqualZero
StelMassEqualZero
StelMassEqualZero
StelMassEqualZero
StelMassEqualZero
StelMassEqualZero
StelMassEqualZero
StelMassEqualZero
StelMassEqualZero
StelMassEqualZero
StelMassEqualZero
break at:  0.346745500392
2550 1.4791883368862067 kpc 0.34674550039227764 kpc 0.5065033229493987
StelMassEqualZero
StelMassEqualZero
StelMassEqualZero
StelMassEqualZero
StelMassEqualZero
StelMassEqualZero
StelMassEqualZero
StelMassEqualZero
StelMassEqualZero
StelMassEqualZero
StelMassEqualZero
StelMassEqualZero
StelMassEqualZero
StelMassEqualZero
StelMassEqualZero
StelMassEqualZero
StelMassEqualZero
StelMassEqualZero
StelMassEqualZero
StelMassEqualZero
StelMassEqualZero
StelMassEqualZero
StelMassEqualZero
StelMassEqualZero
StelMassEqualZero
StelMassEqualZero
StelMassEqualZero
StelMassEqualZero
StelMassEqualZero
break at:  0.425504598675
2599 1.4721940250173167 kpc 0.42550459867462653 kpc 0.5174193428462227
StelMassEqualZero
StelMassEqualZero
StelMassEqualZero
StelMassEqualZero
StelMassEqualZero
StelMassEqualZero
StelMassEqualZero
StelMassEqualZero
StelMassEqualZero
StelMassEqualZero
StelMassEqualZero
StelMassEqualZero
StelMassEqualZero
StelMassEqualZero
StelMassEqualZero
StelMassEqualZero
StelMassEqualZero
StelMassEqualZero
StelMassEqualZero
StelMassEqualZero
StelMassEqualZero
StelMassEqualZero
StelMassEqualZero
StelMassEqualZero
StelMassEqualZero
StelMassEqualZero
StelMassEqualZero
StelMassEqualZero
StelMassEqualZero
StelMassEqualZero
StelMassEqualZero
StelMassEqualZero
StelMassEqualZero
StelMassEqualZero
StelMassEqualZero
StelMassEqualZero
StelMassEqualZero
StelMassEqualZero
StelMassEqualZero
StelMassEqualZero
StelMassEqualZero
StelMassEqualZero
StelMassEqualZero
StelMassEqualZero
StelMassEqualZero
StelMassEqualZero
StelMassEqualZero
StelMassEqualZero
StelMassEqualZero
StelMassEqualZero
StelMassEqualZero
StelMassEqualZero
StelMassEqualZero
StelMassEqualZero
StelMassEqualZero
StelMassEqualZero
StelMassEqualZero
StelMassEqualZero
StelMassEqualZero
StelMassEqualZero
StelMassEqualZero
StelMassEqualZero
StelMassEqualZero
StelMassEqualZero
StelMassEqualZero
StelMassEqualZero
StelMassEqualZero
StelMassEqualZero
StelMassEqualZero
StelMassEqualZero
StelMassEqualZero
StelMassEqualZero
StelMassEqualZero
StelMassEqualZero
StelMassEqualZero
StelMassEqualZero
StelMassEqualZero
StelMassEqualZero
StelMassEqualZero
StelMassEqualZero
StelMassEqualZero
StelMassEqualZero
StelMassEqualZero
StelMassEqualZero
StelMassEqualZero
StelMassEqualZero
StelMassEqualZero
StelMassEqualZero
StelMassEqualZero
StelMassEqualZero
StelMassEqualZero
StelMassEqualZero
StelMassEqualZero
StelMassEqualZero
StelMassEqualZero
StelMassEqualZero
StelMassEqualZero
StelMassEqualZero
StelMassEqualZero
StelMassEqualZero
StelMassEqualZero
StelMassEqualZero
StelMassEqualZero
StelMassEqualZero
StelMassEqualZero
StelMassEqualZero
StelMassEqualZero
StelMassEqualZero
StelMassEqualZero
StelMassEqualZero
StelMassEqualZero
StelMassEqualZero
StelMassEqualZero
StelMassEqualZero
StelMassEqualZero
StelMassEqualZero
StelMassEqualZero
StelMassEqualZero
StelMassEqualZero
StelMassEqualZero
StelMassEqualZero
StelMassEqualZero
StelMassEqualZero
StelMassEqualZero
StelMassEqualZero
StelMassEqualZero
StelMassEqualZero
StelMassEqualZero
StelMassEqualZero
StelMassEqualZero
StelMassEqualZero
StelMassEqualZero
StelMassEqualZero
StelMassEqualZero
StelMassEqualZero
StelMassEqualZero
StelMassEqualZero
StelMassEqualZero
StelMassEqualZero
StelMassEqualZero
StelMassEqualZero
StelMassEqualZero
StelMassEqualZero
StelMassEqualZero
StelMassEqualZero
StelMassEqualZero
StelMassEqualZero
StelMassEqualZero
StelMassEqualZero
StelMassEqualZero
StelMassEqualZero
StelMassEqualZero
StelMassEqualZero
StelMassEqualZero
StelMassEqualZero
StelMassEqualZero
StelMassEqualZero
StelMassEqualZero
StelMassEqualZero
StelMassEqualZero
StelMassEqualZero
StelMassEqualZero
StelMassEqualZero
StelMassEqualZero
StelMassEqualZero
StelMassEqualZero
StelMassEqualZero
StelMassEqualZero
StelMassEqualZero
StelMassEqualZero
StelMassEqualZero
StelMassEqualZero
StelMassEqualZero
StelMassEqualZero
StelMassEqualZero
StelMassEqualZero
StelMassEqualZero
StelMassEqualZero
StelMassEqualZero
StelMassEqualZero
StelMassEqualZero
StelMassEqualZero
StelMassEqualZero
StelMassEqualZero
StelMassEqualZero
StelMassEqualZero
StelMassEqualZero
StelMassEqualZero
StelMassEqualZero
StelMassEqualZero
StelMassEqualZero
StelMassEqualZero
StelMassEqualZero
StelMassEqualZero
StelMassEqualZero
StelMassEqualZero
StelMassEqualZero
StelMassEqualZero
StelMassEqualZero
StelMassEqualZero
StelMassEqualZero
StelMassEqualZero
StelMassEqualZero
StelMassEqualZero
StelMassEqualZero
StelMassEqualZero
StelMassEqualZero
StelMassEqualZero
StelMassEqualZero
StelMassEqualZero
StelMassEqualZero
StelMassEqualZero
StelMassEqualZero
StelMassEqualZero
StelMassEqualZero
StelMassEqualZero
StelMassEqualZero
StelMassEqualZero
StelMassEqualZero
StelMassEqualZero
StelMassEqualZero
StelMassEqualZero
StelMassEqualZero
StelMassEqualZero
StelMassEqualZero
StelMassEqualZero
StelMassEqualZero
StelMassEqualZero
StelMassEqualZero
StelMassEqualZero
StelMassEqualZero
StelMassEqualZero
StelMassEqualZero
StelMassEqualZero
StelMassEqualZero
StelMassEqualZero
StelMassEqualZero
StelMassEqualZero
StelMassEqualZero
StelMassEqualZero
StelMassEqualZero
StelMassEqualZero
StelMassEqualZero
StelMassEqualZero
StelMassEqualZero
StelMassEqualZero
StelMassEqualZero
StelMassEqualZero
StelMassEqualZero
StelMassEqualZero
StelMassEqualZero
StelMassEqualZero
StelMassEqualZero
StelMassEqualZero
StelMassEqualZero
StelMassEqualZero
StelMassEqualZero
StelMassEqualZero
StelMassEqualZero
StelMassEqualZero
StelMassEqualZero
StelMassEqualZero
StelMassEqualZero
StelMassEqualZero
StelMassEqualZero
StelMassEqualZero
StelMassEqualZero
StelMassEqualZero
StelMassEqualZero
StelMassEqualZero
StelMassEqualZero
StelMassEqualZero
StelMassEqualZero
StelMassEqualZero
StelMassEqualZero
StelMassEqualZero
StelMassEqualZero
StelMassEqualZero
StelMassEqualZero
StelMassEqualZero
StelMassEqualZero
StelMassEqualZero
StelMassEqualZero
StelMassEqualZero
StelMassEqualZero
StelMassEqualZero
StelMassEqualZero
StelMassEqualZero
StelMassEqualZero
StelMassEqualZero
StelMassEqualZero
StelMassEqualZero
StelMassEqualZero
StelMassEqualZero
StelMassEqualZero
StelMassEqualZero
StelMassEqualZero
StelMassEqualZero
StelMassEqualZero
StelMassEqualZero
StelMassEqualZero
StelMassEqualZero
StelMassEqualZero
StelMassEqualZero
StelMassEqualZero
StelMassEqualZero
StelMassEqualZero
StelMassEqualZero
StelMassEqualZero
StelMassEqualZero
StelMassEqualZero
StelMassEqualZero
StelMassEqualZero
StelMassEqualZero
StelMassEqualZero
StelMassEqualZero
StelMassEqualZero
StelMassEqualZero
StelMassEqualZero
StelMassEqualZero
StelMassEqualZero
StelMassEqualZero
StelMassEqualZero
StelMassEqualZero
StelMassEqualZero
StelMassEqualZero
StelMassEqualZero
StelMassEqualZero
123AllDone123
