yt : [INFO     ] 2017-08-01 15:52:37,842 Parameters: current_time              = 3.75573048701e+16
yt : [INFO     ] 2017-08-01 15:52:37,842 Parameters: domain_dimensions         = [2 2 2]
yt : [INFO     ] 2017-08-01 15:52:37,843 Parameters: domain_left_edge          = [ 0.  0.  0.]
yt : [INFO     ] 2017-08-01 15:52:37,843 Parameters: domain_right_edge         = [  2.22535526e+25   2.22535526e+25   2.22535526e+25]
yt : [INFO     ] 2017-08-01 15:52:37,844 Parameters: cosmological_simulation   = 1
yt : [INFO     ] 2017-08-01 15:52:37,844 Parameters: current_redshift          = 4.99999995872
yt : [INFO     ] 2017-08-01 15:52:37,844 Parameters: omega_lambda              = 0.712
yt : [INFO     ] 2017-08-01 15:52:37,844 Parameters: omega_matter              = 0.288
yt : [INFO     ] 2017-08-01 15:52:37,844 Parameters: hubble_constant           = 0.6933
yt : [INFO     ] 2017-08-01 15:52:37,927 Parameters: current_time              = 158.01758093278
yt : [INFO     ] 2017-08-01 15:52:37,927 Parameters: domain_dimensions         = [128 128 128]
yt : [INFO     ] 2017-08-01 15:52:37,928 Parameters: domain_left_edge          = [ 0.  0.  0.]
yt : [INFO     ] 2017-08-01 15:52:37,929 Parameters: domain_right_edge         = [ 1.  1.  1.]
yt : [INFO     ] 2017-08-01 15:52:37,929 Parameters: cosmological_simulation   = 1
yt : [INFO     ] 2017-08-01 15:52:37,929 Parameters: current_redshift          = 4.9999999587239
yt : [INFO     ] 2017-08-01 15:52:37,929 Parameters: omega_lambda              = 0.712
yt : [INFO     ] 2017-08-01 15:52:37,929 Parameters: omega_matter              = 0.288
yt : [INFO     ] 2017-08-01 15:52:37,929 Parameters: hubble_constant           = 0.6933
yt : [INFO     ] 2017-08-01 15:52:37,932 Allocating for 5.325e+03 particles (index particle type 'all')
yt : [INFO     ] 2017-08-01 15:52:37,937 Identified 1.889e+03 octs
TimeNow:  1.189834223916265 Gyr
IsSatellite
IsSatellite
Parsing Hierarchy :   0%|          | 0/20451 [00:00<?, ?it/s]Parsing Hierarchy :   6%|▋         | 1305/20451 [00:00<00:01, 13046.25it/s]Parsing Hierarchy :  14%|█▍        | 2856/20451 [00:00<00:01, 12610.84it/s]Parsing Hierarchy :  25%|██▍       | 5049/20451 [00:00<00:00, 15405.57it/s]Parsing Hierarchy :  35%|███▌      | 7190/20451 [00:00<00:00, 17204.64it/s]Parsing Hierarchy :  46%|████▌     | 9367/20451 [00:00<00:00, 18572.40it/s]Parsing Hierarchy :  56%|█████▋    | 11536/20451 [00:00<00:00, 19507.19it/s]Parsing Hierarchy :  65%|██████▌   | 13334/20451 [00:00<00:00, 17116.51it/s]Parsing Hierarchy :  76%|███████▌  | 15518/20451 [00:00<00:00, 18531.51it/s]Parsing Hierarchy :  87%|████████▋ | 17695/20451 [00:00<00:00, 19498.82it/s]Parsing Hierarchy :  97%|█████████▋| 19818/20451 [00:01<00:00, 20016.78it/s]Parsing Hierarchy : 100%|██████████| 20451/20451 [00:01<00:00, 18260.57it/s]
yt : [INFO     ] 2017-08-01 15:52:43,406 Gathering a field list (this may take a moment.)
37 1.332263735206358e+26 g / s
IsSatellite
IsSatellite
IsSatellite
IsSatellite
IsSatellite
IsSatellite
55 1.2833861252953017e+26 g / s
57 1.5888975572634406e+25 g / s
58 6.815187565921956e+25 g / s
60 5.1212268919480426e+25 g / s
61 4.205769967873824e+25 g / s
64 1.7592247353432764e+25 g / s
65 4.670886191693864e+25 g / s
IsSatellite
71 2.985369303645111e+25 g / s
74 1.989627869526556e+24 g / s
75 5.487617247983883e+24 g / s
80 4.882225053297735e+25 g / s
83 1.876291838005438e+24 g / s
84 2.006441841187184e+25 g / s
IsSatellite
90 3.1928953237900254e+25 g / s
94 1.3401529932973174e+25 g / s
95 2.3851175514375183e+25 g / s
96 6.92271847757686e+24 g / s
98 4.624292460490664e+25 g / s
103 1.088248915716812e+25 g / s
105 2.041411651357755e+23 g / s
106 2.5832672941437045e+24 g / s
107 1.571656377673338e+25 g / s
109 4.369476388410835e+24 g / s
IsSatellite
IsSatellite
114 1.6840783990844527e+25 g / s
115 2.615825205332178e+25 g / s
116 3.911949014208736e+24 g / s
118 2.5924955926919856e+24 g / s
119 1.7184481200992922e+25 g / s
120 4.633330758674688e+24 g / s
121 1.088502400521559e+25 g / s
123 4.918425584431655e+24 g / s
124 5.305655514388354e+24 g / s
125 2.775545190137268e+25 g / s
129 1.6956796884021147e+25 g / s
134 1.4410891520763622e+23 g / s
136 2.1419346734368727e+24 g / s
138 1.7166567368891454e+24 g / s
139 5.334596485186748e+24 g / s
142 9.469881863178819e+24 g / s
143 9.035567573916066e+24 g / s
147 1.762784286713977e+25 g / s
154 4.827046560128415e+23 g / s
157 1.6537855092799655e+23 g / s
159 1.1762704500357188e+25 g / s
160 7.286601092808563e+22 g / s
162 1.8456486476963146e+24 g / s
163 1.0208744264430763e+25 g / s
165 4.4160173342632026e+24 g / s
166 5.823768925950461e+23 g / s
169 1.453068885298e+24 g / s
171 1.8280778533513858e+24 g / s
IsSatellite
175 4.313007450864807e+24 g / s
176 8.547304928446004e+24 g / s
180 3.646846998971212e+24 g / s
181 8.322213820594944e+24 g / s
182 4.3176063607513855e+22 g / s
IsSatellite
185 1.3875493287757456e+24 g / s
190 0.0 g / s
191 8.36922749708317e+24 g / s
194 2.0391835273920608e+24 g / s
196 2.355534341622966e+23 g / s
198 9.848655168100496e+24 g / s
200 3.681250634669634e+24 g / s
202 1.7844498100065133e+25 g / s
203 3.914221234762737e+24 g / s
206 1.9318406044060972e+22 g / s
207 6.894885085298929e+24 g / s
211 2.3637348238911175e+24 g / s
214 2.125182889873636e+24 g / s
216 1.856238072905886e+24 g / s
217 3.2925590657155716e+23 g / s
219 3.6365526247815614e+24 g / s
222 1.7597121861646e+23 g / s
223 3.889139275480825e+24 g / s
227 5.456213409053321e+24 g / s
229 0.0 g / s
233 9.737783948856859e+23 g / s
234 3.1978592547390485e+24 g / s
236 3.09119916462121e+24 g / s
237 2.7275707485505595e+24 g / s
238 9.429192660516503e+22 g / s
239 1.474695176490309e+24 g / s
240 0.0 g / s
241 3.2954382481566315e+23 g / s
242 8.131563311133582e+23 g / s
243 0.0 g / s
245 1.0385288726316929e+23 g / s
246 0.0 g / s
247 0.0 g / s
250 1.4569616177223604e+24 g / s
252 3.451887442728625e+24 g / s
262 0.0 g / s
263 0.0 g / s
266 1.0140895423969267e+24 g / s
IsSatellite
268 9.035671975257257e+23 g / s
269 9.68524081589562e+24 g / s
270 0.0 g / s
271 1.8920748153360786e+24 g / s
IsSatellite
273 1.8569624079799087e+23 g / s
276 5.468114029957527e+24 g / s
278 7.484382766195708e+22 g / s
279 1.8658885217158458e+24 g / s
280 1.3717423579959156e+23 g / s
281 2.554918371274141e+24 g / s
282 3.7307459849678284e+22 g / s
284 0.0 g / s
285 1.249850485230503e+23 g / s
288 3.0695067302352256e+22 g / s
289 0.0 g / s
290 1.9820562687110137e+25 g / s
291 1.2135332306099523e+24 g / s
292 3.4974803336167083e+24 g / s
293 1.4461627384129791e+24 g / s
298 1.7140148921623772e+23 g / s
299 8.580093238659982e+22 g / s
301 3.1996094605658626e+24 g / s
302 9.445786867797238e+24 g / s
303 9.384468063723988e+23 g / s
306 5.562074591202149e+22 g / s
307 3.8827486584548643e+24 g / s
314 0.0 g / s
316 3.2154268066273715e+24 g / s
317 5.669071234303126e+22 g / s
319 1.8567983463402845e+24 g / s
320 1.6699582140574137e+23 g / s
322 0.0 g / s
323 6.680286782109064e+22 g / s
324 0.0 g / s
326 6.552980230352618e+23 g / s
327 3.1673068496309413e+24 g / s
329 0.0 g / s
IsSatellite
331 0.0 g / s
333 3.4908141181095274e+22 g / s
334 0.0 g / s
335 2.094347105730373e+24 g / s
336 1.4050423073807117e+24 g / s
337 2.6966331556199434e+24 g / s
339 6.096999444906226e+23 g / s
340 1.7412504017177904e+23 g / s
342 0.0 g / s
344 0.0 g / s
345 1.4311300339854556e+24 g / s
346 6.39191461722282e+22 g / s
348 3.960950883726253e+22 g / s
349 2.8384264041552114e+23 g / s
351 0.0 g / s
352 1.973054414154437e+24 g / s
353 3.2280504652013603e+24 g / s
356 0.0 g / s
357 3.608437797838064e+24 g / s
358 5.189136169741454e+23 g / s
361 1.332205477085045e+22 g / s
364 1.5658115724249586e+24 g / s
365 6.858731243782437e+23 g / s
366 0.0 g / s
367 3.195957308487535e+22 g / s
371 8.011273143920474e+23 g / s
372 4.515193495334185e+23 g / s
373 0.0 g / s
377 0.0 g / s
378 2.3758189599641963e+24 g / s
380 6.337443598697563e+23 g / s
382 2.3970101310388185e+24 g / s
385 1.9629863541478926e+23 g / s
387 9.124608882878262e+22 g / s
388 3.876650498385781e+22 g / s
389 4.0432864217973736e+23 g / s
393 1.4392021202504616e+22 g / s
394 0.0 g / s
399 5.954395615751206e+22 g / s
401 0.0 g / s
402 0.0 g / s
404 0.0 g / s
405 3.8373749486807883e+24 g / s
408 1.109192049581295e+23 g / s
409 0.0 g / s
IsSatellite
415 0.0 g / s
417 6.599306534631033e+23 g / s
418 0.0 g / s
419 1.1826073099612343e+24 g / s
423 0.0 g / s
427 1.3163446839072668e+24 g / s
428 0.0 g / s
429 3.8345003055144145e+22 g / s
430 1.1613778789896759e+24 g / s
431 9.826714371308714e+23 g / s
432 6.061197720179736e+21 g / s
436 0.0 g / s
437 0.0 g / s
440 1.5921697090955276e+24 g / s
442 4.249744550605259e+23 g / s
445 0.0 g / s
447 0.0 g / s
IsSatellite
450 0.0 g / s
452 0.0 g / s
454 1.663797801222232e+23 g / s
456 0.0 g / s
457 0.0 g / s
458 5.884990459898007e+23 g / s
459 0.0 g / s
460 0.0 g / s
461 3.454331505313604e+23 g / s
462 3.218653565971682e+22 g / s
464 1.162486104815657e+24 g / s
465 0.0 g / s
IsSatellite
467 4.119824687021371e+22 g / s
468 1.7464381177471624e+23 g / s
IsSatellite
478 4.6059785256947845e+22 g / s
481 2.3823288952938102e+22 g / s
482 2.6611686316499247e+22 g / s
483 5.866658367823368e+21 g / s
484 0.0 g / s
485 0.0 g / s
488 0.0 g / s
493 0.0 g / s
496 0.0 g / s
497 0.0 g / s
499 1.890358329771508e+23 g / s
500 7.093455940181842e+23 g / s
502 0.0 g / s
504 2.6579263093045495e+22 g / s
505 0.0 g / s
507 0.0 g / s
508 0.0 g / s
509 5.26197170323208e+23 g / s
510 2.367167795004934e+23 g / s
511 1.7292732622629167e+23 g / s
512 0.0 g / s
IsSatellite
516 3.396981304375977e+22 g / s
IsSatellite
520 0.0 g / s
522 0.0 g / s
525 0.0 g / s
526 1.095898527313756e+23 g / s
527 5.3288219087573705e+22 g / s
529 0.0 g / s
IsSatellite
532 0.0 g / s
533 5.726155564480903e+23 g / s
535 6.83241006984186e+23 g / s
536 0.0 g / s
537 3.2997116288641064e+22 g / s
538 0.0 g / s
542 0.0 g / s
543 0.0 g / s
545 1.163370610507848e+24 g / s
546 1.0740874236541291e+24 g / s
547 5.046778757319216e+23 g / s
548 0.0 g / s
549 0.0 g / s
550 4.748640716650977e+22 g / s
551 6.709662223227685e+21 g / s
553 0.0 g / s
554 0.0 g / s
556 0.0 g / s
557 0.0 g / s
558 0.0 g / s
IsSatellite
IsSatellite
562 0.0 g / s
565 0.0 g / s
567 0.0 g / s
568 9.124414343697229e+22 g / s
570 0.0 g / s
571 0.0 g / s
572 0.0 g / s
573 4.136036299622193e+22 g / s
IsSatellite
578 2.3985405078008335e+22 g / s
580 0.0 g / s
582 0.0 g / s
585 0.0 g / s
587 2.664410954302921e+22 g / s
588 0.0 g / s
590 0.0 g / s
591 7.831116737311544e+22 g / s
592 0.0 g / s
593 0.0 g / s
IsSatellite
596 4.605978526273517e+22 g / s
598 0.0 g / s
601 0.0 g / s
602 5.471484099411413e+22 g / s
603 7.585141181203956e+23 g / s
605 0.0 g / s
608 4.73916016628106e+23 g / s
609 1.1668470287222373e+22 g / s
611 0.0 g / s
612 3.977162496227477e+22 g / s
613 4.583282268122605e+22 g / s
615 0.0 g / s
616 0.0 g / s
617 0.0 g / s
618 0.0 g / s
620 2.0712604723312608e+22 g / s
622 0.0 g / s
623 4.706490523906219e+22 g / s
624 0.0 g / s
625 0.0 g / s
626 0.0 g / s
627 5.3871837137031345e+22 g / s
628 6.570047815279267e+22 g / s
629 0.0 g / s
632 0.0 g / s
633 8.787212802262914e+22 g / s
634 9.147110601430853e+22 g / s
635 0.0 g / s
636 8.664808642362022e+23 g / s
637 0.0 g / s
639 0.0 g / s
642 5.426357454769798e+23 g / s
643 0.0 g / s
644 0.0 g / s
645 0.0 g / s
646 0.0 g / s
650 0.0 g / s
653 1.2268494492100233e+23 g / s
RadiusEqualZero
656 0.0 g / s
658 0.0 g / s
659 0.0 g / s
661 0.0 g / s
662 0.0 g / s
663 0.0 g / s
664 0.0 g / s
665 7.752289392050238e+23 g / s
667 0.0 g / s
668 0.0 g / s
669 7.973778927583453e+22 g / s
670 4.194417558920269e+23 g / s
IsSatellite
672 0.0 g / s
674 6.450276421614552e+21 g / s
675 5.126500983522414e+23 g / s
678 0.0 g / s
681 0.0 g / s
682 0.0 g / s
683 0.0 g / s
684 0.0 g / s
685 0.0 g / s
688 0.0 g / s
689 0.0 g / s
690 0.0 g / s
691 0.0 g / s
693 5.8863068425456456e+22 g / s
695 0.0 g / s
696 0.0 g / s
697 0.0 g / s
699 0.0 g / s
701 0.0 g / s
702 0.0 g / s
705 2.109480970320636e+23 g / s
706 0.0 g / s
707 0.0 g / s
709 0.0 g / s
711 0.0 g / s
712 0.0 g / s
713 0.0 g / s
714 7.497352056421215e+22 g / s
715 0.0 g / s
716 0.0 g / s
717 0.0 g / s
719 0.0 g / s
720 0.0 g / s
721 4.42440846503253e+22 g / s
723 0.0 g / s
724 0.0 g / s
728 0.0 g / s
729 0.0 g / s
730 0.0 g / s
731 0.0 g / s
735 0.0 g / s
736 0.0 g / s
738 0.0 g / s
IsSatellite
744 0.0 g / s
748 0.0 g / s
749 0.0 g / s
751 0.0 g / s
752 7.853812994824481e+22 g / s
753 0.0 g / s
756 0.0 g / s
758 0.0 g / s
IsSatellite
762 0.0 g / s
764 0.0 g / s
765 0.0 g / s
IsSatellite
769 0.0 g / s
771 0.0 g / s
772 0.0 g / s
774 0.0 g / s
775 0.0 g / s
776 0.0 g / s
777 4.476285625080211e+22 g / s
779 0.0 g / s
781 0.0 g / s
784 0.0 g / s
786 0.0 g / s
787 0.0 g / s
788 0.0 g / s
RadiusEqualZero
790 3.807952168668164e+23 g / s
791 0.0 g / s
792 0.0 g / s
793 0.0 g / s
795 0.0 g / s
796 0.0 g / s
798 0.0 g / s
799 0.0 g / s
800 0.0 g / s
801 0.0 g / s
803 0.0 g / s
805 0.0 g / s
806 0.0 g / s
810 0.0 g / s
812 0.0 g / s
814 0.0 g / s
817 1.8507825405772406e+22 g / s
820 0.0 g / s
821 0.0 g / s
IsSatellite
825 0.0 g / s
IsSatellite
IsSatellite
832 1.4392021202504612e+22 g / s
834 0.0 g / s
835 0.0 g / s
836 0.0 g / s
837 0.0 g / s
838 0.0 g / s
839 0.0 g / s
840 0.0 g / s
841 0.0 g / s
IsSatellite
844 0.0 g / s
845 2.5558320577308856e+23 g / s
846 1.4547263604770078e+23 g / s
847 0.0 g / s
848 0.0 g / s
849 6.288160295606345e+21 g / s
850 4.398469883902605e+22 g / s
851 0.0 g / s
852 0.0 g / s
855 0.0 g / s
856 0.0 g / s
857 0.0 g / s
858 2.0433181372244853e+23 g / s
861 0.0 g / s
862 0.0 g / s
865 0.0 g / s
866 0.0 g / s
867 1.7396486942589522e+23 g / s
868 0.0 g / s
871 0.0 g / s
872 0.0 g / s
875 0.0 g / s
IsSatellite
878 0.0 g / s
880 0.0 g / s
RadiusEqualZero
885 0.0 g / s
886 0.0 g / s
887 0.0 g / s
889 0.0 g / s
890 3.3589877696050404e+23 g / s
891 0.0 g / s
893 0.0 g / s
895 0.0 g / s
897 0.0 g / s
898 0.0 g / s
899 0.0 g / s
901 0.0 g / s
IsSatellite
903 5.5815285264168755e+22 g / s
904 0.0 g / s
IsSatellite
909 0.0 g / s
IsSatellite
912 0.0 g / s
913 0.0 g / s
914 0.0 g / s
916 0.0 g / s
917 0.0 g / s
918 2.463386958184241e+22 g / s
919 0.0 g / s
920 0.0 g / s
921 0.0 g / s
922 0.0 g / s
923 0.0 g / s
925 0.0 g / s
928 0.0 g / s
931 0.0 g / s
933 0.0 g / s
934 0.0 g / s
936 0.0 g / s
IsSatellite
938 0.0 g / s
941 0.0 g / s
944 0.0 g / s
945 4.6124437171318494e+23 g / s
950 0.0 g / s
951 0.0 g / s
952 0.0 g / s
953 0.0 g / s
954 6.135965676718077e+22 g / s
955 0.0 g / s
956 0.0 g / s
960 0.0 g / s
961 0.0 g / s
962 0.0 g / s
963 0.0 g / s
964 0.0 g / s
965 0.0 g / s
966 9.548964055262424e+22 g / s
968 0.0 g / s
970 0.0 g / s
971 0.0 g / s
973 0.0 g / s
976 1.280328316899924e+22 g / s
RadiusEqualZero
980 0.0 g / s
IsSatellite
982 0.0 g / s
984 0.0 g / s
985 0.0 g / s
986 0.0 g / s
987 0.0 g / s
988 0.0 g / s
989 0.0 g / s
990 0.0 g / s
991 0.0 g / s
994 0.0 g / s
995 0.0 g / s
996 0.0 g / s
997 0.0 g / s
998 0.0 g / s
999 0.0 g / s
1000 0.0 g / s
1002 0.0 g / s
1003 0.0 g / s
1004 0.0 g / s
1005 0.0 g / s
1006 1.580852706511393e+23 g / s
1007 0.0 g / s
1009 0.0 g / s
1010 0.0 g / s
1011 0.0 g / s
1012 0.0 g / s
1015 0.0 g / s
1017 3.076698201496241e+23 g / s
1018 0.0 g / s
1019 0.0 g / s
1020 0.0 g / s
1021 0.0 g / s
1023 0.0 g / s
1024 3.5007356250212293e+22 g / s
1026 0.0 g / s
1027 2.9527831194301215e+22 g / s
1028 0.0 g / s
IsSatellite
1031 0.0 g / s
1032 0.0 g / s
1033 0.0 g / s
1034 0.0 g / s
1035 0.0 g / s
1037 0.0 g / s
1039 0.0 g / s
1040 1.977881583865062e+23 g / s
1041 0.0 g / s
1042 0.0 g / s
IsSatellite
1044 0.0 g / s
1045 0.0 g / s
1048 0.0 g / s
1049 0.0 g / s
1050 2.0835034823901814e+23 g / s
1051 0.0 g / s
1054 0.0 g / s
1055 0.0 g / s
1056 0.0 g / s
1057 0.0 g / s
1058 0.0 g / s
1059 0.0 g / s
1060 0.0 g / s
1062 1.8440125716662178e+23 g / s
1063 0.0 g / s
1064 0.0 g / s
1065 0.0 g / s
1066 0.0 g / s
1069 0.0 g / s
1070 0.0 g / s
IsSatellite
1074 0.0 g / s
1075 0.0 g / s
1078 0.0 g / s
1079 0.0 g / s
1080 0.0 g / s
1081 0.0 g / s
1082 0.0 g / s
1084 0.0 g / s
1085 0.0 g / s
1086 0.0 g / s
1087 1.9869600868069928e+22 g / s
1088 0.0 g / s
1089 0.0 g / s
1090 0.0 g / s
1091 0.0 g / s
1093 0.0 g / s
1094 0.0 g / s
1095 0.0 g / s
1096 0.0 g / s
1097 7.066317700445744e+21 g / s
1098 0.0 g / s
1099 0.0 g / s
1100 0.0 g / s
1103 0.0 g / s
1104 0.0 g / s
1105 0.0 g / s
1106 0.0 g / s
1107 0.0 g / s
1108 0.0 g / s
1110 0.0 g / s
1111 0.0 g / s
1112 0.0 g / s
1113 0.0 g / s
1114 0.0 g / s
1118 0.0 g / s
1121 5.750129297372111e+22 g / s
1122 0.0 g / s
1125 0.0 g / s
IsSatellite
1127 0.0 g / s
1129 0.0 g / s
1130 0.0 g / s
1131 0.0 g / s
1134 0.0 g / s
1135 0.0 g / s
1136 0.0 g / s
1138 0.0 g / s
RadiusEqualZero
1140 0.0 g / s
1143 0.0 g / s
1144 0.0 g / s
1145 0.0 g / s
1146 0.0 g / s
1147 0.0 g / s
1148 0.0 g / s
1151 0.0 g / s
1153 2.0190396259669032e+23 g / s
1156 0.0 g / s
1158 0.0 g / s
1159 0.0 g / s
1160 0.0 g / s
1161 0.0 g / s
1162 0.0 g / s
1163 0.0 g / s
1166 0.0 g / s
1167 0.0 g / s
1168 0.0 g / s
1170 0.0 g / s
1171 0.0 g / s
1172 0.0 g / s
1173 0.0 g / s
IsSatellite
1175 0.0 g / s
1177 0.0 g / s
1182 0.0 g / s
1183 0.0 g / s
1184 0.0 g / s
IsSatellite
1186 0.0 g / s
1187 0.0 g / s
1188 0.0 g / s
1190 0.0 g / s
1191 0.0 g / s
1192 0.0 g / s
1194 0.0 g / s
1195 0.0 g / s
1198 0.0 g / s
RadiusEqualZero
IsSatellite
1203 0.0 g / s
1205 0.0 g / s
1207 0.0 g / s
1208 0.0 g / s
1209 0.0 g / s
1210 0.0 g / s
1214 0.0 g / s
1215 0.0 g / s
1216 0.0 g / s
1217 0.0 g / s
1218 0.0 g / s
1220 0.0 g / s
1221 0.0 g / s
1222 0.0 g / s
IsSatellite
1225 0.0 g / s
1226 0.0 g / s
IsSatellite
1228 0.0 g / s
1229 3.430299410066302e+23 g / s
1231 0.0 g / s
1233 0.0 g / s
1235 0.0 g / s
1236 0.0 g / s
1237 6.385429971211272e+21 g / s
1238 0.0 g / s
1240 0.0 g / s
1241 0.0 g / s
1243 0.0 g / s
1244 0.0 g / s
1248 0.0 g / s
1249 0.0 g / s
1250 0.0 g / s
1251 0.0 g / s
1253 0.0 g / s
1256 0.0 g / s
1258 0.0 g / s
1261 0.0 g / s
1263 0.0 g / s
1264 0.0 g / s
1265 0.0 g / s
1267 0.0 g / s
1272 0.0 g / s
1275 0.0 g / s
1279 0.0 g / s
1280 0.0 g / s
1281 0.0 g / s
1283 0.0 g / s
1287 0.0 g / s
1288 0.0 g / s
RadiusEqualZero
1291 0.0 g / s
1292 0.0 g / s
1293 0.0 g / s
1295 0.0 g / s
1297 0.0 g / s
1298 2.417709117956482e+23 g / s
1299 0.0 g / s
1300 0.0 g / s
1302 0.0 g / s
1306 0.0 g / s
1307 0.0 g / s
1308 0.0 g / s
1310 0.0 g / s
1311 0.0 g / s
1312 0.0 g / s
1316 0.0 g / s
IsSatellite
1318 0.0 g / s
1319 0.0 g / s
1320 0.0 g / s
1321 0.0 g / s
1324 0.0 g / s
IsSatellite
1327 0.0 g / s
1328 0.0 g / s
1329 0.0 g / s
1331 0.0 g / s
1332 0.0 g / s
1333 0.0 g / s
1334 0.0 g / s
1337 0.0 g / s
1338 0.0 g / s
1339 0.0 g / s
1340 0.0 g / s
IsSatellite
1342 0.0 g / s
1344 0.0 g / s
1345 0.0 g / s
1347 0.0 g / s
1348 0.0 g / s
1350 0.0 g / s
1352 0.0 g / s
1353 0.0 g / s
1354 0.0 g / s
1355 0.0 g / s
1358 0.0 g / s
1359 0.0 g / s
RadiusEqualZero
1361 0.0 g / s
1362 0.0 g / s
1363 0.0 g / s
1364 0.0 g / s
1365 0.0 g / s
1366 0.0 g / s
1367 0.0 g / s
1368 0.0 g / s
1369 0.0 g / s
1373 0.0 g / s
1374 0.0 g / s
1375 0.0 g / s
1378 0.0 g / s
1380 0.0 g / s
1381 0.0 g / s
1382 0.0 g / s
1383 0.0 g / s
1384 0.0 g / s
1385 0.0 g / s
1386 0.0 g / s
1391 0.0 g / s
1392 6.353006746009631e+21 g / s
1393 0.0 g / s
1394 0.0 g / s
1395 0.0 g / s
1396 0.0 g / s
1397 0.0 g / s
1398 0.0 g / s
1400 0.0 g / s
1402 0.0 g / s
1403 0.0 g / s
1404 0.0 g / s
RadiusEqualZero
1407 0.0 g / s
1408 0.0 g / s
1412 0.0 g / s
1413 0.0 g / s
1415 0.0 g / s
1416 0.0 g / s
1417 6.320583520807988e+21 g / s
RadiusEqualZero
1419 0.0 g / s
1420 0.0 g / s
1421 0.0 g / s
1423 0.0 g / s
1424 0.0 g / s
1425 0.0 g / s
1426 0.0 g / s
1427 0.0 g / s
1428 0.0 g / s
1430 0.0 g / s
1431 0.0 g / s
1433 0.0 g / s
1434 0.0 g / s
1435 0.0 g / s
1436 0.0 g / s
1437 0.0 g / s
1439 0.0 g / s
1444 0.0 g / s
1446 0.0 g / s
1447 0.0 g / s
1448 0.0 g / s
1449 0.0 g / s
1451 0.0 g / s
1452 0.0 g / s
1453 0.0 g / s
IsSatellite
1455 0.0 g / s
1456 0.0 g / s
1457 0.0 g / s
1458 0.0 g / s
1459 0.0 g / s
1461 0.0 g / s
1462 0.0 g / s
1463 0.0 g / s
1464 0.0 g / s
1465 0.0 g / s
1467 0.0 g / s
1468 0.0 g / s
1469 0.0 g / s
1472 0.0 g / s
1474 0.0 g / s
1475 0.0 g / s
1476 0.0 g / s
1479 0.0 g / s
1480 0.0 g / s
1481 0.0 g / s
1483 0.0 g / s
1484 0.0 g / s
1485 0.0 g / s
1486 0.0 g / s
1488 0.0 g / s
1490 0.0 g / s
1491 0.0 g / s
1493 0.0 g / s
1495 0.0 g / s
1496 0.0 g / s
1497 0.0 g / s
1499 0.0 g / s
1500 0.0 g / s
1501 0.0 g / s
1502 0.0 g / s
1503 0.0 g / s
1504 0.0 g / s
1505 0.0 g / s
1506 0.0 g / s
1507 0.0 g / s
1508 0.0 g / s
1509 0.0 g / s
1510 0.0 g / s
1511 0.0 g / s
IsSatellite
1513 0.0 g / s
1515 0.0 g / s
IsSatellite
1519 0.0 g / s
1520 0.0 g / s
1521 0.0 g / s
1523 0.0 g / s
1524 0.0 g / s
IsSatellite
1526 0.0 g / s
1527 0.0 g / s
IsSatellite
IsSatellite
1531 0.0 g / s
1532 0.0 g / s
1533 0.0 g / s
1535 0.0 g / s
1537 0.0 g / s
1539 0.0 g / s
1540 0.0 g / s
1541 0.0 g / s
1542 0.0 g / s
1543 0.0 g / s
1544 0.0 g / s
1545 0.0 g / s
1546 0.0 g / s
IsSatellite
1549 0.0 g / s
1553 0.0 g / s
1554 0.0 g / s
1556 0.0 g / s
1557 0.0 g / s
1558 0.0 g / s
1559 0.0 g / s
1560 0.0 g / s
1561 0.0 g / s
1563 0.0 g / s
1565 0.0 g / s
1566 0.0 g / s
1567 0.0 g / s
1568 0.0 g / s
1570 0.0 g / s
1571 0.0 g / s
1573 0.0 g / s
1575 0.0 g / s
1576 0.0 g / s
1577 0.0 g / s
1578 0.0 g / s
IsSatellite
1582 0.0 g / s
1585 0.0 g / s
1587 0.0 g / s
1589 0.0 g / s
1591 0.0 g / s
1593 0.0 g / s
1594 0.0 g / s
1595 0.0 g / s
1596 0.0 g / s
1598 0.0 g / s
1599 0.0 g / s
1600 0.0 g / s
1601 0.0 g / s
1602 0.0 g / s
1604 0.0 g / s
1605 0.0 g / s
1606 0.0 g / s
IsSatellite
1608 0.0 g / s
1610 0.0 g / s
1611 0.0 g / s
1613 0.0 g / s
1615 0.0 g / s
1616 0.0 g / s
1617 0.0 g / s
1618 0.0 g / s
IsSatellite
1620 0.0 g / s
1621 0.0 g / s
1622 0.0 g / s
1623 0.0 g / s
IsSatellite
1625 0.0 g / s
1628 0.0 g / s
1629 0.0 g / s
1630 0.0 g / s
1631 0.0 g / s
1635 0.0 g / s
1637 0.0 g / s
1638 0.0 g / s
IsSatellite
1640 0.0 g / s
1641 0.0 g / s
1642 0.0 g / s
1643 0.0 g / s
1644 0.0 g / s
1645 0.0 g / s
1646 0.0 g / s
1648 0.0 g / s
1649 0.0 g / s
1650 0.0 g / s
1651 0.0 g / s
1653 0.0 g / s
1654 0.0 g / s
IsSatellite
1656 0.0 g / s
1657 0.0 g / s
1658 0.0 g / s
RadiusEqualZero
RadiusEqualZero
IsSatellite
1663 0.0 g / s
1667 0.0 g / s
IsSatellite
1670 0.0 g / s
1671 0.0 g / s
1672 0.0 g / s
1673 0.0 g / s
RadiusEqualZero
1676 0.0 g / s
1677 0.0 g / s
1678 0.0 g / s
1680 0.0 g / s
1682 0.0 g / s
1683 0.0 g / s
1684 0.0 g / s
1685 0.0 g / s
1687 0.0 g / s
1688 0.0 g / s
1689 0.0 g / s
1690 0.0 g / s
1691 0.0 g / s
1692 0.0 g / s
1694 0.0 g / s
1695 0.0 g / s
1696 0.0 g / s
1698 0.0 g / s
1699 0.0 g / s
1700 0.0 g / s
RadiusEqualZero
1702 0.0 g / s
1704 0.0 g / s
1705 0.0 g / s
1706 0.0 g / s
1707 0.0 g / s
IsSatellite
1709 0.0 g / s
1711 0.0 g / s
1713 0.0 g / s
1714 0.0 g / s
1715 0.0 g / s
1716 0.0 g / s
1717 0.0 g / s
1718 0.0 g / s
1719 0.0 g / s
1720 0.0 g / s
1721 0.0 g / s
1722 0.0 g / s
1725 0.0 g / s
1726 0.0 g / s
1727 0.0 g / s
1729 0.0 g / s
RadiusEqualZero
1731 0.0 g / s
1732 0.0 g / s
1733 0.0 g / s
1734 0.0 g / s
1735 0.0 g / s
1736 0.0 g / s
1738 0.0 g / s
1739 0.0 g / s
1740 0.0 g / s
1742 0.0 g / s
1743 0.0 g / s
1744 0.0 g / s
IsSatellite
1746 0.0 g / s
1748 0.0 g / s
1749 0.0 g / s
IsSatellite
1752 0.0 g / s
1753 0.0 g / s
IsSatellite
1755 0.0 g / s
1756 0.0 g / s
1757 0.0 g / s
1759 0.0 g / s
1760 0.0 g / s
1764 0.0 g / s
1768 0.0 g / s
1769 0.0 g / s
1770 0.0 g / s
1771 0.0 g / s
1772 0.0 g / s
1773 0.0 g / s
1774 0.0 g / s
1775 0.0 g / s
1776 0.0 g / s
1781 0.0 g / s
1782 0.0 g / s
IsSatellite
1784 0.0 g / s
1785 0.0 g / s
1786 0.0 g / s
1787 0.0 g / s
1788 0.0 g / s
1789 0.0 g / s
1790 0.0 g / s
1791 0.0 g / s
1793 0.0 g / s
1794 0.0 g / s
1795 0.0 g / s
IsSatellite
1797 0.0 g / s
1798 0.0 g / s
1800 0.0 g / s
1801 0.0 g / s
1802 0.0 g / s
1803 0.0 g / s
1806 0.0 g / s
1808 0.0 g / s
1809 0.0 g / s
1813 0.0 g / s
1816 0.0 g / s
1818 0.0 g / s
1819 0.0 g / s
IsSatellite
1821 0.0 g / s
1822 0.0 g / s
1823 0.0 g / s
1824 0.0 g / s
1826 0.0 g / s
1827 0.0 g / s
1828 0.0 g / s
1829 0.0 g / s
1830 0.0 g / s
1831 0.0 g / s
IsSatellite
1833 0.0 g / s
IsSatellite
IsSatellite
1836 0.0 g / s
1837 0.0 g / s
1838 0.0 g / s
1839 0.0 g / s
1840 0.0 g / s
1841 0.0 g / s
IsSatellite
1844 0.0 g / s
1845 0.0 g / s
1847 0.0 g / s
1848 0.0 g / s
1849 0.0 g / s
1851 0.0 g / s
1852 0.0 g / s
RadiusEqualZero
IsSatellite
1856 0.0 g / s
1857 0.0 g / s
1858 0.0 g / s
IsSatellite
1862 0.0 g / s
1865 0.0 g / s
1866 0.0 g / s
1867 0.0 g / s
1868 0.0 g / s
1872 0.0 g / s
1873 0.0 g / s
1874 0.0 g / s
1875 0.0 g / s
1877 0.0 g / s
1878 0.0 g / s
1879 0.0 g / s
1880 0.0 g / s
1881 0.0 g / s
1882 0.0 g / s
1883 0.0 g / s
1884 0.0 g / s
1885 0.0 g / s
IsSatellite
1888 0.0 g / s
1889 0.0 g / s
1890 0.0 g / s
1891 0.0 g / s
1892 0.0 g / s
1893 0.0 g / s
1894 0.0 g / s
1895 0.0 g / s
1896 0.0 g / s
1898 0.0 g / s
1899 0.0 g / s
IsSatellite
1901 0.0 g / s
1902 0.0 g / s
1903 0.0 g / s
1904 0.0 g / s
1905 0.0 g / s
1906 0.0 g / s
1907 0.0 g / s
1908 0.0 g / s
1910 0.0 g / s
1911 0.0 g / s
1912 0.0 g / s
IsSatellite
1915 0.0 g / s
1920 0.0 g / s
1921 0.0 g / s
1922 0.0 g / s
1925 0.0 g / s
1927 0.0 g / s
1928 0.0 g / s
1929 0.0 g / s
RadiusEqualZero
IsSatellite
1932 0.0 g / s
1933 0.0 g / s
1936 0.0 g / s
1937 0.0 g / s
1938 0.0 g / s
1939 0.0 g / s
1940 0.0 g / s
1941 0.0 g / s
1942 0.0 g / s
1943 0.0 g / s
1945 0.0 g / s
1946 0.0 g / s
1947 0.0 g / s
1948 0.0 g / s
RadiusEqualZero
1950 0.0 g / s
1951 0.0 g / s
1953 0.0 g / s
1954 0.0 g / s
1956 0.0 g / s
1960 0.0 g / s
1962 0.0 g / s
1963 0.0 g / s
1964 0.0 g / s
IsSatellite
1966 0.0 g / s
1970 0.0 g / s
1971 0.0 g / s
1972 0.0 g / s
1973 0.0 g / s
1974 0.0 g / s
1975 0.0 g / s
1977 0.0 g / s
1979 0.0 g / s
1980 0.0 g / s
1981 0.0 g / s
1982 0.0 g / s
1983 0.0 g / s
IsSatellite
1988 0.0 g / s
1989 0.0 g / s
IsSatellite
IsSatellite
1993 0.0 g / s
1996 0.0 g / s
1997 0.0 g / s
1998 0.0 g / s
1999 0.0 g / s
2000 0.0 g / s
2002 0.0 g / s
2003 0.0 g / s
2004 0.0 g / s
2006 0.0 g / s
2009 0.0 g / s
2010 0.0 g / s
2012 0.0 g / s
2013 0.0 g / s
2014 0.0 g / s
2015 0.0 g / s
2016 0.0 g / s
2017 0.0 g / s
2019 0.0 g / s
IsSatellite
2021 0.0 g / s
2022 0.0 g / s
2023 0.0 g / s
IsSatellite
2025 0.0 g / s
2026 0.0 g / s
2027 0.0 g / s
2028 0.0 g / s
2029 0.0 g / s
2030 0.0 g / s
2031 0.0 g / s
2032 0.0 g / s
2033 0.0 g / s
2034 0.0 g / s
2035 0.0 g / s
2036 0.0 g / s
2040 0.0 g / s
2042 0.0 g / s
2043 0.0 g / s
2044 0.0 g / s
2045 0.0 g / s
2046 0.0 g / s
2048 0.0 g / s
2050 0.0 g / s
2051 0.0 g / s
2052 0.0 g / s
IsSatellite
2054 0.0 g / s
2055 0.0 g / s
2058 0.0 g / s
2059 0.0 g / s
2061 0.0 g / s
2063 0.0 g / s
2064 0.0 g / s
2067 0.0 g / s
2068 0.0 g / s
2069 0.0 g / s
2070 0.0 g / s
2071 0.0 g / s
2073 0.0 g / s
2074 0.0 g / s
2075 0.0 g / s
2076 0.0 g / s
2077 0.0 g / s
IsSatellite
2079 0.0 g / s
2081 0.0 g / s
2084 0.0 g / s
2085 0.0 g / s
2086 0.0 g / s
2087 0.0 g / s
2088 0.0 g / s
2089 0.0 g / s
2090 0.0 g / s
IsSatellite
2094 0.0 g / s
2095 0.0 g / s
2096 0.0 g / s
2097 0.0 g / s
2098 0.0 g / s
2099 0.0 g / s
2100 0.0 g / s
IsSatellite
2102 0.0 g / s
2105 0.0 g / s
2107 0.0 g / s
2108 0.0 g / s
2109 0.0 g / s
2110 0.0 g / s
2111 0.0 g / s
2112 0.0 g / s
2113 0.0 g / s
2114 0.0 g / s
2115 0.0 g / s
2117 0.0 g / s
2118 0.0 g / s
2120 0.0 g / s
2121 0.0 g / s
2122 0.0 g / s
2123 0.0 g / s
2124 0.0 g / s
2125 0.0 g / s
2126 0.0 g / s
2127 0.0 g / s
2128 0.0 g / s
2129 0.0 g / s
2130 0.0 g / s
2131 0.0 g / s
2132 0.0 g / s
2133 0.0 g / s
2134 0.0 g / s
2135 0.0 g / s
2136 0.0 g / s
2137 0.0 g / s
2139 0.0 g / s
2140 0.0 g / s
2141 0.0 g / s
2143 0.0 g / s
2144 0.0 g / s
2145 0.0 g / s
2146 0.0 g / s
2148 0.0 g / s
2149 0.0 g / s
2151 0.0 g / s
2152 0.0 g / s
2154 0.0 g / s
2155 0.0 g / s
2156 0.0 g / s
2158 0.0 g / s
2159 0.0 g / s
2162 0.0 g / s
2164 0.0 g / s
2165 0.0 g / s
2166 0.0 g / s
2167 0.0 g / s
2168 0.0 g / s
2169 0.0 g / s
RadiusEqualZero
2171 0.0 g / s
2172 0.0 g / s
2173 0.0 g / s
2174 0.0 g / s
RadiusEqualZero
2178 0.0 g / s
2179 0.0 g / s
2181 0.0 g / s
2182 0.0 g / s
2183 0.0 g / s
2184 0.0 g / s
2185 0.0 g / s
2186 0.0 g / s
2188 0.0 g / s
2189 0.0 g / s
2190 0.0 g / s
IsSatellite
2192 0.0 g / s
2193 0.0 g / s
2195 0.0 g / s
2199 0.0 g / s
2200 0.0 g / s
2201 0.0 g / s
2203 0.0 g / s
2205 0.0 g / s
2206 0.0 g / s
2208 0.0 g / s
2209 0.0 g / s
2210 0.0 g / s
2211 0.0 g / s
2212 0.0 g / s
2214 0.0 g / s
2215 0.0 g / s
2217 0.0 g / s
2218 0.0 g / s
2219 0.0 g / s
2220 0.0 g / s
2221 0.0 g / s
IsSatellite
2223 0.0 g / s
2224 0.0 g / s
2226 0.0 g / s
2227 0.0 g / s
2230 0.0 g / s
2231 0.0 g / s
2234 0.0 g / s
2235 0.0 g / s
2237 0.0 g / s
2238 0.0 g / s
2239 0.0 g / s
2240 0.0 g / s
2242 0.0 g / s
2243 0.0 g / s
2244 0.0 g / s
2245 0.0 g / s
2246 0.0 g / s
2247 0.0 g / s
2248 0.0 g / s
2249 0.0 g / s
RadiusEqualZero
2253 0.0 g / s
2256 0.0 g / s
2257 0.0 g / s
2258 0.0 g / s
2259 0.0 g / s
RadiusEqualZero
IsSatellite
2262 0.0 g / s
2264 0.0 g / s
2265 0.0 g / s
2268 0.0 g / s
2269 0.0 g / s
2270 0.0 g / s
2272 0.0 g / s
2273 0.0 g / s
2274 0.0 g / s
2275 0.0 g / s
2276 0.0 g / s
2277 0.0 g / s
2278 0.0 g / s
2279 0.0 g / s
2281 0.0 g / s
2282 0.0 g / s
2283 0.0 g / s
2284 0.0 g / s
2285 0.0 g / s
2286 0.0 g / s
2289 0.0 g / s
2290 0.0 g / s
2291 0.0 g / s
2292 0.0 g / s
2293 0.0 g / s
IsSatellite
2295 0.0 g / s
2296 0.0 g / s
2298 0.0 g / s
2299 0.0 g / s
RadiusEqualZero
2302 0.0 g / s
2303 0.0 g / s
2304 0.0 g / s
2305 0.0 g / s
2306 0.0 g / s
2307 0.0 g / s
2308 0.0 g / s
IsSatellite
2310 0.0 g / s
2311 0.0 g / s
2312 0.0 g / s
2313 0.0 g / s
2314 0.0 g / s
2319 0.0 g / s
2322 0.0 g / s
2323 0.0 g / s
2324 0.0 g / s
RadiusEqualZero
2329 0.0 g / s
2330 0.0 g / s
2331 0.0 g / s
2333 0.0 g / s
2334 0.0 g / s
2335 0.0 g / s
2336 0.0 g / s
2337 0.0 g / s
2338 0.0 g / s
2339 0.0 g / s
2341 0.0 g / s
2342 0.0 g / s
2344 0.0 g / s
2345 0.0 g / s
2346 0.0 g / s
2348 0.0 g / s
2349 0.0 g / s
2350 0.0 g / s
2351 0.0 g / s
2352 0.0 g / s
IsSatellite
2360 0.0 g / s
2361 0.0 g / s
2362 0.0 g / s
2363 0.0 g / s
IsSatellite
RadiusEqualZero
2367 0.0 g / s
2368 0.0 g / s
2369 0.0 g / s
IsSatellite
2372 0.0 g / s
2373 0.0 g / s
2374 0.0 g / s
2375 0.0 g / s
2376 0.0 g / s
IsSatellite
2380 0.0 g / s
2381 0.0 g / s
2382 0.0 g / s
2383 0.0 g / s
2384 0.0 g / s
2385 0.0 g / s
2386 0.0 g / s
IsSatellite
2388 0.0 g / s
2389 0.0 g / s
2390 0.0 g / s
2391 0.0 g / s
2392 0.0 g / s
2393 0.0 g / s
2394 0.0 g / s
2395 0.0 g / s
2396 0.0 g / s
2397 0.0 g / s
2398 0.0 g / s
2399 0.0 g / s
2400 0.0 g / s
2401 0.0 g / s
RadiusEqualZero
2403 0.0 g / s
2404 0.0 g / s
2406 0.0 g / s
2407 0.0 g / s
2408 0.0 g / s
2409 0.0 g / s
2410 0.0 g / s
2411 0.0 g / s
IsSatellite
2415 0.0 g / s
2416 0.0 g / s
2418 0.0 g / s
2419 0.0 g / s
2422 0.0 g / s
2423 0.0 g / s
2425 0.0 g / s
2426 0.0 g / s
2427 0.0 g / s
2429 0.0 g / s
2430 0.0 g / s
2431 0.0 g / s
2432 0.0 g / s
2433 0.0 g / s
2434 0.0 g / s
IsSatellite
2437 0.0 g / s
2438 0.0 g / s
2439 0.0 g / s
2440 0.0 g / s
2441 0.0 g / s
2442 0.0 g / s
2443 0.0 g / s
2444 0.0 g / s
2445 0.0 g / s
2446 0.0 g / s
2448 0.0 g / s
RadiusEqualZero
2450 0.0 g / s
2451 0.0 g / s
2452 0.0 g / s
2454 0.0 g / s
2455 0.0 g / s
2456 0.0 g / s
2459 0.0 g / s
2460 0.0 g / s
2461 0.0 g / s
2462 0.0 g / s
2463 0.0 g / s
2464 0.0 g / s
2465 0.0 g / s
2466 0.0 g / s
IsSatellite
2471 0.0 g / s
2474 0.0 g / s
2475 0.0 g / s
2476 0.0 g / s
2477 0.0 g / s
2478 0.0 g / s
2479 0.0 g / s
2481 0.0 g / s
2482 0.0 g / s
2483 0.0 g / s
2484 0.0 g / s
2485 0.0 g / s
2486 0.0 g / s
2487 0.0 g / s
2488 0.0 g / s
2489 0.0 g / s
2490 0.0 g / s
2491 0.0 g / s
2492 0.0 g / s
2494 0.0 g / s
2495 0.0 g / s
IsSatellite
2497 0.0 g / s
2498 0.0 g / s
2500 0.0 g / s
2501 0.0 g / s
2502 0.0 g / s
2503 0.0 g / s
2505 0.0 g / s
2506 0.0 g / s
2507 0.0 g / s
2509 0.0 g / s
2510 0.0 g / s
2511 0.0 g / s
2514 0.0 g / s
2515 0.0 g / s
2516 0.0 g / s
2517 0.0 g / s
2518 0.0 g / s
2519 0.0 g / s
RadiusEqualZero
2521 0.0 g / s
2523 0.0 g / s
2524 0.0 g / s
2527 0.0 g / s
2529 0.0 g / s
2530 0.0 g / s
2531 0.0 g / s
2532 0.0 g / s
2533 0.0 g / s
2534 0.0 g / s
RadiusEqualZero
2537 0.0 g / s
2538 0.0 g / s
2539 0.0 g / s
2541 0.0 g / s
2542 0.0 g / s
2543 0.0 g / s
2544 0.0 g / s
2545 0.0 g / s
2546 0.0 g / s
2547 0.0 g / s
2548 0.0 g / s
2549 0.0 g / s
2550 0.0 g / s
2551 0.0 g / s
2554 0.0 g / s
RadiusEqualZero
2559 0.0 g / s
2562 0.0 g / s
2564 0.0 g / s
2565 0.0 g / s
2566 0.0 g / s
2567 0.0 g / s
2569 0.0 g / s
2570 0.0 g / s
2571 0.0 g / s
2575 0.0 g / s
2576 0.0 g / s
2577 0.0 g / s
2578 0.0 g / s
2580 0.0 g / s
2582 0.0 g / s
2583 0.0 g / s
2584 0.0 g / s
2585 0.0 g / s
2586 0.0 g / s
2587 0.0 g / s
2588 0.0 g / s
2590 0.0 g / s
2593 0.0 g / s
2595 0.0 g / s
2597 0.0 g / s
2598 0.0 g / s
2599 0.0 g / s
2600 0.0 g / s
2601 0.0 g / s
2602 0.0 g / s
2603 0.0 g / s
IsSatellite
2605 0.0 g / s
2606 0.0 g / s
2609 0.0 g / s
RadiusEqualZero
2611 0.0 g / s
2612 0.0 g / s
2613 0.0 g / s
RadiusEqualZero
2616 0.0 g / s
2617 0.0 g / s
2620 0.0 g / s
2621 0.0 g / s
2622 0.0 g / s
2623 0.0 g / s
2624 0.0 g / s
2625 0.0 g / s
2626 0.0 g / s
2627 0.0 g / s
2628 0.0 g / s
2629 0.0 g / s
2631 0.0 g / s
2632 0.0 g / s
2633 0.0 g / s
2634 0.0 g / s
2635 0.0 g / s
2636 0.0 g / s
2637 0.0 g / s
2638 0.0 g / s
2639 0.0 g / s
2640 0.0 g / s
2641 0.0 g / s
IsSatellite
2643 0.0 g / s
IsSatellite
2645 0.0 g / s
2646 0.0 g / s
2647 0.0 g / s
RadiusEqualZero
RadiusEqualZero
2651 0.0 g / s
2652 0.0 g / s
2653 0.0 g / s
2654 0.0 g / s
2655 0.0 g / s
2656 0.0 g / s
2658 0.0 g / s
2660 0.0 g / s
2662 0.0 g / s
2663 0.0 g / s
2664 0.0 g / s
2665 0.0 g / s
2667 0.0 g / s
2668 0.0 g / s
2669 0.0 g / s
2670 0.0 g / s
2671 0.0 g / s
2672 0.0 g / s
2673 0.0 g / s
2674 0.0 g / s
2675 0.0 g / s
2678 0.0 g / s
2680 0.0 g / s
2681 0.0 g / s
2682 0.0 g / s
2684 0.0 g / s
2687 0.0 g / s
2688 0.0 g / s
2690 0.0 g / s
2691 0.0 g / s
2692 0.0 g / s
2694 0.0 g / s
IsSatellite
IsSatellite
2697 0.0 g / s
2699 0.0 g / s
2700 0.0 g / s
2702 0.0 g / s
2703 0.0 g / s
2704 0.0 g / s
2705 0.0 g / s
2706 0.0 g / s
2707 0.0 g / s
2708 0.0 g / s
2710 0.0 g / s
2713 0.0 g / s
2715 0.0 g / s
2716 0.0 g / s
2717 0.0 g / s
2720 0.0 g / s
RadiusEqualZero
2723 0.0 g / s
2724 0.0 g / s
2725 0.0 g / s
2726 0.0 g / s
2727 0.0 g / s
2728 0.0 g / s
2729 0.0 g / s
2730 0.0 g / s
2731 0.0 g / s
2733 0.0 g / s
2734 0.0 g / s
2735 0.0 g / s
2736 0.0 g / s
2737 0.0 g / s
2738 0.0 g / s
2740 0.0 g / s
2741 0.0 g / s
2742 0.0 g / s
2743 0.0 g / s
RadiusEqualZero
IsSatellite
IsSatellite
2747 0.0 g / s
2749 0.0 g / s
2753 0.0 g / s
2754 0.0 g / s
RadiusEqualZero
2756 0.0 g / s
2757 0.0 g / s
2758 0.0 g / s
2759 0.0 g / s
2760 0.0 g / s
2761 0.0 g / s
RadiusEqualZero
2763 0.0 g / s
2764 0.0 g / s
2765 0.0 g / s
2766 0.0 g / s
2767 0.0 g / s
2769 0.0 g / s
2770 0.0 g / s
2771 0.0 g / s
2772 0.0 g / s
RadiusEqualZero
2774 0.0 g / s
2775 0.0 g / s
IsSatellite
RadiusEqualZero
2778 0.0 g / s
2779 0.0 g / s
2781 0.0 g / s
2782 0.0 g / s
2784 0.0 g / s
2785 0.0 g / s
2787 0.0 g / s
2788 0.0 g / s
2789 0.0 g / s
2790 0.0 g / s
2791 0.0 g / s
2792 0.0 g / s
2793 0.0 g / s
2794 0.0 g / s
2795 0.0 g / s
2796 0.0 g / s
2797 0.0 g / s
2798 0.0 g / s
2799 0.0 g / s
2800 0.0 g / s
2801 0.0 g / s
2802 0.0 g / s
2803 0.0 g / s
RadiusEqualZero
2805 0.0 g / s
2806 0.0 g / s
RadiusEqualZero
2809 0.0 g / s
2810 0.0 g / s
2811 0.0 g / s
2812 0.0 g / s
2813 0.0 g / s
2814 0.0 g / s
2815 0.0 g / s
2816 0.0 g / s
2817 0.0 g / s
2818 0.0 g / s
2819 0.0 g / s
2820 0.0 g / s
2821 0.0 g / s
2823 0.0 g / s
2825 0.0 g / s
2826 0.0 g / s
2827 0.0 g / s
2828 0.0 g / s
2830 0.0 g / s
2831 0.0 g / s
2832 0.0 g / s
2833 0.0 g / s
2834 0.0 g / s
2835 0.0 g / s
2836 0.0 g / s
2837 0.0 g / s
2838 0.0 g / s
2839 0.0 g / s
2840 0.0 g / s
2841 0.0 g / s
2842 0.0 g / s
2843 0.0 g / s
2846 0.0 g / s
2847 0.0 g / s
2850 0.0 g / s
2851 0.0 g / s
2852 0.0 g / s
2853 0.0 g / s
2854 0.0 g / s
2855 0.0 g / s
2856 0.0 g / s
2857 0.0 g / s
2858 0.0 g / s
2859 0.0 g / s
2860 0.0 g / s
IsSatellite
2863 0.0 g / s
2864 0.0 g / s
2865 0.0 g / s
2866 0.0 g / s
2867 0.0 g / s
2870 0.0 g / s
2871 0.0 g / s
2872 0.0 g / s
2873 0.0 g / s
2874 0.0 g / s
2875 0.0 g / s
2876 0.0 g / s
2877 0.0 g / s
2878 0.0 g / s
2880 0.0 g / s
2881 0.0 g / s
2882 0.0 g / s
RadiusEqualZero
2884 0.0 g / s
2885 0.0 g / s
2887 0.0 g / s
2888 0.0 g / s
2889 0.0 g / s
2890 0.0 g / s
2891 0.0 g / s
2892 0.0 g / s
2893 0.0 g / s
2894 0.0 g / s
2895 0.0 g / s
2896 0.0 g / s
2897 0.0 g / s
2899 0.0 g / s
2900 0.0 g / s
2903 0.0 g / s
2904 0.0 g / s
2905 0.0 g / s
2906 0.0 g / s
2908 0.0 g / s
2909 0.0 g / s
2910 0.0 g / s
2912 0.0 g / s
2913 0.0 g / s
2914 0.0 g / s
2915 0.0 g / s
2916 0.0 g / s
2917 0.0 g / s
2918 0.0 g / s
2920 0.0 g / s
2921 0.0 g / s
RadiusEqualZero
2926 0.0 g / s
2927 0.0 g / s
2928 0.0 g / s
2929 0.0 g / s
2930 0.0 g / s
2931 0.0 g / s
2932 0.0 g / s
2933 0.0 g / s
2934 0.0 g / s
2935 0.0 g / s
2936 0.0 g / s
2937 0.0 g / s
2938 0.0 g / s
2939 0.0 g / s
2940 0.0 g / s
2941 0.0 g / s
2943 0.0 g / s
2945 0.0 g / s
2946 0.0 g / s
2947 0.0 g / s
2948 0.0 g / s
2949 0.0 g / s
IsSatellite
IsSatellite
2954 0.0 g / s
2955 0.0 g / s
2956 0.0 g / s
2957 0.0 g / s
2958 0.0 g / s
2960 0.0 g / s
2961 0.0 g / s
2962 0.0 g / s
2963 0.0 g / s
2964 0.0 g / s
2965 0.0 g / s
2968 0.0 g / s
2969 0.0 g / s
2970 0.0 g / s
2971 0.0 g / s
2972 0.0 g / s
2973 0.0 g / s
2974 0.0 g / s
2975 0.0 g / s
2976 0.0 g / s
2977 0.0 g / s
2978 0.0 g / s
2979 0.0 g / s
2980 0.0 g / s
2981 0.0 g / s
2982 0.0 g / s
2985 0.0 g / s
2986 0.0 g / s
2987 0.0 g / s
2989 0.0 g / s
2990 0.0 g / s
2991 0.0 g / s
2992 0.0 g / s
IsSatellite
2995 0.0 g / s
RadiusEqualZero
RadiusEqualZero
2999 0.0 g / s
123AllDone123
