yt : [INFO     ] 2017-07-24 15:00:48,975 Parameters: current_time              = 3.75573048701e+16
yt : [INFO     ] 2017-07-24 15:00:48,975 Parameters: domain_dimensions         = [2 2 2]
yt : [INFO     ] 2017-07-24 15:00:48,976 Parameters: domain_left_edge          = [ 0.  0.  0.]
yt : [INFO     ] 2017-07-24 15:00:48,976 Parameters: domain_right_edge         = [  2.22535526e+25   2.22535526e+25   2.22535526e+25]
yt : [INFO     ] 2017-07-24 15:00:48,977 Parameters: cosmological_simulation   = 1
yt : [INFO     ] 2017-07-24 15:00:48,977 Parameters: current_redshift          = 4.99999995872
yt : [INFO     ] 2017-07-24 15:00:48,977 Parameters: omega_lambda              = 0.712
yt : [INFO     ] 2017-07-24 15:00:48,977 Parameters: omega_matter              = 0.288
yt : [INFO     ] 2017-07-24 15:00:48,977 Parameters: hubble_constant           = 0.6933
yt : [INFO     ] 2017-07-24 15:00:49,057 Parameters: current_time              = 158.01758093278
yt : [INFO     ] 2017-07-24 15:00:49,058 Parameters: domain_dimensions         = [128 128 128]
yt : [INFO     ] 2017-07-24 15:00:49,058 Parameters: domain_left_edge          = [ 0.  0.  0.]
yt : [INFO     ] 2017-07-24 15:00:49,059 Parameters: domain_right_edge         = [ 1.  1.  1.]
yt : [INFO     ] 2017-07-24 15:00:49,059 Parameters: cosmological_simulation   = 1
yt : [INFO     ] 2017-07-24 15:00:49,059 Parameters: current_redshift          = 4.9999999587239
yt : [INFO     ] 2017-07-24 15:00:49,059 Parameters: omega_lambda              = 0.712
yt : [INFO     ] 2017-07-24 15:00:49,059 Parameters: omega_matter              = 0.288
yt : [INFO     ] 2017-07-24 15:00:49,059 Parameters: hubble_constant           = 0.6933
yt : [INFO     ] 2017-07-24 15:00:49,062 Allocating for 5.325e+03 particles (index particle type 'all')
yt : [INFO     ] 2017-07-24 15:00:49,067 Identified 1.889e+03 octs
IsSatellite
IsSatellite
Parsing Hierarchy :   0%|          | 0/20451 [00:00<?, ?it/s]Parsing Hierarchy :   8%|▊         | 1554/20451 [00:00<00:01, 15536.87it/s]Parsing Hierarchy :  17%|█▋        | 3550/20451 [00:00<00:01, 16862.11it/s]Parsing Hierarchy :  27%|██▋       | 5530/20451 [00:00<00:00, 17742.30it/s]Parsing Hierarchy :  37%|███▋      | 7524/20451 [00:00<00:00, 18399.84it/s]Parsing Hierarchy :  44%|████▍     | 8991/20451 [00:00<00:00, 16273.59it/s]Parsing Hierarchy :  54%|█████▎    | 10963/20451 [00:00<00:00, 17305.30it/s]Parsing Hierarchy :  63%|██████▎   | 12939/20451 [00:00<00:00, 18039.60it/s]Parsing Hierarchy :  73%|███████▎  | 14922/20451 [00:00<00:00, 18574.23it/s]Parsing Hierarchy :  83%|████████▎ | 16897/20451 [00:00<00:00, 18924.52it/s]Parsing Hierarchy :  92%|█████████▏| 18727/20451 [00:01<00:00, 16662.19it/s]Parsing Hierarchy : 100%|██████████| 20451/20451 [00:01<00:00, 17356.51it/s]
yt : [INFO     ] 2017-07-24 15:00:54,854 Gathering a field list (this may take a moment.)
37 
 1391823890.9503367 1579359961.6113331
0.0721636296542601 0.08188704627182856
[37, 5320, <Quantity 3824.549306889208 kpc>, <Quantity 3470.8567042505324 kpc>, <Quantity 4114.24485188939 kpc>, <Quantity 19287054955.780926 solMass>, <Quantity 14354923048.268465 solMass>, <Quantity 13.999443245735307 kpc>, <Quantity 17.808051153668 kpc>, -1, <Quantity 1391823890.9503367 solMass>, <Quantity 1579359961.6113331 solMass>, 0, 0, 0] 

IsSatellite
IsSatellite
IsSatellite
IsSatellite
IsSatellite
IsSatellite
55 
 1740033121.266761 1069709222.750714
0.16140140304755884 0.09922372585596884
[55, 5310, <Quantity 3679.1267935595156 kpc>, <Quantity 3628.9918894795646 kpc>, <Quantity 3602.0574945995418 kpc>, <Quantity 10780780640.141273 solMass>, <Quantity 7000775290.475403 solMass>, <Quantity 11.532023747962503 kpc>, <Quantity 13.812510203761983 kpc>, -1, <Quantity 1740033121.266761 solMass>, <Quantity 1069709222.750714 solMass>, 0, 0, 0] 

57 
 867270044.9485861 82601254.00912216
0.11817870307762292 0.01125567420233228
[57, 5307, <Quantity 3372.6883057052214 kpc>, <Quantity 3128.1387264138134 kpc>, <Quantity 3150.833874784103 kpc>, <Quantity 7338632277.75431 solMass>, <Quantity 5975510234.015244 solMass>, <Quantity 10.144418728594738 kpc>, <Quantity 11.87855744568783 kpc>, -1, <Quantity 867270044.9485861 solMass>, <Quantity 82601254.00912216 solMass>, 0, 0, 0] 

58 
 858849234.6846329 317785683.53271276
0.11875448437014702 0.04394074473618118
[58, 5306, <Quantity 3552.10970087014 kpc>, <Quantity 3929.1214058234673 kpc>, <Quantity 2956.29292175327 kpc>, <Quantity 7232141499.664782 solMass>, <Quantity 5680629093.082605 solMass>, <Quantity 10.095110951967849 kpc>, <Quantity 15.501975687581968 kpc>, -1, <Quantity 858849234.6846329 solMass>, <Quantity 317785683.53271276 solMass>, 0, 0, 0] 

60 
 552902590.2556251 225149349.34192038
0.09886044160870562 0.04025729757128504
[60, 5305, <Quantity 3779.424919738336 kpc>, <Quantity 3810.407181147046 kpc>, <Quantity 3478.6666064789983 kpc>, <Quantity 5592758653.092408 solMass>, <Quantity 5057832849.470107 solMass>, <Quantity 9.266110701930709 kpc>, <Quantity 13.384497165357885 kpc>, -1, <Quantity 552902590.2556251 solMass>, <Quantity 225149349.34192038 solMass>, 0, 0, 0] 

61 
 1412976126.1110427 266426420.7991499
0.20826452771594917 0.03926971706981627
[61, 5304, <Quantity 3478.136854128249 kpc>, <Quantity 3376.3216497841972 kpc>, <Quantity 3379.324946633094 kpc>, <Quantity 6784526110.169818 solMass>, <Quantity 4948729858.085576 solMass>, <Quantity 9.882389439586538 kpc>, <Quantity 14.894425506419484 kpc>, -1, <Quantity 1412976126.1110427 solMass>, <Quantity 266426420.7991499 solMass>, 0, 0, 0] 

64 
 969891072.342856 72357859.4212973
0.17425520667345068 0.013000154458014715
[64, 5303, <Quantity 3244.2342170007764 kpc>, <Quantity 3826.558514485322 kpc>, <Quantity 3650.531497671807 kpc>, <Quantity 5565923055.374778 solMass>, <Quantity 4748707707.019379 solMass>, <Quantity 9.25126648318791 kpc>, <Quantity 14.54818308796904 kpc>, -1, <Quantity 969891072.342856 solMass>, <Quantity 72357859.4212973 solMass>, 0, 0, 0] 

65 
 720436846.451904 90937616.05233769
0.12037874996456922 0.015194887100862862
[65, 5302, <Quantity 3712.741736245604 kpc>, <Quantity 3481.3677816241534 kpc>, <Quantity 3496.77842443875 kpc>, <Quantity 5984751018.46421 solMass>, <Quantity 4729008555.731598 solMass>, <Quantity 9.477726106751486 kpc>, <Quantity 9.208324442476327 kpc>, -1, <Quantity 720436846.451904 solMass>, <Quantity 90937616.05233769 solMass>, 0, 0, 0] 

IsSatellite
71 
 716391238.9743098 114082833.47427754
0.14967966610721925 0.023835970478147776
[71, 5300, <Quantity 3401.8397861970884 kpc>, <Quantity 3261.3768273288315 kpc>, <Quantity 3232.8705827595313 kpc>, <Quantity 4786162727.415099 solMass>, <Quantity 3921646418.265278 solMass>, <Quantity 8.797338003670891 kpc>, <Quantity 12.235864479459815 kpc>, -1, <Quantity 716391238.9743098 solMass>, <Quantity 114082833.47427754 solMass>, 0, 0, 0] 

74 
 513540316.07717156 50698694.461650796
0.08753563799615446 0.00864185814888543
[74, 5299, <Quantity 3887.3380504087727 kpc>, <Quantity 3880.682819392306 kpc>, <Quantity 3861.3964185412465 kpc>, <Quantity 5866642750.69009 solMass>, <Quantity 3824969045.092518 solMass>, <Quantity 9.41496418932767 kpc>, <Quantity 10.809097670637241 kpc>, -1, <Quantity 513540316.07717156 solMass>, <Quantity 50698694.461650796 solMass>, 0, 0, 0] 

75 
 453865212.5388603 131832122.21968153
0.10496802244554823 0.03048957439763012
[75, 5298, <Quantity 3793.8214184478975 kpc>, <Quantity 3458.837170448463 kpc>, <Quantity 4099.119577310924 kpc>, <Quantity 4323842651.930508 solMass>, <Quantity 3708289456.940517 solMass>, <Quantity 8.504434070321414 kpc>, <Quantity 10.564318592632779 kpc>, -1, <Quantity 453865212.5388603 solMass>, <Quantity 131832122.21968153 solMass>, 0, 0, 0] 

80 
 813593283.8955353 335295162.53318775
0.17167785214505477 0.07075126414848297
[80, 5297, <Quantity 3534.0334801094577 kpc>, <Quantity 3690.1733863206236 kpc>, <Quantity 3643.313658582484 kpc>, <Quantity 4739069563.895235 solMass>, <Quantity 3489477346.2320642 solMass>, <Quantity 8.768389220393525 kpc>, <Quantity 9.652949950045654 kpc>, -1, <Quantity 813593283.8955353 solMass>, <Quantity 335295162.53318775 solMass>, 0, 0, 0] 

83 
 400765857.62896144 53108160.77791574
0.11663960154825743 0.015456692715156175
[83, 5295, <Quantity 3767.845878755225 kpc>, <Quantity 3307.0843906261384 kpc>, <Quantity 3519.2016867543944 kpc>, <Quantity 3435933013.395559 solMass>, <Quantity 3310063537.936042 solMass>, <Quantity 7.877172468920148 kpc>, <Quantity 13.287028252513773 kpc>, -1, <Quantity 400765857.62896144 solMass>, <Quantity 53108160.77791574 solMass>, 0, 0, 0] 

84 
 334709740.58038765 82559523.47444037
0.09881042014736274 0.02437258380210257
[84, 5294, <Quantity 3557.94870487596 kpc>, <Quantity 3852.0587573747757 kpc>, <Quantity 3564.7876687514904 kpc>, <Quantity 3387393152.272929 solMass>, <Quantity 3257330425.3166413 solMass>, <Quantity 7.839902470098451 kpc>, <Quantity 12.588561390968454 kpc>, -1, <Quantity 334709740.58038765 solMass>, <Quantity 82559523.47444037 solMass>, 0, 0, 0] 

IsSatellite
90 
 579006843.9076722 300160518.4845041
0.1649496539934048 0.08551086086021287
[90, 5290, <Quantity 3390.296645189883 kpc>, <Quantity 3369.6528392758737 kpc>, <Quantity 3356.1123100808304 kpc>, <Quantity 3510203446.2638073 solMass>, <Quantity 2994270990.154565 solMass>, <Quantity 7.933525482220934 kpc>, <Quantity 9.34474140858621 kpc>, -1, <Quantity 579006843.9076722 solMass>, <Quantity 300160518.4845041 solMass>, 0, 0, 0] 

94 
 6151737946.442683 112034675.97777879
8.365952878498193e-36 1.5235967919113045e-37
[94, 5287, <Quantity 3842.7484855484627 kpc>, <Quantity 3878.380564911476 kpc>, <Quantity 3305.0590074862976 kpc>, <Quantity 7.353302171057659e+44 solMass>, <Quantity 2664840568.398649 solMass>, <Quantity 80.55111764543346 kpc>, <Quantity 10.601850069284465 kpc>, -1, <Quantity 6151737946.442683 solMass>, <Quantity 112034675.97777879 solMass>, 0, 0, 0] 

95 
 585968034.7404515 82651940.07602762
0.19840388909862336 0.027985257523294386
[95, 5286, <Quantity 3608.4541991074107 kpc>, <Quantity 3691.307540503224 kpc>, <Quantity 3629.8884157313773 kpc>, <Quantity 2953410023.3749766 solMass>, <Quantity 2651202694.3794155 solMass>, <Quantity 7.48968190421431 kpc>, <Quantity 13.065865878432978 kpc>, -1, <Quantity 585968034.7404515 solMass>, <Quantity 82651940.07602762 solMass>, 0, 0, 0] 

96 
 379296044.89468473 42336487.990033016
0.11956612308990117 0.013345801524547736
[96, 5285, <Quantity 3786.036332324495 kpc>, <Quantity 3653.9914734731096 kpc>, <Quantity 4214.20682879917 kpc>, <Quantity 3172270163.928406 solMass>, <Quantity 2512096380.1933036 solMass>, <Quantity 7.67029699909719 kpc>, <Quantity 9.209520971358165 kpc>, -1, <Quantity 379296044.89468473 solMass>, <Quantity 42336487.990033016 solMass>, 0, 0, 0] 

98 
 476359840.55562556 95192044.56371891
0.1711113085445126 0.034193552691861445
[98, 5284, <Quantity 3652.5991071850226 kpc>, <Quantity 3755.457580486457 kpc>, <Quantity 3375.220560458407 kpc>, <Quantity 2783917933.931913 solMass>, <Quantity 2463909225.648286 solMass>, <Quantity 7.343576124201226 kpc>, <Quantity 9.274685458536865 kpc>, -1, <Quantity 476359840.55562556 solMass>, <Quantity 95192044.56371891 solMass>, 0, 0, 0] 

103 
 244166894.26805907 72574083.71269841
0.08301210094933026 0.024673808386363908
[103, 5282, <Quantity 3315.717448523108 kpc>, <Quantity 3847.6302287387975 kpc>, <Quantity 3445.2613805883443 kpc>, <Quantity 2941340978.914581 solMass>, <Quantity 2278434140.0683227 solMass>, <Quantity 7.479465836058317 kpc>, <Quantity 10.247247399486637 kpc>, -1, <Quantity 244166894.26805907 solMass>, <Quantity 72574083.71269841 solMass>, 0, 0, 0] 

105 
 185091594.03718078 61922154.71468955
0.06817051520688933 0.022806358179470538
[105, 5281, <Quantity 3396.550746968428 kpc>, <Quantity 3098.321086654638 kpc>, <Quantity 3138.1472512466817 kpc>, <Quantity 2715126818.0304933 solMass>, <Quantity 2267523840.891833 solMass>, <Quantity 7.2825839232278025 kpc>, <Quantity 8.5600446857675 kpc>, -1, <Quantity 185091594.03718078 solMass>, <Quantity 61922154.71468955 solMass>, 0, 0, 0] 

106 
 246642370.70025998 20785715.302134663
0.0869560354911862 0.007328195039605207
[106, 5280, <Quantity 3613.8832778244328 kpc>, <Quantity 3322.6770272890217 kpc>, <Quantity 3464.8259497525323 kpc>, <Quantity 2836403123.7976513 solMass>, <Quantity 2258128861.098594 solMass>, <Quantity 7.389438572696391 kpc>, <Quantity 9.976667634594119 kpc>, -1, <Quantity 246642370.70025998 solMass>, <Quantity 20785715.302134663 solMass>, 0, 0, 0] 

107 
 354331548.82346034 88393707.2175486
0.11867373461510537 0.029605072951624626
[107, 5279, <Quantity 3710.769864785329 kpc>, <Quantity 3381.6843624211947 kpc>, <Quantity 3373.804516186511 kpc>, <Quantity 2985762182.1093283 solMass>, <Quantity 2256613541.8105435 solMass>, <Quantity 7.516930402551752 kpc>, <Quantity 10.369965620111621 kpc>, -1, <Quantity 354331548.82346034 solMass>, <Quantity 88393707.2175486 solMass>, 0, 0, 0] 

109 
 286022048.15682864 45174133.764388904
0.1124543205712487 0.017760961270662717
[109, 5278, <Quantity 3564.180526927727 kpc>, <Quantity 3866.389240052972 kpc>, <Quantity 3097.5697083518544 kpc>, <Quantity 2543450947.0501943 solMass>, <Quantity 2206304940.112794 solMass>, <Quantity 7.125739042888547 kpc>, <Quantity 13.394710644035515 kpc>, -1, <Quantity 286022048.15682864 solMass>, <Quantity 45174133.764388904 solMass>, 0, 0, 0] 

IsSatellite
IsSatellite
114 
 314987165.9188318 42967913.366670296
0.13016140671992518 0.01775552991599304
[114, 5275, <Quantity 3896.443445580054 kpc>, <Quantity 3083.9655486954407 kpc>, <Quantity 3313.3289773815245 kpc>, <Quantity 2419973584.002557 solMass>, <Quantity 2077502797.3594985 solMass>, <Quantity 7.008509505495242 kpc>, <Quantity 9.178784720262568 kpc>, -1, <Quantity 314987165.9188318 solMass>, <Quantity 42967913.366670296 solMass>, 0, 0, 0] 

115 
 294407779.8139538 172170362.28629816
0.1235612160911634 0.07225888987171013
[115, 5274, <Quantity 3399.961830036723 kpc>, <Quantity 3962.9280841575833 kpc>, <Quantity 3535.657906106971 kpc>, <Quantity 2382687619.3638296 solMass>, <Quantity 2061743476.3259592 solMass>, <Quantity 6.972328291817944 kpc>, <Quantity 10.393785117292127 kpc>, -1, <Quantity 294407779.8139538 solMass>, <Quantity 172170362.28629816 solMass>, 0, 0, 0] 

116 
 201763754.02859464 26387791.09878121
0.08515210803225495 0.01113666847246282
[116, 5273, <Quantity 3887.489097256363 kpc>, <Quantity 3786.2999199716496 kpc>, <Quantity 4031.3902662770297 kpc>, <Quantity 2369451076.3276477 solMass>, <Quantity 2042347388.881496 solMass>, <Quantity 6.9593931857089695 kpc>, <Quantity 7.584839777929219 kpc>, -1, <Quantity 201763754.02859464 solMass>, <Quantity 26387791.09878121 solMass>, 0, 0, 0] 

