yt : [INFO     ] 2017-07-23 22:19:14,454 Parameters: current_time              = 3.75573048701e+16
yt : [INFO     ] 2017-07-23 22:19:14,454 Parameters: domain_dimensions         = [2 2 2]
yt : [INFO     ] 2017-07-23 22:19:14,455 Parameters: domain_left_edge          = [ 0.  0.  0.]
yt : [INFO     ] 2017-07-23 22:19:14,455 Parameters: domain_right_edge         = [  2.22535526e+25   2.22535526e+25   2.22535526e+25]
yt : [INFO     ] 2017-07-23 22:19:14,456 Parameters: cosmological_simulation   = 1
yt : [INFO     ] 2017-07-23 22:19:14,456 Parameters: current_redshift          = 4.99999995872
yt : [INFO     ] 2017-07-23 22:19:14,456 Parameters: omega_lambda              = 0.712
yt : [INFO     ] 2017-07-23 22:19:14,456 Parameters: omega_matter              = 0.288
yt : [INFO     ] 2017-07-23 22:19:14,456 Parameters: hubble_constant           = 0.6933
yt : [INFO     ] 2017-07-23 22:19:14,541 Parameters: current_time              = 158.01758093278
yt : [INFO     ] 2017-07-23 22:19:14,541 Parameters: domain_dimensions         = [128 128 128]
yt : [INFO     ] 2017-07-23 22:19:14,542 Parameters: domain_left_edge          = [ 0.  0.  0.]
yt : [INFO     ] 2017-07-23 22:19:14,542 Parameters: domain_right_edge         = [ 1.  1.  1.]
yt : [INFO     ] 2017-07-23 22:19:14,543 Parameters: cosmological_simulation   = 1
yt : [INFO     ] 2017-07-23 22:19:14,543 Parameters: current_redshift          = 4.9999999587239
yt : [INFO     ] 2017-07-23 22:19:14,543 Parameters: omega_lambda              = 0.712
yt : [INFO     ] 2017-07-23 22:19:14,543 Parameters: omega_matter              = 0.288
yt : [INFO     ] 2017-07-23 22:19:14,543 Parameters: hubble_constant           = 0.6933
yt : [INFO     ] 2017-07-23 22:19:14,546 Allocating for 5.325e+03 particles (index particle type 'all')
yt : [INFO     ] 2017-07-23 22:19:14,551 Identified 1.889e+03 octs
[31, 5324, <Quantity 3629.374000893844 kpc>, <Quantity 3654.01288519544 kpc>, <Quantity 3626.0019140904787 kpc>, <Quantity 96326158925.31485 solMass>, <Quantity 63610074707.240234 solMass>, <Quantity 23.92967898026102 kpc>, <Quantity 30.7608906933885 kpc>, 530, 0, 0, 0, 0, 0]
[33, 5323, <Quantity 3451.7831486822197 kpc>, <Quantity 3380.349801338956 kpc>, <Quantity 3391.398599732212 kpc>, <Quantity 70466525372.6038 solMass>, <Quantity 48929661068.2674 solMass>, <Quantity 21.561703884558327 kpc>, <Quantity 24.899840310482105 kpc>, 981, 0, 0, 0, 0, 0]
[37, 5320, <Quantity 3824.549306889208 kpc>, <Quantity 3470.8567042505324 kpc>, <Quantity 4114.24485188939 kpc>, <Quantity 19287054955.780926 solMass>, <Quantity 14354923048.268465 solMass>, <Quantity 13.999443245735307 kpc>, <Quantity 17.808051153668 kpc>, -1, 0, 0, 0, 0, 0]
[38, 5319, <Quantity 3830.987477658397 kpc>, <Quantity 3551.205088789467 kpc>, <Quantity 3572.9386914936445 kpc>, <Quantity 20271751796.894894 solMass>, <Quantity 12895064409.050913 solMass>, <Quantity 14.233746219656831 kpc>, <Quantity 18.052989655911677 kpc>, 466, 0, 0, 0, 0, 0]
[39, 5318, <Quantity 3536.968470083424 kpc>, <Quantity 3367.597800165386 kpc>, <Quantity 3400.713110747196 kpc>, <Quantity 16356220575.37345 solMass>, <Quantity 11707660184.18418 solMass>, <Quantity 13.251034290359584 kpc>, <Quantity 18.558265170101098 kpc>, 759, 0, 0, 0, 0, 0]
[40, 5317, <Quantity 3472.675336842326 kpc>, <Quantity 3211.996858340036 kpc>, <Quantity 3202.7667588933364 kpc>, <Quantity 16447262388.119675 solMass>, <Quantity 11600981703.51141 solMass>, <Quantity 13.27557473408902 kpc>, <Quantity 23.335823451117108 kpc>, 560, 0, 0, 0, 0, 0]
[42, 5316, <Quantity 3662.693516104001 kpc>, <Quantity 3375.1245453639244 kpc>, <Quantity 3380.459974536554 kpc>, <Quantity 13144449792.639597 solMass>, <Quantity 9871093160.086523 solMass>, <Quantity 12.319779330268327 kpc>, <Quantity 23.13599543179239 kpc>, 2053, 0, 0, 0, 0, 0]
[48, 5315, <Quantity 3495.101546023821 kpc>, <Quantity 3373.8531676140924 kpc>, <Quantity 3388.8882977292965 kpc>, <Quantity 13284214807.672249 solMass>, <Quantity 8534581513.43188 solMass>, <Quantity 12.363290902796523 kpc>, <Quantity 14.922259129698103 kpc>, 1547, 0, 0, 0, 0, 0]
[51, 5313, <Quantity 3318.547646178664 kpc>, <Quantity 3684.959851666896 kpc>, <Quantity 2904.435229486215 kpc>, <Quantity 9240723113.106192 solMass>, <Quantity 7393546060.267662 solMass>, <Quantity 10.954455043345654 kpc>, <Quantity 14.884882774385735 kpc>, 561, 0, 0, 0, 0, 0]
[55, 5310, <Quantity 3679.1267935595156 kpc>, <Quantity 3628.9918894795646 kpc>, <Quantity 3602.0574945995418 kpc>, <Quantity 10780780640.141273 solMass>, <Quantity 7000775290.475403 solMass>, <Quantity 11.532023747962503 kpc>, <Quantity 13.812510203761983 kpc>, -1, 0, 0, 0, 0, 0]
[57, 5307, <Quantity 3372.6883057052214 kpc>, <Quantity 3128.1387264138134 kpc>, <Quantity 3150.833874784103 kpc>, <Quantity 7338632277.75431 solMass>, <Quantity 5975510234.015244 solMass>, <Quantity 10.144418728594738 kpc>, <Quantity 11.87855744568783 kpc>, -1, 0, 0, 0, 0, 0]
[58, 5306, <Quantity 3552.10970087014 kpc>, <Quantity 3929.1214058234673 kpc>, <Quantity 2956.29292175327 kpc>, <Quantity 7232141499.664782 solMass>, <Quantity 5680629093.082605 solMass>, <Quantity 10.095110951967849 kpc>, <Quantity 15.501975687581968 kpc>, -1, 0, 0, 0, 0, 0]
[60, 5305, <Quantity 3779.424919738336 kpc>, <Quantity 3810.407181147046 kpc>, <Quantity 3478.6666064789983 kpc>, <Quantity 5592758653.092408 solMass>, <Quantity 5057832849.470107 solMass>, <Quantity 9.266110701930709 kpc>, <Quantity 13.384497165357885 kpc>, -1, 0, 0, 0, 0, 0]
[61, 5304, <Quantity 3478.136854128249 kpc>, <Quantity 3376.3216497841972 kpc>, <Quantity 3379.324946633094 kpc>, <Quantity 6784526110.169818 solMass>, <Quantity 4948729858.085576 solMass>, <Quantity 9.882389439586538 kpc>, <Quantity 14.894425506419484 kpc>, -1, 0, 0, 0, 0, 0]
[64, 5303, <Quantity 3244.2342170007764 kpc>, <Quantity 3826.558514485322 kpc>, <Quantity 3650.531497671807 kpc>, <Quantity 5565923055.374778 solMass>, <Quantity 4748707707.019379 solMass>, <Quantity 9.25126648318791 kpc>, <Quantity 14.54818308796904 kpc>, -1, 0, 0, 0, 0, 0]
[65, 5302, <Quantity 3712.741736245604 kpc>, <Quantity 3481.3677816241534 kpc>, <Quantity 3496.77842443875 kpc>, <Quantity 5984751018.46421 solMass>, <Quantity 4729008555.731598 solMass>, <Quantity 9.477726106751486 kpc>, <Quantity 9.208324442476327 kpc>, -1, 0, 0, 0, 0, 0]
[69, 5301, <Quantity 3843.983005182217 kpc>, <Quantity 3320.7268527236984 kpc>, <Quantity 3510.8008408001333 kpc>, <Quantity 6329854850.544777 solMass>, <Quantity 4183493598.055336 solMass>, <Quantity 9.656506608567952 kpc>, <Quantity 9.472884248759447 kpc>, 1783, 0, 0, 0, 0, 0]
[71, 5300, <Quantity 3401.8397861970884 kpc>, <Quantity 3261.3768273288315 kpc>, <Quantity 3232.8705827595313 kpc>, <Quantity 4786162727.415099 solMass>, <Quantity 3921646418.265278 solMass>, <Quantity 8.797338003670891 kpc>, <Quantity 12.235864479459815 kpc>, -1, 0, 0, 0, 0, 0]
[74, 5299, <Quantity 3887.3380504087727 kpc>, <Quantity 3880.682819392306 kpc>, <Quantity 3861.3964185412465 kpc>, <Quantity 5866642750.69009 solMass>, <Quantity 3824969045.092518 solMass>, <Quantity 9.41496418932767 kpc>, <Quantity 10.809097670637241 kpc>, -1, 0, 0, 0, 0, 0]
[75, 5298, <Quantity 3793.8214184478975 kpc>, <Quantity 3458.837170448463 kpc>, <Quantity 4099.119577310924 kpc>, <Quantity 4323842651.930508 solMass>, <Quantity 3708289456.940517 solMass>, <Quantity 8.504434070321414 kpc>, <Quantity 10.564318592632779 kpc>, -1, 0, 0, 0, 0, 0]
[80, 5297, <Quantity 3534.0334801094577 kpc>, <Quantity 3690.1733863206236 kpc>, <Quantity 3643.313658582484 kpc>, <Quantity 4739069563.895235 solMass>, <Quantity 3489477346.2320642 solMass>, <Quantity 8.768389220393525 kpc>, <Quantity 9.652949950045654 kpc>, -1, 0, 0, 0, 0, 0]
[83, 5295, <Quantity 3767.845878755225 kpc>, <Quantity 3307.0843906261384 kpc>, <Quantity 3519.2016867543944 kpc>, <Quantity 3435933013.395559 solMass>, <Quantity 3310063537.936042 solMass>, <Quantity 7.877172468920148 kpc>, <Quantity 13.287028252513773 kpc>, -1, 0, 0, 0, 0, 0]
[84, 5294, <Quantity 3557.94870487596 kpc>, <Quantity 3852.0587573747757 kpc>, <Quantity 3564.7876687514904 kpc>, <Quantity 3387393152.272929 solMass>, <Quantity 3257330425.3166413 solMass>, <Quantity 7.839902470098451 kpc>, <Quantity 12.588561390968454 kpc>, -1, 0, 0, 0, 0, 0]
[88, 5291, <Quantity 3525.3690673174574 kpc>, <Quantity 3890.758124940355 kpc>, <Quantity 3533.214146860654 kpc>, <Quantity 3610331441.269347 solMass>, <Quantity 3065490998.544317 solMass>, <Quantity 8.008253571657013 kpc>, <Quantity 11.103009084433904 kpc>, 2024, 0, 0, 0, 0, 0]
[90, 5290, <Quantity 3390.296645189883 kpc>, <Quantity 3369.6528392758737 kpc>, <Quantity 3356.1123100808304 kpc>, <Quantity 3510203446.2638073 solMass>, <Quantity 2994270990.154565 solMass>, <Quantity 7.933525482220934 kpc>, <Quantity 9.34474140858621 kpc>, -1, 0, 0, 0, 0, 0]
[94, 5287, <Quantity 3842.7484855484627 kpc>, <Quantity 3878.380564911476 kpc>, <Quantity 3305.0590074862976 kpc>, <Quantity 7.353302171057659e+44 solMass>, <Quantity 2664840568.398649 solMass>, <Quantity 80.55111764543346 kpc>, <Quantity 10.601850069284465 kpc>, -1, 0, 0, 0, 0, 0]
[95, 5286, <Quantity 3608.4541991074107 kpc>, <Quantity 3691.307540503224 kpc>, <Quantity 3629.8884157313773 kpc>, <Quantity 2953410023.3749766 solMass>, <Quantity 2651202694.3794155 solMass>, <Quantity 7.48968190421431 kpc>, <Quantity 13.065865878432978 kpc>, -1, 0, 0, 0, 0, 0]
[96, 5285, <Quantity 3786.036332324495 kpc>, <Quantity 3653.9914734731096 kpc>, <Quantity 4214.20682879917 kpc>, <Quantity 3172270163.928406 solMass>, <Quantity 2512096380.1933036 solMass>, <Quantity 7.67029699909719 kpc>, <Quantity 9.209520971358165 kpc>, -1, 0, 0, 0, 0, 0]
[98, 5284, <Quantity 3652.5991071850226 kpc>, <Quantity 3755.457580486457 kpc>, <Quantity 3375.220560458407 kpc>, <Quantity 2783917933.931913 solMass>, <Quantity 2463909225.648286 solMass>, <Quantity 7.343576124201226 kpc>, <Quantity 9.274685458536865 kpc>, -1, 0, 0, 0, 0, 0]
[103, 5282, <Quantity 3315.717448523108 kpc>, <Quantity 3847.6302287387975 kpc>, <Quantity 3445.2613805883443 kpc>, <Quantity 2941340978.914581 solMass>, <Quantity 2278434140.0683227 solMass>, <Quantity 7.479465836058317 kpc>, <Quantity 10.247247399486637 kpc>, -1, 0, 0, 0, 0, 0]
[105, 5281, <Quantity 3396.550746968428 kpc>, <Quantity 3098.321086654638 kpc>, <Quantity 3138.1472512466817 kpc>, <Quantity 2715126818.0304933 solMass>, <Quantity 2267523840.891833 solMass>, <Quantity 7.2825839232278025 kpc>, <Quantity 8.5600446857675 kpc>, -1, 0, 0, 0, 0, 0]
[106, 5280, <Quantity 3613.8832778244328 kpc>, <Quantity 3322.6770272890217 kpc>, <Quantity 3464.8259497525323 kpc>, <Quantity 2836403123.7976513 solMass>, <Quantity 2258128861.098594 solMass>, <Quantity 7.389438572696391 kpc>, <Quantity 9.976667634594119 kpc>, -1, 0, 0, 0, 0, 0]
[107, 5279, <Quantity 3710.769864785329 kpc>, <Quantity 3381.6843624211947 kpc>, <Quantity 3373.804516186511 kpc>, <Quantity 2985762182.1093283 solMass>, <Quantity 2256613541.8105435 solMass>, <Quantity 7.516930402551752 kpc>, <Quantity 10.369965620111621 kpc>, -1, 0, 0, 0, 0, 0]
[109, 5278, <Quantity 3564.180526927727 kpc>, <Quantity 3866.389240052972 kpc>, <Quantity 3097.5697083518544 kpc>, <Quantity 2543450947.0501943 solMass>, <Quantity 2206304940.112794 solMass>, <Quantity 7.125739042888547 kpc>, <Quantity 13.394710644035515 kpc>, -1, 0, 0, 0, 0, 0]
[112, 5277, <Quantity 3877.966981583862 kpc>, <Quantity 3840.46515169431 kpc>, <Quantity 4237.578177701352 kpc>, <Quantity 2541429893.6516657 solMass>, <Quantity 2117810291.341404 solMass>, <Quantity 7.123851146532649 kpc>, <Quantity 8.422904459893841 kpc>, 1931, 0, 0, 0, 0, 0]
[113, 5276, <Quantity 3624.2830576452475 kpc>, <Quantity 3916.45659263575 kpc>, <Quantity 2972.333683247751 kpc>, <Quantity 2514350167.2919703 solMass>, <Quantity 2098414203.9513958 solMass>, <Quantity 7.098458459249174 kpc>, <Quantity 9.712358438837706 kpc>, 2412, 0, 0, 0, 0, 0]
[114, 5275, <Quantity 3896.443445580054 kpc>, <Quantity 3083.9655486954407 kpc>, <Quantity 3313.3289773815245 kpc>, <Quantity 2419973584.002557 solMass>, <Quantity 2077502797.3594985 solMass>, <Quantity 7.008509505495242 kpc>, <Quantity 9.178784720262568 kpc>, -1, 0, 0, 0, 0, 0]
[115, 5274, <Quantity 3399.961830036723 kpc>, <Quantity 3962.9280841575833 kpc>, <Quantity 3535.657906106971 kpc>, <Quantity 2382687619.3638296 solMass>, <Quantity 2061743476.3259592 solMass>, <Quantity 6.972328291817944 kpc>, <Quantity 10.393785117292127 kpc>, -1, 0, 0, 0, 0, 0]
[116, 5273, <Quantity 3887.489097256363 kpc>, <Quantity 3786.2999199716496 kpc>, <Quantity 4031.3902662770297 kpc>, <Quantity 2369451076.3276477 solMass>, <Quantity 2042347388.881496 solMass>, <Quantity 6.9593931857089695 kpc>, <Quantity 7.584839777929219 kpc>, -1, 0, 0, 0, 0, 0]
[118, 5272, <Quantity 3645.7717086577777 kpc>, <Quantity 3605.4966009577643 kpc>, <Quantity 3595.725059179254 kpc>, <Quantity 2354001648.020365 solMass>, <Quantity 2032952409.1044395 solMass>, <Quantity 6.944234515924381 kpc>, <Quantity 7.978637658358049 kpc>, -1, 0, 0, 0, 0, 0]
[119, 5271, <Quantity 3355.927017146473 kpc>, <Quantity 3767.0827100908473 kpc>, <Quantity 3260.6993694598577 kpc>, <Quantity 2215235034.9835067 solMass>, <Quantity 2019011471.2733192 solMass>, <Quantity 6.805009388536119 kpc>, <Quantity 9.371500318785259 kpc>, -1, 0, 0, 0, 0, 0]
[120, 5270, <Quantity 3608.3255255181452 kpc>, <Quantity 3921.484242225113 kpc>, <Quantity 3014.709580292134 kpc>, <Quantity 2430089368.5766444 solMass>, <Quantity 1999918447.7180545 solMass>, <Quantity 7.0182614047368865 kpc>, <Quantity 9.164154725494742 kpc>, -1, 0, 0, 0, 0, 0]
[121, 5269, <Quantity 3482.8493226402647 kpc>, <Quantity 3734.6342981882863 kpc>, <Quantity 3711.7189079048776 kpc>, <Quantity 2055071111.9312234 solMass>, <Quantity 1999312320.0544317 solMass>, <Quantity 6.636886791443569 kpc>, <Quantity 8.734057640665288 kpc>, -1, 0, 0, 0, 0, 0]
[123, 5268, <Quantity 3863.403063685379 kpc>, <Quantity 3481.9498778250463 kpc>, <Quantity 3571.261640901742 kpc>, <Quantity 2221326771.0367684 solMass>, <Quantity 1989614276.3987694 solMass>, <Quantity 6.811241440595672 kpc>, <Quantity 7.3838433157174945 kpc>, -1, 0, 0, 0, 0, 0]
[124, 5267, <Quantity 3480.9574750106353 kpc>, <Quantity 3367.7163371645397 kpc>, <Quantity 3391.4503283988065 kpc>, <Quantity 2709658670.482053 solMass>, <Quantity 1971430444.4175293 solMass>, <Quantity 7.2776917015537865 kpc>, <Quantity 11.09596349481558 kpc>, -1, 0, 0, 0, 0, 0]
[125, 5265, <Quantity 3780.666852792467 kpc>, <Quantity 3129.3478830440495 kpc>, <Quantity 3752.442581944388 kpc>, <Quantity 2047953986.1333363 solMass>, <Quantity 1960520145.2417371 solMass>, <Quantity 6.629216303897245 kpc>, <Quantity 9.245051448904995 kpc>, -1, 0, 0, 0, 0, 0]
[129, 5264, <Quantity 3611.436730241477 kpc>, <Quantity 3763.8699365924736 kpc>, <Quantity 3364.0666932626614 kpc>, <Quantity 2195611926.3136883 solMass>, <Quantity 1870207113.3376193 solMass>, <Quantity 6.784856269279631 kpc>, <Quantity 11.30263177854248 kpc>, -1, 0, 0, 0, 0, 0]
[134, 5262, <Quantity 3398.0759202308595 kpc>, <Quantity 3287.1498659412764 kpc>, <Quantity 3279.3915745067475 kpc>, <Quantity 1958168156.7099066 solMass>, <Quantity 1664426748.7484279 solMass>, <Quantity 6.530886249102726 kpc>, <Quantity 7.0764190887994545 kpc>, -1, 0, 0, 0, 0, 0]
[136, 5259, <Quantity 3686.0876822952473 kpc>, <Quantity 3366.094970396596 kpc>, <Quantity 3372.9757808409204 kpc>, <Quantity 2052158695.6402082 solMass>, <Quantity 1596540442.948041 solMass>, <Quantity 6.633750076709157 kpc>, <Quantity 8.372656591202437 kpc>, -1, 0, 0, 0, 0, 0]
[138, 5258, <Quantity 3453.8799949019635 kpc>, <Quantity 3188.0821757315366 kpc>, <Quantity 3188.1451929466784 kpc>, <Quantity 1853327820.72445 solMass>, <Quantity 1570780014.3503306 solMass>, <Quantity 6.412187403514584 kpc>, <Quantity 8.283378468369776 kpc>, -1, 0, 0, 0, 0, 0]
[139, 5256, <Quantity 3737.4133095416482 kpc>, <Quantity 3758.5676406901866 kpc>, <Quantity 3391.562482706908 kpc>, <Quantity 1843043552.8971949 solMass>, <Quantity 1567446311.8070824 solMass>, <Quantity 6.400304812869659 kpc>, <Quantity 9.150174964670834 kpc>, -1, 0, 0, 0, 0, 0]
[142, 5254, <Quantity 3296.7319749952285 kpc>, <Quantity 3773.8161459217818 kpc>, <Quantity 3777.735787912471 kpc>, <Quantity 1.9040306034862026e+46 solMass>, <Quantity 1561385034.5667436 solMass>, <Quantity 80.55111764543346 kpc>, <Quantity 11.825107661188865 kpc>, -1, 0, 0, 0, 0, 0]
[143, 5253, <Quantity 3367.3235645773566 kpc>, <Quantity 3825.888542785769 kpc>, <Quantity 3463.321812942923 kpc>, <Quantity 2003728156.3294141 solMass>, <Quantity 1553808437.9060998 solMass>, <Quantity 6.5811490259328265 kpc>, <Quantity 6.9108326565062885 kpc>, -1, 0, 0, 0, 0, 0]
[147, 5252, <Quantity 3519.5472079249607 kpc>, <Quantity 3337.251190938853 kpc>, <Quantity 3380.924565917189 kpc>, <Quantity 1621621472.317137 solMass>, <Quantity 1497135495.0738132 solMass>, <Quantity 6.132985723150537 kpc>, <Quantity 8.89236696335182 kpc>, -1, 0, 0, 0, 0, 0]
[154, 5251, <Quantity 3601.0390197253478 kpc>, <Quantity 3908.4840733511305 kpc>, <Quantity 4095.737248591194 kpc>, <Quantity 1591173122.5095742 solMass>, <Quantity 1410459229.5589309 solMass>, <Quantity 6.094357635230397 kpc>, <Quantity 7.321793663618663 kpc>, -1, 0, 0, 0, 0, 0]
[157, 5250, <Quantity 3480.6508469599494 kpc>, <Quantity 3505.759730903845 kpc>, <Quantity 3487.349736027881 kpc>, <Quantity 1564852889.2677755 solMass>, <Quantity 1397730547.2118938 solMass>, <Quantity 6.060567561045031 kpc>, <Quantity 7.792665561851955 kpc>, -1, 0, 0, 0, 0, 0]
[159, 5249, <Quantity 3691.739133044999 kpc>, <Quantity 3372.9055474267557 kpc>, <Quantity 3376.538793761379 kpc>, <Quantity 1902241211.9662337 solMass>, <Quantity 1368333352.316633 solMass>, <Quantity 6.468108857150453 kpc>, <Quantity 12.878410991452085 kpc>, -1, 0, 0, 0, 0, 0]
[160, 5248, <Quantity 3250.0586959113766 kpc>, <Quantity 3129.1152061232974 kpc>, <Quantity 3436.0689556562556 kpc>, <Quantity 1734977888.094183 solMass>, <Quantity 1361059819.4895964 solMass>, <Quantity 6.272684434541677 kpc>, <Quantity 8.04140396995997 kpc>, -1, 0, 0, 0, 0, 0]
[162, 5247, <Quantity 3586.910841836404 kpc>, <Quantity 3679.4327427587605 kpc>, <Quantity 3620.8951238761783 kpc>, <Quantity 1690542464.333669 solMass>, <Quantity 1346815817.8378737 solMass>, <Quantity 6.218669644452681 kpc>, <Quantity 16.384608809234702 kpc>, -1, 0, 0, 0, 0, 0]
[163, 5246, <Quantity 3752.7802870706137 kpc>, <Quantity 3285.3225683423866 kpc>, <Quantity 3524.0194340238195 kpc>, <Quantity 1480874433.8715093 solMass>, <Quantity 1343179051.4833968 solMass>, <Quantity 5.95015396245131 kpc>, <Quantity 5.855324512851835 kpc>, -1, 0, 0, 0, 0, 0]
[165, 5245, <Quantity 3631.252508441776 kpc>, <Quantity 3924.521689127309 kpc>, <Quantity 2900.7927076087917 kpc>, <Quantity 1391288119.617258 solMass>, <Quantity 1330753432.9267294 solMass>, <Quantity 5.827663727446346 kpc>, <Quantity 8.64501329680304 kpc>, -1, 0, 0, 0, 0, 0]
[166, 5244, <Quantity 3581.1774341691485 kpc>, <Quantity 3292.989111985708 kpc>, <Quantity 3353.6105329248703 kpc>, <Quantity 1609168631.1941216 solMass>, <Quantity 1329541177.498619 solMass>, <Quantity 6.117246449721445 kpc>, <Quantity 8.064561715153095 kpc>, -1, 0, 0, 0, 0, 0]
[169, 5243, <Quantity 3581.2178168392416 kpc>, <Quantity 3496.3909694600684 kpc>, <Quantity 3540.2720832061973 kpc>, <Quantity 1419459613.4956527 solMass>, <Quantity 1296810280.0288506 solMass>, <Quantity 5.8667350019498485 kpc>, <Quantity 6.747755927056163 kpc>, -1, 0, 0, 0, 0, 0]
[171, 5241, <Quantity 3562.9711882200977 kpc>, <Quantity 3482.465565236689 kpc>, <Quantity 3482.3077699765836 kpc>, <Quantity 1667964437.0347667 solMass>, <Quantity 1270443723.7430074 solMass>, <Quantity 6.190861009835615 kpc>, <Quantity 7.158236452634962 kpc>, -1, 0, 0, 0, 0, 0]
[174, 5240, <Quantity 3891.124729501226 kpc>, <Quantity 3881.7240905123413 kpc>, <Quantity 3853.6701556737667 kpc>, <Quantity 1351779314.5328324 solMass>, <Quantity 1254381338.8635707 solMass>, <Quantity 5.771969892291965 kpc>, <Quantity 9.903770285611563 kpc>, 74, 0, 0, 0, 0, 0]
[175, 5239, <Quantity 3457.9084184909134 kpc>, <Quantity 4030.85691456229 kpc>, <Quantity 3910.610980739119 kpc>, <Quantity 1298862707.5460494 solMass>, <Quantity 1240440401.1015232 solMass>, <Quantity 5.695648867021487 kpc>, <Quantity 8.41185268696261 kpc>, -1, 0, 0, 0, 0, 0]
[176, 5238, <Quantity 3722.91381911836 kpc>, <Quantity 3391.1074475164255 kpc>, <Quantity 4135.300439204218 kpc>, <Quantity 1218509672.9978478 solMass>, <Quantity 1240440401.0721745 solMass>, <Quantity 5.575687847380271 kpc>, <Quantity 7.528150669656966 kpc>, -1, 0, 0, 0, 0, 0]
[180, 5236, <Quantity 3471.9950946583795 kpc>, <Quantity 3899.973656634545 kpc>, <Quantity 2955.1532213150726 kpc>, <Quantity 1328709853.8319745 solMass>, <Quantity 1233166868.3110154 solMass>, <Quantity 5.7389465092293594 kpc>, <Quantity 5.768185307230076 kpc>, -1, 0, 0, 0, 0, 0]
[181, 5235, <Quantity 3297.95276989685 kpc>, <Quantity 3636.084055175313 kpc>, <Quantity 2955.7287698831938 kpc>, <Quantity 1304708677.0275822 solMass>, <Quantity 1212255461.6148374 solMass>, <Quantity 5.704181141608292 kpc>, <Quantity 7.799541325254672 kpc>, -1, 0, 0, 0, 0, 0]
[182, 5234, <Quantity 3532.556774734279 kpc>, <Quantity 3716.1895344974046 kpc>, <Quantity 3909.45440790327 kpc>, <Quantity 1282393464.2595773 solMass>, <Quantity 1211649333.8575482 solMass>, <Quantity 5.671473278891959 kpc>, <Quantity 9.753412398906635 kpc>, -1, 0, 0, 0, 0, 0]
[183, 5233, <Quantity 3815.653457552378 kpc>, <Quantity 3555.7116596047144 kpc>, <Quantity 3573.4221936372255 kpc>, <Quantity 1400578833.8606014 solMass>, <Quantity 1209830950.651823 solMass>, <Quantity 5.840606909161048 kpc>, <Quantity 15.041418256893571 kpc>, 2695, 0, 0, 0, 0, 0]
[185, 5232, <Quantity 3470.722307272554 kpc>, <Quantity 3260.75849078906 kpc>, <Quantity 3204.4286499986138 kpc>, <Quantity 1555704929.0129683 solMass>, <Quantity 1201648226.315808 solMass>, <Quantity 6.04873466620076 kpc>, <Quantity 8.06772797418369 kpc>, -1, 0, 0, 0, 0, 0]
[190, 5231, <Quantity 3442.152109446451 kpc>, <Quantity 3807.2341802532533 kpc>, <Quantity 2873.015246380203 kpc>, <Quantity 1139737647.6361213 solMass>, <Quantity 1145884475.0646741 solMass>, <Quantity 5.452852576925666 kpc>, <Quantity 6.114265693634025 kpc>, -1, 0, 0, 0, 0, 0]
[191, 5229, <Quantity 3308.872542616207 kpc>, <Quantity 3379.181823298308 kpc>, <Quantity 3318.794749640684 kpc>, <Quantity 1271360580.5931478 solMass>, <Quantity 1142550772.5529673 solMass>, <Quantity 5.655161849181702 kpc>, <Quantity 8.271360537600499 kpc>, -1, 0, 0, 0, 0, 0]
[194, 5227, <Quantity 3349.1843555992396 kpc>, <Quantity 3359.460299001289 kpc>, <Quantity 3334.5079650590337 kpc>, <Quantity 1175186562.7329667 solMass>, <Quantity 1120730174.249933 solMass>, <Quantity 5.508809199291581 kpc>, <Quantity 8.423916718381522 kpc>, -1, 0, 0, 0, 0, 0]
[196, 5226, <Quantity 3805.3051150870656 kpc>, <Quantity 3264.5199366929874 kpc>, <Quantity 4185.792494367387 kpc>, <Quantity 1444467776.4040298 solMass>, <Quantity 1106183108.6772764 solMass>, <Quantity 5.900988173346403 kpc>, <Quantity 7.227454195683412 kpc>, -1, 0, 0, 0, 0, 0]
[198, 5225, <Quantity 3610.615391524343 kpc>, <Quantity 3309.6965988786424 kpc>, <Quantity 3460.633355529212 kpc>, <Quantity 1028556852.724778 solMass>, <Quantity 1084665574.3094637 solMass>, <Quantity 5.269445198405742 kpc>, <Quantity 5.196992318108738 kpc>, -1, 0, 0, 0, 0, 0]
[200, 5223, <Quantity 3426.8512762056753 kpc>, <Quantity 3670.6787850535006 kpc>, <Quantity 4211.107495723918 kpc>, <Quantity 1149094484.0146084 solMass>, <Quantity 1072239955.7826384 solMass>, <Quantity 5.467733913936148 kpc>, <Quantity 5.972182149730336 kpc>, -1, 0, 0, 0, 0, 0]
[202, 5222, <Quantity 3251.819743989445 kpc>, <Quantity 3535.0503515477567 kpc>, <Quantity 3316.4338911970967 kpc>, <Quantity 1057455162.0963295 solMass>, <Quantity 1068300125.5412008 solMass>, <Quantity 5.318340170480169 kpc>, <Quantity 6.812478424161768 kpc>, -1, 0, 0, 0, 0, 0]
[203, 5221, <Quantity 3811.5576955490997 kpc>, <Quantity 3795.525925525614 kpc>, <Quantity 3509.5245418705076 kpc>, <Quantity 1170628149.9941893 solMass>, <Quantity 1064663359.1015339 solMass>, <Quantity 5.501677292159942 kpc>, <Quantity 5.911356290661447 kpc>, -1, 0, 0, 0, 0, 0]
[206, 5218, <Quantity 3647.9159114463187 kpc>, <Quantity 3319.9030369670404 kpc>, <Quantity 3483.24184964666 kpc>, <Quantity 1206118240.729603 solMass>, <Quantity 1046176463.3665547 solMass>, <Quantity 5.556723070330377 kpc>, <Quantity 7.838828428775296 kpc>, -1, 0, 0, 0, 0, 0]
[207, 5217, <Quantity 3348.4116982422247 kpc>, <Quantity 3855.280955144627 kpc>, <Quantity 3523.613508380627 kpc>, <Quantity 998250814.4308511 solMass>, <Quantity 1037690675.136496 solMass>, <Quantity 5.217174336783271 kpc>, <Quantity 8.556773441815523 kpc>, -1, 0, 0, 0, 0, 0]
[211, 5214, <Quantity 3507.5824882260235 kpc>, <Quantity 3659.9702169364023 kpc>, <Quantity 3712.5172402827866 kpc>, <Quantity 1084978131.9434469 solMass>, <Quantity 999807691.963524 solMass>, <Quantity 5.36408667299125 kpc>, <Quantity 6.176418048637917 kpc>, -1, 0, 0, 0, 0, 0]
[214, 5212, <Quantity 3590.7280460409365 kpc>, <Quantity 3222.324066906443 kpc>, <Quantity 3303.804628800878 kpc>, <Quantity 1212008382.275452 solMass>, <Quantity 969501305.4118615 solMass>, <Quantity 5.56575390136749 kpc>, <Quantity 8.163250166256299 kpc>, -1, 0, 0, 0, 0, 0]
[216, 5211, <Quantity 3800.0699363030662 kpc>, <Quantity 3277.187884834078 kpc>, <Quantity 4188.061069395558 kpc>, <Quantity 1119830095.069445 solMass>, <Quantity 956166495.3141826 solMass>, <Quantity 5.420917982569733 kpc>, <Quantity 5.636899008540525 kpc>, -1, 0, 0, 0, 0, 0]
[217, 5210, <Quantity 3707.6992148904837 kpc>, <Quantity 3307.9904829700663 kpc>, <Quantity 3505.906845587194 kpc>, <Quantity 1079792348.2061734 solMass>, <Quantity 934648960.9069724 solMass>, <Quantity 5.355526921448966 kpc>, <Quantity 6.248843586127398 kpc>, -1, 0, 0, 0, 0, 0]
[219, 5209, <Quantity 3779.589382904732 kpc>, <Quantity 3303.589716348322 kpc>, <Quantity 4194.243516990322 kpc>, <Quantity 891310380.4523132 solMass>, <Quantity 917374320.5448196 solMass>, <Quantity 5.023793500766485 kpc>, <Quantity 6.587210522095149 kpc>, -1, 0, 0, 0, 0, 0]
[222, 5207, <Quantity 3304.681514210445 kpc>, <Quantity 3762.7624148685773 kpc>, <Quantity 3768.764665207241 kpc>, <Quantity 1057904661.3456708 solMass>, <Quantity 906767085.2691996 solMass>, <Quantity 5.319093630722022 kpc>, <Quantity 7.643108877334939 kpc>, -1, 0, 0, 0, 0, 0]
[223, 5206, <Quantity 3857.327151035847 kpc>, <Quantity 3863.3637269631104 kpc>, <Quantity 3801.5268063568683 kpc>, <Quantity 987899952.8153602 solMass>, <Quantity 904039510.4405926 solMass>, <Quantity 5.199079357962284 kpc>, <Quantity 5.9287594860405015 kpc>, -1, 0, 0, 0, 0, 0]
[227, 5204, <Quantity 3741.4891833657703 kpc>, <Quantity 3659.6951197949834 kpc>, <Quantity 3443.219280649562 kpc>, <Quantity 864880336.2960025 solMass>, <Quantity 878279081.8985201 solMass>, <Quantity 4.973637543716562 kpc>, <Quantity 7.404787399083715 kpc>, -1, 0, 0, 0, 0, 0]
[229, 5203, <Quantity 3735.7423505191687 kpc>, <Quantity 3597.788299288397 kpc>, <Quantity 3600.202339553031 kpc>, <Quantity 890416958.0520926 solMass>, <Quantity 876763762.5856019 solMass>, <Quantity 5.022114373700613 kpc>, <Quantity 8.640603042271236 kpc>, -1, 0, 0, 0, 0, 0]
[233, 5202, <Quantity 3485.7543370322214 kpc>, <Quantity 3709.651560914216 kpc>, <Quantity 3648.5998315915494 kpc>, <Quantity 1058798976.2176123 solMass>, <Quantity 867671846.6427357 solMass>, <Quantity 5.320592065912428 kpc>, <Quantity 8.350307719107803 kpc>, -1, 0, 0, 0, 0, 0]
[234, 5201, <Quantity 3356.0826226536037 kpc>, <Quantity 3789.915058221887 kpc>, <Quantity 3179.6137496618608 kpc>, <Quantity 919760179.0757656 solMass>, <Quantity 857973802.9446563 solMass>, <Quantity 5.076686273197865 kpc>, <Quantity 6.210426441977436 kpc>, -1, 0, 0, 0, 0, 0]
[236, 5199, <Quantity 3293.8676800945195 kpc>, <Quantity 3766.192450941661 kpc>, <Quantity 3337.683295198715 kpc>, <Quantity 830601910.8782966 solMass>, <Quantity 844032865.1475964 solMass>, <Quantity 4.907041906423476 kpc>, <Quantity 8.564331676435646 kpc>, -1, 0, 0, 0, 0, 0]
[237, 5198, <Quantity 3785.6513976519514 kpc>, <Quantity 3258.3795322285655 kpc>, <Quantity 3634.1429956531347 kpc>, <Quantity 842807370.116926 solMass>, <Quantity 839183843.282855 solMass>, <Quantity 4.930960987362076 kpc>, <Quantity 5.8180975931835315 kpc>, -1, 0, 0, 0, 0, 0]
[238, 5197, <Quantity 3481.4576423051803 kpc>, <Quantity 3836.793928119451 kpc>, <Quantity 3322.0752937251978 kpc>, <Quantity 873549463.7703283 solMass>, <Quantity 827667416.4011278 solMass>, <Quantity 4.9902000790461125 kpc>, <Quantity 7.032956920972539 kpc>, -1, 0, 0, 0, 0, 0]
[239, 5196, <Quantity 3351.058517622727 kpc>, <Quantity 3128.66111366993 kpc>, <Quantity 3149.7220500288195 kpc>, <Quantity 857154172.790162 solMass>, <Quantity 825242905.4846495 solMass>, <Quantity 4.958783028575826 kpc>, <Quantity 6.67761172100075 kpc>, -1, 0, 0, 0, 0, 0]
[240, 5195, <Quantity 3279.168384886278 kpc>, <Quantity 3346.1275109467024 kpc>, <Quantity 3352.5147929404775 kpc>, <Quantity 793243407.3389989 solMass>, <Quantity 821909202.9562117 solMass>, <Quantity 4.832341469202031 kpc>, <Quantity 11.842204004164135 kpc>, -1, 0, 0, 0, 0, 0]
[241, 5194, <Quantity 3431.16622579207 kpc>, <Quantity 3263.3797223248494 kpc>, <Quantity 3252.3300748060246 kpc>, <Quantity 910200863.3343694 solMass>, <Quantity 819181628.1645684 solMass>, <Quantity 5.059037197238107 kpc>, <Quantity 6.64375021648035 kpc>, -1, 0, 0, 0, 0, 0]
[242, 5193, <Quantity 3380.809434354109 kpc>, <Quantity 3363.789904474259 kpc>, <Quantity 3509.5622101479703 kpc>, <Quantity 841260321.4821993 solMass>, <Quantity 818878564.3032368 solMass>, <Quantity 4.927942065498538 kpc>, <Quantity 7.265773665962429 kpc>, -1, 0, 0, 0, 0, 0]
[243, 5192, <Quantity 3277.8828888506696 kpc>, <Quantity 3687.747936450358 kpc>, <Quantity 3641.6275605599258 kpc>, <Quantity 1042246879.8885522 solMass>, <Quantity 817363244.9851966 solMass>, <Quantity 5.292720897432791 kpc>, <Quantity 6.634780532484134 kpc>, -1, 0, 0, 0, 0, 0]
[245, 5190, <Quantity 3728.9260142501957 kpc>, <Quantity 3279.4260636556655 kpc>, <Quantity 3426.4178061089992 kpc>, <Quantity 956221956.5440341 solMass>, <Quantity 811605031.553989 solMass>, <Quantity 5.14290334277631 kpc>, <Quantity 6.754077460398859 kpc>, -1, 0, 0, 0, 0, 0]
[246, 5189, <Quantity 3795.954191210644 kpc>, <Quantity 3437.989751962182 kpc>, <Quantity 2994.279911171518 kpc>, <Quantity 887830993.7953817 solMass>, <Quantity 801300860.1148382 solMass>, <Quantity 5.017247889209067 kpc>, <Quantity 7.562083363355937 kpc>, -1, 0, 0, 0, 0, 0]
[247, 5188, <Quantity 3752.6974263637558 kpc>, <Quantity 3244.248637554825 kpc>, <Quantity 3467.5667200376956 kpc>, <Quantity 970033776.3552871 solMass>, <Quantity 799785540.7801114 solMass>, <Quantity 5.167546704020999 kpc>, <Quantity 5.47275700867508 kpc>, -1, 0, 0, 0, 0, 0]
[250, 5187, <Quantity 3643.6965088006773 kpc>, <Quantity 3746.024224150951 kpc>, <Quantity 3386.201380738326 kpc>, <Quantity 678898983.7720661 solMass>, <Quantity 791905880.2644513 solMass>, <Quantity 4.588004597857667 kpc>, <Quantity 9.685083269686121 kpc>, -1, 0, 0, 0, 0, 0]
[252, 5186, <Quantity 3420.5380320292707 kpc>, <Quantity 3248.9588299882944 kpc>, <Quantity 3228.98879443793 kpc>, <Quantity 869437720.4503146 solMass>, <Quantity 786450730.7178103 solMass>, <Quantity 4.982358241377872 kpc>, <Quantity 6.765901957252951 kpc>, -1, 0, 0, 0, 0, 0]
[262, 5180, <Quantity 3393.5438454990767 kpc>, <Quantity 3980.749422346631 kpc>, <Quantity 3545.8569292949205 kpc>, <Quantity 772181535.836181 solMass>, <Quantity 756144344.1536213 solMass>, <Quantity 4.789188479848554 kpc>, <Quantity 9.185319657069126 kpc>, -1, 0, 0, 0, 0, 0]
[263, 5179, <Quantity 3695.0725455485467 kpc>, <Quantity 3286.2298845949817 kpc>, <Quantity 3412.562285552905 kpc>, <Quantity 941195631.3057737 solMass>, <Quantity 739475831.5876027 solMass>, <Quantity 5.115822007027324 kpc>, <Quantity 6.958695436914145 kpc>, -1, 0, 0, 0, 0, 0]
[266, 5178, <Quantity 3884.6504131074103 kpc>, <Quantity 3350.5598796137515 kpc>, <Quantity 3522.040839543595 kpc>, <Quantity 780462798.4967598 solMass>, <Quantity 730080851.7641519 solMass>, <Quantity 4.806248193068505 kpc>, <Quantity 5.08260325466318 kpc>, -1, 0, 0, 0, 0, 0]
[267, 5175, <Quantity 3840.233254381305 kpc>, <Quantity 3513.992393815405 kpc>, <Quantity 4185.965692084101 kpc>, <Quantity 708575076.3932395 solMass>, <Quantity 724019574.4282039 solMass>, <Quantity 4.653903948573075 kpc>, <Quantity 6.611745435816714 kpc>, 2746, 0, 0, 0, 0, 0]
[268, 5174, <Quantity 3888.619828495086 kpc>, <Quantity 4024.3935119226157 kpc>, <Quantity 3944.3489986109043 kpc>, <Quantity 764564407.6934481 solMass>, <Quantity 717049105.4866773 solMass>, <Quantity 4.773388881204023 kpc>, <Quantity 4.810321857867182 kpc>, -1, 0, 0, 0, 0, 0]
[269, 5173, <Quantity 3549.116781424628 kpc>, <Quantity 3869.4886108665373 kpc>, <Quantity 3549.6108307390055 kpc>, <Quantity 702157992.383347 solMass>, <Quantity 710684764.3716332 solMass>, <Quantity 4.639812238740322 kpc>, <Quantity 6.305490855477925 kpc>, -1, 0, 0, 0, 0, 0]
[270, 5172, <Quantity 3821.8652395278673 kpc>, <Quantity 3426.3346970368043 kpc>, <Quantity 4154.841640266161 kpc>, <Quantity 766482546.3381592 solMass>, <Quantity 709472508.8837005 solMass>, <Quantity 4.7773773725017294 kpc>, <Quantity 5.410837946017435 kpc>, -1, 0, 0, 0, 0, 0]
[271, 5171, <Quantity 3374.5821955997226 kpc>, <Quantity 3767.7500982476904 kpc>, <Quantity 3257.9004807437827 kpc>, <Quantity 698615475.1154324 solMass>, <Quantity 709169445.0421492 solMass>, <Quantity 4.631996175111614 kpc>, <Quantity 5.228315564465073 kpc>, -1, 0, 0, 0, 0, 0]
[272, 5170, <Quantity 3328.5406107543013 kpc>, <Quantity 3697.345854200875 kpc>, <Quantity 2906.953596794027 kpc>, <Quantity 757891796.601153 solMass>, <Quantity 706441870.2439727 solMass>, <Quantity 4.759461963165993 kpc>, <Quantity 5.7661360444537095 kpc>, 561, 0, 0, 0, 0, 0]
[273, 5169, <Quantity 3610.952953225209 kpc>, <Quantity 3457.147947595826 kpc>, <Quantity 3420.878297262705 kpc>, <Quantity 656017384.7615767 solMass>, <Quantity 704926550.9213585 solMass>, <Quantity 4.535869743510107 kpc>, <Quantity 7.550955715395435 kpc>, -1, 0, 0, 0, 0, 0]
[276, 5168, <Quantity 3749.5871954640606 kpc>, <Quantity 3192.9611413708926 kpc>, <Quantity 3336.822373110876 kpc>, <Quantity 665505918.8377093 solMass>, <Quantity 700380592.9662354 solMass>, <Quantity 4.55763385379257 kpc>, <Quantity 7.169763367672733 kpc>, -1, 0, 0, 0, 0, 0]
[278, 5167, <Quantity 3667.247874448914 kpc>, <Quantity 3765.8813830213307 kpc>, <Quantity 3375.4708285398856 kpc>, <Quantity 508633669.1528076 solMass>, <Quantity 676438547.5554404 solMass>, <Quantity 4.1670031293634615 kpc>, <Quantity 8.491936498637353 kpc>, -1, 0, 0, 0, 0, 0]
[279, 5166, <Quantity 3289.7081077240996 kpc>, <Quantity 3704.0250705484245 kpc>, <Quantity 3357.0723288701647 kpc>, <Quantity 617348256.2401116 solMass>, <Quantity 675529355.9830176 solMass>, <Quantity 4.444936218169885 kpc>, <Quantity 5.805166162639561 kpc>, -1, 0, 0, 0, 0, 0]
[280, 5165, <Quantity 3737.574575160254 kpc>, <Quantity 3706.9998364550474 kpc>, <Quantity 3417.9899642107575 kpc>, <Quantity 761624001.6238841 solMass>, <Quantity 674620164.3638778 solMass>, <Quantity 4.767261761350048 kpc>, <Quantity 7.454870649764022 kpc>, -1, 0, 0, 0, 0, 0]
[281, 5163, <Quantity 3381.399631377235 kpc>, <Quantity 3887.5147189443014 kpc>, <Quantity 3562.5691758862167 kpc>, <Quantity 644597897.2773663 solMass>, <Quantity 672498717.3266543 solMass>, <Quantity 4.50939646195695 kpc>, <Quantity 6.86819016068571 kpc>, -1, 0, 0, 0, 0, 0]
[282, 5164, <Quantity 3308.605867532337 kpc>, <Quantity 3658.874033298371 kpc>, <Quantity 2930.7356740678847 kpc>, <Quantity 757784537.9201616 solMass>, <Quantity 672498717.3234628 solMass>, <Quantity 4.759237429048819 kpc>, <Quantity 7.079466902582527 kpc>, -1, 0, 0, 0, 0, 0]
[284, 5161, <Quantity 3558.72542436116 kpc>, <Quantity 3374.805349920256 kpc>, <Quantity 3393.9170278342867 kpc>, <Quantity 741600517.1401576 solMass>, <Quantity 666740503.8699814 solMass>, <Quantity 4.725112280812846 kpc>, <Quantity 14.013936964227561 kpc>, -1, 0, 0, 0, 0, 0]
[285, 5162, <Quantity 3720.1365730477637 kpc>, <Quantity 3760.172809942185 kpc>, <Quantity 3389.029601461285 kpc>, <Quantity 811854240.0975896 solMass>, <Quantity 666740503.8653895 solMass>, <Quantity 4.869841346602968 kpc>, <Quantity 6.990625100258833 kpc>, -1, 0, 0, 0, 0, 0]
[288, 5159, <Quantity 3759.514310073857 kpc>, <Quantity 3699.7446071147137 kpc>, <Quantity 3418.825608240852 kpc>, <Quantity 860142632.4421351 solMass>, <Quantity 663709865.2024436 solMass>, <Quantity 4.964539260267557 kpc>, <Quantity 5.71020797129809 kpc>, -1, 0, 0, 0, 0, 0]
[289, 5158, <Quantity 3429.847238153007 kpc>, <Quantity 3591.0631696584155 kpc>, <Quantity 3604.1816935929614 kpc>, <Quantity 750241435.0308127 solMass>, <Quantity 663103737.4720148 solMass>, <Quantity 4.743393348918566 kpc>, <Quantity 6.385802798563965 kpc>, -1, 0, 0, 0, 0, 0]
[290, 5157, <Quantity 3584.3902715798986 kpc>, <Quantity 3670.2926575492493 kpc>, <Quantity 3635.5345796408405 kpc>, <Quantity 660956415.882821 solMass>, <Quantity 654617949.2772676 solMass>, <Quantity 4.547224530833919 kpc>, <Quantity 6.696838518324929 kpc>, -1, 0, 0, 0, 0, 0]
[291, 5156, <Quantity 3546.9637446587835 kpc>, <Quantity 3955.9741467828235 kpc>, <Quantity 2949.061634402692 kpc>, <Quantity 612132029.0373112 solMass>, <Quantity 654617949.2674701 solMass>, <Quantity 4.432381765941031 kpc>, <Quantity 5.556824993374803 kpc>, -1, 0, 0, 0, 0, 0]
[292, 5155, <Quantity 3735.34787539933 kpc>, <Quantity 3272.3156017955316 kpc>, <Quantity 3356.058311572949 kpc>, <Quantity 636646539.0853858 solMass>, <Quantity 652193438.3693203 solMass>, <Quantity 4.49077799345246 kpc>, <Quantity 5.242066631613721 kpc>, -1, 0, 0, 0, 0, 0]
[293, 5154, <Quantity 3648.527020005816 kpc>, <Quantity 3318.2699469801178 kpc>, <Quantity 3368.246859119763 kpc>, <Quantity 660334021.5103829 solMass>, <Quantity 650678119.0365328 solMass>, <Quantity 4.545796773670594 kpc>, <Quantity 5.344564855001858 kpc>, -1, 0, 0, 0, 0, 0]
[298, 5153, <Quantity 3653.0719927471196 kpc>, <Quantity 3690.8229538444903 kpc>, <Quantity 3834.294765668528 kpc>, <Quantity 688631117.4506396 solMass>, <Quantity 633403478.6578887 solMass>, <Quantity 4.609823944564297 kpc>, <Quantity 5.366767183957344 kpc>, -1, 0, 0, 0, 0, 0]
[299, 5152, <Quantity 3565.177930951207 kpc>, <Quantity 3305.245320727601 kpc>, <Quantity 3359.4477174599688 kpc>, <Quantity 599452985.5952696 solMass>, <Quantity 628251392.9691162 solMass>, <Quantity 4.401565484178654 kpc>, <Quantity 6.079571292253179 kpc>, -1, 0, 0, 0, 0, 0]
[301, 5151, <Quantity 3281.796289012799 kpc>, <Quantity 3877.6536189979583 kpc>, <Quantity 3335.838026486202 kpc>, <Quantity 592366330.344826 solMass>, <Quantity 627645265.2479414 solMass>, <Quantity 4.384151770335363 kpc>, <Quantity 6.044232508406607 kpc>, -1, 0, 0, 0, 0, 0]
[302, 5150, <Quantity 3417.2263728296507 kpc>, <Quantity 3135.7522250081684 kpc>, <Quantity 3151.2411765165175 kpc>, <Quantity 564337973.28742 solMass>, <Quantity 627342201.3792797 solMass>, <Quantity 4.313884862822542 kpc>, <Quantity 4.091092366514838 kpc>, -1, 0, 0, 0, 0, 0]
[303, 5149, <Quantity 3352.5685484186756 kpc>, <Quantity 3559.6614714689936 kpc>, <Quantity 3600.350250084902 kpc>, <Quantity 614947625.1551905 solMass>, <Quantity 626433009.7564068 solMass>, <Quantity 4.439167181937588 kpc>, <Quantity 6.806827933485484 kpc>, -1, 0, 0, 0, 0, 0]
[306, 5147, <Quantity 3440.809140295411 kpc>, <Quantity 3886.398407175033 kpc>, <Quantity 2889.8092541859146 kpc>, <Quantity 544202417.1138237 solMass>, <Quantity 615825774.4889987 solMass>, <Quantity 4.261955855447516 kpc>, <Quantity 7.227667622694884 kpc>, -1, 0, 0, 0, 0, 0]
[307, 5146, <Quantity 3637.0549899944976 kpc>, <Quantity 3754.913114653755 kpc>, <Quantity 3375.1305353445196 kpc>, <Quantity 744247284.5540007 solMass>, <Quantity 615219646.7451043 solMass>, <Quantity 4.730726904896809 kpc>, <Quantity 8.331531858159325 kpc>, -1, 0, 0, 0, 0, 0]
[314, 5145, <Quantity 3605.6158072761677 kpc>, <Quantity 3784.655525701805 kpc>, <Quantity 3951.0121650078518 kpc>, <Quantity 634927302.6764852 solMass>, <Quantity 593095984.5631902 solMass>, <Quantity 4.486731965389809 kpc>, <Quantity 5.067132386060949 kpc>, -1, 0, 0, 0, 0, 0]
[316, 5143, <Quantity 3314.980506032234 kpc>, <Quantity 3749.7193768269103 kpc>, <Quantity 3747.9284425379547 kpc>, <Quantity 533376434.9299294 solMass>, <Quantity 591277601.4078903 solMass>, <Quantity 4.233504895764436 kpc>, <Quantity 4.948784006472111 kpc>, -1, 0, 0, 0, 0, 0]
[317, 5142, <Quantity 3305.3264020131455 kpc>, <Quantity 3785.654470100331 kpc>, <Quantity 3800.0255174761146 kpc>, <Quantity 495244921.70467 solMass>, <Quantity 589156154.3500332 solMass>, <Quantity 4.1301149125392795 kpc>, <Quantity 6.990874929232236 kpc>, -1, 0, 0, 0, 0, 0]
[319, 5140, <Quantity 3349.8946903310525 kpc>, <Quantity 3748.5810244777967 kpc>, <Quantity 3970.812502594113 kpc>, <Quantity 557264584.8331012 solMass>, <Quantity 588246962.7529476 solMass>, <Quantity 4.295785682187026 kpc>, <Quantity 5.842742210992181 kpc>, -1, 0, 0, 0, 0, 0]
[320, 5139, <Quantity 3301.837128369611 kpc>, <Quantity 3756.639254367919 kpc>, <Quantity 3345.934417237148 kpc>, <Quantity 688536349.4406941 solMass>, <Quantity 584610196.3577604 solMass>, <Quantity 4.60961247000654 kpc>, <Quantity 8.132770767363958 kpc>, -1, 0, 0, 0, 0, 0]
[322, 5137, <Quantity 3599.399497940072 kpc>, <Quantity 3891.4995288804657 kpc>, <Quantity 4080.9468753026667 kpc>, <Quantity 566537432.756608 solMass>, <Quantity 581882621.5586306 solMass>, <Quantity 4.319481931408438 kpc>, <Quantity 5.534298624113442 kpc>, -1, 0, 0, 0, 0, 0]
[323, 5135, <Quantity 3431.149269862947 kpc>, <Quantity 3824.2013098125412 kpc>, <Quantity 3443.3728904706086 kpc>, <Quantity 503862623.1846687 solMass>, <Quantity 580670366.1121054 solMass>, <Quantity 4.1539331783545155 kpc>, <Quantity 6.3108997436128345 kpc>, -1, 0, 0, 0, 0, 0]
[324, 5136, <Quantity 3846.8828832202425 kpc>, <Quantity 3933.52457108212 kpc>, <Quantity 3301.0091708549126 kpc>, <Quantity 581267163.4491143 solMass>, <Quantity 580670366.0882921 solMass>, <Quantity 4.356597001058787 kpc>, <Quantity 4.9846243316676615 kpc>, -1, 0, 0, 0, 0, 0]
