yt : [INFO     ] 2017-07-23 22:16:43,006 Parameters: current_time              = 6.86908774404e+16
yt : [INFO     ] 2017-07-23 22:16:43,007 Parameters: domain_dimensions         = [2 2 2]
yt : [INFO     ] 2017-07-23 22:16:43,007 Parameters: domain_left_edge          = [ 0.  0.  0.]
yt : [INFO     ] 2017-07-23 22:16:43,008 Parameters: domain_right_edge         = [  3.33803290e+25   3.33803290e+25   3.33803290e+25]
yt : [INFO     ] 2017-07-23 22:16:43,008 Parameters: cosmological_simulation   = 1
yt : [INFO     ] 2017-07-23 22:16:43,008 Parameters: current_redshift          = 2.99999995845
yt : [INFO     ] 2017-07-23 22:16:43,008 Parameters: omega_lambda              = 0.712
yt : [INFO     ] 2017-07-23 22:16:43,008 Parameters: omega_matter              = 0.288
yt : [INFO     ] 2017-07-23 22:16:43,009 Parameters: hubble_constant           = 0.6933
yt : [INFO     ] 2017-07-23 22:16:43,106 Parameters: current_time              = 289.00812565849
yt : [INFO     ] 2017-07-23 22:16:43,107 Parameters: domain_dimensions         = [128 128 128]
yt : [INFO     ] 2017-07-23 22:16:43,107 Parameters: domain_left_edge          = [ 0.  0.  0.]
yt : [INFO     ] 2017-07-23 22:16:43,108 Parameters: domain_right_edge         = [ 1.  1.  1.]
yt : [INFO     ] 2017-07-23 22:16:43,108 Parameters: cosmological_simulation   = 1
yt : [INFO     ] 2017-07-23 22:16:43,108 Parameters: current_redshift          = 2.9999999584502
yt : [INFO     ] 2017-07-23 22:16:43,108 Parameters: omega_lambda              = 0.712
yt : [INFO     ] 2017-07-23 22:16:43,108 Parameters: omega_matter              = 0.288
yt : [INFO     ] 2017-07-23 22:16:43,108 Parameters: hubble_constant           = 0.6933
yt : [INFO     ] 2017-07-23 22:16:43,111 Allocating for 1.370e+04 particles (index particle type 'all')
yt : [INFO     ] 2017-07-23 22:16:43,118 Identified 4.537e+03 octs
[122, 13704, <Quantity 5657.791845515777 kpc>, <Quantity 4923.972788483937 kpc>, <Quantity 5374.473621536622 kpc>, <Quantity 194338011352.53842 solMass>, <Quantity 131856723490.41673 solMass>, <Quantity 44.956592592063274 kpc>, <Quantity 59.97810130969116 kpc>, 826, 0, 0, 0, 0, 0]
[171, 13701, <Quantity 5824.929907194071 kpc>, <Quantity 5490.173013543056 kpc>, <Quantity 5498.568814321101 kpc>, <Quantity 69526783893.95103 solMass>, <Quantity 48604170476.20814 solMass>, <Quantity 31.91475508474488 kpc>, <Quantity 41.56662961427737 kpc>, 1815, 0, 0, 0, 0, 0]
[172, 13700, <Quantity 5068.539872191269 kpc>, <Quantity 5269.2796114952835 kpc>, <Quantity 5188.666804831949 kpc>, <Quantity 74356977909.9341 solMass>, <Quantity 48298379035.729706 solMass>, <Quantity 32.63733675404841 kpc>, <Quantity 33.96175548303646 kpc>, 2796, 0, 0, 0, 0, 0]
[173, 13699, <Quantity 6094.401431315127 kpc>, <Quantity 5758.009459332102 kpc>, <Quantity 4722.540054836608 kpc>, <Quantity 72624757515.96649 solMass>, <Quantity 48278679884.35782 solMass>, <Quantity 32.38190300202813 kpc>, <Quantity 37.24460169164782 kpc>, -1, 0, 0, 0, 0, 0]
[174, 13698, <Quantity 6114.5163564977765 kpc>, <Quantity 5908.987162795692 kpc>, <Quantity 6324.266785416759 kpc>, <Quantity 57504602502.12211 solMass>, <Quantity 46270881776.383896 solMass>, <Quantity 29.957691053266565 kpc>, <Quantity 41.61714752157307 kpc>, -1, 0, 0, 0, 0, 0]
[180, 13697, <Quantity 5598.3296886445105 kpc>, <Quantity 5450.0520474863615 kpc>, <Quantity 5590.470392341542 kpc>, <Quantity 69403228693.47649 solMass>, <Quantity 36917724762.78583 solMass>, <Quantity 31.895838767536922 kpc>, <Quantity 33.91240413255037 kpc>, 1090, 0, 0, 0, 0, 0]
[188, 13696, <Quantity 5013.7996855371775 kpc>, <Quantity 5155.9495963802965 kpc>, <Quantity 5108.750099342763 kpc>, <Quantity 42776748012.4145 solMass>, <Quantity 28898048756.598644 solMass>, <Quantity 27.144179854544237 kpc>, <Quantity 38.11919384902594 kpc>, 2810, 0, 0, 0, 0, 0]
[189, 13695, <Quantity 5667.861168299322 kpc>, <Quantity 5195.804405101487 kpc>, <Quantity 4688.514822541396 kpc>, <Quantity 42429858593.968506 solMass>, <Quantity 27208164642.941578 solMass>, <Quantity 27.070607201514548 kpc>, <Quantity 33.09091572023945 kpc>, 2178, 0, 0, 0, 0, 0]
[190, 13694, <Quantity 5362.181675355506 kpc>, <Quantity 4693.109306616709 kpc>, <Quantity 5632.5187233459 kpc>, <Quantity 39096049115.12157 solMass>, <Quantity 26947832783.474777 solMass>, <Quantity 26.34218282715027 kpc>, <Quantity 34.235925920452296 kpc>, 2538, 0, 0, 0, 0, 0]
[197, 13692, <Quantity 5741.150462521589 kpc>, <Quantity 5379.20619551003 kpc>, <Quantity 5756.985454832035 kpc>, <Quantity 37400327979.235825 solMass>, <Quantity 23432291943.311237 solMass>, <Quantity 25.95569164093446 kpc>, <Quantity 34.9974912811491 kpc>, 2539, 0, 0, 0, 0, 0]
[198, 13691, <Quantity 5524.035896294726 kpc>, <Quantity 5816.953890430875 kpc>, <Quantity 5675.917375443054 kpc>, <Quantity 32923850744.801556 solMass>, <Quantity 23386226237.210068 solMass>, <Quantity 24.87583555383484 kpc>, <Quantity 30.11484522224838 kpc>, -1, 0, 0, 0, 0, 0]
[200, 13690, <Quantity 6144.912460227248 kpc>, <Quantity 5384.930488781937 kpc>, <Quantity 5262.603985537193 kpc>, <Quantity 33092109588.50043 solMass>, <Quantity 22043047186.298946 solMass>, <Quantity 24.918139934083584 kpc>, <Quantity 28.864162407567648 kpc>, -1, 0, 0, 0, 0, 0]
[206, 13687, <Quantity 5764.048049827542 kpc>, <Quantity 5358.767316399931 kpc>, <Quantity 5776.435895383915 kpc>, <Quantity 26956247626.280197 solMass>, <Quantity 20151928664.820198 solMass>, <Quantity 23.271655621594977 kpc>, <Quantity 31.8210911815078 kpc>, -1, 0, 0, 0, 0, 0]
[215, 13685, <Quantity 5739.232421936382 kpc>, <Quantity 6015.869550590726 kpc>, <Quantity 5698.454122189299 kpc>, <Quantity 31907822271.163647 solMass>, <Quantity 18883303325.03555 solMass>, <Quantity 24.617268199037404 kpc>, <Quantity 32.93978788030392 kpc>, 2015, 0, 0, 0, 0, 0]
[217, 13684, <Quantity 5661.466762640327 kpc>, <Quantity 5445.757684347724 kpc>, <Quantity 5532.419670992295 kpc>, <Quantity 26348429515.461727 solMass>, <Quantity 17863493417.96641 solMass>, <Quantity 23.095411992381877 kpc>, <Quantity 34.41682189953522 kpc>, -1, 0, 0, 0, 0, 0]
[220, 13683, <Quantity 6116.858594703326 kpc>, <Quantity 5929.759626448909 kpc>, <Quantity 5740.653115821861 kpc>, <Quantity 23257964782.310738 solMass>, <Quantity 17303431394.626385 solMass>, <Quantity 22.154640402716268 kpc>, <Quantity 24.570442398080587 kpc>, 2439, 0, 0, 0, 0, 0]
[228, 13679, <Quantity 5778.4759611036525 kpc>, <Quantity 5418.876312046387 kpc>, <Quantity 5467.815253757471 kpc>, <Quantity 19716684915.434544 solMass>, <Quantity 14160052982.788767 solMass>, <Quantity 20.96776309943147 kpc>, <Quantity 25.842553850027716 kpc>, -1, 0, 0, 0, 0, 0]
[237, 13674, <Quantity 5462.316331434626 kpc>, <Quantity 5047.115612061245 kpc>, <Quantity 5373.103743740238 kpc>, <Quantity 16030553920.452742 solMass>, <Quantity 11734935932.083519 solMass>, <Quantity 19.569976861855267 kpc>, <Quantity 25.806798622792186 kpc>, -1, 0, 0, 0, 0, 0]
[238, 13673, <Quantity 6155.589755450781 kpc>, <Quantity 5802.573003608487 kpc>, <Quantity 6135.775496753545 kpc>, <Quantity 17825630467.933273 solMass>, <Quantity 11684021202.549698 solMass>, <Quantity 20.274762185909474 kpc>, <Quantity 31.878498225020046 kpc>, -1, 0, 0, 0, 0, 0]
[240, 13672, <Quantity 5955.01370945622 kpc>, <Quantity 5218.85007204691 kpc>, <Quantity 5274.545040480845 kpc>, <Quantity 15508202557.585417 solMass>, <Quantity 11230940723.813356 solMass>, <Quantity 19.355064549695996 kpc>, <Quantity 29.89907037637255 kpc>, -1, 0, 0, 0, 0, 0]
[241, 13671, <Quantity 6272.916874623743 kpc>, <Quantity 5334.66047071282 kpc>, <Quantity 4977.423751219506 kpc>, <Quantity 13949892890.97343 solMass>, <Quantity 11118504029.777199 solMass>, <Quantity 18.683766315879446 kpc>, <Quantity 24.730133200381523 kpc>, -1, 0, 0, 0, 0, 0]
[244, 13670, <Quantity 6283.416257955687 kpc>, <Quantity 4851.737532948217 kpc>, <Quantity 5336.7635986370005 kpc>, <Quantity 14722781964.24335 solMass>, <Quantity 10956061797.909916 solMass>, <Quantity 19.022638841630464 kpc>, <Quantity 26.400270543090237 kpc>, -1, 0, 0, 0, 0, 0]
[245, 13669, <Quantity 5281.968936494426 kpc>, <Quantity 5639.5360712494075 kpc>, <Quantity 5538.635052449723 kpc>, <Quantity 16271796908.107197 solMass>, <Quantity 10420851012.119102 solMass>, <Quantity 19.66765768466724 kpc>, <Quantity 22.400043667132863 kpc>, 1966, 0, 0, 0, 0, 0]
[247, 13667, <Quantity 5881.156635495417 kpc>, <Quantity 5312.980035840684 kpc>, <Quantity 5390.79434131693 kpc>, <Quantity 15276997610.633856 solMass>, <Quantity 10223859498.957062 solMass>, <Quantity 19.258397184328448 kpc>, <Quantity 32.35784976177792 kpc>, -1, 0, 0, 0, 0, 0]
[248, 13666, <Quantity 5499.356951758063 kpc>, <Quantity 5598.157272632214 kpc>, <Quantity 5584.553351299618 kpc>, <Quantity 18687605945.909946 solMass>, <Quantity 10182339749.702076 solMass>, <Quantity 20.596433549730587 kpc>, <Quantity 32.75295672476661 kpc>, 1489, 0, 0, 0, 0, 0]
[252, 13664, <Quantity 5729.710118101236 kpc>, <Quantity 5402.216382792874 kpc>, <Quantity 5513.129961662711 kpc>, <Quantity 14873610089.0501 solMass>, <Quantity 9689860968.183384 solMass>, <Quantity 19.087377662359682 kpc>, <Quantity 20.16504164912253 kpc>, -1, 0, 0, 0, 0, 0]
[256, 13663, <Quantity 5150.796722290798 kpc>, <Quantity 4768.275158450718 kpc>, <Quantity 5061.451637459501 kpc>, <Quantity 12398156953.02106 solMass>, <Quantity 8993420205.482138 solMass>, <Quantity 17.963591856838352 kpc>, <Quantity 19.9021665321508 kpc>, -1, 0, 0, 0, 0, 0]
[261, 13662, <Quantity 5723.660598068533 kpc>, <Quantity 5963.104252336974 kpc>, <Quantity 5688.59241491624 kpc>, <Quantity 14475882482.351343 solMass>, <Quantity 8698539064.619055 solMass>, <Quantity 18.91570295303313 kpc>, <Quantity 23.72196616716543 kpc>, -1, 0, 0, 0, 0, 0]
[263, 13661, <Quantity 5920.696003278931 kpc>, <Quantity 4940.263998669282 kpc>, <Quantity 5307.958629694336 kpc>, <Quantity 12156288581.091272 solMass>, <Quantity 8536702960.268903 solMass>, <Quantity 17.84601017296075 kpc>, <Quantity 23.218167547915737 kpc>, -1, 0, 0, 0, 0, 0]
[264, 13660, <Quantity 5512.348941022641 kpc>, <Quantity 5255.299079077902 kpc>, <Quantity 5807.643291291005 kpc>, <Quantity 12010507519.778296 solMass>, <Quantity 8503668998.804111 solMass>, <Quantity 17.774385245720932 kpc>, <Quantity 20.695981534216727 kpc>, -1, 0, 0, 0, 0, 0]
[267, 13659, <Quantity 6057.051846510095 kpc>, <Quantity 5866.086858883563 kpc>, <Quantity 4605.250465242863 kpc>, <Quantity 12711116969.301863 solMass>, <Quantity 8445783800.752633 solMass>, <Quantity 18.11348604428504 kpc>, <Quantity 20.18984151348979 kpc>, -1, 0, 0, 0, 0, 0]
[268, 13658, <Quantity 5941.295047225436 kpc>, <Quantity 5752.420334985023 kpc>, <Quantity 5933.54580460572 kpc>, <Quantity 11495126420.374674 solMass>, <Quantity 8440934778.918818 solMass>, <Quantity 17.51642147023591 kpc>, <Quantity 25.85346495648073 kpc>, -1, 0, 0, 0, 0, 0]
[270, 13657, <Quantity 5552.381026176203 kpc>, <Quantity 5117.204291453571 kpc>, <Quantity 4543.8973798370025 kpc>, <Quantity 10755224498.283264 solMass>, <Quantity 8210606241.229749 solMass>, <Quantity 17.132232614583096 kpc>, <Quantity 24.38734513415812 kpc>, -1, 0, 0, 0, 0, 0]
[272, 13655, <Quantity 5661.287312018723 kpc>, <Quantity 4991.698275808144 kpc>, <Quantity 4841.091478776741 kpc>, <Quantity 10543453223.717194 solMass>, <Quantity 8161509895.041941 solMass>, <Quantity 17.019041383045476 kpc>, <Quantity 18.1217114766058 kpc>, -1, 0, 0, 0, 0, 0]
[275, 13653, <Quantity 5916.667858917051 kpc>, <Quantity 5136.6222652765955 kpc>, <Quantity 5925.187243467812 kpc>, <Quantity 10723143436.874186 solMass>, <Quantity 8045436434.26714 solMass>, <Quantity 17.115181441312444 kpc>, <Quantity 21.473146615937992 kpc>, -1, 0, 0, 0, 0, 0]
[277, 13652, <Quantity 5581.63316414329 kpc>, <Quantity 5161.786254958209 kpc>, <Quantity 5377.4239789788535 kpc>, <Quantity 10458991799.52888 solMass>, <Quantity 8015130048.042839 solMass>, <Quantity 16.973474148244385 kpc>, <Quantity 20.94183606096982 kpc>, -1, 0, 0, 0, 0, 0]
[280, 13648, <Quantity 6305.546107106119 kpc>, <Quantity 5488.629045854409 kpc>, <Quantity 4837.513703749551 kpc>, <Quantity 11374803011.331009 solMass>, <Quantity 7592052891.949833 solMass>, <Quantity 17.455090192017312 kpc>, <Quantity 28.565081132850185 kpc>, -1, 0, 0, 0, 0, 0]
[281, 13647, <Quantity 6055.03051956426 kpc>, <Quantity 5738.583610208944 kpc>, <Quantity 6077.124537622793 kpc>, <Quantity 11469581553.39672 solMass>, <Quantity 7580536465.120825 solMass>, <Quantity 17.503436648102046 kpc>, <Quantity 19.798813505660366 kpc>, -1, 0, 0, 0, 0, 0]
[283, 13646, <Quantity 5110.296719523502 kpc>, <Quantity 5279.664774252165 kpc>, <Quantity 5212.274911227657 kpc>, <Quantity 10766592781.358643 solMass>, <Quantity 7482646836.5050125 solMass>, <Quantity 17.138266751401463 kpc>, <Quantity 28.22057349242089 kpc>, -1, 0, 0, 0, 0, 0]
[284, 13645, <Quantity 6058.626610647919 kpc>, <Quantity 4823.936829270203 kpc>, <Quantity 5675.732481771216 kpc>, <Quantity 10338205900.791273 solMass>, <Quantity 7445673044.777127 solMass>, <Quantity 16.907881482823086 kpc>, <Quantity 26.130817352138788 kpc>, -1, 0, 0, 0, 0, 0]
[287, 13643, <Quantity 6280.593142087566 kpc>, <Quantity 5433.384841384211 kpc>, <Quantity 4953.859169964099 kpc>, <Quantity 4755290650.275504 solMass>, <Quantity 7191099398.027703 solMass>, <Quantity 13.05168222727607 kpc>, <Quantity 26.993059373494706 kpc>, -1, 0, 0, 0, 0, 0]
[288, 13642, <Quantity 5971.271707666913 kpc>, <Quantity 5680.50372794083 kpc>, <Quantity 5448.65113906311 kpc>, <Quantity 9650689285.459087 solMass>, <Quantity 7186856504.010339 solMass>, <Quantity 16.52444620205298 kpc>, <Quantity 21.466245989583214 kpc>, -1, 0, 0, 0, 0, 0]
[292, 13640, <Quantity 5050.721380168047 kpc>, <Quantity 5426.137161539351 kpc>, <Quantity 5906.50171135383 kpc>, <Quantity 7742988364.380114 solMass>, <Quantity 6886823277.473067 solMass>, <Quantity 15.354782579734076 kpc>, <Quantity 16.96228534688124 kpc>, -1, 0, 0, 0, 0, 0]
[293, 13639, <Quantity 5713.543619381648 kpc>, <Quantity 5940.403294399935 kpc>, <Quantity 5682.6683753334555 kpc>, <Quantity 10669373586.01941 solMass>, <Quantity 6848940294.014952 solMass>, <Quantity 17.086526185231627 kpc>, <Quantity 20.28728274053292 kpc>, -1, 0, 0, 0, 0, 0]
[294, 13638, <Quantity 5481.887043815977 kpc>, <Quantity 5776.958402756854 kpc>, <Quantity 5669.055756870335 kpc>, <Quantity 9911146356.9083 solMass>, <Quantity 6823482929.372657 solMass>, <Quantity 16.67178491980115 kpc>, <Quantity 21.967315862376406 kpc>, -1, 0, 0, 0, 0, 0]
[295, 13637, <Quantity 6067.55632093839 kpc>, <Quantity 4862.960613219314 kpc>, <Quantity 4957.621625756981 kpc>, <Quantity 9033704233.384811 solMass>, <Quantity 6812269566.294041 solMass>, <Quantity 16.16451796617114 kpc>, <Quantity 21.43710810999589 kpc>, -1, 0, 0, 0, 0, 0]
[296, 13636, <Quantity 5328.189312042671 kpc>, <Quantity 4649.542846424036 kpc>, <Quantity 5652.190661997497 kpc>, <Quantity 9300918834.882103 solMass>, <Quantity 6784084627.130313 solMass>, <Quantity 16.322352545763504 kpc>, <Quantity 20.46047354113123 kpc>, -1, 0, 0, 0, 0, 0]
[297, 13635, <Quantity 5961.059346821107 kpc>, <Quantity 5507.266760929931 kpc>, <Quantity 5531.552527962115 kpc>, <Quantity 7161268001.089453 solMass>, <Quantity 6772568199.920054 solMass>, <Quantity 14.96020155622434 kpc>, <Quantity 26.436234674672868 kpc>, -1, 0, 0, 0, 0, 0]
[298, 13634, <Quantity 5343.967016286147 kpc>, <Quantity 5768.305485194896 kpc>, <Quantity 5714.868283905982 kpc>, <Quantity 8318408435.110664 solMass>, <Quantity 6748626154.934765 solMass>, <Quantity 15.726094555205679 kpc>, <Quantity 21.650128278126527 kpc>, -1, 0, 0, 0, 0, 0]
[303, 13631, <Quantity 5646.394113637854 kpc>, <Quantity 5407.566885218997 kpc>, <Quantity 5765.480161079753 kpc>, <Quantity 9829546918.747728 solMass>, <Quantity 6504356679.004953 solMass>, <Quantity 16.625905298931986 kpc>, <Quantity 23.0252502797499 kpc>, -1, 0, 0, 0, 0, 0]
[304, 13630, <Quantity 6217.664904980683 kpc>, <Quantity 5474.449592528909 kpc>, <Quantity 4657.882007925382 kpc>, <Quantity 8554529919.841241 solMass>, <Quantity 6384343388.34904 solMass>, <Quantity 15.873505700884788 kpc>, <Quantity 20.59850889164364 kpc>, -1, 0, 0, 0, 0, 0]
[307, 13629, <Quantity 4879.597012822674 kpc>, <Quantity 5620.308577870904 kpc>, <Quantity 5305.2691019196045 kpc>, <Quantity 7129491587.069939 solMass>, <Quantity 6216446007.101902 solMass>, <Quantity 14.938041308089815 kpc>, <Quantity 16.757379436072153 kpc>, -1, 0, 0, 0, 0, 0]
[308, 13628, <Quantity 5935.31445268396 kpc>, <Quantity 5424.731946414394 kpc>, <Quantity 5941.246694857607 kpc>, <Quantity 8747155544.10824 solMass>, <Quantity 6210687793.480456 solMass>, <Quantity 15.991765725473137 kpc>, <Quantity 18.429976747753543 kpc>, -1, 0, 0, 0, 0, 0]
[312, 13627, <Quantity 6070.563100691873 kpc>, <Quantity 4912.521649566251 kpc>, <Quantity 5290.066564312341 kpc>, <Quantity 8296679647.682988 solMass>, <Quantity 6074005990.236871 solMass>, <Quantity 15.712389732919835 kpc>, <Quantity 19.46736381724622 kpc>, -1, 0, 0, 0, 0, 0]
[316, 13626, <Quantity 6194.931699539218 kpc>, <Quantity 5597.048127459703 kpc>, <Quantity 4872.273322375962 kpc>, <Quantity 7385223056.1748085 solMass>, <Quantity 5950658996.905227 solMass>, <Quantity 15.114554168297126 kpc>, <Quantity 24.78787722192084 kpc>, -1, 0, 0, 0, 0, 0]
[317, 13625, <Quantity 5452.389599952434 kpc>, <Quantity 5002.89125860142 kpc>, <Quantity 5579.008567681795 kpc>, <Quantity 6999705323.785924 solMass>, <Quantity 5876105285.866607 solMass>, <Quantity 14.84684090847718 kpc>, <Quantity 21.37738589153554 kpc>, -1, 0, 0, 0, 0, 0]
[323, 13622, <Quantity 5594.190625048161 kpc>, <Quantity 5453.034164508027 kpc>, <Quantity 5561.699283178051 kpc>, <Quantity 8500112719.921832 solMass>, <Quantity 5513034775.386948 solMass>, <Quantity 15.839775820152768 kpc>, <Quantity 31.97442945496416 kpc>, 180, 0, 0, 0, 0, 0]
[326, 13621, <Quantity 5576.047818150669 kpc>, <Quantity 5129.491480781714 kpc>, <Quantity 4565.350347155961 kpc>, <Quantity 3819691.41808023 solMass>, <Quantity 5481213069.5749035 solMass>, <Quantity 1.213249800960268 kpc>, <Quantity 25.336460195970798 kpc>, -1, 0, 0, 0, 0, 0]
[327, 13620, <Quantity 5450.860388643962 kpc>, <Quantity 5944.133392731435 kpc>, <Quantity 5706.819726505297 kpc>, <Quantity 7887840291.711651 solMass>, <Quantity 5477273239.500671 solMass>, <Quantity 15.449941475760658 kpc>, <Quantity 19.07528534717712 kpc>, -1, 0, 0, 0, 0, 0]
[331, 13619, <Quantity 5849.2268756798085 kpc>, <Quantity 4928.899898700481 kpc>, <Quantity 5318.569970184744 kpc>, <Quantity 7600713198.345004 solMass>, <Quantity 5401810336.750778 solMass>, <Quantity 15.26015404125203 kpc>, <Quantity 24.038675720149378 kpc>, -1, 0, 0, 0, 0, 0]
[336, 13617, <Quantity 5923.915389084016 kpc>, <Quantity 5806.334307079692 kpc>, <Quantity 5908.142421291349 kpc>, <Quantity 6402883753.394563 solMass>, <Quantity 5313618751.867856 solMass>, <Quantity 14.412279464219834 kpc>, <Quantity 22.1900613430413 kpc>, -1, 0, 0, 0, 0, 0]
[338, 13615, <Quantity 5971.272981535237 kpc>, <Quantity 5757.343094066563 kpc>, <Quantity 6251.533572514014 kpc>, <Quantity 6609830961.352906 solMass>, <Quantity 5284221557.091107 solMass>, <Quantity 14.565908812070033 kpc>, <Quantity 18.587129686196803 kpc>, -1, 0, 0, 0, 0, 0]
[340, 13614, <Quantity 6170.628580785624 kpc>, <Quantity 5399.330127007027 kpc>, <Quantity 5266.2824640323315 kpc>, <Quantity 7491472916.339875 solMass>, <Quantity 5186331928.569908 solMass>, <Quantity 15.18669276491659 kpc>, <Quantity 19.39929507997411 kpc>, -1, 0, 0, 0, 0, 0]
[342, 13613, <Quantity 5471.177865758946 kpc>, <Quantity 5630.940133235168 kpc>, <Quantity 5612.747610628892 kpc>, <Quantity 6527717417.550638 solMass>, <Quantity 5166026649.545461 solMass>, <Quantity 14.505340157022781 kpc>, <Quantity 18.30014170741129 kpc>, -1, 0, 0, 0, 0, 0]
[343, 13612, <Quantity 6103.322891392206 kpc>, <Quantity 5967.09773367171 kpc>, <Quantity 5756.661993321175 kpc>, <Quantity 7000478568.354125 solMass>, <Quantity 5151479583.937645 solMass>, <Quantity 14.847387589413435 kpc>, <Quantity 17.435999668011437 kpc>, -1, 0, 0, 0, 0, 0]
[344, 13611, <Quantity 5732.446498546078 kpc>, <Quantity 5452.293833125538 kpc>, <Quantity 4608.468571065124 kpc>, <Quantity 6335842839.448742 solMass>, <Quantity 4994189437.735874 solMass>, <Quantity 14.361801981644797 kpc>, <Quantity 18.359375171498638 kpc>, -1, 0, 0, 0, 0, 0]
[346, 13610, <Quantity 6236.9073464466965 kpc>, <Quantity 4805.802377043349 kpc>, <Quantity 5136.036232304056 kpc>, <Quantity 5995750552.235628 solMass>, <Quantity 4895390617.691876 solMass>, <Quantity 14.100093346250627 kpc>, <Quantity 18.606018646210565 kpc>, -1, 0, 0, 0, 0, 0]
[348, 13608, <Quantity 5948.515675214119 kpc>, <Quantity 5659.457997510231 kpc>, <Quantity 5982.258129511982 kpc>, <Quantity 6448921478.514402 solMass>, <Quantity 4887814021.01817 solMass>, <Quantity 14.44673917876535 kpc>, <Quantity 17.93372530077758 kpc>, -1, 0, 0, 0, 0, 0]
[350, 13607, <Quantity 6091.25460037328 kpc>, <Quantity 5343.726016547019 kpc>, <Quantity 5275.061730371324 kpc>, <Quantity 5945388186.089281 solMass>, <Quantity 4774165071.518372 solMass>, <Quantity 14.060503549508528 kpc>, <Quantity 18.983637463727543 kpc>, -1, 0, 0, 0, 0, 0]
[351, 13606, <Quantity 5724.297378830347 kpc>, <Quantity 5403.400815229885 kpc>, <Quantity 4626.4532190632335 kpc>, <Quantity 6116506189.330496 solMass>, <Quantity 4742646429.5182085 solMass>, <Quantity 14.19412445865475 kpc>, <Quantity 24.88846205327144 kpc>, -1, 0, 0, 0, 0, 0]
[353, 13604, <Quantity 5380.375307245195 kpc>, <Quantity 4755.625325228232 kpc>, <Quantity 5623.713199745665 kpc>, <Quantity 6189614030.617241 solMass>, <Quantity 4691731700.303955 solMass>, <Quantity 14.250452619916025 kpc>, <Quantity 18.50082199818256 kpc>, -1, 0, 0, 0, 0, 0]
[358, 13603, <Quantity 5451.390428810355 kpc>, <Quantity 5765.077284163503 kpc>, <Quantity 5661.375987511558 kpc>, <Quantity 6203899255.814543 solMass>, <Quantity 4578385814.801422 solMass>, <Quantity 14.261407234902654 kpc>, <Quantity 16.38839351711987 kpc>, -1, 0, 0, 0, 0, 0]
[360, 13601, <Quantity 6211.324379831079 kpc>, <Quantity 5248.46699826354 kpc>, <Quantity 5009.363460317537 kpc>, <Quantity 5697796491.014386 solMass>, <Quantity 4513227083.431914 solMass>, <Quantity 13.862549616398125 kpc>, <Quantity 17.963234862958792 kpc>, -1, 0, 0, 0, 0, 0]
[363, 13600, <Quantity 5456.712243165947 kpc>, <Quantity 5449.407015038088 kpc>, <Quantity 4587.300458977014 kpc>, <Quantity 6430666452.094165 solMass>, <Quantity 4505650486.771906 solMass>, <Quantity 14.433094786602627 kpc>, <Quantity 14.769401056605275 kpc>, -1, 0, 0, 0, 0, 0]
[364, 13599, <Quantity 4919.671048766738 kpc>, <Quantity 4619.6817389546595 kpc>, <Quantity 5007.085702426373 kpc>, <Quantity 6103370056.629793 solMass>, <Quantity 4484436016.228402 solMass>, <Quantity 14.183955824414275 kpc>, <Quantity 20.142735587870572 kpc>, -1, 0, 0, 0, 0, 0]
[365, 13597, <Quantity 5022.600212441955 kpc>, <Quantity 4792.4345426740465 kpc>, <Quantity 5137.924226938826 kpc>, <Quantity 5926799153.096278 solMass>, <Quantity 4438976436.389656 solMass>, <Quantity 14.045834249873929 kpc>, <Quantity 14.291131232016518 kpc>, -1, 0, 0, 0, 0, 0]
[367, 13596, <Quantity 5282.392383352476 kpc>, <Quantity 4838.447600210841 kpc>, <Quantity 4825.832759672644 kpc>, <Quantity 6427732317.312793 solMass>, <Quantity 4414731327.212739 solMass>, <Quantity 14.430899312349043 kpc>, <Quantity 16.033484236800348 kpc>, -1, 0, 0, 0, 0, 0]
[368, 13595, <Quantity 5966.423260562115 kpc>, <Quantity 5283.397171995541 kpc>, <Quantity 4984.146411348358 kpc>, <Quantity 6068088137.752237 solMass>, <Quantity 4403517964.181431 solMass>, <Quantity 14.156571795594799 kpc>, <Quantity 15.124039043198364 kpc>, -1, 0, 0, 0, 0, 0]
[369, 13594, <Quantity 5817.261697103891 kpc>, <Quantity 5482.686874366413 kpc>, <Quantity 5840.714152719806 kpc>, <Quantity 5690768763.198004 solMass>, <Quantity 4360179831.436355 solMass>, <Quantity 13.856847862099139 kpc>, <Quantity 15.710981121373667 kpc>, -1, 0, 0, 0, 0, 0]
[370, 13593, <Quantity 5986.112456392555 kpc>, <Quantity 4934.567128382931 kpc>, <Quantity 5307.502300678463 kpc>, <Quantity 6017616955.205298 solMass>, <Quantity 4331994891.930755 solMass>, <Quantity 14.117213486439542 kpc>, <Quantity 19.048131950119455 kpc>, -1, 0, 0, 0, 0, 0]
[371, 13592, <Quantity 5011.322528646469 kpc>, <Quantity 5071.502815692194 kpc>, <Quantity 5072.764183860137 kpc>, <Quantity 5435541374.483511 solMass>, <Quantity 4324115231.385155 solMass>, <Quantity 13.64651439717439 kpc>, <Quantity 16.399478650206458 kpc>, -1, 0, 0, 0, 0, 0]
[372, 13590, <Quantity 4989.835299123842 kpc>, <Quantity 5079.0983601353655 kpc>, <Quantity 5174.93063297643 kpc>, <Quantity 4918965541.244734 solMass>, <Quantity 4248955392.7281504 solMass>, <Quantity 13.199740577467692 kpc>, <Quantity 20.73905004787781 kpc>, -1, 0, 0, 0, 0, 0]
[373, 13588, <Quantity 6049.731393363882 kpc>, <Quantity 5381.182798006235 kpc>, <Quantity 5298.628910018098 kpc>, <Quantity 5054172974.336829 solMass>, <Quantity 4098938779.582378 solMass>, <Quantity 13.319589369629808 kpc>, <Quantity 20.65935972299969 kpc>, -1, 0, 0, 0, 0, 0]
[375, 13587, <Quantity 5578.161840407928 kpc>, <Quantity 5490.538087359358 kpc>, <Quantity 5567.601600007638 kpc>, <Quantity 5101011227.813103 solMass>, <Quantity 4087119288.769547 solMass>, <Quantity 13.360608213110735 kpc>, <Quantity 29.079957048263964 kpc>, -1, 0, 0, 0, 0, 0]
[376, 13586, <Quantity 5073.402257561676 kpc>, <Quantity 4754.860870249431 kpc>, <Quantity 5068.759709074745 kpc>, <Quantity 5542776432.606375 solMass>, <Quantity 4082573330.6406336 solMass>, <Quantity 13.735672361540134 kpc>, <Quantity 22.15207471280373 kpc>, -1, 0, 0, 0, 0, 0]
[380, 13582, <Quantity 5102.470291303594 kpc>, <Quantity 5878.424990331727 kpc>, <Quantity 4869.664070688035 kpc>, <Quantity 5547609287.604675 solMass>, <Quantity 3994381745.9723973 solMass>, <Quantity 13.7396633354724 kpc>, <Quantity 19.73422065036851 kpc>, -1, 0, 0, 0, 0, 0]
[381, 13581, <Quantity 5859.645421729749 kpc>, <Quantity 5714.113119576248 kpc>, <Quantity 6083.298599469473 kpc>, <Quantity 4801267064.409788 solMass>, <Quantity 3994381745.927414 solMass>, <Quantity 13.093610680808403 kpc>, <Quantity 20.308943845607207 kpc>, -1, 0, 0, 0, 0, 0]
[389, 13578, <Quantity 5993.887773893328 kpc>, <Quantity 5098.746583773294 kpc>, <Quantity 5524.420856607131 kpc>, <Quantity 4699955471.641231 solMass>, <Quantity 3791935083.6781235 solMass>, <Quantity 13.000859060348796 kpc>, <Quantity 18.53681665450472 kpc>, -1, 0, 0, 0, 0, 0]
[390, 13577, <Quantity 5840.142266421474 kpc>, <Quantity 5474.8192595706305 kpc>, <Quantity 5855.79670256753 kpc>, <Quantity 4949356698.930702 solMass>, <Quantity 3788601381.2608256 solMass>, <Quantity 13.226869049687648 kpc>, <Quantity 15.623440227971148 kpc>, -1, 0, 0, 0, 0, 0]
[396, 13575, <Quantity 5247.383401331839 kpc>, <Quantity 5492.26509177306 kpc>, <Quantity 5408.253904068906 kpc>, <Quantity 5126581977.278507 solMass>, <Quantity 3674952431.8924074 solMass>, <Quantity 13.382896047603676 kpc>, <Quantity 16.320183387334115 kpc>, -1, 0, 0, 0, 0, 0]
[399, 13574, <Quantity 5955.695691932167 kpc>, <Quantity 5610.357117060331 kpc>, <Quantity 5291.414751737628 kpc>, <Quantity 4411530800.194587 solMass>, <Quantity 3613127403.1838427 solMass>, <Quantity 12.729281996151506 kpc>, <Quantity 21.74082656632786 kpc>, -1, 0, 0, 0, 0, 0]
[400, 13573, <Quantity 6117.919726550613 kpc>, <Quantity 5481.452013427805 kpc>, <Quantity 4692.744230368809 kpc>, <Quantity 4125812464.9867263 solMass>, <Quantity 3581305697.294683 solMass>, <Quantity 12.44831674451631 kpc>, <Quantity 20.688226092821086 kpc>, -1, 0, 0, 0, 0, 0]
[403, 13571, <Quantity 5931.604791725436 kpc>, <Quantity 5260.569441180399 kpc>, <Quantity 5336.3797050701605 kpc>, <Quantity 4789006633.843218 solMass>, <Quantity 3548877863.7044516 solMass>, <Quantity 13.082455976460102 kpc>, <Quantity 16.616069252076937 kpc>, -1, 0, 0, 0, 0, 0]
[405, 13570, <Quantity 4881.945025131982 kpc>, <Quantity 5906.419743669848 kpc>, <Quantity 5678.0557936489395 kpc>, <Quantity 4693994104.8565855 solMass>, <Quantity 3544028842.02916 solMass>, <Quantity 12.995360023825182 kpc>, <Quantity 19.349317561734576 kpc>, -1, 0, 0, 0, 0, 0]
[406, 13569, <Quantity 5910.344082628473 kpc>, <Quantity 5258.488263699519 kpc>, <Quantity 4921.291156082294 kpc>, <Quantity 3973405356.6092715 solMass>, <Quantity 3542513522.618644 solMass>, <Quantity 12.293109782679945 kpc>, <Quantity 22.153499999672917 kpc>, -1, 0, 0, 0, 0, 0]
[409, 13567, <Quantity 5329.02556366185 kpc>, <Quantity 5433.313242681352 kpc>, <Quantity 5595.01636736424 kpc>, <Quantity 4279774420.032972 solMass>, <Quantity 3503418284.148491 solMass>, <Quantity 12.601273238512738 kpc>, <Quantity 17.942186064739808 kpc>, -1, 0, 0, 0, 0, 0]
[413, 13564, <Quantity 5549.909999459248 kpc>, <Quantity 5536.6801222325685 kpc>, <Quantity 5960.379772405504 kpc>, <Quantity 4271511526.382498 solMass>, <Quantity 3420681848.7527585 solMass>, <Quantity 12.593158319990584 kpc>, <Quantity 15.196405196918224 kpc>, -1, 0, 0, 0, 0, 0]
[415, 13562, <Quantity 5388.609610848826 kpc>, <Quantity 5651.972853432301 kpc>, <Quantity 5673.422114230205 kpc>, <Quantity 4272823498.6998615 solMass>, <Quantity 3354613926.272638 solMass>, <Quantity 12.594447495477594 kpc>, <Quantity 14.466954287615279 kpc>, -1, 0, 0, 0, 0, 0]
[416, 13560, <Quantity 5905.784710225825 kpc>, <Quantity 5196.467587199817 kpc>, <Quantity 4931.345963151395 kpc>, <Quantity 3952610666.0764413 solMass>, <Quantity 3345522010.090996 solMass>, <Quantity 12.27162706294321 kpc>, <Quantity 17.18289808797008 kpc>, -1, 0, 0, 0, 0, 0]
[417, 13559, <Quantity 6297.58113828179 kpc>, <Quantity 5189.418970147315 kpc>, <Quantity 5067.463846277378 kpc>, <Quantity 3924292912.275941 solMass>, <Quantity 3342188307.533976 solMass>, <Quantity 12.242250857303832 kpc>, <Quantity 14.260643291181827 kpc>, -1, 0, 0, 0, 0, 0]
[418, 13558, <Quantity 5020.915073020452 kpc>, <Quantity 5642.252256352669 kpc>, <Quantity 4903.732823169849 kpc>, <Quantity 4098038622.06723 solMass>, <Quantity 3311578857.280221 solMass>, <Quantity 12.42032094045911 kpc>, <Quantity 20.113812596146975 kpc>, -1, 0, 0, 0, 0, 0]
[420, 13557, <Quantity 5478.833315513798 kpc>, <Quantity 5607.409422301857 kpc>, <Quantity 5583.684985833228 kpc>, <Quantity 4510932884.617785 solMass>, <Quantity 3273695874.0557065 solMass>, <Quantity 12.824179580908757 kpc>, <Quantity 21.872967452890737 kpc>, 1489, 0, 0, 0, 0, 0]
[423, 13555, <Quantity 5255.907176984414 kpc>, <Quantity 5330.334685088124 kpc>, <Quantity 4949.408545733507 kpc>, <Quantity 3931838127.1309295 solMass>, <Quantity 3240358848.7559853 solMass>, <Quantity 12.250091868685047 kpc>, <Quantity 16.760036650790692 kpc>, -1, 0, 0, 0, 0, 0]
[425, 13554, <Quantity 5452.525509878009 kpc>, <Quantity 5599.516700655034 kpc>, <Quantity 5553.007348235163 kpc>, <Quantity 4335554078.588629 solMass>, <Quantity 3221568889.3962426 solMass>, <Quantity 12.655782572198353 kpc>, <Quantity 17.611376828390082 kpc>, -1, 0, 0, 0, 0, 0]
[427, 13553, <Quantity 5130.8432224731505 kpc>, <Quantity 4887.273254209557 kpc>, <Quantity 4953.989940491415 kpc>, <Quantity 3961988440.108103 solMass>, <Quantity 3199445226.94439 solMass>, <Quantity 12.281324421942944 kpc>, <Quantity 14.972294251602154 kpc>, -1, 0, 0, 0, 0, 0]
[429, 13551, <Quantity 6013.788257173853 kpc>, <Quantity 6023.42780182905 kpc>, <Quantity 4641.950305254894 kpc>, <Quantity 3813044257.037295 solMass>, <Quantity 3176109309.2985396 solMass>, <Quantity 12.125456123582874 kpc>, <Quantity 22.746955233621044 kpc>, -1, 0, 0, 0, 0, 0]
[431, 13549, <Quantity 5765.139577580575 kpc>, <Quantity 4761.413828034463 kpc>, <Quantity 4723.245856461246 kpc>, <Quantity 3983981379.3881707 solMass>, <Quantity 3137317134.534866 solMass>, <Quantity 12.304006986834876 kpc>, <Quantity 13.841408497569336 kpc>, -1, 0, 0, 0, 0, 0]
[434, 13547, <Quantity 5026.903713123885 kpc>, <Quantity 4720.624865764224 kpc>, <Quantity 5067.439227948699 kpc>, <Quantity 3822834775.3556843 solMass>, <Quantity 3110647514.4022937 solMass>, <Quantity 12.135825182327215 kpc>, <Quantity 19.243804408985245 kpc>, -1, 0, 0, 0, 0, 0]
[436, 13546, <Quantity 5546.222911248874 kpc>, <Quantity 4969.947176627481 kpc>, <Quantity 5531.552114730638 kpc>, <Quantity 3907837104.8788095 solMass>, <Quantity 3109132194.977096 solMass>, <Quantity 12.225115000015991 kpc>, <Quantity 17.06373368792276 kpc>, -1, 0, 0, 0, 0, 0]
[438, 13544, <Quantity 5261.504048664668 kpc>, <Quantity 5504.026996806003 kpc>, <Quantity 5450.631545904526 kpc>, <Quantity 3575566364.1111526 solMass>, <Quantity 3044579591.955183 solMass>, <Quantity 11.868315518212144 kpc>, <Quantity 16.730752117234275 kpc>, -1, 0, 0, 0, 0, 0]
[439, 13543, <Quantity 5933.01374080336 kpc>, <Quantity 5373.314436648397 kpc>, <Quantity 5935.2251857965975 kpc>, <Quantity 3841941154.361363 solMass>, <Quantity 3031850909.1832414 solMass>, <Quantity 12.156009719277082 kpc>, <Quantity 14.773061813664908 kpc>, -1, 0, 0, 0, 0, 0]
[442, 13541, <Quantity 5346.337274996641 kpc>, <Quantity 5223.275471221489 kpc>, <Quantity 5411.692554111719 kpc>, <Quantity 4012590151.5485654 solMass>, <Quantity 2996695501.1426373 solMass>, <Quantity 12.33338825760991 kpc>, <Quantity 19.35809376273205 kpc>, -1, 0, 0, 0, 0, 0]
[443, 13540, <Quantity 5517.314988995923 kpc>, <Quantity 5240.664549751349 kpc>, <Quantity 5482.514066004595 kpc>, <Quantity 3621279205.9167547 solMass>, <Quantity 2987300521.1265674 solMass>, <Quantity 11.918679441587752 kpc>, <Quantity 16.70764070559617 kpc>, -1, 0, 0, 0, 0, 0]
[444, 13538, <Quantity 5396.411345393444 kpc>, <Quantity 5296.16601190877 kpc>, <Quantity 5654.949484600912 kpc>, <Quantity 3616989429.7370443 solMass>, <Quantity 2967601370.046306 solMass>, <Quantity 11.913971283087239 kpc>, <Quantity 13.092382202784991 kpc>, -1, 0, 0, 0, 0, 0]
[449, 13537, <Quantity 5941.456656535633 kpc>, <Quantity 5255.743684554065 kpc>, <Quantity 5317.729302518831 kpc>, <Quantity 4166044210.9950247 solMass>, <Quantity 2934870472.472449 solMass>, <Quantity 12.48864806683196 kpc>, <Quantity 15.478412225996063 kpc>, -1, 0, 0, 0, 0, 0]
[451, 13536, <Quantity 5736.184568907926 kpc>, <Quantity 5385.077380783963 kpc>, <Quantity 4650.553007096937 kpc>, <Quantity 3731141551.91334 solMass>, <Quantity 2932445961.6802297 solMass>, <Quantity 12.038010310648408 kpc>, <Quantity 11.599373107085919 kpc>, -1, 0, 0, 0, 0, 0]
[452, 13535, <Quantity 6265.744592648922 kpc>, <Quantity 5201.374662251092 kpc>, <Quantity 5072.606488244222 kpc>, <Quantity 3921124839.6581993 solMass>, <Quantity 2913352938.0331054 solMass>, <Quantity 12.238955590096278 kpc>, <Quantity 13.595957139953576 kpc>, -1, 0, 0, 0, 0, 0]
[453, 13534, <Quantity 5597.7533142345055 kpc>, <Quantity 5606.983888912355 kpc>, <Quantity 6136.847638338019 kpc>, <Quantity 3692759378.4980197 solMass>, <Quantity 2902139575.008753 solMass>, <Quantity 11.996589701702206 kpc>, <Quantity 17.78791815447071 kpc>, -1, 0, 0, 0, 0, 0]
[454, 13533, <Quantity 4869.884931587142 kpc>, <Quantity 4954.170121553259 kpc>, <Quantity 5363.129528809289 kpc>, <Quantity 3303585184.4545364 solMass>, <Quantity 2851527909.4311347 solMass>, <Quantity 11.55941810167537 kpc>, <Quantity 20.791972477133445 kpc>, -1, 0, 0, 0, 0, 0]
[455, 13532, <Quantity 5758.633729782625 kpc>, <Quantity 5057.823234879458 kpc>, <Quantity 5551.675222859368 kpc>, <Quantity 3267873918.403963 solMass>, <Quantity 2836374716.149581 solMass>, <Quantity 11.517615245020668 kpc>, <Quantity 16.904050808205238 kpc>, -1, 0, 0, 0, 0, 0]
[460, 13530, <Quantity 5537.4334856932355 kpc>, <Quantity 5263.981888735183 kpc>, <Quantity 5805.984680998407 kpc>, <Quantity 3863291193.1029344 solMass>, <Quantity 2744243301.07745 solMass>, <Quantity 12.17848551124042 kpc>, <Quantity 14.054152362989319 kpc>, -1, 0, 0, 0, 0, 0]
[463, 13529, <Quantity 5449.136284977413 kpc>, <Quantity 5213.133884844332 kpc>, <Quantity 5816.369171782827 kpc>, <Quantity 3478532547.5266285 solMass>, <Quantity 2672417164.99768 solMass>, <Quantity 11.759968529009438 kpc>, <Quantity 13.038182396793431 kpc>, -1, 0, 0, 0, 0, 0]
[465, 13528, <Quantity 5688.345878698895 kpc>, <Quantity 5256.623816204656 kpc>, <Quantity 5434.305818476444 kpc>, <Quantity 3669836573.0542054 solMass>, <Quantity 2667568143.115251 solMass>, <Quantity 11.971715215761952 kpc>, <Quantity 14.650622836554305 kpc>, -1, 0, 0, 0, 0, 0]
[466, 13527, <Quantity 5905.272359288144 kpc>, <Quantity 5623.323934011395 kpc>, <Quantity 6114.315580754997 kpc>, <Quantity 3356688888.7260947 solMass>, <Quantity 2655445588.6026278 solMass>, <Quantity 11.621026711180052 kpc>, <Quantity 12.52919839641202 kpc>, -1, 0, 0, 0, 0, 0]
[471, 13523, <Quantity 5741.537820052672 kpc>, <Quantity 5678.606642819997 kpc>, <Quantity 6043.832620962214 kpc>, <Quantity 3175223946.123083 solMass>, <Quantity 2613319711.2991085 solMass>, <Quantity 11.407721834642864 kpc>, <Quantity 15.61501082451009 kpc>, -1, 0, 0, 0, 0, 0]
[474, 13520, <Quantity 6275.1128617326185 kpc>, <Quantity 4788.848066046277 kpc>, <Quantity 5120.2318050896565 kpc>, <Quantity 3363347965.1747537 solMass>, <Quantity 2591802176.849895 solMass>, <Quantity 11.628706321579353 kpc>, <Quantity 17.115097135104666 kpc>, -1, 0, 0, 0, 0, 0]
[478, 13516, <Quantity 5479.8184497297725 kpc>, <Quantity 5671.6720698936315 kpc>, <Quantity 6088.748507026966 kpc>, <Quantity 3341144201.495572 solMass>, <Quantity 2560283534.8528094 solMass>, <Quantity 11.603060117245368 kpc>, <Quantity 12.44719992977945 kpc>, -1, 0, 0, 0, 0, 0]
[480, 13515, <Quantity 6053.014088896175 kpc>, <Quantity 5272.8747896587265 kpc>, <Quantity 5207.376348047702 kpc>, <Quantity 3449830152.6084685 solMass>, <Quantity 2540281319.7393785 solMass>, <Quantity 11.727534170155115 kpc>, <Quantity 13.593810569876252 kpc>, -1, 0, 0, 0, 0, 0]
[483, 13512, <Quantity 5912.925292777288 kpc>, <Quantity 5290.5940400741265 kpc>, <Quantity 5917.464961564303 kpc>, <Quantity 3117830526.2890887 solMass>, <Quantity 2505428975.1410437 solMass>, <Quantity 11.338570482387993 kpc>, <Quantity 15.460057787595009 kpc>, -1, 0, 0, 0, 0, 0]
[484, 13511, <Quantity 5230.701272892623 kpc>, <Quantity 5169.978800775987 kpc>, <Quantity 4954.0326852531725 kpc>, <Quantity 2974502714.3902907 solMass>, <Quantity 2488154334.873654 solMass>, <Quantity 11.162091860209465 kpc>, <Quantity 16.82460087879548 kpc>, -1, 0, 0, 0, 0, 0]
[485, 13510, <Quantity 5367.336724171088 kpc>, <Quantity 4779.202694184764 kpc>, <Quantity 5612.716563808702 kpc>, <Quantity 3193001040.4252253 solMass>, <Quantity 2477547099.7452807 solMass>, <Quantity 11.428971659201915 kpc>, <Quantity 15.5601328916343 kpc>, -1, 0, 0, 0, 0, 0]
[486, 13509, <Quantity 5830.880403483842 kpc>, <Quantity 5136.490881236948 kpc>, <Quantity 5709.923951587326 kpc>, <Quantity 2997467430.488503 solMass>, <Quantity 2468152119.7118497 solMass>, <Quantity 11.190743978113174 kpc>, <Quantity 15.172157913956887 kpc>, -1, 0, 0, 0, 0, 0]
[487, 13508, <Quantity 6001.918624379957 kpc>, <Quantity 5631.485869985166 kpc>, <Quantity 5235.100736442458 kpc>, <Quantity 2902964121.2822676 solMass>, <Quantity 2466939864.270984 solMass>, <Quantity 11.071879703861702 kpc>, <Quantity 14.195692674972678 kpc>, -1, 0, 0, 0, 0, 0]
[492, 13506, <Quantity 5728.977460559463 kpc>, <Quantity 5116.5629013254575 kpc>, <Quantity 4798.416371161104 kpc>, <Quantity 3377300245.0815263 solMass>, <Quantity 2435724286.167594 solMass>, <Quantity 11.644764044567495 kpc>, <Quantity 15.959295345449016 kpc>, -1, 0, 0, 0, 0, 0]
[493, 13505, <Quantity 5978.0290202750475 kpc>, <Quantity 6000.425661411948 kpc>, <Quantity 5865.5018481347915 kpc>, <Quantity 2619900361.640862 solMass>, <Quantity 2422692539.9412494 solMass>, <Quantity 10.699637414232622 kpc>, <Quantity 15.526637018969563 kpc>, -1, 0, 0, 0, 0, 0]
[494, 13504, <Quantity 5825.894501492381 kpc>, <Quantity 4939.775291296064 kpc>, <Quantity 5332.463540746952 kpc>, <Quantity 3066421780.5814257 solMass>, <Quantity 2415115943.313958 solMass>, <Quantity 11.27590563629771 kpc>, <Quantity 14.906096612614897 kpc>, -1, 0, 0, 0, 0, 0]
[496, 13503, <Quantity 5313.411838926541 kpc>, <Quantity 5322.347700088063 kpc>, <Quantity 5853.019031125681 kpc>, <Quantity 2794004749.2462773 solMass>, <Quantity 2405720963.526734 solMass>, <Quantity 10.931586167557116 kpc>, <Quantity 14.00140603209768 kpc>, -1, 0, 0, 0, 0, 0]
[497, 13502, <Quantity 5082.385101573626 kpc>, <Quantity 5459.032420060619 kpc>, <Quantity 5801.11050618379 kpc>, <Quantity 2838949759.8041706 solMass>, <Quantity 2402084197.2214108 solMass>, <Quantity 10.9898906559972 kpc>, <Quantity 13.615103630673527 kpc>, -1, 0, 0, 0, 0, 0]
[501, 13500, <Quantity 5833.340247175445 kpc>, <Quantity 6017.069270017159 kpc>, <Quantity 5725.656213990162 kpc>, <Quantity 3019776511.031606 solMass>, <Quantity 2366019597.109363 solMass>, <Quantity 11.218438289833987 kpc>, <Quantity 13.598349774703824 kpc>, -1, 0, 0, 0, 0, 0]
[502, 13499, <Quantity 6063.936080755922 kpc>, <Quantity 5881.973792524726 kpc>, <Quantity 4630.421863270328 kpc>, <Quantity 2886032013.719531 solMass>, <Quantity 2365110405.5189986 solMass>, <Quantity 11.050311412328293 kpc>, <Quantity 23.526974688568025 kpc>, -1, 0, 0, 0, 0, 0]
[505, 13498, <Quantity 6185.632570867719 kpc>, <Quantity 5415.1672648013455 kpc>, <Quantity 5258.994871101022 kpc>, <Quantity 2927934017.2013407 solMass>, <Quantity 2357230745.0046253 solMass>, <Quantity 11.103534106000279 kpc>, <Quantity 13.211454681409464 kpc>, -1, 0, 0, 0, 0, 0]
[507, 13497, <Quantity 5785.8718174067435 kpc>, <Quantity 5465.172351293595 kpc>, <Quantity 5486.0019374107205 kpc>, <Quantity 3328096210.8032207 solMass>, <Quantity 2355412361.841864 solMass>, <Quantity 11.587936143707422 kpc>, <Quantity 17.47351095451378 kpc>, -1, 0, 0, 0, 0, 0]
[508, 13496, <Quantity 6151.801155448407 kpc>, <Quantity 4997.134261231444 kpc>, <Quantity 5117.981018838267 kpc>, <Quantity 2818400234.296757 solMass>, <Quantity 2339349976.984979 solMass>, <Quantity 10.963309917709521 kpc>, <Quantity 12.517877891033226 kpc>, -1, 0, 0, 0, 0, 0]
[509, 13495, <Quantity 5064.617757760298 kpc>, <Quantity 5970.741589525183 kpc>, <Quantity 4761.609430749834 kpc>, <Quantity 2593184859.6770825 solMass>, <Quantity 2330258061.088012 solMass>, <Quantity 10.66314450844655 kpc>, <Quantity 20.520400637436516 kpc>, -1, 0, 0, 0, 0, 0]
[510, 13494, <Quantity 6095.519000141451 kpc>, <Quantity 4856.7730566262335 kpc>, <Quantity 4982.019550219998 kpc>, <Quantity 2909055462.576194 solMass>, <Quantity 2329348869.385817 solMass>, <Quantity 11.07961840106194 kpc>, <Quantity 14.289323881461739 kpc>, -1, 0, 0, 0, 0, 0]
[511, 13493, <Quantity 6209.452498487063 kpc>, <Quantity 4951.671489249109 kpc>, <Quantity 5176.7455617226215 kpc>, <Quantity 2476531397.815786 solMass>, <Quantity 2319953889.6033993 solMass>, <Quantity 10.500792625061651 kpc>, <Quantity 19.877862352605717 kpc>, -1, 0, 0, 0, 0, 0]
[514, 13492, <Quantity 5255.261613254536 kpc>, <Quantity 4724.741490962465 kpc>, <Quantity 4712.906590618761 kpc>, <Quantity 2852629447.565784 solMass>, <Quantity 2310558909.7291536 solMass>, <Quantity 11.00751424426697 kpc>, <Quantity 13.563922942480724 kpc>, -1, 0, 0, 0, 0, 0]
[515, 13491, <Quantity 6046.741476229519 kpc>, <Quantity 5921.0930254999475 kpc>, <Quantity 4604.314965527323 kpc>, <Quantity 2611464275.1917095 solMass>, <Quantity 2306619079.519978 solMass>, <Quantity 10.68814077824722 kpc>, <Quantity 13.193942377506971 kpc>, -1, 0, 0, 0, 0, 0]
[521, 13488, <Quantity 5053.476035115288 kpc>, <Quantity 5059.137830835279 kpc>, <Quantity 5829.923702011845 kpc>, <Quantity 2576362287.0850286 solMass>, <Quantity 2258431925.0288677 solMass>, <Quantity 10.640036395911428 kpc>, <Quantity 23.982009057524735 kpc>, -1, 0, 0, 0, 0, 0]
[522, 13487, <Quantity 6030.598747781486 kpc>, <Quantity 5702.090699017065 kpc>, <Quantity 5026.7428051575425 kpc>, <Quantity 2861749456.9654093 solMass>, <Quantity 2257522733.288731 solMass>, <Quantity 11.019232303250087 kpc>, <Quantity 14.314200495180419 kpc>, -1, 0, 0, 0, 0, 0]
[524, 13485, <Quantity 5323.141139518575 kpc>, <Quantity 4595.039634653446 kpc>, <Quantity 5403.397249019529 kpc>, <Quantity 2913937730.1416073 solMass>, <Quantity 2207214131.6097403 solMass>, <Quantity 11.085813244329838 kpc>, <Quantity 11.699411719536963 kpc>, -1, 0, 0, 0, 0, 0]
[531, 13481, <Quantity 6130.816652672917 kpc>, <Quantity 5477.652488152201 kpc>, <Quantity 5332.817540805128 kpc>, <Quantity 2759918948.926732 solMass>, <Quantity 2157511657.7309403 solMass>, <Quantity 10.886950421615625 kpc>, <Quantity 16.810094323177637 kpc>, -1, 0, 0, 0, 0, 0]
[541, 13478, <Quantity 6011.454388188808 kpc>, <Quantity 5765.413273490743 kpc>, <Quantity 5252.489110972071 kpc>, <Quantity 2556790624.443891 solMass>, <Quantity 2108718375.3865147 solMass>, <Quantity 10.61302508672832 kpc>, <Quantity 12.09373212967185 kpc>, -1, 0, 0, 0, 0, 0]
[543, 13476, <Quantity 6174.804261324645 kpc>, <Quantity 4826.158045927137 kpc>, <Quantity 5081.60344051314 kpc>, <Quantity 2555786235.7627764 solMass>, <Quantity 2104172417.3988314 solMass>, <Quantity 10.611635193440154 kpc>, <Quantity 11.354949146669442 kpc>, -1, 0, 0, 0, 0, 0]
[544, 13475, <Quantity 5523.523646118079 kpc>, <Quantity 4951.7137871488985 kpc>, <Quantity 5333.812291220061 kpc>, <Quantity 2689150817.8063073 solMass>, <Quantity 2100232587.2116332 solMass>, <Quantity 10.793091421097145 kpc>, <Quantity 12.342500781365706 kpc>, -1, 0, 0, 0, 0, 0]
[545, 13474, <Quantity 5861.404186557945 kpc>, <Quantity 5100.449642993432 kpc>, <Quantity 5071.896451182678 kpc>, <Quantity 2509333645.70916 solMass>, <Quantity 2087503904.8377602 solMass>, <Quantity 10.546951259597208 kpc>, <Quantity 15.361427440824109 kpc>, -1, 0, 0, 0, 0, 0]
[546, 13473, <Quantity 5525.643017612729 kpc>, <Quantity 4883.287926972079 kpc>, <Quantity 5203.824898977584 kpc>, <Quantity 2511097054.3668118 solMass>, <Quantity 2085988585.5097945 solMass>, <Quantity 10.549421268615932 kpc>, <Quantity 14.731880789225892 kpc>, -1, 0, 0, 0, 0, 0]
[550, 13471, <Quantity 5451.24800298612 kpc>, <Quantity 5353.912556880745 kpc>, <Quantity 5510.788646196791 kpc>, <Quantity 2401959943.638833 solMass>, <Quantity 2058106709.870542 solMass>, <Quantity 10.39431935530616 kpc>, <Quantity 17.79798661257385 kpc>, -1, 0, 0, 0, 0, 0]
[557, 13468, <Quantity 5337.739703167959 kpc>, <Quantity 4878.224611489908 kpc>, <Quantity 4840.118546935546 kpc>, <Quantity 2534175074.8277097 solMass>, <Quantity 2018102279.612838 solMass>, <Quantity 10.581640614391123 kpc>, <Quantity 13.471701686616758 kpc>, -1, 0, 0, 0, 0, 0]
[563, 13465, <Quantity 5866.767233968099 kpc>, <Quantity 5211.141879757748 kpc>, <Quantity 5807.043832973517 kpc>, <Quantity 2348198334.5749135 solMass>, <Quantity 1987189765.3052661 solMass>, <Quantity 10.316183557315933 kpc>, <Quantity 13.481741786035517 kpc>, -1, 0, 0, 0, 0, 0]
[565, 13464, <Quantity 5312.745593918795 kpc>, <Quantity 5344.624372874214 kpc>, <Quantity 4905.803088824191 kpc>, <Quantity 2516287342.626354 solMass>, <Quantity 1981128488.0622501 solMass>, <Quantity 10.556684608720529 kpc>, <Quantity 10.772171981871235 kpc>, -1, 0, 0, 0, 0, 0]
[567, 13463, <Quantity 6003.441393037693 kpc>, <Quantity 5495.169508678663 kpc>, <Quantity 5434.820058421167 kpc>, <Quantity 2423000749.624146 solMass>, <Quantity 1966884486.4429018 solMass>, <Quantity 10.42458204975307 kpc>, <Quantity 12.195299264233586 kpc>, -1, 0, 0, 0, 0, 0]
[570, 13462, <Quantity 5310.5340175981 kpc>, <Quantity 5567.565743368602 kpc>, <Quantity 5475.380527985048 kpc>, <Quantity 2295948861.5051503 solMass>, <Quantity 1962641592.4062738 solMass>, <Quantity 10.239094218161972 kpc>, <Quantity 10.41787047361928 kpc>, -1, 0, 0, 0, 0, 0]
[574, 13459, <Quantity 5824.658871506185 kpc>, <Quantity 4995.302883345163 kpc>, <Quantity 4847.897897687996 kpc>, <Quantity 2440212492.719832 solMass>, <Quantity 1926576992.3109875 solMass>, <Quantity 10.449207444370222 kpc>, <Quantity 10.931392647205065 kpc>, -1, 0, 0, 0, 0, 0]
[577, 13458, <Quantity 5949.609012189266 kpc>, <Quantity 4897.395916776271 kpc>, <Quantity 5666.275246661286 kpc>, <Quantity 2099980546.0448527 solMass>, <Quantity 1903847202.3534966 solMass>, <Quantity 9.939073286875061 kpc>, <Quantity 12.575071515150018 kpc>, -1, 0, 0, 0, 0, 0]
[578, 13457, <Quantity 5566.356422877414 kpc>, <Quantity 5497.282914011098 kpc>, <Quantity 5898.332079685505 kpc>, <Quantity 2146534808.378625 solMass>, <Quantity 1897482861.2427607 solMass>, <Quantity 10.011983247144746 kpc>, <Quantity 10.977488033352067 kpc>, -1, 0, 0, 0, 0, 0]
[582, 13456, <Quantity 6186.969817942255 kpc>, <Quantity 6021.667957098998 kpc>, <Quantity 5667.467893245739 kpc>, <Quantity 2348129978.1593575 solMass>, <Quantity 1881117412.5129068 solMass>, <Quantity 10.316083454446636 kpc>, <Quantity 11.377887678892721 kpc>, -1, 0, 0, 0, 0, 0]
[584, 13453, <Quantity 6259.1584084342185 kpc>, <Quantity 5548.784330534724 kpc>, <Quantity 4779.343438305764 kpc>, <Quantity 2361671570.873381 solMass>, <Quantity 1858690686.4604292 solMass>, <Quantity 10.335876299206904 kpc>, <Quantity 14.064029378451364 kpc>, -1, 0, 0, 0, 0, 0]
[587, 13449, <Quantity 6040.467253069889 kpc>, <Quantity 4823.3895896816075 kpc>, <Quantity 5108.790725431678 kpc>, <Quantity 2287555083.7492094 solMass>, <Quantity 1838688471.3611004 solMass>, <Quantity 10.226601252652507 kpc>, <Quantity 11.092014257471224 kpc>, -1, 0, 0, 0, 0, 0]
[588, 13448, <Quantity 5071.394987632863 kpc>, <Quantity 5043.425195226811 kpc>, <Quantity 5823.923257116342 kpc>, <Quantity 2321267186.351875 solMass>, <Quantity 1831414938.6482887 solMass>, <Quantity 10.276593544562324 kpc>, <Quantity 13.739051931575785 kpc>, -1, 0, 0, 0, 0, 0]
[589, 13447, <Quantity 5894.861350767158 kpc>, <Quantity 6019.682938903079 kpc>, <Quantity 5734.775502415462 kpc>, <Quantity 1467990402.9443731 solMass>, <Quantity 1820504639.4134881 solMass>, <Quantity 8.820946903078276 kpc>, <Quantity 15.887843900918668 kpc>, -1, 0, 0, 0, 0, 0]
[590, 13446, <Quantity 5739.643291983753 kpc>, <Quantity 5948.226895076398 kpc>, <Quantity 5701.2691433146 kpc>, <Quantity 2063140948.7277856 solMass>, <Quantity 1820201575.5431807 solMass>, <Quantity 9.880610255954082 kpc>, <Quantity 11.866219133779905 kpc>, -1, 0, 0, 0, 0, 0]
[591, 13445, <Quantity 6252.048089068944 kpc>, <Quantity 5288.364886844196 kpc>, <Quantity 4991.191688025674 kpc>, <Quantity 2035316405.866969 solMass>, <Quantity 1817170936.9298663 solMass>, <Quantity 9.835990792601844 kpc>, <Quantity 9.660780112536473 kpc>, -1, 0, 0, 0, 0, 0]
[594, 13444, <Quantity 6263.8949157117595 kpc>, <Quantity 4791.659622547032 kpc>, <Quantity 5144.444558093072 kpc>, <Quantity 2111775039.8408985 solMass>, <Quantity 1799290168.822068 solMass>, <Quantity 9.957646086563006 kpc>, <Quantity 11.578577527746896 kpc>, -1, 0, 0, 0, 0, 0]
[596, 13442, <Quantity 4994.017068326234 kpc>, <Quantity 5122.299478350114 kpc>, <Quantity 5124.286281060385 kpc>, <Quantity 2178543907.7129803 solMass>, <Quantity 1784440039.440192 solMass>, <Quantity 10.061504093685231 kpc>, <Quantity 13.119013815817784 kpc>, -1, 0, 0, 0, 0, 0]
[599, 13441, <Quantity 6257.323779307123 kpc>, <Quantity 4725.02788562143 kpc>, <Quantity 5242.335918231116 kpc>, <Quantity 2007402162.109856 solMass>, <Quantity 1778681826.0131905 solMass>, <Quantity 9.790816963304353 kpc>, <Quantity 16.273030068573295 kpc>, -1, 0, 0, 0, 0, 0]
[601, 13438, <Quantity 5742.52345357709 kpc>, <Quantity 4920.275142124494 kpc>, <Quantity 5357.4345464942035 kpc>, <Quantity 2143640664.9459603 solMass>, <Quantity 1760194930.2182071 solMass>, <Quantity 10.007481550128604 kpc>, <Quantity 9.965215692314022 kpc>, -1, 0, 0, 0, 0, 0]
[603, 13436, <Quantity 4845.779110047492 kpc>, <Quantity 5987.0291316783205 kpc>, <Quantity 5646.2736475450765 kpc>, <Quantity 2139826431.222565 solMass>, <Quantity 1755648972.29756 solMass>, <Quantity 10.001542505071548 kpc>, <Quantity 14.118642188606756 kpc>, -1, 0, 0, 0, 0, 0]
[605, 13435, <Quantity 6217.47530720708 kpc>, <Quantity 5412.485054967973 kpc>, <Quantity 5169.54777378607 kpc>, <Quantity 2037364635.971618 solMass>, <Quantity 1750193822.6438944 solMass>, <Quantity 9.839289152519804 kpc>, <Quantity 12.740541971849447 kpc>, -1, 0, 0, 0, 0, 0]
[607, 13434, <Quantity 5980.511893524557 kpc>, <Quantity 5193.1009562291065 kpc>, <Quantity 5435.455817512032 kpc>, <Quantity 1959457354.4595168 solMass>, <Quantity 1744738673.0493948 solMass>, <Quantity 9.71224004465142 kpc>, <Quantity 10.552192489309565 kpc>, -1, 0, 0, 0, 0, 0]
[608, 13433, <Quantity 5234.372861348438 kpc>, <Quantity 4929.849416761262 kpc>, <Quantity 5779.959860769094 kpc>, <Quantity 2418214355.28618 solMass>, <Quantity 1739889651.367392 solMass>, <Quantity 10.417713287047757 kpc>, <Quantity 13.277983838519797 kpc>, -1, 0, 0, 0, 0, 0]
[609, 13432, <Quantity 6111.485141936602 kpc>, <Quantity 5493.0001259513465 kpc>, <Quantity 5322.301667459162 kpc>, <Quantity 2387661249.034964 solMass>, <Quantity 1729888543.6326728 solMass>, <Quantity 10.373652747039682 kpc>, <Quantity 11.176237989892247 kpc>, -1, 0, 0, 0, 0, 0]
[610, 13431, <Quantity 4858.617682089748 kpc>, <Quantity 5588.639601412253 kpc>, <Quantity 5321.510348237362 kpc>, <Quantity 2302014556.706328 solMass>, <Quantity 1725645649.609351 solMass>, <Quantity 10.248103218303452 kpc>, <Quantity 12.20585178089977 kpc>, -1, 0, 0, 0, 0, 0]
[611, 13430, <Quantity 6043.99024205278 kpc>, <Quantity 5715.713667673106 kpc>, <Quantity 6066.241550787256 kpc>, <Quantity 2111679168.4645119 solMass>, <Quantity 1723524202.514147 solMass>, <Quantity 9.957495396951211 kpc>, <Quantity 14.109004731941452 kpc>, -1, 0, 0, 0, 0, 0]
[612, 13428, <Quantity 5043.32607845418 kpc>, <Quantity 5237.720291298793 kpc>, <Quantity 5117.010088221048 kpc>, <Quantity 2129994023.4195004 solMass>, <Quantity 1709583264.6547492 solMass>, <Quantity 9.98620009998878 kpc>, <Quantity 12.254595637875138 kpc>, -1, 0, 0, 0, 0, 0]
[613, 13427, <Quantity 5423.289427162822 kpc>, <Quantity 5759.005283800366 kpc>, <Quantity 5650.5813043072185 kpc>, <Quantity 1905320069.0115027 solMass>, <Quantity 1708977137.1776447 solMass>, <Quantity 9.621957842394353 kpc>, <Quantity 17.741679684281106 kpc>, -1, 0, 0, 0, 0, 0]
[614, 13426, <Quantity 5881.6350614588855 kpc>, <Quantity 5309.378462671024 kpc>, <Quantity 5374.515341826231 kpc>, <Quantity 2526784523.404767 solMass>, <Quantity 1705643434.400849 solMass>, <Quantity 10.571343995324384 kpc>, <Quantity 16.301176005879096 kpc>, 247, 0, 0, 0, 0, 0]
[621, 13423, <Quantity 5648.472577146408 kpc>, <Quantity 5339.830341065152 kpc>, <Quantity 4736.190750445239 kpc>, <Quantity 2044597420.587784 solMass>, <Quantity 1658971599.189095 solMass>, <Quantity 9.850918785816564 kpc>, <Quantity 9.809355551548897 kpc>, -1, 0, 0, 0, 0, 0]
[626, 13421, <Quantity 5229.238341921705 kpc>, <Quantity 4825.383414665943 kpc>, <Quantity 4882.6461905324795 kpc>, <Quantity 1955061150.690998 solMass>, <Quantity 1638666320.175545 solMass>, <Quantity 9.704971202685517 kpc>, <Quantity 11.699722260121531 kpc>, -1, 0, 0, 0, 0, 0]
[627, 13419, <Quantity 5840.2316121788635 kpc>, <Quantity 4942.311148591492 kpc>, <Quantity 5310.64518446028 kpc>, <Quantity 2005678266.0866103 solMass>, <Quantity 1625331510.1069953 solMass>, <Quantity 9.788013475195735 kpc>, <Quantity 15.427062872507328 kpc>, -1, 0, 0, 0, 0, 0]
[628, 13418, <Quantity 5153.976046017855 kpc>, <Quantity 4827.907799928549 kpc>, <Quantity 4915.756913256298 kpc>, <Quantity 1486692666.4142535 solMass>, <Quantity 1621694743.7040286 solMass>, <Quantity 8.858248692743773 kpc>, <Quantity 19.204526004422195 kpc>, -1, 0, 0, 0, 0, 0]
[630, 13417, <Quantity 5378.562275089592 kpc>, <Quantity 5578.33454997324 kpc>, <Quantity 5535.086782106957 kpc>, <Quantity 2310813997.154765 solMass>, <Quantity 1617754913.4583504 solMass>, <Quantity 10.26114439217089 kpc>, <Quantity 11.398780274335598 kpc>, -1, 0, 0, 0, 0, 0]
[634, 13416, <Quantity 5714.77811799959 kpc>, <Quantity 5404.580650646186 kpc>, <Quantity 5747.644618145111 kpc>, <Quantity 1795436804.327743 solMass>, <Quantity 1600177209.2784188 solMass>, <Quantity 9.433311527897702 kpc>, <Quantity 14.804978494513602 kpc>, -1, 0, 0, 0, 0, 0]
[642, 13412, <Quantity 4848.5300998577095 kpc>, <Quantity 5827.098256127402 kpc>, <Quantity 5917.913528916654 kpc>, <Quantity 1953117927.6660357 solMass>, <Quantity 1571689206.0105555 solMass>, <Quantity 9.701754734633354 kpc>, <Quantity 10.106654985504166 kpc>, -1, 0, 0, 0, 0, 0]
[643, 13411, <Quantity 5351.317856852118 kpc>, <Quantity 5373.945016593062 kpc>, <Quantity 5508.285867809061 kpc>, <Quantity 1814567897.7349656 solMass>, <Quantity 1570780014.3760338 solMass>, <Quantity 9.466698452570833 kpc>, <Quantity 13.824769841602462 kpc>, -1, 0, 0, 0, 0, 0]
[647, 13409, <Quantity 5629.929446944717 kpc>, <Quantity 5266.828051444023 kpc>, <Quantity 4625.863413941226 kpc>, <Quantity 1768056872.7568033 solMass>, <Quantity 1562900353.8268304 solMass>, <Quantity 9.385113863921363 kpc>, <Quantity 11.851818559474191 kpc>, -1, 0, 0, 0, 0, 0]
[655, 13405, <Quantity 4857.534499860809 kpc>, <Quantity 5656.764264407457 kpc>, <Quantity 5216.961973727263 kpc>, <Quantity 1961738616.4797597 solMass>, <Quantity 1536533797.5945866 solMass>, <Quantity 9.71600768156891 kpc>, <Quantity 10.700689524295251 kpc>, -1, 0, 0, 0, 0, 0]
[660, 13400, <Quantity 5854.2790696252805 kpc>, <Quantity 4866.571594236779 kpc>, <Quantity 5032.20872148905 kpc>, <Quantity 1754510840.7270975 solMass>, <Quantity 1523805115.1862783 solMass>, <Quantity 9.361084260751007 kpc>, <Quantity 16.1786986807994 kpc>, -1, 0, 0, 0, 0, 0]
[666, 13395, <Quantity 5356.685127299491 kpc>, <Quantity 4983.398200161891 kpc>, <Quantity 4805.826747305637 kpc>, <Quantity 1669290237.9524322 solMass>, <Quantity 1506530474.880512 solMass>, <Quantity 9.206998809027455 kpc>, <Quantity 13.348774520460259 kpc>, -1, 0, 0, 0, 0, 0]
[669, 13394, <Quantity 5174.98689185769 kpc>, <Quantity 5034.054615048178 kpc>, <Quantity 5048.001927230566 kpc>, <Quantity 1043650817.5047178 solMass>, <Quantity 1499560005.9426608 solMass>, <Quantity 7.872739384116304 kpc>, <Quantity 15.48088096450488 kpc>, -1, 0, 0, 0, 0, 0]
[671, 13393, <Quantity 5897.695512513958 kpc>, <Quantity 5133.756821059041 kpc>, <Quantity 5120.592760945919 kpc>, <Quantity 1730943379.935959 solMass>, <Quantity 1497741622.754216 solMass>, <Quantity 9.318980932641615 kpc>, <Quantity 8.655965940183892 kpc>, -1, 0, 0, 0, 0, 0]
[672, 13392, <Quantity 5795.206703410705 kpc>, <Quantity 4664.572743807868 kpc>, <Quantity 5643.724786320417 kpc>, <Quantity 1790183108.222134 solMass>, <Quantity 1496226303.3682325 solMass>, <Quantity 9.424101481218313 kpc>, <Quantity 10.299637418191617 kpc>, -1, 0, 0, 0, 0, 0]
[673, 13391, <Quantity 5976.014098526439 kpc>, <Quantity 5641.675991099282 kpc>, <Quantity 5243.201431775503 kpc>, <Quantity 1721352485.8926146 solMass>, <Quantity 1495317111.811286 solMass>, <Quantity 9.301737359910534 kpc>, <Quantity 14.125446674880802 kpc>, -1, 0, 0, 0, 0, 0]
[675, 13390, <Quantity 6133.045444467399 kpc>, <Quantity 5652.750087344724 kpc>, <Quantity 4718.5665780600975 kpc>, <Quantity 1445791799.9038444 solMass>, <Quantity 1492892600.917375 solMass>, <Quantity 8.776258126317964 kpc>, <Quantity 12.673920835461004 kpc>, -1, 0, 0, 0, 0, 0]
[676, 13387, <Quantity 5970.4071978906695 kpc>, <Quantity 5355.53434461111 kpc>, <Quantity 4754.963370323029 kpc>, <Quantity 1759965409.651919 solMass>, <Quantity 1481073110.1880453 solMass>, <Quantity 9.370775063725128 kpc>, <Quantity 11.263928195994202 kpc>, -1, 0, 0, 0, 0, 0]
[677, 13385, <Quantity 4892.315359820221 kpc>, <Quantity 5874.327886684233 kpc>, <Quantity 4770.152701585996 kpc>, <Quantity 1730188298.5431268 solMass>, <Quantity 1477739407.6855152 solMass>, <Quantity 9.317625676963981 kpc>, <Quantity 11.889182141539063 kpc>, -1, 0, 0, 0, 0, 0]
[678, 13386, <Quantity 4920.6118799064425 kpc>, <Quantity 5935.989036833162 kpc>, <Quantity 4830.2809359033345 kpc>, <Quantity 1865555913.6438053 solMass>, <Quantity 1477739407.6742823 solMass>, <Quantity 9.554549742706742 kpc>, <Quantity 12.316178527810361 kpc>, -1, 0, 0, 0, 0, 0]
[686, 13380, <Quantity 5319.6650423971605 kpc>, <Quantity 4895.97567851351 kpc>, <Quantity 4796.345595477375 kpc>, <Quantity 1855618476.4782572 solMass>, <Quantity 1461070895.0487978 solMass>, <Quantity 9.537554481971975 kpc>, <Quantity 11.908551827526532 kpc>, -1, 0, 0, 0, 0, 0]
[696, 13375, <Quantity 5285.204133424063 kpc>, <Quantity 5043.988220963261 kpc>, <Quantity 5281.779424176595 kpc>, <Quantity 1598463965.840479 solMass>, <Quantity 1429552253.0332072 solMass>, <Quantity 9.074898004548887 kpc>, <Quantity 10.249041112608152 kpc>, -1, 0, 0, 0, 0, 0]
[698, 13373, <Quantity 5577.454513126052 kpc>, <Quantity 5084.046841630802 kpc>, <Quantity 5391.265310295429 kpc>, <Quantity 1596396888.4831808 solMass>, <Quantity 1420763400.9425337 solMass>, <Quantity 9.070984537547393 kpc>, <Quantity 11.679872112732287 kpc>, -1, 0, 0, 0, 0, 0]
[700, 13371, <Quantity 5729.712933882111 kpc>, <Quantity 5619.969919352955 kpc>, <Quantity 4611.652792672038 kpc>, <Quantity 1514605391.3832107 solMass>, <Quantity 1403488760.6345336 solMass>, <Quantity 8.91334332893269 kpc>, <Quantity 12.327974028644068 kpc>, -1, 0, 0, 0, 0, 0]
[701, 13370, <Quantity 5223.082200374852 kpc>, <Quantity 5508.597684373139 kpc>, <Quantity 5427.260337451282 kpc>, <Quantity 1540273339.0601475 solMass>, <Quantity 1403185696.7943335 solMass>, <Quantity 8.963412882409525 kpc>, <Quantity 10.689857320937984 kpc>, -1, 0, 0, 0, 0, 0]
[702, 13369, <Quantity 5123.375302264985 kpc>, <Quantity 4982.520339406289 kpc>, <Quantity 5194.624807777538 kpc>, <Quantity 1536996927.3907785 solMass>, <Quantity 1399245866.5153682 solMass>, <Quantity 8.957052825432262 kpc>, <Quantity 13.55506951214473 kpc>, -1, 0, 0, 0, 0, 0]
[704, 13368, <Quantity 4863.665881592636 kpc>, <Quantity 5913.6205522227565 kpc>, <Quantity 4636.657765289261 kpc>, <Quantity 1701253946.16703 solMass>, <Quantity 1393487653.1079428 solMass>, <Quantity 9.265393126355704 kpc>, <Quantity 11.900344585741546 kpc>, -1, 0, 0, 0, 0, 0]
[706, 13367, <Quantity 5343.429374792466 kpc>, <Quantity 4625.921879704312 kpc>, <Quantity 5656.399614037715 kpc>, <Quantity 1624931594.030703 solMass>, <Quantity 1392578461.525742 solMass>, <Quantity 9.124711948028628 kpc>, <Quantity 11.653275873292998 kpc>, -1, 0, 0, 0, 0, 0]
[707, 13366, <Quantity 5094.14943703682 kpc>, <Quantity 5905.851514729871 kpc>, <Quantity 4858.142836325351 kpc>, <Quantity 1725737702.502154 solMass>, <Quantity 1390457014.4820135 solMass>, <Quantity 9.309629515305623 kpc>, <Quantity 12.490327503637264 kpc>, -1, 0, 0, 0, 0, 0]
[708, 13365, <Quantity 5074.845776840175 kpc>, <Quantity 5914.443593516975 kpc>, <Quantity 4843.679971567627 kpc>, <Quantity 1655207033.0362146 solMass>, <Quantity 1388941695.1126802 solMass>, <Quantity 9.181033599427723 kpc>, <Quantity 10.97644469951733 kpc>, -1, 0, 0, 0, 0, 0]
[709, 13364, <Quantity 4899.419068271292 kpc>, <Quantity 5934.874705729047 kpc>, <Quantity 4847.013519590449 kpc>, <Quantity 1658300596.3433914 solMass>, <Quantity 1385001864.8682885 solMass>, <Quantity 9.186749789213703 kpc>, <Quantity 10.497968288193668 kpc>, -1, 0, 0, 0, 0, 0]
[711, 13363, <Quantity 5930.809414710464 kpc>, <Quantity 4667.416077272808 kpc>, <Quantity 4685.112037103383 kpc>, <Quantity 1511936967.51426 solMass>, <Quantity 1381971226.1935048 solMass>, <Quantity 8.908105757975832 kpc>, <Quantity 13.85205336443725 kpc>, -1, 0, 0, 0, 0, 0]
[712, 13362, <Quantity 6270.968386024402 kpc>, <Quantity 5233.806126419689 kpc>, <Quantity 5239.133385460036 kpc>, <Quantity 1641608051.6347482 solMass>, <Quantity 1372576246.3899117 solMass>, <Quantity 9.155821003286327 kpc>, <Quantity 11.082700659394032 kpc>, -1, 0, 0, 0, 0, 0]
[715, 13361, <Quantity 5701.593199747825 kpc>, <Quantity 5332.173916362633 kpc>, <Quantity 5783.738010602832 kpc>, <Quantity 1737329931.1316953 solMass>, <Quantity 1364090458.103403 solMass>, <Quantity 9.330428081738814 kpc>, <Quantity 10.88378258862873 kpc>, -1, 0, 0, 0, 0, 0]
[716, 13360, <Quantity 6161.218782977347 kpc>, <Quantity 5667.451841434353 kpc>, <Quantity 4799.817879816229 kpc>, <Quantity 1557992125.6026256 solMass>, <Quantity 1354392414.4233277 solMass>, <Quantity 8.997652617881112 kpc>, <Quantity 11.257503422066081 kpc>, -1, 0, 0, 0, 0, 0]
[717, 13359, <Quantity 5839.299238978101 kpc>, <Quantity 5472.441903803484 kpc>, <Quantity 4600.066554154284 kpc>, <Quantity 1616250090.6664062 solMass>, <Quantity 1353786286.7020504 solMass>, <Quantity 9.10843275739314 kpc>, <Quantity 9.024995970394686 kpc>, -1, 0, 0, 0, 0, 0]
[718, 13358, <Quantity 5672.673734031701 kpc>, <Quantity 5103.703678997524 kpc>, <Quantity 5587.237311854048 kpc>, <Quantity 1509186232.0807593 solMass>, <Quantity 1352574031.187931 solMass>, <Quantity 8.902700171624087 kpc>, <Quantity 10.872753808138366 kpc>, -1, 0, 0, 0, 0, 0]
[719, 13357, <Quantity 5215.644987345317 kpc>, <Quantity 4813.558540974753 kpc>, <Quantity 5117.39905415529 kpc>, <Quantity 1496031420.6651492 solMass>, <Quantity 1349240328.7380924 solMass>, <Quantity 8.876757874753025 kpc>, <Quantity 16.346208517138795 kpc>, -1, 0, 0, 0, 0, 0]
[720, 13356, <Quantity 6291.047383132878 kpc>, <Quantity 4998.239875308141 kpc>, <Quantity 5250.234606657533 kpc>, <Quantity 1666282978.3234482 solMass>, <Quantity 1349240328.7354262 solMass>, <Quantity 9.201466621637724 kpc>, <Quantity 9.332002682869112 kpc>, -1, 0, 0, 0, 0, 0]
[721, 13355, <Quantity 5351.696467661526 kpc>, <Quantity 5667.791753429515 kpc>, <Quantity 5695.412127738865 kpc>, <Quantity 1520495964.1556633 solMass>, <Quantity 1348331137.245602 solMass>, <Quantity 8.924883579564863 kpc>, <Quantity 11.007327332909712 kpc>, -1, 0, 0, 0, 0, 0]
[723, 13354, <Quantity 6063.47688524851 kpc>, <Quantity 5737.395678736064 kpc>, <Quantity 5617.275568477193 kpc>, <Quantity 1628325362.9338398 solMass>, <Quantity 1344088243.0148978 solMass>, <Quantity 9.131060036734963 kpc>, <Quantity 10.919008222751843 kpc>, -1, 0, 0, 0, 0, 0]
[724, 13353, <Quantity 6265.791128012872 kpc>, <Quantity 5429.4551692684245 kpc>, <Quantity 5074.792243590042 kpc>, <Quantity 1574621952.485167 solMass>, <Quantity 1332874880.0032933 solMass>, <Quantity 9.029552685917285 kpc>, <Quantity 11.910388343755365 kpc>, -1, 0, 0, 0, 0, 0]
[726, 13352, <Quantity 4889.711001934501 kpc>, <Quantity 5824.298646695824 kpc>, <Quantity 5891.906020462325 kpc>, <Quantity 1486669088.941679 solMass>, <Quantity 1331662624.6270962 solMass>, <Quantity 8.858201864813918 kpc>, <Quantity 14.232518060362445 kpc>, -1, 0, 0, 0, 0, 0]
[727, 13351, <Quantity 6074.069493124595 kpc>, <Quantity 4897.828175004872 kpc>, <Quantity 5265.297846262847 kpc>, <Quantity 1537515426.1223626 solMass>, <Quantity 1330450369.0769753 solMass>, <Quantity 8.958059918833785 kpc>, <Quantity 10.513090161126891 kpc>, -1, 0, 0, 0, 0, 0]
[728, 13350, <Quantity 5497.348838000743 kpc>, <Quantity 4864.8321477128475 kpc>, <Quantity 5056.048920313882 kpc>, <Quantity 1737800240.2363186 solMass>, <Quantity 1321964580.853859 solMass>, <Quantity 9.33126994627387 kpc>, <Quantity 11.625631973181074 kpc>, -1, 0, 0, 0, 0, 0]
[730, 13349, <Quantity 5578.219955743982 kpc>, <Quantity 5443.258026278999 kpc>, <Quantity 5671.727470795177 kpc>, <Quantity 1447090721.5499933 solMass>, <Quantity 1314994111.9741945 solMass>, <Quantity 8.778885581501086 kpc>, <Quantity 9.196177237167097 kpc>, -1, 0, 0, 0, 0, 0]
[731, 13348, <Quantity 6205.583152116033 kpc>, <Quantity 4927.832273456743 kpc>, <Quantity 4738.203202423312 kpc>, <Quantity 1633422695.4311166 solMass>, <Quantity 1313175728.749249 solMass>, <Quantity 9.14057811115793 kpc>, <Quantity 11.042118697909197 kpc>, -1, 0, 0, 0, 0, 0]
[732, 13347, <Quantity 5576.0160514378285 kpc>, <Quantity 5139.267417146293 kpc>, <Quantity 4669.950504360041 kpc>, <Quantity 1397536257.7511559 solMass>, <Quantity 1311660409.421172 solMass>, <Quantity 8.677510818393687 kpc>, <Quantity 13.540740926771862 kpc>, -1, 0, 0, 0, 0, 0]
[735, 13345, <Quantity 5387.075658598866 kpc>, <Quantity 5419.725962767462 kpc>, <Quantity 5545.189245139916 kpc>, <Quantity 1439668567.3048685 solMass>, <Quantity 1301659301.9094763 solMass>, <Quantity 8.763850827126673 kpc>, <Quantity 12.678106032750142 kpc>, -1, 0, 0, 0, 0, 0]
[736, 13344, <Quantity 6285.824336233065 kpc>, <Quantity 5116.030078932788 kpc>, <Quantity 5117.132307814486 kpc>, <Quantity 1433119612.8193796 solMass>, <Quantity 1301659301.871616 solMass>, <Quantity 8.750541905587475 kpc>, <Quantity 10.825786073235703 kpc>, -1, 0, 0, 0, 0, 0]
[738, 13343, <Quantity 5881.634677246103 kpc>, <Quantity 5111.771015926132 kpc>, <Quantity 5700.733950354798 kpc>, <Quantity 1586414830.40833 solMass>, <Quantity 1289839811.0617404 solMass>, <Quantity 9.052038438830623 kpc>, <Quantity 12.188034960840024 kpc>, -1, 0, 0, 0, 0, 0]
[742, 13341, <Quantity 5323.130979772092 kpc>, <Quantity 4922.1028358810245 kpc>, <Quantity 4779.274060707507 kpc>, <Quantity 1392802092.252567 solMass>, <Quantity 1283475469.9515095 solMass>, <Quantity 8.667701353881034 kpc>, <Quantity 10.568380069062846 kpc>, -1, 0, 0, 0, 0, 0]
[743, 13340, <Quantity 5200.35647186088 kpc>, <Quantity 4927.423304186419 kpc>, <Quantity 5788.190275704443 kpc>, <Quantity 1503317806.5297804 solMass>, <Quantity 1282263214.532178 solMass>, <Quantity 8.891145887996194 kpc>, <Quantity 11.379488784834866 kpc>, -1, 0, 0, 0, 0, 0]
[745, 13338, <Quantity 5217.7267860847605 kpc>, <Quantity 4935.621818392104 kpc>, <Quantity 5785.6529496548255 kpc>, <Quantity 1631718975.0035179 solMass>, <Quantity 1278323384.2430577 solMass>, <Quantity 9.137399018317458 kpc>, <Quantity 11.947746548943458 kpc>, -1, 0, 0, 0, 0, 0]
[747, 13337, <Quantity 6053.427635098185 kpc>, <Quantity 5378.625988371555 kpc>, <Quantity 4783.8250336789215 kpc>, <Quantity 1446921440.5102684 solMass>, <Quantity 1273171298.5974927 solMass>, <Quantity 8.778543249397883 kpc>, <Quantity 9.613694688360884 kpc>, -1, 0, 0, 0, 0, 0]
[748, 13336, <Quantity 5753.377521122712 kpc>, <Quantity 5226.064054541543 kpc>, <Quantity 5926.869848061162 kpc>, <Quantity 1563917101.6987343 solMass>, <Quantity 1271655979.1695378 solMass>, <Quantity 9.009044083126456 kpc>, <Quantity 11.559805597687232 kpc>, -1, 0, 0, 0, 0, 0]
[749, 13335, <Quantity 5688.9361836627195 kpc>, <Quantity 5298.976250445627 kpc>, <Quantity 5796.512895520558 kpc>, <Quantity 1559389961.5980196 solMass>, <Quantity 1271049851.4340255 solMass>, <Quantity 9.000342722005456 kpc>, <Quantity 11.561857195960664 kpc>, -1, 0, 0, 0, 0, 0]
[750, 13334, <Quantity 5714.229549204033 kpc>, <Quantity 5086.669374056498 kpc>, <Quantity 4820.00563179812 kpc>, <Quantity 1503665600.0667422 solMass>, <Quantity 1270443723.7383828 solMass>, <Quantity 8.891831492558321 kpc>, <Quantity 9.179423546351657 kpc>, -1, 0, 0, 0, 0, 0]
[752, 13333, <Quantity 5414.314933109795 kpc>, <Quantity 4887.149905999515 kpc>, <Quantity 5221.099164044013 kpc>, <Quantity 1586002046.6200128 solMass>, <Quantity 1266806957.3360581 solMass>, <Quantity 9.051253259827197 kpc>, <Quantity 12.528591646067627 kpc>, -1, 0, 0, 0, 0, 0]
[753, 13331, <Quantity 6093.609563554605 kpc>, <Quantity 5499.461831547652 kpc>, <Quantity 5358.447566373108 kpc>, <Quantity 1460065384.7874646 solMass>, <Quantity 1258018105.2284033 solMass>, <Quantity 8.805044814489136 kpc>, <Quantity 14.48071433855625 kpc>, -1, 0, 0, 0, 0, 0]
[754, 13330, <Quantity 6158.811355427513 kpc>, <Quantity 5605.277203782569 kpc>, <Quantity 5991.066057370083 kpc>, <Quantity 1610154499.361801 solMass>, <Quantity 1257411977.4957578 solMass>, <Quantity 9.096967694146283 kpc>, <Quantity 11.845467450270792 kpc>, -1, 0, 0, 0, 0, 0]
[756, 13329, <Quantity 6246.570027447716 kpc>, <Quantity 4793.665206610506 kpc>, <Quantity 5492.317781722501 kpc>, <Quantity 1368458985.4592752 solMass>, <Quantity 1255896658.1297636 solMass>, <Quantity 8.61690683872622 kpc>, <Quantity 8.87321608545318 kpc>, -1, 0, 0, 0, 0, 0]
[758, 13328, <Quantity 5013.506071891563 kpc>, <Quantity 5148.467019919217 kpc>, <Quantity 6051.826096072658 kpc>, <Quantity 1452346797.3273926 solMass>, <Quantity 1252259891.8430529 solMass>, <Quantity 8.789501532959578 kpc>, <Quantity 9.932823415282375 kpc>, -1, 0, 0, 0, 0, 0]
[759, 13327, <Quantity 5549.759007734026 kpc>, <Quantity 5829.274498784988 kpc>, <Quantity 5683.188827337266 kpc>, <Quantity 1621210139.7387629 solMass>, <Quantity 1251653764.0816512 solMass>, <Quantity 9.117740751051068 kpc>, <Quantity 14.04785382934921 kpc>, -1, 0, 0, 0, 0, 0]
[760, 13326, <Quantity 5778.248961361403 kpc>, <Quantity 5676.212889378322 kpc>, <Quantity 4708.494215091375 kpc>, <Quantity 1335294821.8714874 solMass>, <Quantity 1247107806.0834289 solMass>, <Quantity 8.546727501056647 kpc>, <Quantity 14.700713652564792 kpc>, -1, 0, 0, 0, 0, 0]
[761, 13324, <Quantity 5296.521621738402 kpc>, <Quantity 5775.868164546219 kpc>, <Quantity 5732.7735706268395 kpc>, <Quantity 1638177005.040186 solMass>, <Quantity 1238622017.8714342 solMass>, <Quantity 9.149437839420923 kpc>, <Quantity 11.706121203194428 kpc>, -1, 0, 0, 0, 0, 0]
[764, 13322, <Quantity 5961.577591805735 kpc>, <Quantity 5481.2729237797985 kpc>, <Quantity 5439.4601099287365 kpc>, <Quantity 1438040568.1933024 solMass>, <Quantity 1236803634.678171 solMass>, <Quantity 8.760546149219081 kpc>, <Quantity 11.23835109012903 kpc>, -1, 0, 0, 0, 0, 0]
[765, 13321, <Quantity 5858.299420475643 kpc>, <Quantity 5555.662587728179 kpc>, <Quantity 5880.907237181704 kpc>, <Quantity 1448448694.7905126 solMass>, <Quantity 1232863804.4260693 solMass>, <Quantity 8.781630805501235 kpc>, <Quantity 13.94973164418985 kpc>, -1, 0, 0, 0, 0, 0]
[766, 13320, <Quantity 5416.064008803266 kpc>, <Quantity 5496.742746497398 kpc>, <Quantity 5520.947870302535 kpc>, <Quantity 1272697093.9555619 solMass>, <Quantity 1228620910.430827 solMass>, <Quantity 8.411029443264963 kpc>, <Quantity 10.714164095126787 kpc>, -1, 0, 0, 0, 0, 0]
[767, 13319, <Quantity 5555.022497947576 kpc>, <Quantity 4949.401161193645 kpc>, <Quantity 5345.992355598849 kpc>, <Quantity 1498323586.0675874 solMass>, <Quantity 1222256569.166134 solMass>, <Quantity 8.8812891107945 kpc>, <Quantity 8.399814140954545 kpc>, -1, 0, 0, 0, 0, 0]
[777, 13316, <Quantity 6136.231650598425 kpc>, <Quantity 5300.47101286082 kpc>, <Quantity 5025.666276841735 kpc>, <Quantity 1252305513.9253275 solMass>, <Quantity 1206497248.1457703 solMass>, <Quantity 8.365865923473486 kpc>, <Quantity 12.587606002374917 kpc>, -1, 0, 0, 0, 0, 0]
[778, 13315, <Quantity 6211.682164301992 kpc>, <Quantity 5419.67690071118 kpc>, <Quantity 5215.392344792674 kpc>, <Quantity 1300819633.4627492 solMass>, <Quantity 1205588056.5341997 solMass>, <Quantity 8.472530940367166 kpc>, <Quantity 11.989642969270296 kpc>, -1, 0, 0, 0, 0, 0]
[780, 13313, <Quantity 5985.971787718875 kpc>, <Quantity 5878.396398033896 kpc>, <Quantity 5673.834520027321 kpc>, <Quantity 1305663649.3565836 solMass>, <Quantity 1204375801.0626986 solMass>, <Quantity 8.483034634972192 kpc>, <Quantity 10.408903073335491 kpc>, -1, 0, 0, 0, 0, 0]
[782, 13312, <Quantity 5591.511668360958 kpc>, <Quantity 4899.966923965271 kpc>, <Quantity 5421.407651543844 kpc>, <Quantity 1345382772.1986668 solMass>, <Quantity 1202860481.7095644 solMass>, <Quantity 8.568196603878807 kpc>, <Quantity 11.44467884639418 kpc>, -1, 0, 0, 0, 0, 0]
[784, 13310, <Quantity 6146.34102799114 kpc>, <Quantity 5898.797002511749 kpc>, <Quantity 6301.604250096593 kpc>, <Quantity 1412785334.8098893 solMass>, <Quantity 1199829843.0635386 solMass>, <Quantity 8.708957980422973 kpc>, <Quantity 12.19945006737554 kpc>, -1, 0, 0, 0, 0, 0]
[785, 13309, <Quantity 5156.578953533365 kpc>, <Quantity 4838.124557858847 kpc>, <Quantity 4925.550912459704 kpc>, <Quantity 1314631742.4201999 solMass>, <Quantity 1198617587.6316614 solMass>, <Quantity 8.502412551964989 kpc>, <Quantity 11.499957971852893 kpc>, -1, 0, 0, 0, 0, 0]
[786, 13308, <Quantity 6226.933880927538 kpc>, <Quantity 5470.507871555935 kpc>, <Quantity 4714.239580220824 kpc>, <Quantity 1516837059.765518 solMass>, <Quantity 1198617587.6103585 solMass>, <Quantity 8.917718916337792 kpc>, <Quantity 10.580324780522469 kpc>, -1, 0, 0, 0, 0, 0]
[791, 13306, <Quantity 5707.948499892107 kpc>, <Quantity 5985.207879913411 kpc>, <Quantity 5723.208835242269 kpc>, <Quantity 1476584508.7342422 solMass>, <Quantity 1188919543.9545512 solMass>, <Quantity 8.838127009653604 kpc>, <Quantity 12.377348464081772 kpc>, -1, 0, 0, 0, 0, 0]
[792, 13305, <Quantity 5555.57727546345 kpc>, <Quantity 4981.184714946105 kpc>, <Quantity 5372.908930497649 kpc>, <Quantity 1298859893.8349602 solMass>, <Quantity 1187707288.4853194 solMass>, <Quantity 8.468274060223832 kpc>, <Quantity 16.23311041489524 kpc>, -1, 0, 0, 0, 0, 0]
[794, 13303, <Quantity 5039.069910321035 kpc>, <Quantity 4746.289663607623 kpc>, <Quantity 5058.73087638273 kpc>, <Quantity 1487728232.1891463 solMass>, <Quantity 1178009244.7693667 solMass>, <Quantity 8.860304972945453 kpc>, <Quantity 15.6699169036571 kpc>, -1, 0, 0, 0, 0, 0]
[798, 13302, <Quantity 5601.129299049121 kpc>, <Quantity 5612.297120028181 kpc>, <Quantity 6181.498924153774 kpc>, <Quantity 1210201847.4902275 solMass>, <Quantity 1169220392.6889362 solMass>, <Quantity 8.271039082367869 kpc>, <Quantity 16.724271680641312 kpc>, -1, 0, 0, 0, 0, 0]
[799, 13300, <Quantity 5400.665967520062 kpc>, <Quantity 6000.010269622184 kpc>, <Quantity 5547.630859899913 kpc>, <Quantity 1410115753.0342584 solMass>, <Quantity 1167402009.5035906 solMass>, <Quantity 8.703469075119761 kpc>, <Quantity 12.055371938358231 kpc>, -1, 0, 0, 0, 0, 0]
[804, 13297, <Quantity 6113.976816385639 kpc>, <Quantity 5495.339513394353 kpc>, <Quantity 5941.486194931463 kpc>, <Quantity 1340231313.3846855 solMass>, <Quantity 1163159115.3709965 solMass>, <Quantity 8.557246766515775 kpc>, <Quantity 11.463640650178444 kpc>, -1, 0, 0, 0, 0, 0]
[805, 13296, <Quantity 5510.597418157908 kpc>, <Quantity 4858.096838337554 kpc>, <Quantity 5494.916363047957 kpc>, <Quantity 1356435485.5459092 solMass>, <Quantity 1160128476.690522 solMass>, <Quantity 8.591596057103631 kpc>, <Quantity 10.387869829327522 kpc>, -1, 0, 0, 0, 0, 0]
[808, 13293, <Quantity 5720.810980403721 kpc>, <Quantity 5721.595978138164 kpc>, <Quantity 5942.792697346073 kpc>, <Quantity 1388148581.7868807 solMass>, <Quantity 1156491710.338381 solMass>, <Quantity 8.658037323769936 kpc>, <Quantity 10.80392626300173 kpc>, -1, 0, 0, 0, 0, 0]
[810, 13291, <Quantity 4969.832621626762 kpc>, <Quantity 5804.199186432993 kpc>, <Quantity 5842.946429679042 kpc>, <Quantity 1326837233.3095121 solMass>, <Quantity 1155582518.8014991 solMass>, <Quantity 8.528644638523684 kpc>, <Quantity 10.88347901936188 kpc>, -1, 0, 0, 0, 0, 0]
[811, 13290, <Quantity 5556.0124197856 kpc>, <Quantity 5577.160073110351 kpc>, <Quantity 6025.201038503345 kpc>, <Quantity 1235431073.9402134 solMass>, <Quantity 1152551880.107005 solMass>, <Quantity 8.328120032168528 kpc>, <Quantity 10.856473258698717 kpc>, -1, 0, 0, 0, 0, 0]
[812, 13289, <Quantity 6047.5447204992315 kpc>, <Quantity 4838.263589661657 kpc>, <Quantity 5108.894386017993 kpc>, <Quantity 1538378040.7187397 solMass>, <Quantity 1151339624.63204 solMass>, <Quantity 8.959734895754448 kpc>, <Quantity 9.766994701173282 kpc>, -1, 0, 0, 0, 0, 0]
[814, 13288, <Quantity 5369.717366987746 kpc>, <Quantity 6020.297607529129 kpc>, <Quantity 5551.137007742093 kpc>, <Quantity 1290396840.8928719 solMass>, <Quantity 1149218177.6452072 solMass>, <Quantity 8.449841568311244 kpc>, <Quantity 9.867552884193564 kpc>, -1, 0, 0, 0, 0, 0]
[816, 13286, <Quantity 5577.217150401435 kpc>, <Quantity 5474.153512168753 kpc>, <Quantity 5593.832377986991 kpc>, <Quantity 1324930258.513085 solMass>, <Quantity 1145278347.3346653 solMass>, <Quantity 8.524556795174444 kpc>, <Quantity 13.6039612304806 kpc>, -1, 0, 0, 0, 0, 0]
[817, 13285, <Quantity 5389.271759226765 kpc>, <Quantity 5330.364804156955 kpc>, <Quantity 5778.461667585767 kpc>, <Quantity 1445175572.9223983 solMass>, <Quantity 1144066091.8942952 solMass>, <Quantity 8.775011073643151 kpc>, <Quantity 13.986340903873904 kpc>, -1, 0, 0, 0, 0, 0]
[821, 13284, <Quantity 6303.943490743279 kpc>, <Quantity 5477.305173955767 kpc>, <Quantity 5229.663874182957 kpc>, <Quantity 1297693131.5582573 solMass>, <Quantity 1136489495.267422 solMass>, <Quantity 8.465737624801413 kpc>, <Quantity 9.49969102261256 kpc>, -1, 0, 0, 0, 0, 0]
[822, 13283, <Quantity 5356.698798269725 kpc>, <Quantity 4882.322460214194 kpc>, <Quantity 4842.362401261496 kpc>, <Quantity 1497262774.6297407 solMass>, <Quantity 1133458856.568941 solMass>, <Quantity 8.879192635000996 kpc>, <Quantity 9.841843788147317 kpc>, -1, 0, 0, 0, 0, 0]
[823, 13282, <Quantity 4914.021814832324 kpc>, <Quantity 5812.191164929648 kpc>, <Quantity 5870.760821724648 kpc>, <Quantity 1335577858.9079936 solMass>, <Quantity 1132852728.911193 solMass>, <Quantity 8.547331330135231 kpc>, <Quantity 10.071691827372774 kpc>, -1, 0, 0, 0, 0, 0]
[825, 13281, <Quantity 5221.585548468675 kpc>, <Quantity 5692.693758999702 kpc>, <Quantity 5561.019876718138 kpc>, <Quantity 1433358114.6179564 solMass>, <Quantity 1131640473.4423072 solMass>, <Quantity 8.751027304526522 kpc>, <Quantity 8.712170821410645 kpc>, -1, 0, 0, 0, 0, 0]
[826, 13280, <Quantity 5682.262339032079 kpc>, <Quantity 4925.57067559108 kpc>, <Quantity 5399.038205757695 kpc>, <Quantity 130412079901.16327 solMass>, <Quantity 1130731281.7655077 solMass>, <Quantity 39.359243533089995 kpc>, <Quantity 20.965158882690254 kpc>, -1, 0, 0, 0, 0, 0]
[830, 13278, <Quantity 5965.4723797438055 kpc>, <Quantity 5724.544352660939 kpc>, <Quantity 6230.619046848692 kpc>, <Quantity 1009380188.3137919 solMass>, <Quantity 1126185323.8003058 solMass>, <Quantity 7.7856055088277 kpc>, <Quantity 9.775574716290038 kpc>, -1, 0, 0, 0, 0, 0]
[832, 13276, <Quantity 5196.010697383861 kpc>, <Quantity 5774.0822644356695 kpc>, <Quantity 4863.050281122854 kpc>, <Quantity 1212983613.0646536 solMass>, <Quantity 1125579196.08124 solMass>, <Quantity 8.27737149309674 kpc>, <Quantity 13.922505825217105 kpc>, -1, 0, 0, 0, 0, 0]
[833, 13275, <Quantity 5806.912679611137 kpc>, <Quantity 4707.42251736518 kpc>, <Quantity 4678.03071337533 kpc>, <Quantity 1217724714.5678723 solMass>, <Quantity 1121336301.9661584 solMass>, <Quantity 8.288141860991097 kpc>, <Quantity 9.080790067592208 kpc>, -1, 0, 0, 0, 0, 0]
[834, 13274, <Quantity 6281.142489618274 kpc>, <Quantity 5615.482490163913 kpc>, <Quantity 5997.1844520143495 kpc>, <Quantity 1232257962.4012973 solMass>, <Quantity 1121033238.0670304 solMass>, <Quantity 8.320983869709464 kpc>, <Quantity 9.48776769999984 kpc>, -1, 0, 0, 0, 0, 0]
[835, 13272, <Quantity 5084.38336514721 kpc>, <Quantity 5874.219794326025 kpc>, <Quantity 6328.4396765970805 kpc>, <Quantity 1245448915.2470267 solMass>, <Quantity 1119517918.768941 solMass>, <Quantity 8.350569764462053 kpc>, <Quantity 13.108877155209417 kpc>, -1, 0, 0, 0, 0, 0]
[836, 13271, <Quantity 5826.996230827999 kpc>, <Quantity 5943.324806336523 kpc>, <Quantity 5869.702154503978 kpc>, <Quantity 1397237091.2233639 solMass>, <Quantity 1117093407.85206 solMass>, <Quantity 8.676891584359526 kpc>, <Quantity 9.873505976498244 kpc>, -1, 0, 0, 0, 0, 0]
[841, 13266, <Quantity 6293.869919109095 kpc>, <Quantity 4843.780569829866 kpc>, <Quantity 6176.688636101481 kpc>, <Quantity 1144456372.309952 solMass>, <Quantity 1102243278.3674119 solMass>, <Quantity 8.118464257286663 kpc>, <Quantity 10.513695282224253 kpc>, -1, 0, 0, 0, 0, 0]
[842, 13265, <Quantity 5687.04720996314 kpc>, <Quantity 5350.913962405577 kpc>, <Quantity 4639.424504266283 kpc>, <Quantity 1250546738.146708 solMass>, <Quantity 1099515703.6784177 solMass>, <Quantity 8.36194766346351 kpc>, <Quantity 10.268653372807607 kpc>, -1, 0, 0, 0, 0, 0]
[843, 13264, <Quantity 5838.481898497314 kpc>, <Quantity 5258.695731375162 kpc>, <Quantity 4834.800222219841 kpc>, <Quantity 1153545734.835714 solMass>, <Quantity 1098909575.9037662 solMass>, <Quantity 8.139900102552392 kpc>, <Quantity 8.02217779836447 kpc>, -1, 0, 0, 0, 0, 0]
[844, 13263, <Quantity 4900.397866726303 kpc>, <Quantity 6010.762882385838 kpc>, <Quantity 4700.045413128834 kpc>, <Quantity 1324479201.2692256 solMass>, <Quantity 1094969745.7065446 solMass>, <Quantity 8.523589322990707 kpc>, <Quantity 13.503515920387184 kpc>, -1, 0, 0, 0, 0, 0]
[850, 13262, <Quantity 5393.171515221273 kpc>, <Quantity 5881.766679383535 kpc>, <Quantity 5634.747810013919 kpc>, <Quantity 1273516192.1730988 solMass>, <Quantity 1084362510.407334 solMass>, <Quantity 8.412833481262773 kpc>, <Quantity 9.464167695590959 kpc>, -1, 0, 0, 0, 0, 0]
[853, 13260, <Quantity 5394.581603148664 kpc>, <Quantity 4864.274186703647 kpc>, <Quantity 5575.291031881905 kpc>, <Quantity 1215015776.8139167 solMass>, <Quantity 1081028807.9569967 solMass>, <Quantity 8.281991393207841 kpc>, <Quantity 8.8975396355814 kpc>, -1, 0, 0, 0, 0, 0]
[854, 13258, <Quantity 5840.615339246354 kpc>, <Quantity 5640.1294256040765 kpc>, <Quantity 4828.86333036297 kpc>, <Quantity 1195353062.9630585 solMass>, <Quantity 1080119616.255802 solMass>, <Quantity 8.237072123559118 kpc>, <Quantity 8.895597670212394 kpc>, -1, 0, 0, 0, 0, 0]
[855, 13257, <Quantity 5111.969526831044 kpc>, <Quantity 5014.346219657345 kpc>, <Quantity 5825.475113921673 kpc>, <Quantity 1425161381.4118652 solMass>, <Quantity 1079210424.711554 solMass>, <Quantity 8.734314337105532 kpc>, <Quantity 10.190695883241267 kpc>, -1, 0, 0, 0, 0, 0]
[857, 13256, <Quantity 5360.732286934104 kpc>, <Quantity 4919.230298135856 kpc>, <Quantity 5676.295798306202 kpc>, <Quantity 1283450936.2790353 solMass>, <Quantity 1078604296.9591265 solMass>, <Quantity 8.434653109538472 kpc>, <Quantity 11.577063321347856 kpc>, -1, 0, 0, 0, 0, 0]
[858, 13255, <Quantity 6136.102519426157 kpc>, <Quantity 6012.684839389046 kpc>, <Quantity 6210.838632865535 kpc>, <Quantity 1165200386.5441236 solMass>, <Quantity 1074058338.9652684 solMass>, <Quantity 8.167221657276167 kpc>, <Quantity 11.00308433786346 kpc>, -1, 0, 0, 0, 0, 0]
[865, 13249, <Quantity 5316.316427709306 kpc>, <Quantity 5985.6897896411465 kpc>, <Quantity 5620.480353779137 kpc>, <Quantity 1008724661.813574 solMass>, <Quantity 1064057231.4689461 solMass>, <Quantity 7.783919729764878 kpc>, <Quantity 14.313922082704861 kpc>, -1, 0, 0, 0, 0, 0]
[867, 13248, <Quantity 5027.030900088105 kpc>, <Quantity 5207.345471381637 kpc>, <Quantity 5149.214561154034 kpc>, <Quantity 1343506454.869096 solMass>, <Quantity 1061329656.5905004 solMass>, <Quantity 8.564211583014353 kpc>, <Quantity 11.490857861435725 kpc>, -1, 0, 0, 0, 0, 0]
[869, 13246, <Quantity 5910.629249417885 kpc>, <Quantity 4818.69151030035 kpc>, <Quantity 5881.109422108105 kpc>, <Quantity 1274144575.4197867 solMass>, <Quantity 1057995954.056674 solMass>, <Quantity 8.414216951268942 kpc>, <Quantity 9.79185516135632 kpc>, -1, 0, 0, 0, 0, 0]
[870, 13244, <Quantity 5029.702896100175 kpc>, <Quantity 5078.700284602301 kpc>, <Quantity 5079.185569684531 kpc>, <Quantity 1211824103.6791432 solMass>, <Quantity 1054359187.7001841 solMass>, <Quantity 8.274733164035611 kpc>, <Quantity 10.656901262636207 kpc>, -1, 0, 0, 0, 0, 0]
[871, 13243, <Quantity 5777.097026141468 kpc>, <Quantity 5141.707562599053 kpc>, <Quantity 4832.8563993761545 kpc>, <Quantity 1178414398.548469 solMass>, <Quantity 1052843868.3849016 solMass>, <Quantity 8.197979271522716 kpc>, <Quantity 9.996763069015765 kpc>, -1, 0, 0, 0, 0, 0]
[872, 13242, <Quantity 5663.0932122671165 kpc>, <Quantity 5374.176115251061 kpc>, <Quantity 4673.769530127135 kpc>, <Quantity 1244655461.616924 solMass>, <Quantity 1051631612.9521115 solMass>, <Quantity 8.34879605396344 kpc>, <Quantity 10.28483442735576 kpc>, -1, 0, 0, 0, 0, 0]
[873, 13241, <Quantity 5779.232119128671 kpc>, <Quantity 5278.290115607651 kpc>, <Quantity 5692.736263687651 kpc>, <Quantity 1317680205.8944848 solMass>, <Quantity 1048297910.3404768 solMass>, <Quantity 8.508979482340202 kpc>, <Quantity 12.998403216286249 kpc>, -1, 0, 0, 0, 0, 0]
[875, 13240, <Quantity 5540.432566139372 kpc>, <Quantity 5490.281091911588 kpc>, <Quantity 5554.09705689975 kpc>, <Quantity 1247094231.3433955 solMass>, <Quantity 1044055016.2960331 solMass>, <Quantity 8.354245355098476 kpc>, <Quantity 9.642258338544465 kpc>, -1, 0, 0, 0, 0, 0]
[879, 13237, <Quantity 5088.776995246282 kpc>, <Quantity 5225.848426458992 kpc>, <Quantity 5256.654038618471 kpc>, <Quantity 1225762204.0865617 solMass>, <Quantity 1037084547.3659968 solMass>, <Quantity 8.306336948794998 kpc>, <Quantity 10.522635483619533 kpc>, -1, 0, 0, 0, 0, 0]
[881, 13235, <Quantity 5973.777026778989 kpc>, <Quantity 5381.944743900749 kpc>, <Quantity 5480.9122175533785 kpc>, <Quantity 1074896091.3250837 solMass>, <Quantity 1035569227.9975147 solMass>, <Quantity 7.9505339602165845 kpc>, <Quantity 9.813281990995288 kpc>, -1, 0, 0, 0, 0, 0]
[883, 13234, <Quantity 6292.636862384176 kpc>, <Quantity 4864.865700850854 kpc>, <Quantity 5383.905605336091 kpc>, <Quantity 1275865808.790921 solMass>, <Quantity 1032538589.3894864 solMass>, <Quantity 8.418004149517168 kpc>, <Quantity 9.625973050961433 kpc>, -1, 0, 0, 0, 0, 0]
[886, 13231, <Quantity 5715.423093424341 kpc>, <Quantity 5410.8325030485885 kpc>, <Quantity 5493.869714509036 kpc>, <Quantity 1381202578.1369066 solMass>, <Quantity 1026174248.2074157 solMass>, <Quantity 8.643572170530577 kpc>, <Quantity 9.849142199180642 kpc>, -1, 0, 0, 0, 0, 0]
[888, 13229, <Quantity 5934.548980862837 kpc>, <Quantity 5706.509613041682 kpc>, <Quantity 6200.6871698620225 kpc>, <Quantity 1146417134.4001632 solMass>, <Quantity 1019506843.1722013 solMass>, <Quantity 8.123097984166815 kpc>, <Quantity 11.179726527262543 kpc>, -1, 0, 0, 0, 0, 0]
[889, 13228, <Quantity 5360.160929175715 kpc>, <Quantity 4949.481001199041 kpc>, <Quantity 4694.130235402098 kpc>, <Quantity 1119257423.3497236 solMass>, <Quantity 1018597651.5893626 solMass>, <Quantity 8.058436664698052 kpc>, <Quantity 10.757758586449816 kpc>, -1, 0, 0, 0, 0, 0]
