yt : [INFO     ] 2017-07-25 14:05:50,691 Parameters: current_time              = 6.86908774404e+16
yt : [INFO     ] 2017-07-25 14:05:50,691 Parameters: domain_dimensions         = [2 2 2]
yt : [INFO     ] 2017-07-25 14:05:50,691 Parameters: domain_left_edge          = [ 0.  0.  0.]
yt : [INFO     ] 2017-07-25 14:05:50,692 Parameters: domain_right_edge         = [  3.33803290e+25   3.33803290e+25   3.33803290e+25]
yt : [INFO     ] 2017-07-25 14:05:50,692 Parameters: cosmological_simulation   = 1
yt : [INFO     ] 2017-07-25 14:05:50,692 Parameters: current_redshift          = 2.99999995845
yt : [INFO     ] 2017-07-25 14:05:50,692 Parameters: omega_lambda              = 0.712
yt : [INFO     ] 2017-07-25 14:05:50,693 Parameters: omega_matter              = 0.288
yt : [INFO     ] 2017-07-25 14:05:50,693 Parameters: hubble_constant           = 0.6933
yt : [INFO     ] 2017-07-25 14:05:50,853 Parameters: current_time              = 289.00812565849
yt : [INFO     ] 2017-07-25 14:05:50,853 Parameters: domain_dimensions         = [128 128 128]
yt : [INFO     ] 2017-07-25 14:05:50,854 Parameters: domain_left_edge          = [ 0.  0.  0.]
yt : [INFO     ] 2017-07-25 14:05:50,854 Parameters: domain_right_edge         = [ 1.  1.  1.]
yt : [INFO     ] 2017-07-25 14:05:50,855 Parameters: cosmological_simulation   = 1
yt : [INFO     ] 2017-07-25 14:05:50,855 Parameters: current_redshift          = 2.9999999584502
yt : [INFO     ] 2017-07-25 14:05:50,855 Parameters: omega_lambda              = 0.712
yt : [INFO     ] 2017-07-25 14:05:50,855 Parameters: omega_matter              = 0.288
yt : [INFO     ] 2017-07-25 14:05:50,855 Parameters: hubble_constant           = 0.6933
yt : [INFO     ] 2017-07-25 14:05:50,858 Allocating for 1.370e+04 particles (index particle type 'all')
yt : [INFO     ] 2017-07-25 14:05:50,865 Identified 4.537e+03 octs
IsSatellite
IsSatellite
IsSatellite
173 0.4777008657891481 solMass / solMass
174 0.6158915364896551 solMass / solMass
IsSatellite
IsSatellite
IsSatellite
IsSatellite
IsSatellite
198 4.238350659700524 solMass / solMass
200 1.8482051846688812 solMass / solMass
206 4.915454951186668 solMass / solMass
IsSatellite
217 28.87742212079601 solMass / solMass
IsSatellite
228 31.80093977907602 solMass / solMass
237 62.25780208128418 solMass / solMass
238 5.347146665189087 solMass / solMass
240 3.420560248266595 solMass / solMass
241 3.2741045394955735 solMass / solMass
244 2.867006038713452 solMass / solMass
IsSatellite
247 21.449138306544704 solMass / solMass
IsSatellite
252 46.57008770568675 solMass / solMass
256 2.8669266967696787 solMass / solMass
261 8.97090698041254 solMass / solMass
263 12.368433481651328 solMass / solMass
264 3.565673142195292 solMass / solMass
267 6.689564908048777 solMass / solMass
268 4.641778597420441 solMass / solMass
270 7.705605602121237 solMass / solMass
272 1.5119375111605355 solMass / solMass
275 2.1704635826742105 solMass / solMass
277 64.71345820573862 solMass / solMass
280 4.679243234515874 solMass / solMass
281 6.59813218037038 solMass / solMass
283 24.798478986505582 solMass / solMass
284 0.8800985350687617 solMass / solMass
287 12.063323516732263 solMass / solMass
288 16.56805032861164 solMass / solMass
292 1.212757955967304 solMass / solMass
293 12.639661222156588 solMass / solMass
294 18.756431962618816 solMass / solMass
295 2.45209869255633 solMass / solMass
296 8.705994645028403 solMass / solMass
297 38.75433249885446 solMass / solMass
298 15.094766442148309 solMass / solMass
303 48.219504144436954 solMass / solMass
304 4.581455017553404 solMass / solMass
307 1.4711735106282093 solMass / solMass
308 7.824455315709817 solMass / solMass
312 8.739632983891404 solMass / solMass
316 16.43274270901534 solMass / solMass
317 7.66278158230445 solMass / solMass
IsSatellite
326 24511.64576010829 solMass / solMass
327 10.424610515357339 solMass / solMass
331 166.31764873559132 solMass / solMass
336 8.388261275166844 solMass / solMass
338 16.455458643133092 solMass / solMass
340 10.592926131908595 solMass / solMass
342 80.93942461371263 solMass / solMass
343 7.881154560397446 solMass / solMass
344 4.682288029396651 solMass / solMass
346 8.603436055033779 solMass / solMass
348 12.042581733599082 solMass / solMass
350 21.197945282239207 solMass / solMass
351 16.48649565802464 solMass / solMass
353 15.254098012976419 solMass / solMass
358 35.02743060128737 solMass / solMass
360 9.379166199482857 solMass / solMass
363 1.1423195206761383 solMass / solMass
364 3.6380308139608823 solMass / solMass
365 7.733139381566272 solMass / solMass
367 5.173012115214511 solMass / solMass
368 5.573280155357397 solMass / solMass
369 24.51595898028405 solMass / solMass
370 8.158511680944143 solMass / solMass
371 48.985810256099626 solMass / solMass
372 56.84735285481423 solMass / solMass
373 26.335956425352787 solMass / solMass
375 120.25067919797624 solMass / solMass
376 8.478023856994369 solMass / solMass
380 4.019057126201963 solMass / solMass
381 13.760169882192047 solMass / solMass
389 3.613680796271568 solMass / solMass
390 29.87261676648457 solMass / solMass
396 11.471031208918902 solMass / solMass
399 9.929001013543383 solMass / solMass
400 11.310049379087996 solMass / solMass
403 13.875156198612304 solMass / solMass
405 2.5688990411569224 solMass / solMass
406 7.083221893494685 solMass / solMass
409 41.71516340055259 solMass / solMass
413 4.742359434594727 solMass / solMass
415 51.60464900600261 solMass / solMass
416 8.695047618188859 solMass / solMass
417 11.092238438449733 solMass / solMass
418 1.6022568463039653 solMass / solMass
IsSatellite
423 2.7480114078616924 solMass / solMass
425 113.28715206468871 solMass / solMass
427 16.257682731352407 solMass / solMass
429 5.402482933516075 solMass / solMass
431 1.7109698543856837 solMass / solMass
434 12.869911196708776 solMass / solMass
436 331.67302058962713 solMass / solMass
438 18.906994140897766 solMass / solMass
439 20.921171496147412 solMass / solMass
442 15.240853368166006 solMass / solMass
443 71.86639899668205 solMass / solMass
444 29.692051043165836 solMass / solMass
449 23.994193391869118 solMass / solMass
451 28.268324554839854 solMass / solMass
452 11.741520597650709 solMass / solMass
453 6.250167960461667 solMass / solMass
454 1.6202439454513413 solMass / solMass
455 337.4715334234043 solMass / solMass
460 36.895086676905166 solMass / solMass
463 10.52368975232697 solMass / solMass
465 49.002960079466746 solMass / solMass
466 18.612582719896032 solMass / solMass
471 15.615453180294276 solMass / solMass
474 15.334495737861358 solMass / solMass
478 5.453979483049046 solMass / solMass
480 31.782337089692447 solMass / solMass
483 25.01073732466737 solMass / solMass
484 5.121662372850406 solMass / solMass
485 33.1484677736975 solMass / solMass
486 23.516932050209682 solMass / solMass
487 13.92600478300649 solMass / solMass
492 32.820057084708885 solMass / solMass
493 25.64493666383623 solMass / solMass
494 413.53798462934225 solMass / solMass
496 11.87565069697872 solMass / solMass
497 5.326064333739971 solMass / solMass
501 35.8433120413422 solMass / solMass
502 32.96456762951048 solMass / solMass
505 28.50089153588264 solMass / solMass
507 193.41502313158807 solMass / solMass
508 23.89030378540597 solMass / solMass
509 10.16376851774484 solMass / solMass
510 15.195339505197564 solMass / solMass
511 28.235618558621564 solMass / solMass
514 8.497893572679239 solMass / solMass
515 36.30404002328848 solMass / solMass
521 5.841254891173238 solMass / solMass
522 7.446885906677041 solMass / solMass
524 0.9881220809641504 solMass / solMass
531 33.85753898588469 solMass / solMass
541 10.769142636594871 solMass / solMass
543 22.1847570394644 solMass / solMass
544 477.4098900813797 solMass / solMass
545 8.88255936354856 solMass / solMass
546 448.16103907062063 solMass / solMass
550 180.3504330530064 solMass / solMass
557 13.887796991188443 solMass / solMass
563 56.15466518566093 solMass / solMass
565 4.345778407542176 solMass / solMass
567 149.13079597384487 solMass / solMass
570 74.48673500918721 solMass / solMass
574 12.092777781911508 solMass / solMass
577 11.374956951530358 solMass / solMass
578 14.931979807462627 solMass / solMass
582 21.73904238784299 solMass / solMass
584 21.994583348191547 solMass / solMass
587 27.078379989907322 solMass / solMass
588 5.834678703475681 solMass / solMass
589 94.27722744960695 solMass / solMass
590 53.628028531685835 solMass / solMass
591 24.14014605937714 solMass / solMass
594 26.396805986644058 solMass / solMass
596 129.18405220166113 solMass / solMass
599 20.90445938853731 solMass / solMass
601 595.0080830007081 solMass / solMass
603 3.671961964153534 solMass / solMass
605 57.966711819528506 solMass / solMass
607 34.10364301146206 solMass / solMass
608 8.81947801256862 solMass / solMass
609 39.45036579121781 solMass / solMass
610 6.653388073888488 solMass / solMass
611 40.512150466404854 solMass / solMass
612 130.98027157524925 solMass / solMass
613 117.03713811608212 solMass / solMass
IsSatellite
621 53.91610227319036 solMass / solMass
626 24.826054447149705 solMass / solMass
627 633.3815754905121 solMass / solMass
628 40.13923197953375 solMass / solMass
630 82.21513673090989 solMass / solMass
634 271.8826548385914 solMass / solMass
642 5.8252412555737845 solMass / solMass
643 33.62990127277156 solMass / solMass
647 67.24783495241209 solMass / solMass
655 7.465741708486816 solMass / solMass
660 14.522083145485638 solMass / solMass
666 15.03506889838361 solMass / solMass
669 132.2299852024672 solMass / solMass
671 25.035321317979193 solMass / solMass
672 2.745598464621847 solMass / solMass
673 24.517459944021063 solMass / solMass
675 74.09066692558795 solMass / solMass
676 17.239958027550518 solMass / solMass
677 17.397133735471193 solMass / solMass
678 15.0920437497687 solMass / solMass
686 19.331918728125896 solMass / solMass
696 22.76897288454085 solMass / solMass
698 815.8575024105528 solMass / solMass
700 17.05837017655052 solMass / solMass
701 40.45375009126764 solMass / solMass
702 87.40690578802686 solMass / solMass
704 9.778259213933287 solMass / solMass
706 53.601512572991545 solMass / solMass
707 15.16170704481384 solMass / solMass
708 16.47288775821998 solMass / solMass
709 16.989975103010707 solMass / solMass
711 5.998415914219023 solMass / solMass
712 51.9133660531999 solMass / solMass
715 187.94679740946737 solMass / solMass
716 74.71402100765845 solMass / solMass
717 18.751453181870936 solMass / solMass
718 38.10528404308401 solMass / solMass
719 33.682483874611286 solMass / solMass
720 34.221539066820796 solMass / solMass
721 140.75486842223322 solMass / solMass
723 36.57573381157483 solMass / solMass
724 69.06707636715187 solMass / solMass
726 12.359556998075483 solMass / solMass
727 54.29784923673539 solMass / solMass
728 3.680187686116546 solMass / solMass
730 417.35364774627527 solMass / solMass
731 0.7731622756912536 solMass / solMass
732 82.18645266007654 solMass / solMass
735 344.46889718687794 solMass / solMass
736 22.114585971475446 solMass / solMass
738 26.614586466138142 solMass / solMass
742 23.548789342287222 solMass / solMass
743 14.665136766161696 solMass / solMass
745 13.680239943402286 solMass / solMass
747 22.73626790442435 solMass / solMass
748 83.29548556468691 solMass / solMass
749 97.32462124976023 solMass / solMass
750 69.78587909072803 solMass / solMass
752 22.042079639365184 solMass / solMass
753 74.7554806335059 solMass / solMass
754 30.51993810448629 solMass / solMass
756 16.728329452141086 solMass / solMass
758 4.225161754469791 solMass / solMass
759 79.34722698824699 solMass / solMass
760 12.257509000835844 solMass / solMass
761 72.18371248291871 solMass / solMass
764 223.8393024016625 solMass / solMass
765 106.62127856819937 solMass / solMass
766 384.34361755525254 solMass / solMass
767 857.6371856666045 solMass / solMass
777 49.4973733137016 solMass / solMass
778 66.82130484138753 solMass / solMass
780 54.048129998187704 solMass / solMass
782 950.4177003495633 solMass / solMass
784 66.41530110113246 solMass / solMass
785 43.66180370708439 solMass / solMass
786 34.94853743171157 solMass / solMass
791 74.52554422780699 solMass / solMass
792 996.5549523463255 solMass / solMass
794 34.31193811179234 solMass / solMass
798 20.660271082745744 solMass / solMass
799 14.134792496402184 solMass / solMass
804 20.77097010885879 solMass / solMass
805 962.7239911624823 solMass / solMass
808 34.11305904295012 solMass / solMass
810 15.003643002486182 solMass / solMass
811 23.0900335958607 solMass / solMass
812 40.90347157489187 solMass / solMass
814 14.428402467794632 solMass / solMass
816 441.35382214062554 solMass / solMass
817 32.496698518887996 solMass / solMass
821 52.054427285228556 solMass / solMass
822 21.552017044841513 solMass / solMass
823 14.213658428824296 solMass / solMass
825 45.945948795193566 solMass / solMass
826 8.723015457988256 solMass / solMass
830 55.25590304206975 solMass / solMass
832 15.942060553684676 solMass / solMass
833 8.105720548090082 solMass / solMass
834 5.943260182841072 solMass / solMass
835 2.7791990784514216 solMass / solMass
836 91.46574291830987 solMass / solMass
841 0.0 solMass / solMass
842 87.48313098810253 solMass / solMass
843 69.83621519312186 solMass / solMass
844 15.742780434002098 solMass / solMass
850 76.96698385186056 solMass / solMass
853 91.44664585987634 solMass / solMass
854 7.3025450945622 solMass / solMass
855 11.250613424487224 solMass / solMass
857 82.6365536216819 solMass / solMass
858 72.20915728383946 solMass / solMass
865 31.110288775964342 solMass / solMass
867 211.75905432707177 solMass / solMass
869 5.2203006767911955 solMass / solMass
870 222.21878281571716 solMass / solMass
871 92.68254531342828 solMass / solMass
872 91.84822886955808 solMass / solMass
873 110.77536218697875 solMass / solMass
875 389.1064047862671 solMass / solMass
879 227.68137103284772 solMass / solMass
881 311.35046779255987 solMass / solMass
883 31.25617078039069 solMass / solMass
886 463.02402386630166 solMass / solMass
888 54.5595569976815 solMass / solMass
889 24.912011361418724 solMass / solMass
891 19.156303812349027 solMass / solMass
892 27.999746130052177 solMass / solMass
893 92.77034106482087 solMass / solMass
IsSatellite
895 32.451476312640786 solMass / solMass
898 153.02659192128522 solMass / solMass
900 133.4544968542322 solMass / solMass
IsSatellite
905 139.26459573785257 solMass / solMass
906 84.96877395129846 solMass / solMass
907 110.48198361335153 solMass / solMass
908 38.62439459662671 solMass / solMass
911 24.296181457023494 solMass / solMass
916 41.35081859108961 solMass / solMass
919 94.97348045631918 solMass / solMass
920 119.90397323584402 solMass / solMass
924 18.093487228340955 solMass / solMass
927 400.6377608060045 solMass / solMass
929 82.0475604535075 solMass / solMass
932 28.765923032056147 solMass / solMass
933 24.187986596027375 solMass / solMass
934 40.377561634967606 solMass / solMass
935 119.04300055278283 solMass / solMass
IsSatellite
939 111.04214808563506 solMass / solMass
940 1353.162348992319 solMass / solMass
941 42.21884744718325 solMass / solMass
945 127.08158624125853 solMass / solMass
957 99.66716782139203 solMass / solMass
958 21.080543273884786 solMass / solMass
975 159.9008537698733 solMass / solMass
977 155.91068686396935 solMass / solMass
978 24.282108653933644 solMass / solMass
979 479.1773100589907 solMass / solMass
980 88.21661503981836 solMass / solMass
985 40.12625307095807 solMass / solMass
986 130.2016360624221 solMass / solMass
990 15.066373636125373 solMass / solMass
991 64.8631668077425 solMass / solMass
992 28.51267129580007 solMass / solMass
995 71.74296763304726 solMass / solMass
IsSatellite
1006 30.91148127395084 solMass / solMass
1009 114.62896647133556 solMass / solMass
1010 70.16059975956018 solMass / solMass
1012 174.1522335598204 solMass / solMass
IsSatellite
1015 16.46164924669971 solMass / solMass
1016 40.392091027753196 solMass / solMass
1018 34.577737516448835 solMass / solMass
1019 23.264570223525887 solMass / solMass
1022 86.97032509643928 solMass / solMass
1023 131.79364211251365 solMass / solMass
1024 109.83480031463701 solMass / solMass
1026 11.713475269804507 solMass / solMass
1027 40.90505972905258 solMass / solMass
1029 78.01051657261917 solMass / solMass
1032 60.17192110319125 solMass / solMass
1033 42.582207464983235 solMass / solMass
1037 80.56624249241588 solMass / solMass
1039 0.6176499617014086 solMass / solMass
1040 1327.1148843594854 solMass / solMass
1042 73.60731476287114 solMass / solMass
1043 1370.3955690206162 solMass / solMass
1046 123.93791633349032 solMass / solMass
1047 3.782891081994829 solMass / solMass
1048 46.30712142815071 solMass / solMass
1049 18.146693426785337 solMass / solMass
1052 28.935975331910857 solMass / solMass
1057 4.094970376217205 solMass / solMass
1059 131.54275984500924 solMass / solMass
1060 113.14159126563534 solMass / solMass
1062 14.722560318166757 solMass / solMass
1063 69.27013600276393 solMass / solMass
1066 69.06846366384912 solMass / solMass
1073 99.34903203456967 solMass / solMass
1075 85.8172074670696 solMass / solMass
1076 292.4336952863431 solMass / solMass
1078 139.3823159650721 solMass / solMass
1080 60.999985601655744 solMass / solMass
1084 16.589557377498895 solMass / solMass
1085 104.18347763365028 solMass / solMass
1087 177.16428535235306 solMass / solMass
IsSatellite
1091 48.62727849372403 solMass / solMass
1093 201.49114458505375 solMass / solMass
1095 39.130535249387115 solMass / solMass
1096 506.33176087772085 solMass / solMass
1097 8.913071769013841 solMass / solMass
1099 156.86144955127455 solMass / solMass
1100 153.9861571531859 solMass / solMass
1102 18.990244038859657 solMass / solMass
1108 203.60127565108823 solMass / solMass
1109 11.856405070247014 solMass / solMass
1110 255.3909346494596 solMass / solMass
1113 184.7799374113381 solMass / solMass
1115 7.444683571146422 solMass / solMass
1116 459.83425504773305 solMass / solMass
1117 87.01446031065824 solMass / solMass
1121 30.266128131224853 solMass / solMass
1123 1812.0321951785609 solMass / solMass
1125 201.97926381060228 solMass / solMass
1127 75.8225613381746 solMass / solMass
1131 279.17928786881475 solMass / solMass
1136 117.26679722078316 solMass / solMass
1139 355.18228560000904 solMass / solMass
1140 14.682670084781519 solMass / solMass
1143 72.17618808455522 solMass / solMass
1144 34.83330459003628 solMass / solMass
1150 147.38135653392743 solMass / solMass
1155 2.21484101628219 solMass / solMass
1157 16.34642111701926 solMass / solMass
1160 34.62466183388129 solMass / solMass
1166 32.60349468134712 solMass / solMass
1169 143.14055778946818 solMass / solMass
1170 184.4763391682352 solMass / solMass
1171 50.59376915753313 solMass / solMass
1172 249.36577495803405 solMass / solMass
1176 191.10859091063 solMass / solMass
1182 57.736147194739395 solMass / solMass
1184 4.476643525181971 solMass / solMass
1185 36.31078067064796 solMass / solMass
1189 88.38371193559009 solMass / solMass
1199 68.86627632716774 solMass / solMass
1200 23.80184091377123 solMass / solMass
1202 1628.5076321859187 solMass / solMass
1204 168.48912201892395 solMass / solMass
1205 39.73377728240894 solMass / solMass
1206 176.09970126978718 solMass / solMass
1207 160.78237120065444 solMass / solMass
1209 63.92930171181621 solMass / solMass
1210 34.54357595871085 solMass / solMass
1211 26.50466152760248 solMass / solMass
1212 49.534551698490084 solMass / solMass
1215 257.7857609096378 solMass / solMass
1216 119.57891662321303 solMass / solMass
1218 55.691010991131634 solMass / solMass
1221 103.00017824755298 solMass / solMass
1222 378.16764803130894 solMass / solMass
1225 116.99984636800835 solMass / solMass
1227 137.1801616191333 solMass / solMass
1230 337.475102536489 solMass / solMass
IsSatellite
1235 137.65086834765128 solMass / solMass
1237 431.8554684486664 solMass / solMass
1239 32.86986635903897 solMass / solMass
1240 81.97629229003789 solMass / solMass
1243 22.456380467323296 solMass / solMass
1245 1046.321690865359 solMass / solMass
1247 39.53968200857665 solMass / solMass
1248 140.00111164692984 solMass / solMass
1250 926.074390673674 solMass / solMass
1251 203.17995987193265 solMass / solMass
1252 827.6983784065669 solMass / solMass
1253 225.64662305287703 solMass / solMass
1255 27.408499166150925 solMass / solMass
1257 14.55637653398924 solMass / solMass
1258 45.76606834358656 solMass / solMass
1261 240.948726113295 solMass / solMass
1262 34.336872204069934 solMass / solMass
1263 83.54877447982349 solMass / solMass
1265 0.9903632245116905 solMass / solMass
1266 48.80989643285654 solMass / solMass
1267 8.53229673191783 solMass / solMass
1276 149.82548105307905 solMass / solMass
1277 112.66441744687224 solMass / solMass
1278 73.20968359721968 solMass / solMass
1280 125.85860454320722 solMass / solMass
1281 720.0292729526519 solMass / solMass
1285 133.7022486857734 solMass / solMass
1291 20.104331998650544 solMass / solMass
1293 565.3111502227941 solMass / solMass
1294 239.88449727896221 solMass / solMass
1295 30.45762643262401 solMass / solMass
1296 112.5549380143346 solMass / solMass
1301 6.6841903265616915 solMass / solMass
1305 55.970328538954604 solMass / solMass
1306 2.76997848833711 solMass / solMass
1307 23.514159937261965 solMass / solMass
1308 54.16466210570977 solMass / solMass
1310 103.06522866089217 solMass / solMass
1313 910.8447370531314 solMass / solMass
1314 754.4123882297611 solMass / solMass
1315 49.140357978527256 solMass / solMass
1317 681.4650817228974 solMass / solMass
1320 2098.0052133075624 solMass / solMass
1321 50.81306384532315 solMass / solMass
1323 112.40454697786471 solMass / solMass
1326 6.100523417393196 solMass / solMass
1327 28.452291643114915 solMass / solMass
1330 33.02384388969186 solMass / solMass
IsSatellite
1335 96.09228534281065 solMass / solMass
1336 484.9455084734057 solMass / solMass
1341 81.46950411491261 solMass / solMass
1342 4.053179684812929 solMass / solMass
1343 481.11109450941177 solMass / solMass
1348 20.97265171450246 solMass / solMass
1349 80.28510095538013 solMass / solMass
1351 878.3627278706316 solMass / solMass
1352 184.10027025219125 solMass / solMass
1354 19.927358975575267 solMass / solMass
1355 39.596263807336044 solMass / solMass
1356 138.15530787189118 solMass / solMass
1358 23.35011941561901 solMass / solMass
1361 139.84387577817873 solMass / solMass
IsSatellite
1364 49.39476209587034 solMass / solMass
1368 59.33016758508309 solMass / solMass
1370 17.17324359882735 solMass / solMass
1371 74.80674370254353 solMass / solMass
1372 26.145656836360214 solMass / solMass
1374 170.827995003037 solMass / solMass
1375 46.74913734690995 solMass / solMass
1376 118.47541560046703 solMass / solMass
1378 38.1331374617191 solMass / solMass
1380 28.784589838008667 solMass / solMass
1381 173.20865266021684 solMass / solMass
1382 49.2559250966426 solMass / solMass
1383 1176.5214322496213 solMass / solMass
1384 119.75166221922682 solMass / solMass
1387 985.6524242592017 solMass / solMass
1391 408.3115436176894 solMass / solMass
1392 54.04413664846116 solMass / solMass
1393 15.73359323743664 solMass / solMass
1394 800.1737126027482 solMass / solMass
1395 21.80478892206637 solMass / solMass
1396 139.78482140080507 solMass / solMass
1398 6.405880857874332 solMass / solMass
1401 34.56639231999843 solMass / solMass
1402 83.56782233523812 solMass / solMass
1404 234.46191922903108 solMass / solMass
IsSatellite
IsSatellite
1409 543.5030216479169 solMass / solMass
1412 39.99415161377632 solMass / solMass
1414 62.345698716150146 solMass / solMass
1415 120.26036312880768 solMass / solMass
1416 127.09596093913049 solMass / solMass
1417 42.96927051260985 solMass / solMass
1421 87.56010951961656 solMass / solMass
1422 105.1052562528671 solMass / solMass
1423 7.1065747512346 solMass / solMass
1427 6.790974587551939 solMass / solMass
1428 61.127663447087826 solMass / solMass
1429 91.75803990764707 solMass / solMass
1431 174.2333914634844 solMass / solMass
1433 43.414934846027904 solMass / solMass
1436 0.6330736378656241 solMass / solMass
1437 194.27338686258477 solMass / solMass
1441 657.9490769831135 solMass / solMass
1442 9.275668059577574 solMass / solMass
1443 58.98833125719726 solMass / solMass
1448 83.49272655991238 solMass / solMass
1452 179.43912130823816 solMass / solMass
IsSatellite
1459 7.242575633133898 solMass / solMass
1462 42.31181161313051 solMass / solMass
1464 6.332049381265241 solMass / solMass
1467 19.26250864135993 solMass / solMass
1469 118.72323400894352 solMass / solMass
1470 115.25172787602125 solMass / solMass
1471 128.38299787602529 solMass / solMass
1472 29.511593278980694 solMass / solMass
1475 57.94873101067876 solMass / solMass
1476 991.7635480671993 solMass / solMass
1477 56.31312731462991 solMass / solMass
1479 8.646297149687504 solMass / solMass
1484 35.51427572376147 solMass / solMass
1485 755.996751886045 solMass / solMass
1486 318.8922148290704 solMass / solMass
1487 32.83550435065475 solMass / solMass
IsSatellite
1490 64.76745450209933 solMass / solMass
1491 32.62134958762467 solMass / solMass
1492 233.44606727593214 solMass / solMass
1493 739.040940282711 solMass / solMass
1494 49.42169315611827 solMass / solMass
1496 340.074603156184 solMass / solMass
1498 18.022772285334483 solMass / solMass
1499 679.7533330457494 solMass / solMass
1501 210.6874863570759 solMass / solMass
1504 185.02109716460583 solMass / solMass
1507 100.76218228738075 solMass / solMass
IsSatellite
1509 235.01495362505062 solMass / solMass
1511 322.36847025272937 solMass / solMass
1513 2430.423790949809 solMass / solMass
1514 171.37729261513664 solMass / solMass
1519 65.82480082132378 solMass / solMass
1523 145.0564636239688 solMass / solMass
1524 204.48137563768117 solMass / solMass
1527 1436.6431552251977 solMass / solMass
1531 2712.2578004741813 solMass / solMass
1532 499.02674655861784 solMass / solMass
1534 20.45407564973257 solMass / solMass
1535 86.0064567094985 solMass / solMass
1536 706.7461661049408 solMass / solMass
1537 427.94824200680915 solMass / solMass
HaloMassEqualZero
1539 505.1019641243733 solMass / solMass
1540 12.728839192804008 solMass / solMass
1541 53.614271937534525 solMass / solMass
1542 15.603465713136616 solMass / solMass
IsSatellite
1545 181.01376615888339 solMass / solMass
1546 185.27364650580614 solMass / solMass
1549 1065.1738870993152 solMass / solMass
1551 740.5490281228888 solMass / solMass
1552 205.78936150521386 solMass / solMass
1554 51.602399509186235 solMass / solMass
1558 104.19082219656934 solMass / solMass
1560 228.38824066194462 solMass / solMass
1561 16.963556873174614 solMass / solMass
1563 326.2159757706166 solMass / solMass
IsSatellite
1566 23.915193801717773 solMass / solMass
1568 63.79532847007851 solMass / solMass
1569 19.013108206405548 solMass / solMass
1570 279.1696378678931 solMass / solMass
1572 49.401504268811 solMass / solMass
1575 954.341234786959 solMass / solMass
1576 184.61500645856145 solMass / solMass
1580 8.64186821103548 solMass / solMass
1582 406.70653928170015 solMass / solMass
1585 518.1859436397959 solMass / solMass
1586 162.18490783305654 solMass / solMass
1587 20.946214925901554 solMass / solMass
1588 59.05553001185858 solMass / solMass
1592 206.50799860274887 solMass / solMass
1593 1611.6711258616149 solMass / solMass
1595 6.26055851750726 solMass / solMass
1596 22.7187934640182 solMass / solMass
1599 123.62148884501003 solMass / solMass
1600 215.2042851124148 solMass / solMass
1605 43.80326360721944 solMass / solMass
1606 31.799482408660996 solMass / solMass
1607 477853.5806319286 solMass / solMass
1610 25.21170135900461 solMass / solMass
1612 98.51842057845758 solMass / solMass
1614 102.31428869461296 solMass / solMass
1617 121.38031186469028 solMass / solMass
1618 255.9483162619636 solMass / solMass
1619 420.79365638689535 solMass / solMass
1620 88.65670203067249 solMass / solMass
1621 100.25046654228524 solMass / solMass
1622 4.4775328108456725 solMass / solMass
1624 140.12379721540862 solMass / solMass
1628 28.649759137887315 solMass / solMass
1629 736.3001135206923 solMass / solMass
1631 29.28803733001317 solMass / solMass
1632 160.3143603032222 solMass / solMass
1633 84.85314606472586 solMass / solMass
1635 50.731443831224766 solMass / solMass
1639 6.9427995293176075 solMass / solMass
1640 249.6446830907024 solMass / solMass
1641 177.4636241563432 solMass / solMass
1642 36.35354621362419 solMass / solMass
IsSatellite
1644 690.1751473341692 solMass / solMass
1645 207.14989107818678 solMass / solMass
1648 64.66414568526645 solMass / solMass
IsSatellite
1650 166.40941377089536 solMass / solMass
1651 127.81563996963585 solMass / solMass
1653 359.30011485163794 solMass / solMass
1655 71.8574620741938 solMass / solMass
1656 600.2543519089988 solMass / solMass
1658 3087.288997622673 solMass / solMass
1659 110.81412882093669 solMass / solMass
1660 266.7049820514175 solMass / solMass
1662 460.4692633283933 solMass / solMass
1663 155.88887058288844 solMass / solMass
1665 470.5519838134591 solMass / solMass
1666 610.152050837156 solMass / solMass
1670 17.09577896144505 solMass / solMass
1671 137.06640840439272 solMass / solMass
1674 3.018689183714703 solMass / solMass
1675 50.84259973814815 solMass / solMass
1677 1220.7468424612596 solMass / solMass
1678 1072.2864297238655 solMass / solMass
1681 217.75613001340693 solMass / solMass
1690 104.53348459302737 solMass / solMass
1692 32.945930127674664 solMass / solMass
1694 2125.652964266925 solMass / solMass
1696 55.285091107986794 solMass / solMass
HaloMassEqualZero
1702 263.4377462408408 solMass / solMass
1704 200.1105827016094 solMass / solMass
1707 146.4263622796856 solMass / solMass
1709 94.65774487915655 solMass / solMass
1710 135.57009890949195 solMass / solMass
IsSatellite
1715 130.07460056083696 solMass / solMass
1716 156.38987086177838 solMass / solMass
1717 178.6553771580233 solMass / solMass
1719 150.87989517246595 solMass / solMass
1722 1347.7710253527127 solMass / solMass
1724 43.04274137499454 solMass / solMass
1725 171.44781375349186 solMass / solMass
1727 66.49463672891169 solMass / solMass
1728 670.7475215393066 solMass / solMass
1729 50.793227012366295 solMass / solMass
1736 72.27151013871725 solMass / solMass
1747 57.393725459060505 solMass / solMass
1750 15.196305362531335 solMass / solMass
1753 22.41193871043995 solMass / solMass
1755 3.0161497627478915 solMass / solMass
1757 1712.9329303989723 solMass / solMass
1758 3362.585113157367 solMass / solMass
1760 570.420684106931 solMass / solMass
1761 122.11855886166633 solMass / solMass
1763 44.445149030367396 solMass / solMass
1764 48.939761157490075 solMass / solMass
1765 155.56080816862263 solMass / solMass
1768 0.0 solMass / solMass
1769 128.21067318942062 solMass / solMass
IsSatellite
1771 20.007518459151836 solMass / solMass
1773 314.2527680746969 solMass / solMass
1774 1519.1167370842304 solMass / solMass
1775 11.968653570260505 solMass / solMass
1776 140.6022641188705 solMass / solMass
1778 3146.222401249135 solMass / solMass
1779 820.2711930575244 solMass / solMass
1780 47.205850295062234 solMass / solMass
1784 42.73022454813486 solMass / solMass
1786 2950.244984664205 solMass / solMass
1787 237.1442107186854 solMass / solMass
1788 45.75641888140724 solMass / solMass
1789 71.11119065054558 solMass / solMass
1790 200.37526051294455 solMass / solMass
1791 84.4610885805472 solMass / solMass
1792 322.95478345372067 solMass / solMass
1795 56.38270369615445 solMass / solMass
1796 99.58676664101809 solMass / solMass
1798 162.19636687627693 solMass / solMass
1800 253.45512810380706 solMass / solMass
1801 60.15194090992674 solMass / solMass
1802 2094.3877837449195 solMass / solMass
1807 223.00698848401234 solMass / solMass
1808 319.8238738756912 solMass / solMass
1809 121.75788148370967 solMass / solMass
1814 46.114522399770564 solMass / solMass
IsSatellite
1817 59.31284735676472 solMass / solMass
1818 124.79673578119669 solMass / solMass
1821 470.37538138103525 solMass / solMass
1823 261.8937451741384 solMass / solMass
1824 24.767071345923135 solMass / solMass
1827 230.457466557243 solMass / solMass
1831 438.7606424605546 solMass / solMass
1832 171.06276737491976 solMass / solMass
1836 72.76496190472662 solMass / solMass
1841 63.87198412705273 solMass / solMass
1843 262.2965226030345 solMass / solMass
1844 224.19368174899188 solMass / solMass
1849 141.52348257394488 solMass / solMass
1853 356.4833005060336 solMass / solMass
1857 130.24223724270732 solMass / solMass
1858 776.6920706571937 solMass / solMass
1860 130.510827599518 solMass / solMass
1869 37.32369001552454 solMass / solMass
HaloMassEqualZero
1876 796.1903056458966 solMass / solMass
1878 104.58734675343965 solMass / solMass
1879 76.52388707763345 solMass / solMass
1881 65.90146044872226 solMass / solMass
1885 58.67622661959037 solMass / solMass
IsSatellite
HaloMassEqualZero
1890 1507.7289312973062 solMass / solMass
1897 146.9948510922403 solMass / solMass
1899 73.85650749999559 solMass / solMass
1900 222.85050119677058 solMass / solMass
1904 63.176036945053255 solMass / solMass
1905 9.895220102437309 solMass / solMass
1906 35.58036205326106 solMass / solMass
1909 74.80607760897071 solMass / solMass
1910 10.994134709444747 solMass / solMass
1911 175.29014075958713 solMass / solMass
1912 1401.5574593454571 solMass / solMass
1914 62.4353866067109 solMass / solMass
1915 933.6043091551011 solMass / solMass
1917 1.184257593482342 solMass / solMass
IsSatellite
1919 172.6368852116473 solMass / solMass
1920 1289.8546933544144 solMass / solMass
1921 429.2700331345718 solMass / solMass
1924 791.5759836224427 solMass / solMass
1928 140.91486258240198 solMass / solMass
1930 14.342615433118167 solMass / solMass
1933 144.09729944753067 solMass / solMass
1939 50.8942612026615 solMass / solMass
1944 1356.8793603171175 solMass / solMass
1949 31.24247563253662 solMass / solMass
1950 295.41158407924985 solMass / solMass
1953 419.588284976543 solMass / solMass
1956 286.77577397725196 solMass / solMass
1959 52.02392700208826 solMass / solMass
1960 75.96411021180656 solMass / solMass
1964 840.6746301193392 solMass / solMass
1965 172.69276384258544 solMass / solMass
IsSatellite
1968 1377.4150262980572 solMass / solMass
1970 5.895020285376344 solMass / solMass
1972 369.71387845501596 solMass / solMass
1973 290.34074309483384 solMass / solMass
1974 45.86092811098496 solMass / solMass
1975 120.88183320204081 solMass / solMass
1984 323.44189485930343 solMass / solMass
1986 1902.815561378115 solMass / solMass
IsSatellite
1992 449.54230891674433 solMass / solMass
1993 209.24662999185256 solMass / solMass
1994 338.1641237803274 solMass / solMass
1997 89.51147084539855 solMass / solMass
1998 171.762856946166 solMass / solMass
2006 108.79497305603782 solMass / solMass
2008 744.6477962641766 solMass / solMass
IsSatellite
2019 66.54566329262231 solMass / solMass
2022 10.713930139443024 solMass / solMass
2024 54.789387983630114 solMass / solMass
2026 76.83077906234443 solMass / solMass
2027 92.75295422457229 solMass / solMass
2028 146.07586406228702 solMass / solMass
2029 29.99056211268314 solMass / solMass
2032 11.889544139644576 solMass / solMass
2033 91.30347140474906 solMass / solMass
2034 132.6674972629903 solMass / solMass
2035 93.49815127087275 solMass / solMass
2036 68.62140583215337 solMass / solMass
2038 486.93336852857516 solMass / solMass
2039 74.80527994449692 solMass / solMass
IsSatellite
2043 379.7685191041169 solMass / solMass
IsSatellite
2049 94.46751730916566 solMass / solMass
2050 19.97644594439538 solMass / solMass
2051 15.110539927819433 solMass / solMass
2052 63.06626150640769 solMass / solMass
2053 158.92539512577787 solMass / solMass
2054 1118.873518504361 solMass / solMass
2056 149.59334652234094 solMass / solMass
2060 270.48577753014337 solMass / solMass
2061 76.45541387821382 solMass / solMass
2064 722.772346989514 solMass / solMass
2065 165.44894358502714 solMass / solMass
2069 202.06295482875873 solMass / solMass
2070 59.095117161963884 solMass / solMass
2071 217.5734465747367 solMass / solMass
2073 55.23945738151736 solMass / solMass
2074 78.46289794868466 solMass / solMass
2075 250.16583569293343 solMass / solMass
2080 21.12706262267138 solMass / solMass
2081 46.490359860950896 solMass / solMass
2083 148.28898508741634 solMass / solMass
2085 105.13237718338976 solMass / solMass
2086 12.582348908240919 solMass / solMass
2091 114.06377270077361 solMass / solMass
2092 152.0678388222815 solMass / solMass
2094 72.56920400988987 solMass / solMass
2095 42.38077147924596 solMass / solMass
2096 661.2135181155797 solMass / solMass
2098 69.85896375907681 solMass / solMass
2100 66.33132666571402 solMass / solMass
2102 321.02273453677986 solMass / solMass
2103 46.72178121268329 solMass / solMass
2108 315.37991398676206 solMass / solMass
2109 963.6226564544666 solMass / solMass
2110 437.91049960959236 solMass / solMass
2113 8.652814665876292 solMass / solMass
2115 292.49449145884677 solMass / solMass
2117 19.36761369186796 solMass / solMass
2118 77.40711554995232 solMass / solMass
2120 552.6984458499946 solMass / solMass
2125 51.23816783925065 solMass / solMass
2126 338.85759861009404 solMass / solMass
2129 3180.758404027002 solMass / solMass
2130 2.5174588519815777 solMass / solMass
2131 14.275732706980198 solMass / solMass
2136 310.429530537964 solMass / solMass
2139 121.7759873325979 solMass / solMass
2141 265.17249926906976 solMass / solMass
2146 1.5795950742340963 solMass / solMass
2149 19.44821517343553 solMass / solMass
2152 57.142305940799915 solMass / solMass
2153 7021.713958870669 solMass / solMass
2155 72.29970369528034 solMass / solMass
2157 300.21236559504365 solMass / solMass
2158 0.0 solMass / solMass
2159 407.99493531687074 solMass / solMass
2160 12.184749825117937 solMass / solMass
2162 80.50007329486976 solMass / solMass
2163 108.64511431318736 solMass / solMass
IsSatellite
2165 58.23611243636011 solMass / solMass
2168 56.79961408760512 solMass / solMass
2169 310.3215122220838 solMass / solMass
2170 23.04940142044001 solMass / solMass
2172 79.4855554615119 solMass / solMass
2173 87.92363480875922 solMass / solMass
2174 124.82480766718433 solMass / solMass
2176 529.4485268710223 solMass / solMass
IsSatellite
2182 13.064546191491978 solMass / solMass
2184 302.247867040619 solMass / solMass
2186 41.48907424506032 solMass / solMass
2187 88.16524533166357 solMass / solMass
2188 229.39973243878697 solMass / solMass
2192 128.47316359522586 solMass / solMass
2196 73.7641983527956 solMass / solMass
2200 164.14147259314166 solMass / solMass
2203 976.9662825293578 solMass / solMass
IsSatellite
2210 7743.175968091147 solMass / solMass
2211 952.1741381099539 solMass / solMass
2213 381.2694430939708 solMass / solMass
2215 1086.286264035013 solMass / solMass
2217 363.43733387483104 solMass / solMass
2218 409.04714202930774 solMass / solMass
2220 82.35226679738784 solMass / solMass
2221 38.13189909897828 solMass / solMass
2222 57.201628736615234 solMass / solMass
2224 27.662742188588776 solMass / solMass
2226 106.87468046717419 solMass / solMass
2227 42.51849631156772 solMass / solMass
2228 308.92073388961677 solMass / solMass
2229 316.3335828933268 solMass / solMass
2232 809.49355976537 solMass / solMass
2234 206.60247435577415 solMass / solMass
2237 911.843621880201 solMass / solMass
2239 489.75659268363285 solMass / solMass
2241 1553.9830621812991 solMass / solMass
2242 8300.658832368128 solMass / solMass
2243 209.06133799525261 solMass / solMass
2244 343.1658160487744 solMass / solMass
2246 1785.1713737143473 solMass / solMass
2247 130.31218618485266 solMass / solMass
2248 32.66941314442403 solMass / solMass
2249 205.27586819218004 solMass / solMass
2253 481.9126466302977 solMass / solMass
2260 164.37802120326748 solMass / solMass
2261 784.2228897626405 solMass / solMass
2262 218.20950523210067 solMass / solMass
2263 56.878062664370816 solMass / solMass
2266 312.8410376837762 solMass / solMass
2267 395.5002309522818 solMass / solMass
2273 19.502151377226703 solMass / solMass
2274 415.5870789058834 solMass / solMass
2275 211.43304219960564 solMass / solMass
IsSatellite
2277 180.96713364680738 solMass / solMass
2279 259.38887844154993 solMass / solMass
2280 264.82976614186947 solMass / solMass
2282 57.75128762559705 solMass / solMass
IsSatellite
2284 180.9115652774664 solMass / solMass
2286 153.51084396788445 solMass / solMass
2287 64.856892815362 solMass / solMass
2288 65.9149675442103 solMass / solMass
IsSatellite
2291 139.18427298054272 solMass / solMass
2292 35.09941739244918 solMass / solMass
2294 69.90694463061595 solMass / solMass
2295 35.712256949742454 solMass / solMass
2296 1841.8436794223767 solMass / solMass
IsSatellite
2298 37.24243591113314 solMass / solMass
2299 4766.9224958062 solMass / solMass
2301 230.85745223421333 solMass / solMass
2304 49.751329518927164 solMass / solMass
2306 49.02072146063001 solMass / solMass
2308 34.947440020780924 solMass / solMass
2309 221.43671760371697 solMass / solMass
2310 138.66589604263783 solMass / solMass
2314 74.33549378225067 solMass / solMass
2315 282.74229935362865 solMass / solMass
2319 40.419947244331695 solMass / solMass
2320 263.1772287813967 solMass / solMass
2321 302.91192519021035 solMass / solMass
2325 875.0949729976782 solMass / solMass
2328 37.02093560828226 solMass / solMass
2329 149.0589091407873 solMass / solMass
IsSatellite
2333 677.9144456245699 solMass / solMass
2336 43.48251889780614 solMass / solMass
IsSatellite
2338 171.92030602200157 solMass / solMass
2339 892.5634599472797 solMass / solMass
2342 29.65140265748068 solMass / solMass
2343 218.194158822998 solMass / solMass
IsSatellite
2346 58.47975163746984 solMass / solMass
2349 285.58413479702205 solMass / solMass
2351 6.315260213401099 solMass / solMass
2352 81.46457799185188 solMass / solMass
IsSatellite
2354 477.3791817164588 solMass / solMass
2355 110.70181547014882 solMass / solMass
2359 141.22223278349952 solMass / solMass
2360 66.08188878493225 solMass / solMass
2361 330.3240896167296 solMass / solMass
2362 155.59908355389348 solMass / solMass
2366 44.63354155086347 solMass / solMass
2367 4.0223685880419575 solMass / solMass
2373 217.06738563679244 solMass / solMass
2374 335.5629818786702 solMass / solMass
2378 308.3134817463508 solMass / solMass
IsSatellite
2381 122.18897360952808 solMass / solMass
2382 2377.495110294458 solMass / solMass
2384 181.09102697312542 solMass / solMass
2385 198.03315066915516 solMass / solMass
2386 319.49858187403663 solMass / solMass
2387 19.167589791929224 solMass / solMass
2389 64.70588336040977 solMass / solMass
2390 117.36452490076793 solMass / solMass
2391 38.91563694882727 solMass / solMass
2393 1119.1493319788558 solMass / solMass
2394 15.17516727918377 solMass / solMass
2395 482.73442897985205 solMass / solMass
2396 624.7386133980748 solMass / solMass
2399 1133.1240097204986 solMass / solMass
2400 145.15136577276274 solMass / solMass
IsSatellite
2402 72.29340684850104 solMass / solMass
2407 5234.214770625057 solMass / solMass
2408 1838.3818181994648 solMass / solMass
2409 573.2521345828852 solMass / solMass
2413 155.6292697432049 solMass / solMass
IsSatellite
2418 420.78996125699445 solMass / solMass
2419 1211.8175827092869 solMass / solMass
2420 72.82814838111875 solMass / solMass
2421 410.0544319720379 solMass / solMass
2422 69.61421652558334 solMass / solMass
2424 92.66687441154802 solMass / solMass
2425 0.8166160907192616 solMass / solMass
2429 469.18601102702854 solMass / solMass
2430 45.136251351685615 solMass / solMass
2432 11.862679383633237 solMass / solMass
2433 257.154885713344 solMass / solMass
2434 618.3611044953269 solMass / solMass
IsSatellite
2436 179.29182414271267 solMass / solMass
2437 36.500902030071686 solMass / solMass
2438 69.67049961185818 solMass / solMass
IsSatellite
2442 983.0441738759523 solMass / solMass
2443 246.7941744687296 solMass / solMass
2446 204.86771949375066 solMass / solMass
2447 2.817298960300764 solMass / solMass
2451 392.6148811870817 solMass / solMass
2452 66.65734893502642 solMass / solMass
2453 38.54145671492318 solMass / solMass
2454 25296.598588619974 solMass / solMass
IsSatellite
2459 14.257128959523085 solMass / solMass
2460 185.92715380809685 solMass / solMass
2461 38.50076316954016 solMass / solMass
2462 555.9805181929573 solMass / solMass
2466 219.66762782979296 solMass / solMass
2470 431.69809257169953 solMass / solMass
2476 156.80012085236015 solMass / solMass
2477 189.15238554358075 solMass / solMass
2478 449.31607724018386 solMass / solMass
2479 132.73511076900104 solMass / solMass
2482 6300.352338725628 solMass / solMass
2483 85.68820550788953 solMass / solMass
2484 451.0048125926256 solMass / solMass
IsSatellite
2487 319.28303833472586 solMass / solMass
2488 190.5910143167339 solMass / solMass
2489 107.8369042042558 solMass / solMass
2490 206.55013500582032 solMass / solMass
2492 90.34293178987434 solMass / solMass
2495 132.1580334600288 solMass / solMass
2496 198.94099210219002 solMass / solMass
2498 5576.914077862511 solMass / solMass
2500 109.26283882460034 solMass / solMass
2501 482.6906616358825 solMass / solMass
IsSatellite
IsSatellite
2505 516.532429775442 solMass / solMass
2506 261.0852381284235 solMass / solMass
2508 148.98474081678359 solMass / solMass
2511 339.1523252484812 solMass / solMass
2512 262.75892306504534 solMass / solMass
2513 413.9943744373177 solMass / solMass
2514 374.9150994802503 solMass / solMass
2515 86.45837391296618 solMass / solMass
2516 73.73316037150478 solMass / solMass
2517 348.31940755749696 solMass / solMass
2518 0.0 solMass / solMass
2519 115.89153243885156 solMass / solMass
2520 108.10362179465854 solMass / solMass
2521 6.3279303899904225 solMass / solMass
2522 683.0331416342148 solMass / solMass
2524 5756.671905582923 solMass / solMass
2527 138.2665935528099 solMass / solMass
2530 7277.3479399042135 solMass / solMass
2532 77.5700937943064 solMass / solMass
2534 124.6200589573448 solMass / solMass
IsSatellite
IsSatellite
IsSatellite
2541 556.6624915233444 solMass / solMass
2545 76.09175091355284 solMass / solMass
2546 57.78052120793845 solMass / solMass
IsSatellite
2549 2103.4237288055724 solMass / solMass
2550 872.918061311386 solMass / solMass
IsSatellite
2552 53.22985322198617 solMass / solMass
2556 252.7023771805908 solMass / solMass
2557 80.44395297364247 solMass / solMass
2558 2.16686571264661 solMass / solMass
2561 1023.8243767364838 solMass / solMass
2562 4214.369634523079 solMass / solMass
2564 4674.647256126956 solMass / solMass
2565 505.96842633533225 solMass / solMass
2566 465.16613798772124 solMass / solMass
2567 184.95559237764888 solMass / solMass
2569 1587.5462337951521 solMass / solMass
2571 159.11130851794348 solMass / solMass
2572 72.9174268102788 solMass / solMass
2573 3183.459265197885 solMass / solMass
2578 475.0531063350496 solMass / solMass
2579 74.55440070809051 solMass / solMass
2584 550.3081082356595 solMass / solMass
2585 263.5906533968044 solMass / solMass
2590 215.0105471453854 solMass / solMass
2592 427.36261371346336 solMass / solMass
2593 970.6739112811218 solMass / solMass
2594 281.40003584188406 solMass / solMass
2596 1197.3634037752424 solMass / solMass
IsSatellite
2599 163.91567592531845 solMass / solMass
2603 2146.113158265323 solMass / solMass
2606 247.3507712774117 solMass / solMass
2607 1350.7019322148506 solMass / solMass
2609 493.6130789688082 solMass / solMass
2611 9.911184982198009 solMass / solMass
2613 124.88214427753135 solMass / solMass
2615 135.3983619399634 solMass / solMass
2616 382.6021480820638 solMass / solMass
2618 70.5122345502765 solMass / solMass
2620 39.809220640679285 solMass / solMass
2622 14.190326023844785 solMass / solMass
2623 42.62326227136032 solMass / solMass
IsSatellite
2626 442.02030334076596 solMass / solMass
2628 528.4086173840681 solMass / solMass
2629 624.8052658753842 solMass / solMass
2630 1210.0317731576183 solMass / solMass
2632 306.4300517232528 solMass / solMass
2633 40.13383189871481 solMass / solMass
2637 110.91782236833754 solMass / solMass
2639 532.9923429771222 solMass / solMass
2642 1138.175669547759 solMass / solMass
2650 17.43735224550308 solMass / solMass
2651 156.0554029920962 solMass / solMass
2652 368.7580333523338 solMass / solMass
2653 249.17642250631707 solMass / solMass
2654 140.4518369801898 solMass / solMass
IsSatellite
2657 304.1223688153304 solMass / solMass
2659 124.38775202415962 solMass / solMass
2662 23114.72952097546 solMass / solMass
2663 659.8279921212034 solMass / solMass
2666 23.033040355164804 solMass / solMass
2667 704.9472163612016 solMass / solMass
2671 956.5255141527049 solMass / solMass
IsSatellite
2678 348.22240237685895 solMass / solMass
2681 269.84433344083993 solMass / solMass
2684 164.15717932214218 solMass / solMass
2685 51.727926537364624 solMass / solMass
2688 564.1083384726156 solMass / solMass
2690 52.101986423134825 solMass / solMass
2691 141.8475340198756 solMass / solMass
2693 272.596491576767 solMass / solMass
2694 3.8721831781906673 solMass / solMass
2695 342.389368891992 solMass / solMass
2696 131.97872107310445 solMass / solMass
2699 1024.9571231564619 solMass / solMass
2700 1328.0984532350164 solMass / solMass
2703 78.74709202952128 solMass / solMass
2705 52.85337894561209 solMass / solMass
2708 506.02550922712317 solMass / solMass
2719 165.50174483759625 solMass / solMass
IsSatellite
2721 466.7602523650238 solMass / solMass
2723 79.52208127919796 solMass / solMass
2724 1146.2177860168783 solMass / solMass
2727 32.53895876130288 solMass / solMass
2728 1118.9772064155416 solMass / solMass
2730 297.49414424082806 solMass / solMass
2731 321.7291259684566 solMass / solMass
2733 66.68693305825397 solMass / solMass
HaloMassEqualZero
2735 9.965445614997169 solMass / solMass
2739 139.44375898517902 solMass / solMass
2740 1028.296475949786 solMass / solMass
2741 370.2827703206299 solMass / solMass
2744 23.649695252931682 solMass / solMass
2745 128.78934790988197 solMass / solMass
2746 583.897478534304 solMass / solMass
2747 75.46813729677255 solMass / solMass
HaloMassEqualZero
2749 240.55514383204982 solMass / solMass
2751 475.04527937362525 solMass / solMass
IsSatellite
2753 360.1292477720818 solMass / solMass
2754 7014.195623473091 solMass / solMass
2756 491.9523973704147 solMass / solMass
2757 1268.087081018819 solMass / solMass
2758 484.86541240767724 solMass / solMass
2760 353.0874413522544 solMass / solMass
2762 55.012062068131286 solMass / solMass
2765 234.94398609068907 solMass / solMass
2766 207.17924241667012 solMass / solMass
IsSatellite
2769 366.8913936089548 solMass / solMass
2772 341.2275891601465 solMass / solMass
2773 491.0252654643462 solMass / solMass
2778 2176.0973915381473 solMass / solMass
2779 674.4523215370865 solMass / solMass
2780 808.4750714334839 solMass / solMass
2783 595.3524747476282 solMass / solMass
2784 89.58479879231292 solMass / solMass
IsSatellite
IsSatellite
2790 161.8494967356656 solMass / solMass
2791 441.7288687922672 solMass / solMass
2794 531.3345708423769 solMass / solMass
2795 30.166500323210148 solMass / solMass
IsSatellite
2797 71.59940479545445 solMass / solMass
2799 267.8021074257118 solMass / solMass
2800 77.91572406150853 solMass / solMass
2802 204.28903006168207 solMass / solMass
2803 5983.939586751521 solMass / solMass
2804 161.55167871969823 solMass / solMass
2805 403.56556692685666 solMass / solMass
2806 99.55357893174694 solMass / solMass
2807 84.27462111455554 solMass / solMass
IsSatellite
2811 68.65583477413932 solMass / solMass
2814 1579.7579240491425 solMass / solMass
2815 42.57677719049359 solMass / solMass
2816 183.0915315843562 solMass / solMass
2817 147.4409758817865 solMass / solMass
2823 1156.1690874008266 solMass / solMass
2825 1586.2531612113137 solMass / solMass
2826 1457.6340248647016 solMass / solMass
2827 164.1573177551359 solMass / solMass
2828 43.76717478868439 solMass / solMass
2829 179.0205169970689 solMass / solMass
2830 10801.86449460595 solMass / solMass
2831 117.76651544636798 solMass / solMass
2832 188.53512032985222 solMass / solMass
2837 265.59045019680957 solMass / solMass
2843 571.0530134123851 solMass / solMass
2844 179.6936959332154 solMass / solMass
2846 137.82402013667462 solMass / solMass
2848 127.49874454184611 solMass / solMass
2849 2789.6645232062024 solMass / solMass
2852 123.1434104394878 solMass / solMass
2854 773.7293141022749 solMass / solMass
2855 571.066356636507 solMass / solMass
2859 6.257538430012157 solMass / solMass
2863 174.38330632792724 solMass / solMass
2864 106.55507687719106 solMass / solMass
2865 344.2670867886775 solMass / solMass
2868 119.68813438928386 solMass / solMass
2870 48.88293564447327 solMass / solMass
2873 1139.6638281444646 solMass / solMass
2874 23.207321298176034 solMass / solMass
2875 541.751175893302 solMass / solMass
2877 1397.8010825264362 solMass / solMass
2878 93.15184369512026 solMass / solMass
2879 711.9939033181023 solMass / solMass
2882 171.48708051987077 solMass / solMass
2883 11.606499532652752 solMass / solMass
2884 107.58718298487004 solMass / solMass
2885 454.3539333846129 solMass / solMass
2886 50.76120667025758 solMass / solMass
2888 678.384699494668 solMass / solMass
2889 19.84483228533095 solMass / solMass
2890 80.57527982434792 solMass / solMass
2891 30.47636191550667 solMass / solMass
2894 6744.112096902175 solMass / solMass
2895 483.3161469325754 solMass / solMass
2896 6571.1218067692325 solMass / solMass
2897 671.8785666287346 solMass / solMass
HaloMassEqualZero
2899 147.89942686281574 solMass / solMass
IsSatellite
2905 71.28893307576128 solMass / solMass
2906 173.23177178716836 solMass / solMass
2911 67.61845814426506 solMass / solMass
2913 39.18499298676329 solMass / solMass
2914 122.01144283530743 solMass / solMass
2915 163.3283921131739 solMass / solMass
IsSatellite
2918 1511.0178683264994 solMass / solMass
2921 221.02648847334183 solMass / solMass
2923 3.4167872150378016 solMass / solMass
2925 1624.7639423258233 solMass / solMass
2927 52.4410189813373 solMass / solMass
2929 256.3961460339881 solMass / solMass
2930 775.1155782251843 solMass / solMass
2931 67.67156012430661 solMass / solMass
IsSatellite
2934 627.8653782459284 solMass / solMass
2935 12.918295838313014 solMass / solMass
2937 53.842189068175415 solMass / solMass
2940 10.5143333273278 solMass / solMass
2945 1166.763356442493 solMass / solMass
2947 6099.2322549451055 solMass / solMass
2948 901.2960240415755 solMass / solMass
2949 144.54550599272693 solMass / solMass
2953 122.4293665925195 solMass / solMass
2954 141.37473045149736 solMass / solMass
2955 3050.264788726755 solMass / solMass
2956 62.06082344166951 solMass / solMass
2957 83.58487464854461 solMass / solMass
2958 292.2554002976222 solMass / solMass
2962 361.08930867054823 solMass / solMass
2963 247.82931115825468 solMass / solMass
2964 348.27595880704416 solMass / solMass
2965 422.30750676693003 solMass / solMass
IsSatellite
2969 171.57442246435002 solMass / solMass
2972 81.79002355710598 solMass / solMass
2977 68.70804634209877 solMass / solMass
2980 3161.0920001986665 solMass / solMass
2981 676.9832000462139 solMass / solMass
2982 150.76525696719048 solMass / solMass
2983 510.3490681023865 solMass / solMass
IsSatellite
IsSatellite
2989 298.90837305380455 solMass / solMass
2990 75.0717340096035 solMass / solMass
2993 298.8686028245462 solMass / solMass
2995 93.20285932296527 solMass / solMass
2996 70.75151442666913 solMass / solMass
123AllDone123
