yt : [INFO     ] 2017-07-23 22:18:44,407 Parameters: current_time              = 2.98248939056e+16
yt : [INFO     ] 2017-07-23 22:18:44,407 Parameters: domain_dimensions         = [2 2 2]
yt : [INFO     ] 2017-07-23 22:18:44,407 Parameters: domain_left_edge          = [ 0.  0.  0.]
yt : [INFO     ] 2017-07-23 22:18:44,408 Parameters: domain_right_edge         = [  1.90744739e+25   1.90744739e+25   1.90744739e+25]
yt : [INFO     ] 2017-07-23 22:18:44,408 Parameters: cosmological_simulation   = 1
yt : [INFO     ] 2017-07-23 22:18:44,408 Parameters: current_redshift          = 5.99999984663
yt : [INFO     ] 2017-07-23 22:18:44,408 Parameters: omega_lambda              = 0.712
yt : [INFO     ] 2017-07-23 22:18:44,408 Parameters: omega_matter              = 0.288
yt : [INFO     ] 2017-07-23 22:18:44,409 Parameters: hubble_constant           = 0.6933
yt : [INFO     ] 2017-07-23 22:18:44,499 Parameters: current_time              = 125.48444577791
yt : [INFO     ] 2017-07-23 22:18:44,499 Parameters: domain_dimensions         = [128 128 128]
yt : [INFO     ] 2017-07-23 22:18:44,500 Parameters: domain_left_edge          = [ 0.  0.  0.]
yt : [INFO     ] 2017-07-23 22:18:44,500 Parameters: domain_right_edge         = [ 1.  1.  1.]
yt : [INFO     ] 2017-07-23 22:18:44,501 Parameters: cosmological_simulation   = 1
yt : [INFO     ] 2017-07-23 22:18:44,501 Parameters: current_redshift          = 5.9999998466326
yt : [INFO     ] 2017-07-23 22:18:44,501 Parameters: omega_lambda              = 0.712
yt : [INFO     ] 2017-07-23 22:18:44,501 Parameters: omega_matter              = 0.288
yt : [INFO     ] 2017-07-23 22:18:44,501 Parameters: hubble_constant           = 0.6933
yt : [INFO     ] 2017-07-23 22:18:44,504 Allocating for 4.425e+03 particles (index particle type 'all')
yt : [INFO     ] 2017-07-23 22:18:44,509 Identified 1.665e+03 octs
[5, 4424, <Quantity 3101.4264098656718 kpc>, <Quantity 3152.8092585121267 kpc>, <Quantity 3119.178895605193 kpc>, <Quantity 40709094533.08965 solMass>, <Quantity 26505359539.391415 solMass>, <Quantity 15.413939257701761 kpc>, <Quantity 20.24689108434568 kpc>, 846, 0, 0, 0, 0, 0]
[6, 4423, <Quantity 2948.831994202037 kpc>, <Quantity 2911.8202201284284 kpc>, <Quantity 2895.5781125954595 kpc>, <Quantity 32518882602.28653 solMass>, <Quantity 23196508257.318954 solMass>, <Quantity 14.30194269855843 kpc>, <Quantity 16.16842699814313 kpc>, 981, 0, 0, 0, 0, 0]
[9, 4422, <Quantity 3130.8736764726073 kpc>, <Quantity 3134.6279247614425 kpc>, <Quantity 3106.5884095457823 kpc>, <Quantity 27684087098.46945 solMass>, <Quantity 19145453568.47881 solMass>, <Quantity 13.554803660759065 kpc>, <Quantity 20.544818788045426 kpc>, 585, 0, 0, 0, 0, 0]
[12, 4419, <Quantity 3277.0533896262937 kpc>, <Quantity 2981.4476626421265 kpc>, <Quantity 3547.760455497151 kpc>, <Quantity 14114982725.08615 solMass>, <Quantity 10597537245.15117 solMass>, <Quantity 10.82870724333181 kpc>, <Quantity 12.48502808289222 kpc>, 426, 0, 0, 0, 0, 0]
[13, 4418, <Quantity 3283.3725220215065 kpc>, <Quantity 3057.0893774303386 kpc>, <Quantity 3065.469592334503 kpc>, <Quantity 15127785835.704628 solMass>, <Quantity 10550865409.886139 solMass>, <Quantity 11.081748377158023 kpc>, <Quantity 13.312568326399976 kpc>, 2179, 0, 0, 0, 0, 0]
[14, 4417, <Quantity 3044.1723454285884 kpc>, <Quantity 2898.3065141759885 kpc>, <Quantity 2907.3117370761674 kpc>, <Quantity 13088763301.66598 solMass>, <Quantity 9837453070.770288 solMass>, <Quantity 10.559646187987912 kpc>, <Quantity 16.058684778100375 kpc>, -1, 0, 0, 0, 0, 0]
[15, 4416, <Quantity 2970.4618196818697 kpc>, <Quantity 2905.6927832300307 kpc>, <Quantity 2895.8010655969333 kpc>, <Quantity 13880076256.932713 solMass>, <Quantity 9782901575.005735 solMass>, <Quantity 10.768299174586605 kpc>, <Quantity 14.694390436116025 kpc>, 981, 0, 0, 0, 0, 0]
[20, 4415, <Quantity 2983.9878777477843 kpc>, <Quantity 2760.1241263809093 kpc>, <Quantity 2720.4426938432716 kpc>, <Quantity 10191846884.957026 solMass>, <Quantity 7671455624.738908 solMass>, <Quantity 9.714805853025686 kpc>, <Quantity 10.593211196851259 kpc>, 2201, 0, 0, 0, 0, 0]
[22, 4412, <Quantity 2992.473304334664 kpc>, <Quantity 2895.125165720968 kpc>, <Quantity 2905.90317129301 kpc>, <Quantity 8827736257.30592 solMass>, <Quantity 6421014116.142073 solMass>, <Quantity 9.260468215217447 kpc>, <Quantity 12.423621477678134 kpc>, -1, 0, 0, 0, 0, 0]
[26, 4409, <Quantity 3006.5115759772048 kpc>, <Quantity 2881.875769377835 kpc>, <Quantity 2903.4582117676673 kpc>, <Quantity 5861036483.482794 solMass>, <Quantity 4562929557.374733 solMass>, <Quantity 8.078696704571106 kpc>, <Quantity 14.668689900778523 kpc>, -1, 0, 0, 0, 0, 0]
[28, 4407, <Quantity 3167.214311813017 kpc>, <Quantity 3116.580635905895 kpc>, <Quantity 3095.074283629269 kpc>, <Quantity 5587055492.845707 solMass>, <Quantity 4315023315.396579 solMass>, <Quantity 7.950799906729787 kpc>, <Quantity 12.385729840761103 kpc>, 952, 0, 0, 0, 0, 0]
[32, 4405, <Quantity 2899.870435846061 kpc>, <Quantity 2895.7741704908267 kpc>, <Quantity 2862.696156514821 kpc>, <Quantity 4317001827.087056 solMass>, <Quantity 3660405366.2554803 solMass>, <Quantity 7.295872566686653 kpc>, <Quantity 10.049092279080991 kpc>, 2637, 0, 0, 0, 0, 0]
[33, 4404, <Quantity 2850.374755572296 kpc>, <Quantity 3158.8724281974346 kpc>, <Quantity 2472.6054601749975 kpc>, <Quantity 5978020290.6637125 solMass>, <Quantity 3614642722.5788846 solMass>, <Quantity 8.132092136810083 kpc>, <Quantity 9.644093327968125 kpc>, 872, 0, 0, 0, 0, 0]
[35, 4403, <Quantity 3137.2760568806016 kpc>, <Quantity 2909.102093496278 kpc>, <Quantity 2878.2327584947866 kpc>, <Quantity 4779572389.402657 solMass>, <Quantity 3538573692.361902 solMass>, <Quantity 7.547668954966348 kpc>, <Quantity 10.457124030207355 kpc>, -1, 0, 0, 0, 0, 0]
[37, 4402, <Quantity 3243.913067828893 kpc>, <Quantity 3288.6460308863643 kpc>, <Quantity 2974.4541996287426 kpc>, <Quantity 3722897110.0783877 solMass>, <Quantity 3284000045.3411617 solMass>, <Quantity 6.9445403698400545 kpc>, <Quantity 9.103969743213979 kpc>, 1975, 0, 0, 0, 0, 0]
[40, 4400, <Quantity 3242.590539921069 kpc>, <Quantity 2965.6804079503795 kpc>, <Quantity 3525.10033457877 kpc>, <Quantity 4268935083.539732 solMass>, <Quantity 3211264717.732117 solMass>, <Quantity 7.2686933253278 kpc>, <Quantity 9.435635002168842 kpc>, -1, 0, 0, 0, 0, 0]
[41, 4399, <Quantity 3030.632018102286 kpc>, <Quantity 3357.1913151212216 kpc>, <Quantity 3022.2301137384843 kpc>, <Quantity 3517580156.434891 solMass>, <Quantity 3115193472.3901277 solMass>, <Quantity 6.814455552518007 kpc>, <Quantity 13.491485136578383 kpc>, 2424, 0, 0, 0, 0, 0]
[42, 4398, <Quantity 3043.120575006719 kpc>, <Quantity 3382.648669979381 kpc>, <Quantity 2519.8597690429183 kpc>, <Quantity 3692168610.417088 solMass>, <Quantity 3051550060.6759872 solMass>, <Quantity 6.925380996263757 kpc>, <Quantity 7.521057119554432 kpc>, -1, 0, 0, 0, 0, 0]
[45, 4397, <Quantity 3157.6858921641533 kpc>, <Quantity 2907.8724954843324 kpc>, <Quantity 2876.226767601835 kpc>, <Quantity 3134202161.276486 solMass>, <Quantity 2774549687.7144175 solMass>, <Quantity 6.557306707195312 kpc>, <Quantity 8.511262244067666 kpc>, -1, 0, 0, 0, 0, 0]
[46, 4396, <Quantity 3096.7227614849917 kpc>, <Quantity 3199.6118691477736 kpc>, <Quantity 3124.0408790958218 kpc>, <Quantity 3031370138.495852 solMass>, <Quantity 2742121854.049195 solMass>, <Quantity 6.484793508824229 kpc>, <Quantity 9.877603360720148 kpc>, -1, 0, 0, 0, 0, 0]
[50, 4395, <Quantity 3226.2700282811943 kpc>, <Quantity 2839.4376756465413 kpc>, <Quantity 3029.2891081038897 kpc>, <Quantity 2990914125.7110415 solMass>, <Quantity 2626654521.372133 solMass>, <Quantity 6.455815995701238 kpc>, <Quantity 9.122242603557758 kpc>, -1, 0, 0, 0, 0, 0]
[51, 4394, <Quantity 3057.6695104766395 kpc>, <Quantity 3321.618902189242 kpc>, <Quantity 3058.103657730814 kpc>, <Quantity 3180120391.2009406 solMass>, <Quantity 2619380988.6167545 solMass>, <Quantity 6.589174607819438 kpc>, <Quantity 7.759427790782981 kpc>, -1, 0, 0, 0, 0, 0]
[52, 4393, <Quantity 3289.891769042483 kpc>, <Quantity 2852.969096481966 kpc>, <Quantity 3015.156145787774 kpc>, <Quantity 3209135172.3955517 solMass>, <Quantity 2514217827.2903214 solMass>, <Quantity 6.60915340584969 kpc>, <Quantity 9.53935421188693 kpc>, -1, 0, 0, 0, 0, 0]
[61, 4390, <Quantity 3020.719457804781 kpc>, <Quantity 3180.66108241142 kpc>, <Quantity 3130.592899515307 kpc>, <Quantity 2474339121.020806 solMass>, <Quantity 2318135506.3619184 solMass>, <Quantity 6.060422513481866 kpc>, <Quantity 10.658327879003684 kpc>, -1, 0, 0, 0, 0, 0]
[62, 4389, <Quantity 2890.5795747106554 kpc>, <Quantity 2692.886417375742 kpc>, <Quantity 2676.9185789930693 kpc>, <Quantity 2475669988.0265455 solMass>, <Quantity 2126599143.4815493 solMass>, <Quantity 6.061508887165704 kpc>, <Quantity 8.932086930738967 kpc>, -1, 0, 0, 0, 0, 0]
[63, 4388, <Quantity 3117.1809570332043 kpc>, <Quantity 3370.330146973385 kpc>, <Quantity 2537.7038253492074 kpc>, <Quantity 2361551859.4436994 solMass>, <Quantity 2090837607.3300683 solMass>, <Quantity 5.966903184945253 kpc>, <Quantity 6.329289386718463 kpc>, -1, 0, 0, 0, 0, 0]
[64, 4386, <Quantity 2918.6946356146796 kpc>, <Quantity 2662.145129369547 kpc>, <Quantity 2665.4731134021044 kpc>, <Quantity 2372999489.086752 solMass>, <Quantity 2015071641.0080743 solMass>, <Quantity 5.976529174617716 kpc>, <Quantity 8.03502907245941 kpc>, -1, 0, 0, 0, 0, 0]
[65, 4385, <Quantity 2991.1860696238755 kpc>, <Quantity 3217.2215402411593 kpc>, <Quantity 3197.537912344397 kpc>, <Quantity 2055087024.5707355 solMass>, <Quantity 1984765254.433179 solMass>, <Quantity 5.696742221838454 kpc>, <Quantity 9.581612790989906 kpc>, -1, 0, 0, 0, 0, 0]
[68, 4384, <Quantity 2962.70814177484 kpc>, <Quantity 2737.061380873671 kpc>, <Quantity 2707.2426697936644 kpc>, <Quantity 2208386036.470312 solMass>, <Quantity 1844749748.6601572 solMass>, <Quantity 5.835008501141129 kpc>, <Quantity 10.668314882154046 kpc>, -1, 0, 0, 0, 0, 0]
[69, 4383, <Quantity 3102.8333852178916 kpc>, <Quantity 3135.6837454780593 kpc>, <Quantity 3137.705248671996 kpc>, <Quantity 2238650198.184939 solMass>, <Quantity 1838385407.4742258 solMass>, <Quantity 5.861542365198407 kpc>, <Quantity 8.174782710407863 kpc>, -1, 0, 0, 0, 0, 0]
[71, 4382, <Quantity 3186.988591282212 kpc>, <Quantity 2991.2256334020917 kpc>, <Quantity 2988.9073281786004 kpc>, <Quantity 2098848189.7195923 solMass>, <Quantity 1800502424.2977054 solMass>, <Quantity 5.736894164420931 kpc>, <Quantity 8.432650955769978 kpc>, -1, 0, 0, 0, 0, 0]
[72, 4381, <Quantity 3096.7677850863624 kpc>, <Quantity 2852.4383812195383 kpc>, <Quantity 2982.3187487085856 kpc>, <Quantity 2225388066.9138136 solMass>, <Quantity 1792622763.8010945 solMass>, <Quantity 5.849944519376217 kpc>, <Quantity 6.337047504645906 kpc>, -1, 0, 0, 0, 0, 0]
[75, 4380, <Quantity 3060.839902409413 kpc>, <Quantity 3326.193275731988 kpc>, <Quantity 2642.808709306212 kpc>, <Quantity 2136640875.0697885 solMass>, <Quantity 1714735350.4085002 solMass>, <Quantity 5.7711231227958075 kpc>, <Quantity 7.251947436438372 kpc>, -1, 0, 0, 0, 0, 0]
[76, 4379, <Quantity 3192.996274512235 kpc>, <Quantity 2918.553483680688 kpc>, <Quantity 2872.4459304740953 kpc>, <Quantity 1748132276.376285 solMass>, <Quantity 1710795520.1600354 solMass>, <Quantity 5.397689845327913 kpc>, <Quantity 8.661719690980988 kpc>, -1, 0, 0, 0, 0, 0]
[77, 4378, <Quantity 3064.551165428584 kpc>, <Quantity 3162.7713639150325 kpc>, <Quantity 3122.8786601901215 kpc>, <Quantity 2148742108.60079 solMass>, <Quantity 1706855689.8954244 solMass>, <Quantity 5.781997868100735 kpc>, <Quantity 8.145160400442542 kpc>, -1, 0, 0, 0, 0, 0]
[79, 4377, <Quantity 2792.238184960866 kpc>, <Quantity 3294.7475300148917 kpc>, <Quantity 3133.858737507504 kpc>, <Quantity 1849039229.4789066 solMass>, <Quantity 1690490241.1622558 solMass>, <Quantity 5.499609718347011 kpc>, <Quantity 5.351753635030943 kpc>, -1, 0, 0, 0, 0, 0]
[80, 4376, <Quantity 3058.1638597554943 kpc>, <Quantity 3383.4090165072507 kpc>, <Quantity 2531.9109472750333 kpc>, <Quantity 1812817759.063848 solMass>, <Quantity 1621997807.5952487 solMass>, <Quantity 5.463461386173635 kpc>, <Quantity 7.944265252787995 kpc>, -1, 0, 0, 0, 0, 0]
[82, 4373, <Quantity 3234.3769070455037 kpc>, <Quantity 2686.8340982127875 kpc>, <Quantity 3235.642007115099 kpc>, <Quantity 1898341770.9473534 solMass>, <Quantity 1600177209.291061 solMass>, <Quantity 5.5480618884700235 kpc>, <Quantity 7.600932088810846 kpc>, -1, 0, 0, 0, 0, 0]
[84, 4372, <Quantity 3133.091123261716 kpc>, <Quantity 3237.7644205861343 kpc>, <Quantity 2880.4836944690337 kpc>, <Quantity 2068424617.210171 solMass>, <Quantity 1580781121.892404 solMass>, <Quantity 5.709039680698916 kpc>, <Quantity 8.260847970053812 kpc>, -1, 0, 0, 0, 0, 0]
[85, 4371, <Quantity 3002.6614318877846 kpc>, <Quantity 2874.302350866324 kpc>, <Quantity 2910.739326178462 kpc>, <Quantity 1673243424.9779167 solMass>, <Quantity 1575325972.3237967 solMass>, <Quantity 5.31948438031204 kpc>, <Quantity 8.77087185296452 kpc>, -1, 0, 0, 0, 0, 0]
[86, 4370, <Quantity 2928.104385882612 kpc>, <Quantity 3417.989822753381 kpc>, <Quantity 3027.246127320434 kpc>, <Quantity 1639653127.7227592 solMass>, <Quantity 1556536012.6705258 solMass>, <Quantity 5.283647342614659 kpc>, <Quantity 7.122677934620351 kpc>, -1, 0, 0, 0, 0, 0]
[87, 4369, <Quantity 3181.436646139813 kpc>, <Quantity 2999.5076786334394 kpc>, <Quantity 2995.994487104722 kpc>, <Quantity 1829780063.840644 solMass>, <Quantity 1545625713.4976742 solMass>, <Quantity 5.480448816761245 kpc>, <Quantity 12.664698039868224 kpc>, -1, 0, 0, 0, 0, 0]
[89, 4367, <Quantity 3023.277772559153 kpc>, <Quantity 2856.6103298164644 kpc>, <Quantity 2881.363769100839 kpc>, <Quantity 2019677946.1629508 solMass>, <Quantity 1542292011.002309 solMass>, <Quantity 5.663834267032716 kpc>, <Quantity 6.2422000725647475 kpc>, -1, 0, 0, 0, 0, 0]
[91, 4365, <Quantity 2982.8395757597123 kpc>, <Quantity 3021.692752590945 kpc>, <Quantity 2987.2697898592 kpc>, <Quantity 1672337586.0425813 solMass>, <Quantity 1530169456.386868 solMass>, <Quantity 5.3185242757629165 kpc>, <Quantity 7.415839307564672 kpc>, -1, 0, 0, 0, 0, 0]
[92, 4364, <Quantity 3055.568677316288 kpc>, <Quantity 3164.7376720603925 kpc>, <Quantity 3128.0923032768046 kpc>, <Quantity 1837942861.2790568 solMass>, <Quantity 1508348858.0550444 solMass>, <Quantity 5.488586303790602 kpc>, <Quantity 7.393730934194276 kpc>, -1, 0, 0, 0, 0, 0]
[94, 4363, <Quantity 3325.8962522772495 kpc>, <Quantity 3249.1215275830536 kpc>, <Quantity 3463.203383086074 kpc>, <Quantity 1741648195.3453095 solMass>, <Quantity 1469556683.2909787 solMass>, <Quantity 5.391007967297811 kpc>, <Quantity 6.95888017077897 kpc>, -1, 0, 0, 0, 0, 0]
[95, 4362, <Quantity 3297.8248503527775 kpc>, <Quantity 3342.1582233512936 kpc>, <Quantity 2823.7160070080654 kpc>, <Quantity 1580402017.3986242 solMass>, <Quantity 1468344427.8240602 solMass>, <Quantity 5.219221007705327 kpc>, <Quantity 7.027316656727817 kpc>, -1, 0, 0, 0, 0, 0]
[99, 4360, <Quantity 3307.0578259227277 kpc>, <Quantity 2986.4070286656874 kpc>, <Quantity 3076.7197529115906 kpc>, <Quantity 1646044334.049993 solMass>, <Quantity 1432279827.8661635 solMass>, <Quantity 5.290503487694216 kpc>, <Quantity 7.669547423136542 kpc>, -1, 0, 0, 0, 0, 0]
[101, 4358, <Quantity 2852.7964366042647 kpc>, <Quantity 3307.5594551306494 kpc>, <Quantity 2944.8443668109267 kpc>, <Quantity 1488322686.3174734 solMass>, <Quantity 1394699908.5484567 solMass>, <Quantity 5.115823228751624 kpc>, <Quantity 5.2673928762087066 kpc>, -1, 0, 0, 0, 0, 0]
[105, 4356, <Quantity 3089.3665771999417 kpc>, <Quantity 3352.4775081469725 kpc>, <Quantity 3520.5661460953875 kpc>, <Quantity 1278765795.0227697 solMass>, <Quantity 1291961258.170806 solMass>, <Quantity 4.863476622245125 kpc>, <Quantity 6.617105087715153 kpc>, -1, 0, 0, 0, 0, 0]
[107, 4355, <Quantity 3100.677310077319 kpc>, <Quantity 3128.014178640078 kpc>, <Quantity 3145.3581198565494 kpc>, <Quantity 1676319690.673411 solMass>, <Quantity 1285596916.959943 solMass>, <Quantity 5.322742349990038 kpc>, <Quantity 9.719084904373718 kpc>, -1, 0, 0, 0, 0, 0]
[108, 4354, <Quantity 2868.3447632093807 kpc>, <Quantity 2879.8431808668875 kpc>, <Quantity 2846.390461751123 kpc>, <Quantity 1673706125.6074345 solMass>, <Quantity 1274686617.8602438 solMass>, <Quantity 5.319974666003725 kpc>, <Quantity 6.296760270357894 kpc>, -1, 0, 0, 0, 0, 0]
[109, 4353, <Quantity 3119.449631951643 kpc>, <Quantity 3092.325735944865 kpc>, <Quantity 3072.9607003671235 kpc>, <Quantity 1343296789.3243976 solMass>, <Quantity 1252866019.5287118 solMass>, <Quantity 4.943947168641528 kpc>, <Quantity 7.205275224443859 kpc>, -1, 0, 0, 0, 0, 0]
[110, 4352, <Quantity 2920.0732872333388 kpc>, <Quantity 2806.112466210137 kpc>, <Quantity 2747.4432289658157 kpc>, <Quantity 1265057650.0158434 solMass>, <Quantity 1207103375.8792126 solMass>, <Quantity 4.846035612708472 kpc>, <Quantity 8.481281191896073 kpc>, -1, 0, 0, 0, 0, 0]
[111, 4351, <Quantity 2833.343215689582 kpc>, <Quantity 3118.3947870888887 kpc>, <Quantity 2517.9829710277113 kpc>, <Quantity 1357566426.019735 solMass>, <Quantity 1193465501.9332309 solMass>, <Quantity 4.961391808414623 kpc>, <Quantity 5.642784815686721 kpc>, -1, 0, 0, 0, 0, 0]
[113, 4350, <Quantity 2978.354126960042 kpc>, <Quantity 2909.2021578975805 kpc>, <Quantity 2920.5549361563667 kpc>, <Quantity 1250847705.9128585 solMass>, <Quantity 1146187538.937114 solMass>, <Quantity 4.827822648249839 kpc>, <Quantity 6.482315920512546 kpc>, -1, 0, 0, 0, 0, 0]
[114, 4349, <Quantity 2933.8765765919884 kpc>, <Quantity 2909.0979139733904 kpc>, <Quantity 2887.960067365858 kpc>, <Quantity 1392514361.2661073 solMass>, <Quantity 1137701750.6982563 solMass>, <Quantity 5.003605446381466 kpc>, <Quantity 7.000163803800127 kpc>, -1, 0, 0, 0, 0, 0]
[116, 4348, <Quantity 3328.803302840574 kpc>, <Quantity 2659.7667309442936 kpc>, <Quantity 2823.632091391993 kpc>, <Quantity 1139635665.2013195 solMass>, <Quantity 1125882259.9531777 solMass>, <Quantity 4.680280042569364 kpc>, <Quantity 7.577885960932687 kpc>, -1, 0, 0, 0, 0, 0]
[117, 4347, <Quantity 2785.086671512123 kpc>, <Quantity 3404.273907748746 kpc>, <Quantity 2870.1499872297745 kpc>, <Quantity 1004216509.6698568 solMass>, <Quantity 1124670004.4790514 solMass>, <Quantity 4.4870297393500485 kpc>, <Quantity 6.905730541477606 kpc>, -1, 0, 0, 0, 0, 0]
[118, 4346, <Quantity 3349.78068632675 kpc>, <Quantity 3459.248162193795 kpc>, <Quantity 3607.8598859573194 kpc>, <Quantity 1002218424.4971516 solMass>, <Quantity 1122245493.5500352 solMass>, <Quantity 4.484051822313676 kpc>, <Quantity 6.46175614336355 kpc>, -1, 0, 0, 0, 0, 0]
[119, 4345, <Quantity 3178.84200535454 kpc>, <Quantity 2900.000349807939 kpc>, <Quantity 2873.578171046836 kpc>, <Quantity 1088858591.8843355 solMass>, <Quantity 1097091192.7418206 solMass>, <Quantity 4.60971055123789 kpc>, <Quantity 6.729811754662746 kpc>, -1, 0, 0, 0, 0, 0]
[121, 4344, <Quantity 3182.5336493608397 kpc>, <Quantity 2905.424906915443 kpc>, <Quantity 3562.1908443844236 kpc>, <Quantity 1134819472.1909556 solMass>, <Quantity 1094363617.9442518 solMass>, <Quantity 4.673677651696658 kpc>, <Quantity 6.187451745329465 kpc>, -1, 0, 0, 0, 0, 0]
[122, 4343, <Quantity 3335.6902306623188 kpc>, <Quantity 3344.652267149159 kpc>, <Quantity 3297.897704685633 kpc>, <Quantity 1097467842.230062 solMass>, <Quantity 1090120723.8212779 solMass>, <Quantity 4.621827831457596 kpc>, <Quantity 6.287406566135021 kpc>, -1, 0, 0, 0, 0, 0]
[123, 4342, <Quantity 2836.370539162309 kpc>, <Quantity 2909.6769981775865 kpc>, <Quantity 2829.6588052620627 kpc>, <Quantity 1202688342.3982258 solMass>, <Quantity 1086180893.5777686 solMass>, <Quantity 4.76505073893982 kpc>, <Quantity 7.824298559494194 kpc>, -1, 0, 0, 0, 0, 0]
[124, 4341, <Quantity 2974.0682808550487 kpc>, <Quantity 2778.9732892400166 kpc>, <Quantity 2729.1139329833773 kpc>, <Quantity 940273506.4691814 solMass>, <Quantity 1085271701.9777548 solMass>, <Quantity 4.38969718314596 kpc>, <Quantity 7.330017654257463 kpc>, -1, 0, 0, 0, 0, 0]
[125, 4340, <Quantity 2895.77656838408 kpc>, <Quantity 3291.606879990339 kpc>, <Quantity 2961.4553462602166 kpc>, <Quantity 1052447248.3515569 solMass>, <Quantity 1082847191.0586221 solMass>, <Quantity 4.557744139301093 kpc>, <Quantity 5.59084375181084 kpc>, -1, 0, 0, 0, 0, 0]
[126, 4339, <Quantity 3028.8605908810387 kpc>, <Quantity 3188.3457503304703 kpc>, <Quantity 3366.3867976636493 kpc>, <Quantity 1128900200.412208 solMass>, <Quantity 1081634935.5838287 solMass>, <Quantity 4.6655374411398896 kpc>, <Quantity 6.019248835611272 kpc>, -1, 0, 0, 0, 0, 0]
[129, 4337, <Quantity 2786.665449409539 kpc>, <Quantity 3389.5112139043663 kpc>, <Quantity 2836.487665535193 kpc>, <Quantity 1196641218.8024216 solMass>, <Quantity 1072239955.7740499 solMass>, <Quantity 4.757051082714588 kpc>, <Quantity 7.119347384719742 kpc>, -1, 0, 0, 0, 0, 0]
[131, 4336, <Quantity 3234.610210086719 kpc>, <Quantity 3133.8678214189495 kpc>, <Quantity 3636.086253876309 kpc>, <Quantity 1169715020.8417196 solMass>, <Quantity 1064360295.2643113 solMass>, <Quantity 4.721099837626954 kpc>, <Quantity 6.760142529304543 kpc>, -1, 0, 0, 0, 0, 0]
[133, 4334, <Quantity 2975.5086827018044 kpc>, <Quantity 3465.9598480167583 kpc>, <Quantity 3354.8764906039887 kpc>, <Quantity 818327652.3628693 solMass>, <Quantity 1037690675.100877 solMass>, <Quantity 4.191076337093157 kpc>, <Quantity 5.295653985646758 kpc>, -1, 0, 0, 0, 0, 0]
[135, 4332, <Quantity 3167.658029908181 kpc>, <Quantity 2886.1974461706263 kpc>, <Quantity 2877.7907873789136 kpc>, <Quantity 971117613.5825986 solMass>, <Quantity 1031023270.0884584 solMass>, <Quantity 4.437180605128038 kpc>, <Quantity 5.96699834080467 kpc>, -1, 0, 0, 0, 0, 0]
[137, 4331, <Quantity 3095.9638139051103 kpc>, <Quantity 3246.1770557727186 kpc>, <Quantity 2867.11441384388 kpc>, <Quantity 1110557704.9578054 solMass>, <Quantity 1029204886.8753885 solMass>, <Quantity 4.640130612916311 kpc>, <Quantity 6.119443236622492 kpc>, -1, 0, 0, 0, 0, 0]
[139, 4330, <Quantity 3347.0832307244905 kpc>, <Quantity 3246.821048735987 kpc>, <Quantity 3637.9886840988434 kpc>, <Quantity 989882099.6421224 solMass>, <Quantity 1026780375.9276853 solMass>, <Quantity 4.465577722475743 kpc>, <Quantity 4.674077023663457 kpc>, -1, 0, 0, 0, 0, 0]
[141, 4329, <Quantity 2886.5086155614085 kpc>, <Quantity 3242.5266231778805 kpc>, <Quantity 2779.497856221269 kpc>, <Quantity 925179550.9590882 solMass>, <Quantity 1011324118.8179262 solMass>, <Quantity 4.366081490612804 kpc>, <Quantity 5.853348346189096 kpc>, -1, 0, 0, 0, 0, 0]
[143, 4327, <Quantity 3118.7500948042552 kpc>, <Quantity 3375.3008848741465 kpc>, <Quantity 2474.2677267767363 kpc>, <Quantity 869542275.0566698 solMass>, <Quantity 994655606.2126586 solMass>, <Quantity 4.276745391133371 kpc>, <Quantity 6.846031385162896 kpc>, -1, 0, 0, 0, 0, 0]
[146, 4325, <Quantity 2843.4299954005764 kpc>, <Quantity 3161.2361069763833 kpc>, <Quantity 2470.698190899441 kpc>, <Quantity 985896621.521578 solMass>, <Quantity 973441135.649415 solMass>, <Quantity 4.459576535952231 kpc>, <Quantity 4.480380256168757 kpc>, 33, 0, 0, 0, 0, 0]
[148, 4324, <Quantity 3212.064310684691 kpc>, <Quantity 3092.8863699579524 kpc>, <Quantity 3088.8807744400387 kpc>, <Quantity 1100836795.1085234 solMass>, <Quantity 964652283.5376277 solMass>, <Quantity 4.626552287139571 kpc>, <Quantity 6.079737940145545 kpc>, -1, 0, 0, 0, 0, 0]
[153, 4323, <Quantity 2869.4849071339054 kpc>, <Quantity 2692.1207344447503 kpc>, <Quantity 2682.5359489876705 kpc>, <Quantity 1003250419.9840113 solMass>, <Quantity 925557044.9222974 solMass>, <Quantity 4.485590387062192 kpc>, <Quantity 5.556815560372169 kpc>, -1, 0, 0, 0, 0, 0]
[154, 4322, <Quantity 2796.6464531068264 kpc>, <Quantity 3043.933858447109 kpc>, <Quantity 2828.0222363960975 kpc>, <Quantity 922074597.7377654 solMass>, <Quantity 920708023.0802343 solMass>, <Quantity 4.361191746943746 kpc>, <Quantity 7.0904562594180645 kpc>, -1, 0, 0, 0, 0, 0]
[155, 4320, <Quantity 3168.58008996726 kpc>, <Quantity 3117.7548371290395 kpc>, <Quantity 3107.9525913876396 kpc>, <Quantity 992765465.3659897 solMass>, <Quantity 895553722.2358278 solMass>, <Quantity 4.469909353533342 kpc>, <Quantity 6.181959346342712 kpc>, -1, 0, 0, 0, 0, 0]
[156, 4319, <Quantity 3330.687442666697 kpc>, <Quantity 3327.5688030348924 kpc>, <Quantity 3311.1694062596807 kpc>, <Quantity 856193253.9533596 solMass>, <Quantity 882825039.8936732 solMass>, <Quantity 4.254747216618876 kpc>, <Quantity 6.5647479043171435 kpc>, -1, 0, 0, 0, 0, 0]
[157, 4318, <Quantity 3315.4220181808782 kpc>, <Quantity 3288.814568770371 kpc>, <Quantity 3656.7533439114713 kpc>, <Quantity 720831950.917291 solMass>, <Quantity 870702485.2541547 solMass>, <Quantity 4.017548902581063 kpc>, <Quantity 6.7255023439098265 kpc>, -1, 0, 0, 0, 0, 0]
[159, 4316, <Quantity 2878.393658740494 kpc>, <Quantity 3316.8877703323155 kpc>, <Quantity 3017.9883888977274 kpc>, <Quantity 826990753.3950163 solMass>, <Quantity 859489122.2605882 solMass>, <Quantity 4.205813850379688 kpc>, <Quantity 6.241451323686817 kpc>, -1, 0, 0, 0, 0, 0]
[161, 4315, <Quantity 3255.5142643145086 kpc>, <Quantity 2849.6388611406223 kpc>, <Quantity 3021.5548300022183 kpc>, <Quantity 882411930.8233814 solMass>, <Quantity 838880779.4046402 solMass>, <Quantity 4.297741460972654 kpc>, <Quantity 6.324016379614279 kpc>, -1, 0, 0, 0, 0, 0]
[162, 4314, <Quantity 3179.4390030810596 kpc>, <Quantity 3112.4873305292617 kpc>, <Quantity 3089.431353874201 kpc>, <Quantity 1004953516.5591575 solMass>, <Quantity 834031757.5332836 solMass>, <Quantity 4.488127166421838 kpc>, <Quantity 8.118628684930618 kpc>, -1, 0, 0, 0, 0, 0]
[165, 4312, <Quantity 3196.7741677452905 kpc>, <Quantity 2817.4314230201912 kpc>, <Quantity 2935.161247062639 kpc>, <Quantity 900872350.3986098 solMass>, <Quantity 809483584.4643459 solMass>, <Quantity 4.327505032019235 kpc>, <Quantity 4.686705574621485 kpc>, -1, 0, 0, 0, 0, 0]
[171, 4311, <Quantity 2906.8544047638247 kpc>, <Quantity 2807.873222819345 kpc>, <Quantity 2747.9012640714254 kpc>, <Quantity 926535623.5966316 solMass>, <Quantity 763417876.9393294 solMass>, <Quantity 4.368213629267316 kpc>, <Quantity 5.5493113438710795 kpc>, -1, 0, 0, 0, 0, 0]
[177, 4306, <Quantity 3292.145973754682 kpc>, <Quantity 2858.9449460718974 kpc>, <Quantity 3663.1913175832174 kpc>, <Quantity 749142316.1528842 solMass>, <Quantity 746143236.6021072 solMass>, <Quantity 4.069470820207788 kpc>, <Quantity 6.33805929854359 kpc>, -1, 0, 0, 0, 0, 0]
[179, 4305, <Quantity 3207.902096053474 kpc>, <Quantity 3152.94874310227 kpc>, <Quantity 2942.2091427291825 kpc>, <Quantity 698300962.4693023 solMass>, <Quantity 740688087.0116178 solMass>, <Quantity 3.975246304383272 kpc>, <Quantity 4.687339482474225 kpc>, -1, 0, 0, 0, 0, 0]
[182, 4304, <Quantity 3241.4114456863663 kpc>, <Quantity 2796.3530434821782 kpc>, <Quantity 3134.4143976036266 kpc>, <Quantity 740488344.3717817 solMass>, <Quantity 727959404.6801178 solMass>, <Quantity 4.053740133127976 kpc>, <Quantity 4.377681674801672 kpc>, -1, 0, 0, 0, 0, 0]
[183, 4303, <Quantity 2832.8044103348457 kpc>, <Quantity 3238.806815658865 kpc>, <Quantity 2850.118984835547 kpc>, <Quantity 550133185.2686521 solMass>, <Quantity 725837957.6229066 solMass>, <Quantity 3.6714626129669434 kpc>, <Quantity 5.653093989917815 kpc>, -1, 0, 0, 0, 0, 0]
[185, 4301, <Quantity 3274.7268049017484 kpc>, <Quantity 2938.301638598623 kpc>, <Quantity 3587.508227288225 kpc>, <Quantity 710779395.8551625 solMass>, <Quantity 716139913.9217745 solMass>, <Quantity 3.9987854720835627 kpc>, <Quantity 4.390082099580463 kpc>, -1, 0, 0, 0, 0, 0]
[186, 4299, <Quantity 2897.917982369511 kpc>, <Quantity 2685.68022817051 kpc>, <Quantity 2687.4141801766737 kpc>, <Quantity 768364408.2803432 solMass>, <Quantity 714927658.4706371 solMass>, <Quantity 4.1039832112022125 kpc>, <Quantity 4.8387536808527045 kpc>, -1, 0, 0, 0, 0, 0]
[187, 4298, <Quantity 3103.414870292427 kpc>, <Quantity 3382.539334523313 kpc>, <Quantity 2577.494056481239 kpc>, <Quantity 668116929.6893555 solMass>, <Quantity 711897019.8065 solMass>, <Quantity 3.917124013031811 kpc>, <Quantity 4.643995016202227 kpc>, -1, 0, 0, 0, 0, 0]
[188, 4297, <Quantity 3060.027657430056 kpc>, <Quantity 2835.208954356036 kpc>, <Quantity 2866.42799803989 kpc>, <Quantity 732194807.2860512 solMass>, <Quantity 710381700.4906088 solMass>, <Quantity 4.038549191292644 kpc>, <Quantity 6.416077053267114 kpc>, -1, 0, 0, 0, 0, 0]
[189, 4296, <Quantity 3334.7058076502276 kpc>, <Quantity 3494.9412576416576 kpc>, <Quantity 3604.997983716944 kpc>, <Quantity 576894646.6390942 solMass>, <Quantity 706744934.07975 solMass>, <Quantity 3.7300558276119578 kpc>, <Quantity 7.34777166811858 kpc>, -1, 0, 0, 0, 0, 0]
[190, 4295, <Quantity 3054.0912207008755 kpc>, <Quantity 3339.1281312267897 kpc>, <Quantity 3037.788195001777 kpc>, <Quantity 674525056.9968971 solMass>, <Quantity 704623487.0432521 solMass>, <Quantity 3.9296076573132463 kpc>, <Quantity 3.7220799164613516 kpc>, -1, 0, 0, 0, 0, 0]
[192, 4294, <Quantity 2878.5547878950833 kpc>, <Quantity 3052.8361757906423 kpc>, <Quantity 3099.182038995695 kpc>, <Quantity 828188800.0279772 solMass>, <Quantity 698562209.714796 solMass>, <Quantity 4.207843832726522 kpc>, <Quantity 4.764083793758839 kpc>, -1, 0, 0, 0, 0, 0]
[194, 4293, <Quantity 3126.0714369374346 kpc>, <Quantity 3218.9861052004044 kpc>, <Quantity 2888.1740715651886 kpc>, <Quantity 621750202.5436312 solMass>, <Quantity 696137698.8069187 solMass>, <Quantity 3.8243280666009563 kpc>, <Quantity 4.851530958976418 kpc>, -1, 0, 0, 0, 0, 0]
[195, 4291, <Quantity 2899.5258930942414 kpc>, <Quantity 2885.8403207585043 kpc>, <Quantity 3023.935122778645 kpc>, <Quantity 618620677.0725551 solMass>, <Quantity 681287569.4100367 solMass>, <Quantity 3.8179007967718226 kpc>, <Quantity 5.595507921480667 kpc>, -1, 0, 0, 0, 0, 0]
[197, 4290, <Quantity 2940.0760402341393 kpc>, <Quantity 3080.561099629373 kpc>, <Quantity 3101.7629329867964 kpc>, <Quantity 813587043.3776416 solMass>, <Quantity 676438547.5438548 solMass>, <Quantity 4.182967627443924 kpc>, <Quantity 5.19857382931349 kpc>, -1, 0, 0, 0, 0, 0]
[198, 4289, <Quantity 2831.8875645806297 kpc>, <Quantity 3243.3576461886296 kpc>, <Quantity 3257.502716236179 kpc>, <Quantity 664566417.402736 solMass>, <Quantity 671892589.5784862 solMass>, <Quantity 3.9101728813665715 kpc>, <Quantity 5.208216120940667 kpc>, -1, 0, 0, 0, 0, 0]
[199, 4288, <Quantity 2996.6654437394186 kpc>, <Quantity 2759.8106121597907 kpc>, <Quantity 2722.674104687246 kpc>, <Quantity 782298968.9540471 solMass>, <Quantity 670680334.1210357 solMass>, <Quantity 4.128643793483789 kpc>, <Quantity 7.108935535523111 kpc>, -1, 0, 0, 0, 0, 0]
[200, 4287, <Quantity 3092.7463224802505 kpc>, <Quantity 3140.9975044925977 kpc>, <Quantity 3116.105668437788 kpc>, <Quantity 503144366.6965255 solMass>, <Quantity 670377270.2454803 solMass>, <Quantity 3.563805828976789 kpc>, <Quantity 8.402374510764282 kpc>, 5, 0, 0, 0, 0, 0]
[201, 4286, <Quantity 3214.279552134884 kpc>, <Quantity 2747.3561195926613 kpc>, <Quantity 2848.4933936975785 kpc>, <Quantity 637783458.3728689 solMass>, <Quantity 669468078.6668651 solMass>, <Quantity 3.856922502877117 kpc>, <Quantity 4.979207021159949 kpc>, -1, 0, 0, 0, 0, 0]
[203, 4285, <Quantity 3329.1527760968697 kpc>, <Quantity 3351.169799572742 kpc>, <Quantity 3313.084636236617 kpc>, <Quantity 653030918.0819894 solMass>, <Quantity 664922120.6506377 solMass>, <Quantity 3.887416528363237 kpc>, <Quantity 4.241209682778764 kpc>, -1, 0, 0, 0, 0, 0]
[205, 4284, <Quantity 3031.8002582720715 kpc>, <Quantity 2833.277300538223 kpc>, <Quantity 2941.9160271015903 kpc>, <Quantity 770858112.1251149 solMass>, <Quantity 659163907.2332792 solMass>, <Quantity 4.10841820194897 kpc>, <Quantity 4.874425043868347 kpc>, -1, 0, 0, 0, 0, 0]
[209, 4281, <Quantity 3135.0083795685273 kpc>, <Quantity 2908.6237223385792 kpc>, <Quantity 2890.147093206362 kpc>, <Quantity 660902311.1209106 solMass>, <Quantity 653708757.6606873 solMass>, <Quantity 3.902973349510198 kpc>, <Quantity 5.597216756199365 kpc>, -1, 0, 0, 0, 0, 0]
[211, 4280, <Quantity 2942.1785574555643 kpc>, <Quantity 3143.2738095057325 kpc>, <Quantity 3629.701399720079 kpc>, <Quantity 643514036.9285768 solMass>, <Quantity 645526033.2863182 solMass>, <Quantity 3.868439749472742 kpc>, <Quantity 6.198671631269693 kpc>, -1, 0, 0, 0, 0, 0]
[213, 4278, <Quantity 2907.029639363963 kpc>, <Quantity 3241.1523955794582 kpc>, <Quantity 2777.097513878919 kpc>, <Quantity 588015168.1370955 solMass>, <Quantity 640070883.713925 solMass>, <Quantity 3.753870951874249 kpc>, <Quantity 4.010748746628597 kpc>, -1, 0, 0, 0, 0, 0]
[214, 4277, <Quantity 3123.7477635190016 kpc>, <Quantity 2849.7461768601347 kpc>, <Quantity 3002.4377596396675 kpc>, <Quantity 640760650.9585303 solMass>, <Quantity 639161692.1208509 solMass>, <Quantity 3.862914599288632 kpc>, <Quantity 4.4798741728146405 kpc>, -1, 0, 0, 0, 0, 0]
[215, 4276, <Quantity 3274.4130972177104 kpc>, <Quantity 3275.748677136443 kpc>, <Quantity 3008.255042693111 kpc>, <Quantity 617006321.2197847 solMass>, <Quantity 638252500.5026575 solMass>, <Quantity 3.814576832182645 kpc>, <Quantity 3.942840695755187 kpc>, -1, 0, 0, 0, 0, 0]
[217, 4275, <Quantity 2947.4006093207367 kpc>, <Quantity 2805.4016672316134 kpc>, <Quantity 2773.5010149536633 kpc>, <Quantity 667306679.7655226 solMass>, <Quantity 634615734.1376578 solMass>, <Quantity 3.9155398924625926 kpc>, <Quantity 5.441175230032537 kpc>, -1, 0, 0, 0, 0, 0]
[219, 4273, <Quantity 3302.615296925838 kpc>, <Quantity 3327.9796725710667 kpc>, <Quantity 3255.806223341439 kpc>, <Quantity 659874712.7427306 solMass>, <Quantity 626433009.7535158 solMass>, <Quantity 3.9009494651549526 kpc>, <Quantity 5.336440391668363 kpc>, -1, 0, 0, 0, 0, 0]
[222, 4270, <Quantity 2985.6012795859074 kpc>, <Quantity 3195.728948042684 kpc>, <Quantity 3130.662623574295 kpc>, <Quantity 628153935.5078069 solMass>, <Quantity 614613519.0142975 solMass>, <Quantity 3.8374128365682556 kpc>, <Quantity 7.909562389285008 kpc>, -1, 0, 0, 0, 0, 0]
[224, 4268, <Quantity 2910.306041843229 kpc>, <Quantity 2820.1142218021228 kpc>, <Quantity 2797.0313004068394 kpc>, <Quantity 660025470.5883904 solMass>, <Quantity 613098199.697596 solMass>, <Quantity 3.901246518492094 kpc>, <Quantity 4.952849219724641 kpc>, -1, 0, 0, 0, 0, 0]
[225, 4269, <Quantity 3173.4241185321093 kpc>, <Quantity 3119.7813747351547 kpc>, <Quantity 3102.1732729117293 kpc>, <Quantity 669751485.4714395 solMass>, <Quantity 613098199.6896272 solMass>, <Quantity 3.920315841204463 kpc>, <Quantity 6.527457405095669 kpc>, 952, 0, 0, 0, 0, 0]
[230, 4263, <Quantity 3056.871590764451 kpc>, <Quantity 2999.1822311589176 kpc>, <Quantity 2980.374545185688 kpc>, <Quantity 614177410.6913036 solMass>, <Quantity 581882621.5622078 solMass>, <Quantity 3.8087380855604676 kpc>, <Quantity 4.396107311972757 kpc>, -1, 0, 0, 0, 0, 0]
[233, 4261, <Quantity 3321.306005337057 kpc>, <Quantity 3289.2570283361206 kpc>, <Quantity 3650.6489604568587 kpc>, <Quantity 531452453.84390855 solMass>, <Quantity 579761174.5083098 solMass>, <Quantity 3.6294261821754685 kpc>, <Quantity 4.833034316271512 kpc>, -1, 0, 0, 0, 0, 0]
[234, 4259, <Quantity 2812.259320625835 kpc>, <Quantity 2874.163160481844 kpc>, <Quantity 2876.5097834195503 kpc>, <Quantity 595972248.9854337 solMass>, <Quantity 578851982.9087791 solMass>, <Quantity 3.770727730498507 kpc>, <Quantity 4.9424337397422065 kpc>, -1, 0, 0, 0, 0, 0]
[235, 4258, <Quantity 3070.2539067967955 kpc>, <Quantity 3002.176873185693 kpc>, <Quantity 3047.6846154181812 kpc>, <Quantity 688629017.4957709 solMass>, <Quantity 573396833.3252593 solMass>, <Quantity 3.9568076194988833 kpc>, <Quantity 4.335561183234917 kpc>, -1, 0, 0, 0, 0, 0]
[236, 4257, <Quantity 3349.0682682595702 kpc>, <Quantity 3359.6783668832413 kpc>, <Quantity 2636.704384161467 kpc>, <Quantity 435605885.2539703 solMass>, <Quantity 570972322.3844956 solMass>, <Quantity 3.396626095376456 kpc>, <Quantity 3.7808674356863463 kpc>, -1, 0, 0, 0, 0, 0]
[237, 4256, <Quantity 3284.527242953955 kpc>, <Quantity 3345.795158363998 kpc>, <Quantity 2814.036205780577 kpc>, <Quantity 459585690.66008246 solMass>, <Quantity 570669258.5369276 solMass>, <Quantity 3.4578434597434087 kpc>, <Quantity 4.491475585120989 kpc>, -1, 0, 0, 0, 0, 0]
[238, 4255, <Quantity 2884.946748940919 kpc>, <Quantity 3256.4756894467446 kpc>, <Quantity 2705.271822021811 kpc>, <Quantity 534163982.3745134 solMass>, <Quantity 566729428.2874758 solMass>, <Quantity 3.635588290522924 kpc>, <Quantity 5.082801892468814 kpc>, -1, 0, 0, 0, 0, 0]
[240, 4254, <Quantity 2965.294221461183 kpc>, <Quantity 3484.658117522974 kpc>, <Quantity 3362.7411181023576 kpc>, <Quantity 494908118.76409906 solMass>, <Quantity 563698789.630066 solMass>, <Quantity 3.5442527776773556 kpc>, <Quantity 3.645298878347661 kpc>, -1, 0, 0, 0, 0, 0]
[241, 4253, <Quantity 2878.8866367359587 kpc>, <Quantity 3214.9152198501206 kpc>, <Quantity 3420.5908655743 kpc>, <Quantity 546945380.6458718 solMass>, <Quantity 561577342.5719724 solMass>, <Quantity 3.664357312307834 kpc>, <Quantity 4.777101881462129 kpc>, -1, 0, 0, 0, 0, 0]
[243, 4251, <Quantity 2843.1143040788074 kpc>, <Quantity 3230.439335327443 kpc>, <Quantity 3243.0342391234726 kpc>, <Quantity 601982756.9123585 solMass>, <Quantity 557031384.5913094 solMass>, <Quantity 3.7833615528477234 kpc>, <Quantity 4.763387085480369 kpc>, -1, 0, 0, 0, 0, 0]
[245, 4250, <Quantity 3205.953902371133 kpc>, <Quantity 2816.3445584009555 kpc>, <Quantity 2859.5471770436707 kpc>, <Quantity 462513615.6079048 solMass>, <Quantity 552485426.6249311 solMass>, <Quantity 3.4651709883996067 kpc>, <Quantity 4.3870192800695955 kpc>, -1, 0, 0, 0, 0, 0]
[247, 4249, <Quantity 2973.688397527404 kpc>, <Quantity 2942.481438928783 kpc>, <Quantity 2915.714158068821 kpc>, <Quantity 453474346.2004603 solMass>, <Quantity 548545596.3762811 solMass>, <Quantity 3.442448116330737 kpc>, <Quantity 4.825402410093544 kpc>, -1, 0, 0, 0, 0, 0]
[248, 4248, <Quantity 3046.55618425975 kpc>, <Quantity 3417.6295552196875 kpc>, <Quantity 2518.4992846921214 kpc>, <Quantity 442094608.1908744 solMass>, <Quantity 547636404.7680457 solMass>, <Quantity 3.4134082597011153 kpc>, <Quantity 4.287762014492058 kpc>, -1, 0, 0, 0, 0, 0]
[249, 4247, <Quantity 3084.852904911259 kpc>, <Quantity 3332.078645708367 kpc>, <Quantity 3509.9345048669697 kpc>, <Quantity 532950794.36426336 solMass>, <Quantity 547636404.7539297 solMass>, <Quantity 3.632833833319482 kpc>, <Quantity 5.0394556801151555 kpc>, -1, 0, 0, 0, 0, 0]
[250, 4246, <Quantity 3296.417265322499 kpc>, <Quantity 2841.199935239302 kpc>, <Quantity 3010.53700826926 kpc>, <Quantity 560040186.4254336 solMass>, <Quantity 545514957.7049495 solMass>, <Quantity 3.693370642567313 kpc>, <Quantity 6.367405643255052 kpc>, -1, 0, 0, 0, 0, 0]
[252, 4245, <Quantity 3228.7598784549878 kpc>, <Quantity 2833.3069732755534 kpc>, <Quantity 3614.6532619031595 kpc>, <Quantity 486796049.6217629 solMass>, <Quantity 535816914.01520836 solMass>, <Quantity 3.524781313200581 kpc>, <Quantity 4.175063560936655 kpc>, -1, 0, 0, 0, 0, 0]
[254, 4243, <Quantity 2986.920077321834 kpc>, <Quantity 2902.595603210002 kpc>, <Quantity 2902.235070795917 kpc>, <Quantity 598638362.3752953 solMass>, <Quantity 529755636.7112416 solMass>, <Quantity 3.776342216575712 kpc>, <Quantity 6.619987252015636 kpc>, -1, 0, 0, 0, 0, 0]
[257, 4240, <Quantity 3289.3946500714724 kpc>, <Quantity 3016.00644661987 kpc>, <Quantity 3618.630711461004 kpc>, <Quantity 433087582.2061705 solMass>, <Quantity 524300487.1319874 solMass>, <Quantity 3.390067972726747 kpc>, <Quantity 4.988769868914622 kpc>, -1, 0, 0, 0, 0, 0]
[261, 4238, <Quantity 3325.5255382235223 kpc>, <Quantity 3339.777058374661 kpc>, <Quantity 3314.700563060334 kpc>, <Quantity 469236863.3402403 solMass>, <Quantity 519148401.4228243 solMass>, <Quantity 3.481880565420842 kpc>, <Quantity 4.480815564902136 kpc>, -1, 0, 0, 0, 0, 0]
[262, 4235, <Quantity 3174.6351644936663 kpc>, <Quantity 2842.04193622452 kpc>, <Quantity 3013.6529165052602 kpc>, <Quantity 444231528.9729726 solMass>, <Quantity 512480996.38569945 solMass>, <Quantity 3.418899137231123 kpc>, <Quantity 7.545094256683183 kpc>, -1, 0, 0, 0, 0, 0]
[263, 4234, <Quantity 2863.3641709641815 kpc>, <Quantity 3179.1927742396356 kpc>, <Quantity 2484.926648529483 kpc>, <Quantity 389392522.9896469 solMass>, <Quantity 511571804.78938645 solMass>, <Quantity 3.2719929932117844 kpc>, <Quantity 5.78401356944014 kpc>, -1, 0, 0, 0, 0, 0]
[266, 4231, <Quantity 3253.4314687607543 kpc>, <Quantity 2828.571138372652 kpc>, <Quantity 3116.7668943490753 kpc>, <Quantity 446124359.04379034 solMass>, <Quantity 509753421.59730685 solMass>, <Quantity 3.423748129276048 kpc>, <Quantity 4.5050853977054 kpc>, -1, 0, 0, 0, 0, 0]
[269, 4230, <Quantity 3076.7633139024883 kpc>, <Quantity 2764.320419672996 kpc>, <Quantity 2812.2858529727387 kpc>, <Quantity 545938704.4951661 solMass>, <Quantity 505813591.3489426 solMass>, <Quantity 3.6621077966612403 kpc>, <Quantity 4.387409441562979 kpc>, -1, 0, 0, 0, 0, 0]
[270, 4229, <Quantity 2912.46452018461 kpc>, <Quantity 3346.83274841352 kpc>, <Quantity 3056.833684998836 kpc>, <Quantity 433969942.8465768 solMass>, <Quantity 502176824.96085906 solMass>, <Quantity 3.392368687815323 kpc>, <Quantity 4.190839500967912 kpc>, -1, 0, 0, 0, 0, 0]
[274, 4228, <Quantity 2794.919192775259 kpc>, <Quantity 2684.742323271693 kpc>, <Quantity 2950.596036120288 kpc>, <Quantity 532406109.3244959 solMass>, <Quantity 491266525.8058011 solMass>, <Quantity 3.6315958048743893 kpc>, <Quantity 4.7720976944397675 kpc>, -1, 0, 0, 0, 0, 0]
[275, 4225, <Quantity 2830.5952739679287 kpc>, <Quantity 3184.7628279324613 kpc>, <Quantity 2866.8929566945053 kpc>, <Quantity 428054758.591574 solMass>, <Quantity 487629759.4208923 solMass>, <Quantity 3.3768850087234505 kpc>, <Quantity 5.055859322220414 kpc>, -1, 0, 0, 0, 0, 0]
[277, 4223, <Quantity 2842.600970437463 kpc>, <Quantity 3229.7961282215147 kpc>, <Quantity 2858.585573657444 kpc>, <Quantity 380029801.28596294 solMass>, <Quantity 486417503.9583661 solMass>, <Quantity 3.2455555527404405 kpc>, <Quantity 4.507507536002599 kpc>, -1, 0, 0, 0, 0, 0]
[278, 4222, <Quantity 3251.0978883701996 kpc>, <Quantity 2813.011177604458 kpc>, <Quantity 3602.626390042466 kpc>, <Quantity 497833588.31829095 solMass>, <Quantity 486114440.09564537 solMass>, <Quantity 3.55122258341954 kpc>, <Quantity 4.157136915009127 kpc>, -1, 0, 0, 0, 0, 0]
[280, 4221, <Quantity 3227.329428942941 kpc>, <Quantity 2639.9147245121667 kpc>, <Quantity 2814.3911401911278 kpc>, <Quantity 426565192.3295612 solMass>, <Quantity 481568482.1181032 solMass>, <Quantity 3.37296343884494 kpc>, <Quantity 6.30777166532284 kpc>, -1, 0, 0, 0, 0, 0]
[281, 4220, <Quantity 2934.975761053699 kpc>, <Quantity 2794.872012333501 kpc>, <Quantity 2744.879999741364 kpc>, <Quantity 425304682.04365 solMass>, <Quantity 481568482.1180379 solMass>, <Quantity 3.3696377651550704 kpc>, <Quantity 5.919020483128948 kpc>, -1, 0, 0, 0, 0, 0]
[283, 4218, <Quantity 3044.759368915064 kpc>, <Quantity 3384.1845023215237 kpc>, <Quantity 2497.735036785395 kpc>, <Quantity 557734952.7418963 solMass>, <Quantity 479447035.0509885 solMass>, <Quantity 3.68829613108595 kpc>, <Quantity 4.3248598758515495 kpc>, -1, 0, 0, 0, 0, 0]
[284, 4217, <Quantity 2800.6964617618787 kpc>, <Quantity 2693.5390605706702 kpc>, <Quantity 2950.4087077056406 kpc>, <Quantity 533077694.2371042 solMass>, <Quantity 476719460.2630862 solMass>, <Quantity 3.6331221460939793 kpc>, <Quantity 5.0374553226127095 kpc>, -1, 0, 0, 0, 0, 0]
[285, 4216, <Quantity 3018.9808835041113 kpc>, <Quantity 2907.661835114471 kpc>, <Quantity 2949.7718810306023 kpc>, <Quantity 475296281.40368485 solMass>, <Quantity 475507204.80680645 solMass>, <Quantity 3.496804087425816 kpc>, <Quantity 5.148870276847049 kpc>, -1, 0, 0, 0, 0, 0]
[287, 4214, <Quantity 3260.0888118018524 kpc>, <Quantity 3178.110726871572 kpc>, <Quantity 3044.03719652503 kpc>, <Quantity 399110166.4698368 solMass>, <Quantity 474901077.0711207 solMass>, <Quantity 3.2989881774904224 kpc>, <Quantity 3.5968647524499593 kpc>, -1, 0, 0, 0, 0, 0]
[288, 4213, <Quantity 3212.189367758901 kpc>, <Quantity 2812.927212498986 kpc>, <Quantity 3036.914735795746 kpc>, <Quantity 567797579.662129 solMass>, <Quantity 472173502.29359066 solMass>, <Quantity 3.710345407207688 kpc>, <Quantity 4.6187613053135745 kpc>, -1, 0, 0, 0, 0, 0]
[289, 4212, <Quantity 2848.6690333637184 kpc>, <Quantity 3215.930496523699 kpc>, <Quantity 3223.075496362421 kpc>, <Quantity 333262665.8388903 solMass>, <Quantity 472173502.28222626 solMass>, <Quantity 3.1065526393596787 kpc>, <Quantity 4.915893030868357 kpc>, -1, 0, 0, 0, 0, 0]
[291, 4210, <Quantity 3327.433605130861 kpc>, <Quantity 2647.7488181816116 kpc>, <Quantity 2885.0266656742383 kpc>, <Quantity 465137875.43935245 solMass>, <Quantity 468536735.9015773 solMass>, <Quantity 3.4717123197662896 kpc>, <Quantity 6.110074182856763 kpc>, -1, 0, 0, 0, 0, 0]
[292, 4208, <Quantity 2781.9940652374303 kpc>, <Quantity 3340.542214918077 kpc>, <Quantity 2548.678567022761 kpc>, <Quantity 234222429.0856992 solMass>, <Quantity 468536735.8991627 solMass>, <Quantity 2.7620147224775193 kpc>, <Quantity 5.344256564020635 kpc>, -1, 0, 0, 0, 0, 0]
[293, 4209, <Quantity 2977.973254839581 kpc>, <Quantity 3130.6965273632436 kpc>, <Quantity 3133.6598812780917 kpc>, <Quantity 453643313.13527435 solMass>, <Quantity 468536735.8926683 solMass>, <Quantity 3.442875621350674 kpc>, <Quantity 3.4364783176142435 kpc>, -1, 0, 0, 0, 0, 0]
[294, 4207, <Quantity 2979.6423290460134 kpc>, <Quantity 2867.3695180645946 kpc>, <Quantity 2606.1773457967174 kpc>, <Quantity 385602751.4876231 solMass>, <Quantity 468233672.04232043 solMass>, <Quantity 3.261343453991858 kpc>, <Quantity 3.8572617030419867 kpc>, -1, 0, 0, 0, 0, 0]
[296, 4206, <Quantity 3132.9897606472523 kpc>, <Quantity 2849.1931585470243 kpc>, <Quantity 2872.4180664158885 kpc>, <Quantity 349201724.7361472 solMass>, <Quantity 464293841.79425883 solMass>, <Quantity 3.155309431898374 kpc>, <Quantity 4.2192884400692074 kpc>, -1, 0, 0, 0, 0, 0]
[297, 4205, <Quantity 2832.2872028786583 kpc>, <Quantity 3237.1009220729798 kpc>, <Quantity 3247.7547627938493 kpc>, <Quantity 458183274.63713306 solMass>, <Quantity 463384650.1858121 solMass>, <Quantity 3.4543226973855514 kpc>, <Quantity 4.767707029222285 kpc>, -1, 0, 0, 0, 0, 0]
[299, 4204, <Quantity 2951.7690544832876 kpc>, <Quantity 3292.6546949543026 kpc>, <Quantity 2939.6624564242666 kpc>, <Quantity 305173166.4282183 solMass>, <Quantity 458535628.3433387 solMass>, <Quantity 3.016698751751278 kpc>, <Quantity 5.035400348044735 kpc>, -1, 0, 0, 0, 0, 0]
[300, 4203, <Quantity 3258.16007020493 kpc>, <Quantity 2941.3321324887 kpc>, <Quantity 2525.558724573926 kpc>, <Quantity 371774963.43093526 solMass>, <Quantity 457929500.61497796 solMass>, <Quantity 3.2218838172612867 kpc>, <Quantity 4.643058440233798 kpc>, -1, 0, 0, 0, 0, 0]
[302, 4201, <Quantity 3339.4133538121855 kpc>, <Quantity 3285.485243156528 kpc>, <Quantity 3633.4367888932093 kpc>, <Quantity 426682411.65296817 solMass>, <Quantity 455201925.80899745 solMass>, <Quantity 3.373272371913533 kpc>, <Quantity 4.291425479919193 kpc>, -1, 0, 0, 0, 0, 0]
[307, 4200, <Quantity 2894.3872243242395 kpc>, <Quantity 3350.331012996871 kpc>, <Quantity 3054.9898198985916 kpc>, <Quantity 382988339.7174947 solMass>, <Quantity 447625329.1895341 solMass>, <Quantity 3.25395602599152 kpc>, <Quantity 7.294425501697413 kpc>, -1, 0, 0, 0, 0, 0]
[308, 4199, <Quantity 2845.385683379193 kpc>, <Quantity 2899.816601004273 kpc>, <Quantity 2830.9290772744484 kpc>, <Quantity 410810116.88760096 solMass>, <Quantity 446716137.59454876 solMass>, <Quantity 3.330914913917167 kpc>, <Quantity 3.755693440998726 kpc>, -1, 0, 0, 0, 0, 0]
[310, 4197, <Quantity 2811.772747448245 kpc>, <Quantity 3041.995711077373 kpc>, <Quantity 2834.092232865747 kpc>, <Quantity 447488043.8063672 solMass>, <Quantity 442776307.34297407 solMass>, <Quantity 3.427233079835618 kpc>, <Quantity 3.7612182213811476 kpc>, -1, 0, 0, 0, 0, 0]
[312, 4196, <Quantity 2830.4453299365705 kpc>, <Quantity 3335.7613881740913 kpc>, <Quantity 2848.2121024692037 kpc>, <Quantity 353780430.98247576 solMass>, <Quantity 441564051.8820272 solMass>, <Quantity 3.1690403179815076 kpc>, <Quantity 3.9060722424032646 kpc>, -1, 0, 0, 0, 0, 0]
[314, 4195, <Quantity 2897.8377725009755 kpc>, <Quantity 2859.15334186119 kpc>, <Quantity 2831.032356144126 kpc>, <Quantity 355896793.1637429 solMass>, <Quantity 440351796.4260402 solMass>, <Quantity 3.175346967557903 kpc>, <Quantity 4.555708366558088 kpc>, -1, 0, 0, 0, 0, 0]
[315, 4194, <Quantity 3289.4006100191864 kpc>, <Quantity 3068.513373655445 kpc>, <Quantity 3582.4056401089824 kpc>, <Quantity 510567795.15120614 solMass>, <Quantity 438836477.08908135 solMass>, <Quantity 3.5812472141731884 kpc>, <Quantity 4.701515554336978 kpc>, -1, 0, 0, 0, 0, 0]
[317, 4192, <Quantity 2985.23758702737 kpc>, <Quantity 3354.8114294633347 kpc>, <Quantity 2522.8773506651623 kpc>, <Quantity 358122025.1230212 solMass>, <Quantity 437321157.7642458 solMass>, <Quantity 3.181951136927613 kpc>, <Quantity 4.157884525296294 kpc>, -1, 0, 0, 0, 0, 0]
[318, 4190, <Quantity 2977.1670725757335 kpc>, <Quantity 2808.4501769614467 kpc>, <Quantity 2722.121604017391 kpc>, <Quantity 511192012.0638377 solMass>, <Quantity 435502774.5735884 solMass>, <Quantity 3.582706089757764 kpc>, <Quantity 4.1377763679364215 kpc>, -1, 0, 0, 0, 0, 0]
[320, 4188, <Quantity 3207.817686635311 kpc>, <Quantity 3234.761647427507 kpc>, <Quantity 2896.8696058212663 kpc>, <Quantity 361102896.9879976 solMass>, <Quantity 433078263.6463312 solMass>, <Quantity 3.1907552060217554 kpc>, <Quantity 5.015300331727394 kpc>, -1, 0, 0, 0, 0, 0]
[321, 4187, <Quantity 2956.685613826513 kpc>, <Quantity 3340.858672313866 kpc>, <Quantity 2469.117154456491 kpc>, <Quantity 355200697.4295739 solMass>, <Quantity 430653752.72440207 solMass>, <Quantity 3.1732754043455755 kpc>, <Quantity 3.673043216692548 kpc>, -1, 0, 0, 0, 0, 0]
[322, 4185, <Quantity 3052.591409264976 kpc>, <Quantity 3315.024039975636 kpc>, <Quantity 2657.1908922931 kpc>, <Quantity 382847207.1624068 solMass>, <Quantity 428532305.6700798 solMass>, <Quantity 3.253556278790865 kpc>, <Quantity 4.899594784959186 kpc>, -1, 0, 0, 0, 0, 0]
[323, 4184, <Quantity 2850.1206265434707 kpc>, <Quantity 3292.5553123922095 kpc>, <Quantity 2656.2066037713457 kpc>, <Quantity 326554198.8527082 solMass>, <Quantity 428532305.66771275 solMass>, <Quantity 3.0855665638577707 kpc>, <Quantity 4.2508040542508585 kpc>, -1, 0, 0, 0, 0, 0]
