yt : [INFO     ] 2017-08-01 14:56:09,652 Parameters: current_time              = 2.98248939056e+16
yt : [INFO     ] 2017-08-01 14:56:09,652 Parameters: domain_dimensions         = [2 2 2]
yt : [INFO     ] 2017-08-01 14:56:09,653 Parameters: domain_left_edge          = [ 0.  0.  0.]
yt : [INFO     ] 2017-08-01 14:56:09,654 Parameters: domain_right_edge         = [  1.90744739e+25   1.90744739e+25   1.90744739e+25]
yt : [INFO     ] 2017-08-01 14:56:09,654 Parameters: cosmological_simulation   = 1
yt : [INFO     ] 2017-08-01 14:56:09,654 Parameters: current_redshift          = 5.99999984663
yt : [INFO     ] 2017-08-01 14:56:09,654 Parameters: omega_lambda              = 0.712
yt : [INFO     ] 2017-08-01 14:56:09,654 Parameters: omega_matter              = 0.288
yt : [INFO     ] 2017-08-01 14:56:09,654 Parameters: hubble_constant           = 0.6933
yt : [INFO     ] 2017-08-01 14:56:09,756 Parameters: current_time              = 125.48444577791
yt : [INFO     ] 2017-08-01 14:56:09,756 Parameters: domain_dimensions         = [128 128 128]
yt : [INFO     ] 2017-08-01 14:56:09,756 Parameters: domain_left_edge          = [ 0.  0.  0.]
yt : [INFO     ] 2017-08-01 14:56:09,757 Parameters: domain_right_edge         = [ 1.  1.  1.]
yt : [INFO     ] 2017-08-01 14:56:09,757 Parameters: cosmological_simulation   = 1
yt : [INFO     ] 2017-08-01 14:56:09,757 Parameters: current_redshift          = 5.9999998466326
yt : [INFO     ] 2017-08-01 14:56:09,757 Parameters: omega_lambda              = 0.712
yt : [INFO     ] 2017-08-01 14:56:09,757 Parameters: omega_matter              = 0.288
yt : [INFO     ] 2017-08-01 14:56:09,758 Parameters: hubble_constant           = 0.6933
yt : [INFO     ] 2017-08-01 14:56:09,760 Allocating for 4.425e+03 particles (index particle type 'all')
yt : [INFO     ] 2017-08-01 14:56:09,765 Identified 1.665e+03 octs
TimeNow:  0.944867546029586 Gyr
IsSatellite
IsSatellite
IsSatellite
IsSatellite
IsSatellite
Parsing Hierarchy :   0%|          | 0/19448 [00:00<?, ?it/s]Parsing Hierarchy :   9%|▉         | 1739/19448 [00:00<00:01, 17384.38it/s]Parsing Hierarchy :  21%|██        | 4040/19448 [00:00<00:00, 19070.13it/s]Parsing Hierarchy :  26%|██▌       | 5099/19448 [00:00<00:00, 16398.13it/s]Parsing Hierarchy :  38%|███▊      | 7374/19448 [00:00<00:00, 18303.16it/s]Parsing Hierarchy :  49%|████▉     | 9625/19448 [00:00<00:00, 19562.24it/s]Parsing Hierarchy :  61%|██████    | 11872/19448 [00:00<00:00, 20432.78it/s]Parsing Hierarchy :  73%|███████▎  | 14139/19448 [00:00<00:00, 21103.41it/s]Parsing Hierarchy :  83%|████████▎ | 16107/19448 [00:00<00:00, 18460.04it/s]Parsing Hierarchy :  94%|█████████▍| 18373/19448 [00:00<00:00, 19719.90it/s]Parsing Hierarchy : 100%|██████████| 19448/19448 [00:01<00:00, 19211.38it/s]
yt : [INFO     ] 2017-08-01 14:56:14,498 Gathering a field list (this may take a moment.)
14 1.4660171001889762e+26 1 / s
IsSatellite
IsSatellite
22 4.7898709975987226e+25 1 / s
26 3.671449741888411e+24 1 / s
IsSatellite
IsSatellite
IsSatellite
35 5.398590852793578e+25 1 / s
IsSatellite
40 4.3845473515026985e+23 1 / s
IsSatellite
42 3.1647928173729387e+25 1 / s
45 3.128336726574267e+25 1 / s
46 1.1259126418931511e+25 1 / s
50 1.2054190590320055e+25 1 / s
51 2.361210999877477e+24 1 / s
52 0.0 1 / s
61 3.3115320342899164e+25 1 / s
62 1.4637669932064325e+25 1 / s
63 8.793257787354664e+24 1 / s
64 0.0 1 / s
65 2.57173409326143e+25 1 / s
68 0.0 1 / s
69 0.0 1 / s
71 1.33544779960521e+22 1 / s
72 6.163979343084064e+23 1 / s
75 1.1310284432119165e+24 1 / s
76 2.167811389879916e+25 1 / s
77 6.548920841968034e+24 1 / s
79 9.024255758374751e+24 1 / s
