yt : [INFO     ] 2017-07-28 10:47:39,937 Parameters: current_time              = 4.93026194546e+16
yt : [INFO     ] 2017-07-28 10:47:39,937 Parameters: domain_dimensions         = [2 2 2]
yt : [INFO     ] 2017-07-28 10:47:39,938 Parameters: domain_left_edge          = [ 0.  0.  0.]
yt : [INFO     ] 2017-07-28 10:47:39,938 Parameters: domain_right_edge         = [  2.67042632e+25   2.67042632e+25   2.67042632e+25]
yt : [INFO     ] 2017-07-28 10:47:39,939 Parameters: cosmological_simulation   = 1
yt : [INFO     ] 2017-07-28 10:47:39,939 Parameters: current_redshift          = 3.99999994282
yt : [INFO     ] 2017-07-28 10:47:39,939 Parameters: omega_lambda              = 0.712
yt : [INFO     ] 2017-07-28 10:47:39,939 Parameters: omega_matter              = 0.288
yt : [INFO     ] 2017-07-28 10:47:39,939 Parameters: hubble_constant           = 0.6933
yt : [INFO     ] 2017-07-28 10:47:40,110 Parameters: current_time              = 207.43449741177
yt : [INFO     ] 2017-07-28 10:47:40,110 Parameters: domain_dimensions         = [128 128 128]
yt : [INFO     ] 2017-07-28 10:47:40,111 Parameters: domain_left_edge          = [ 0.  0.  0.]
yt : [INFO     ] 2017-07-28 10:47:40,111 Parameters: domain_right_edge         = [ 1.  1.  1.]
yt : [INFO     ] 2017-07-28 10:47:40,112 Parameters: cosmological_simulation   = 1
yt : [INFO     ] 2017-07-28 10:47:40,112 Parameters: current_redshift          = 3.9999999428215
yt : [INFO     ] 2017-07-28 10:47:40,112 Parameters: omega_lambda              = 0.712
yt : [INFO     ] 2017-07-28 10:47:40,112 Parameters: omega_matter              = 0.288
yt : [INFO     ] 2017-07-28 10:47:40,112 Parameters: hubble_constant           = 0.6933
yt : [INFO     ] 2017-07-28 10:47:40,116 Allocating for 1.022e+04 particles (index particle type 'all')
yt : [INFO     ] 2017-07-28 10:47:40,122 Identified 3.545e+03 octs
IsSatellite
91 0.8206133264325429 solMass / solMass
93 1.064413030050721 solMass / solMass
94 1.7091234987583421 solMass / solMass
101 3.5309570360210825 solMass / solMass
102 1.2995820558430384 solMass / solMass
104 1.7789892865631651 solMass / solMass
105 1.9182143205276885 solMass / solMass
IsSatellite
IsSatellite
IsSatellite
112 2.623148257568062 solMass / solMass
114 2.005359947383551 solMass / solMass
IsSatellite
IsSatellite
IsSatellite
123 0.9836363089503659 solMass / solMass
124 10.320474714929881 solMass / solMass
IsSatellite
126 5.3550787874872094 solMass / solMass
128 3.8408012986984548 solMass / solMass
129 4.5839710760810854 solMass / solMass
130 21.635795940355525 solMass / solMass
135 5.002267344091254 solMass / solMass
137 5.870867785260739 solMass / solMass
IsSatellite
141 11.592253190294464 solMass / solMass
144 12.771976719996122 solMass / solMass
145 5.907872162906169 solMass / solMass
IsSatellite
IsSatellite
150 21.935347118298562 solMass / solMass
IsSatellite
153 4.267712619914012 solMass / solMass
154 5.2961910258491605 solMass / solMass
161 7.940626116245282 solMass / solMass
166 26.114418388829765 solMass / solMass
168 11.860716866575595 solMass / solMass
169 6.421618685599213 solMass / solMass
171 11.984136230831034 solMass / solMass
172 11.5091845884967 solMass / solMass
173 1.5192736972412784 solMass / solMass
174 8.17773178063832 solMass / solMass
175 9.195719855643935 solMass / solMass
177 19.70015379165656 solMass / solMass
180 10.983001832450705 solMass / solMass
181 14.233120083435407 solMass / solMass
182 17.995413461050767 solMass / solMass
183 13.474896489338414 solMass / solMass
184 13.529617106153834 solMass / solMass
189 12.790696063408918 solMass / solMass
192 11.84055711840282 solMass / solMass
193 17.23187605636394 solMass / solMass
194 6.666884264919182 solMass / solMass
195 13.142781334957691 solMass / solMass
197 15.552619320190413 solMass / solMass
198 7.589681060464936 solMass / solMass
199 17.268290210346457 solMass / solMass
200 12.956131057343557 solMass / solMass
201 4.920855088738404 solMass / solMass
202 4.410385413007854 solMass / solMass
205 5.821635569305453 solMass / solMass
208 8.96739571942357 solMass / solMass
IsSatellite
210 12.69320817505915 solMass / solMass
211 18.699901021594933 solMass / solMass
214 2.1039587956901333 solMass / solMass
217 12.797459058650336 solMass / solMass
221 13.035636090011858 solMass / solMass
222 41.55374621079767 solMass / solMass
224 7.668982042516354 solMass / solMass
225 18.031815130268498 solMass / solMass
226 1.754972309798352 solMass / solMass
227 16.242776525909644 solMass / solMass
229 935.8814910986695 solMass / solMass
230 13.337568718428356 solMass / solMass
231 43.19912128556423 solMass / solMass
232 18.688559538710123 solMass / solMass
234 20.6552059692097 solMass / solMass
235 13.332550700550058 solMass / solMass
236 15.920559382626692 solMass / solMass
237 8.898963185525025 solMass / solMass
243 5.047552725032342 solMass / solMass
246 24.90256704148708 solMass / solMass
247 33.28667093650312 solMass / solMass
248 10.27130536828628 solMass / solMass
249 4.397660637833574 solMass / solMass
250 27.313996204319665 solMass / solMass
253 26.20787746565482 solMass / solMass
256 4.75213175353799 solMass / solMass
257 24.98132783711812 solMass / solMass
259 22.79954609361442 solMass / solMass
265 13.729434045634882 solMass / solMass
266 15.463669175389484 solMass / solMass
267 10.451698782579411 solMass / solMass
271 25.92335550823396 solMass / solMass
274 29.209688030997345 solMass / solMass
278 23.390445718909692 solMass / solMass
279 5.7115156145872 solMass / solMass
282 24.383094317085586 solMass / solMass
283 10.717247406189205 solMass / solMass
285 25.9937605988205 solMass / solMass
287 33.86484049772153 solMass / solMass
290 31.383984757289046 solMass / solMass
291 10.421269808467633 solMass / solMass
295 9.758939140696429 solMass / solMass
297 33.58658485360382 solMass / solMass
298 21.88536463170001 solMass / solMass
299 16.4273148013768 solMass / solMass
300 32.6369253044394 solMass / solMass
306 28.891236071566222 solMass / solMass
IsSatellite
308 22.120873002152713 solMass / solMass
309 26.14598794395192 solMass / solMass
313 34.00821815265992 solMass / solMass
316 15.04266602482874 solMass / solMass
318 5.973185714081132 solMass / solMass
319 60.01522656906022 solMass / solMass
321 16.611057688313636 solMass / solMass
322 4.340185704191445 solMass / solMass
323 57.26637626609704 solMass / solMass
325 81.43376293822553 solMass / solMass
326 7.2293312077291985 solMass / solMass
327 27.325296455756323 solMass / solMass
330 38.583223372150435 solMass / solMass
332 38.14421033457259 solMass / solMass
333 29.75349913574803 solMass / solMass
334 17.449236334281714 solMass / solMass
335 38.73581446668155 solMass / solMass
336 44.72355701806034 solMass / solMass
338 43.575094881312836 solMass / solMass
339 3.33100610048579 solMass / solMass
340 3.1139360300848637 solMass / solMass
341 104.14721824858213 solMass / solMass
342 33.77332810336392 solMass / solMass
IsSatellite
344 42.72322442933529 solMass / solMass
345 17.78442346608049 solMass / solMass
350 24.820743932516834 solMass / solMass
351 29.932015568612485 solMass / solMass
352 43.441889275193525 solMass / solMass
354 33.18843964765287 solMass / solMass
356 6.574324500046264 solMass / solMass
357 8.128394686780322 solMass / solMass
361 23.714381091785786 solMass / solMass
362 122.65017414174271 solMass / solMass
363 15.572587584135011 solMass / solMass
365 76.91142934107575 solMass / solMass
368 3.1964828575702633 solMass / solMass
371 31.04189505890209 solMass / solMass
375 5.976919484026328 solMass / solMass
377 37.72121026329412 solMass / solMass
378 15.767211733367047 solMass / solMass
379 6.1402939262331735 solMass / solMass
382 18.403894767990167 solMass / solMass
387 35.13901138866649 solMass / solMass
390 19.308098725493178 solMass / solMass
391 54.78807609463297 solMass / solMass
393 52.355593305543216 solMass / solMass
394 26.484760785096178 solMass / solMass
395 15.069964878601978 solMass / solMass
398 26.65583079757339 solMass / solMass
399 36.20835362294142 solMass / solMass
400 37.74577617144632 solMass / solMass
401 49.61489507839322 solMass / solMass
402 39.66256020696763 solMass / solMass
403 36.41328160268089 solMass / solMass
404 29.266561659791037 solMass / solMass
405 8.363656716919674 solMass / solMass
408 29.51584014863066 solMass / solMass
409 44.66309857296077 solMass / solMass
411 70.46854294042794 solMass / solMass
412 107.42537668883557 solMass / solMass
413 10.91095481905912 solMass / solMass
416 83.34866109956613 solMass / solMass
417 51.563470471706964 solMass / solMass
418 98.38454240411421 solMass / solMass
419 17.97764269707676 solMass / solMass
421 26.844104478437405 solMass / solMass
424 134.97542232133787 solMass / solMass
427 42.07469687782543 solMass / solMass
428 32.5937804288463 solMass / solMass
432 2.873027295313797 solMass / solMass
434 44.84878265099113 solMass / solMass
435 76.52041598265576 solMass / solMass
436 61.305479459295725 solMass / solMass
438 53.08623026345965 solMass / solMass
441 61.76025590111913 solMass / solMass
442 141.4336305648588 solMass / solMass
445 120.05491899934363 solMass / solMass
446 5.934074269163388 solMass / solMass
447 2.9839828448752317 solMass / solMass
448 151.45187035521033 solMass / solMass
452 67.11967222289628 solMass / solMass
453 45.76020264135113 solMass / solMass
456 39.985271968144936 solMass / solMass
458 2.4781832066447573 solMass / solMass
460 34.42852686792753 solMass / solMass
461 70.9741104122679 solMass / solMass
462 84.4804836454423 solMass / solMass
463 29.212260076821956 solMass / solMass
464 83.30970171657142 solMass / solMass
465 35.38430840449728 solMass / solMass
467 23.7985613494626 solMass / solMass
469 57.72203532544468 solMass / solMass
473 128.41727822337856 solMass / solMass
475 82.41619919516513 solMass / solMass
477 15.311772866482798 solMass / solMass
478 56.58572713628098 solMass / solMass
479 106.57388750195516 solMass / solMass
480 83.97006336004021 solMass / solMass
481 81.2881525791194 solMass / solMass
482 33.2444221550873 solMass / solMass
484 59.79248035438685 solMass / solMass
487 54.51313202697378 solMass / solMass
488 51.59746484664711 solMass / solMass
489 28.566228779720678 solMass / solMass
490 6.595579007566965 solMass / solMass
494 81.80106442255581 solMass / solMass
495 52.080451027120745 solMass / solMass
503 39.92529352679012 solMass / solMass
506 63.59065226534654 solMass / solMass
507 55.38921764259763 solMass / solMass
509 65.28798954141635 solMass / solMass
510 10.688182227236343 solMass / solMass
511 1.3491812929104343 solMass / solMass
513 101.92557837688832 solMass / solMass
514 118.29934051880478 solMass / solMass
515 45.11000295586652 solMass / solMass
519 124.35022249673001 solMass / solMass
520 10.571172174710195 solMass / solMass
521 225.5635549569628 solMass / solMass
523 173.51865949125644 solMass / solMass
525 18.31767745012515 solMass / solMass
526 59.249748758944726 solMass / solMass
529 60.33735920395751 solMass / solMass
535 12.450696627367805 solMass / solMass
537 250.72984462569852 solMass / solMass
540 0.8553766317623631 solMass / solMass
541 3.3116712253163376 solMass / solMass
544 55.3166886666277 solMass / solMass
545 328.29881577100787 solMass / solMass
546 66.96985744482862 solMass / solMass
549 43.61571718140533 solMass / solMass
552 44.69156261003809 solMass / solMass
553 30.677483689073707 solMass / solMass
555 98.36507726492302 solMass / solMass
556 4.744452397083669 solMass / solMass
559 3.225648296931667 solMass / solMass
560 109.6940767286324 solMass / solMass
563 95.15831167758955 solMass / solMass
565 78.47694783927571 solMass / solMass
570 52.17420131838585 solMass / solMass
572 67.57378332823569 solMass / solMass
573 57.12165182272511 solMass / solMass
574 45.611726656851786 solMass / solMass
576 26.452944692599747 solMass / solMass
577 94.09292633477175 solMass / solMass
578 93.23334391432633 solMass / solMass
580 68.8843772078929 solMass / solMass
583 66.76903369512506 solMass / solMass
585 101.248434533379 solMass / solMass
586 85.39385905933354 solMass / solMass
587 45.55444142712851 solMass / solMass
588 48.09047431413414 solMass / solMass
589 15.863368534701186 solMass / solMass
590 74.9541168761204 solMass / solMass
591 26.458947789998085 solMass / solMass
592 33.84527691006886 solMass / solMass
593 1.7926192289719056 solMass / solMass
594 57.03325748967505 solMass / solMass
595 82.47668288021283 solMass / solMass
596 5.418547789461597 solMass / solMass
597 78.7557513224503 solMass / solMass
600 94.51461226945997 solMass / solMass
602 18.287222732904908 solMass / solMass
603 42.64150635807974 solMass / solMass
605 43.256312497918245 solMass / solMass
607 69.68981773239419 solMass / solMass
609 40.56148421222677 solMass / solMass
610 125.66033769236529 solMass / solMass
614 62.50758364126748 solMass / solMass
616 8.547614601558466 solMass / solMass
619 106.37691271976136 solMass / solMass
620 61.34868821929254 solMass / solMass
621 23.16579402593472 solMass / solMass
622 14.311965205479128 solMass / solMass
623 79.75550634138416 solMass / solMass
624 66.66512208339712 solMass / solMass
625 104.17804038160669 solMass / solMass
626 36.4118077224929 solMass / solMass
629 126.36758562221553 solMass / solMass
630 14.54806721226606 solMass / solMass
631 98.17062178622865 solMass / solMass
633 24.46692629293732 solMass / solMass
634 8.841995842714326 solMass / solMass
635 43.24738788807229 solMass / solMass
637 41.62808978811282 solMass / solMass
638 84.19515905402346 solMass / solMass
641 114.79393226071454 solMass / solMass
642 37.510585294467134 solMass / solMass
643 6.728646738555991 solMass / solMass
644 98.65559664728096 solMass / solMass
645 1.8764950218927916 solMass / solMass
646 117.76427449879941 solMass / solMass
647 10.528349366851849 solMass / solMass
648 96.48374635358977 solMass / solMass
652 96.75323007372833 solMass / solMass
656 156.17918268906126 solMass / solMass
657 45.11461692071952 solMass / solMass
658 61.02342934964734 solMass / solMass
659 69.07812709861916 solMass / solMass
661 93.14648937055816 solMass / solMass
662 111.79669230809705 solMass / solMass
663 179.42589091668248 solMass / solMass
664 89.36303521346885 solMass / solMass
665 42.90475381165636 solMass / solMass
667 49.28183053186771 solMass / solMass
668 188.4439543565946 solMass / solMass
670 210.54442266733935 solMass / solMass
671 86.55998682034513 solMass / solMass
672 50.63945541028161 solMass / solMass
674 170.77131696857026 solMass / solMass
675 74.81266828695806 solMass / solMass
676 104.12537240094316 solMass / solMass
680 176.93635571929158 solMass / solMass
681 3.904407803174777 solMass / solMass
683 33.07493254169798 solMass / solMass
684 34.82984331267225 solMass / solMass
686 168.21693972268596 solMass / solMass
689 115.98053137976915 solMass / solMass
691 11.168697902642808 solMass / solMass
695 174.1987685021914 solMass / solMass
697 47.052390229450346 solMass / solMass
698 84.9033210068686 solMass / solMass
699 14.371457573061724 solMass / solMass
701 94.49104282420313 solMass / solMass
704 79.60690343120497 solMass / solMass
706 16.02653725889041 solMass / solMass
708 2.9286962248673154 solMass / solMass
709 103.19174169515045 solMass / solMass
710 30.74119916534249 solMass / solMass
711 124.31354929615762 solMass / solMass
712 47.20228659510368 solMass / solMass
713 47.650390173433294 solMass / solMass
714 91.4044238467242 solMass / solMass
716 193.08035854580763 solMass / solMass
718 132.0477042910058 solMass / solMass
719 133.53238930619622 solMass / solMass
722 36.78854123813913 solMass / solMass
723 343.0984952747558 solMass / solMass
725 24.046763389619542 solMass / solMass
726 136.39338472211315 solMass / solMass
727 52.575386713181246 solMass / solMass
731 97.57709338231113 solMass / solMass
736 65.67458468392921 solMass / solMass
737 48.342480799797144 solMass / solMass
740 66.29783498271733 solMass / solMass
741 185.75465597287203 solMass / solMass
742 15.225286615456287 solMass / solMass
743 6.5088254997673785 solMass / solMass
747 145.66156803749982 solMass / solMass
754 80.22772101813095 solMass / solMass
755 74.55438893848805 solMass / solMass
756 273.2592550023139 solMass / solMass
757 220.85715865475362 solMass / solMass
759 176.4295162593669 solMass / solMass
761 28.022316170437588 solMass / solMass
764 95.33197179553298 solMass / solMass
767 66.37399787964638 solMass / solMass
768 106.52713059785495 solMass / solMass
770 58.31835351048169 solMass / solMass
772 9.7891709014848 solMass / solMass
778 12.403865156029307 solMass / solMass
780 96.02552204637686 solMass / solMass
781 69.10293945039069 solMass / solMass
782 126.29188988727721 solMass / solMass
783 22.912944815080536 solMass / solMass
784 34.88983235499573 solMass / solMass
785 187.28109846860414 solMass / solMass
786 149.31702895130357 solMass / solMass
787 213.5818433684488 solMass / solMass
788 203.39892718217556 solMass / solMass
789 19.358562041536867 solMass / solMass
790 69.98348905151987 solMass / solMass
794 55.84191597637724 solMass / solMass
795 4.220519703361017 solMass / solMass
798 15.469305145942734 solMass / solMass
800 70.13750733858622 solMass / solMass
802 135.90989517232754 solMass / solMass
803 128.00017103159368 solMass / solMass
805 153.85970188500897 solMass / solMass
807 131.18342399685483 solMass / solMass
808 66.05167252594111 solMass / solMass
816 13.507616876848584 solMass / solMass
817 391.8567012101087 solMass / solMass
819 84.62503267232245 solMass / solMass
821 186.25720894423944 solMass / solMass
824 94.85382183758388 solMass / solMass
826 46.080922216245725 solMass / solMass
827 29.885671962900794 solMass / solMass
828 155.25999053342173 solMass / solMass
829 115.5493775957169 solMass / solMass
830 7.717802529856871 solMass / solMass
831 156.78308267393493 solMass / solMass
833 155.47666866716537 solMass / solMass
834 145.3290809274314 solMass / solMass
836 29.179088118165218 solMass / solMass
837 57.26844629171946 solMass / solMass
838 33.13640515620807 solMass / solMass
839 31.478347091842807 solMass / solMass
840 178.87424428424742 solMass / solMass
843 70.31976553205443 solMass / solMass
844 33.84734082551163 solMass / solMass
845 1.819859767022291 solMass / solMass
847 179.06395785750104 solMass / solMass
851 10007.505563300589 solMass / solMass
852 302.99204563038495 solMass / solMass
855 74.86798460760437 solMass / solMass
858 69.44461959081795 solMass / solMass
859 190.7788990106658 solMass / solMass
860 7.073392344470655 solMass / solMass
862 519.6672618871471 solMass / solMass
864 54.88855656713135 solMass / solMass
865 39.88781463405642 solMass / solMass
867 58.44572541019519 solMass / solMass
868 168.43949702166552 solMass / solMass
869 105.39251299896705 solMass / solMass
871 271.54200030042125 solMass / solMass
872 140.3638306566686 solMass / solMass
874 119.54495770794541 solMass / solMass
877 138.68836879331616 solMass / solMass
878 84.3453117365314 solMass / solMass
880 143.71560538284012 solMass / solMass
881 24.420631600405375 solMass / solMass
882 173.96947945306107 solMass / solMass
883 15.372707334291253 solMass / solMass
884 47.01640193358991 solMass / solMass
885 195.17966130362444 solMass / solMass
886 5.704575361745742 solMass / solMass
888 162.5483481956689 solMass / solMass
890 345.1509034935242 solMass / solMass
891 32.20872178867857 solMass / solMass
892 116.00782543039155 solMass / solMass
896 172.09244936393756 solMass / solMass
897 195.23254756449526 solMass / solMass
898 254.87798606557655 solMass / solMass
899 208.5515444602453 solMass / solMass
900 190.88865787318994 solMass / solMass
901 64.15977694097515 solMass / solMass
902 342.9249458540031 solMass / solMass
903 5.020306950255747 solMass / solMass
905 125.63383129934904 solMass / solMass
906 41.41740339216554 solMass / solMass
907 149.84717520075964 solMass / solMass
908 66.66065007188021 solMass / solMass
909 280.56073788434344 solMass / solMass
916 178.32539238265713 solMass / solMass
917 106.63334650086698 solMass / solMass
921 510.968747414284 solMass / solMass
925 4.954976654535947 solMass / solMass
927 148.2873400613445 solMass / solMass
928 183.73347762461384 solMass / solMass
929 463.2699587862506 solMass / solMass
930 158.89914118912785 solMass / solMass
931 84.96726279644106 solMass / solMass
932 26.208144822593713 solMass / solMass
934 35.88723763060696 solMass / solMass
936 88.90881761774186 solMass / solMass
937 171.06517436469915 solMass / solMass
940 157.10232983944607 solMass / solMass
941 99.45071725279311 solMass / solMass
942 6.040985594771359 solMass / solMass
946 63.113931700317686 solMass / solMass
948 142.93111938040698 solMass / solMass
952 182.4773548823054 solMass / solMass
953 18.827332268516532 solMass / solMass
IsSatellite
958 219.9375339522725 solMass / solMass
959 122.02697484994468 solMass / solMass
960 162.517702816237 solMass / solMass
962 207.17574221367406 solMass / solMass
963 105.49879741447445 solMass / solMass
964 299.78630233377424 solMass / solMass
966 50.13633512486565 solMass / solMass
967 217.6252702092375 solMass / solMass
968 485.8309745724889 solMass / solMass
969 5.934195915632313 solMass / solMass
973 96.26167512560666 solMass / solMass
977 96.77792717971889 solMass / solMass
979 34.671280140411675 solMass / solMass
980 6.341515894202044 solMass / solMass
986 57.86699074517552 solMass / solMass
990 82.7377579747732 solMass / solMass
991 47.66902593335824 solMass / solMass
992 3.0703881861820337 solMass / solMass
994 18.408306648088814 solMass / solMass
996 185.51600630783892 solMass / solMass
997 80.78478778911497 solMass / solMass
999 224.96848597442894 solMass / solMass
1003 133.24536341448518 solMass / solMass
1010 250.97048568505767 solMass / solMass
1011 141.99482046617703 solMass / solMass
1012 85.79540982612178 solMass / solMass
1013 137.13404690323367 solMass / solMass
IsSatellite
1015 281.53914641333625 solMass / solMass
1020 410.72562838070075 solMass / solMass
1021 245.08437729700617 solMass / solMass
1023 246.4030508610448 solMass / solMass
1025 234.32500275860497 solMass / solMass
1028 277.04929235526583 solMass / solMass
1032 297.6873681597905 solMass / solMass
1034 287.4593289439864 solMass / solMass
1035 224.13385209787245 solMass / solMass
1036 50.793427437747 solMass / solMass
1037 138.0703171014277 solMass / solMass
1038 131.0351674635361 solMass / solMass
1040 121.69355152093279 solMass / solMass
1041 24.74480074432463 solMass / solMass
1042 154.18805117870667 solMass / solMass
1043 101.21777477229153 solMass / solMass
1044 210.93592069299893 solMass / solMass
1045 138.4337104520446 solMass / solMass
1046 201.2236640236177 solMass / solMass
1048 164.5941581154409 solMass / solMass
1049 185.23276486295626 solMass / solMass
1050 376.2070968653728 solMass / solMass
1052 7.081509217206811 solMass / solMass
1055 159.6967244131773 solMass / solMass
1057 97.90574951961122 solMass / solMass
1058 226.25081947154317 solMass / solMass
IsSatellite
1060 128.92222451978478 solMass / solMass
1061 167.76450325959 solMass / solMass
1062 116.27275874719572 solMass / solMass
1063 50.92756792773134 solMass / solMass
1064 3.984229297131884 solMass / solMass
1065 98.10860782273822 solMass / solMass
1066 364.35618076840586 solMass / solMass
IsSatellite
1069 265.4011072316995 solMass / solMass
1070 216.3764127560525 solMass / solMass
1072 200.55602495909275 solMass / solMass
1074 292.86735389543395 solMass / solMass
1075 227.51636131987235 solMass / solMass
1076 113.31807895001604 solMass / solMass
1078 164.72993993001535 solMass / solMass
1080 150.81522664573077 solMass / solMass
1081 295.0276546015068 solMass / solMass
1082 118.80344506802724 solMass / solMass
1084 90.62531052985462 solMass / solMass
IsSatellite
1089 203.14158362443754 solMass / solMass
1090 37.23223258175644 solMass / solMass
1091 137.09833124693685 solMass / solMass
1092 118.40625200506351 solMass / solMass
1093 93.55667766532346 solMass / solMass
1096 223.53443948029368 solMass / solMass
1098 7.525451906105868 solMass / solMass
1099 190.63526927112736 solMass / solMass
IsSatellite
1102 70.98162292082364 solMass / solMass
1103 262.5433515188057 solMass / solMass
1106 624.5581604071916 solMass / solMass
1107 116.4333302139047 solMass / solMass
1108 110.26298902435153 solMass / solMass
1110 74.92017656812999 solMass / solMass
1111 172.6005094922571 solMass / solMass
1113 19.507703966321188 solMass / solMass
1114 166.96913246730892 solMass / solMass
1115 216.15148531909003 solMass / solMass
1118 560.7838160431186 solMass / solMass
IsSatellite
IsSatellite
1123 435.4645852639306 solMass / solMass
1127 272.046986904267 solMass / solMass
1128 90.78675768338769 solMass / solMass
1129 88.4289959162291 solMass / solMass
1130 90.6537608315675 solMass / solMass
1131 24.4280072035486 solMass / solMass
1133 201.91306821378507 solMass / solMass
1134 174.03189823249693 solMass / solMass
1137 161.39862381586366 solMass / solMass
1138 9.2329859564354 solMass / solMass
1140 50.865252411511136 solMass / solMass
1141 76.074798849234 solMass / solMass
1142 85.30432760923132 solMass / solMass
IsSatellite
1144 221.9794932442676 solMass / solMass
1145 135.51025846137068 solMass / solMass
1146 111.22603186100127 solMass / solMass
1148 32.830119128220886 solMass / solMass
1149 139.83846641450833 solMass / solMass
1150 448.6928161569369 solMass / solMass
1151 256.17363296506284 solMass / solMass
1152 31.70483561119345 solMass / solMass
1153 198.43024281479558 solMass / solMass
1156 268.9558610724973 solMass / solMass
1157 232.2612679261474 solMass / solMass
1159 381.6159578934334 solMass / solMass
1162 140.83598747170242 solMass / solMass
1163 350.9754068249414 solMass / solMass
1164 145.36257691311903 solMass / solMass
1165 79.63224846892933 solMass / solMass
1166 110.79217688374017 solMass / solMass
1167 288.42157491887355 solMass / solMass
1168 388.11397992080725 solMass / solMass
1169 260.49422866237273 solMass / solMass
1171 196.65383498766752 solMass / solMass
1173 116.56624233442659 solMass / solMass
1176 221.01349171506945 solMass / solMass
1177 153.20133875719898 solMass / solMass
1179 77.9462238153464 solMass / solMass
1180 122.92917365802107 solMass / solMass
1181 40.52551893034964 solMass / solMass
1182 100.90469525423869 solMass / solMass
1183 372.95946580927307 solMass / solMass
1184 34.036156453189854 solMass / solMass
1185 226.44866840793898 solMass / solMass
1186 52.69206588537294 solMass / solMass
1188 321.15620867251357 solMass / solMass
1189 160.58963699905559 solMass / solMass
1190 245.18733223901333 solMass / solMass
1191 499.80574115091224 solMass / solMass
1197 85.84176469646404 solMass / solMass
1198 11.042467569720772 solMass / solMass
1202 47.802562484948425 solMass / solMass
1204 78.33560156540393 solMass / solMass
1208 178.349041110878 solMass / solMass
1209 2.763872175436439 solMass / solMass
1210 273.67315784855475 solMass / solMass
1211 132.90216380012902 solMass / solMass
1213 269.60431992010757 solMass / solMass
1214 1695.6376039283039 solMass / solMass
1216 763.4582710192626 solMass / solMass
1217 63.24480322958351 solMass / solMass
1218 177.4478250375339 solMass / solMass
1219 772.0723921305699 solMass / solMass
1221 267.97842863401166 solMass / solMass
1224 829.2682245816718 solMass / solMass
1225 4.088579189499444 solMass / solMass
1227 41.75962054116594 solMass / solMass
1229 230.2356676514707 solMass / solMass
1231 226.95630792938272 solMass / solMass
1232 135.89501335765127 solMass / solMass
1233 857.7139319489655 solMass / solMass
1235 236.26861297770984 solMass / solMass
1236 51.0867425220228 solMass / solMass
1239 244.75408020099312 solMass / solMass
1240 155.66677121300464 solMass / solMass
1241 340.525090708127 solMass / solMass
1242 218.60961460165075 solMass / solMass
1243 15.30480335190682 solMass / solMass
1244 17.35707045750069 solMass / solMass
1245 343.08956626097245 solMass / solMass
1246 160.88212219914627 solMass / solMass
1251 206.7243166846233 solMass / solMass
1253 104.80244212872184 solMass / solMass
1254 102.36375941309966 solMass / solMass
1255 195.35747230574873 solMass / solMass
1259 165.76491142863208 solMass / solMass
1260 335.35418882758984 solMass / solMass
1261 151.0856560920433 solMass / solMass
1262 7.305183784636829 solMass / solMass
IsSatellite
1265 727.9654898447608 solMass / solMass
1268 320.1197763427563 solMass / solMass
1269 259.07996589065016 solMass / solMass
1271 303.0456927289624 solMass / solMass
1272 121.02689817542995 solMass / solMass
1273 1.379261954071117 solMass / solMass
1277 31.554675647682938 solMass / solMass
1278 122.38112158850588 solMass / solMass
1279 113.45447052881889 solMass / solMass
1280 234.50202819168447 solMass / solMass
IsSatellite
1282 206.12361705036605 solMass / solMass
1283 351.10881616516053 solMass / solMass
1284 203.12164559845223 solMass / solMass
1285 59.58109891242568 solMass / solMass
1287 323.1017821079314 solMass / solMass
1288 197.12877517420029 solMass / solMass
1289 48.60630493227968 solMass / solMass
1290 196.1370615635125 solMass / solMass
1291 94.38949678086317 solMass / solMass
IsSatellite
1293 599.9709742670071 solMass / solMass
1294 272.9438745754515 solMass / solMass
1298 232.79213525482456 solMass / solMass
1300 228.78936805453583 solMass / solMass
1302 200.90201518631403 solMass / solMass
1304 118.76562171773466 solMass / solMass
1305 216.70165269662917 solMass / solMass
1307 223.27055238095474 solMass / solMass
1308 59.432327843458395 solMass / solMass
1309 396.77585252240374 solMass / solMass
1310 387.75585561719924 solMass / solMass
1312 134.1914421097941 solMass / solMass
1313 353.0901986432136 solMass / solMass
1314 312.6105926937558 solMass / solMass
IsSatellite
1316 277.593250518987 solMass / solMass
1317 4.162535520783291 solMass / solMass
1319 48.23883631400244 solMass / solMass
1320 204.8706751556574 solMass / solMass
1321 143.39094778427432 solMass / solMass
1322 226.69338763262445 solMass / solMass
1323 218.08934745271435 solMass / solMass
1324 333.5455527727587 solMass / solMass
1327 115.74881746031532 solMass / solMass
1328 230.05132077453524 solMass / solMass
1330 8.909979815579735 solMass / solMass
1331 751.420996320397 solMass / solMass
1334 633.3867364076538 solMass / solMass
1335 71.01367137642497 solMass / solMass
1336 24.17759714008829 solMass / solMass
1337 292.24447464275397 solMass / solMass
1338 391.9993417876081 solMass / solMass
1339 157.7754221879338 solMass / solMass
1342 373.9254004732985 solMass / solMass
1343 115.01881343733874 solMass / solMass
1344 549.6521342371741 solMass / solMass
1345 225.87578558659624 solMass / solMass
1347 313.72473004820336 solMass / solMass
1353 112.94441217836574 solMass / solMass
1354 184.53235698695434 solMass / solMass
1357 1631.1294350636808 solMass / solMass
1358 244.22000672620592 solMass / solMass
1360 14.000253833770039 solMass / solMass
1362 156.69438355644456 solMass / solMass
1363 293.4946660683482 solMass / solMass
1365 696.4777692082845 solMass / solMass
1370 240.98087274757998 solMass / solMass
1371 282.0795317933593 solMass / solMass
1372 113.46066071633224 solMass / solMass
1373 42.08002445974816 solMass / solMass
1376 362.1221486801172 solMass / solMass
1381 31.4598954258288 solMass / solMass
1383 197.45905113256003 solMass / solMass
1384 277.0199888886603 solMass / solMass
1386 29.08157518877391 solMass / solMass
1387 49.0609103666893 solMass / solMass
1389 36.61251613626287 solMass / solMass
1391 329.77775586809526 solMass / solMass
1394 256.5472974992228 solMass / solMass
1395 245.49657091867962 solMass / solMass
1396 366.9038573151731 solMass / solMass
1397 158.0941840215486 solMass / solMass
1398 294.78789326094545 solMass / solMass
1399 585.0208555086491 solMass / solMass
1400 444.3425028929557 solMass / solMass
1402 240.31830986558995 solMass / solMass
1403 510.56472869966024 solMass / solMass
1409 61.13774792728587 solMass / solMass
1410 138.27271986751163 solMass / solMass
1411 44.35472450216951 solMass / solMass
1416 39.51174426459381 solMass / solMass
1417 171.5259738657458 solMass / solMass
1418 307.4514929456575 solMass / solMass
1419 485.5083113705659 solMass / solMass
1421 74.56936153975772 solMass / solMass
1423 48.478856382420844 solMass / solMass
1424 720.9366197444763 solMass / solMass
1425 258.39337548186234 solMass / solMass
1427 151.39327458858514 solMass / solMass
1428 42.43272995373589 solMass / solMass
1429 306.21441463853944 solMass / solMass
1431 544.0820726322215 solMass / solMass
1432 144.00541065628983 solMass / solMass
1435 281.82684652018713 solMass / solMass
1436 28.428071434656427 solMass / solMass
1437 271.27544062700235 solMass / solMass
IsSatellite
1439 463.330136665728 solMass / solMass
1440 398.5680863391449 solMass / solMass
1441 343.73325917844375 solMass / solMass
1442 967.0687970160933 solMass / solMass
1445 332.459133795667 solMass / solMass
1446 537.8534177756773 solMass / solMass
1448 230.41181194065751 solMass / solMass
1449 9.89709876035807 solMass / solMass
1450 16.77167418301195 solMass / solMass
1451 43.96464967763979 solMass / solMass
1452 788.7466625332397 solMass / solMass
1453 331.6732297780266 solMass / solMass
1454 290.8641908762582 solMass / solMass
1458 110.11490436593625 solMass / solMass
1459 213.2025338523568 solMass / solMass
1461 441.2842940756807 solMass / solMass
1462 221.21178396198937 solMass / solMass
1466 103.40334707022792 solMass / solMass
1467 197.70330195203277 solMass / solMass
1468 436.993050657983 solMass / solMass
1470 359.47277274607467 solMass / solMass
1471 140.22336665499824 solMass / solMass
1472 490.97658266906365 solMass / solMass
1474 163.90941787967773 solMass / solMass
1475 472.81830326712884 solMass / solMass
1476 196.81696039005683 solMass / solMass
1478 452.55873614471847 solMass / solMass
1480 452.9527035405654 solMass / solMass
1481 243.4183972083943 solMass / solMass
1483 211.19469937254863 solMass / solMass
1484 326.3428378056262 solMass / solMass
1486 392.63984838299024 solMass / solMass
1487 183.6027404993495 solMass / solMass
1488 14.06614016096366 solMass / solMass
1489 4.7149797164710545 solMass / solMass
1490 20.443562083762828 solMass / solMass
IsSatellite
1492 204.8151260198639 solMass / solMass
1493 131.637566891756 solMass / solMass
1494 36.53009390790752 solMass / solMass
1495 225.50957842886118 solMass / solMass
1498 354.93538092585305 solMass / solMass
1499 388.3343633166607 solMass / solMass
1501 460.22611816403384 solMass / solMass
1502 349.93916571614784 solMass / solMass
1504 15.693590350381035 solMass / solMass
1505 40.34019337000107 solMass / solMass
IsSatellite
1508 522.1010643166226 solMass / solMass
1509 316.9505084387292 solMass / solMass
1511 512.8658129449049 solMass / solMass
1512 88.82214231645617 solMass / solMass
1513 172.34153481000575 solMass / solMass
1514 333.66253271044434 solMass / solMass
1515 258.1796494028877 solMass / solMass
1516 230.78370123098208 solMass / solMass
1518 336.3146180951472 solMass / solMass
1519 138.6605322612192 solMass / solMass
1521 289.38589678444345 solMass / solMass
1522 290.48761020264647 solMass / solMass
1523 290.8604525292669 solMass / solMass
1525 158.1044505246943 solMass / solMass
1527 232.72184814519673 solMass / solMass
1530 360.1967158245539 solMass / solMass
1531 29.363004969659535 solMass / solMass
1534 14.655752001230866 solMass / solMass
IsSatellite
1536 66.6006202984703 solMass / solMass
1537 443.7511188790529 solMass / solMass
1539 19.40830696629209 solMass / solMass
1540 81.883862324572 solMass / solMass
1541 254.73882611096187 solMass / solMass
1543 129.49421066440607 solMass / solMass
1544 46.313210703063376 solMass / solMass
1547 489.19544058217747 solMass / solMass
1548 599.7851083245857 solMass / solMass
1553 592.7852943004324 solMass / solMass
1554 313.75923822793834 solMass / solMass
1555 453.5606712704169 solMass / solMass
1556 206.46020540267392 solMass / solMass
1557 404.84555835742503 solMass / solMass
1558 412.17741361903165 solMass / solMass
1560 9.465515537450063 solMass / solMass
1563 788.5220001295702 solMass / solMass
1565 114.85975963820907 solMass / solMass
1567 44.635456946205984 solMass / solMass
1568 381.81172845938687 solMass / solMass
1570 520.0021053079762 solMass / solMass
1572 46.06470201427996 solMass / solMass
1574 380.78709497387877 solMass / solMass
1575 376.0690786153441 solMass / solMass
1578 469.46504426298134 solMass / solMass
1580 45.69937738701337 solMass / solMass
1583 263.8832205478628 solMass / solMass
1585 110.32592430531132 solMass / solMass
1588 375.46245216839316 solMass / solMass
1591 30.301475367951586 solMass / solMass
1592 340.55879645703374 solMass / solMass
1594 483.3883491778332 solMass / solMass
1597 83.04884922670433 solMass / solMass
1598 330.0399079560576 solMass / solMass
1599 340.3576383834408 solMass / solMass
1603 37.68934890000817 solMass / solMass
1604 475.6001249634924 solMass / solMass
1605 134.78095912475453 solMass / solMass
1606 56.518898630717125 solMass / solMass
1607 425.2870378161825 solMass / solMass
1608 690.1793721092952 solMass / solMass
1609 185.58891928580786 solMass / solMass
1612 171.4258477539109 solMass / solMass
1616 9.884355830710371 solMass / solMass
1619 161.3032979756218 solMass / solMass
1621 203.78070426353443 solMass / solMass
1623 36.551195161408856 solMass / solMass
1624 257.60025167038526 solMass / solMass
1626 393.13798818691345 solMass / solMass
1630 308.7371800582872 solMass / solMass
1631 5.905150521468542 solMass / solMass
1632 306.8176070091467 solMass / solMass
1635 1849.7557881164983 solMass / solMass
IsSatellite
1637 920.9615843404401 solMass / solMass
1638 975.0033564488143 solMass / solMass
1640 29.608885923982214 solMass / solMass
1643 114.32427319212742 solMass / solMass
1644 385.2368086312729 solMass / solMass
1645 587.6246010995393 solMass / solMass
1648 692.6715866720193 solMass / solMass
1649 415.8325553681767 solMass / solMass
1650 362.0204919430653 solMass / solMass
1651 260.39075371551826 solMass / solMass
1655 412.471903645962 solMass / solMass
1656 400.84849823873236 solMass / solMass
1657 223.03550222754998 solMass / solMass
1659 186.91902073740437 solMass / solMass
1662 442.17416621837634 solMass / solMass
1664 235.75609882661516 solMass / solMass
1665 193.99369785224582 solMass / solMass
1666 89.82791594298192 solMass / solMass
1667 45.39222623126623 solMass / solMass
1669 337.3029372635166 solMass / solMass
1671 38.81641195892992 solMass / solMass
1674 352.0914718130959 solMass / solMass
1675 246.11491476008925 solMass / solMass
1676 103.49403875217362 solMass / solMass
1677 1388.2713677997792 solMass / solMass
1678 432.6350408063328 solMass / solMass
1681 381.8541799532138 solMass / solMass
1682 293.69103454569705 solMass / solMass
1684 20.174542416426696 solMass / solMass
HaloMassEqualZero
1687 405.7157345599595 solMass / solMass
1691 446.1791057617544 solMass / solMass
1693 116.87501920424161 solMass / solMass
1694 267.830535834947 solMass / solMass
1697 334.7345049944221 solMass / solMass
1698 276.5966265354225 solMass / solMass
1700 346.0447066500005 solMass / solMass
1701 492.77422385030786 solMass / solMass
1703 338.8313367969389 solMass / solMass
1704 13.461583714979723 solMass / solMass
1706 375.8324191519005 solMass / solMass
1707 459.1763014092637 solMass / solMass
1708 703.1831433789059 solMass / solMass
1709 334.5378534919766 solMass / solMass
1711 295.795442251624 solMass / solMass
1712 13874.100835681762 solMass / solMass
1715 167.35192961625128 solMass / solMass
1717 400.3127528967118 solMass / solMass
IsSatellite
HaloMassEqualZero
1725 65.9221784141536 solMass / solMass
1726 12.281778779524958 solMass / solMass
1727 9.221019637315298 solMass / solMass
1729 39.27315200728735 solMass / solMass
IsSatellite
1731 1128.8810661627474 solMass / solMass
1734 319.7974598653693 solMass / solMass
1739 376.4338932225888 solMass / solMass
1740 286.5158856018972 solMass / solMass
1741 350.20937377608186 solMass / solMass
1742 92.94789018408511 solMass / solMass
1744 67.4077400992563 solMass / solMass
1745 11.973071403029772 solMass / solMass
1746 319.8972919031822 solMass / solMass
1747 236.64251406754096 solMass / solMass
1750 483.822407139369 solMass / solMass
1752 153.40827347950375 solMass / solMass
1753 540.7556358522371 solMass / solMass
1754 11.257013716192406 solMass / solMass
1755 368.9996780229786 solMass / solMass
1756 420.0608066166769 solMass / solMass
1757 252.88162140145988 solMass / solMass
1760 47.35780672531374 solMass / solMass
1765 192.72196713911137 solMass / solMass
1766 860.9310133708354 solMass / solMass
1767 64.06093709463796 solMass / solMass
1768 708.8100710816041 solMass / solMass
1769 467.2969821155223 solMass / solMass
1772 369.2300554513824 solMass / solMass
1773 464.9203379220342 solMass / solMass
1774 14.183652625282534 solMass / solMass
1776 249.4336542637754 solMass / solMass
1777 495.8589690963735 solMass / solMass
1778 346.55782321492495 solMass / solMass
1779 241.27080517990606 solMass / solMass
1780 454.0747402591283 solMass / solMass
1782 483.17697692672266 solMass / solMass
1783 87.25841972981206 solMass / solMass
1784 533.1258830640546 solMass / solMass
1785 101.84109697523857 solMass / solMass
1786 46.568716721992764 solMass / solMass
1787 236.51587603129383 solMass / solMass
1788 210.40252341129408 solMass / solMass
1789 388.67870545310114 solMass / solMass
1791 978.5454830656009 solMass / solMass
1792 224.3166488426533 solMass / solMass
1793 307.35306266509974 solMass / solMass
1795 310.03554794407523 solMass / solMass
1796 483.9641741196056 solMass / solMass
1798 1527.8189225967155 solMass / solMass
1799 326.52104760992194 solMass / solMass
1802 167.53703751503923 solMass / solMass
1803 146.16459272638522 solMass / solMass
1804 407.50144981276526 solMass / solMass
1805 445.1324940849016 solMass / solMass
1806 295.96167328925304 solMass / solMass
1807 386.9644658188694 solMass / solMass
1810 8.515463384473877 solMass / solMass
1811 118.54612218193638 solMass / solMass
1812 1384.4045651121917 solMass / solMass
1815 483.65620885520326 solMass / solMass
1816 531.8604823540287 solMass / solMass
IsSatellite
1818 1072.6622408678522 solMass / solMass
1820 17.674528487742393 solMass / solMass
1822 266.9337184600037 solMass / solMass
1823 285.4134508080577 solMass / solMass
1827 6.840243035403281 solMass / solMass
1828 69.87943170975579 solMass / solMass
IsSatellite
1830 87.26290761539222 solMass / solMass
1832 580.5801004129022 solMass / solMass
1833 249.91880173743974 solMass / solMass
1834 346.86441532792537 solMass / solMass
1835 331.79190115545157 solMass / solMass
1836 836.5193698448377 solMass / solMass
1837 95.13943939471075 solMass / solMass
1839 505.41790155604195 solMass / solMass
1840 100.04515934967718 solMass / solMass
1841 15.597321920169376 solMass / solMass
1842 9.386030894161662 solMass / solMass
1843 253.98371768002428 solMass / solMass
1846 151.57006538725557 solMass / solMass
1848 343.6819367345556 solMass / solMass
1851 199.7990173286132 solMass / solMass
1852 152.78962634187235 solMass / solMass
1855 332.8779257674377 solMass / solMass
1856 43.16402344171406 solMass / solMass
1858 312.18174789801026 solMass / solMass
1859 9.477034241261427 solMass / solMass
1861 47.50783558834443 solMass / solMass
1862 22.222483243984094 solMass / solMass
1864 536.0514239954304 solMass / solMass
1866 562.7903816969157 solMass / solMass
IsSatellite
1872 299.92866974854616 solMass / solMass
1873 483.8391826180473 solMass / solMass
1874 205.16790427989682 solMass / solMass
1879 52.05353124718782 solMass / solMass
1881 33.74112484281008 solMass / solMass
1883 226.80422520068308 solMass / solMass
1884 90.19438669689636 solMass / solMass
1885 200.4883745575607 solMass / solMass
1886 18.80300012013101 solMass / solMass
1887 193.17978646106326 solMass / solMass
1891 391.1882925230733 solMass / solMass
1893 174.59167391253408 solMass / solMass
1894 403.57628637615744 solMass / solMass
1895 961.3857184362789 solMass / solMass
1899 419.7731347743957 solMass / solMass
1900 548.9700284889935 solMass / solMass
1902 814.5803026189088 solMass / solMass
1903 126.47543938566943 solMass / solMass
1904 498.7178178021863 solMass / solMass
1907 149.76882005783685 solMass / solMass
1908 130.04369961281967 solMass / solMass
1912 420.46316236409234 solMass / solMass
1913 396.9200894013199 solMass / solMass
1916 384.32242900592723 solMass / solMass
1918 104.80187492236999 solMass / solMass
1920 10.763431609491809 solMass / solMass
1923 515.9392803110675 solMass / solMass
1924 487.9426400224153 solMass / solMass
IsSatellite
1928 317.6256071668465 solMass / solMass
1929 365.7624943986456 solMass / solMass
1930 473.756956116238 solMass / solMass
1933 76.34856709555297 solMass / solMass
1934 89.3877317360484 solMass / solMass
1935 436.55821693542026 solMass / solMass
1936 141.6282680952637 solMass / solMass
1937 44.21918941331003 solMass / solMass
1938 376.90037004624446 solMass / solMass
1939 118.08000286632254 solMass / solMass
1942 572.2328118051381 solMass / solMass
1943 26.815245750896892 solMass / solMass
1944 226.42398656613332 solMass / solMass
1945 34.555915705912305 solMass / solMass
1947 251.59145541768984 solMass / solMass
1948 189.09680176895816 solMass / solMass
1951 471.13674232349854 solMass / solMass
1956 407.888513908488 solMass / solMass
1958 632.0514353097763 solMass / solMass
1959 139.32053767065537 solMass / solMass
IsSatellite
1963 1984.162588717071 solMass / solMass
1964 394.39681732546507 solMass / solMass
1965 203.6417113321524 solMass / solMass
1966 90.15298453191605 solMass / solMass
1967 12.183437944619381 solMass / solMass
1968 254.72377159395256 solMass / solMass
1969 21024.246452798565 solMass / solMass
1971 9.730944981666331 solMass / solMass
1972 180.50540497578697 solMass / solMass
1973 183.22816547643737 solMass / solMass
1974 345.00518515490046 solMass / solMass
1975 105.8107381786669 solMass / solMass
1976 350.84434801942734 solMass / solMass
1978 16.541855510709738 solMass / solMass
1979 311.77232158089623 solMass / solMass
1980 419.65323420724803 solMass / solMass
1981 775.658255052242 solMass / solMass
1984 381.1157593388331 solMass / solMass
1985 486.4835074418077 solMass / solMass
1986 1386.6586775751277 solMass / solMass
1987 531.31157710965 solMass / solMass
IsSatellite
1991 89.79596133897618 solMass / solMass
1995 219.14394150768234 solMass / solMass
1996 114.69274506838622 solMass / solMass
1997 418.76695696964396 solMass / solMass
1998 151.42473841847118 solMass / solMass
1999 710.5619296987445 solMass / solMass
2002 1813.5021380557898 solMass / solMass
2003 52.49151190626046 solMass / solMass
2004 198.46402769298206 solMass / solMass
2006 497.5461251476631 solMass / solMass
HaloMassEqualZero
2009 211.21418350593817 solMass / solMass
2010 405.01777652951324 solMass / solMass
2012 465.111919961261 solMass / solMass
2013 419.42624729713276 solMass / solMass
2014 958.3619492045705 solMass / solMass
2016 466.38758985607666 solMass / solMass
2018 681.3758162985222 solMass / solMass
2026 572.3063975854479 solMass / solMass
2027 742.4954778971645 solMass / solMass
2028 255.16961991544045 solMass / solMass
2029 330.52413557829107 solMass / solMass
2030 1638.7918036443798 solMass / solMass
2031 987.4587012715992 solMass / solMass
IsSatellite
IsSatellite
2039 333.7432668760084 solMass / solMass
2040 152.44337459927516 solMass / solMass
2041 344.9814018695205 solMass / solMass
2042 278.25678084178395 solMass / solMass
2043 899.713169491504 solMass / solMass
2045 2300.4360423741387 solMass / solMass
2046 209.1188741940251 solMass / solMass
2047 249.47781969861808 solMass / solMass
2048 185.26842103682185 solMass / solMass
IsSatellite
2052 204.61125339393823 solMass / solMass
2053 434.08291256607924 solMass / solMass
2059 663.7974775843377 solMass / solMass
2060 535.0498833578888 solMass / solMass
2063 460.69182649198905 solMass / solMass
2064 299.9900688809268 solMass / solMass
2065 203.51293640429822 solMass / solMass
2070 11.662922957282394 solMass / solMass
2071 138.222557483758 solMass / solMass
2072 17.515348078986705 solMass / solMass
2073 340.3557365278075 solMass / solMass
2075 200.75269485144543 solMass / solMass
2078 566.9140145826641 solMass / solMass
2079 182.9499770935375 solMass / solMass
2080 225.56517263364606 solMass / solMass
2082 327.53966655526835 solMass / solMass
2083 218.11877118687883 solMass / solMass
2084 313.97418572962476 solMass / solMass
2085 571.8264128859024 solMass / solMass
2086 565.3800070321378 solMass / solMass
2087 134.2789464696091 solMass / solMass
2088 365.8641580880168 solMass / solMass
2089 18.326401809118483 solMass / solMass
IsSatellite
2091 728.1036115778693 solMass / solMass
2093 1134.1580535096468 solMass / solMass
2095 53.249887359480084 solMass / solMass
2096 98.63892111566719 solMass / solMass
2098 227.34135391810852 solMass / solMass
2102 562.6560591290921 solMass / solMass
2103 316.40407761257893 solMass / solMass
2104 132.63920117646649 solMass / solMass
2105 0.0 solMass / solMass
2108 741.537271190983 solMass / solMass
2109 653.9522668015999 solMass / solMass
2110 309.6616355360234 solMass / solMass
IsSatellite
2116 251.75093338822109 solMass / solMass
2117 667.4909088739726 solMass / solMass
2119 49.11546036958188 solMass / solMass
2120 101.5820816563717 solMass / solMass
2121 21.799553660560104 solMass / solMass
2122 2897.7186173966866 solMass / solMass
HaloMassEqualZero
2125 113.15130485574507 solMass / solMass
2126 194.99229601402098 solMass / solMass
2129 591.9743688128704 solMass / solMass
2130 618.7973064266289 solMass / solMass
2134 454.1154489051303 solMass / solMass
2135 144.07787339418732 solMass / solMass
2136 207.68885844190933 solMass / solMass
2138 280.4295584387229 solMass / solMass
2139 629.5623536857481 solMass / solMass
2143 553.4332057147564 solMass / solMass
2144 60.1250329190805 solMass / solMass
2145 331.29922624847103 solMass / solMass
2147 201.97594893675054 solMass / solMass
2148 507.51463187497484 solMass / solMass
2149 30.613570334454675 solMass / solMass
2150 246.50967586724013 solMass / solMass
IsSatellite
2152 97.16890764242841 solMass / solMass
2153 23.106348287860055 solMass / solMass
2154 377.30649057651016 solMass / solMass
2155 66.06451633739087 solMass / solMass
2156 139.51091458356296 solMass / solMass
2157 327.7694529539371 solMass / solMass
2158 75.49965200038993 solMass / solMass
2159 575.6087918733783 solMass / solMass
2161 63.01380684486995 solMass / solMass
IsSatellite
2164 312.8398679909525 solMass / solMass
2165 58.17549259467222 solMass / solMass
2166 366.1984164388441 solMass / solMass
2170 765.5284742322327 solMass / solMass
2171 481.29574092690444 solMass / solMass
2173 173.02313547184076 solMass / solMass
2175 495.0440100295438 solMass / solMass
2176 390.2498375822649 solMass / solMass
2178 310.35582021828 solMass / solMass
2180 311.13290544828396 solMass / solMass
2181 157.73074868767523 solMass / solMass
2182 399.17941420494657 solMass / solMass
IsSatellite
2184 576.3162697480603 solMass / solMass
IsSatellite
2191 580.5134678037006 solMass / solMass
2192 90.55574792161957 solMass / solMass
2195 974.319670045452 solMass / solMass
2197 10.799237297406608 solMass / solMass
2198 275.10717471682347 solMass / solMass
IsSatellite
2202 14.444383890620871 solMass / solMass
2203 28.248201053865767 solMass / solMass
2204 7.420069155133888 solMass / solMass
HaloMassEqualZero
2207 60.01624027650707 solMass / solMass
2209 509.68515587602667 solMass / solMass
2210 380.0481867997194 solMass / solMass
2211 794.2554987979685 solMass / solMass
IsSatellite
2214 23.95441161211803 solMass / solMass
2215 176.50740263178298 solMass / solMass
2218 345.9987159579989 solMass / solMass
2219 223.7652948050406 solMass / solMass
2222 336.8396249573889 solMass / solMass
IsSatellite
2224 1682.9741617988184 solMass / solMass
2226 71.15287676400662 solMass / solMass
2227 866.474907694252 solMass / solMass
2230 18.37574391111557 solMass / solMass
2231 635.2283109830325 solMass / solMass
HaloMassEqualZero
2233 162.8651667450525 solMass / solMass
2236 439.5817432145571 solMass / solMass
2237 643.4477879078437 solMass / solMass
2238 586.2285071145368 solMass / solMass
2241 108.9872429549294 solMass / solMass
2242 24.426039771212768 solMass / solMass
2245 617.1630527116437 solMass / solMass
2247 3.4718702114762876 solMass / solMass
2248 291.1616103719755 solMass / solMass
2249 599.2164029648407 solMass / solMass
2250 363.63174046586437 solMass / solMass
2251 454.40329342161414 solMass / solMass
2252 391.39857711890414 solMass / solMass
2255 584.5276874611844 solMass / solMass
2256 127.02878894122833 solMass / solMass
2258 203.9421742027278 solMass / solMass
IsSatellite
IsSatellite
2266 65.7864005617534 solMass / solMass
2267 39.122943665517816 solMass / solMass
2268 289.7024620168947 solMass / solMass
2269 274.2063354151567 solMass / solMass
2270 521.0696523858804 solMass / solMass
2271 74.28696119939055 solMass / solMass
2273 9.465117896007389 solMass / solMass
2274 677.5827239500111 solMass / solMass
2276 56.04195065388182 solMass / solMass
2277 676.26626719085 solMass / solMass
2278 424.7888838280514 solMass / solMass
2281 896.2741553532143 solMass / solMass
2286 600.7241685444772 solMass / solMass
2287 102.92448132431988 solMass / solMass
2288 530.3068339846897 solMass / solMass
2289 487.15289318673047 solMass / solMass
2292 58.113764244503095 solMass / solMass
2293 150.73065147531565 solMass / solMass
2296 1377.7910502095103 solMass / solMass
2298 617.6976680667794 solMass / solMass
2299 9.848487570092818 solMass / solMass
2300 856.0232054357211 solMass / solMass
HaloMassEqualZero
2307 970.311873007826 solMass / solMass
2308 817.2257264120367 solMass / solMass
2310 262.5652203404844 solMass / solMass
2312 1021.8420680834294 solMass / solMass
2314 14.991589449734722 solMass / solMass
2315 536.1473243975867 solMass / solMass
2316 220.22977417816296 solMass / solMass
2318 304.66898925244084 solMass / solMass
IsSatellite
2322 477.4563391629285 solMass / solMass
2323 19.337390586918165 solMass / solMass
2325 783.8618923925959 solMass / solMass
2329 483.31190192990664 solMass / solMass
2331 113.82153168730437 solMass / solMass
2332 130.5574749698489 solMass / solMass
2333 466.776685424808 solMass / solMass
2334 708.740385542764 solMass / solMass
2335 408.4903151943156 solMass / solMass
2336 141.5547285810218 solMass / solMass
IsSatellite
2339 1046.2576686167488 solMass / solMass
2340 667.9822535419675 solMass / solMass
2341 610.1231990616874 solMass / solMass
2342 205.2912942149609 solMass / solMass
2343 333.3848321595081 solMass / solMass
2345 388.9754310381129 solMass / solMass
2346 258.4446865487259 solMass / solMass
2347 702.3684876346941 solMass / solMass
2348 271.03185221108805 solMass / solMass
2349 21.386612287221975 solMass / solMass
2350 12.57908244941414 solMass / solMass
2351 1763.5163231767217 solMass / solMass
2352 405.7934875925284 solMass / solMass
2353 527.035091030095 solMass / solMass
2354 66.26649648954287 solMass / solMass
2355 63.79375016151181 solMass / solMass
2356 630.8498276354067 solMass / solMass
2357 317.92985785834327 solMass / solMass
2361 1004.2374933596565 solMass / solMass
2362 453.3812764311353 solMass / solMass
2364 7.139091754555785 solMass / solMass
2366 392.1735238465707 solMass / solMass
2367 502.02834671402303 solMass / solMass
2369 745.1450853995539 solMass / solMass
2370 270.5915215324085 solMass / solMass
2371 25.433429591303298 solMass / solMass
2373 222.13253020782764 solMass / solMass
2374 658.0733582232729 solMass / solMass
2375 322.7781925415001 solMass / solMass
2379 18.212545132793192 solMass / solMass
2381 17.27089870165747 solMass / solMass
2385 474.3338848472747 solMass / solMass
2386 481.84221203066625 solMass / solMass
2387 394.2702175678393 solMass / solMass
2389 88.47381915317678 solMass / solMass
2392 1926.7402995444293 solMass / solMass
2393 90.69081057617682 solMass / solMass
IsSatellite
2395 122.67143039070295 solMass / solMass
2396 45.376415323515154 solMass / solMass
2397 2514.6685106711234 solMass / solMass
2398 100.28353016008343 solMass / solMass
2401 341.84350992200376 solMass / solMass
2402 261.5027744347524 solMass / solMass
2406 843.6762979433638 solMass / solMass
2407 1337.9440771277734 solMass / solMass
IsSatellite
2410 294.2138367096411 solMass / solMass
2412 266.01967510763825 solMass / solMass
2413 10.367040722912664 solMass / solMass
2415 72.19373290836118 solMass / solMass
2416 20.26300052736887 solMass / solMass
2418 470.09831045320027 solMass / solMass
2422 142.81741814473645 solMass / solMass
2423 576.3573612269766 solMass / solMass
2424 209.30712824549533 solMass / solMass
2425 661.4320019884558 solMass / solMass
2427 319.80927386483995 solMass / solMass
2428 890.495518678466 solMass / solMass
2429 69.00174138023327 solMass / solMass
IsSatellite
2431 703.985163644285 solMass / solMass
2435 1346.2649231009905 solMass / solMass
2436 163.45494584689067 solMass / solMass
2437 136.99756461076305 solMass / solMass
2438 372.9112961307494 solMass / solMass
2442 31.94437724687731 solMass / solMass
IsSatellite
2444 792.1552170774607 solMass / solMass
2445 544.3479470061342 solMass / solMass
2446 248.93287925588072 solMass / solMass
2447 57.13917262165684 solMass / solMass
2448 16.64779344344086 solMass / solMass
2451 935.641600693508 solMass / solMass
2452 130.66355294687298 solMass / solMass
2454 242.55712159513018 solMass / solMass
2455 335.2916448179801 solMass / solMass
2456 591.9955146892762 solMass / solMass
2457 93.43061150214702 solMass / solMass
IsSatellite
2460 35.081530778388114 solMass / solMass
2461 529.6662768519471 solMass / solMass
2462 1.210771531338427 solMass / solMass
2465 504.912551543203 solMass / solMass
2466 326.7218147257764 solMass / solMass
2467 24.50123961793746 solMass / solMass
2468 581.9667260962158 solMass / solMass
2469 191.16980806226516 solMass / solMass
2470 114.41106723726871 solMass / solMass
2471 586.4162689453921 solMass / solMass
2474 872.1952176987394 solMass / solMass
2476 304.7514508717184 solMass / solMass
2477 125.01193157393895 solMass / solMass
2480 172.54461527996455 solMass / solMass
2481 299.5961468255439 solMass / solMass
2482 115.21768513819606 solMass / solMass
2484 429.8126475880067 solMass / solMass
2485 163.20071135816198 solMass / solMass
2486 859.1140053182605 solMass / solMass
2487 65.77509156208363 solMass / solMass
2489 106.72072293408142 solMass / solMass
HaloMassEqualZero
2491 54.31878066295617 solMass / solMass
2494 1294.7446453987018 solMass / solMass
2497 385.8445484843195 solMass / solMass
2498 323.35060985546795 solMass / solMass
2499 231.01451435498618 solMass / solMass
2502 0.973865569485454 solMass / solMass
2504 93.15854179389628 solMass / solMass
2506 194.54365505321036 solMass / solMass
2507 690.1175646130253 solMass / solMass
2508 381.55296412691825 solMass / solMass
2510 79.65244695897427 solMass / solMass
2511 817.2761002258417 solMass / solMass
IsSatellite
2513 121.41427858359329 solMass / solMass
2515 37.66226318271833 solMass / solMass
2516 1733.0262776088682 solMass / solMass
2518 299.9967316169732 solMass / solMass
2519 5039.204752651472 solMass / solMass
2520 291.1438003858787 solMass / solMass
2521 653.0007738751472 solMass / solMass
2524 105.55202465075371 solMass / solMass
2525 102.27418317274771 solMass / solMass
2528 1157.434139766507 solMass / solMass
2529 661.3918507287852 solMass / solMass
2530 378.3876082118456 solMass / solMass
2531 343.2444014956867 solMass / solMass
2532 103.60649587294328 solMass / solMass
2533 233.8299969071762 solMass / solMass
2534 435.3949347023044 solMass / solMass
2536 239.54874904079827 solMass / solMass
2537 545.8605460499651 solMass / solMass
2539 416.3834351426879 solMass / solMass
2540 2093.832147380928 solMass / solMass
2542 186.2693406972931 solMass / solMass
2543 153.21626902161879 solMass / solMass
2544 565.1436883594729 solMass / solMass
2546 456.2117279412876 solMass / solMass
2551 476.9629657283525 solMass / solMass
2555 77.6086731751598 solMass / solMass
2556 642.4845095101906 solMass / solMass
2557 27.524384128952434 solMass / solMass
2558 12.281790837608273 solMass / solMass
2562 261.93802266463683 solMass / solMass
2563 104.63373675691516 solMass / solMass
2564 1611.2269548136749 solMass / solMass
2565 415.5112459076241 solMass / solMass
2569 526.4863365760198 solMass / solMass
2570 1056.6806962056494 solMass / solMass
2571 882.713308569621 solMass / solMass
2573 24.88867168589284 solMass / solMass
2574 6.028651339532271 solMass / solMass
2576 624.4780759718792 solMass / solMass
2577 895.2703079522329 solMass / solMass
2579 146.1532402509578 solMass / solMass
2580 677.1946400938883 solMass / solMass
2581 753.2202973191653 solMass / solMass
2583 488.212163480973 solMass / solMass
2584 78.42565677506343 solMass / solMass
2585 1980.9180651036675 solMass / solMass
2586 136.01575183591632 solMass / solMass
2587 127.95291364274033 solMass / solMass
2588 575.9679944877734 solMass / solMass
2589 395.59800851864344 solMass / solMass
IsSatellite
2591 188.32961739605486 solMass / solMass
2592 423.7448250515847 solMass / solMass
2593 17.12228042900298 solMass / solMass
2594 873.5159194895801 solMass / solMass
2596 20.50879487159945 solMass / solMass
IsSatellite
2598 714.2388126991551 solMass / solMass
2600 334.0332430602135 solMass / solMass
2602 388.81804661098676 solMass / solMass
2603 759.995449080651 solMass / solMass
2604 873.1682799613221 solMass / solMass
2606 1804.5828226038484 solMass / solMass
2607 29.643499532800323 solMass / solMass
2611 675.2242705136767 solMass / solMass
2612 585.224603404658 solMass / solMass
2615 592.8384649470628 solMass / solMass
2616 935.7356544146668 solMass / solMass
2618 1213.6504359045543 solMass / solMass
2619 214.1854944220528 solMass / solMass
2620 762.7090935125036 solMass / solMass
2622 677.3778921810034 solMass / solMass
2624 1135.7749248168152 solMass / solMass
2625 199.47268066516014 solMass / solMass
IsSatellite
2627 510.4039524724371 solMass / solMass
2628 1811.9741840244192 solMass / solMass
2629 806.1112772301855 solMass / solMass
2630 117.95358229347129 solMass / solMass
2634 185.1273719889926 solMass / solMass
2635 914.1792148481144 solMass / solMass
2639 33.298073724882535 solMass / solMass
2640 532.3299695866491 solMass / solMass
2643 330.2466576988975 solMass / solMass
2644 334.6480119665112 solMass / solMass
2645 306.60934461317316 solMass / solMass
2648 304.40078874578546 solMass / solMass
2649 13.324144050226197 solMass / solMass
2650 715.751957251565 solMass / solMass
2651 2046.9994754589068 solMass / solMass
2654 114.94154401380412 solMass / solMass
2655 25.55556925254705 solMass / solMass
2656 1114.3264863401046 solMass / solMass
2658 771.1763907562174 solMass / solMass
2659 96.63859122028812 solMass / solMass
2660 534.6155682460667 solMass / solMass
2662 406.9179519702615 solMass / solMass
2663 253.36494353625204 solMass / solMass
2665 13.953025211000663 solMass / solMass
2666 1921.4025262187595 solMass / solMass
2667 66.00176886063574 solMass / solMass
2668 653.2137155537611 solMass / solMass
2669 20.23041459543252 solMass / solMass
2670 1276.8924951582944 solMass / solMass
2674 559.3511391522435 solMass / solMass
2675 835.2354496492675 solMass / solMass
2677 61.9447329059455 solMass / solMass
2679 369.5714253659922 solMass / solMass
2681 192.82262521805535 solMass / solMass
2685 40.49771902540603 solMass / solMass
2686 717.7050384210902 solMass / solMass
2687 83.1686670518902 solMass / solMass
2689 937.9432390654154 solMass / solMass
2692 672.9161412497245 solMass / solMass
2693 890.4904150537138 solMass / solMass
2694 883.747205162063 solMass / solMass
2700 334.66269516382147 solMass / solMass
2701 431.2745535041939 solMass / solMass
2702 25.019914316032267 solMass / solMass
2703 900.6673556703968 solMass / solMass
2704 2541.2487036601815 solMass / solMass
2706 1834.2587396441397 solMass / solMass
2710 142.74404994453838 solMass / solMass
2711 218.51482180445686 solMass / solMass
2712 1729.6135837360514 solMass / solMass
2715 139.2914737996079 solMass / solMass
2719 498.59615944745616 solMass / solMass
2720 752.6835617608369 solMass / solMass
2721 610.6650386804399 solMass / solMass
2722 1322.8986629142444 solMass / solMass
2723 922.148669265899 solMass / solMass
2724 224.67360149633086 solMass / solMass
2726 675.986622176839 solMass / solMass
2727 207.6134661173896 solMass / solMass
2728 301.9188829488941 solMass / solMass
2730 1.1217891437470546 solMass / solMass
2731 2084.575069675906 solMass / solMass
2732 1082.7142752891502 solMass / solMass
2733 1080.5302750259798 solMass / solMass
2735 3024.06654140021 solMass / solMass
2736 43.10042454383556 solMass / solMass
2737 5836.409223550163 solMass / solMass
2738 797.9486498364489 solMass / solMass
2739 548.4284404611365 solMass / solMass
2740 695.6317285507263 solMass / solMass
2741 908.2647511172486 solMass / solMass
2743 1079.4513546825283 solMass / solMass
2744 1257.1378817660375 solMass / solMass
2745 1542.1951395620904 solMass / solMass
2746 130.21866744086685 solMass / solMass
2747 1536.5434986695643 solMass / solMass
2748 1956.1660049209959 solMass / solMass
2749 201.18167998070572 solMass / solMass
2752 835.9205381622663 solMass / solMass
2754 278.6566959887043 solMass / solMass
2757 763.7284350270554 solMass / solMass
2758 44.650690242914465 solMass / solMass
2759 615.0850241550967 solMass / solMass
2760 98.01314492865691 solMass / solMass
2761 1049.0302897817148 solMass / solMass
2762 86.99020120443734 solMass / solMass
2763 971.7199246766343 solMass / solMass
HaloMassEqualZero
2766 589.9290505597927 solMass / solMass
2767 411.2163962555383 solMass / solMass
2768 23.503953479546045 solMass / solMass
2769 248.6804592957903 solMass / solMass
IsSatellite
2771 972.6804226442272 solMass / solMass
2773 549.481008662656 solMass / solMass
2774 594.1946774558443 solMass / solMass
2776 721.5657913140556 solMass / solMass
2777 489.67511767047654 solMass / solMass
2778 769.0974495878417 solMass / solMass
2779 839.8191571043598 solMass / solMass
2780 869.5428064626384 solMass / solMass
2782 1095.3231380203365 solMass / solMass
2785 801.21484140827 solMass / solMass
2786 1135.1664297481389 solMass / solMass
2787 579.7917374435445 solMass / solMass
2788 425.7777681183925 solMass / solMass
2789 704.0661376605253 solMass / solMass
2790 440.5008575259459 solMass / solMass
2791 1143.3643005003007 solMass / solMass
IsSatellite
2793 251.05595287960304 solMass / solMass
2794 585.9769259843525 solMass / solMass
2796 218.48982284004404 solMass / solMass
2797 370.59322024506736 solMass / solMass
2798 259.8797610088887 solMass / solMass
2799 708.5869635842147 solMass / solMass
2801 271.79925601416664 solMass / solMass
2802 155.58046937039586 solMass / solMass
2804 144.4281239658566 solMass / solMass
2805 771.2211965663508 solMass / solMass
2809 2436.550349852826 solMass / solMass
2810 289.20563629414374 solMass / solMass
2811 37.31716552568472 solMass / solMass
2814 1380.1155879527066 solMass / solMass
2815 1083.9618846434055 solMass / solMass
2817 1547.8713741057436 solMass / solMass
2818 74.04361971810265 solMass / solMass
2820 830.1546456693726 solMass / solMass
2821 891.2676797011404 solMass / solMass
2822 1045.4293606598694 solMass / solMass
2823 245.15107635402578 solMass / solMass
2827 1218.4999466111203 solMass / solMass
2828 616.9075811427273 solMass / solMass
2829 738.6618962908913 solMass / solMass
2831 363.9174851997226 solMass / solMass
2832 298.7261862320935 solMass / solMass
2833 193.98136971829237 solMass / solMass
2835 1106.3600992076017 solMass / solMass
2836 20.483619466611643 solMass / solMass
2837 1089.2166341367738 solMass / solMass
IsSatellite
2840 769.4758046891778 solMass / solMass
2844 798.0353646120029 solMass / solMass
2845 1042.4011362845483 solMass / solMass
2846 172.45236638429398 solMass / solMass
2849 1552.259502925685 solMass / solMass
2851 676.8459432132859 solMass / solMass
2852 1270.482001129518 solMass / solMass
2854 1321.7631173093876 solMass / solMass
2855 1366.2295983466086 solMass / solMass
2856 1022.9856643840892 solMass / solMass
2858 989.3045977302487 solMass / solMass
2860 16.51522409647725 solMass / solMass
2861 44.064350941663605 solMass / solMass
2862 2799.444800726362 solMass / solMass
2866 913.7925291133586 solMass / solMass
2870 1352.0829674963538 solMass / solMass
2874 535.3908425779132 solMass / solMass
2875 444.10472950604554 solMass / solMass
2877 1371.2751267548313 solMass / solMass
2878 1205.4606943128647 solMass / solMass
2880 1302.1098999587296 solMass / solMass
2881 1853.4868391184425 solMass / solMass
2882 49.66653428789645 solMass / solMass
2883 1018.0052756354295 solMass / solMass
2884 554.493907907499 solMass / solMass
2885 658.1327009419849 solMass / solMass
2886 192.39430794880582 solMass / solMass
2887 791.2083713734503 solMass / solMass
2888 1427.1681837672334 solMass / solMass
2889 18.590251705179124 solMass / solMass
2890 610.8382451983042 solMass / solMass
2896 1101.3486297218583 solMass / solMass
2897 197.83417094404408 solMass / solMass
2900 1200.261251239553 solMass / solMass
2902 2888.330427210491 solMass / solMass
2903 644.1530642199936 solMass / solMass
2904 395.72315229873124 solMass / solMass
2905 167.02330881783726 solMass / solMass
2906 204.18124230775575 solMass / solMass
2907 287.30983732218147 solMass / solMass
2912 435.9727109656009 solMass / solMass
2913 718.6485078866727 solMass / solMass
2914 970.2411335870495 solMass / solMass
2915 220.33897343218806 solMass / solMass
2916 750.2189742425106 solMass / solMass
IsSatellite
IsSatellite
2920 795.4086726311524 solMass / solMass
2921 600.6636817542276 solMass / solMass
IsSatellite
2928 870.21741142502 solMass / solMass
IsSatellite
2930 408.7334161526354 solMass / solMass
2931 399.82018737920805 solMass / solMass
2934 2.2878716479590713 solMass / solMass
2935 111.47451162922334 solMass / solMass
2938 638.4595476012829 solMass / solMass
2939 313.07171163797716 solMass / solMass
2940 1190.9329986408068 solMass / solMass
2941 1478.1693292615944 solMass / solMass
2942 1322.6196058734215 solMass / solMass
2944 722.2479498138042 solMass / solMass
2946 448.11097557062857 solMass / solMass
IsSatellite
2948 794.3267438902757 solMass / solMass
2949 30.710266648714395 solMass / solMass
IsSatellite
2951 1423.2132988464373 solMass / solMass
2952 25.593453244480656 solMass / solMass
2953 830.1626605392022 solMass / solMass
2954 231.56070579732724 solMass / solMass
2955 652.5892127325434 solMass / solMass
2956 777.1278026399964 solMass / solMass
2958 345.4944251631375 solMass / solMass
2959 588.3557199703283 solMass / solMass
2960 1347.4889753972695 solMass / solMass
2961 406.0262366872212 solMass / solMass
2963 0.8831411153620716 solMass / solMass
2964 75.92298036173634 solMass / solMass
2965 858.5970955446348 solMass / solMass
2968 789.2484563740287 solMass / solMass
2969 60.14480124556522 solMass / solMass
2970 782.5716264026526 solMass / solMass
2971 904.3482428452994 solMass / solMass
2974 160.47294369974688 solMass / solMass
2975 722.9944478605789 solMass / solMass
HaloMassEqualZero
2977 0.0 solMass / solMass
2978 130.8975545803705 solMass / solMass
2981 1188.8555781202929 solMass / solMass
2982 6.995224784176357 solMass / solMass
2984 760.0376050537573 solMass / solMass
2986 2691.85164572207 solMass / solMass
2989 1471.4760415914434 solMass / solMass
2990 515.4785874915065 solMass / solMass
2992 619.5468559548306 solMass / solMass
2994 23.327871459282843 solMass / solMass
2997 37.724312207967984 solMass / solMass
2998 754.1221611424882 solMass / solMass
123AllDone123
