yt : [INFO     ] 2017-06-22 18:48:16,718 Parameters: current_time              = 158.01757996843
yt : [INFO     ] 2017-06-22 18:48:16,718 Parameters: domain_dimensions         = [128 128 128]
yt : [INFO     ] 2017-06-22 18:48:16,719 Parameters: domain_left_edge          = [ 0.  0.  0.]
yt : [INFO     ] 2017-06-22 18:48:16,719 Parameters: domain_right_edge         = [ 1.  1.  1.]
yt : [INFO     ] 2017-06-22 18:48:16,720 Parameters: cosmological_simulation   = 1
yt : [INFO     ] 2017-06-22 18:48:16,720 Parameters: current_redshift          = 4.9999999832278
yt : [INFO     ] 2017-06-22 18:48:16,720 Parameters: omega_lambda              = 0.712
yt : [INFO     ] 2017-06-22 18:48:16,720 Parameters: omega_matter              = 0.288
yt : [INFO     ] 2017-06-22 18:48:16,720 Parameters: hubble_constant           = 0.6933
yt : [INFO     ] 2017-06-22 18:48:16,776 Parameters: current_time              = 3.75573046409e+16
yt : [INFO     ] 2017-06-22 18:48:16,777 Parameters: domain_dimensions         = [2 2 2]
yt : [INFO     ] 2017-06-22 18:48:16,777 Parameters: domain_left_edge          = [ 0.  0.  0.]
yt : [INFO     ] 2017-06-22 18:48:16,778 Parameters: domain_right_edge         = [  2.22535525e+25   2.22535525e+25   2.22535525e+25]
yt : [INFO     ] 2017-06-22 18:48:16,778 Parameters: cosmological_simulation   = 1
yt : [INFO     ] 2017-06-22 18:48:16,778 Parameters: current_redshift          = 4.99999998323
yt : [INFO     ] 2017-06-22 18:48:16,778 Parameters: omega_lambda              = 0.712
yt : [INFO     ] 2017-06-22 18:48:16,778 Parameters: omega_matter              = 0.288
yt : [INFO     ] 2017-06-22 18:48:16,778 Parameters: hubble_constant           = 0.6933
Traceback (most recent call last):
  File "./make_plot0070.py", line 17, in <module>
    hc = HaloCatalog(data_ds=data_ds, halos_ds=halos_ds, output_dir=os.path.join(tmpdir, 'halo_catalog'))
NameError: name 'data_ds' is not defined
srun: error: tiger-r10c1n3: task 0: Exited with exit code 1
srun: Terminating job step 3439224.0
