yt : [INFO     ] 2017-07-25 11:29:29,882 Parameters: current_time              = 2.98248939056e+16
yt : [INFO     ] 2017-07-25 11:29:29,882 Parameters: domain_dimensions         = [2 2 2]
yt : [INFO     ] 2017-07-25 11:29:29,883 Parameters: domain_left_edge          = [ 0.  0.  0.]
yt : [INFO     ] 2017-07-25 11:29:29,883 Parameters: domain_right_edge         = [  1.90744739e+25   1.90744739e+25   1.90744739e+25]
yt : [INFO     ] 2017-07-25 11:29:29,884 Parameters: cosmological_simulation   = 1
yt : [INFO     ] 2017-07-25 11:29:29,884 Parameters: current_redshift          = 5.99999984663
yt : [INFO     ] 2017-07-25 11:29:29,884 Parameters: omega_lambda              = 0.712
yt : [INFO     ] 2017-07-25 11:29:29,884 Parameters: omega_matter              = 0.288
yt : [INFO     ] 2017-07-25 11:29:29,884 Parameters: hubble_constant           = 0.6933
yt : [INFO     ] 2017-07-25 11:29:29,958 Parameters: current_time              = 125.48444577791
yt : [INFO     ] 2017-07-25 11:29:29,958 Parameters: domain_dimensions         = [128 128 128]
yt : [INFO     ] 2017-07-25 11:29:29,958 Parameters: domain_left_edge          = [ 0.  0.  0.]
yt : [INFO     ] 2017-07-25 11:29:29,959 Parameters: domain_right_edge         = [ 1.  1.  1.]
yt : [INFO     ] 2017-07-25 11:29:29,959 Parameters: cosmological_simulation   = 1
yt : [INFO     ] 2017-07-25 11:29:29,959 Parameters: current_redshift          = 5.9999998466326
yt : [INFO     ] 2017-07-25 11:29:29,959 Parameters: omega_lambda              = 0.712
yt : [INFO     ] 2017-07-25 11:29:29,959 Parameters: omega_matter              = 0.288
yt : [INFO     ] 2017-07-25 11:29:29,959 Parameters: hubble_constant           = 0.6933
yt : [INFO     ] 2017-07-25 11:29:29,962 Allocating for 6.279e+03 particles (index particle type 'all')
yt : [INFO     ] 2017-07-25 11:29:29,967 Identified 2.249e+03 octs
IsSatellite
15 1.995902721247761e+39 solMass / solMass
IsSatellite
IsSatellite
IsSatellite
26 3.4365505890106034 solMass / solMass
IsSatellite
32 3.450820025705272 solMass / solMass
35 2.8223422273208905 solMass / solMass
37 4.388087363541 solMass / solMass
38 2.3156635651313215 solMass / solMass
39 3.593207504324259 solMass / solMass
41 1.7103945576919661 solMass / solMass
IsSatellite
45 1.2498293962749458 solMass / solMass
47 8.937912445882294 solMass / solMass
51 1.75478051237901 solMass / solMass
52 3.078517921232639 solMass / solMass
53 6.269731292616443e+39 solMass / solMass
54 1.6910634456572256 solMass / solMass
55 1.7365295414060946 solMass / solMass
56 7.896584811305482 solMass / solMass
57 5.295929830133064 solMass / solMass
59 1.6393090356199607 solMass / solMass
60 8.409900113030407 solMass / solMass
64 5.738891183991813e+39 solMass / solMass
65 4.513337581939264 solMass / solMass
68 10.571144213999657 solMass / solMass
69 8.059598814004815 solMass / solMass
IsSatellite
75 1.7913781904098705 solMass / solMass
76 6.564343755936629 solMass / solMass
77 7.249363678372097 solMass / solMass
78 10.777578271637926 solMass / solMass
79 5.9247907834727025 solMass / solMass
81 10.377464317504838 solMass / solMass
83 2.9362124245540917 solMass / solMass
84 7.7578939418193045 solMass / solMass
87 9.807258270030186e+39 solMass / solMass
88 7.375733895353431 solMass / solMass
89 3.235409195765754 solMass / solMass
90 1.128556608975207 solMass / solMass
91 11.017798189430376 solMass / solMass
93 2.53982463142674 solMass / solMass
94 8.825395424812571 solMass / solMass
95 4.007969570757569 solMass / solMass
96 34.45146125991024 solMass / solMass
98 2.4409343063669604e+40 solMass / solMass
101 2.7086075478836764 solMass / solMass
102 2.788877349697405 solMass / solMass
103 1.0342197356397256e+40 solMass / solMass
104 11.955997987885642 solMass / solMass
105 1.9694832709610814 solMass / solMass
106 5.869157731447216 solMass / solMass
107 4.480272089145366 solMass / solMass
IsSatellite
109 1.7661147857551494 solMass / solMass
110 6.73996770146022 solMass / solMass
112 9.85482499911391 solMass / solMass
115 16.59710439034409 solMass / solMass
117 9.55792700894158 solMass / solMass
118 1.3614450735633714e+40 solMass / solMass
119 7.651039647662074 solMass / solMass
120 12.253707648267438 solMass / solMass
122 3.929032332635053 solMass / solMass
123 5.637858186159645 solMass / solMass
125 12.98769757958943 solMass / solMass
128 3.7263058930129334 solMass / solMass
130 24.072040192124295 solMass / solMass
131 42.154799656821766 solMass / solMass
132 1.7520664790125888e+40 solMass / solMass
134 5.5625236253794315 solMass / solMass
135 25.903167178235165 solMass / solMass
136 3.591913861165987e+40 solMass / solMass
137 7.164579954687148 solMass / solMass
138 7.851496260760355 solMass / solMass
139 30.231216299761332 solMass / solMass
140 7.086816910353439 solMass / solMass
143 6.878339855019173 solMass / solMass
144 1.6521834991812405 solMass / solMass
145 18.06822922291523 solMass / solMass
146 7.058794314890244 solMass / solMass
148 1.5240660547920162e+40 solMass / solMass
149 2.82518588005744 solMass / solMass
150 19.667865962774133 solMass / solMass
153 26.098950420035404 solMass / solMass
154 1009.0278835062974 solMass / solMass
156 16.116860986596663 solMass / solMass
158 1.7527699893382724 solMass / solMass
159 5.343869300601039 solMass / solMass
160 17.99547261462315 solMass / solMass
161 16.63336694868998 solMass / solMass
163 8.883264407739533 solMass / solMass
171 1.9351832932789465e+40 solMass / solMass
172 18.16610663782853 solMass / solMass
173 1.9125862024168965e+40 solMass / solMass
174 2.0415521364088105e+40 solMass / solMass
176 13.006376437530472 solMass / solMass
177 9.835423558648197 solMass / solMass
179 3.8291681372163024 solMass / solMass
180 13.190233376008132 solMass / solMass
181 7.470048933778173 solMass / solMass
182 14.324893783319775 solMass / solMass
183 5.962101702106395 solMass / solMass
184 13.865895126628628 solMass / solMass
187 2.37929567728846e+40 solMass / solMass
188 39.02321824571363 solMass / solMass
189 13.557559308919167 solMass / solMass
190 0.889729589899409 solMass / solMass
193 9.494357057532826 solMass / solMass
194 17.7536864163568 solMass / solMass
195 24.76523764420433 solMass / solMass
196 13.602943308228385 solMass / solMass
197 16.678208148809112 solMass / solMass
199 19.076171999996745 solMass / solMass
200 7.739840465652958 solMass / solMass
203 20.1855401333255 solMass / solMass
204 9.823499245397244 solMass / solMass
205 8.927474182518077 solMass / solMass
206 5.284036821113988e+40 solMass / solMass
207 3.34725171096094 solMass / solMass
208 11.359178800628273 solMass / solMass
209 4.572587464806265 solMass / solMass
211 19.289106951764555 solMass / solMass
212 10.565670667505778 solMass / solMass
214 2.9408805355791826e+40 solMass / solMass
215 41.248000660629806 solMass / solMass
216 2.809103576961405e+40 solMass / solMass
217 17.92182431592384 solMass / solMass
218 27.079705625611496 solMass / solMass
222 18.26480855618036 solMass / solMass
224 12.981983844568317 solMass / solMass
226 12.90847321043242 solMass / solMass
227 38.51495484183538 solMass / solMass
228 19.237391741608263 solMass / solMass
229 18.50493731432401 solMass / solMass
IsSatellite
232 38.48497670065993 solMass / solMass
234 10.875530712973594 solMass / solMass
235 38.05524979663722 solMass / solMass
237 16.562637795996523 solMass / solMass
238 16.191753965486853 solMass / solMass
239 42.19697366735409 solMass / solMass
HaloMassEqualZero
241 2.453146842478838e+40 solMass / solMass
242 1.8468601950214845 solMass / solMass
243 15.046091446056229 solMass / solMass
244 9.147570162026952 solMass / solMass
245 5.997944145607707 solMass / solMass
246 44.99402049093392 solMass / solMass
248 0.4396250445783425 solMass / solMass
249 3.5613743064441794e+40 solMass / solMass
251 49.53708430924002 solMass / solMass
252 12.942604274914505 solMass / solMass
253 2.7127817017660446e+40 solMass / solMass
258 40.27377736191125 solMass / solMass
259 6.517802877239915 solMass / solMass
260 7.598215435810212 solMass / solMass
261 10.717803453686674 solMass / solMass
262 11.189904167044329 solMass / solMass
263 9.279804859785807 solMass / solMass
264 9.357548141848795 solMass / solMass
265 69.2784573001066 solMass / solMass
267 4.6710784767023155 solMass / solMass
268 12.944647423200175 solMass / solMass
269 41.091259422603294 solMass / solMass
270 14.940079337672351 solMass / solMass
271 9.449397393794259 solMass / solMass
272 14.569913975165994 solMass / solMass
275 16.719383398914545 solMass / solMass
276 26.843794296990637 solMass / solMass
277 6.121072860426631 solMass / solMass
278 15.861256968628902 solMass / solMass
280 10.185408478133445 solMass / solMass
281 35.947419236383396 solMass / solMass
282 44.46885482303051 solMass / solMass
283 34.30385047469583 solMass / solMass
285 13.172821832393263 solMass / solMass
286 14.219654872120767 solMass / solMass
288 4.391206114353563 solMass / solMass
289 3.5894192008603923e+40 solMass / solMass
291 6.575225786159281 solMass / solMass
292 22.01843862051599 solMass / solMass
297 17.742757895901924 solMass / solMass
298 36.20861041887007 solMass / solMass
299 43.15818818319199 solMass / solMass
301 26.495971929097706 solMass / solMass
302 25.161791369311274 solMass / solMass
303 9.033971581315448 solMass / solMass
304 47.02147377013237 solMass / solMass
305 26.478361426172803 solMass / solMass
306 6.358704314788575e+40 solMass / solMass
307 26.08848611324572 solMass / solMass
308 39.391586238334376 solMass / solMass
309 8.210637589792367e+40 solMass / solMass
310 25.518964549200614 solMass / solMass
311 60.553961292226106 solMass / solMass
318 27.19858863006193 solMass / solMass
320 22.923769698638335 solMass / solMass
321 5.224097621995058e+40 solMass / solMass
322 31.679497019937116 solMass / solMass
323 29.822662187849623 solMass / solMass
324 21.75614320348939 solMass / solMass
325 25.603503579737428 solMass / solMass
326 4.663675390838957 solMass / solMass
327 23.96725272080308 solMass / solMass
328 1.5059170261963248 solMass / solMass
330 31.00599926497118 solMass / solMass
331 34.68504086688975 solMass / solMass
333 26.534903907763113 solMass / solMass
335 107.880091481343 solMass / solMass
336 30.037715264786854 solMass / solMass
337 16.45776170165625 solMass / solMass
338 18.015180512244005 solMass / solMass
339 10.010983141575467 solMass / solMass
340 26.679365451071494 solMass / solMass
342 13.23479882525591 solMass / solMass
343 31.792304988332617 solMass / solMass
344 21.544992532171026 solMass / solMass
345 20.687346559093136 solMass / solMass
346 40.00357872907414 solMass / solMass
347 99.84146409725092 solMass / solMass
351 6.493593947450199 solMass / solMass
352 95.42076886183406 solMass / solMass
354 2.193374602598549 solMass / solMass
355 6.089726252805022 solMass / solMass
356 7.885554197903321 solMass / solMass
357 29.504242355178715 solMass / solMass
359 6.418444301499172 solMass / solMass
360 6.614713300658074 solMass / solMass
362 32.237734535966005 solMass / solMass
363 116.74683596063238 solMass / solMass
365 59.30224709494748 solMass / solMass
366 33.596163979654 solMass / solMass
367 70.45576949232768 solMass / solMass
368 16.22394837177496 solMass / solMass
370 43.531468702423425 solMass / solMass
372 19.112632674688303 solMass / solMass
373 33.49641077569534 solMass / solMass
374 15.79455974319136 solMass / solMass
377 30.008593374461267 solMass / solMass
381 74.25749549898713 solMass / solMass
383 59.27267538971245 solMass / solMass
384 26.419018188904374 solMass / solMass
385 8.637517973968446 solMass / solMass
389 16.834014650410527 solMass / solMass
390 65.81174769431057 solMass / solMass
393 23.38275232121712 solMass / solMass
395 2.226811362144159 solMass / solMass
396 39.611904825926715 solMass / solMass
398 1.137311558320521e+41 solMass / solMass
399 36.22803166784408 solMass / solMass
401 63.739839771179966 solMass / solMass
402 107.77532512137255 solMass / solMass
403 9.341076569935339 solMass / solMass
404 8.734213396628945 solMass / solMass
405 59.04902231898991 solMass / solMass
408 4.848756763238798e+40 solMass / solMass
409 49.27689388818464 solMass / solMass
410 1.674967277531204 solMass / solMass
411 51.52931958542184 solMass / solMass
412 21.467231107481926 solMass / solMass
415 46.069622708410876 solMass / solMass
416 6.025919072784498 solMass / solMass
417 63.28737395887123 solMass / solMass
418 1.1247119224432969e+41 solMass / solMass
420 9.61201221340834 solMass / solMass
421 21.407134859435747 solMass / solMass
423 69.27825238268825 solMass / solMass
424 16.241179722501517 solMass / solMass
426 43.711343421818015 solMass / solMass
428 77.96745569726315 solMass / solMass
430 25.134204171029296 solMass / solMass
432 102.90247489371801 solMass / solMass
433 42.80628510952433 solMass / solMass
435 40.32508659290245 solMass / solMass
436 59.533634656598345 solMass / solMass
437 7.373190136611961 solMass / solMass
439 8.332209636969942 solMass / solMass
440 88.35415568993197 solMass / solMass
443 1.1428851512706967e+41 solMass / solMass
445 30.454406888199017 solMass / solMass
446 86.67141623253534 solMass / solMass
448 23.852848433012625 solMass / solMass
450 92.07965381185826 solMass / solMass
452 30.17250427147618 solMass / solMass
453 7.456396877204134e+40 solMass / solMass
454 13.665996317229437 solMass / solMass
456 20.300691337138385 solMass / solMass
458 47.396395358155836 solMass / solMass
460 23.053919116377774 solMass / solMass
461 8.904551220137037 solMass / solMass
462 20.138886014354064 solMass / solMass
465 10.782963042324203 solMass / solMass
466 26.29441876175383 solMass / solMass
469 20.26718056329901 solMass / solMass
IsSatellite
476 68.51138958727469 solMass / solMass
479 33.18581626338896 solMass / solMass
480 20.188670650054416 solMass / solMass
481 0.4540957764505491 solMass / solMass
482 51.56851010187424 solMass / solMass
484 17.761473489925727 solMass / solMass
485 39.94400615897361 solMass / solMass
486 7.142455349234886e+40 solMass / solMass
490 66.55023784445042 solMass / solMass
493 68.79610091342546 solMass / solMass
494 48.03875671333167 solMass / solMass
495 44.223012255404 solMass / solMass
497 60.41905791241441 solMass / solMass
498 30.421961929381503 solMass / solMass
500 80.24625559255219 solMass / solMass
501 9.673119966272914 solMass / solMass
502 6.761325591548322e+40 solMass / solMass
506 44.530347003187885 solMass / solMass
507 54.926759621367026 solMass / solMass
508 49.00583370881728 solMass / solMass
509 40.33016209641925 solMass / solMass
510 88.1274644961904 solMass / solMass
514 57.84238382699232 solMass / solMass
515 30.356946025134327 solMass / solMass
516 31.40815930601598 solMass / solMass
518 111.05419269224736 solMass / solMass
520 106.13852502586596 solMass / solMass
522 8.587792286007857e+40 solMass / solMass
523 73.01208684128284 solMass / solMass
525 67.23599271393978 solMass / solMass
526 64.33736388843985 solMass / solMass
527 1.6575235380456406 solMass / solMass
528 9.688778518800568 solMass / solMass
529 16.44004633893385 solMass / solMass
530 30.038409543309232 solMass / solMass
533 69.5873540657288 solMass / solMass
534 199.35180048129942 solMass / solMass
535 7.944155052415083e+40 solMass / solMass
538 59.474609110674635 solMass / solMass
539 9.972053073906947 solMass / solMass
541 114.53926860895358 solMass / solMass
542 65.86462234190017 solMass / solMass
543 153.00569376056063 solMass / solMass
545 95.87459166098014 solMass / solMass
548 14.498301604876133 solMass / solMass
549 16.462417693213016 solMass / solMass
550 117.05000266747642 solMass / solMass
551 11.473146129319101 solMass / solMass
552 190.88742224374624 solMass / solMass
553 106.47986247254752 solMass / solMass
555 153.44714230029211 solMass / solMass
556 23.833520320464842 solMass / solMass
557 51.262354753703605 solMass / solMass
558 30.79626283134341 solMass / solMass
559 12.252199893577519 solMass / solMass
560 7.702460881820443e+40 solMass / solMass
562 9.130902199154734e+40 solMass / solMass
565 100.72972929196038 solMass / solMass
567 60.7405238318033 solMass / solMass
573 59.04585064551107 solMass / solMass
574 219.35791242674873 solMass / solMass
575 60.43999280825026 solMass / solMass
576 13.45272705649005 solMass / solMass
577 39.95061108695749 solMass / solMass
579 1.890681332867814e+41 solMass / solMass
581 28.881273683023256 solMass / solMass
583 46.74810364203638 solMass / solMass
584 126.41405789185694 solMass / solMass
585 4.765033023614398 solMass / solMass
586 36.5182981087105 solMass / solMass
587 48.90614687605872 solMass / solMass
589 15.573955195173598 solMass / solMass
590 8.926434405245669 solMass / solMass
592 167.8722189534501 solMass / solMass
593 10.768026188268964 solMass / solMass
594 13.031000918971914 solMass / solMass
595 0.22605472105693625 solMass / solMass
596 15.647158886833028 solMass / solMass
597 33.727879006816366 solMass / solMass
598 40.69887816953367 solMass / solMass
602 98.61855630716995 solMass / solMass
603 57.97435684751175 solMass / solMass
605 45.641562613960694 solMass / solMass
606 1.0288359204561615e+41 solMass / solMass
608 14.485102404990961 solMass / solMass
610 9.73575856715594e+40 solMass / solMass
611 62.36346715233102 solMass / solMass
612 6.288220730267152 solMass / solMass
613 1.3967208202096054e+41 solMass / solMass
616 35.959243253998196 solMass / solMass
617 78.35999337141799 solMass / solMass
618 87.62047068222412 solMass / solMass
IsSatellite
620 17.00134235569467 solMass / solMass
621 37.26941543914801 solMass / solMass
623 87.0510479020703 solMass / solMass
624 44.06869964923999 solMass / solMass
626 29.152833121893668 solMass / solMass
627 28.519454914676675 solMass / solMass
629 10.566226926835483 solMass / solMass
631 158.6023159771358 solMass / solMass
632 27.486862815016025 solMass / solMass
633 64.11181181537727 solMass / solMass
635 139.5591574551692 solMass / solMass
636 34.44456145787369 solMass / solMass
638 19.990625000109084 solMass / solMass
640 10.555201090737954 solMass / solMass
641 126.60265912487061 solMass / solMass
643 120.24650883516843 solMass / solMass
644 2.8245783347144436e+41 solMass / solMass
645 37.95787397708735 solMass / solMass
647 30.70326153493276 solMass / solMass
648 2.6736306636130597e+41 solMass / solMass
649 60.21308012462378 solMass / solMass
650 41.576512103628204 solMass / solMass
651 64.05013033076398 solMass / solMass
654 15.607344259211697 solMass / solMass
655 188.12285917252157 solMass / solMass
657 37.68437672291326 solMass / solMass
659 8.74419674554018e+40 solMass / solMass
661 48.71741135937966 solMass / solMass
662 39.21557105600523 solMass / solMass
663 70.50317758599624 solMass / solMass
664 108.2606035687894 solMass / solMass
666 80.3115928275204 solMass / solMass
667 7.97891106195877 solMass / solMass
670 73.58701588805606 solMass / solMass
672 13.340419355243124 solMass / solMass
673 75.08627185809625 solMass / solMass
674 223.73742900998528 solMass / solMass
675 10.555970201356699 solMass / solMass
676 54.904606023771784 solMass / solMass
678 98.3748696235836 solMass / solMass
679 9.411526032836214e+40 solMass / solMass
680 48.078056230031855 solMass / solMass
681 18.833361952783584 solMass / solMass
683 97.84424131917591 solMass / solMass
685 141.828011346171 solMass / solMass
686 73.19277729421505 solMass / solMass
687 86.04837996616651 solMass / solMass
688 41.624808912391515 solMass / solMass
693 31.856473282172274 solMass / solMass
695 70.00176267265665 solMass / solMass
696 3.4801310737748516 solMass / solMass
697 160.32539325457213 solMass / solMass
699 45.53121348033443 solMass / solMass
700 16.9780479000693 solMass / solMass
701 14.008824190242176 solMass / solMass
702 52.971226517074555 solMass / solMass
703 69.75790779973528 solMass / solMass
704 70.2578439033556 solMass / solMass
705 43.5609972431282 solMass / solMass
706 1.2185288021846456e+41 solMass / solMass
712 1.1450592356285674 solMass / solMass
716 26.194432015340496 solMass / solMass
718 66.56894386520263 solMass / solMass
719 28.13852529471492 solMass / solMass
721 26.435527397118893 solMass / solMass
723 59.38726290776772 solMass / solMass
726 19.333533254639256 solMass / solMass
729 139.89267475684355 solMass / solMass
731 294.37474420194457 solMass / solMass
732 42.49494879601744 solMass / solMass
736 109.91925491244434 solMass / solMass
738 43.90267068754871 solMass / solMass
739 1.4046765006983882e+41 solMass / solMass
740 1.1980033344551415e+41 solMass / solMass
743 109.75285049857189 solMass / solMass
744 11.829744659400399 solMass / solMass
746 16.731765771518727 solMass / solMass
747 27.216470196212587 solMass / solMass
748 60.947782362214994 solMass / solMass
753 7.850823059742231 solMass / solMass
756 1.9396743965966674e+41 solMass / solMass
759 156.69414566814712 solMass / solMass
760 136.1877401837248 solMass / solMass
761 216.15917502974727 solMass / solMass
763 20.949677886491386 solMass / solMass
765 9.330798869274961 solMass / solMass
767 1.2534133730118056e+41 solMass / solMass
768 169.8954225202817 solMass / solMass
769 151.67137524866345 solMass / solMass
770 52.909518041804354 solMass / solMass
771 40.278419621669556 solMass / solMass
772 161.0382053139551 solMass / solMass
773 98.85839705050005 solMass / solMass
774 226.40759360482681 solMass / solMass
775 105.41635558667637 solMass / solMass
776 95.98882840773699 solMass / solMass
777 124.98798938852761 solMass / solMass
778 49.758054910097 solMass / solMass
780 24.56090702108922 solMass / solMass
781 217.64892314914826 solMass / solMass
782 21.408640843737658 solMass / solMass
784 80.96276532074793 solMass / solMass
785 207.08663296867115 solMass / solMass
786 0.1754649901037177 solMass / solMass
788 40.02942639154725 solMass / solMass
789 41.454459770944595 solMass / solMass
790 30.27967273987519 solMass / solMass
792 40.5669801070003 solMass / solMass
793 33.299854249642244 solMass / solMass
794 137.46087487199597 solMass / solMass
795 24.608475585016482 solMass / solMass
HaloMassEqualZero
797 22.43492323904438 solMass / solMass
798 98.55667465402767 solMass / solMass
799 1.6926882602288189e+41 solMass / solMass
802 88.44474893847871 solMass / solMass
804 159.51527750012085 solMass / solMass
805 65.47809636393613 solMass / solMass
806 81.9371011292461 solMass / solMass
807 224.75895543366093 solMass / solMass
808 232.32469532239574 solMass / solMass
809 53.385418763389666 solMass / solMass
810 45.222106645997464 solMass / solMass
811 143.58293338780913 solMass / solMass
813 144.72618573163257 solMass / solMass
814 4.875740608705324 solMass / solMass
816 66.80871418336986 solMass / solMass
817 71.67233913605318 solMass / solMass
818 174.21178476088838 solMass / solMass
819 220.42681370935543 solMass / solMass
820 89.51473883882271 solMass / solMass
821 155.8761509818679 solMass / solMass
822 113.22693228302147 solMass / solMass
823 79.72402254958078 solMass / solMass
824 137.48102416468367 solMass / solMass
825 84.59908575639544 solMass / solMass
827 1.752060256621433e+41 solMass / solMass
828 65.26041200896043 solMass / solMass
830 13.316082723850032 solMass / solMass
831 23.3943099603238 solMass / solMass
834 29.518940084890566 solMass / solMass
835 136.0654697215404 solMass / solMass
837 31.006965784710808 solMass / solMass
838 188.05360713222402 solMass / solMass
839 93.71377129180043 solMass / solMass
840 1.7834910511280718e+41 solMass / solMass
841 212.0068180148119 solMass / solMass
842 105.12009462823218 solMass / solMass
843 47.42837923380315 solMass / solMass
844 41.669042337778194 solMass / solMass
846 136.23481235703005 solMass / solMass
847 113.73281802748413 solMass / solMass
848 35.80593411079526 solMass / solMass
849 40.28461721969359 solMass / solMass
851 16.66462158832376 solMass / solMass
852 74.03590571912416 solMass / solMass
853 1.3279376513434529e+41 solMass / solMass
860 2.098127221996351e+41 solMass / solMass
861 79.710574372976 solMass / solMass
862 96.57436359057647 solMass / solMass
863 150.79270185284992 solMass / solMass
864 324.8963214874873 solMass / solMass
866 38.26358759523643 solMass / solMass
869 78.42564083571568 solMass / solMass
870 309.35219046979233 solMass / solMass
871 171.4791757262032 solMass / solMass
873 25.86879210815248 solMass / solMass
874 1.6834766855005157e+41 solMass / solMass
876 48.99941159062495 solMass / solMass
877 20.298546224946932 solMass / solMass
878 53.46853379635831 solMass / solMass
879 97.8745190734842 solMass / solMass
880 112.59129793254604 solMass / solMass
881 31.5438486674005 solMass / solMass
882 57.27640235884407 solMass / solMass
888 236.73310004750047 solMass / solMass
890 162.84656612416453 solMass / solMass
891 62.31508503911305 solMass / solMass
892 1.5455965925104029e+41 solMass / solMass
898 54.11254991939724 solMass / solMass
899 294.2208744446949 solMass / solMass
900 304.1789998389704 solMass / solMass
901 2.5566438283788027 solMass / solMass
902 42.249784298318204 solMass / solMass
904 52.605425638894204 solMass / solMass
906 34.191204534036785 solMass / solMass
907 85.72816484579428 solMass / solMass
908 21.536416641194563 solMass / solMass
909 282.4453210896455 solMass / solMass
910 1.146344642819502e+41 solMass / solMass
911 227.8573107372846 solMass / solMass
912 23.123040558010576 solMass / solMass
914 56.55791426172759 solMass / solMass
915 28.05457524878672 solMass / solMass
916 207.98069280660172 solMass / solMass
918 54.69551509901249 solMass / solMass
919 255.7750113179462 solMass / solMass
920 113.25631442943688 solMass / solMass
921 40.894118436795 solMass / solMass
922 139.89562212328795 solMass / solMass
925 47.117448806394655 solMass / solMass
927 185.5082966691431 solMass / solMass
928 82.51526135105175 solMass / solMass
930 135.6553203890435 solMass / solMass
931 94.69358299047248 solMass / solMass
932 15.335897685262136 solMass / solMass
933 3.63074873128547e+41 solMass / solMass
934 101.06325737741128 solMass / solMass
935 12.748398405461753 solMass / solMass
937 45.46323576378979 solMass / solMass
938 70.5842554431146 solMass / solMass
940 49.724739820836376 solMass / solMass
941 28.597324500797132 solMass / solMass
942 83.95130532749728 solMass / solMass
945 107.24614535859104 solMass / solMass
947 12.201879185600875 solMass / solMass
950 5.372295477103589e+41 solMass / solMass
951 132.55578842126073 solMass / solMass
952 23.43019217693487 solMass / solMass
954 82.49971277567776 solMass / solMass
955 76.58511167791723 solMass / solMass
956 44.85074284785091 solMass / solMass
958 115.67074543763523 solMass / solMass
959 77.84040688499637 solMass / solMass
960 2.6920807192735386e+41 solMass / solMass
961 150.39905465605855 solMass / solMass
962 21.386707940702443 solMass / solMass
964 79.00182169547601 solMass / solMass
965 17.86121236090317 solMass / solMass
966 1.8357886168179008e+41 solMass / solMass
972 69.76068720283914 solMass / solMass
974 2.688575503098187e+41 solMass / solMass
975 23.394539962913203 solMass / solMass
977 27.66776175093883 solMass / solMass
978 33.19281152992014 solMass / solMass
979 393.68254525205964 solMass / solMass
980 56.667183295834484 solMass / solMass
983 215.52039357900006 solMass / solMass
987 284.954356638404 solMass / solMass
988 72.61237347679408 solMass / solMass
989 214.911583143422 solMass / solMass
990 162.3225060248076 solMass / solMass
991 2.6246441381763073 solMass / solMass
992 154.94907567393 solMass / solMass
993 135.70188422247395 solMass / solMass
994 73.67378061168516 solMass / solMass
995 89.75045417207468 solMass / solMass
996 61.23082428662361 solMass / solMass
997 62.196398277270994 solMass / solMass
998 24.93716211744878 solMass / solMass
999 90.44023410629693 solMass / solMass
1000 2.0134156013319566e+41 solMass / solMass
1002 181.1912259953563 solMass / solMass
1004 50.899415091868825 solMass / solMass
1006 106.21147211548545 solMass / solMass
1007 137.78545267397976 solMass / solMass
1008 54.697772155260445 solMass / solMass
1009 1.2740505479186069e+41 solMass / solMass
1010 49.89708856949103 solMass / solMass
1012 31.633512479671207 solMass / solMass
1014 215.8626965369594 solMass / solMass
1016 63.33521779298329 solMass / solMass
1017 255.30821506959393 solMass / solMass
1018 206.78489632739982 solMass / solMass
1019 191.33633568515086 solMass / solMass
1020 82.2524652296218 solMass / solMass
1021 275.3468652713838 solMass / solMass
1024 146.59767202214286 solMass / solMass
1025 179.32909820664278 solMass / solMass
1026 90.0332209950686 solMass / solMass
1028 336.5356717687556 solMass / solMass
1029 103.30457745029419 solMass / solMass
1031 94.22480025833995 solMass / solMass
1032 29.614161035882535 solMass / solMass
1033 84.57959026303936 solMass / solMass
1034 56.48161875358523 solMass / solMass
1035 143.58716943596502 solMass / solMass
1036 40.08181291144436 solMass / solMass
1037 36.51367660292607 solMass / solMass
1038 171.6780284470288 solMass / solMass
1039 52.641144253789015 solMass / solMass
1041 74.1621547042305 solMass / solMass
1042 183.4782280301987 solMass / solMass
1044 97.26470551971583 solMass / solMass
1045 574.6784124052705 solMass / solMass
1046 276.8030312339372 solMass / solMass
1047 102.63679563881743 solMass / solMass
1048 216.60395550394773 solMass / solMass
1051 278.5826357562001 solMass / solMass
IsSatellite
1053 1.0921552375039021e+41 solMass / solMass
1055 88.83409601754266 solMass / solMass
1057 66.33539436143344 solMass / solMass
1058 68.56952019690694 solMass / solMass
1059 2.7748740595036286e+41 solMass / solMass
1060 65.85123002394587 solMass / solMass
1062 60.410240935331295 solMass / solMass
1063 11.099176331940281 solMass / solMass
1064 112.49490319610068 solMass / solMass
1065 136.9673012483964 solMass / solMass
1066 395.998298374027 solMass / solMass
1068 58.86671836418294 solMass / solMass
1069 162.12297950914237 solMass / solMass
1070 82.85395837387233 solMass / solMass
1072 339.85098252727505 solMass / solMass
1073 121.2025617496081 solMass / solMass
1074 85.81834597811026 solMass / solMass
1075 69.26249523862118 solMass / solMass
1076 153.0283356502199 solMass / solMass
1077 58.196420695097004 solMass / solMass
1078 31.211574061455522 solMass / solMass
1080 126.6485507924798 solMass / solMass
1081 70.5608134812391 solMass / solMass
1082 88.39791690808916 solMass / solMass
1083 2.8990689643601423e+41 solMass / solMass
HaloMassEqualZero
1085 73.28378059577756 solMass / solMass
1086 8.796236611453349 solMass / solMass
IsSatellite
1091 137.2195742928119 solMass / solMass
1092 163.88405788260263 solMass / solMass
1094 154.72349763083986 solMass / solMass
1096 94.34913418415485 solMass / solMass
1098 165.59473710974385 solMass / solMass
IsSatellite
1101 115.39626207329029 solMass / solMass
1102 2.0427986417125713e+41 solMass / solMass
1104 338.1482687658216 solMass / solMass
1105 228.99217922280022 solMass / solMass
1106 87.78886544711384 solMass / solMass
1108 72.52656515871755 solMass / solMass
1110 1.8278018403416107e+41 solMass / solMass
1111 79.3952826960763 solMass / solMass
1112 78.12244660413971 solMass / solMass
1114 80.60859342907314 solMass / solMass
1115 14.527350572379463 solMass / solMass
1116 34.91940264839834 solMass / solMass
1117 52.01415019511904 solMass / solMass
1118 222.43491896489508 solMass / solMass
1119 93.90386201837129 solMass / solMass
1120 84.7947614488346 solMass / solMass
1121 225.1967786233706 solMass / solMass
1122 43.18006234703005 solMass / solMass
1124 34.797949418566525 solMass / solMass
1128 149.2533345117136 solMass / solMass
1129 2.4343799187976154e+41 solMass / solMass
1130 186.3126998125265 solMass / solMass
1131 27.92291585754887 solMass / solMass
1132 82.32381287712873 solMass / solMass
1133 172.54172223390563 solMass / solMass
1134 318.7155594614206 solMass / solMass
1135 235.0827663617919 solMass / solMass
1136 3.8245742084995267 solMass / solMass
1139 81.72413297268245 solMass / solMass
1140 197.2236964230172 solMass / solMass
1141 62.27706189607545 solMass / solMass
1143 48.428467596367206 solMass / solMass
1144 37.566873462891515 solMass / solMass
1147 65.2218088316902 solMass / solMass
1148 390.7634997758776 solMass / solMass
1149 735.73874398356 solMass / solMass
1151 124.4632530850056 solMass / solMass
1152 324.4573671659919 solMass / solMass
1154 325.79292635084937 solMass / solMass
1155 2.161794313832944e+41 solMass / solMass
1156 172.5985209709046 solMass / solMass
1157 238.92008888372249 solMass / solMass
1158 1.7308451524542953e+41 solMass / solMass
1159 4.6206969977968195e+41 solMass / solMass
1160 166.70175755514822 solMass / solMass
1161 93.92931220136646 solMass / solMass
1162 2.7588628776310348e+41 solMass / solMass
1163 62.41776458209092 solMass / solMass
1166 113.60267506711453 solMass / solMass
1169 84.99086652759712 solMass / solMass
1170 2.5159454355839306e+41 solMass / solMass
1171 643.6405349673857 solMass / solMass
1172 181.09402007117404 solMass / solMass
1173 401.0672832449915 solMass / solMass
1174 36.42621390634598 solMass / solMass
1175 183.55623918234255 solMass / solMass
1179 155.53419008160003 solMass / solMass
1181 186.28185778615583 solMass / solMass
1182 42.43639548918204 solMass / solMass
1183 46.87214091460689 solMass / solMass
1184 114.53784634020488 solMass / solMass
1187 45.92053536112683 solMass / solMass
1188 131.0457036721077 solMass / solMass
1189 496.63159656106933 solMass / solMass
1190 141.02860270739555 solMass / solMass
1191 46.660093748371416 solMass / solMass
1192 2.5130557009971596e+41 solMass / solMass
HaloMassEqualZero
1194 37.560364474611156 solMass / solMass
1195 30.357789591965474 solMass / solMass
1196 30.561732579492805 solMass / solMass
1197 183.52566608965915 solMass / solMass
1199 125.96642929428641 solMass / solMass
1200 2.5574247322905837e+41 solMass / solMass
1203 69.96518162763996 solMass / solMass
1205 54.35814410608412 solMass / solMass
1206 25.578112738873553 solMass / solMass
1207 327.59844178753707 solMass / solMass
1209 176.24894027508915 solMass / solMass
1210 35.082090211912096 solMass / solMass
1212 27.613518941080553 solMass / solMass
1213 80.59076661537357 solMass / solMass
1214 368.0918381991995 solMass / solMass
1215 141.26306059895637 solMass / solMass
1217 114.46774474778056 solMass / solMass
1218 566.310437799991 solMass / solMass
1219 86.08800501202923 solMass / solMass
1221 86.63120301197011 solMass / solMass
1223 435.06720781351316 solMass / solMass
1226 20.220677936616163 solMass / solMass
1227 24.077986696046114 solMass / solMass
1228 7.09398899525275 solMass / solMass
1229 2.2026100925380087e+41 solMass / solMass
1230 96.86595713783305 solMass / solMass
1231 85.81340222832932 solMass / solMass
1232 121.31783062544612 solMass / solMass
1234 71.88842004088401 solMass / solMass
1235 32.39299041685109 solMass / solMass
1237 84.76523492887365 solMass / solMass
1238 208.72026143676283 solMass / solMass
1239 299.27890425627555 solMass / solMass
1241 13.959074752381783 solMass / solMass
1242 74.62841493434442 solMass / solMass
1243 193.43414713644816 solMass / solMass
1244 102.23639903366492 solMass / solMass
1245 56.38654526666116 solMass / solMass
1246 228.14609729633992 solMass / solMass
1247 281.17621286747044 solMass / solMass
1248 130.4060010634714 solMass / solMass
1251 99.53779736774072 solMass / solMass
1252 190.33524237992333 solMass / solMass
1253 505.56649057846147 solMass / solMass
1256 32.485827244538406 solMass / solMass
1258 287.7655203319025 solMass / solMass
1260 98.41883890626929 solMass / solMass
1262 317.015209163007 solMass / solMass
1263 104.36451953094677 solMass / solMass
1264 135.2543759067014 solMass / solMass
1267 136.6796095033373 solMass / solMass
IsSatellite
1271 97.87685288356352 solMass / solMass
1272 5.720951261682904 solMass / solMass
1276 69.89985013774174 solMass / solMass
1277 84.29831069658962 solMass / solMass
1279 59.4981721261103 solMass / solMass
1280 218.70275014887295 solMass / solMass
1281 48.26863783383236 solMass / solMass
1282 81.8131626487783 solMass / solMass
1283 266.0254214300687 solMass / solMass
1284 84.29734761944604 solMass / solMass
1285 252.51221815694515 solMass / solMass
1286 322.3565554177715 solMass / solMass
1287 78.2174409465391 solMass / solMass
1288 121.30955935546699 solMass / solMass
1289 506.87239754101705 solMass / solMass
1291 133.44084672734925 solMass / solMass
1292 54.57527938844721 solMass / solMass
1294 289.4958421262927 solMass / solMass
1295 54.20091900633602 solMass / solMass
1296 55.00738461822161 solMass / solMass
1297 120.48716125945643 solMass / solMass
1298 2.0012246752444766e+41 solMass / solMass
1299 325.01006951626323 solMass / solMass
1301 84.8107031708766 solMass / solMass
1302 179.8877634540086 solMass / solMass
1304 32.773073794877085 solMass / solMass
1305 26.746566716948642 solMass / solMass
1306 69.67611791576167 solMass / solMass
1309 168.25937796229027 solMass / solMass
1310 130.61452144037665 solMass / solMass
1311 98.78864999462442 solMass / solMass
1312 110.81865982752015 solMass / solMass
1314 4.873098107908307e+41 solMass / solMass
1315 122.41020989402746 solMass / solMass
1316 283.09329806060623 solMass / solMass
1317 46.68535951922379 solMass / solMass
1319 196.4208114803476 solMass / solMass
1320 138.3695687843986 solMass / solMass
1321 138.67160495742178 solMass / solMass
1322 3.200335695582363e+41 solMass / solMass
1323 10.805823242979544 solMass / solMass
1327 3.138899165931879e+41 solMass / solMass
1328 322.084189191233 solMass / solMass
1329 83.0421939157001 solMass / solMass
1330 365.62731499371307 solMass / solMass
1331 108.62730077819748 solMass / solMass
1334 326.2689988915576 solMass / solMass
1335 276.8874168032329 solMass / solMass
1338 159.72413645509747 solMass / solMass
1339 25.083685336698615 solMass / solMass
1341 82.53175910262307 solMass / solMass
1342 5.0675758452890506e+41 solMass / solMass
1343 113.45325247562516 solMass / solMass
1345 17.139996094648023 solMass / solMass
IsSatellite
1348 859.9792734773018 solMass / solMass
1349 22.718645241647913 solMass / solMass
1350 48.13513848174053 solMass / solMass
1351 100.98780875485876 solMass / solMass
1352 8.972855612543938 solMass / solMass
1353 32.30328729829408 solMass / solMass
1356 43.099183217557055 solMass / solMass
1361 4.00727589275366e+41 solMass / solMass
1363 493.56410186343714 solMass / solMass
1366 163.90920939091802 solMass / solMass
1367 37.177133090014536 solMass / solMass
1368 76.11125284038313 solMass / solMass
1369 68.36691110290948 solMass / solMass
1372 3.725676477764727e+41 solMass / solMass
1373 446.33697395354227 solMass / solMass
1374 121.02611943021094 solMass / solMass
1375 31.366217037214813 solMass / solMass
1376 311.63929890971525 solMass / solMass
1377 6.7391772494616434e+41 solMass / solMass
1378 1.650637202493623e+42 solMass / solMass
1382 70.38811582630456 solMass / solMass
1386 6.640722780162421 solMass / solMass
1387 437.9070573872143 solMass / solMass
1388 350.71167265400845 solMass / solMass
1389 27.730113179646118 solMass / solMass
1392 103.12890665288639 solMass / solMass
1393 372.55552915321545 solMass / solMass
1394 41.22160209390358 solMass / solMass
1395 46.91065605299053 solMass / solMass
1397 105.53476880917202 solMass / solMass
1398 132.6633820168279 solMass / solMass
1399 54.93760549742876 solMass / solMass
1400 31.477088639819033 solMass / solMass
1403 271.54883432294446 solMass / solMass
1404 143.83428531437815 solMass / solMass
1405 667.182699259747 solMass / solMass
1406 454.40809015245526 solMass / solMass
1408 609.0515187914418 solMass / solMass
1412 350.5962814541308 solMass / solMass
1413 90.46567668266027 solMass / solMass
1415 4.826804822951337e+41 solMass / solMass
1418 202.88869941453626 solMass / solMass
1419 136.69521005610036 solMass / solMass
1420 246.76153250637645 solMass / solMass
1422 135.71506323186716 solMass / solMass
1423 1.5153002370160648e+41 solMass / solMass
1425 143.78295623116594 solMass / solMass
1426 162.1805149156979 solMass / solMass
1427 149.65110147736505 solMass / solMass
1428 563.378630310644 solMass / solMass
1430 260.44340755563445 solMass / solMass
1431 60.87022806485371 solMass / solMass
1432 81.84758394421797 solMass / solMass
1433 424.2776596644914 solMass / solMass
1435 35.89511838652706 solMass / solMass
1439 382.8842767510239 solMass / solMass
1440 389.74318899987543 solMass / solMass
1441 86.56848516745643 solMass / solMass
1442 102.27122804021361 solMass / solMass
1444 167.7109053696027 solMass / solMass
1445 106.56732814195793 solMass / solMass
1446 34.66284999683842 solMass / solMass
1447 165.10855886855924 solMass / solMass
1448 128.36336238130735 solMass / solMass
1449 131.01280814627088 solMass / solMass
1450 250.30272930729467 solMass / solMass
1451 6.103764521539466e+41 solMass / solMass
1452 114.40647534333081 solMass / solMass
1453 168.03311063888427 solMass / solMass
1456 93.05649144658513 solMass / solMass
1459 9.742654358260124 solMass / solMass
1461 162.33805337304267 solMass / solMass
1464 10.565220751556517 solMass / solMass
1465 269.1307919665371 solMass / solMass
IsSatellite
1467 214.6103414576737 solMass / solMass
1468 2.400930116944075e+41 solMass / solMass
1469 1.5595800764048944 solMass / solMass
1471 991.8422287236097 solMass / solMass
1472 37.344032008016356 solMass / solMass
1474 72.6529664199067 solMass / solMass
1475 123.24754416526966 solMass / solMass
1476 115.11098071452774 solMass / solMass
1477 113.94842289026562 solMass / solMass
1478 193.40040943999242 solMass / solMass
1479 40.31341528445204 solMass / solMass
1480 92.97470675948509 solMass / solMass
1481 2.041308795869961e+41 solMass / solMass
1482 367.62153711833014 solMass / solMass
1483 117.35967217516998 solMass / solMass
1485 63.89297391227439 solMass / solMass
1486 176.55144191879754 solMass / solMass
1487 127.95559811746497 solMass / solMass
1488 92.02710073761246 solMass / solMass
1492 101.84652937214693 solMass / solMass
1493 82.8755835697346 solMass / solMass
1494 97.36616525426649 solMass / solMass
1495 6.000952326498507 solMass / solMass
1497 404.6486895615801 solMass / solMass
1499 47.29077151238362 solMass / solMass
1501 329.46613441554587 solMass / solMass
1502 35.95717931932164 solMass / solMass
1503 149.71865511000144 solMass / solMass
1504 21.72851472575915 solMass / solMass
1505 27.533364343870144 solMass / solMass
1508 279.21237730144003 solMass / solMass
1509 14.864394171356 solMass / solMass
1510 4.065026262512015e+41 solMass / solMass
1511 5.002289357473792e+41 solMass / solMass
1513 88.53050658906567 solMass / solMass
1514 243.26203961139672 solMass / solMass
1515 56.52751953387177 solMass / solMass
1516 288.1331706958042 solMass / solMass
1517 314.0371489873334 solMass / solMass
1518 72.27497082249135 solMass / solMass
1520 117.37811169217176 solMass / solMass
1521 310.81020484131705 solMass / solMass
1523 49.08955156122216 solMass / solMass
1524 2.9815471484911386e+41 solMass / solMass
1525 696.7811530043191 solMass / solMass
1526 524.8540084825011 solMass / solMass
1528 184.97651566996186 solMass / solMass
1529 68.93060901972892 solMass / solMass
1530 160.16047019138279 solMass / solMass
1532 52.90485456293128 solMass / solMass
1533 305.9715485438957 solMass / solMass
1534 190.41775951712333 solMass / solMass
1535 6.8010336554865924e+41 solMass / solMass
1536 40.83923640530503 solMass / solMass
1538 18.817472486603368 solMass / solMass
1539 60.37477497974991 solMass / solMass
1540 550.1083432631277 solMass / solMass
1541 37.6017710962273 solMass / solMass
1543 227.55778573104388 solMass / solMass
1544 262.2097105405091 solMass / solMass
1545 2.3666661243753822e+41 solMass / solMass
1547 90.00431316864145 solMass / solMass
1548 100.4051670311244 solMass / solMass
1550 340.50901200613436 solMass / solMass
1551 198.4751977056181 solMass / solMass
IsSatellite
1553 184.89458228120483 solMass / solMass
1554 184.89838575500684 solMass / solMass
1555 110.06516581585207 solMass / solMass
1556 286.30620650286437 solMass / solMass
1557 4.7981785718498146e+41 solMass / solMass
1558 238.44012411151402 solMass / solMass
1559 95.0043291487649 solMass / solMass
1562 389.8860316420626 solMass / solMass
1563 2.0528265150389886e+41 solMass / solMass
1564 319.2688172884392 solMass / solMass
1565 119.06140670599689 solMass / solMass
1566 61.938977124243245 solMass / solMass
1567 76.12817076917322 solMass / solMass
1570 78.96718393438238 solMass / solMass
HaloMassEqualZero
1572 798.1279612371688 solMass / solMass
1573 32.47116573876712 solMass / solMass
1574 186.25812204170376 solMass / solMass
1575 3.8309565480382055e+41 solMass / solMass
IsSatellite
1577 89.7696997316472 solMass / solMass
1578 152.42635620761178 solMass / solMass
1579 3.5782134784046433 solMass / solMass
1580 50.124585651027786 solMass / solMass
1581 160.5123556220745 solMass / solMass
1583 89.18818905344874 solMass / solMass
1584 209.24108869029428 solMass / solMass
1585 170.3878047287373 solMass / solMass
1586 122.47536435746163 solMass / solMass
1587 48.337804654234645 solMass / solMass
1588 705.4176748640557 solMass / solMass
1589 34.97891524236992 solMass / solMass
1590 112.04681990514104 solMass / solMass
1591 59.08095478764354 solMass / solMass
1592 145.03287986498177 solMass / solMass
1593 252.5178573133528 solMass / solMass
1595 30.54879638402011 solMass / solMass
1596 81.43217637019295 solMass / solMass
1597 634.2097345528433 solMass / solMass
1598 56.50864102718062 solMass / solMass
1599 262.92057495180205 solMass / solMass
1600 4.119630895202392e+41 solMass / solMass
1601 221.8661179415778 solMass / solMass
1602 384.2950755423143 solMass / solMass
1603 97.9268042692939 solMass / solMass
HaloMassEqualZero
1606 619.3295869568879 solMass / solMass
1607 39.90206404106314 solMass / solMass
1609 210.18934631313135 solMass / solMass
1610 179.88078820319902 solMass / solMass
1611 183.13490302387794 solMass / solMass
1612 379.28472077679135 solMass / solMass
1614 73.49149979399729 solMass / solMass
1615 64.59648924413739 solMass / solMass
1616 97.30411603839833 solMass / solMass
IsSatellite
1618 132.34821546486017 solMass / solMass
1619 23.572166695012 solMass / solMass
1620 126.71322916670508 solMass / solMass
1621 493.8104908116567 solMass / solMass
1622 239.49517302903743 solMass / solMass
1624 57.06715722689736 solMass / solMass
1626 530.2153700861927 solMass / solMass
1627 323.51432585168465 solMass / solMass
IsSatellite
1629 413.2760823300253 solMass / solMass
1631 39.416552745508405 solMass / solMass
1632 606.62313181504 solMass / solMass
1634 375.0520082081895 solMass / solMass
1635 372.6907017332313 solMass / solMass
1637 8.347896086751448e+41 solMass / solMass
1638 208.9111798691427 solMass / solMass
1639 330.18451504964804 solMass / solMass
1641 216.77954233398557 solMass / solMass
1642 285.77410996681743 solMass / solMass
1643 199.9239441114962 solMass / solMass
1644 95.00281244422914 solMass / solMass
1645 883.6998184611941 solMass / solMass
1646 89.42130151806123 solMass / solMass
1647 283.39179428532447 solMass / solMass
1651 215.466209390672 solMass / solMass
1652 1647.9023866914893 solMass / solMass
1653 200.65838567228016 solMass / solMass
1654 8.50949535449861e+41 solMass / solMass
1655 95.2978120545621 solMass / solMass
1656 175.0834748354297 solMass / solMass
1657 46.936917897169025 solMass / solMass
1661 269.8366652011806 solMass / solMass
1662 98.43155919882699 solMass / solMass
IsSatellite
1668 393.9568269210528 solMass / solMass
1669 328.26963226947083 solMass / solMass
1670 132.09716853426076 solMass / solMass
1671 411.5119786283142 solMass / solMass
1672 3.932876634936534e+41 solMass / solMass
1673 155.89464613722026 solMass / solMass
1674 24.941553396213358 solMass / solMass
1676 8.358137979597053e+41 solMass / solMass
1677 137.78950961151062 solMass / solMass
1678 746.147668589355 solMass / solMass
1681 790.1036037805195 solMass / solMass
1682 160.57502618297877 solMass / solMass
1683 581.6709734076204 solMass / solMass
1684 128.8175221919754 solMass / solMass
1685 545.3623109953712 solMass / solMass
1687 80.99806556779818 solMass / solMass
HaloMassEqualZero
1689 3.6270207598481015e+41 solMass / solMass
1692 53.234417716400046 solMass / solMass
1693 334.6581827806463 solMass / solMass
1694 227.4671964748437 solMass / solMass
1695 189.4357836479499 solMass / solMass
1696 87.91999386997432 solMass / solMass
1697 303.2351690452977 solMass / solMass
1700 15.130064430290657 solMass / solMass
1701 213.49366975183347 solMass / solMass
1702 102.66154421596244 solMass / solMass
HaloMassEqualZero
1704 871.9978511025915 solMass / solMass
HaloMassEqualZero
1706 167.52061675332564 solMass / solMass
1707 6.538486171103903 solMass / solMass
1708 554.5776530615793 solMass / solMass
1709 193.90708901633596 solMass / solMass
IsSatellite
1711 9.942075566604437 solMass / solMass
1713 277.568422094726 solMass / solMass
1714 272.5680778156649 solMass / solMass
1715 6.99536492235922 solMass / solMass
1717 109.54604805256884 solMass / solMass
1718 461.7300878767239 solMass / solMass
1719 562.4903770353708 solMass / solMass
1721 239.89455348657586 solMass / solMass
1722 54.99822139582194 solMass / solMass
1723 470.7331648335828 solMass / solMass
1724 5.383299679192354e+41 solMass / solMass
1726 3.879563175742084e+41 solMass / solMass
1727 117.13228005646882 solMass / solMass
1728 77.49422956991502 solMass / solMass
1729 49.070645377786384 solMass / solMass
1731 468.14988707163405 solMass / solMass
1734 219.8364334142669 solMass / solMass
1735 144.14678980933948 solMass / solMass
1736 230.32404694667287 solMass / solMass
1737 5.419648352451761e+41 solMass / solMass
1738 421.3029403910623 solMass / solMass
1739 150.02766744795585 solMass / solMass
1740 180.09410505004814 solMass / solMass
1741 536.5832051378462 solMass / solMass
1742 154.29747593249502 solMass / solMass
1743 355.66970290492935 solMass / solMass
1745 527.8691875973457 solMass / solMass
1746 457.6316985220869 solMass / solMass
1748 272.61649082196857 solMass / solMass
1749 111.93326634640417 solMass / solMass
1750 146.6585368951298 solMass / solMass
1751 331.9971970549125 solMass / solMass
IsSatellite
1753 127.56471324364675 solMass / solMass
1756 227.13242251672855 solMass / solMass
1759 368.8203009142117 solMass / solMass
1760 85.27416055738952 solMass / solMass
1761 196.9955156705405 solMass / solMass
1762 685.1688049619388 solMass / solMass
1763 171.39506402267804 solMass / solMass
1764 16.90213223822264 solMass / solMass
1765 88.44654236021745 solMass / solMass
1767 206.2456030972387 solMass / solMass
1768 829.8636546461819 solMass / solMass
1770 76.60849943375008 solMass / solMass
1772 259.26964509372687 solMass / solMass
1773 13.2217762456268 solMass / solMass
1774 40.40395063095358 solMass / solMass
1775 3.763213371593628e+41 solMass / solMass
1778 3.727314744453597e+41 solMass / solMass
1779 310.4034883491206 solMass / solMass
1780 6.208996898678188e+41 solMass / solMass
1781 192.0084025607075 solMass / solMass
1782 273.1516615412444 solMass / solMass
1783 31.106231291473264 solMass / solMass
1784 356.6375656067259 solMass / solMass
1785 171.72921050080413 solMass / solMass
1786 78.4362556235425 solMass / solMass
1787 461.94682838412183 solMass / solMass
1788 101.06062092698943 solMass / solMass
1791 215.36357107344426 solMass / solMass
1793 75.28945465076697 solMass / solMass
1794 855.6651877768747 solMass / solMass
1795 202.0483104337365 solMass / solMass
1797 237.0703767766403 solMass / solMass
1798 79.42645907293617 solMass / solMass
1804 544.4073834266529 solMass / solMass
1805 408.7014851841901 solMass / solMass
1806 341.6058426526299 solMass / solMass
1808 2.50847047928143e+41 solMass / solMass
1809 136.00255199284925 solMass / solMass
1810 59.78575544891912 solMass / solMass
1811 4.638130340371609 solMass / solMass
1812 243.29775734566854 solMass / solMass
1813 308.4666179890114 solMass / solMass
1817 405.97984855523305 solMass / solMass
1818 173.52457889050396 solMass / solMass
1820 225.90794448632784 solMass / solMass
1821 589.6729846005209 solMass / solMass
1822 85.90988208536969 solMass / solMass
1824 365.6493790351193 solMass / solMass
1825 16.17221122144256 solMass / solMass
HaloMassEqualZero
1829 53.002160682885126 solMass / solMass
1830 4.494555495209934e+41 solMass / solMass
1832 550.7775343391555 solMass / solMass
1833 244.2291569018249 solMass / solMass
1834 110.11541975658726 solMass / solMass
IsSatellite
1836 468.21297059936495 solMass / solMass
1837 175.38227035776686 solMass / solMass
1838 46.23325586892419 solMass / solMass
1841 753.1902051379261 solMass / solMass
1842 678.2698416333669 solMass / solMass
1843 8.806159673851956e+41 solMass / solMass
1844 4.8273266882136436e+41 solMass / solMass
1845 5.6668824216931625e+41 solMass / solMass
1847 4.094809184434158e+41 solMass / solMass
1848 100.15621033790418 solMass / solMass
IsSatellite
1850 6.576662203267841 solMass / solMass
1851 242.3646546925907 solMass / solMass
1852 280.67687510840494 solMass / solMass
1854 356.2406898394344 solMass / solMass
1855 171.24203225685994 solMass / solMass
1856 63.74277802275313 solMass / solMass
1857 74.49857536125238 solMass / solMass
1859 294.04493921771245 solMass / solMass
1860 1218.4770660526117 solMass / solMass
1861 385.9232951295023 solMass / solMass
1862 316.46279908196243 solMass / solMass
1863 784.0284923469475 solMass / solMass
1864 971.5614760998063 solMass / solMass
1865 185.71885361002558 solMass / solMass
1866 245.8675942514638 solMass / solMass
1867 1433.469239372368 solMass / solMass
1868 243.52881403295748 solMass / solMass
1870 174.24288422310119 solMass / solMass
1871 50.82412067593829 solMass / solMass
1872 162.6114794328916 solMass / solMass
1874 47.64258603193507 solMass / solMass
1875 95.68302060848436 solMass / solMass
1878 326.7980223796926 solMass / solMass
1879 98.81199030360624 solMass / solMass
1880 48.640015062497014 solMass / solMass
1881 357.25860580189527 solMass / solMass
1882 92.2328000070148 solMass / solMass
1883 236.79461221985673 solMass / solMass
HaloMassEqualZero
1886 346.87553749193137 solMass / solMass
1887 402.31539448457613 solMass / solMass
1888 42.75381564805732 solMass / solMass
1889 6.416524215283742e+41 solMass / solMass
1890 1.4369417221347715e+42 solMass / solMass
1892 132.2457613712548 solMass / solMass
1893 945.4158027099792 solMass / solMass
1894 40.89775614569284 solMass / solMass
1896 57.44648693677038 solMass / solMass
1897 38.485503961282156 solMass / solMass
1898 374.24453935940335 solMass / solMass
1899 349.0741501912129 solMass / solMass
1900 5.1189587774928325e+41 solMass / solMass
1901 368.23383391321016 solMass / solMass
1902 232.21828116483962 solMass / solMass
1903 51.31223691685615 solMass / solMass
1904 272.3647376543668 solMass / solMass
1906 345.1423436360689 solMass / solMass
1907 0.9870603101275492 solMass / solMass
1908 853.1072693313259 solMass / solMass
1909 39.200196685529946 solMass / solMass
1910 91.21774512372043 solMass / solMass
1912 363.1829024387425 solMass / solMass
1914 534.9304407947969 solMass / solMass
1915 84.82776720660866 solMass / solMass
1916 6.518628523308543e+41 solMass / solMass
1917 159.85833456818915 solMass / solMass
1921 3.984759264924468e+41 solMass / solMass
1924 620.9345295451079 solMass / solMass
1926 563.7871959195724 solMass / solMass
1927 8.377553260151329e+41 solMass / solMass
1928 1.01721231783761e+42 solMass / solMass
1930 1168.6356304518217 solMass / solMass
1931 53.8261669018553 solMass / solMass
1932 109.66557921865775 solMass / solMass
1933 274.67212305565255 solMass / solMass
1935 558.4393330980944 solMass / solMass
1936 870.769515655185 solMass / solMass
HaloMassEqualZero
1938 9.061796682097098 solMass / solMass
1940 378.68357075913974 solMass / solMass
1941 5.0235164174780786e+41 solMass / solMass
1942 185.51076514069774 solMass / solMass
1943 85.57537850052725 solMass / solMass
1945 895.564860423751 solMass / solMass
1946 8.790420587731849e+41 solMass / solMass
1947 535.2911417569059 solMass / solMass
1950 263.99217400650105 solMass / solMass
1951 4.851312921056996e+41 solMass / solMass
1952 111.0172076954763 solMass / solMass
1954 787.6657902742704 solMass / solMass
1955 234.13236827645494 solMass / solMass
1958 279.0212875575682 solMass / solMass
1959 528.8815723329581 solMass / solMass
1960 93.78722434980844 solMass / solMass
HaloMassEqualZero
1964 1920.69371131933 solMass / solMass
1965 962.2245464199004 solMass / solMass
1966 53.85860266765934 solMass / solMass
1967 28.29853041985222 solMass / solMass
1969 745.3744356028452 solMass / solMass
1970 248.70232859855045 solMass / solMass
1971 139.23152997535288 solMass / solMass
1972 264.0355546124734 solMass / solMass
1973 240.08274250380123 solMass / solMass
1974 308.69517964963376 solMass / solMass
1975 235.47740481441974 solMass / solMass
1978 682.3657627615223 solMass / solMass
1980 589.3247408183233 solMass / solMass
1981 214.65799134260232 solMass / solMass
1982 406.1327454035232 solMass / solMass
1983 138.6837752875188 solMass / solMass
1984 207.00796582131088 solMass / solMass
1987 798.873385269696 solMass / solMass
1988 204.34751049534034 solMass / solMass
1989 92.3287856568492 solMass / solMass
1990 905.7044773823162 solMass / solMass
1991 0.0 solMass / solMass
1992 754.0058645994505 solMass / solMass
1994 257.44471330621695 solMass / solMass
1995 1189.154797126069 solMass / solMass
1996 1191.125221855549 solMass / solMass
1998 266.87311321886165 solMass / solMass
2000 645.9857593346861 solMass / solMass
2001 180.96308235039203 solMass / solMass
2002 6.9133532027097806e+41 solMass / solMass
2003 380.3002500661869 solMass / solMass
2005 142.8354693684309 solMass / solMass
2006 141.0700490533543 solMass / solMass
2008 1.0070598497134923e+42 solMass / solMass
2010 186.8742790339743 solMass / solMass
2011 869.1432366489474 solMass / solMass
2012 80.79784838293939 solMass / solMass
2013 274.0728746810982 solMass / solMass
2016 109.82950531655729 solMass / solMass
2017 549.1818687030753 solMass / solMass
HaloMassEqualZero
2020 798.4176920727118 solMass / solMass
2021 537.6252592697523 solMass / solMass
2022 7.362393292381896e+41 solMass / solMass
2023 67.77167961892873 solMass / solMass
2024 1.465593430558621e+42 solMass / solMass
2025 54.66082658298432 solMass / solMass
2026 572.2090626304338 solMass / solMass
2027 88.65947341951843 solMass / solMass
2028 18.736348528364786 solMass / solMass
2029 514.7573900135741 solMass / solMass
2030 76.4266662581219 solMass / solMass
2031 373.64912928907455 solMass / solMass
2032 42.24905906492614 solMass / solMass
2033 44.49507094225971 solMass / solMass
2034 440.0152863671153 solMass / solMass
2035 517.432618703852 solMass / solMass
2036 236.8493187425862 solMass / solMass
2037 574.939283785027 solMass / solMass
2038 377.90823874260934 solMass / solMass
2039 41.82737906931481 solMass / solMass
2040 81.95881618856082 solMass / solMass
HaloMassEqualZero
2042 521.1463813367976 solMass / solMass
2043 790.8385735886228 solMass / solMass
2044 205.41185611493742 solMass / solMass
2045 259.1971799106569 solMass / solMass
2047 118.12813570420631 solMass / solMass
2048 883.435420918653 solMass / solMass
2050 871.1445695035148 solMass / solMass
2051 820.8369791561927 solMass / solMass
2052 272.29770134051574 solMass / solMass
2053 605.6915766980151 solMass / solMass
2054 280.9444704508523 solMass / solMass
2056 888.9392231671713 solMass / solMass
2057 103.71119971702883 solMass / solMass
2058 418.6136323148596 solMass / solMass
IsSatellite
2061 4.107816242468841e+41 solMass / solMass
2062 223.1834221437027 solMass / solMass
2063 35.10010787890876 solMass / solMass
2064 154.3614943993755 solMass / solMass
2065 350.65875757056995 solMass / solMass
2069 634.9579843785077 solMass / solMass
2070 54.99210605017876 solMass / solMass
2071 26.260156323045813 solMass / solMass
2072 291.2036587002236 solMass / solMass
2075 28.489985374719723 solMass / solMass
2076 772.1594940299235 solMass / solMass
2077 428.1171772542424 solMass / solMass
2080 288.50924219518663 solMass / solMass
2081 30.18938113370441 solMass / solMass
2084 101.378207923102 solMass / solMass
2085 317.6374433110883 solMass / solMass
HaloMassEqualZero
2087 568.39089400669 solMass / solMass
2088 3.3530693555804865e-39 solMass / solMass
2089 7.265006504111787e+41 solMass / solMass
2090 55.321005225020826 solMass / solMass
2091 2124.916406292603 solMass / solMass
2092 42.825090942517164 solMass / solMass
2093 665.3781724750102 solMass / solMass
2094 174.5937734021581 solMass / solMass
2095 15.515164764831981 solMass / solMass
2097 378.63803394329574 solMass / solMass
2098 30.42280900952627 solMass / solMass
2099 139.5110160568169 solMass / solMass
2100 21.93661399034456 solMass / solMass
2102 360.52136181147625 solMass / solMass
2103 88.68472304069468 solMass / solMass
2104 91.89769039440704 solMass / solMass
HaloMassEqualZero
HaloMassEqualZero
2107 501.59906455130294 solMass / solMass
2108 70.08593432665602 solMass / solMass
2109 95.06561727730795 solMass / solMass
2110 54.482677561536406 solMass / solMass
2111 463.87488681948724 solMass / solMass
2112 308.99589386207253 solMass / solMass
2113 793.2893024899323 solMass / solMass
2115 394.3611178144203 solMass / solMass
2116 245.38295590987028 solMass / solMass
2117 2.9778841065992364e-39 solMass / solMass
2118 762.8861637515446 solMass / solMass
2119 199.54365067082537 solMass / solMass
2121 914.2964336606167 solMass / solMass
2122 246.60013180899105 solMass / solMass
2123 178.211178114479 solMass / solMass
2125 123.09485218942704 solMass / solMass
2126 298.2867762062982 solMass / solMass
2127 54.16752678564995 solMass / solMass
2128 652.1372562121853 solMass / solMass
2129 8.686885840381667e+41 solMass / solMass
2130 406.7325458350816 solMass / solMass
2131 551.0730532669779 solMass / solMass
2133 7.640964358582501e+41 solMass / solMass
2134 5.959791402619315e+41 solMass / solMass
2135 4.467869841597253e+41 solMass / solMass
2137 373.0285310648968 solMass / solMass
2138 559.890427942639 solMass / solMass
2139 169.29091263429484 solMass / solMass
2141 84.83687488202314 solMass / solMass
2142 470.9322469255397 solMass / solMass
2143 329.8119501611594 solMass / solMass
2144 484.31585269023225 solMass / solMass
2145 99.7202789524999 solMass / solMass
2146 8.486215378059876 solMass / solMass
2148 9.022256860022047e+41 solMass / solMass
2149 108.81014690380593 solMass / solMass
2150 583.5715033136916 solMass / solMass
2151 217.75980255186363 solMass / solMass
2152 1088.2155825792452 solMass / solMass
2153 36.4274754735527 solMass / solMass
IsSatellite
2158 1162.516773381077 solMass / solMass
2159 167.18608873009234 solMass / solMass
2160 321.41055022601876 solMass / solMass
2161 549.0328662967216 solMass / solMass
2162 304.59087017806377 solMass / solMass
2163 7.507113735336964 solMass / solMass
2164 691.6651359454108 solMass / solMass
2169 477.2470719636313 solMass / solMass
2170 108.53437823631288 solMass / solMass
IsSatellite
2172 504.5894824640255 solMass / solMass
2173 683.6901123543097 solMass / solMass
2174 218.58158844144168 solMass / solMass
2176 1.8062320058920135e+42 solMass / solMass
2177 104.56932998020552 solMass / solMass
2179 395.5009181797018 solMass / solMass
2180 1.167511413718387e+42 solMass / solMass
2181 13.72340662977376 solMass / solMass
2182 347.5735461000982 solMass / solMass
2185 213.06766143786274 solMass / solMass
2187 577.0055407665031 solMass / solMass
2188 703.8290435176976 solMass / solMass
2189 1274.2458992575139 solMass / solMass
2190 306.5853639726525 solMass / solMass
2191 793.7924826799479 solMass / solMass
2192 197.1611469924758 solMass / solMass
2193 134.85718480479647 solMass / solMass
2194 125.87913882957217 solMass / solMass
2195 118.26005304090476 solMass / solMass
2196 100.84937877584663 solMass / solMass
2197 158.11118745956637 solMass / solMass
HaloMassEqualZero
2200 1158.0316122498693 solMass / solMass
2201 938.1346689817581 solMass / solMass
2202 53.91483147073666 solMass / solMass
2203 16.33618483366776 solMass / solMass
2205 211.11324779832572 solMass / solMass
2207 351.1657038692638 solMass / solMass
2208 49.41730732580792 solMass / solMass
2209 404.8086295628851 solMass / solMass
2210 331.6946134401678 solMass / solMass
HaloMassEqualZero
2212 73.81579205109502 solMass / solMass
2213 8.30840484242574e+41 solMass / solMass
2214 194.66069830372248 solMass / solMass
2215 82.43943015839105 solMass / solMass
2216 1354.5055766619282 solMass / solMass
2217 42.300015539908124 solMass / solMass
2218 239.7209290810169 solMass / solMass
2219 251.66045299014175 solMass / solMass
2220 831.461989377199 solMass / solMass
2222 7.078354889017447e+41 solMass / solMass
2224 4.9922109987679936e+41 solMass / solMass
2226 93.71818508383397 solMass / solMass
2227 615.5967658306756 solMass / solMass
2229 312.18652919842714 solMass / solMass
2230 396.5099417479618 solMass / solMass
2233 308.56553404278975 solMass / solMass
2234 97.84729267500043 solMass / solMass
2235 100.74063288343218 solMass / solMass
2239 90.34390485328119 solMass / solMass
2241 21.563657327630104 solMass / solMass
2242 759.8352917747843 solMass / solMass
2243 312.4806310288169 solMass / solMass
2246 669.956555211854 solMass / solMass
2247 277.0151995706635 solMass / solMass
2249 319.36009938255097 solMass / solMass
2250 636.0487249764584 solMass / solMass
2251 87.09481667304699 solMass / solMass
2252 1.3893720852747455e+42 solMass / solMass
2254 687.042754712616 solMass / solMass
2255 7.28304963157213e+41 solMass / solMass
2256 564.4520604694038 solMass / solMass
2260 471.6978855328095 solMass / solMass
2261 93.5052894627544 solMass / solMass
2262 104.2200268306401 solMass / solMass
HaloMassEqualZero
2264 383.19342564484907 solMass / solMass
2265 326.4808133944319 solMass / solMass
2266 1679.8323381836253 solMass / solMass
2267 366.9899516741421 solMass / solMass
2268 134.84521319749055 solMass / solMass
2269 179.3277396630372 solMass / solMass
2271 24.790517705259703 solMass / solMass
2272 51.63518417693031 solMass / solMass
2273 128.91282445556817 solMass / solMass
2274 387.0992696565135 solMass / solMass
2277 366.9419817578618 solMass / solMass
HaloMassEqualZero
2279 662.7187265647751 solMass / solMass
2280 52.292846023433306 solMass / solMass
2282 219.2451811023593 solMass / solMass
2283 178.45653164469527 solMass / solMass
2284 6.602072297630887 solMass / solMass
2286 76.23057241530695 solMass / solMass
2287 106.00735877909636 solMass / solMass
2288 1172.3419657239165 solMass / solMass
2289 663.4754665721013 solMass / solMass
2292 32.518049102872446 solMass / solMass
2293 426.95995630955423 solMass / solMass
2294 109.7611040574085 solMass / solMass
2295 118.87100407294709 solMass / solMass
2297 958.0173024178728 solMass / solMass
2298 1.3393552416990919e+42 solMass / solMass
2299 640.3783415303083 solMass / solMass
2300 1136.3483572188761 solMass / solMass
2301 42.63641990570871 solMass / solMass
2302 428.4085682841095 solMass / solMass
2304 255.5852391259449 solMass / solMass
2306 356.6511630506917 solMass / solMass
2308 1118.5649593909525 solMass / solMass
2309 494.2955646149749 solMass / solMass
2310 1152.9245316460153 solMass / solMass
2312 488.1460517762424 solMass / solMass
2313 184.72587390806453 solMass / solMass
2314 553.855152892379 solMass / solMass
2315 313.4596594576345 solMass / solMass
2316 217.86235491405867 solMass / solMass
2317 474.99478224299736 solMass / solMass
2318 1449.649296055296 solMass / solMass
2319 702.5225319493275 solMass / solMass
2320 655.4789026456896 solMass / solMass
2322 479.61711658078997 solMass / solMass
2323 264.8026862701559 solMass / solMass
2324 164.00142188335766 solMass / solMass
2325 36.06942510249595 solMass / solMass
2327 1164.4800596993975 solMass / solMass
2328 211.04792862046193 solMass / solMass
2329 945.0477652965598 solMass / solMass
2330 966.9142614438427 solMass / solMass
2331 340.9534420715803 solMass / solMass
2332 628.6084351792776 solMass / solMass
HaloMassEqualZero
2334 8.32416960819343e+41 solMass / solMass
2336 214.45684175322043 solMass / solMass
2338 725.1912159302632 solMass / solMass
2339 71.71450446168664 solMass / solMass
2340 89.69806617001095 solMass / solMass
2342 36.16662411044441 solMass / solMass
IsSatellite
2345 290.7862764439601 solMass / solMass
2346 121.60812652408825 solMass / solMass
2347 1282.8750642532952 solMass / solMass
2348 31.92097486717698 solMass / solMass
2350 213.34936584524314 solMass / solMass
2351 106.52633152332257 solMass / solMass
HaloMassEqualZero
2353 89.80823976916463 solMass / solMass
2354 225.5478017857505 solMass / solMass
HaloMassEqualZero
2356 26.878418845888554 solMass / solMass
2357 7.283388027636762e+41 solMass / solMass
2358 502.64495545165494 solMass / solMass
2359 16.516418753747665 solMass / solMass
2360 306.5059149341168 solMass / solMass
2362 199.24203242670828 solMass / solMass
2363 898.0752190359626 solMass / solMass
2364 131.1200700378951 solMass / solMass
2366 265.47816391732766 solMass / solMass
2368 485.7815181672493 solMass / solMass
2369 645.359305036356 solMass / solMass
2370 317.2298158508722 solMass / solMass
HaloMassEqualZero
2374 1155.032506109804 solMass / solMass
2375 629.2466701844976 solMass / solMass
2376 753.8874643870804 solMass / solMass
HaloMassEqualZero
2378 111.0426008517273 solMass / solMass
2379 242.35684035646355 solMass / solMass
2380 44.59966516102758 solMass / solMass
HaloMassEqualZero
2383 123.64303419908246 solMass / solMass
2386 6.8695807199726294e+41 solMass / solMass
HaloMassEqualZero
2388 1310.6846150603453 solMass / solMass
HaloMassEqualZero
2390 494.8993303707088 solMass / solMass
2391 125.30184031615127 solMass / solMass
2392 316.83738027069865 solMass / solMass
2393 721.8679675493867 solMass / solMass
2394 159.35105842099077 solMass / solMass
2396 550.1460633587301 solMass / solMass
2397 251.10798082771464 solMass / solMass
2398 834.5232570605759 solMass / solMass
2401 75.18876810769461 solMass / solMass
2402 1178.2197707301284 solMass / solMass
HaloMassEqualZero
2404 105.01618023592371 solMass / solMass
2405 13.55583532665567 solMass / solMass
2406 1216.7299336817873 solMass / solMass
2407 415.58714488681164 solMass / solMass
2408 155.05937790908854 solMass / solMass
2409 6.92271510689214 solMass / solMass
2410 267.8819513264518 solMass / solMass
2411 461.2247116708876 solMass / solMass
HaloMassEqualZero
2413 173.40818943967506 solMass / solMass
2414 62.97116702978461 solMass / solMass
2416 440.0619468815166 solMass / solMass
2417 147.20778189338427 solMass / solMass
2419 465.4830466932087 solMass / solMass
2420 115.95070462231503 solMass / solMass
2421 129.25867200283463 solMass / solMass
2423 1029.0808723166815 solMass / solMass
2425 63.802901472759935 solMass / solMass
2426 439.7501718862238 solMass / solMass
HaloMassEqualZero
2428 915.0949635640338 solMass / solMass
2429 34.540781529984876 solMass / solMass
2430 4.007893106893793e+41 solMass / solMass
2431 1187.8406073007918 solMass / solMass
2433 884.2350804182717 solMass / solMass
IsSatellite
2435 262.28879482267007 solMass / solMass
2436 242.82306333841052 solMass / solMass
2437 493.05916874129787 solMass / solMass
2438 406.0348382720506 solMass / solMass
2439 195.71042076832097 solMass / solMass
2440 75.11898988640104 solMass / solMass
2442 436.9766242113307 solMass / solMass
2443 251.17170737880653 solMass / solMass
2444 1625.851589853446 solMass / solMass
2445 332.66922745675294 solMass / solMass
2447 310.7858692238541 solMass / solMass
2448 173.34158563819886 solMass / solMass
2450 1055.5257665949043 solMass / solMass
2451 665.8845670728069 solMass / solMass
2452 6.128072492473754e+41 solMass / solMass
2453 1800.091675261107 solMass / solMass
2454 476.3811780837238 solMass / solMass
2456 140.34851944468073 solMass / solMass
2457 215.31842891326548 solMass / solMass
IsSatellite
IsSatellite
2460 258.6414359924277 solMass / solMass
2461 1136.791054791955 solMass / solMass
2463 670.1179378162091 solMass / solMass
2465 274.93357279347924 solMass / solMass
2466 1.4317147198478668 solMass / solMass
2467 347.9374178673405 solMass / solMass
2468 3.3238915879889372 solMass / solMass
2469 68.2145220615507 solMass / solMass
2470 145.87898663981488 solMass / solMass
2471 665.5811384011496 solMass / solMass
2472 641.3952493275684 solMass / solMass
2473 666.7851454927663 solMass / solMass
2474 8.680327106869147 solMass / solMass
2475 1432.4133587552749 solMass / solMass
HaloMassEqualZero
2478 578.4490713585786 solMass / solMass
2479 158.46899478825208 solMass / solMass
2481 902.3571141027123 solMass / solMass
2482 358.67543901808267 solMass / solMass
2483 463.29602535124735 solMass / solMass
2484 859.5671358547829 solMass / solMass
2486 225.23540927664547 solMass / solMass
2487 55.73906077961925 solMass / solMass
HaloMassEqualZero
2489 574.4025835705603 solMass / solMass
2490 1272.8730287919664 solMass / solMass
2491 910.411026946553 solMass / solMass
2492 270.2105905959382 solMass / solMass
2494 31.23451118066859 solMass / solMass
2495 145.0575410736955 solMass / solMass
2496 1285.1242769656956 solMass / solMass
2497 580.5245833428962 solMass / solMass
2499 470.47169048590627 solMass / solMass
2500 532.7731022568307 solMass / solMass
2502 731.2911267630828 solMass / solMass
2503 7.380176818860764e+41 solMass / solMass
2504 812.8134114908133 solMass / solMass
2505 71.75716946600704 solMass / solMass
2507 713.6172404662323 solMass / solMass
2509 190.93044023912282 solMass / solMass
2510 121.60581147524447 solMass / solMass
HaloMassEqualZero
2513 1366.2495771486842 solMass / solMass
2514 1171.7842262999222 solMass / solMass
IsSatellite
2516 467.6737722456645 solMass / solMass
2517 709.2501670855972 solMass / solMass
2518 101.55348488465158 solMass / solMass
2523 498.20341100086523 solMass / solMass
2524 997.1451240739771 solMass / solMass
2525 190.55909013882675 solMass / solMass
HaloMassEqualZero
2528 168.53142132211482 solMass / solMass
2529 29.169741195199585 solMass / solMass
HaloMassEqualZero
2531 419.99339353674543 solMass / solMass
2532 817.4034703248772 solMass / solMass
IsSatellite
2534 372.0763268774317 solMass / solMass
2537 784.0113686410251 solMass / solMass
2539 1.3735427436878745e+42 solMass / solMass
2540 1094.270158629751 solMass / solMass
2541 187.29907409081818 solMass / solMass
2542 161.29121939560073 solMass / solMass
2543 661.0194639831784 solMass / solMass
HaloMassEqualZero
2546 108.12494016910419 solMass / solMass
2547 564.286106940013 solMass / solMass
2548 1931.46258264223 solMass / solMass
HaloMassEqualZero
2550 885.9287695474768 solMass / solMass
2551 1.0654075187699844e+42 solMass / solMass
2552 8.054123442843377e+41 solMass / solMass
2553 402.9816502676362 solMass / solMass
2554 6.686795623264684e+41 solMass / solMass
IsSatellite
2557 342.6487695393963 solMass / solMass
2558 594.7428608863539 solMass / solMass
2559 1.087412616877965e+42 solMass / solMass
2560 5.995397381895796 solMass / solMass
2561 494.4036134042884 solMass / solMass
2562 185.36860571378983 solMass / solMass
2564 2396.9357670024215 solMass / solMass
2565 1199.599641304035 solMass / solMass
2567 269.6676983443825 solMass / solMass
HaloMassEqualZero
IsSatellite
2572 1.9560924722131675e+42 solMass / solMass
HaloMassEqualZero
2574 1451.525757387091 solMass / solMass
2575 603.7862735875178 solMass / solMass
2577 329.8663727713655 solMass / solMass
2578 113.69951563119571 solMass / solMass
HaloMassEqualZero
2581 413.7274537447143 solMass / solMass
2582 1.2205505034251624e+42 solMass / solMass
2583 2014.1199842459953 solMass / solMass
2584 7.551189161029771e+41 solMass / solMass
HaloMassEqualZero
HaloMassEqualZero
2587 475.55998897878345 solMass / solMass
2588 173.35875571476777 solMass / solMass
2594 339.5046405862031 solMass / solMass
2595 210.54402386648775 solMass / solMass
HaloMassEqualZero
2599 69.85323357451301 solMass / solMass
2601 1467.5207832056806 solMass / solMass
2603 8.971582632770463e+41 solMass / solMass
2604 331.3355739281428 solMass / solMass
2605 954.802276208416 solMass / solMass
2606 1035.1152658432425 solMass / solMass
2607 2738.7300476045402 solMass / solMass
2608 1034.091227263014 solMass / solMass
2609 872.3869798217858 solMass / solMass
2610 126.03222536943852 solMass / solMass
2612 237.11687173554512 solMass / solMass
2613 1.0070162416133034e+42 solMass / solMass
2614 134.15643222694675 solMass / solMass
2616 786.6710543455665 solMass / solMass
2617 542.8773947832831 solMass / solMass
2618 6.205683575019027e+41 solMass / solMass
IsSatellite
HaloMassEqualZero
HaloMassEqualZero
HaloMassEqualZero
2623 1874.5015721958512 solMass / solMass
2624 393.09153717354593 solMass / solMass
HaloMassEqualZero
2626 163.83039838461534 solMass / solMass
2627 203.6482762482515 solMass / solMass
2629 1015.8168454092253 solMass / solMass
2630 153.2108986374361 solMass / solMass
2631 387.8336162745233 solMass / solMass
2632 1237.0647600770237 solMass / solMass
2633 470.1813663821869 solMass / solMass
2634 40.78877982308513 solMass / solMass
2635 808.0676316946991 solMass / solMass
IsSatellite
2637 2.958189103119016e+42 solMass / solMass
2639 7.796228865631706e+41 solMass / solMass
2640 71.57937940802589 solMass / solMass
2641 123.10062425177613 solMass / solMass
2643 158.75865475131627 solMass / solMass
2644 455.6282038066385 solMass / solMass
2645 831.210415866595 solMass / solMass
2646 311.2366402189347 solMass / solMass
2647 124.35678755551244 solMass / solMass
2648 219.45818717591362 solMass / solMass
2651 344.8945043768556 solMass / solMass
2652 1189.326322452967 solMass / solMass
HaloMassEqualZero
HaloMassEqualZero
2656 743.9705992454844 solMass / solMass
HaloMassEqualZero
HaloMassEqualZero
2659 83.64657854777744 solMass / solMass
2662 2310.983339504492 solMass / solMass
HaloMassEqualZero
IsSatellite
2667 2717.2464976969804 solMass / solMass
2668 896.3850288809294 solMass / solMass
2669 647.3422761612584 solMass / solMass
HaloMassEqualZero
2672 464.0758578211559 solMass / solMass
HaloMassEqualZero
2675 1.8571267786727145e+42 solMass / solMass
2676 250.14975078665537 solMass / solMass
2677 1679.934182620412 solMass / solMass
HaloMassEqualZero
2679 197.25489106904746 solMass / solMass
2680 1433.6676466393021 solMass / solMass
2682 307.7123044487527 solMass / solMass
2683 1190.4877652663608 solMass / solMass
2684 2221.04776020268 solMass / solMass
2685 210.9763852962577 solMass / solMass
2687 263.8315602965322 solMass / solMass
HaloMassEqualZero
2689 1573.1831793219237 solMass / solMass
2690 354.2472178889206 solMass / solMass
2691 205.95993663952805 solMass / solMass
2692 78.52579016561562 solMass / solMass
2693 185.3192880234255 solMass / solMass
HaloMassEqualZero
2696 132.3547686450893 solMass / solMass
HaloMassEqualZero
2698 256.10320483475016 solMass / solMass
2699 189.86435995613147 solMass / solMass
2701 1.811122397125748e+42 solMass / solMass
2702 1.0082950797174866e+42 solMass / solMass
2703 260.61400944383723 solMass / solMass
2704 1482.9777427173183 solMass / solMass
2706 198.69630135191625 solMass / solMass
2708 1133.8475852330869 solMass / solMass
HaloMassEqualZero
2710 1.0758059128295784e+42 solMass / solMass
HaloMassEqualZero
2713 73.59254711622623 solMass / solMass
2714 110.38309340859978 solMass / solMass
2715 356.92727872470704 solMass / solMass
2716 138.61898542287076 solMass / solMass
2717 170.45899792576952 solMass / solMass
2718 496.14171384597853 solMass / solMass
2719 216.1233466372683 solMass / solMass
2720 1.8507862994543038e+42 solMass / solMass
2721 1029.9758916199332 solMass / solMass
2725 163.5901496380199 solMass / solMass
2726 117.67447951145623 solMass / solMass
2727 171.95005935704035 solMass / solMass
2729 241.10003141218164 solMass / solMass
2730 127.13543443020158 solMass / solMass
2732 1158.999339379228 solMass / solMass
2734 160.972082231823 solMass / solMass
HaloMassEqualZero
2737 126.40871568135415 solMass / solMass
2738 70.06500648303796 solMass / solMass
2739 191.56190685090704 solMass / solMass
2740 535.9753586622257 solMass / solMass
2741 386.97126490278436 solMass / solMass
HaloMassEqualZero
2743 479.9017350915148 solMass / solMass
2745 837.087084018129 solMass / solMass
HaloMassEqualZero
2748 727.9929492547773 solMass / solMass
2749 43.54516560715799 solMass / solMass
2750 288.0219465077337 solMass / solMass
2752 28.807060931337077 solMass / solMass
2753 221.75210693138445 solMass / solMass
2754 219.92463854943247 solMass / solMass
2755 112.86148733019974 solMass / solMass
2756 260.54951735437015 solMass / solMass
HaloMassEqualZero
2758 636.0544474177572 solMass / solMass
2759 303.29918245155983 solMass / solMass
2760 724.7986003055165 solMass / solMass
HaloMassEqualZero
HaloMassEqualZero
2763 315.7179661843233 solMass / solMass
2764 24.09338218961316 solMass / solMass
HaloMassEqualZero
2766 515.1747529660059 solMass / solMass
2767 1896.230222896819 solMass / solMass
2768 662.7650644443921 solMass / solMass
2769 615.6617348515659 solMass / solMass
2770 400.62465500336214 solMass / solMass
2771 814.2904839042711 solMass / solMass
2772 673.4824311120624 solMass / solMass
2773 923.774737345509 solMass / solMass
2774 453.9127461952432 solMass / solMass
2775 14.418181042636826 solMass / solMass
2776 38.57697430589354 solMass / solMass
2777 676.7876782327802 solMass / solMass
2779 325.94339403926034 solMass / solMass
HaloMassEqualZero
2782 1697.8309287654693 solMass / solMass
2783 1119.488815754517 solMass / solMass
2784 147.6163630866157 solMass / solMass
2785 1019.577909716594 solMass / solMass
2786 444.55489102666473 solMass / solMass
HaloMassEqualZero
2788 1179.7846060120244 solMass / solMass
HaloMassEqualZero
2791 894.8249311465943 solMass / solMass
HaloMassEqualZero
2793 8.611525656706634e+41 solMass / solMass
2794 370.02747000643296 solMass / solMass
2795 1087.470082128489 solMass / solMass
2796 1007.7316619914179 solMass / solMass
2797 1370.2319909685286 solMass / solMass
2798 51.13576025418853 solMass / solMass
2799 398.2278899312769 solMass / solMass
2800 1124.2954694906675 solMass / solMass
HaloMassEqualZero
2803 164.9335207499821 solMass / solMass
2804 2212.7984286559986 solMass / solMass
2805 952.8611390010674 solMass / solMass
HaloMassEqualZero
2807 7.753710134503183e+41 solMass / solMass
2808 582.1094575247762 solMass / solMass
2810 359.0847166474682 solMass / solMass
2811 183.54886808371703 solMass / solMass
2812 591.3764317922328 solMass / solMass
2813 180.65519557374836 solMass / solMass
HaloMassEqualZero
2815 759.4453957139942 solMass / solMass
HaloMassEqualZero
2817 120.9643382393733 solMass / solMass
2818 950.6172718696936 solMass / solMass
2820 1168.0436728350487 solMass / solMass
2821 611.8950481725242 solMass / solMass
2822 103.71598983257077 solMass / solMass
HaloMassEqualZero
2824 8.342297809487665 solMass / solMass
IsSatellite
2826 313.9696199739611 solMass / solMass
2827 1204.650514737529 solMass / solMass
2828 382.4812515836528 solMass / solMass
2829 1257.8622828356654 solMass / solMass
2830 36.532749036173904 solMass / solMass
2832 172.415757880921 solMass / solMass
2833 1607.1080988257982 solMass / solMass
2836 967.0592808447902 solMass / solMass
IsSatellite
HaloMassEqualZero
HaloMassEqualZero
2841 976.6148116490018 solMass / solMass
2842 467.5725439450264 solMass / solMass
HaloMassEqualZero
2844 888.4748859983789 solMass / solMass
2845 99.50264581486331 solMass / solMass
2847 1064.5163017459588 solMass / solMass
2848 1352.4640992734176 solMass / solMass
2849 1176.9264121236242 solMass / solMass
2850 339.63749287562086 solMass / solMass
2853 108.73955030513686 solMass / solMass
2854 6.075402264939855e+41 solMass / solMass
2855 1416.2443424303372 solMass / solMass
HaloMassEqualZero
2857 234.76760926079908 solMass / solMass
2858 315.27217121588376 solMass / solMass
HaloMassEqualZero
2860 778.8918339118492 solMass / solMass
2861 1181.1466808923465 solMass / solMass
2862 251.33251053594026 solMass / solMass
2863 362.1396986756581 solMass / solMass
HaloMassEqualZero
HaloMassEqualZero
HaloMassEqualZero
HaloMassEqualZero
2868 39.483516980218134 solMass / solMass
2869 1095.934150778833 solMass / solMass
2870 1409.8210161831475 solMass / solMass
2871 5.295791086429318e+41 solMass / solMass
2872 878.5960896675714 solMass / solMass
2873 74.9734418157925 solMass / solMass
2874 348.2939232141685 solMass / solMass
2875 805.3330442009806 solMass / solMass
2876 1498.4816419802842 solMass / solMass
2877 712.3985609603371 solMass / solMass
IsSatellite
HaloMassEqualZero
2882 1260.263346242083 solMass / solMass
HaloMassEqualZero
2884 2113.4359376577722 solMass / solMass
2885 1469.836183554894 solMass / solMass
2887 312.8187629991744 solMass / solMass
2888 173.91055643879108 solMass / solMass
2889 582.1403039141225 solMass / solMass
2891 37.14328894803081 solMass / solMass
2892 1072.5014299191887 solMass / solMass
2893 1642.9264860422713 solMass / solMass
2894 27.118688323670582 solMass / solMass
HaloMassEqualZero
2896 733.2936222786238 solMass / solMass
HaloMassEqualZero
2898 406.30765015683534 solMass / solMass
2899 358.2782569746097 solMass / solMass
2900 212.2502905538099 solMass / solMass
HaloMassEqualZero
HaloMassEqualZero
HaloMassEqualZero
2904 250.8836679989523 solMass / solMass
2905 1.5378967392408255e+42 solMass / solMass
HaloMassEqualZero
HaloMassEqualZero
2909 328.55706979218866 solMass / solMass
2910 1349.7264097390773 solMass / solMass
2911 475.5916765629726 solMass / solMass
2912 146.23629525712897 solMass / solMass
HaloMassEqualZero
2915 50.471976958136736 solMass / solMass
2916 199.658283121059 solMass / solMass
2919 130.8175239530931 solMass / solMass
2920 63.63100741310821 solMass / solMass
2922 1095.1819866845226 solMass / solMass
HaloMassEqualZero
IsSatellite
2925 332.04756628286646 solMass / solMass
HaloMassEqualZero
2927 1.646633658179354e+42 solMass / solMass
2928 262.49723295155894 solMass / solMass
2929 798.7067395429399 solMass / solMass
2930 926.2377691934716 solMass / solMass
2931 2204.8519741065916 solMass / solMass
2932 750.1595522728566 solMass / solMass
2934 1072.8316394825786 solMass / solMass
HaloMassEqualZero
2936 621.6736251212093 solMass / solMass
2937 110.83969259777736 solMass / solMass
HaloMassEqualZero
HaloMassEqualZero
2941 299.463200375943 solMass / solMass
HaloMassEqualZero
2943 901.8319008422699 solMass / solMass
2944 349.5975364377208 solMass / solMass
2945 319.07363601149035 solMass / solMass
2947 398.6757925547109 solMass / solMass
2948 799.9872376796575 solMass / solMass
HaloMassEqualZero
2950 148.09378334118227 solMass / solMass
HaloMassEqualZero
2952 5.179924532847133 solMass / solMass
2953 194.98744450856375 solMass / solMass
2954 1.090750180159501e+42 solMass / solMass
2955 1589.301088880592 solMass / solMass
HaloMassEqualZero
HaloMassEqualZero
HaloMassEqualZero
2962 343.3626560062055 solMass / solMass
2963 209.96936294441852 solMass / solMass
2964 743.9665318801194 solMass / solMass
2966 560.1306029978623 solMass / solMass
HaloMassEqualZero
HaloMassEqualZero
2970 708.2849143068296 solMass / solMass
2971 1281.891615410455 solMass / solMass
2972 1002.0523734790081 solMass / solMass
HaloMassEqualZero
2975 631.4899165396004 solMass / solMass
2976 525.6085388887003 solMass / solMass
2977 380.2463690788009 solMass / solMass
2979 191.06349431013467 solMass / solMass
2980 457.9370354987629 solMass / solMass
2981 1.25911846355265e+42 solMass / solMass
2982 662.437624312205 solMass / solMass
2983 1066.9247572950317 solMass / solMass
2985 8.177059637782906e+41 solMass / solMass
HaloMassEqualZero
2987 1832.9433183894882 solMass / solMass
2988 229.5812127723633 solMass / solMass
2989 584.0188164792966 solMass / solMass
2991 1542.5092560859562 solMass / solMass
IsSatellite
HaloMassEqualZero
2994 491.9505624675575 solMass / solMass
2996 956.5101375181579 solMass / solMass
HaloMassEqualZero
123AllDone123
