yt : [INFO     ] 2017-07-21 12:14:36,552 Parameters: current_time              = 2.98248939056e+16
yt : [INFO     ] 2017-07-21 12:14:36,552 Parameters: domain_dimensions         = [2 2 2]
yt : [INFO     ] 2017-07-21 12:14:36,553 Parameters: domain_left_edge          = [ 0.  0.  0.]
yt : [INFO     ] 2017-07-21 12:14:36,553 Parameters: domain_right_edge         = [  1.90744739e+25   1.90744739e+25   1.90744739e+25]
yt : [INFO     ] 2017-07-21 12:14:36,554 Parameters: cosmological_simulation   = 1
yt : [INFO     ] 2017-07-21 12:14:36,554 Parameters: current_redshift          = 5.99999984663
yt : [INFO     ] 2017-07-21 12:14:36,554 Parameters: omega_lambda              = 0.712
yt : [INFO     ] 2017-07-21 12:14:36,554 Parameters: omega_matter              = 0.288
yt : [INFO     ] 2017-07-21 12:14:36,554 Parameters: hubble_constant           = 0.6933
yt : [INFO     ] 2017-07-21 12:14:36,806 Parameters: current_time              = 125.48444577791
yt : [INFO     ] 2017-07-21 12:14:36,806 Parameters: domain_dimensions         = [128 128 128]
yt : [INFO     ] 2017-07-21 12:14:36,807 Parameters: domain_left_edge          = [ 0.  0.  0.]
yt : [INFO     ] 2017-07-21 12:14:36,808 Parameters: domain_right_edge         = [ 1.  1.  1.]
yt : [INFO     ] 2017-07-21 12:14:36,808 Parameters: cosmological_simulation   = 1
yt : [INFO     ] 2017-07-21 12:14:36,808 Parameters: current_redshift          = 5.9999998466326
yt : [INFO     ] 2017-07-21 12:14:36,808 Parameters: omega_lambda              = 0.712
yt : [INFO     ] 2017-07-21 12:14:36,808 Parameters: omega_matter              = 0.288
yt : [INFO     ] 2017-07-21 12:14:36,808 Parameters: hubble_constant           = 0.6933
yt : [INFO     ] 2017-07-21 12:14:36,811 Allocating for 4.425e+03 particles (index particle type 'all')
yt : [INFO     ] 2017-07-21 12:14:36,817 Identified 1.665e+03 octs
OutOfBounds
OutOfBounds
OutOfBounds
OutOfBounds
OutOfBounds
Parsing Hierarchy :   0%|          | 0/19448 [00:00<?, ?it/s]Parsing Hierarchy :   8%|▊         | 1547/19448 [00:00<00:01, 15465.85it/s]Parsing Hierarchy :  19%|█▉        | 3697/19448 [00:00<00:00, 17275.30it/s]Parsing Hierarchy :  24%|██▍       | 4667/19448 [00:00<00:00, 14852.55it/s]Parsing Hierarchy :  35%|███▍      | 6727/19448 [00:00<00:00, 16576.03it/s]Parsing Hierarchy :  45%|████▌     | 8802/19448 [00:00<00:00, 17827.04it/s]Parsing Hierarchy :  56%|█████▌    | 10901/19448 [00:00<00:00, 18775.86it/s]Parsing Hierarchy :  67%|██████▋   | 12957/19448 [00:00<00:00, 19309.19it/s]Parsing Hierarchy :  76%|███████▌  | 14761/19448 [00:00<00:00, 16869.48it/s]Parsing Hierarchy :  87%|████████▋ | 16878/19448 [00:00<00:00, 18151.71it/s]Parsing Hierarchy :  98%|█████████▊| 19023/19448 [00:01<00:00, 19139.14it/s]Parsing Hierarchy : 100%|██████████| 19448/19448 [00:01<00:00, 17872.30it/s]
yt : [INFO     ] 2017-07-21 12:14:41,916 Gathering a field list (this may take a moment.)
[5, 4424, 26505359539.391415, 20.24689108434568, 40709094533.22408, 15.413939257718729]
[6, 4423, 23196508257.318954, 16.16842699814313, 32518882602.28653, 14.30194269855843]
OutOfBounds
OutOfBounds
[9, 4422, 19145453568.47881, 20.544818788045426, 27684087098.46945, 13.554803660759065]
OutOfBounds
OutOfBounds
[12, 4419, 10597537245.15117, 12.48502808289222, 14114982725.08615, 10.82870724333181]
[13, 4418, 10550865409.886139, 13.312568326399976, 15127785835.704628, 11.081748377158023]
[14, 4417, 9837453070.770288, 16.058684778100375, 13088763301.66598, 10.559646187987912]
[15, 4416, 9782901575.005735, 14.694390436116025, 13880076256.932713, 10.768299174586605]
OutOfBounds
OutOfBounds
OutOfBounds
OutOfBounds
[20, 4415, 7671455624.738908, 10.593211196851259, 10191846884.957026, 9.714805853025686]
OutOfBounds
[22, 4412, 6421014116.142073, 12.423621477678134, 8827736257.30592, 9.260468215217447]
OutOfBounds
OutOfBounds
OutOfBounds
[26, 4409, 4562929557.374733, 14.668689900778523, 5861036483.482794, 8.078696704571106]
OutOfBounds
[28, 4407, 4315023315.396579, 12.385729840761103, 5587055492.845707, 7.950799906729787]
OutOfBounds
OutOfBounds
OutOfBounds
[32, 4405, 3660405366.2554803, 10.049092279080991, 4317001827.087056, 7.295872566686653]
[33, 4404, 3614642722.5788846, 9.644093327968125, 5978020290.6637125, 8.132092136810083]
OutOfBounds
[35, 4403, 3538573692.361902, 10.457124030207355, 4779572389.402657, 7.547668954966348]
OutOfBounds
[37, 4402, 3284000045.3411617, 9.103969743213979, 3722897110.0783877, 6.9445403698400545]
OutOfBounds
OutOfBounds
[40, 4400, 3211264717.732117, 9.435635002168842, 4268935083.539732, 7.2686933253278]
[41, 4399, 3115193472.3901277, 13.491485136578383, 3517580156.434891, 6.814455552518007]
[42, 4398, 3051550060.6759872, 7.521057119554432, 3692168610.417088, 6.925380996263757]
OutOfBounds
OutOfBounds
[45, 4397, 2774549687.7144175, 8.511262244067666, 3134202161.276486, 6.557306707195312]
[46, 4396, 2742121854.049195, 9.877603360720148, 3031370138.495852, 6.484793508824229]
OutOfBounds
OutOfBounds
OutOfBounds
[50, 4395, 2626654521.372133, 9.122242603557758, 2990914125.7110415, 6.455815995701238]
[51, 4394, 2619380988.6167545, 7.759427790782981, 3180120391.2009406, 6.589174607819438]
[52, 4393, 2514217827.2903214, 9.53935421188693, 3209135172.3955517, 6.60915340584969]
OutOfBounds
OutOfBounds
OutOfBounds
OutOfBounds
OutOfBounds
OutOfBounds
OutOfBounds
OutOfBounds
[61, 4390, 2318135506.3619184, 10.658327879003684, 2474339121.020806, 6.060422513481866]
[62, 4389, 2126599143.4815493, 8.932086930738967, 2475669988.0265455, 6.061508887165704]
[63, 4388, 2090837607.3300683, 6.329289386718463, 2361551859.4436994, 5.966903184945253]
[64, 4386, 2015071641.0080743, 8.03502907245941, 2372999489.086752, 5.976529174617716]
[65, 4385, 1984765254.433179, 9.581612790989906, 2055087024.5707355, 5.696742221838454]
OutOfBounds
OutOfBounds
[68, 4384, 1844749748.6601572, 10.668314882154046, 2208386036.470312, 5.835008501141129]
[69, 4383, 1838385407.4742258, 8.174782710407863, 2238650198.184939, 5.861542365198407]
OutOfBounds
[71, 4382, 1800502424.2977054, 8.432650955769978, 2098848189.7195923, 5.736894164420931]
[72, 4381, 1792622763.8010945, 6.337047504645906, 2225388066.9138136, 5.849944519376217]
OutOfBounds
OutOfBounds
[75, 4380, 1714735350.4085002, 7.251947436438372, 2136640875.0697885, 5.7711231227958075]
[76, 4379, 1710795520.1600354, 8.661719690980988, 1748132276.376285, 5.397689845327913]
[77, 4378, 1706855689.8954244, 8.145160400442542, 2148742108.60079, 5.781997868100735]
OutOfBounds
[79, 4377, 1690490241.1622558, 5.351753635030943, 1849039229.4789066, 5.499609718347011]
[80, 4376, 1621997807.5952487, 7.944265252787995, 1812817759.063848, 5.463461386173635]
OutOfBounds
[82, 4373, 1600177209.291061, 7.600932088810846, 1898341770.9473534, 5.5480618884700235]
OutOfBounds
[84, 4372, 1580781121.892404, 8.260847970053812, 2068424617.210171, 5.709039680698916]
[85, 4371, 1575325972.3237967, 8.77087185296452, 1673243424.9779167, 5.31948438031204]
[86, 4370, 1556536012.6705258, 7.122677934620351, 1639653127.7227592, 5.283647342614659]
[87, 4369, 1545625713.4976742, 12.664698039868224, 1829780063.840644, 5.480448816761245]
OutOfBounds
[89, 4367, 1542292011.002309, 6.2422000725647475, 2019677946.1629508, 5.663834267032716]
OutOfBounds
[91, 4365, 1530169456.386868, 7.415839307564672, 1672337586.0425813, 5.3185242757629165]
[92, 4364, 1508348858.0550444, 7.393730934194276, 1837942861.2790568, 5.488586303790602]
OutOfBounds
[94, 4363, 1469556683.2909787, 6.95888017077897, 1741648195.3453095, 5.391007967297811]
[95, 4362, 1468344427.8240602, 7.027316656727817, 1580402017.3986242, 5.219221007705327]
OutOfBounds
OutOfBounds
OutOfBounds
[99, 4360, 1432279827.8661635, 7.669547423136542, 1646044334.049993, 5.290503487694216]
OutOfBounds
[101, 4358, 1394699908.5484567, 5.2673928762087066, 1488322686.3174734, 5.115823228751624]
OutOfBounds
OutOfBounds
OutOfBounds
[105, 4356, 1291961258.170806, 6.617105087715153, 1278765795.0227697, 4.863476622245125]
OutOfBounds
[107, 4355, 1285596916.959943, 9.719084904373718, 1676319690.673411, 5.322742349990038]
[108, 4354, 1274686617.8602438, 6.296760270357894, 1673706125.6074345, 5.319974666003725]
[109, 4353, 1252866019.5287118, 7.205275224443859, 1343296789.3243976, 4.943947168641528]
[110, 4352, 1207103375.8792126, 8.481281191896073, 1265057650.0158434, 4.846035612708472]
[111, 4351, 1193465501.9332309, 5.642784815686721, 1357566426.019735, 4.961391808414623]
OutOfBounds
[113, 4350, 1146187538.937114, 6.482315920512546, 1250847705.9128585, 4.827822648249839]
[114, 4349, 1137701750.6982563, 7.000163803800127, 1392514361.2661073, 5.003605446381466]
OutOfBounds
