yt : [INFO     ] 2017-07-24 14:44:26,450 Parameters: current_time              = 2.98248939056e+16
yt : [INFO     ] 2017-07-24 14:44:26,450 Parameters: domain_dimensions         = [2 2 2]
yt : [INFO     ] 2017-07-24 14:44:26,451 Parameters: domain_left_edge          = [ 0.  0.  0.]
yt : [INFO     ] 2017-07-24 14:44:26,451 Parameters: domain_right_edge         = [  1.90744739e+25   1.90744739e+25   1.90744739e+25]
yt : [INFO     ] 2017-07-24 14:44:26,452 Parameters: cosmological_simulation   = 1
yt : [INFO     ] 2017-07-24 14:44:26,452 Parameters: current_redshift          = 5.99999984663
yt : [INFO     ] 2017-07-24 14:44:26,452 Parameters: omega_lambda              = 0.712
yt : [INFO     ] 2017-07-24 14:44:26,452 Parameters: omega_matter              = 0.288
yt : [INFO     ] 2017-07-24 14:44:26,452 Parameters: hubble_constant           = 0.6933
yt : [INFO     ] 2017-07-24 14:44:26,598 Parameters: current_time              = 125.48444577791
yt : [INFO     ] 2017-07-24 14:44:26,598 Parameters: domain_dimensions         = [128 128 128]
yt : [INFO     ] 2017-07-24 14:44:26,598 Parameters: domain_left_edge          = [ 0.  0.  0.]
yt : [INFO     ] 2017-07-24 14:44:26,599 Parameters: domain_right_edge         = [ 1.  1.  1.]
yt : [INFO     ] 2017-07-24 14:44:26,599 Parameters: cosmological_simulation   = 1
yt : [INFO     ] 2017-07-24 14:44:26,599 Parameters: current_redshift          = 5.9999998466326
yt : [INFO     ] 2017-07-24 14:44:26,600 Parameters: omega_lambda              = 0.712
yt : [INFO     ] 2017-07-24 14:44:26,600 Parameters: omega_matter              = 0.288
yt : [INFO     ] 2017-07-24 14:44:26,600 Parameters: hubble_constant           = 0.6933
yt : [INFO     ] 2017-07-24 14:44:26,603 Allocating for 4.425e+03 particles (index particle type 'all')
yt : [INFO     ] 2017-07-24 14:44:26,609 Identified 1.665e+03 octs
IsSatellite
IsSatellite
IsSatellite
IsSatellite
IsSatellite
Parsing Hierarchy :   0%|          | 0/19448 [00:00<?, ?it/s]Parsing Hierarchy :   6%|▋         | 1247/19448 [00:00<00:01, 12421.03it/s]Parsing Hierarchy :  16%|█▋        | 3202/19448 [00:00<00:01, 14558.99it/s]Parsing Hierarchy :  26%|██▋       | 5125/19448 [00:00<00:00, 15958.34it/s]Parsing Hierarchy :  36%|███▋      | 7054/19448 [00:00<00:00, 16957.51it/s]Parsing Hierarchy :  46%|████▌     | 8888/19448 [00:00<00:00, 15240.20it/s]Parsing Hierarchy :  56%|█████▌    | 10825/19448 [00:00<00:00, 16478.47it/s]Parsing Hierarchy :  66%|██████▌   | 12764/19448 [00:00<00:00, 17350.44it/s]Parsing Hierarchy :  76%|███████▌  | 14701/19448 [00:00<00:00, 17954.72it/s]Parsing Hierarchy :  85%|████████▌ | 16627/19448 [00:00<00:00, 18345.50it/s]Parsing Hierarchy :  95%|█████████▍| 18412/19448 [00:01<00:00, 15924.56it/s]Parsing Hierarchy : 100%|██████████| 19448/19448 [00:01<00:00, 16324.30it/s]
yt : [INFO     ] 2017-07-24 14:44:32,012 Gathering a field list (this may take a moment.)
14 
 1758758012.7303882 486837012.80261785
0.1343715958639521 0.03719503528195454
[14, 4417, <Quantity 3044.1723454285884 kpc>, <Quantity 2898.3065141759885 kpc>, <Quantity 2907.3117370761674 kpc>, <Quantity 13088763301.66598 solMass>, <Quantity 9837453070.770288 solMass>, <Quantity 10.559646187987912 kpc>, <Quantity 16.058684778100375 kpc>, -1, <Quantity 1758758012.7303882 solMass>, <Quantity 486837012.80261785 solMass>, 0, 0, 0] 

IsSatellite
IsSatellite
22 
 1714199413.5263715 139437680.23815188
0.1941833516047428 0.015795406225775254
[22, 4412, <Quantity 2992.473304334664 kpc>, <Quantity 2895.125165720968 kpc>, <Quantity 2905.90317129301 kpc>, <Quantity 8827736257.30592 solMass>, <Quantity 6421014116.142073 solMass>, <Quantity 9.260468215217447 kpc>, <Quantity 12.423621477678134 kpc>, -1, <Quantity 1714199413.5263715 solMass>, <Quantity 139437680.23815188 solMass>, 0, 0, 0] 

26 
 821227846.1154594 41054517.53356834
0.14011648766046625 0.007004651421171939
[26, 4409, <Quantity 3006.5115759772048 kpc>, <Quantity 2881.875769377835 kpc>, <Quantity 2903.4582117676673 kpc>, <Quantity 5861036483.482794 solMass>, <Quantity 4562929557.374733 solMass>, <Quantity 8.078696704571106 kpc>, <Quantity 14.668689900778523 kpc>, -1, <Quantity 821227846.1154594 solMass>, <Quantity 41054517.53356834 solMass>, 0, 0, 0] 

IsSatellite
IsSatellite
IsSatellite
35 
 681054809.7470434 98468818.53713664
0.14249283288544576 0.02060201426292094
[35, 4403, <Quantity 3137.2760568806016 kpc>, <Quantity 2909.102093496278 kpc>, <Quantity 2878.2327584947866 kpc>, <Quantity 4779572389.402657 solMass>, <Quantity 3538573692.361902 solMass>, <Quantity 7.547668954966348 kpc>, <Quantity 10.457124030207355 kpc>, -1, <Quantity 681054809.7470434 solMass>, <Quantity 98468818.53713664 solMass>, 0, 0, 0] 

IsSatellite
40 
 307137609.09583515 122290039.07135169
0.07194712570826015 0.028646497704516688
[40, 4400, <Quantity 3242.590539921069 kpc>, <Quantity 2965.6804079503795 kpc>, <Quantity 3525.10033457877 kpc>, <Quantity 4268935083.539732 solMass>, <Quantity 3211264717.732117 solMass>, <Quantity 7.2686933253278 kpc>, <Quantity 9.435635002168842 kpc>, -1, <Quantity 307137609.09583515 solMass>, <Quantity 122290039.07135169 solMass>, 0, 0, 0] 

IsSatellite
42 
 499223188.15896493 69241775.18462588
0.13521137327002244 0.018753687193284473
[42, 4398, <Quantity 3043.120575006719 kpc>, <Quantity 3382.648669979381 kpc>, <Quantity 2519.8597690429183 kpc>, <Quantity 3692168610.417088 solMass>, <Quantity 3051550060.6759872 solMass>, <Quantity 6.925380996263757 kpc>, <Quantity 7.521057119554432 kpc>, -1, <Quantity 499223188.15896493 solMass>, <Quantity 69241775.18462588 solMass>, 0, 0, 0] 

45 
 447475494.5867717 142649672.4590287
0.14277173952446182 0.045513870873259456
[45, 4397, <Quantity 3157.6858921641533 kpc>, <Quantity 2907.8724954843324 kpc>, <Quantity 2876.226767601835 kpc>, <Quantity 3134202161.276486 solMass>, <Quantity 2774549687.7144175 solMass>, <Quantity 6.557306707195312 kpc>, <Quantity 8.511262244067666 kpc>, -1, <Quantity 447475494.5867717 solMass>, <Quantity 142649672.4590287 solMass>, 0, 0, 0] 

46 
 393266113.3277922 25350154.17760179
0.1297321327849883 0.008362606022826492
[46, 4396, <Quantity 3096.7227614849917 kpc>, <Quantity 3199.6118691477736 kpc>, <Quantity 3124.0408790958218 kpc>, <Quantity 3031370138.495852 solMass>, <Quantity 2742121854.049195 solMass>, <Quantity 6.484793508824229 kpc>, <Quantity 9.877603360720148 kpc>, -1, <Quantity 393266113.3277922 solMass>, <Quantity 25350154.17760179 solMass>, 0, 0, 0] 

50 
 361786665.0667576 31867516.95689182
0.1209619032377764 0.010654774967608216
[50, 4395, <Quantity 3226.2700282811943 kpc>, <Quantity 2839.4376756465413 kpc>, <Quantity 3029.2891081038897 kpc>, <Quantity 2990914125.7110415 solMass>, <Quantity 2626654521.372133 solMass>, <Quantity 6.455815995701238 kpc>, <Quantity 9.122242603557758 kpc>, -1, <Quantity 361786665.0667576 solMass>, <Quantity 31867516.95689182 solMass>, 0, 0, 0] 

51 
 234288630.94305912 43151237.35958135
0.07367288093598946 0.013569057787553043
[51, 4394, <Quantity 3057.6695104766395 kpc>, <Quantity 3321.618902189242 kpc>, <Quantity 3058.103657730814 kpc>, <Quantity 3180120391.2009406 solMass>, <Quantity 2619380988.6167545 solMass>, <Quantity 6.589174607819438 kpc>, <Quantity 7.759427790782981 kpc>, -1, <Quantity 234288630.94305912 solMass>, <Quantity 43151237.35958135 solMass>, 0, 0, 0] 

52 
 345472119.1354356 83786842.72192547
0.10765271656586155 0.026108854323945586
[52, 4393, <Quantity 3289.891769042483 kpc>, <Quantity 2852.969096481966 kpc>, <Quantity 3015.156145787774 kpc>, <Quantity 3209135172.3955517 solMass>, <Quantity 2514217827.2903214 solMass>, <Quantity 6.60915340584969 kpc>, <Quantity 9.53935421188693 kpc>, -1, <Quantity 345472119.1354356 solMass>, <Quantity 83786842.72192547 solMass>, 0, 0, 0] 

61 
 465054057.34920293 173811385.96991903
0.18795081619909143 0.07024557971593316
[61, 4390, <Quantity 3020.719457804781 kpc>, <Quantity 3180.66108241142 kpc>, <Quantity 3130.592899515307 kpc>, <Quantity 2474339121.020806 solMass>, <Quantity 2318135506.3619184 solMass>, <Quantity 6.060422513481866 kpc>, <Quantity 10.658327879003684 kpc>, -1, <Quantity 465054057.34920293 solMass>, <Quantity 173811385.96991903 solMass>, 0, 0, 0] 

62 
 362907843.70994604 15201827.449079966
0.14658974962944646 0.00614049026025393
[62, 4389, <Quantity 2890.5795747106554 kpc>, <Quantity 2692.886417375742 kpc>, <Quantity 2676.9185789930693 kpc>, <Quantity 2475669988.0265455 solMass>, <Quantity 2126599143.4815493 solMass>, <Quantity 6.061508887165704 kpc>, <Quantity 8.932086930738967 kpc>, -1, <Quantity 362907843.70994604 solMass>, <Quantity 15201827.449079966 solMass>, 0, 0, 0] 

63 
 296483932.36133623 40797489.55475545
0.12554622977078203 0.01727571189750029
[63, 4388, <Quantity 3117.1809570332043 kpc>, <Quantity 3370.330146973385 kpc>, <Quantity 2537.7038253492074 kpc>, <Quantity 2361551859.4436994 solMass>, <Quantity 2090837607.3300683 solMass>, <Quantity 5.966903184945253 kpc>, <Quantity 6.329289386718463 kpc>, -1, <Quantity 296483932.36133623 solMass>, <Quantity 40797489.55475545 solMass>, 0, 0, 0] 

64 
 67049062.12034395 61626081.9932568
0.028254983799489885 0.025969698803843224
[64, 4386, <Quantity 2918.6946356146796 kpc>, <Quantity 2662.145129369547 kpc>, <Quantity 2665.4731134021044 kpc>, <Quantity 2372999489.086752 solMass>, <Quantity 2015071641.0080743 solMass>, <Quantity 5.976529174617716 kpc>, <Quantity 8.03502907245941 kpc>, -1, <Quantity 67049062.12034395 solMass>, <Quantity 61626081.9932568 solMass>, 0, 0, 0] 

65 
 248189924.3214775 97210051.44033426
0.1207685715271932 0.04730215814614439
[65, 4385, <Quantity 2991.1860696238755 kpc>, <Quantity 3217.2215402411593 kpc>, <Quantity 3197.537912344397 kpc>, <Quantity 2055087024.5707355 solMass>, <Quantity 1984765254.433179 solMass>, <Quantity 5.696742221838454 kpc>, <Quantity 9.581612790989906 kpc>, -1, <Quantity 248189924.3214775 solMass>, <Quantity 97210051.44033426 solMass>, 0, 0, 0] 

68 
 170753289.41193205 41758169.09893098
0.07732039896649995 0.018908908320065962
[68, 4384, <Quantity 2962.70814177484 kpc>, <Quantity 2737.061380873671 kpc>, <Quantity 2707.2426697936644 kpc>, <Quantity 2208386036.470312 solMass>, <Quantity 1844749748.6601572 solMass>, <Quantity 5.835008501141129 kpc>, <Quantity 10.668314882154046 kpc>, -1, <Quantity 170753289.41193205 solMass>, <Quantity 41758169.09893098 solMass>, 0, 0, 0] 

69 
 180768048.05752322 59632077.25237704
0.08074867980897016 0.026637514561553992
[69, 4383, <Quantity 3102.8333852178916 kpc>, <Quantity 3135.6837454780593 kpc>, <Quantity 3137.705248671996 kpc>, <Quantity 2238650198.184939 solMass>, <Quantity 1838385407.4742258 solMass>, <Quantity 5.861542365198407 kpc>, <Quantity 8.174782710407863 kpc>, -1, <Quantity 180768048.05752322 solMass>, <Quantity 59632077.25237704 solMass>, 0, 0, 0] 

71 
 197165117.85511845 15803974.42534588
0.09393967549480549 0.007529832077782292
[71, 4382, <Quantity 3186.988591282212 kpc>, <Quantity 2991.2256334020917 kpc>, <Quantity 2988.9073281786004 kpc>, <Quantity 2098848189.7195923 solMass>, <Quantity 1800502424.2977054 solMass>, <Quantity 5.736894164420931 kpc>, <Quantity 8.432650955769978 kpc>, -1, <Quantity 197165117.85511845 solMass>, <Quantity 15803974.42534588 solMass>, 0, 0, 0] 

72 
 178733995.8916022 18517655.420206223
0.08031587773339324 0.00832109046306097
[72, 4381, <Quantity 3096.7677850863624 kpc>, <Quantity 2852.4383812195383 kpc>, <Quantity 2982.3187487085856 kpc>, <Quantity 2225388066.9138136 solMass>, <Quantity 1792622763.8010945 solMass>, <Quantity 5.849944519376217 kpc>, <Quantity 6.337047504645906 kpc>, -1, <Quantity 178733995.8916022 solMass>, <Quantity 18517655.420206223 solMass>, 0, 0, 0] 

75 
 177612848.59539264 38615053.40497329
0.08312714161175604 0.018072786051943342
[75, 4380, <Quantity 3060.839902409413 kpc>, <Quantity 3326.193275731988 kpc>, <Quantity 2642.808709306212 kpc>, <Quantity 2136640875.0697885 solMass>, <Quantity 1714735350.4085002 solMass>, <Quantity 5.7711231227958075 kpc>, <Quantity 7.251947436438372 kpc>, -1, <Quantity 177612848.59539264 solMass>, <Quantity 38615053.40497329 solMass>, 0, 0, 0] 

76 
 262803389.8631691 36278958.37173804
0.15033381250069702 0.020752982404135305
[76, 4379, <Quantity 3192.996274512235 kpc>, <Quantity 2918.553483680688 kpc>, <Quantity 2872.4459304740953 kpc>, <Quantity 1748132276.376285 solMass>, <Quantity 1710795520.1600354 solMass>, <Quantity 5.397689845327913 kpc>, <Quantity 8.661719690980988 kpc>, -1, <Quantity 262803389.8631691 solMass>, <Quantity 36278958.37173804 solMass>, 0, 0, 0] 

77 
 540277564.690944 29824788.774581276
0.251438998904694 0.013880115559331814
[77, 4378, <Quantity 3064.551165428584 kpc>, <Quantity 3162.7713639150325 kpc>, <Quantity 3122.8786601901215 kpc>, <Quantity 2148742108.60079 solMass>, <Quantity 1706855689.8954244 solMass>, <Quantity 5.781997868100735 kpc>, <Quantity 8.145160400442542 kpc>, -1, <Quantity 540277564.690944 solMass>, <Quantity 29824788.774581276 solMass>, 0, 0, 0] 

79 
 305832833.5505523 13241074.234862883
0.1654009437305133 0.0071610564144679945
[79, 4377, <Quantity 2792.238184960866 kpc>, <Quantity 3294.7475300148917 kpc>, <Quantity 3133.858737507504 kpc>, <Quantity 1849039229.4789066 solMass>, <Quantity 1690490241.1622558 solMass>, <Quantity 5.499609718347011 kpc>, <Quantity 5.351753635030943 kpc>, -1, <Quantity 305832833.5505523 solMass>, <Quantity 13241074.234862883 solMass>, 0, 0, 0] 

80 
 285454990.86319387 33897955.94207756
0.15746480275579652 0.018699042290705882
[80, 4376, <Quantity 3058.1638597554943 kpc>, <Quantity 3383.4090165072507 kpc>, <Quantity 2531.9109472750333 kpc>, <Quantity 1812817759.063848 solMass>, <Quantity 1621997807.5952487 solMass>, <Quantity 5.463461386173635 kpc>, <Quantity 7.944265252787995 kpc>, -1, <Quantity 285454990.86319387 solMass>, <Quantity 33897955.94207756 solMass>, 0, 0, 0] 

82 
 191902493.65619743 32539290.75611258
0.1010895385610305 0.01714090226222757
[82, 4373, <Quantity 3234.3769070455037 kpc>, <Quantity 2686.8340982127875 kpc>, <Quantity 3235.642007115099 kpc>, <Quantity 1898341770.9473534 solMass>, <Quantity 1600177209.291061 solMass>, <Quantity 5.5480618884700235 kpc>, <Quantity 7.600932088810846 kpc>, -1, <Quantity 191902493.65619743 solMass>, <Quantity 32539290.75611258 solMass>, 0, 0, 0] 

84 
 317074324.1082155 20107829.772577293
0.15329266605610015 0.009721325885058422
[84, 4372, <Quantity 3133.091123261716 kpc>, <Quantity 3237.7644205861343 kpc>, <Quantity 2880.4836944690337 kpc>, <Quantity 2068424617.210171 solMass>, <Quantity 1580781121.892404 solMass>, <Quantity 5.709039680698916 kpc>, <Quantity 8.260847970053812 kpc>, -1, <Quantity 317074324.1082155 solMass>, <Quantity 20107829.772577293 solMass>, 0, 0, 0] 

85 
 248064914.45493022 18291451.499946166
0.1482539305111593 0.010931733677774693
[85, 4371, <Quantity 3002.6614318877846 kpc>, <Quantity 2874.302350866324 kpc>, <Quantity 2910.739326178462 kpc>, <Quantity 1673243424.9779167 solMass>, <Quantity 1575325972.3237967 solMass>, <Quantity 5.31948438031204 kpc>, <Quantity 8.77087185296452 kpc>, -1, <Quantity 248064914.45493022 solMass>, <Quantity 18291451.499946166 solMass>, 0, 0, 0] 

86 
 261602617.97065803 85130385.37851585
0.15954753694397925 0.0519197529887005
[86, 4370, <Quantity 2928.104385882612 kpc>, <Quantity 3417.989822753381 kpc>, <Quantity 3027.246127320434 kpc>, <Quantity 1639653127.7227592 solMass>, <Quantity 1556536012.6705258 solMass>, <Quantity 5.283647342614659 kpc>, <Quantity 7.122677934620351 kpc>, -1, <Quantity 261602617.97065803 solMass>, <Quantity 85130385.37851585 solMass>, 0, 0, 0] 

87 
 254174090.97100526 12254546.55082219
0.1389096405594795 0.006697278428698325
[87, 4369, <Quantity 3181.436646139813 kpc>, <Quantity 2999.5076786334394 kpc>, <Quantity 2995.994487104722 kpc>, <Quantity 1829780063.840644 solMass>, <Quantity 1545625713.4976742 solMass>, <Quantity 5.480448816761245 kpc>, <Quantity 12.664698039868224 kpc>, -1, <Quantity 254174090.97100526 solMass>, <Quantity 12254546.55082219 solMass>, 0, 0, 0] 

89 
 248418685.2101773 36997348.81646763
0.1229991572082723 0.01831843977241836
[89, 4367, <Quantity 3023.277772559153 kpc>, <Quantity 2856.6103298164644 kpc>, <Quantity 2881.363769100839 kpc>, <Quantity 2019677946.1629508 solMass>, <Quantity 1542292011.002309 solMass>, <Quantity 5.663834267032716 kpc>, <Quantity 6.2422000725647475 kpc>, -1, <Quantity 248418685.2101773 solMass>, <Quantity 36997348.81646763 solMass>, 0, 0, 0] 

91 
 123948608.94722515 42573740.37228456
0.07411697852258231 0.025457623345673308
[91, 4365, <Quantity 2982.8395757597123 kpc>, <Quantity 3021.692752590945 kpc>, <Quantity 2987.2697898592 kpc>, <Quantity 1672337586.0425813 solMass>, <Quantity 1530169456.386868 solMass>, <Quantity 5.3185242757629165 kpc>, <Quantity 7.415839307564672 kpc>, -1, <Quantity 123948608.94722515 solMass>, <Quantity 42573740.37228456 solMass>, 0, 0, 0] 

92 
 464977830.88329434 27669759.405831147
0.25298818623757874 0.015054744077612552
[92, 4364, <Quantity 3055.568677316288 kpc>, <Quantity 3164.7376720603925 kpc>, <Quantity 3128.0923032768046 kpc>, <Quantity 1837942861.2790568 solMass>, <Quantity 1508348858.0550444 solMass>, <Quantity 5.488586303790602 kpc>, <Quantity 7.393730934194276 kpc>, -1, <Quantity 464977830.88329434 solMass>, <Quantity 27669759.405831147 solMass>, 0, 0, 0] 

94 
 182025760.24233273 14812389.644904304
0.10451350664778958 0.008504811525365209
[94, 4363, <Quantity 3325.8962522772495 kpc>, <Quantity 3249.1215275830536 kpc>, <Quantity 3463.203383086074 kpc>, <Quantity 1741648195.3453095 solMass>, <Quantity 1469556683.2909787 solMass>, <Quantity 5.391007967297811 kpc>, <Quantity 6.95888017077897 kpc>, -1, <Quantity 182025760.24233273 solMass>, <Quantity 14812389.644904304 solMass>, 0, 0, 0] 

95 
 275007283.40217364 43637569.57272656
0.1740109670670008 0.02761168936278311
[95, 4362, <Quantity 3297.8248503527775 kpc>, <Quantity 3342.1582233512936 kpc>, <Quantity 2823.7160070080654 kpc>, <Quantity 1580402017.3986242 solMass>, <Quantity 1468344427.8240602 solMass>, <Quantity 5.219221007705327 kpc>, <Quantity 7.027316656727817 kpc>, -1, <Quantity 275007283.40217364 solMass>, <Quantity 43637569.57272656 solMass>, 0, 0, 0] 

99 
 178670542.3364144 20837883.488309015
0.10854540102015739 0.012659369530490504
[99, 4360, <Quantity 3307.0578259227277 kpc>, <Quantity 2986.4070286656874 kpc>, <Quantity 3076.7197529115906 kpc>, <Quantity 1646044334.049993 solMass>, <Quantity 1432279827.8661635 solMass>, <Quantity 5.290503487694216 kpc>, <Quantity 7.669547423136542 kpc>, -1, <Quantity 178670542.3364144 solMass>, <Quantity 20837883.488309015 solMass>, 0, 0, 0] 

101 
 245849414.20824102 25821825.590557486
0.1651855585273253 0.017349614991388665
[101, 4358, <Quantity 2852.7964366042647 kpc>, <Quantity 3307.5594551306494 kpc>, <Quantity 2944.8443668109267 kpc>, <Quantity 1488322686.3174734 solMass>, <Quantity 1394699908.5484567 solMass>, <Quantity 5.115823228751624 kpc>, <Quantity 5.2673928762087066 kpc>, -1, <Quantity 245849414.20824102 solMass>, <Quantity 25821825.590557486 solMass>, 0, 0, 0] 

105 
 122049863.1120501 6974260.43060128
0.0954434843245685 0.005453899734999634
[105, 4356, <Quantity 3089.3665771999417 kpc>, <Quantity 3352.4775081469725 kpc>, <Quantity 3520.5661460953875 kpc>, <Quantity 1278765795.0227697 solMass>, <Quantity 1291961258.170806 solMass>, <Quantity 4.863476622245125 kpc>, <Quantity 6.617105087715153 kpc>, -1, <Quantity 122049863.1120501 solMass>, <Quantity 6974260.43060128 solMass>, 0, 0, 0] 

107 
 218843529.67254722 36265584.290893026
0.13054999645362003 0.02163405017113676
[107, 4355, <Quantity 3100.677310077319 kpc>, <Quantity 3128.014178640078 kpc>, <Quantity 3145.3581198565494 kpc>, <Quantity 1676319690.673411 solMass>, <Quantity 1285596916.959943 solMass>, <Quantity 5.322742349990038 kpc>, <Quantity 9.719084904373718 kpc>, -1, <Quantity 218843529.67254722 solMass>, <Quantity 36265584.290893026 solMass>, 0, 0, 0] 

108 
 255606952.37652475 17364517.00010706
0.1527191353761449 0.010374890032624451
[108, 4354, <Quantity 2868.3447632093807 kpc>, <Quantity 2879.8431808668875 kpc>, <Quantity 2846.390461751123 kpc>, <Quantity 1673706125.6074345 solMass>, <Quantity 1274686617.8602438 solMass>, <Quantity 5.319974666003725 kpc>, <Quantity 6.296760270357894 kpc>, -1, <Quantity 255606952.37652475 solMass>, <Quantity 17364517.00010706 solMass>, 0, 0, 0] 

109 
 359040537.0666042 14426087.950935699
0.2672831052080317 0.010739315440626644
[109, 4353, <Quantity 3119.449631951643 kpc>, <Quantity 3092.325735944865 kpc>, <Quantity 3072.9607003671235 kpc>, <Quantity 1343296789.3243976 solMass>, <Quantity 1252866019.5287118 solMass>, <Quantity 4.943947168641528 kpc>, <Quantity 7.205275224443859 kpc>, -1, <Quantity 359040537.0666042 solMass>, <Quantity 14426087.950935699 solMass>, 0, 0, 0] 

110 
 243460192.63804856 33316850.318338413
0.1924498797623962 0.02633623085708478
[110, 4352, <Quantity 2920.0732872333388 kpc>, <Quantity 2806.112466210137 kpc>, <Quantity 2747.4432289658157 kpc>, <Quantity 1265057650.0158434 solMass>, <Quantity 1207103375.8792126 solMass>, <Quantity 4.846035612708472 kpc>, <Quantity 8.481281191896073 kpc>, -1, <Quantity 243460192.63804856 solMass>, <Quantity 33316850.318338413 solMass>, 0, 0, 0] 

111 
 248735956.2049912 20007651.416597806
0.18322194143697487 0.014737880248893952
[111, 4351, <Quantity 2833.343215689582 kpc>, <Quantity 3118.3947870888887 kpc>, <Quantity 2517.9829710277113 kpc>, <Quantity 1357566426.019735 solMass>, <Quantity 1193465501.9332309 solMass>, <Quantity 4.961391808414623 kpc>, <Quantity 5.642784815686721 kpc>, -1, <Quantity 248735956.2049912 solMass>, <Quantity 20007651.416597806 solMass>, 0, 0, 0] 

113 
 166490248.5631182 10273532.543978734
0.1331019338134493 0.008213256094578831
[113, 4350, <Quantity 2978.354126960042 kpc>, <Quantity 2909.2021578975805 kpc>, <Quantity 2920.5549361563667 kpc>, <Quantity 1250847705.9128585 solMass>, <Quantity 1146187538.937114 solMass>, <Quantity 4.827822648249839 kpc>, <Quantity 6.482315920512546 kpc>, -1, <Quantity 166490248.5631182 solMass>, <Quantity 10273532.543978734 solMass>, 0, 0, 0] 

114 
 436479543.9911176 52349343.8011359
0.31344706821857116 0.03759339598734093
[114, 4349, <Quantity 2933.8765765919884 kpc>, <Quantity 2909.0979139733904 kpc>, <Quantity 2887.960067365858 kpc>, <Quantity 1392514361.2661073 solMass>, <Quantity 1137701750.6982563 solMass>, <Quantity 5.003605446381466 kpc>, <Quantity 7.000163803800127 kpc>, -1, <Quantity 436479543.9911176 solMass>, <Quantity 52349343.8011359 solMass>, 0, 0, 0] 

116 
 176486543.33713204 4995028.829271425
0.15486225003844123 0.004383005009227261
[116, 4348, <Quantity 3328.803302840574 kpc>, <Quantity 2659.7667309442936 kpc>, <Quantity 2823.632091391993 kpc>, <Quantity 1139635665.2013195 solMass>, <Quantity 1125882259.9531777 solMass>, <Quantity 4.680280042569364 kpc>, <Quantity 7.577885960932687 kpc>, -1, <Quantity 176486543.33713204 solMass>, <Quantity 4995028.829271425 solMass>, 0, 0, 0] 

117 
 147646065.17818204 15768928.760393107
0.14702612808738 0.015702718097691158
[117, 4347, <Quantity 2785.086671512123 kpc>, <Quantity 3404.273907748746 kpc>, <Quantity 2870.1499872297745 kpc>, <Quantity 1004216509.6698568 solMass>, <Quantity 1124670004.4790514 solMass>, <Quantity 4.4870297393500485 kpc>, <Quantity 6.905730541477606 kpc>, -1, <Quantity 147646065.17818204 solMass>, <Quantity 15768928.760393107 solMass>, 0, 0, 0] 

118 
 133417594.60633846 21582049.233317606
0.13312227289503162 0.021534277065546947
[118, 4346, <Quantity 3349.78068632675 kpc>, <Quantity 3459.248162193795 kpc>, <Quantity 3607.8598859573194 kpc>, <Quantity 1002218424.4971516 solMass>, <Quantity 1122245493.5500352 solMass>, <Quantity 4.484051822313676 kpc>, <Quantity 6.46175614336355 kpc>, -1, <Quantity 133417594.60633846 solMass>, <Quantity 21582049.233317606 solMass>, 0, 0, 0] 

119 
 205123753.38886425 36695411.907625794
0.1883841987542985 0.03370080576222682
[119, 4345, <Quantity 3178.84200535454 kpc>, <Quantity 2900.000349807939 kpc>, <Quantity 2873.578171046836 kpc>, <Quantity 1088858591.8843355 solMass>, <Quantity 1097091192.7418206 solMass>, <Quantity 4.60971055123789 kpc>, <Quantity 6.729811754662746 kpc>, -1, <Quantity 205123753.38886425 solMass>, <Quantity 36695411.907625794 solMass>, 0, 0, 0] 

121 
 175008461.60413387 17322260.535142515
0.15421700622236525 0.015264331428591934
[121, 4344, <Quantity 3182.5336493608397 kpc>, <Quantity 2905.424906915443 kpc>, <Quantity 3562.1908443844236 kpc>, <Quantity 1134819472.1909556 solMass>, <Quantity 1094363617.9442518 solMass>, <Quantity 4.673677651696658 kpc>, <Quantity 6.187451745329465 kpc>, -1, <Quantity 175008461.60413387 solMass>, <Quantity 17322260.535142515 solMass>, 0, 0, 0] 

122 
 26284708.688741773 13952880.735893
0.023950322439818435 0.012713703489972566
[122, 4343, <Quantity 3335.6902306623188 kpc>, <Quantity 3344.652267149159 kpc>, <Quantity 3297.897704685633 kpc>, <Quantity 1097467842.230062 solMass>, <Quantity 1090120723.8212779 solMass>, <Quantity 4.621827831457596 kpc>, <Quantity 6.287406566135021 kpc>, -1, <Quantity 26284708.688741773 solMass>, <Quantity 13952880.735893 solMass>, 0, 0, 0] 

123 
 173668126.5582186 16419019.546502179
0.1443999417271435 0.013651932065593788
[123, 4342, <Quantity 2836.370539162309 kpc>, <Quantity 2909.6769981775865 kpc>, <Quantity 2829.6588052620627 kpc>, <Quantity 1202688342.3982258 solMass>, <Quantity 1086180893.5777686 solMass>, <Quantity 4.76505073893982 kpc>, <Quantity 7.824298559494194 kpc>, -1, <Quantity 173668126.5582186 solMass>, <Quantity 16419019.546502179 solMass>, 0, 0, 0] 

124 
 130550157.90902986 19215807.911831234
0.1388427484246136 0.02043640257821202
[124, 4341, <Quantity 2974.0682808550487 kpc>, <Quantity 2778.9732892400166 kpc>, <Quantity 2729.1139329833773 kpc>, <Quantity 940273506.4691814 solMass>, <Quantity 1085271701.9777548 solMass>, <Quantity 4.38969718314596 kpc>, <Quantity 7.330017654257463 kpc>, -1, <Quantity 130550157.90902986 solMass>, <Quantity 19215807.911831234 solMass>, 0, 0, 0] 

125 
 162635766.46730974 14635034.777893232
0.15453103870245788 0.013905718125840528
[125, 4340, <Quantity 2895.77656838408 kpc>, <Quantity 3291.606879990339 kpc>, <Quantity 2961.4553462602166 kpc>, <Quantity 1052447248.3515569 solMass>, <Quantity 1082847191.0586221 solMass>, <Quantity 4.557744139301093 kpc>, <Quantity 5.59084375181084 kpc>, -1, <Quantity 162635766.46730974 solMass>, <Quantity 14635034.777893232 solMass>, 0, 0, 0] 

126 
 30529725.21152223 28299925.19940901
0.027043776943590378 0.0250685801889977
[126, 4339, <Quantity 3028.8605908810387 kpc>, <Quantity 3188.3457503304703 kpc>, <Quantity 3366.3867976636493 kpc>, <Quantity 1128900200.412208 solMass>, <Quantity 1081634935.5838287 solMass>, <Quantity 4.6655374411398896 kpc>, <Quantity 6.019248835611272 kpc>, -1, <Quantity 30529725.21152223 solMass>, <Quantity 28299925.19940901 solMass>, 0, 0, 0] 

129 
 99713592.18873754 18002719.827211335
0.08332789362590169 0.015044375493958127
[129, 4337, <Quantity 2786.665449409539 kpc>, <Quantity 3389.5112139043663 kpc>, <Quantity 2836.487665535193 kpc>, <Quantity 1196641218.8024216 solMass>, <Quantity 1072239955.7740499 solMass>, <Quantity 4.757051082714588 kpc>, <Quantity 7.119347384719742 kpc>, -1, <Quantity 99713592.18873754 solMass>, <Quantity 18002719.827211335 solMass>, 0, 0, 0] 

131 
 106779187.37327737 18744743.5987632
0.09128649754060586 0.01602505162776708
[131, 4336, <Quantity 3234.610210086719 kpc>, <Quantity 3133.8678214189495 kpc>, <Quantity 3636.086253876309 kpc>, <Quantity 1169715020.8417196 solMass>, <Quantity 1064360295.2643113 solMass>, <Quantity 4.721099837626954 kpc>, <Quantity 6.760142529304543 kpc>, -1, <Quantity 106779187.37327737 solMass>, <Quantity 18744743.5987632 solMass>, 0, 0, 0] 

133 
 166487059.23360935 14216030.627688987
0.20344792058888456 0.017372052119516063
[133, 4334, <Quantity 2975.5086827018044 kpc>, <Quantity 3465.9598480167583 kpc>, <Quantity 3354.8764906039887 kpc>, <Quantity 818327652.3628693 solMass>, <Quantity 1037690675.100877 solMass>, <Quantity 4.191076337093157 kpc>, <Quantity 5.295653985646758 kpc>, -1, <Quantity 166487059.23360935 solMass>, <Quantity 14216030.627688987 solMass>, 0, 0, 0] 

135 
 192755486.91762832 13274069.59349747
0.19848830277779064 0.013668858856887
[135, 4332, <Quantity 3167.658029908181 kpc>, <Quantity 2886.1974461706263 kpc>, <Quantity 2877.7907873789136 kpc>, <Quantity 971117613.5825986 solMass>, <Quantity 1031023270.0884584 solMass>, <Quantity 4.437180605128038 kpc>, <Quantity 5.96699834080467 kpc>, -1, <Quantity 192755486.91762832 solMass>, <Quantity 13274069.59349747 solMass>, 0, 0, 0] 

137 
 194445451.42065075 19689132.72228965
0.17508811163309926 0.01772904967872671
[137, 4331, <Quantity 3095.9638139051103 kpc>, <Quantity 3246.1770557727186 kpc>, <Quantity 2867.11441384388 kpc>, <Quantity 1110557704.9578054 solMass>, <Quantity 1029204886.8753885 solMass>, <Quantity 4.640130612916311 kpc>, <Quantity 6.119443236622492 kpc>, -1, <Quantity 194445451.42065075 solMass>, <Quantity 19689132.72228965 solMass>, 0, 0, 0] 

139 
 129751114.73059897 41906681.06559927
0.13107734221833955 0.04233502260597502
[139, 4330, <Quantity 3347.0832307244905 kpc>, <Quantity 3246.821048735987 kpc>, <Quantity 3637.9886840988434 kpc>, <Quantity 989882099.6421224 solMass>, <Quantity 1026780375.9276853 solMass>, <Quantity 4.465577722475743 kpc>, <Quantity 4.674077023663457 kpc>, -1, <Quantity 129751114.73059897 solMass>, <Quantity 41906681.06559927 solMass>, 0, 0, 0] 

141 
 143314124.04048595 7216810.331347327
0.15490411984562266 0.00780044297765338
[141, 4329, <Quantity 2886.5086155614085 kpc>, <Quantity 3242.5266231778805 kpc>, <Quantity 2779.497856221269 kpc>, <Quantity 925179550.9590882 solMass>, <Quantity 1011324118.8179262 solMass>, <Quantity 4.366081490612804 kpc>, <Quantity 5.853348346189096 kpc>, -1, <Quantity 143314124.04048595 solMass>, <Quantity 7216810.331347327 solMass>, 0, 0, 0] 

143 
 172005885.16828823 24098832.46870884
0.19781198695265076 0.027714388546707828
[143, 4327, <Quantity 3118.7500948042552 kpc>, <Quantity 3375.3008848741465 kpc>, <Quantity 2474.2677267767363 kpc>, <Quantity 869542275.0566698 solMass>, <Quantity 994655606.2126586 solMass>, <Quantity 4.276745391133371 kpc>, <Quantity 6.846031385162896 kpc>, -1, <Quantity 172005885.16828823 solMass>, <Quantity 24098832.46870884 solMass>, 0, 0, 0] 

IsSatellite
148 
 139070302.92945445 9658269.521895275
0.12633144490391468 0.008773570764359431
[148, 4324, <Quantity 3212.064310684691 kpc>, <Quantity 3092.8863699579524 kpc>, <Quantity 3088.8807744400387 kpc>, <Quantity 1100836795.1085234 solMass>, <Quantity 964652283.5376277 solMass>, <Quantity 4.626552287139571 kpc>, <Quantity 6.079737940145545 kpc>, -1, <Quantity 139070302.92945445 solMass>, <Quantity 9658269.521895275 solMass>, 0, 0, 0] 

153 
 144232974.12199697 7283222.959259191
0.1437656752979935 0.00725962612542466
[153, 4323, <Quantity 2869.4849071339054 kpc>, <Quantity 2692.1207344447503 kpc>, <Quantity 2682.5359489876705 kpc>, <Quantity 1003250419.9840113 solMass>, <Quantity 925557044.9222974 solMass>, <Quantity 4.485590387062192 kpc>, <Quantity 5.556815560372169 kpc>, -1, <Quantity 144232974.12199697 solMass>, <Quantity 7283222.959259191 solMass>, 0, 0, 0] 

154 
 205586374.9424508 22981031.997338414
0.22296067524996366 0.02492318089417114
[154, 4322, <Quantity 2796.6464531068264 kpc>, <Quantity 3043.933858447109 kpc>, <Quantity 2828.0222363960975 kpc>, <Quantity 922074597.7377654 solMass>, <Quantity 920708023.0802343 solMass>, <Quantity 4.361191746943746 kpc>, <Quantity 7.0904562594180645 kpc>, -1, <Quantity 205586374.9424508 solMass>, <Quantity 22981031.997338414 solMass>, 0, 0, 0] 

155 
 1091388.6912005078 8097101.948624333
0.0010993419183836738 0.008156107591473564
[155, 4320, <Quantity 3168.58008996726 kpc>, <Quantity 3117.7548371290395 kpc>, <Quantity 3107.9525913876396 kpc>, <Quantity 992765465.3659897 solMass>, <Quantity 895553722.2358278 solMass>, <Quantity 4.469909353533342 kpc>, <Quantity 6.181959346342712 kpc>, -1, <Quantity 1091388.6912005078 solMass>, <Quantity 8097101.948624333 solMass>, 0, 0, 0] 

156 
 40921580.65058401 14888053.503066037
0.04779479452989614 0.017388660135223458
[156, 4319, <Quantity 3330.687442666697 kpc>, <Quantity 3327.5688030348924 kpc>, <Quantity 3311.1694062596807 kpc>, <Quantity 856193253.9533596 solMass>, <Quantity 882825039.8936732 solMass>, <Quantity 4.254747216618876 kpc>, <Quantity 6.5647479043171435 kpc>, -1, <Quantity 40921580.65058401 solMass>, <Quantity 14888053.503066037 solMass>, 0, 0, 0] 

157 
 144046232.39459306 14364908.650992624
0.19983330679402841 0.01992823519089662
[157, 4318, <Quantity 3315.4220181808782 kpc>, <Quantity 3288.814568770371 kpc>, <Quantity 3656.7533439114713 kpc>, <Quantity 720831950.917291 solMass>, <Quantity 870702485.2541547 solMass>, <Quantity 4.017548902581063 kpc>, <Quantity 6.7255023439098265 kpc>, -1, <Quantity 144046232.39459306 solMass>, <Quantity 14364908.650992624 solMass>, 0, 0, 0] 

159 
 147113751.94457152 14566593.756397827
0.17789044356376485 0.017613974154605836
[159, 4316, <Quantity 2878.393658740494 kpc>, <Quantity 3316.8877703323155 kpc>, <Quantity 3017.9883888977274 kpc>, <Quantity 826990753.3950163 solMass>, <Quantity 859489122.2605882 solMass>, <Quantity 4.205813850379688 kpc>, <Quantity 6.241451323686817 kpc>, -1, <Quantity 147113751.94457152 solMass>, <Quantity 14566593.756397827 solMass>, 0, 0, 0] 

161 
 133746604.24542591 3004449.3932782826
0.15156935165260801 0.0034048150170349818
[161, 4315, <Quantity 3255.5142643145086 kpc>, <Quantity 2849.6388611406223 kpc>, <Quantity 3021.5548300022183 kpc>, <Quantity 882411930.8233814 solMass>, <Quantity 838880779.4046402 solMass>, <Quantity 4.297741460972654 kpc>, <Quantity 6.324016379614279 kpc>, -1, <Quantity 133746604.24542591 solMass>, <Quantity 3004449.3932782826 solMass>, 0, 0, 0] 

162 
 305133986.65117675 25449626.9738791
0.3036299506627128 0.025324183212986434
[162, 4314, <Quantity 3179.4390030810596 kpc>, <Quantity 3112.4873305292617 kpc>, <Quantity 3089.431353874201 kpc>, <Quantity 1004953516.5591575 solMass>, <Quantity 834031757.5332836 solMass>, <Quantity 4.488127166421838 kpc>, <Quantity 8.118628684930618 kpc>, -1, <Quantity 305133986.65117675 solMass>, <Quantity 25449626.9738791 solMass>, 0, 0, 0] 

165 
 82353025.36683388 717183.3498023492
0.09141475518745255 0.0007960987474918245
[165, 4312, <Quantity 3196.7741677452905 kpc>, <Quantity 2817.4314230201912 kpc>, <Quantity 2935.161247062639 kpc>, <Quantity 900872350.3986098 solMass>, <Quantity 809483584.4643459 solMass>, <Quantity 4.327505032019235 kpc>, <Quantity 4.686705574621485 kpc>, -1, <Quantity 82353025.36683388 solMass>, <Quantity 717183.3498023492 solMass>, 0, 0, 0] 

171 
 171585815.6255408 5999629.963599846
0.18519073768526884 0.006475336523284928
[171, 4311, <Quantity 2906.8544047638247 kpc>, <Quantity 2807.873222819345 kpc>, <Quantity 2747.9012640714254 kpc>, <Quantity 926535623.5966316 solMass>, <Quantity 763417876.9393294 solMass>, <Quantity 4.368213629267316 kpc>, <Quantity 5.5493113438710795 kpc>, -1, <Quantity 171585815.6255408 solMass>, <Quantity 5999629.963599846 solMass>, 0, 0, 0] 

177 
 83103638.56448379 2055911.8167329214
0.11093171053432267 0.0027443541399326758
[177, 4306, <Quantity 3292.145973754682 kpc>, <Quantity 2858.9449460718974 kpc>, <Quantity 3663.1913175832174 kpc>, <Quantity 749142316.1528842 solMass>, <Quantity 746143236.6021072 solMass>, <Quantity 4.069470820207788 kpc>, <Quantity 6.33805929854359 kpc>, -1, <Quantity 83103638.56448379 solMass>, <Quantity 2055911.8167329214 solMass>, 0, 0, 0] 

179 
 106866945.88451195 18204109.86898655
0.1530385201054479 0.026069146181059166
[179, 4305, <Quantity 3207.902096053474 kpc>, <Quantity 3152.94874310227 kpc>, <Quantity 2942.2091427291825 kpc>, <Quantity 698300962.4693023 solMass>, <Quantity 740688087.0116178 solMass>, <Quantity 3.975246304383272 kpc>, <Quantity 4.687339482474225 kpc>, -1, <Quantity 106866945.88451195 solMass>, <Quantity 18204109.86898655 solMass>, 0, 0, 0] 

182 
 107075400.99253057 3874556.4461649666
0.1446010619969604 0.0052324340762609535
[182, 4304, <Quantity 3241.4114456863663 kpc>, <Quantity 2796.3530434821782 kpc>, <Quantity 3134.4143976036266 kpc>, <Quantity 740488344.3717817 solMass>, <Quantity 727959404.6801178 solMass>, <Quantity 4.053740133127976 kpc>, <Quantity 4.377681674801672 kpc>, -1, <Quantity 107075400.99253057 solMass>, <Quantity 3874556.4461649666 solMass>, 0, 0, 0] 

183 
 129994099.50908293 8913286.183303092
0.23629568800798956 0.01620205147040962
[183, 4303, <Quantity 2832.8044103348457 kpc>, <Quantity 3238.806815658865 kpc>, <Quantity 2850.118984835547 kpc>, <Quantity 550133185.2686521 solMass>, <Quantity 725837957.6229066 solMass>, <Quantity 3.6714626129669434 kpc>, <Quantity 5.653093989917815 kpc>, -1, <Quantity 129994099.50908293 solMass>, <Quantity 8913286.183303092 solMass>, 0, 0, 0] 

185 
 121673052.44720572 2142703.447983345
0.17118258232685094 0.003014582950038087
[185, 4301, <Quantity 3274.7268049017484 kpc>, <Quantity 2938.301638598623 kpc>, <Quantity 3587.508227288225 kpc>, <Quantity 710779395.8551625 solMass>, <Quantity 716139913.9217745 solMass>, <Quantity 3.9987854720835627 kpc>, <Quantity 4.390082099580463 kpc>, -1, <Quantity 121673052.44720572 solMass>, <Quantity 2142703.447983345 solMass>, 0, 0, 0] 

186 
 23038493.75091472 8588104.217146251
0.02998381172089502 0.01117712393311797
[186, 4299, <Quantity 2897.917982369511 kpc>, <Quantity 2685.68022817051 kpc>, <Quantity 2687.4141801766737 kpc>, <Quantity 768364408.2803432 solMass>, <Quantity 714927658.4706371 solMass>, <Quantity 4.1039832112022125 kpc>, <Quantity 4.8387536808527045 kpc>, -1, <Quantity 23038493.75091472 solMass>, <Quantity 8588104.217146251 solMass>, 0, 0, 0] 

187 
 122521840.17534445 458538.0848133092
0.1833838280857688 0.0006863141232276646
[187, 4298, <Quantity 3103.414870292427 kpc>, <Quantity 3382.539334523313 kpc>, <Quantity 2577.494056481239 kpc>, <Quantity 668116929.6893555 solMass>, <Quantity 711897019.8065 solMass>, <Quantity 3.917124013031811 kpc>, <Quantity 4.643995016202227 kpc>, -1, <Quantity 122521840.17534445 solMass>, <Quantity 458538.0848133092 solMass>, 0, 0, 0] 

188 
 36106793.03833177 10930958.818467515
0.04931309629491227 0.014929030784831895
[188, 4297, <Quantity 3060.027657430056 kpc>, <Quantity 2835.208954356036 kpc>, <Quantity 2866.42799803989 kpc>, <Quantity 732194807.2860512 solMass>, <Quantity 710381700.4906088 solMass>, <Quantity 4.038549191292644 kpc>, <Quantity 6.416077053267114 kpc>, -1, <Quantity 36106793.03833177 solMass>, <Quantity 10930958.818467515 solMass>, 0, 0, 0] 

189 
 95720231.85134892 3818670.357175716
0.16592324510029918 0.006619354815342358
[189, 4296, <Quantity 3334.7058076502276 kpc>, <Quantity 3494.9412576416576 kpc>, <Quantity 3604.997983716944 kpc>, <Quantity 576894646.6390942 solMass>, <Quantity 706744934.07975 solMass>, <Quantity 3.7300558276119578 kpc>, <Quantity 7.34777166811858 kpc>, -1, <Quantity 95720231.85134892 solMass>, <Quantity 3818670.357175716 solMass>, 0, 0, 0] 

190 
 149056756.41518018 11983219.809014272
0.22098031032206095 0.017765418326141435
[190, 4295, <Quantity 3054.0912207008755 kpc>, <Quantity 3339.1281312267897 kpc>, <Quantity 3037.788195001777 kpc>, <Quantity 674525056.9968971 solMass>, <Quantity 704623487.0432521 solMass>, <Quantity 3.9296076573132463 kpc>, <Quantity 3.7220799164613516 kpc>, -1, <Quantity 149056756.41518018 solMass>, <Quantity 11983219.809014272 solMass>, 0, 0, 0] 

192 
 77345900.966728 3173349.6328091137
0.09339162877367475 0.003831674169829288
[192, 4294, <Quantity 2878.5547878950833 kpc>, <Quantity 3052.8361757906423 kpc>, <Quantity 3099.182038995695 kpc>, <Quantity 828188800.0279772 solMass>, <Quantity 698562209.714796 solMass>, <Quantity 4.207843832726522 kpc>, <Quantity 4.764083793758839 kpc>, -1, <Quantity 77345900.966728 solMass>, <Quantity 3173349.6328091137 solMass>, 0, 0, 0] 

194 
 128036698.80568065 10783361.348967655
0.20592948467386418 0.017343559044857623
[194, 4293, <Quantity 3126.0714369374346 kpc>, <Quantity 3218.9861052004044 kpc>, <Quantity 2888.1740715651886 kpc>, <Quantity 621750202.5436312 solMass>, <Quantity 696137698.8069187 solMass>, <Quantity 3.8243280666009563 kpc>, <Quantity 4.851530958976418 kpc>, -1, <Quantity 128036698.80568065 solMass>, <Quantity 10783361.348967655 solMass>, 0, 0, 0] 

195 
 43166321.69141056 1639150.8754508037
0.06977833637194733 0.00264968653037531
[195, 4291, <Quantity 2899.5258930942414 kpc>, <Quantity 2885.8403207585043 kpc>, <Quantity 3023.935122778645 kpc>, <Quantity 618620677.0725551 solMass>, <Quantity 681287569.4100367 solMass>, <Quantity 3.8179007967718226 kpc>, <Quantity 5.595507921480667 kpc>, -1, <Quantity 43166321.69141056 solMass>, <Quantity 1639150.8754508037 solMass>, 0, 0, 0] 

197 
 15199773.882057043 10454355.617438981
0.018682418809122782 0.012849707603549431
[197, 4290, <Quantity 2940.0760402341393 kpc>, <Quantity 3080.561099629373 kpc>, <Quantity 3101.7629329867964 kpc>, <Quantity 813587043.3776416 solMass>, <Quantity 676438547.5438548 solMass>, <Quantity 4.182967627443924 kpc>, <Quantity 5.19857382931349 kpc>, -1, <Quantity 15199773.882057043 solMass>, <Quantity 10454355.617438981 solMass>, 0, 0, 0] 

198 
 136451654.2229697 1951355.0692004065
0.2053243297430695 0.0029362829930930138
[198, 4289, <Quantity 2831.8875645806297 kpc>, <Quantity 3243.3576461886296 kpc>, <Quantity 3257.502716236179 kpc>, <Quantity 664566417.402736 solMass>, <Quantity 671892589.5784862 solMass>, <Quantity 3.9101728813665715 kpc>, <Quantity 5.208216120940667 kpc>, -1, <Quantity 136451654.2229697 solMass>, <Quantity 1951355.0692004065 solMass>, 0, 0, 0] 

199 
 171827066.4923849 256715.63614843576
0.2196437338043816 0.0003281554064831133
[199, 4288, <Quantity 2996.6654437394186 kpc>, <Quantity 2759.8106121597907 kpc>, <Quantity 2722.674104687246 kpc>, <Quantity 782298968.9540471 solMass>, <Quantity 670680334.1210357 solMass>, <Quantity 4.128643793483789 kpc>, <Quantity 7.108935535523111 kpc>, -1, <Quantity 171827066.4923849 solMass>, <Quantity 256715.63614843576 solMass>, 0, 0, 0] 

IsSatellite
201 
 130680746.79942091 5597139.695439564
0.20489830064394787 0.00877592484088431
[201, 4286, <Quantity 3214.279552134884 kpc>, <Quantity 2747.3561195926613 kpc>, <Quantity 2848.4933936975785 kpc>, <Quantity 637783458.3728689 solMass>, <Quantity 669468078.6668651 solMass>, <Quantity 3.856922502877117 kpc>, <Quantity 4.979207021159949 kpc>, -1, <Quantity 130680746.79942091 solMass>, <Quantity 5597139.695439564 solMass>, 0, 0, 0] 

203 
 93569992.21070322 11035305.995161047
0.14328569998726357 0.016898596512968687
[203, 4285, <Quantity 3329.1527760968697 kpc>, <Quantity 3351.169799572742 kpc>, <Quantity 3313.084636236617 kpc>, <Quantity 653030918.0819894 solMass>, <Quantity 664922120.6506377 solMass>, <Quantity 3.887416528363237 kpc>, <Quantity 4.241209682778764 kpc>, -1, <Quantity 93569992.21070322 solMass>, <Quantity 11035305.995161047 solMass>, 0, 0, 0] 

205 
 45239155.24609209 3789639.5054993015
0.058686747320302574 0.0049161310569229896
[205, 4284, <Quantity 3031.8002582720715 kpc>, <Quantity 2833.277300538223 kpc>, <Quantity 2941.9160271015903 kpc>, <Quantity 770858112.1251149 solMass>, <Quantity 659163907.2332792 solMass>, <Quantity 4.10841820194897 kpc>, <Quantity 4.874425043868347 kpc>, -1, <Quantity 45239155.24609209 solMass>, <Quantity 3789639.5054993015 solMass>, 0, 0, 0] 

209 
 106119187.82737616 6087841.348148983
0.16056713078729404 0.009211408775109012
[209, 4281, <Quantity 3135.0083795685273 kpc>, <Quantity 2908.6237223385792 kpc>, <Quantity 2890.147093206362 kpc>, <Quantity 660902311.1209106 solMass>, <Quantity 653708757.6606873 solMass>, <Quantity 3.902973349510198 kpc>, <Quantity 5.597216756199365 kpc>, -1, <Quantity 106119187.82737616 solMass>, <Quantity 6087841.348148983 solMass>, 0, 0, 0] 

211 
 65628155.29914922 641581.5287313947
0.10198403070177822 0.0009969969447653298
[211, 4280, <Quantity 2942.1785574555643 kpc>, <Quantity 3143.2738095057325 kpc>, <Quantity 3629.701399720079 kpc>, <Quantity 643514036.9285768 solMass>, <Quantity 645526033.2863182 solMass>, <Quantity 3.868439749472742 kpc>, <Quantity 6.198671631269693 kpc>, -1, <Quantity 65628155.29914922 solMass>, <Quantity 641581.5287313947 solMass>, 0, 0, 0] 

213 
 102579115.53064983 1180816.185592203
0.17444977798044412 0.0020081389895658204
[213, 4278, <Quantity 2907.029639363963 kpc>, <Quantity 3241.1523955794582 kpc>, <Quantity 2777.097513878919 kpc>, <Quantity 588015168.1370955 solMass>, <Quantity 640070883.713925 solMass>, <Quantity 3.753870951874249 kpc>, <Quantity 4.010748746628597 kpc>, -1, <Quantity 102579115.53064983 solMass>, <Quantity 1180816.185592203 solMass>, 0, 0, 0] 

214 
 114224636.5782427 6972314.752688847
0.17826412468894764 0.010881309178799887
[214, 4277, <Quantity 3123.7477635190016 kpc>, <Quantity 2849.7461768601347 kpc>, <Quantity 3002.4377596396675 kpc>, <Quantity 640760650.9585303 solMass>, <Quantity 639161692.1208509 solMass>, <Quantity 3.862914599288632 kpc>, <Quantity 4.4798741728146405 kpc>, -1, <Quantity 114224636.5782427 solMass>, <Quantity 6972314.752688847 solMass>, 0, 0, 0] 

215 
 107068295.60671891 3714232.4369362597
0.1735286850790301 0.006019763994627224
[215, 4276, <Quantity 3274.4130972177104 kpc>, <Quantity 3275.748677136443 kpc>, <Quantity 3008.255042693111 kpc>, <Quantity 617006321.2197847 solMass>, <Quantity 638252500.5026575 solMass>, <Quantity 3.814576832182645 kpc>, <Quantity 3.942840695755187 kpc>, -1, <Quantity 107068295.60671891 solMass>, <Quantity 3714232.4369362597 solMass>, 0, 0, 0] 

217 
 34218824.65604674 11479696.557823779
0.05127900812872203 0.01720302959031895
[217, 4275, <Quantity 2947.4006093207367 kpc>, <Quantity 2805.4016672316134 kpc>, <Quantity 2773.5010149536633 kpc>, <Quantity 667306679.7655226 solMass>, <Quantity 634615734.1376578 solMass>, <Quantity 3.9155398924625926 kpc>, <Quantity 5.441175230032537 kpc>, -1, <Quantity 34218824.65604674 solMass>, <Quantity 11479696.557823779 solMass>, 0, 0, 0] 

219 
 73476666.00247572 2597969.3115566964
0.11134941919061311 0.0039370645084403815
[219, 4273, <Quantity 3302.615296925838 kpc>, <Quantity 3327.9796725710667 kpc>, <Quantity 3255.806223341439 kpc>, <Quantity 659874712.7427306 solMass>, <Quantity 626433009.7535158 solMass>, <Quantity 3.9009494651549526 kpc>, <Quantity 5.336440391668363 kpc>, -1, <Quantity 73476666.00247572 solMass>, <Quantity 2597969.3115566964 solMass>, 0, 0, 0] 

222 
 59261024.77550122 5180805.605147899
0.09434156410656558 0.008247668783543759
[222, 4270, <Quantity 2985.6012795859074 kpc>, <Quantity 3195.728948042684 kpc>, <Quantity 3130.662623574295 kpc>, <Quantity 628153935.5078069 solMass>, <Quantity 614613519.0142975 solMass>, <Quantity 3.8374128365682556 kpc>, <Quantity 7.909562389285008 kpc>, -1, <Quantity 59261024.77550122 solMass>, <Quantity 5180805.605147899 solMass>, 0, 0, 0] 

224 
 18326955.757778738 9266711.965553898
0.027767043204318883 0.014039930848870027
[224, 4268, <Quantity 2910.306041843229 kpc>, <Quantity 2820.1142218021228 kpc>, <Quantity 2797.0313004068394 kpc>, <Quantity 660025470.5883904 solMass>, <Quantity 613098199.697596 solMass>, <Quantity 3.901246518492094 kpc>, <Quantity 4.952849219724641 kpc>, -1, <Quantity 18326955.757778738 solMass>, <Quantity 9266711.965553898 solMass>, 0, 0, 0] 

IsSatellite
230 
 46621203.4023835 9175927.43455945
0.07590836554849481 0.014940190366544485
[230, 4263, <Quantity 3056.871590764451 kpc>, <Quantity 2999.1822311589176 kpc>, <Quantity 2980.374545185688 kpc>, <Quantity 614177410.6913036 solMass>, <Quantity 581882621.5622078 solMass>, <Quantity 3.8087380855604676 kpc>, <Quantity 4.396107311972757 kpc>, -1, <Quantity 46621203.4023835 solMass>, <Quantity 9175927.43455945 solMass>, 0, 0, 0] 

233 
 24020798.58658319 24773061.513806704
0.04519839623064056 0.04661388113767696
[233, 4261, <Quantity 3321.306005337057 kpc>, <Quantity 3289.2570283361206 kpc>, <Quantity 3650.6489604568587 kpc>, <Quantity 531452453.84390855 solMass>, <Quantity 579761174.5083098 solMass>, <Quantity 3.6294261821754685 kpc>, <Quantity 4.833034316271512 kpc>, -1, <Quantity 24020798.58658319 solMass>, <Quantity 24773061.513806704 solMass>, 0, 0, 0] 

234 
 13090138.071119307 4802099.278251119
0.02196434161725414 0.008057588732405035
[234, 4259, <Quantity 2812.259320625835 kpc>, <Quantity 2874.163160481844 kpc>, <Quantity 2876.5097834195503 kpc>, <Quantity 595972248.9854337 solMass>, <Quantity 578851982.9087791 solMass>, <Quantity 3.770727730498507 kpc>, <Quantity 4.9424337397422065 kpc>, -1, <Quantity 13090138.071119307 solMass>, <Quantity 4802099.278251119 solMass>, 0, 0, 0] 

235 
 82336852.45289788 842428.3604960791
0.11956634176166346 0.0012233413624648088
[235, 4258, <Quantity 3070.2539067967955 kpc>, <Quantity 3002.176873185693 kpc>, <Quantity 3047.6846154181812 kpc>, <Quantity 688629017.4957709 solMass>, <Quantity 573396833.3252593 solMass>, <Quantity 3.9568076194988833 kpc>, <Quantity 4.335561183234917 kpc>, -1, <Quantity 82336852.45289788 solMass>, <Quantity 842428.3604960791 solMass>, 0, 0, 0] 

236 
 71763996.51774088 167865.67235182258
0.16474524093240953 0.0003853613507860488
[236, 4257, <Quantity 3349.0682682595702 kpc>, <Quantity 3359.6783668832413 kpc>, <Quantity 2636.704384161467 kpc>, <Quantity 435605885.2539703 solMass>, <Quantity 570972322.3844956 solMass>, <Quantity 3.396626095376456 kpc>, <Quantity 3.7808674356863463 kpc>, -1, <Quantity 71763996.51774088 solMass>, <Quantity 167865.67235182258 solMass>, 0, 0, 0] 

237 
 109647470.66436863 4086347.7181276716
0.238578948154123 0.008891372819416184
[237, 4256, <Quantity 3284.527242953955 kpc>, <Quantity 3345.795158363998 kpc>, <Quantity 2814.036205780577 kpc>, <Quantity 459585690.66008246 solMass>, <Quantity 570669258.5369276 solMass>, <Quantity 3.4578434597434087 kpc>, <Quantity 4.491475585120989 kpc>, -1, <Quantity 109647470.66436863 solMass>, <Quantity 4086347.7181276716 solMass>, 0, 0, 0] 

238 
 95435606.2363017 2145810.8541655676
0.17866349919749894 0.004017138790651548
[238, 4255, <Quantity 2884.946748940919 kpc>, <Quantity 3256.4756894467446 kpc>, <Quantity 2705.271822021811 kpc>, <Quantity 534163982.3745134 solMass>, <Quantity 566729428.2874758 solMass>, <Quantity 3.635588290522924 kpc>, <Quantity 5.082801892468814 kpc>, -1, <Quantity 95435606.2363017 solMass>, <Quantity 2145810.8541655676 solMass>, 0, 0, 0] 

240 
 110769777.01216131 3756104.025288137
0.22381887225608516 0.007589497692355511
[240, 4254, <Quantity 2965.294221461183 kpc>, <Quantity 3484.658117522974 kpc>, <Quantity 3362.7411181023576 kpc>, <Quantity 494908118.76409906 solMass>, <Quantity 563698789.630066 solMass>, <Quantity 3.5442527776773556 kpc>, <Quantity 3.645298878347661 kpc>, -1, <Quantity 110769777.01216131 solMass>, <Quantity 3756104.025288137 solMass>, 0, 0, 0] 

241 
 67074244.63945586 3424.9986046465237
0.12263426479669662 6.262048690496377e-06
[241, 4253, <Quantity 2878.8866367359587 kpc>, <Quantity 3214.9152198501206 kpc>, <Quantity 3420.5908655743 kpc>, <Quantity 546945380.6458718 solMass>, <Quantity 561577342.5719724 solMass>, <Quantity 3.664357312307834 kpc>, <Quantity 4.777101881462129 kpc>, -1, <Quantity 67074244.63945586 solMass>, <Quantity 3424.9986046465237 solMass>, 0, 0, 0] 

243 
 96663885.17084885 5685747.374672895
0.16057583719947305 0.009445033614975572
[243, 4251, <Quantity 2843.1143040788074 kpc>, <Quantity 3230.439335327443 kpc>, <Quantity 3243.0342391234726 kpc>, <Quantity 601982756.9123585 solMass>, <Quantity 557031384.5913094 solMass>, <Quantity 3.7833615528477234 kpc>, <Quantity 4.763387085480369 kpc>, -1, <Quantity 96663885.17084885 solMass>, <Quantity 5685747.374672895 solMass>, 0, 0, 0] 

245 
 116711409.04426365 15825159.913137663
0.25234156380642764 0.03421555469742845
[245, 4250, <Quantity 3205.953902371133 kpc>, <Quantity 2816.3445584009555 kpc>, <Quantity 2859.5471770436707 kpc>, <Quantity 462513615.6079048 solMass>, <Quantity 552485426.6249311 solMass>, <Quantity 3.4651709883996067 kpc>, <Quantity 4.3870192800695955 kpc>, -1, <Quantity 116711409.04426365 solMass>, <Quantity 15825159.913137663 solMass>, 0, 0, 0] 

247 
 149486864.6423858 13224465.909317499
0.3296478971630834 0.029162544739568502
[247, 4249, <Quantity 2973.688397527404 kpc>, <Quantity 2942.481438928783 kpc>, <Quantity 2915.714158068821 kpc>, <Quantity 453474346.2004603 solMass>, <Quantity 548545596.3762811 solMass>, <Quantity 3.442448116330737 kpc>, <Quantity 4.825402410093544 kpc>, -1, <Quantity 149486864.6423858 solMass>, <Quantity 13224465.909317499 solMass>, 0, 0, 0] 

248 
 96944149.44821252 1991080.978920419
0.2192837181274938 0.004503744090135498
[248, 4248, <Quantity 3046.55618425975 kpc>, <Quantity 3417.6295552196875 kpc>, <Quantity 2518.4992846921214 kpc>, <Quantity 442094608.1908744 solMass>, <Quantity 547636404.7680457 solMass>, <Quantity 3.4134082597011153 kpc>, <Quantity 4.287762014492058 kpc>, -1, <Quantity 96944149.44821252 solMass>, <Quantity 1991080.978920419 solMass>, 0, 0, 0] 

249 
 20753874.20420826 3575812.1232183035
0.03894144529602355 0.006709460162234589
[249, 4247, <Quantity 3084.852904911259 kpc>, <Quantity 3332.078645708367 kpc>, <Quantity 3509.9345048669697 kpc>, <Quantity 532950794.36426336 solMass>, <Quantity 547636404.7539297 solMass>, <Quantity 3.632833833319482 kpc>, <Quantity 5.0394556801151555 kpc>, -1, <Quantity 20753874.20420826 solMass>, <Quantity 3575812.1232183035 solMass>, 0, 0, 0] 

250 
 105597567.49063869 175183.8792481075
0.18855355392375658 0.0003128059083871337
[250, 4246, <Quantity 3296.417265322499 kpc>, <Quantity 2841.199935239302 kpc>, <Quantity 3010.53700826926 kpc>, <Quantity 560040186.4254336 solMass>, <Quantity 545514957.7049495 solMass>, <Quantity 3.693370642567313 kpc>, <Quantity 6.367405643255052 kpc>, -1, <Quantity 105597567.49063869 solMass>, <Quantity 175183.8792481075 solMass>, 0, 0, 0] 

252 
 84560992.85376678 249080.4540705055
0.17370928321926624 0.0005116731211439355
[252, 4245, <Quantity 3228.7598784549878 kpc>, <Quantity 2833.3069732755534 kpc>, <Quantity 3614.6532619031595 kpc>, <Quantity 486796049.6217629 solMass>, <Quantity 535816914.01520836 solMass>, <Quantity 3.524781313200581 kpc>, <Quantity 4.175063560936655 kpc>, -1, <Quantity 84560992.85376678 solMass>, <Quantity 249080.4540705055 solMass>, 0, 0, 0] 

254 
 174149173.80677 690360.8298627252
0.29090881031375215 0.0011532184925862265
[254, 4243, <Quantity 2986.920077321834 kpc>, <Quantity 2902.595603210002 kpc>, <Quantity 2902.235070795917 kpc>, <Quantity 598638362.3752953 solMass>, <Quantity 529755636.7112416 solMass>, <Quantity 3.776342216575712 kpc>, <Quantity 6.619987252015636 kpc>, -1, <Quantity 174149173.80677 solMass>, <Quantity 690360.8298627252 solMass>, 0, 0, 0] 

257 
 94092233.99876304 7082870.57104769
0.2172591361762264 0.016354360785333952
[257, 4240, <Quantity 3289.3946500714724 kpc>, <Quantity 3016.00644661987 kpc>, <Quantity 3618.630711461004 kpc>, <Quantity 433087582.2061705 solMass>, <Quantity 524300487.1319874 solMass>, <Quantity 3.390067972726747 kpc>, <Quantity 4.988769868914622 kpc>, -1, <Quantity 94092233.99876304 solMass>, <Quantity 7082870.57104769 solMass>, 0, 0, 0] 

261 
 76719175.14971796 8133628.16703429
0.16349775804824063 0.01733373654647558
[261, 4238, <Quantity 3325.5255382235223 kpc>, <Quantity 3339.777058374661 kpc>, <Quantity 3314.700563060334 kpc>, <Quantity 469236863.3402403 solMass>, <Quantity 519148401.4228243 solMass>, <Quantity 3.481880565420842 kpc>, <Quantity 4.480815564902136 kpc>, -1, <Quantity 76719175.14971796 solMass>, <Quantity 8133628.16703429 solMass>, 0, 0, 0] 

262 
 72534263.10119338 4452783.988966152
0.16328031301354665 0.010023565862739704
[262, 4235, <Quantity 3174.6351644936663 kpc>, <Quantity 2842.04193622452 kpc>, <Quantity 3013.6529165052602 kpc>, <Quantity 444231528.9729726 solMass>, <Quantity 512480996.38569945 solMass>, <Quantity 3.418899137231123 kpc>, <Quantity 7.545094256683183 kpc>, -1, <Quantity 72534263.10119338 solMass>, <Quantity 4452783.988966152 solMass>, 0, 0, 0] 

263 
 82758124.16885875 9113675.299336715
0.21253136432478215 0.0234048543854013
[263, 4234, <Quantity 2863.3641709641815 kpc>, <Quantity 3179.1927742396356 kpc>, <Quantity 2484.926648529483 kpc>, <Quantity 389392522.9896469 solMass>, <Quantity 511571804.78938645 solMass>, <Quantity 3.2719929932117844 kpc>, <Quantity 5.78401356944014 kpc>, -1, <Quantity 82758124.16885875 solMass>, <Quantity 9113675.299336715 solMass>, 0, 0, 0] 

266 
 74598894.5803437 5543281.074824488
0.16721547045814028 0.012425416730675256
[266, 4231, <Quantity 3253.4314687607543 kpc>, <Quantity 2828.571138372652 kpc>, <Quantity 3116.7668943490753 kpc>, <Quantity 446124359.04379034 solMass>, <Quantity 509753421.59730685 solMass>, <Quantity 3.423748129276048 kpc>, <Quantity 4.5050853977054 kpc>, -1, <Quantity 74598894.5803437 solMass>, <Quantity 5543281.074824488 solMass>, 0, 0, 0] 

