yt : [INFO     ] 2017-07-27 16:45:55,071 Parameters: current_time              = 2.98248939056e+16
yt : [INFO     ] 2017-07-27 16:45:55,071 Parameters: domain_dimensions         = [2 2 2]
yt : [INFO     ] 2017-07-27 16:45:55,072 Parameters: domain_left_edge          = [ 0.  0.  0.]
yt : [INFO     ] 2017-07-27 16:45:55,073 Parameters: domain_right_edge         = [  1.90744739e+25   1.90744739e+25   1.90744739e+25]
yt : [INFO     ] 2017-07-27 16:45:55,073 Parameters: cosmological_simulation   = 1
yt : [INFO     ] 2017-07-27 16:45:55,073 Parameters: current_redshift          = 5.99999984663
yt : [INFO     ] 2017-07-27 16:45:55,073 Parameters: omega_lambda              = 0.712
yt : [INFO     ] 2017-07-27 16:45:55,073 Parameters: omega_matter              = 0.288
yt : [INFO     ] 2017-07-27 16:45:55,073 Parameters: hubble_constant           = 0.6933
yt : [INFO     ] 2017-07-27 16:45:55,211 Parameters: current_time              = 125.48444577791
yt : [INFO     ] 2017-07-27 16:45:55,212 Parameters: domain_dimensions         = [128 128 128]
yt : [INFO     ] 2017-07-27 16:45:55,212 Parameters: domain_left_edge          = [ 0.  0.  0.]
yt : [INFO     ] 2017-07-27 16:45:55,213 Parameters: domain_right_edge         = [ 1.  1.  1.]
yt : [INFO     ] 2017-07-27 16:45:55,213 Parameters: cosmological_simulation   = 1
yt : [INFO     ] 2017-07-27 16:45:55,213 Parameters: current_redshift          = 5.9999998466326
yt : [INFO     ] 2017-07-27 16:45:55,213 Parameters: omega_lambda              = 0.712
yt : [INFO     ] 2017-07-27 16:45:55,213 Parameters: omega_matter              = 0.288
yt : [INFO     ] 2017-07-27 16:45:55,213 Parameters: hubble_constant           = 0.6933
yt : [INFO     ] 2017-07-27 16:45:55,217 Allocating for 4.425e+03 particles (index particle type 'all')
yt : [INFO     ] 2017-07-27 16:45:55,222 Identified 1.665e+03 octs
StelMassEqualZero
StelMassEqualZero
StelMassEqualZero
StelMassEqualZero
StelMassEqualZero
Parsing Hierarchy :   0%|          | 0/19448 [00:00<?, ?it/s]Parsing Hierarchy :   8%|▊         | 1546/19448 [00:00<00:01, 15457.40it/s]Parsing Hierarchy :  19%|█▊        | 3603/19448 [00:00<00:00, 16985.57it/s]Parsing Hierarchy :  28%|██▊       | 5453/19448 [00:00<00:00, 15470.02it/s]Parsing Hierarchy :  38%|███▊      | 7483/19448 [00:00<00:00, 16917.00it/s]Parsing Hierarchy :  49%|████▉     | 9501/19448 [00:00<00:00, 17895.26it/s]Parsing Hierarchy :  59%|█████▉    | 11505/19448 [00:00<00:00, 18536.34it/s]Parsing Hierarchy :  70%|██████▉   | 13534/19448 [00:00<00:00, 19061.32it/s]Parsing Hierarchy :  79%|███████▊  | 15313/19448 [00:00<00:00, 16571.93it/s]Parsing Hierarchy :  89%|████████▉ | 17319/19448 [00:01<00:00, 17617.47it/s]Parsing Hierarchy :  99%|█████████▉| 19345/19448 [00:01<00:00, 18408.53it/s]Parsing Hierarchy : 100%|██████████| 19448/19448 [00:01<00:00, 17268.81it/s]
yt : [INFO     ] 2017-07-27 16:46:00,496 Gathering a field list (this may take a moment.)
break at:  1.38530626
14 10.559646187987912 kpc 1.3853062600046284 kpc 0.5795611915892359
StelMassEqualZero
StelMassEqualZero
break at:  5.82005384126
22 9.260468215217447 kpc 5.820053841258825 kpc 0.5865905713263881
break at:  1.19106680254
26 8.078696704571106 kpc 1.1910668025405917 kpc 0.5576875717541986
StelMassEqualZero
StelMassEqualZero
StelMassEqualZero
break at:  1.99537384964
35 7.547668954966348 kpc 1.9953738496373323 kpc 0.5397691246320838
StelMassEqualZero
break at:  1.9440191876
40 7.2686933253278 kpc 1.9440191876040398 kpc 0.7140868433063541
StelMassEqualZero
break at:  1.51276540397
42 6.925380996263757 kpc 1.5127654039682112 kpc 0.5558237300478351
break at:  0.362236710047
45 6.557306707195312 kpc 0.3622367100466877 kpc 0.5711764685556492
break at:  0.763341085225
46 6.484793508824229 kpc 0.7633410852253055 kpc 0.5888075926520254
break at:  1.04953779108
50 6.455815995701238 kpc 1.0495377910847485 kpc 0.5078422956348982
break at:  1.18207200647
51 6.589174607819438 kpc 1.1820720064721166 kpc 0.6024341995127384
break at:  0.501251966451
52 6.60915340584969 kpc 0.5012519664512324 kpc 0.5022789578627715
break at:  0.353559435357
61 6.060422513481866 kpc 0.35355943535712087 kpc 0.5745385725666343
break at:  3.22357333374
62 6.061508887165704 kpc 3.223573333744618 kpc 0.7137054193041034
break at:  0.594352963
63 5.966903184945253 kpc 0.5943529630001753 kpc 0.5033869774316859
break at:  0.733583465734
64 5.976529174617716 kpc 0.7335834657337259 kpc 0.5691100853261015
break at:  0.312735169887
65 5.696742221838454 kpc 0.3127351698874887 kpc 0.518227812833559
break at:  1.2212224094
68 5.835008501141129 kpc 1.2212224094027324 kpc 0.6132036898213652
break at:  0.478635140017
69 5.861542365198407 kpc 0.4786351400172123 kpc 0.5266424482589356
break at:  1.34077822276
71 5.736894164420931 kpc 1.340778222760313 kpc 0.588674886760448
break at:  1.67267955312
72 5.849944519376217 kpc 1.6726795531226986 kpc 0.6183197742170959
break at:  0.527920278571
75 5.7711231227958075 kpc 0.5279202785712749 kpc 0.5600018741929851
break at:  0.948730653074
76 5.397689845327913 kpc 0.9487306530739943 kpc 0.73952375116184
break at:  2.51550998013
77 5.781997868100735 kpc 2.515509980126557 kpc 0.5512507840970685
break at:  0.78068868053
79 5.499609718347011 kpc 0.780688680530489 kpc 0.595603951480108
break at:  0.702196579763
80 5.463461386173635 kpc 0.7021965797627323 kpc 0.7490967247134935
break at:  1.31231862609
82 5.5480618884700235 kpc 1.3123186260888364 kpc 0.5912456607033475
break at:  2.02377523235
84 5.709039680698916 kpc 2.0237752323479303 kpc 0.5678097448728407
break at:  0.339654037083
85 5.31948438031204 kpc 0.3396540370826264 kpc 0.5834997813942712
break at:  0.338948318674
86 5.283647342614659 kpc 0.3389483186742542 kpc 0.5663579058840857
break at:  2.67128929656
87 5.480448816761245 kpc 2.671289296557814 kpc 0.5421515403497633
break at:  1.1990498894
89 5.663834267032716 kpc 1.1990498894019956 kpc 0.6288845984923285
break at:  0.940856111925
91 5.3185242757629165 kpc 0.9408561119251607 kpc 0.5415032678698057
break at:  1.30328315038
92 5.488586303790602 kpc 1.3032831503753248 kpc 0.5425270686576542
break at:  1.28838261189
94 5.391007967297811 kpc 1.288382611887113 kpc 0.5685530462347453
break at:  0.841132862538
95 5.219221007705327 kpc 0.84113286253802 kpc 0.6313991854820694
break at:  1.91238221459
99 5.290503487694216 kpc 1.9123822145865985 kpc 0.84048739615809
break at:  1.01817394424
101 5.115823228751624 kpc 1.0181739442410895 kpc 0.6903460217764308
break at:  0.600607631037
105 4.863476622245125 kpc 0.6006076310368534 kpc 0.544727460324038
break at:  1.15408340604
107 5.322742349990038 kpc 1.1540834060384135 kpc 0.6677670693642757
break at:  2.35438148104
108 5.319974666003725 kpc 2.354381481038433 kpc 0.7820099726108783
break at:  0.448298054673
109 4.943947168641528 kpc 0.44829805467316225 kpc 0.5313351899803975
break at:  0.892752147055
110 4.846035612708472 kpc 0.8927521470549203 kpc 0.6053943362769291
break at:  0.99993394049
111 4.961391808414623 kpc 0.9999339404900072 kpc 0.5436247160172287
break at:  0.5985714358
113 4.827822648249839 kpc 0.5985714357995879 kpc 0.5755114690233196
break at:  1.35786117572
114 5.003605446381466 kpc 1.357861175722196 kpc 0.5590699147640941
break at:  0.484439702886
116 4.680280042569364 kpc 0.4844397028856097 kpc 0.5308858868202891
break at:  0.322325793823
117 4.4870297393500485 kpc 0.32232579382338356 kpc 0.6016772511722697
break at:  0.637764067945
118 4.484051822313676 kpc 0.6377640679449221 kpc 0.5764373446798917
break at:  0.436389691709
119 4.60971055123789 kpc 0.43638969170873826 kpc 0.6341676191629312
break at:  0.534318203527
121 4.673677651696658 kpc 0.5343182035270319 kpc 0.621658467986517
break at:  0.436830532448
122 4.621827831457596 kpc 0.43683053244775155 kpc 0.5400675848862622
break at:  0.800893600629
123 4.76505073893982 kpc 0.8008936006285818 kpc 0.5189765022905553
break at:  0.631190462175
124 4.38969718314596 kpc 0.6311904621751699 kpc 0.6026829572353154
break at:  0.434490961684
125 4.557744139301093 kpc 0.43449096168417706 kpc 0.6032229801222103
break at:  0.39727653139
126 4.6655374411398896 kpc 0.39727653138955715 kpc 0.5434732241418684
break at:  0.594505551789
129 4.757051082714588 kpc 0.5945055517892057 kpc 0.5104789536414691
break at:  0.592427644676
131 4.721099837626954 kpc 0.5924276446761471 kpc 0.560966068898332
break at:  0.315629144976
133 4.191076337093157 kpc 0.3156291449764744 kpc 0.5680858340114971
break at:  0.473954060807
135 4.437180605128038 kpc 0.47395406080651514 kpc 0.6757541614450611
break at:  0.396498558024
137 4.640130612916311 kpc 0.39649855802376904 kpc 0.578362318365588
break at:  0.354780072005
139 4.465577722475743 kpc 0.35478007200457784 kpc 0.5253391483470492
break at:  0.162281190212
141 4.366081490612804 kpc 0.16228119021245468 kpc 0.5173577105182672
break at:  0.317600403077
143 4.276745391133371 kpc 0.3176004030773147 kpc 0.5618338666192814
StelMassEqualZero
break at:  1.05870223669
148 4.626552287139571 kpc 1.0587022366850698 kpc 0.5411320479848375
break at:  0.637870667647
153 4.485590387062192 kpc 0.6378706676471794 kpc 0.5265188831700273
break at:  0.571137732544
154 4.361191746943746 kpc 0.5711377325444735 kpc 0.5753542043462763
break at:  0.391214482504
155 4.469909353533342 kpc 0.39121448250352464 kpc 0.5270664231855234
break at:  0.465860515271
156 4.254747216618876 kpc 0.46586051527108274 kpc 0.5542657361513094
break at:  0.549907662944
157 4.017548902581063 kpc 0.5499076629441327 kpc 0.5903705459151887
break at:  0.421267262274
159 4.205813850379688 kpc 0.42126726227442 kpc 0.5522946032935429
break at:  1.22694997867
161 4.297741460972654 kpc 1.2269499786733018 kpc 0.5592552450608379
break at:  1.3923147182
162 4.488127166421838 kpc 1.3923147182034294 kpc 0.5812588810320419
break at:  1.11910347573
165 4.327505032019235 kpc 1.119103475727788 kpc 0.7876452163254571
break at:  1.24032618697
171 4.368213629267316 kpc 1.2403261869703066 kpc 0.6707471908072283
break at:  0.889640779244
177 4.069470820207788 kpc 0.889640779244161 kpc 0.6865894353309772
break at:  0.497918984454
179 3.975246304383272 kpc 0.49791898445355387 kpc 0.5908131184729767
break at:  0.312409976167
182 4.053740133127976 kpc 0.31240997616717336 kpc 0.5039222952980674
break at:  0.399816944807
183 3.6714626129669434 kpc 0.39981694480691116 kpc 0.5645583410952059
break at:  0.880494873082
185 3.9987854720835627 kpc 0.8804948730823188 kpc 0.7400804156486506
break at:  0.459016110258
186 4.1039832112022125 kpc 0.4590161102581024 kpc 0.5415214595674029
break at:  0.40990171834
187 3.917124013031811 kpc 0.409901718340047 kpc 0.5656858196075848
break at:  0.501359817231
188 4.038549191292644 kpc 0.5013598172309423 kpc 0.5325894975108151
break at:  0.304512214438
189 3.7300558276119578 kpc 0.30451221443797205 kpc 0.5809515420751151
break at:  0.410403662156
190 3.9296076573132463 kpc 0.41040366215584184 kpc 0.5713564347562231
break at:  1.20978002332
192 4.207843832726522 kpc 1.2097800233174756 kpc 0.5481765757488836
break at:  0.537539106354
194 3.8243280666009563 kpc 0.5375391063540532 kpc 0.5773564696552018
break at:  0.405876673363
195 3.8179007967718226 kpc 0.4058766733627119 kpc 0.5502800139483723
break at:  0.746632757968
197 4.182967627443924 kpc 0.7466327579678754 kpc 0.6066650415591486
break at:  1.04866901354
198 3.9101728813665715 kpc 1.0486690135425192 kpc 0.6617807651108436
break at:  1.92468534746
199 4.128643793483789 kpc 1.9246853474607069 kpc 0.6188692222716531
StelMassEqualZero
break at:  0.307662189906
201 3.856922502877117 kpc 0.3076621899055477 kpc 0.5019618648496873
break at:  0.338756023011
203 3.887416528363237 kpc 0.3387560230113526 kpc 0.562563901827082
break at:  1.08244745454
205 4.10841820194897 kpc 1.0824474545397917 kpc 0.7657290379008106
break at:  0.339207304092
209 3.902973349510198 kpc 0.33920730409188865 kpc 0.5701952039511318
break at:  1.14381878516
211 3.868439749472742 kpc 1.143818785156873 kpc 0.6238040138428069
break at:  0.334831606223
213 3.753870951874249 kpc 0.33483160622342395 kpc 0.6016425356857891
break at:  0.338042809351
214 3.862914599288632 kpc 0.3380428093510684 kpc 0.5065004827361705
break at:  0.405740726599
215 3.814576832182645 kpc 0.40574072659912186 kpc 0.5487545770213489
break at:  0.72053825583
217 3.9155398924625926 kpc 0.7205382558299946 kpc 0.5383359655916338
break at:  0.867725776941
219 3.9009494651549526 kpc 0.8677257769408041 kpc 0.6102090892225249
break at:  0.649123673625
222 3.8374128365682556 kpc 0.649123673625132 kpc 0.5357387149053283
break at:  0.654638797725
224 3.901246518492094 kpc 0.6546387977254279 kpc 0.546754636511812
StelMassEqualZero
break at:  0.70988798833
230 3.8087380855604676 kpc 0.7098879883300733 kpc 0.5322232824899286
break at:  0.47855225894
233 3.6294261821754685 kpc 0.47855225894018544 kpc 0.5635257683465932
break at:  0.706064416475
234 3.770727730498507 kpc 0.7060644164750728 kpc 0.5275419601757069
break at:  1.2760103175
235 3.9568076194988833 kpc 1.2760103174956474 kpc 0.5659438887609956
break at:  0.225589410652
236 3.396626095376456 kpc 0.2255894106517643 kpc 0.6674514973766381
break at:  0.297494240774
237 3.4578434597434087 kpc 0.29749424077361436 kpc 0.611835395915784
break at:  0.759144041261
238 3.635588290522924 kpc 0.7591440412613356 kpc 0.8463856406603562
break at:  0.157999972488
240 3.5442527776773556 kpc 0.15799997248814776 kpc 0.5210634858400749
break at:  1.59615566075
241 3.664357312307834 kpc 1.5961556607532792 kpc 1.0003440628360307
break at:  0.534873785795
243 3.7833615528477234 kpc 0.5348737857953216 kpc 0.5452713672798857
break at:  0.226631919752
245 3.4651709883996067 kpc 0.22663191975187746 kpc 0.5147256427188246
break at:  0.247781321571
247 3.442448116330737 kpc 0.24778132157082472 kpc 0.5304914381027931
break at:  0.157239840365
248 3.4134082597011153 kpc 0.15723984036457514 kpc 0.5187469444641741
break at:  0.331193530344
249 3.632833833319482 kpc 0.3311935303442227 kpc 0.546297406086933
break at:  0.528963798429
250 3.693370642567313 kpc 0.5289637984287618 kpc 0.5148829735150223
break at:  0.22752572268
252 3.524781313200581 kpc 0.22752572268000296 kpc 0.5011035543454325
break at:  2.85599973892
254 3.776342216575712 kpc 2.855999738917129 kpc 1.0003440628360305
break at:  0.295687765762
257 3.390067972726747 kpc 0.2956877657619141 kpc 0.5753488237878255
break at:  0.563819497922
261 3.481880565420842 kpc 0.5638194979217149 kpc 0.5024511167268161
break at:  0.510443311899
262 3.418899137231123 kpc 0.5104433118987846 kpc 0.6737802623009016
break at:  0.292479958413
263 3.2719929932117844 kpc 0.2924799584130194 kpc 0.5522578591566167
break at:  0.15730082523
266 3.423748129276048 kpc 0.15730082523021036 kpc 0.504317166118786
break at:  0.480425872291
269 3.6621077966612403 kpc 0.48042587229069733 kpc 0.506254030640652
break at:  0.295749496637
270 3.392368687815323 kpc 0.29574949663665606 kpc 0.5233747854374159
break at:  0.524861844892
274 3.6315958048743893 kpc 0.5248618448918473 kpc 0.5166186939597138
break at:  0.323225357169
275 3.3768850087234505 kpc 0.3232253571691391 kpc 0.678405564415492
break at:  0.170807134631
277 3.2455555527404405 kpc 0.1708071346307809 kpc 0.6017881821826175
break at:  0.3947291414
278 3.55122258341954 kpc 0.3947291414000395 kpc 0.5759927305551171
break at:  0.72770486865
280 3.37296343884494 kpc 0.7277048686504716 kpc 0.6142416574766763
break at:  0.156979883399
281 3.3696377651550704 kpc 0.15697988339920396 kpc 0.5583517493200195
break at:  1.46243166596
283 3.68829613108595 kpc 1.4624316659638092 kpc 1.0003440628360307
break at:  1.20280118021
284 3.6331221460939793 kpc 1.202801180211014 kpc 1.0003440628360307
break at:  0.677965545952
285 3.496804087425816 kpc 0.677965545952015 kpc 0.7342569888878538
break at:  0.187296594033
287 3.2989881774904224 kpc 0.18729659403315269 kpc 0.5990072070757702
break at:  2.33457254828
288 3.710345407207688 kpc 2.3345725482830892 kpc 0.9116473467701798
break at:  0.287847645981
289 3.1065526393596787 kpc 0.28784764598086704 kpc 0.5041150013986362
break at:  1.39808159217
291 3.4717123197662896 kpc 1.3980815921666958 kpc 1.0003440628360307
break at:  1.08324414721
292 2.7620147224775193 kpc 1.08324414720896 kpc 0.5239793261741538
break at:  0.80610108252
293 3.442875621350674 kpc 0.8061010825199029 kpc 0.6184699807575418
break at:  0.382010755968
294 3.261343453991858 kpc 0.382010755967512 kpc 0.5018007245047889
break at:  0.377185160728
296 3.155309431898374 kpc 0.37718516072805114 kpc 0.5218867511512937
break at:  0.56164106184
297 3.4543226973855514 kpc 0.561641061839915 kpc 0.6124220834559513
break at:  0.261398975745
299 3.016698751751278 kpc 0.2613989757446483 kpc 0.5556575650652903
break at:  0.186503242998
300 3.2218838172612867 kpc 0.18650324299809476 kpc 0.6114483587890754
break at:  0.6075976806
302 3.373272371913533 kpc 0.6075976806003124 kpc 0.6094682499924196
break at:  0.417327099091
307 3.25395602599152 kpc 0.4173270990912224 kpc 0.530632731535831
break at:  0.245697596144
308 3.330914913917167 kpc 0.24569759614417236 kpc 0.6064555255509171
StelMassEqualZero
break at:  0.222007653022
312 3.1690403179815076 kpc 0.2220076530222985 kpc 0.6292934879450687
break at:  0.413161134634
314 3.175346967557903 kpc 0.4131611346337704 kpc 0.579227463631843
break at:  1.19088520829
315 3.5812472141731884 kpc 1.1908852082916832 kpc 1.0003440628360307
break at:  0.155830697154
317 3.181951136927613 kpc 0.15583069715385442 kpc 0.5440215619658483
break at:  1.719485951
318 3.582706089757764 kpc 1.719485950998849 kpc 0.8129652625328421
break at:  0.590510234409
320 3.1907552060217554 kpc 0.5905102344091878 kpc 0.9578698814632767
break at:  0.1
321 3.1732754043455755 kpc 0.1 kpc 0.8905615902745947
break at:  0.779657079252
322 3.253556278790865 kpc 0.7796570792518822 kpc 0.6316955942841327
break at:  0.155217389242
323 3.0855665638577707 kpc 0.15521738924232023 kpc 0.5615463702475195
break at:  0.169385956111
324 3.073994592514388 kpc 0.169385956110598 kpc 0.5446395294265008
break at:  0.525932490415
326 3.0185869222545767 kpc 0.525932490414947 kpc 0.5570953755773012
break at:  0.130171660559
327 3.08115669671143 kpc 0.13017166055908896 kpc 0.5016118271904016
break at:  2.03103035861
328 3.511422082139836 kpc 2.031030358614336 kpc 0.911935464390771
break at:  0.476702792731
329 2.9480624229878103 kpc 0.4767027927305703 kpc 0.5094344764189517
break at:  0.283839133463
330 2.9681434392543293 kpc 0.2838391334629967 kpc 0.7703643831608801
break at:  0.28646446602
332 3.058299154378338 kpc 0.28646446602044806 kpc 0.5675094631311633
break at:  0.380299315792
336 3.2234906478668037 kpc 0.3802993157915908 kpc 0.5885822657315681
break at:  0.370044088598
340 3.002334135786003 kpc 0.3700440885980741 kpc 0.5259438368718058
break at:  0.340823452895
341 3.0442124493723512 kpc 0.34082345289521815 kpc 0.8404379000594012
StelMassEqualZero
StelMassEqualZero
break at:  0.446643268657
346 3.098036466299206 kpc 0.4466432686570595 kpc 0.6917903808012515
break at:  0.287509245161
349 3.0946988742897075 kpc 0.28750924516095727 kpc 0.6135710028884227
break at:  0.580097376708
351 3.081958297936406 kpc 0.5800973767080534 kpc 0.7004871948612594
break at:  0.403369435631
352 2.9950290006377895 kpc 0.4033694356306192 kpc 0.5726187335315271
break at:  0.450706224631
353 3.16306958613882 kpc 0.45070622463062204 kpc 0.5819794916048799
break at:  0.491983391059
355 3.156646551333129 kpc 0.49198339105915506 kpc 1.0003440628360307
break at:  0.168439572936
356 2.9640590787597922 kpc 0.16843957293641285 kpc 0.580115163344164
break at:  0.14184968146
357 3.0222233560252216 kpc 0.1418496814600207 kpc 0.5192897544638329
StelMassEqualZero
break at:  0.263986871848
360 3.123927796730989 kpc 0.2639868718481898 kpc 0.6907526091300153
break at:  0.259893648165
361 2.9555558971476823 kpc 0.2598936481650994 kpc 0.6411980340995368
StelMassEqualZero
break at:  0.255893899605
364 2.7974217225654696 kpc 0.2558938996046038 kpc 0.5609087638419952
break at:  0.289049107704
365 3.1488923033572553 kpc 0.2890491077043998 kpc 0.6556783166493285
break at:  1.50800150475
367 3.403472981950252 kpc 1.5080015047541735 kpc 0.8473169776707805
StelMassEqualZero
break at:  0.129689098661
371 2.93592620240215 kpc 0.12968909866096956 kpc 0.5587592594184161
StelMassEqualZero
break at:  0.118898203408
373 2.9236016645536473 kpc 0.1188982034080502 kpc 0.5346878604169559
break at:  0.183516636664
374 2.9447530955107517 kpc 0.1835166366644909 kpc 0.5937735345510516
break at:  0.235139733994
375 2.8065416261224274 kpc 0.23513973399435228 kpc 0.5249346623404588
break at:  0.283459686983
376 2.955267075972353 kpc 0.2834596869834088 kpc 0.5399813744533402
break at:  0.707623045519
378 3.2097198326452245 kpc 0.7076230455191508 kpc 0.5236016785119799
break at:  0.200951539749
379 3.003103318462553 kpc 0.20095153974925262 kpc 0.6350398979245965
break at:  0.390651795872
380 2.7700505776448776 kpc 0.3906517958716094 kpc 0.5062016929767919
break at:  1.43094354824
381 3.1791370553223492 kpc 1.4309435482405117 kpc 0.8002752502604609
break at:  0.141183430047
382 2.886631565561023 kpc 0.14118343004658138 kpc 0.5298641745021279
StelMassEqualZero
break at:  0.335522912857
384 2.9141492914546987 kpc 0.33552291285678887 kpc 0.500982441333209
StelMassEqualZero
break at:  0.201028308551
388 3.0087003760203213 kpc 0.20102830855139664 kpc 0.5446517470574287
break at:  0.370374681747
389 3.0093129733576065 kpc 0.3703746817473935 kpc 0.624567995141376
break at:  0.438457090387
390 2.969315071069 kpc 0.43845709038668584 kpc 0.621591925307866
StelMassEqualZero
break at:  0.371316430535
393 3.0292480291924906 kpc 0.37131643053474944 kpc 0.5128388859478865
break at:  0.777344005351
395 2.8005706775325065 kpc 0.7773440053511037 kpc 0.5614192658509537
break at:  0.307475863456
396 2.90692006290589 kpc 0.30747586345570177 kpc 0.8739484844732286
break at:  0.838465588797
397 3.1671127219481177 kpc 0.8384655887967007 kpc 0.7739614134869116
StelMassEqualZero
break at:  0.762879498359
401 3.1357276789009303 kpc 0.7628794983589652 kpc 0.601811267748893
break at:  0.552457171909
403 2.802091424312187 kpc 0.5524571719091422 kpc 0.601776260030795
break at:  0.39618787331
404 2.866712381547713 kpc 0.3961878733099903 kpc 0.5135923454569792
break at:  1.13816629933
406 3.3545207882452006 kpc 1.138166299334213 kpc 0.9836921101543072
StelMassEqualZero
break at:  0.196815469472
408 2.7135557503255523 kpc 0.19681546947242498 kpc 0.5323920322495774
break at:  0.300298388914
409 2.7080645165727613 kpc 0.3002983889141134 kpc 0.6332108780885836
break at:  0.431377924875
410 2.8604789137244873 kpc 0.4313779248753294 kpc 0.5468983916413312
StelMassEqualZero
break at:  0.198715587254
412 2.843679719811696 kpc 0.1987155872544507 kpc 0.5634124669303447
break at:  1.19544123237
413 3.168421075170853 kpc 1.1954412323709687 kpc 0.632570510337443
break at:  0.215342671635
414 2.7769224579133813 kpc 0.2153426716353388 kpc 0.542954339791652
break at:  0.308423046819
415 2.9338673182933106 kpc 0.30842304681869 kpc 0.5416189030229648
break at:  0.357840383463
417 2.7516444185052005 kpc 0.3578403834629409 kpc 0.5386576502220425
break at:  0.672101766175
421 2.5295427218821858 kpc 0.6721017661746423 kpc 0.8179825522329157
break at:  0.355972118939
422 2.714448195859905 kpc 0.3559721189390616 kpc 0.6244156433578585
break at:  0.140236599218
424 2.7033256894320816 kpc 0.14023659921796833 kpc 0.5527736199991081
StelMassEqualZero
break at:  0.436306096533
427 2.936002825665249 kpc 0.43630609653300445 kpc 0.6466913172365841
break at:  0.431294386652
431 2.859208259656054 kpc 0.4312943866521146 kpc 0.6013757983065828
break at:  0.218401080902
434 2.9519164522455554 kpc 0.21840108090234697 kpc 0.5592137517411172
break at:  0.274135692389
435 2.6508682820253693 kpc 0.2741356923894206 kpc 0.5045881224662985
break at:  0.417294325366
436 2.6507455434100105 kpc 0.4172943253658672 kpc 0.8551447486333451
break at:  0.702489671766
438 2.7265085297229845 kpc 0.7024896717659006 kpc 0.5701428219285357
break at:  0.128026887935
439 2.4826497545821207 kpc 0.1280268879348444 kpc 0.5064240949765244
StelMassEqualZero
break at:  0.139342571857
441 2.539903785066162 kpc 0.13934257185679205 kpc 0.548759980123339
break at:  0.195936118327
442 2.6549612551287325 kpc 0.1959361183267219 kpc 0.5256952361415108
StelMassEqualZero
break at:  0.398138661564
445 2.901240512983941 kpc 0.39813866156426386 kpc 0.5017523537851625
break at:  0.358787498786
446 2.7706201384298255 kpc 0.35878749878606875 kpc 0.9319350122886887
break at:  0.465789942426
449 2.80378837907863 kpc 0.4657899424257761 kpc 0.6865798599734207
StelMassEqualZero
break at:  1.0764274621
451 3.0948860712823882 kpc 1.0764274621044312 kpc 0.618796879609951
StelMassEqualZero
break at:  0.214703483138
453 2.7413809483784037 kpc 0.21470348313792628 kpc 0.5547963214035114
break at:  0.274189943675
454 2.6525736285672363 kpc 0.27418994367477423 kpc 0.5977817964169365
break at:  0.164410635236
455 2.532470515037984 kpc 0.16441063523621272 kpc 0.50453670365767
break at:  0.233861826372
456 2.747523491992591 kpc 0.23386182637247974 kpc 0.5604979219670311
break at:  0.383123383361
457 2.641727286464711 kpc 0.38312338336075896 kpc 0.5429221290940917
break at:  0.420167376997
461 2.692800428203232 kpc 0.42016737699702067 kpc 0.6467025605553052
StelMassEqualZero
break at:  0.193986336326
469 2.5286243281037524 kpc 0.19398633632606316 kpc 0.5159261018702186
break at:  0.332579146146
471 2.843481428400607 kpc 0.332579146146101 kpc 0.5398682243876993
StelMassEqualZero
break at:  0.323499560193
473 2.6324639643784233 kpc 0.32349956019271925 kpc 0.6756484689453653
break at:  0.774179773964
475 2.7820693963242955 kpc 0.7741797739639367 kpc 0.9047008930124364
StelMassEqualZero
break at:  0.446100124799
477 2.1530064911965088 kpc 0.44610012479929084 kpc 0.506682252723641
break at:  0.302629537435
478 2.7716216309635415 kpc 0.3026295374347285 kpc 0.5600322941254671
StelMassEqualZero
StelMassEqualZero
break at:  0.360459568802
481 2.8043166660206373 kpc 0.36045956880197066 kpc 0.5586950262145365
break at:  0.128057235722
482 2.490311053852632 kpc 0.12805723572235317 kpc 0.5516053068928031
break at:  0.327747349127
484 2.729888318366266 kpc 0.3277473491271868 kpc 0.5938445077870596
StelMassEqualZero
break at:  0.228402390627
486 2.5057198674321555 kpc 0.22840239062729498 kpc 0.8072164603729256
StelMassEqualZero
StelMassEqualZero
break at:  0.1
490 2.705399727491312 kpc 0.1 kpc 0.6002064377016184
StelMassEqualZero
StelMassEqualZero
StelMassEqualZero
break at:  0.83292002166
496 2.72986487624116 kpc 0.8329200216598752 kpc 0.9196582280886012
break at:  0.128069648618
498 2.493450973354112 kpc 0.1280696486175544 kpc 0.5399386243495173
StelMassEqualZero
StelMassEqualZero
break at:  0.194321385081
502 2.549986681669354 kpc 0.19432138508142704 kpc 0.556788967841428
StelMassEqualZero
break at:  0.324389629628
505 2.652690222254845 kpc 0.32438962962777707 kpc 0.7790963006742121
StelMassEqualZero
break at:  0.1
508 2.5514561493349 kpc 0.1 kpc 1.0003440628360307
break at:  0.46231630273
509 2.7586818526503096 kpc 0.4623163027297139 kpc 0.5675710994812244
StelMassEqualZero
StelMassEqualZero
break at:  0.560762510387
515 2.4580432385010536 kpc 0.5607625103866164 kpc 1.0003440628360305
StelMassEqualZero
break at:  0.405134657604
517 2.4768773328760703 kpc 0.40513465760378803 kpc 0.7750693416640863
break at:  0.2305266016
519 2.5978381316824186 kpc 0.23052660160014038 kpc 0.5379819308942514
StelMassEqualZero
StelMassEqualZero
StelMassEqualZero
break at:  0.179361740088
523 2.5920149678019095 kpc 0.17936174008779285 kpc 0.5547075730710916
break at:  0.22948072326
524 2.5521736411354183 kpc 0.22948072326039898 kpc 0.6006638746594117
break at:  0.128306210947
525 2.5539937982150533 kpc 0.1283062109470872 kpc 0.56814317697315
break at:  0.40252122001
526 2.4403752608062397 kpc 0.4025212200096416 kpc 0.5013042479204572
break at:  0.212646843406
528 2.6293924281637318 kpc 0.21264684340616596 kpc 0.6257380470152235
StelMassEqualZero
StelMassEqualZero
StelMassEqualZero
StelMassEqualZero
break at:  0.344819279962
539 2.4988374476351134 kpc 0.34481927996241246 kpc 0.6189984033006329
break at:  0.604396965853
540 2.4270085511561006 kpc 0.6043969658525329 kpc 0.5652034747484969
