yt : [INFO     ] 2017-07-25 11:57:17,273 Parameters: current_time              = 2.98248939056e+16
yt : [INFO     ] 2017-07-25 11:57:17,273 Parameters: domain_dimensions         = [2 2 2]
yt : [INFO     ] 2017-07-25 11:57:17,274 Parameters: domain_left_edge          = [ 0.  0.  0.]
yt : [INFO     ] 2017-07-25 11:57:17,274 Parameters: domain_right_edge         = [  1.90744739e+25   1.90744739e+25   1.90744739e+25]
yt : [INFO     ] 2017-07-25 11:57:17,274 Parameters: cosmological_simulation   = 1
yt : [INFO     ] 2017-07-25 11:57:17,274 Parameters: current_redshift          = 5.99999984663
yt : [INFO     ] 2017-07-25 11:57:17,274 Parameters: omega_lambda              = 0.712
yt : [INFO     ] 2017-07-25 11:57:17,275 Parameters: omega_matter              = 0.288
yt : [INFO     ] 2017-07-25 11:57:17,275 Parameters: hubble_constant           = 0.6933
yt : [INFO     ] 2017-07-25 11:57:17,402 Parameters: current_time              = 125.48444577791
yt : [INFO     ] 2017-07-25 11:57:17,402 Parameters: domain_dimensions         = [128 128 128]
yt : [INFO     ] 2017-07-25 11:57:17,402 Parameters: domain_left_edge          = [ 0.  0.  0.]
yt : [INFO     ] 2017-07-25 11:57:17,403 Parameters: domain_right_edge         = [ 1.  1.  1.]
yt : [INFO     ] 2017-07-25 11:57:17,403 Parameters: cosmological_simulation   = 1
yt : [INFO     ] 2017-07-25 11:57:17,403 Parameters: current_redshift          = 5.9999998466326
yt : [INFO     ] 2017-07-25 11:57:17,403 Parameters: omega_lambda              = 0.712
yt : [INFO     ] 2017-07-25 11:57:17,403 Parameters: omega_matter              = 0.288
yt : [INFO     ] 2017-07-25 11:57:17,403 Parameters: hubble_constant           = 0.6933
yt : [INFO     ] 2017-07-25 11:57:17,406 Allocating for 4.425e+03 particles (index particle type 'all')
yt : [INFO     ] 2017-07-25 11:57:17,410 Identified 1.665e+03 octs
IsSatellite
IsSatellite
IsSatellite
IsSatellite
IsSatellite
14 4.050418931780382e+39 solMass / solMass
IsSatellite
IsSatellite
22 6.005500518525854e+39 solMass / solMass
26 9.045324119729277e+39 solMass / solMass
IsSatellite
IsSatellite
IsSatellite
35 9.481324219703696 solMass / solMass
IsSatellite
40 16.573023715958477 solMass / solMass
IsSatellite
42 3.8569019233995907 solMass / solMass
45 11.217507731052953 solMass / solMass
46 155.50113242023733 solMass / solMass
50 5.691131853706742 solMass / solMass
51 3.164416105517076 solMass / solMass
52 3.9888965660605464 solMass / solMass
61 181.1098550790224 solMass / solMass
62 13.329064761193475 solMass / solMass
63 6.39075898209119 solMass / solMass
64 12.08390197263362 solMass / solMass
65 18.623807580488783 solMass / solMass
68 17.05421505415733 solMass / solMass
69 210.8244835396782 solMass / solMass
71 31.49801382609486 solMass / solMass
72 28.205470827004426 solMass / solMass
75 5.624229663314167 solMass / solMass
76 11.258872387704251 solMass / solMass
77 220.27714953809914 solMass / solMass
79 3.299973746643222 solMass / solMass
80 8.898199913015384 solMass / solMass
82 0.7723519019312702 solMass / solMass
84 4.010210680543088 solMass / solMass
85 3.1683958161293754e+40 solMass / solMass
86 7.1490466558381 solMass / solMass
87 40.95721442397156 solMass / solMass
89 2.624922194718209e+40 solMass / solMass
91 6.45384339891046 solMass / solMass
92 257.70549608810296 solMass / solMass
94 0.8134213549203562 solMass / solMass
95 1.41688694582721 solMass / solMass
99 39.85717418900063 solMass / solMass
101 5.88462438335198 solMass / solMass
105 1.6069676934784953 solMass / solMass
107 281.967108629598 solMass / solMass
108 3.1675199044527347e+40 solMass / solMass
109 352.33891930260296 solMass / solMass
110 31.309436121304774 solMass / solMass
111 10.377614562293342 solMass / solMass
113 4.238323692009355e+40 solMass / solMass
114 3.8071402453945036e+40 solMass / solMass
116 1.9878576308969085 solMass / solMass
117 4.454384833069707 solMass / solMass
118 2.001113925335126 solMass / solMass
119 31.01145904259343 solMass / solMass
121 65.33236460956755 solMass / solMass
122 4.497263816262047 solMass / solMass
123 4.408039290124442e+40 solMass / solMass
124 40.17185247134372 solMass / solMass
125 7.5799197535235185 solMass / solMass
126 2.0609516767136657 solMass / solMass
129 2.1341451105836096 solMass / solMass
131 2.6538982092311727 solMass / solMass
133 1.62896769669562 solMass / solMass
135 39.747065756698824 solMass / solMass
137 7.440424201298419 solMass / solMass
139 2.4040655135907247 solMass / solMass
141 6.88270081527295 solMass / solMass
143 14.046610119504333 solMass / solMass
IsSatellite
148 477.45325768830816 solMass / solMass
153 32.18070943045767 solMass / solMass
154 3.1918292238626567 solMass / solMass
155 522.9870601291592 solMass / solMass
156 6.057302378260273 solMass / solMass
157 3.674631186401392 solMass / solMass
159 12.39260029445811 solMass / solMass
161 18.90476341330273 solMass / solMass
162 528.9423298302878 solMass / solMass
165 37.13296066399217 solMass / solMass
171 43.187958250840595 solMass / solMass
177 6.121507113322857 solMass / solMass
179 17.552458114937735 solMass / solMass
182 15.764014091983608 solMass / solMass
183 13.631569115646197 solMass / solMass
185 107.83960384607191 solMass / solMass
186 45.23483193785754 solMass / solMass
187 25.900494537285454 solMass / solMass
188 235.93217932374327 solMass / solMass
189 4.14054771079609 solMass / solMass
190 18.7190583072856 solMass / solMass
192 5.927136261771733 solMass / solMass
194 15.468176773626217 solMass / solMass
195 8.569867874694771e+40 solMass / solMass
197 15.133405515116191 solMass / solMass
198 9.663536135439738 solMass / solMass
199 51.58503091637488 solMass / solMass
IsSatellite
201 11.040230217795045 solMass / solMass
203 8.720123206435925 solMass / solMass
205 6.877397258557426e+40 solMass / solMass
209 79.84852528706381 solMass / solMass
