yt : [INFO     ] 2017-08-01 14:29:17,805 Parameters: current_time              = 2.98248939056e+16
yt : [INFO     ] 2017-08-01 14:29:17,805 Parameters: domain_dimensions         = [2 2 2]
yt : [INFO     ] 2017-08-01 14:29:17,806 Parameters: domain_left_edge          = [ 0.  0.  0.]
yt : [INFO     ] 2017-08-01 14:29:17,806 Parameters: domain_right_edge         = [  1.90744739e+25   1.90744739e+25   1.90744739e+25]
yt : [INFO     ] 2017-08-01 14:29:17,807 Parameters: cosmological_simulation   = 1
yt : [INFO     ] 2017-08-01 14:29:17,807 Parameters: current_redshift          = 5.99999984663
yt : [INFO     ] 2017-08-01 14:29:17,807 Parameters: omega_lambda              = 0.712
yt : [INFO     ] 2017-08-01 14:29:17,807 Parameters: omega_matter              = 0.288
yt : [INFO     ] 2017-08-01 14:29:17,807 Parameters: hubble_constant           = 0.6933
yt : [INFO     ] 2017-08-01 14:29:17,929 Parameters: current_time              = 125.48444577791
yt : [INFO     ] 2017-08-01 14:29:17,929 Parameters: domain_dimensions         = [128 128 128]
yt : [INFO     ] 2017-08-01 14:29:17,929 Parameters: domain_left_edge          = [ 0.  0.  0.]
yt : [INFO     ] 2017-08-01 14:29:17,930 Parameters: domain_right_edge         = [ 1.  1.  1.]
yt : [INFO     ] 2017-08-01 14:29:17,930 Parameters: cosmological_simulation   = 1
yt : [INFO     ] 2017-08-01 14:29:17,930 Parameters: current_redshift          = 5.9999998466326
yt : [INFO     ] 2017-08-01 14:29:17,930 Parameters: omega_lambda              = 0.712
yt : [INFO     ] 2017-08-01 14:29:17,930 Parameters: omega_matter              = 0.288
yt : [INFO     ] 2017-08-01 14:29:17,930 Parameters: hubble_constant           = 0.6933
yt : [INFO     ] 2017-08-01 14:29:17,933 Allocating for 4.425e+03 particles (index particle type 'all')
yt : [INFO     ] 2017-08-01 14:29:17,938 Identified 1.665e+03 octs
TimeNow:  0.944867546029586 Gyr
IsSatellite
IsSatellite
IsSatellite
IsSatellite
IsSatellite
Parsing Hierarchy :   0%|          | 0/19448 [00:00<?, ?it/s]Parsing Hierarchy :   3%|▎         | 584/19448 [00:00<00:03, 5839.11it/s]Parsing Hierarchy :  14%|█▍        | 2748/19448 [00:00<00:01, 10577.76it/s]Parsing Hierarchy :  25%|██▌       | 4906/19448 [00:00<00:01, 13875.11it/s]Parsing Hierarchy :  31%|███▏      | 6094/19448 [00:00<00:01, 12879.89it/s]Parsing Hierarchy :  42%|████▏     | 8238/19448 [00:00<00:00, 15446.72it/s]Parsing Hierarchy :  53%|█████▎    | 10370/19448 [00:00<00:00, 17208.37it/s]Parsing Hierarchy :  64%|██████▍   | 12479/19448 [00:00<00:00, 18371.53it/s]Parsing Hierarchy :  75%|███████▍  | 14491/19448 [00:00<00:00, 16480.42it/s]Parsing Hierarchy :  85%|████████▌ | 16606/19448 [00:00<00:00, 17878.79it/s]Parsing Hierarchy :  97%|█████████▋| 18774/19448 [00:01<00:00, 19017.05it/s]Parsing Hierarchy : 100%|██████████| 19448/19448 [00:01<00:00, 17510.97it/s]
yt : [INFO     ] 2017-08-01 14:29:22,896 Gathering a field list (this may take a moment.)
14 1.4660171001889762e+26 1 / s
IsSatellite
IsSatellite
22 4.7898709975987226e+25 1 / s
26 3.671449741888411e+24 1 / s
IsSatellite
IsSatellite
IsSatellite
35 5.398590852793578e+25 1 / s
IsSatellite
40 4.3845473515026985e+23 1 / s
IsSatellite
42 3.1647928173729387e+25 1 / s
45 3.128336726574267e+25 1 / s
46 1.1259126418931511e+25 1 / s
50 1.2054190590320055e+25 1 / s
51 2.361210999877477e+24 1 / s
52 0.0 1 / s
61 3.3115320342899164e+25 1 / s
62 1.4637669932064325e+25 1 / s
63 8.793257787354664e+24 1 / s
64 0.0 1 / s
65 2.57173409326143e+25 1 / s
68 0.0 1 / s
69 0.0 1 / s
71 1.33544779960521e+22 1 / s
72 6.163979343084064e+23 1 / s
75 1.1310284432119165e+24 1 / s
76 2.167811389879916e+25 1 / s
77 6.548920841968034e+24 1 / s
79 9.024255758374751e+24 1 / s
80 8.635089513247009e+24 1 / s
82 4.148857739795932e+24 1 / s
84 1.6663218844577306e+25 1 / s
85 6.941505791961037e+24 1 / s
86 2.4965482005735953e+25 1 / s
87 3.132719698157025e+24 1 / s
89 3.002667548015224e+24 1 / s
91 0.0 1 / s
92 9.933600774702508e+24 1 / s
94 1.1830586411574945e+22 1 / s
95 1.0146192080775625e+25 1 / s
99 8.012491609815544e+24 1 / s
101 1.9138527173939361e+25 1 / s
105 6.449478810274599e+23 1 / s
107 7.307875915914008e+24 1 / s
108 3.7022485635074497e+24 1 / s
109 1.212636209576089e+25 1 / s
110 1.0204181667513264e+25 1 / s
111 9.148273297842023e+24 1 / s
113 8.418645031090926e+23 1 / s
114 4.3359228891322993e+24 1 / s
116 8.790377308027751e+24 1 / s
117 3.371473304645344e+24 1 / s
118 7.976489509016142e+23 1 / s
119 9.469407834922673e+24 1 / s
121 7.764625131652052e+24 1 / s
122 0.0 1 / s
123 8.87909957300502e+24 1 / s
124 1.4867313260735486e+24 1 / s
125 3.889283883476631e+24 1 / s
126 0.0 1 / s
129 0.0 1 / s
131 2.1760627116150313e+24 1 / s
133 4.836791684331225e+24 1 / s
135 6.967096795148188e+24 1 / s
137 6.6781799200214e+24 1 / s
139 1.0618995980704512e+25 1 / s
141 7.898881277173497e+24 1 / s
143 1.2086423815422013e+25 1 / s
IsSatellite
148 3.192714985605637e+22 1 / s
153 3.026805342248839e+23 1 / s
154 7.592016201504089e+24 1 / s
155 0.0 1 / s
156 0.0 1 / s
157 6.601921142811645e+24 1 / s
159 5.052990398440273e+24 1 / s
161 1.5490195840084225e+23 1 / s
162 1.6920269525511415e+25 1 / s
165 8.300864423223448e+22 1 / s
171 2.2946260161388824e+24 1 / s
177 4.2235595537315065e+23 1 / s
179 4.029458564526384e+24 1 / s
182 4.273984153565099e+23 1 / s
183 7.209476615143059e+24 1 / s
185 9.559475663745809e+23 1 / s
186 1.4392021202504625e+23 1 / s
187 5.9176795551623164e+23 1 / s
188 0.0 1 / s
189 2.1235526499364695e+24 1 / s
190 6.814604530844333e+24 1 / s
192 3.111656922601534e+22 1 / s
194 5.122755452106646e+24 1 / s
195 8.758226437917803e+22 1 / s
197 0.0 1 / s
198 3.417225069262876e+24 1 / s
199 8.968782862377263e+22 1 / s
IsSatellite
201 5.647088286919495e+24 1 / s
203 3.1113917006193847e+24 1 / s
205 0.0 1 / s
209 5.963928043589935e+21 1 / s
211 7.317040016285e+23 1 / s
213 1.2047465364948728e+24 1 / s
214 5.866918402251129e+24 1 / s
215 1.0973219067567942e+24 1 / s
217 0.0 1 / s
219 2.068499958937594e+24 1 / s
222 0.0 1 / s
224 0.0 1 / s
IsSatellite
230 2.576868246125659e+22 1 / s
233 0.0 1 / s
234 0.0 1 / s
235 0.0 1 / s
236 3.0293797463298495e+23 1 / s
237 4.8243281965637135e+24 1 / s
238 2.5555285762269465e+24 1 / s
240 6.669170154202369e+24 1 / s
241 7.196010601252313e+21 1 / s
243 0.0 1 / s
245 4.903567965098509e+24 1 / s
247 8.927122260315673e+24 1 / s
248 1.8498046564880183e+24 1 / s
249 0.0 1 / s
250 0.0 1 / s
252 1.1616982203946533e+23 1 / s
254 1.358449484027758e+24 1 / s
257 5.157249872934168e+24 1 / s
261 1.0629506941850379e+24 1 / s
262 2.1384174017624137e+24 1 / s
263 2.1324268866741587e+24 1 / s
266 1.0646833913398139e+24 1 / s
269 0.0 1 / s
270 2.1569595957907284e+24 1 / s
274 0.0 1 / s
275 7.189331416860775e+22 1 / s
277 1.0826244587728902e+23 1 / s
278 0.0 1 / s
280 1.173331673597002e+22 1 / s
281 3.655481951941107e+24 1 / s
283 0.0 1 / s
284 1.1827538628405994e+23 1 / s
285 1.916048547897492e+24 1 / s
287 1.6219718407121157e+23 1 / s
288 2.856622317810462e+23 1 / s
289 4.933962144867032e+24 1 / s
291 2.761680629775016e+22 1 / s
292 1.4076342197296405e+24 1 / s
293 0.0 1 / s
294 2.800190342811509e+24 1 / s
296 9.178619491237247e+23 1 / s
297 1.0696169092864954e+24 1 / s
299 9.89569802444179e+22 1 / s
300 9.124414343345142e+22 1 / s
302 5.083721779750895e+23 1 / s
307 1.0978439206825406e+24 1 / s
308 3.4552847479335724e+23 1 / s
310 0.0 1 / s
312 1.1038519443124048e+24 1 / s
314 3.2832004255693706e+24 1 / s
315 1.2307402361390287e+23 1 / s
317 1.8816118404108286e+24 1 / s
318 7.516611452046144e+22 1 / s
320 6.793962608751959e+22 1 / s
321 6.677238998026051e+22 1 / s
322 3.097279167618118e+24 1 / s
323 1.563610035349161e+23 1 / s
324 2.735279694422327e+24 1 / s
326 0.0 1 / s
327 2.1924169864067396e+24 1 / s
328 1.2144715586618532e+24 1 / s
329 0.0 1 / s
330 2.5023142820970055e+23 1 / s
332 4.496109833241009e+24 1 / s
336 1.510184990255408e+24 1 / s
340 1.6621701553171106e+24 1 / s
341 8.009444475111094e+22 1 / s
IsSatellite
345 0.0 1 / s
346 3.093234046041963e+23 1 / s
349 5.371925343923245e+23 1 / s
351 6.897522390046002e+22 1 / s
352 0.0 1 / s
353 1.9902024093271585e+22 1 / s
355 1.9902024093271585e+22 1 / s
356 1.6282943696264357e+24 1 / s
357 2.125712036734899e+23 1 / s
359 0.0 1 / s
360 1.7863186846141958e+23 1 / s
361 2.1189861628990704e+24 1 / s
RadiusEqualZero
364 2.227345878451964e+24 1 / s
365 3.539643495263201e+22 1 / s
367 8.015929120151422e+22 1 / s
368 0.0 1 / s
371 1.0521712687345005e+24 1 / s
372 0.0 1 / s
373 6.579969322421124e+22 1 / s
374 3.641050374403856e+23 1 / s
375 2.7048517944995944e+24 1 / s
376 2.478088296690842e+24 1 / s
378 0.0 1 / s
379 6.635088805263914e+22 1 / s
380 2.5509296659643454e+22 1 / s
381 0.0 1 / s
382 3.6755720307405476e+24 1 / s
383 0.0 1 / s
384 1.9610215066456807e+22 1 / s
IsSatellite
388 8.42144639774835e+23 1 / s
389 1.9334812191594066e+23 1 / s
390 3.646867101005031e+23 1 / s
391 0.0 1 / s
393 4.100176212549179e+22 1 / s
395 4.921545346543812e+24 1 / s
396 1.1390408706237465e+23 1 / s
397 5.135942626260659e+23 1 / s
399 0.0 1 / s
401 0.0 1 / s
403 5.834235142783369e+21 1 / s
404 1.868426611650329e+24 1 / s
406 2.4197128735733035e+23 1 / s
407 0.0 1 / s
408 1.3246223331748857e+24 1 / s
409 4.580039945533474e+22 1 / s
410 9.593118002215031e+23 1 / s
411 0.0 1 / s
412 4.0750028205026255e+23 1 / s
413 0.0 1 / s
414 7.83533175577828e+23 1 / s
415 7.615236418464495e+23 1 / s
417 1.0984943305800854e+24 1 / s
421 1.84723544012304e+23 1 / s
422 3.0978854819293885e+24 1 / s
424 5.526623036005318e+23 1 / s
IsSatellite
427 2.7895451495133068e+23 1 / s
431 4.02255501141645e+22 1 / s
434 3.488336983704125e+23 1 / s
435 6.6902082881067055e+22 1 / s
436 6.346716640320516e+22 1 / s
438 1.1863009636776587e+22 1 / s
439 9.905424992002283e+22 1 / s
440 0.0 1 / s
441 2.3874874300453916e+24 1 / s
442 1.8013150747344593e+24 1 / s
443 0.0 1 / s
445 0.0 1 / s
446 1.4197481851294774e+22 1 / s
449 3.3386194990130247e+22 1 / s
450 0.0 1 / s
451 9.775926630546928e+23 1 / s
452 0.0 1 / s
453 9.988130154846631e+23 1 / s
454 1.6309225962612807e+24 1 / s
455 1.6239366881593353e+23 1 / s
456 1.0530998699042753e+23 1 / s
457 5.5358895937679465e+23 1 / s
461 1.962642667905763e+23 1 / s
466 0.0 1 / s
469 1.3257208320447172e+22 1 / s
471 0.0 1 / s
472 0.0 1 / s
473 6.288160295606351e+21 1 / s
475 1.273843671722091e+22 1 / s
476 0.0 1 / s
477 9.262174142581877e+23 1 / s
478 1.3482815606045233e+24 1 / s
479 0.0 1 / s
480 0.0 1 / s
481 1.6608797109540854e+23 1 / s
482 3.934363838867986e+23 1 / s
484 1.1648166861945472e+24 1 / s
485 0.0 1 / s
486 6.385429971211275e+21 1 / s
487 0.0 1 / s
488 0.0 1 / s
490 0.0 1 / s
492 0.0 1 / s
493 0.0 1 / s
IsSatellite
496 4.589766913093966e+22 1 / s
498 5.56855923548112e+22 1 / s
499 0.0 1 / s
500 0.0 1 / s
502 1.4206495507900832e+24 1 / s
504 0.0 1 / s
505 1.3159938644842251e+22 1 / s
506 0.0 1 / s
508 0.0 1 / s
509 0.0 1 / s
512 0.0 1 / s
514 0.0 1 / s
515 6.450276421614559e+21 1 / s
516 0.0 1 / s
517 7.500399839445322e+22 1 / s
519 4.6700986958535535e+23 1 / s
520 0.0 1 / s
521 0.0 1 / s
522 0.0 1 / s
523 1.457281310622898e+23 1 / s
524 5.22346588036997e+23 1 / s
525 3.006035024184668e+23 1 / s
526 7.292495634807356e+23 1 / s
528 3.098421762074226e+23 1 / s
530 0.0 1 / s
531 0.0 1 / s
537 0.0 1 / s
538 0.0 1 / s
539 1.257451137524645e+24 1 / s
540 8.399379150676112e+23 1 / s
541 6.822948972082227e+22 1 / s
542 0.0 1 / s
543 8.339966832816628e+22 1 / s
544 1.3461085560515096e+23 1 / s
545 0.0 1 / s
549 2.7098034694523894e+22 1 / s
550 0.0 1 / s
551 0.0 1 / s
555 0.0 1 / s
557 0.0 1 / s
558 7.938113379667484e+22 1 / s
559 0.0 1 / s
560 2.635230051488614e+22 1 / s
561 0.0 1 / s
562 0.0 1 / s
563 0.0 1 / s
564 5.797521676423048e+24 1 / s
565 2.4268265291825436e+23 1 / s
566 0.0 1 / s
567 0.0 1 / s
568 0.0 1 / s
570 0.0 1 / s
IsSatellite
572 1.967181919433993e+23 1 / s
IsSatellite
578 6.450276421614556e+21 1 / s
580 0.0 1 / s
581 0.0 1 / s
584 0.0 1 / s
IsSatellite
586 0.0 1 / s
588 0.0 1 / s
590 0.0 1 / s
591 6.093620944396501e+21 1 / s
595 0.0 1 / s
596 7.1731198042599525e+22 1 / s
597 0.0 1 / s
598 0.0 1 / s
599 0.0 1 / s
600 2.1004413750127394e+22 1 / s
603 0.0 1 / s
604 0.0 1 / s
607 5.8830645199370426e+22 1 / s
608 9.646428269091569e+22 1 / s
609 0.0 1 / s
610 0.0 1 / s
611 0.0 1 / s
612 0.0 1 / s
613 0.0 1 / s
615 0.0 1 / s
616 0.0 1 / s
618 0.0 1 / s
619 2.0064140219279793e+22 1 / s
620 5.822984283638401e+23 1 / s
621 0.0 1 / s
623 6.96860706897808e+23 1 / s
624 1.306266896923732e+22 1 / s
625 0.0 1 / s
626 5.6825009334847286e+23 1 / s
627 0.0 1 / s
628 0.0 1 / s
629 1.0404742660107563e+23 1 / s
IsSatellite
631 0.0 1 / s
632 0.0 1 / s
633 2.5671412785651667e+22 1 / s
635 2.787619209936329e+22 1 / s
636 0.0 1 / s
637 0.0 1 / s
638 0.0 1 / s
639 0.0 1 / s
641 0.0 1 / s
642 0.0 1 / s
643 0.0 1 / s
644 0.0 1 / s
649 0.0 1 / s
651 0.0 1 / s
652 0.0 1 / s
654 0.0 1 / s
655 9.257025334419857e+23 1 / s
656 0.0 1 / s
657 1.3581440572463591e+22 1 / s
659 3.1570494378838315e+22 1 / s
660 0.0 1 / s
661 0.0 1 / s
662 0.0 1 / s
665 6.677238998026048e+21 1 / s
666 0.0 1 / s
668 0.0 1 / s
670 0.0 1 / s
IsSatellite
673 0.0 1 / s
674 0.0 1 / s
676 1.6984711982528686e+23 1 / s
678 0.0 1 / s
679 0.0 1 / s
IsSatellite
682 0.0 1 / s
683 0.0 1 / s
684 0.0 1 / s
685 0.0 1 / s
686 0.0 1 / s
687 0.0 1 / s
688 1.3458037777346139e+23 1 / s
689 5.996351268791577e+21 1 / s
690 1.2832269530954459e+23 1 / s
691 0.0 1 / s
692 0.0 1 / s
693 0.0 1 / s
694 0.0 1 / s
696 0.0 1 / s
697 0.0 1 / s
698 0.0 1 / s
699 0.0 1 / s
702 0.0 1 / s
704 0.0 1 / s
705 0.0 1 / s
706 0.0 1 / s
707 0.0 1 / s
708 0.0 1 / s
709 0.0 1 / s
711 0.0 1 / s
712 0.0 1 / s
713 6.612392547622765e+21 1 / s
714 0.0 1 / s
715 6.148934966590502e+22 1 / s
716 8.912405358396648e+23 1 / s
718 0.0 1 / s
720 0.0 1 / s
721 0.0 1 / s
722 1.0296144309617185e+24 1 / s
723 0.0 1 / s
725 0.0 1 / s
726 0.0 1 / s
727 0.0 1 / s
729 0.0 1 / s
731 4.174944169864166e+22 1 / s
732 0.0 1 / s
734 0.0 1 / s
736 0.0 1 / s
737 0.0 1 / s
738 8.556742031869765e+23 1 / s
739 0.0 1 / s
740 0.0 1 / s
742 0.0 1 / s
744 4.9916203662431104e+22 1 / s
745 0.0 1 / s
747 0.0 1 / s
748 0.0 1 / s
749 0.0 1 / s
750 0.0 1 / s
751 0.0 1 / s
752 5.536330549630687e+22 1 / s
753 0.0 1 / s
754 0.0 1 / s
755 0.0 1 / s
756 0.0 1 / s
RadiusEqualZero
759 0.0 1 / s
760 0.0 1 / s
762 0.0 1 / s
764 0.0 1 / s
767 0.0 1 / s
771 0.0 1 / s
772 0.0 1 / s
773 1.1798357725724516e+23 1 / s
774 2.0472672856820472e+23 1 / s
775 0.0 1 / s
776 0.0 1 / s
777 2.8784042405009253e+22 1 / s
778 0.0 1 / s
779 0.0 1 / s
780 0.0 1 / s
783 0.0 1 / s
784 0.0 1 / s
785 0.0 1 / s
789 0.0 1 / s
790 0.0 1 / s
792 0.0 1 / s
793 3.5980053006261563e+22 1 / s
794 0.0 1 / s
796 0.0 1 / s
797 0.0 1 / s
798 0.0 1 / s
800 0.0 1 / s
801 0.0 1 / s
802 0.0 1 / s
803 0.0 1 / s
804 0.0 1 / s
808 0.0 1 / s
809 0.0 1 / s
810 2.273425766108537e+23 1 / s
812 2.0712604723312616e+22 1 / s
814 2.9333291839925057e+22 1 / s
815 0.0 1 / s
816 0.0 1 / s
817 0.0 1 / s
818 0.0 1 / s
819 0.0 1 / s
IsSatellite
821 6.223313845203068e+21 1 / s
822 0.0 1 / s
823 0.0 1 / s
826 0.0 1 / s
827 0.0 1 / s
832 0.0 1 / s
833 0.0 1 / s
840 0.0 1 / s
841 0.0 1 / s
842 0.0 1 / s
843 0.0 1 / s
845 0.0 1 / s
IsSatellite
847 0.0 1 / s
848 0.0 1 / s
849 0.0 1 / s
852 0.0 1 / s
853 0.0 1 / s
854 0.0 1 / s
855 0.0 1 / s
856 0.0 1 / s
857 0.0 1 / s
858 0.0 1 / s
859 0.0 1 / s
860 0.0 1 / s
861 0.0 1 / s
862 0.0 1 / s
863 0.0 1 / s
864 5.931504818388295e+21 1 / s
865 6.080846193667055e+22 1 / s
866 0.0 1 / s
867 0.0 1 / s
868 0.0 1 / s
869 0.0 1 / s
870 0.0 1 / s
871 0.0 1 / s
IsSatellite
873 0.0 1 / s
875 0.0 1 / s
877 0.0 1 / s
878 0.0 1 / s
879 0.0 1 / s
880 0.0 1 / s
881 2.0842297624119185e+22 1 / s
882 0.0 1 / s
884 0.0 1 / s
886 0.0 1 / s
887 0.0 1 / s
888 0.0 1 / s
891 0.0 1 / s
892 0.0 1 / s
893 0.0 1 / s
IsSatellite
896 0.0 1 / s
897 0.0 1 / s
899 0.0 1 / s
900 0.0 1 / s
901 1.5985246611752961e+24 1 / s
902 0.0 1 / s
904 0.0 1 / s
906 1.5555236829838715e+23 1 / s
909 0.0 1 / s
910 0.0 1 / s
911 0.0 1 / s
913 0.0 1 / s
916 0.0 1 / s
917 0.0 1 / s
918 0.0 1 / s
919 0.0 1 / s
920 0.0 1 / s
921 0.0 1 / s
922 0.0 1 / s
IsSatellite
RadiusEqualZero
926 0.0 1 / s
927 0.0 1 / s
929 0.0 1 / s
930 2.1588031803756944e+22 1 / s
931 0.0 1 / s
932 0.0 1 / s
933 0.0 1 / s
934 0.0 1 / s
936 0.0 1 / s
IsSatellite
939 1.8015381465238472e+23 1 / s
941 0.0 1 / s
943 0.0 1 / s
946 0.0 1 / s
947 0.0 1 / s
949 9.474183127530371e+23 1 / s
950 0.0 1 / s
951 0.0 1 / s
IsSatellite
953 0.0 1 / s
IsSatellite
958 0.0 1 / s
959 0.0 1 / s
960 0.0 1 / s
961 0.0 1 / s
964 0.0 1 / s
965 0.0 1 / s
966 0.0 1 / s
967 0.0 1 / s
968 0.0 1 / s
969 0.0 1 / s
970 0.0 1 / s
971 0.0 1 / s
IsSatellite
973 0.0 1 / s
974 0.0 1 / s
RadiusEqualZero
980 0.0 1 / s
IsSatellite
982 0.0 1 / s
983 0.0 1 / s
IsSatellite
986 1.1140555332833613e+23 1 / s
987 2.7645014503675588e+23 1 / s
988 0.0 1 / s
IsSatellite
990 0.0 1 / s
991 0.0 1 / s
992 0.0 1 / s
994 0.0 1 / s
995 0.0 1 / s
996 0.0 1 / s
997 0.0 1 / s
998 0.0 1 / s
1000 0.0 1 / s
1001 0.0 1 / s
1002 0.0 1 / s
1003 0.0 1 / s
1004 0.0 1 / s
1006 0.0 1 / s
1007 0.0 1 / s
1008 0.0 1 / s
1009 0.0 1 / s
1010 0.0 1 / s
1011 0.0 1 / s
1012 0.0 1 / s
1013 0.0 1 / s
1014 0.0 1 / s
1015 0.0 1 / s
IsSatellite
1017 0.0 1 / s
1018 0.0 1 / s
1019 0.0 1 / s
1020 0.0 1 / s
1023 0.0 1 / s
1024 0.0 1 / s
1025 0.0 1 / s
1026 0.0 1 / s
1030 0.0 1 / s
1034 0.0 1 / s
1035 0.0 1 / s
1036 0.0 1 / s
1037 0.0 1 / s
1039 0.0 1 / s
1041 0.0 1 / s
RadiusEqualZero
1044 0.0 1 / s
1045 0.0 1 / s
1049 0.0 1 / s
1050 0.0 1 / s
1051 0.0 1 / s
1052 0.0 1 / s
1053 0.0 1 / s
1055 0.0 1 / s
IsSatellite
1059 0.0 1 / s
1060 0.0 1 / s
1061 0.0 1 / s
1063 0.0 1 / s
1064 0.0 1 / s
1066 0.0 1 / s
1067 0.0 1 / s
1070 0.0 1 / s
1071 0.0 1 / s
1072 0.0 1 / s
1073 0.0 1 / s
1074 0.0 1 / s
1075 0.0 1 / s
1076 0.0 1 / s
1077 6.479262784944825e+22 1 / s
1079 0.0 1 / s
IsSatellite
1082 0.0 1 / s
IsSatellite
1086 0.0 1 / s
1088 0.0 1 / s
1089 0.0 1 / s
1090 0.0 1 / s
1091 0.0 1 / s
1092 0.0 1 / s
1093 0.0 1 / s
1094 0.0 1 / s
IsSatellite
1097 0.0 1 / s
1100 0.0 1 / s
1101 0.0 1 / s
1103 0.0 1 / s
1104 0.0 1 / s
1105 0.0 1 / s
1106 0.0 1 / s
1107 0.0 1 / s
1108 0.0 1 / s
1109 0.0 1 / s
1110 0.0 1 / s
1111 0.0 1 / s
1112 0.0 1 / s
1113 0.0 1 / s
1114 0.0 1 / s
1116 0.0 1 / s
1118 0.0 1 / s
IsSatellite
1120 0.0 1 / s
1121 0.0 1 / s
1128 0.0 1 / s
1129 0.0 1 / s
1130 0.0 1 / s
1131 0.0 1 / s
1132 0.0 1 / s
1133 0.0 1 / s
1134 0.0 1 / s
1138 0.0 1 / s
1139 0.0 1 / s
1140 0.0 1 / s
1141 0.0 1 / s
1142 0.0 1 / s
1143 0.0 1 / s
1144 0.0 1 / s
1145 0.0 1 / s
1146 0.0 1 / s
1151 0.0 1 / s
1152 0.0 1 / s
1154 0.0 1 / s
1155 0.0 1 / s
1158 0.0 1 / s
RadiusEqualZero
IsSatellite
1162 0.0 1 / s
1163 0.0 1 / s
1164 0.0 1 / s
1165 0.0 1 / s
1166 0.0 1 / s
1167 0.0 1 / s
1168 0.0 1 / s
1170 0.0 1 / s
1172 0.0 1 / s
1173 0.0 1 / s
1174 0.0 1 / s
1175 0.0 1 / s
1177 0.0 1 / s
1178 0.0 1 / s
1180 0.0 1 / s
1181 0.0 1 / s
1182 0.0 1 / s
1185 0.0 1 / s
1188 0.0 1 / s
1189 0.0 1 / s
1191 0.0 1 / s
1192 0.0 1 / s
1193 0.0 1 / s
RadiusEqualZero
1197 0.0 1 / s
1198 0.0 1 / s
RadiusEqualZero
1200 0.0 1 / s
1201 0.0 1 / s
1203 0.0 1 / s
1204 0.0 1 / s
1205 0.0 1 / s
1206 0.0 1 / s
1208 0.0 1 / s
1209 0.0 1 / s
1210 0.0 1 / s
1211 0.0 1 / s
1212 0.0 1 / s
1213 0.0 1 / s
1214 0.0 1 / s
1215 0.0 1 / s
1216 0.0 1 / s
RadiusEqualZero
1220 0.0 1 / s
1221 0.0 1 / s
1222 0.0 1 / s
1224 0.0 1 / s
1227 0.0 1 / s
1228 0.0 1 / s
1230 0.0 1 / s
1231 0.0 1 / s
1233 0.0 1 / s
1234 0.0 1 / s
1235 0.0 1 / s
1236 0.0 1 / s
1237 3.3126809188517114e+22 1 / s
1238 0.0 1 / s
1239 0.0 1 / s
1240 0.0 1 / s
1241 0.0 1 / s
1242 0.0 1 / s
1244 0.0 1 / s
1245 0.0 1 / s
1248 0.0 1 / s
1249 0.0 1 / s
IsSatellite
1252 0.0 1 / s
1253 0.0 1 / s
1255 9.124414343345142e+22 1 / s
1256 0.0 1 / s
1258 0.0 1 / s
1259 0.0 1 / s
1260 0.0 1 / s
1261 0.0 1 / s
1264 0.0 1 / s
1265 0.0 1 / s
1266 0.0 1 / s
1267 0.0 1 / s
1268 0.0 1 / s
1269 0.0 1 / s
1270 0.0 1 / s
1271 0.0 1 / s
1272 0.0 1 / s
IsSatellite
1274 0.0 1 / s
1275 0.0 1 / s
1276 0.0 1 / s
1277 0.0 1 / s
1278 0.0 1 / s
1279 0.0 1 / s
1280 0.0 1 / s
1281 0.0 1 / s
1282 0.0 1 / s
1283 0.0 1 / s
1284 0.0 1 / s
1287 6.061197719194861e+21 1 / s
1288 0.0 1 / s
1289 0.0 1 / s
1290 0.0 1 / s
1291 0.0 1 / s
1293 0.0 1 / s
1294 0.0 1 / s
1295 0.0 1 / s
1296 0.0 1 / s
1297 0.0 1 / s
1298 0.0 1 / s
1299 0.0 1 / s
1300 0.0 1 / s
RadiusEqualZero
1302 0.0 1 / s
1303 0.0 1 / s
1304 0.0 1 / s
1305 0.0 1 / s
1306 0.0 1 / s
1307 0.0 1 / s
1308 0.0 1 / s
1309 0.0 1 / s
1311 0.0 1 / s
1312 0.0 1 / s
1315 0.0 1 / s
1317 0.0 1 / s
1318 0.0 1 / s
1319 0.0 1 / s
1320 0.0 1 / s
1321 0.0 1 / s
1322 0.0 1 / s
1323 0.0 1 / s
1325 0.0 1 / s
1326 0.0 1 / s
1327 0.0 1 / s
1328 0.0 1 / s
1329 0.0 1 / s
1330 0.0 1 / s
1331 0.0 1 / s
1332 0.0 1 / s
1333 0.0 1 / s
1334 0.0 1 / s
1335 0.0 1 / s
1336 0.0 1 / s
1338 0.0 1 / s
RadiusEqualZero
1341 0.0 1 / s
1343 0.0 1 / s
1344 0.0 1 / s
1346 0.0 1 / s
1347 0.0 1 / s
1348 0.0 1 / s
1350 0.0 1 / s
1351 0.0 1 / s
1352 0.0 1 / s
1354 1.1046527979748856e+23 1 / s
1355 0.0 1 / s
1357 0.0 1 / s
1358 0.0 1 / s
1359 0.0 1 / s
1362 0.0 1 / s
1363 0.0 1 / s
1364 5.104855237937324e+23 1 / s
1365 0.0 1 / s
1366 0.0 1 / s
IsSatellite
1368 0.0 1 / s
1370 0.0 1 / s
1371 0.0 1 / s
1372 0.0 1 / s
1373 0.0 1 / s
1375 0.0 1 / s
1376 0.0 1 / s
1378 0.0 1 / s
1381 0.0 1 / s
1382 0.0 1 / s
1383 0.0 1 / s
1385 0.0 1 / s
1386 0.0 1 / s
1387 0.0 1 / s
1389 0.0 1 / s
1391 0.0 1 / s
1392 0.0 1 / s
1393 0.0 1 / s
1395 0.0 1 / s
1396 0.0 1 / s
1397 0.0 1 / s
1399 0.0 1 / s
1401 0.0 1 / s
1402 0.0 1 / s
1404 0.0 1 / s
1406 0.0 1 / s
1407 0.0 1 / s
1409 0.0 1 / s
1411 0.0 1 / s
1412 0.0 1 / s
1415 0.0 1 / s
1418 0.0 1 / s
1419 0.0 1 / s
1420 0.0 1 / s
1421 0.0 1 / s
1422 0.0 1 / s
1423 0.0 1 / s
1424 0.0 1 / s
1425 0.0 1 / s
1426 0.0 1 / s
IsSatellite
1428 0.0 1 / s
1430 0.0 1 / s
1431 0.0 1 / s
1432 0.0 1 / s
1433 0.0 1 / s
1434 0.0 1 / s
1435 0.0 1 / s
1436 0.0 1 / s
1437 0.0 1 / s
1438 0.0 1 / s
1439 0.0 1 / s
1440 0.0 1 / s
1441 0.0 1 / s
1442 0.0 1 / s
IsSatellite
RadiusEqualZero
1446 0.0 1 / s
1449 0.0 1 / s
1450 0.0 1 / s
1452 0.0 1 / s
1453 0.0 1 / s
1454 0.0 1 / s
1455 0.0 1 / s
1458 0.0 1 / s
1459 0.0 1 / s
1460 0.0 1 / s
1461 0.0 1 / s
1462 0.0 1 / s
1463 0.0 1 / s
1464 0.0 1 / s
1466 0.0 1 / s
1469 0.0 1 / s
1471 0.0 1 / s
1472 1.2511474140809416e+22 1 / s
1473 2.755195984734688e+22 1 / s
1474 0.0 1 / s
1475 0.0 1 / s
1476 0.0 1 / s
1477 0.0 1 / s
RadiusEqualZero
1479 0.0 1 / s
1480 0.0 1 / s
1481 0.0 1 / s
1482 0.0 1 / s
1483 0.0 1 / s
1484 0.0 1 / s
IsSatellite
1486 0.0 1 / s
1487 0.0 1 / s
1489 0.0 1 / s
1492 0.0 1 / s
1494 0.0 1 / s
1495 0.0 1 / s
1496 0.0 1 / s
1499 0.0 1 / s
1500 0.0 1 / s
1501 0.0 1 / s
1502 0.0 1 / s
1504 0.0 1 / s
1506 0.0 1 / s
1507 0.0 1 / s
1508 0.0 1 / s
1509 0.0 1 / s
1510 0.0 1 / s
1511 0.0 1 / s
1512 0.0 1 / s
1513 0.0 1 / s
1514 0.0 1 / s
RadiusEqualZero
1516 0.0 1 / s
1517 0.0 1 / s
1518 0.0 1 / s
1519 0.0 1 / s
1520 0.0 1 / s
RadiusEqualZero
1522 0.0 1 / s
1523 0.0 1 / s
1524 0.0 1 / s
1526 0.0 1 / s
1527 0.0 1 / s
1528 0.0 1 / s
IsSatellite
1530 0.0 1 / s
1532 0.0 1 / s
1533 0.0 1 / s
1535 0.0 1 / s
1536 0.0 1 / s
1537 0.0 1 / s
1538 0.0 1 / s
1539 0.0 1 / s
RadiusEqualZero
1542 0.0 1 / s
1543 0.0 1 / s
1544 0.0 1 / s
IsSatellite
1546 0.0 1 / s
1547 0.0 1 / s
1550 0.0 1 / s
1552 0.0 1 / s
1553 0.0 1 / s
1554 0.0 1 / s
1555 0.0 1 / s
1556 0.0 1 / s
1557 0.0 1 / s
1558 0.0 1 / s
1560 0.0 1 / s
1561 0.0 1 / s
1562 0.0 1 / s
1563 0.0 1 / s
1564 0.0 1 / s
1565 0.0 1 / s
1568 0.0 1 / s
1569 0.0 1 / s
1570 0.0 1 / s
1571 0.0 1 / s
1572 0.0 1 / s
1574 0.0 1 / s
1575 0.0 1 / s
1576 0.0 1 / s
1577 0.0 1 / s
1578 0.0 1 / s
1581 0.0 1 / s
1582 0.0 1 / s
1583 0.0 1 / s
1584 0.0 1 / s
1585 0.0 1 / s
1587 0.0 1 / s
1589 0.0 1 / s
1590 0.0 1 / s
IsSatellite
1592 0.0 1 / s
1593 0.0 1 / s
1594 0.0 1 / s
1595 0.0 1 / s
1596 0.0 1 / s
1598 0.0 1 / s
1599 0.0 1 / s
RadiusEqualZero
1601 0.0 1 / s
1602 0.0 1 / s
1603 0.0 1 / s
1604 0.0 1 / s
IsSatellite
1607 0.0 1 / s
1608 0.0 1 / s
1609 0.0 1 / s
1610 0.0 1 / s
1611 0.0 1 / s
1612 0.0 1 / s
1613 0.0 1 / s
1617 0.0 1 / s
1619 0.0 1 / s
1622 0.0 1 / s
1623 0.0 1 / s
1624 0.0 1 / s
1625 0.0 1 / s
1627 0.0 1 / s
1628 0.0 1 / s
1629 0.0 1 / s
1630 0.0 1 / s
1631 0.0 1 / s
1632 0.0 1 / s
1633 0.0 1 / s
RadiusEqualZero
1635 0.0 1 / s
1636 0.0 1 / s
RadiusEqualZero
1642 0.0 1 / s
1643 0.0 1 / s
1644 0.0 1 / s
1645 0.0 1 / s
1646 0.0 1 / s
1647 0.0 1 / s
1648 0.0 1 / s
1649 0.0 1 / s
1650 0.0 1 / s
1651 0.0 1 / s
1652 0.0 1 / s
1654 0.0 1 / s
IsSatellite
1657 0.0 1 / s
1658 0.0 1 / s
1659 0.0 1 / s
RadiusEqualZero
1661 0.0 1 / s
1662 0.0 1 / s
1663 0.0 1 / s
1664 0.0 1 / s
1665 0.0 1 / s
1666 0.0 1 / s
1669 0.0 1 / s
RadiusEqualZero
1671 0.0 1 / s
1672 0.0 1 / s
1673 0.0 1 / s
1675 0.0 1 / s
1677 0.0 1 / s
IsSatellite
1679 0.0 1 / s
1680 0.0 1 / s
1681 0.0 1 / s
1682 0.0 1 / s
1683 0.0 1 / s
IsSatellite
RadiusEqualZero
RadiusEqualZero
1687 0.0 1 / s
1688 0.0 1 / s
1689 0.0 1 / s
1690 0.0 1 / s
