yt : [INFO     ] 2017-07-28 10:47:08,496 Parameters: current_time              = 2.98248932823e+16
yt : [INFO     ] 2017-07-28 10:47:08,497 Parameters: domain_dimensions         = [2 2 2]
yt : [INFO     ] 2017-07-28 10:47:08,497 Parameters: domain_left_edge          = [ 0.  0.  0.]
yt : [INFO     ] 2017-07-28 10:47:08,498 Parameters: domain_right_edge         = [  1.90744737e+25   1.90744737e+25   1.90744737e+25]
yt : [INFO     ] 2017-07-28 10:47:08,498 Parameters: cosmological_simulation   = 1
yt : [INFO     ] 2017-07-28 10:47:08,498 Parameters: current_redshift          = 5.99999994439
yt : [INFO     ] 2017-07-28 10:47:08,498 Parameters: omega_lambda              = 0.712
yt : [INFO     ] 2017-07-28 10:47:08,498 Parameters: omega_matter              = 0.288
yt : [INFO     ] 2017-07-28 10:47:08,498 Parameters: hubble_constant           = 0.6933
yt : [INFO     ] 2017-07-28 10:47:08,599 Parameters: current_time              = 125.48444315548
yt : [INFO     ] 2017-07-28 10:47:08,600 Parameters: domain_dimensions         = [128 128 128]
yt : [INFO     ] 2017-07-28 10:47:08,600 Parameters: domain_left_edge          = [ 0.  0.  0.]
yt : [INFO     ] 2017-07-28 10:47:08,601 Parameters: domain_right_edge         = [ 1.  1.  1.]
yt : [INFO     ] 2017-07-28 10:47:08,601 Parameters: cosmological_simulation   = 1
yt : [INFO     ] 2017-07-28 10:47:08,601 Parameters: current_redshift          = 5.9999999443926
yt : [INFO     ] 2017-07-28 10:47:08,601 Parameters: omega_lambda              = 0.712
yt : [INFO     ] 2017-07-28 10:47:08,601 Parameters: omega_matter              = 0.288
yt : [INFO     ] 2017-07-28 10:47:08,601 Parameters: hubble_constant           = 0.6933
yt : [INFO     ] 2017-07-28 10:47:08,604 Allocating for 7.602e+03 particles (index particle type 'all')
yt : [INFO     ] 2017-07-28 10:47:08,610 Identified 2.617e+03 octs
9 6.102889509381882 solMass / solMass
10 2.0606118258329995 solMass / solMass
12 6.305430209910123 solMass / solMass
13 1.8729939522663344 solMass / solMass
14 1.8603933167439612 solMass / solMass
16 1.7298340249745898 solMass / solMass
17 0.6706387787174627 solMass / solMass
IsSatellite
IsSatellite
21 1.706168196444647 solMass / solMass
22 5.669102213972003 solMass / solMass
23 3.35546081269827 solMass / solMass
24 3.685975907728864 solMass / solMass
25 2.896340930761937 solMass / solMass
27 1.2694031184209214 solMass / solMass
IsSatellite
29 9.657241742299817 solMass / solMass
31 6.238078109423316 solMass / solMass
32 2.7296570079602933 solMass / solMass
38 4.708091826128237 solMass / solMass
40 3.695033766498684 solMass / solMass
41 4.470012923362369 solMass / solMass
42 7.113863335431504 solMass / solMass
44 7.533384700036917 solMass / solMass
48 4.646584942480084 solMass / solMass
49 4.59811687854615 solMass / solMass
50 9.763290467351789 solMass / solMass
51 6.0525532760452085 solMass / solMass
52 7.644960666731956 solMass / solMass
53 16.566948493696955 solMass / solMass
54 1.5242526033656199 solMass / solMass
55 0.9474613010935264 solMass / solMass
59 6.762294139535527 solMass / solMass
66 6.20855056576512 solMass / solMass
69 7.560273345979303 solMass / solMass
70 2.5267293393085204 solMass / solMass
71 7.51913994290567 solMass / solMass
72 23.61808951767296 solMass / solMass
74 3.2007736581607196 solMass / solMass
78 2.218042828105608 solMass / solMass
82 5.988620111945508 solMass / solMass
IsSatellite
85 6.7060940956455575 solMass / solMass
87 9.811141297046438 solMass / solMass
89 8.7348924878139 solMass / solMass
90 9.124525707011594 solMass / solMass
91 8.179576525114891 solMass / solMass
92 10.790164244872638 solMass / solMass
93 11.587212483742153 solMass / solMass
95 8.744390125814872 solMass / solMass
96 14.154471845542963 solMass / solMass
97 43.61369591486965 solMass / solMass
99 14.554305367206148 solMass / solMass
102 6.413752212584262 solMass / solMass
104 14.678688558703444 solMass / solMass
107 10.775068479472242 solMass / solMass
111 11.171862177503977 solMass / solMass
112 16.975356610055048 solMass / solMass
113 5.970536410728951 solMass / solMass
114 9.592679494730946 solMass / solMass
115 27.026036170560833 solMass / solMass
116 4.691490450340658 solMass / solMass
117 17.903213431653363 solMass / solMass
118 23.615108960747595 solMass / solMass
121 10.546287908272538 solMass / solMass
122 14.597572036115483 solMass / solMass
123 2.8212367402453298 solMass / solMass
125 3.271314130226764 solMass / solMass
126 24.100447531658176 solMass / solMass
127 9.884685940605952 solMass / solMass
128 6.259057042768796 solMass / solMass
130 8.719288152478967 solMass / solMass
131 16.186612517632184 solMass / solMass
135 23.35912469902848 solMass / solMass
136 8.641146680090596 solMass / solMass
138 16.908668356133504 solMass / solMass
140 11.439236767914673 solMass / solMass
141 16.600461678918464 solMass / solMass
143 22.010665313961734 solMass / solMass
144 14.640896066373895 solMass / solMass
146 21.767872079711704 solMass / solMass
147 16.267566113365103 solMass / solMass
148 17.91401765860035 solMass / solMass
149 8.965045084724498 solMass / solMass
150 14.908830206795521 solMass / solMass
152 16.62151418251686 solMass / solMass
156 19.565568040584196 solMass / solMass
IsSatellite
158 0.5165945844535706 solMass / solMass
159 17.4165546909056 solMass / solMass
160 13.927856416518676 solMass / solMass
162 19.66819253614518 solMass / solMass
163 24.992607721810966 solMass / solMass
164 13.817154575126906 solMass / solMass
166 57.92458128940564 solMass / solMass
168 4.773974090851923 solMass / solMass
170 26.658760528537037 solMass / solMass
171 3.9175597248942933 solMass / solMass
172 7.351210715596506 solMass / solMass
173 21.029916302742226 solMass / solMass
174 17.776652661909147 solMass / solMass
175 14.075707906110367 solMass / solMass
177 33.37670761501134 solMass / solMass
178 27.496861120307642 solMass / solMass
179 21.776701469871256 solMass / solMass
180 16.357630185663762 solMass / solMass
183 6.061690281078734 solMass / solMass
184 18.36125406701131 solMass / solMass
185 12.58428547909398 solMass / solMass
186 4.504615186724817 solMass / solMass
187 74.35166085285908 solMass / solMass
188 21.24150921780957 solMass / solMass
189 22.86403108880413 solMass / solMass
190 31.626173446243175 solMass / solMass
191 19.557082340940404 solMass / solMass
192 20.29953746902449 solMass / solMass
194 3.0158462798822767 solMass / solMass
195 16.826786453485372 solMass / solMass
198 2.032526301056723 solMass / solMass
200 20.049446941391338 solMass / solMass
201 25.585553766123983 solMass / solMass
202 24.969162658200986 solMass / solMass
203 5.446409381823622 solMass / solMass
206 25.941889289360923 solMass / solMass
208 13.417991991536152 solMass / solMass
209 25.25450510494131 solMass / solMass
210 38.12938938314914 solMass / solMass
211 19.141903740982784 solMass / solMass
212 4.326755709424638 solMass / solMass
214 9.711657731819603 solMass / solMass
215 26.9413064499395 solMass / solMass
216 29.48256379240957 solMass / solMass
217 3.804995512122139 solMass / solMass
219 24.73796462808884 solMass / solMass
220 7.118148214561812 solMass / solMass
221 17.349828750632344 solMass / solMass
222 26.267503468147996 solMass / solMass
223 29.94275815360322 solMass / solMass
224 1.6258584582370856 solMass / solMass
225 84.65117382345024 solMass / solMass
226 5.271415760628515 solMass / solMass
227 30.56504730390027 solMass / solMass
230 20.323148480521844 solMass / solMass
231 21.753235933038127 solMass / solMass
232 18.42110491860316 solMass / solMass
233 10.21331586166207 solMass / solMass
234 46.86315829193223 solMass / solMass
235 8.498813366015382 solMass / solMass
238 23.503832607019202 solMass / solMass
240 22.620184128161547 solMass / solMass
241 27.155894652512053 solMass / solMass
242 14.23540911851901 solMass / solMass
243 13.567928569154471 solMass / solMass
244 7.866748793583368 solMass / solMass
245 15.641779962737647 solMass / solMass
246 41.58443034116433 solMass / solMass
248 18.53219587760897 solMass / solMass
249 27.695188397863443 solMass / solMass
251 20.86664619112147 solMass / solMass
252 27.43587218626848 solMass / solMass
253 20.908238201934893 solMass / solMass
255 2.8952553366234137 solMass / solMass
256 27.3757016749469 solMass / solMass
259 32.263601922732974 solMass / solMass
261 32.197514466201056 solMass / solMass
263 90.48891205236863 solMass / solMass
IsSatellite
265 30.615397370850175 solMass / solMass
267 30.723749331709705 solMass / solMass
268 14.905108003353494 solMass / solMass
269 19.9512511929931 solMass / solMass
271 7.0268236883861785 solMass / solMass
273 4.487030695922943 solMass / solMass
274 19.33790425781209 solMass / solMass
278 24.22971489848118 solMass / solMass
280 17.51037070675135 solMass / solMass
282 40.606254776142535 solMass / solMass
283 13.59323651649101 solMass / solMass
284 6.346626151138933 solMass / solMass
285 16.125482258319217 solMass / solMass
286 18.802610136801412 solMass / solMass
287 40.51783180215671 solMass / solMass
290 28.841220520740627 solMass / solMass
291 15.788237505887492 solMass / solMass
292 27.3023824256503 solMass / solMass
293 35.43782192301334 solMass / solMass
294 34.71096666871127 solMass / solMass
297 57.50792018463015 solMass / solMass
299 48.69885005460882 solMass / solMass
302 4.717563950414557 solMass / solMass
303 11.298714063028129 solMass / solMass
305 62.86426130606053 solMass / solMass
306 30.778262044988928 solMass / solMass
308 26.41362850868453 solMass / solMass
309 131.75116386809745 solMass / solMass
312 34.99510308372912 solMass / solMass
313 42.82398851358419 solMass / solMass
314 92.68666033057201 solMass / solMass
316 44.34905184150549 solMass / solMass
320 17.949220853412335 solMass / solMass
321 15.70002857558871 solMass / solMass
322 27.416541405294875 solMass / solMass
323 34.090071043009765 solMass / solMass
325 19.333471282809185 solMass / solMass
326 26.78826447344415 solMass / solMass
328 120.5580496670539 solMass / solMass
329 43.473817843755114 solMass / solMass
330 30.387355484913243 solMass / solMass
331 10.866446009844095 solMass / solMass
334 6.946270361288417 solMass / solMass
335 3.6271795924388854 solMass / solMass
336 17.51850669507903 solMass / solMass
337 4.355440776219864 solMass / solMass
338 27.460506453684257 solMass / solMass
340 121.19203333894536 solMass / solMass
341 11.259087069028714 solMass / solMass
342 31.915627551842693 solMass / solMass
344 20.781682339506972 solMass / solMass
345 11.470800093192997 solMass / solMass
346 59.7991605182201 solMass / solMass
347 70.90663857896165 solMass / solMass
348 100.35784697036009 solMass / solMass
349 61.03195318970475 solMass / solMass
351 31.355244241287426 solMass / solMass
352 52.35683564460516 solMass / solMass
353 47.57431170061346 solMass / solMass
354 55.47583106134716 solMass / solMass
355 50.61777613112967 solMass / solMass
356 30.893393470301845 solMass / solMass
357 16.741518277243433 solMass / solMass
358 36.311486012337056 solMass / solMass
359 51.774811812988055 solMass / solMass
363 7.481325239198174 solMass / solMass
365 37.599034998367124 solMass / solMass
367 34.81592274948415 solMass / solMass
368 21.7478812346478 solMass / solMass
369 43.68935539655123 solMass / solMass
370 36.015587497657215 solMass / solMass
375 14.100018014454127 solMass / solMass
376 45.8845092988769 solMass / solMass
378 45.247741772659545 solMass / solMass
379 0.9984554611166906 solMass / solMass
380 52.50120412998474 solMass / solMass
381 40.99297191736564 solMass / solMass
385 40.12978721990573 solMass / solMass
386 1.2967280008362556 solMass / solMass
387 29.792987374106833 solMass / solMass
388 84.53344264635658 solMass / solMass
389 58.4776660577622 solMass / solMass
390 34.51994178784211 solMass / solMass
391 29.051855911867566 solMass / solMass
392 37.126706225608736 solMass / solMass
393 6.093411795827901 solMass / solMass
394 13.335452161863525 solMass / solMass
395 45.509713801381544 solMass / solMass
396 8.146617376080119 solMass / solMass
397 32.394104827948034 solMass / solMass
398 185.36335889855798 solMass / solMass
400 37.602322736788864 solMass / solMass
403 146.56324691207715 solMass / solMass
404 42.56701597702117 solMass / solMass
405 27.519859315220128 solMass / solMass
407 42.05733743734138 solMass / solMass
412 2.5826638342051713 solMass / solMass
413 9.247157200893927 solMass / solMass
414 55.30643377196651 solMass / solMass
415 17.89296557773725 solMass / solMass
417 16.07251195608441 solMass / solMass
418 82.68057047696276 solMass / solMass
419 149.35477503896195 solMass / solMass
420 4.690954007595653 solMass / solMass
421 59.43852112910866 solMass / solMass
424 43.80817666604591 solMass / solMass
425 63.472715868363586 solMass / solMass
427 85.59804540234684 solMass / solMass
429 51.31237908047357 solMass / solMass
430 72.51869220052039 solMass / solMass
431 7.885384521255313 solMass / solMass
432 34.93778349240696 solMass / solMass
433 31.19290113479634 solMass / solMass
434 86.96159493341337 solMass / solMass
436 43.71528957570454 solMass / solMass
437 5.67180420322815 solMass / solMass
439 45.15115306206813 solMass / solMass
440 5.466894650768215 solMass / solMass
441 37.277835459512744 solMass / solMass
443 28.251894291837633 solMass / solMass
445 34.55845766853489 solMass / solMass
447 98.68684299574721 solMass / solMass
449 36.65418898938838 solMass / solMass
450 89.07134470491982 solMass / solMass
452 34.37518133143022 solMass / solMass
453 54.538467903729426 solMass / solMass
454 11.936108586595916 solMass / solMass
456 22.840577444682275 solMass / solMass
457 40.56680620524265 solMass / solMass
458 21.601394795155763 solMass / solMass
461 56.84606942508457 solMass / solMass
462 49.26191869955589 solMass / solMass
467 33.04482100710074 solMass / solMass
468 37.95592154186368 solMass / solMass
470 32.337088099416825 solMass / solMass
471 39.06965267113759 solMass / solMass
472 5.460798579245502 solMass / solMass
477 58.90301789851201 solMass / solMass
478 39.6542379078355 solMass / solMass
480 46.09912789435504 solMass / solMass
481 52.08877455888621 solMass / solMass
482 37.0988358322811 solMass / solMass
484 25.25659325036647 solMass / solMass
485 10.6251392822267 solMass / solMass
486 45.63058128931763 solMass / solMass
487 51.3858712060106 solMass / solMass
491 1.4940862545764393 solMass / solMass
496 26.669823092306025 solMass / solMass
502 72.52815333510571 solMass / solMass
504 12.58391425531535 solMass / solMass
505 24.009999590625505 solMass / solMass
506 29.025237441740202 solMass / solMass
507 45.40613190809868 solMass / solMass
508 1.5738851608692555 solMass / solMass
509 56.49842855698779 solMass / solMass
511 82.41845287044441 solMass / solMass
513 36.574411794495155 solMass / solMass
514 86.90195411997202 solMass / solMass
515 139.52256706066547 solMass / solMass
516 19.530637867694935 solMass / solMass
517 73.11175383493061 solMass / solMass
518 65.60697150141549 solMass / solMass
520 77.36454949318971 solMass / solMass
521 27.726876468985854 solMass / solMass
522 54.249178517199 solMass / solMass
524 24.453257903406314 solMass / solMass
527 63.88211523736601 solMass / solMass
529 48.977205437710296 solMass / solMass
530 45.4421066315986 solMass / solMass
531 20.305580012119904 solMass / solMass
532 130.73430173944217 solMass / solMass
533 58.33923190251543 solMass / solMass
534 14.74492582094448 solMass / solMass
536 65.80027356283664 solMass / solMass
538 79.90252030486732 solMass / solMass
539 27.874606083839243 solMass / solMass
544 65.28972069837303 solMass / solMass
547 21.49870711937297 solMass / solMass
548 87.07156869085473 solMass / solMass
549 19.82010483962569 solMass / solMass
550 9.022612466538316 solMass / solMass
552 40.07974824273605 solMass / solMass
553 47.176366040627144 solMass / solMass
554 42.31705525032407 solMass / solMass
556 64.40044155189716 solMass / solMass
557 91.78783917148608 solMass / solMass
563 1.2259556142524424 solMass / solMass
564 63.59577702945274 solMass / solMass
565 9.82443131518731 solMass / solMass
566 70.08042188294888 solMass / solMass
567 114.47453477405408 solMass / solMass
568 46.963124637079765 solMass / solMass
570 37.416856614192184 solMass / solMass
571 15.080255699975142 solMass / solMass
572 79.36389348309133 solMass / solMass
573 110.84631834998955 solMass / solMass
574 62.61211104963932 solMass / solMass
576 74.40772353860199 solMass / solMass
577 29.43828684429669 solMass / solMass
579 78.07675864166822 solMass / solMass
580 106.84726709032839 solMass / solMass
582 58.6250695707932 solMass / solMass
583 70.94521045777205 solMass / solMass
584 36.47623449055275 solMass / solMass
586 95.91940162959582 solMass / solMass
587 66.59824995448456 solMass / solMass
589 108.65029942380039 solMass / solMass
591 99.30718121386069 solMass / solMass
595 7.379043203500425 solMass / solMass
596 76.75404763896927 solMass / solMass
598 68.76215200860975 solMass / solMass
599 24.637612466793342 solMass / solMass
600 53.035772442745035 solMass / solMass
602 220.20168807570911 solMass / solMass
605 97.90608995608856 solMass / solMass
607 61.18937224668221 solMass / solMass
609 29.295034881639612 solMass / solMass
610 32.00283165982093 solMass / solMass
612 73.65778110607839 solMass / solMass
614 17.986398976807372 solMass / solMass
619 16.20550154121513 solMass / solMass
621 93.5037131868015 solMass / solMass
622 91.81086281603952 solMass / solMass
626 15.468438704297691 solMass / solMass
627 18.56813837636231 solMass / solMass
628 23.156647821537632 solMass / solMass
630 96.4491822053704 solMass / solMass
631 35.292277109799784 solMass / solMass
632 61.045687491600226 solMass / solMass
634 48.84917848102062 solMass / solMass
635 60.4990047661133 solMass / solMass
636 1.7648683355848664 solMass / solMass
638 54.57691488746552 solMass / solMass
639 82.91687069088641 solMass / solMass
640 42.661299972752886 solMass / solMass
641 28.040880641009366 solMass / solMass
644 46.99016759343968 solMass / solMass
646 86.84378984171963 solMass / solMass
647 48.54853912286811 solMass / solMass
648 48.20964462966561 solMass / solMass
649 41.761023307443196 solMass / solMass
650 2.231902073688551 solMass / solMass
652 21.18540838648547 solMass / solMass
653 50.86044510278167 solMass / solMass
654 200.72772740140496 solMass / solMass
658 292.0683079965947 solMass / solMass
660 18.45478989619945 solMass / solMass
662 96.18954325386161 solMass / solMass
663 65.30240049920705 solMass / solMass
664 62.0377201423978 solMass / solMass
665 51.29054802140722 solMass / solMass
667 5.4201419957649835 solMass / solMass
669 83.08544167347733 solMass / solMass
670 108.50430522597092 solMass / solMass
671 67.19788062373047 solMass / solMass
672 103.40479240166704 solMass / solMass
673 15.567195120192673 solMass / solMass
674 90.12241593574862 solMass / solMass
675 72.89464952767612 solMass / solMass
676 68.63606598737834 solMass / solMass
677 50.48011837396909 solMass / solMass
679 93.69148781120087 solMass / solMass
680 148.46085574720354 solMass / solMass
682 84.36502221161939 solMass / solMass
684 5.418913709836828 solMass / solMass
685 139.92818995445984 solMass / solMass
689 13.293042997141225 solMass / solMass
692 6.894777090361027 solMass / solMass
693 41.69779226948214 solMass / solMass
695 48.133338028832355 solMass / solMass
696 147.1521305338772 solMass / solMass
697 109.64860501178092 solMass / solMass
698 57.4241661878242 solMass / solMass
702 53.12150082664188 solMass / solMass
703 70.59691484229172 solMass / solMass
704 163.9904457503339 solMass / solMass
706 45.61070381738171 solMass / solMass
708 29.73185762337039 solMass / solMass
709 90.0813647520447 solMass / solMass
711 126.30454363890446 solMass / solMass
715 43.46399103073231 solMass / solMass
716 19.418712136255767 solMass / solMass
717 38.69188131212494 solMass / solMass
718 437.115711202081 solMass / solMass
722 79.41073925066047 solMass / solMass
724 62.25472423516782 solMass / solMass
725 124.56206849311458 solMass / solMass
726 80.01376771764198 solMass / solMass
727 6.9676060474838515 solMass / solMass
730 82.44767909493132 solMass / solMass
732 78.50110237026212 solMass / solMass
734 104.11909337700158 solMass / solMass
735 15.162860077892555 solMass / solMass
736 17.449142299076744 solMass / solMass
739 81.38332901386443 solMass / solMass
740 98.39457625995574 solMass / solMass
741 72.1231843815483 solMass / solMass
742 385.22693008204647 solMass / solMass
743 64.77439248602175 solMass / solMass
744 102.48407652797681 solMass / solMass
745 49.024875597354765 solMass / solMass
746 307.4294999031872 solMass / solMass
747 88.28526026579455 solMass / solMass
748 2.084699139612144 solMass / solMass
749 102.24482091294395 solMass / solMass
751 16.85944800215152 solMass / solMass
752 32.468021628231554 solMass / solMass
754 51.25884955111849 solMass / solMass
755 76.81172980671037 solMass / solMass
756 77.03293857950582 solMass / solMass
757 339.34563534434216 solMass / solMass
758 61.76034075868134 solMass / solMass
759 50.174158464691786 solMass / solMass
760 93.1209603774636 solMass / solMass
761 49.96252992799994 solMass / solMass
766 79.01381506362839 solMass / solMass
767 58.46973289727587 solMass / solMass
769 109.00925829895704 solMass / solMass
770 79.81102296931181 solMass / solMass
773 91.57563773493558 solMass / solMass
774 116.29205597486559 solMass / solMass
775 50.014501832823335 solMass / solMass
776 38.110561833649456 solMass / solMass
777 67.73791218096727 solMass / solMass
781 168.047891436795 solMass / solMass
782 35.911412203524925 solMass / solMass
783 41.76353691853179 solMass / solMass
784 81.11702375663708 solMass / solMass
786 53.28580663244386 solMass / solMass
787 110.89985760909116 solMass / solMass
788 62.73798826382138 solMass / solMass
789 35.88592580136143 solMass / solMass
790 125.01463767168025 solMass / solMass
791 68.2771035153667 solMass / solMass
793 76.89053297088951 solMass / solMass
794 3.5451310958924576 solMass / solMass
795 105.30198452227918 solMass / solMass
796 120.74895135107482 solMass / solMass
797 20.44922816712275 solMass / solMass
800 93.15379461359544 solMass / solMass
801 37.267465500912444 solMass / solMass
803 59.577753830270055 solMass / solMass
804 107.92721734144575 solMass / solMass
805 86.49918883783107 solMass / solMass
806 14.620945881911128 solMass / solMass
808 113.87417192736432 solMass / solMass
812 129.92232135938332 solMass / solMass
813 71.21163037319393 solMass / solMass
814 53.21580997381588 solMass / solMass
815 24.287135389240373 solMass / solMass
817 11.123814863334808 solMass / solMass
818 134.21591703714054 solMass / solMass
820 67.0593937388282 solMass / solMass
821 26.47001832514326 solMass / solMass
824 116.21916951316135 solMass / solMass
826 46.79907699019828 solMass / solMass
828 42.44649305616 solMass / solMass
830 149.8513807936509 solMass / solMass
831 180.0255784425295 solMass / solMass
832 177.46816519247434 solMass / solMass
834 18.776190860303263 solMass / solMass
835 34.399559923335694 solMass / solMass
836 49.95159949897846 solMass / solMass
837 183.25413147514038 solMass / solMass
838 21.022770286912728 solMass / solMass
841 10.063879202035523 solMass / solMass
842 120.34460784724907 solMass / solMass
844 85.58519280571035 solMass / solMass
845 66.47128014772241 solMass / solMass
846 302.71551730449636 solMass / solMass
847 79.61408557667357 solMass / solMass
848 90.01557911303946 solMass / solMass
849 302.65153326567935 solMass / solMass
850 41.33368332842789 solMass / solMass
851 98.50862392188088 solMass / solMass
854 24.233104397278574 solMass / solMass
855 24.153466306810074 solMass / solMass
857 49.19448771911102 solMass / solMass
858 11.970463952039559 solMass / solMass
859 148.09469561061488 solMass / solMass
861 56.918861884641785 solMass / solMass
862 100.76584489132836 solMass / solMass
863 96.70075332015554 solMass / solMass
864 121.38084916678997 solMass / solMass
865 130.8438150569638 solMass / solMass
868 27.053810030540788 solMass / solMass
869 139.74389713751486 solMass / solMass
870 2.644181529012547 solMass / solMass
871 39.258917545663216 solMass / solMass
872 19.63814892867571 solMass / solMass
873 122.8729174620674 solMass / solMass
875 182.9342388818594 solMass / solMass
876 37.17856434713272 solMass / solMass
877 176.59909460766372 solMass / solMass
878 54.45797238029847 solMass / solMass
879 540.241026322778 solMass / solMass
880 32.14869505210862 solMass / solMass
881 200.62036523332384 solMass / solMass
882 397.84903960691327 solMass / solMass
884 397.1041670034647 solMass / solMass
885 95.88151954700143 solMass / solMass
891 9.154855134809393 solMass / solMass
892 107.46150880560968 solMass / solMass
893 220.99317177143678 solMass / solMass
895 57.3787310983744 solMass / solMass
896 130.0958309885019 solMass / solMass
897 131.0702407134754 solMass / solMass
898 195.07677981691296 solMass / solMass
899 63.90749513964802 solMass / solMass
900 225.40533083317757 solMass / solMass
901 80.27934292086793 solMass / solMass
902 57.783742421974885 solMass / solMass
903 37.07854924748035 solMass / solMass
904 7.918518402602727 solMass / solMass
907 154.845181147743 solMass / solMass
909 27.84391869475993 solMass / solMass
910 98.94912042849903 solMass / solMass
911 67.69043442985145 solMass / solMass
914 145.2531684716383 solMass / solMass
915 128.64994932870005 solMass / solMass
916 146.4892131262958 solMass / solMass
917 29.21867305002976 solMass / solMass
918 76.63988406359677 solMass / solMass
919 84.36410515939515 solMass / solMass
923 125.9535232666212 solMass / solMass
924 105.30891926200955 solMass / solMass
926 138.88422936813308 solMass / solMass
928 144.6039917852992 solMass / solMass
930 165.20911775653036 solMass / solMass
935 74.60494405595884 solMass / solMass
936 86.39517229014047 solMass / solMass
937 125.89356666318919 solMass / solMass
938 37.552618896141226 solMass / solMass
940 97.4024010133024 solMass / solMass
942 175.4204481821583 solMass / solMass
943 124.64145706583909 solMass / solMass
945 91.27820970171885 solMass / solMass
946 424.9267746129167 solMass / solMass
947 153.66101463125014 solMass / solMass
952 512.0254524367168 solMass / solMass
953 67.10461334951104 solMass / solMass
954 170.55592101985476 solMass / solMass
955 123.12115684518929 solMass / solMass
957 125.28020996779595 solMass / solMass
958 19.302691129286238 solMass / solMass
959 126.70949057231341 solMass / solMass
960 155.71529953819368 solMass / solMass
961 83.68902111103036 solMass / solMass
962 22.22761795816103 solMass / solMass
964 110.46125987855228 solMass / solMass
965 94.14966327489661 solMass / solMass
966 616.5835194159337 solMass / solMass
969 170.7072142189611 solMass / solMass
970 6.191282917420987 solMass / solMass
971 200.5487018748285 solMass / solMass
973 83.46862829495885 solMass / solMass
974 725.7231884219738 solMass / solMass
977 55.652673867906834 solMass / solMass
978 237.65401065807558 solMass / solMass
980 87.34632259768742 solMass / solMass
982 182.8053868961574 solMass / solMass
983 25.38891358374966 solMass / solMass
984 281.46029362860816 solMass / solMass
986 99.91010776931523 solMass / solMass
987 5.405441881954602 solMass / solMass
991 256.5813278566188 solMass / solMass
992 366.45321768344365 solMass / solMass
993 268.3914516920458 solMass / solMass
994 56.66580269113509 solMass / solMass
995 157.10601843213314 solMass / solMass
996 173.99754250723245 solMass / solMass
998 137.7609381867439 solMass / solMass
999 80.08405144766505 solMass / solMass
1000 102.10397611664432 solMass / solMass
1001 174.76176635125142 solMass / solMass
1003 11.422981353799978 solMass / solMass
1004 46.774676404800594 solMass / solMass
1008 78.18058018419406 solMass / solMass
1009 178.93860095784228 solMass / solMass
1012 253.34813529568754 solMass / solMass
1014 11.534717403465406 solMass / solMass
1015 3.227736590107148 solMass / solMass
1016 229.4482010196883 solMass / solMass
1020 382.9823801900978 solMass / solMass
1023 10.330182868715092 solMass / solMass
1024 82.02232277122553 solMass / solMass
1025 127.25801886223007 solMass / solMass
1026 206.60603508021165 solMass / solMass
1027 145.64319451018352 solMass / solMass
1029 101.60296775532585 solMass / solMass
1030 74.7370504770436 solMass / solMass
1032 103.43005061633163 solMass / solMass
1033 17.304772062595966 solMass / solMass
1034 119.4041243598315 solMass / solMass
1035 133.23805044044644 solMass / solMass
1037 166.59762963664258 solMass / solMass
1041 157.65055168991998 solMass / solMass
1043 60.50355612667559 solMass / solMass
1044 66.57179598089554 solMass / solMass
1046 204.18196411987313 solMass / solMass
1047 91.2044192297382 solMass / solMass
1049 63.980072031444095 solMass / solMass
1051 69.28905104303757 solMass / solMass
1054 89.35905251512997 solMass / solMass
1055 8.334651415053594 solMass / solMass
1056 162.62337003516657 solMass / solMass
1058 153.4918888288859 solMass / solMass
1059 54.645520981952984 solMass / solMass
1060 2.892068574729976 solMass / solMass
1063 12.227481868951003 solMass / solMass
1064 77.60717190594566 solMass / solMass
1065 114.33333061055923 solMass / solMass
1067 165.71223634026882 solMass / solMass
1068 102.4340352852503 solMass / solMass
1069 53.35155399431971 solMass / solMass
1070 6.6280988970839045 solMass / solMass
1071 141.48468311863337 solMass / solMass
1072 129.23031783960562 solMass / solMass
1073 204.74896519831037 solMass / solMass
1074 230.1851025931278 solMass / solMass
1075 0.5499325962665639 solMass / solMass
1076 223.66456284115583 solMass / solMass
1079 442.97786334845034 solMass / solMass
1080 136.85955557899024 solMass / solMass
1081 84.47524556830662 solMass / solMass
1082 86.9935568771789 solMass / solMass
1083 367.4052137936481 solMass / solMass
1085 113.16797971420094 solMass / solMass
1087 302.9041394848797 solMass / solMass
1088 166.00079594238125 solMass / solMass
1089 3.821276092631141 solMass / solMass
1090 94.86054327616088 solMass / solMass
1091 411.40617050742605 solMass / solMass
1092 115.11234526221509 solMass / solMass
1093 45.57816640064896 solMass / solMass
1094 136.1358990117265 solMass / solMass
1095 107.2374040810424 solMass / solMass
1096 112.64581271087015 solMass / solMass
1097 235.90314459168246 solMass / solMass
1098 159.0348803127283 solMass / solMass
1100 89.91464697227944 solMass / solMass
1101 85.50799807201676 solMass / solMass
1102 151.16351230070813 solMass / solMass
1103 119.52588724688178 solMass / solMass
1104 89.27102723517879 solMass / solMass
1106 147.29754275546554 solMass / solMass
1107 715.4057267308427 solMass / solMass
1108 102.20734587885354 solMass / solMass
1109 15.017595944162757 solMass / solMass
1112 35.60979525286401 solMass / solMass
IsSatellite
1114 484.67298900105123 solMass / solMass
1115 12.514299620039637 solMass / solMass
1118 725.2700015066254 solMass / solMass
1119 179.1860250208192 solMass / solMass
1120 5.06330330608618 solMass / solMass
1123 51.84991028994861 solMass / solMass
1124 18.10680291980578 solMass / solMass
1126 73.96751686235523 solMass / solMass
1128 20.51015221677111 solMass / solMass
1132 215.07545562865357 solMass / solMass
1133 88.49053061564993 solMass / solMass
1134 21.5502491416419 solMass / solMass
1136 139.24850792060784 solMass / solMass
1137 332.60973795593424 solMass / solMass
1140 225.48270695577344 solMass / solMass
1141 231.80666915804267 solMass / solMass
1142 345.4376937338681 solMass / solMass
1143 58.60989803033872 solMass / solMass
1146 109.12756115161501 solMass / solMass
1147 40.16322587937329 solMass / solMass
1148 103.92032512591067 solMass / solMass
1149 141.16767883369647 solMass / solMass
1151 252.71693048760253 solMass / solMass
1152 374.6753402129577 solMass / solMass
1153 110.89581809761195 solMass / solMass
1154 169.90152027032326 solMass / solMass
1155 180.32058939939455 solMass / solMass
1156 137.17337719956961 solMass / solMass
1157 116.93862641098484 solMass / solMass
1158 247.4725781351728 solMass / solMass
1159 174.13976681884284 solMass / solMass
1160 122.06495569610158 solMass / solMass
1162 70.44489134155916 solMass / solMass
1163 162.9288779635352 solMass / solMass
1164 35.25317127576375 solMass / solMass
1165 114.6169850256621 solMass / solMass
1166 339.9332461141445 solMass / solMass
1167 201.01839025372843 solMass / solMass
1169 155.37643486558562 solMass / solMass
1170 93.03010379907234 solMass / solMass
1171 128.2399858307196 solMass / solMass
1172 60.944237295998185 solMass / solMass
1173 307.26842673188503 solMass / solMass
1174 181.6109977291251 solMass / solMass
1175 254.53192906281186 solMass / solMass
1176 206.3318402462894 solMass / solMass
1178 99.04170873993111 solMass / solMass
1179 49.16357647927652 solMass / solMass
1180 176.69353942080147 solMass / solMass
1181 92.78930108766721 solMass / solMass
1182 65.6845173014301 solMass / solMass
1183 180.6999692166214 solMass / solMass
1184 132.58986441020122 solMass / solMass
1185 197.6271534633846 solMass / solMass
1186 20.99141276106126 solMass / solMass
1187 267.0906458284606 solMass / solMass
1188 64.03249036045294 solMass / solMass
1189 90.42353570745433 solMass / solMass
1190 198.16854823486352 solMass / solMass
1191 16.53216241302972 solMass / solMass
1192 834.8138138615825 solMass / solMass
1193 200.04331790520212 solMass / solMass
1194 30.90623486002035 solMass / solMass
1195 169.4861834370441 solMass / solMass
1197 241.485460942069 solMass / solMass
1200 182.34188195093287 solMass / solMass
1201 195.2720586519531 solMass / solMass
1202 193.2185129709331 solMass / solMass
1203 113.42891252213124 solMass / solMass
1205 335.04702591963024 solMass / solMass
1206 197.5491837697144 solMass / solMass
1207 42.212402611889644 solMass / solMass
1208 218.15074935702947 solMass / solMass
1209 210.13741359354736 solMass / solMass
1210 112.7268875739434 solMass / solMass
1213 40.56726700900487 solMass / solMass
1214 292.384750410251 solMass / solMass
1215 196.89569464170623 solMass / solMass
1217 1198.2535283716004 solMass / solMass
1218 138.53476881811704 solMass / solMass
1219 163.53085092855156 solMass / solMass
1220 144.24539334596327 solMass / solMass
1221 216.7691079294599 solMass / solMass
1222 327.63547797163136 solMass / solMass
1223 70.32507775762659 solMass / solMass
1224 77.1303992818399 solMass / solMass
1225 273.4732630336561 solMass / solMass
1226 61.275190207281696 solMass / solMass
1227 110.49738830345228 solMass / solMass
1231 124.91780404551817 solMass / solMass
1232 175.43785385726582 solMass / solMass
1233 70.32478243899989 solMass / solMass
1234 137.88179022319127 solMass / solMass
1235 136.31918737611772 solMass / solMass
1236 598.894104762792 solMass / solMass
1237 147.94924042512193 solMass / solMass
1238 60.06799870479423 solMass / solMass
1241 165.7776373270514 solMass / solMass
1243 273.0791740845057 solMass / solMass
1245 112.55015419101633 solMass / solMass
1246 227.37910461533752 solMass / solMass
1247 2.8457107212850437 solMass / solMass
1251 72.50088777358998 solMass / solMass
1253 195.32317528005916 solMass / solMass
1255 142.15526242281774 solMass / solMass
1256 47.697823336456686 solMass / solMass
IsSatellite
1260 15.28114627041643 solMass / solMass
1263 222.38278398012045 solMass / solMass
1265 51.16966089229217 solMass / solMass
1266 261.3704412402361 solMass / solMass
1267 113.36489894357986 solMass / solMass
1268 161.89704219042147 solMass / solMass
1270 27.369589317712784 solMass / solMass
1271 4.902248650257327 solMass / solMass
1273 119.16050661237615 solMass / solMass
1276 63.9044438883249 solMass / solMass
1277 151.0474296997217 solMass / solMass
1278 218.68848572752935 solMass / solMass
1279 243.50797660263504 solMass / solMass
1281 80.18143641307208 solMass / solMass
1282 4.917407600032852 solMass / solMass
1284 188.1592729114172 solMass / solMass
1285 101.7817839969617 solMass / solMass
1286 176.5498137486922 solMass / solMass
1288 51.960970851380104 solMass / solMass
1289 522.9591622506451 solMass / solMass
1291 1107.9673801803253 solMass / solMass
1292 220.1674940396344 solMass / solMass
1293 259.4072515791578 solMass / solMass
1294 63.092400936110636 solMass / solMass
1295 153.27893555557625 solMass / solMass
1296 300.9907486977003 solMass / solMass
1298 393.59907170854166 solMass / solMass
1299 145.13701981613022 solMass / solMass
1300 197.99134332508373 solMass / solMass
1301 48.09259213157601 solMass / solMass
1302 126.27173759036846 solMass / solMass
1303 95.52297760776283 solMass / solMass
1304 204.21089474730962 solMass / solMass
1305 277.3127356173972 solMass / solMass
1306 167.5352385977493 solMass / solMass
1307 254.1235855307629 solMass / solMass
1309 85.0005319875155 solMass / solMass
1311 264.7661976734347 solMass / solMass
1312 98.06932595704683 solMass / solMass
1313 173.8282282703903 solMass / solMass
1316 132.15229671199867 solMass / solMass
1317 197.7956552950832 solMass / solMass
1318 205.77800740983758 solMass / solMass
1319 114.39920662787105 solMass / solMass
1321 111.36009288814238 solMass / solMass
1322 133.84011760922053 solMass / solMass
1325 88.70434041515885 solMass / solMass
1326 76.78481776194718 solMass / solMass
1327 105.95614936245813 solMass / solMass
1328 120.43016138897207 solMass / solMass
1329 74.44350029585196 solMass / solMass
1331 137.9039884359916 solMass / solMass
1332 471.94093167916367 solMass / solMass
1336 235.74070050671028 solMass / solMass
1337 5.173733661060812 solMass / solMass
1339 167.22387274676342 solMass / solMass
1341 3.512698524865848 solMass / solMass
1342 162.96667645332715 solMass / solMass
1346 201.10996894632052 solMass / solMass
1349 74.99394995006215 solMass / solMass
1350 13.77388566617249 solMass / solMass
1351 63.26476680667956 solMass / solMass
1352 10.219698095054806 solMass / solMass
1353 13.589055537014902 solMass / solMass
1354 682.6379039100517 solMass / solMass
1355 284.65561484710497 solMass / solMass
1356 137.96754067955493 solMass / solMass
1357 303.3815949840438 solMass / solMass
1358 174.3512755261509 solMass / solMass
1361 7.870797212400043 solMass / solMass
1362 134.7581428462624 solMass / solMass
1365 251.49478550372518 solMass / solMass
1366 620.2835248860135 solMass / solMass
1367 319.9588958775451 solMass / solMass
1368 189.62117905586942 solMass / solMass
1369 167.06352391961494 solMass / solMass
1370 41.848982074068545 solMass / solMass
1371 170.58483239052276 solMass / solMass
1372 84.30085932075431 solMass / solMass
1373 17.905649167624492 solMass / solMass
1374 265.6439905188997 solMass / solMass
1378 1023.8927671128813 solMass / solMass
1379 248.71443651781254 solMass / solMass
1380 159.29364844654063 solMass / solMass
1381 103.73649349477985 solMass / solMass
1384 125.377982426266 solMass / solMass
1385 84.02521913350705 solMass / solMass
1387 99.7685844774069 solMass / solMass
HaloMassEqualZero
1390 192.4127308571601 solMass / solMass
1391 39.59001967172646 solMass / solMass
1392 244.9813438261504 solMass / solMass
1393 164.00684624998954 solMass / solMass
1394 2.9906011993508193 solMass / solMass
1395 271.79392916492975 solMass / solMass
1396 40.22302596328282 solMass / solMass
1397 152.27557985398124 solMass / solMass
1399 54.71887086229524 solMass / solMass
IsSatellite
1401 14.914492216823593 solMass / solMass
1402 285.9548769303002 solMass / solMass
1403 149.15027412957411 solMass / solMass
1404 156.40534033765414 solMass / solMass
1405 149.14546182573167 solMass / solMass
1406 167.88342154652304 solMass / solMass
1407 108.81623730273421 solMass / solMass
1408 91.48958698406635 solMass / solMass
1409 103.53898631111784 solMass / solMass
1411 215.0095509676353 solMass / solMass
1412 156.82066914209176 solMass / solMass
1415 401.8950010705876 solMass / solMass
1416 269.4506711382072 solMass / solMass
1418 168.62990794213505 solMass / solMass
1419 63.84748825881962 solMass / solMass
1421 353.02345213112716 solMass / solMass
1422 848.9581129230057 solMass / solMass
1423 81.06757201491331 solMass / solMass
1424 157.6743077073295 solMass / solMass
1425 243.5579556000689 solMass / solMass
1426 96.92264556733421 solMass / solMass
1427 382.56354016187544 solMass / solMass
1428 319.25594118460907 solMass / solMass
1429 3.3324190174477204 solMass / solMass
1430 4.387916178095896 solMass / solMass
1431 227.90585294585725 solMass / solMass
1432 391.8476114062321 solMass / solMass
1435 226.83198965078682 solMass / solMass
IsSatellite
1438 124.69646275644297 solMass / solMass
1439 256.6060374359432 solMass / solMass
1441 34.721845744854875 solMass / solMass
1442 88.83854442110321 solMass / solMass
1443 104.02451097431079 solMass / solMass
1444 67.09460842227624 solMass / solMass
1445 79.94024141992551 solMass / solMass
1446 118.50353005093898 solMass / solMass
1447 192.3618452157596 solMass / solMass
1448 252.5415079045316 solMass / solMass
1449 296.7870055052964 solMass / solMass
1450 405.22856931902174 solMass / solMass
1451 381.35064005422345 solMass / solMass
1452 229.6778047655576 solMass / solMass
1453 142.64472575133385 solMass / solMass
1454 176.98490587918724 solMass / solMass
1455 244.90769579035634 solMass / solMass
1456 144.89128695408044 solMass / solMass
1457 6.44131927089476 solMass / solMass
1458 18.86509625938477 solMass / solMass
1460 46.393182642013066 solMass / solMass
1461 160.81890175984603 solMass / solMass
1462 315.8368810835757 solMass / solMass
1463 97.70268806586904 solMass / solMass
1464 296.4960063385923 solMass / solMass
1465 135.76722245194782 solMass / solMass
1466 141.35019391736037 solMass / solMass
1468 377.2369164736429 solMass / solMass
1470 195.82062309394712 solMass / solMass
1472 76.53224999295477 solMass / solMass
1473 84.66357900049135 solMass / solMass
1474 292.4952666556453 solMass / solMass
1476 293.5280089058661 solMass / solMass
1479 72.42198594332665 solMass / solMass
1481 289.9178020375583 solMass / solMass
1484 11.254608831342177 solMass / solMass
1485 248.20902447842448 solMass / solMass
1489 9.066055333707824 solMass / solMass
1490 163.14072090434863 solMass / solMass
1491 451.6950093115504 solMass / solMass
1492 278.15866019067175 solMass / solMass
1496 462.3458064614437 solMass / solMass
1497 396.71027649706946 solMass / solMass
1498 282.91274741491753 solMass / solMass
1499 77.5706489606205 solMass / solMass
1500 318.2239697027733 solMass / solMass
1501 191.95814709025245 solMass / solMass
1503 268.79626005450746 solMass / solMass
1504 456.99994132818125 solMass / solMass
1505 252.50968000474776 solMass / solMass
1506 277.9590004097733 solMass / solMass
1507 579.2660701665759 solMass / solMass
IsSatellite
1509 117.292816087299 solMass / solMass
1510 89.67857182866948 solMass / solMass
1511 30.43036436117628 solMass / solMass
1512 190.50278316720323 solMass / solMass
1513 478.1600851826799 solMass / solMass
1514 118.45898514522344 solMass / solMass
1515 295.6036716515512 solMass / solMass
1516 494.04721250679324 solMass / solMass
1518 211.9386956722395 solMass / solMass
1520 27.67382518524734 solMass / solMass
1522 260.972833513513 solMass / solMass
1523 31.45771111613105 solMass / solMass
1524 513.5326950872466 solMass / solMass
1525 37.4748676946565 solMass / solMass
1526 121.22733239497889 solMass / solMass
1527 413.3793911193246 solMass / solMass
1529 344.4980238301033 solMass / solMass
1530 325.27704470079954 solMass / solMass
1531 84.18598131384117 solMass / solMass
1532 186.60118442039905 solMass / solMass
1533 161.69860032064867 solMass / solMass
1534 351.29900491975206 solMass / solMass
1535 165.7002315195952 solMass / solMass
1536 18.700129906502585 solMass / solMass
1537 163.55450784608945 solMass / solMass
1539 534.6543457317865 solMass / solMass
1540 323.0415473522056 solMass / solMass
1541 84.07539671975987 solMass / solMass
1543 87.50220456705658 solMass / solMass
1544 611.8180828779385 solMass / solMass
1548 108.79103109738864 solMass / solMass
1550 232.00008677367626 solMass / solMass
1551 152.3610361324866 solMass / solMass
1552 157.54007525663286 solMass / solMass
1553 368.43537835510824 solMass / solMass
1554 275.7940663931992 solMass / solMass
1556 441.5723187025728 solMass / solMass
1557 103.9742056412292 solMass / solMass
1558 369.70483006837463 solMass / solMass
1559 133.221968449753 solMass / solMass
1563 164.6698254032351 solMass / solMass
1564 529.6099004648071 solMass / solMass
1565 357.2978139643458 solMass / solMass
1566 16.39667159143136 solMass / solMass
1567 736.5575433573686 solMass / solMass
1568 361.63895069666495 solMass / solMass
1569 700.9641709123814 solMass / solMass
1571 200.89123022707682 solMass / solMass
1572 1050.6999645009344 solMass / solMass
1574 366.42150052347307 solMass / solMass
1575 71.25551927557154 solMass / solMass
IsSatellite
1577 27.8736122390649 solMass / solMass
1578 138.62973759523624 solMass / solMass
1581 335.80903932907063 solMass / solMass
1582 383.63587270440695 solMass / solMass
1583 61.67568902636442 solMass / solMass
1585 248.34722184046208 solMass / solMass
1586 250.97254836480107 solMass / solMass
1587 91.26056230993655 solMass / solMass
1588 278.9904122720947 solMass / solMass
1589 312.89562109628775 solMass / solMass
1590 115.02688911132294 solMass / solMass
1591 390.4191469818342 solMass / solMass
1592 221.02865259938974 solMass / solMass
HaloMassEqualZero
1596 69.39594137654832 solMass / solMass
1600 56.363459266321364 solMass / solMass
1601 327.15572857185094 solMass / solMass
1602 22.87755325182561 solMass / solMass
1603 1432.9268039129431 solMass / solMass
1604 103.20609703711462 solMass / solMass
1605 200.58912211643448 solMass / solMass
1608 342.90565258838404 solMass / solMass
1609 260.54476984645436 solMass / solMass
1612 17.57315743490497 solMass / solMass
1613 275.1499795853901 solMass / solMass
1614 249.26178249463274 solMass / solMass
1615 280.66514814637577 solMass / solMass
1621 118.08499806920518 solMass / solMass
1623 567.4439032330762 solMass / solMass
1624 75.2422219395082 solMass / solMass
1626 55.634239123082274 solMass / solMass
1627 43.199348782324535 solMass / solMass
1628 270.81515477289815 solMass / solMass
1629 25.954453315215183 solMass / solMass
1630 35.50936377660885 solMass / solMass
1631 143.50392997006833 solMass / solMass
1632 311.3613677216629 solMass / solMass
1634 341.57002358934346 solMass / solMass
1636 400.02165677414433 solMass / solMass
1641 416.8284311467495 solMass / solMass
1642 769.7443914018287 solMass / solMass
1645 362.19674233730575 solMass / solMass
1646 199.84268122323894 solMass / solMass
1647 334.63482314743084 solMass / solMass
1648 129.73674264859028 solMass / solMass
1649 278.7757013623847 solMass / solMass
1650 255.3855845123179 solMass / solMass
1652 52.120594092016866 solMass / solMass
1653 141.8043826147019 solMass / solMass
1655 309.58585070523515 solMass / solMass
1656 750.0495353827944 solMass / solMass
1657 72.72456469536726 solMass / solMass
1658 46.046494772311284 solMass / solMass
1659 308.1538540530453 solMass / solMass
1660 362.921912286245 solMass / solMass
1661 160.7691000734822 solMass / solMass
1662 80.848220247774 solMass / solMass
1664 276.26361328751193 solMass / solMass
1665 540.3399536768712 solMass / solMass
1667 449.13865741435944 solMass / solMass
1668 440.29111776923406 solMass / solMass
1671 340.9806258040885 solMass / solMass
1672 323.489120721717 solMass / solMass
1674 320.7754512626356 solMass / solMass
1675 71.09808330010908 solMass / solMass
1677 129.9291804449626 solMass / solMass
1680 455.3355409724639 solMass / solMass
1681 466.53223043336067 solMass / solMass
1683 299.66333716498 solMass / solMass
1685 241.1850203312351 solMass / solMass
1686 146.30589799911982 solMass / solMass
1687 233.04694075493325 solMass / solMass
1689 235.3379420234377 solMass / solMass
1691 324.7836503194 solMass / solMass
1692 100.6498782674445 solMass / solMass
1693 100.12258504814356 solMass / solMass
1694 9.345186954232918 solMass / solMass
1698 798.0216968768597 solMass / solMass
1700 86.16244024532938 solMass / solMass
1702 282.05357139203534 solMass / solMass
1703 238.19989546163154 solMass / solMass
1705 84.19638541717423 solMass / solMass
1706 642.1038806106251 solMass / solMass
1708 352.5768486534089 solMass / solMass
1709 247.21108510683587 solMass / solMass
1710 12.321478376565057 solMass / solMass
1711 484.27367606928317 solMass / solMass
1712 429.10220769537295 solMass / solMass
1713 58.640923405531126 solMass / solMass
1714 83.87331543694738 solMass / solMass
1716 11.51422558181425 solMass / solMass
1717 248.93514345603046 solMass / solMass
1718 233.27473978593738 solMass / solMass
1719 428.2411817995637 solMass / solMass
1721 670.6736170845977 solMass / solMass
1722 395.64561345683245 solMass / solMass
1723 294.75810003597115 solMass / solMass
1724 253.71805093941475 solMass / solMass
1725 359.9824330031377 solMass / solMass
1729 441.34441974809516 solMass / solMass
1733 910.6135517880007 solMass / solMass
1735 74.76240784570534 solMass / solMass
1736 250.4618584599454 solMass / solMass
1737 290.8089472766473 solMass / solMass
1738 92.03229087949524 solMass / solMass
1739 240.1865191044433 solMass / solMass
1743 256.5218631192713 solMass / solMass
1744 133.17202872644668 solMass / solMass
1745 128.95477183908173 solMass / solMass
1747 165.2092725755417 solMass / solMass
1748 360.8334843502546 solMass / solMass
1749 105.89798544220294 solMass / solMass
1750 176.8697432320408 solMass / solMass
1751 206.55030649727559 solMass / solMass
1753 533.1342762474106 solMass / solMass
1754 434.0129849028297 solMass / solMass
1755 131.12924978148166 solMass / solMass
1756 85.1901924227447 solMass / solMass
1757 64.82254762533367 solMass / solMass
1758 665.8807178606588 solMass / solMass
1759 249.71877361854425 solMass / solMass
1760 238.82104029484563 solMass / solMass
1766 24.86782074092458 solMass / solMass
1767 79.22726035449283 solMass / solMass
1770 254.18047986675808 solMass / solMass
1772 199.41891883495683 solMass / solMass
1774 252.6462259908745 solMass / solMass
1775 440.8386329100725 solMass / solMass
1776 392.89102727282676 solMass / solMass
1777 349.40004955125715 solMass / solMass
1778 51.55694247013995 solMass / solMass
1779 160.29998888194962 solMass / solMass
1781 348.9758682925637 solMass / solMass
1782 96.87257194534796 solMass / solMass
1783 358.98385171142087 solMass / solMass
1784 89.5951717750717 solMass / solMass
1785 442.7850778723438 solMass / solMass
1786 215.14729552119294 solMass / solMass
1787 352.47149447692254 solMass / solMass
1789 150.8563098862877 solMass / solMass
1791 14.396798574174488 solMass / solMass
1792 180.10421042017654 solMass / solMass
1793 262.06693221710685 solMass / solMass
1794 105.64076363544193 solMass / solMass
1796 238.56549385482833 solMass / solMass
1798 510.5064227441408 solMass / solMass
1799 119.33678136797005 solMass / solMass
1800 211.72532585149577 solMass / solMass
1801 303.41639841402565 solMass / solMass
1803 1187.7238218249497 solMass / solMass
1804 433.97481254123176 solMass / solMass
1805 71.22384981515896 solMass / solMass
1806 55.637186934928685 solMass / solMass
1808 337.14222260901585 solMass / solMass
1810 28.720169396908798 solMass / solMass
1811 24.713720880624553 solMass / solMass
1812 176.4724050900776 solMass / solMass
1814 445.72692134644944 solMass / solMass
1815 180.13966872596922 solMass / solMass
1816 216.01591902651168 solMass / solMass
1817 554.8398145465455 solMass / solMass
1818 10.577708170533533 solMass / solMass
1819 307.44220515865067 solMass / solMass
1820 153.5486838945189 solMass / solMass
1821 782.4559864692536 solMass / solMass
1822 422.647975926725 solMass / solMass
1825 335.49452028447575 solMass / solMass
1827 87.50896224873465 solMass / solMass
1828 46.61384517260244 solMass / solMass
1829 187.91449685605716 solMass / solMass
1830 248.72817655043946 solMass / solMass
1831 463.23788503989357 solMass / solMass
1832 347.26473726097936 solMass / solMass
1833 273.72302858331494 solMass / solMass
1834 159.07960920505465 solMass / solMass
1836 125.29254784635339 solMass / solMass
1838 348.0284179799925 solMass / solMass
1839 51.65323980658767 solMass / solMass
1840 478.18807199722283 solMass / solMass
1841 325.21341267556284 solMass / solMass
1843 956.9199024503376 solMass / solMass
1845 376.6797596159452 solMass / solMass
1846 232.85395689439352 solMass / solMass
1847 166.18712902615997 solMass / solMass
1848 378.52075746792667 solMass / solMass
1849 73.40493274980325 solMass / solMass
1850 4.717683996365638 solMass / solMass
1851 186.61346211797863 solMass / solMass
1852 1316.168892134821 solMass / solMass
1853 92.80814390978408 solMass / solMass
1855 53.00100338586368 solMass / solMass
1856 255.62353830856281 solMass / solMass
1857 83.35493398599102 solMass / solMass
1858 37.52260046770147 solMass / solMass
1859 286.8231695788669 solMass / solMass
1860 91.81578891073826 solMass / solMass
1861 141.05786237186675 solMass / solMass
1862 28.679615561412696 solMass / solMass
1864 251.69325206339332 solMass / solMass
1865 26.038804314427292 solMass / solMass
1867 371.85036911060695 solMass / solMass
1868 305.16152056319163 solMass / solMass
1869 366.5317087214898 solMass / solMass
1870 324.9694476657832 solMass / solMass
1871 1868.3342999965432 solMass / solMass
1872 32.87683890372012 solMass / solMass
1874 49.44553125595893 solMass / solMass
1876 453.6040713852224 solMass / solMass
1879 166.56780250767142 solMass / solMass
IsSatellite
1881 174.9475894876374 solMass / solMass
1882 390.77706558462 solMass / solMass
1884 272.33804856567946 solMass / solMass
1885 304.35816734709675 solMass / solMass
1886 1278.5322638954706 solMass / solMass
1889 180.95769120952252 solMass / solMass
1894 262.44763518268553 solMass / solMass
1895 141.85353896063455 solMass / solMass
1897 1037.5005410159508 solMass / solMass
1898 102.96950021407704 solMass / solMass
1900 166.16646822945944 solMass / solMass
1901 1101.6661858939622 solMass / solMass
1904 7.167561105246339 solMass / solMass
1906 79.54409661937315 solMass / solMass
1907 444.6745150022659 solMass / solMass
1908 38.323611814508766 solMass / solMass
1909 357.47831667820344 solMass / solMass
1911 149.58372481159856 solMass / solMass
1913 526.2650305015612 solMass / solMass
1916 296.8886231948759 solMass / solMass
1917 262.36758896500226 solMass / solMass
1918 39.16956048329403 solMass / solMass
1920 637.1087850486539 solMass / solMass
1921 109.36607169842185 solMass / solMass
1922 721.6596037104554 solMass / solMass
1924 382.39294224322197 solMass / solMass
1925 95.5614076240333 solMass / solMass
1926 172.81903357197234 solMass / solMass
1927 329.8641083053857 solMass / solMass
1928 750.3483209205019 solMass / solMass
1930 165.08053151814192 solMass / solMass
1931 181.2308192119821 solMass / solMass
1932 269.33917258798175 solMass / solMass
1933 394.73663759480075 solMass / solMass
1935 365.34125390622825 solMass / solMass
1936 37.30233157885704 solMass / solMass
1938 636.8506794312189 solMass / solMass
1939 308.82757359638924 solMass / solMass
1941 47.53214514727972 solMass / solMass
1942 304.40599651867353 solMass / solMass
1943 197.42381804706662 solMass / solMass
1944 935.109734060576 solMass / solMass
1945 129.18467648395207 solMass / solMass
1946 421.7426762137988 solMass / solMass
1947 62.653307180359896 solMass / solMass
1948 229.29508466630955 solMass / solMass
1950 580.6241242319936 solMass / solMass
1951 558.6462485575056 solMass / solMass
1952 110.7447728550141 solMass / solMass
1953 73.8866330165539 solMass / solMass
1954 284.3177237837538 solMass / solMass
1955 349.30872971051997 solMass / solMass
1956 1813.373729719883 solMass / solMass
1957 376.05912030300016 solMass / solMass
1958 205.7612204401055 solMass / solMass
1959 230.2619182104564 solMass / solMass
1960 260.0026735536005 solMass / solMass
1964 293.3287712829372 solMass / solMass
1965 24.1720583742864 solMass / solMass
1966 270.358219286531 solMass / solMass
1967 64.8582590461744 solMass / solMass
1968 271.86562974705754 solMass / solMass
1969 341.8024162070601 solMass / solMass
1970 41.644275191243175 solMass / solMass
1971 75.00480303038461 solMass / solMass
1972 455.5093385679258 solMass / solMass
1973 166.27961648651996 solMass / solMass
1974 332.6038888570539 solMass / solMass
1975 265.7010742013994 solMass / solMass
IsSatellite
1978 176.18403053838202 solMass / solMass
1981 202.97359065040172 solMass / solMass
1982 492.323156074592 solMass / solMass
HaloMassEqualZero
1984 51.00782601767033 solMass / solMass
1986 278.2021385778378 solMass / solMass
1987 308.02235771343413 solMass / solMass
1988 209.92731488487635 solMass / solMass
1989 1.341904534710532 solMass / solMass
1990 206.77786685927424 solMass / solMass
1992 208.68650754654885 solMass / solMass
1993 394.86309170101106 solMass / solMass
1994 309.81897189906954 solMass / solMass
1995 488.4523221642313 solMass / solMass
1996 264.4420785048518 solMass / solMass
1999 88.04238833271322 solMass / solMass
2000 345.93627350127264 solMass / solMass
2002 92.81841385016406 solMass / solMass
2004 83.10851737779716 solMass / solMass
2005 431.97239860329205 solMass / solMass
2006 324.3864065718413 solMass / solMass
2010 84.81390635455645 solMass / solMass
2011 427.65862611684224 solMass / solMass
2012 613.232139121731 solMass / solMass
2013 343.58056046811845 solMass / solMass
2014 31.89233777354623 solMass / solMass
2015 537.5361795664396 solMass / solMass
2016 287.36328821417123 solMass / solMass
2017 207.7045680885352 solMass / solMass
2018 509.0728086172347 solMass / solMass
2019 147.4278111549846 solMass / solMass
2020 500.7805948579466 solMass / solMass
2021 109.73419032547373 solMass / solMass
2023 1664.6434064285015 solMass / solMass
2026 611.3210933447456 solMass / solMass
2027 28.912623026642688 solMass / solMass
2029 232.06554066458293 solMass / solMass
2030 376.65952453786326 solMass / solMass
2031 372.1233302613338 solMass / solMass
2032 628.2257962214709 solMass / solMass
2034 192.71559489958258 solMass / solMass
2036 42.42077035928095 solMass / solMass
2037 487.33953790818236 solMass / solMass
2038 569.330678182344 solMass / solMass
2039 359.38317840056646 solMass / solMass
2041 330.36186889632137 solMass / solMass
2042 382.46744358097203 solMass / solMass
2043 425.2920376882918 solMass / solMass
2045 455.94288269150155 solMass / solMass
HaloMassEqualZero
2048 169.52625739684336 solMass / solMass
2051 185.57564638484584 solMass / solMass
2052 340.2136614408766 solMass / solMass
2054 250.20961688733232 solMass / solMass
2056 1032.1210909415197 solMass / solMass
2058 325.2609972725085 solMass / solMass
2060 764.9467376977202 solMass / solMass
2061 31.439788437633254 solMass / solMass
2062 356.6583747892017 solMass / solMass
2063 107.20846633196659 solMass / solMass
2066 393.5023494467343 solMass / solMass
2068 87.76809985861134 solMass / solMass
2069 0.7581075779134875 solMass / solMass
2070 973.4214496314637 solMass / solMass
2071 403.7000500673368 solMass / solMass
2073 222.37139830409436 solMass / solMass
2074 462.5973999737051 solMass / solMass
2075 247.48206217063236 solMass / solMass
2078 264.93870536418734 solMass / solMass
2079 347.1247083868948 solMass / solMass
2080 15.264860841137397 solMass / solMass
2082 698.5729142470752 solMass / solMass
2083 199.27521501051035 solMass / solMass
2085 5.911154764695022 solMass / solMass
IsSatellite
2087 225.4604777437236 solMass / solMass
2089 1.3190740062937563 solMass / solMass
2090 151.52465178772613 solMass / solMass
2092 491.74029789704906 solMass / solMass
2093 486.81936102780645 solMass / solMass
2094 138.0031916800373 solMass / solMass
2096 131.55393702222585 solMass / solMass
2097 934.5522607465109 solMass / solMass
2098 169.12079502283055 solMass / solMass
2099 321.3037724654395 solMass / solMass
2100 64.71270934615653 solMass / solMass
2102 69.58989190396002 solMass / solMass
2103 427.26142460915935 solMass / solMass
2104 464.8117392536244 solMass / solMass
2105 10.971917385599914 solMass / solMass
2107 67.58208930643116 solMass / solMass
2108 291.00037042761403 solMass / solMass
2109 549.6289604810037 solMass / solMass
2110 580.0551590606341 solMass / solMass
2111 142.0928498713176 solMass / solMass
2112 741.2856107582176 solMass / solMass
2113 703.7501309241364 solMass / solMass
2116 62.39669450975456 solMass / solMass
2117 1255.751196447034 solMass / solMass
2119 2306.2289758781544 solMass / solMass
2121 330.07411987520953 solMass / solMass
2124 435.5608249462662 solMass / solMass
2125 687.9254476491291 solMass / solMass
IsSatellite
2127 67.66451648674064 solMass / solMass
2129 162.82279358065296 solMass / solMass
HaloMassEqualZero
2132 39.24317186529149 solMass / solMass
2133 443.6762135964701 solMass / solMass
2134 328.8668602675738 solMass / solMass
2136 351.2070882998714 solMass / solMass
2139 207.47360110973864 solMass / solMass
2140 300.59995987599564 solMass / solMass
2141 217.0216309588649 solMass / solMass
2143 1866.0170198981068 solMass / solMass
2144 49.27535323088774 solMass / solMass
2145 189.8143111340949 solMass / solMass
2147 505.12027983266586 solMass / solMass
2148 505.75840801287893 solMass / solMass
2149 77.86481711398743 solMass / solMass
2150 459.6362973764798 solMass / solMass
2152 408.13263669500134 solMass / solMass
2153 761.9324227721502 solMass / solMass
2154 648.952216281406 solMass / solMass
2155 368.47418161478504 solMass / solMass
2156 436.185188146723 solMass / solMass
2157 322.22682184898906 solMass / solMass
2159 290.25459173917335 solMass / solMass
2160 1022.3929825686863 solMass / solMass
2161 322.10917136272013 solMass / solMass
2162 437.60164180783505 solMass / solMass
2163 659.5693829651741 solMass / solMass
2164 226.7723883386465 solMass / solMass
2165 870.5698575073409 solMass / solMass
2167 94.6966669265076 solMass / solMass
HaloMassEqualZero
2171 570.9396559911045 solMass / solMass
2174 214.875680017816 solMass / solMass
2175 87.42100493769067 solMass / solMass
2177 162.44025093793795 solMass / solMass
2179 129.34063636742752 solMass / solMass
2180 259.9243740908353 solMass / solMass
2182 242.36073751567753 solMass / solMass
2183 87.94846911487656 solMass / solMass
2184 277.18941498812836 solMass / solMass
2185 185.8019101071503 solMass / solMass
2187 147.89924029203908 solMass / solMass
IsSatellite
2190 625.0162318518403 solMass / solMass
2192 89.61636195024046 solMass / solMass
2193 184.94343043710623 solMass / solMass
2194 420.00485167309074 solMass / solMass
2195 154.40314485260555 solMass / solMass
2196 602.8332896701984 solMass / solMass
2197 715.0417000749836 solMass / solMass
2198 439.6866751862471 solMass / solMass
2199 445.5574204830181 solMass / solMass
2200 13.193518187362917 solMass / solMass
2201 198.9143421982833 solMass / solMass
2203 140.02146637031842 solMass / solMass
2204 272.09524226712153 solMass / solMass
2205 84.33386745939369 solMass / solMass
2206 386.52000918983856 solMass / solMass
2207 775.3576528847964 solMass / solMass
2209 654.1431191746404 solMass / solMass
2212 803.5263835467098 solMass / solMass
2214 374.6187696876098 solMass / solMass
2218 449.8319969405124 solMass / solMass
2219 126.08395277603172 solMass / solMass
2220 691.1752746376188 solMass / solMass
2221 396.7831603281409 solMass / solMass
2222 646.0149768895379 solMass / solMass
2223 1409.6736515640328 solMass / solMass
2225 198.388699950457 solMass / solMass
2226 764.4212212268316 solMass / solMass
2227 408.5531110797531 solMass / solMass
2228 1193.1704275635777 solMass / solMass
2229 358.3854099525082 solMass / solMass
2230 543.0782773337386 solMass / solMass
2231 263.84991328372433 solMass / solMass
2233 908.2528423954934 solMass / solMass
2234 841.3081162344837 solMass / solMass
2238 295.6489299923473 solMass / solMass
2240 181.9320965883255 solMass / solMass
2241 152.7981997278637 solMass / solMass
2242 315.69401563862317 solMass / solMass
2243 90.94675069944242 solMass / solMass
2244 154.57895872232552 solMass / solMass
2245 736.0657741438818 solMass / solMass
2248 743.2055984308216 solMass / solMass
2249 669.2209101798545 solMass / solMass
2250 675.4904851131436 solMass / solMass
HaloMassEqualZero
2254 236.77311120315233 solMass / solMass
2256 298.1583514785788 solMass / solMass
2257 567.8629942261521 solMass / solMass
2258 493.0035573333486 solMass / solMass
2259 386.5787313703372 solMass / solMass
2260 489.2345157951 solMass / solMass
2261 260.72855735068924 solMass / solMass
2262 684.9830448679284 solMass / solMass
2263 255.4909323789541 solMass / solMass
2266 135.52960743324536 solMass / solMass
2267 328.5703650667868 solMass / solMass
2268 460.79267725367197 solMass / solMass
2269 174.5878558501852 solMass / solMass
2271 16.236793526475058 solMass / solMass
2272 37.234515163118566 solMass / solMass
2273 390.2957954680291 solMass / solMass
2275 252.56007509327023 solMass / solMass
2276 359.3450644847508 solMass / solMass
2277 16.45433833588104 solMass / solMass
2278 283.2460052398011 solMass / solMass
2279 77.9228800238745 solMass / solMass
2280 2297.2252399901427 solMass / solMass
2281 20.603123051806502 solMass / solMass
2282 875.8408691598208 solMass / solMass
2283 1073.6860638693881 solMass / solMass
2286 65.12498027058551 solMass / solMass
2287 345.12271035876626 solMass / solMass
2288 1988.6225018621724 solMass / solMass
2290 6.251324251313704 solMass / solMass
2292 352.6087489410909 solMass / solMass
2293 288.31010813457976 solMass / solMass
2294 186.12706302442612 solMass / solMass
2295 480.1866056094969 solMass / solMass
2296 546.2368600261125 solMass / solMass
2297 239.99106483811852 solMass / solMass
2298 791.6779243667418 solMass / solMass
2299 697.4656416955243 solMass / solMass
2300 484.56898592151583 solMass / solMass
2301 348.9709146366393 solMass / solMass
2303 715.4054124449395 solMass / solMass
2304 3.817095390088006 solMass / solMass
2305 13.316311277073602 solMass / solMass
2308 177.96857681712606 solMass / solMass
2309 504.77320933459515 solMass / solMass
2310 132.03904655318672 solMass / solMass
2311 303.05132650829745 solMass / solMass
2312 524.8298411668317 solMass / solMass
2313 500.85028233094033 solMass / solMass
2314 259.1504842660625 solMass / solMass
2315 52.679892544769714 solMass / solMass
2316 206.27652000773404 solMass / solMass
2317 382.9037208751158 solMass / solMass
HaloMassEqualZero
2319 20.374094632891005 solMass / solMass
2320 676.4171386101723 solMass / solMass
2321 740.5788440915113 solMass / solMass
2322 726.2042683370012 solMass / solMass
HaloMassEqualZero
2325 20.087752335942113 solMass / solMass
2327 130.49098831336082 solMass / solMass
2328 739.059795024505 solMass / solMass
2330 520.640843852607 solMass / solMass
2331 476.4524731212632 solMass / solMass
2333 770.8657829799928 solMass / solMass
2334 81.92078272528748 solMass / solMass
2335 298.3172954472816 solMass / solMass
2337 480.92497718361255 solMass / solMass
2338 177.02731274668565 solMass / solMass
2339 378.1003332347525 solMass / solMass
2340 330.62872153680615 solMass / solMass
2341 244.1228462040284 solMass / solMass
2344 170.41510698364857 solMass / solMass
2346 149.59178468850686 solMass / solMass
2347 7.356459433887202 solMass / solMass
2349 496.6172865546661 solMass / solMass
2350 40.413349911396075 solMass / solMass
2351 118.63018001187113 solMass / solMass
2352 379.9924597503506 solMass / solMass
2354 518.9122554605298 solMass / solMass
2355 378.2885133377019 solMass / solMass
2357 72.76369521229553 solMass / solMass
2359 312.2632650709261 solMass / solMass
2361 281.98228460268194 solMass / solMass
2362 299.1312598824845 solMass / solMass
2363 725.341959401421 solMass / solMass
2364 94.08312329140321 solMass / solMass
2365 580.180697487912 solMass / solMass
2366 655.3179194074482 solMass / solMass
2368 318.2990962094969 solMass / solMass
IsSatellite
2371 1329.7571881577535 solMass / solMass
2372 216.52312452591897 solMass / solMass
2373 813.6611120393294 solMass / solMass
2375 1190.3312449762027 solMass / solMass
2377 824.0633692449086 solMass / solMass
2378 1031.9460887190037 solMass / solMass
2379 27.220018653981075 solMass / solMass
2380 574.2312730172885 solMass / solMass
2381 71.66896300913648 solMass / solMass
2382 280.7120187788415 solMass / solMass
2383 640.057274963089 solMass / solMass
2384 663.5791736574622 solMass / solMass
2386 218.08251230210416 solMass / solMass
2389 373.13876055488174 solMass / solMass
2390 87.34215137586584 solMass / solMass
2392 938.8485073569648 solMass / solMass
2393 510.395993321777 solMass / solMass
2394 1496.1564413455405 solMass / solMass
IsSatellite
2397 546.3096235431934 solMass / solMass
2398 293.52058829875335 solMass / solMass
2399 87.55852165074957 solMass / solMass
2401 399.2215535315515 solMass / solMass
2402 652.2647598872392 solMass / solMass
2403 89.92671372370326 solMass / solMass
2404 372.70117159114886 solMass / solMass
2405 317.5830555091234 solMass / solMass
2407 716.1732896713131 solMass / solMass
2408 23.633189366414193 solMass / solMass
2410 358.7117615758675 solMass / solMass
2411 1013.1212770702841 solMass / solMass
2412 915.5063434125348 solMass / solMass
2413 3306.214928562679 solMass / solMass
2415 192.011449899534 solMass / solMass
2417 95.07430563780878 solMass / solMass
2418 447.8955258717095 solMass / solMass
2420 279.9773314539248 solMass / solMass
2421 103.06740364517238 solMass / solMass
2423 811.7680174563235 solMass / solMass
2424 163.45251784477688 solMass / solMass
2425 616.1432107386772 solMass / solMass
2426 91.27148494498587 solMass / solMass
2427 146.72911405447059 solMass / solMass
2428 92.29363593130758 solMass / solMass
2430 167.6940010464906 solMass / solMass
2431 485.6018241658419 solMass / solMass
IsSatellite
2433 2574.4180694598517 solMass / solMass
2435 210.3547796151984 solMass / solMass
2436 300.1672257712105 solMass / solMass
2437 458.17715772374123 solMass / solMass
2439 890.4460469538166 solMass / solMass
2440 0.0 solMass / solMass
2441 48.77068591881405 solMass / solMass
2443 393.85771814013384 solMass / solMass
2444 168.29338974438784 solMass / solMass
2445 245.65465327881913 solMass / solMass
2447 99.11055157286872 solMass / solMass
2449 365.13960923083675 solMass / solMass
2450 92.72886204897902 solMass / solMass
2451 16.10980521330982 solMass / solMass
2452 786.9346643425476 solMass / solMass
2454 870.4238865307175 solMass / solMass
2455 209.65998850981876 solMass / solMass
2457 29.89517528214304 solMass / solMass
2458 440.61657946220083 solMass / solMass
2459 1041.8413324984476 solMass / solMass
2460 39.86560741895723 solMass / solMass
2461 212.28003464296745 solMass / solMass
2462 461.99410315122094 solMass / solMass
2463 499.8450873256856 solMass / solMass
2464 892.9139263374527 solMass / solMass
2465 529.7294932967671 solMass / solMass
2467 112.74305519696338 solMass / solMass
2468 1657.292627682949 solMass / solMass
2469 546.6408189512629 solMass / solMass
2470 244.72423172450172 solMass / solMass
2471 353.8011416802146 solMass / solMass
2472 477.8955751170958 solMass / solMass
2473 368.97768709353306 solMass / solMass
2474 68.21207484182145 solMass / solMass
2475 286.7034706099594 solMass / solMass
2476 21.159064991477816 solMass / solMass
2479 204.2475380764369 solMass / solMass
2480 338.1599460579224 solMass / solMass
2482 423.0500601621558 solMass / solMass
2483 39.271069796540445 solMass / solMass
2484 269.656762150413 solMass / solMass
2486 314.2319850683092 solMass / solMass
2488 136.5987638439609 solMass / solMass
2489 194.84563517738349 solMass / solMass
2490 822.4518398920593 solMass / solMass
2491 449.6330136629711 solMass / solMass
2492 71.63973273048367 solMass / solMass
2493 991.8706352343823 solMass / solMass
HaloMassEqualZero
2498 893.337002539358 solMass / solMass
2499 544.0892915286892 solMass / solMass
2500 225.51140420766112 solMass / solMass
2501 150.27614806621148 solMass / solMass
2502 466.4369893346876 solMass / solMass
2503 101.21880533493486 solMass / solMass
2504 273.4756798443601 solMass / solMass
2505 604.8052547158127 solMass / solMass
2507 570.9056324693513 solMass / solMass
2509 459.8719562832656 solMass / solMass
2510 318.3912275346946 solMass / solMass
2511 339.7919728168827 solMass / solMass
HaloMassEqualZero
2513 261.4945309459179 solMass / solMass
2514 353.97015767719955 solMass / solMass
2515 1173.2205024825614 solMass / solMass
2516 463.6236490291365 solMass / solMass
2517 399.86819471418335 solMass / solMass
IsSatellite
2519 105.48233211491448 solMass / solMass
2521 541.0061902824293 solMass / solMass
2522 638.2425382640424 solMass / solMass
2525 1233.324368615478 solMass / solMass
2526 786.5500297657039 solMass / solMass
2527 237.54812466351473 solMass / solMass
2528 286.634467582679 solMass / solMass
2529 494.15286006987634 solMass / solMass
2532 78.68404012836126 solMass / solMass
2533 56.5656736844719 solMass / solMass
2535 13.667883760277824 solMass / solMass
2537 379.76751203206766 solMass / solMass
IsSatellite
2539 1921.7491972494427 solMass / solMass
2540 252.29925648734476 solMass / solMass
2542 484.1649789618179 solMass / solMass
2543 1186.5218977083098 solMass / solMass
2545 592.8312227190708 solMass / solMass
2548 448.0356363100615 solMass / solMass
2550 968.4947019153416 solMass / solMass
2551 194.09688536829594 solMass / solMass
2552 1895.3219710960802 solMass / solMass
2553 344.8326938065599 solMass / solMass
2554 279.90771108139717 solMass / solMass
2555 604.1844392504363 solMass / solMass
2556 427.8003561649126 solMass / solMass
2557 462.9042931891448 solMass / solMass
2558 359.4433012734696 solMass / solMass
2560 263.86231510032064 solMass / solMass
2562 639.9155023096991 solMass / solMass
2564 777.0286971216877 solMass / solMass
2565 506.4553165008418 solMass / solMass
2568 724.4949141928763 solMass / solMass
2569 473.8601692832298 solMass / solMass
2570 327.1332692810309 solMass / solMass
2571 1086.7514778035707 solMass / solMass
2572 205.17015413284997 solMass / solMass
2573 83.93878142932071 solMass / solMass
2574 746.4963180868094 solMass / solMass
2575 10.270359958679455 solMass / solMass
2578 182.20038085742218 solMass / solMass
2579 33.985737935880586 solMass / solMass
2580 967.0006534159073 solMass / solMass
2581 210.3500740122143 solMass / solMass
2583 157.0209627562097 solMass / solMass
2584 208.32642213526887 solMass / solMass
2586 420.4980722265631 solMass / solMass
2587 1249.553526029946 solMass / solMass
2589 399.84231524484534 solMass / solMass
2590 88.80934045808529 solMass / solMass
2591 971.8807072545396 solMass / solMass
2592 553.2090377177132 solMass / solMass
2594 809.4162193903381 solMass / solMass
2596 599.1850067448638 solMass / solMass
2597 254.37380564477155 solMass / solMass
2599 7.497789806728482 solMass / solMass
2600 565.3375629864481 solMass / solMass
2601 173.06603455194173 solMass / solMass
2602 633.5734383575306 solMass / solMass
2603 494.22188126648274 solMass / solMass
2604 33.36680507685003 solMass / solMass
2606 293.36974895201445 solMass / solMass
2607 636.3283002248633 solMass / solMass
2608 1637.5925566645287 solMass / solMass
2609 786.6778337452313 solMass / solMass
HaloMassEqualZero
2611 528.8509511085834 solMass / solMass
2612 255.2902480245666 solMass / solMass
2613 333.66606005969186 solMass / solMass
2614 1325.631115632237 solMass / solMass
2616 542.8460990386017 solMass / solMass
2617 415.95397221072216 solMass / solMass
2619 219.50388216021238 solMass / solMass
2621 363.402624054276 solMass / solMass
2622 1825.1193320162151 solMass / solMass
2623 275.72475995332996 solMass / solMass
2624 281.3598013680218 solMass / solMass
2625 536.6098827235729 solMass / solMass
2627 0.6758022500656535 solMass / solMass
2628 77.65780033511118 solMass / solMass
2631 37.17031486736201 solMass / solMass
2632 462.5825503827061 solMass / solMass
2633 7.524158683860792 solMass / solMass
IsSatellite
2637 68.18067836310891 solMass / solMass
2639 173.61029210266238 solMass / solMass
2641 566.8656100836486 solMass / solMass
2642 525.4789961175703 solMass / solMass
2643 0.0 solMass / solMass
2644 579.6548323720086 solMass / solMass
2645 822.4121647646339 solMass / solMass
2646 318.29132978138733 solMass / solMass
2647 390.3382711786291 solMass / solMass
2648 364.7818380446555 solMass / solMass
2649 171.62944187632215 solMass / solMass
2650 226.42956618388902 solMass / solMass
2651 332.17244307938194 solMass / solMass
2652 866.2941312184364 solMass / solMass
IsSatellite
2657 371.88846898237716 solMass / solMass
2658 281.79968174832175 solMass / solMass
2659 446.9446016849519 solMass / solMass
2660 890.3287463856102 solMass / solMass
2661 876.5894109022396 solMass / solMass
2663 796.4124137962689 solMass / solMass
2665 1370.7935224364223 solMass / solMass
2667 228.59004539923643 solMass / solMass
2668 500.97813169861683 solMass / solMass
2669 889.8293912877385 solMass / solMass
2671 133.7593543168212 solMass / solMass
2672 637.8714268343551 solMass / solMass
2673 1224.257827594605 solMass / solMass
2674 514.8251761931541 solMass / solMass
HaloMassEqualZero
2677 242.7325536036831 solMass / solMass
2678 643.4946794492705 solMass / solMass
2679 729.8646190512743 solMass / solMass
2680 551.4334204714141 solMass / solMass
2681 2742.7001631024987 solMass / solMass
2682 690.009043962151 solMass / solMass
HaloMassEqualZero
2685 29.176259397082575 solMass / solMass
2688 81.87692586899831 solMass / solMass
HaloMassEqualZero
2690 479.39211523191983 solMass / solMass
2693 88.64018642403998 solMass / solMass
2694 56.28650686975927 solMass / solMass
2696 136.30018910716097 solMass / solMass
2699 343.13585032135416 solMass / solMass
2700 472.3091655814383 solMass / solMass
2701 725.0760214189469 solMass / solMass
2702 511.26820360560754 solMass / solMass
2703 269.70681410305406 solMass / solMass
2704 820.5355330622975 solMass / solMass
2706 301.6473341590384 solMass / solMass
2708 188.04185185690642 solMass / solMass
2709 687.7931383943421 solMass / solMass
2710 235.0773972795752 solMass / solMass
2711 254.41049540402977 solMass / solMass
2712 208.03975869117315 solMass / solMass
2713 2079.5845901614166 solMass / solMass
2714 262.2860667435412 solMass / solMass
IsSatellite
2716 749.6342220333696 solMass / solMass
2719 202.29051218239132 solMass / solMass
2721 238.90411189477834 solMass / solMass
2722 47.54066927308038 solMass / solMass
2723 342.3875586831857 solMass / solMass
2725 848.3943250151144 solMass / solMass
2727 833.6170118863903 solMass / solMass
2728 397.844880078554 solMass / solMass
HaloMassEqualZero
2730 973.7839339582134 solMass / solMass
2731 99.3747188917713 solMass / solMass
2732 292.12642397804336 solMass / solMass
2733 385.14204681614126 solMass / solMass
2736 194.43583989108723 solMass / solMass
2737 794.5049808582104 solMass / solMass
2738 788.3237346501658 solMass / solMass
2739 48.785852454826596 solMass / solMass
2740 380.8869547163507 solMass / solMass
2742 494.9183530719812 solMass / solMass
2743 908.8696076463249 solMass / solMass
2744 180.1020444841199 solMass / solMass
HaloMassEqualZero
2746 125.14493623399551 solMass / solMass
2747 531.2504607141408 solMass / solMass
2749 139.46937616791627 solMass / solMass
2750 240.97775636342655 solMass / solMass
2751 300.515965879761 solMass / solMass
2752 111.10765487099727 solMass / solMass
2753 874.0527001461109 solMass / solMass
2754 1759.3846710896878 solMass / solMass
2755 640.3942337717127 solMass / solMass
2756 439.6374867980982 solMass / solMass
2757 14.039441938373635 solMass / solMass
2758 553.0940160028744 solMass / solMass
2759 35.52227348710364 solMass / solMass
2760 389.28302092405517 solMass / solMass
2761 653.0129901793166 solMass / solMass
2762 616.6273083595474 solMass / solMass
2764 441.1105973859072 solMass / solMass
2765 4.3123330308881815 solMass / solMass
2766 1358.4880784548816 solMass / solMass
2767 35.909040751178715 solMass / solMass
2769 903.7888481646553 solMass / solMass
2770 111.58351061956445 solMass / solMass
2771 744.236533092304 solMass / solMass
2772 570.5366115473282 solMass / solMass
2773 22.775881594992924 solMass / solMass
2774 283.04719192509805 solMass / solMass
HaloMassEqualZero
HaloMassEqualZero
2777 1429.8724049690823 solMass / solMass
2778 1002.7550659072657 solMass / solMass
2779 391.14543431159694 solMass / solMass
2780 240.49499435115212 solMass / solMass
2781 344.7080882659978 solMass / solMass
2782 902.0994959764009 solMass / solMass
2783 72.04617990433961 solMass / solMass
HaloMassEqualZero
HaloMassEqualZero
2787 498.3874186280912 solMass / solMass
2788 266.07461207342 solMass / solMass
2789 237.39981684649294 solMass / solMass
2790 771.416450933291 solMass / solMass
HaloMassEqualZero
2792 19.605201665902968 solMass / solMass
2793 2332.3188167870694 solMass / solMass
2794 16.184251271126204 solMass / solMass
2795 9.976556750605354 solMass / solMass
2796 630.0365871695006 solMass / solMass
2797 652.5931233630471 solMass / solMass
2798 102.00791355922567 solMass / solMass
2800 716.8544214319754 solMass / solMass
2801 922.6611426037578 solMass / solMass
2802 398.1373577331619 solMass / solMass
2803 1794.1519839731784 solMass / solMass
2804 962.1666545634112 solMass / solMass
2805 114.36904681142876 solMass / solMass
2807 749.8577656637497 solMass / solMass
2809 161.76153353857518 solMass / solMass
2810 660.3660661749971 solMass / solMass
2811 1385.6589670648646 solMass / solMass
2812 30.188639961763844 solMass / solMass
2813 816.8455068307692 solMass / solMass
2814 1972.658545071594 solMass / solMass
2815 131.96262093978578 solMass / solMass
2816 349.84494288114877 solMass / solMass
2817 938.5871671991545 solMass / solMass
HaloMassEqualZero
2821 207.85760617115068 solMass / solMass
2822 2.1629533767405014 solMass / solMass
HaloMassEqualZero
2824 6.72197134162883 solMass / solMass
HaloMassEqualZero
IsSatellite
2828 990.2203151809881 solMass / solMass
2829 421.3059894899346 solMass / solMass
2830 135.32918863106394 solMass / solMass
2831 12.102379601048616 solMass / solMass
2832 1277.4707515111272 solMass / solMass
2835 562.7150526330145 solMass / solMass
2837 656.1806242767092 solMass / solMass
2839 789.1482359101673 solMass / solMass
2840 915.9142025609334 solMass / solMass
HaloMassEqualZero
2842 201.30527390010235 solMass / solMass
2844 383.0522941233108 solMass / solMass
2845 583.9975916277131 solMass / solMass
2846 35.26837128283457 solMass / solMass
2847 827.4966712718764 solMass / solMass
2850 569.6151485808621 solMass / solMass
2851 746.1580055977628 solMass / solMass
2852 451.23513731431433 solMass / solMass
2853 295.4689196837348 solMass / solMass
2854 53.71065787312645 solMass / solMass
2856 331.28969194438804 solMass / solMass
2857 897.9828462294364 solMass / solMass
2858 41.058446538021926 solMass / solMass
2859 672.8897915777825 solMass / solMass
2860 19.194715175021237 solMass / solMass
2862 818.3832675771342 solMass / solMass
2864 429.4840712130375 solMass / solMass
2865 18.377234616187543 solMass / solMass
2866 1084.088753830653 solMass / solMass
2867 469.10307576326244 solMass / solMass
2868 511.3844661496905 solMass / solMass
2869 620.0784148662078 solMass / solMass
2871 439.50708664038586 solMass / solMass
2873 765.446033038167 solMass / solMass
2874 110.44991437170613 solMass / solMass
2875 1570.2980179740475 solMass / solMass
2876 359.30094757381903 solMass / solMass
2877 775.0906515993257 solMass / solMass
2878 825.9526397362793 solMass / solMass
2879 212.047769088321 solMass / solMass
2880 673.9940850330947 solMass / solMass
2882 739.4397088014138 solMass / solMass
2883 3500.086032301974 solMass / solMass
2884 145.54861036835595 solMass / solMass
2887 672.0784822820514 solMass / solMass
2889 1745.7595970856855 solMass / solMass
2890 965.4882743083955 solMass / solMass
2891 3023.6386272746568 solMass / solMass
2892 433.54280034605256 solMass / solMass
2893 629.8411441006738 solMass / solMass
2895 348.38560699226264 solMass / solMass
2896 743.5652639909822 solMass / solMass
2897 227.68338781449836 solMass / solMass
2899 54.35580959358432 solMass / solMass
2900 1140.3336096714293 solMass / solMass
2901 1836.090176895911 solMass / solMass
2902 500.88195013725135 solMass / solMass
2903 771.1342110116287 solMass / solMass
2904 231.12968904106725 solMass / solMass
HaloMassEqualZero
HaloMassEqualZero
2907 518.4278935536856 solMass / solMass
2908 193.9542832563242 solMass / solMass
2909 63.57301370375622 solMass / solMass
HaloMassEqualZero
2911 694.9971468798703 solMass / solMass
2912 1021.4328799112512 solMass / solMass
2913 2245.0920833015743 solMass / solMass
2914 607.8773944158853 solMass / solMass
2917 288.0808725696102 solMass / solMass
2918 97.78840407669696 solMass / solMass
2919 864.267602563838 solMass / solMass
2921 302.48586200453417 solMass / solMass
2922 513.331048105221 solMass / solMass
2923 497.4677501416841 solMass / solMass
2924 224.95936410608863 solMass / solMass
2925 1145.278099631131 solMass / solMass
2926 900.5297660651385 solMass / solMass
2927 301.4941555317113 solMass / solMass
2929 665.4246904476623 solMass / solMass
2931 955.9393596233466 solMass / solMass
2932 17.889955136232384 solMass / solMass
2933 620.3571277846181 solMass / solMass
2934 945.5683461276607 solMass / solMass
2935 688.2740262291771 solMass / solMass
2936 130.2347024045035 solMass / solMass
2937 1072.429707018204 solMass / solMass
HaloMassEqualZero
2941 166.73052521339827 solMass / solMass
2943 398.0716202246139 solMass / solMass
2944 748.3933772065611 solMass / solMass
2945 1033.5135542473133 solMass / solMass
2946 43.023440801944446 solMass / solMass
2947 2296.330513093174 solMass / solMass
2948 437.2357733143886 solMass / solMass
2950 1012.3390743262452 solMass / solMass
2951 3471.1799064796987 solMass / solMass
2952 294.2596710984179 solMass / solMass
2953 1022.519062918657 solMass / solMass
2954 95.0444971301631 solMass / solMass
IsSatellite
HaloMassEqualZero
2958 326.63292997389647 solMass / solMass
HaloMassEqualZero
2962 374.65404426703884 solMass / solMass
2963 641.3068589242373 solMass / solMass
HaloMassEqualZero
2966 940.9475571503527 solMass / solMass
2968 624.4372252968518 solMass / solMass
2969 11.964261831853163 solMass / solMass
2970 500.0537256613724 solMass / solMass
2971 1077.7062566684542 solMass / solMass
HaloMassEqualZero
2973 18.992173908451306 solMass / solMass
2974 564.4340809830919 solMass / solMass
2975 741.9065645927293 solMass / solMass
2977 1145.2868767028679 solMass / solMass
HaloMassEqualZero
2981 165.37050284838634 solMass / solMass
2982 273.6407174762956 solMass / solMass
2986 99.30202535034255 solMass / solMass
2987 851.90828894315 solMass / solMass
2988 1647.672372796898 solMass / solMass
2991 2793.348507072587 solMass / solMass
2993 1934.2010113879849 solMass / solMass
2994 1295.0723673653474 solMass / solMass
2995 1723.3263662750069 solMass / solMass
2996 451.1046826502118 solMass / solMass
HaloMassEqualZero
2998 73.94451775605165 solMass / solMass
2999 599.6586383836848 solMass / solMass
123AllDone123
