yt : [INFO     ] 2017-07-25 14:00:40,678 Parameters: current_time              = 2.442094332e+16
yt : [INFO     ] 2017-07-25 14:00:40,678 Parameters: domain_dimensions         = [2 2 2]
yt : [INFO     ] 2017-07-25 14:00:40,679 Parameters: domain_left_edge          = [ 0.  0.  0.]
yt : [INFO     ] 2017-07-25 14:00:40,679 Parameters: domain_right_edge         = [  1.66901647e+25   1.66901647e+25   1.66901647e+25]
yt : [INFO     ] 2017-07-25 14:00:40,680 Parameters: cosmological_simulation   = 1
yt : [INFO     ] 2017-07-25 14:00:40,680 Parameters: current_redshift          = 6.99999981444
yt : [INFO     ] 2017-07-25 14:00:40,680 Parameters: omega_lambda              = 0.712
yt : [INFO     ] 2017-07-25 14:00:40,680 Parameters: omega_matter              = 0.288
yt : [INFO     ] 2017-07-25 14:00:40,680 Parameters: hubble_constant           = 0.6933
yt : [INFO     ] 2017-07-25 14:00:40,732 Parameters: current_time              = 102.74801136229
yt : [INFO     ] 2017-07-25 14:00:40,732 Parameters: domain_dimensions         = [128 128 128]
yt : [INFO     ] 2017-07-25 14:00:40,732 Parameters: domain_left_edge          = [ 0.  0.  0.]
yt : [INFO     ] 2017-07-25 14:00:40,733 Parameters: domain_right_edge         = [ 1.  1.  1.]
yt : [INFO     ] 2017-07-25 14:00:40,733 Parameters: cosmological_simulation   = 1
yt : [INFO     ] 2017-07-25 14:00:40,733 Parameters: current_redshift          = 6.9999998144358
yt : [INFO     ] 2017-07-25 14:00:40,733 Parameters: omega_lambda              = 0.712
yt : [INFO     ] 2017-07-25 14:00:40,733 Parameters: omega_matter              = 0.288
yt : [INFO     ] 2017-07-25 14:00:40,733 Parameters: hubble_constant           = 0.6933
yt : [INFO     ] 2017-07-25 14:00:40,736 Allocating for 7.336e+03 particles (index particle type 'all')
yt : [INFO     ] 2017-07-25 14:00:40,742 Identified 2.441e+03 octs
IsSatellite
5 0.9505958915122333 solMass / solMass
8 3.4341458543338788 solMass / solMass
IsSatellite
15 2.3729469696094547 solMass / solMass
17 663.370230586815 solMass / solMass
18 3.7113342139685717 solMass / solMass
19 2.5521638097507156 solMass / solMass
21 1.3730280005484465 solMass / solMass
23 2.7139021839775714 solMass / solMass
24 3.9665441087429305 solMass / solMass
25 2.6846896711787807 solMass / solMass
29 12.411464918697895 solMass / solMass
31 3.4758075017900376 solMass / solMass
32 5.988251330000334e+36 solMass / solMass
33 5.07702406558183 solMass / solMass
37 7.1130195801401035 solMass / solMass
39 8.459702832539895e+36 solMass / solMass
40 18.21531183133547 solMass / solMass
41 2.458190049992833 solMass / solMass
42 4.43036443695287 solMass / solMass
44 3.1886090695287788 solMass / solMass
47 18.27750697364472 solMass / solMass
48 10.041686526355377 solMass / solMass
50 5.452622099064015 solMass / solMass
55 4.422444619362837 solMass / solMass
58 0.27366479208709477 solMass / solMass
59 14.229213698548174 solMass / solMass
62 20.8877007153269 solMass / solMass
63 1.705085729019568 solMass / solMass
64 10.02503806668987 solMass / solMass
65 44.65546809608787 solMass / solMass
68 5.2525057777463955 solMass / solMass
69 19.449986764881388 solMass / solMass
71 3.3141744732022866 solMass / solMass
72 3.2979472102834153 solMass / solMass
73 1.034806251605872e+37 solMass / solMass
74 3.368740968588869 solMass / solMass
76 7.214307488477268 solMass / solMass
78 3.8638768895918236 solMass / solMass
80 13.737636473533136 solMass / solMass
82 7.062603021622407 solMass / solMass
84 28.592250074557633 solMass / solMass
85 4.871765523465298 solMass / solMass
88 2.5104290997118763 solMass / solMass
89 5.556124497642177 solMass / solMass
90 3.6416906569513254 solMass / solMass
91 13.078459967955734 solMass / solMass
92 1.411921873821604 solMass / solMass
93 4.207092211373936 solMass / solMass
94 14.742492515257847 solMass / solMass
95 6.5758895263804815 solMass / solMass
97 19.005974093567488 solMass / solMass
98 5.595634118146358 solMass / solMass
99 3.171274950251973 solMass / solMass
100 32.54196532195244 solMass / solMass
104 18.15618966913971 solMass / solMass
107 9.48702608105862 solMass / solMass
108 34.872496633666756 solMass / solMass
109 2.543526272001846 solMass / solMass
111 5.234238267364082 solMass / solMass
112 0.7970370285048793 solMass / solMass
113 6.88305539736742 solMass / solMass
116 12.027258014102362 solMass / solMass
117 5.067570280130891 solMass / solMass
118 14.451014010973898 solMass / solMass
119 15.557424573836203 solMass / solMass
121 13.42153960298974 solMass / solMass
122 9.353047771569203 solMass / solMass
123 1.0367495257374353 solMass / solMass
125 1.4065471158883374 solMass / solMass
126 12.669397800050076 solMass / solMass
128 13.768911272255751 solMass / solMass
129 15.13202576901783 solMass / solMass
130 2.800312419767145 solMass / solMass
131 6.738539279711684 solMass / solMass
132 8.317569519516464 solMass / solMass
134 14.549837980383149 solMass / solMass
135 1.9911065580967692e+37 solMass / solMass
137 13.173888996712376 solMass / solMass
138 13.15310595961079 solMass / solMass
143 55.872626969765264 solMass / solMass
144 7.393784987771272 solMass / solMass
147 24.794804299432933 solMass / solMass
148 31.204581431415306 solMass / solMass
149 3.6715922859967414 solMass / solMass
150 8.899083949079422 solMass / solMass
152 14.426212244227818 solMass / solMass
153 15.629200476273988 solMass / solMass
157 46.25363047576704 solMass / solMass
160 3.0356146874461734e+37 solMass / solMass
161 8.915710922072945 solMass / solMass
162 2.135792226229273e+37 solMass / solMass
165 8.344965939354259 solMass / solMass
166 47.07795507310687 solMass / solMass
168 3.7735033313080084 solMass / solMass
169 28.793331747640753 solMass / solMass
171 51.79225545717937 solMass / solMass
172 9.477451117992201 solMass / solMass
173 3.66272006181985e+37 solMass / solMass
174 52.11063764328361 solMass / solMass
181 6.2682185908460335 solMass / solMass
182 5.688245433609884 solMass / solMass
183 124.9371282243176 solMass / solMass
187 8.870993225720675 solMass / solMass
189 29.97092216749761 solMass / solMass
191 1.6015258402391672 solMass / solMass
193 31.404217422841494 solMass / solMass
194 13.153731469897716 solMass / solMass
196 12.225345839895926 solMass / solMass
197 20.969405813356765 solMass / solMass
198 162.78179854596618 solMass / solMass
200 27.737977863601905 solMass / solMass
202 12.12334912668589 solMass / solMass
203 16.021125962212423 solMass / solMass
205 31.972079441633902 solMass / solMass
206 129.26226415654818 solMass / solMass
207 4.174109719009993 solMass / solMass
210 13.323187682170719 solMass / solMass
212 12.723121172766973 solMass / solMass
214 14.309999559759216 solMass / solMass
215 3.4784037086551134 solMass / solMass
218 32.30007319575248 solMass / solMass
220 16.113245397081055 solMass / solMass
221 10.78186064505807 solMass / solMass
222 32.35641613991874 solMass / solMass
223 25.857256120144093 solMass / solMass
225 28.73268111527651 solMass / solMass
226 6.382123289564735 solMass / solMass
227 16.1055331106297 solMass / solMass
228 40.55863809498 solMass / solMass
230 29.584903772845657 solMass / solMass
231 19.668334181105177 solMass / solMass
233 23.461144670106417 solMass / solMass
234 28.01082499495057 solMass / solMass
235 17.539047139927412 solMass / solMass
236 77.7109664423738 solMass / solMass
237 28.81213232479936 solMass / solMass
239 16.65165476508041 solMass / solMass
242 9.13406033378133 solMass / solMass
243 69.50494853885823 solMass / solMass
246 0.043540014246370266 solMass / solMass
247 24.692661687543765 solMass / solMass
248 11.425888470842843 solMass / solMass
249 17.10812829932909 solMass / solMass
250 4.582053826079077 solMass / solMass
251 27.62469624671442 solMass / solMass
252 24.429314849265474 solMass / solMass
254 39.06775101636765 solMass / solMass
255 45.86487791264145 solMass / solMass
256 4.5456226738488 solMass / solMass
257 36.027660627681925 solMass / solMass
258 137.69309766150656 solMass / solMass
260 24.927658249583786 solMass / solMass
261 25.420696516063373 solMass / solMass
266 29.070432119193434 solMass / solMass
267 6.623441672316037 solMass / solMass
268 30.52026382958729 solMass / solMass
269 0.6357425965988143 solMass / solMass
270 14.849176290750558 solMass / solMass
274 26.05670364018175 solMass / solMass
275 0.5048589053980281 solMass / solMass
277 24.108746627133016 solMass / solMass
279 5.797987891067264 solMass / solMass
280 0.0 solMass / solMass
281 0.42958058830877927 solMass / solMass
282 13.269303090488807 solMass / solMass
283 7.993457139226316 solMass / solMass
285 149.18401369586402 solMass / solMass
286 17.26144127728432 solMass / solMass
287 3.9548643979518503 solMass / solMass
288 7.97793834852872 solMass / solMass
289 2.9803948800494866 solMass / solMass
292 48.97872177863893 solMass / solMass
293 39.20375654612535 solMass / solMass
295 35.0322169163193 solMass / solMass
296 35.14172148091366 solMass / solMass
298 3.9922712837342825e+37 solMass / solMass
299 7.1513536178924975 solMass / solMass
301 32.512346863159735 solMass / solMass
302 67.68086516814859 solMass / solMass
303 19.303063319485585 solMass / solMass
305 20.691008838869617 solMass / solMass
306 53.0169796349433 solMass / solMass
309 30.481025433709604 solMass / solMass
310 9.031227491651189 solMass / solMass
311 19.706074480451885 solMass / solMass
312 36.75546250543143 solMass / solMass
314 2.582486464940325 solMass / solMass
316 2.9995263218879242 solMass / solMass
318 10.220447589750368 solMass / solMass
319 2.347495540933653 solMass / solMass
320 8.554360193823443 solMass / solMass
321 6.3914756114550695 solMass / solMass
322 23.589503700849278 solMass / solMass
323 4.8039144703775705 solMass / solMass
325 7.578413694655064 solMass / solMass
326 34.32539183251681 solMass / solMass
328 41.10092641745467 solMass / solMass
330 180.5046367251294 solMass / solMass
331 1.5167027909572752 solMass / solMass
332 5.729738743852308e+37 solMass / solMass
333 9.537781801382224 solMass / solMass
335 25.893481327426244 solMass / solMass
336 7.7230806765111355 solMass / solMass
339 13.739217968839451 solMass / solMass
340 15.22315626112204 solMass / solMass
342 7.956776156427742 solMass / solMass
345 95.17840336234862 solMass / solMass
346 7.012516622528759 solMass / solMass
348 45.17080427721341 solMass / solMass
349 23.43797065795199 solMass / solMass
350 16.02745621982927 solMass / solMass
351 16.624066529192298 solMass / solMass
354 15.118351811415067 solMass / solMass
356 3.206914945986655 solMass / solMass
357 4.075819418030176 solMass / solMass
358 195.1179439587709 solMass / solMass
359 9.453676278105739 solMass / solMass
362 23.464833383887296 solMass / solMass
363 5.270252214267787 solMass / solMass
364 63.826916859261445 solMass / solMass
365 6.601792521455371e+37 solMass / solMass
366 35.80651708253113 solMass / solMass
367 4.8097012712172225 solMass / solMass
368 21.561052684828283 solMass / solMass
370 19.590871857064617 solMass / solMass
371 15.019888277855657 solMass / solMass
372 28.803268898907884 solMass / solMass
373 81.62213087636091 solMass / solMass
374 30.786691411952425 solMass / solMass
375 13.702766363989623 solMass / solMass
376 27.92405922435517 solMass / solMass
378 80.45442513360832 solMass / solMass
379 98.84531385037344 solMass / solMass
380 16.13720793680076 solMass / solMass
383 9.461780130979685 solMass / solMass
384 3.4565477391086246 solMass / solMass
386 16.130529407453125 solMass / solMass
387 20.17349135709457 solMass / solMass
390 6.913804613584774 solMass / solMass
391 65.97595432775842 solMass / solMass
392 29.12868493599267 solMass / solMass
393 56.07358593605025 solMass / solMass
395 221.4842384627199 solMass / solMass
396 47.68575274838927 solMass / solMass
399 3.94559771319154 solMass / solMass
400 25.45109167570361 solMass / solMass
401 10.390566473551369 solMass / solMass
405 5.654084165681227 solMass / solMass
406 5.215972496354655e+37 solMass / solMass
407 28.947960326494208 solMass / solMass
408 14.872202363134495 solMass / solMass
409 23.862248321698697 solMass / solMass
412 16.95848653740037 solMass / solMass
413 39.40129185732312 solMass / solMass
414 104.4872656126479 solMass / solMass
415 33.26867795386623 solMass / solMass
419 53.10073597529306 solMass / solMass
420 9.090096704209413 solMass / solMass
421 6.396989404188832 solMass / solMass
422 95.21429116600186 solMass / solMass
423 1.4868127950339367 solMass / solMass
425 28.98659176093439 solMass / solMass
426 9.491280543193126 solMass / solMass
429 82.20249698047111 solMass / solMass
430 35.3927095105017 solMass / solMass
431 9.95920346838151 solMass / solMass
432 40.10370544061956 solMass / solMass
433 165.40703693549307 solMass / solMass
436 10.451960720267044 solMass / solMass
437 46.42132107422609 solMass / solMass
438 12.269039324804579 solMass / solMass
441 55.56268714460198 solMass / solMass
442 45.85520366464861 solMass / solMass
446 79.56250856954263 solMass / solMass
449 182.7346686238373 solMass / solMass
450 44.33211209932078 solMass / solMass
451 5.202143079824301 solMass / solMass
452 6.633564221092634 solMass / solMass
454 19.07438052039844 solMass / solMass
455 8.158517214525577e+37 solMass / solMass
456 37.91807748633738 solMass / solMass
457 11.082187089971061 solMass / solMass
458 63.44991810333572 solMass / solMass
460 23.762371080689103 solMass / solMass
461 26.099246149050757 solMass / solMass
463 83.03793492218207 solMass / solMass
465 45.888302964760115 solMass / solMass
466 2.4733841535367884 solMass / solMass
467 22.905438036027345 solMass / solMass
470 20.939892068620885 solMass / solMass
471 9.07644493812746e+37 solMass / solMass
473 29.592397127070935 solMass / solMass
474 4.44023547918084 solMass / solMass
475 226.06809498181184 solMass / solMass
476 3.987436887797908 solMass / solMass
477 36.33235725020578 solMass / solMass
478 9.778523629694934 solMass / solMass
480 80.89539684470444 solMass / solMass
481 8.061960395374113 solMass / solMass
483 37.18152940546022 solMass / solMass
485 19.784573000310655 solMass / solMass
486 191.97128185055016 solMass / solMass
487 30.979073076914435 solMass / solMass
490 50.5564783774586 solMass / solMass
491 198.44728203148148 solMass / solMass
492 26.140698465936765 solMass / solMass
494 112.27458298054508 solMass / solMass
495 6.389306814295591e+37 solMass / solMass
496 107.39281269435746 solMass / solMass
497 11.712320011098846 solMass / solMass
498 37.41374955910105 solMass / solMass
499 7.792096561026007 solMass / solMass
501 8.53778736841526 solMass / solMass
502 6.23758117014335 solMass / solMass
504 58.69497058943344 solMass / solMass
505 4.058122688824996 solMass / solMass
506 29.46437059551921 solMass / solMass
507 45.64653325819421 solMass / solMass
508 6.476411057025483 solMass / solMass
512 19.90283240266162 solMass / solMass
513 25.76468151248611 solMass / solMass
514 145.01546681398585 solMass / solMass
515 23.34770501661174 solMass / solMass
518 3.90001394930039 solMass / solMass
519 8.542135318747388 solMass / solMass
521 17.909736786832 solMass / solMass
522 101.85870163910485 solMass / solMass
523 69.4071642566776 solMass / solMass
525 8.776449090790972 solMass / solMass
526 11.926397919379575 solMass / solMass
527 11.257822130185703 solMass / solMass
528 41.8309762444715 solMass / solMass
529 10.412679383995213 solMass / solMass
530 22.3559769089097 solMass / solMass
IsSatellite
532 7.455481734660013 solMass / solMass
533 63.55705413291403 solMass / solMass
535 51.647780201199005 solMass / solMass
536 47.12609075028841 solMass / solMass
537 58.98288285829399 solMass / solMass
538 20.075907373118344 solMass / solMass
539 12.246261476597729 solMass / solMass
541 11.599347044681831 solMass / solMass
543 6.527169206953729 solMass / solMass
544 62.292685961954234 solMass / solMass
546 18.121604568763683 solMass / solMass
547 7.828655748026879e+37 solMass / solMass
548 23.819632793673843 solMass / solMass
550 42.28925537120266 solMass / solMass
551 11.815073121544058 solMass / solMass
552 75.06391804215251 solMass / solMass
556 32.324296134299544 solMass / solMass
557 13.000494269540425 solMass / solMass
558 197.31607795212247 solMass / solMass
559 28.75596815826935 solMass / solMass
560 110.9449466602439 solMass / solMass
561 88.77789978225692 solMass / solMass
564 6.744343236134673 solMass / solMass
565 7.748723895768228e+37 solMass / solMass
566 400.0994835027865 solMass / solMass
567 36.061671525411214 solMass / solMass
568 67.05709756713706 solMass / solMass
569 88.50409135330574 solMass / solMass
570 161.66154893606102 solMass / solMass
572 28.9406703082728 solMass / solMass
573 117.0216623258106 solMass / solMass
574 31.35306456988797 solMass / solMass
575 35.58677510114833 solMass / solMass
577 199.49860465956056 solMass / solMass
578 42.53024193644526 solMass / solMass
579 35.17029184786115 solMass / solMass
580 716.3047383448543 solMass / solMass
582 56.496542482431295 solMass / solMass
583 6.472933619146726 solMass / solMass
586 78.98759194466611 solMass / solMass
587 30.391348574729555 solMass / solMass
589 46.08929067642633 solMass / solMass
590 19.738651034458563 solMass / solMass
591 5.450167824475768 solMass / solMass
593 34.60488476716704 solMass / solMass
594 11.661199370345264 solMass / solMass
595 12.464237215818054 solMass / solMass
596 59.315350072118356 solMass / solMass
597 70.51219926055217 solMass / solMass
600 79.37263207201514 solMass / solMass
601 141.9717195442076 solMass / solMass
602 0.8210391225728934 solMass / solMass
604 25.22890723361504 solMass / solMass
606 23.182627709902615 solMass / solMass
607 36.56553500548177 solMass / solMass
608 61.366724066716635 solMass / solMass
609 8.850564134449188 solMass / solMass
611 33.54030367144208 solMass / solMass
612 14.62419447341982 solMass / solMass
613 9.86980696403668 solMass / solMass
614 13.903119373855242 solMass / solMass
616 22.394880207868404 solMass / solMass
617 63.26117587951585 solMass / solMass
618 6.766621900949973 solMass / solMass
619 193.7027628935849 solMass / solMass
620 85.19376758916646 solMass / solMass
622 9.289979036672057e+37 solMass / solMass
623 127.09906977687417 solMass / solMass
624 6.159576739822963 solMass / solMass
625 32.25169557654539 solMass / solMass
627 131.36791418305435 solMass / solMass
629 38.047022048063816 solMass / solMass
630 16.564385977459544 solMass / solMass
631 44.50083096702711 solMass / solMass
632 554.2721585285502 solMass / solMass
633 73.98391050059057 solMass / solMass
634 362.07048376617723 solMass / solMass
635 17.365908341218795 solMass / solMass
636 100.05013754752092 solMass / solMass
637 19.23146616875761 solMass / solMass
638 2.2063224356440836 solMass / solMass
639 21.165912362425747 solMass / solMass
640 61.033277381096795 solMass / solMass
641 7.713516593845398 solMass / solMass
643 30.088865046892533 solMass / solMass
644 4.257472084988201 solMass / solMass
645 106.82200345333814 solMass / solMass
646 248.61376627746586 solMass / solMass
647 25.37890528167569 solMass / solMass
648 33.79766756710439 solMass / solMass
649 79.00581323336354 solMass / solMass
651 38.528817659947094 solMass / solMass
652 19.81316165367566 solMass / solMass
653 20.878055468449748 solMass / solMass
654 66.78430838475265 solMass / solMass
655 40.94182383946291 solMass / solMass
656 36.542649488983436 solMass / solMass
657 26.190586446027535 solMass / solMass
658 21.341007681426245 solMass / solMass
659 97.2974426231655 solMass / solMass
661 88.20447113361541 solMass / solMass
663 19.46281393959933 solMass / solMass
664 60.16120392833411 solMass / solMass
665 9.896164705788287 solMass / solMass
666 9.043889015941803 solMass / solMass
667 250.52651819832857 solMass / solMass
669 123.72868255495172 solMass / solMass
671 157.48187229455226 solMass / solMass
672 136.4208690700785 solMass / solMass
674 87.60096417674254 solMass / solMass
676 253.03948862662895 solMass / solMass
679 90.06448335969667 solMass / solMass
680 96.41829758049882 solMass / solMass
681 1.24242959680955e+38 solMass / solMass
682 62.67156995600831 solMass / solMass
683 26.803927943803572 solMass / solMass
684 31.415192010503258 solMass / solMass
686 71.56148719958297 solMass / solMass
687 18.108607335969573 solMass / solMass
688 5.73567265800855 solMass / solMass
692 450.644503812332 solMass / solMass
693 61.0379881257417 solMass / solMass
694 86.58980084869222 solMass / solMass
698 12.71420212966487 solMass / solMass
699 38.42729091900633 solMass / solMass
701 25.00705318276834 solMass / solMass
702 40.01622888070154 solMass / solMass
705 26.055802474138172 solMass / solMass
706 14.899849324021957 solMass / solMass
708 1.7068993303131776 solMass / solMass
710 63.32698527025758 solMass / solMass
711 35.75721159403272 solMass / solMass
712 52.15749466143622 solMass / solMass
713 64.11198791413543 solMass / solMass
714 12.267798056690626 solMass / solMass
715 16.93524428259756 solMass / solMass
716 22.065760673991047 solMass / solMass
717 345.73884374412773 solMass / solMass
718 83.61415166763385 solMass / solMass
719 195.2487565823312 solMass / solMass
720 93.13871010269783 solMass / solMass
721 50.7103318446094 solMass / solMass
722 60.847841277799304 solMass / solMass
723 94.0766121576226 solMass / solMass
725 29.76876734559463 solMass / solMass
726 1.8194867647419732 solMass / solMass
727 1.2601814563792035e+38 solMass / solMass
729 257.54892069374523 solMass / solMass
730 102.07129903643768 solMass / solMass
731 50.705361310667904 solMass / solMass
732 78.24282020899781 solMass / solMass
733 3.7957293427943175 solMass / solMass
735 31.9495975439832 solMass / solMass
738 29.861354306193288 solMass / solMass
739 50.27786779844239 solMass / solMass
741 2.833542699454697 solMass / solMass
742 37.432314885882285 solMass / solMass
743 86.10905582851154 solMass / solMass
744 94.15645328474159 solMass / solMass
746 2.15053725405447e+38 solMass / solMass
747 76.77410689412798 solMass / solMass
749 13.417861708127706 solMass / solMass
750 59.79421848179122 solMass / solMass
751 50.115520542426836 solMass / solMass
752 1.855272029927649 solMass / solMass
754 115.10310293534621 solMass / solMass
755 39.35002731274177 solMass / solMass
757 146.5525482165082 solMass / solMass
759 5.716960856760313 solMass / solMass
762 10.837078291118964 solMass / solMass
763 39.46906052407271 solMass / solMass
764 15.000194976644126 solMass / solMass
766 80.74527998999702 solMass / solMass
767 1.284926466562571e+38 solMass / solMass
768 175.19181659725132 solMass / solMass
770 65.20023009395962 solMass / solMass
771 74.92105299264996 solMass / solMass
772 27.391284360082135 solMass / solMass
773 94.71224703692839 solMass / solMass
774 82.92206881377386 solMass / solMass
775 1.4132955063811766e+38 solMass / solMass
776 1.9173039613252771 solMass / solMass
777 144.53468378186372 solMass / solMass
779 4.57222178378349 solMass / solMass
780 17.95418602428568 solMass / solMass
781 118.5090890805257 solMass / solMass
782 129.44030643885137 solMass / solMass
783 182.20696803918517 solMass / solMass
784 90.61215000352429 solMass / solMass
785 46.22431989917409 solMass / solMass
786 23.820783013738655 solMass / solMass
788 38.3299653588747 solMass / solMass
789 92.31127660608124 solMass / solMass
790 33.328065273005805 solMass / solMass
791 32.90214343042587 solMass / solMass
792 1.0263923005508391e+38 solMass / solMass
793 48.29551657336283 solMass / solMass
796 16.203517121028575 solMass / solMass
798 33.48306833050359 solMass / solMass
799 202.52080105223885 solMass / solMass
801 242.46505767020687 solMass / solMass
802 97.57146622359618 solMass / solMass
803 101.787970187067 solMass / solMass
804 139.8576851780447 solMass / solMass
805 47.655264969591336 solMass / solMass
806 182.34493807725542 solMass / solMass
HaloMassEqualZero
809 195.81795798546057 solMass / solMass
811 63.473476096389156 solMass / solMass
813 161.34499699069556 solMass / solMass
815 93.01756529658266 solMass / solMass
816 64.13743228107163 solMass / solMass
817 40.974770154761515 solMass / solMass
818 282.7171876131387 solMass / solMass
821 111.16031413073445 solMass / solMass
823 26.74077065868521 solMass / solMass
824 78.75186929614442 solMass / solMass
830 59.69370926197517 solMass / solMass
831 81.62576721755092 solMass / solMass
832 35.411862292093595 solMass / solMass
833 32.06942797173687 solMass / solMass
834 68.4134973676119 solMass / solMass
835 16.816397503110885 solMass / solMass
836 68.04867657964598 solMass / solMass
837 272.9875853803671 solMass / solMass
838 7.0581142406714115 solMass / solMass
839 103.03077473917662 solMass / solMass
841 13.783642076918929 solMass / solMass
843 172.25236661473556 solMass / solMass
845 31.947072835752227 solMass / solMass
847 53.897528004692525 solMass / solMass
848 101.38878036363158 solMass / solMass
849 20.2293804071389 solMass / solMass
850 24.92206003800365 solMass / solMass
851 87.44283886707026 solMass / solMass
852 319.79074254704165 solMass / solMass
854 53.37789531581003 solMass / solMass
855 37.30536335841855 solMass / solMass
HaloMassEqualZero
857 132.40751910596154 solMass / solMass
859 1.3876044288485594e+38 solMass / solMass
860 157.84996036038925 solMass / solMass
861 72.44255108612033 solMass / solMass
862 71.20204657417824 solMass / solMass
863 100.80747395986194 solMass / solMass
864 8.218931800799568 solMass / solMass
865 1.4024767213998302 solMass / solMass
866 352.364030306938 solMass / solMass
870 89.80138446500948 solMass / solMass
871 57.8802135182289 solMass / solMass
872 56.23767281413654 solMass / solMass
874 86.7029409231354 solMass / solMass
875 21.12221445399858 solMass / solMass
879 27.058092918217337 solMass / solMass
881 130.68298799101987 solMass / solMass
882 18.337909528150806 solMass / solMass
884 279.071310048758 solMass / solMass
885 16.839179402110222 solMass / solMass
886 64.19213494751851 solMass / solMass
887 11.822480318910545 solMass / solMass
888 30.02769132586129 solMass / solMass
889 228.7794276115187 solMass / solMass
890 7.803330806114597 solMass / solMass
891 195.6542302452432 solMass / solMass
892 82.84984203809756 solMass / solMass
893 7.653014050680101 solMass / solMass
895 18.72413500466065 solMass / solMass
896 76.04696379486764 solMass / solMass
897 66.51492615031201 solMass / solMass
898 108.37099091483209 solMass / solMass
899 24.136404372468355 solMass / solMass
900 53.80363739834745 solMass / solMass
901 26.436530748868314 solMass / solMass
903 37.28867561211444 solMass / solMass
905 279.67125650484843 solMass / solMass
906 126.94300247495238 solMass / solMass
907 76.40924654649136 solMass / solMass
908 29.796373141660816 solMass / solMass
910 165.86581167188947 solMass / solMass
912 24.79341594863216 solMass / solMass
915 66.84059664703997 solMass / solMass
916 7.8150667336771855 solMass / solMass
917 22.40811783786742 solMass / solMass
918 28.536119445049565 solMass / solMass
919 5.7020504315256915 solMass / solMass
920 41.098067444039245 solMass / solMass
923 409.09011071662445 solMass / solMass
924 538.8772753945547 solMass / solMass
925 74.87227084914628 solMass / solMass
926 25.051680932820197 solMass / solMass
927 95.6535189758327 solMass / solMass
928 48.831703694728674 solMass / solMass
930 14.665658591273857 solMass / solMass
931 39.45982005529337 solMass / solMass
932 50.35324180802419 solMass / solMass
933 130.49035868860958 solMass / solMass
936 40.99901510700256 solMass / solMass
938 67.32836472532308 solMass / solMass
940 38.496150096497445 solMass / solMass
942 394.35942661040735 solMass / solMass
943 20.047835662871034 solMass / solMass
945 22.151942873106126 solMass / solMass
946 168.3733585017666 solMass / solMass
947 136.01798373868235 solMass / solMass
948 54.69651425653421 solMass / solMass
949 21.973872864387513 solMass / solMass
950 452.6963488232868 solMass / solMass
951 460.55454016382106 solMass / solMass
952 73.35480619353234 solMass / solMass
953 37.41121298457492 solMass / solMass
955 196.90765333512962 solMass / solMass
956 117.26424794608184 solMass / solMass
957 25.454139015127634 solMass / solMass
958 86.89793569427644 solMass / solMass
960 309.3340703045136 solMass / solMass
961 25.076947951223115 solMass / solMass
962 7.676975331415164 solMass / solMass
963 41.94597839861187 solMass / solMass
965 127.05999688957242 solMass / solMass
966 370.0560132545155 solMass / solMass
967 2.5703818750696015 solMass / solMass
968 7.230754510810398 solMass / solMass
970 37.411415294612866 solMass / solMass
971 4.1566410012137105 solMass / solMass
972 123.3862588244014 solMass / solMass
973 68.07693904290014 solMass / solMass
975 18.192729057139946 solMass / solMass
976 55.752114570647386 solMass / solMass
977 150.25912130400323 solMass / solMass
979 292.95688630702386 solMass / solMass
981 196.53002627923777 solMass / solMass
983 87.41480935714115 solMass / solMass
984 106.43893096992093 solMass / solMass
985 122.90958921612953 solMass / solMass
986 290.244160972808 solMass / solMass
987 376.42113293402633 solMass / solMass
988 106.63042530224708 solMass / solMass
989 29.5308005828707 solMass / solMass
992 91.84988435839729 solMass / solMass
994 66.2625177287978 solMass / solMass
996 110.0451036059543 solMass / solMass
997 168.99243536959526 solMass / solMass
999 122.59062258784992 solMass / solMass
1001 405.09464382049396 solMass / solMass
1002 96.0771818402737 solMass / solMass
1004 1.9431498533090317 solMass / solMass
1005 42.21098658867609 solMass / solMass
1008 278.4325798709894 solMass / solMass
1009 58.91634026088589 solMass / solMass
1012 2.2920993587426183e+38 solMass / solMass
1013 46.999299327542865 solMass / solMass
1014 1.8053114882631937e+38 solMass / solMass
1016 18.157373348687187 solMass / solMass
1017 9.761596275357707 solMass / solMass
1018 46.41736133154074 solMass / solMass
1021 150.1808696019947 solMass / solMass
1023 1.9085167326171925e+38 solMass / solMass
1024 21.787181070784186 solMass / solMass
1025 187.92379188809414 solMass / solMass
1027 92.4825179585893 solMass / solMass
1028 81.97546795519459 solMass / solMass
1029 40.08222187690328 solMass / solMass
1030 43.795866870511055 solMass / solMass
1031 61.820026385940274 solMass / solMass
1032 75.93913893665602 solMass / solMass
1033 191.58094216335436 solMass / solMass
1035 3.8853088156161593 solMass / solMass
1036 14.319316673746782 solMass / solMass
1037 53.85359036446246 solMass / solMass
1038 14.442217716843826 solMass / solMass
1040 2.3227599877134315 solMass / solMass
1041 634.2912487908068 solMass / solMass
1042 76.50686421084299 solMass / solMass
1043 148.34669059746233 solMass / solMass
1045 176.25699965153058 solMass / solMass
1047 71.26854152275318 solMass / solMass
1048 106.03450975671225 solMass / solMass
1049 44.371189611275156 solMass / solMass
1050 5.992457722037194 solMass / solMass
1051 62.384015731711926 solMass / solMass
1052 116.62755489489334 solMass / solMass
1054 371.96879800836416 solMass / solMass
1055 60.303466455688984 solMass / solMass
1056 114.51447041953101 solMass / solMass
1058 52.81303861515132 solMass / solMass
1059 317.76508951708735 solMass / solMass
1060 19.080335048834705 solMass / solMass
1063 8.95967437291161 solMass / solMass
1064 90.64993649292076 solMass / solMass
1065 173.2815974718248 solMass / solMass
1066 128.17757239828472 solMass / solMass
1068 25.053132734786807 solMass / solMass
1069 17.06355595075123 solMass / solMass
1070 108.22755661622146 solMass / solMass
1071 35.80094207370294 solMass / solMass
1072 190.8399433446823 solMass / solMass
1074 28.682781212999544 solMass / solMass
1075 130.33721749016217 solMass / solMass
1076 16.908237428454353 solMass / solMass
1077 36.48642264536243 solMass / solMass
1079 33.13905298105819 solMass / solMass
1081 67.20372015161284 solMass / solMass
1083 129.14938488970003 solMass / solMass
1084 126.58861733157984 solMass / solMass
1087 53.09175921725578 solMass / solMass
1088 157.94425282104365 solMass / solMass
1089 227.88000237507998 solMass / solMass
1093 60.935579260145275 solMass / solMass
1094 44.81774746681438 solMass / solMass
1095 549.2255136352651 solMass / solMass
1096 637.3720509931084 solMass / solMass
1098 142.25677612973055 solMass / solMass
HaloMassEqualZero
1100 709.2148974117765 solMass / solMass
1102 67.82658881820291 solMass / solMass
1103 85.460425111954 solMass / solMass
1105 22.7763383818521 solMass / solMass
1108 15.668833733056395 solMass / solMass
1109 23.516448796742033 solMass / solMass
1110 94.98717087583063 solMass / solMass
1111 140.42655788800508 solMass / solMass
1112 55.02322736725887 solMass / solMass
1113 15.662966760475546 solMass / solMass
1114 35.984310933387086 solMass / solMass
1116 281.6483735102176 solMass / solMass
HaloMassEqualZero
1119 91.08361340252101 solMass / solMass
1121 92.8702299582095 solMass / solMass
1122 1.672774332989339e+38 solMass / solMass
1123 66.93817912258682 solMass / solMass
1124 140.3958075517623 solMass / solMass
1126 121.19136798559846 solMass / solMass
1127 220.9904506803022 solMass / solMass
1128 13.420561574940317 solMass / solMass
1130 46.75760100716377 solMass / solMass
1131 5.62715675442748 solMass / solMass
1132 54.59365820238099 solMass / solMass
1133 4.583615706236962 solMass / solMass
1134 37.9972816650387 solMass / solMass
1135 287.68016273225356 solMass / solMass
1136 72.41193132718105 solMass / solMass
1140 48.57676151724521 solMass / solMass
1142 16.001265219453035 solMass / solMass
1143 34.73099153108987 solMass / solMass
1144 63.378325123176275 solMass / solMass
1145 0.5188458754566734 solMass / solMass
1146 145.17910805508276 solMass / solMass
1147 47.744386798645245 solMass / solMass
1148 629.6514481300065 solMass / solMass
1149 0.5783910610766468 solMass / solMass
1151 104.58447436151845 solMass / solMass
1154 110.49210842598787 solMass / solMass
1155 2.757529296662729 solMass / solMass
1156 159.73796077065623 solMass / solMass
1157 23.99541255850056 solMass / solMass
1158 13.524533277679348 solMass / solMass
1160 192.20412266415744 solMass / solMass
1161 45.777333343992915 solMass / solMass
1162 490.30280044890935 solMass / solMass
1163 92.02703330555265 solMass / solMass
1168 55.92240162751597 solMass / solMass
1169 102.51166168367864 solMass / solMass
1170 199.60675217879898 solMass / solMass
1171 123.40145025137976 solMass / solMass
1172 50.76690089103392 solMass / solMass
1173 118.47350998853088 solMass / solMass
1175 25.34613257041165 solMass / solMass
1176 224.87171469010102 solMass / solMass
1177 20.659949626459817 solMass / solMass
1178 23.6012687091932 solMass / solMass
1180 175.74748026770527 solMass / solMass
1182 52.7432238107807 solMass / solMass
1183 39.47837437448917 solMass / solMass
1184 207.05353081908444 solMass / solMass
1185 202.02295387397865 solMass / solMass
1186 596.179243317504 solMass / solMass
1187 22.965470261707612 solMass / solMass
1188 49.90741039763133 solMass / solMass
1189 52.18427452651874 solMass / solMass
1190 528.8183897147513 solMass / solMass
1192 244.95175788951667 solMass / solMass
1194 173.61273941677464 solMass / solMass
1195 104.78370020665476 solMass / solMass
1197 169.44100281352135 solMass / solMass
1198 35.902119682441224 solMass / solMass
1200 2.3336314720027795 solMass / solMass
1201 198.1821777680546 solMass / solMass
1205 18.052945283025018 solMass / solMass
1206 198.07344908643455 solMass / solMass
HaloMassEqualZero
1208 31.859657620600984 solMass / solMass
1209 84.91670282882237 solMass / solMass
1210 309.688658717588 solMass / solMass
1212 95.27405105377609 solMass / solMass
1213 1.8117600290301613e+38 solMass / solMass
1215 2.1734827337121186e+38 solMass / solMass
1216 716.5922886186214 solMass / solMass
1217 165.32694496145348 solMass / solMass
1218 71.53909406225614 solMass / solMass
1219 53.96245010880228 solMass / solMass
1223 55.720514071451134 solMass / solMass
1224 39.736935296635906 solMass / solMass
1225 7.148331717036059 solMass / solMass
1226 103.95992442114797 solMass / solMass
1227 31.73603298409618 solMass / solMass
1228 336.04629824792687 solMass / solMass
1229 116.65321980345418 solMass / solMass
HaloMassEqualZero
1232 65.95557747253484 solMass / solMass
1233 25.72907622188048 solMass / solMass
1234 42.58373122064228 solMass / solMass
1235 96.78294953223366 solMass / solMass
1237 111.10681169989053 solMass / solMass
1238 119.27875913807853 solMass / solMass
1239 149.24203103707498 solMass / solMass
1240 11.239343411115922 solMass / solMass
1241 946.7937878015609 solMass / solMass
1242 1.839530036977275e+38 solMass / solMass
1243 523.6889781405079 solMass / solMass
1244 22.040329429001908 solMass / solMass
1245 900.8113150040368 solMass / solMass
1247 92.11100382187959 solMass / solMass
1248 41.621110203217334 solMass / solMass
1249 64.36049734241719 solMass / solMass
1250 235.0861268428975 solMass / solMass
1251 53.11486237503695 solMass / solMass
1253 8.86906428537244 solMass / solMass
1255 185.74719258400174 solMass / solMass
1256 26.411246875993747 solMass / solMass
1257 1324.657078546855 solMass / solMass
1258 83.24237803604906 solMass / solMass
1259 87.24075820762276 solMass / solMass
1261 665.9144502185341 solMass / solMass
1262 12.969400110357515 solMass / solMass
1263 352.149765488809 solMass / solMass
1264 17.022165478104956 solMass / solMass
1265 771.6344719708325 solMass / solMass
1267 48.3980627932838 solMass / solMass
1268 144.0852107019251 solMass / solMass
1269 80.97800633811656 solMass / solMass
1270 3.1536957644651907e+38 solMass / solMass
1271 150.75459103133863 solMass / solMass
1272 28.148859625617145 solMass / solMass
1273 135.60431971581505 solMass / solMass
1274 391.1532073167676 solMass / solMass
1276 339.0840459846977 solMass / solMass
1277 9.61035967798653 solMass / solMass
1278 630.8085652051204 solMass / solMass
1280 153.66915627969297 solMass / solMass
1281 27.67438741302345 solMass / solMass
1282 301.5452391780437 solMass / solMass
1285 21.592992859053865 solMass / solMass
1287 152.694954967454 solMass / solMass
1288 2.461385603456742 solMass / solMass
1289 591.0976894814034 solMass / solMass
1290 58.05469299817691 solMass / solMass
1291 145.6199888183584 solMass / solMass
1292 2.8995895314678498e+38 solMass / solMass
1294 868.8044365058881 solMass / solMass
1295 149.74434116218202 solMass / solMass
1297 30.71537468447418 solMass / solMass
1298 71.43286450347159 solMass / solMass
1299 291.85878705939166 solMass / solMass
1300 34.97452641935296 solMass / solMass
1301 162.48368782051588 solMass / solMass
1302 64.61390304825183 solMass / solMass
1305 372.84924646731963 solMass / solMass
HaloMassEqualZero
1309 15.992722507744029 solMass / solMass
1310 437.6671838822997 solMass / solMass
1311 40.973328365989595 solMass / solMass
1312 36.355700546210045 solMass / solMass
1313 613.6189740718314 solMass / solMass
1314 427.4911816885324 solMass / solMass
1315 272.78501165425826 solMass / solMass
1316 15.46388647133643 solMass / solMass
1319 77.63775112064032 solMass / solMass
1320 62.813454272446606 solMass / solMass
1321 55.555454617326895 solMass / solMass
1323 32.663455734249645 solMass / solMass
1324 13.982264092204922 solMass / solMass
1325 126.12415758768827 solMass / solMass
1326 21.438453417247796 solMass / solMass
1328 39.97140683211506 solMass / solMass
1329 4.232642655025076 solMass / solMass
1331 39.16543034585964 solMass / solMass
1333 42.190351676387955 solMass / solMass
1334 86.36483007887625 solMass / solMass
1335 85.53689466291627 solMass / solMass
1336 40.92722584467535 solMass / solMass
1337 246.79535269187292 solMass / solMass
1338 315.7811894079266 solMass / solMass
1340 3.553783629885013 solMass / solMass
1341 675.9598385938438 solMass / solMass
1343 140.762480658525 solMass / solMass
1344 101.68793264031837 solMass / solMass
1345 54.74703893985681 solMass / solMass
1346 139.37708165643915 solMass / solMass
1349 117.69036083538833 solMass / solMass
1353 299.2183564528333 solMass / solMass
1354 154.86583976374533 solMass / solMass
1355 179.57434998349552 solMass / solMass
1356 23.683997149385874 solMass / solMass
1359 133.28422553935553 solMass / solMass
1360 207.01053497371694 solMass / solMass
1361 108.39109282492124 solMass / solMass
1362 3.249714051234694e+38 solMass / solMass
1363 193.4083132352958 solMass / solMass
1364 72.89640124642507 solMass / solMass
1365 216.14715235320784 solMass / solMass
1366 54.143178902705586 solMass / solMass
1368 91.40822152685347 solMass / solMass
1369 121.1066786156386 solMass / solMass
1370 304.92124129908035 solMass / solMass
1371 241.56057084175686 solMass / solMass
1372 211.4171533360306 solMass / solMass
1374 80.00065622213732 solMass / solMass
1375 43.44737098923426 solMass / solMass
1376 47.13899436575857 solMass / solMass
1377 115.51160393497481 solMass / solMass
1378 26.94394461491141 solMass / solMass
1380 34.200260856678305 solMass / solMass
1382 447.1910723974773 solMass / solMass
1383 171.38175517604594 solMass / solMass
1384 68.06761079106911 solMass / solMass
1386 122.15332267469064 solMass / solMass
1387 124.33993875712476 solMass / solMass
1388 5.673138273139733 solMass / solMass
1389 162.85524047863677 solMass / solMass
1390 52.877990822785314 solMass / solMass
1391 1316.4818907276756 solMass / solMass
1393 152.2472341974673 solMass / solMass
1394 24.438806355528975 solMass / solMass
1395 16.857173614366722 solMass / solMass
1396 94.03913915200836 solMass / solMass
1397 164.1524074982285 solMass / solMass
1398 9.659400709547974 solMass / solMass
1400 173.04327159048768 solMass / solMass
1401 6.4183257118222025e+38 solMass / solMass
1402 234.5847829598241 solMass / solMass
1405 7.503682952378043 solMass / solMass
1406 139.08738080811196 solMass / solMass
1407 17.681637462015566 solMass / solMass
1409 466.17342424056403 solMass / solMass
1410 25.353887764906737 solMass / solMass
1411 66.53158433115458 solMass / solMass
1412 106.88085364325822 solMass / solMass
1413 178.62825586117404 solMass / solMass
1414 33.67616417493535 solMass / solMass
1415 79.99088736760812 solMass / solMass
1416 35.28269504587489 solMass / solMass
1417 355.65213088277693 solMass / solMass
1418 52.05590036023934 solMass / solMass
1420 407.0029571995391 solMass / solMass
1421 103.6815735278844 solMass / solMass
1423 506.1589514528254 solMass / solMass
1424 133.9868904469157 solMass / solMass
1426 85.4906064102841 solMass / solMass
1427 33.94700866871474 solMass / solMass
1428 263.60575385374227 solMass / solMass
1430 156.88492754728736 solMass / solMass
1431 51.979976230329044 solMass / solMass
1432 327.35584534298283 solMass / solMass
1433 110.25131683050222 solMass / solMass
1434 190.19667860844623 solMass / solMass
1435 271.3964241130486 solMass / solMass
1436 160.63079072716445 solMass / solMass
1438 79.02141757833036 solMass / solMass
1439 205.9071409430529 solMass / solMass
1440 65.4030880548942 solMass / solMass
1441 30.111981052395105 solMass / solMass
1442 100.0421436838405 solMass / solMass
1444 236.1606507452519 solMass / solMass
1445 319.57703114775353 solMass / solMass
1446 718.4627271212302 solMass / solMass
1448 102.44418717347722 solMass / solMass
1449 67.0905569526149 solMass / solMass
1450 351.85635723243695 solMass / solMass
1451 292.3072309986321 solMass / solMass
1452 80.42710662335676 solMass / solMass
IsSatellite
1454 42.6261234833756 solMass / solMass
1455 23.495864827770067 solMass / solMass
1456 255.95691489493777 solMass / solMass
1460 40.67194639510643 solMass / solMass
1461 55.6338362789044 solMass / solMass
1462 295.62750142631495 solMass / solMass
1463 2.5276292970045868e+38 solMass / solMass
1465 384.32375737757474 solMass / solMass
1469 76.36336018495292 solMass / solMass
1470 148.68554199834125 solMass / solMass
1471 99.97243843459104 solMass / solMass
1472 138.43255027346913 solMass / solMass
1473 31.265138102261595 solMass / solMass
1474 579.0997809608612 solMass / solMass
1476 12.799830363540929 solMass / solMass
1477 389.54846505016985 solMass / solMass
1478 249.87473704379184 solMass / solMass
1479 321.8191849576907 solMass / solMass
1480 91.98264420502647 solMass / solMass
1481 168.16987050566723 solMass / solMass
1482 174.5380035441377 solMass / solMass
1483 47.247053241439545 solMass / solMass
1484 2183.7206730626935 solMass / solMass
1485 264.38827323207937 solMass / solMass
1486 234.5798098173655 solMass / solMass
1487 5.339756653723208 solMass / solMass
1488 65.12599042597705 solMass / solMass
1489 6.77351200369283 solMass / solMass
1490 21.42281804880216 solMass / solMass
1491 498.43188874671915 solMass / solMass
1492 253.24743578211303 solMass / solMass
1494 211.34005857017726 solMass / solMass
1495 51.31945321678156 solMass / solMass
1496 843.5454347864367 solMass / solMass
1497 34.752097092173514 solMass / solMass
1498 125.990797363403 solMass / solMass
1500 7.198639179859556 solMass / solMass
1501 107.15841186984707 solMass / solMass
1502 377.1445411221161 solMass / solMass
1505 42.11692540423014 solMass / solMass
1506 164.2606743900118 solMass / solMass
1508 5.092754714287752 solMass / solMass
1509 140.530055907531 solMass / solMass
1510 45.33466545805988 solMass / solMass
1511 177.66974970222407 solMass / solMass
1512 84.22168065612809 solMass / solMass
1513 87.40554338715542 solMass / solMass
1514 290.92003690695304 solMass / solMass
1520 25.702406260105157 solMass / solMass
1521 574.550169457834 solMass / solMass
1523 52.26358433872202 solMass / solMass
1525 1079.1236574401803 solMass / solMass
1526 269.41410303131687 solMass / solMass
1527 471.04704645396737 solMass / solMass
1529 17.418745995511458 solMass / solMass
1530 97.80566525112071 solMass / solMass
1531 8.037448237897793 solMass / solMass
1534 587.7317286136528 solMass / solMass
1535 25.359763270266907 solMass / solMass
1538 281.86940215028875 solMass / solMass
1539 43.78344709391067 solMass / solMass
1540 92.82979863999212 solMass / solMass
1541 460.38121463417883 solMass / solMass
1543 72.99588963372618 solMass / solMass
1544 94.86758656437075 solMass / solMass
1545 1032.2456955576035 solMass / solMass
1547 76.87501030251265 solMass / solMass
1548 101.0154840543518 solMass / solMass
1552 40.43272197736906 solMass / solMass
1554 321.49744370594567 solMass / solMass
1555 367.5296316258207 solMass / solMass
1556 143.44609754057166 solMass / solMass
1557 228.57856535145336 solMass / solMass
1559 651.7801395212305 solMass / solMass
1560 144.73589797452465 solMass / solMass
1561 242.71871173084662 solMass / solMass
1562 101.6518329484852 solMass / solMass
1563 53.78764602808962 solMass / solMass
1564 12.162893450184404 solMass / solMass
1565 351.6504177077224 solMass / solMass
1566 526.2332066840725 solMass / solMass
1568 260.4075715998532 solMass / solMass
1569 127.38946806819207 solMass / solMass
1570 24.755992129806998 solMass / solMass
1572 117.23370800645651 solMass / solMass
1573 257.415893287811 solMass / solMass
1575 618.0095538668692 solMass / solMass
1576 105.42803914113819 solMass / solMass
1577 2.9839791454793688e+38 solMass / solMass
1578 82.56064683335957 solMass / solMass
1580 47.314836523001226 solMass / solMass
1581 437.4573653488187 solMass / solMass
1582 2.2294572112051094 solMass / solMass
1583 80.46503296552434 solMass / solMass
1586 114.26752327775345 solMass / solMass
1588 4.162712291215632e+38 solMass / solMass
1589 162.49717207767952 solMass / solMass
1590 129.02456760561276 solMass / solMass
1591 12.654793333942134 solMass / solMass
1592 319.56170329935736 solMass / solMass
1593 337.4487063144203 solMass / solMass
1596 140.8622154776576 solMass / solMass
1597 168.16868899476964 solMass / solMass
1598 103.75180240744976 solMass / solMass
1601 42.058165935502885 solMass / solMass
1603 836.6865625983523 solMass / solMass
1604 125.56039591098552 solMass / solMass
1605 46.84740148433592 solMass / solMass
1606 12.334054938831322 solMass / solMass
1607 137.4584600390612 solMass / solMass
1608 541.6196183679294 solMass / solMass
1609 95.6207051720914 solMass / solMass
1610 33.97062730893854 solMass / solMass
1611 6.289009696775749 solMass / solMass
1612 60.28070928519595 solMass / solMass
1614 470.3774683356468 solMass / solMass
1615 207.82924686098806 solMass / solMass
1616 165.56495957979848 solMass / solMass
1617 62.695522440270935 solMass / solMass
1618 154.14129310788283 solMass / solMass
1620 23.17500661713008 solMass / solMass
1621 1103.2111062032006 solMass / solMass
1623 459.81506393168445 solMass / solMass
1624 84.20547915296902 solMass / solMass
1625 16.45555206828373 solMass / solMass
1626 92.4220032656812 solMass / solMass
1627 36.02198060645338 solMass / solMass
1628 12.47683216014214 solMass / solMass
1629 49.30720057428689 solMass / solMass
1630 0.7185874205734181 solMass / solMass
1631 39.573402111959005 solMass / solMass
1632 149.04488257220262 solMass / solMass
1633 51.99164412951194 solMass / solMass
1634 6.445225939272987 solMass / solMass
1636 241.8907295729192 solMass / solMass
1637 338.97796484062246 solMass / solMass
1638 200.0966797108559 solMass / solMass
1639 2.7096037790104657e+38 solMass / solMass
1640 172.25872569874127 solMass / solMass
1642 12.749886004324843 solMass / solMass
1643 63.9854635834067 solMass / solMass
HaloMassEqualZero
1645 224.30736500610283 solMass / solMass
1646 39.541780778048775 solMass / solMass
1648 751.2397162424182 solMass / solMass
1649 110.3507677458361 solMass / solMass
1650 206.30231293640372 solMass / solMass
1651 431.5574020928347 solMass / solMass
1652 601.0013988940226 solMass / solMass
1653 377.9795082198026 solMass / solMass
1654 205.47415534094446 solMass / solMass
1655 218.84797566824724 solMass / solMass
1656 2717.1638758949225 solMass / solMass
1657 180.38309680046018 solMass / solMass
1658 570.503556019807 solMass / solMass
1659 8.765150947865156e+38 solMass / solMass
1660 226.52791487102283 solMass / solMass
1662 3.690568169407968e+38 solMass / solMass
1664 1669.5986762762561 solMass / solMass
1665 413.3627088602914 solMass / solMass
1666 73.37901990464547 solMass / solMass
1667 3.6338637709044614 solMass / solMass
1668 83.2225857481459 solMass / solMass
1669 889.9209111288496 solMass / solMass
1670 59.39140191115001 solMass / solMass
1673 355.6860083887709 solMass / solMass
1674 381.3963216947161 solMass / solMass
1675 645.9415026720449 solMass / solMass
1677 151.4722005632267 solMass / solMass
1678 362.1703528415158 solMass / solMass
1679 103.7117742240221 solMass / solMass
1680 36.624433444744916 solMass / solMass
1681 192.9897069449612 solMass / solMass
1682 309.60141734172623 solMass / solMass
1683 94.26330405229406 solMass / solMass
1685 74.43749541551102 solMass / solMass
1686 22.736191058635452 solMass / solMass
1688 58.953097768825444 solMass / solMass
1691 30.947227117358626 solMass / solMass
1692 21.096186818113594 solMass / solMass
1693 110.07905461535547 solMass / solMass
1695 72.10691509584038 solMass / solMass
1696 69.07276547478764 solMass / solMass
1700 109.20108439600195 solMass / solMass
1701 125.25834816421886 solMass / solMass
1702 25.568020219241557 solMass / solMass
1703 2076.309356158537 solMass / solMass
1704 347.88110325243747 solMass / solMass
1705 26.985715999659025 solMass / solMass
1706 60.85691398287529 solMass / solMass
1708 126.82300903428167 solMass / solMass
HaloMassEqualZero
HaloMassEqualZero
1713 371.8346429259258 solMass / solMass
HaloMassEqualZero
1717 841.9415726975437 solMass / solMass
1720 53.30121087904294 solMass / solMass
1721 1110.529643090615 solMass / solMass
1722 86.73290342158573 solMass / solMass
1723 129.80763666413833 solMass / solMass
1724 418.4070881636475 solMass / solMass
1725 261.4264996381155 solMass / solMass
1726 1176.8457556516566 solMass / solMass
1728 139.66731400213067 solMass / solMass
1729 118.7220214840773 solMass / solMass
1730 121.89972033067448 solMass / solMass
1731 80.54598414440133 solMass / solMass
1732 100.56861757532269 solMass / solMass
1733 134.42233289807945 solMass / solMass
1734 311.11953695859995 solMass / solMass
1736 10.042786540568363 solMass / solMass
1737 39.80593603294123 solMass / solMass
IsSatellite
1740 267.71406136342625 solMass / solMass
1741 207.28781395380707 solMass / solMass
1742 347.3712242230308 solMass / solMass
HaloMassEqualZero
1745 53.29019857019474 solMass / solMass
1746 26.848521641820067 solMass / solMass
1750 39.13547589400539 solMass / solMass
1754 252.98011091816454 solMass / solMass
1755 2371.2735780779713 solMass / solMass
1756 82.92398693458914 solMass / solMass
1757 152.0852584102706 solMass / solMass
1758 4.212006491782073e+38 solMass / solMass
1759 181.5448222150366 solMass / solMass
1760 115.44927055999064 solMass / solMass
1763 17.200209148877846 solMass / solMass
1765 201.98226648040216 solMass / solMass
1767 240.4813176722087 solMass / solMass
1768 813.6892470774109 solMass / solMass
1771 347.5768895466079 solMass / solMass
1772 197.42420388576804 solMass / solMass
1773 27.765386651553396 solMass / solMass
1774 167.66556753599127 solMass / solMass
1775 648.746060159846 solMass / solMass
1778 59.189001949422845 solMass / solMass
1779 42.504426508506576 solMass / solMass
1780 3.938286859932819e+38 solMass / solMass
1781 266.61316979043755 solMass / solMass
1782 257.2531177989702 solMass / solMass
1783 245.83848341049017 solMass / solMass
1785 12.838951342981732 solMass / solMass
1786 151.40399545859424 solMass / solMass
1787 3.039416432609135 solMass / solMass
1789 25.73785960591282 solMass / solMass
1790 1103.1491519576825 solMass / solMass
1791 221.86235617952877 solMass / solMass
1792 14.828020530583922 solMass / solMass
1795 145.67872368721154 solMass / solMass
1796 14.54969719850626 solMass / solMass
1797 123.61993664223839 solMass / solMass
HaloMassEqualZero
1799 178.25843220499996 solMass / solMass
1800 11.71158617586946 solMass / solMass
1801 7.216955078239404 solMass / solMass
1802 58.17835370915732 solMass / solMass
1803 239.48576237233465 solMass / solMass
1804 101.36380188586755 solMass / solMass
1805 33.73520153332419 solMass / solMass
1806 820.565065655995 solMass / solMass
1808 172.40112140631223 solMass / solMass
1809 118.60607549285533 solMass / solMass
1810 66.58380111825825 solMass / solMass
1811 1057.5611068940213 solMass / solMass
1812 107.05643994392386 solMass / solMass
HaloMassEqualZero
1814 465.4759354270414 solMass / solMass
1815 89.87847855722622 solMass / solMass
1816 61.39273449065321 solMass / solMass
1817 455.15155396317556 solMass / solMass
HaloMassEqualZero
1819 34.08357733073062 solMass / solMass
HaloMassEqualZero
1821 90.92337257861013 solMass / solMass
1822 21.155009402505247 solMass / solMass
HaloMassEqualZero
1825 47.33443995249566 solMass / solMass
1826 256.5855252270881 solMass / solMass
1827 27.478761193923237 solMass / solMass
1829 62.30479423694718 solMass / solMass
1831 25.727823692212795 solMass / solMass
1832 355.44793598756434 solMass / solMass
1834 130.258393959424 solMass / solMass
1835 53.93160725302906 solMass / solMass
1836 11.540163872368005 solMass / solMass
1838 133.7016126329519 solMass / solMass
1839 500.34744907496 solMass / solMass
1840 170.6366558138642 solMass / solMass
1843 445.4191687822172 solMass / solMass
1844 23.781966787062608 solMass / solMass
1847 6.532042528273183 solMass / solMass
1848 37.181360513427464 solMass / solMass
1849 1292.2849369860687 solMass / solMass
HaloMassEqualZero
1852 1761.8222078264034 solMass / solMass
1853 172.3633707786178 solMass / solMass
1857 544.093802185656 solMass / solMass
1858 57.48976843194402 solMass / solMass
1859 68.62180398354492 solMass / solMass
1861 37.223544749338885 solMass / solMass
1864 24.499473273796053 solMass / solMass
1865 160.51630519790794 solMass / solMass
1866 45.15447998103853 solMass / solMass
1867 489.90044368239194 solMass / solMass
1868 1.8786632877678518e+38 solMass / solMass
1870 306.89896978479203 solMass / solMass
1871 77.9902118220004 solMass / solMass
1874 107.408077175927 solMass / solMass
HaloMassEqualZero
1876 802.2043864194593 solMass / solMass
1877 161.71693763271657 solMass / solMass
1878 119.19760849175209 solMass / solMass
1879 202.12891298035788 solMass / solMass
1880 28.876044435329003 solMass / solMass
1881 1269.9949085268322 solMass / solMass
HaloMassEqualZero
1883 267.10174725140985 solMass / solMass
1884 526.1789270054703 solMass / solMass
1885 73.61376379481118 solMass / solMass
1886 177.62473124410613 solMass / solMass
1887 537.0714696882923 solMass / solMass
HaloMassEqualZero
1889 47.38942910723154 solMass / solMass
1890 53.25095021462089 solMass / solMass
1893 363.13915224873887 solMass / solMass
HaloMassEqualZero
HaloMassEqualZero
IsSatellite
1897 148.40503818395752 solMass / solMass
1900 262.6489827327269 solMass / solMass
HaloMassEqualZero
1902 74.57625346918353 solMass / solMass
1903 180.5840436014992 solMass / solMass
1905 157.79220765190283 solMass / solMass
1906 188.60078864777992 solMass / solMass
1907 21.358549386144723 solMass / solMass
1909 484.93831534532484 solMass / solMass
1910 316.3153646914213 solMass / solMass
1911 272.43154165888745 solMass / solMass
1912 81.1838482884997 solMass / solMass
1913 226.59967101965978 solMass / solMass
1914 88.76185174032753 solMass / solMass
1915 429.3226371071578 solMass / solMass
1916 8.408843698722555 solMass / solMass
HaloMassEqualZero
1919 596.568790998481 solMass / solMass
1920 85.04919779627551 solMass / solMass
1921 307.1997134756117 solMass / solMass
1922 828.5953555689936 solMass / solMass
1923 86.18311470805342 solMass / solMass
1924 72.94451631094299 solMass / solMass
1925 40.17410728927705 solMass / solMass
1926 198.68503084354137 solMass / solMass
1927 0.0 solMass / solMass
1928 131.7278293144788 solMass / solMass
HaloMassEqualZero
HaloMassEqualZero
HaloMassEqualZero
HaloMassEqualZero
1934 4.004667177073405e+38 solMass / solMass
1936 1.8411313624246286 solMass / solMass
1937 46.88990060346142 solMass / solMass
1939 194.19607467555906 solMass / solMass
1940 428.27243192887374 solMass / solMass
1941 2054.566147317486 solMass / solMass
1942 35.84949011196527 solMass / solMass
1943 16.014534488182292 solMass / solMass
1944 10.880679343429732 solMass / solMass
1945 41.886299837326575 solMass / solMass
1946 57.2458005073754 solMass / solMass
1947 149.8089541764876 solMass / solMass
1948 47.050227653608665 solMass / solMass
HaloMassEqualZero
1950 33.53183321451177 solMass / solMass
1951 29.70281682816513 solMass / solMass
1952 3.864202745238704e+38 solMass / solMass
1953 97.30108398739392 solMass / solMass
1954 1.9273546293874428 solMass / solMass
1955 143.01932626131128 solMass / solMass
1956 82.22800554633433 solMass / solMass
1957 288.5430150140436 solMass / solMass
1958 43.24166690558878 solMass / solMass
1959 122.58409168633078 solMass / solMass
HaloMassEqualZero
1961 129.5462503759656 solMass / solMass
1962 286.4430446823621 solMass / solMass
1963 627.470618997555 solMass / solMass
1964 454.92866405802374 solMass / solMass
1966 19.690171346313633 solMass / solMass
1967 146.6074491603168 solMass / solMass
1968 163.3977147742263 solMass / solMass
1969 333.938079907495 solMass / solMass
1970 110.61097609615214 solMass / solMass
1971 164.12021344408876 solMass / solMass
IsSatellite
1973 176.18289201185078 solMass / solMass
1974 440.8278781506872 solMass / solMass
1975 124.86194589983387 solMass / solMass
1976 74.04974502179603 solMass / solMass
HaloMassEqualZero
1978 36.82274545488997 solMass / solMass
IsSatellite
HaloMassEqualZero
1983 16.82110783440984 solMass / solMass
1984 36.7188875029175 solMass / solMass
1988 124.85779809113043 solMass / solMass
1990 380.6361063543316 solMass / solMass
1993 181.21049531248815 solMass / solMass
1995 1064.8769186133063 solMass / solMass
1997 480.6871429028464 solMass / solMass
1998 210.57593268970993 solMass / solMass
1999 295.57453542531124 solMass / solMass
2000 284.93872836699154 solMass / solMass
2001 6.930205665309905e+38 solMass / solMass
HaloMassEqualZero
2003 289.4333350452324 solMass / solMass
HaloMassEqualZero
2005 129.66237196023394 solMass / solMass
2006 365.64634546879137 solMass / solMass
2007 242.19111701489172 solMass / solMass
HaloMassEqualZero
2010 1288.7357444955035 solMass / solMass
2011 327.4714798977841 solMass / solMass
2012 128.25370625763378 solMass / solMass
2013 4.096287847836731 solMass / solMass
2014 192.9632427424346 solMass / solMass
2015 3.21053936809464 solMass / solMass
2016 311.5599095731275 solMass / solMass
2017 54.705433999018695 solMass / solMass
2019 53.116433106603736 solMass / solMass
2020 268.98749967130766 solMass / solMass
2021 177.49037136831197 solMass / solMass
2022 66.32236520276983 solMass / solMass
2024 45.811676387502764 solMass / solMass
2025 3.705489494753894 solMass / solMass
2026 149.4103020625169 solMass / solMass
2029 66.63579691234844 solMass / solMass
2030 21.91362088316209 solMass / solMass
HaloMassEqualZero
2032 65.18900921256038 solMass / solMass
2033 198.541441662183 solMass / solMass
2034 362.3923779505961 solMass / solMass
2035 219.24062643487102 solMass / solMass
2036 51.50167019554927 solMass / solMass
2039 850.3476097072286 solMass / solMass
2040 101.88732285499668 solMass / solMass
2041 261.26024974806256 solMass / solMass
2042 315.3710203621445 solMass / solMass
2043 46.35488331474516 solMass / solMass
HaloMassEqualZero
2045 263.46536587111524 solMass / solMass
2046 122.18167304855557 solMass / solMass
HaloMassEqualZero
2051 23.209075906780505 solMass / solMass
HaloMassEqualZero
2053 31.29790550941314 solMass / solMass
2054 17.325333432065975 solMass / solMass
2055 158.33117825025533 solMass / solMass
2056 90.91326560558596 solMass / solMass
2058 328.6934133882429 solMass / solMass
2059 39.44108281792387 solMass / solMass
2061 4.072000028417157e+38 solMass / solMass
2062 367.3103461988249 solMass / solMass
2063 22.753473549294227 solMass / solMass
2064 474.3253491450928 solMass / solMass
HaloMassEqualZero
2066 294.8609199626471 solMass / solMass
2067 3.627902254045233e+38 solMass / solMass
2068 151.67338432087044 solMass / solMass
2069 177.59379205567956 solMass / solMass
2070 77.93431096052315 solMass / solMass
2071 27.95099314358283 solMass / solMass
2075 263.5025805544192 solMass / solMass
2076 248.45371066064214 solMass / solMass
2077 35.553263874191366 solMass / solMass
2078 268.97363903083743 solMass / solMass
2079 699.7938490165072 solMass / solMass
2080 307.4357064373241 solMass / solMass
IsSatellite
2083 250.48007446540015 solMass / solMass
HaloMassEqualZero
2089 239.53969761771464 solMass / solMass
2090 267.12273645092426 solMass / solMass
2091 8.866793310549895 solMass / solMass
2092 49.19935763337037 solMass / solMass
2093 250.42017125071527 solMass / solMass
2094 74.62727303323837 solMass / solMass
2095 1231.1555743890283 solMass / solMass
2096 148.1641071761992 solMass / solMass
2097 34.183894075210944 solMass / solMass
2098 851.1068216617374 solMass / solMass
2099 321.12168558465964 solMass / solMass
2100 4.64328285124311e+38 solMass / solMass
2101 458.48638999893166 solMass / solMass
2102 144.5139706063594 solMass / solMass
2103 413.30572170777543 solMass / solMass
2104 620.4937575431139 solMass / solMass
2105 94.0335200455789 solMass / solMass
2106 894.4109845479027 solMass / solMass
2107 1570.1362804629682 solMass / solMass
2109 76.49808800196841 solMass / solMass
2110 16.28772818097282 solMass / solMass
2111 983.1860779959228 solMass / solMass
HaloMassEqualZero
2113 165.3263604041469 solMass / solMass
2115 378.34651701049296 solMass / solMass
2116 653.9482047608155 solMass / solMass
2117 188.2127016868253 solMass / solMass
2119 162.30822887898904 solMass / solMass
2120 185.6503390960565 solMass / solMass
2122 75.45500910751397 solMass / solMass
2123 110.1947792729056 solMass / solMass
2125 145.68776790752048 solMass / solMass
2128 192.06900740701744 solMass / solMass
2131 14.441921070059077 solMass / solMass
2132 5.299183337587508e+38 solMass / solMass
2134 15.483994587360794 solMass / solMass
HaloMassEqualZero
HaloMassEqualZero
HaloMassEqualZero
2138 528.0811266975073 solMass / solMass
2139 227.11279929288662 solMass / solMass
2141 382.534206614468 solMass / solMass
2142 156.0957804185068 solMass / solMass
HaloMassEqualZero
2144 214.51639578944992 solMass / solMass
2145 24.855632432258414 solMass / solMass
2146 235.77131663317755 solMass / solMass
HaloMassEqualZero
2148 12.943143512912485 solMass / solMass
2149 25.757844714862742 solMass / solMass
HaloMassEqualZero
2151 406.63003322918064 solMass / solMass
2154 468.6323277721647 solMass / solMass
2155 460.9044372058474 solMass / solMass
HaloMassEqualZero
2157 361.1409059201897 solMass / solMass
2159 345.85808435787914 solMass / solMass
2160 256.031429556669 solMass / solMass
2164 376.9260723443389 solMass / solMass
2165 345.59976367876317 solMass / solMass
2167 132.20458419132314 solMass / solMass
HaloMassEqualZero
HaloMassEqualZero
2174 433.4922126073976 solMass / solMass
2176 231.12348006490328 solMass / solMass
HaloMassEqualZero
2179 29.37916899700507 solMass / solMass
2180 58.11642523710979 solMass / solMass
2181 42.41404899439909 solMass / solMass
2183 38.12016649074038 solMass / solMass
2184 82.17703845296349 solMass / solMass
2185 1920.4389387138135 solMass / solMass
2187 639.0632491016929 solMass / solMass
2188 546.0843363842218 solMass / solMass
2189 10.502771460083293 solMass / solMass
2190 107.50278278621803 solMass / solMass
2192 523.8785358200994 solMass / solMass
2193 60.175268598338235 solMass / solMass
2194 282.0667362701382 solMass / solMass
2195 854.9732636040007 solMass / solMass
2196 468.0148431452778 solMass / solMass
2197 151.1907192949856 solMass / solMass
HaloMassEqualZero
HaloMassEqualZero
2201 120.40529687013871 solMass / solMass
2203 125.49252350842488 solMass / solMass
2204 228.70553276952916 solMass / solMass
2205 227.54470415408292 solMass / solMass
2206 96.69144345550134 solMass / solMass
2207 224.79134865423268 solMass / solMass
HaloMassEqualZero
HaloMassEqualZero
2211 52.414348087314124 solMass / solMass
HaloMassEqualZero
2213 269.064069522469 solMass / solMass
2215 431.01281719575104 solMass / solMass
2216 24.390168176871363 solMass / solMass
HaloMassEqualZero
2219 765.991400075918 solMass / solMass
2221 196.4711327943865 solMass / solMass
HaloMassEqualZero
2226 143.89929608772366 solMass / solMass
2227 47.55825435381892 solMass / solMass
2228 73.96508575672684 solMass / solMass
2230 21.06739842356248 solMass / solMass
HaloMassEqualZero
HaloMassEqualZero
HaloMassEqualZero
2235 189.38490834127649 solMass / solMass
2236 268.6900396751906 solMass / solMass
HaloMassEqualZero
2238 287.9108609196641 solMass / solMass
2239 33.14881095994102 solMass / solMass
2240 6.67318608169983e+38 solMass / solMass
2243 109.05214929110191 solMass / solMass
HaloMassEqualZero
2246 5.971127070891309e+38 solMass / solMass
2249 470.5055997009929 solMass / solMass
2250 26.931627226127592 solMass / solMass
HaloMassEqualZero
HaloMassEqualZero
2253 52.463896579861334 solMass / solMass
HaloMassEqualZero
2257 229.754214771664 solMass / solMass
2259 191.5382115549941 solMass / solMass
HaloMassEqualZero
2261 782.0680887097983 solMass / solMass
2263 281.2372725971143 solMass / solMass
2264 588.3118769763686 solMass / solMass
2265 125.55681555461238 solMass / solMass
HaloMassEqualZero
2268 120.44649197510209 solMass / solMass
2269 1520.5234996855665 solMass / solMass
2270 184.21816809160669 solMass / solMass
2271 418.8147522119827 solMass / solMass
2272 84.57458453023445 solMass / solMass
2274 82.57982511446538 solMass / solMass
2275 4.89764157813495e+38 solMass / solMass
2276 245.41729768118384 solMass / solMass
2277 104.73416806242057 solMass / solMass
HaloMassEqualZero
2280 189.04842560454523 solMass / solMass
2281 39.21220461436509 solMass / solMass
2283 997.7331331283717 solMass / solMass
2284 301.04320564301497 solMass / solMass
2287 146.024474518822 solMass / solMass
2288 190.76073848306996 solMass / solMass
HaloMassEqualZero
2291 6.047234646595382e+38 solMass / solMass
HaloMassEqualZero
2293 397.2435428171726 solMass / solMass
HaloMassEqualZero
2295 665.8457168155732 solMass / solMass
HaloMassEqualZero
2299 41.87425417256811 solMass / solMass
2301 5.011721460165763 solMass / solMass
2302 188.78655678382984 solMass / solMass
2305 38.678780851277104 solMass / solMass
HaloMassEqualZero
2307 353.6402945988995 solMass / solMass
2308 308.6391611199799 solMass / solMass
2309 100.94917394591393 solMass / solMass
2310 716.9199688844307 solMass / solMass
2311 53.24961394948175 solMass / solMass
HaloMassEqualZero
2313 1372.7873599524196 solMass / solMass
2314 58.86288572364422 solMass / solMass
2316 311.1131299067533 solMass / solMass
2317 228.15944786251453 solMass / solMass
2318 357.798160369699 solMass / solMass
IsSatellite
2320 131.96425247162713 solMass / solMass
2321 310.5511257692866 solMass / solMass
2322 138.01380992887613 solMass / solMass
2323 433.3834847817034 solMass / solMass
2325 60.96967014709692 solMass / solMass
HaloMassEqualZero
2328 264.81528457387543 solMass / solMass
HaloMassEqualZero
2333 20.17785521659376 solMass / solMass
2334 256.34756218141234 solMass / solMass
IsSatellite
2337 61.00490924777724 solMass / solMass
2338 4.547685618257648e+38 solMass / solMass
2339 264.21600014647976 solMass / solMass
2340 313.1862695852825 solMass / solMass
2341 251.32338748635317 solMass / solMass
2342 352.1166833045071 solMass / solMass
2343 404.4058572304805 solMass / solMass
HaloMassEqualZero
2345 28.108063485605147 solMass / solMass
2346 48.65765841100567 solMass / solMass
2347 132.2287141961161 solMass / solMass
2349 38.264874101741775 solMass / solMass
HaloMassEqualZero
2355 58.6275108581269 solMass / solMass
2356 64.52004491122011 solMass / solMass
2357 347.95942450869455 solMass / solMass
2359 4.805601982868722e+38 solMass / solMass
HaloMassEqualZero
HaloMassEqualZero
2363 502.2409181534824 solMass / solMass
2364 68.79053278799202 solMass / solMass
2365 289.0265820643681 solMass / solMass
2366 7.260961896067075e+38 solMass / solMass
2368 50.40652571114602 solMass / solMass
HaloMassEqualZero
2371 6.234994664108987e+38 solMass / solMass
2372 28.57206894946325 solMass / solMass
HaloMassEqualZero
2376 116.34686175507203 solMass / solMass
HaloMassEqualZero
HaloMassEqualZero
HaloMassEqualZero
2383 2981.898766133559 solMass / solMass
2384 397.80544616932207 solMass / solMass
HaloMassEqualZero
2386 693.204415002767 solMass / solMass
HaloMassEqualZero
2388 595.2919139448567 solMass / solMass
HaloMassEqualZero
HaloMassEqualZero
2392 73.19503799868434 solMass / solMass
2394 108.85084055701125 solMass / solMass
2395 155.50688984622624 solMass / solMass
2397 328.90417361632325 solMass / solMass
2398 668.1010262291024 solMass / solMass
2399 14.181940908903968 solMass / solMass
2401 413.64749019651055 solMass / solMass
HaloMassEqualZero
IsSatellite
2404 368.0680102657134 solMass / solMass
2405 329.03006301663964 solMass / solMass
2406 150.33525012762 solMass / solMass
2407 47.864224430317485 solMass / solMass
2408 453.10164968254577 solMass / solMass
2409 83.7655794876362 solMass / solMass
2411 666.0958894852906 solMass / solMass
2412 1996.4885852907498 solMass / solMass
2413 239.6909474515041 solMass / solMass
2414 172.05339738682466 solMass / solMass
2416 158.96113862525053 solMass / solMass
2417 202.43466678790816 solMass / solMass
HaloMassEqualZero
2422 512.6580861827217 solMass / solMass
2425 110.28203639421048 solMass / solMass
2426 35.44722232826116 solMass / solMass
HaloMassEqualZero
HaloMassEqualZero
HaloMassEqualZero
HaloMassEqualZero
HaloMassEqualZero
2432 75.38093277364085 solMass / solMass
2433 504.36646004650765 solMass / solMass
HaloMassEqualZero
2435 572.5058488653648 solMass / solMass
2436 53.953118525569444 solMass / solMass
2437 113.53373900803328 solMass / solMass
2438 806.9745711277624 solMass / solMass
2439 740.3438727404283 solMass / solMass
2440 138.00766802282507 solMass / solMass
2441 320.0433420844488 solMass / solMass
2442 117.87779019761908 solMass / solMass
2443 125.16744624382459 solMass / solMass
HaloMassEqualZero
HaloMassEqualZero
2447 460.37020180974275 solMass / solMass
HaloMassEqualZero
2452 261.0160283737318 solMass / solMass
2453 431.2765913689898 solMass / solMass
2455 71.3476175177103 solMass / solMass
2456 2331.871903808184 solMass / solMass
2457 158.7357225104463 solMass / solMass
2458 1338.5920730616851 solMass / solMass
HaloMassEqualZero
2460 92.69067847702043 solMass / solMass
2461 110.55078192475541 solMass / solMass
HaloMassEqualZero
2464 23.815642853175746 solMass / solMass
2465 325.52673266315753 solMass / solMass
2466 790.4052554644986 solMass / solMass
2468 1439.7600858024857 solMass / solMass
HaloMassEqualZero
2471 129.39450642297362 solMass / solMass
HaloMassEqualZero
HaloMassEqualZero
HaloMassEqualZero
2476 777.5644208792094 solMass / solMass
HaloMassEqualZero
2478 196.060984670225 solMass / solMass
HaloMassEqualZero
HaloMassEqualZero
2481 65.919618711549 solMass / solMass
IsSatellite
HaloMassEqualZero
2485 725.1564552934891 solMass / solMass
2487 56.93552833418782 solMass / solMass
2488 74.9505840792032 solMass / solMass
2489 244.99037179881574 solMass / solMass
HaloMassEqualZero
2491 23.035997635581886 solMass / solMass
2492 235.60459740174724 solMass / solMass
2493 414.8612565129847 solMass / solMass
HaloMassEqualZero
2496 142.29311302030334 solMass / solMass
HaloMassEqualZero
HaloMassEqualZero
2500 396.09786332578386 solMass / solMass
2501 90.11909339926521 solMass / solMass
HaloMassEqualZero
2503 4.5534165036744865 solMass / solMass
HaloMassEqualZero
2505 602.0490175665302 solMass / solMass
2508 123.43088979296401 solMass / solMass
2509 624.4155586559411 solMass / solMass
2510 32.93572216253984 solMass / solMass
2511 41.44305247478108 solMass / solMass
2513 410.41827006598976 solMass / solMass
HaloMassEqualZero
2519 487.7284895855035 solMass / solMass
2520 416.0313783815993 solMass / solMass
2521 363.7258296971047 solMass / solMass
2522 287.88221159289947 solMass / solMass
2524 380.9592539042346 solMass / solMass
2525 78.86367409438114 solMass / solMass
HaloMassEqualZero
HaloMassEqualZero
HaloMassEqualZero
2529 67.43324859755982 solMass / solMass
2532 4.7711096854016946e+38 solMass / solMass
2533 125.545287487197 solMass / solMass
2536 171.47999007286714 solMass / solMass
2537 429.52062461695067 solMass / solMass
HaloMassEqualZero
2539 165.5309368943951 solMass / solMass
2540 307.12833851539307 solMass / solMass
2541 87.22939869906718 solMass / solMass
2542 1286.1792216259912 solMass / solMass
2543 16.450424004812874 solMass / solMass
HaloMassEqualZero
2545 238.65615299107682 solMass / solMass
2546 78.79379752805382 solMass / solMass
HaloMassEqualZero
2548 943.70680400996 solMass / solMass
HaloMassEqualZero
2553 88.0065871140723 solMass / solMass
2554 1651.7772522146877 solMass / solMass
2555 33.74281754479551 solMass / solMass
2556 467.533948492717 solMass / solMass
HaloMassEqualZero
HaloMassEqualZero
HaloMassEqualZero
2560 142.86944997153864 solMass / solMass
HaloMassEqualZero
HaloMassEqualZero
2564 74.8463102559026 solMass / solMass
HaloMassEqualZero
HaloMassEqualZero
2568 251.1028880361814 solMass / solMass
HaloMassEqualZero
HaloMassEqualZero
HaloMassEqualZero
2576 18.122559869421877 solMass / solMass
2578 846.6855727496503 solMass / solMass
HaloMassEqualZero
HaloMassEqualZero
HaloMassEqualZero
HaloMassEqualZero
HaloMassEqualZero
HaloMassEqualZero
2586 81.94281345961417 solMass / solMass
HaloMassEqualZero
2588 382.0462353152772 solMass / solMass
2589 36.44440439456382 solMass / solMass
2591 98.20229808484457 solMass / solMass
HaloMassEqualZero
HaloMassEqualZero
HaloMassEqualZero
HaloMassEqualZero
IsSatellite
HaloMassEqualZero
2600 260.809794845484 solMass / solMass
HaloMassEqualZero
2602 349.79978365125925 solMass / solMass
2603 45.31483855753217 solMass / solMass
HaloMassEqualZero
HaloMassEqualZero
2606 104.65802018025741 solMass / solMass
2609 469.42992979709567 solMass / solMass
2610 7.017291659869499 solMass / solMass
2612 1305.0257641056467 solMass / solMass
2613 2060.235824271381 solMass / solMass
2614 1589.218835378867 solMass / solMass
HaloMassEqualZero
2617 84.83744598890104 solMass / solMass
2618 30.806857331520582 solMass / solMass
2620 316.4476632415344 solMass / solMass
2622 19.21083979853143 solMass / solMass
HaloMassEqualZero
2624 277.23215404049023 solMass / solMass
2625 107.77031374923531 solMass / solMass
HaloMassEqualZero
2627 38.877247773026106 solMass / solMass
2628 22.842289190753405 solMass / solMass
HaloMassEqualZero
2631 513.2073571303296 solMass / solMass
HaloMassEqualZero
2634 363.33463460123835 solMass / solMass
2635 82.96681544101612 solMass / solMass
HaloMassEqualZero
HaloMassEqualZero
2640 67.01008971696689 solMass / solMass
2641 1837.8142382079157 solMass / solMass
2642 351.5527159850872 solMass / solMass
HaloMassEqualZero
2644 493.56811457234454 solMass / solMass
HaloMassEqualZero
HaloMassEqualZero
HaloMassEqualZero
2648 48.63693348725902 solMass / solMass
2649 107.8832704470106 solMass / solMass
2652 402.2180302881513 solMass / solMass
2653 34.65826126686448 solMass / solMass
HaloMassEqualZero
HaloMassEqualZero
HaloMassEqualZero
2657 2071.639155315459 solMass / solMass
HaloMassEqualZero
HaloMassEqualZero
2660 136.8702768578306 solMass / solMass
2662 36.47056375575654 solMass / solMass
2663 60.08522845261506 solMass / solMass
2664 359.08584176078625 solMass / solMass
2665 212.94189379503572 solMass / solMass
2667 598.1564749316182 solMass / solMass
2668 188.71492663145114 solMass / solMass
2669 5.1415379342947615e+38 solMass / solMass
2670 172.62780665268357 solMass / solMass
HaloMassEqualZero
HaloMassEqualZero
2673 689.8532049555698 solMass / solMass
HaloMassEqualZero
2675 563.9611144107113 solMass / solMass
HaloMassEqualZero
HaloMassEqualZero
HaloMassEqualZero
2679 106.97250351184873 solMass / solMass
HaloMassEqualZero
HaloMassEqualZero
2683 457.61543015977367 solMass / solMass
2687 162.78681964897012 solMass / solMass
2689 4.935460854893094 solMass / solMass
2690 197.66131906494746 solMass / solMass
HaloMassEqualZero
HaloMassEqualZero
HaloMassEqualZero
HaloMassEqualZero
2696 18.63828924880243 solMass / solMass
2697 306.52557607405066 solMass / solMass
2698 580.4583315294367 solMass / solMass
2699 395.6657471627596 solMass / solMass
HaloMassEqualZero
HaloMassEqualZero
2702 41.805894693634606 solMass / solMass
2704 480.0311936779358 solMass / solMass
2707 27.02233549790398 solMass / solMass
2708 67.42194870944601 solMass / solMass
2709 61.500272346183316 solMass / solMass
2710 833.7766933051853 solMass / solMass
2711 89.57778333902 solMass / solMass
2712 392.9832173426889 solMass / solMass
HaloMassEqualZero
HaloMassEqualZero
HaloMassEqualZero
HaloMassEqualZero
HaloMassEqualZero
2719 727.0393344269115 solMass / solMass
2720 278.77278702403 solMass / solMass
2721 404.73713642754126 solMass / solMass
HaloMassEqualZero
2723 2029.002151536648 solMass / solMass
HaloMassEqualZero
2726 45.14084793346708 solMass / solMass
HaloMassEqualZero
HaloMassEqualZero
HaloMassEqualZero
HaloMassEqualZero
2731 163.0755046841144 solMass / solMass
2732 25.02266193947532 solMass / solMass
HaloMassEqualZero
2737 215.8176492165024 solMass / solMass
2738 1367.308010550547 solMass / solMass
HaloMassEqualZero
HaloMassEqualZero
2742 101.9358469163405 solMass / solMass
HaloMassEqualZero
HaloMassEqualZero
2745 1868.4073773038162 solMass / solMass
HaloMassEqualZero
HaloMassEqualZero
HaloMassEqualZero
HaloMassEqualZero
HaloMassEqualZero
2752 218.8964057466676 solMass / solMass
2753 51.15923549793557 solMass / solMass
2754 1385.1606032088514 solMass / solMass
2756 177.62103948866516 solMass / solMass
2757 3.9947512280701765e+38 solMass / solMass
HaloMassEqualZero
HaloMassEqualZero
HaloMassEqualZero
2762 145.02577530992366 solMass / solMass
2763 38.184399721963004 solMass / solMass
2765 351.2816680363222 solMass / solMass
HaloMassEqualZero
2767 360.0568809031821 solMass / solMass
2768 300.0916292406824 solMass / solMass
HaloMassEqualZero
2770 14.97492153013652 solMass / solMass
2771 108.87474367603214 solMass / solMass
HaloMassEqualZero
HaloMassEqualZero
2775 134.0114842744127 solMass / solMass
HaloMassEqualZero
HaloMassEqualZero
HaloMassEqualZero
2779 45.66287634670953 solMass / solMass
HaloMassEqualZero
HaloMassEqualZero
HaloMassEqualZero
2786 361.14161992183904 solMass / solMass
2787 56.870727770222466 solMass / solMass
HaloMassEqualZero
HaloMassEqualZero
2790 1470.4680657304373 solMass / solMass
2791 2.6825843033167248e-36 solMass / solMass
HaloMassEqualZero
HaloMassEqualZero
2794 82.35642837545498 solMass / solMass
2795 20.692469384729424 solMass / solMass
HaloMassEqualZero
HaloMassEqualZero
HaloMassEqualZero
HaloMassEqualZero
HaloMassEqualZero
HaloMassEqualZero
2803 175.8078277749339 solMass / solMass
HaloMassEqualZero
HaloMassEqualZero
2806 204.7153180511804 solMass / solMass
HaloMassEqualZero
HaloMassEqualZero
2811 84.38898632159577 solMass / solMass
HaloMassEqualZero
HaloMassEqualZero
HaloMassEqualZero
2815 215.72748568865467 solMass / solMass
2816 249.09881789740783 solMass / solMass
2817 37.17722250827287 solMass / solMass
2819 277.11373674970815 solMass / solMass
HaloMassEqualZero
HaloMassEqualZero
2823 21.23023785651322 solMass / solMass
2824 112.03039423562828 solMass / solMass
HaloMassEqualZero
2826 78.70385567788314 solMass / solMass
HaloMassEqualZero
2828 68.12858269970441 solMass / solMass
HaloMassEqualZero
2830 412.3722844547312 solMass / solMass
HaloMassEqualZero
HaloMassEqualZero
HaloMassEqualZero
2835 147.01091873670083 solMass / solMass
2838 401.1305651724493 solMass / solMass
HaloMassEqualZero
HaloMassEqualZero
2841 332.75464218739455 solMass / solMass
HaloMassEqualZero
HaloMassEqualZero
HaloMassEqualZero
HaloMassEqualZero
2850 396.803950040766 solMass / solMass
HaloMassEqualZero
HaloMassEqualZero
2853 245.36103734702613 solMass / solMass
2854 499.8847509779024 solMass / solMass
HaloMassEqualZero
HaloMassEqualZero
2857 424.7884932833311 solMass / solMass
HaloMassEqualZero
HaloMassEqualZero
2861 43.798605226267426 solMass / solMass
2862 262.03480980353714 solMass / solMass
HaloMassEqualZero
2865 301.4673101749797 solMass / solMass
2866 1795.036728650749 solMass / solMass
HaloMassEqualZero
2868 116.26109070513009 solMass / solMass
2869 7.404808965017794e+38 solMass / solMass
2870 236.3641916701199 solMass / solMass
HaloMassEqualZero
HaloMassEqualZero
HaloMassEqualZero
2874 83.456121574311 solMass / solMass
HaloMassEqualZero
HaloMassEqualZero
2877 5.910306800720145 solMass / solMass
2878 310.5160741370185 solMass / solMass
2879 59.3832363415981 solMass / solMass
HaloMassEqualZero
2882 4.147757874805496 solMass / solMass
HaloMassEqualZero
HaloMassEqualZero
HaloMassEqualZero
HaloMassEqualZero
HaloMassEqualZero
HaloMassEqualZero
HaloMassEqualZero
2891 0.8784353063657967 solMass / solMass
HaloMassEqualZero
HaloMassEqualZero
2894 206.2818665337497 solMass / solMass
2895 172.67598932095942 solMass / solMass
2896 76.07195746373853 solMass / solMass
2897 660.1823641844693 solMass / solMass
HaloMassEqualZero
2899 566.6952860412138 solMass / solMass
HaloMassEqualZero
HaloMassEqualZero
2904 7.523790882895257 solMass / solMass
2905 1593.7637174125055 solMass / solMass
HaloMassEqualZero
HaloMassEqualZero
HaloMassEqualZero
HaloMassEqualZero
HaloMassEqualZero
HaloMassEqualZero
2912 0.0 solMass / solMass
2914 86.17663299026691 solMass / solMass
2915 37.72571076428356 solMass / solMass
HaloMassEqualZero
2917 206.48349074075747 solMass / solMass
2918 369.2422527544875 solMass / solMass
HaloMassEqualZero
2920 340.8793541717728 solMass / solMass
HaloMassEqualZero
2923 78.62508427131581 solMass / solMass
HaloMassEqualZero
HaloMassEqualZero
HaloMassEqualZero
HaloMassEqualZero
2929 160.1902316650856 solMass / solMass
2930 367.01988825433716 solMass / solMass
2931 270.2109007945073 solMass / solMass
2933 50.21095924633282 solMass / solMass
2934 636.2424743103196 solMass / solMass
HaloMassEqualZero
HaloMassEqualZero
2937 222.70019736407608 solMass / solMass
HaloMassEqualZero
2941 35.490317578760845 solMass / solMass
HaloMassEqualZero
2944 150.0972176965803 solMass / solMass
HaloMassEqualZero
HaloMassEqualZero
HaloMassEqualZero
HaloMassEqualZero
HaloMassEqualZero
HaloMassEqualZero
2953 779.8642408378079 solMass / solMass
HaloMassEqualZero
HaloMassEqualZero
2959 30.21129779972052 solMass / solMass
HaloMassEqualZero
HaloMassEqualZero
2962 203.34262846631094 solMass / solMass
HaloMassEqualZero
2964 445.8917203165808 solMass / solMass
HaloMassEqualZero
HaloMassEqualZero
HaloMassEqualZero
HaloMassEqualZero
HaloMassEqualZero
HaloMassEqualZero
2976 459.10330183093987 solMass / solMass
2978 613.3881231191896 solMass / solMass
HaloMassEqualZero
HaloMassEqualZero
HaloMassEqualZero
2983 98.70178421928529 solMass / solMass
2984 752.1273322905771 solMass / solMass
HaloMassEqualZero
2986 490.5329016345553 solMass / solMass
2988 19.809963783831247 solMass / solMass
HaloMassEqualZero
HaloMassEqualZero
HaloMassEqualZero
HaloMassEqualZero
HaloMassEqualZero
2995 75.20330147147071 solMass / solMass
2996 473.2379375238803 solMass / solMass
HaloMassEqualZero
123AllDone123
