yt : [INFO     ] 2017-07-19 13:50:02,246 Parameters: current_time              = 289.00812193668
yt : [INFO     ] 2017-07-19 13:50:02,246 Parameters: domain_dimensions         = [128 128 128]
yt : [INFO     ] 2017-07-19 13:50:02,247 Parameters: domain_left_edge          = [ 0.  0.  0.]
yt : [INFO     ] 2017-07-19 13:50:02,247 Parameters: domain_right_edge         = [ 1.  1.  1.]
yt : [INFO     ] 2017-07-19 13:50:02,248 Parameters: cosmological_simulation   = 1
yt : [INFO     ] 2017-07-19 13:50:02,248 Parameters: current_redshift          = 2.9999999932267
yt : [INFO     ] 2017-07-19 13:50:02,248 Parameters: omega_lambda              = 0.712
yt : [INFO     ] 2017-07-19 13:50:02,248 Parameters: omega_matter              = 0.288
yt : [INFO     ] 2017-07-19 13:50:02,248 Parameters: hubble_constant           = 0.6933
Parsing Hierarchy :   0%|          | 0/20016 [00:00<?, ?it/s]Parsing Hierarchy :   7%|▋         | 1440/20016 [00:00<00:01, 14398.37it/s]Parsing Hierarchy :  17%|█▋        | 3424/20016 [00:00<00:01, 16028.48it/s]Parsing Hierarchy :  24%|██▎       | 4727/20016 [00:00<00:01, 15128.66it/s]Parsing Hierarchy :  34%|███▎      | 6733/20016 [00:00<00:00, 16606.12it/s]Parsing Hierarchy :  44%|████▎     | 8728/20016 [00:00<00:00, 17609.00it/s]Parsing Hierarchy :  54%|█████▎    | 10734/20016 [00:00<00:00, 18343.66it/s]Parsing Hierarchy :  64%|██████▎   | 12744/20016 [00:00<00:00, 18868.01it/s]Parsing Hierarchy :  73%|███████▎  | 14513/20016 [00:00<00:00, 17075.24it/s]Parsing Hierarchy :  83%|████████▎ | 16528/20016 [00:00<00:00, 17997.40it/s]Parsing Hierarchy :  93%|█████████▎| 18554/20016 [00:01<00:00, 18676.00it/s]Parsing Hierarchy : 100%|██████████| 20016/20016 [00:01<00:00, 18027.23it/s]
yt : [INFO     ] 2017-07-19 13:50:04,712 Gathering a field list (this may take a moment.)
yt : [WARNING  ] 2017-07-19 13:50:10,474 dm_only is deprecated.  Use ptype to specify a particle type, instead.
yt : [INFO     ] 2017-07-19 14:11:45,673 Initializing HOP
Calling hop... 42298103 1.600e+02
nSmooth = 65 kd->nActive = 42298103
Copying arrays for 42298103 particles
Building Tree...
Finding Densities...
Finding Densest Neighbors...
Grouping...
Merging Groups...
Writing Output...
Calling regroup...
No minimum group size specified.  Assuming 10 particles.
ngroups = 123910
yt : [INFO     ] 2017-07-19 15:17:53,448 Parsing outputs
yt : [INFO     ] 2017-07-19 16:18:02,303 Parameters: current_time              = 0.0
yt : [INFO     ] 2017-07-19 16:18:02,303 Parameters: domain_dimensions         = [2 2 2]
yt : [INFO     ] 2017-07-19 16:18:02,304 Parameters: domain_left_edge          = [ 0.  0.  0.]
yt : [INFO     ] 2017-07-19 16:18:02,305 Parameters: domain_right_edge         = [  3.33803287e+25   3.33803287e+25   3.33803287e+25]
yt : [INFO     ] 2017-07-19 16:18:02,305 Parameters: cosmological_simulation   = 0.0
yt : [INFO     ] 2017-07-19 16:18:02,306 Allocating for 6.595e+03 particles (index particle type 'all')
yt : [INFO     ] 2017-07-19 16:18:02,308 Identified 6.570e+02 octs
/home/ygovil/anaconda/anaconda3/lib/python3.6/site-packages/yt/units/yt_array.py:990: RuntimeWarning: divide by zero encountered in true_divide
  return super(YTArray, self).__truediv__(ro)
yt : [INFO     ] 2017-07-19 16:18:06,031 Saving halo catalog (6595 halos) to halo_catalogs/catalog/catalog.
yt : [INFO     ] 2017-07-19 16:18:06,097 Saving halo catalog (6595 halos) to halo_catalogs/catalog/catalog.
All Done!yt : [INFO     ] 2017-07-19 16:18:09,675 Parameters: current_time              = 6.86908765558e+16
yt : [INFO     ] 2017-07-19 16:18:09,675 Parameters: domain_dimensions         = [2 2 2]
yt : [INFO     ] 2017-07-19 16:18:09,676 Parameters: domain_left_edge          = [ 0.  0.  0.]
yt : [INFO     ] 2017-07-19 16:18:09,676 Parameters: domain_right_edge         = [  3.33803287e+25   3.33803287e+25   3.33803287e+25]
yt : [INFO     ] 2017-07-19 16:18:09,676 Parameters: cosmological_simulation   = 1
yt : [INFO     ] 2017-07-19 16:18:09,677 Parameters: current_redshift          = 2.99999999323
yt : [INFO     ] 2017-07-19 16:18:09,677 Parameters: omega_lambda              = 0.712
yt : [INFO     ] 2017-07-19 16:18:09,677 Parameters: omega_matter              = 0.288
yt : [INFO     ] 2017-07-19 16:18:09,677 Parameters: hubble_constant           = 0.6933
yt : [INFO     ] 2017-07-19 16:18:09,761 Parameters: current_time              = 289.00812193668
yt : [INFO     ] 2017-07-19 16:18:09,761 Parameters: domain_dimensions         = [128 128 128]
yt : [INFO     ] 2017-07-19 16:18:09,762 Parameters: domain_left_edge          = [ 0.  0.  0.]
yt : [INFO     ] 2017-07-19 16:18:09,762 Parameters: domain_right_edge         = [ 1.  1.  1.]
yt : [INFO     ] 2017-07-19 16:18:09,763 Parameters: cosmological_simulation   = 1
yt : [INFO     ] 2017-07-19 16:18:09,763 Parameters: current_redshift          = 2.9999999932267
yt : [INFO     ] 2017-07-19 16:18:09,763 Parameters: omega_lambda              = 0.712
yt : [INFO     ] 2017-07-19 16:18:09,763 Parameters: omega_matter              = 0.288
yt : [INFO     ] 2017-07-19 16:18:09,763 Parameters: hubble_constant           = 0.6933
yt : [INFO     ] 2017-07-19 16:18:09,766 Allocating for 6.595e+03 particles (index particle type 'all')
yt : [INFO     ] 2017-07-19 16:18:09,771 Identified 2.289e+03 octs
123AllDone123
