yt : [INFO     ] 2017-07-25 14:26:03,050 Parameters: current_time              = 2.442094332e+16
yt : [INFO     ] 2017-07-25 14:26:03,051 Parameters: domain_dimensions         = [2 2 2]
yt : [INFO     ] 2017-07-25 14:26:03,051 Parameters: domain_left_edge          = [ 0.  0.  0.]
yt : [INFO     ] 2017-07-25 14:26:03,052 Parameters: domain_right_edge         = [  1.66901647e+25   1.66901647e+25   1.66901647e+25]
yt : [INFO     ] 2017-07-25 14:26:03,052 Parameters: cosmological_simulation   = 1
yt : [INFO     ] 2017-07-25 14:26:03,052 Parameters: current_redshift          = 6.99999981444
yt : [INFO     ] 2017-07-25 14:26:03,052 Parameters: omega_lambda              = 0.712
yt : [INFO     ] 2017-07-25 14:26:03,052 Parameters: omega_matter              = 0.288
yt : [INFO     ] 2017-07-25 14:26:03,052 Parameters: hubble_constant           = 0.6933
yt : [INFO     ] 2017-07-25 14:26:03,172 Parameters: current_time              = 102.74801136229
yt : [INFO     ] 2017-07-25 14:26:03,172 Parameters: domain_dimensions         = [128 128 128]
yt : [INFO     ] 2017-07-25 14:26:03,173 Parameters: domain_left_edge          = [ 0.  0.  0.]
yt : [INFO     ] 2017-07-25 14:26:03,173 Parameters: domain_right_edge         = [ 1.  1.  1.]
yt : [INFO     ] 2017-07-25 14:26:03,174 Parameters: cosmological_simulation   = 1
yt : [INFO     ] 2017-07-25 14:26:03,174 Parameters: current_redshift          = 6.9999998144358
yt : [INFO     ] 2017-07-25 14:26:03,174 Parameters: omega_lambda              = 0.712
yt : [INFO     ] 2017-07-25 14:26:03,174 Parameters: omega_matter              = 0.288
yt : [INFO     ] 2017-07-25 14:26:03,174 Parameters: hubble_constant           = 0.6933
yt : [INFO     ] 2017-07-25 14:26:03,177 Allocating for 3.540e+03 particles (index particle type 'all')
yt : [INFO     ] 2017-07-25 14:26:03,182 Identified 1.305e+03 octs
TimeNow:  0.7736676705124972 Gyr
IsSatellite
IsSatellite
IsSatellite
Parsing Hierarchy :   0%|          | 0/17983 [00:00<?, ?it/s]Parsing Hierarchy :   9%|▉         | 1652/17983 [00:00<00:00, 16510.61it/s]Parsing Hierarchy :  21%|██        | 3768/17983 [00:00<00:00, 17902.24it/s]Parsing Hierarchy :  32%|███▏      | 5839/17983 [00:00<00:00, 18742.63it/s]Parsing Hierarchy :  44%|████▍     | 7926/17983 [00:00<00:00, 19380.19it/s]Parsing Hierarchy :  53%|█████▎    | 9468/17983 [00:00<00:00, 17014.13it/s]Parsing Hierarchy :  64%|██████▍   | 11528/17983 [00:00<00:00, 18088.50it/s]Parsing Hierarchy :  76%|███████▌  | 13618/17983 [00:00<00:00, 18930.65it/s]Parsing Hierarchy :  87%|████████▋ | 15686/17983 [00:00<00:00, 19455.11it/s]Parsing Hierarchy :  98%|█████████▊| 17537/17983 [00:00<00:00, 17035.92it/s]Parsing Hierarchy : 100%|██████████| 17983/17983 [00:01<00:00, 17653.25it/s]
yt : [INFO     ] 2017-07-25 14:26:07,677 Gathering a field list (this may take a moment.)
7 4393097844252702.0 s
IsSatellite
10 5091050005245399.0 s
IsSatellite
IsSatellite
22 2555492911935495.0 s
23 4030104335556911.0 s
IsSatellite
25 2220668330695501.0 s
26 2954954489908917.0 s
27 2982144472255590.0 s
IsSatellite
30 3198265245385102.5 s
32 3776703538781696.0 s
IsSatellite
IsSatellite
40 2999543200861868.0 s
42 2993848200231411.0 s
IsSatellite
47 3787187203573694.0 s
48 3458573812184426.0 s
49 2558677085029253.5 s
51 5021432836795021.0 s
53 3543245118527581.5 s
54 2648362465773513.0 s
55 3207826363092968.5 s
57 2276685613239266.0 s
61 1121472449194628.0 s
67 4216896001993262.5 s
68 3740679975590727.5 s
70 4054333811050300.5 s
72 4685699597279185.0 s
73 3391312737126634.5 s
75 2510873955912185.5 s
78 7085741737502756.0 s
80 3542929996201442.5 s
82 4162956387074504.5 s
84 3496784867524942.0 s
85 2801032714460851.5 s
86 6287896183143887.0 s
87 5259257819798200.0 s
88 2650137832892344.5 s
89 4178250520366940.0 s
90 529227905838900.56 s
92 1889377707011134.5 s
93 3554798662349209.0 s
94 3695105855888212.0 s
95 3191184108744088.0 s
99 3410123803451884.5 s
100 1709455122794604.2 s
102 2777830797003334.5 s
103 7711185197041739.0 s
104 1807034257877732.2 s
105 4745215113602763.0 s
106 6045051445461239.0 s
108 5313093026205559.0 s
109 5168900144123899.0 s
110 4510529057065625.0 s
112 2279469657356833.5 s
113 4080565362929688.5 s
115 2178939766619315.2 s
117 3892493365491615.5 s
118 3257569846942629.5 s
119 3694439207822646.5 s
122 2090871334737620.5 s
123 3449968508890646.5 s
124 3841811082204416.0 s
127 1828399731320505.5 s
128 3909175660506735.5 s
129 1887209889349273.5 s
130 2486038752765898.0 s
134 3581762425322597.5 s
137 1912967446316368.2 s
138 2176932358052133.5 s
140 7035867854101768.0 s
141 2135263958247679.5 s
142 2046777345517720.0 s
147 4945268186209601.0 s
149 1.0569167286773504e+16 s
151 4098373769222268.5 s
152 3568725161851838.0 s
153 3509800452395870.5 s
154 1.0950598321799234e+16 s
IsSatellite
156 1861712456644079.5 s
158 2724280906081099.5 s
159 2488786857243142.0 s
160 3394427610422620.5 s
162 1186440913973687.5 s
163 3132938517143432.5 s
166 1213776549019716.5 s
167 3835367321047027.5 s
170 1204412347021806.5 s
171 166089632209688.47 s
172 783468460200118.9 s
173 2223694638018361.0 s
174 1933506844081209.5 s
175 0.0 s
176 2128010707849013.8 s
177 1879311218102088.8 s
179 4978781190164153.0 s
181 1262347909466395.2 s
182 4595477193138555.0 s
184 2277253821636594.0 s
186 1574635566284879.5 s
187 1166320964541002.2 s
188 3376018086353509.0 s
189 3739923285874524.0 s
191 8350723760068751.0 s
192 1763998765962386.0 s
193 2562466412127083.0 s
194 6288210613353699.0 s
195 8824449730888585.0 s
198 3010953142605499.5 s
199 1994405105777561.8 s
200 1.2211157643077002e+16 s
203 4495664110374018.0 s
205 1048587074758886.0 s
208 1.0001108712269198e+16 s
209 6111910665942719.0 s
211 1649997779535918.0 s
212 1083101330161760.0 s
213 0.0 s
214 3646287747025102.0 s
216 964150812968795.2 s
218 2411477318255039.0 s
219 1505614002971861.5 s
223 0.0 s
225 5489339510714931.0 s
226 5333178294881897.0 s
232 0.0 s
233 1132155776523455.5 s
234 3096846009965169.0 s
235 1810890761354764.8 s
236 3810700970430789.0 s
237 0.0 s
238 9255068303120982.0 s
240 2221065229668904.2 s
242 0.0 s
243 3337215611298859.5 s
244 5145004328434588.0 s
247 1357310625672400.5 s
248 0.0 s
252 1932609406260476.5 s
253 9002167973123623.0 s
257 2586247992705912.5 s
258 8932594805007923.0 s
260 1.0782505002171122e+16 s
261 0.0 s
263 2860642266038073.5 s
265 1232334548389827.5 s
267 2299200080612304.0 s
268 1213277359484628.8 s
269 1596689025727601.5 s
271 0.0 s
272 1038417341335515.9 s
