yt : [INFO     ] 2017-07-23 22:17:43,841 Parameters: current_time              = 2.442094332e+16
yt : [INFO     ] 2017-07-23 22:17:43,842 Parameters: domain_dimensions         = [2 2 2]
yt : [INFO     ] 2017-07-23 22:17:43,842 Parameters: domain_left_edge          = [ 0.  0.  0.]
yt : [INFO     ] 2017-07-23 22:17:43,843 Parameters: domain_right_edge         = [  1.66901647e+25   1.66901647e+25   1.66901647e+25]
yt : [INFO     ] 2017-07-23 22:17:43,843 Parameters: cosmological_simulation   = 1
yt : [INFO     ] 2017-07-23 22:17:43,843 Parameters: current_redshift          = 6.99999981444
yt : [INFO     ] 2017-07-23 22:17:43,843 Parameters: omega_lambda              = 0.712
yt : [INFO     ] 2017-07-23 22:17:43,843 Parameters: omega_matter              = 0.288
yt : [INFO     ] 2017-07-23 22:17:43,843 Parameters: hubble_constant           = 0.6933
yt : [INFO     ] 2017-07-23 22:17:43,957 Parameters: current_time              = 102.74801136229
yt : [INFO     ] 2017-07-23 22:17:43,957 Parameters: domain_dimensions         = [128 128 128]
yt : [INFO     ] 2017-07-23 22:17:43,957 Parameters: domain_left_edge          = [ 0.  0.  0.]
yt : [INFO     ] 2017-07-23 22:17:43,958 Parameters: domain_right_edge         = [ 1.  1.  1.]
yt : [INFO     ] 2017-07-23 22:17:43,958 Parameters: cosmological_simulation   = 1
yt : [INFO     ] 2017-07-23 22:17:43,958 Parameters: current_redshift          = 6.9999998144358
yt : [INFO     ] 2017-07-23 22:17:43,958 Parameters: omega_lambda              = 0.712
yt : [INFO     ] 2017-07-23 22:17:43,959 Parameters: omega_matter              = 0.288
yt : [INFO     ] 2017-07-23 22:17:43,959 Parameters: hubble_constant           = 0.6933
yt : [INFO     ] 2017-07-23 22:17:43,962 Allocating for 3.540e+03 particles (index particle type 'all')
yt : [INFO     ] 2017-07-23 22:17:43,966 Identified 1.305e+03 octs
[2, 3539, <Quantity 2712.1749080182626 kpc>, <Quantity 2766.5081011761185 kpc>, <Quantity 2731.461646496037 kpc>, <Quantity 30534947506.472103 solMass>, <Quantity 22086688381.885544 solMass>, <Quantity 12.264013586685387 kpc>, <Quantity 13.145125224503714 kpc>, 605, 0, 0, 0, 0, 0]
[3, 3538, <Quantity 2745.4640727004958 kpc>, <Quantity 2750.042282642379 kpc>, <Quantity 2722.4854211793236 kpc>, <Quantity 18238996443.60614 solMass>, <Quantity 13368450166.259897 solMass>, <Quantity 10.32841968223886 kpc>, <Quantity 11.408867380015888 kpc>, 641, 0, 0, 0, 0, 0]
[6, 3537, <Quantity 2578.4774910358165 kpc>, <Quantity 2564.3224860718747 kpc>, <Quantity 2529.993234468345 kpc>, <Quantity 11858790459.252502 solMass>, <Quantity 9852909327.774824 solMass>, <Quantity 8.947746993841978 kpc>, <Quantity 11.67435157335926 kpc>, 1851, 0, 0, 0, 0, 0]
[7, 3536, <Quantity 2866.9580374318134 kpc>, <Quantity 2611.632657045361 kpc>, <Quantity 3116.9756732293426 kpc>, <Quantity 11322473726.94295 solMass>, <Quantity 9305879050.795027 solMass>, <Quantity 8.810772837948246 kpc>, <Quantity 11.586893604274307 kpc>, -1, 0, 0, 0, 0, 0]
[8, 3535, <Quantity 2874.399626383026 kpc>, <Quantity 2685.0549602649344 kpc>, <Quantity 2684.155786678319 kpc>, <Quantity 11499114329.642673 solMass>, <Quantity 8796125629.16478 solMass>, <Quantity 8.85635522743461 kpc>, <Quantity 14.741447638320244 kpc>, 2891, 0, 0, 0, 0, 0]
[10, 3534, <Quantity 2598.7528628531913 kpc>, <Quantity 2542.8947847451136 kpc>, <Quantity 2525.865977390436 kpc>, <Quantity 8558943409.516756 solMass>, <Quantity 7090179130.867242 solMass>, <Quantity 8.026144025845133 kpc>, <Quantity 9.975735928469494 kpc>, -1, 0, 0, 0, 0, 0]
[12, 3533, <Quantity 2668.628920667868 kpc>, <Quantity 2541.647573185223 kpc>, <Quantity 2538.1858366262654 kpc>, <Quantity 7706477534.435364 solMass>, <Quantity 6456472588.345067 solMass>, <Quantity 7.750306348241724 kpc>, <Quantity 8.677002079541893 kpc>, 1301, 0, 0, 0, 0, 0]
[14, 3530, <Quantity 2779.8682118601428 kpc>, <Quantity 2733.9389937739406 kpc>, <Quantity 2715.333805840528 kpc>, <Quantity 6881956128.822881 solMass>, <Quantity 5801248511.310328 solMass>, <Quantity 7.463413956349064 kpc>, <Quantity 12.51978880492247 kpc>, 2219, 0, 0, 0, 0, 0]
[22, 3525, <Quantity 2614.710979208828 kpc>, <Quantity 2424.2499666509148 kpc>, <Quantity 2366.075285007426 kpc>, <Quantity 3727612924.832049 solMass>, <Quantity 3462201598.2561326 solMass>, <Quantity 6.083831353408039 kpc>, <Quantity 6.944413358559839 kpc>, -1, 0, 0, 0, 0, 0]
[23, 3523, <Quantity 2579.621693141996 kpc>, <Quantity 2552.207848033302 kpc>, <Quantity 2520.634454134581 kpc>, <Quantity 4127362106.236512 solMass>, <Quantity 3304911452.1083364 solMass>, <Quantity 6.293966416347545 kpc>, <Quantity 10.196183976103699 kpc>, -1, 0, 0, 0, 0, 0]
[24, 3522, <Quantity 2534.029495425461 kpc>, <Quantity 2539.1159285539293 kpc>, <Quantity 2496.4805228155788 kpc>, <Quantity 3299237212.108931 solMass>, <Quantity 3057005210.2218456 solMass>, <Quantity 5.8412358827344075 kpc>, <Quantity 7.356068318470827 kpc>, 2582, 0, 0, 0, 0, 0]
[25, 3521, <Quantity 2497.0183061195726 kpc>, <Quantity 2763.1501211193686 kpc>, <Quantity 2153.6259168146685 kpc>, <Quantity 2881210275.2430077 solMass>, <Quantity 2744849428.8593245 solMass>, <Quantity 5.583311804483197 kpc>, <Quantity 6.519034207332858 kpc>, -1, 0, 0, 0, 0, 0]
[26, 3520, <Quantity 2747.2290566691227 kpc>, <Quantity 2556.3227789225984 kpc>, <Quantity 2506.133443179564 kpc>, <Quantity 2354732449.964579 solMass>, <Quantity 2655748652.433243 solMass>, <Quantity 5.2201232050886395 kpc>, <Quantity 11.919242720724158 kpc>, -1, 0, 0, 0, 0, 0]
[27, 3519, <Quantity 2769.227662375326 kpc>, <Quantity 2555.2270359901872 kpc>, <Quantity 2500.302470823746 kpc>, <Quantity 2830889231.206838 solMass>, <Quantity 2629079032.2737494 solMass>, <Quantity 5.550616076257482 kpc>, <Quantity 7.108015996589637 kpc>, -1, 0, 0, 0, 0, 0]
[29, 3518, <Quantity 2840.086203709982 kpc>, <Quantity 2892.3868629400918 kpc>, <Quantity 2597.7406329536634 kpc>, <Quantity 2356766817.017065 solMass>, <Quantity 2451483607.1214876 solMass>, <Quantity 5.221626077860221 kpc>, <Quantity 8.04585566154945 kpc>, 2315, 0, 0, 0, 0, 0]
[30, 3517, <Quantity 2658.0795821837755 kpc>, <Quantity 2952.592468934851 kpc>, <Quantity 2640.6513003520536 kpc>, <Quantity 2627784980.6417365 solMass>, <Quantity 2425117050.8706484 solMass>, <Quantity 5.4145641786283125 kpc>, <Quantity 9.455050876548958 kpc>, -1, 0, 0, 0, 0, 0]
[32, 3516, <Quantity 2832.6986717686204 kpc>, <Quantity 2594.751651698687 kpc>, <Quantity 3094.7199107978695 kpc>, <Quantity 2486182230.9581075 solMass>, <Quantity 2399962750.056043 solMass>, <Quantity 5.315505230019686 kpc>, <Quantity 5.553297380995357 kpc>, -1, 0, 0, 0, 0, 0]
[35, 3515, <Quantity 2876.25963019301 kpc>, <Quantity 2500.676904023072 kpc>, <Quantity 2643.09364973276 kpc>, <Quantity 2065694671.6319792 solMass>, <Quantity 1947488399.005466 solMass>, <Quantity 4.997148706596776 kpc>, <Quantity 6.814021094772096 kpc>, 1398, 0, 0, 0, 0, 0]
[39, 3514, <Quantity 2714.727670628164 kpc>, <Quantity 2741.4941412287353 kpc>, <Quantity 2762.2360859593864 kpc>, <Quantity 1996171034.650181 solMass>, <Quantity 1858084558.7043197 solMass>, <Quantity 4.940445888111156 kpc>, <Quantity 6.424953706137764 kpc>, 2550, 0, 0, 0, 0, 0]
[40, 3513, <Quantity 2821.0549566745594 kpc>, <Quantity 2487.347169911183 kpc>, <Quantity 2659.361943750916 kpc>, <Quantity 1039603899.2064639 solMass>, <Quantity 1851720217.5434654 solMass>, <Quantity 3.974869398023928 kpc>, <Quantity 10.11350022741388 kpc>, -1, 0, 0, 0, 0, 0]
[42, 3512, <Quantity 2680.3274561968674 kpc>, <Quantity 2919.941318317928 kpc>, <Quantity 2677.480775493508 kpc>, <Quantity 2097022239.0335073 solMass>, <Quantity 1824747533.527732 solMass>, <Quantity 5.022283710061383 kpc>, <Quantity 7.733901566165781 kpc>, -1, 0, 0, 0, 0, 0]
[44, 3511, <Quantity 2637.875222643782 kpc>, <Quantity 2793.7034867565776 kpc>, <Quantity 2744.8320487735486 kpc>, <Quantity 1917801029.1966822 solMass>, <Quantity 1784136975.517242 solMass>, <Quantity 4.874926582655501 kpc>, <Quantity 6.938729092791546 kpc>, 1327, 0, 0, 0, 0, 0]
[47, 3510, <Quantity 2558.6220945362675 kpc>, <Quantity 2334.113780295665 kpc>, <Quantity 2315.201853206907 kpc>, <Quantity 1664940100.8110795 solMass>, <Quantity 1704734242.834494 solMass>, <Quantity 4.65050128029529 kpc>, <Quantity 5.308034630806672 kpc>, -1, 0, 0, 0, 0, 0]
[48, 3509, <Quantity 2633.4490426814573 kpc>, <Quantity 2515.8631979853126 kpc>, <Quantity 2539.606098571351 kpc>, <Quantity 1710918547.1836596 solMass>, <Quantity 1686550410.9115112 solMass>, <Quantity 4.6929220634741045 kpc>, <Quantity 6.488254996064852 kpc>, -1, 0, 0, 0, 0, 0]
[49, 3508, <Quantity 2681.9504677767177 kpc>, <Quantity 2918.0234509474153 kpc>, <Quantity 2303.815676973102 kpc>, <Quantity 1612326401.3704958 solMass>, <Quantity 1669578834.4427643 solMass>, <Quantity 4.600989253641202 kpc>, <Quantity 7.412896219801662 kpc>, -1, 0, 0, 0, 0, 0]
[51, 3507, <Quantity 2621.4895322952957 kpc>, <Quantity 2825.3413725028054 kpc>, <Quantity 2808.22518622992 kpc>, <Quantity 1706541068.5943956 solMass>, <Quantity 1646242916.76495 solMass>, <Quantity 4.688916279348228 kpc>, <Quantity 7.252527732117636 kpc>, -1, 0, 0, 0, 0, 0]
[53, 3506, <Quantity 2609.554177558245 kpc>, <Quantity 2655.182819392262 kpc>, <Quantity 2612.102394731249 kpc>, <Quantity 1684673418.7667804 solMass>, <Quantity 1601995592.4702492 solMass>, <Quantity 4.668802164670299 kpc>, <Quantity 5.400060028645268 kpc>, -1, 0, 0, 0, 0, 0]
[54, 3504, <Quantity 2571.273497195017 kpc>, <Quantity 3005.127492576427 kpc>, <Quantity 2646.9584519827154 kpc>, <Quantity 1512289576.1473048 solMass>, <Quantity 1592297548.7676933 solMass>, <Quantity 4.503794331392363 kpc>, <Quantity 5.8581105505329 kpc>, -1, 0, 0, 0, 0, 0]
[55, 3503, <Quantity 2713.7156968962054 kpc>, <Quantity 2820.7841053690213 kpc>, <Quantity 2743.440590967934 kpc>, <Quantity 1626808124.033274 solMass>, <Quantity 1581084185.7398922 solMass>, <Quantity 4.614723394050797 kpc>, <Quantity 14.66014393872481 kpc>, -1, 0, 0, 0, 0, 0]
[57, 3501, <Quantity 2594.3200627327396 kpc>, <Quantity 2399.735263144455 kpc>, <Quantity 2352.2917958832536 kpc>, <Quantity 1734013754.8138943 solMass>, <Quantity 1526229626.1208818 solMass>, <Quantity 4.713943900459871 kpc>, <Quantity 5.8334168911509305 kpc>, -1, 0, 0, 0, 0, 0]
[61, 3498, <Quantity 2648.810180200356 kpc>, <Quantity 2498.8483717290965 kpc>, <Quantity 2511.417272778256 kpc>, <Quantity 1397281778.050332 solMass>, <Quantity 1311054281.69386 solMass>, <Quantity 4.386601965589002 kpc>, <Quantity 6.061626892818419 kpc>, -1, 0, 0, 0, 0, 0]
[67, 3495, <Quantity 2608.349185272984 kpc>, <Quantity 2546.152253421968 kpc>, <Quantity 2533.947356292115 kpc>, <Quantity 1294572584.789848 solMass>, <Quantity 1210134014.5167167 solMass>, <Quantity 4.276374182822078 kpc>, <Quantity 6.464237158752119 kpc>, -1, 0, 0, 0, 0, 0]
[68, 3493, <Quantity 2614.6433390954353 kpc>, <Quantity 2416.30787892515 kpc>, <Quantity 2360.8463858178543 kpc>, <Quantity 1091593529.8869686 solMass>, <Quantity 1150430433.0340111 solMass>, <Quantity 4.040054415725737 kpc>, <Quantity 6.548959650401899 kpc>, -1, 0, 0, 0, 0, 0]
[70, 3491, <Quantity 2926.9698605058716 kpc>, <Quantity 2835.0658620494955 kpc>, <Quantity 3196.6761041990853 kpc>, <Quantity 1003016855.0895587 solMass>, <Quantity 1129215962.4494107 solMass>, <Quantity 3.927681900855233 kpc>, <Quantity 5.1892641680107285 kpc>, -1, 0, 0, 0, 0, 0]
[72, 3490, <Quantity 2683.072674205254 kpc>, <Quantity 2546.55724072385 kpc>, <Quantity 2536.6457638658685 kpc>, <Quantity 1217517205.842905 solMass>, <Quantity 1120124046.4940662 solMass>, <Quantity 4.189786883716093 kpc>, <Quantity 5.978951971814631 kpc>, -1, 0, 0, 0, 0, 0]
[73, 3489, <Quantity 2733.4727281265186 kpc>, <Quantity 2958.1326445460254 kpc>, <Quantity 2212.292513024592 kpc>, <Quantity 922645361.2609657 solMass>, <Quantity 1114971960.7592256 solMass>, <Quantity 3.81983993333229 kpc>, <Quantity 4.682315152912664 kpc>, -1, 0, 0, 0, 0, 0]
[75, 3487, <Quantity 2660.994448822053 kpc>, <Quantity 2969.4514736562223 kpc>, <Quantity 2196.489467619294 kpc>, <Quantity 964472481.8030058 solMass>, <Quantity 1104364725.4922597 solMass>, <Quantity 3.8767117513122678 kpc>, <Quantity 4.649989351479536 kpc>, -1, 0, 0, 0, 0, 0]
[78, 3486, <Quantity 2704.6538125712964 kpc>, <Quantity 2935.2212633548193 kpc>, <Quantity 3086.7041695930097 kpc>, <Quantity 1014170558.68821 solMass>, <Quantity 1084665574.232802 solMass>, <Quantity 3.94218707780433 kpc>, <Quantity 4.52209239205355 kpc>, -1, 0, 0, 0, 0, 0]
[80, 3484, <Quantity 2507.999066888793 kpc>, <Quantity 2520.503438418468 kpc>, <Quantity 2483.3767680461997 kpc>, <Quantity 1249826834.3362062 solMass>, <Quantity 1034963100.318972 solMass>, <Quantity 4.226525679924144 kpc>, <Quantity 5.863985669523437 kpc>, -1, 0, 0, 0, 0, 0]
[82, 3483, <Quantity 2619.5449564734254 kpc>, <Quantity 2535.334508074382 kpc>, <Quantity 2556.740347856142 kpc>, <Quantity 1211621707.3723526 solMass>, <Quantity 1023749737.3004487 solMass>, <Quantity 4.18301330144416 kpc>, <Quantity 5.4088021065743614 kpc>, -1, 0, 0, 0, 0, 0]
[84, 3482, <Quantity 2800.5304510522733 kpc>, <Quantity 2568.679322321222 kpc>, <Quantity 2501.099394075816 kpc>, <Quantity 887388751.6986064 solMass>, <Quantity 983442243.1944972 solMass>, <Quantity 3.770551441336143 kpc>, <Quantity 4.885567551568258 kpc>, -1, 0, 0, 0, 0, 0]
[85, 3481, <Quantity 2823.5592626119346 kpc>, <Quantity 2741.701510865146 kpc>, <Quantity 3197.6220768620037 kpc>, <Quantity 970019243.7613312 solMass>, <Quantity 977077902.0189354 solMass>, <Quantity 3.8841293143309383 kpc>, <Quantity 4.478566436681716 kpc>, -1, 0, 0, 0, 0, 0]
[86, 3480, <Quantity 2626.587803846267 kpc>, <Quantity 2509.8864246510116 kpc>, <Quantity 2556.0657126943515 kpc>, <Quantity 1183638854.9250295 solMass>, <Quantity 963136964.2196417 solMass>, <Quantity 4.1505594116909394 kpc>, <Quantity 4.677047978440232 kpc>, -1, 0, 0, 0, 0, 0]
[87, 3479, <Quantity 2627.323177849803 kpc>, <Quantity 2546.153501591165 kpc>, <Quantity 2533.724055810729 kpc>, <Quantity 839165489.8725072 solMass>, <Quantity 949802154.1430938 solMass>, <Quantity 3.7009745805158505 kpc>, <Quantity 5.834220140422913 kpc>, -1, 0, 0, 0, 0, 0]
[88, 3478, <Quantity 2679.5303026001875 kpc>, <Quantity 2972.763285536916 kpc>, <Quantity 2210.1175511138704 kpc>, <Quantity 840410194.3488942 solMass>, <Quantity 941013302.0438493 solMass>, <Quantity 3.7028035180917116 kpc>, <Quantity 5.863971746114309 kpc>, -1, 0, 0, 0, 0, 0]
[89, 3476, <Quantity 2650.7561086179126 kpc>, <Quantity 2791.5540843975173 kpc>, <Quantity 2955.703697885327 kpc>, <Quantity 706405962.201752 solMass>, <Quantity 916162065.0603797 solMass>, <Quantity 3.4944997663840303 kpc>, <Quantity 4.5646922941100145 kpc>, -1, 0, 0, 0, 0, 0]
[90, 3475, <Quantity 2483.0981411892735 kpc>, <Quantity 2730.313759926757 kpc>, <Quantity 2191.7723739896032 kpc>, <Quantity 1057712353.8422886 solMass>, <Quantity 911919170.9683427 solMass>, <Quantity 3.997815578743473 kpc>, <Quantity 5.373878498657513 kpc>, -1, 0, 0, 0, 0, 0]
[92, 3473, <Quantity 2451.268547659348 kpc>, <Quantity 2974.13073482463 kpc>, <Quantity 2472.5909724429166 kpc>, <Quantity 834315528.1436876 solMass>, <Quantity 911009979.3689601 solMass>, <Quantity 3.6938308658526258 kpc>, <Quantity 6.985551555304926 kpc>, -1, 0, 0, 0, 0, 0]
[93, 3472, <Quantity 2606.131978826174 kpc>, <Quantity 2443.652057379179 kpc>, <Quantity 2376.079376214192 kpc>, <Quantity 761444722.8169264 solMass>, <Quantity 904948702.065068 solMass>, <Quantity 3.5829962815603116 kpc>, <Quantity 5.528417131778772 kpc>, -1, 0, 0, 0, 0, 0]
[94, 3471, <Quantity 2823.444184906046 kpc>, <Quantity 2352.671408661481 kpc>, <Quantity 2843.0461133825293 kpc>, <Quantity 736882893.1923536 solMass>, <Quantity 889189381.0692455 solMass>, <Quantity 3.5440490332895425 kpc>, <Quantity 4.709881961146381 kpc>, -1, 0, 0, 0, 0, 0]
[95, 3470, <Quantity 2792.849256601884 kpc>, <Quantity 2622.1714510312613 kpc>, <Quantity 2611.2634055972603 kpc>, <Quantity 850862934.1560512 solMass>, <Quantity 888583253.3304797 solMass>, <Quantity 3.7180917179790987 kpc>, <Quantity 5.737270873148711 kpc>, -1, 0, 0, 0, 0, 0]
[99, 3469, <Quantity 2779.4074891558785 kpc>, <Quantity 2541.176969414882 kpc>, <Quantity 3128.4097171258077 kpc>, <Quantity 759776250.993371 solMass>, <Quantity 856458483.6076858 solMass>, <Quantity 3.5803773564682353 kpc>, <Quantity 7.654962934753118 kpc>, -1, 0, 0, 0, 0, 0]
[100, 3468, <Quantity 2789.257214809555 kpc>, <Quantity 2543.174646377849 kpc>, <Quantity 2501.0090305403837 kpc>, <Quantity 819362397.2846112 solMass>, <Quantity 856458483.5976722 solMass>, <Quantity 3.6716299752526953 kpc>, <Quantity 5.505140978116594 kpc>, -1, 0, 0, 0, 0, 0]
[102, 3467, <Quantity 2556.064203754724 kpc>, <Quantity 2464.328874240084 kpc>, <Quantity 2390.042427896678 kpc>, <Quantity 800813014.3086319 solMass>, <Quantity 840093034.8713677 solMass>, <Quantity 3.643711118824569 kpc>, <Quantity 4.75527565671341 kpc>, -1, 0, 0, 0, 0, 0]
[103, 3466, <Quantity 2887.955223435342 kpc>, <Quantity 2937.5610529643163 kpc>, <Quantity 2463.7446115579346 kpc>, <Quantity 653031461.092713 solMass>, <Quantity 836456268.4664439 solMass>, <Quantity 3.4041728107476237 kpc>, <Quantity 4.847806127050833 kpc>, -1, 0, 0, 0, 0, 0]
[104, 3465, <Quantity 2668.286337798583 kpc>, <Quantity 2965.456873495566 kpc>, <Quantity 2197.96773010708 kpc>, <Quantity 686452722.3961381 solMass>, <Quantity 827061288.6575208 solMass>, <Quantity 3.4612829864041212 kpc>, <Quantity 4.100623143979401 kpc>, -1, 0, 0, 0, 0, 0]
[105, 3464, <Quantity 2449.0142924832217 kpc>, <Quantity 2987.5572178047246 kpc>, <Quantity 2504.0392043365564 kpc>, <Quantity 723723381.2184284 solMass>, <Quantity 825849033.1941005 solMass>, <Quantity 3.522825231700493 kpc>, <Quantity 4.003762482000926 kpc>, -1, 0, 0, 0, 0, 0]
[106, 3463, <Quantity 2726.9418568985975 kpc>, <Quantity 2709.6712951122067 kpc>, <Quantity 2684.6959406756196 kpc>, <Quantity 834499067.359707 solMass>, <Quantity 823424522.2575265 solMass>, <Quantity 3.6941017118694797 kpc>, <Quantity 5.617808955895793 kpc>, -1, 0, 0, 0, 0, 0]
[108, 3462, <Quantity 2930.7411385441683 kpc>, <Quantity 3023.0464134946005 kpc>, <Quantity 3168.328724564226 kpc>, <Quantity 725922276.3002816 solMass>, <Quantity 820696947.4782362 solMass>, <Quantity 3.526389434659915 kpc>, <Quantity 5.514802912041906 kpc>, -1, 0, 0, 0, 0, 0]
[109, 3461, <Quantity 2822.411708889411 kpc>, <Quantity 3068.8919864093828 kpc>, <Quantity 3163.86119184285 kpc>, <Quantity 826193930.477445 solMass>, <Quantity 816150989.4993163 solMass>, <Quantity 3.6818059660719 kpc>, <Quantity 5.506834565231929 kpc>, -1, 0, 0, 0, 0, 0]
[110, 3460, <Quantity 2912.8843577895846 kpc>, <Quantity 2916.9095797645177 kpc>, <Quantity 2899.8090130988726 kpc>, <Quantity 638737673.5809631 solMass>, <Quantity 812514223.1129205 solMass>, <Quantity 3.379152105893049 kpc>, <Quantity 5.400949808051414 kpc>, -1, 0, 0, 0, 0, 0]
[112, 3459, <Quantity 2716.35205424669 kpc>, <Quantity 2734.7155569428637 kpc>, <Quantity 2775.045168362348 kpc>, <Quantity 769131244.0633548 solMass>, <Quantity 801906987.8216573 solMass>, <Quantity 3.5950123088671986 kpc>, <Quantity 4.303190424184897 kpc>, -1, 0, 0, 0, 0, 0]
[113, 3457, <Quantity 2918.174913782991 kpc>, <Quantity 2937.7439765956033 kpc>, <Quantity 2883.327118324659 kpc>, <Quantity 659326758.0374048 solMass>, <Quantity 790390560.9396404 solMass>, <Quantity 3.415076717111239 kpc>, <Quantity 5.189833546575385 kpc>, -1, 0, 0, 0, 0, 0]
[115, 3455, <Quantity 2777.1603931658065 kpc>, <Quantity 2529.1345510490055 kpc>, <Quantity 2510.144688106901 kpc>, <Quantity 720231310.1716746 solMass>, <Quantity 778268006.3269383 solMass>, <Quantity 3.517150045218063 kpc>, <Quantity 4.265178198369179 kpc>, -1, 0, 0, 0, 0, 0]
[117, 3453, <Quantity 2708.5739481396886 kpc>, <Quantity 2498.265435001589 kpc>, <Quantity 2613.475528600328 kpc>, <Quantity 539630070.4344329 solMass>, <Quantity 766751579.4413279 solMass>, <Quantity 3.194470960636102 kpc>, <Quantity 5.763954524171978 kpc>, -1, 0, 0, 0, 0, 0]
[118, 3452, <Quantity 2676.751014177591 kpc>, <Quantity 2770.997567725704 kpc>, <Quantity 2749.040365024081 kpc>, <Quantity 963330411.4984791 solMass>, <Quantity 764024004.6510028 solMass>, <Quantity 3.8751809572983884 kpc>, <Quantity 5.414218287112763 kpc>, -1, 0, 0, 0, 0, 0]
[119, 3451, <Quantity 2541.3982321441017 kpc>, <Quantity 2887.4984682402473 kpc>, <Quantity 2587.2736399720247 kpc>, <Quantity 595186814.7896506 solMass>, <Quantity 763417876.9258645 solMass>, <Quantity 3.3005374454772904 kpc>, <Quantity 4.450263026474653 kpc>, -1, 0, 0, 0, 0, 0]
[122, 3449, <Quantity 2732.956359693327 kpc>, <Quantity 2961.208594039961 kpc>, <Quantity 2156.5750247275114 kpc>, <Quantity 597253290.5301702 solMass>, <Quantity 724625702.1404611 solMass>, <Quantity 3.304352831427071 kpc>, <Quantity 5.24467934161687 kpc>, -1, 0, 0, 0, 0, 0]
[123, 3448, <Quantity 2618.7048421194795 kpc>, <Quantity 2530.6271782118765 kpc>, <Quantity 2551.7791014908344 kpc>, <Quantity 577803967.7681323 solMass>, <Quantity 717655233.25274 solMass>, <Quantity 3.2680879602455613 kpc>, <Quantity 4.904028714252454 kpc>, -1, 0, 0, 0, 0, 0]
[124, 3447, <Quantity 2481.3832041295504 kpc>, <Quantity 2555.1321022165744 kpc>, <Quantity 2465.943461902469 kpc>, <Quantity 554931206.482752 solMass>, <Quantity 715533786.1934214 solMass>, <Quantity 3.2243829281682137 kpc>, <Quantity 7.441368452818927 kpc>, -1, 0, 0, 0, 0, 0]
[127, 3444, <Quantity 2454.5614129110363 kpc>, <Quantity 2672.917618989059 kpc>, <Quantity 2464.5436053890016 kpc>, <Quantity 610083803.8397225 solMass>, <Quantity 690379485.3659537 solMass>, <Quantity 3.327847341406283 kpc>, <Quantity 4.534598190173371 kpc>, -1, 0, 0, 0, 0, 0]
[128, 3443, <Quantity 2807.666753679947 kpc>, <Quantity 2769.322980607242 kpc>, <Quantity 2568.8393134181915 kpc>, <Quantity 633279962.8387483 solMass>, <Quantity 685227399.6434138 solMass>, <Quantity 3.3695001451713367 kpc>, <Quantity 3.6631902420433176 kpc>, -1, 0, 0, 0, 0, 0]
[129, 3442, <Quantity 2710.5811048896135 kpc>, <Quantity 2852.5117567696475 kpc>, <Quantity 2498.375744469667 kpc>, <Quantity 594785421.8940464 solMass>, <Quantity 680378377.7965237 solMass>, <Quantity 3.2997953198241983 kpc>, <Quantity 5.235472734083665 kpc>, -1, 0, 0, 0, 0, 0]
[130, 3441, <Quantity 2485.0660736389254 kpc>, <Quantity 2841.1160504841037 kpc>, <Quantity 2486.3548043825876 kpc>, <Quantity 515362490.9956115 solMass>, <Quantity 664315992.9401833 solMass>, <Quantity 3.145848709246497 kpc>, <Quantity 3.447059235178758 kpc>, -1, 0, 0, 0, 0, 0]
[134, 3440, <Quantity 2681.1041068342515 kpc>, <Quantity 2482.6750960063055 kpc>, <Quantity 2499.694857667772 kpc>, <Quantity 484059507.1472827 solMass>, <Quantity 653708757.654858 solMass>, <Quantity 3.080821112779765 kpc>, <Quantity 4.423136614514067 kpc>, -1, 0, 0, 0, 0, 0]
[137, 3439, <Quantity 2524.3433635889955 kpc>, <Quantity 2910.797808306264 kpc>, <Quantity 2639.5676792141776 kpc>, <Quantity 500641871.33583 solMass>, <Quantity 642495394.630757 solMass>, <Quantity 3.115606635550056 kpc>, <Quantity 4.48403879731215 kpc>, -1, 0, 0, 0, 0, 0]
[138, 3438, <Quantity 2537.6715889948223 kpc>, <Quantity 2353.9640483975845 kpc>, <Quantity 2344.3316926006464 kpc>, <Quantity 431490269.92036796 solMass>, <Quantity 631888159.3467567 solMass>, <Quantity 2.9649945495635546 kpc>, <Quantity 3.633083666870261 kpc>, -1, 0, 0, 0, 0, 0]
[140, 3437, <Quantity 2605.1979054112935 kpc>, <Quantity 2551.3722859398695 kpc>, <Quantity 2569.067938750998 kpc>, <Quantity 529662122.6933011 solMass>, <Quantity 609461433.307061 solMass>, <Quantity 3.1746793661658463 kpc>, <Quantity 3.7171832223180767 kpc>, -1, 0, 0, 0, 0, 0]
[141, 3436, <Quantity 2793.726014056096 kpc>, <Quantity 2728.0906995412747 kpc>, <Quantity 2713.460600363986 kpc>, <Quantity 457509308.6027529 solMass>, <Quantity 606430794.6462097 solMass>, <Quantity 3.023432023129965 kpc>, <Quantity 6.432319820723635 kpc>, -1, 0, 0, 0, 0, 0]
[142, 3435, <Quantity 2934.980389667016 kpc>, <Quantity 2613.1293038075114 kpc>, <Quantity 2588.123830507068 kpc>, <Quantity 545140309.3575999 solMass>, <Quantity 605521603.0534465 solMass>, <Quantity 3.2053072251962647 kpc>, <Quantity 5.029412497979113 kpc>, -1, 0, 0, 0, 0, 0]
[147, 3431, <Quantity 2622.828630051221 kpc>, <Quantity 2416.4302173181045 kpc>, <Quantity 2358.844731684944 kpc>, <Quantity 452889685.4256761 solMass>, <Quantity 581882621.5554612 solMass>, <Quantity 3.013221380354985 kpc>, <Quantity 3.818459123480144 kpc>, -1, 0, 0, 0, 0, 0]
[149, 3430, <Quantity 2760.0825660430187 kpc>, <Quantity 2751.922823852202 kpc>, <Quantity 2725.3743657911327 kpc>, <Quantity 539486275.1668121 solMass>, <Quantity 572790705.5898415 solMass>, <Quantity 3.1941871917859856 kpc>, <Quantity 3.1472032813397326 kpc>, -1, 0, 0, 0, 0, 0]
[151, 3428, <Quantity 2907.6289213491946 kpc>, <Quantity 2846.961407862313 kpc>, <Quantity 3038.0181671289033 kpc>, <Quantity 494662362.5492355 solMass>, <Quantity 569457003.0695137 solMass>, <Quantity 3.103152980954384 kpc>, <Quantity 4.338335025161133 kpc>, -1, 0, 0, 0, 0, 0]
[152, 3427, <Quantity 2699.2153666129957 kpc>, <Quantity 2913.5495512661223 kpc>, <Quantity 3079.8914864058556 kpc>, <Quantity 489373022.44073784 solMass>, <Quantity 568850875.3253479 solMass>, <Quantity 3.0920528275830046 kpc>, <Quantity 3.4635190092094095 kpc>, -1, 0, 0, 0, 0, 0]
[153, 3426, <Quantity 2637.643991062345 kpc>, <Quantity 2508.7547703215473 kpc>, <Quantity 2544.567432173144 kpc>, <Quantity 646689607.1342812 solMass>, <Quantity 567941683.7477542 solMass>, <Quantity 3.3931171759240675 kpc>, <Quantity 4.7142067356110005 kpc>, -1, 0, 0, 0, 0, 0]
[154, 3425, <Quantity 2864.407224165195 kpc>, <Quantity 2572.2953964901626 kpc>, <Quantity 3155.689625358489 kpc>, <Quantity 659398817.965951 solMass>, <Quantity 564911045.0931293 solMass>, <Quantity 3.415201127461864 kpc>, <Quantity 4.693400410325172 kpc>, -1, 0, 0, 0, 0, 0]
[155, 3424, <Quantity 2612.008660757211 kpc>, <Quantity 3040.4354754162073 kpc>, <Quantity 2937.6949305088824 kpc>, <Quantity 420937012.1485718 solMass>, <Quantity 564304917.3488655 solMass>, <Quantity 2.940622449494874 kpc>, <Quantity 4.89118655889499 kpc>, 2565, 0, 0, 0, 0, 0]
[156, 3423, <Quantity 2713.382608084051 kpc>, <Quantity 2794.2916132366513 kpc>, <Quantity 2733.988425706063 kpc>, <Quantity 442788602.87694836 solMass>, <Quantity 562486534.1624372 solMass>, <Quantity 2.990650815680906 kpc>, <Quantity 6.251728068889779 kpc>, -1, 0, 0, 0, 0, 0]
[158, 3421, <Quantity 2889.6921864537585 kpc>, <Quantity 2612.556761719775 kpc>, <Quantity 2705.293825670373 kpc>, <Quantity 367792006.0780476 solMass>, <Quantity 557334448.4613291 solMass>, <Quantity 2.811259864097847 kpc>, <Quantity 3.7876946097696225 kpc>, -1, 0, 0, 0, 0, 0]
[159, 3420, <Quantity 2503.4883544268178 kpc>, <Quantity 2767.4795788561855 kpc>, <Quantity 2145.082487413797 kpc>, <Quantity 391501883.3615117 solMass>, <Quantity 554909937.5344009 solMass>, <Quantity 2.8704160447508675 kpc>, <Quantity 4.43437746507593 kpc>, -1, 0, 0, 0, 0, 0]
[160, 3419, <Quantity 2461.920591818852 kpc>, <Quantity 2518.6933700896834 kpc>, <Quantity 2518.831364065656 kpc>, <Quantity 438366490.56485736 solMass>, <Quantity 554606873.6702765 solMass>, <Quantity 2.9806616504639214 kpc>, <Quantity 3.407407327310879 kpc>, -1, 0, 0, 0, 0, 0]
[162, 3416, <Quantity 2572.7368581483547 kpc>, <Quantity 2696.487157871973 kpc>, <Quantity 2723.0215921160025 kpc>, <Quantity 435650466.65736884 solMass>, <Quantity 549454787.9491816 solMass>, <Quantity 2.9744930482494736 kpc>, <Quantity 4.042941912206407 kpc>, -1, 0, 0, 0, 0, 0]
[163, 3415, <Quantity 2737.612920241252 kpc>, <Quantity 2822.5575688689037 kpc>, <Quantity 2516.1785411248206 kpc>, <Quantity 417945757.19581825 solMass>, <Quantity 543696574.5055234 solMass>, <Quantity 2.933640351980525 kpc>, <Quantity 4.530757355379951 kpc>, -1, 0, 0, 0, 0, 0]
[166, 3414, <Quantity 2451.0029042889137 kpc>, <Quantity 2891.754041415754 kpc>, <Quantity 2748.9825310048236 kpc>, <Quantity 528015848.50520855 solMass>, <Quantity 538241424.9302018 solMass>, <Quantity 3.171386816279506 kpc>, <Quantity 4.04476229518318 kpc>, -1, 0, 0, 0, 0, 0]
[167, 3413, <Quantity 2566.0965921644834 kpc>, <Quantity 2560.4571613545345 kpc>, <Quantity 2528.3893393911317 kpc>, <Quantity 365959436.96993786 solMass>, <Quantity 537332233.3423687 solMass>, <Quantity 2.8065829378271454 kpc>, <Quantity 5.248144659240923 kpc>, -1, 0, 0, 0, 0, 0]
[170, 3411, <Quantity 2532.202835440874 kpc>, <Quantity 2846.861228459936 kpc>, <Quantity 2422.052768398133 kpc>, <Quantity 418763454.51607615 solMass>, <Quantity 522179040.07099557 solMass>, <Quantity 2.9355522963739356 kpc>, <Quantity 3.257320526577113 kpc>, -1, 0, 0, 0, 0, 0]
[171, 3410, <Quantity 2505.1262694984766 kpc>, <Quantity 2899.453850850629 kpc>, <Quantity 2571.071417217026 kpc>, <Quantity 485359785.8938833 solMass>, <Quantity 521572912.34224033 solMass>, <Quantity 3.083577209635709 kpc>, <Quantity 4.118728283019923 kpc>, -1, 0, 0, 0, 0, 0]
[172, 3409, <Quantity 2770.5118305753012 kpc>, <Quantity 2733.461790429083 kpc>, <Quantity 2710.469922007041 kpc>, <Quantity 584599428.3995198 solMass>, <Quantity 519754529.14210933 solMass>, <Quantity 3.280849880958942 kpc>, <Quantity 4.628079551071833 kpc>, -1, 0, 0, 0, 0, 0]
[173, 3407, <Quantity 2882.527316100201 kpc>, <Quantity 2505.519776419817 kpc>, <Quantity 3217.7658744750706 kpc>, <Quantity 526983801.8869942 solMass>, <Quantity 515208571.1711404 solMass>, <Quantity 3.1693192307322935 kpc>, <Quantity 4.748589429151268 kpc>, -1, 0, 0, 0, 0, 0]
[174, 3406, <Quantity 2747.0952848387687 kpc>, <Quantity 2553.5717199517967 kpc>, <Quantity 2526.559477696457 kpc>, <Quantity 413120015.9534805 solMass>, <Quantity 513996315.70510435 solMass>, <Quantity 2.9223056844803557 kpc>, <Quantity 3.6856803446545747 kpc>, -1, 0, 0, 0, 0, 0]
[175, 3405, <Quantity 2527.92076249593 kpc>, <Quantity 2367.4117776650555 kpc>, <Quantity 2331.295602808036 kpc>, <Quantity 501085676.43341506 solMass>, <Quantity 506116655.2055952 solMass>, <Quantity 3.1165269965277034 kpc>, <Quantity 5.627495970208001 kpc>, -1, 0, 0, 0, 0, 0]
[176, 3404, <Quantity 2912.576007842137 kpc>, <Quantity 2944.178104342409 kpc>, <Quantity 2900.6844434673576 kpc>, <Quantity 445746012.5403626 solMass>, <Quantity 503692144.277539 solMass>, <Quantity 2.9972942878033244 kpc>, <Quantity 4.133012750685281 kpc>, -1, 0, 0, 0, 0, 0]
[177, 3403, <Quantity 2762.0966703595823 kpc>, <Quantity 2750.066501150506 kpc>, <Quantity 2715.2612484932292 kpc>, <Quantity 423243229.78609 solMass>, <Quantity 500055377.89324653 solMass>, <Quantity 2.9459830042947237 kpc>, <Quantity 3.2970817601547164 kpc>, -1, 0, 0, 0, 0, 0]
[179, 3400, <Quantity 2610.6751500083014 kpc>, <Quantity 2807.4085561043885 kpc>, <Quantity 2742.1484878208244 kpc>, <Quantity 437392579.3522735 solMass>, <Quantity 498540058.56302005 solMass>, <Quantity 2.9784526523644033 kpc>, <Quantity 3.8182624861050725 kpc>, -1, 0, 0, 0, 0, 0]
[181, 3399, <Quantity 2845.271151747507 kpc>, <Quantity 2496.139591065531 kpc>, <Quantity 2648.8429471446307 kpc>, <Quantity 485389841.8196907 solMass>, <Quantity 493387972.85805315 solMass>, <Quantity 3.0836408585394204 kpc>, <Quantity 5.108494308721799 kpc>, -1, 0, 0, 0, 0, 0]
[182, 3398, <Quantity 2605.048485399335 kpc>, <Quantity 2590.3492091115595 kpc>, <Quantity 2554.030152118298 kpc>, <Quantity 336884646.20177084 solMass>, <Quantity 492478781.2650784 solMass>, <Quantity 2.7301969035808202 kpc>, <Quantity 4.018680314672053 kpc>, -1, 0, 0, 0, 0, 0]
[184, 3397, <Quantity 2676.159030125877 kpc>, <Quantity 2633.4413973091255 kpc>, <Quantity 2606.8478974998884 kpc>, <Quantity 334479459.22535723 solMass>, <Quantity 488235887.1495565 solMass>, <Quantity 2.723683968189472 kpc>, <Quantity 4.452565048263067 kpc>, -1, 0, 0, 0, 0, 0]
[186, 3396, <Quantity 2872.3005157949306 kpc>, <Quantity 2940.7867481749186 kpc>, <Quantity 2451.1019688426286 kpc>, <Quantity 406226332.1506177 solMass>, <Quantity 485811376.2173717 solMass>, <Quantity 2.9059597026917743 kpc>, <Quantity 3.0662784857604914 kpc>, -1, 0, 0, 0, 0, 0]
[187, 3395, <Quantity 2741.4622865530046 kpc>, <Quantity 2842.435356265226 kpc>, <Quantity 2514.258815236695 kpc>, <Quantity 334935088.54495037 solMass>, <Quantity 484296056.88966304 solMass>, <Quantity 2.7249201449521063 kpc>, <Quantity 3.6552857559076135 kpc>, -1, 0, 0, 0, 0, 0]
[188, 3394, <Quantity 2511.0782547956715 kpc>, <Quantity 2787.526134341674 kpc>, <Quantity 2168.757290007515 kpc>, <Quantity 295089878.7691965 solMass>, <Quantity 483992993.0317991 solMass>, <Quantity 2.612271637064175 kpc>, <Quantity 7.584471861979361 kpc>, -1, 0, 0, 0, 0, 0]
[189, 3392, <Quantity 2807.740875187775 kpc>, <Quantity 2472.2122786867185 kpc>, <Quantity 2490.4842824995744 kpc>, <Quantity 359214597.48708236 solMass>, <Quantity 482477673.7047681 solMass>, <Quantity 2.7892336073872865 kpc>, <Quantity 3.3363650898679764 kpc>, -1, 0, 0, 0, 0, 0]
[191, 3391, <Quantity 2827.5833150183735 kpc>, <Quantity 3064.8853180462784 kpc>, <Quantity 3161.9499075696676 kpc>, <Quantity 450259596.9101409 solMass>, <Quantity 476113332.53319514 solMass>, <Quantity 3.0073771096297284 kpc>, <Quantity 4.166809735586352 kpc>, -1, 0, 0, 0, 0, 0]
[192, 3390, <Quantity 2640.4740389445637 kpc>, <Quantity 2521.2257942448177 kpc>, <Quantity 2533.204974968647 kpc>, <Quantity 441911678.0118116 solMass>, <Quantity 475507204.80253136 solMass>, <Quantity 2.9886752233738867 kpc>, <Quantity 4.123737433564659 kpc>, -1, 0, 0, 0, 0, 0]
[193, 3389, <Quantity 2546.672635439709 kpc>, <Quantity 2469.6088379111316 kpc>, <Quantity 2439.1751352205365 kpc>, <Quantity 332532879.4728529 solMass>, <Quantity 471567374.55309755 solMass>, <Quantity 2.718389984312617 kpc>, <Quantity 3.8958460470291314 kpc>, -1, 0, 0, 0, 0, 0]
[194, 3388, <Quantity 2582.5905587402553 kpc>, <Quantity 2460.183581040532 kpc>, <Quantity 2417.9909873152205 kpc>, <Quantity 297958573.2424399 solMass>, <Quantity 470658182.9560473 solMass>, <Quantity 2.6207093555889727 kpc>, <Quantity 4.557368851166578 kpc>, -1, 0, 0, 0, 0, 0]
[195, 3387, <Quantity 2904.009786260527 kpc>, <Quantity 2875.9191739304806 kpc>, <Quantity 3207.9109245613813 kpc>, <Quantity 289050146.6173734 solMass>, <Quantity 469142863.62809795 solMass>, <Quantity 2.5943264796069463 kpc>, <Quantity 5.303897476389043 kpc>, -1, 0, 0, 0, 0, 0]
[198, 3386, <Quantity 2708.357399262605 kpc>, <Quantity 2499.736446260738 kpc>, <Quantity 2622.3679837391082 kpc>, <Quantity 381684173.89007676 solMass>, <Quantity 464596905.6458363 solMass>, <Quantity 2.846218789394502 kpc>, <Quantity 4.328584351341936 kpc>, -1, 0, 0, 0, 0, 0]
[199, 3385, <Quantity 2833.9913236342086 kpc>, <Quantity 2449.594942115619 kpc>, <Quantity 2755.4375841870237 kpc>, <Quantity 348049186.1459137 solMass>, <Quantity 462172394.7277136 solMass>, <Quantity 2.7600298006446566 kpc>, <Quantity 2.915424477681051 kpc>, -1, 0, 0, 0, 0, 0]
[200, 3384, <Quantity 2552.7788102154327 kpc>, <Quantity 2843.5039613062404 kpc>, <Quantity 2419.226688347254 kpc>, <Quantity 340631774.1560744 solMass>, <Quantity 454595798.09012055 solMass>, <Quantity 2.7402821552320864 kpc>, <Quantity 5.13008152295863 kpc>, -1, 0, 0, 0, 0, 0]
[203, 3382, <Quantity 2508.647015051245 kpc>, <Quantity 2361.696138318074 kpc>, <Quantity 2335.484044163436 kpc>, <Quantity 341533390.62218267 solMass>, <Quantity 447625329.1867046 solMass>, <Quantity 2.742697771370804 kpc>, <Quantity 4.023083917847637 kpc>, -1, 0, 0, 0, 0, 0]
[205, 3380, <Quantity 2876.041995885041 kpc>, <Quantity 2641.652496701922 kpc>, <Quantity 3186.45422429024 kpc>, <Quantity 357217396.310414 solMass>, <Quantity 443988562.8033395 solMass>, <Quantity 2.7840547005762533 kpc>, <Quantity 2.8710656141031814 kpc>, -1, 0, 0, 0, 0, 0]
[208, 3379, <Quantity 2500.063100466707 kpc>, <Quantity 2902.4636074652944 kpc>, <Quantity 2569.547764714914 kpc>, <Quantity 372697180.7481595 solMass>, <Quantity 443079371.2049414 solMass>, <Quantity 2.8237024648157223 kpc>, <Quantity 3.9094141660045048 kpc>, -1, 0, 0, 0, 0, 0]
[209, 3377, <Quantity 2483.860328881712 kpc>, <Quantity 2771.666926810904 kpc>, <Quantity 2148.1455488630118 kpc>, <Quantity 304225418.5941608 solMass>, <Quantity 440351796.41624826 solMass>, <Quantity 2.6389554754535727 kpc>, <Quantity 3.5242524733075036 kpc>, -1, 0, 0, 0, 0, 0]
[211, 3375, <Quantity 2905.674525787755 kpc>, <Quantity 2931.0127935238406 kpc>, <Quantity 2902.3600544112082 kpc>, <Quantity 344178671.20484906 solMass>, <Quantity 439139540.95116514 solMass>, <Quantity 2.749760579168568 kpc>, <Quantity 3.43184692302908 kpc>, -1, 0, 0, 0, 0, 0]
[212, 3374, <Quantity 2681.3344491464627 kpc>, <Quantity 2936.7871007585018 kpc>, <Quantity 2655.0000209109608 kpc>, <Quantity 354403998.8238585 solMass>, <Quantity 434593582.97353643 solMass>, <Quantity 2.7767264778483516 kpc>, <Quantity 5.462921356739821 kpc>, -1, 0, 0, 0, 0, 0]
[213, 3373, <Quantity 2555.009891049676 kpc>, <Quantity 2546.613515635607 kpc>, <Quantity 2516.8719679854057 kpc>, <Quantity 376778305.65464896 solMass>, <Quantity 433987455.2433494 solMass>, <Quantity 2.8339718148230264 kpc>, <Quantity 4.556461075048538 kpc>, -1, 0, 0, 0, 0, 0]
[214, 3372, <Quantity 2712.8744677345653 kpc>, <Quantity 2421.8111921320324 kpc>, <Quantity 2453.9446018416393 kpc>, <Quantity 410670771.7317436 solMass>, <Quantity 433684391.3744427 solMass>, <Quantity 2.9165191241086754 kpc>, <Quantity 3.703204244821179 kpc>, -1, 0, 0, 0, 0, 0]
[216, 3370, <Quantity 2531.6810634679864 kpc>, <Quantity 2362.9076370974017 kpc>, <Quantity 2320.2274818117444 kpc>, <Quantity 330410817.42839366 solMass>, <Quantity 430956816.5899509 solMass>, <Quantity 2.7125951621751363 kpc>, <Quantity 3.464767392562505 kpc>, -1, 0, 0, 0, 0, 0]
[218, 3367, <Quantity 2692.926791133942 kpc>, <Quantity 2419.6515170371063 kpc>, <Quantity 2449.4896264687663 kpc>, <Quantity 317544682.64027935 solMass>, <Quantity 427320050.20638573 solMass>, <Quantity 2.676918682248895 kpc>, <Quantity 3.0523065886621095 kpc>, -1, 0, 0, 0, 0, 0]
[219, 3366, <Quantity 2787.413142191085 kpc>, <Quantity 2635.972777196525 kpc>, <Quantity 2619.5277286570595 kpc>, <Quantity 294237076.220791 solMass>, <Quantity 427016986.33799547 solMass>, <Quantity 2.6097527418942326 kpc>, <Quantity 7.263357305907941 kpc>, -1, 0, 0, 0, 0, 0]
[223, 3364, <Quantity 2669.985466846464 kpc>, <Quantity 3007.6611165067357 kpc>, <Quantity 2197.417056748083 kpc>, <Quantity 284986197.50666887 solMass>, <Quantity 420955709.030188 solMass>, <Quantity 2.5821105926576156 kpc>, <Quantity 3.48206347068902 kpc>, -1, 0, 0, 0, 0, 0]
[225, 3363, <Quantity 2799.0413985509717 kpc>, <Quantity 2729.29898753536 kpc>, <Quantity 2716.0728199951664 kpc>, <Quantity 326384305.44652075 solMass>, <Quantity 417318942.64123946 solMass>, <Quantity 2.7015311907580464 kpc>, <Quantity 4.007073945870959 kpc>, -1, 0, 0, 0, 0, 0]
[226, 3362, <Quantity 2559.891910400264 kpc>, <Quantity 2549.012037850167 kpc>, <Quantity 2519.232677227291 kpc>, <Quantity 445680561.73070425 solMass>, <Quantity 415500559.45375025 solMass>, <Quantity 2.997147578739611 kpc>, <Quantity 4.470499774860138 kpc>, -1, 0, 0, 0, 0, 0]
[232, 3358, <Quantity 2730.9823745779104 kpc>, <Quantity 2496.304604110825 kpc>, <Quantity 2638.266188682189 kpc>, <Quantity 304556959.0882444 solMass>, <Quantity 407923962.8163331 solMass>, <Quantity 2.6399137593616224 kpc>, <Quantity 4.62112884474862 kpc>, -1, 0, 0, 0, 0, 0]
[233, 3357, <Quantity 2686.7378957775045 kpc>, <Quantity 2629.9823507735987 kpc>, <Quantity 2674.794898930808 kpc>, <Quantity 464851632.86635005 solMass>, <Quantity 407014771.2227415 solMass>, <Quantity 3.039520083745033 kpc>, <Quantity 4.62877253781421 kpc>, -1, 0, 0, 0, 0, 0]
[234, 3356, <Quantity 2841.4677174604017 kpc>, <Quantity 2463.4909597370743 kpc>, <Quantity 3161.7330990479613 kpc>, <Quantity 323335829.2188952 solMass>, <Quantity 403681068.7062548 solMass>, <Quantity 2.6930939714287865 kpc>, <Quantity 3.377435306622809 kpc>, -1, 0, 0, 0, 0, 0]
[235, 3355, <Quantity 2896.333343453717 kpc>, <Quantity 2875.73005397705 kpc>, <Quantity 3214.521340581329 kpc>, <Quantity 269525929.5629466 solMass>, <Quantity 403378004.8326204 solMass>, <Quantity 2.534547382288703 kpc>, <Quantity 4.07669090881186 kpc>, -1, 0, 0, 0, 0, 0]
[236, 3353, <Quantity 2614.2596377243503 kpc>, <Quantity 2697.6974477600784 kpc>, <Quantity 2688.645797346268 kpc>, <Quantity 193088374.1167209 solMass>, <Quantity 394589152.7421698 solMass>, <Quantity 2.267874088077016 kpc>, <Quantity 7.074986603264827 kpc>, -1, 0, 0, 0, 0, 0]
[237, 3351, <Quantity 2642.237211497763 kpc>, <Quantity 2549.3714184346054 kpc>, <Quantity 2591.154154032543 kpc>, <Quantity 368760425.0297428 solMass>, <Quantity 391558514.08763963 solMass>, <Quantity 2.8137251083042236 kpc>, <Quantity 7.773553594610766 kpc>, -1, 0, 0, 0, 0, 0]
[238, 3350, <Quantity 2745.010519634899 kpc>, <Quantity 2497.065519720088 kpc>, <Quantity 2503.8640507608898 kpc>, <Quantity 286968574.5416573 solMass>, <Quantity 390649322.4896344 solMass>, <Quantity 2.5880838570518234 kpc>, <Quantity 3.464036095659045 kpc>, -1, 0, 0, 0, 0, 0]
[240, 3349, <Quantity 2496.9956016235355 kpc>, <Quantity 2815.339449093172 kpc>, <Quantity 2827.50808007072 kpc>, <Quantity 242413135.51940882 solMass>, <Quantity 389134003.1577687 solMass>, <Quantity 2.4465397711597614 kpc>, <Quantity 3.2594825223382617 kpc>, -1, 0, 0, 0, 0, 0]
[242, 3347, <Quantity 2721.6031065622574 kpc>, <Quantity 2972.7713624317034 kpc>, <Quantity 2250.048517741749 kpc>, <Quantity 322682503.87540597 solMass>, <Quantity 385497236.77270633 solMass>, <Quantity 2.691278879334131 kpc>, <Quantity 4.298804699420935 kpc>, -1, 0, 0, 0, 0, 0]
[243, 3346, <Quantity 2745.1382223330434 kpc>, <Quantity 2849.0841608981236 kpc>, <Quantity 2508.7530326753013 kpc>, <Quantity 252147098.47221404 solMass>, <Quantity 383981917.44467133 solMass>, <Quantity 2.4788574648026307 kpc>, <Quantity 3.5724889829925317 kpc>, -1, 0, 0, 0, 0, 0]
[244, 3345, <Quantity 2868.856363220893 kpc>, <Quantity 2881.2042079354824 kpc>, <Quantity 2632.1654189865635 kpc>, <Quantity 301707809.1559889 solMass>, <Quantity 383072725.8505471 solMass>, <Quantity 2.631655766577682 kpc>, <Quantity 3.2792056765925803 kpc>, -1, 0, 0, 0, 0, 0]
[247, 3344, <Quantity 2488.0070852431477 kpc>, <Quantity 2926.951380080584 kpc>, <Quantity 2485.2542649563065 kpc>, <Quantity 273479827.24157345 solMass>, <Quantity 381557406.53137654 solMass>, <Quantity 2.5468810537004334 kpc>, <Quantity 3.232944662514986 kpc>, -1, 0, 0, 0, 0, 0]
[248, 3343, <Quantity 2493.9157381855357 kpc>, <Quantity 2831.8934306352216 kpc>, <Quantity 2845.250292620785 kpc>, <Quantity 274495064.64453465 solMass>, <Quantity 381254342.65869933 solMass>, <Quantity 2.5500287518970515 kpc>, <Quantity 2.851006160915795 kpc>, -1, 0, 0, 0, 0, 0]
[252, 3339, <Quantity 2668.1567462917646 kpc>, <Quantity 2771.6283460816903 kpc>, <Quantity 2757.4231242228157 kpc>, <Quantity 296663834.16630083 solMass>, <Quantity 376708384.67927647 solMass>, <Quantity 2.616907863459294 kpc>, <Quantity 5.138337730521276 kpc>, -1, 0, 0, 0, 0, 0]
[253, 3337, <Quantity 2847.3264825142246 kpc>, <Quantity 2443.469335693837 kpc>, <Quantity 3163.890024741538 kpc>, <Quantity 272072698.41441965 solMass>, <Quantity 375799193.0902999 solMass>, <Quantity 2.542505406272736 kpc>, <Quantity 3.014985805508715 kpc>, -1, 0, 0, 0, 0, 0]
[257, 3334, <Quantity 2539.324475707734 kpc>, <Quantity 2941.3580147225425 kpc>, <Quantity 2673.0894982465315 kpc>, <Quantity 264484271.77575618 solMass>, <Quantity 371556298.9702347 solMass>, <Quantity 2.518644355040686 kpc>, <Quantity 4.424595880705986 kpc>, -1, 0, 0, 0, 0, 0]
[258, 3335, <Quantity 2698.0426408969383 kpc>, <Quantity 2766.2778440199913 kpc>, <Quantity 2732.2652240980888 kpc>, <Quantity 352048074.5240275 solMass>, <Quantity 371556298.96607083 solMass>, <Quantity 2.770559968472169 kpc>, <Quantity 6.294906770906037 kpc>, -1, 0, 0, 0, 0, 0]
[260, 3333, <Quantity 2617.273906706185 kpc>, <Quantity 2943.1063800476973 kpc>, <Quantity 2200.5755241198663 kpc>, <Quantity 292319729.8537635 solMass>, <Quantity 370647107.374359 solMass>, <Quantity 2.604071712695644 kpc>, <Quantity 2.8918210182673043 kpc>, -1, 0, 0, 0, 0, 0]
[261, 3332, <Quantity 2484.066465767658 kpc>, <Quantity 2793.3428089644954 kpc>, <Quantity 2501.234806103521 kpc>, <Quantity 232427735.1980871 solMass>, <Quantity 366707277.12650704 solMass>, <Quantity 2.412475327809761 kpc>, <Quantity 4.167298473140587 kpc>, -1, 0, 0, 0, 0, 0]
[263, 3331, <Quantity 2912.792729061524 kpc>, <Quantity 2680.2662210756966 kpc>, <Quantity 2689.951396641621 kpc>, <Quantity 228263861.17138445 solMass>, <Quantity 364282766.201845 solMass>, <Quantity 2.397982172990114 kpc>, <Quantity 3.241762737839891 kpc>, -1, 0, 0, 0, 0, 0]
[265, 3330, <Quantity 2557.6197251359044 kpc>, <Quantity 2938.268312779481 kpc>, <Quantity 2676.983379351958 kpc>, <Quantity 277424482.67194843 solMass>, <Quantity 359130680.4913086 solMass>, <Quantity 2.5590679950971715 kpc>, <Quantity 2.956196105871773 kpc>, -1, 0, 0, 0, 0, 0]
[267, 3329, <Quantity 2843.163459127875 kpc>, <Quantity 2478.5903538210673 kpc>, <Quantity 2740.368155722188 kpc>, <Quantity 199823733.46927676 solMass>, <Quantity 357312297.3015555 solMass>, <Quantity 2.293942811982223 kpc>, <Quantity 3.646183533803192 kpc>, -1, 0, 0, 0, 0, 0]
[268, 3327, <Quantity 2521.24885841616 kpc>, <Quantity 2671.8476589858915 kpc>, <Quantity 2721.902863929338 kpc>, <Quantity 261428669.03480703 solMass>, <Quantity 355796977.96702105 solMass>, <Quantity 2.5089074110067795 kpc>, <Quantity 3.1628280868742267 kpc>, -1, 0, 0, 0, 0, 0]
[269, 3326, <Quantity 2890.335884683199 kpc>, <Quantity 2619.4266219798687 kpc>, <Quantity 2698.8055971065432 kpc>, <Quantity 246451418.34450114 solMass>, <Quantity 354584722.5086548 solMass>, <Quantity 2.460050397825356 kpc>, <Quantity 2.743352565406206 kpc>, -1, 0, 0, 0, 0, 0]
[271, 3325, <Quantity 2845.0414140784333 kpc>, <Quantity 2581.184437884389 kpc>, <Quantity 2198.198709672691 kpc>, <Quantity 235642598.68103245 solMass>, <Quantity 353978594.77780074 solMass>, <Quantity 2.423547289082972 kpc>, <Quantity 4.243346112167582 kpc>, -1, 0, 0, 0, 0, 0]
[272, 3324, <Quantity 2928.049215907992 kpc>, <Quantity 2316.7254435268633 kpc>, <Quantity 2531.130969437121 kpc>, <Quantity 347702281.21654767 solMass>, <Quantity 353675530.9125169 solMass>, <Quantity 2.75911251053726 kpc>, <Quantity 4.426974188220082 kpc>, -1, 0, 0, 0, 0, 0]
[274, 3323, <Quantity 2530.0905843059163 kpc>, <Quantity 2854.276245475227 kpc>, <Quantity 2354.485755081247 kpc>, <Quantity 233024540.12404227 solMass>, <Quantity 351857147.7207554 solMass>, <Quantity 2.4145384014604323 kpc>, <Quantity 2.6599659462988763 kpc>, -1, 0, 0, 0, 0, 0]
[275, 3321, <Quantity 2524.372386042964 kpc>, <Quantity 2814.5500603585037 kpc>, <Quantity 3004.4565661579977 kpc>, <Quantity 205430780.22548512 solMass>, <Quantity 348826509.0665233 solMass>, <Quantity 2.3152011825689627 kpc>, <Quantity 9.533788403483483 kpc>, -1, 0, 0, 0, 0, 0]
[277, 3318, <Quantity 2796.9058457330734 kpc>, <Quantity 2977.442898259696 kpc>, <Quantity 2691.7681516251573 kpc>, <Quantity 154147589.47464055 solMass>, <Quantity 346705062.0033485 solMass>, <Quantity 2.1038388774897268 kpc>, <Quantity 4.040642960008896 kpc>, -1, 0, 0, 0, 0, 0]
[278, 3319, <Quantity 2602.0835629428007 kpc>, <Quantity 3058.128893016114 kpc>, <Quantity 2943.9576969204913 kpc>, <Quantity 249398800.7920031 solMass>, <Quantity 346705062.003013 solMass>, <Quantity 2.4698183749589764 kpc>, <Quantity 2.6990291416583574 kpc>, -1, 0, 0, 0, 0, 0]
[279, 3317, <Quantity 2445.6756035785857 kpc>, <Quantity 2983.528243730144 kpc>, <Quantity 2439.62572756561 kpc>, <Quantity 208957448.86459535 solMass>, <Quantity 346098934.2779927 solMass>, <Quantity 2.328374581594916 kpc>, <Quantity 12.363077927007062 kpc>, -1, 0, 0, 0, 0, 0]
[282, 3315, <Quantity 2857.6729993051317 kpc>, <Quantity 2795.937302261375 kpc>, <Quantity 2662.7960981480996 kpc>, <Quantity 293694576.1178386 solMass>, <Quantity 344886678.81310767 solMass>, <Quantity 2.608147843145977 kpc>, <Quantity 3.4805386173742705 kpc>, -1, 0, 0, 0, 0, 0]
[283, 3314, <Quantity 2815.262163804639 kpc>, <Quantity 2716.66119857187 kpc>, <Quantity 2702.6983315389894 kpc>, <Quantity 262018098.69352496 solMass>, <Quantity 344886678.81067085 solMass>, <Quantity 2.5107915634793447 kpc>, <Quantity 3.463925876830788 kpc>, -1, 0, 0, 0, 0, 0]
[284, 3313, <Quantity 2926.907346566776 kpc>, <Quantity 2951.0783642697174 kpc>, <Quantity 2298.1190205204985 kpc>, <Quantity 322890064.5673121 solMass>, <Quantity 344280551.079574 solMass>, <Quantity 2.6918557972758883 kpc>, <Quantity 3.803770754892617 kpc>, -1, 0, 0, 0, 0, 0]
[285, 3312, <Quantity 2736.6015375090133 kpc>, <Quantity 2957.8988762688045 kpc>, <Quantity 2218.810459822945 kpc>, <Quantity 234352870.34682775 solMass>, <Quantity 343977487.2148334 solMass>, <Quantity 2.419117646297584 kpc>, <Quantity 3.570204555963298 kpc>, -1, 0, 0, 0, 0, 0]
[286, 3310, <Quantity 2570.7591399430607 kpc>, <Quantity 2452.739760072612 kpc>, <Quantity 2386.2189733678 kpc>, <Quantity 217748063.1940947 solMass>, <Quantity 343068295.62546396 solMass>, <Quantity 2.3605778661378594 kpc>, <Quantity 4.139329549581022 kpc>, -1, 0, 0, 0, 0, 0]
[288, 3308, <Quantity 2537.8237073069786 kpc>, <Quantity 3013.161798691145 kpc>, <Quantity 2599.4196802617184 kpc>, <Quantity 247022414.02445027 solMass>, <Quantity 340340720.83626723 solMass>, <Quantity 2.461948804057221 kpc>, <Quantity 3.2536765154173137 kpc>, -1, 0, 0, 0, 0, 0]
[291, 3307, <Quantity 2439.6954055029946 kpc>, <Quantity 2929.5564917755464 kpc>, <Quantity 2220.628566044629 kpc>, <Quantity 193782629.4941771 solMass>, <Quantity 337916209.91142976 solMass>, <Quantity 2.2705889080191644 kpc>, <Quantity 3.1948076337228546 kpc>, -1, 0, 0, 0, 0, 0]
[294, 3305, <Quantity 2607.9713087795853 kpc>, <Quantity 2517.0792759825545 kpc>, <Quantity 2263.0260839625093 kpc>, <Quantity 332563101.5481994 solMass>, <Quantity 335794762.8562749 solMass>, <Quantity 2.718472334964478 kpc>, <Quantity 3.726364114967204 kpc>, -1, 0, 0, 0, 0, 0]
[295, 3304, <Quantity 2500.2988223955867 kpc>, <Quantity 2888.5972329817737 kpc>, <Quantity 2313.071659028666 kpc>, <Quantity 230134765.53516895 solMass>, <Quantity 335491698.98843324 solMass>, <Quantity 2.404515830448464 kpc>, <Quantity 2.7303029687559386 kpc>, -1, 0, 0, 0, 0, 0]
[296, 3303, <Quantity 2707.6865277900556 kpc>, <Quantity 2845.7896957196635 kpc>, <Quantity 2987.5637810218077 kpc>, <Quantity 226142366.69351828 solMass>, <Quantity 335491698.9858679 solMass>, <Quantity 2.390530053987592 kpc>, <Quantity 3.454439605733263 kpc>, -1, 0, 0, 0, 0, 0]
[301, 3300, <Quantity 2537.0460253276324 kpc>, <Quantity 2506.212182050934 kpc>, <Quantity 2463.845253234346 kpc>, <Quantity 174947692.49190435 solMass>, <Quantity 326702846.8953645 solMass>, <Quantity 2.194503628601362 kpc>, <Quantity 3.627544116366887 kpc>, -1, 0, 0, 0, 0, 0]
[302, 3299, <Quantity 2558.72623208458 kpc>, <Quantity 2548.9611358954894 kpc>, <Quantity 2512.6727046821898 kpc>, <Quantity 279138372.1501241 solMass>, <Quantity 325793655.29739004 solMass>, <Quantity 2.564327034233148 kpc>, <Quantity 3.359101460840264 kpc>, -1, 0, 0, 0, 0, 0]
[303, 3297, <Quantity 2589.7793828709628 kpc>, <Quantity 2890.800951259867 kpc>, <Quantity 2564.3867967913993 kpc>, <Quantity 313924291.1718779 solMass>, <Quantity 325187527.56625885 solMass>, <Quantity 2.666706407953198 kpc>, <Quantity 8.00610009402912 kpc>, -1, 0, 0, 0, 0, 0]
[305, 3295, <Quantity 2793.9684623082067 kpc>, <Quantity 2420.6989474454217 kpc>, <Quantity 2603.3837186980795 kpc>, <Quantity 277882774.6481617 solMass>, <Quantity 323672208.23865026 solMass>, <Quantity 2.560476372500316 kpc>, <Quantity 3.069617398172794 kpc>, -1, 0, 0, 0, 0, 0]
[306, 3294, <Quantity 2700.041785575359 kpc>, <Quantity 2829.868428600926 kpc>, <Quantity 2734.7933876255356 kpc>, <Quantity 229503626.20863968 solMass>, <Quantity 322763016.6391634 solMass>, <Quantity 2.4023157080846644 kpc>, <Quantity 3.9830319142711783 kpc>, -1, 0, 0, 0, 0, 0]
[307, 3292, <Quantity 2608.0589857522596 kpc>, <Quantity 2475.627117352686 kpc>, <Quantity 2360.8034429320555 kpc>, <Quantity 192376003.71934682 solMass>, <Quantity 322156888.9132534 solMass>, <Quantity 2.2650816581840236 kpc>, <Quantity 2.8810724674668053 kpc>, -1, 0, 0, 0, 0, 0]
[308, 3293, <Quantity 2869.1519918818353 kpc>, <Quantity 2653.445829582782 kpc>, <Quantity 2658.4742715526613 kpc>, <Quantity 226269585.96753868 solMass>, <Quantity 322156888.91165197 solMass>, <Quantity 2.3909782443482515 kpc>, <Quantity 3.069207572096683 kpc>, -1, 0, 0, 0, 0, 0]
[309, 3291, <Quantity 2452.28558622332 kpc>, <Quantity 2352.6266733568596 kpc>, <Quantity 2584.3516030465116 kpc>, <Quantity 233370193.92939362 solMass>, <Quantity 321550761.1829081 solMass>, <Quantity 2.415731669294624 kpc>, <Quantity 3.7133121659458657 kpc>, -1, 0, 0, 0, 0, 0]
[310, 3290, <Quantity 2695.9056519425276 kpc>, <Quantity 2505.2091514993517 kpc>, <Quantity 2787.2930682420842 kpc>, <Quantity 230793926.3689389 solMass>, <Quantity 320641569.5818774 solMass>, <Quantity 2.4068093443123897 kpc>, <Quantity 2.57935497811762 kpc>, -1, 0, 0, 0, 0, 0]
[311, 3289, <Quantity 2810.7152484674452 kpc>, <Quantity 2840.727072588971 kpc>, <Quantity 2528.471703420407 kpc>, <Quantity 302413270.8303814 solMass>, <Quantity 320338505.7161402 solMass>, <Quantity 2.6337053071213488 kpc>, <Quantity 4.3307033610705545 kpc>, -1, 0, 0, 0, 0, 0]
[312, 3288, <Quantity 2702.381327666108 kpc>, <Quantity 2607.346795830765 kpc>, <Quantity 2685.206547985378 kpc>, <Quantity 182135174.04992718 solMass>, <Quantity 319126250.2598094 solMass>, <Quantity 2.2241539198603406 kpc>, <Quantity 2.608062867873196 kpc>, -1, 0, 0, 0, 0, 0]
[313, 3287, <Quantity 2715.789022115456 kpc>, <Quantity 2767.812735667495 kpc>, <Quantity 2721.0591294406363 kpc>, <Quantity 171646014.99988192 solMass>, <Quantity 317913994.79397243 solMass>, <Quantity 2.1806106999742414 kpc>, <Quantity 4.0086136863846065 kpc>, 2, 0, 0, 0, 0, 0]
[317, 3285, <Quantity 2577.9391717597787 kpc>, <Quantity 2565.269622090625 kpc>, <Quantity 2520.7337959524793 kpc>, <Quantity 301831887.69653124 solMass>, <Quantity 315489483.8733716 solMass>, <Quantity 2.6320164767797527 kpc>, <Quantity 8.155988781962366 kpc>, 1851, 0, 0, 0, 0, 0]
[318, 3282, <Quantity 2449.3101823705647 kpc>, <Quantity 2438.9730166482723 kpc>, <Quantity 2633.349473997378 kpc>, <Quantity 157917792.00340223 solMass>, <Quantity 315186420.00965524 solMass>, <Quantity 2.1208530825907035 kpc>, <Quantity 5.021361123070646 kpc>, -1, 0, 0, 0, 0, 0]
[319, 3283, <Quantity 2772.0866028166947 kpc>, <Quantity 2472.3220629690095 kpc>, <Quantity 2550.0032014573535 kpc>, <Quantity 174953843.73748732 solMass>, <Quantity 315186420.0079531 solMass>, <Quantity 2.1945293482366686 kpc>, <Quantity 4.874885638396722 kpc>, -1, 0, 0, 0, 0, 0]
[320, 3284, <Quantity 2775.9692775946314 kpc>, <Quantity 2491.086849048609 kpc>, <Quantity 2643.5197234650504 kpc>, <Quantity 211404840.5231583 solMass>, <Quantity 315186420.0057554 solMass>, <Quantity 2.337429600097282 kpc>, <Quantity 3.408847091523065 kpc>, -1, 0, 0, 0, 0, 0]
[321, 3281, <Quantity 2780.1166633959597 kpc>, <Quantity 2636.040306551853 kpc>, <Quantity 2619.7135718720824 kpc>, <Quantity 129123398.67766294 solMass>, <Quantity 312761909.0836995 solMass>, <Quantity 1.9832092830783865 kpc>, <Quantity 3.693184138805319 kpc>, -1, 0, 0, 0, 0, 0]
[322, 3280, <Quantity 2760.0816233293967 kpc>, <Quantity 3071.7040671573172 kpc>, <Quantity 3157.6952711732347 kpc>, <Quantity 236852542.88677898 solMass>, <Quantity 312155781.3520941 solMass>, <Quantity 2.4276882386969088 kpc>, <Quantity 4.060001198261978 kpc>, -1, 0, 0, 0, 0, 0]
[323, 3279, <Quantity 2796.088717394456 kpc>, <Quantity 2471.075067632371 kpc>, <Quantity 2566.2975665882477 kpc>, <Quantity 348275553.2092564 solMass>, <Quantity 311246589.75757277 solMass>, <Quantity 2.7606280345195366 kpc>, <Quantity 4.560418932890936 kpc>, -1, 0, 0, 0, 0, 0]
[326, 3277, <Quantity 2649.1446368853726 kpc>, <Quantity 2522.7867403504492 kpc>, <Quantity 2535.165309094568 kpc>, <Quantity 185568708.98752272 solMass>, <Quantity 310034334.29828554 solMass>, <Quantity 2.238043271687864 kpc>, <Quantity 2.8592807002939966 kpc>, -1, 0, 0, 0, 0, 0]
[327, 3276, <Quantity 2540.6198821464727 kpc>, <Quantity 2461.838659984261 kpc>, <Quantity 2386.9832024707334 kpc>, <Quantity 199535945.93360886 solMass>, <Quantity 307306759.5097331 solMass>, <Quantity 2.2928410320661006 kpc>, <Quantity 3.251094047329629 kpc>, -1, 0, 0, 0, 0, 0]
[328, 3275, <Quantity 2617.452893767278 kpc>, <Quantity 2681.6823352750594 kpc>, <Quantity 2638.7388160602513 kpc>, <Quantity 234039015.31464794 solMass>, <Quantity 307306759.5081126 solMass>, <Quantity 2.4180372364599885 kpc>, <Quantity 3.5163140889455753 kpc>, -1, 0, 0, 0, 0, 0]
[329, 3274, <Quantity 2907.6289923351196 kpc>, <Quantity 2336.35918366481 kpc>, <Quantity 2460.2283418345173 kpc>, <Quantity 218120361.1281928 solMass>, <Quantity 306397567.9107791 solMass>, <Quantity 2.3619224442959372 kpc>, <Quantity 4.071718985321508 kpc>, -1, 0, 0, 0, 0, 0]
[331, 3270, <Quantity 2848.4987750400414 kpc>, <Quantity 2453.5223923446247 kpc>, <Quantity 3160.061785990757 kpc>, <Quantity 190626264.7705666 solMass>, <Quantity 303063865.39521986 solMass>, <Quantity 2.258193448699886 kpc>, <Quantity 3.079183765461065 kpc>, -1, 0, 0, 0, 0, 0]
[333, 3271, <Quantity 2788.2006161455706 kpc>, <Quantity 2731.272541132856 kpc>, <Quantity 2711.944756751443 kpc>, <Quantity 208749127.81354362 solMass>, <Quantity 303063865.38993174 solMass>, <Quantity 2.327600563211779 kpc>, <Quantity 5.7737595562135615 kpc>, -1, 0, 0, 0, 0, 0]
[334, 3269, <Quantity 2807.6575106454197 kpc>, <Quantity 2517.0940663870815 kpc>, <Quantity 3202.730860412053 kpc>, <Quantity 204769581.12549642 solMass>, <Quantity 301548546.06818223 solMass>, <Quantity 2.3127146122630338 kpc>, <Quantity 3.427319289532983 kpc>, -1, 0, 0, 0, 0, 0]
[335, 3268, <Quantity 2616.085920868718 kpc>, <Quantity 2533.703222616437 kpc>, <Quantity 2531.4665114080367 kpc>, <Quantity 164304801.34033984 solMass>, <Quantity 301245482.2010264 solMass>, <Quantity 2.1490687808302797 kpc>, <Quantity 4.671927535632034 kpc>, -1, 0, 0, 0, 0, 0]
[336, 3267, <Quantity 2914.9888273397983 kpc>, <Quantity 3053.0161712724275 kpc>, <Quantity 3159.0649904752536 kpc>, <Quantity 297105586.4984675 solMass>, <Quantity 300942418.3308622 solMass>, <Quantity 2.61820613633389 kpc>, <Quantity 5.295155340438999 kpc>, -1, 0, 0, 0, 0, 0]
[337, 3266, <Quantity 2491.5513625381705 kpc>, <Quantity 2544.2121485495722 kpc>, <Quantity 2461.668447582144 kpc>, <Quantity 230295213.36096302 solMass>, <Quantity 300639354.4700285 solMass>, <Quantity 2.4050745026860447 kpc>, <Quantity 4.004539283405414 kpc>, -1, 0, 0, 0, 0, 0]
[338, 3265, <Quantity 2653.563339241413 kpc>, <Quantity 2475.3665767563534 kpc>, <Quantity 2577.706828002234 kpc>, <Quantity 188585482.84353158 solMass>, <Quantity 299124035.14410007 solMass>, <Quantity 2.2501060277933833 kpc>, <Quantity 2.703444678779601 kpc>, -1, 0, 0, 0, 0, 0]
[340, 3263, <Quantity 2762.725819126256 kpc>, <Quantity 2782.9274313732744 kpc>, <Quantity 2734.3131455210632 kpc>, <Quantity 171572116.0155283 solMass>, <Quantity 296699524.21544677 solMass>, <Quantity 2.1802977146567373 kpc>, <Quantity 3.052315842993885 kpc>, -1, 0, 0, 0, 0, 0]
[342, 3261, <Quantity 2601.441043851074 kpc>, <Quantity 2862.0196379719896 kpc>, <Quantity 2136.2594434230064 kpc>, <Quantity 170857368.2009451 solMass>, <Quantity 295487268.75829196 solMass>, <Quantity 2.1772658855023703 kpc>, <Quantity 2.22190132028214 kpc>, -1, 0, 0, 0, 0, 0]
[343, 3260, <Quantity 2617.639107228598 kpc>, <Quantity 2528.4551703203806 kpc>, <Quantity 2529.5112262141993 kpc>, <Quantity 318445403.6089641 solMass>, <Quantity 294881141.02697194 solMass>, <Quantity 2.679447334900967 kpc>, <Quantity 3.5982322264342326 kpc>, -1, 0, 0, 0, 0, 0]
[344, 3259, <Quantity 2831.34842186983 kpc>, <Quantity 2356.0721751884357 kpc>, <Quantity 2847.189752347738 kpc>, <Quantity 212438299.02737778 solMass>, <Quantity 293062757.83711946 solMass>, <Quantity 2.3412322737504327 kpc>, <Quantity 2.551398449300424 kpc>, -1, 0, 0, 0, 0, 0]
[347, 3257, <Quantity 2791.956405130618 kpc>, <Quantity 2456.109330597924 kpc>, <Quantity 2679.6141255904577 kpc>, <Quantity 223724077.24852887 solMass>, <Quantity 290638246.90896857 solMass>, <Quantity 2.3819783266791554 kpc>, <Quantity 4.212022133443789 kpc>, -1, 0, 0, 0, 0, 0]
[348, 3256, <Quantity 2810.022144204569 kpc>, <Quantity 2910.357636064634 kpc>, <Quantity 2600.7608009804776 kpc>, <Quantity 124098250.60061708 solMass>, <Quantity 290032119.1769967 solMass>, <Quantity 1.957141008174957 kpc>, <Quantity 5.0758943952090005 kpc>, -1, 0, 0, 0, 0, 0]
[349, 3255, <Quantity 2905.385192856344 kpc>, <Quantity 2317.0384509302776 kpc>, <Quantity 3145.7158416464345 kpc>, <Quantity 215987918.12541795 solMass>, <Quantity 289729055.31733835 solMass>, <Quantity 2.3542001508705717 kpc>, <Quantity 2.6866065183174173 kpc>, -1, 0, 0, 0, 0, 0]
[351, 3253, <Quantity 2810.9372667756347 kpc>, <Quantity 2868.269519487545 kpc>, <Quantity 2522.7417482056217 kpc>, <Quantity 216117181.617628 solMass>, <Quantity 289122927.57944155 solMass>, <Quantity 2.3546697009699287 kpc>, <Quantity 2.9773503199882416 kpc>, -1, 0, 0, 0, 0, 0]
[354, 3249, <Quantity 2495.0806657643802 kpc>, <Quantity 2833.6335662523766 kpc>, <Quantity 2494.356226776301 kpc>, <Quantity 214491487.6122206 solMass>, <Quantity 285789225.06561065 solMass>, <Quantity 2.3487506727471628 kpc>, <Quantity 3.11002953861963 kpc>, -1, 0, 0, 0, 0, 0]
[355, 3248, <Quantity 2505.426925819316 kpc>, <Quantity 2669.9475906721923 kpc>, <Quantity 2724.230020450112 kpc>, <Quantity 224620494.38891888 solMass>, <Quantity 285486161.19682276 solMass>, <Quantity 2.385155455584709 kpc>, <Quantity 2.9638325206066143 kpc>, -1, 0, 0, 0, 0, 0]
[356, 3247, <Quantity 2622.133007538583 kpc>, <Quantity 2545.790270566561 kpc>, <Quantity 2542.591768671765 kpc>, <Quantity 180816304.53752086 solMass>, <Quantity 285183097.33520925 solMass>, <Quantity 2.2187724263967885 kpc>, <Quantity 3.304087168072178 kpc>, -1, 0, 0, 0, 0, 0]
[359, 3245, <Quantity 2709.7068466698433 kpc>, <Quantity 2768.8338994143382 kpc>, <Quantity 2720.4400558496386 kpc>, <Quantity 274876033.9273792 solMass>, <Quantity 283970841.8724594 solMass>, <Quantity 2.5512079273586408 kpc>, <Quantity 4.874977685252042 kpc>, 2, 0, 0, 0, 0, 0]
[360, 3243, <Quantity 2561.917030064664 kpc>, <Quantity 2759.5555065772855 kpc>, <Quantity 2829.564976424844 kpc>, <Quantity 243959788.32534167 solMass>, <Quantity 281243267.08083004 solMass>, <Quantity 2.451731910749822 kpc>, <Quantity 3.321230546957808 kpc>, -1, 0, 0, 0, 0, 0]
[361, 3242, <Quantity 2506.009715352912 kpc>, <Quantity 2880.460265038838 kpc>, <Quantity 2152.158260529779 kpc>, <Quantity 172428209.66461125 solMass>, <Quantity 280940203.2196294 solMass>, <Quantity 2.1839180448058078 kpc>, <Quantity 3.492104763735894 kpc>, -1, 0, 0, 0, 0, 0]
[362, 3241, <Quantity 2551.014503742832 kpc>, <Quantity 2487.716461675488 kpc>, <Quantity 2444.865043483304 kpc>, <Quantity 187869351.22508505 solMass>, <Quantity 279727947.7587416 solMass>, <Quantity 2.2472542422662394 kpc>, <Quantity 5.637315615203049 kpc>, -1, 0, 0, 0, 0, 0]
[363, 3240, <Quantity 2577.035960762241 kpc>, <Quantity 2748.316374319728 kpc>, <Quantity 3192.1405333166244 kpc>, <Quantity 219648030.329348 solMass>, <Quantity 278818756.1597036 solMass>, <Quantity 2.3674237571239054 kpc>, <Quantity 2.689363611864788 kpc>, -1, 0, 0, 0, 0, 0]
[364, 3238, <Quantity 2778.595376933498 kpc>, <Quantity 2629.4349436523767 kpc>, <Quantity 2614.935528166145 kpc>, <Quantity 183807462.71818793 solMass>, <Quantity 277606500.6994212 solMass>, <Quantity 2.2309402745949543 kpc>, <Quantity 2.974261220959106 kpc>, -1, 0, 0, 0, 0, 0]
[365, 3239, <Quantity 2886.6733544559897 kpc>, <Quantity 2923.387967966396 kpc>, <Quantity 2846.417651761538 kpc>, <Quantity 195601493.06695557 solMass>, <Quantity 277606500.69675267 solMass>, <Quantity 2.277670790140866 kpc>, <Quantity 2.9948628223787015 kpc>, -1, 0, 0, 0, 0, 0]
[371, 3235, <Quantity 2535.59707915275 kpc>, <Quantity 2532.0106401149583 kpc>, <Quantity 2493.143300714106 kpc>, <Quantity 171841865.11757556 solMass>, <Quantity 273666670.45084625 solMass>, <Quantity 2.181439752202077 kpc>, <Quantity 3.953611637893056 kpc>, -1, 0, 0, 0, 0, 0]
[372, 3234, <Quantity 2543.4006376144534 kpc>, <Quantity 2469.095563882033 kpc>, <Quantity 2389.5957357204925 kpc>, <Quantity 233530558.334089 solMass>, <Quantity 272454414.988915 solMass>, <Quantity 2.4162848800007066 kpc>, <Quantity 2.8222919591777114 kpc>, -1, 0, 0, 0, 0, 0]
[373, 3233, <Quantity 2629.173179554419 kpc>, <Quantity 2544.2697441412233 kpc>, <Quantity 2543.964255076216 kpc>, <Quantity 222556725.96459615 solMass>, <Quantity 272454414.9887295 solMass>, <Quantity 2.3778281911037262 kpc>, <Quantity 2.973155511125371 kpc>, -1, 0, 0, 0, 0, 0]
[376, 3232, <Quantity 2842.712703710207 kpc>, <Quantity 2695.2370926560575 kpc>, <Quantity 3158.649325356078 kpc>, <Quantity 151418526.29798034 solMass>, <Quantity 270029904.0681549 solMass>, <Quantity 2.091349268316688 kpc>, <Quantity 3.5621909902049014 kpc>, -1, 0, 0, 0, 0, 0]
[379, 3230, <Quantity 2550.600746961686 kpc>, <Quantity 3024.458208120568 kpc>, <Quantity 2924.6695186572992 kpc>, <Quantity 193756829.39301872 solMass>, <Quantity 268514584.7336427 solMass>, <Quantity 2.270488135272414 kpc>, <Quantity 2.4306426319878516 kpc>, -1, 0, 0, 0, 0, 0]
[380, 3229, <Quantity 2917.5268809454233 kpc>, <Quantity 2872.0381380107583 kpc>, <Quantity 3191.036258388971 kpc>, <Quantity 156938538.0376246 solMass>, <Quantity 268211520.8706986 solMass>, <Quantity 2.1164601608095257 kpc>, <Quantity 3.041567218245715 kpc>, -1, 0, 0, 0, 0, 0]
[381, 3228, <Quantity 2809.1497765438667 kpc>, <Quantity 3034.096455694857 kpc>, <Quantity 2235.928092669463 kpc>, <Quantity 196947301.25339255 solMass>, <Quantity 268211520.86857507 solMass>, <Quantity 2.282882585065872 kpc>, <Quantity 2.6038399177582208 kpc>, -1, 0, 0, 0, 0, 0]
[383, 3227, <Quantity 2812.358787790313 kpc>, <Quantity 2720.85633404653 kpc>, <Quantity 2712.4695710166343 kpc>, <Quantity 138672453.8829069 solMass>, <Quantity 266090073.8117695 solMass>, <Quantity 2.0309393954517123 kpc>, <Quantity 4.436023136060474 kpc>, -1, 0, 0, 0, 0, 0]
[386, 3225, <Quantity 2702.888908176423 kpc>, <Quantity 2383.6907838204684 kpc>, <Quantity 2599.3308376576306 kpc>, <Quantity 190717761.1654165 solMass>, <Quantity 264574754.48860997 solMass>, <Quantity 2.2585546852296696 kpc>, <Quantity 3.170051721316015 kpc>, -1, 0, 0, 0, 0, 0]
[387, 3226, <Quantity 2739.7141511253076 kpc>, <Quantity 2744.358815425644 kpc>, <Quantity 2723.2090487342102 kpc>, <Quantity 173336122.9853121 solMass>, <Quantity 264574754.48745474 solMass>, <Quantity 2.187744445567299 kpc>, <Quantity 6.050237130197452 kpc>, 3, 0, 0, 0, 0, 0]
[389, 3223, <Quantity 2718.1181101178377 kpc>, <Quantity 2570.6301434868933 kpc>, <Quantity 3154.865559210807 kpc>, <Quantity 143622245.15872648 solMass>, <Quantity 263968626.7587346 solMass>, <Quantity 2.0548216563982464 kpc>, <Quantity 3.3787821807434413 kpc>, -1, 0, 0, 0, 0, 0]
[393, 3221, <Quantity 2622.09503598098 kpc>, <Quantity 2545.8343571207392 kpc>, <Quantity 2535.215188940097 kpc>, <Quantity 238650096.84677622 solMass>, <Quantity 260331860.3733272 solMass>, <Quantity 2.4338142825795295 kpc>, <Quantity 5.465692413444262 kpc>, -1, 0, 0, 0, 0, 0]
[396, 3219, <Quantity 2841.8314337327706 kpc>, <Quantity 2567.97406092104 kpc>, <Quantity 2572.9403918693747 kpc>, <Quantity 170006590.86344007 solMass>, <Quantity 259422668.774651 solMass>, <Quantity 2.1736460014155234 kpc>, <Quantity 2.552127759450717 kpc>, -1, 0, 0, 0, 0, 0]
[397, 3218, <Quantity 2873.2771475046825 kpc>, <Quantity 2666.0559006818016 kpc>, <Quantity 3135.120686039341 kpc>, <Quantity 148722055.25068268 solMass>, <Quantity 259119604.9127368 solMass>, <Quantity 2.0788605439847267 kpc>, <Quantity 3.3469594416234654 kpc>, -1, 0, 0, 0, 0, 0]
[398, 3217, <Quantity 2746.968880649348 kpc>, <Quantity 2756.969383182168 kpc>, <Quantity 2715.72920554655 kpc>, <Quantity 137258778.03802672 solMass>, <Quantity 258210413.31415677 solMass>, <Quantity 2.024014439510851 kpc>, <Quantity 5.79059017897192 kpc>, 3, 0, 0, 0, 0, 0]
[399, 3216, <Quantity 2882.761938924629 kpc>, <Quantity 3068.51764129834 kpc>, <Quantity 3158.510656860697 kpc>, <Quantity 169439171.8285222 solMass>, <Quantity 258210413.31325647 solMass>, <Quantity 2.1712250308805103 kpc>, <Quantity 2.8235837742983962 kpc>, -1, 0, 0, 0, 0, 0]
[400, 3215, <Quantity 2877.3050980703183 kpc>, <Quantity 2630.809560558345 kpc>, <Quantity 3175.2936481883685 kpc>, <Quantity 108564550.86588249 solMass>, <Quantity 257604285.58583647 solMass>, <Quantity 1.8718149447842571 kpc>, <Quantity 3.027494102961082 kpc>, -1, 0, 0, 0, 0, 0]
[401, 3214, <Quantity 2881.0278075880105 kpc>, <Quantity 2935.2101152239043 kpc>, <Quantity 2466.96993379763 kpc>, <Quantity 127077129.13165775 solMass>, <Quantity 257604285.57800478 solMass>, <Quantity 1.9726772164603625 kpc>, <Quantity 3.5153087340072746 kpc>, -1, 0, 0, 0, 0, 0]
[403, 3212, <Quantity 2644.7811879436827 kpc>, <Quantity 2785.1864469342972 kpc>, <Quantity 2745.784298490145 kpc>, <Quantity 196773546.3184517 solMass>, <Quantity 254270583.06195018 solMass>, <Quantity 2.2822110368560673 kpc>, <Quantity 3.4035276353366073 kpc>, -1, 0, 0, 0, 0, 0]
[404, 3211, <Quantity 2714.60258511904 kpc>, <Quantity 2735.741297555334 kpc>, <Quantity 2769.1085972530686 kpc>, <Quantity 124453363.55381495 solMass>, <Quantity 254270583.05990776 solMass>, <Quantity 1.959006047208981 kpc>, <Quantity 3.225829611386844 kpc>, -1, 0, 0, 0, 0, 0]
[405, 3210, <Quantity 2705.636013390104 kpc>, <Quantity 2609.4539574264036 kpc>, <Quantity 2604.6001542894865 kpc>, <Quantity 200672685.46338546 solMass>, <Quantity 253361391.46690384 solMass>, <Quantity 2.2971868308801446 kpc>, <Quantity 3.5966943669652207 kpc>, -1, 0, 0, 0, 0, 0]
[406, 3209, <Quantity 2905.231567014746 kpc>, <Quantity 2340.3891675274763 kpc>, <Quantity 2460.8235788060088 kpc>, <Quantity 197713732.32498565 solMass>, <Quantity 252755263.73683324 solMass>, <Quantity 2.285840072307687 kpc>, <Quantity 2.9334292744045394 kpc>, -1, 0, 0, 0, 0, 0]
[408, 3207, <Quantity 2627.523170234132 kpc>, <Quantity 2507.778563320674 kpc>, <Quantity 2341.697904297187 kpc>, <Quantity 157980696.8941511 solMass>, <Quantity 249724625.0848452 solMass>, <Quantity 2.1211346517102125 kpc>, <Quantity 2.7345607500212967 kpc>, -1, 0, 0, 0, 0, 0]
[411, 3206, <Quantity 2699.3144333646037 kpc>, <Quantity 2566.662596104544 kpc>, <Quantity 2333.826779557254 kpc>, <Quantity 164408202.6328792 solMass>, <Quantity 249421561.21897233 solMass>, <Quantity 2.149519507951724 kpc>, <Quantity 2.763537279423971 kpc>, -1, 0, 0, 0, 0, 0]
[413, 3201, <Quantity 2543.633876232146 kpc>, <Quantity 2575.084029446337 kpc>, <Quantity 2502.1834205929736 kpc>, <Quantity 77009010.89921758 solMass>, <Quantity 247603178.02681372 solMass>, <Quantity 1.6693500412253774 kpc>, <Quantity 4.70091390614254 kpc>, -1, 0, 0, 0, 0, 0]
[414, 3202, <Quantity 2601.4385601888102 kpc>, <Quantity 2569.87349131703 kpc>, <Quantity 2542.410569380563 kpc>, <Quantity 142885325.74293542 solMass>, <Quantity 247603178.02660507 solMass>, <Quantity 2.0513012286490357 kpc>, <Quantity 2.8986540374358656 kpc>, -1, 0, 0, 0, 0, 0]
[415, 3200, <Quantity 2635.809612282107 kpc>, <Quantity 2423.7791086056823 kpc>, <Quantity 2368.422918695761 kpc>, <Quantity 108839934.07165053 solMass>, <Quantity 246997050.29589316 solMass>, <Quantity 1.8733962810114482 kpc>, <Quantity 2.6386982428504395 kpc>, -1, 0, 0, 0, 0, 0]
[416, 3199, <Quantity 2901.46952113549 kpc>, <Quantity 2844.0371505433977 kpc>, <Quantity 3032.058430950966 kpc>, <Quantity 161810079.4594141 solMass>, <Quantity 246997050.29161763 solMass>, <Quantity 2.13813646747874 kpc>, <Quantity 3.0139474944942766 kpc>, -1, 0, 0, 0, 0, 0]
[417, 3198, <Quantity 2790.79818230559 kpc>, <Quantity 2628.769722231847 kpc>, <Quantity 2610.4545846816277 kpc>, <Quantity 135777730.51096684 solMass>, <Quantity 246390922.56382847 solMass>, <Quantity 2.016708268161592 kpc>, <Quantity 6.37367654842098 kpc>, -1, 0, 0, 0, 0, 0]
[418, 3197, <Quantity 2495.9028794989376 kpc>, <Quantity 2854.582129962104 kpc>, <Quantity 2875.4930937771196 kpc>, <Quantity 159037646.6101706 solMass>, <Quantity 245178667.09869274 solMass>, <Quantity 2.1258545350558564 kpc>, <Quantity 2.9940829609204793 kpc>, -1, 0, 0, 0, 0, 0]
[420, 3195, <Quantity 2623.8629780294013 kpc>, <Quantity 2925.3372833412604 kpc>, <Quantity 2435.3502725223007 kpc>, <Quantity 166531252.31263876 solMass>, <Quantity 244572539.3702793 solMass>, <Quantity 2.1587324161019654 kpc>, <Quantity 2.8381814070480553 kpc>, -1, 0, 0, 0, 0, 0]
[421, 3194, <Quantity 2912.1921229033464 kpc>, <Quantity 2317.8963154237485 kpc>, <Quantity 2522.5131792899565 kpc>, <Quantity 175954646.17554468 solMass>, <Quantity 243360283.90953016 solMass>, <Quantity 2.198705908297928 kpc>, <Quantity 3.684931640305069 kpc>, -1, 0, 0, 0, 0, 0]
[422, 3193, <Quantity 2698.331154627706 kpc>, <Quantity 2481.627474871593 kpc>, <Quantity 2479.619165426194 kpc>, <Quantity 244314941.0878886 solMass>, <Quantity 242451092.31485686 solMass>, <Quantity 2.4529210646022577 kpc>, <Quantity 3.64221121808354 kpc>, -1, 0, 0, 0, 0, 0]
[423, 3192, <Quantity 2469.455585195535 kpc>, <Quantity 2770.6381106218478 kpc>, <Quantity 2747.8131242817003 kpc>, <Quantity 168613855.66700405 solMass>, <Quantity 242451092.31117734 solMass>, <Quantity 2.1676940401131075 kpc>, <Quantity 3.670844448776573 kpc>, -1, 0, 0, 0, 0, 0]
[424, 3191, <Quantity 2469.6692764437275 kpc>, <Quantity 2779.6420507603543 kpc>, <Quantity 3011.469727640429 kpc>, <Quantity 173378887.03833145 solMass>, <Quantity 242148028.44224322 solMass>, <Quantity 2.187924344838633 kpc>, <Quantity 2.4944876731572414 kpc>, -1, 0, 0, 0, 0, 0]
[425, 3190, <Quantity 2635.0949981376198 kpc>, <Quantity 2742.9871464370403 kpc>, <Quantity 2819.2181352626526 kpc>, <Quantity 119377752.08449784 solMass>, <Quantity 240935772.98183087 solMass>, <Quantity 1.9320040359559345 kpc>, <Quantity 4.590525427280026 kpc>, -1, 0, 0, 0, 0, 0]
[426, 3189, <Quantity 2594.262574034013 kpc>, <Quantity 2757.269028236978 kpc>, <Quantity 2833.9065431071426 kpc>, <Quantity 168628722.5769951 solMass>, <Quantity 240632709.12272832 solMass>, <Quantity 2.167757747738514 kpc>, <Quantity 2.70463101055101 kpc>, -1, 0, 0, 0, 0, 0]
[427, 3188, <Quantity 2816.307816531105 kpc>, <Quantity 2599.913760675851 kpc>, <Quantity 3079.179643922041 kpc>, <Quantity 131172611.29774728 solMass>, <Quantity 239723517.52803826 solMass>, <Quantity 1.99364556907507 kpc>, <Quantity 2.7712019620959745 kpc>, -1, 0, 0, 0, 0, 0]
[428, 3187, <Quantity 2583.48249723952 kpc>, <Quantity 2916.50442291629 kpc>, <Quantity 2133.171976426309 kpc>, <Quantity 128153349.24326599 solMass>, <Quantity 238814325.92912284 solMass>, <Quantity 1.9782304569735891 kpc>, <Quantity 2.551268479305508 kpc>, -1, 0, 0, 0, 0, 0]
[429, 3186, <Quantity 2555.904516958027 kpc>, <Quantity 3001.0765817791685 kpc>, <Quantity 2522.604077508127 kpc>, <Quantity 102110152.01660644 solMass>, <Quantity 237602070.4655833 solMass>, <Quantity 1.8339600513591374 kpc>, <Quantity 3.4345673342294667 kpc>, -1, 0, 0, 0, 0, 0]
[430, 3183, <Quantity 2536.821576103724 kpc>, <Quantity 2525.21331450976 kpc>, <Quantity 2654.436731325163 kpc>, <Quantity 140645794.30945754 solMass>, <Quantity 235177559.54507917 solMass>, <Quantity 2.0405276331899844 kpc>, <Quantity 3.106035304776983 kpc>, -1, 0, 0, 0, 0, 0]
[432, 3181, <Quantity 2497.7788848541522 kpc>, <Quantity 2712.6683097308955 kpc>, <Quantity 2723.224621152792 kpc>, <Quantity 162968411.8380658 solMass>, <Quantity 234268367.9437104 solMass>, <Quantity 2.1432263569555667 kpc>, <Quantity 2.4861125683917042 kpc>, -1, 0, 0, 0, 0, 0]
[433, 3180, <Quantity 2461.902457744255 kpc>, <Quantity 2342.4629657877877 kpc>, <Quantity 2587.9103868785487 kpc>, <Quantity 122585762.30067119 solMass>, <Quantity 233056112.48741826 solMass>, <Quantity 1.9491573852436195 kpc>, <Quantity 2.925109609370532 kpc>, -1, 0, 0, 0, 0, 0]
[435, 3178, <Quantity 2724.9414012380726 kpc>, <Quantity 2838.7031266307727 kpc>, <Quantity 2511.480121405223 kpc>, <Quantity 118089049.8713358 solMass>, <Quantity 232753048.61438465 solMass>, <Quantity 1.925026769422854 kpc>, <Quantity 2.649805794277327 kpc>, -1, 0, 0, 0, 0, 0]
[436, 3177, <Quantity 2745.1957807065 kpc>, <Quantity 3025.212396714815 kpc>, <Quantity 2278.414478234731 kpc>, <Quantity 150039236.6895659 solMass>, <Quantity 232449984.7521203 solMass>, <Quantity 2.084979771288771 kpc>, <Quantity 4.301843506345207 kpc>, -1, 0, 0, 0, 0, 0]
[437, 3176, <Quantity 2818.9389574359675 kpc>, <Quantity 2316.6194720174067 kpc>, <Quantity 2449.3104814396593 kpc>, <Quantity 139500616.74192512 solMass>, <Quantity 231843857.02503055 solMass>, <Quantity 2.0349743506062787 kpc>, <Quantity 2.8532787257178334 kpc>, -1, 0, 0, 0, 0, 0]
[438, 3175, <Quantity 2693.042777204346 kpc>, <Quantity 2827.530966757609 kpc>, <Quantity 2978.89053300931 kpc>, <Quantity 146431952.48573393 solMass>, <Quantity 231540793.15712187 solMass>, <Quantity 2.068134827096031 kpc>, <Quantity 3.5533044278986 kpc>, -1, 0, 0, 0, 0, 0]
[439, 3174, <Quantity 2757.6946734950034 kpc>, <Quantity 2878.567767014645 kpc>, <Quantity 2956.340465987569 kpc>, <Quantity 149735335.59959215 solMass>, <Quantity 230934665.42638963 solMass>, <Quantity 2.083571126633359 kpc>, <Quantity 4.715384921665876 kpc>, -1, 0, 0, 0, 0, 0]
[440, 3173, <Quantity 2890.023133875962 kpc>, <Quantity 2507.736265202355 kpc>, <Quantity 3213.610222589093 kpc>, <Quantity 150218138.76359737 solMass>, <Quantity 229419346.1041648 solMass>, <Quantity 2.0858081302738993 kpc>, <Quantity 2.7812287567434373 kpc>, -1, 0, 0, 0, 0, 0]
[441, 3172, <Quantity 2722.864114339898 kpc>, <Quantity 2661.7598219960378 kpc>, <Quantity 2773.5907101356233 kpc>, <Quantity 21583716.937890712 solMass>, <Quantity 229419346.10409212 solMass>, <Quantity 1.0924686321189205 kpc>, <Quantity 8.427018825362492 kpc>, -1, 0, 0, 0, 0, 0]
[442, 3171, <Quantity 2886.6322051063853 kpc>, <Quantity 3071.625609715473 kpc>, <Quantity 3135.8177119000675 kpc>, <Quantity 86395218.65802337 solMass>, <Quantity 228207090.63933071 solMass>, <Quantity 1.7345898460273586 kpc>, <Quantity 3.8121010022573536 kpc>, -1, 0, 0, 0, 0, 0]
[443, 3170, <Quantity 2769.1777062531537 kpc>, <Quantity 2797.4031469989245 kpc>, <Quantity 3095.3599321450774 kpc>, <Quantity 138935365.83577135 solMass>, <Quantity 227904026.77360195 solMass>, <Quantity 2.0322220850683386 kpc>, <Quantity 2.833005258201035 kpc>, -1, 0, 0, 0, 0, 0]
[444, 3169, <Quantity 2495.775821783347 kpc>, <Quantity 2753.5996618275854 kpc>, <Quantity 2185.7077301875015 kpc>, <Quantity 132334491.64170946 solMass>, <Quantity 227297899.0450379 solMass>, <Quantity 1.9995146089050495 kpc>, <Quantity 3.4224354982704455 kpc>, -1, 0, 0, 0, 0, 0]
[445, 3168, <Quantity 2481.733627712029 kpc>, <Quantity 2843.0648809064664 kpc>, <Quantity 2861.1359809312175 kpc>, <Quantity 115571972.68550013 solMass>, <Quantity 227297899.04151085 solMass>, <Quantity 1.911251059452085 kpc>, <Quantity 2.3894382979858424 kpc>, -1, 0, 0, 0, 0, 0]
[446, 3167, <Quantity 2833.8414583631725 kpc>, <Quantity 2441.389439986877 kpc>, <Quantity 2779.030673141813 kpc>, <Quantity 157686066.21045655 solMass>, <Quantity 226994835.1808272 solMass>, <Quantity 2.119815207256934 kpc>, <Quantity 2.9740616379160953 kpc>, -1, 0, 0, 0, 0, 0]
[447, 3166, <Quantity 2647.8971175605884 kpc>, <Quantity 2504.332367919782 kpc>, <Quantity 2389.357074944096 kpc>, <Quantity 150630376.84844834 solMass>, <Quantity 226085643.58396143 solMass>, <Quantity 2.0877143896243133 kpc>, <Quantity 2.1820230149221853 kpc>, -1, 0, 0, 0, 0, 0]
[448, 3164, <Quantity 2476.9361763500556 kpc>, <Quantity 2931.518780369539 kpc>, <Quantity 2478.148031774819 kpc>, <Quantity 122133602.58352649 solMass>, <Quantity 225479515.8531998 solMass>, <Quantity 1.9467579323700073 kpc>, <Quantity 2.4404120090793344 kpc>, -1, 0, 0, 0, 0, 0]
[451, 3162, <Quantity 2489.683281090119 kpc>, <Quantity 2902.0805456746175 kpc>, <Quantity 2732.5502642028196 kpc>, <Quantity 139914985.32063842 solMass>, <Quantity 224267260.38602057 solMass>, <Quantity 2.0369872351432585 kpc>, <Quantity 2.7661595122075378 kpc>, -1, 0, 0, 0, 0, 0]
[453, 3161, <Quantity 2604.881383558585 kpc>, <Quantity 2819.471316073155 kpc>, <Quantity 2739.1527879282808 kpc>, <Quantity 95611591.97541685 solMass>, <Quantity 223964196.52131906 solMass>, <Quantity 1.7941981872495048 kpc>, <Quantity 3.162310282554882 kpc>, -1, 0, 0, 0, 0, 0]
[455, 3160, <Quantity 2807.133199710864 kpc>, <Quantity 3072.8034518566787 kpc>, <Quantity 3167.5404550803655 kpc>, <Quantity 97784129.8334794 solMass>, <Quantity 222448877.1949556 solMass>, <Quantity 1.807686115089499 kpc>, <Quantity 2.8961985743326433 kpc>, -1, 0, 0, 0, 0, 0]
[457, 3158, <Quantity 2666.3569103658233 kpc>, <Quantity 2780.0953239184573 kpc>, <Quantity 2740.353316907521 kpc>, <Quantity 126664488.60610898 solMass>, <Quantity 220630494.00195876 solMass>, <Quantity 1.970539697739109 kpc>, <Quantity 3.074393480018716 kpc>, -1, 0, 0, 0, 0, 0]
[459, 3157, <Quantity 2846.353324263051 kpc>, <Quantity 2876.145054465776 kpc>, <Quantity 2639.4635161749866 kpc>, <Quantity 86861423.87660804 solMass>, <Quantity 220024366.27100608 solMass>, <Quantity 1.7377043107998145 kpc>, <Quantity 3.226396026218718 kpc>, -1, 0, 0, 0, 0, 0]
[460, 3156, <Quantity 2817.679687463459 kpc>, <Quantity 2479.551360816038 kpc>, <Quantity 3178.310364565881 kpc>, <Quantity 148876426.65071228 solMass>, <Quantity 218509046.95015803 solMass>, <Quantity 2.079579571256648 kpc>, <Quantity 2.1332746959715374 kpc>, -1, 0, 0, 0, 0, 0]
[462, 3154, <Quantity 2743.9046024966333 kpc>, <Quantity 2628.695302960475 kpc>, <Quantity 3034.060408302787 kpc>, <Quantity 107200532.69381072 solMass>, <Quantity 217902919.21911713 solMass>, <Quantity 1.8639426460519002 kpc>, <Quantity 2.9104451931498168 kpc>, -1, 0, 0, 0, 0, 0]
[463, 3155, <Quantity 2623.002238958997 kpc>, <Quantity 2967.6659691249442 kpc>, <Quantity 3053.5158887115413 kpc>, <Quantity 141960007.2326488 solMass>, <Quantity 217902919.2182662 solMass>, <Quantity 2.046863592751683 kpc>, <Quantity 2.2585360540526804 kpc>, -1, 0, 0, 0, 0, 0]
[464, 3153, <Quantity 2810.9672179014274 kpc>, <Quantity 2410.563498551347 kpc>, <Quantity 2485.0243539724866 kpc>, <Quantity 126080611.71493956 solMass>, <Quantity 217902919.21706694 solMass>, <Quantity 1.9675072113598808 kpc>, <Quantity 2.6139879030319273 kpc>, -1, 0, 0, 0, 0, 0]
[465, 3152, <Quantity 2610.0560322667957 kpc>, <Quantity 2670.8635376225043 kpc>, <Quantity 2667.742606016 kpc>, <Quantity 194123795.2340503 solMass>, <Quantity 216993727.62153694 solMass>, <Quantity 2.2719206286639415 kpc>, <Quantity 3.3040005978890137 kpc>, -1, 0, 0, 0, 0, 0]
[467, 3150, <Quantity 2828.9610638194586 kpc>, <Quantity 2475.8842100362185 kpc>, <Quantity 3171.069601494338 kpc>, <Quantity 101442081.55002144 solMass>, <Quantity 214872280.56484717 solMass>, <Quantity 1.8299516469520605 kpc>, <Quantity 3.6346031680883706 kpc>, -1, 0, 0, 0, 0, 0]
