yt : [INFO     ] 2017-08-01 14:22:55,944 Parameters: current_time              = 2.442094332e+16
yt : [INFO     ] 2017-08-01 14:22:55,944 Parameters: domain_dimensions         = [2 2 2]
yt : [INFO     ] 2017-08-01 14:22:55,944 Parameters: domain_left_edge          = [ 0.  0.  0.]
yt : [INFO     ] 2017-08-01 14:22:55,945 Parameters: domain_right_edge         = [  1.66901647e+25   1.66901647e+25   1.66901647e+25]
yt : [INFO     ] 2017-08-01 14:22:55,945 Parameters: cosmological_simulation   = 1
yt : [INFO     ] 2017-08-01 14:22:55,945 Parameters: current_redshift          = 6.99999981444
yt : [INFO     ] 2017-08-01 14:22:55,945 Parameters: omega_lambda              = 0.712
yt : [INFO     ] 2017-08-01 14:22:55,945 Parameters: omega_matter              = 0.288
yt : [INFO     ] 2017-08-01 14:22:55,945 Parameters: hubble_constant           = 0.6933
yt : [INFO     ] 2017-08-01 14:22:56,094 Parameters: current_time              = 102.74801136229
yt : [INFO     ] 2017-08-01 14:22:56,095 Parameters: domain_dimensions         = [128 128 128]
yt : [INFO     ] 2017-08-01 14:22:56,095 Parameters: domain_left_edge          = [ 0.  0.  0.]
yt : [INFO     ] 2017-08-01 14:22:56,095 Parameters: domain_right_edge         = [ 1.  1.  1.]
yt : [INFO     ] 2017-08-01 14:22:56,096 Parameters: cosmological_simulation   = 1
yt : [INFO     ] 2017-08-01 14:22:56,096 Parameters: current_redshift          = 6.9999998144358
yt : [INFO     ] 2017-08-01 14:22:56,096 Parameters: omega_lambda              = 0.712
yt : [INFO     ] 2017-08-01 14:22:56,096 Parameters: omega_matter              = 0.288
yt : [INFO     ] 2017-08-01 14:22:56,096 Parameters: hubble_constant           = 0.6933
yt : [INFO     ] 2017-08-01 14:22:56,099 Allocating for 3.540e+03 particles (index particle type 'all')
yt : [INFO     ] 2017-08-01 14:22:56,103 Identified 1.305e+03 octs
TimeNow:  0.7736676705124972 Gyr
IsSatellite
IsSatellite
IsSatellite
Parsing Hierarchy :   0%|          | 0/17983 [00:00<?, ?it/s]Parsing Hierarchy :  10%|█         | 1858/17983 [00:00<00:00, 18577.54it/s]Parsing Hierarchy :  23%|██▎       | 4155/17983 [00:00<00:00, 19894.76it/s]Parsing Hierarchy :  36%|███▌      | 6423/17983 [00:00<00:00, 20729.53it/s]Parsing Hierarchy :  44%|████▎     | 7859/17983 [00:00<00:00, 18094.31it/s]Parsing Hierarchy :  56%|█████▋    | 10124/17983 [00:00<00:00, 19459.92it/s]Parsing Hierarchy :  69%|██████▉   | 12394/17983 [00:00<00:00, 20429.39it/s]Parsing Hierarchy :  82%|████████▏ | 14682/17983 [00:00<00:00, 21163.07it/s]Parsing Hierarchy :  93%|█████████▎| 16646/17983 [00:00<00:00, 18550.79it/s]Parsing Hierarchy : 100%|██████████| 17983/17983 [00:00<00:00, 19200.82it/s]
yt : [INFO     ] 2017-08-01 14:23:00,358 Gathering a field list (this may take a moment.)
7 1.628769752469697e+26 1 / s
IsSatellite
10 6.759356003565237e+25 1 / s
IsSatellite
IsSatellite
22 3.5336557685723125e+25 1 / s
23 4.483393963088527e+25 1 / s
IsSatellite
25 3.35347478325721e+25 1 / s
26 1.2726783810083436e+24 1 / s
27 6.903000618176071e+24 1 / s
IsSatellite
30 8.59386338240312e+24 1 / s
32 2.9682040589445437e+25 1 / s
IsSatellite
IsSatellite
40 9.860207562136072e+23 1 / s
42 6.57583471274341e+24 1 / s
IsSatellite
47 1.1915634476672362e+25 1 / s
48 6.420263538974406e+24 1 / s
49 7.275634909237998e+24 1 / s
51 8.605109702296562e+24 1 / s
53 1.7003461685198287e+25 1 / s
54 9.896628571005074e+24 1 / s
55 8.647053683346412e+23 1 / s
57 9.91102837378163e+24 1 / s
61 1.6233302441551633e+25 1 / s
67 1.441839944159967e+25 1 / s
68 5.115099680172034e+24 1 / s
70 1.3059523916392763e+24 1 / s
72 5.9980307918570223e+23 1 / s
73 1.5098283347781894e+24 1 / s
75 3.729172161250388e+24 1 / s
78 6.606134865158848e+23 1 / s
80 2.2430257501594782e+23 1 / s
82 1.37180720434633e+24 1 / s
84 4.7430314986221255e+23 1 / s
85 2.930542732018676e+24 1 / s
86 2.425471238369114e+23 1 / s
87 4.2960001719415175e+24 1 / s
88 1.7320901919999463e+24 1 / s
89 3.8818116269966595e+24 1 / s
90 1.8147733070511563e+24 1 / s
92 7.294778878326056e+24 1 / s
93 1.965360382642164e+24 1 / s
94 3.0822309003375313e+24 1 / s
95 5.16526619113302e+24 1 / s
99 1.0113394043090651e+24 1 / s
100 4.577504449322706e+23 1 / s
102 8.797419632541545e+23 1 / s
103 1.2171549047795408e+24 1 / s
104 1.8246027320032857e+24 1 / s
105 2.6419611130404742e+23 1 / s
106 9.335165307155809e+22 1 / s
108 4.286600030491057e+24 1 / s
109 2.9618732945310226e+24 1 / s
110 4.3184967025154236e+24 1 / s
112 1.4569655084094335e+24 1 / s
113 1.9855010416729196e+24 1 / s
115 0.0 1 / s
117 2.0824367580582672e+24 1 / s
118 8.404813283219906e+22 1 / s
119 0.0 1 / s
122 1.4642302562481133e+24 1 / s
123 1.914773018218059e+24 1 / s
124 5.93818400277983e+22 1 / s
127 4.646812335513733e+23 1 / s
128 7.69375898525783e+23 1 / s
129 6.0806516543158435e+22 1 / s
130 0.0 1 / s
134 1.5632883969551605e+24 1 / s
137 1.3720665901479435e+23 1 / s
138 8.437294870226911e+23 1 / s
140 4.768094651702993e+22 1 / s
141 2.709745107647026e+23 1 / s
142 6.061197719194861e+21 1 / s
147 2.1920434708524163e+24 1 / s
149 0.0 1 / s
151 1.4779621405855127e+24 1 / s
152 6.891173922551518e+23 1 / s
153 5.5915991793094044e+23 1 / s
154 9.072537183022515e+22 1 / s
IsSatellite
156 7.42987283998671e+23 1 / s
158 6.115098088770069e+23 1 / s
159 1.3050711283782957e+24 1 / s
160 9.876762860924033e+23 1 / s
162 1.1431521355793142e+24 1 / s
163 3.2899846612105612e+22 1 / s
166 0.0 1 / s
167 5.899081593186653e+21 1 / s
170 0.0 1 / s
171 2.3205367123265215e+23 1 / s
172 6.96904802484082e+21 1 / s
173 3.545687184440787e+23 1 / s
174 3.1927149856056377e+22 1 / s
175 0.0 1 / s
176 4.4896180550911364e+23 1 / s
177 8.505519820696207e+22 1 / s
179 8.106389918464001e+23 1 / s
181 0.0 1 / s
182 1.0119418278333113e+23 1 / s
184 8.657694985857592e+23 1 / s
186 3.912316045730867e+22 1 / s
187 0.0 1 / s
188 4.241904614550595e+23 1 / s
189 5.529845904590358e+22 1 / s
191 0.0 1 / s
192 4.1755537264979565e+23 1 / s
193 1.5742947849821096e+24 1 / s
194 6.946864054157858e+23 1 / s
195 8.768524054241845e+23 1 / s
198 1.885533753731219e+23 1 / s
199 1.1873320222390709e+23 1 / s
200 0.0 1 / s
203 1.0307472984502637e+23 1 / s
205 6.842597446554419e+22 1 / s
208 1.426232830169806e+22 1 / s
209 1.8922842692182005e+23 1 / s
211 3.120164776894445e+23 1 / s
212 1.2576320591212698e+22 1 / s
213 0.0 1 / s
214 3.536401172743037e+22 1 / s
216 3.986889463694643e+22 1 / s
218 1.0290729631008509e+24 1 / s
219 4.888060584949067e+22 1 / s
223 0.0 1 / s
225 0.0 1 / s
226 0.0 1 / s
232 0.0 1 / s
233 1.7564893174286854e+23 1 / s
234 7.042758985014235e+23 1 / s
235 9.265072778914904e+23 1 / s
236 1.300651842783312e+24 1 / s
237 0.0 1 / s
238 0.0 1 / s
240 1.4893997575076436e+23 1 / s
242 0.0 1 / s
243 0.0 1 / s
244 0.0 1 / s
247 1.1960279312381514e+22 1 / s
248 0.0 1 / s
252 5.367729778582152e+22 1 / s
253 0.0 1 / s
257 3.880865517285276e+23 1 / s
258 0.0 1 / s
260 0.0 1 / s
261 0.0 1 / s
263 0.0 1 / s
265 0.0 1 / s
267 0.0 1 / s
268 1.8368600080585145e+23 1 / s
269 1.9908119659609487e+23 1 / s
271 0.0 1 / s
272 6.093620944396501e+21 1 / s
274 0.0 1 / s
275 0.0 1 / s
277 1.495216484108818e+23 1 / s
278 0.0 1 / s
279 0.0 1 / s
282 4.9788456155136634e+22 1 / s
283 1.1382679009349392e+24 1 / s
284 0.0 1 / s
285 0.0 1 / s
286 0.0 1 / s
288 0.0 1 / s
291 0.0 1 / s
294 0.0 1 / s
295 0.0 1 / s
296 6.6869659655865385e+22 1 / s
301 1.782693768036652e+22 1 / s
302 4.237423724827727e+23 1 / s
303 0.0 1 / s
305 2.3988841937037682e+23 1 / s
306 0.0 1 / s
307 8.10995647323618e+22 1 / s
308 4.732143779599415e+23 1 / s
309 4.8352301818055145e+23 1 / s
310 1.617737367500781e+23 1 / s
311 0.0 1 / s
312 3.349358071199808e+23 1 / s
IsSatellite
IsSatellite
318 0.0 1 / s
319 6.41461087389275e+22 1 / s
320 3.633476308996752e+22 1 / s
321 2.731659317096311e+24 1 / s
322 5.348275843461167e+22 1 / s
323 0.0 1 / s
326 0.0 1 / s
327 6.126044169598141e+21 1 / s
328 0.0 1 / s
329 0.0 1 / s
331 1.8669941535609199e+22 1 / s
333 0.0 1 / s
334 0.0 1 / s
335 0.0 1 / s
336 0.0 1 / s
337 0.0 1 / s
338 4.5544645054944195e+23 1 / s
340 0.0 1 / s
342 0.0 1 / s
343 0.0 1 / s
344 0.0 1 / s
347 0.0 1 / s
348 0.0 1 / s
349 0.0 1 / s
351 0.0 1 / s
354 0.0 1 / s
355 0.0 1 / s
356 0.0 1 / s
IsSatellite
360 2.069295624884042e+23 1 / s
361 0.0 1 / s
362 0.0 1 / s
363 0.0 1 / s
364 3.833605424231363e+23 1 / s
365 0.0 1 / s
371 0.0 1 / s
372 0.0 1 / s
373 0.0 1 / s
376 0.0 1 / s
379 0.0 1 / s
380 1.3743556698471792e+22 1 / s
381 0.0 1 / s
383 0.0 1 / s
386 7.196010601252313e+21 1 / s
IsSatellite
389 5.834235142783367e+21 1 / s
393 0.0 1 / s
396 6.113230510998455e+23 1 / s
397 2.3370531032442374e+23 1 / s
IsSatellite
399 2.1588031803756936e+22 1 / s
400 0.0 1 / s
401 0.0 1 / s
403 0.0 1 / s
404 5.170920801608187e+23 1 / s
405 0.0 1 / s
406 0.0 1 / s
408 0.0 1 / s
411 0.0 1 / s
413 0.0 1 / s
414 0.0 1 / s
415 0.0 1 / s
416 0.0 1 / s
417 0.0 1 / s
418 0.0 1 / s
420 0.0 1 / s
421 6.871778349235898e+21 1 / s
422 0.0 1 / s
423 0.0 1 / s
424 6.742085448429332e+21 1 / s
425 0.0 1 / s
426 0.0 1 / s
427 0.0 1 / s
428 0.0 1 / s
429 0.0 1 / s
430 1.9117382043391857e+23 1 / s
432 2.1588031803756928e+22 1 / s
433 0.0 1 / s
435 2.3447179536819057e+23 1 / s
436 0.0 1 / s
437 0.0 1 / s
438 0.0 1 / s
439 0.0 1 / s
440 0.0 1 / s
441 0.0 1 / s
442 0.0 1 / s
443 0.0 1 / s
444 0.0 1 / s
445 0.0 1 / s
446 0.0 1 / s
447 0.0 1 / s
448 0.0 1 / s
451 0.0 1 / s
453 0.0 1 / s
455 0.0 1 / s
457 1.9020592231519913e+24 1 / s
459 1.1539166463462592e+23 1 / s
460 0.0 1 / s
462 0.0 1 / s
463 0.0 1 / s
464 0.0 1 / s
465 0.0 1 / s
467 0.0 1 / s
468 0.0 1 / s
469 4.714557422250043e+23 1 / s
470 0.0 1 / s
471 0.0 1 / s
472 0.0 1 / s
473 5.899081593186654e+21 1 / s
474 0.0 1 / s
475 0.0 1 / s
476 0.0 1 / s
477 0.0 1 / s
478 0.0 1 / s
479 0.0 1 / s
480 0.0 1 / s
483 0.0 1 / s
485 0.0 1 / s
486 0.0 1 / s
487 9.276998041144066e+22 1 / s
488 0.0 1 / s
489 0.0 1 / s
490 0.0 1 / s
491 0.0 1 / s
492 0.0 1 / s
493 0.0 1 / s
497 0.0 1 / s
498 0.0 1 / s
499 8.207226148841105e+22 1 / s
RadiusEqualZero
502 0.0 1 / s
503 0.0 1 / s
504 0.0 1 / s
506 4.881381400557529e+22 1 / s
IsSatellite
508 0.0 1 / s
510 0.0 1 / s
511 0.0 1 / s
513 0.0 1 / s
IsSatellite
516 0.0 1 / s
517 0.0 1 / s
518 0.0 1 / s
520 0.0 1 / s
521 0.0 1 / s
IsSatellite
524 0.0 1 / s
525 0.0 1 / s
527 0.0 1 / s
532 0.0 1 / s
533 0.0 1 / s
535 1.2916764455829934e+23 1 / s
536 0.0 1 / s
537 0.0 1 / s
538 0.0 1 / s
540 0.0 1 / s
543 0.0 1 / s
544 0.0 1 / s
545 0.0 1 / s
546 0.0 1 / s
549 0.0 1 / s
550 5.500470462557672e+22 1 / s
551 0.0 1 / s
552 0.0 1 / s
555 0.0 1 / s
556 0.0 1 / s
557 0.0 1 / s
558 0.0 1 / s
559 5.7057483859543044e+23 1 / s
563 0.0 1 / s
566 0.0 1 / s
567 0.0 1 / s
574 0.0 1 / s
577 0.0 1 / s
578 0.0 1 / s
579 0.0 1 / s
580 5.899081593186651e+21 1 / s
581 0.0 1 / s
582 0.0 1 / s
583 0.0 1 / s
584 0.0 1 / s
586 0.0 1 / s
587 0.0 1 / s
RadiusEqualZero
590 0.0 1 / s
591 0.0 1 / s
592 0.0 1 / s
593 0.0 1 / s
594 0.0 1 / s
596 0.0 1 / s
597 0.0 1 / s
598 0.0 1 / s
599 0.0 1 / s
601 0.0 1 / s
602 0.0 1 / s
IsSatellite
606 0.0 1 / s
608 0.0 1 / s
609 0.0 1 / s
610 0.0 1 / s
611 0.0 1 / s
613 0.0 1 / s
614 0.0 1 / s
615 0.0 1 / s
616 0.0 1 / s
618 0.0 1 / s
620 1.1623661388338069e+23 1 / s
622 0.0 1 / s
623 0.0 1 / s
625 0.0 1 / s
628 0.0 1 / s
631 0.0 1 / s
633 0.0 1 / s
634 0.0 1 / s
636 0.0 1 / s
637 0.0 1 / s
638 0.0 1 / s
639 0.0 1 / s
640 0.0 1 / s
IsSatellite
642 0.0 1 / s
643 0.0 1 / s
644 7.16358737605067e+21 1 / s
647 0.0 1 / s
648 0.0 1 / s
650 0.0 1 / s
651 0.0 1 / s
IsSatellite
653 0.0 1 / s
654 0.0 1 / s
655 0.0 1 / s
656 0.0 1 / s
657 0.0 1 / s
658 0.0 1 / s
659 0.0 1 / s
660 0.0 1 / s
661 0.0 1 / s
662 0.0 1 / s
663 0.0 1 / s
664 0.0 1 / s
665 0.0 1 / s
667 0.0 1 / s
IsSatellite
669 0.0 1 / s
671 1.2644603903487357e+23 1 / s
672 0.0 1 / s
673 0.0 1 / s
675 0.0 1 / s
676 0.0 1 / s
677 0.0 1 / s
679 0.0 1 / s
680 0.0 1 / s
681 0.0 1 / s
683 0.0 1 / s
684 0.0 1 / s
685 0.0 1 / s
687 0.0 1 / s
688 0.0 1 / s
690 0.0 1 / s
IsSatellite
692 0.0 1 / s
693 0.0 1 / s
695 0.0 1 / s
697 0.0 1 / s
698 0.0 1 / s
702 0.0 1 / s
703 0.0 1 / s
706 0.0 1 / s
707 0.0 1 / s
708 0.0 1 / s
709 0.0 1 / s
711 5.5718015580012836e+22 1 / s
712 0.0 1 / s
713 0.0 1 / s
714 0.0 1 / s
715 0.0 1 / s
716 0.0 1 / s
718 0.0 1 / s
719 0.0 1 / s
720 0.0 1 / s
721 0.0 1 / s
722 0.0 1 / s
723 0.0 1 / s
724 0.0 1 / s
RadiusEqualZero
726 0.0 1 / s
727 0.0 1 / s
729 0.0 1 / s
730 0.0 1 / s
731 0.0 1 / s
735 0.0 1 / s
736 0.0 1 / s
737 0.0 1 / s
738 6.15541961163083e+22 1 / s
741 0.0 1 / s
742 0.0 1 / s
744 0.0 1 / s
745 0.0 1 / s
746 0.0 1 / s
747 0.0 1 / s
748 0.0 1 / s
749 0.0 1 / s
750 0.0 1 / s
751 0.0 1 / s
752 0.0 1 / s
753 0.0 1 / s
755 0.0 1 / s
757 0.0 1 / s
758 0.0 1 / s
759 0.0 1 / s
760 0.0 1 / s
762 0.0 1 / s
763 0.0 1 / s
766 0.0 1 / s
767 0.0 1 / s
768 0.0 1 / s
769 0.0 1 / s
771 0.0 1 / s
773 0.0 1 / s
774 0.0 1 / s
775 0.0 1 / s
776 0.0 1 / s
777 0.0 1 / s
RadiusEqualZero
779 0.0 1 / s
780 0.0 1 / s
781 0.0 1 / s
782 0.0 1 / s
783 2.758438307254851e+22 1 / s
784 0.0 1 / s
785 1.7516647415186814e+23 1 / s
786 0.0 1 / s
788 0.0 1 / s
IsSatellite
790 0.0 1 / s
792 0.0 1 / s
793 0.0 1 / s
794 0.0 1 / s
795 0.0 1 / s
796 0.0 1 / s
797 0.0 1 / s
798 0.0 1 / s
799 0.0 1 / s
800 0.0 1 / s
801 6.936624799639179e+21 1 / s
802 0.0 1 / s
803 0.0 1 / s
805 0.0 1 / s
806 0.0 1 / s
807 0.0 1 / s
RadiusEqualZero
RadiusEqualZero
810 0.0 1 / s
811 0.0 1 / s
813 0.0 1 / s
814 0.0 1 / s
816 0.0 1 / s
817 0.0 1 / s
818 0.0 1 / s
819 0.0 1 / s
820 0.0 1 / s
821 0.0 1 / s
822 0.0 1 / s
825 2.2027625891040792e+23 1 / s
826 0.0 1 / s
828 0.0 1 / s
829 0.0 1 / s
830 0.0 1 / s
831 0.0 1 / s
832 0.0 1 / s
833 0.0 1 / s
834 0.0 1 / s
837 0.0 1 / s
839 0.0 1 / s
RadiusEqualZero
841 0.0 1 / s
842 0.0 1 / s
843 0.0 1 / s
844 0.0 1 / s
845 2.4821924285368657e+23 1 / s
846 0.0 1 / s
847 0.0 1 / s
848 0.0 1 / s
849 0.0 1 / s
850 0.0 1 / s
851 0.0 1 / s
853 3.0897420646877433e+24 1 / s
855 0.0 1 / s
856 0.0 1 / s
IsSatellite
859 0.0 1 / s
862 0.0 1 / s
863 0.0 1 / s
865 0.0 1 / s
870 0.0 1 / s
IsSatellite
872 0.0 1 / s
873 1.8832057661617412e+22 1 / s
874 0.0 1 / s
875 0.0 1 / s
876 0.0 1 / s
877 0.0 1 / s
878 0.0 1 / s
880 0.0 1 / s
881 0.0 1 / s
882 0.0 1 / s
884 0.0 1 / s
886 0.0 1 / s
IsSatellite
888 0.0 1 / s
889 0.0 1 / s
890 0.0 1 / s
891 6.764587166719271e+22 1 / s
892 0.0 1 / s
894 0.0 1 / s
895 0.0 1 / s
896 0.0 1 / s
897 0.0 1 / s
RadiusEqualZero
900 0.0 1 / s
901 0.0 1 / s
902 0.0 1 / s
903 0.0 1 / s
904 0.0 1 / s
905 0.0 1 / s
907 0.0 1 / s
908 0.0 1 / s
910 0.0 1 / s
911 0.0 1 / s
912 3.170381868086747e+23 1 / s
913 0.0 1 / s
916 0.0 1 / s
RadiusEqualZero
919 0.0 1 / s
920 0.0 1 / s
921 0.0 1 / s
922 0.0 1 / s
923 0.0 1 / s
924 0.0 1 / s
925 0.0 1 / s
927 0.0 1 / s
928 0.0 1 / s
930 0.0 1 / s
931 0.0 1 / s
932 0.0 1 / s
933 0.0 1 / s
936 0.0 1 / s
937 0.0 1 / s
938 1.7393439159420577e+23 1 / s
939 0.0 1 / s
RadiusEqualZero
942 0.0 1 / s
944 0.0 1 / s
945 0.0 1 / s
946 0.0 1 / s
948 0.0 1 / s
949 0.0 1 / s
950 0.0 1 / s
951 0.0 1 / s
952 0.0 1 / s
953 0.0 1 / s
954 0.0 1 / s
955 0.0 1 / s
956 0.0 1 / s
RadiusEqualZero
960 0.0 1 / s
RadiusEqualZero
962 0.0 1 / s
963 0.0 1 / s
964 0.0 1 / s
965 0.0 1 / s
966 4.995057228114485e+22 1 / s
969 0.0 1 / s
970 0.0 1 / s
971 0.0 1 / s
972 0.0 1 / s
973 0.0 1 / s
974 0.0 1 / s
975 0.0 1 / s
976 0.0 1 / s
RadiusEqualZero
978 0.0 1 / s
979 0.0 1 / s
980 0.0 1 / s
981 0.0 1 / s
982 0.0 1 / s
983 0.0 1 / s
984 0.0 1 / s
RadiusEqualZero
987 0.0 1 / s
988 0.0 1 / s
989 0.0 1 / s
990 0.0 1 / s
991 0.0 1 / s
992 0.0 1 / s
993 0.0 1 / s
994 0.0 1 / s
996 0.0 1 / s
997 0.0 1 / s
999 0.0 1 / s
1000 0.0 1 / s
1001 0.0 1 / s
1004 0.0 1 / s
1005 7.131164150849027e+21 1 / s
1006 0.0 1 / s
1007 0.0 1 / s
1009 0.0 1 / s
1010 0.0 1 / s
1011 0.0 1 / s
IsSatellite
1013 0.0 1 / s
1015 0.0 1 / s
RadiusEqualZero
1017 0.0 1 / s
1018 0.0 1 / s
1021 0.0 1 / s
RadiusEqualZero
1024 0.0 1 / s
1025 0.0 1 / s
1028 0.0 1 / s
1029 0.0 1 / s
1030 0.0 1 / s
RadiusEqualZero
1032 0.0 1 / s
1034 0.0 1 / s
1036 0.0 1 / s
1037 0.0 1 / s
1038 0.0 1 / s
1039 0.0 1 / s
1041 0.0 1 / s
1042 0.0 1 / s
1043 0.0 1 / s
1046 0.0 1 / s
1047 0.0 1 / s
1048 0.0 1 / s
RadiusEqualZero
1051 0.0 1 / s
1052 0.0 1 / s
1053 0.0 1 / s
RadiusEqualZero
1056 0.0 1 / s
RadiusEqualZero
1058 0.0 1 / s
RadiusEqualZero
1061 0.0 1 / s
1062 0.0 1 / s
1064 0.0 1 / s
1065 0.0 1 / s
RadiusEqualZero
IsSatellite
1068 0.0 1 / s
RadiusEqualZero
1071 0.0 1 / s
1073 0.0 1 / s
1074 0.0 1 / s
1075 0.0 1 / s
1076 0.0 1 / s
1077 0.0 1 / s
RadiusEqualZero
1079 0.0 1 / s
1080 0.0 1 / s
1081 0.0 1 / s
1082 0.0 1 / s
1084 0.0 1 / s
1085 0.0 1 / s
1087 0.0 1 / s
RadiusEqualZero
1089 0.0 1 / s
1090 0.0 1 / s
1091 0.0 1 / s
1092 0.0 1 / s
RadiusEqualZero
1094 0.0 1 / s
1095 0.0 1 / s
RadiusEqualZero
RadiusEqualZero
1098 0.0 1 / s
RadiusEqualZero
RadiusEqualZero
1101 0.0 1 / s
1103 0.0 1 / s
1104 0.0 1 / s
1105 0.0 1 / s
RadiusEqualZero
RadiusEqualZero
RadiusEqualZero
RadiusEqualZero
RadiusEqualZero
1114 0.0 1 / s
1117 0.0 1 / s
1118 0.0 1 / s
1119 0.0 1 / s
1120 0.0 1 / s
RadiusEqualZero
1122 0.0 1 / s
1123 0.0 1 / s
1124 0.0 1 / s
1125 0.0 1 / s
1126 0.0 1 / s
RadiusEqualZero
1128 0.0 1 / s
1129 0.0 1 / s
RadiusEqualZero
1131 0.0 1 / s
1133 0.0 1 / s
1134 0.0 1 / s
RadiusEqualZero
1136 0.0 1 / s
1137 0.0 1 / s
1139 0.0 1 / s
1140 0.0 1 / s
RadiusEqualZero
RadiusEqualZero
1145 0.0 1 / s
1146 0.0 1 / s
1147 0.0 1 / s
1148 0.0 1 / s
1149 0.0 1 / s
1150 0.0 1 / s
IsSatellite
RadiusEqualZero
1153 0.0 1 / s
RadiusEqualZero
RadiusEqualZero
1156 0.0 1 / s
RadiusEqualZero
1158 0.0 1 / s
1159 0.0 1 / s
1161 0.0 1 / s
1162 0.0 1 / s
1163 0.0 1 / s
RadiusEqualZero
1165 0.0 1 / s
1166 0.0 1 / s
RadiusEqualZero
1168 0.0 1 / s
1169 0.0 1 / s
RadiusEqualZero
1171 0.0 1 / s
1172 0.0 1 / s
RadiusEqualZero
1175 0.0 1 / s
1177 0.0 1 / s
1178 0.0 1 / s
1179 0.0 1 / s
RadiusEqualZero
1182 0.0 1 / s
1183 0.0 1 / s
RadiusEqualZero
1185 0.0 1 / s
RadiusEqualZero
RadiusEqualZero
1188 0.0 1 / s
1189 0.0 1 / s
1190 0.0 1 / s
1192 0.0 1 / s
RadiusEqualZero
RadiusEqualZero
1195 0.0 1 / s
RadiusEqualZero
1198 0.0 1 / s
RadiusEqualZero
1200 0.0 1 / s
1202 0.0 1 / s
1203 0.0 1 / s
RadiusEqualZero
1205 0.0 1 / s
1206 0.0 1 / s
RadiusEqualZero
RadiusEqualZero
RadiusEqualZero
1210 0.0 1 / s
RadiusEqualZero
1212 0.0 1 / s
1213 0.0 1 / s
1214 0.0 1 / s
1215 0.0 1 / s
RadiusEqualZero
RadiusEqualZero
RadiusEqualZero
1220 0.0 1 / s
1221 0.0 1 / s
RadiusEqualZero
1223 0.0 1 / s
1224 0.0 1 / s
RadiusEqualZero
1226 0.0 1 / s
1227 0.0 1 / s
RadiusEqualZero
1230 0.0 1 / s
1231 0.0 1 / s
RadiusEqualZero
1233 0.0 1 / s
1234 0.0 1 / s
1235 0.0 1 / s
1236 0.0 1 / s
1237 0.0 1 / s
RadiusEqualZero
1239 0.0 1 / s
RadiusEqualZero
RadiusEqualZero
1244 0.0 1 / s
1245 0.0 1 / s
1246 0.0 1 / s
1247 0.0 1 / s
RadiusEqualZero
RadiusEqualZero
1250 0.0 1 / s
RadiusEqualZero
1252 0.0 1 / s
RadiusEqualZero
1254 0.0 1 / s
RadiusEqualZero
RadiusEqualZero
RadiusEqualZero
RadiusEqualZero
1260 0.0 1 / s
RadiusEqualZero
1262 0.0 1 / s
RadiusEqualZero
RadiusEqualZero
1265 0.0 1 / s
RadiusEqualZero
1267 0.0 1 / s
1270 0.0 1 / s
RadiusEqualZero
IsSatellite
1274 0.0 1 / s
RadiusEqualZero
RadiusEqualZero
RadiusEqualZero
1280 0.0 1 / s
1282 0.0 1 / s
1283 0.0 1 / s
1284 0.0 1 / s
1285 0.0 1 / s
IsSatellite
1287 0.0 1 / s
RadiusEqualZero
RadiusEqualZero
RadiusEqualZero
RadiusEqualZero
RadiusEqualZero
RadiusEqualZero
1295 0.0 1 / s
1296 0.0 1 / s
RadiusEqualZero
1298 0.0 1 / s
RadiusEqualZero
IsSatellite
RadiusEqualZero
RadiusEqualZero
1304 0.0 1 / s
RadiusEqualZero
1306 0.0 1 / s
RadiusEqualZero
RadiusEqualZero
1311 0.0 1 / s
RadiusEqualZero
1313 0.0 1 / s
RadiusEqualZero
RadiusEqualZero
RadiusEqualZero
1318 0.0 1 / s
1319 0.0 1 / s
1320 0.0 1 / s
RadiusEqualZero
1323 0.0 1 / s
1324 0.0 1 / s
1325 0.0 1 / s
1326 0.0 1 / s
IsSatellite
RadiusEqualZero
RadiusEqualZero
1331 0.0 1 / s
RadiusEqualZero
RadiusEqualZero
RadiusEqualZero
1337 0.0 1 / s
1338 0.0 1 / s
RadiusEqualZero
1342 0.0 1 / s
IsSatellite
RadiusEqualZero
1345 0.0 1 / s
RadiusEqualZero
1347 0.0 1 / s
RadiusEqualZero
RadiusEqualZero
RadiusEqualZero
RadiusEqualZero
RadiusEqualZero
1353 3.2021638851021556e+26 1 / s
1354 0.0 1 / s
RadiusEqualZero
RadiusEqualZero
RadiusEqualZero
RadiusEqualZero
RadiusEqualZero
1363 0.0 1 / s
1364 0.0 1 / s
RadiusEqualZero
1366 0.0 1 / s
RadiusEqualZero
1368 0.0 1 / s
1370 0.0 1 / s
RadiusEqualZero
1372 0.0 1 / s
1373 0.0 1 / s
1374 0.0 1 / s
1375 0.0 1 / s
RadiusEqualZero
1380 0.0 1 / s
RadiusEqualZero
RadiusEqualZero
RadiusEqualZero
RadiusEqualZero
1387 0.0 1 / s
RadiusEqualZero
RadiusEqualZero
RadiusEqualZero
1391 0.0 1 / s
RadiusEqualZero
1394 0.0 1 / s
RadiusEqualZero
RadiusEqualZero
IsSatellite
RadiusEqualZero
RadiusEqualZero
1401 0.0 1 / s
RadiusEqualZero
1403 0.0 1 / s
1404 0.0 1 / s
RadiusEqualZero
1406 0.0 1 / s
RadiusEqualZero
RadiusEqualZero
RadiusEqualZero
RadiusEqualZero
RadiusEqualZero
1412 0.0 1 / s
RadiusEqualZero
RadiusEqualZero
1415 0.0 1 / s
RadiusEqualZero
RadiusEqualZero
RadiusEqualZero
1421 0.0 1 / s
RadiusEqualZero
RadiusEqualZero
RadiusEqualZero
1425 0.0 1 / s
1426 0.0 1 / s
RadiusEqualZero
RadiusEqualZero
RadiusEqualZero
1432 0.0 1 / s
RadiusEqualZero
1434 0.0 1 / s
RadiusEqualZero
RadiusEqualZero
RadiusEqualZero
RadiusEqualZero
RadiusEqualZero
RadiusEqualZero
RadiusEqualZero
IsSatellite
1444 0.0 1 / s
RadiusEqualZero
1447 0.0 1 / s
1448 0.0 1 / s
RadiusEqualZero
1451 0.0 1 / s
1452 0.0 1 / s
RadiusEqualZero
1456 0.0 1 / s
RadiusEqualZero
RadiusEqualZero
RadiusEqualZero
1460 0.0 1 / s
RadiusEqualZero
RadiusEqualZero
RadiusEqualZero
1464 0.0 1 / s
RadiusEqualZero
1466 0.0 1 / s
1467 0.0 1 / s
1468 0.0 1 / s
1470 0.0 1 / s
1471 0.0 1 / s
RadiusEqualZero
RadiusEqualZero
RadiusEqualZero
1477 0.0 1 / s
1478 0.0 1 / s
RadiusEqualZero
RadiusEqualZero
1481 0.0 1 / s
1483 0.0 1 / s
1485 0.0 1 / s
1486 0.0 1 / s
1487 0.0 1 / s
1488 0.0 1 / s
1490 0.0 1 / s
RadiusEqualZero
RadiusEqualZero
1496 0.0 1 / s
1497 0.0 1 / s
RadiusEqualZero
1501 0.0 1 / s
1502 0.0 1 / s
RadiusEqualZero
1504 0.0 1 / s
1505 0.0 1 / s
1506 0.0 1 / s
RadiusEqualZero
1509 0.0 1 / s
RadiusEqualZero
1511 0.0 1 / s
1512 0.0 1 / s
RadiusEqualZero
RadiusEqualZero
RadiusEqualZero
RadiusEqualZero
1518 0.0 1 / s
1519 0.0 1 / s
RadiusEqualZero
1521 0.0 1 / s
1522 0.0 1 / s
1523 0.0 1 / s
RadiusEqualZero
RadiusEqualZero
RadiusEqualZero
RadiusEqualZero
RadiusEqualZero
1531 0.0 1 / s
RadiusEqualZero
1533 0.0 1 / s
1534 0.0 1 / s
1535 0.0 1 / s
1536 0.0 1 / s
RadiusEqualZero
RadiusEqualZero
1540 0.0 1 / s
RadiusEqualZero
1542 0.0 1 / s
RadiusEqualZero
1544 0.0 1 / s
1545 0.0 1 / s
1547 0.0 1 / s
RadiusEqualZero
RadiusEqualZero
1552 0.0 1 / s
RadiusEqualZero
1554 0.0 1 / s
RadiusEqualZero
RadiusEqualZero
1557 0.0 1 / s
RadiusEqualZero
RadiusEqualZero
RadiusEqualZero
1561 0.0 1 / s
RadiusEqualZero
RadiusEqualZero
1564 0.0 1 / s
RadiusEqualZero
RadiusEqualZero
1567 0.0 1 / s
1568 0.0 1 / s
1570 0.0 1 / s
RadiusEqualZero
RadiusEqualZero
RadiusEqualZero
1574 0.0 1 / s
RadiusEqualZero
1576 0.0 1 / s
RadiusEqualZero
RadiusEqualZero
RadiusEqualZero
RadiusEqualZero
RadiusEqualZero
RadiusEqualZero
1587 0.0 1 / s
RadiusEqualZero
RadiusEqualZero
1590 0.0 1 / s
RadiusEqualZero
RadiusEqualZero
RadiusEqualZero
RadiusEqualZero
RadiusEqualZero
RadiusEqualZero
RadiusEqualZero
RadiusEqualZero
RadiusEqualZero
RadiusEqualZero
RadiusEqualZero
1608 0.0 1 / s
RadiusEqualZero
RadiusEqualZero
RadiusEqualZero
RadiusEqualZero
1614 2.5114486438858415e+26 1 / s
1615 0.0 1 / s
RadiusEqualZero
RadiusEqualZero
RadiusEqualZero
RadiusEqualZero
RadiusEqualZero
RadiusEqualZero
RadiusEqualZero
RadiusEqualZero
1624 0.0 1 / s
RadiusEqualZero
1626 0.0 1 / s
RadiusEqualZero
RadiusEqualZero
1629 0.0 1 / s
RadiusEqualZero
RadiusEqualZero
RadiusEqualZero
RadiusEqualZero
RadiusEqualZero
RadiusEqualZero
RadiusEqualZero
RadiusEqualZero
RadiusEqualZero
1642 0.0 1 / s
RadiusEqualZero
1644 0.0 1 / s
1645 0.0 1 / s
RadiusEqualZero
1648 2.591441824420003e+26 1 / s
1649 0.0 1 / s
RadiusEqualZero
RadiusEqualZero
RadiusEqualZero
RadiusEqualZero
1658 0.0 1 / s
RadiusEqualZero
RadiusEqualZero
IsSatellite
RadiusEqualZero
RadiusEqualZero
RadiusEqualZero
RadiusEqualZero
RadiusEqualZero
1669 0.0 1 / s
1670 0.0 1 / s
1671 0.0 1 / s
RadiusEqualZero
RadiusEqualZero
RadiusEqualZero
RadiusEqualZero
RadiusEqualZero
1678 0.0 1 / s
RadiusEqualZero
RadiusEqualZero
RadiusEqualZero
RadiusEqualZero
RadiusEqualZero
RadiusEqualZero
1686 0.0 1 / s
RadiusEqualZero
RadiusEqualZero
RadiusEqualZero
RadiusEqualZero
RadiusEqualZero
RadiusEqualZero
RadiusEqualZero
1696 3.3634849676898385e+26 1 / s
RadiusEqualZero
1698 0.0 1 / s
RadiusEqualZero
RadiusEqualZero
1704 0.0 1 / s
RadiusEqualZero
RadiusEqualZero
RadiusEqualZero
RadiusEqualZero
RadiusEqualZero
RadiusEqualZero
RadiusEqualZero
RadiusEqualZero
RadiusEqualZero
RadiusEqualZero
RadiusEqualZero
RadiusEqualZero
RadiusEqualZero
RadiusEqualZero
RadiusEqualZero
RadiusEqualZero
RadiusEqualZero
RadiusEqualZero
RadiusEqualZero
RadiusEqualZero
RadiusEqualZero
RadiusEqualZero
RadiusEqualZero
RadiusEqualZero
RadiusEqualZero
RadiusEqualZero
RadiusEqualZero
RadiusEqualZero
RadiusEqualZero
RadiusEqualZero
1737 0.0 1 / s
RadiusEqualZero
RadiusEqualZero
RadiusEqualZero
1742 0.0 1 / s
RadiusEqualZero
1744 0.0 1 / s
RadiusEqualZero
RadiusEqualZero
RadiusEqualZero
RadiusEqualZero
RadiusEqualZero
RadiusEqualZero
RadiusEqualZero
RadiusEqualZero
RadiusEqualZero
RadiusEqualZero
RadiusEqualZero
RadiusEqualZero
1758 0.0 1 / s
RadiusEqualZero
RadiusEqualZero
RadiusEqualZero
RadiusEqualZero
1763 0.0 1 / s
RadiusEqualZero
RadiusEqualZero
1766 0.0 1 / s
1767 0.0 1 / s
RadiusEqualZero
RadiusEqualZero
RadiusEqualZero
RadiusEqualZero
RadiusEqualZero
1774 0.0 1 / s
RadiusEqualZero
RadiusEqualZero
1777 0.0 1 / s
RadiusEqualZero
RadiusEqualZero
RadiusEqualZero
1783 0.0 1 / s
RadiusEqualZero
RadiusEqualZero
RadiusEqualZero
RadiusEqualZero
RadiusEqualZero
1793 0.0 1 / s
RadiusEqualZero
1795 0.0 1 / s
RadiusEqualZero
1797 0.0 1 / s
RadiusEqualZero
RadiusEqualZero
RadiusEqualZero
RadiusEqualZero
RadiusEqualZero
RadiusEqualZero
RadiusEqualZero
1805 0.0 1 / s
RadiusEqualZero
RadiusEqualZero
RadiusEqualZero
RadiusEqualZero
RadiusEqualZero
RadiusEqualZero
RadiusEqualZero
1815 0.0 1 / s
RadiusEqualZero
RadiusEqualZero
RadiusEqualZero
RadiusEqualZero
RadiusEqualZero
RadiusEqualZero
1823 0.0 1 / s
RadiusEqualZero
RadiusEqualZero
1828 0.0 1 / s
RadiusEqualZero
1831 0.0 1 / s
RadiusEqualZero
RadiusEqualZero
RadiusEqualZero
RadiusEqualZero
RadiusEqualZero
RadiusEqualZero
RadiusEqualZero
RadiusEqualZero
RadiusEqualZero
RadiusEqualZero
RadiusEqualZero
RadiusEqualZero
RadiusEqualZero
1846 0.0 1 / s
RadiusEqualZero
RadiusEqualZero
RadiusEqualZero
IsSatellite
1852 0.0 1 / s
RadiusEqualZero
RadiusEqualZero
RadiusEqualZero
RadiusEqualZero
RadiusEqualZero
RadiusEqualZero
RadiusEqualZero
RadiusEqualZero
RadiusEqualZero
RadiusEqualZero
RadiusEqualZero
RadiusEqualZero
RadiusEqualZero
RadiusEqualZero
1869 0.0 1 / s
RadiusEqualZero
RadiusEqualZero
RadiusEqualZero
RadiusEqualZero
RadiusEqualZero
RadiusEqualZero
1879 2.5187108108357953e+26 1 / s
RadiusEqualZero
RadiusEqualZero
RadiusEqualZero
RadiusEqualZero
RadiusEqualZero
RadiusEqualZero
1887 0.0 1 / s
RadiusEqualZero
RadiusEqualZero
1890 3.369290787118055e+26 1 / s
RadiusEqualZero
RadiusEqualZero
RadiusEqualZero
1894 0.0 1 / s
1896 0.0 1 / s
RadiusEqualZero
RadiusEqualZero
RadiusEqualZero
RadiusEqualZero
RadiusEqualZero
RadiusEqualZero
RadiusEqualZero
RadiusEqualZero
RadiusEqualZero
RadiusEqualZero
RadiusEqualZero
RadiusEqualZero
RadiusEqualZero
RadiusEqualZero
RadiusEqualZero
1914 0.0 1 / s
RadiusEqualZero
RadiusEqualZero
RadiusEqualZero
RadiusEqualZero
RadiusEqualZero
RadiusEqualZero
RadiusEqualZero
RadiusEqualZero
RadiusEqualZero
RadiusEqualZero
RadiusEqualZero
IsSatellite
RadiusEqualZero
RadiusEqualZero
RadiusEqualZero
RadiusEqualZero
1936 0.0 1 / s
RadiusEqualZero
RadiusEqualZero
RadiusEqualZero
RadiusEqualZero
1941 0.0 1 / s
RadiusEqualZero
RadiusEqualZero
RadiusEqualZero
RadiusEqualZero
1947 0.0 1 / s
RadiusEqualZero
RadiusEqualZero
RadiusEqualZero
RadiusEqualZero
RadiusEqualZero
RadiusEqualZero
RadiusEqualZero
RadiusEqualZero
IsSatellite
RadiusEqualZero
RadiusEqualZero
RadiusEqualZero
RadiusEqualZero
RadiusEqualZero
RadiusEqualZero
IsSatellite
RadiusEqualZero
RadiusEqualZero
RadiusEqualZero
RadiusEqualZero
RadiusEqualZero
RadiusEqualZero
RadiusEqualZero
1974 0.0 1 / s
RadiusEqualZero
RadiusEqualZero
1978 0.0 1 / s
RadiusEqualZero
RadiusEqualZero
RadiusEqualZero
RadiusEqualZero
RadiusEqualZero
1985 0.0 1 / s
1986 1.8295965766027777e+26 1 / s
RadiusEqualZero
RadiusEqualZero
RadiusEqualZero
RadiusEqualZero
RadiusEqualZero
RadiusEqualZero
RadiusEqualZero
RadiusEqualZero
RadiusEqualZero
RadiusEqualZero
RadiusEqualZero
2004 0.0 1 / s
2005 0.0 1 / s
RadiusEqualZero
RadiusEqualZero
RadiusEqualZero
RadiusEqualZero
RadiusEqualZero
RadiusEqualZero
RadiusEqualZero
RadiusEqualZero
RadiusEqualZero
RadiusEqualZero
RadiusEqualZero
RadiusEqualZero
RadiusEqualZero
RadiusEqualZero
RadiusEqualZero
RadiusEqualZero
RadiusEqualZero
RadiusEqualZero
RadiusEqualZero
RadiusEqualZero
RadiusEqualZero
RadiusEqualZero
RadiusEqualZero
RadiusEqualZero
RadiusEqualZero
RadiusEqualZero
RadiusEqualZero
RadiusEqualZero
RadiusEqualZero
RadiusEqualZero
2042 0.0 1 / s
RadiusEqualZero
RadiusEqualZero
RadiusEqualZero
RadiusEqualZero
RadiusEqualZero
RadiusEqualZero
2049 0.0 1 / s
RadiusEqualZero
RadiusEqualZero
RadiusEqualZero
RadiusEqualZero
RadiusEqualZero
RadiusEqualZero
RadiusEqualZero
RadiusEqualZero
RadiusEqualZero
RadiusEqualZero
RadiusEqualZero
RadiusEqualZero
RadiusEqualZero
RadiusEqualZero
RadiusEqualZero
RadiusEqualZero
RadiusEqualZero
RadiusEqualZero
RadiusEqualZero
RadiusEqualZero
