yt : [INFO     ] 2017-07-24 14:58:14,247 Parameters: current_time              = 2.442094332e+16
yt : [INFO     ] 2017-07-24 14:58:14,248 Parameters: domain_dimensions         = [2 2 2]
yt : [INFO     ] 2017-07-24 14:58:14,248 Parameters: domain_left_edge          = [ 0.  0.  0.]
yt : [INFO     ] 2017-07-24 14:58:14,249 Parameters: domain_right_edge         = [  1.66901647e+25   1.66901647e+25   1.66901647e+25]
yt : [INFO     ] 2017-07-24 14:58:14,249 Parameters: cosmological_simulation   = 1
yt : [INFO     ] 2017-07-24 14:58:14,249 Parameters: current_redshift          = 6.99999981444
yt : [INFO     ] 2017-07-24 14:58:14,249 Parameters: omega_lambda              = 0.712
yt : [INFO     ] 2017-07-24 14:58:14,249 Parameters: omega_matter              = 0.288
yt : [INFO     ] 2017-07-24 14:58:14,249 Parameters: hubble_constant           = 0.6933
yt : [INFO     ] 2017-07-24 14:58:14,367 Parameters: current_time              = 102.74801136229
yt : [INFO     ] 2017-07-24 14:58:14,367 Parameters: domain_dimensions         = [128 128 128]
yt : [INFO     ] 2017-07-24 14:58:14,368 Parameters: domain_left_edge          = [ 0.  0.  0.]
yt : [INFO     ] 2017-07-24 14:58:14,368 Parameters: domain_right_edge         = [ 1.  1.  1.]
yt : [INFO     ] 2017-07-24 14:58:14,369 Parameters: cosmological_simulation   = 1
yt : [INFO     ] 2017-07-24 14:58:14,369 Parameters: current_redshift          = 6.9999998144358
yt : [INFO     ] 2017-07-24 14:58:14,369 Parameters: omega_lambda              = 0.712
yt : [INFO     ] 2017-07-24 14:58:14,369 Parameters: omega_matter              = 0.288
yt : [INFO     ] 2017-07-24 14:58:14,369 Parameters: hubble_constant           = 0.6933
yt : [INFO     ] 2017-07-24 14:58:14,372 Allocating for 3.540e+03 particles (index particle type 'all')
yt : [INFO     ] 2017-07-24 14:58:14,377 Identified 1.305e+03 octs
IsSatellite
IsSatellite
IsSatellite
Parsing Hierarchy :   0%|          | 0/17983 [00:00<?, ?it/s]Parsing Hierarchy :   1%|          | 196/17983 [00:00<00:09, 1799.61it/s]Parsing Hierarchy :  12%|█▏        | 2226/17983 [00:00<00:02, 7347.77it/s]Parsing Hierarchy :  24%|██▎       | 4241/17983 [00:00<00:01, 11185.88it/s]Parsing Hierarchy :  35%|███▍      | 6229/17983 [00:00<00:00, 13792.60it/s]Parsing Hierarchy :  46%|████▌     | 8228/17983 [00:00<00:00, 15651.38it/s]Parsing Hierarchy :  54%|█████▍    | 9763/17983 [00:00<00:00, 14407.97it/s]Parsing Hierarchy :  65%|██████▌   | 11758/17983 [00:00<00:00, 16068.83it/s]Parsing Hierarchy :  76%|███████▋  | 13746/17983 [00:00<00:00, 17210.25it/s]Parsing Hierarchy :  88%|████████▊ | 15746/17983 [00:00<00:00, 18045.05it/s]Parsing Hierarchy :  99%|█████████▊| 17746/17983 [00:01<00:00, 18630.24it/s]Parsing Hierarchy : 100%|██████████| 17983/17983 [00:01<00:00, 17041.67it/s]
yt : [INFO     ] 2017-07-24 14:58:18,958 Gathering a field list (this may take a moment.)
7 
 1768154657.2594724 569863286.3608391
0.15616328197361792 0.05033028118270594
[7, 3536, <Quantity 2866.9580374318134 kpc>, <Quantity 2611.632657045361 kpc>, <Quantity 3116.9756732293426 kpc>, <Quantity 11322473726.94295 solMass>, <Quantity 9305879050.795027 solMass>, <Quantity 8.810772837948246 kpc>, <Quantity 11.586893604274307 kpc>, -1, <Quantity 1768154657.2594724 solMass>, <Quantity 569863286.3608391 solMass>, 0, 0, 0] 

IsSatellite
10 
 1497396480.1307797 246985962.3439906
0.17495109016211194 0.028857062201084888
[10, 3534, <Quantity 2598.7528628531913 kpc>, <Quantity 2542.8947847451136 kpc>, <Quantity 2525.865977390436 kpc>, <Quantity 8558943409.516756 solMass>, <Quantity 7090179130.867242 solMass>, <Quantity 8.026144025845133 kpc>, <Quantity 9.975735928469494 kpc>, -1, <Quantity 1497396480.1307797 solMass>, <Quantity 246985962.3439906 solMass>, 0, 0, 0] 

IsSatellite
IsSatellite
22 
 710586178.7523125 55009688.70090037
0.19062767328083793 0.014757350028068937
[22, 3525, <Quantity 2614.710979208828 kpc>, <Quantity 2424.2499666509148 kpc>, <Quantity 2366.075285007426 kpc>, <Quantity 3727612924.832049 solMass>, <Quantity 3462201598.2561326 solMass>, <Quantity 6.083831353408039 kpc>, <Quantity 6.944413358559839 kpc>, -1, <Quantity 710586178.7523125 solMass>, <Quantity 55009688.70090037 solMass>, 0, 0, 0] 

23 
 810004518.5931305 85178067.15128496
0.19625235143996703 0.020637410762331585
[23, 3523, <Quantity 2579.621693141996 kpc>, <Quantity 2552.207848033302 kpc>, <Quantity 2520.634454134581 kpc>, <Quantity 4127362106.236512 solMass>, <Quantity 3304911452.1083364 solMass>, <Quantity 6.293966416347545 kpc>, <Quantity 10.196183976103699 kpc>, -1, <Quantity 810004518.5931305 solMass>, <Quantity 85178067.15128496 solMass>, 0, 0, 0] 

IsSatellite
25 
 556682455.2294888 52768038.07137525
0.19321132512014835 0.018314539041037078
[25, 3521, <Quantity 2497.0183061195726 kpc>, <Quantity 2763.1501211193686 kpc>, <Quantity 2153.6259168146685 kpc>, <Quantity 2881210275.2430077 solMass>, <Quantity 2744849428.8593245 solMass>, <Quantity 5.583311804483197 kpc>, <Quantity 6.519034207332858 kpc>, -1, <Quantity 556682455.2294888 solMass>, <Quantity 52768038.07137525 solMass>, 0, 0, 0] 

26 
 392552273.58811414 1296234.657112611
0.16670780308566227 0.0005504806531765889
[26, 3520, <Quantity 2747.2290566691227 kpc>, <Quantity 2556.3227789225984 kpc>, <Quantity 2506.133443179564 kpc>, <Quantity 2354732449.964579 solMass>, <Quantity 2655748652.433243 solMass>, <Quantity 5.2201232050886395 kpc>, <Quantity 11.919242720724158 kpc>, -1, <Quantity 392552273.58811414 solMass>, <Quantity 1296234.657112611 solMass>, 0, 0, 0] 

27 
 558654118.5835054 18560972.068059124
0.19734227409009047 0.006556587189441667
[27, 3519, <Quantity 2769.227662375326 kpc>, <Quantity 2555.2270359901872 kpc>, <Quantity 2500.302470823746 kpc>, <Quantity 2830889231.206838 solMass>, <Quantity 2629079032.2737494 solMass>, <Quantity 5.550616076257482 kpc>, <Quantity 7.108015996589637 kpc>, -1, <Quantity 558654118.5835054 solMass>, <Quantity 18560972.068059124 solMass>, 0, 0, 0] 

IsSatellite
30 
 467706877.83234435 15681943.920137065
0.17798521617172983 0.005967742427809807
[30, 3517, <Quantity 2658.0795821837755 kpc>, <Quantity 2952.592468934851 kpc>, <Quantity 2640.6513003520536 kpc>, <Quantity 2627784980.6417365 solMass>, <Quantity 2425117050.8706484 solMass>, <Quantity 5.4145641786283125 kpc>, <Quantity 9.455050876548958 kpc>, -1, <Quantity 467706877.83234435 solMass>, <Quantity 15681943.920137065 solMass>, 0, 0, 0] 

32 
 460303461.3041449 89130920.47891356
0.18514469919880186 0.03585051786190464
[32, 3516, <Quantity 2832.6986717686204 kpc>, <Quantity 2594.751651698687 kpc>, <Quantity 3094.7199107978695 kpc>, <Quantity 2486182230.9581075 solMass>, <Quantity 2399962750.056043 solMass>, <Quantity 5.315505230019686 kpc>, <Quantity 5.553297380995357 kpc>, -1, <Quantity 460303461.3041449 solMass>, <Quantity 89130920.47891356 solMass>, 0, 0, 0] 

IsSatellite
IsSatellite
40 
 191679798.25306755 1826487.527508943
0.18437772155277402 0.0017569071536795045
[40, 3513, <Quantity 2821.0549566745594 kpc>, <Quantity 2487.347169911183 kpc>, <Quantity 2659.361943750916 kpc>, <Quantity 1039603899.2064639 solMass>, <Quantity 1851720217.5434654 solMass>, <Quantity 3.974869398023928 kpc>, <Quantity 10.11350022741388 kpc>, -1, <Quantity 191679798.25306755 solMass>, <Quantity 1826487.527508943 solMass>, 0, 0, 0] 

42 
 389261531.8032026 15223913.242631543
0.18562584819444197 0.007259776724946925
[42, 3512, <Quantity 2680.3274561968674 kpc>, <Quantity 2919.941318317928 kpc>, <Quantity 2677.480775493508 kpc>, <Quantity 2097022239.0335073 solMass>, <Quantity 1824747533.527732 solMass>, <Quantity 5.022283710061383 kpc>, <Quantity 7.733901566165781 kpc>, -1, <Quantity 389261531.8032026 solMass>, <Quantity 15223913.242631543 solMass>, 0, 0, 0] 

IsSatellite
47 
 358878920.2132958 34115559.86724158
0.21555064956298856 0.020490562904108143
[47, 3510, <Quantity 2558.6220945362675 kpc>, <Quantity 2334.113780295665 kpc>, <Quantity 2315.201853206907 kpc>, <Quantity 1664940100.8110795 solMass>, <Quantity 1704734242.834494 solMass>, <Quantity 4.65050128029529 kpc>, <Quantity 5.308034630806672 kpc>, -1, <Quantity 358878920.2132958 solMass>, <Quantity 34115559.86724158 solMass>, 0, 0, 0] 

48 
 252383801.5627797 13894004.833616361
0.14751362768159143 0.008120786846625318
[48, 3509, <Quantity 2633.4490426814573 kpc>, <Quantity 2515.8631979853126 kpc>, <Quantity 2539.606098571351 kpc>, <Quantity 1710918547.1836596 solMass>, <Quantity 1686550410.9115112 solMass>, <Quantity 4.6929220634741045 kpc>, <Quantity 6.488254996064852 kpc>, -1, <Quantity 252383801.5627797 solMass>, <Quantity 13894004.833616361 solMass>, 0, 0, 0] 

49 
 335044675.30934215 12604886.53173365
0.2078020151655089 0.007817825547618245
[49, 3508, <Quantity 2681.9504677767177 kpc>, <Quantity 2918.0234509474153 kpc>, <Quantity 2303.815676973102 kpc>, <Quantity 1612326401.3704958 solMass>, <Quantity 1669578834.4427643 solMass>, <Quantity 4.600989253641202 kpc>, <Quantity 7.412896219801662 kpc>, -1, <Quantity 335044675.30934215 solMass>, <Quantity 12604886.53173365 solMass>, 0, 0, 0] 

51 
 390789787.49383336 38691112.00996999
0.2289952434697104 0.022672241953039074
[51, 3507, <Quantity 2621.4895322952957 kpc>, <Quantity 2825.3413725028054 kpc>, <Quantity 2808.22518622992 kpc>, <Quantity 1706541068.5943956 solMass>, <Quantity 1646242916.76495 solMass>, <Quantity 4.688916279348228 kpc>, <Quantity 7.252527732117636 kpc>, -1, <Quantity 390789787.49383336 solMass>, <Quantity 38691112.00996999 solMass>, 0, 0, 0] 

53 
 302169237.2740416 33752958.163011275
0.1793636878863064 0.020035312356099982
[53, 3506, <Quantity 2609.554177558245 kpc>, <Quantity 2655.182819392262 kpc>, <Quantity 2612.102394731249 kpc>, <Quantity 1684673418.7667804 solMass>, <Quantity 1601995592.4702492 solMass>, <Quantity 4.668802164670299 kpc>, <Quantity 5.400060028645268 kpc>, -1, <Quantity 302169237.2740416 solMass>, <Quantity 33752958.163011275 solMass>, 0, 0, 0] 

54 
 322165703.65147775 25051578.68359747
0.21303175577803304 0.01656533185093998
[54, 3504, <Quantity 2571.273497195017 kpc>, <Quantity 3005.127492576427 kpc>, <Quantity 2646.9584519827154 kpc>, <Quantity 1512289576.1473048 solMass>, <Quantity 1592297548.7676933 solMass>, <Quantity 4.503794331392363 kpc>, <Quantity 5.8581105505329 kpc>, -1, <Quantity 322165703.65147775 solMass>, <Quantity 25051578.68359747 solMass>, 0, 0, 0] 

55 
 243800106.10950708 2004863.9979764996
0.14986408200683446 0.001232391188830511
[55, 3503, <Quantity 2713.7156968962054 kpc>, <Quantity 2820.7841053690213 kpc>, <Quantity 2743.440590967934 kpc>, <Quantity 1626808124.033274 solMass>, <Quantity 1581084185.7398922 solMass>, <Quantity 4.614723394050797 kpc>, <Quantity 14.66014393872481 kpc>, -1, <Quantity 243800106.10950708 solMass>, <Quantity 2004863.9979764996 solMass>, 0, 0, 0] 

57 
 361176913.9681813 11418702.755545866
0.208289532286291 0.006585128130527082
[57, 3501, <Quantity 2594.3200627327396 kpc>, <Quantity 2399.735263144455 kpc>, <Quantity 2352.2917958832536 kpc>, <Quantity 1734013754.8138943 solMass>, <Quantity 1526229626.1208818 solMass>, <Quantity 4.713943900459871 kpc>, <Quantity 5.8334168911509305 kpc>, -1, <Quantity 361176913.9681813 solMass>, <Quantity 11418702.755545866 solMass>, 0, 0, 0] 

61 
 353719560.6697972 9792977.491833812
0.2531483386002159 0.0070085917140479985
[61, 3498, <Quantity 2648.810180200356 kpc>, <Quantity 2498.8483717290965 kpc>, <Quantity 2511.417272778256 kpc>, <Quantity 1397281778.050332 solMass>, <Quantity 1311054281.69386 solMass>, <Quantity 4.386601965589002 kpc>, <Quantity 6.061626892818419 kpc>, -1, <Quantity 353719560.6697972 solMass>, <Quantity 9792977.491833812 solMass>, 0, 0, 0] 

67 
 383518303.067496 30812288.990627777
0.296250907499137 0.02380112892289437
[67, 3495, <Quantity 2608.349185272984 kpc>, <Quantity 2546.152253421968 kpc>, <Quantity 2533.947356292115 kpc>, <Quantity 1294572584.789848 solMass>, <Quantity 1210134014.5167167 solMass>, <Quantity 4.276374182822078 kpc>, <Quantity 6.464237158752119 kpc>, -1, <Quantity 383518303.067496 solMass>, <Quantity 30812288.990627777 solMass>, 0, 0, 0] 

68 
 354045723.9568748 17810243.36169058
0.32433842292335247 0.016315819830422393
[68, 3493, <Quantity 2614.6433390954353 kpc>, <Quantity 2416.30787892515 kpc>, <Quantity 2360.8463858178543 kpc>, <Quantity 1091593529.8869686 solMass>, <Quantity 1150430433.0340111 solMass>, <Quantity 4.040054415725737 kpc>, <Quantity 6.548959650401899 kpc>, -1, <Quantity 354045723.9568748 solMass>, <Quantity 17810243.36169058 solMass>, 0, 0, 0] 

70 
 183836993.18218586 15467185.364953851
0.18328405175780538 0.015420663457916465
[70, 3491, <Quantity 2926.9698605058716 kpc>, <Quantity 2835.0658620494955 kpc>, <Quantity 3196.6761041990853 kpc>, <Quantity 1003016855.0895587 solMass>, <Quantity 1129215962.4494107 solMass>, <Quantity 3.927681900855233 kpc>, <Quantity 5.1892641680107285 kpc>, -1, <Quantity 183836993.18218586 solMass>, <Quantity 15467185.364953851 solMass>, 0, 0, 0] 

72 
 302841700.6765515 1038899.5767657454
0.24873710139224667 0.000853293548362218
[72, 3490, <Quantity 2683.072674205254 kpc>, <Quantity 2546.55724072385 kpc>, <Quantity 2536.6457638658685 kpc>, <Quantity 1217517205.842905 solMass>, <Quantity 1120124046.4940662 solMass>, <Quantity 4.189786883716093 kpc>, <Quantity 5.978951971814631 kpc>, -1, <Quantity 302841700.6765515 solMass>, <Quantity 1038899.5767657454 solMass>, 0, 0, 0] 

73 
 262061199.0508984 2901598.817709332
0.28403242464986034 0.0031448690250214448
[73, 3489, <Quantity 2733.4727281265186 kpc>, <Quantity 2958.1326445460254 kpc>, <Quantity 2212.292513024592 kpc>, <Quantity 922645361.2609657 solMass>, <Quantity 1114971960.7592256 solMass>, <Quantity 3.81983993333229 kpc>, <Quantity 4.682315152912664 kpc>, -1, <Quantity 262061199.0508984 solMass>, <Quantity 2901598.817709332 solMass>, 0, 0, 0] 

75 
 207335179.1614426 7822990.640289195
0.21497262293460745 0.00811116002570102
[75, 3487, <Quantity 2660.994448822053 kpc>, <Quantity 2969.4514736562223 kpc>, <Quantity 2196.489467619294 kpc>, <Quantity 964472481.8030058 solMass>, <Quantity 1104364725.4922597 solMass>, <Quantity 3.8767117513122678 kpc>, <Quantity 4.649989351479536 kpc>, -1, <Quantity 207335179.1614426 solMass>, <Quantity 7822990.640289195 solMass>, 0, 0, 0] 

78 
 132379427.98845808 3541412.7546764007
0.13052974852640734 0.0034919301535010832
[78, 3486, <Quantity 2704.6538125712964 kpc>, <Quantity 2935.2212633548193 kpc>, <Quantity 3086.7041695930097 kpc>, <Quantity 1014170558.68821 solMass>, <Quantity 1084665574.232802 solMass>, <Quantity 3.94218707780433 kpc>, <Quantity 4.52209239205355 kpc>, -1, <Quantity 132379427.98845808 solMass>, <Quantity 3541412.7546764007 solMass>, 0, 0, 0] 

80 
 247548623.89630684 479125.1134524362
0.19806633774812657 0.0003833531976506999
[80, 3484, <Quantity 2507.999066888793 kpc>, <Quantity 2520.503438418468 kpc>, <Quantity 2483.3767680461997 kpc>, <Quantity 1249826834.3362062 solMass>, <Quantity 1034963100.318972 solMass>, <Quantity 4.226525679924144 kpc>, <Quantity 5.863985669523437 kpc>, -1, <Quantity 247548623.89630684 solMass>, <Quantity 479125.1134524362 solMass>, 0, 0, 0] 

82 
 239490881.75848192 5207691.705626996
0.19766143203051922 0.004298116874218878
[82, 3483, <Quantity 2619.5449564734254 kpc>, <Quantity 2535.334508074382 kpc>, <Quantity 2556.740347856142 kpc>, <Quantity 1211621707.3723526 solMass>, <Quantity 1023749737.3004487 solMass>, <Quantity 4.18301330144416 kpc>, <Quantity 5.4088021065743614 kpc>, -1, <Quantity 239490881.75848192 solMass>, <Quantity 5207691.705626996 solMass>, 0, 0, 0] 

84 
 184068826.91629392 2783964.6065829643
0.20742749619482584 0.0031372547840549064
[84, 3482, <Quantity 2800.5304510522733 kpc>, <Quantity 2568.679322321222 kpc>, <Quantity 2501.099394075816 kpc>, <Quantity 887388751.6986064 solMass>, <Quantity 983442243.1944972 solMass>, <Quantity 3.770551441336143 kpc>, <Quantity 4.885567551568258 kpc>, -1, <Quantity 184068826.91629392 solMass>, <Quantity 2783964.6065829643 solMass>, 0, 0, 0] 

85 
 173281388.11303154 7655070.955193962
0.1786370623340609 0.007891669164738198
[85, 3481, <Quantity 2823.5592626119346 kpc>, <Quantity 2741.701510865146 kpc>, <Quantity 3197.6220768620037 kpc>, <Quantity 970019243.7613312 solMass>, <Quantity 977077902.0189354 solMass>, <Quantity 3.8841293143309383 kpc>, <Quantity 4.478566436681716 kpc>, -1, <Quantity 173281388.11303154 solMass>, <Quantity 7655070.955193962 solMass>, 0, 0, 0] 

86 
 145762633.64726725 2717655.991624718
0.12314789518843541 0.0022960178945771862
[86, 3480, <Quantity 2626.587803846267 kpc>, <Quantity 2509.8864246510116 kpc>, <Quantity 2556.0657126943515 kpc>, <Quantity 1183638854.9250295 solMass>, <Quantity 963136964.2196417 solMass>, <Quantity 4.1505594116909394 kpc>, <Quantity 4.677047978440232 kpc>, -1, <Quantity 145762633.64726725 solMass>, <Quantity 2717655.991624718 solMass>, 0, 0, 0] 

87 
 247583008.85663995 20364029.049652178
0.2950347837757899 0.02426700012740758
[87, 3479, <Quantity 2627.323177849803 kpc>, <Quantity 2546.153501591165 kpc>, <Quantity 2533.724055810729 kpc>, <Quantity 839165489.8725072 solMass>, <Quantity 949802154.1430938 solMass>, <Quantity 3.7009745805158505 kpc>, <Quantity 5.834220140422913 kpc>, -1, <Quantity 247583008.85663995 solMass>, <Quantity 20364029.049652178 solMass>, 0, 0, 0] 

88 
 185264148.474062 3623584.3263185043
0.2204449085932316 0.00431168535399058
[88, 3478, <Quantity 2679.5303026001875 kpc>, <Quantity 2972.763285536916 kpc>, <Quantity 2210.1175511138704 kpc>, <Quantity 840410194.3488942 solMass>, <Quantity 941013302.0438493 solMass>, <Quantity 3.7028035180917116 kpc>, <Quantity 5.863971746114309 kpc>, -1, <Quantity 185264148.474062 solMass>, <Quantity 3623584.3263185043 solMass>, 0, 0, 0] 

89 
 198945103.96145636 13931834.754522214
0.28162998984518334 0.019722136420110274
[89, 3476, <Quantity 2650.7561086179126 kpc>, <Quantity 2791.5540843975173 kpc>, <Quantity 2955.703697885327 kpc>, <Quantity 706405962.201752 solMass>, <Quantity 916162065.0603797 solMass>, <Quantity 3.4944997663840303 kpc>, <Quantity 4.5646922941100145 kpc>, -1, <Quantity 198945103.96145636 solMass>, <Quantity 13931834.754522214 solMass>, 0, 0, 0] 

90 
 236012126.5566125 1099057.268300458
0.22313450882866717 0.001039088996462959
[90, 3475, <Quantity 2483.0981411892735 kpc>, <Quantity 2730.313759926757 kpc>, <Quantity 2191.7723739896032 kpc>, <Quantity 1057712353.8422886 solMass>, <Quantity 911919170.9683427 solMass>, <Quantity 3.997815578743473 kpc>, <Quantity 5.373878498657513 kpc>, -1, <Quantity 236012126.5566125 solMass>, <Quantity 1099057.268300458 solMass>, 0, 0, 0] 

92 
 180788693.87039518 8079967.69603221
0.21669103327447523 0.009684546701425724
[92, 3473, <Quantity 2451.268547659348 kpc>, <Quantity 2974.13073482463 kpc>, <Quantity 2472.5909724429166 kpc>, <Quantity 834315528.1436876 solMass>, <Quantity 911009979.3689601 solMass>, <Quantity 3.6938308658526258 kpc>, <Quantity 6.985551555304926 kpc>, -1, <Quantity 180788693.87039518 solMass>, <Quantity 8079967.69603221 solMass>, 0, 0, 0] 

93 
 179230787.57122427 3437545.5131588043
0.23538253296729014 0.004514504349628661
[93, 3472, <Quantity 2606.131978826174 kpc>, <Quantity 2443.652057379179 kpc>, <Quantity 2376.079376214192 kpc>, <Quantity 761444722.8169264 solMass>, <Quantity 904948702.065068 solMass>, <Quantity 3.5829962815603116 kpc>, <Quantity 5.528417131778772 kpc>, -1, <Quantity 179230787.57122427 solMass>, <Quantity 3437545.5131588043 solMass>, 0, 0, 0] 

94 
 178736415.92567205 11327983.039401803
0.24255742340732458 0.015372840303465671
[94, 3471, <Quantity 2823.444184906046 kpc>, <Quantity 2352.671408661481 kpc>, <Quantity 2843.0461133825293 kpc>, <Quantity 736882893.1923536 solMass>, <Quantity 889189381.0692455 solMass>, <Quantity 3.5440490332895425 kpc>, <Quantity 4.709881961146381 kpc>, -1, <Quantity 178736415.92567205 solMass>, <Quantity 11327983.039401803 solMass>, 0, 0, 0] 

95 
 183094840.28756675 8427667.245661918
0.21518723279346252 0.009904847076246307
[95, 3470, <Quantity 2792.849256601884 kpc>, <Quantity 2622.1714510312613 kpc>, <Quantity 2611.2634055972603 kpc>, <Quantity 850862934.1560512 solMass>, <Quantity 888583253.3304797 solMass>, <Quantity 3.7180917179790987 kpc>, <Quantity 5.737270873148711 kpc>, -1, <Quantity 183094840.28756675 solMass>, <Quantity 8427667.245661918 solMass>, 0, 0, 0] 

99 
 145570651.83975735 2992151.558800129
0.1915967387101541 0.003938200957042333
[99, 3469, <Quantity 2779.4074891558785 kpc>, <Quantity 2541.176969414882 kpc>, <Quantity 3128.4097171258077 kpc>, <Quantity 759776250.993371 solMass>, <Quantity 856458483.6076858 solMass>, <Quantity 3.5803773564682353 kpc>, <Quantity 7.654962934753118 kpc>, -1, <Quantity 145570651.83975735 solMass>, <Quantity 2992151.558800129 solMass>, 0, 0, 0] 

100 
 179691264.39017835 818505.5307421726
0.21930621295983313 0.0009989542276466698
[100, 3468, <Quantity 2789.257214809555 kpc>, <Quantity 2543.174646377849 kpc>, <Quantity 2501.0090305403837 kpc>, <Quantity 819362397.2846112 solMass>, <Quantity 856458483.5976722 solMass>, <Quantity 3.6716299752526953 kpc>, <Quantity 5.505140978116594 kpc>, -1, <Quantity 179691264.39017835 solMass>, <Quantity 818505.5307421726 solMass>, 0, 0, 0] 

102 
 175207410.98834908 671839.2324694418
0.218786917617231 0.0008389464462555752
[102, 3467, <Quantity 2556.064203754724 kpc>, <Quantity 2464.328874240084 kpc>, <Quantity 2390.042427896678 kpc>, <Quantity 800813014.3086319 solMass>, <Quantity 840093034.8713677 solMass>, <Quantity 3.643711118824569 kpc>, <Quantity 4.75527565671341 kpc>, -1, <Quantity 175207410.98834908 solMass>, <Quantity 671839.2324694418 solMass>, 0, 0, 0] 

103 
 194765555.06212065 13657451.533692723
0.2982483489175557 0.020913925817356186
[103, 3466, <Quantity 2887.955223435342 kpc>, <Quantity 2937.5610529643163 kpc>, <Quantity 2463.7446115579346 kpc>, <Quantity 653031461.092713 solMass>, <Quantity 836456268.4664439 solMass>, <Quantity 3.4041728107476237 kpc>, <Quantity 4.847806127050833 kpc>, -1, <Quantity 194765555.06212065 solMass>, <Quantity 13657451.533692723 solMass>, 0, 0, 0] 

104 
 151471555.24476898 2317360.475709382
0.22065839394742437 0.0033758486201648126
[104, 3465, <Quantity 2668.286337798583 kpc>, <Quantity 2965.456873495566 kpc>, <Quantity 2197.96773010708 kpc>, <Quantity 686452722.3961381 solMass>, <Quantity 827061288.6575208 solMass>, <Quantity 3.4612829864041212 kpc>, <Quantity 4.100623143979401 kpc>, -1, <Quantity 151471555.24476898 solMass>, <Quantity 2317360.475709382 solMass>, 0, 0, 0] 

105 
 144324994.4972238 880430.1968819011
0.1994201075198713 0.0012165286071035154
[105, 3464, <Quantity 2449.0142924832217 kpc>, <Quantity 2987.5572178047246 kpc>, <Quantity 2504.0392043365564 kpc>, <Quantity 723723381.2184284 solMass>, <Quantity 825849033.1941005 solMass>, <Quantity 3.522825231700493 kpc>, <Quantity 4.003762482000926 kpc>, -1, <Quantity 144324994.4972238 solMass>, <Quantity 880430.1968819011 solMass>, 0, 0, 0] 

106 
 205989545.09590104 371628.5522737605
0.24684215136109935 0.0004453312973129684
[106, 3463, <Quantity 2726.9418568985975 kpc>, <Quantity 2709.6712951122067 kpc>, <Quantity 2684.6959406756196 kpc>, <Quantity 834499067.359707 solMass>, <Quantity 823424522.2575265 solMass>, <Quantity 3.6941017118694797 kpc>, <Quantity 5.617808955895793 kpc>, -1, <Quantity 205989545.09590104 solMass>, <Quantity 371628.5522737605 solMass>, 0, 0, 0] 

108 
 167404295.37901017 10515882.752690783
0.23060911731790207 0.014486237846682131
[108, 3462, <Quantity 2930.7411385441683 kpc>, <Quantity 3023.0464134946005 kpc>, <Quantity 3168.328724564226 kpc>, <Quantity 725922276.3002816 solMass>, <Quantity 820696947.4782362 solMass>, <Quantity 3.526389434659915 kpc>, <Quantity 5.514802912041906 kpc>, -1, <Quantity 167404295.37901017 solMass>, <Quantity 10515882.752690783 solMass>, 0, 0, 0] 

109 
 195031044.70188797 9403786.292150587
0.23605964351394165 0.011382056857663286
[109, 3461, <Quantity 2822.411708889411 kpc>, <Quantity 3068.8919864093828 kpc>, <Quantity 3163.86119184285 kpc>, <Quantity 826193930.477445 solMass>, <Quantity 816150989.4993163 solMass>, <Quantity 3.6818059660719 kpc>, <Quantity 5.506834565231929 kpc>, -1, <Quantity 195031044.70188797 solMass>, <Quantity 9403786.292150587 solMass>, 0, 0, 0] 

110 
 124077621.42272182 11691112.829346621
0.19425442799874929 0.018303465276758434
[110, 3460, <Quantity 2912.8843577895846 kpc>, <Quantity 2916.9095797645177 kpc>, <Quantity 2899.8090130988726 kpc>, <Quantity 638737673.5809631 solMass>, <Quantity 812514223.1129205 solMass>, <Quantity 3.379152105893049 kpc>, <Quantity 5.400949808051414 kpc>, -1, <Quantity 124077621.42272182 solMass>, <Quantity 11691112.829346621 solMass>, 0, 0, 0] 

112 
 174085407.11471134 6019904.646105439
0.22634031377403202 0.00782688870406826
[112, 3459, <Quantity 2716.35205424669 kpc>, <Quantity 2734.7155569428637 kpc>, <Quantity 2775.045168362348 kpc>, <Quantity 769131244.0633548 solMass>, <Quantity 801906987.8216573 solMass>, <Quantity 3.5950123088671986 kpc>, <Quantity 4.303190424184897 kpc>, -1, <Quantity 174085407.11471134 solMass>, <Quantity 6019904.646105439 solMass>, 0, 0, 0] 

113 
 124576602.18297608 6421645.531802869
0.18894516362994118 0.009739701071617297
[113, 3457, <Quantity 2918.174913782991 kpc>, <Quantity 2937.7439765956033 kpc>, <Quantity 2883.327118324659 kpc>, <Quantity 659326758.0374048 solMass>, <Quantity 790390560.9396404 solMass>, <Quantity 3.415076717111239 kpc>, <Quantity 5.189833546575385 kpc>, -1, <Quantity 124576602.18297608 solMass>, <Quantity 6421645.531802869 solMass>, 0, 0, 0] 

115 
 147998697.67612055 15611.722034842427
0.2054877309358344 2.167598355467386e-05
[115, 3455, <Quantity 2777.1603931658065 kpc>, <Quantity 2529.1345510490055 kpc>, <Quantity 2510.144688106901 kpc>, <Quantity 720231310.1716746 solMass>, <Quantity 778268006.3269383 solMass>, <Quantity 3.517150045218063 kpc>, <Quantity 4.265178198369179 kpc>, -1, <Quantity 147998697.67612055 solMass>, <Quantity 15611.722034842427 solMass>, 0, 0, 0] 

117 
 117621924.47835335 3594588.0417658924
0.2179676984710304 0.0066612078138493
[117, 3453, <Quantity 2708.5739481396886 kpc>, <Quantity 2498.265435001589 kpc>, <Quantity 2613.475528600328 kpc>, <Quantity 539630070.4344329 solMass>, <Quantity 766751579.4413279 solMass>, <Quantity 3.194470960636102 kpc>, <Quantity 5.763954524171978 kpc>, -1, <Quantity 117621924.47835335 solMass>, <Quantity 3594588.0417658924 solMass>, 0, 0, 0] 

118 
 169059773.38874826 102542.8594527086
0.17549510673681784 0.00010644619772067736
[118, 3452, <Quantity 2676.751014177591 kpc>, <Quantity 2770.997567725704 kpc>, <Quantity 2749.040365024081 kpc>, <Quantity 963330411.4984791 solMass>, <Quantity 764024004.6510028 solMass>, <Quantity 3.8751809572983884 kpc>, <Quantity 5.414218287112763 kpc>, -1, <Quantity 169059773.38874826 solMass>, <Quantity 102542.8594527086 solMass>, 0, 0, 0] 

119 
 125974933.84980604 121082.97536701993
0.21165612328681674 0.0002034369249423188
[119, 3451, <Quantity 2541.3982321441017 kpc>, <Quantity 2887.4984682402473 kpc>, <Quantity 2587.2736399720247 kpc>, <Quantity 595186814.7896506 solMass>, <Quantity 763417876.9258645 solMass>, <Quantity 3.3005374454772904 kpc>, <Quantity 4.450263026474653 kpc>, -1, <Quantity 125974933.84980604 solMass>, <Quantity 121082.97536701993 solMass>, 0, 0, 0] 

122 
 149155967.9114848 2426709.5050411993
0.2497365360332832 0.0040631161745246416
[122, 3449, <Quantity 2732.956359693327 kpc>, <Quantity 2961.208594039961 kpc>, <Quantity 2156.5750247275114 kpc>, <Quantity 597253290.5301702 solMass>, <Quantity 724625702.1404611 solMass>, <Quantity 3.304352831427071 kpc>, <Quantity 5.24467934161687 kpc>, -1, <Quantity 149155967.9114848 solMass>, <Quantity 2426709.5050411993 solMass>, 0, 0, 0] 

123 
 150249763.39935943 6479937.483642588
0.2600358802998967 0.011214768061687887
[123, 3448, <Quantity 2618.7048421194795 kpc>, <Quantity 2530.6271782118765 kpc>, <Quantity 2551.7791014908344 kpc>, <Quantity 577803967.7681323 solMass>, <Quantity 717655233.25274 solMass>, <Quantity 3.2680879602455613 kpc>, <Quantity 4.904028714252454 kpc>, -1, <Quantity 150249763.39935943 solMass>, <Quantity 6479937.483642588 solMass>, 0, 0, 0] 

124 
 121534196.08764178 396664.6532211435
0.21900767999324836 0.0007147996879383867
[124, 3447, <Quantity 2481.3832041295504 kpc>, <Quantity 2555.1321022165744 kpc>, <Quantity 2465.943461902469 kpc>, <Quantity 554931206.482752 solMass>, <Quantity 715533786.1934214 solMass>, <Quantity 3.2243829281682137 kpc>, <Quantity 7.441368452818927 kpc>, -1, <Quantity 121534196.08764178 solMass>, <Quantity 396664.6532211435 solMass>, 0, 0, 0] 

127 
 167358657.8933095 467022.0319614841
0.27432076845835585 0.0007655047208631968
[127, 3444, <Quantity 2454.5614129110363 kpc>, <Quantity 2672.917618989059 kpc>, <Quantity 2464.5436053890016 kpc>, <Quantity 610083803.8397225 solMass>, <Quantity 690379485.3659537 solMass>, <Quantity 3.327847341406283 kpc>, <Quantity 4.534598190173371 kpc>, -1, <Quantity 167358657.8933095 solMass>, <Quantity 467022.0319614841 solMass>, 0, 0, 0] 

128 
 119223389.40926957 3035371.911313986
0.18826332176189087 0.004793096401957187
[128, 3443, <Quantity 2807.666753679947 kpc>, <Quantity 2769.322980607242 kpc>, <Quantity 2568.8393134181915 kpc>, <Quantity 633279962.8387483 solMass>, <Quantity 685227399.6434138 solMass>, <Quantity 3.3695001451713367 kpc>, <Quantity 3.6631902420433176 kpc>, -1, <Quantity 119223389.40926957 solMass>, <Quantity 3035371.911313986 solMass>, 0, 0, 0] 

129 
 133373993.6354758 240563.7908733565
0.22423884097689722 0.00040445475295494037
[129, 3442, <Quantity 2710.5811048896135 kpc>, <Quantity 2852.5117567696475 kpc>, <Quantity 2498.375744469667 kpc>, <Quantity 594785421.8940464 solMass>, <Quantity 680378377.7965237 solMass>, <Quantity 3.2997953198241983 kpc>, <Quantity 5.235472734083665 kpc>, -1, <Quantity 133373993.6354758 solMass>, <Quantity 240563.7908733565 solMass>, 0, 0, 0] 

130 
 109914795.74111801 154096.54216124536
0.21327666964814865 0.0002990061264713919
[130, 3441, <Quantity 2485.0660736389254 kpc>, <Quantity 2841.1160504841037 kpc>, <Quantity 2486.3548043825876 kpc>, <Quantity 515362490.9956115 solMass>, <Quantity 664315992.9401833 solMass>, <Quantity 3.145848709246497 kpc>, <Quantity 3.447059235178758 kpc>, -1, <Quantity 109914795.74111801 solMass>, <Quantity 154096.54216124536 solMass>, 0, 0, 0] 

134 
 144960256.7111455 4706635.428264353
0.29946784345883953 0.00972325790273609
[134, 3440, <Quantity 2681.1041068342515 kpc>, <Quantity 2482.6750960063055 kpc>, <Quantity 2499.694857667772 kpc>, <Quantity 484059507.1472827 solMass>, <Quantity 653708757.654858 solMass>, <Quantity 3.080821112779765 kpc>, <Quantity 4.423136614514067 kpc>, -1, <Quantity 144960256.7111455 solMass>, <Quantity 4706635.428264353 solMass>, 0, 0, 0] 

137 
 123123955.00557739 137840.37594420137
0.24593219635635707 0.0002753273024815342
[137, 3439, <Quantity 2524.3433635889955 kpc>, <Quantity 2910.797808306264 kpc>, <Quantity 2639.5676792141776 kpc>, <Quantity 500641871.33583 solMass>, <Quantity 642495394.630757 solMass>, <Quantity 3.115606635550056 kpc>, <Quantity 4.48403879731215 kpc>, -1, <Quantity 123123955.00557739 solMass>, <Quantity 137840.37594420137 solMass>, 0, 0, 0] 

138 
 111153928.73077834 1404151.279822329
0.2576047166748208 0.0032541899034744556
[138, 3438, <Quantity 2537.6715889948223 kpc>, <Quantity 2353.9640483975845 kpc>, <Quantity 2344.3316926006464 kpc>, <Quantity 431490269.92036796 solMass>, <Quantity 631888159.3467567 solMass>, <Quantity 2.9649945495635546 kpc>, <Quantity 3.633083666870261 kpc>, -1, <Quantity 111153928.73077834 solMass>, <Quantity 1404151.279822329 solMass>, 0, 0, 0] 

140 
 103384862.5297736 548353.7889576326
0.19519021296834968 0.0010352897922345013
[140, 3437, <Quantity 2605.1979054112935 kpc>, <Quantity 2551.3722859398695 kpc>, <Quantity 2569.067938750998 kpc>, <Quantity 529662122.6933011 solMass>, <Quantity 609461433.307061 solMass>, <Quantity 3.1746793661658463 kpc>, <Quantity 3.7171832223180767 kpc>, -1, <Quantity 103384862.5297736 solMass>, <Quantity 548353.7889576326 solMass>, 0, 0, 0] 

141 
 204726589.6471607 878336.061897612
0.4474807086929047 0.0019198211826117297
[141, 3436, <Quantity 2793.726014056096 kpc>, <Quantity 2728.0906995412747 kpc>, <Quantity 2713.460600363986 kpc>, <Quantity 457509308.6027529 solMass>, <Quantity 606430794.6462097 solMass>, <Quantity 3.023432023129965 kpc>, <Quantity 6.432319820723635 kpc>, -1, <Quantity 204726589.6471607 solMass>, <Quantity 878336.061897612 solMass>, 0, 0, 0] 

142 
 37675237.50614668 435692.106455554
0.06911108362275328 0.0007992292974426695
[142, 3435, <Quantity 2934.980389667016 kpc>, <Quantity 2613.1293038075114 kpc>, <Quantity 2588.123830507068 kpc>, <Quantity 545140309.3575999 solMass>, <Quantity 605521603.0534465 solMass>, <Quantity 3.2053072251962647 kpc>, <Quantity 5.029412497979113 kpc>, -1, <Quantity 37675237.50614668 solMass>, <Quantity 435692.106455554 solMass>, 0, 0, 0] 

147 
 172287106.67067564 5946549.429289733
0.3804173780392924 0.013130238158770395
[147, 3431, <Quantity 2622.828630051221 kpc>, <Quantity 2416.4302173181045 kpc>, <Quantity 2358.844731684944 kpc>, <Quantity 452889685.4256761 solMass>, <Quantity 581882621.5554612 solMass>, <Quantity 3.013221380354985 kpc>, <Quantity 3.818459123480144 kpc>, -1, <Quantity 172287106.67067564 solMass>, <Quantity 5946549.429289733 solMass>, 0, 0, 0] 

149 
 112578062.29394944 285961.9205358696
0.20867641583493426 0.0005300633838135153
[149, 3430, <Quantity 2760.0825660430187 kpc>, <Quantity 2751.922823852202 kpc>, <Quantity 2725.3743657911327 kpc>, <Quantity 539486275.1668121 solMass>, <Quantity 572790705.5898415 solMass>, <Quantity 3.1941871917859856 kpc>, <Quantity 3.1472032813397326 kpc>, -1, <Quantity 112578062.29394944 solMass>, <Quantity 285961.9205358696 solMass>, 0, 0, 0] 

151 
 117149869.03780225 7000107.641785358
0.23682794145499983 0.014151284131888268
[151, 3428, <Quantity 2907.6289213491946 kpc>, <Quantity 2846.961407862313 kpc>, <Quantity 3038.0181671289033 kpc>, <Quantity 494662362.5492355 solMass>, <Quantity 569457003.0695137 solMass>, <Quantity 3.103152980954384 kpc>, <Quantity 4.338335025161133 kpc>, -1, <Quantity 117149869.03780225 solMass>, <Quantity 7000107.641785358 solMass>, 0, 0, 0] 

152 
 59849575.81416085 2302113.8766232664
0.1222984779905977 0.00470421083929294
[152, 3427, <Quantity 2699.2153666129957 kpc>, <Quantity 2913.5495512661223 kpc>, <Quantity 3079.8914864058556 kpc>, <Quantity 489373022.44073784 solMass>, <Quantity 568850875.3253479 solMass>, <Quantity 3.0920528275830046 kpc>, <Quantity 3.4635190092094095 kpc>, -1, <Quantity 59849575.81416085 solMass>, <Quantity 2302113.8766232664 solMass>, 0, 0, 0] 

153 
 135798543.68525156 1214070.8016986155
0.2099902985715585 0.0018773624754518765
[153, 3426, <Quantity 2637.643991062345 kpc>, <Quantity 2508.7547703215473 kpc>, <Quantity 2544.567432173144 kpc>, <Quantity 646689607.1342812 solMass>, <Quantity 567941683.7477542 solMass>, <Quantity 3.3931171759240675 kpc>, <Quantity 4.7142067356110005 kpc>, -1, <Quantity 135798543.68525156 solMass>, <Quantity 1214070.8016986155 solMass>, 0, 0, 0] 

154 
 86310738.90369588 238975.21128559049
0.1308930749526346 0.0003624137695950955
[154, 3425, <Quantity 2864.407224165195 kpc>, <Quantity 2572.2953964901626 kpc>, <Quantity 3155.689625358489 kpc>, <Quantity 659398817.965951 solMass>, <Quantity 564911045.0931293 solMass>, <Quantity 3.415201127461864 kpc>, <Quantity 4.693400410325172 kpc>, -1, <Quantity 86310738.90369588 solMass>, <Quantity 238975.21128559049 solMass>, 0, 0, 0] 

IsSatellite
156 
 138701711.53697455 1474415.757303679
0.3132458934936046 0.0033298412554521447
[156, 3423, <Quantity 2713.382608084051 kpc>, <Quantity 2794.2916132366513 kpc>, <Quantity 2733.988425706063 kpc>, <Quantity 442788602.87694836 solMass>, <Quantity 562486534.1624372 solMass>, <Quantity 2.990650815680906 kpc>, <Quantity 6.251728068889779 kpc>, -1, <Quantity 138701711.53697455 solMass>, <Quantity 1474415.757303679 solMass>, 0, 0, 0] 

158 
 103146533.12407519 1749173.0528334167
0.2804480016408701 0.004755875668657769
[158, 3421, <Quantity 2889.6921864537585 kpc>, <Quantity 2612.556761719775 kpc>, <Quantity 2705.293825670373 kpc>, <Quantity 367792006.0780476 solMass>, <Quantity 557334448.4613291 solMass>, <Quantity 2.811259864097847 kpc>, <Quantity 3.7876946097696225 kpc>, -1, <Quantity 103146533.12407519 solMass>, <Quantity 1749173.0528334167 solMass>, 0, 0, 0] 

159 
 177456024.41561595 4108810.980522842
0.453269912501937 0.010494996716858135
[159, 3420, <Quantity 2503.4883544268178 kpc>, <Quantity 2767.4795788561855 kpc>, <Quantity 2145.082487413797 kpc>, <Quantity 391501883.3615117 solMass>, <Quantity 554909937.5344009 solMass>, <Quantity 2.8704160447508675 kpc>, <Quantity 4.43437746507593 kpc>, -1, <Quantity 177456024.41561595 solMass>, <Quantity 4108810.980522842 solMass>, 0, 0, 0] 

160 
 86249241.05137329 2362484.8400206696
0.19675144635311148 0.0053892915879051075
[160, 3419, <Quantity 2461.920591818852 kpc>, <Quantity 2518.6933700896834 kpc>, <Quantity 2518.831364065656 kpc>, <Quantity 438366490.56485736 solMass>, <Quantity 554606873.6702765 solMass>, <Quantity 2.9806616504639214 kpc>, <Quantity 3.407407327310879 kpc>, -1, <Quantity 86249241.05137329 solMass>, <Quantity 2362484.8400206696 solMass>, 0, 0, 0] 

162 
 115269910.91480833 957154.8569486857
0.2645926487792931 0.0021970706568793155
[162, 3416, <Quantity 2572.7368581483547 kpc>, <Quantity 2696.487157871973 kpc>, <Quantity 2723.0215921160025 kpc>, <Quantity 435650466.65736884 solMass>, <Quantity 549454787.9491816 solMass>, <Quantity 2.9744930482494736 kpc>, <Quantity 4.042941912206407 kpc>, -1, <Quantity 115269910.91480833 solMass>, <Quantity 957154.8569486857 solMass>, 0, 0, 0] 

163 
 96653221.14040487 111087.60905499464
0.23125781151337388 0.0002657943217328732
[163, 3415, <Quantity 2737.612920241252 kpc>, <Quantity 2822.5575688689037 kpc>, <Quantity 2516.1785411248206 kpc>, <Quantity 417945757.19581825 solMass>, <Quantity 543696574.5055234 solMass>, <Quantity 2.933640351980525 kpc>, <Quantity 4.530757355379951 kpc>, -1, <Quantity 96653221.14040487 solMass>, <Quantity 111087.60905499464 solMass>, 0, 0, 0] 

166 
 105940638.23580617 50213.86843162628
0.2006391257681371 9.509916903778495e-05
[166, 3414, <Quantity 2451.0029042889137 kpc>, <Quantity 2891.754041415754 kpc>, <Quantity 2748.9825310048236 kpc>, <Quantity 528015848.50520855 solMass>, <Quantity 538241424.9302018 solMass>, <Quantity 3.171386816279506 kpc>, <Quantity 4.04476229518318 kpc>, -1, <Quantity 105940638.23580617 solMass>, <Quantity 50213.86843162628 solMass>, 0, 0, 0] 

167 
 97387184.24201669 297348.02701229544
0.2661146957935031 0.0008125163528348127
[167, 3413, <Quantity 2566.0965921644834 kpc>, <Quantity 2560.4571613545345 kpc>, <Quantity 2528.3893393911317 kpc>, <Quantity 365959436.96993786 solMass>, <Quantity 537332233.3423687 solMass>, <Quantity 2.8065829378271454 kpc>, <Quantity 5.248144659240923 kpc>, -1, <Quantity 97387184.24201669 solMass>, <Quantity 297348.02701229544 solMass>, 0, 0, 0] 

170 
 79016426.14200862 129260.13252426582
0.18868988038442885 0.0003086709958337675
[170, 3411, <Quantity 2532.202835440874 kpc>, <Quantity 2846.861228459936 kpc>, <Quantity 2422.052768398133 kpc>, <Quantity 418763454.51607615 solMass>, <Quantity 522179040.07099557 solMass>, <Quantity 2.9355522963739356 kpc>, <Quantity 3.257320526577113 kpc>, -1, <Quantity 79016426.14200862 solMass>, <Quantity 129260.13252426582 solMass>, 0, 0, 0] 

171 
 101646935.30953902 110447.79450944965
0.20942595217759266 0.00022755860233875542
[171, 3410, <Quantity 2505.1262694984766 kpc>, <Quantity 2899.453850850629 kpc>, <Quantity 2571.071417217026 kpc>, <Quantity 485359785.8938833 solMass>, <Quantity 521572912.34224033 solMass>, <Quantity 3.083577209635709 kpc>, <Quantity 4.118728283019923 kpc>, -1, <Quantity 101646935.30953902 solMass>, <Quantity 110447.79450944965 solMass>, 0, 0, 0] 

172 
 115113950.10072996 8639.19401123374
0.19691081535245736 1.4777972046407216e-05
[172, 3409, <Quantity 2770.5118305753012 kpc>, <Quantity 2733.461790429083 kpc>, <Quantity 2710.469922007041 kpc>, <Quantity 584599428.3995198 solMass>, <Quantity 519754529.14210933 solMass>, <Quantity 3.280849880958942 kpc>, <Quantity 4.628079551071833 kpc>, -1, <Quantity 115113950.10072996 solMass>, <Quantity 8639.19401123374 solMass>, 0, 0, 0] 

173 
 75501510.6865787 492609.98449889413
0.14327102733751418 0.0009347725351993436
[173, 3407, <Quantity 2882.527316100201 kpc>, <Quantity 2505.519776419817 kpc>, <Quantity 3217.7658744750706 kpc>, <Quantity 526983801.8869942 solMass>, <Quantity 515208571.1711404 solMass>, <Quantity 3.1693192307322935 kpc>, <Quantity 4.748589429151268 kpc>, -1, <Quantity 75501510.6865787 solMass>, <Quantity 492609.98449889413 solMass>, 0, 0, 0] 

174 
 74340015.66726668 69574.66301386
0.17994774592484952 0.00016841271380492608
[174, 3406, <Quantity 2747.0952848387687 kpc>, <Quantity 2553.5717199517967 kpc>, <Quantity 2526.559477696457 kpc>, <Quantity 413120015.9534805 solMass>, <Quantity 513996315.70510435 solMass>, <Quantity 2.9223056844803557 kpc>, <Quantity 3.6856803446545747 kpc>, -1, <Quantity 74340015.66726668 solMass>, <Quantity 69574.66301386 solMass>, 0, 0, 0] 

175 
 64384235.635172516 0.0
0.12848947527983864 0.0
[175, 3405, <Quantity 2527.92076249593 kpc>, <Quantity 2367.4117776650555 kpc>, <Quantity 2331.295602808036 kpc>, <Quantity 501085676.43341506 solMass>, <Quantity 506116655.2055952 solMass>, <Quantity 3.1165269965277034 kpc>, <Quantity 5.627495970208001 kpc>, -1, <Quantity 64384235.635172516 solMass>, <Quantity 0.0 solMass>, 0, 0, 0] 

176 
 71924932.01760547 850634.8386150151
0.1613585539614729 0.0019083397600511112
[176, 3404, <Quantity 2912.576007842137 kpc>, <Quantity 2944.178104342409 kpc>, <Quantity 2900.6844434673576 kpc>, <Quantity 445746012.5403626 solMass>, <Quantity 503692144.277539 solMass>, <Quantity 2.9972942878033244 kpc>, <Quantity 4.133012750685281 kpc>, -1, <Quantity 71924932.01760547 solMass>, <Quantity 850634.8386150151 solMass>, 0, 0, 0] 

177 
 75076555.30521002 401170.82420352544
0.17738394857055179 0.0009478493593536744
[177, 3403, <Quantity 2762.0966703595823 kpc>, <Quantity 2750.066501150506 kpc>, <Quantity 2715.2612484932292 kpc>, <Quantity 423243229.78609 solMass>, <Quantity 500055377.89324653 solMass>, <Quantity 2.9459830042947237 kpc>, <Quantity 3.2970817601547164 kpc>, -1, <Quantity 75076555.30521002 solMass>, <Quantity 401170.82420352544 solMass>, 0, 0, 0] 

179 
 86190112.9793008 3590664.5861197165
0.19705435585335745 0.008209248980485825
[179, 3400, <Quantity 2610.6751500083014 kpc>, <Quantity 2807.4085561043885 kpc>, <Quantity 2742.1484878208244 kpc>, <Quantity 437392579.3522735 solMass>, <Quantity 498540058.56302005 solMass>, <Quantity 2.9784526523644033 kpc>, <Quantity 3.8182624861050725 kpc>, -1, <Quantity 86190112.9793008 solMass>, <Quantity 3590664.5861197165 solMass>, 0, 0, 0] 

181 
 105462092.01029292 13097.216886381473
0.21727296890870917 2.6982882124770006e-05
[181, 3399, <Quantity 2845.271151747507 kpc>, <Quantity 2496.139591065531 kpc>, <Quantity 2648.8429471446307 kpc>, <Quantity 485389841.8196907 solMass>, <Quantity 493387972.85805315 solMass>, <Quantity 3.0836408585394204 kpc>, <Quantity 5.108494308721799 kpc>, -1, <Quantity 105462092.01029292 solMass>, <Quantity 13097.216886381473 solMass>, 0, 0, 0] 

182 
 114857223.04843692 319517.46242506546
0.34093932253488723 0.0009484476838807796
[182, 3398, <Quantity 2605.048485399335 kpc>, <Quantity 2590.3492091115595 kpc>, <Quantity 2554.030152118298 kpc>, <Quantity 336884646.20177084 solMass>, <Quantity 492478781.2650784 solMass>, <Quantity 2.7301969035808202 kpc>, <Quantity 4.018680314672053 kpc>, -1, <Quantity 114857223.04843692 solMass>, <Quantity 319517.46242506546 solMass>, 0, 0, 0] 

184 
 110240269.12469718 901724.0153623294
0.32958756086251095 0.002695902515062332
[184, 3397, <Quantity 2676.159030125877 kpc>, <Quantity 2633.4413973091255 kpc>, <Quantity 2606.8478974998884 kpc>, <Quantity 334479459.22535723 solMass>, <Quantity 488235887.1495565 solMass>, <Quantity 2.723683968189472 kpc>, <Quantity 4.452565048263067 kpc>, -1, <Quantity 110240269.12469718 solMass>, <Quantity 901724.0153623294 solMass>, 0, 0, 0] 

186 
 84543725.61871594 83227.43522257013
0.2081197572080813 0.00020487946899442168
[186, 3396, <Quantity 2872.3005157949306 kpc>, <Quantity 2940.7867481749186 kpc>, <Quantity 2451.1019688426286 kpc>, <Quantity 406226332.1506177 solMass>, <Quantity 485811376.2173717 solMass>, <Quantity 2.9059597026917743 kpc>, <Quantity 3.0662784857604914 kpc>, -1, <Quantity 84543725.61871594 solMass>, <Quantity 83227.43522257013 solMass>, 0, 0, 0] 

187 
 84760010.00620505 16012.956439242218
0.25306399032250015 4.780913373038006e-05
[187, 3395, <Quantity 2741.4622865530046 kpc>, <Quantity 2842.435356265226 kpc>, <Quantity 2514.258815236695 kpc>, <Quantity 334935088.54495037 solMass>, <Quantity 484296056.88966304 solMass>, <Quantity 2.7249201449521063 kpc>, <Quantity 3.6552857559076135 kpc>, -1, <Quantity 84760010.00620505 solMass>, <Quantity 16012.956439242218 solMass>, 0, 0, 0] 

188 
 88771323.03241362 1152960.9500688629
0.30082808465906685 0.003907151796862024
[188, 3394, <Quantity 2511.0782547956715 kpc>, <Quantity 2787.526134341674 kpc>, <Quantity 2168.757290007515 kpc>, <Quantity 295089878.7691965 solMass>, <Quantity 483992993.0317991 solMass>, <Quantity 2.612271637064175 kpc>, <Quantity 7.584471861979361 kpc>, -1, <Quantity 88771323.03241362 solMass>, <Quantity 1152960.9500688629 solMass>, 0, 0, 0] 

189 
 121075164.4551099 276260.6899237115
0.33705524581156215 0.0007690686621766424
[189, 3392, <Quantity 2807.740875187775 kpc>, <Quantity 2472.2122786867185 kpc>, <Quantity 2490.4842824995744 kpc>, <Quantity 359214597.48708236 solMass>, <Quantity 482477673.7047681 solMass>, <Quantity 2.7892336073872865 kpc>, <Quantity 3.3363650898679764 kpc>, -1, <Quantity 121075164.4551099 solMass>, <Quantity 276260.6899237115 solMass>, 0, 0, 0] 

191 
 38341972.02213988 1594688.547862764
0.08515525773411078 0.0035417091802287977
[191, 3391, <Quantity 2827.5833150183735 kpc>, <Quantity 3064.8853180462784 kpc>, <Quantity 3161.9499075696676 kpc>, <Quantity 450259596.9101409 solMass>, <Quantity 476113332.53319514 solMass>, <Quantity 3.0073771096297284 kpc>, <Quantity 4.166809735586352 kpc>, -1, <Quantity 38341972.02213988 solMass>, <Quantity 1594688.547862764 solMass>, 0, 0, 0] 

192 
 105624550.80522099 586162.4155255676
0.23901733323824453 0.0013264243619058656
[192, 3390, <Quantity 2640.4740389445637 kpc>, <Quantity 2521.2257942448177 kpc>, <Quantity 2533.204974968647 kpc>, <Quantity 441911678.0118116 solMass>, <Quantity 475507204.80253136 solMass>, <Quantity 2.9886752233738867 kpc>, <Quantity 4.123737433564659 kpc>, -1, <Quantity 105624550.80522099 solMass>, <Quantity 586162.4155255676 solMass>, 0, 0, 0] 

193 
 111410981.83702177 3586984.958470278
0.3350374916719087 0.010786858021848963
[193, 3389, <Quantity 2546.672635439709 kpc>, <Quantity 2469.6088379111316 kpc>, <Quantity 2439.1751352205365 kpc>, <Quantity 332532879.4728529 solMass>, <Quantity 471567374.55309755 solMass>, <Quantity 2.718389984312617 kpc>, <Quantity 3.8958460470291314 kpc>, -1, <Quantity 111410981.83702177 solMass>, <Quantity 3586984.958470278 solMass>, 0, 0, 0] 

194 
 106980636.2626465 4526680.563291984
0.35904533673410893 0.015192315206881997
[194, 3388, <Quantity 2582.5905587402553 kpc>, <Quantity 2460.183581040532 kpc>, <Quantity 2417.9909873152205 kpc>, <Quantity 297958573.2424399 solMass>, <Quantity 470658182.9560473 solMass>, <Quantity 2.6207093555889727 kpc>, <Quantity 4.557368851166578 kpc>, -1, <Quantity 106980636.2626465 solMass>, <Quantity 4526680.563291984 solMass>, 0, 0, 0] 

195 
 117081333.75730583 12210787.309205158
0.40505543805272937 0.0422445290275844
[195, 3387, <Quantity 2904.009786260527 kpc>, <Quantity 2875.9191739304806 kpc>, <Quantity 3207.9109245613813 kpc>, <Quantity 289050146.6173734 solMass>, <Quantity 469142863.62809795 solMass>, <Quantity 2.5943264796069463 kpc>, <Quantity 5.303897476389043 kpc>, -1, <Quantity 117081333.75730583 solMass>, <Quantity 12210787.309205158 solMass>, 0, 0, 0] 

198 
 85867537.78348517 280554.5153337495
0.22497012885898335 0.000735043615967551
[198, 3386, <Quantity 2708.357399262605 kpc>, <Quantity 2499.736446260738 kpc>, <Quantity 2622.3679837391082 kpc>, <Quantity 381684173.89007676 solMass>, <Quantity 464596905.6458363 solMass>, <Quantity 2.846218789394502 kpc>, <Quantity 4.328584351341936 kpc>, -1, <Quantity 85867537.78348517 solMass>, <Quantity 280554.5153337495 solMass>, 0, 0, 0] 

199 
 81257115.62304625 156985.12123057284
0.23346446093679582 0.0004510429200221129
[199, 3385, <Quantity 2833.9913236342086 kpc>, <Quantity 2449.594942115619 kpc>, <Quantity 2755.4375841870237 kpc>, <Quantity 348049186.1459137 solMass>, <Quantity 462172394.7277136 solMass>, <Quantity 2.7600298006446566 kpc>, <Quantity 2.915424477681051 kpc>, -1, <Quantity 81257115.62304625 solMass>, <Quantity 156985.12123057284 solMass>, 0, 0, 0] 

200 
 70377820.55941454 175183.8792534583
0.20660967619294393 0.0005142910689629049
[200, 3384, <Quantity 2552.7788102154327 kpc>, <Quantity 2843.5039613062404 kpc>, <Quantity 2419.226688347254 kpc>, <Quantity 340631774.1560744 solMass>, <Quantity 454595798.09012055 solMass>, <Quantity 2.7402821552320864 kpc>, <Quantity 5.13008152295863 kpc>, -1, <Quantity 70377820.55941454 solMass>, <Quantity 175183.8792534583 solMass>, 0, 0, 0] 

203 
 94505374.31643376 742715.1295290898
0.27670903317614187 0.002174648657854686
[203, 3382, <Quantity 2508.647015051245 kpc>, <Quantity 2361.696138318074 kpc>, <Quantity 2335.484044163436 kpc>, <Quantity 341533390.62218267 solMass>, <Quantity 447625329.1867046 solMass>, <Quantity 2.742697771370804 kpc>, <Quantity 4.023083917847637 kpc>, -1, <Quantity 94505374.31643376 solMass>, <Quantity 742715.1295290898 solMass>, 0, 0, 0] 

205 
 71100889.95195591 63482.69018687125
0.19904095009463316 0.00017771444180088642
[205, 3380, <Quantity 2876.041995885041 kpc>, <Quantity 2641.652496701922 kpc>, <Quantity 3186.45422429024 kpc>, <Quantity 357217396.310414 solMass>, <Quantity 443988562.8033395 solMass>, <Quantity 2.7840547005762533 kpc>, <Quantity 2.8710656141031814 kpc>, -1, <Quantity 71100889.95195591 solMass>, <Quantity 63482.69018687125 solMass>, 0, 0, 0] 

208 
 78224233.60259703 146213.52068410907
0.2098868401568485 0.000392311850576914
[208, 3379, <Quantity 2500.063100466707 kpc>, <Quantity 2902.4636074652944 kpc>, <Quantity 2569.547764714914 kpc>, <Quantity 372697180.7481595 solMass>, <Quantity 443079371.2049414 solMass>, <Quantity 2.8237024648157223 kpc>, <Quantity 3.9094141660045048 kpc>, -1, <Quantity 78224233.60259703 solMass>, <Quantity 146213.52068410907 solMass>, 0, 0, 0] 

209 
 84684071.76903081 1631702.730342748
0.2783596195227857 0.0053634661360083555
[209, 3377, <Quantity 2483.860328881712 kpc>, <Quantity 2771.666926810904 kpc>, <Quantity 2148.1455488630118 kpc>, <Quantity 304225418.5941608 solMass>, <Quantity 440351796.41624826 solMass>, <Quantity 2.6389554754535727 kpc>, <Quantity 3.5242524733075036 kpc>, -1, <Quantity 84684071.76903081 solMass>, <Quantity 1631702.730342748 solMass>, 0, 0, 0] 

211 
 82852382.65507966 366098.61627564457
0.24072491873201343 0.0010636876916110503
[211, 3375, <Quantity 2905.674525787755 kpc>, <Quantity 2931.0127935238406 kpc>, <Quantity 2902.3600544112082 kpc>, <Quantity 344178671.20484906 solMass>, <Quantity 439139540.95116514 solMass>, <Quantity 2.749760579168568 kpc>, <Quantity 3.43184692302908 kpc>, -1, <Quantity 82852382.65507966 solMass>, <Quantity 366098.61627564457 solMass>, 0, 0, 0] 

212 
 97452328.92198938 75791.94443080365
0.27497525210042545 0.00021385747531723766
[212, 3374, <Quantity 2681.3344491464627 kpc>, <Quantity 2936.7871007585018 kpc>, <Quantity 2655.0000209109608 kpc>, <Quantity 354403998.8238585 solMass>, <Quantity 434593582.97353643 solMass>, <Quantity 2.7767264778483516 kpc>, <Quantity 5.462921356739821 kpc>, -1, <Quantity 97452328.92198938 solMass>, <Quantity 75791.94443080365 solMass>, 0, 0, 0] 

213 
 26303371.406598996 0.0
0.06981126835553104 0.0
[213, 3373, <Quantity 2555.009891049676 kpc>, <Quantity 2546.613515635607 kpc>, <Quantity 2516.8719679854057 kpc>, <Quantity 376778305.65464896 solMass>, <Quantity 433987455.2433494 solMass>, <Quantity 2.8339718148230264 kpc>, <Quantity 4.556461075048538 kpc>, -1, <Quantity 26303371.406598996 solMass>, <Quantity 0.0 solMass>, 0, 0, 0] 

214 
 90051182.1921543 279638.4663253415
0.2192782841895968 0.0006809310171896177
[214, 3372, <Quantity 2712.8744677345653 kpc>, <Quantity 2421.8111921320324 kpc>, <Quantity 2453.9446018416393 kpc>, <Quantity 410670771.7317436 solMass>, <Quantity 433684391.3744427 solMass>, <Quantity 2.9165191241086754 kpc>, <Quantity 3.703204244821179 kpc>, -1, <Quantity 90051182.1921543 solMass>, <Quantity 279638.4663253415 solMass>, 0, 0, 0] 

216 
 73772712.19682842 72275.27919683569
0.22327571709366442 0.00021874368327089993
[216, 3370, <Quantity 2531.6810634679864 kpc>, <Quantity 2362.9076370974017 kpc>, <Quantity 2320.2274818117444 kpc>, <Quantity 330410817.42839366 solMass>, <Quantity 430956816.5899509 solMass>, <Quantity 2.7125951621751363 kpc>, <Quantity 3.464767392562505 kpc>, -1, <Quantity 73772712.19682842 solMass>, <Quantity 72275.27919683569 solMass>, 0, 0, 0] 

218 
 85703620.72298606 1462749.4040929829
0.26989468068049105 0.004606436460943713
[218, 3367, <Quantity 2692.926791133942 kpc>, <Quantity 2419.6515170371063 kpc>, <Quantity 2449.4896264687663 kpc>, <Quantity 317544682.64027935 solMass>, <Quantity 427320050.20638573 solMass>, <Quantity 2.676918682248895 kpc>, <Quantity 3.0523065886621095 kpc>, -1, <Quantity 85703620.72298606 solMass>, <Quantity 1462749.4040929829 solMass>, 0, 0, 0] 

219 
 62463711.16220144 59440.40788313742
0.2122904154856733 0.0002020153566185325
[219, 3366, <Quantity 2787.413142191085 kpc>, <Quantity 2635.972777196525 kpc>, <Quantity 2619.5277286570595 kpc>, <Quantity 294237076.220791 solMass>, <Quantity 427016986.33799547 solMass>, <Quantity 2.6097527418942326 kpc>, <Quantity 7.263357305907941 kpc>, -1, <Quantity 62463711.16220144 solMass>, <Quantity 59440.40788313742 solMass>, 0, 0, 0] 

223 
 76248198.2810966 0.0
0.2675504952456947 0.0
[223, 3364, <Quantity 2669.985466846464 kpc>, <Quantity 3007.6611165067357 kpc>, <Quantity 2197.417056748083 kpc>, <Quantity 284986197.50666887 solMass>, <Quantity 420955709.030188 solMass>, <Quantity 2.5821105926576156 kpc>, <Quantity 3.48206347068902 kpc>, -1, <Quantity 76248198.2810966 solMass>, <Quantity 0.0 solMass>, 0, 0, 0] 

225 
 113563455.51454267 381282.56070139
0.3479439838848209 0.0011682012717485416
[225, 3363, <Quantity 2799.0413985509717 kpc>, <Quantity 2729.29898753536 kpc>, <Quantity 2716.0728199951664 kpc>, <Quantity 326384305.44652075 solMass>, <Quantity 417318942.64123946 solMass>, <Quantity 2.7015311907580464 kpc>, <Quantity 4.007073945870959 kpc>, -1, <Quantity 113563455.51454267 solMass>, <Quantity 381282.56070139 solMass>, 0, 0, 0] 

226 
 51831471.226292014 144269.07703024015
0.11629735662021176 0.0003237051139722189
[226, 3362, <Quantity 2559.891910400264 kpc>, <Quantity 2549.012037850167 kpc>, <Quantity 2519.232677227291 kpc>, <Quantity 445680561.73070425 solMass>, <Quantity 415500559.45375025 solMass>, <Quantity 2.997147578739611 kpc>, <Quantity 4.470499774860138 kpc>, -1, <Quantity 51831471.226292014 solMass>, <Quantity 144269.07703024015 solMass>, 0, 0, 0] 

232 
 69581840.74013768 0.0
0.22846905534007703 0.0
[232, 3358, <Quantity 2730.9823745779104 kpc>, <Quantity 2496.304604110825 kpc>, <Quantity 2638.266188682189 kpc>, <Quantity 304556959.0882444 solMass>, <Quantity 407923962.8163331 solMass>, <Quantity 2.6399137593616224 kpc>, <Quantity 4.62112884474862 kpc>, -1, <Quantity 69581840.74013768 solMass>, <Quantity 0.0 solMass>, 0, 0, 0] 

233 
 49144156.39395875 124821.24544477872
0.10572008985087987 0.00026851846184794664
[233, 3357, <Quantity 2686.7378957775045 kpc>, <Quantity 2629.9823507735987 kpc>, <Quantity 2674.794898930808 kpc>, <Quantity 464851632.86635005 solMass>, <Quantity 407014771.2227415 solMass>, <Quantity 3.039520083745033 kpc>, <Quantity 4.62877253781421 kpc>, -1, <Quantity 49144156.39395875 solMass>, <Quantity 124821.24544477872 solMass>, 0, 0, 0] 

234 
 80349546.01049148 955802.0797501948
0.24850183230419423 0.002956066087878947
[234, 3356, <Quantity 2841.4677174604017 kpc>, <Quantity 2463.4909597370743 kpc>, <Quantity 3161.7330990479613 kpc>, <Quantity 323335829.2188952 solMass>, <Quantity 403681068.7062548 solMass>, <Quantity 2.6930939714287865 kpc>, <Quantity 3.377435306622809 kpc>, -1, <Quantity 80349546.01049148 solMass>, <Quantity 955802.0797501948 solMass>, 0, 0, 0] 

235 
 93915050.64020586 1156864.6521277577
0.34844532692084607 0.0042922202476165724
[235, 3355, <Quantity 2896.333343453717 kpc>, <Quantity 2875.73005397705 kpc>, <Quantity 3214.521340581329 kpc>, <Quantity 269525929.5629466 solMass>, <Quantity 403378004.8326204 solMass>, <Quantity 2.534547382288703 kpc>, <Quantity 4.07669090881186 kpc>, -1, <Quantity 93915050.64020586 solMass>, <Quantity 1156864.6521277577 solMass>, 0, 0, 0] 

236 
 68738887.59010078 3943898.3933182005
0.35599702936308575 0.020425353993265977
[236, 3353, <Quantity 2614.2596377243503 kpc>, <Quantity 2697.6974477600784 kpc>, <Quantity 2688.645797346268 kpc>, <Quantity 193088374.1167209 solMass>, <Quantity 394589152.7421698 solMass>, <Quantity 2.267874088077016 kpc>, <Quantity 7.074986603264827 kpc>, -1, <Quantity 68738887.59010078 solMass>, <Quantity 3943898.3933182005 solMass>, 0, 0, 0] 

237 
 40402726.46701608 0.0
0.10956361834043703 0.0
[237, 3351, <Quantity 2642.237211497763 kpc>, <Quantity 2549.3714184346054 kpc>, <Quantity 2591.154154032543 kpc>, <Quantity 368760425.0297428 solMass>, <Quantity 391558514.08763963 solMass>, <Quantity 2.8137251083042236 kpc>, <Quantity 7.773553594610766 kpc>, -1, <Quantity 40402726.46701608 solMass>, <Quantity 0.0 solMass>, 0, 0, 0] 

238 
 88332707.22419456 2576.233518374384
0.3078131721052679 8.977406402387831e-06
[238, 3350, <Quantity 2745.010519634899 kpc>, <Quantity 2497.065519720088 kpc>, <Quantity 2503.8640507608898 kpc>, <Quantity 286968574.5416573 solMass>, <Quantity 390649322.4896344 solMass>, <Quantity 2.5880838570518234 kpc>, <Quantity 3.464036095659045 kpc>, -1, <Quantity 88332707.22419456 solMass>, <Quantity 2576.233518374384 solMass>, 0, 0, 0] 

240 
 77425294.78826635 254033.22981247923
0.3193939743503185 0.001047935085151935
[240, 3349, <Quantity 2496.9956016235355 kpc>, <Quantity 2815.339449093172 kpc>, <Quantity 2827.50808007072 kpc>, <Quantity 242413135.51940882 solMass>, <Quantity 389134003.1577687 solMass>, <Quantity 2.4465397711597614 kpc>, <Quantity 3.2594825223382617 kpc>, -1, <Quantity 77425294.78826635 solMass>, <Quantity 254033.22981247923 solMass>, 0, 0, 0] 

242 
 56887719.00510114 0.0
0.17629626125334208 0.0
[242, 3347, <Quantity 2721.6031065622574 kpc>, <Quantity 2972.7713624317034 kpc>, <Quantity 2250.048517741749 kpc>, <Quantity 322682503.87540597 solMass>, <Quantity 385497236.77270633 solMass>, <Quantity 2.691278879334131 kpc>, <Quantity 4.298804699420935 kpc>, -1, <Quantity 56887719.00510114 solMass>, <Quantity 0.0 solMass>, 0, 0, 0] 

243 
 79769511.1444312 151997.77756865832
0.3163610115990353 0.00060281390699964
[243, 3346, <Quantity 2745.1382223330434 kpc>, <Quantity 2849.0841608981236 kpc>, <Quantity 2508.7530326753013 kpc>, <Quantity 252147098.47221404 solMass>, <Quantity 383981917.44467133 solMass>, <Quantity 2.4788574648026307 kpc>, <Quantity 3.5724889829925317 kpc>, -1, <Quantity 79769511.1444312 solMass>, <Quantity 151997.77756865832 solMass>, 0, 0, 0] 

244 
 75742874.23689288 159834.50276968218
0.25104711226659804 0.0005297658791690227
[244, 3345, <Quantity 2868.856363220893 kpc>, <Quantity 2881.2042079354824 kpc>, <Quantity 2632.1654189865635 kpc>, <Quantity 301707809.1559889 solMass>, <Quantity 383072725.8505471 solMass>, <Quantity 2.631655766577682 kpc>, <Quantity 3.2792056765925803 kpc>, -1, <Quantity 75742874.23689288 solMass>, <Quantity 159834.50276968218 solMass>, 0, 0, 0] 

247 
 69551469.80786273 80434.22649384345
0.2543202930519102 0.00029411392900578856
[247, 3344, <Quantity 2488.0070852431477 kpc>, <Quantity 2926.951380080584 kpc>, <Quantity 2485.2542649563065 kpc>, <Quantity 273479827.24157345 solMass>, <Quantity 381557406.53137654 solMass>, <Quantity 2.5468810537004334 kpc>, <Quantity 3.232944662514986 kpc>, -1, <Quantity 69551469.80786273 solMass>, <Quantity 80434.22649384345 solMass>, 0, 0, 0] 

248 
 64881352.23970134 0.0
0.2363661886734515 0.0
[248, 3343, <Quantity 2493.9157381855357 kpc>, <Quantity 2831.8934306352216 kpc>, <Quantity 2845.250292620785 kpc>, <Quantity 274495064.64453465 solMass>, <Quantity 381254342.65869933 solMass>, <Quantity 2.5500287518970515 kpc>, <Quantity 2.851006160915795 kpc>, -1, <Quantity 64881352.23970134 solMass>, <Quantity 0.0 solMass>, 0, 0, 0] 

252 
 75236440.86244628 121254.58021745543
0.2536084018258558 0.00040872720653062063
[252, 3339, <Quantity 2668.1567462917646 kpc>, <Quantity 2771.6283460816903 kpc>, <Quantity 2757.4231242228157 kpc>, <Quantity 296663834.16630083 solMass>, <Quantity 376708384.67927647 solMass>, <Quantity 2.616907863459294 kpc>, <Quantity 5.138337730521276 kpc>, -1, <Quantity 75236440.86244628 solMass>, <Quantity 121254.58021745543 solMass>, 0, 0, 0] 

253 
 64674413.66043165 167609.4996214051
0.23771004601836213 0.0006160467426470818
[253, 3337, <Quantity 2847.3264825142246 kpc>, <Quantity 2443.469335693837 kpc>, <Quantity 3163.890024741538 kpc>, <Quantity 272072698.41441965 solMass>, <Quantity 375799193.0902999 solMass>, <Quantity 2.542505406272736 kpc>, <Quantity 3.014985805508715 kpc>, -1, <Quantity 64674413.66043165 solMass>, <Quantity 167609.4996214051 solMass>, 0, 0, 0] 

257 
 66330079.674529344 790962.0234608487
0.2507902614744801 0.002990582457513649
[257, 3334, <Quantity 2539.324475707734 kpc>, <Quantity 2941.3580147225425 kpc>, <Quantity 2673.0894982465315 kpc>, <Quantity 264484271.77575618 solMass>, <Quantity 371556298.9702347 solMass>, <Quantity 2.518644355040686 kpc>, <Quantity 4.424595880705986 kpc>, -1, <Quantity 66330079.674529344 solMass>, <Quantity 790962.0234608487 solMass>, 0, 0, 0] 

258 
 136232990.99066582 275656.986420643
0.38697269165540576 0.0007830094988968025
[258, 3335, <Quantity 2698.0426408969383 kpc>, <Quantity 2766.2778440199913 kpc>, <Quantity 2732.2652240980888 kpc>, <Quantity 352048074.5240275 solMass>, <Quantity 371556298.96607083 solMass>, <Quantity 2.770559968472169 kpc>, <Quantity 6.294906770906037 kpc>, -1, <Quantity 136232990.99066582 solMass>, <Quantity 275656.986420643 solMass>, 0, 0, 0] 

260 
 64344254.961639665 224132.3160951361
0.2201160181484454 0.0007667368747475957
[260, 3333, <Quantity 2617.273906706185 kpc>, <Quantity 2943.1063800476973 kpc>, <Quantity 2200.5755241198663 kpc>, <Quantity 292319729.8537635 solMass>, <Quantity 370647107.374359 solMass>, <Quantity 2.604071712695644 kpc>, <Quantity 2.8918210182673043 kpc>, -1, <Quantity 64344254.961639665 solMass>, <Quantity 224132.3160951361 solMass>, 0, 0, 0] 

261 
 62672380.650672995 0.0
0.26964243573281094 0.0
[261, 3332, <Quantity 2484.066465767658 kpc>, <Quantity 2793.3428089644954 kpc>, <Quantity 2501.234806103521 kpc>, <Quantity 232427735.1980871 solMass>, <Quantity 366707277.12650704 solMass>, <Quantity 2.412475327809761 kpc>, <Quantity 4.167298473140587 kpc>, -1, <Quantity 62672380.650672995 solMass>, <Quantity 0.0 solMass>, 0, 0, 0] 

263 
 91903556.56948103 141277.10293836196
0.40261982820170666 0.0006189201488723117
[263, 3331, <Quantity 2912.792729061524 kpc>, <Quantity 2680.2662210756966 kpc>, <Quantity 2689.951396641621 kpc>, <Quantity 228263861.17138445 solMass>, <Quantity 364282766.201845 solMass>, <Quantity 2.397982172990114 kpc>, <Quantity 3.241762737839891 kpc>, -1, <Quantity 91903556.56948103 solMass>, <Quantity 141277.10293836196 solMass>, 0, 0, 0] 

265 
 74148561.06669614 15812.339237023578
0.26727475654834704 5.6996913483376684e-05
[265, 3330, <Quantity 2557.6197251359044 kpc>, <Quantity 2938.268312779481 kpc>, <Quantity 2676.983379351958 kpc>, <Quantity 277424482.67194843 solMass>, <Quantity 359130680.4913086 solMass>, <Quantity 2.5590679950971715 kpc>, <Quantity 2.956196105871773 kpc>, -1, <Quantity 74148561.06669614 solMass>, <Quantity 15812.339237023578 solMass>, 0, 0, 0] 

267 
 64482826.908461064 49766.33774989852
0.32269853930226666 0.0002490511856918647
[267, 3329, <Quantity 2843.163459127875 kpc>, <Quantity 2478.5903538210673 kpc>, <Quantity 2740.368155722188 kpc>, <Quantity 199823733.46927676 solMass>, <Quantity 357312297.3015555 solMass>, <Quantity 2.293942811982223 kpc>, <Quantity 3.646183533803192 kpc>, -1, <Quantity 64482826.908461064 solMass>, <Quantity 49766.33774989852 solMass>, 0, 0, 0] 

268 
 69857293.5438396 282281.9837620006
0.2672135913851847 0.0010797667478635142
[268, 3327, <Quantity 2521.24885841616 kpc>, <Quantity 2671.8476589858915 kpc>, <Quantity 2721.902863929338 kpc>, <Quantity 261428669.03480703 solMass>, <Quantity 355796977.96702105 solMass>, <Quantity 2.5089074110067795 kpc>, <Quantity 3.1628280868742267 kpc>, -1, <Quantity 69857293.5438396 solMass>, <Quantity 282281.9837620006 solMass>, 0, 0, 0] 

269 
 61672729.69894092 270077.0504663695
0.25024294894798266 0.0010958632426649026
[269, 3326, <Quantity 2890.335884683199 kpc>, <Quantity 2619.4266219798687 kpc>, <Quantity 2698.8055971065432 kpc>, <Quantity 246451418.34450114 solMass>, <Quantity 354584722.5086548 solMass>, <Quantity 2.460050397825356 kpc>, <Quantity 2.743352565406206 kpc>, -1, <Quantity 61672729.69894092 solMass>, <Quantity 270077.0504663695 solMass>, 0, 0, 0] 

271 
 27281400.198681876 0.0
0.11577448369430936 0.0
[271, 3325, <Quantity 2845.0414140784333 kpc>, <Quantity 2581.184437884389 kpc>, <Quantity 2198.198709672691 kpc>, <Quantity 235642598.68103245 solMass>, <Quantity 353978594.77780074 solMass>, <Quantity 2.423547289082972 kpc>, <Quantity 4.243346112167582 kpc>, -1, <Quantity 27281400.198681876 solMass>, <Quantity 0.0 solMass>, 0, 0, 0] 

272 
 70091886.0715339 8068.206589534538
0.20158592525276225 2.3204353337301485e-05
[272, 3324, <Quantity 2928.049215907992 kpc>, <Quantity 2316.7254435268633 kpc>, <Quantity 2531.130969437121 kpc>, <Quantity 347702281.21654767 solMass>, <Quantity 353675530.9125169 solMass>, <Quantity 2.75911251053726 kpc>, <Quantity 4.426974188220082 kpc>, -1, <Quantity 70091886.0715339 solMass>, <Quantity 8068.206589534538 solMass>, 0, 0, 0] 

274 
 53123215.10141592 0.0
0.22797262070826393 0.0
[274, 3323, <Quantity 2530.0905843059163 kpc>, <Quantity 2854.276245475227 kpc>, <Quantity 2354.485755081247 kpc>, <Quantity 233024540.12404227 solMass>, <Quantity 351857147.7207554 solMass>, <Quantity 2.4145384014604323 kpc>, <Quantity 2.6599659462988763 kpc>, -1, <Quantity 53123215.10141592 solMass>, <Quantity 0.0 solMass>, 0, 0, 0] 

275 
 14499873.08034357 0.0
0.07058276790083846 0.0
[275, 3321, <Quantity 2524.372386042964 kpc>, <Quantity 2814.5500603585037 kpc>, <Quantity 3004.4565661579977 kpc>, <Quantity 205430780.22548512 solMass>, <Quantity 348826509.0665233 solMass>, <Quantity 2.3152011825689627 kpc>, <Quantity 9.533788403483483 kpc>, -1, <Quantity 14499873.08034357 solMass>, <Quantity 0.0 solMass>, 0, 0, 0] 

277 
 56405193.846568584 1740704.2289651306
0.3659168076439368 0.011292451830727466
[277, 3318, <Quantity 2796.9058457330734 kpc>, <Quantity 2977.442898259696 kpc>, <Quantity 2691.7681516251573 kpc>, <Quantity 154147589.47464055 solMass>, <Quantity 346705062.0033485 solMass>, <Quantity 2.1038388774897268 kpc>, <Quantity 4.040642960008896 kpc>, -1, <Quantity 56405193.846568584 solMass>, <Quantity 1740704.2289651306 solMass>, 0, 0, 0] 

278 
 73159687.41529037 105687.30260776517
0.2933441828226955 0.00042376828706529215
[278, 3319, <Quantity 2602.0835629428007 kpc>, <Quantity 3058.128893016114 kpc>, <Quantity 2943.9576969204913 kpc>, <Quantity 249398800.7920031 solMass>, <Quantity 346705062.003013 solMass>, <Quantity 2.4698183749589764 kpc>, <Quantity 2.6990291416583574 kpc>, -1, <Quantity 73159687.41529037 solMass>, <Quantity 105687.30260776517 solMass>, 0, 0, 0] 

279 
 15893009.965131655 0.0
0.07605859495073727 0.0
[279, 3317, <Quantity 2445.6756035785857 kpc>, <Quantity 2983.528243730144 kpc>, <Quantity 2439.62572756561 kpc>, <Quantity 208957448.86459535 solMass>, <Quantity 346098934.2779927 solMass>, <Quantity 2.328374581594916 kpc>, <Quantity 12.363077927007062 kpc>, -1, <Quantity 15893009.965131655 solMass>, <Quantity 0.0 solMass>, 0, 0, 0] 

282 
 56968383.01072428 98407.98459311554
0.193971518860692 0.00033506912485040737
[282, 3315, <Quantity 2857.6729993051317 kpc>, <Quantity 2795.937302261375 kpc>, <Quantity 2662.7960981480996 kpc>, <Quantity 293694576.1178386 solMass>, <Quantity 344886678.81310767 solMass>, <Quantity 2.608147843145977 kpc>, <Quantity 3.4805386173742705 kpc>, -1, <Quantity 56968383.01072428 solMass>, <Quantity 98407.98459311554 solMass>, 0, 0, 0] 

283 
 125349895.6762047 1834344.314297091
0.47840166882068275 0.007000830566451331
[283, 3314, <Quantity 2815.262163804639 kpc>, <Quantity 2716.66119857187 kpc>, <Quantity 2702.6983315389894 kpc>, <Quantity 262018098.69352496 solMass>, <Quantity 344886678.81067085 solMass>, <Quantity 2.5107915634793447 kpc>, <Quantity 3.463925876830788 kpc>, -1, <Quantity 125349895.6762047 solMass>, <Quantity 1834344.314297091 solMass>, 0, 0, 0] 

284 
 45405205.61879068 0.0
0.14062125348959184 0.0
[284, 3313, <Quantity 2926.907346566776 kpc>, <Quantity 2951.0783642697174 kpc>, <Quantity 2298.1190205204985 kpc>, <Quantity 322890064.5673121 solMass>, <Quantity 344280551.079574 solMass>, <Quantity 2.6918557972758883 kpc>, <Quantity 3.803770754892617 kpc>, -1, <Quantity 45405205.61879068 solMass>, <Quantity 0.0 solMass>, 0, 0, 0] 

285 
 64806062.80154603 123659.20886941695
0.2765319780621294 0.0005276624463204098
[285, 3312, <Quantity 2736.6015375090133 kpc>, <Quantity 2957.8988762688045 kpc>, <Quantity 2218.810459822945 kpc>, <Quantity 234352870.34682775 solMass>, <Quantity 343977487.2148334 solMass>, <Quantity 2.419117646297584 kpc>, <Quantity 3.570204555963298 kpc>, -1, <Quantity 64806062.80154603 solMass>, <Quantity 123659.20886941695 solMass>, 0, 0, 0] 

286 
 72913069.80686983 0.0
0.33485060090696245 0.0
[286, 3310, <Quantity 2570.7591399430607 kpc>, <Quantity 2452.739760072612 kpc>, <Quantity 2386.2189733678 kpc>, <Quantity 217748063.1940947 solMass>, <Quantity 343068295.62546396 solMass>, <Quantity 2.3605778661378594 kpc>, <Quantity 4.139329549581022 kpc>, -1, <Quantity 72913069.80686983 solMass>, <Quantity 0.0 solMass>, 0, 0, 0] 

288 
 38710793.40298711 0.0
0.15670963930890705 0.0
[288, 3308, <Quantity 2537.8237073069786 kpc>, <Quantity 3013.161798691145 kpc>, <Quantity 2599.4196802617184 kpc>, <Quantity 247022414.02445027 solMass>, <Quantity 340340720.83626723 solMass>, <Quantity 2.461948804057221 kpc>, <Quantity 3.2536765154173137 kpc>, -1, <Quantity 38710793.40298711 solMass>, <Quantity 0.0 solMass>, 0, 0, 0] 

291 
 71122902.42009151 135769.69777566066
0.36702413733233324 0.000700628834122309
[291, 3307, <Quantity 2439.6954055029946 kpc>, <Quantity 2929.5564917755464 kpc>, <Quantity 2220.628566044629 kpc>, <Quantity 193782629.4941771 solMass>, <Quantity 337916209.91142976 solMass>, <Quantity 2.2705889080191644 kpc>, <Quantity 3.1948076337228546 kpc>, -1, <Quantity 71122902.42009151 solMass>, <Quantity 135769.69777566066 solMass>, 0, 0, 0] 

294 
 55346549.32609924 5152.467036794292
0.16642420361261182 1.5493201178386076e-05
[294, 3305, <Quantity 2607.9713087795853 kpc>, <Quantity 2517.0792759825545 kpc>, <Quantity 2263.0260839625093 kpc>, <Quantity 332563101.5481994 solMass>, <Quantity 335794762.8562749 solMass>, <Quantity 2.718472334964478 kpc>, <Quantity 3.726364114967204 kpc>, -1, <Quantity 55346549.32609924 solMass>, <Quantity 5152.467036794292 solMass>, 0, 0, 0] 

295 
 59689428.81172841 23942.274196471546
0.2593672827872099 0.00010403588584625521
[295, 3304, <Quantity 2500.2988223955867 kpc>, <Quantity 2888.5972329817737 kpc>, <Quantity 2313.071659028666 kpc>, <Quantity 230134765.53516895 solMass>, <Quantity 335491698.98843324 solMass>, <Quantity 2.404515830448464 kpc>, <Quantity 2.7303029687559386 kpc>, -1, <Quantity 59689428.81172841 solMass>, <Quantity 23942.274196471546 solMass>, 0, 0, 0] 

296 
 66385982.62360334 171977.70770996847
0.29355836146162567 0.0007604842481508253
[296, 3303, <Quantity 2707.6865277900556 kpc>, <Quantity 2845.7896957196635 kpc>, <Quantity 2987.5637810218077 kpc>, <Quantity 226142366.69351828 solMass>, <Quantity 335491698.9858679 solMass>, <Quantity 2.390530053987592 kpc>, <Quantity 3.454439605733263 kpc>, -1, <Quantity 66385982.62360334 solMass>, <Quantity 171977.70770996847 solMass>, 0, 0, 0] 

301 
 69305919.63466606 307559.4426076576
0.396152236405594 0.0017580079978585016
[301, 3300, <Quantity 2537.0460253276324 kpc>, <Quantity 2506.212182050934 kpc>, <Quantity 2463.845253234346 kpc>, <Quantity 174947692.49190435 solMass>, <Quantity 326702846.8953645 solMass>, <Quantity 2.194503628601362 kpc>, <Quantity 3.627544116366887 kpc>, -1, <Quantity 69305919.63466606 solMass>, <Quantity 307559.4426076576 solMass>, 0, 0, 0] 

302 
 221620483.41539612 369185.03478220286
0.7939448872912602 0.0013225879048390044
[302, 3299, <Quantity 2558.72623208458 kpc>, <Quantity 2548.9611358954894 kpc>, <Quantity 2512.6727046821898 kpc>, <Quantity 279138372.1501241 solMass>, <Quantity 325793655.29739004 solMass>, <Quantity 2.564327034233148 kpc>, <Quantity 3.359101460840264 kpc>, -1, <Quantity 221620483.41539612 solMass>, <Quantity 369185.03478220286 solMass>, 0, 0, 0] 

303 
 45150906.53272974 0.0
0.1438273743143024 0.0
[303, 3297, <Quantity 2589.7793828709628 kpc>, <Quantity 2890.800951259867 kpc>, <Quantity 2564.3867967913993 kpc>, <Quantity 313924291.1718779 solMass>, <Quantity 325187527.56625885 solMass>, <Quantity 2.666706407953198 kpc>, <Quantity 8.00610009402912 kpc>, -1, <Quantity 45150906.53272974 solMass>, <Quantity 0.0 solMass>, 0, 0, 0] 

305 
 46622088.707999915 246027.6775475133
0.1677761018725611 0.0008853649811832295
[305, 3295, <Quantity 2793.9684623082067 kpc>, <Quantity 2420.6989474454217 kpc>, <Quantity 2603.3837186980795 kpc>, <Quantity 277882774.6481617 solMass>, <Quantity 323672208.23865026 solMass>, <Quantity 2.560476372500316 kpc>, <Quantity 3.069617398172794 kpc>, -1, <Quantity 46622088.707999915 solMass>, <Quantity 246027.6775475133 solMass>, 0, 0, 0] 

306 
 54545438.00275295 56677.1373952388
0.2376669985735484 0.0002469553023258732
[306, 3294, <Quantity 2700.041785575359 kpc>, <Quantity 2829.868428600926 kpc>, <Quantity 2734.7933876255356 kpc>, <Quantity 229503626.20863968 solMass>, <Quantity 322763016.6391634 solMass>, <Quantity 2.4023157080846644 kpc>, <Quantity 3.9830319142711783 kpc>, -1, <Quantity 54545438.00275295 solMass>, <Quantity 56677.1373952388 solMass>, 0, 0, 0] 

307 
 74226590.16158931 162259.1931579118
0.3858412105798646 0.0008434481953093704
[307, 3292, <Quantity 2608.0589857522596 kpc>, <Quantity 2475.627117352686 kpc>, <Quantity 2360.8034429320555 kpc>, <Quantity 192376003.71934682 solMass>, <Quantity 322156888.9132534 solMass>, <Quantity 2.2650816581840236 kpc>, <Quantity 2.8810724674668053 kpc>, -1, <Quantity 74226590.16158931 solMass>, <Quantity 162259.1931579118 solMass>, 0, 0, 0] 

308 
 45939811.3533162 1368631.2325560518
0.20303131398272353 0.006048675197347998
[308, 3293, <Quantity 2869.1519918818353 kpc>, <Quantity 2653.445829582782 kpc>, <Quantity 2658.4742715526613 kpc>, <Quantity 226269585.96753868 solMass>, <Quantity 322156888.91165197 solMass>, <Quantity 2.3909782443482515 kpc>, <Quantity 3.069207572096683 kpc>, -1, <Quantity 45939811.3533162 solMass>, <Quantity 1368631.2325560518 solMass>, 0, 0, 0] 

309 
 83647815.93427409 331751.7166968333
0.3584340164690518 0.0014215685007195268
[309, 3291, <Quantity 2452.28558622332 kpc>, <Quantity 2352.6266733568596 kpc>, <Quantity 2584.3516030465116 kpc>, <Quantity 233370193.92939362 solMass>, <Quantity 321550761.1829081 solMass>, <Quantity 2.415731669294624 kpc>, <Quantity 3.7133121659458657 kpc>, -1, <Quantity 83647815.93427409 solMass>, <Quantity 331751.7166968333 solMass>, 0, 0, 0] 

310 
 43126981.89247367 76997.49949521288
0.18686359113078402 0.00033362012903289073
[310, 3290, <Quantity 2695.9056519425276 kpc>, <Quantity 2505.2091514993517 kpc>, <Quantity 2787.2930682420842 kpc>, <Quantity 230793926.3689389 solMass>, <Quantity 320641569.5818774 solMass>, <Quantity 2.4068093443123897 kpc>, <Quantity 2.57935497811762 kpc>, -1, <Quantity 43126981.89247367 solMass>, <Quantity 76997.49949521288 solMass>, 0, 0, 0] 

311 
 41323057.05214706 0.0
0.1366443243005843 0.0
[311, 3289, <Quantity 2810.7152484674452 kpc>, <Quantity 2840.727072588971 kpc>, <Quantity 2528.471703420407 kpc>, <Quantity 302413270.8303814 solMass>, <Quantity 320338505.7161402 solMass>, <Quantity 2.6337053071213488 kpc>, <Quantity 4.3307033610705545 kpc>, -1, <Quantity 41323057.05214706 solMass>, <Quantity 0.0 solMass>, 0, 0, 0] 

312 
 32301472.79159102 159415.36715252383
0.17734890012368776 0.0008752585434641232
[312, 3288, <Quantity 2702.381327666108 kpc>, <Quantity 2607.346795830765 kpc>, <Quantity 2685.206547985378 kpc>, <Quantity 182135174.04992718 solMass>, <Quantity 319126250.2598094 solMass>, <Quantity 2.2241539198603406 kpc>, <Quantity 2.608062867873196 kpc>, -1, <Quantity 32301472.79159102 solMass>, <Quantity 159415.36715252383 solMass>, 0, 0, 0] 

IsSatellite
IsSatellite
318 
 59989443.56412064 139193.7704558832
0.37987767434608133 0.0008814318430496063
[318, 3282, <Quantity 2449.3101823705647 kpc>, <Quantity 2438.9730166482723 kpc>, <Quantity 2633.349473997378 kpc>, <Quantity 157917792.00340223 solMass>, <Quantity 315186420.00965524 solMass>, <Quantity 2.1208530825907035 kpc>, <Quantity 5.021361123070646 kpc>, -1, <Quantity 59989443.56412064 solMass>, <Quantity 139193.7704558832 solMass>, 0, 0, 0] 

319 
 49556233.757972635 138732.65953090534
0.28325318666522237 0.0007929671996179135
[319, 3283, <Quantity 2772.0866028166947 kpc>, <Quantity 2472.3220629690095 kpc>, <Quantity 2550.0032014573535 kpc>, <Quantity 174953843.73748732 solMass>, <Quantity 315186420.0079531 solMass>, <Quantity 2.1945293482366686 kpc>, <Quantity 4.874885638396722 kpc>, -1, <Quantity 49556233.757972635 solMass>, <Quantity 138732.65953090534 solMass>, 0, 0, 0] 

320 
 50364532.31548593 452677.28471266344
0.2382373657615884 0.0021412815505663647
[320, 3284, <Quantity 2775.9692775946314 kpc>, <Quantity 2491.086849048609 kpc>, <Quantity 2643.5197234650504 kpc>, <Quantity 211404840.5231583 solMass>, <Quantity 315186420.0057554 solMass>, <Quantity 2.337429600097282 kpc>, <Quantity 3.408847091523065 kpc>, -1, <Quantity 50364532.31548593 solMass>, <Quantity 452677.28471266344 solMass>, 0, 0, 0] 

321 
 79068829.17109972 1454729.0369716787
0.6123508982944533 0.011266192277072802
[321, 3281, <Quantity 2780.1166633959597 kpc>, <Quantity 2636.040306551853 kpc>, <Quantity 2619.7135718720824 kpc>, <Quantity 129123398.67766294 solMass>, <Quantity 312761909.0836995 solMass>, <Quantity 1.9832092830783865 kpc>, <Quantity 3.693184138805319 kpc>, -1, <Quantity 79068829.17109972 solMass>, <Quantity 1454729.0369716787 solMass>, 0, 0, 0] 

322 
 50541411.51186164 322632.8932465961
0.21338766684055238 0.0013621677407990595
[322, 3280, <Quantity 2760.0816233293967 kpc>, <Quantity 3071.7040671573172 kpc>, <Quantity 3157.6952711732347 kpc>, <Quantity 236852542.88677898 solMass>, <Quantity 312155781.3520941 solMass>, <Quantity 2.4276882386969088 kpc>, <Quantity 4.060001198261978 kpc>, -1, <Quantity 50541411.51186164 solMass>, <Quantity 322632.8932465961 solMass>, 0, 0, 0] 

323 
 42291257.91063897 58019.72944902875
0.12143045218344359 0.0001665914501158467
[323, 3279, <Quantity 2796.088717394456 kpc>, <Quantity 2471.075067632371 kpc>, <Quantity 2566.2975665882477 kpc>, <Quantity 348275553.2092564 solMass>, <Quantity 311246589.75757277 solMass>, <Quantity 2.7606280345195366 kpc>, <Quantity 4.560418932890936 kpc>, -1, <Quantity 42291257.91063897 solMass>, <Quantity 58019.72944902875 solMass>, 0, 0, 0] 

326 
 70382305.66441949 5152.467036827855
0.37927895305426657 2.77658181971525e-05
[326, 3277, <Quantity 2649.1446368853726 kpc>, <Quantity 2522.7867403504492 kpc>, <Quantity 2535.165309094568 kpc>, <Quantity 185568708.98752272 solMass>, <Quantity 310034334.29828554 solMass>, <Quantity 2.238043271687864 kpc>, <Quantity 2.8592807002939966 kpc>, -1, <Quantity 70382305.66441949 solMass>, <Quantity 5152.467036827855 solMass>, 0, 0, 0] 

327 
 67215279.49098909 80650.27578622573
0.3368579990762841 0.0004041892071569917
[327, 3276, <Quantity 2540.6198821464727 kpc>, <Quantity 2461.838659984261 kpc>, <Quantity 2386.9832024707334 kpc>, <Quantity 199535945.93360886 solMass>, <Quantity 307306759.5097331 solMass>, <Quantity 2.2928410320661006 kpc>, <Quantity 3.251094047329629 kpc>, -1, <Quantity 67215279.49098909 solMass>, <Quantity 80650.27578622573 solMass>, 0, 0, 0] 

328 
 42099524.69410329 0.0
0.17988250650218995 0.0
[328, 3275, <Quantity 2617.452893767278 kpc>, <Quantity 2681.6823352750594 kpc>, <Quantity 2638.7388160602513 kpc>, <Quantity 234039015.31464794 solMass>, <Quantity 307306759.5081126 solMass>, <Quantity 2.4180372364599885 kpc>, <Quantity 3.5163140889455753 kpc>, -1, <Quantity 42099524.69410329 solMass>, <Quantity 0.0 solMass>, 0, 0, 0] 

329 
 45452209.29145217 0.0
0.2083813223871346 0.0
[329, 3274, <Quantity 2907.6289923351196 kpc>, <Quantity 2336.35918366481 kpc>, <Quantity 2460.2283418345173 kpc>, <Quantity 218120361.1281928 solMass>, <Quantity 306397567.9107791 solMass>, <Quantity 2.3619224442959372 kpc>, <Quantity 4.071718985321508 kpc>, -1, <Quantity 45452209.29145217 solMass>, <Quantity 0.0 solMass>, 0, 0, 0] 

331 
 47916657.98385056 207549.29815872113
0.2513644069012313 0.001088775979577225
[331, 3270, <Quantity 2848.4987750400414 kpc>, <Quantity 2453.5223923446247 kpc>, <Quantity 3160.061785990757 kpc>, <Quantity 190626264.7705666 solMass>, <Quantity 303063865.39521986 solMass>, <Quantity 2.258193448699886 kpc>, <Quantity 3.079183765461065 kpc>, -1, <Quantity 47916657.98385056 solMass>, <Quantity 207549.29815872113 solMass>, 0, 0, 0] 

333 
 50382475.898964345 0.0
0.2413541863703803 0.0
[333, 3271, <Quantity 2788.2006161455706 kpc>, <Quantity 2731.272541132856 kpc>, <Quantity 2711.944756751443 kpc>, <Quantity 208749127.81354362 solMass>, <Quantity 303063865.38993174 solMass>, <Quantity 2.327600563211779 kpc>, <Quantity 5.7737595562135615 kpc>, -1, <Quantity 50382475.898964345 solMass>, <Quantity 0.0 solMass>, 0, 0, 0] 

334 
 52338982.39922991 0.0
0.25559940158862315 0.0
[334, 3269, <Quantity 2807.6575106454197 kpc>, <Quantity 2517.0940663870815 kpc>, <Quantity 3202.730860412053 kpc>, <Quantity 204769581.12549642 solMass>, <Quantity 301548546.06818223 solMass>, <Quantity 2.3127146122630338 kpc>, <Quantity 3.427319289532983 kpc>, -1, <Quantity 52338982.39922991 solMass>, <Quantity 0.0 solMass>, 0, 0, 0] 

335 
 46859595.57323931 20609.868147177167
0.28519918584834697 0.00012543679782361336
[335, 3268, <Quantity 2616.085920868718 kpc>, <Quantity 2533.703222616437 kpc>, <Quantity 2531.4665114080367 kpc>, <Quantity 164304801.34033984 solMass>, <Quantity 301245482.2010264 solMass>, <Quantity 2.1490687808302797 kpc>, <Quantity 4.671927535632034 kpc>, -1, <Quantity 46859595.57323931 solMass>, <Quantity 20609.868147177167 solMass>, 0, 0, 0] 

336 
 52352434.390250035 5183.331221630503
0.17620817907616176 1.7446091413892815e-05
[336, 3267, <Quantity 2914.9888273397983 kpc>, <Quantity 3053.0161712724275 kpc>, <Quantity 3159.0649904752536 kpc>, <Quantity 297105586.4984675 solMass>, <Quantity 300942418.3308622 solMass>, <Quantity 2.61820613633389 kpc>, <Quantity 5.295155340438999 kpc>, -1, <Quantity 52352434.390250035 solMass>, <Quantity 5183.331221630503 solMass>, 0, 0, 0] 

337 
 41575962.39243678 0.0
0.18053333278478056 0.0
[337, 3266, <Quantity 2491.5513625381705 kpc>, <Quantity 2544.2121485495722 kpc>, <Quantity 2461.668447582144 kpc>, <Quantity 230295213.36096302 solMass>, <Quantity 300639354.4700285 solMass>, <Quantity 2.4050745026860447 kpc>, <Quantity 4.004539283405414 kpc>, -1, <Quantity 41575962.39243678 solMass>, <Quantity 0.0 solMass>, 0, 0, 0] 

338 
 55806826.61916604 1043822.4142688633
0.29592323745019483 0.005535009368324058
[338, 3265, <Quantity 2653.563339241413 kpc>, <Quantity 2475.3665767563534 kpc>, <Quantity 2577.706828002234 kpc>, <Quantity 188585482.84353158 solMass>, <Quantity 299124035.14410007 solMass>, <Quantity 2.2501060277933833 kpc>, <Quantity 2.703444678779601 kpc>, -1, <Quantity 55806826.61916604 solMass>, <Quantity 1043822.4142688633 solMass>, 0, 0, 0] 

340 
 72461550.87353821 0.0
0.4223387375311033 0.0
[340, 3263, <Quantity 2762.725819126256 kpc>, <Quantity 2782.9274313732744 kpc>, <Quantity 2734.3131455210632 kpc>, <Quantity 171572116.0155283 solMass>, <Quantity 296699524.21544677 solMass>, <Quantity 2.1802977146567373 kpc>, <Quantity 3.052315842993885 kpc>, -1, <Quantity 72461550.87353821 solMass>, <Quantity 0.0 solMass>, 0, 0, 0] 

342 
 33058388.228949226 0.0
0.19348529464687353 0.0
[342, 3261, <Quantity 2601.441043851074 kpc>, <Quantity 2862.0196379719896 kpc>, <Quantity 2136.2594434230064 kpc>, <Quantity 170857368.2009451 solMass>, <Quantity 295487268.75829196 solMass>, <Quantity 2.1772658855023703 kpc>, <Quantity 2.22190132028214 kpc>, -1, <Quantity 33058388.228949226 solMass>, <Quantity 0.0 solMass>, 0, 0, 0] 

343 
 78319382.52395709 0.0
0.24594288891080868 0.0
[343, 3260, <Quantity 2617.639107228598 kpc>, <Quantity 2528.4551703203806 kpc>, <Quantity 2529.5112262141993 kpc>, <Quantity 318445403.6089641 solMass>, <Quantity 294881141.02697194 solMass>, <Quantity 2.679447334900967 kpc>, <Quantity 3.5982322264342326 kpc>, -1, <Quantity 78319382.52395709 solMass>, <Quantity 0.0 solMass>, 0, 0, 0] 

344 
 46705485.50950067 87591.93962468895
0.21985435641000656 0.0004123170823044513
[344, 3259, <Quantity 2831.34842186983 kpc>, <Quantity 2356.0721751884357 kpc>, <Quantity 2847.189752347738 kpc>, <Quantity 212438299.02737778 solMass>, <Quantity 293062757.83711946 solMass>, <Quantity 2.3412322737504327 kpc>, <Quantity 2.551398449300424 kpc>, -1, <Quantity 46705485.50950067 solMass>, <Quantity 87591.93962468895 solMass>, 0, 0, 0] 

347 
 36335272.64129966 0.0
0.16241109624037386 0.0
[347, 3257, <Quantity 2791.956405130618 kpc>, <Quantity 2456.109330597924 kpc>, <Quantity 2679.6141255904577 kpc>, <Quantity 223724077.24852887 solMass>, <Quantity 290638246.90896857 solMass>, <Quantity 2.3819783266791554 kpc>, <Quantity 4.212022133443789 kpc>, -1, <Quantity 36335272.64129966 solMass>, <Quantity 0.0 solMass>, 0, 0, 0] 

348 
 40158039.2708484 0.0
0.3235987540234408 0.0
[348, 3256, <Quantity 2810.022144204569 kpc>, <Quantity 2910.357636064634 kpc>, <Quantity 2600.7608009804776 kpc>, <Quantity 124098250.60061708 solMass>, <Quantity 290032119.1769967 solMass>, <Quantity 1.957141008174957 kpc>, <Quantity 5.0758943952090005 kpc>, -1, <Quantity 40158039.2708484 solMass>, <Quantity 0.0 solMass>, 0, 0, 0] 

349 
 29379540.382897656 0.0
0.1360239991101623 0.0
[349, 3255, <Quantity 2905.385192856344 kpc>, <Quantity 2317.0384509302776 kpc>, <Quantity 3145.7158416464345 kpc>, <Quantity 215987918.12541795 solMass>, <Quantity 289729055.31733835 solMass>, <Quantity 2.3542001508705717 kpc>, <Quantity 2.6866065183174173 kpc>, -1, <Quantity 29379540.382897656 solMass>, <Quantity 0.0 solMass>, 0, 0, 0] 

351 
 43498384.61424424 0.0
0.2012722185652277 0.0
[351, 3253, <Quantity 2810.9372667756347 kpc>, <Quantity 2868.269519487545 kpc>, <Quantity 2522.7417482056217 kpc>, <Quantity 216117181.617628 solMass>, <Quantity 289122927.57944155 solMass>, <Quantity 2.3546697009699287 kpc>, <Quantity 2.9773503199882416 kpc>, -1, <Quantity 43498384.61424424 solMass>, <Quantity 0.0 solMass>, 0, 0, 0] 

354 
 41954742.44680308 0.0
0.19560096726380632 0.0
[354, 3249, <Quantity 2495.0806657643802 kpc>, <Quantity 2833.6335662523766 kpc>, <Quantity 2494.356226776301 kpc>, <Quantity 214491487.6122206 solMass>, <Quantity 285789225.06561065 solMass>, <Quantity 2.3487506727471628 kpc>, <Quantity 3.11002953861963 kpc>, -1, <Quantity 41954742.44680308 solMass>, <Quantity 0.0 solMass>, 0, 0, 0] 

355 
 50235340.36254801 0.0
0.2236454002080865 0.0
[355, 3248, <Quantity 2505.426925819316 kpc>, <Quantity 2669.9475906721923 kpc>, <Quantity 2724.230020450112 kpc>, <Quantity 224620494.38891888 solMass>, <Quantity 285486161.19682276 solMass>, <Quantity 2.385155455584709 kpc>, <Quantity 2.9638325206066143 kpc>, -1, <Quantity 50235340.36254801 solMass>, <Quantity 0.0 solMass>, 0, 0, 0] 

356 
 50626910.4602149 0.0
0.2799908481135306 0.0
[356, 3247, <Quantity 2622.133007538583 kpc>, <Quantity 2545.790270566561 kpc>, <Quantity 2542.591768671765 kpc>, <Quantity 180816304.53752086 solMass>, <Quantity 285183097.33520925 solMass>, <Quantity 2.2187724263967885 kpc>, <Quantity 3.304087168072178 kpc>, -1, <Quantity 50626910.4602149 solMass>, <Quantity 0.0 solMass>, 0, 0, 0] 

IsSatellite
360 
 44167226.245889366 334578.2587223493
0.1810430585674575 0.0013714483891753505
[360, 3243, <Quantity 2561.917030064664 kpc>, <Quantity 2759.5555065772855 kpc>, <Quantity 2829.564976424844 kpc>, <Quantity 243959788.32534167 solMass>, <Quantity 281243267.08083004 solMass>, <Quantity 2.451731910749822 kpc>, <Quantity 3.321230546957808 kpc>, -1, <Quantity 44167226.245889366 solMass>, <Quantity 334578.2587223493 solMass>, 0, 0, 0] 

361 
 31290497.166935526 2576.2335183368946
0.1814697097870379 1.4940905106814634e-05
[361, 3242, <Quantity 2506.009715352912 kpc>, <Quantity 2880.460265038838 kpc>, <Quantity 2152.158260529779 kpc>, <Quantity 172428209.66461125 solMass>, <Quantity 280940203.2196294 solMass>, <Quantity 2.1839180448058078 kpc>, <Quantity 3.492104763735894 kpc>, -1, <Quantity 31290497.166935526 solMass>, <Quantity 2576.2335183368946 solMass>, 0, 0, 0] 

362 
 46046744.05298104 0.0
0.24509981938359246 0.0
[362, 3241, <Quantity 2551.014503742832 kpc>, <Quantity 2487.716461675488 kpc>, <Quantity 2444.865043483304 kpc>, <Quantity 187869351.22508505 solMass>, <Quantity 279727947.7587416 solMass>, <Quantity 2.2472542422662394 kpc>, <Quantity 5.637315615203049 kpc>, -1, <Quantity 46046744.05298104 solMass>, <Quantity 0.0 solMass>, 0, 0, 0] 

363 
 30999724.062026795 0.0
0.14113363099839646 0.0
[363, 3240, <Quantity 2577.035960762241 kpc>, <Quantity 2748.316374319728 kpc>, <Quantity 3192.1405333166244 kpc>, <Quantity 219648030.329348 solMass>, <Quantity 278818756.1597036 solMass>, <Quantity 2.3674237571239054 kpc>, <Quantity 2.689363611864788 kpc>, -1, <Quantity 30999724.062026795 solMass>, <Quantity 0.0 solMass>, 0, 0, 0] 

364 
 57703929.905049175 664977.1982262639
0.313936817644452 0.003617792163563029
[364, 3238, <Quantity 2778.595376933498 kpc>, <Quantity 2629.4349436523767 kpc>, <Quantity 2614.935528166145 kpc>, <Quantity 183807462.71818793 solMass>, <Quantity 277606500.6994212 solMass>, <Quantity 2.2309402745949543 kpc>, <Quantity 2.974261220959106 kpc>, -1, <Quantity 57703929.905049175 solMass>, <Quantity 664977.1982262639 solMass>, 0, 0, 0] 

365 
 36662425.59874252 142232.96674149428
0.1874342829591426 0.0007271568560716818
[365, 3239, <Quantity 2886.6733544559897 kpc>, <Quantity 2923.387967966396 kpc>, <Quantity 2846.417651761538 kpc>, <Quantity 195601493.06695557 solMass>, <Quantity 277606500.69675267 solMass>, <Quantity 2.277670790140866 kpc>, <Quantity 2.9948628223787015 kpc>, -1, <Quantity 36662425.59874252 solMass>, <Quantity 142232.96674149428 solMass>, 0, 0, 0] 

371 
 63011621.61943213 92744.40666229723
0.36668376228527944 0.0005397078680380987
[371, 3235, <Quantity 2535.59707915275 kpc>, <Quantity 2532.0106401149583 kpc>, <Quantity 2493.143300714106 kpc>, <Quantity 171841865.11757556 solMass>, <Quantity 273666670.45084625 solMass>, <Quantity 2.181439752202077 kpc>, <Quantity 3.953611637893056 kpc>, -1, <Quantity 63011621.61943213 solMass>, <Quantity 92744.40666229723 solMass>, 0, 0, 0] 

372 
 47104188.747694425 47452.4498035491
0.20170460381594743 0.00020319589068794835
[372, 3234, <Quantity 2543.4006376144534 kpc>, <Quantity 2469.095563882033 kpc>, <Quantity 2389.5957357204925 kpc>, <Quantity 233530558.334089 solMass>, <Quantity 272454414.988915 solMass>, <Quantity 2.4162848800007066 kpc>, <Quantity 2.8222919591777114 kpc>, -1, <Quantity 47104188.747694425 solMass>, <Quantity 47452.4498035491 solMass>, 0, 0, 0] 

373 
 30907925.874698482 185488.81332455616
0.13887662006501322 0.0008334451026839033
[373, 3233, <Quantity 2629.173179554419 kpc>, <Quantity 2544.2697441412233 kpc>, <Quantity 2543.964255076216 kpc>, <Quantity 222556725.96459615 solMass>, <Quantity 272454414.9887295 solMass>, <Quantity 2.3778281911037262 kpc>, <Quantity 2.973155511125371 kpc>, -1, <Quantity 30907925.874698482 solMass>, <Quantity 185488.81332455616 solMass>, 0, 0, 0] 

376 
 38031318.77207681 0.0
0.2511668796540393 0.0
[376, 3232, <Quantity 2842.712703710207 kpc>, <Quantity 2695.2370926560575 kpc>, <Quantity 3158.649325356078 kpc>, <Quantity 151418526.29798034 solMass>, <Quantity 270029904.0681549 solMass>, <Quantity 2.091349268316688 kpc>, <Quantity 3.5621909902049014 kpc>, -1, <Quantity 38031318.77207681 solMass>, <Quantity 0.0 solMass>, 0, 0, 0] 

379 
 50137142.83073784 41775.2916216343
0.25876322908360067 0.00021560680855742527
[379, 3230, <Quantity 2550.600746961686 kpc>, <Quantity 3024.458208120568 kpc>, <Quantity 2924.6695186572992 kpc>, <Quantity 193756829.39301872 solMass>, <Quantity 268514584.7336427 solMass>, <Quantity 2.270488135272414 kpc>, <Quantity 2.4306426319878516 kpc>, -1, <Quantity 50137142.83073784 solMass>, <Quantity 41775.2916216343 solMass>, 0, 0, 0] 

380 
 54275095.76438643 47838.252114887604
0.3458366341565796 0.00030482157354759363
[380, 3229, <Quantity 2917.5268809454233 kpc>, <Quantity 2872.0381380107583 kpc>, <Quantity 3191.036258388971 kpc>, <Quantity 156938538.0376246 solMass>, <Quantity 268211520.8706986 solMass>, <Quantity 2.1164601608095257 kpc>, <Quantity 3.041567218245715 kpc>, -1, <Quantity 54275095.76438643 solMass>, <Quantity 47838.252114887604 solMass>, 0, 0, 0] 

381 
 33794840.28125635 0.0
0.17159331489277876 0.0
[381, 3228, <Quantity 2809.1497765438667 kpc>, <Quantity 3034.096455694857 kpc>, <Quantity 2235.928092669463 kpc>, <Quantity 196947301.25339255 solMass>, <Quantity 268211520.86857507 solMass>, <Quantity 2.282882585065872 kpc>, <Quantity 2.6038399177582208 kpc>, -1, <Quantity 33794840.28125635 solMass>, <Quantity 0.0 solMass>, 0, 0, 0] 

383 
 56983320.86060947 0.0
0.4109202604053246 0.0
[383, 3227, <Quantity 2812.358787790313 kpc>, <Quantity 2720.85633404653 kpc>, <Quantity 2712.4695710166343 kpc>, <Quantity 138672453.8829069 solMass>, <Quantity 266090073.8117695 solMass>, <Quantity 2.0309393954517123 kpc>, <Quantity 4.436023136060474 kpc>, -1, <Quantity 56983320.86060947 solMass>, <Quantity 0.0 solMass>, 0, 0, 0] 

386 
 33553593.571134616 49797.20193583882
0.17593323960022975 0.000261104165818347
[386, 3225, <Quantity 2702.888908176423 kpc>, <Quantity 2383.6907838204684 kpc>, <Quantity 2599.3308376576306 kpc>, <Quantity 190717761.1654165 solMass>, <Quantity 264574754.48860997 solMass>, <Quantity 2.2585546852296696 kpc>, <Quantity 3.170051721316015 kpc>, -1, <Quantity 33553593.571134616 solMass>, <Quantity 49797.20193583882 solMass>, 0, 0, 0] 

IsSatellite
389 
 36784081.30894802 47344.42515641749
0.2561168798628338 0.0003296454884415295
[389, 3223, <Quantity 2718.1181101178377 kpc>, <Quantity 2570.6301434868933 kpc>, <Quantity 3154.865559210807 kpc>, <Quantity 143622245.15872648 solMass>, <Quantity 263968626.7587346 solMass>, <Quantity 2.0548216563982464 kpc>, <Quantity 3.3787821807434413 kpc>, -1, <Quantity 36784081.30894802 solMass>, <Quantity 47344.42515641749 solMass>, 0, 0, 0] 

393 
 114088133.8718076 15519.129480115549
0.4780560971029363 6.502880026099259e-05
[393, 3221, <Quantity 2622.09503598098 kpc>, <Quantity 2545.8343571207392 kpc>, <Quantity 2535.215188940097 kpc>, <Quantity 238650096.84677622 solMass>, <Quantity 260331860.3733272 solMass>, <Quantity 2.4338142825795295 kpc>, <Quantity 5.465692413444262 kpc>, -1, <Quantity 114088133.8718076 solMass>, <Quantity 15519.129480115549 solMass>, 0, 0, 0] 

396 
 64108209.77962688 1505560.1891152784
0.37709249655575183 0.008855893065490847
[396, 3219, <Quantity 2841.8314337327706 kpc>, <Quantity 2567.97406092104 kpc>, <Quantity 2572.9403918693747 kpc>, <Quantity 170006590.86344007 solMass>, <Quantity 259422668.774651 solMass>, <Quantity 2.1736460014155234 kpc>, <Quantity 2.552127759450717 kpc>, -1, <Quantity 64108209.77962688 solMass>, <Quantity 1505560.1891152784 solMass>, 0, 0, 0] 

397 
 60148588.098063186 227381.38884575124
0.404436235074065 0.0015289016041533455
[397, 3218, <Quantity 2873.2771475046825 kpc>, <Quantity 2666.0559006818016 kpc>, <Quantity 3135.120686039341 kpc>, <Quantity 148722055.25068268 solMass>, <Quantity 259119604.9127368 solMass>, <Quantity 2.0788605439847267 kpc>, <Quantity 3.3469594416234654 kpc>, -1, <Quantity 60148588.098063186 solMass>, <Quantity 227381.38884575124 solMass>, 0, 0, 0] 

IsSatellite
399 
 54722802.82073971 56647.19914246453
0.32296429586023306 0.00033432174231702035
[399, 3216, <Quantity 2882.761938924629 kpc>, <Quantity 3068.51764129834 kpc>, <Quantity 3158.510656860697 kpc>, <Quantity 169439171.8285222 solMass>, <Quantity 258210413.31325647 solMass>, <Quantity 2.1712250308805103 kpc>, <Quantity 2.8235837742983962 kpc>, -1, <Quantity 54722802.82073971 solMass>, <Quantity 56647.19914246453 solMass>, 0, 0, 0] 

400 
 58345659.430848695 149421.54406579642
0.5374282762236748 0.0013763382510593857
[400, 3215, <Quantity 2877.3050980703183 kpc>, <Quantity 2630.809560558345 kpc>, <Quantity 3175.2936481883685 kpc>, <Quantity 108564550.86588249 solMass>, <Quantity 257604285.58583647 solMass>, <Quantity 1.8718149447842571 kpc>, <Quantity 3.027494102961082 kpc>, -1, <Quantity 58345659.430848695 solMass>, <Quantity 149421.54406579642 solMass>, 0, 0, 0] 

401 
 70386516.69205399 0.0
0.5538881557446134 0.0
[401, 3214, <Quantity 2881.0278075880105 kpc>, <Quantity 2935.2101152239043 kpc>, <Quantity 2466.96993379763 kpc>, <Quantity 127077129.13165775 solMass>, <Quantity 257604285.57800478 solMass>, <Quantity 1.9726772164603625 kpc>, <Quantity 3.5153087340072746 kpc>, -1, <Quantity 70386516.69205399 solMass>, <Quantity 0.0 solMass>, 0, 0, 0] 

403 
 51008376.489362605 2637.9618882503237
0.2592237495522511 1.3406079920830082e-05
[403, 3212, <Quantity 2644.7811879436827 kpc>, <Quantity 2785.1864469342972 kpc>, <Quantity 2745.784298490145 kpc>, <Quantity 196773546.3184517 solMass>, <Quantity 254270583.06195018 solMass>, <Quantity 2.2822110368560673 kpc>, <Quantity 3.4035276353366073 kpc>, -1, <Quantity 51008376.489362605 solMass>, <Quantity 2637.9618882503237 solMass>, 0, 0, 0] 

