yt : [INFO     ] 2017-08-01 15:48:29,543 Parameters: current_time              = 2.442094332e+16
yt : [INFO     ] 2017-08-01 15:48:29,543 Parameters: domain_dimensions         = [2 2 2]
yt : [INFO     ] 2017-08-01 15:48:29,544 Parameters: domain_left_edge          = [ 0.  0.  0.]
yt : [INFO     ] 2017-08-01 15:48:29,544 Parameters: domain_right_edge         = [  1.66901647e+25   1.66901647e+25   1.66901647e+25]
yt : [INFO     ] 2017-08-01 15:48:29,544 Parameters: cosmological_simulation   = 1
yt : [INFO     ] 2017-08-01 15:48:29,545 Parameters: current_redshift          = 6.99999981444
yt : [INFO     ] 2017-08-01 15:48:29,545 Parameters: omega_lambda              = 0.712
yt : [INFO     ] 2017-08-01 15:48:29,545 Parameters: omega_matter              = 0.288
yt : [INFO     ] 2017-08-01 15:48:29,545 Parameters: hubble_constant           = 0.6933
yt : [INFO     ] 2017-08-01 15:48:29,697 Parameters: current_time              = 102.74801136229
yt : [INFO     ] 2017-08-01 15:48:29,697 Parameters: domain_dimensions         = [128 128 128]
yt : [INFO     ] 2017-08-01 15:48:29,698 Parameters: domain_left_edge          = [ 0.  0.  0.]
yt : [INFO     ] 2017-08-01 15:48:29,698 Parameters: domain_right_edge         = [ 1.  1.  1.]
yt : [INFO     ] 2017-08-01 15:48:29,699 Parameters: cosmological_simulation   = 1
yt : [INFO     ] 2017-08-01 15:48:29,699 Parameters: current_redshift          = 6.9999998144358
yt : [INFO     ] 2017-08-01 15:48:29,699 Parameters: omega_lambda              = 0.712
yt : [INFO     ] 2017-08-01 15:48:29,699 Parameters: omega_matter              = 0.288
yt : [INFO     ] 2017-08-01 15:48:29,699 Parameters: hubble_constant           = 0.6933
yt : [INFO     ] 2017-08-01 15:48:29,702 Allocating for 3.540e+03 particles (index particle type 'all')
yt : [INFO     ] 2017-08-01 15:48:29,707 Identified 1.305e+03 octs
TimeNow:  0.7736676705124972 Gyr
IsSatellite
IsSatellite
IsSatellite
Parsing Hierarchy :   0%|          | 0/17983 [00:00<?, ?it/s]Parsing Hierarchy :   9%|▉         | 1611/17983 [00:00<00:01, 16101.61it/s]Parsing Hierarchy :  21%|██        | 3819/17983 [00:00<00:00, 17893.55it/s]Parsing Hierarchy :  33%|███▎      | 5956/17983 [00:00<00:00, 18934.37it/s]Parsing Hierarchy :  41%|████      | 7298/17983 [00:00<00:00, 16592.24it/s]Parsing Hierarchy :  53%|█████▎    | 9458/17983 [00:00<00:00, 18092.12it/s]Parsing Hierarchy :  64%|██████▍   | 11578/17983 [00:00<00:00, 19023.32it/s]Parsing Hierarchy :  76%|███████▋  | 13724/17983 [00:00<00:00, 19753.75it/s]Parsing Hierarchy :  87%|████████▋ | 15567/17983 [00:00<00:00, 17355.50it/s]Parsing Hierarchy :  98%|█████████▊| 17692/17983 [00:00<00:00, 18522.99it/s]Parsing Hierarchy : 100%|██████████| 17983/17983 [00:00<00:00, 18128.74it/s]
yt : [INFO     ] 2017-08-01 15:48:34,115 Gathering a field list (this may take a moment.)
7 1.628769752469697e+26 g / s
IsSatellite
10 6.759356003565237e+25 g / s
IsSatellite
IsSatellite
22 3.5336557685723125e+25 g / s
23 4.483393963088527e+25 g / s
IsSatellite
25 3.35347478325721e+25 g / s
26 1.2726783810083436e+24 g / s
27 6.903000618176071e+24 g / s
IsSatellite
30 8.59386338240312e+24 g / s
32 2.9682040589445437e+25 g / s
IsSatellite
IsSatellite
40 9.860207562136072e+23 g / s
42 6.57583471274341e+24 g / s
IsSatellite
47 1.1915634476672362e+25 g / s
48 6.420263538974406e+24 g / s
49 7.275634909237998e+24 g / s
51 8.605109702296562e+24 g / s
53 1.7003461685198287e+25 g / s
54 9.896628571005074e+24 g / s
55 8.647053683346412e+23 g / s
57 9.91102837378163e+24 g / s
61 1.6233302441551633e+25 g / s
67 1.441839944159967e+25 g / s
68 5.115099680172034e+24 g / s
70 1.3059523916392763e+24 g / s
72 5.9980307918570223e+23 g / s
73 1.5098283347781894e+24 g / s
75 3.729172161250388e+24 g / s
78 6.606134865158848e+23 g / s
80 2.2430257501594782e+23 g / s
82 1.37180720434633e+24 g / s
84 4.7430314986221255e+23 g / s
85 2.930542732018676e+24 g / s
86 2.425471238369114e+23 g / s
87 4.2960001719415175e+24 g / s
88 1.7320901919999463e+24 g / s
89 3.8818116269966595e+24 g / s
90 1.8147733070511563e+24 g / s
92 7.294778878326056e+24 g / s
93 1.965360382642164e+24 g / s
94 3.0822309003375313e+24 g / s
95 5.16526619113302e+24 g / s
99 1.0113394043090651e+24 g / s
100 4.577504449322706e+23 g / s
102 8.797419632541545e+23 g / s
103 1.2171549047795408e+24 g / s
104 1.8246027320032857e+24 g / s
105 2.6419611130404742e+23 g / s
106 9.335165307155809e+22 g / s
108 4.286600030491057e+24 g / s
109 2.9618732945310226e+24 g / s
110 4.3184967025154236e+24 g / s
112 1.4569655084094335e+24 g / s
113 1.9855010416729196e+24 g / s
115 0.0 g / s
117 2.0824367580582672e+24 g / s
118 8.404813283219906e+22 g / s
119 0.0 g / s
122 1.4642302562481133e+24 g / s
123 1.914773018218059e+24 g / s
124 5.93818400277983e+22 g / s
127 4.646812335513733e+23 g / s
128 7.69375898525783e+23 g / s
129 6.0806516543158435e+22 g / s
130 0.0 g / s
134 1.5632883969551605e+24 g / s
137 1.3720665901479435e+23 g / s
138 8.437294870226911e+23 g / s
140 4.768094651702993e+22 g / s
141 2.709745107647026e+23 g / s
142 6.061197719194861e+21 g / s
147 2.1920434708524163e+24 g / s
149 0.0 g / s
151 1.4779621405855127e+24 g / s
152 6.891173922551518e+23 g / s
153 5.5915991793094044e+23 g / s
154 9.072537183022515e+22 g / s
IsSatellite
156 7.42987283998671e+23 g / s
158 6.115098088770069e+23 g / s
159 1.3050711283782957e+24 g / s
160 9.876762860924033e+23 g / s
162 1.1431521355793142e+24 g / s
163 3.2899846612105612e+22 g / s
166 0.0 g / s
167 5.899081593186653e+21 g / s
