yt : [INFO     ] 2017-07-25 14:30:10,801 Parameters: current_time              = 3.75573048701e+16
yt : [INFO     ] 2017-07-25 14:30:10,801 Parameters: domain_dimensions         = [2 2 2]
yt : [INFO     ] 2017-07-25 14:30:10,802 Parameters: domain_left_edge          = [ 0.  0.  0.]
yt : [INFO     ] 2017-07-25 14:30:10,802 Parameters: domain_right_edge         = [  2.22535526e+25   2.22535526e+25   2.22535526e+25]
yt : [INFO     ] 2017-07-25 14:30:10,803 Parameters: cosmological_simulation   = 1
yt : [INFO     ] 2017-07-25 14:30:10,803 Parameters: current_redshift          = 4.99999995872
yt : [INFO     ] 2017-07-25 14:30:10,803 Parameters: omega_lambda              = 0.712
yt : [INFO     ] 2017-07-25 14:30:10,803 Parameters: omega_matter              = 0.288
yt : [INFO     ] 2017-07-25 14:30:10,803 Parameters: hubble_constant           = 0.6933
yt : [INFO     ] 2017-07-25 14:30:10,904 Parameters: current_time              = 158.01758093278
yt : [INFO     ] 2017-07-25 14:30:10,904 Parameters: domain_dimensions         = [128 128 128]
yt : [INFO     ] 2017-07-25 14:30:10,905 Parameters: domain_left_edge          = [ 0.  0.  0.]
yt : [INFO     ] 2017-07-25 14:30:10,905 Parameters: domain_right_edge         = [ 1.  1.  1.]
yt : [INFO     ] 2017-07-25 14:30:10,906 Parameters: cosmological_simulation   = 1
yt : [INFO     ] 2017-07-25 14:30:10,906 Parameters: current_redshift          = 4.9999999587239
yt : [INFO     ] 2017-07-25 14:30:10,906 Parameters: omega_lambda              = 0.712
yt : [INFO     ] 2017-07-25 14:30:10,906 Parameters: omega_matter              = 0.288
yt : [INFO     ] 2017-07-25 14:30:10,906 Parameters: hubble_constant           = 0.6933
yt : [INFO     ] 2017-07-25 14:30:10,909 Allocating for 5.325e+03 particles (index particle type 'all')
yt : [INFO     ] 2017-07-25 14:30:10,914 Identified 1.889e+03 octs
TimeNow:  1.189834223916265 Gyr
IsSatellite
IsSatellite
Parsing Hierarchy :   0%|          | 0/20451 [00:00<?, ?it/s]Parsing Hierarchy :   7%|▋         | 1533/20451 [00:00<00:01, 15326.14it/s]Parsing Hierarchy :  18%|█▊        | 3740/20451 [00:00<00:00, 17347.92it/s]Parsing Hierarchy :  29%|██▊       | 5870/20451 [00:00<00:00, 16235.76it/s]Parsing Hierarchy :  39%|███▉      | 8056/20451 [00:00<00:00, 17922.09it/s]Parsing Hierarchy :  50%|████▉     | 10224/20451 [00:00<00:00, 19048.77it/s]Parsing Hierarchy :  61%|██████    | 12405/20451 [00:00<00:00, 19875.57it/s]Parsing Hierarchy :  71%|███████▏  | 14584/20451 [00:00<00:00, 20448.02it/s]Parsing Hierarchy :  81%|████████  | 16503/20451 [00:00<00:00, 17909.58it/s]Parsing Hierarchy :  91%|█████████▏| 18679/20451 [00:01<00:00, 19064.14it/s]Parsing Hierarchy : 100%|██████████| 20451/20451 [00:01<00:00, 18622.74it/s]
yt : [INFO     ] 2017-07-25 14:30:16,254 Gathering a field list (this may take a moment.)
37 1.0826605842830854e+16 s
IsSatellite
IsSatellite
IsSatellite
IsSatellite
IsSatellite
IsSatellite
55 7904205516529469.0 s
57 5509878400262732.0 s
58 6047905491723937.0 s
60 8459231553978430.0 s
61 5782015480183748.0 s
64 4482333163470838.5 s
65 5575407943146425.0 s
IsSatellite
71 5667012756381398.0 s
74 1.3078452821324258e+16 s
75 1.4669010422426094e+16 s
80 8310340622877188.0 s
83 8582995738942154.0 s
84 8394664940148261.0 s
IsSatellite
90 1.0311772044142848e+16 s
94 8353835787257835.0 s
95 5417337719845667.0 s
96 7947883525635734.0 s
98 4158012188438470.5 s
103 6347097001054697.0 s
105 1.4898815559483648e+16 s
106 1.1622307409324252e+16 s
107 6566367527066284.0 s
109 1.1449902447456418e+16 s
IsSatellite
IsSatellite
114 3856861576616946.5 s
115 7926694756311490.0 s
116 9227978577454608.0 s
118 7442230455871912.0 s
119 4170317245403770.5 s
120 3580982576612390.0 s
121 9771442191462902.0 s
123 7378008309084436.0 s
124 9523408661188012.0 s
125 7597726919712176.0 s
129 5456762965602116.0 s
134 1.348884569012543e+16 s
136 7142105852422984.0 s
138 1.264419340996158e+16 s
139 2075157079294242.5 s
142 6256459922167349.0 s
143 6479291685542138.0 s
147 7447218831863357.0 s
154 1.216141278011943e+16 s
157 1.4961362444226724e+16 s
159 6804278935284430.0 s
160 1.1762229686865524e+16 s
162 7499248317331138.0 s
163 2259920394913770.5 s
165 7453705910231909.0 s
166 7649976487017956.0 s
169 4913295737264078.0 s
171 1.0328008013509288e+16 s
IsSatellite
175 6386594695003547.0 s
176 6635093361393009.0 s
180 5658568891214611.0 s
181 6238850318737796.0 s
182 1.4824015846000588e+16 s
IsSatellite
185 7066431299167427.0 s
190 4021566672885626.5 s
191 6277215546159551.0 s
194 9359998534553924.0 s
196 7998553399191351.0 s
198 2494511549389586.5 s
200 3484624452267331.5 s
202 5626769510321314.0 s
203 4803525605277189.0 s
206 7050037841936629.0 s
207 6482211763437962.0 s
211 6442064432117839.0 s
214 7840918643721207.0 s
216 7197803107266359.0 s
217 7240409287554458.0 s
219 2496897692472128.0 s
222 9997336104324040.0 s
223 4607422301671717.0 s
227 8436915501406746.0 s
229 1.2312226472154694e+16 s
233 1.2231896927429622e+16 s
234 4523786157107260.0 s
236 6201420938319012.0 s
237 6398731814298084.0 s
238 2451240689081096.0 s
239 9147951750025576.0 s
240 1.4477612331584222e+16 s
241 1.4925841950897964e+16 s
242 8469421785561248.0 s
243 8912920162968602.0 s
245 5633931676923039.0 s
246 0.0 s
247 0.0 s
250 7482518670433679.0 s
252 5050572675184133.0 s
262 0.0 s
263 9719546891399426.0 s
266 5064581858805152.0 s
IsSatellite
268 3729450230276615.0 s
269 5384166438233030.0 s
270 6933097030121640.0 s
271 4621589000977670.0 s
IsSatellite
273 5090494759169633.0 s
276 4895952014917243.0 s
278 278350196030247.97 s
279 2777375068895076.0 s
280 5091508796519133.0 s
281 4910562773168802.0 s
282 5877989081845555.0 s
284 1.0365567530529556e+16 s
285 3526068304663585.0 s
288 2470856877092093.5 s
289 1.2232586795278678e+16 s
290 5566254954530122.0 s
291 5372093005688660.0 s
292 7229878752735067.0 s
293 5167397368739410.0 s
298 9167620845755650.0 s
299 1.4007672484214078e+16 s
301 3906109646832762.0 s
302 3527403566650849.5 s
303 7529883361921364.0 s
306 5351622462296408.0 s
307 4487295444344450.5 s
314 1.050806755328656e+16 s
316 6755704022695397.0 s
317 4144202458840592.0 s
319 1409895935111002.2 s
320 4310618548195040.0 s
322 1.516554820812337e+16 s
323 6133970913368308.0 s
324 0.0 s
326 3451846164136374.0 s
327 6321895883581110.0 s
329 0.0 s
IsSatellite
331 9243938203761624.0 s
333 6605665272801692.0 s
334 0.0 s
335 3285425278548357.5 s
336 7062996269509960.0 s
337 4533003535523816.0 s
339 3628733100996561.0 s
340 6185451965652865.0 s
342 1.1600603546917102e+16 s
344 1.097687030065571e+16 s
345 3533742951869143.0 s
346 6615525886811665.0 s
348 5279972785328501.0 s
349 3016399378452799.0 s
351 1.5657330494631706e+16 s
352 3475794590202182.5 s
353 5444836419078705.0 s
356 0.0 s
357 3367744108958022.5 s
358 7608431978213072.0 s
361 1.007484293195634e+16 s
364 6420882879514417.0 s
365 4895865163227029.0 s
366 0.0 s
367 2544874039889082.5 s
371 3064654170035842.0 s
372 5680128824715908.0 s
373 1.3032490486413252e+16 s
377 0.0 s
378 3236899418905481.5 s
380 5457277831133419.0 s
382 4833332041635267.0 s
385 2128539072322562.8 s
387 1222771034966785.2 s
388 3664438074035597.0 s
389 3685781077330196.5 s
393 2929069826376831.5 s
394 1.531967798418225e+16 s
399 6017028408852932.0 s
401 0.0 s
402 0.0 s
404 1.5408152680888202e+16 s
405 6687541429343279.0 s
408 5117595492427215.0 s
409 8958360058228344.0 s
IsSatellite
415 1.146904642709937e+16 s
417 6875791128017831.0 s
418 0.0 s
419 6067195767277091.0 s
423 0.0 s
427 4651821025470198.0 s
428 0.0 s
429 7716154841888577.0 s
430 6356914404964941.0 s
431 3479275742420575.5 s
432 4578709794127930.0 s
436 0.0 s
437 0.0 s
440 5386004189441270.0 s
442 3423345704930004.0 s
445 9235518708115410.0 s
447 0.0 s
IsSatellite
450 1.520944282435339e+16 s
452 9481008124332824.0 s
454 336828793415131.7 s
456 0.0 s
457 0.0 s
458 5268875822346642.0 s
459 0.0 s
460 0.0 s
461 4042972180087529.0 s
462 7043858883710788.0 s
464 7593013634251935.0 s
465 0.0 s
IsSatellite
467 4678649278101815.0 s
468 5404630576686015.0 s
IsSatellite
478 381121031415675.6 s
481 1766974289559883.5 s
482 374460960937731.25 s
483 1930083732929644.2 s
484 1.0717348515762236e+16 s
485 5296686680631288.0 s
488 0.0 s
493 0.0 s
496 0.0 s
497 0.0 s
499 4101192037950976.5 s
500 6845623058239353.0 s
502 0.0 s
504 6324305716111481.0 s
505 0.0 s
507 9526651116626672.0 s
508 0.0 s
509 6342488989808974.0 s
510 4610051750578353.0 s
511 1380343054487499.8 s
512 0.0 s
IsSatellite
516 6081614799554730.0 s
IsSatellite
520 0.0 s
522 0.0 s
525 0.0 s
526 4224634018900354.0 s
527 666892605824710.2 s
529 0.0 s
IsSatellite
532 0.0 s
533 4424745512991770.0 s
535 4788249260973242.0 s
536 0.0 s
537 1.0589162482752424e+16 s
538 9868409908628518.0 s
542 0.0 s
543 2.5430050449517944e+16 s
545 2754676386561690.0 s
546 4190709130919366.0 s
547 5705194582234922.0 s
548 0.0 s
549 1.296875020548314e+16 s
550 6307721957511178.0 s
551 5533033527049121.0 s
553 0.0 s
554 9807056528723708.0 s
556 7802551840190414.0 s
557 0.0 s
558 5723419918575788.0 s
IsSatellite
IsSatellite
562 1.0628587915249856e+16 s
565 0.0 s
567 0.0 s
568 4354604442283489.0 s
570 1.898155317260133e+16 s
571 1.194951377383861e+16 s
572 0.0 s
573 2358514684831674.0 s
IsSatellite
578 4725879178909714.0 s
580 0.0 s
582 0.0 s
585 0.0 s
587 6320434303746480.0 s
588 0.0 s
590 0.0 s
591 4626528428961542.0 s
592 0.0 s
593 0.0 s
IsSatellite
596 2570397218287219.0 s
598 1.322869413499154e+16 s
601 4476041372916323.5 s
602 2342715436308685.5 s
603 2294392054339951.5 s
605 6623857165193077.0 s
608 8881313206449940.0 s
609 7904737109340093.0 s
611 8026114405202485.0 s
612 6319283335625222.0 s
613 4415520521500472.0 s
615 0.0 s
616 0.0 s
617 0.0 s
618 1.4317647283719906e+16 s
620 3597245139182449.0 s
622 0.0 s
623 2044898936224653.8 s
624 0.0 s
625 0.0 s
626 0.0 s
627 307799950264764.1 s
628 1.1002795060894862e+16 s
629 0.0 s
632 0.0 s
633 2146913372296112.0 s
634 3037094188603576.5 s
635 0.0 s
636 2246735851266372.0 s
637 0.0 s
639 0.0 s
642 4862197140292187.0 s
643 1.0254557203585172e+16 s
644 0.0 s
645 6590155616983225.0 s
646 0.0 s
650 0.0 s
653 4424351906534874.5 s
RadiusEqualZero
656 0.0 s
658 0.0 s
659 0.0 s
661 0.0 s
662 0.0 s
663 0.0 s
664 0.0 s
665 1664837167907264.5 s
667 0.0 s
668 0.0 s
669 3270329361959693.0 s
670 4794470359829945.0 s
IsSatellite
672 0.0 s
674 3951338428169533.0 s
675 4183729832746048.0 s
678 1.2259806849523542e+16 s
681 0.0 s
682 0.0 s
683 0.0 s
684 0.0 s
685 0.0 s
688 0.0 s
689 0.0 s
690 0.0 s
691 9128069047494068.0 s
693 1701085470914509.2 s
695 0.0 s
696 0.0 s
697 0.0 s
699 0.0 s
701 1.2744619835091572e+16 s
702 0.0 s
705 4111293525353606.5 s
706 0.0 s
707 0.0 s
709 0.0 s
711 0.0 s
712 0.0 s
713 0.0 s
714 4352963981155860.0 s
715 3748538400161197.5 s
716 0.0 s
717 7849314434362184.0 s
719 0.0 s
720 0.0 s
721 3412365085075762.5 s
723 1.14131658732127e+16 s
724 4827619458987101.0 s
728 2.4745548513810816e+16 s
729 1.1854909880238172e+16 s
730 4743623654716328.0 s
731 0.0 s
735 0.0 s
736 0.0 s
738 0.0 s
IsSatellite
744 8219557926854685.0 s
748 0.0 s
749 0.0 s
751 0.0 s
752 4606423399233268.0 s
753 0.0 s
756 0.0 s
758 0.0 s
IsSatellite
762 0.0 s
764 0.0 s
765 9531408870176464.0 s
IsSatellite
769 0.0 s
771 0.0 s
772 0.0 s
774 0.0 s
775 0.0 s
776 0.0 s
777 6139141763392392.0 s
779 0.0 s
781 0.0 s
784 0.0 s
786 0.0 s
787 0.0 s
788 0.0 s
RadiusEqualZero
790 8418251396122744.0 s
791 0.0 s
792 0.0 s
793 0.0 s
795 1.1220361385092404e+16 s
796 0.0 s
798 0.0 s
799 0.0 s
800 0.0 s
801 0.0 s
803 0.0 s
805 0.0 s
806 0.0 s
810 9860309084762970.0 s
812 1.2467761387423638e+16 s
814 1.9850451553530268e+16 s
817 6842417362182345.0 s
820 0.0 s
821 0.0 s
IsSatellite
825 0.0 s
IsSatellite
IsSatellite
832 5308486918718257.0 s
834 0.0 s
835 0.0 s
836 0.0 s
837 0.0 s
838 1.4404221854894232e+16 s
839 0.0 s
840 0.0 s
841 1.360377025592682e+16 s
IsSatellite
844 0.0 s
845 9156964599440920.0 s
846 2475415379287764.0 s
847 0.0 s
848 0.0 s
849 6774536487375424.0 s
850 2900419043521419.5 s
851 0.0 s
852 0.0 s
855 0.0 s
856 0.0 s
857 0.0 s
858 5291020447253897.0 s
861 0.0 s
862 0.0 s
865 0.0 s
866 0.0 s
867 7113160285083870.0 s
868 0.0 s
871 0.0 s
872 0.0 s
875 0.0 s
IsSatellite
878 0.0 s
880 0.0 s
RadiusEqualZero
885 0.0 s
886 0.0 s
887 0.0 s
889 0.0 s
890 9089836507359104.0 s
891 0.0 s
893 0.0 s
895 0.0 s
897 0.0 s
898 0.0 s
899 0.0 s
901 1.2165233885396622e+16 s
IsSatellite
903 2500256858466687.0 s
904 0.0 s
IsSatellite
909 0.0 s
IsSatellite
912 0.0 s
913 1.2997361053603308e+16 s
914 1.0396781422932732e+16 s
916 8616152724247149.0 s
917 0.0 s
918 5883006949215382.0 s
919 0.0 s
920 0.0 s
921 0.0 s
922 0.0 s
923 1.442946463507491e+16 s
925 0.0 s
928 0.0 s
931 0.0 s
933 0.0 s
934 0.0 s
936 0.0 s
IsSatellite
938 0.0 s
941 0.0 s
944 0.0 s
945 4178425383036009.0 s
950 0.0 s
951 1.1605239605436424e+16 s
952 0.0 s
953 0.0 s
954 4566415286179937.0 s
955 0.0 s
956 0.0 s
960 9305808895607922.0 s
961 0.0 s
962 0.0 s
963 0.0 s
964 0.0 s
965 0.0 s
966 5280215657438092.0 s
968 0.0 s
970 0.0 s
971 0.0 s
973 0.0 s
976 3552316824523519.5 s
RadiusEqualZero
980 0.0 s
IsSatellite
982 0.0 s
984 0.0 s
985 0.0 s
986 4602739147771932.0 s
987 0.0 s
988 0.0 s
989 0.0 s
990 0.0 s
991 0.0 s
994 0.0 s
995 0.0 s
996 0.0 s
997 0.0 s
998 0.0 s
999 0.0 s
1000 8723838769809766.0 s
1002 0.0 s
1003 0.0 s
1004 0.0 s
1005 0.0 s
1006 4012577716473939.5 s
1007 0.0 s
1009 0.0 s
1010 0.0 s
1011 0.0 s
1012 8993562888026353.0 s
1015 0.0 s
1017 3755218664695400.5 s
1018 0.0 s
1019 0.0 s
1020 4661896597062003.0 s
1021 0.0 s
1023 0.0 s
1024 158303502322092.84 s
1026 0.0 s
1027 5410674691049513.0 s
1028 0.0 s
IsSatellite
1031 0.0 s
1032 0.0 s
1033 0.0 s
1034 0.0 s
1035 0.0 s
1037 0.0 s
1039 0.0 s
1040 2095380644068350.8 s
1041 0.0 s
1042 0.0 s
IsSatellite
1044 0.0 s
1045 0.0 s
1048 0.0 s
1049 0.0 s
1050 3596639938322382.5 s
1051 0.0 s
1054 0.0 s
1055 0.0 s
1056 0.0 s
1057 0.0 s
1058 3841150235187865.0 s
1059 0.0 s
1060 0.0 s
1062 4580737270944080.0 s
1063 0.0 s
1064 0.0 s
1065 7636567473403147.0 s
1066 0.0 s
1069 0.0 s
1070 0.0 s
IsSatellite
1074 0.0 s
1075 7699808808741725.0 s
1078 0.0 s
1079 0.0 s
1080 0.0 s
1081 0.0 s
1082 0.0 s
1084 0.0 s
1085 0.0 s
1086 0.0 s
1087 357147457247296.8 s
1088 4502676529078689.5 s
1089 0.0 s
1090 0.0 s
1091 0.0 s
1093 1.2089107964527258e+16 s
1094 0.0 s
1095 0.0 s
1096 1.2075682614565276e+16 s
1097 1.0119016660454354e+16 s
1098 0.0 s
1099 0.0 s
1100 9866196438554234.0 s
1103 0.0 s
1104 0.0 s
1105 0.0 s
1106 0.0 s
1107 0.0 s
1108 0.0 s
1110 0.0 s
1111 0.0 s
1112 0.0 s
1113 0.0 s
1114 0.0 s
1118 0.0 s
1121 548673382381422.75 s
1122 0.0 s
1125 0.0 s
IsSatellite
1127 0.0 s
1129 0.0 s
1130 0.0 s
1131 0.0 s
1134 0.0 s
1135 0.0 s
1136 0.0 s
1138 0.0 s
RadiusEqualZero
1140 0.0 s
1143 0.0 s
1144 0.0 s
1145 0.0 s
1146 0.0 s
1147 0.0 s
1148 0.0 s
1151 0.0 s
1153 6744909774578014.0 s
1156 0.0 s
1158 0.0 s
1159 0.0 s
1160 0.0 s
1161 0.0 s
1162 0.0 s
1163 0.0 s
1166 1.4425916417438696e+16 s
1167 0.0 s
1168 0.0 s
1170 0.0 s
1171 0.0 s
1172 0.0 s
1173 0.0 s
IsSatellite
1175 0.0 s
1177 0.0 s
1182 0.0 s
1183 0.0 s
1184 0.0 s
IsSatellite
1186 0.0 s
1187 0.0 s
1188 0.0 s
1190 0.0 s
1191 0.0 s
1192 0.0 s
1194 0.0 s
1195 0.0 s
1198 8687875255996383.0 s
RadiusEqualZero
IsSatellite
1203 0.0 s
1205 0.0 s
1207 0.0 s
1208 0.0 s
1209 0.0 s
1210 0.0 s
1214 0.0 s
1215 0.0 s
1216 0.0 s
1217 0.0 s
1218 0.0 s
1220 0.0 s
1221 0.0 s
1222 0.0 s
IsSatellite
1225 0.0 s
1226 0.0 s
IsSatellite
1228 0.0 s
1229 2055061830010309.5 s
1231 0.0 s
1233 0.0 s
1235 0.0 s
1236 0.0 s
1237 447812885271968.0 s
1238 5172290834050989.0 s
1240 0.0 s
1241 0.0 s
1243 0.0 s
1244 0.0 s
1248 0.0 s
1249 0.0 s
1250 0.0 s
1251 0.0 s
1253 0.0 s
1256 0.0 s
1258 0.0 s
1261 0.0 s
1263 0.0 s
1264 0.0 s
1265 0.0 s
1267 0.0 s
1272 0.0 s
1275 0.0 s
1279 0.0 s
1280 0.0 s
1281 0.0 s
1283 0.0 s
1287 0.0 s
1288 0.0 s
RadiusEqualZero
1291 0.0 s
1292 0.0 s
1293 1.230028037938406e+16 s
1295 0.0 s
1297 0.0 s
1298 5480647236985784.0 s
1299 0.0 s
1300 0.0 s
1302 0.0 s
1306 0.0 s
1307 0.0 s
1308 0.0 s
1310 0.0 s
1311 0.0 s
1312 0.0 s
1316 0.0 s
IsSatellite
1318 0.0 s
1319 0.0 s
1320 0.0 s
1321 0.0 s
1324 1.0931691696923554e+16 s
IsSatellite
1327 0.0 s
1328 1.5628490437716058e+16 s
1329 3438634766120384.0 s
1331 0.0 s
1332 0.0 s
1333 0.0 s
1334 0.0 s
1337 0.0 s
1338 0.0 s
1339 0.0 s
1340 0.0 s
IsSatellite
1342 0.0 s
1344 0.0 s
1345 0.0 s
1347 1.0788339360732424e+16 s
1348 0.0 s
1350 0.0 s
1352 0.0 s
1353 0.0 s
1354 0.0 s
1355 0.0 s
1358 0.0 s
1359 0.0 s
RadiusEqualZero
1361 0.0 s
1362 0.0 s
1363 0.0 s
1364 0.0 s
1365 0.0 s
1366 0.0 s
1367 0.0 s
1368 0.0 s
1369 0.0 s
1373 0.0 s
1374 0.0 s
1375 0.0 s
1378 0.0 s
1380 0.0 s
1381 0.0 s
1382 0.0 s
1383 0.0 s
1384 0.0 s
1385 0.0 s
1386 0.0 s
1391 0.0 s
1392 436953021840520.0 s
1393 0.0 s
1394 0.0 s
1395 0.0 s
1396 0.0 s
1397 0.0 s
1398 0.0 s
1400 0.0 s
1402 0.0 s
1403 0.0 s
1404 0.0 s
RadiusEqualZero
1407 0.0 s
1408 0.0 s
1412 0.0 s
1413 0.0 s
1415 0.0 s
1416 0.0 s
1417 6954225758601316.0 s
RadiusEqualZero
1419 0.0 s
1420 0.0 s
1421 0.0 s
1423 0.0 s
1424 0.0 s
1425 0.0 s
1426 0.0 s
1427 0.0 s
1428 0.0 s
1430 0.0 s
1431 9787620077183996.0 s
1433 0.0 s
1434 0.0 s
1435 0.0 s
1436 0.0 s
1437 0.0 s
1439 0.0 s
1444 0.0 s
1446 0.0 s
1447 0.0 s
1448 0.0 s
1449 1.140581114255802e+16 s
1451 0.0 s
1452 0.0 s
1453 0.0 s
IsSatellite
1455 0.0 s
1456 0.0 s
1457 0.0 s
1458 0.0 s
1459 0.0 s
1461 0.0 s
1462 0.0 s
1463 0.0 s
1464 0.0 s
1465 0.0 s
1467 0.0 s
1468 0.0 s
1469 0.0 s
1472 0.0 s
1474 0.0 s
1475 0.0 s
1476 0.0 s
1479 0.0 s
1480 0.0 s
1481 0.0 s
1483 1.16451143951656e+16 s
1484 9550558289324030.0 s
1485 0.0 s
1486 0.0 s
1488 0.0 s
1490 0.0 s
1491 0.0 s
1493 9760110234419918.0 s
1495 0.0 s
1496 0.0 s
1497 0.0 s
1499 0.0 s
1500 0.0 s
1501 0.0 s
1502 0.0 s
1503 0.0 s
1504 0.0 s
1505 0.0 s
1506 0.0 s
1507 0.0 s
1508 1.2836728944997318e+16 s
1509 0.0 s
1510 0.0 s
1511 0.0 s
IsSatellite
1513 0.0 s
1515 0.0 s
IsSatellite
1519 0.0 s
1520 0.0 s
1521 0.0 s
1523 0.0 s
1524 0.0 s
IsSatellite
1526 0.0 s
1527 0.0 s
IsSatellite
IsSatellite
1531 0.0 s
1532 0.0 s
1533 0.0 s
1535 0.0 s
1537 0.0 s
1539 0.0 s
1540 0.0 s
1541 0.0 s
1542 0.0 s
1543 0.0 s
1544 0.0 s
1545 0.0 s
1546 1.2721363057031152e+16 s
IsSatellite
1549 0.0 s
1553 0.0 s
1554 0.0 s
1556 0.0 s
1557 0.0 s
1558 0.0 s
1559 0.0 s
1560 0.0 s
1561 0.0 s
1563 0.0 s
1565 0.0 s
1566 0.0 s
1567 0.0 s
1568 0.0 s
1570 0.0 s
1571 0.0 s
1573 0.0 s
1575 0.0 s
1576 0.0 s
1577 0.0 s
1578 0.0 s
IsSatellite
1582 0.0 s
1585 0.0 s
1587 0.0 s
1589 0.0 s
1591 0.0 s
1593 0.0 s
1594 0.0 s
1595 0.0 s
1596 0.0 s
1598 0.0 s
1599 0.0 s
1600 0.0 s
1601 0.0 s
1602 0.0 s
1604 0.0 s
1605 0.0 s
1606 0.0 s
IsSatellite
1608 0.0 s
1610 0.0 s
1611 0.0 s
1613 0.0 s
1615 0.0 s
1616 0.0 s
1617 0.0 s
1618 0.0 s
IsSatellite
1620 0.0 s
1621 0.0 s
1622 0.0 s
1623 0.0 s
IsSatellite
1625 0.0 s
1628 0.0 s
1629 0.0 s
1630 0.0 s
1631 0.0 s
1635 0.0 s
1637 0.0 s
1638 0.0 s
IsSatellite
1640 0.0 s
1641 0.0 s
1642 0.0 s
1643 0.0 s
1644 0.0 s
1645 0.0 s
1646 0.0 s
1648 0.0 s
1649 0.0 s
1650 0.0 s
1651 0.0 s
1653 0.0 s
1654 0.0 s
IsSatellite
1656 0.0 s
1657 0.0 s
1658 0.0 s
RadiusEqualZero
RadiusEqualZero
IsSatellite
1663 0.0 s
1667 0.0 s
IsSatellite
1670 0.0 s
1671 0.0 s
1672 0.0 s
1673 0.0 s
RadiusEqualZero
1676 0.0 s
1677 0.0 s
1678 0.0 s
1680 0.0 s
1682 0.0 s
1683 0.0 s
1684 0.0 s
1685 0.0 s
1687 0.0 s
1688 0.0 s
1689 0.0 s
1690 0.0 s
1691 0.0 s
1692 0.0 s
1694 0.0 s
1695 0.0 s
1696 0.0 s
1698 0.0 s
1699 0.0 s
1700 0.0 s
RadiusEqualZero
1702 0.0 s
1704 0.0 s
1705 0.0 s
1706 0.0 s
1707 0.0 s
IsSatellite
1709 0.0 s
1711 0.0 s
1713 0.0 s
1714 0.0 s
1715 0.0 s
1716 0.0 s
1717 0.0 s
1718 0.0 s
1719 0.0 s
1720 0.0 s
1721 0.0 s
1722 0.0 s
1725 0.0 s
1726 0.0 s
1727 0.0 s
1729 0.0 s
RadiusEqualZero
1731 0.0 s
1732 0.0 s
1733 0.0 s
1734 0.0 s
1735 0.0 s
1736 0.0 s
1738 0.0 s
1739 0.0 s
1740 0.0 s
1742 0.0 s
1743 0.0 s
1744 0.0 s
IsSatellite
1746 0.0 s
1748 0.0 s
1749 0.0 s
IsSatellite
1752 0.0 s
1753 0.0 s
IsSatellite
1755 0.0 s
1756 0.0 s
1757 0.0 s
1759 0.0 s
1760 0.0 s
1764 0.0 s
1768 0.0 s
1769 0.0 s
1770 0.0 s
1771 0.0 s
1772 0.0 s
1773 0.0 s
1774 0.0 s
1775 0.0 s
1776 0.0 s
1781 0.0 s
1782 9092892935899912.0 s
IsSatellite
1784 0.0 s
1785 0.0 s
1786 0.0 s
1787 0.0 s
1788 0.0 s
1789 0.0 s
1790 0.0 s
1791 0.0 s
1793 0.0 s
1794 0.0 s
1795 0.0 s
IsSatellite
1797 0.0 s
1798 0.0 s
1800 0.0 s
1801 0.0 s
1802 0.0 s
1803 0.0 s
1806 0.0 s
1808 0.0 s
1809 0.0 s
1813 1.451715933077665e+16 s
1816 0.0 s
1818 0.0 s
1819 0.0 s
IsSatellite
1821 0.0 s
1822 0.0 s
1823 0.0 s
1824 0.0 s
1826 0.0 s
1827 0.0 s
1828 0.0 s
1829 0.0 s
1830 0.0 s
1831 0.0 s
IsSatellite
1833 0.0 s
IsSatellite
IsSatellite
1836 0.0 s
1837 0.0 s
1838 0.0 s
1839 0.0 s
1840 0.0 s
1841 0.0 s
IsSatellite
1844 0.0 s
1845 0.0 s
1847 0.0 s
1848 0.0 s
1849 0.0 s
1851 0.0 s
1852 0.0 s
RadiusEqualZero
IsSatellite
1856 0.0 s
1857 0.0 s
1858 1.2786068038304384e+16 s
IsSatellite
1862 0.0 s
1865 0.0 s
1866 0.0 s
1867 0.0 s
1868 0.0 s
1872 0.0 s
1873 0.0 s
1874 0.0 s
1875 0.0 s
1877 0.0 s
1878 0.0 s
1879 0.0 s
1880 0.0 s
1881 0.0 s
1882 0.0 s
1883 0.0 s
1884 0.0 s
1885 0.0 s
IsSatellite
1888 0.0 s
1889 0.0 s
1890 0.0 s
1891 0.0 s
1892 0.0 s
1893 0.0 s
1894 0.0 s
1895 0.0 s
1896 0.0 s
1898 0.0 s
1899 0.0 s
IsSatellite
1901 0.0 s
1902 0.0 s
1903 0.0 s
1904 0.0 s
1905 0.0 s
1906 0.0 s
1907 0.0 s
1908 0.0 s
1910 0.0 s
1911 0.0 s
1912 0.0 s
IsSatellite
1915 0.0 s
1920 0.0 s
1921 0.0 s
1922 0.0 s
1925 0.0 s
1927 0.0 s
1928 0.0 s
1929 0.0 s
RadiusEqualZero
IsSatellite
1932 0.0 s
1933 0.0 s
1936 0.0 s
1937 0.0 s
1938 0.0 s
1939 0.0 s
1940 0.0 s
1941 0.0 s
1942 0.0 s
1943 0.0 s
1945 0.0 s
1946 0.0 s
1947 0.0 s
1948 0.0 s
RadiusEqualZero
1950 0.0 s
1951 0.0 s
1953 0.0 s
1954 0.0 s
1956 0.0 s
1960 0.0 s
1962 0.0 s
1963 0.0 s
1964 0.0 s
IsSatellite
1966 0.0 s
1970 0.0 s
1971 0.0 s
1972 0.0 s
1973 0.0 s
1974 0.0 s
1975 0.0 s
1977 0.0 s
1979 0.0 s
1980 0.0 s
1981 0.0 s
1982 0.0 s
1983 0.0 s
IsSatellite
1988 0.0 s
1989 0.0 s
IsSatellite
IsSatellite
1993 0.0 s
1996 0.0 s
1997 0.0 s
1998 0.0 s
1999 0.0 s
2000 0.0 s
2002 0.0 s
2003 0.0 s
2004 0.0 s
2006 0.0 s
2009 1.1593813621481752e+16 s
2010 0.0 s
2012 0.0 s
2013 0.0 s
2014 0.0 s
2015 0.0 s
2016 0.0 s
2017 0.0 s
2019 0.0 s
IsSatellite
2021 0.0 s
2022 0.0 s
2023 0.0 s
IsSatellite
2025 0.0 s
2026 0.0 s
2027 0.0 s
2028 0.0 s
2029 0.0 s
2030 0.0 s
2031 0.0 s
2032 0.0 s
2033 0.0 s
2034 0.0 s
2035 0.0 s
2036 0.0 s
2040 0.0 s
2042 0.0 s
2043 0.0 s
2044 0.0 s
2045 0.0 s
2046 0.0 s
2048 0.0 s
2050 0.0 s
2051 0.0 s
2052 0.0 s
IsSatellite
2054 0.0 s
2055 0.0 s
2058 0.0 s
2059 0.0 s
2061 0.0 s
2063 0.0 s
2064 0.0 s
2067 0.0 s
2068 0.0 s
2069 0.0 s
2070 0.0 s
2071 0.0 s
2073 0.0 s
2074 0.0 s
2075 0.0 s
2076 0.0 s
2077 0.0 s
IsSatellite
2079 0.0 s
2081 0.0 s
2084 0.0 s
2085 0.0 s
2086 0.0 s
2087 0.0 s
2088 0.0 s
2089 0.0 s
2090 0.0 s
IsSatellite
2094 0.0 s
2095 0.0 s
2096 0.0 s
2097 0.0 s
2098 0.0 s
2099 0.0 s
2100 0.0 s
IsSatellite
2102 0.0 s
2105 0.0 s
2107 0.0 s
2108 0.0 s
2109 0.0 s
2110 0.0 s
2111 0.0 s
2112 0.0 s
2113 0.0 s
2114 0.0 s
2115 0.0 s
2117 0.0 s
2118 0.0 s
2120 0.0 s
2121 0.0 s
2122 0.0 s
2123 0.0 s
2124 0.0 s
2125 0.0 s
2126 0.0 s
2127 0.0 s
2128 0.0 s
2129 0.0 s
2130 0.0 s
2131 0.0 s
2132 0.0 s
2133 0.0 s
2134 0.0 s
2135 0.0 s
2136 0.0 s
2137 0.0 s
2139 0.0 s
2140 0.0 s
2141 0.0 s
2143 0.0 s
2144 0.0 s
2145 0.0 s
2146 0.0 s
2148 0.0 s
2149 0.0 s
2151 0.0 s
2152 0.0 s
2154 0.0 s
2155 0.0 s
2156 0.0 s
2158 0.0 s
2159 3640855962855910.5 s
2162 0.0 s
2164 0.0 s
2165 0.0 s
2166 0.0 s
2167 0.0 s
2168 0.0 s
2169 0.0 s
RadiusEqualZero
2171 0.0 s
2172 0.0 s
2173 0.0 s
2174 0.0 s
RadiusEqualZero
2178 0.0 s
2179 0.0 s
2181 0.0 s
2182 0.0 s
2183 0.0 s
2184 0.0 s
2185 0.0 s
2186 0.0 s
2188 0.0 s
2189 0.0 s
2190 0.0 s
IsSatellite
2192 0.0 s
2193 0.0 s
2195 0.0 s
2199 0.0 s
2200 0.0 s
2201 0.0 s
2203 0.0 s
2205 0.0 s
2206 0.0 s
2208 0.0 s
2209 0.0 s
2210 0.0 s
2211 0.0 s
2212 0.0 s
2214 0.0 s
2215 0.0 s
2217 0.0 s
2218 0.0 s
2219 0.0 s
2220 0.0 s
2221 1.6616934100009456e+16 s
IsSatellite
2223 0.0 s
2224 0.0 s
2226 0.0 s
2227 0.0 s
2230 0.0 s
2231 0.0 s
2234 0.0 s
2235 0.0 s
2237 0.0 s
2238 0.0 s
2239 0.0 s
2240 0.0 s
2242 0.0 s
2243 0.0 s
2244 0.0 s
2245 0.0 s
2246 0.0 s
2247 0.0 s
2248 0.0 s
2249 0.0 s
RadiusEqualZero
2253 0.0 s
2256 0.0 s
2257 0.0 s
2258 0.0 s
2259 0.0 s
RadiusEqualZero
IsSatellite
2262 0.0 s
2264 0.0 s
2265 0.0 s
2268 0.0 s
2269 0.0 s
2270 0.0 s
2272 0.0 s
2273 0.0 s
2274 0.0 s
2275 0.0 s
2276 0.0 s
2277 0.0 s
2278 0.0 s
2279 0.0 s
2281 0.0 s
2282 0.0 s
2283 0.0 s
2284 0.0 s
2285 0.0 s
2286 0.0 s
2289 0.0 s
2290 0.0 s
2291 0.0 s
2292 0.0 s
2293 0.0 s
IsSatellite
2295 0.0 s
2296 0.0 s
2298 0.0 s
2299 0.0 s
RadiusEqualZero
2302 0.0 s
2303 0.0 s
2304 0.0 s
2305 0.0 s
2306 0.0 s
2307 0.0 s
2308 1.5136637903729868e+16 s
IsSatellite
2310 0.0 s
2311 0.0 s
2312 0.0 s
2313 0.0 s
2314 0.0 s
2319 0.0 s
2322 0.0 s
2323 0.0 s
2324 0.0 s
RadiusEqualZero
2329 0.0 s
2330 0.0 s
2331 0.0 s
2333 0.0 s
2334 0.0 s
2335 0.0 s
2336 0.0 s
2337 0.0 s
2338 0.0 s
2339 0.0 s
2341 0.0 s
2342 0.0 s
2344 0.0 s
2345 0.0 s
2346 0.0 s
2348 0.0 s
2349 0.0 s
2350 0.0 s
2351 0.0 s
2352 0.0 s
IsSatellite
2360 0.0 s
2361 0.0 s
2362 0.0 s
2363 0.0 s
IsSatellite
RadiusEqualZero
2367 0.0 s
2368 0.0 s
2369 0.0 s
IsSatellite
2372 0.0 s
2373 0.0 s
2374 0.0 s
2375 0.0 s
2376 0.0 s
IsSatellite
2380 0.0 s
2381 0.0 s
2382 0.0 s
2383 0.0 s
2384 0.0 s
2385 0.0 s
2386 0.0 s
IsSatellite
2388 0.0 s
2389 0.0 s
2390 0.0 s
2391 0.0 s
2392 0.0 s
2393 0.0 s
2394 0.0 s
2395 0.0 s
2396 0.0 s
2397 0.0 s
2398 0.0 s
2399 0.0 s
2400 0.0 s
2401 0.0 s
RadiusEqualZero
2403 0.0 s
2404 0.0 s
2406 0.0 s
2407 0.0 s
2408 0.0 s
2409 0.0 s
2410 0.0 s
2411 0.0 s
IsSatellite
2415 0.0 s
2416 0.0 s
2418 0.0 s
2419 0.0 s
2422 0.0 s
2423 0.0 s
2425 0.0 s
2426 0.0 s
2427 0.0 s
2429 0.0 s
2430 0.0 s
2431 0.0 s
2432 0.0 s
2433 0.0 s
2434 0.0 s
IsSatellite
2437 0.0 s
2438 0.0 s
2439 0.0 s
2440 0.0 s
2441 0.0 s
2442 0.0 s
2443 0.0 s
2444 0.0 s
2445 0.0 s
2446 0.0 s
2448 0.0 s
RadiusEqualZero
2450 0.0 s
2451 0.0 s
2452 0.0 s
2454 0.0 s
2455 0.0 s
2456 0.0 s
2459 0.0 s
2460 0.0 s
2461 0.0 s
2462 0.0 s
2463 0.0 s
2464 0.0 s
2465 0.0 s
2466 0.0 s
IsSatellite
2471 0.0 s
2474 0.0 s
2475 0.0 s
2476 0.0 s
2477 0.0 s
2478 0.0 s
2479 0.0 s
2481 0.0 s
2482 0.0 s
2483 0.0 s
2484 0.0 s
2485 0.0 s
2486 0.0 s
2487 0.0 s
2488 0.0 s
2489 0.0 s
2490 0.0 s
2491 0.0 s
2492 0.0 s
2494 0.0 s
2495 0.0 s
IsSatellite
2497 0.0 s
2498 0.0 s
2500 0.0 s
2501 0.0 s
2502 0.0 s
2503 0.0 s
2505 0.0 s
2506 0.0 s
2507 0.0 s
2509 0.0 s
2510 0.0 s
2511 0.0 s
2514 0.0 s
2515 0.0 s
2516 0.0 s
2517 0.0 s
2518 0.0 s
2519 0.0 s
RadiusEqualZero
2521 0.0 s
2523 0.0 s
2524 0.0 s
2527 0.0 s
2529 0.0 s
2530 0.0 s
2531 0.0 s
2532 0.0 s
2533 0.0 s
2534 0.0 s
RadiusEqualZero
2537 0.0 s
2538 0.0 s
2539 0.0 s
2541 0.0 s
2542 0.0 s
2543 0.0 s
2544 0.0 s
2545 0.0 s
2546 0.0 s
2547 0.0 s
2548 0.0 s
2549 0.0 s
2550 9154324386992444.0 s
2551 0.0 s
2554 0.0 s
RadiusEqualZero
2559 0.0 s
2562 0.0 s
2564 0.0 s
2565 0.0 s
2566 0.0 s
2567 0.0 s
2569 0.0 s
2570 0.0 s
2571 0.0 s
2575 0.0 s
2576 0.0 s
2577 0.0 s
2578 0.0 s
2580 0.0 s
2582 0.0 s
2583 0.0 s
2584 0.0 s
2585 0.0 s
2586 0.0 s
2587 0.0 s
2588 0.0 s
2590 0.0 s
2593 0.0 s
2595 0.0 s
2597 0.0 s
2598 0.0 s
2599 1.1244398747471492e+16 s
2600 0.0 s
2601 0.0 s
2602 0.0 s
2603 0.0 s
IsSatellite
2605 0.0 s
2606 0.0 s
2609 0.0 s
RadiusEqualZero
2611 0.0 s
2612 0.0 s
2613 0.0 s
RadiusEqualZero
2616 0.0 s
2617 0.0 s
2620 0.0 s
2621 0.0 s
2622 0.0 s
2623 0.0 s
2624 0.0 s
2625 0.0 s
2626 0.0 s
2627 0.0 s
2628 0.0 s
2629 0.0 s
2631 0.0 s
2632 0.0 s
2633 0.0 s
2634 0.0 s
2635 0.0 s
2636 0.0 s
2637 0.0 s
2638 0.0 s
2639 0.0 s
2640 0.0 s
2641 0.0 s
IsSatellite
2643 0.0 s
IsSatellite
2645 0.0 s
2646 0.0 s
2647 0.0 s
RadiusEqualZero
RadiusEqualZero
2651 0.0 s
2652 0.0 s
2653 0.0 s
2654 0.0 s
2655 0.0 s
2656 0.0 s
2658 0.0 s
2660 0.0 s
2662 0.0 s
2663 0.0 s
2664 0.0 s
2665 0.0 s
2667 0.0 s
2668 0.0 s
2669 0.0 s
2670 0.0 s
2671 0.0 s
2672 0.0 s
2673 0.0 s
2674 0.0 s
2675 0.0 s
2678 0.0 s
2680 0.0 s
2681 0.0 s
2682 0.0 s
2684 0.0 s
2687 0.0 s
2688 0.0 s
2690 0.0 s
2691 0.0 s
2692 0.0 s
2694 0.0 s
IsSatellite
IsSatellite
2697 0.0 s
2699 0.0 s
2700 0.0 s
2702 0.0 s
2703 0.0 s
2704 0.0 s
2705 0.0 s
2706 0.0 s
2707 0.0 s
2708 0.0 s
2710 0.0 s
2713 0.0 s
2715 0.0 s
2716 0.0 s
2717 0.0 s
2720 0.0 s
RadiusEqualZero
2723 0.0 s
2724 0.0 s
2725 0.0 s
2726 0.0 s
2727 0.0 s
2728 0.0 s
2729 0.0 s
2730 0.0 s
2731 0.0 s
2733 0.0 s
2734 0.0 s
2735 0.0 s
2736 0.0 s
2737 0.0 s
2738 0.0 s
2740 0.0 s
2741 0.0 s
2742 0.0 s
2743 0.0 s
RadiusEqualZero
IsSatellite
IsSatellite
2747 0.0 s
2749 0.0 s
2753 0.0 s
2754 0.0 s
RadiusEqualZero
2756 0.0 s
2757 0.0 s
2758 0.0 s
2759 0.0 s
2760 0.0 s
2761 0.0 s
RadiusEqualZero
2763 0.0 s
2764 0.0 s
2765 0.0 s
2766 0.0 s
2767 0.0 s
2769 0.0 s
2770 0.0 s
2771 0.0 s
2772 0.0 s
RadiusEqualZero
2774 0.0 s
2775 0.0 s
IsSatellite
RadiusEqualZero
2778 0.0 s
2779 0.0 s
2781 0.0 s
2782 0.0 s
2784 0.0 s
2785 0.0 s
2787 0.0 s
2788 0.0 s
2789 0.0 s
2790 0.0 s
2791 0.0 s
2792 0.0 s
2793 0.0 s
2794 0.0 s
2795 0.0 s
2796 0.0 s
2797 0.0 s
2798 0.0 s
2799 0.0 s
2800 0.0 s
2801 0.0 s
2802 0.0 s
2803 0.0 s
RadiusEqualZero
2805 0.0 s
2806 0.0 s
RadiusEqualZero
2809 0.0 s
2810 0.0 s
2811 0.0 s
2812 0.0 s
2813 0.0 s
2814 0.0 s
2815 0.0 s
2816 0.0 s
2817 0.0 s
2818 0.0 s
2819 0.0 s
2820 0.0 s
2821 0.0 s
2823 0.0 s
2825 0.0 s
2826 0.0 s
2827 0.0 s
2828 0.0 s
2830 0.0 s
2831 0.0 s
2832 0.0 s
2833 0.0 s
2834 0.0 s
2835 0.0 s
2836 0.0 s
2837 0.0 s
2838 0.0 s
2839 0.0 s
2840 0.0 s
2841 0.0 s
2842 0.0 s
2843 0.0 s
2846 0.0 s
2847 0.0 s
2850 0.0 s
2851 0.0 s
2852 0.0 s
2853 0.0 s
2854 0.0 s
2855 0.0 s
2856 0.0 s
2857 0.0 s
2858 0.0 s
2859 0.0 s
2860 0.0 s
IsSatellite
2863 0.0 s
2864 0.0 s
2865 0.0 s
2866 0.0 s
2867 0.0 s
2870 0.0 s
2871 0.0 s
2872 0.0 s
2873 0.0 s
2874 0.0 s
2875 0.0 s
2876 0.0 s
2877 0.0 s
2878 0.0 s
2880 0.0 s
2881 0.0 s
2882 0.0 s
RadiusEqualZero
2884 0.0 s
2885 0.0 s
2887 0.0 s
2888 0.0 s
2889 0.0 s
2890 0.0 s
2891 0.0 s
2892 0.0 s
2893 0.0 s
2894 0.0 s
2895 0.0 s
2896 0.0 s
2897 0.0 s
2899 0.0 s
2900 0.0 s
2903 0.0 s
2904 0.0 s
2905 0.0 s
2906 0.0 s
2908 0.0 s
2909 0.0 s
2910 0.0 s
2912 0.0 s
2913 0.0 s
2914 0.0 s
2915 0.0 s
2916 0.0 s
2917 0.0 s
2918 0.0 s
2920 0.0 s
2921 0.0 s
RadiusEqualZero
2926 0.0 s
2927 0.0 s
2928 0.0 s
2929 0.0 s
2930 0.0 s
2931 0.0 s
2932 0.0 s
2933 0.0 s
2934 0.0 s
2935 0.0 s
2936 0.0 s
2937 0.0 s
2938 0.0 s
2939 0.0 s
2940 0.0 s
2941 0.0 s
2943 0.0 s
2945 0.0 s
2946 0.0 s
2947 0.0 s
2948 0.0 s
2949 0.0 s
IsSatellite
IsSatellite
2954 0.0 s
2955 0.0 s
2956 0.0 s
2957 0.0 s
2958 0.0 s
2960 0.0 s
2961 0.0 s
2962 0.0 s
2963 0.0 s
2964 0.0 s
2965 0.0 s
2968 0.0 s
2969 0.0 s
2970 0.0 s
2971 0.0 s
2972 0.0 s
2973 0.0 s
2974 0.0 s
2975 0.0 s
2976 0.0 s
2977 0.0 s
2978 0.0 s
2979 0.0 s
2980 0.0 s
2981 0.0 s
2982 0.0 s
2985 0.0 s
2986 0.0 s
2987 0.0 s
2989 0.0 s
2990 0.0 s
2991 0.0 s
2992 0.0 s
IsSatellite
2995 0.0 s
RadiusEqualZero
RadiusEqualZero
2999 0.0 s
123AllDone123
