yt : [INFO     ] 2017-07-25 14:30:11,173 Parameters: current_time              = 3.75573048701e+16
yt : [INFO     ] 2017-07-25 14:30:11,173 Parameters: domain_dimensions         = [2 2 2]
yt : [INFO     ] 2017-07-25 14:30:11,174 Parameters: domain_left_edge          = [ 0.  0.  0.]
yt : [INFO     ] 2017-07-25 14:30:11,174 Parameters: domain_right_edge         = [  2.22535526e+25   2.22535526e+25   2.22535526e+25]
yt : [INFO     ] 2017-07-25 14:30:11,175 Parameters: cosmological_simulation   = 1
yt : [INFO     ] 2017-07-25 14:30:11,175 Parameters: current_redshift          = 4.99999995872
yt : [INFO     ] 2017-07-25 14:30:11,175 Parameters: omega_lambda              = 0.712
yt : [INFO     ] 2017-07-25 14:30:11,175 Parameters: omega_matter              = 0.288
yt : [INFO     ] 2017-07-25 14:30:11,175 Parameters: hubble_constant           = 0.6933
yt : [INFO     ] 2017-07-25 14:30:11,210 Parameters: current_time              = 158.01758093278
yt : [INFO     ] 2017-07-25 14:30:11,210 Parameters: domain_dimensions         = [128 128 128]
yt : [INFO     ] 2017-07-25 14:30:11,211 Parameters: domain_left_edge          = [ 0.  0.  0.]
yt : [INFO     ] 2017-07-25 14:30:11,211 Parameters: domain_right_edge         = [ 1.  1.  1.]
yt : [INFO     ] 2017-07-25 14:30:11,212 Parameters: cosmological_simulation   = 1
yt : [INFO     ] 2017-07-25 14:30:11,212 Parameters: current_redshift          = 4.9999999587239
yt : [INFO     ] 2017-07-25 14:30:11,212 Parameters: omega_lambda              = 0.712
yt : [INFO     ] 2017-07-25 14:30:11,212 Parameters: omega_matter              = 0.288
yt : [INFO     ] 2017-07-25 14:30:11,212 Parameters: hubble_constant           = 0.6933
yt : [INFO     ] 2017-07-25 14:30:11,215 Allocating for 5.325e+03 particles (index particle type 'all')
yt : [INFO     ] 2017-07-25 14:30:11,220 Identified 1.889e+03 octs
IsSatellite
IsSatellite
37 0.7850357473134046 solMass / solMass
IsSatellite
IsSatellite
IsSatellite
IsSatellite
IsSatellite
IsSatellite
55 98.51981634664301 solMass / solMass
57 10.664982551710237 solMass / solMass
58 2.7392648183810033 solMass / solMass
60 2.9191488945804545 solMass / solMass
61 64.88150166091887 solMass / solMass
64 3.4208712275451964e+36 solMass / solMass
65 20.065526689982057 solMass / solMass
IsSatellite
71 19.27157211948632 solMass / solMass
74 1.1856829849941641 solMass / solMass
75 7.185399045156273 solMass / solMass
80 222.52093731102843 solMass / solMass
83 12.755321385516437 solMass / solMass
84 4.070876963229281 solMass / solMass
IsSatellite
90 126.6143178638879 solMass / solMass
94 4.6385466015749644e-36 solMass / solMass
95 357.264898843277 solMass / solMass
96 1.9446161786782796 solMass / solMass
98 5.911317823472655 solMass / solMass
103 4.522497308095372 solMass / solMass
105 28.007451406763224 solMass / solMass
106 73.40098551242659 solMass / solMass
107 22.555663617026113 solMass / solMass
109 7.651346650557906 solMass / solMass
IsSatellite
IsSatellite
114 0.7306915224820816 solMass / solMass
115 7.993022753591515 solMass / solMass
116 0.9739518474425946 solMass / solMass
118 448.2763125017756 solMass / solMass
119 5.070582134161439 solMass / solMass
120 10.370835501620284 solMass / solMass
121 10.594797513820899 solMass / solMass
123 32.53370748569494 solMass / solMass
124 165.444122818769 solMass / solMass
125 1.5079735972556219 solMass / solMass
129 6.713593591239139 solMass / solMass
134 195.15124630400305 solMass / solMass
136 77.36833450010522 solMass / solMass
138 49.04875924044734 solMass / solMass
139 14.245963055075634 solMass / solMass
142 6.3938196054076e-37 solMass / solMass
143 8.002215138359434 solMass / solMass
147 299.62509901667454 solMass / solMass
154 2.5800937578662464 solMass / solMass
157 133.2816389545071 solMass / solMass
159 86.28463273812079 solMass / solMass
160 1.0214047160652486 solMass / solMass
162 624.6709650064506 solMass / solMass
163 31.27284689954993 solMass / solMass
165 13.962244332301013 solMass / solMass
166 249.14003869854884 solMass / solMass
169 16.69655484807942 solMass / solMass
171 93.00124342152897 solMass / solMass
IsSatellite
175 2.0550852752093887 solMass / solMass
176 28.045734156835003 solMass / solMass
180 16.212916216009297 solMass / solMass
181 16.982820623399707 solMass / solMass
182 3.7661152706924232 solMass / solMass
IsSatellite
185 53.950330454983636 solMass / solMass
190 4.558243408549769 solMass / solMass
191 232.67187642642887 solMass / solMass
194 296.48914282505535 solMass / solMass
196 5.996593116370583 solMass / solMass
198 201.41161701978535 solMass / solMass
200 0.3967341873785463 solMass / solMass
202 4.253006845314052 solMass / solMass
203 14.443202138760155 solMass / solMass
206 142.8844657353639 solMass / solMass
207 17.917012036158148 solMass / solMass
211 960.8084804751335 solMass / solMass
214 66.25249231123463 solMass / solMass
216 8.024898817870069 solMass / solMass
217 83.39788530170544 solMass / solMass
219 10.939401012488856 solMass / solMass
222 1.7998130389786228e+37 solMass / solMass
223 11.475502690538208 solMass / solMass
227 28.829265132807155 solMass / solMass
229 1256.2298070399852 solMass / solMass
233 934.1796100417288 solMass / solMass
234 7.9041192933546425 solMass / solMass
236 16.663600625162488 solMass / solMass
237 40.421757952135614 solMass / solMass
238 13.424292809248831 solMass / solMass
239 98.14340955635467 solMass / solMass
240 52.41658119197652 solMass / solMass
241 97.79080895982761 solMass / solMass
242 371.52508413247375 solMass / solMass
243 1.8268518143127483e+37 solMass / solMass
245 96.30414624092097 solMass / solMass
246 2.1592580882911006 solMass / solMass
247 49.00328004834294 solMass / solMass
250 26.657906926557292 solMass / solMass
252 104.76959116568284 solMass / solMass
262 23.334017381915604 solMass / solMass
263 81.81101692429336 solMass / solMass
266 43.9421103131056 solMass / solMass
IsSatellite
268 10.537793796854077 solMass / solMass
269 24.08585334204206 solMass / solMass
270 49.68669694252491 solMass / solMass
271 17.86381976516738 solMass / solMass
IsSatellite
273 327.60934614861844 solMass / solMass
276 19.060699473715786 solMass / solMass
278 48.47271825313889 solMass / solMass
279 11.659658208266986 solMass / solMass
280 35.397610296837094 solMass / solMass
281 39.26704229159178 solMass / solMass
282 30.150926702610665 solMass / solMass
284 659.3377921721536 solMass / solMass
285 33.60809968370117 solMass / solMass
288 28.453498688428756 solMass / solMass
289 26.37865152165022 solMass / solMass
290 1599.8958005705842 solMass / solMass
291 38.70632315208435 solMass / solMass
292 96.84009729644342 solMass / solMass
293 290.0513808947903 solMass / solMass
298 9.580765828401116 solMass / solMass
299 814.4551548728947 solMass / solMass
301 20.72400108905158 solMass / solMass
302 155.1476731259158 solMass / solMass
303 13.070644066400947 solMass / solMass
306 25.935674635972457 solMass / solMass
307 24.033902122774077 solMass / solMass
314 8.550822509472079 solMass / solMass
316 3.5697688889017727e+37 solMass / solMass
317 3.844624185004032e+37 solMass / solMass
319 4.175955093806124 solMass / solMass
320 20.419497623675213 solMass / solMass
322 9.08100217200173 solMass / solMass
323 44.797482461968706 solMass / solMass
324 1.2650468895274844e+36 solMass / solMass
326 49.31060277666224 solMass / solMass
327 81.99111434943376 solMass / solMass
329 20.276130189719154 solMass / solMass
IsSatellite
331 68.93032895572419 solMass / solMass
333 6.639394460132246 solMass / solMass
334 11.598969120344508 solMass / solMass
335 362.9560060262719 solMass / solMass
336 158.25843094861392 solMass / solMass
337 198.80212753333822 solMass / solMass
339 51.99857221238644 solMass / solMass
340 14.764114005790455 solMass / solMass
342 55.04664339403192 solMass / solMass
344 13.918595266164946 solMass / solMass
345 4.232442289523185 solMass / solMass
346 5.296593984414398 solMass / solMass
348 71.93228452137696 solMass / solMass
349 36.689504634534934 solMass / solMass
351 1904.1963432343164 solMass / solMass
352 94.34201527272393 solMass / solMass
353 27.83428838492012 solMass / solMass
356 9.404710604141219 solMass / solMass
357 600.9485696532067 solMass / solMass
358 67.36233595718936 solMass / solMass
361 113.54887304897912 solMass / solMass
364 8.049954010809607 solMass / solMass
365 947.5698457076995 solMass / solMass
366 33.4886379387049 solMass / solMass
367 63.930521867712244 solMass / solMass
371 8.873931674104226 solMass / solMass
372 18.951935106591282 solMass / solMass
373 964.270569838811 solMass / solMass
377 58.30617147571485 solMass / solMass
378 52.48452018174798 solMass / solMass
380 284.61176632883513 solMass / solMass
382 2427.2079903263652 solMass / solMass
385 469.564933572587 solMass / solMass
387 191.14835399592397 solMass / solMass
388 31.402951662935223 solMass / solMass
389 61.12391556847229 solMass / solMass
393 1.4679778445353844e+36 solMass / solMass
394 914.4393386082126 solMass / solMass
399 41.60513049420481 solMass / solMass
401 23.035043270288213 solMass / solMass
402 675.7785475246152 solMass / solMass
404 30.06153334212935 solMass / solMass
405 1088.07138878186 solMass / solMass
408 24.691914786498092 solMass / solMass
409 7.364801793870458 solMass / solMass
IsSatellite
415 2773.9340918028206 solMass / solMass
417 1189.2718103510178 solMass / solMass
418 20.23049044772741 solMass / solMass
419 10.997644045701383 solMass / solMass
423 19.478717855583273 solMass / solMass
427 5.727471832370599 solMass / solMass
428 394.70637783421995 solMass / solMass
429 34.963824670416756 solMass / solMass
430 105.36834336307992 solMass / solMass
431 26.489073717870173 solMass / solMass
432 77.53442702855067 solMass / solMass
436 24.358739085407617 solMass / solMass
437 516.4583141160055 solMass / solMass
440 9.589940957526869 solMass / solMass
442 9.074397604382089 solMass / solMass
445 16.31686838541551 solMass / solMass
447 59.28198414882796 solMass / solMass
IsSatellite
450 255.43863700757294 solMass / solMass
452 33.40883004071308 solMass / solMass
454 27.54515364214576 solMass / solMass
456 74.33577409827154 solMass / solMass
457 29.241366600265657 solMass / solMass
458 17.616441669133703 solMass / solMass
459 175.50104350245599 solMass / solMass
460 40.18831091761689 solMass / solMass
461 2226.2422784934006 solMass / solMass
462 1.0316947166343875 solMass / solMass
464 110.4449047388 solMass / solMass
465 14.376906149696907 solMass / solMass
IsSatellite
467 939.413412219595 solMass / solMass
468 30.667093332302485 solMass / solMass
IsSatellite
478 9.803267835829843 solMass / solMass
481 62.36829139280496 solMass / solMass
482 4.934301170979042e+37 solMass / solMass
483 43.418638040378006 solMass / solMass
484 70.57143477268214 solMass / solMass
485 14.501769146678395 solMass / solMass
488 1218.5771328505773 solMass / solMass
493 20.590234470207385 solMass / solMass
496 14.555428687356201 solMass / solMass
497 75.46310759772787 solMass / solMass
499 6.493077150747784e+37 solMass / solMass
500 139.95583318690623 solMass / solMass
502 29.183478489083885 solMass / solMass
504 235.71764983926852 solMass / solMass
505 23.687045474445565 solMass / solMass
507 12.192186600626489 solMass / solMass
508 65.12567269586366 solMass / solMass
509 62.46672931789613 solMass / solMass
510 18.402176133245245 solMass / solMass
511 18.96802239788168 solMass / solMass
512 3062.690307834551 solMass / solMass
IsSatellite
516 82.44666102977938 solMass / solMass
IsSatellite
520 67.29548542087075 solMass / solMass
522 3090.8044356345445 solMass / solMass
525 7.7950754120854615 solMass / solMass
526 266.76134958213623 solMass / solMass
527 155.43121007078307 solMass / solMass
529 15.62147479765853 solMass / solMass
IsSatellite
532 45.93957483807316 solMass / solMass
533 1538.6676579957484 solMass / solMass
535 128.93967403217198 solMass / solMass
536 69.78830983342748 solMass / solMass
537 63.03914175481677 solMass / solMass
538 284.91541422613875 solMass / solMass
542 24.72197023756294 solMass / solMass
543 3506.1048240571013 solMass / solMass
545 3754.521040749027 solMass / solMass
546 54.405625382162164 solMass / solMass
547 12.096223429221435 solMass / solMass
548 41.84661399818385 solMass / solMass
549 6.2885220235443025e+37 solMass / solMass
550 50.15783139155462 solMass / solMass
551 2.519685244990498e+36 solMass / solMass
553 19.747880834371646 solMass / solMass
554 1613.2664910310054 solMass / solMass
556 18.400232099536325 solMass / solMass
557 16.06748575683916 solMass / solMass
558 31.793740572411824 solMass / solMass
IsSatellite
IsSatellite
562 52.23120940288364 solMass / solMass
565 1305.8104158504655 solMass / solMass
567 2.2584387363238726e+36 solMass / solMass
568 364.52864244532077 solMass / solMass
570 1764.8541524506384 solMass / solMass
571 961.0425462639154 solMass / solMass
572 38.23601451044092 solMass / solMass
573 83.20287886013523 solMass / solMass
IsSatellite
578 14.649978345980431 solMass / solMass
580 42.44778779419064 solMass / solMass
582 93.43964194609072 solMass / solMass
585 57.782687538686105 solMass / solMass
587 26.577177909083506 solMass / solMass
588 96.16454457039234 solMass / solMass
590 1015.3279290403784 solMass / solMass
591 82.0672170763221 solMass / solMass
592 37.17383050184257 solMass / solMass
593 10.162786310892917 solMass / solMass
IsSatellite
596 23.941358960081008 solMass / solMass
598 166.62987310230332 solMass / solMass
601 15.125418547039995 solMass / solMass
602 221.59275408948582 solMass / solMass
603 371.95060054373795 solMass / solMass
605 11.828802270604388 solMass / solMass
608 420.2088548009189 solMass / solMass
609 445.55287602395276 solMass / solMass
611 2122.7772683995413 solMass / solMass
612 6.8446247365992265 solMass / solMass
613 128.03455679170293 solMass / solMass
615 13.387227305797134 solMass / solMass
616 47.830506998395194 solMass / solMass
617 21.70981841801933 solMass / solMass
618 330.2960459828981 solMass / solMass
620 100.9922307110698 solMass / solMass
622 8.841789382063334 solMass / solMass
623 422.83224272104746 solMass / solMass
624 54.30004304394981 solMass / solMass
625 99.24892998031675 solMass / solMass
626 14.366121733887386 solMass / solMass
627 1293.6302450660985 solMass / solMass
628 102.6381524889718 solMass / solMass
629 401.50232274087244 solMass / solMass
632 313.14794724717717 solMass / solMass
633 132.68822944977356 solMass / solMass
634 251.85229512436703 solMass / solMass
635 21.49709118559164 solMass / solMass
636 72.23653311090224 solMass / solMass
637 6.73994683843286e+37 solMass / solMass
639 64.5614769845107 solMass / solMass
642 587.0202318891229 solMass / solMass
643 7.399791395411344e+37 solMass / solMass
644 2229.283992428794 solMass / solMass
645 40.18843936983297 solMass / solMass
646 165.75280126928908 solMass / solMass
650 301.0812612198366 solMass / solMass
653 51.962968000144215 solMass / solMass
HaloMassEqualZero
656 8.46867943386989 solMass / solMass
658 14.71915739672446 solMass / solMass
659 4.8192410569907995 solMass / solMass
661 108.68534991214293 solMass / solMass
662 56.17897000708623 solMass / solMass
663 172.87933345198414 solMass / solMass
664 7.318080286313135e+37 solMass / solMass
665 389.94507467832 solMass / solMass
667 49.58130861347287 solMass / solMass
668 29.66672533845354 solMass / solMass
669 30.400055014027302 solMass / solMass
670 16.907096508696252 solMass / solMass
IsSatellite
672 4.519363795805184 solMass / solMass
674 12.211750351473293 solMass / solMass
675 103.61060587630064 solMass / solMass
678 3716.7867094918106 solMass / solMass
681 3.440624807905541e+36 solMass / solMass
682 65.46927530387134 solMass / solMass
683 836.0396504195411 solMass / solMass
684 33.03433542004906 solMass / solMass
685 9.866642668855285e+37 solMass / solMass
688 161.45973876002316 solMass / solMass
689 10.003360108843369 solMass / solMass
690 1693.8500210789157 solMass / solMass
691 3764.8209168353387 solMass / solMass
693 1826.5122429030662 solMass / solMass
695 109.22318838350597 solMass / solMass
696 922.5192769478069 solMass / solMass
697 4162.918163848888 solMass / solMass
699 11.375663913756055 solMass / solMass
701 246.12448314152718 solMass / solMass
702 69.42331165778458 solMass / solMass
705 79.12760929020003 solMass / solMass
706 85.84455942521707 solMass / solMass
707 49.46540337364214 solMass / solMass
709 1668.673822250914 solMass / solMass
711 62.09618762621502 solMass / solMass
712 81.26476392629466 solMass / solMass
713 4022.7887167370923 solMass / solMass
714 6099.621374527259 solMass / solMass
715 5413.870440945643 solMass / solMass
716 115.34284405192633 solMass / solMass
717 133.90155819805634 solMass / solMass
719 62.76326179877651 solMass / solMass
720 32.49280457558889 solMass / solMass
721 122.15318805062881 solMass / solMass
723 1379.1035172894817 solMass / solMass
724 150.18188619136146 solMass / solMass
728 27.84500055370229 solMass / solMass
729 2521.474468118443 solMass / solMass
730 2119.8622343297293 solMass / solMass
731 10.695469350160767 solMass / solMass
735 52.054116182461996 solMass / solMass
736 3084.4840115515653 solMass / solMass
738 105.44753115080108 solMass / solMass
IsSatellite
744 80.62872167985735 solMass / solMass
748 39.56842708580575 solMass / solMass
749 19.721924539583355 solMass / solMass
751 14.499812705346374 solMass / solMass
752 163.24111099159518 solMass / solMass
753 47.6700773814117 solMass / solMass
756 1342.4945716403845 solMass / solMass
758 17.770076461251552 solMass / solMass
IsSatellite
762 22.779884616693668 solMass / solMass
764 17.335260146693436 solMass / solMass
765 168.5476622130122 solMass / solMass
IsSatellite
769 208.67141012323685 solMass / solMass
771 404.839274514824 solMass / solMass
772 31.172050718598772 solMass / solMass
774 78.90491446005085 solMass / solMass
775 66.57941113208267 solMass / solMass
776 9.588914737912134 solMass / solMass
777 211.49677430500032 solMass / solMass
779 80.21761604380907 solMass / solMass
781 51.3591829192618 solMass / solMass
784 57.857822008066975 solMass / solMass
786 67.6510065582648 solMass / solMass
787 187.70905641077144 solMass / solMass
788 85.1083910275291 solMass / solMass
HaloMassEqualZero
790 116.19554104476053 solMass / solMass
791 9.229226653206203 solMass / solMass
792 48.192939903091855 solMass / solMass
793 19.18752816825279 solMass / solMass
795 164.39227197838542 solMass / solMass
796 26.194754011669126 solMass / solMass
798 134.68950869078753 solMass / solMass
799 15.51987611273603 solMass / solMass
800 14.068585863935077 solMass / solMass
801 127.70567761336929 solMass / solMass
803 110.20686901640144 solMass / solMass
805 86.40192846149272 solMass / solMass
806 75.9134730160361 solMass / solMass
810 51.65985348719827 solMass / solMass
812 8.955755115070895 solMass / solMass
814 745.3089277154277 solMass / solMass
817 176.99295598299182 solMass / solMass
820 35.59866117362814 solMass / solMass
821 4728.192811748142 solMass / solMass
IsSatellite
825 271.9570031613451 solMass / solMass
IsSatellite
IsSatellite
832 3660.7403633404597 solMass / solMass
834 101.7757416681369 solMass / solMass
835 49.14789141448288 solMass / solMass
836 146.79468707930556 solMass / solMass
837 210.94043840178097 solMass / solMass
838 1125.9943151241243 solMass / solMass
839 35.14157448335943 solMass / solMass
840 18.030701862777384 solMass / solMass
841 127.9017107481909 solMass / solMass
IsSatellite
844 94.21893251137917 solMass / solMass
845 144.26359372870527 solMass / solMass
846 6559.684667444843 solMass / solMass
847 114.08687526507185 solMass / solMass
848 20.089832050744725 solMass / solMass
849 666.376412483807 solMass / solMass
850 63.909460560504854 solMass / solMass
851 659.8272058104861 solMass / solMass
852 1004.9855580438615 solMass / solMass
855 249.55535498117382 solMass / solMass
856 187.24174810769776 solMass / solMass
857 113660.17377482535 solMass / solMass
858 1534.282515449651 solMass / solMass
861 101.03970213972146 solMass / solMass
862 64.56648477229328 solMass / solMass
865 10.677604597157377 solMass / solMass
866 44.821228958573606 solMass / solMass
867 2963.5042049483227 solMass / solMass
868 75.66848020638213 solMass / solMass
871 186.70106093408995 solMass / solMass
872 5487.5736735223045 solMass / solMass
875 39.61827420546309 solMass / solMass
IsSatellite
878 241.378848684041 solMass / solMass
880 224.63196065551634 solMass / solMass
HaloMassEqualZero
885 48.280545078003136 solMass / solMass
886 71.10142541604924 solMass / solMass
887 5143.114951828178 solMass / solMass
889 4651.670075278853 solMass / solMass
890 7071.908614632422 solMass / solMass
891 10.342314703501279 solMass / solMass
893 97.45734942310156 solMass / solMass
895 81.8979111384119 solMass / solMass
897 248.8359884345057 solMass / solMass
898 144.47625254699128 solMass / solMass
899 1534.5118372231032 solMass / solMass
901 469.15253083453644 solMass / solMass
IsSatellite
903 202.17833484622784 solMass / solMass
904 407.44535433793203 solMass / solMass
IsSatellite
909 42.73104543339824 solMass / solMass
IsSatellite
912 49.085519764871236 solMass / solMass
913 4969.479703866003 solMass / solMass
914 2934.3767880356195 solMass / solMass
916 114.10011107487587 solMass / solMass
917 86.62757914322012 solMass / solMass
918 532.108842312115 solMass / solMass
919 16.66819623376994 solMass / solMass
920 128.44406802902395 solMass / solMass
921 21.104836592150974 solMass / solMass
922 16.936009447788724 solMass / solMass
923 4.733029431862084e+36 solMass / solMass
925 542.2671360253701 solMass / solMass
928 3289.8742557245514 solMass / solMass
931 1.817270736946843e+38 solMass / solMass
933 47.364532998523806 solMass / solMass
934 1155.1053952877173 solMass / solMass
936 103.5919544569159 solMass / solMass
IsSatellite
938 0.8050205238408167 solMass / solMass
941 12.901875649095597 solMass / solMass
944 57.78407423344649 solMass / solMass
945 191.66939469482847 solMass / solMass
950 10.715479296107853 solMass / solMass
951 192.96181924633103 solMass / solMass
952 38.85348016216761 solMass / solMass
953 45.9889390366682 solMass / solMass
954 252.74761468366816 solMass / solMass
955 32.87494051186363 solMass / solMass
956 22.648156630830847 solMass / solMass
960 3993.4318743431945 solMass / solMass
961 36.84832493751938 solMass / solMass
962 206.30222284836046 solMass / solMass
963 25.508801240076103 solMass / solMass
964 388.4665650303064 solMass / solMass
965 583.1146555706956 solMass / solMass
966 12654.608032888045 solMass / solMass
968 26.386881292946498 solMass / solMass
970 219.57129757847304 solMass / solMass
971 78.0594186263499 solMass / solMass
973 342.10430121043936 solMass / solMass
976 1611.695934336404 solMass / solMass
HaloMassEqualZero
980 625.931925207277 solMass / solMass
IsSatellite
982 97.32767256704936 solMass / solMass
984 528.6931479566309 solMass / solMass
985 33.929340925045736 solMass / solMass
986 152.83862659093097 solMass / solMass
987 0.4699255701422435 solMass / solMass
988 5.571260947845108e+36 solMass / solMass
989 122199.20125729534 solMass / solMass
990 263.79977919884647 solMass / solMass
991 98.64466594652576 solMass / solMass
994 443.7409317348066 solMass / solMass
995 71.89731177838422 solMass / solMass
996 92.50652558406371 solMass / solMass
997 67.29363216169199 solMass / solMass
998 23.391732949041415 solMass / solMass
999 196.6146551944327 solMass / solMass
1000 445.4495172611597 solMass / solMass
1002 3500.5612710248433 solMass / solMass
1003 73.25243703066043 solMass / solMass
1004 27.89883282738807 solMass / solMass
1005 93.49304859305533 solMass / solMass
1006 223.3508942576738 solMass / solMass
1007 18.889675648688897 solMass / solMass
1009 19.580206646993226 solMass / solMass
1010 3773.1542688035765 solMass / solMass
1011 988.2535065215808 solMass / solMass
1012 3368.512278542739 solMass / solMass
1015 33.87936105575649 solMass / solMass
1017 766.4650576308554 solMass / solMass
1018 231.70594821370884 solMass / solMass
1019 142.07376193621272 solMass / solMass
1020 2634.820642118808 solMass / solMass
1021 6707.802653534697 solMass / solMass
1023 41.86636867973552 solMass / solMass
1024 3899.335090448719 solMass / solMass
1026 9.410138776357567 solMass / solMass
1027 704.1628155736831 solMass / solMass
1028 2318.948625388578 solMass / solMass
IsSatellite
1031 141.02392795367805 solMass / solMass
1032 7244.246906538751 solMass / solMass
1033 15.107352585062666 solMass / solMass
1034 1152.1662918342136 solMass / solMass
1035 884.989808965605 solMass / solMass
1037 95.41305102686162 solMass / solMass
1039 150.33337170680215 solMass / solMass
1040 222.6775259542916 solMass / solMass
1041 144.63239210679043 solMass / solMass
1042 7.336067845584194 solMass / solMass
IsSatellite
1044 77.9384801626386 solMass / solMass
1045 410.68587740248904 solMass / solMass
1048 201.50012945687652 solMass / solMass
1049 265.5140665304884 solMass / solMass
1050 325.5953950278929 solMass / solMass
1051 128.8556176619904 solMass / solMass
1054 9.318170636664512 solMass / solMass
1055 1150.1348282673023 solMass / solMass
1056 153.07545271141325 solMass / solMass
1057 132.1595921019504 solMass / solMass
1058 709.8224133044341 solMass / solMass
1059 39.42288990316504 solMass / solMass
1060 4.5193319127502365 solMass / solMass
1062 9686.027241102936 solMass / solMass
1063 412.19625174784375 solMass / solMass
1064 228.77336131490333 solMass / solMass
1065 124.31517568809335 solMass / solMass
1066 12.227248353824542 solMass / solMass
1069 48.77034687328188 solMass / solMass
1070 525.9229631403856 solMass / solMass
IsSatellite
1074 148.87059208573888 solMass / solMass
1075 159.92865183379877 solMass / solMass
1078 13.062613109573707 solMass / solMass
1079 774.0260902089439 solMass / solMass
1080 94.6924253429337 solMass / solMass
1081 56.85396779555913 solMass / solMass
1082 3874.6540542435923 solMass / solMass
1084 9.72274401626147e+37 solMass / solMass
1085 371.4115478804102 solMass / solMass
1086 208.70406643374443 solMass / solMass
1087 37.01095049884429 solMass / solMass
1088 199.27098266511982 solMass / solMass
1089 51.532295024682774 solMass / solMass
1090 355.0642807924864 solMass / solMass
1091 1555.2826601144807 solMass / solMass
1093 365.5443132873363 solMass / solMass
1094 24.499528161935412 solMass / solMass
1095 50.30271948006599 solMass / solMass
1096 18.75264256748803 solMass / solMass
1097 4076.707486487893 solMass / solMass
1098 117.56296906783338 solMass / solMass
1099 1403.417974361464 solMass / solMass
1100 5860.225973070273 solMass / solMass
1103 137.86878958080638 solMass / solMass
1104 189.42429070725706 solMass / solMass
1105 234.2582208695929 solMass / solMass
1106 2149.1119988157484 solMass / solMass
1107 128.56254084340222 solMass / solMass
1108 4955.449193902599 solMass / solMass
1110 340.41914446657796 solMass / solMass
1111 962.2782122456007 solMass / solMass
1112 29.022283946181332 solMass / solMass
1113 986.9089145374601 solMass / solMass
1114 228.65809302913536 solMass / solMass
1118 182.42196393883864 solMass / solMass
1121 186.65040955994388 solMass / solMass
1122 4704.421794360566 solMass / solMass
1125 130.66448430510647 solMass / solMass
IsSatellite
1127 124.93877785605913 solMass / solMass
1129 4088.8302538595435 solMass / solMass
1130 2.2803588063542997e+38 solMass / solMass
1131 265.99715891905527 solMass / solMass
1134 134.53562494323174 solMass / solMass
1135 394.83200410938963 solMass / solMass
1136 509.1875684442956 solMass / solMass
1138 158.08096242543854 solMass / solMass
HaloMassEqualZero
1140 56.70930793888327 solMass / solMass
1143 129.22327080907831 solMass / solMass
1144 10788.17163053996 solMass / solMass
1145 4.794702909626997 solMass / solMass
1146 124.37274529752753 solMass / solMass
1147 1078.5125112546743 solMass / solMass
1148 48.842663782980495 solMass / solMass
1151 254.22883768657218 solMass / solMass
1153 7217.017258535429 solMass / solMass
1156 116.5501911977302 solMass / solMass
1158 606.0398458503755 solMass / solMass
1159 111.63426906792874 solMass / solMass
1160 408.86360313885075 solMass / solMass
1161 174.54000245121298 solMass / solMass
1162 412.3589486466854 solMass / solMass
1163 221.29481394664145 solMass / solMass
1166 241.46809298009117 solMass / solMass
1167 227.27824794987836 solMass / solMass
1168 84.95019125866318 solMass / solMass
1170 1950.4483773309064 solMass / solMass
1171 169.61190062730918 solMass / solMass
1172 300.49878937248553 solMass / solMass
1173 27.784557971861133 solMass / solMass
IsSatellite
1175 173.97927837207158 solMass / solMass
1177 22.82115805042892 solMass / solMass
1182 7.76537105155648e+36 solMass / solMass
1183 36.773441618436536 solMass / solMass
1184 23.527841071978912 solMass / solMass
IsSatellite
1186 8318.366525967995 solMass / solMass
1187 2822.588288742971 solMass / solMass
1188 10374.95513274626 solMass / solMass
1190 563.3281503321043 solMass / solMass
1191 57.748225199151356 solMass / solMass
1192 12277.459515973824 solMass / solMass
1194 162.46665101130884 solMass / solMass
1195 92.12104338371012 solMass / solMass
1198 4107.8279854290895 solMass / solMass
HaloMassEqualZero
IsSatellite
1203 4456.08321383035 solMass / solMass
1205 176.68725908239242 solMass / solMass
1207 4234.20120753778 solMass / solMass
1208 31.080968555900494 solMass / solMass
1209 10293.888503803959 solMass / solMass
1210 31.020379163760374 solMass / solMass
1214 247.04540021484837 solMass / solMass
1215 217.58739970133774 solMass / solMass
1216 49.247104251466766 solMass / solMass
1217 20897.7283199317 solMass / solMass
1218 10459.890180832888 solMass / solMass
1220 185.83806737967842 solMass / solMass
1221 203.79076073106336 solMass / solMass
1222 70.76438079379862 solMass / solMass
IsSatellite
1225 317.0487483327114 solMass / solMass
1226 169.27487996244787 solMass / solMass
IsSatellite
1228 8.357321427312193e+36 solMass / solMass
1229 10144.14995697811 solMass / solMass
1231 33.35144880619859 solMass / solMass
1233 5590.744785609042 solMass / solMass
1235 1470.7404157053058 solMass / solMass
1236 1390.7679728314745 solMass / solMass
1237 1037.3794578842433 solMass / solMass
1238 91.04021652974964 solMass / solMass
1240 25.50316764885673 solMass / solMass
1241 88.97044155030599 solMass / solMass
1243 114.44689537981964 solMass / solMass
1244 188.89266913056062 solMass / solMass
1248 1376.956173112655 solMass / solMass
1249 28.24451657982278 solMass / solMass
1250 228.64950225415546 solMass / solMass
1251 502.9342615049406 solMass / solMass
1253 43.9041909497089 solMass / solMass
1256 149.6173680283269 solMass / solMass
1258 8.53298337365161e+36 solMass / solMass
1261 113.02613804220259 solMass / solMass
1263 65.68242140421512 solMass / solMass
1264 24.63421272275035 solMass / solMass
1265 550.4216296529452 solMass / solMass
1267 71.67596540384325 solMass / solMass
1272 561.9326342926506 solMass / solMass
1275 58.161548701231254 solMass / solMass
1279 1195.9833619309302 solMass / solMass
1280 8537.670108583654 solMass / solMass
1281 5044.143710800989 solMass / solMass
1283 3.2287111725930395e+38 solMass / solMass
1287 8.107603723453294e+36 solMass / solMass
1288 9783.425904491984 solMass / solMass
HaloMassEqualZero
1291 155.28835761556354 solMass / solMass
1292 29.84866501872135 solMass / solMass
1293 11896.442599465772 solMass / solMass
1295 55.30179542728517 solMass / solMass
1297 5231.849843951021 solMass / solMass
1298 17812.469054214736 solMass / solMass
1299 23.074489343092534 solMass / solMass
1300 111.5455490709128 solMass / solMass
1302 4.038376926961853 solMass / solMass
1306 85.47428484033786 solMass / solMass
1307 14447.44107517078 solMass / solMass
1308 1827.2685475952667 solMass / solMass
1310 3777.781893939379 solMass / solMass
1311 129.01812456589008 solMass / solMass
1312 278.9993715719105 solMass / solMass
1316 11542.29285232955 solMass / solMass
IsSatellite
1318 779.5361448908009 solMass / solMass
1319 125.7897861173014 solMass / solMass
1320 165.7567164631679 solMass / solMass
1321 200.85165257573036 solMass / solMass
1324 5489.30444339619 solMass / solMass
IsSatellite
1327 462.66420152551774 solMass / solMass
1328 12138.537027667708 solMass / solMass
1329 15314.885088748242 solMass / solMass
1331 331.37652031091756 solMass / solMass
1332 29.990215615076274 solMass / solMass
1333 82.50291721453318 solMass / solMass
1334 145.00931108643653 solMass / solMass
1337 24.54121687901006 solMass / solMass
1338 17384.292679336664 solMass / solMass
1339 59.047115539376364 solMass / solMass
1340 157.19030015199013 solMass / solMass
IsSatellite
1342 52.55531322649066 solMass / solMass
1344 792.4678777735797 solMass / solMass
1345 41.70952398682074 solMass / solMass
1347 7476.776194235531 solMass / solMass
1348 26.189983296270725 solMass / solMass
1350 39.698130144644445 solMass / solMass
1352 189.37226460946795 solMass / solMass
1353 169.23754086858844 solMass / solMass
1354 80.30452712336229 solMass / solMass
1355 9750.489004995074 solMass / solMass
1358 152.87344737748091 solMass / solMass
1359 13841.76695100628 solMass / solMass
HaloMassEqualZero
1361 110.14103647938538 solMass / solMass
1362 156.52485112686168 solMass / solMass
1363 1.5224337773924386 solMass / solMass
1364 1145.6343603609596 solMass / solMass
1365 169.99704309758928 solMass / solMass
1366 489.33173954853766 solMass / solMass
1367 34.492227453723295 solMass / solMass
1368 332.8780726956666 solMass / solMass
1369 176.99193945375444 solMass / solMass
1373 61.23268732325679 solMass / solMass
1374 137.0482575813663 solMass / solMass
1375 47.8052290278067 solMass / solMass
1378 234.73577453495506 solMass / solMass
1380 198.30264073000592 solMass / solMass
1381 120.57760016147193 solMass / solMass
1382 73.17920400464264 solMass / solMass
1383 38.6052565284241 solMass / solMass
1384 4409.140637831721 solMass / solMass
1385 125.89259325533646 solMass / solMass
1386 282.85402251241146 solMass / solMass
1391 18981.958971081935 solMass / solMass
1392 16073.73015198792 solMass / solMass
1393 3249.476598416529 solMass / solMass
1394 563.2037840580281 solMass / solMass
1395 28.462874027652777 solMass / solMass
1396 28.341345464152763 solMass / solMass
1397 176.90677616394842 solMass / solMass
1398 579.3061893554748 solMass / solMass
1400 58.522761254618395 solMass / solMass
1402 203.9435950794068 solMass / solMass
1403 6972.499905735556 solMass / solMass
1404 220.46923529597106 solMass / solMass
HaloMassEqualZero
1407 31.906175376381405 solMass / solMass
1408 102.5755083524248 solMass / solMass
1412 2539.7308189330406 solMass / solMass
1413 125.55035734232102 solMass / solMass
1415 3492.191755016153 solMass / solMass
1416 106.48798134928309 solMass / solMass
1417 3046.3121265043674 solMass / solMass
HaloMassEqualZero
1419 13.891109100497616 solMass / solMass
1420 48.61470777536176 solMass / solMass
1421 561.66714037068 solMass / solMass
1423 164.14763097528524 solMass / solMass
1424 73.71346026157727 solMass / solMass
1425 4724.663014343206 solMass / solMass
1426 964.5161688274782 solMass / solMass
1427 10180.270285698605 solMass / solMass
1428 24.53151800849709 solMass / solMass
1430 159.62801496658702 solMass / solMass
1431 9013.149075524003 solMass / solMass
1433 342.83544320806334 solMass / solMass
1434 139.6499604181011 solMass / solMass
1435 142.442977484311 solMass / solMass
1436 157.86861152814788 solMass / solMass
1437 1672.442312170089 solMass / solMass
1439 771.5123002992813 solMass / solMass
1444 386.28124762174696 solMass / solMass
1446 11.794743065176492 solMass / solMass
1447 1.0103992383379065e+37 solMass / solMass
1448 2101.70684284589 solMass / solMass
1449 1856.4876412776246 solMass / solMass
1451 35.732014953142496 solMass / solMass
1452 2382.581066733272 solMass / solMass
1453 8806.06570585225 solMass / solMass
IsSatellite
1455 513.4633144616417 solMass / solMass
1456 32.89495502977413 solMass / solMass
1457 8933.77525149743 solMass / solMass
1458 9187.824247918634 solMass / solMass
1459 71.56220068154158 solMass / solMass
1461 14670.10949805444 solMass / solMass
1462 54.685819385078524 solMass / solMass
1463 9774.987342690132 solMass / solMass
1464 1158.725120513523 solMass / solMass
1465 232.6675573278292 solMass / solMass
1467 9.920411309955517 solMass / solMass
1468 28.056247978870488 solMass / solMass
1469 2850.020217072248 solMass / solMass
1472 1247.7082952613068 solMass / solMass
1474 135.30230206190402 solMass / solMass
1475 750.3201381193758 solMass / solMass
1476 9457.272308770414 solMass / solMass
1479 203.35535770257474 solMass / solMass
1480 165.8622723058791 solMass / solMass
1481 2.848752793160102e+38 solMass / solMass
1483 8074.668620838592 solMass / solMass
1484 15310.542619007461 solMass / solMass
1485 4560.492326198885 solMass / solMass
1486 29.634598122473285 solMass / solMass
1488 52.08862023247532 solMass / solMass
1490 6515.407643051353 solMass / solMass
1491 1343.5697732846997 solMass / solMass
1493 1536.4041004564767 solMass / solMass
1495 194.71998943330166 solMass / solMass
1496 369.58879590390893 solMass / solMass
1497 1.014476419277737e+37 solMass / solMass
1499 260.3711089306966 solMass / solMass
1500 2867.811348919945 solMass / solMass
1501 2.5141681347085053e+38 solMass / solMass
1502 30.566932196329994 solMass / solMass
1503 21.5667146708876 solMass / solMass
1504 15.435210052537792 solMass / solMass
1505 1277.8134520952265 solMass / solMass
1506 4.603941121427232 solMass / solMass
1507 2.8016874981675683e+38 solMass / solMass
1508 3.959651365934675e+38 solMass / solMass
1509 748.3981778665858 solMass / solMass
1510 87.35268141268114 solMass / solMass
1511 20.957178136565073 solMass / solMass
IsSatellite
1513 6.766444318771264 solMass / solMass
1515 112.71018782523555 solMass / solMass
IsSatellite
1519 610.5360585196303 solMass / solMass
1520 4.474245881057044 solMass / solMass
1521 145.1666776568967 solMass / solMass
1523 66.68231478198558 solMass / solMass
1524 37.81630108143146 solMass / solMass
IsSatellite
1526 55.22908140930497 solMass / solMass
1527 52.90548512743095 solMass / solMass
IsSatellite
IsSatellite
1531 154.77180647811952 solMass / solMass
1532 15294.849726941758 solMass / solMass
1533 282.56562495653156 solMass / solMass
1535 6100.991116647844 solMass / solMass
1537 200.9709708101046 solMass / solMass
1539 297.71456866819597 solMass / solMass
1540 143.9327586671556 solMass / solMass
1541 836.623320130078 solMass / solMass
1542 401.7649295382966 solMass / solMass
1543 376.15971162777385 solMass / solMass
1544 10865.910899655508 solMass / solMass
1545 743.1328286427365 solMass / solMass
1546 476.9378565528307 solMass / solMass
IsSatellite
1549 314.0022049886208 solMass / solMass
1553 71.29567337316402 solMass / solMass
1554 199.50503942322163 solMass / solMass
1556 127.44860991877262 solMass / solMass
1557 1807.1557920329983 solMass / solMass
1558 61.39406790529304 solMass / solMass
1559 7.917229392590668e+36 solMass / solMass
1560 1331.9698333004255 solMass / solMass
1561 1346.955451864342 solMass / solMass
1563 74.81269832052415 solMass / solMass
1565 423.1952959288579 solMass / solMass
1566 1224.6914530760232 solMass / solMass
1567 227.21723236703576 solMass / solMass
1568 457.5443292795123 solMass / solMass
1570 18.778834903693806 solMass / solMass
1571 8.349428757806699 solMass / solMass
1573 407.1677091152796 solMass / solMass
1575 204.0114108312094 solMass / solMass
1576 309.43474328329745 solMass / solMass
1577 261.0279813391929 solMass / solMass
1578 21.513487465756043 solMass / solMass
IsSatellite
1582 25.67347160232488 solMass / solMass
1585 144.44852742588344 solMass / solMass
1587 215.81870273587444 solMass / solMass
1589 464.34345179402425 solMass / solMass
1591 2.1267371785417114e+38 solMass / solMass
1593 323.6425330760588 solMass / solMass
1594 184.98906418890823 solMass / solMass
1595 1264.726733417173 solMass / solMass
1596 4271.404661850418 solMass / solMass
1598 5984.471119259069 solMass / solMass
1599 164.75636354695203 solMass / solMass
1600 900.5313064051948 solMass / solMass
1601 663.8184699766574 solMass / solMass
1602 15536.561862940815 solMass / solMass
1604 360.7579970802141 solMass / solMass
1605 30.628577991163212 solMass / solMass
1606 1215.915403999411 solMass / solMass
IsSatellite
1608 434.5898573865415 solMass / solMass
1610 5050.737331251692 solMass / solMass
1611 310.05314796593115 solMass / solMass
1613 337.44229108558386 solMass / solMass
1615 2134.941637675876 solMass / solMass
1616 82.62284835756643 solMass / solMass
1617 66.45869736699288 solMass / solMass
1618 3485.8809799956603 solMass / solMass
IsSatellite
1620 202.00377509981408 solMass / solMass
1621 193.37294999864693 solMass / solMass
1622 4370.546129562443 solMass / solMass
1623 216.62960955244796 solMass / solMass
IsSatellite
1625 5.0548346001418585 solMass / solMass
1628 114.39394752763353 solMass / solMass
1629 33.15441718562784 solMass / solMass
1630 322.16891984991946 solMass / solMass
1631 56.85151565546323 solMass / solMass
1635 60.75081974890079 solMass / solMass
1637 6402.312896288777 solMass / solMass
1638 236.18435165740374 solMass / solMass
IsSatellite
1640 182.80118784135638 solMass / solMass
1641 3.9021840330562775e+38 solMass / solMass
1642 5008.021353486858 solMass / solMass
1643 3.293490809100934e+38 solMass / solMass
1644 6538.779289860214 solMass / solMass
1645 40.56782053688107 solMass / solMass
1646 236.90487186122593 solMass / solMass
1648 99.13020446057976 solMass / solMass
1649 303.44121072637324 solMass / solMass
1650 48.494646358768904 solMass / solMass
1651 100.47533159028914 solMass / solMass
1653 2743.623339139315 solMass / solMass
1654 341.9116873732699 solMass / solMass
IsSatellite
1656 11977.457718413329 solMass / solMass
1657 380.04170291582153 solMass / solMass
1658 1893.3443531358232 solMass / solMass
HaloMassEqualZero
HaloMassEqualZero
IsSatellite
1663 611.2639710245812 solMass / solMass
1667 1820.1472718857763 solMass / solMass
IsSatellite
1670 15978.411987203863 solMass / solMass
1671 1182.859025289087 solMass / solMass
1672 413.06060753704406 solMass / solMass
1673 413.81320574593184 solMass / solMass
HaloMassEqualZero
1676 8560.81841813677 solMass / solMass
1677 1761.8549079818458 solMass / solMass
1678 515.3620265252276 solMass / solMass
1680 8932.366264201048 solMass / solMass
1682 280.6589000721667 solMass / solMass
1683 155.38570041077077 solMass / solMass
1684 135.6335946673474 solMass / solMass
1685 103.2491800933147 solMass / solMass
1687 211.41717210801895 solMass / solMass
1688 286.67465060191006 solMass / solMass
1689 17054.283888609407 solMass / solMass
1690 19.877357547774878 solMass / solMass
1691 178.72124258500475 solMass / solMass
1692 1.162431689023317e+37 solMass / solMass
1694 443.8067394099412 solMass / solMass
1695 419.7027456460661 solMass / solMass
1696 26.7443732014666 solMass / solMass
1698 15924.716691489793 solMass / solMass
1699 17810.85520638396 solMass / solMass
1700 353.6665152523673 solMass / solMass
HaloMassEqualZero
1702 59.288796279437165 solMass / solMass
1704 79.53231079442857 solMass / solMass
1705 129.80783561949784 solMass / solMass
1706 1440.065431618961 solMass / solMass
1707 290.174430230526 solMass / solMass
IsSatellite
1709 17.42500553130817 solMass / solMass
1711 82.74433900863059 solMass / solMass
1713 175.18923265805606 solMass / solMass
1714 3.2503831527469538e+38 solMass / solMass
1715 67.23853476041556 solMass / solMass
1716 2173.3462385533994 solMass / solMass
1717 263.4128341309137 solMass / solMass
1718 149.00967704603488 solMass / solMass
1719 97.0991797448441 solMass / solMass
1720 39.735375852784266 solMass / solMass
1721 85.69114968687632 solMass / solMass
1722 2815.4498448774025 solMass / solMass
1725 124.44661563080074 solMass / solMass
1726 1377.6486583155788 solMass / solMass
1727 125.77786469626956 solMass / solMass
1729 280.6281583128921 solMass / solMass
HaloMassEqualZero
1731 404.3701851356091 solMass / solMass
1732 283.4369545429949 solMass / solMass
1733 20.771523185180502 solMass / solMass
1734 421.3512205197737 solMass / solMass
1735 1.7428392071378258e+37 solMass / solMass
1736 128.5001085514581 solMass / solMass
1738 30.420785145775685 solMass / solMass
1739 11.581791548993984 solMass / solMass
1740 95.99499137391017 solMass / solMass
1742 6918.272636608785 solMass / solMass
1743 210.1620954043395 solMass / solMass
1744 204.13025301872113 solMass / solMass
IsSatellite
1746 20.154020091809443 solMass / solMass
1748 92.84863139772587 solMass / solMass
1749 125.98054966323997 solMass / solMass
IsSatellite
1752 939.3849270140587 solMass / solMass
1753 7606.260798922446 solMass / solMass
IsSatellite
1755 25501.831649126325 solMass / solMass
1756 38.57205769347322 solMass / solMass
1757 48.73167472880261 solMass / solMass
1759 16577.765788948953 solMass / solMass
1760 204.3183463428271 solMass / solMass
1764 12278.130460327915 solMass / solMass
1768 214.36657659356663 solMass / solMass
1769 399.45883539178107 solMass / solMass
1770 449.0233377291513 solMass / solMass
1771 57.487553365857174 solMass / solMass
1772 804.4397008464357 solMass / solMass
1773 4267.554755135446 solMass / solMass
1774 271.2040274798963 solMass / solMass
1775 19390.369642694226 solMass / solMass
1776 1920.2199847417291 solMass / solMass
1781 474.0748868549264 solMass / solMass
1782 30122.623198878333 solMass / solMass
IsSatellite
1784 210.03583224474636 solMass / solMass
1785 1861.3381125907058 solMass / solMass
1786 290.985524810902 solMass / solMass
1787 24.31586032036153 solMass / solMass
1788 3673.090271780848 solMass / solMass
1789 639.9208465030321 solMass / solMass
1790 123.3099405913506 solMass / solMass
1791 210.98140850477046 solMass / solMass
1793 297.2634165265813 solMass / solMass
1794 181.50220005262435 solMass / solMass
1795 62.54092701457217 solMass / solMass
IsSatellite
1797 671.5657173155342 solMass / solMass
1798 326.6217632824161 solMass / solMass
1800 853.5827486715781 solMass / solMass
1801 467.364820838653 solMass / solMass
1802 397.23963913777703 solMass / solMass
1803 106.1351073827264 solMass / solMass
1806 158.32361845054803 solMass / solMass
1808 8384.356629373915 solMass / solMass
1809 750.5933732885076 solMass / solMass
1813 17183.69333160521 solMass / solMass
1816 542.8714016519273 solMass / solMass
1818 5430.543045245846 solMass / solMass
1819 323.97753029844654 solMass / solMass
IsSatellite
1821 4037.898381536848 solMass / solMass
1822 1413.9832534104055 solMass / solMass
1823 649.3139350515546 solMass / solMass
1824 0.28001953498004534 solMass / solMass
1826 4.10691140807433e+38 solMass / solMass
1827 1692.0683588149689 solMass / solMass
1828 386.1194850982536 solMass / solMass
1829 93.06242665091806 solMass / solMass
1830 227.06041960048717 solMass / solMass
1831 543.7427002161484 solMass / solMass
IsSatellite
1833 369.9126401746469 solMass / solMass
IsSatellite
IsSatellite
1836 207.8180370048507 solMass / solMass
1837 2055.068323861252 solMass / solMass
1838 464.66442743061174 solMass / solMass
1839 361.30245602677263 solMass / solMass
1840 73.194357594859 solMass / solMass
1841 753.9854238471313 solMass / solMass
IsSatellite
1844 519.2701027979803 solMass / solMass
1845 228.88567136571095 solMass / solMass
1847 886.6655270724813 solMass / solMass
1848 53.354852795123506 solMass / solMass
1849 92.85666954305493 solMass / solMass
1851 122.02079416296499 solMass / solMass
1852 36.79639128193862 solMass / solMass
HaloMassEqualZero
IsSatellite
1856 168.0854694998299 solMass / solMass
1857 16353.382437115391 solMass / solMass
1858 12998.144078464784 solMass / solMass
IsSatellite
1862 6229.372062012047 solMass / solMass
1865 19387.161310676944 solMass / solMass
1866 502.79835801409973 solMass / solMass
1867 281.13349019335175 solMass / solMass
1868 1425.3366182094085 solMass / solMass
1872 162.22228453328313 solMass / solMass
1873 343.7895649741985 solMass / solMass
1874 23178.671461461083 solMass / solMass
1875 199.8863087977766 solMass / solMass
1877 536.5870283537919 solMass / solMass
1878 1692.945176509217 solMass / solMass
1879 105.54633036556 solMass / solMass
1880 139.0166355493525 solMass / solMass
1881 22814.683764763915 solMass / solMass
1882 413.58511107604215 solMass / solMass
1883 18580.2589537068 solMass / solMass
1884 25340.468345260026 solMass / solMass
1885 49.86000153332575 solMass / solMass
IsSatellite
1888 59.18780967252903 solMass / solMass
1889 104.62670205787957 solMass / solMass
1890 124.9857889166004 solMass / solMass
1891 28743.295773836184 solMass / solMass
1892 37453.9979411005 solMass / solMass
1893 65.16479437838038 solMass / solMass
1894 126.85951927476061 solMass / solMass
1895 610.615325734367 solMass / solMass
1896 5691.125489071655 solMass / solMass
1898 171.04496076162638 solMass / solMass
1899 189.2416531375296 solMass / solMass
IsSatellite
1901 162.5180682045247 solMass / solMass
1902 4293.80581663036 solMass / solMass
1903 99.01147339697877 solMass / solMass
1904 7.229887150375326 solMass / solMass
1905 159.17729334917672 solMass / solMass
1906 496.6351351715392 solMass / solMass
1907 2659.4315874626277 solMass / solMass
1908 1580.153951145858 solMass / solMass
1910 14420.936912084879 solMass / solMass
1911 7291.877556369284 solMass / solMass
1912 723.1704789622909 solMass / solMass
IsSatellite
1915 9.284472728312501e+36 solMass / solMass
1920 49.89482642626056 solMass / solMass
1921 172.85196560865324 solMass / solMass
1922 101.88144247797266 solMass / solMass
1925 3.35911740201946e+38 solMass / solMass
1927 1484.1080681490891 solMass / solMass
1928 1531.984602471057 solMass / solMass
1929 116.62408055636303 solMass / solMass
HaloMassEqualZero
IsSatellite
1932 711.8412898921681 solMass / solMass
1933 2438.229312484659 solMass / solMass
1936 25429.764896968485 solMass / solMass
1937 99.89384992659765 solMass / solMass
1938 14039.623946544049 solMass / solMass
1939 51.58491055329109 solMass / solMass
1940 360.9930890843295 solMass / solMass
1941 6675.007503036042 solMass / solMass
1942 1870.8834868780418 solMass / solMass
1943 1045.0832498877649 solMass / solMass
1945 856.006408778366 solMass / solMass
1946 227.52559260233556 solMass / solMass
1947 257.73831084003734 solMass / solMass
1948 148.5475344869756 solMass / solMass
HaloMassEqualZero
1950 6596.539159033177 solMass / solMass
1951 485.38495152126495 solMass / solMass
1953 334.53780808344544 solMass / solMass
1954 22827.480538454718 solMass / solMass
1956 379.01556401787957 solMass / solMass
1960 157.1548794537002 solMass / solMass
1962 3635.717831842061 solMass / solMass
1963 1438.6229939055868 solMass / solMass
1964 7928.854313073636 solMass / solMass
IsSatellite
1966 286.1901171752621 solMass / solMass
1970 122.80531026211376 solMass / solMass
1971 4817.28152005876 solMass / solMass
1972 57.98640598954897 solMass / solMass
1973 211.60284599100422 solMass / solMass
1974 1735.664335578519 solMass / solMass
1975 137.4600129232577 solMass / solMass
1977 221.8566006893075 solMass / solMass
1979 10.587604744390124 solMass / solMass
1980 641.2331568592424 solMass / solMass
1981 262.9567425013544 solMass / solMass
1982 2653.2532490953563 solMass / solMass
1983 635.3068085843657 solMass / solMass
IsSatellite
1988 124.41011089711435 solMass / solMass
1989 44.10319862927148 solMass / solMass
IsSatellite
IsSatellite
1993 20.711674271747935 solMass / solMass
1996 1254.5638939698158 solMass / solMass
1997 172.8920157542148 solMass / solMass
1998 1090.192600328257 solMass / solMass
1999 253.20017010939503 solMass / solMass
2000 7596.933356705558 solMass / solMass
2002 185.68939299937094 solMass / solMass
2003 1066.043176360058 solMass / solMass
2004 129.8801240450006 solMass / solMass
2006 1167.8143932116511 solMass / solMass
2009 4581.9667963039465 solMass / solMass
2010 948.1405741618637 solMass / solMass
2012 230.87775632763618 solMass / solMass
2013 208.31237528416437 solMass / solMass
2014 662.6715718232821 solMass / solMass
2015 2455.2932504630962 solMass / solMass
2016 236.29846208555597 solMass / solMass
2017 4848.456007586989 solMass / solMass
2019 141.78982435821553 solMass / solMass
IsSatellite
2021 1052.5830833660161 solMass / solMass
2022 1607.14318708878 solMass / solMass
2023 626.7849688469363 solMass / solMass
IsSatellite
2025 196.17095066552872 solMass / solMass
2026 30667.527916826184 solMass / solMass
2027 897.9015964296086 solMass / solMass
2028 441.38020863113553 solMass / solMass
2029 118.84005034854006 solMass / solMass
2030 559.3681977493308 solMass / solMass
2031 45.094763508533816 solMass / solMass
2032 59.50581834638747 solMass / solMass
2033 1019.0594132679417 solMass / solMass
2034 459.38853154710796 solMass / solMass
2035 572.4209599481375 solMass / solMass
2036 1.9211029024824002e+37 solMass / solMass
2040 21875.248053973082 solMass / solMass
2042 507.3774225977968 solMass / solMass
2043 262.41553904641523 solMass / solMass
2044 251.2999973947595 solMass / solMass
2045 34218.583089640466 solMass / solMass
2046 408.6430078926418 solMass / solMass
2048 74.21898345221489 solMass / solMass
2050 22106.800248674626 solMass / solMass
2051 1.1945739018167588e+37 solMass / solMass
2052 1665.4700554367134 solMass / solMass
IsSatellite
2054 1279.5461176433403 solMass / solMass
2055 351.20838420234674 solMass / solMass
2058 18013.827126248238 solMass / solMass
2059 26290.438651520617 solMass / solMass
2061 19393.681791173403 solMass / solMass
2063 18268.84287067944 solMass / solMass
2064 8669.89057517824 solMass / solMass
2067 21.220980918011456 solMass / solMass
2068 311.31153796978856 solMass / solMass
2069 10410.23786440087 solMass / solMass
2070 133.06313669421982 solMass / solMass
2071 515.9635180368847 solMass / solMass
2073 27896.814383892233 solMass / solMass
2074 522.3288806606165 solMass / solMass
2075 193.99359896853844 solMass / solMass
2076 74.80113194451548 solMass / solMass
2077 23397.515396763243 solMass / solMass
IsSatellite
2079 321.92999336987054 solMass / solMass
2081 23165.969040317923 solMass / solMass
2084 9480.45711484324 solMass / solMass
2085 233.65603479929598 solMass / solMass
2086 1685.5733065194067 solMass / solMass
2087 320.54373031996175 solMass / solMass
2088 23025.487938096663 solMass / solMass
2089 113.60622580145576 solMass / solMass
2090 686.1673274959646 solMass / solMass
IsSatellite
2094 59.270407631598374 solMass / solMass
2095 46.748722355587695 solMass / solMass
2096 1943.4677255849165 solMass / solMass
2097 614.6594274809182 solMass / solMass
2098 145.75239006779893 solMass / solMass
2099 196.44320471188456 solMass / solMass
2100 1312.5697363255613 solMass / solMass
IsSatellite
2102 131.3968949979436 solMass / solMass
2105 11047.044862736013 solMass / solMass
2107 1806.5570105459337 solMass / solMass
2108 8231.387081137722 solMass / solMass
2109 685.7913581676744 solMass / solMass
2110 3529.3383496303195 solMass / solMass
2111 489.0635625162718 solMass / solMass
2112 4539.410036676625 solMass / solMass
2113 8.11171443936864 solMass / solMass
2114 152.4211138804619 solMass / solMass
2115 1692.1216612307167 solMass / solMass
2117 76.49072155841954 solMass / solMass
2118 1044.7170742006392 solMass / solMass
2120 480.13099191501993 solMass / solMass
2121 31.88267152389555 solMass / solMass
2122 273.8199145866886 solMass / solMass
2123 61.41993375690356 solMass / solMass
2124 1308.5809472248682 solMass / solMass
2125 562.8947745472894 solMass / solMass
2126 75.85055054022013 solMass / solMass
2127 87.79286775187065 solMass / solMass
2128 53.49541360084882 solMass / solMass
2129 581.1476159207978 solMass / solMass
2130 11.125715071142132 solMass / solMass
2131 2741.85926673809 solMass / solMass
2132 410.8954448143289 solMass / solMass
2133 662.1826644288043 solMass / solMass
2134 336.1710517172954 solMass / solMass
2135 1292.2721258683891 solMass / solMass
2136 5.424186177724753e+38 solMass / solMass
2137 9523.015494147598 solMass / solMass
2139 886.1325220503415 solMass / solMass
2140 13704.635644952465 solMass / solMass
2141 972.846495917204 solMass / solMass
2143 6580.3448390625745 solMass / solMass
2144 537.7553870186106 solMass / solMass
2145 147.29938657624373 solMass / solMass
2146 539.133491596067 solMass / solMass
2148 243.08588234424167 solMass / solMass
2149 15.652154422052705 solMass / solMass
2151 10446.756773565985 solMass / solMass
2152 890.1721932576135 solMass / solMass
2154 551.7631978685786 solMass / solMass
2155 951.2970553550376 solMass / solMass
2156 8600.568053610317 solMass / solMass
2158 683.7759048441644 solMass / solMass
2159 2144.4079111413803 solMass / solMass
2162 132.63786849644106 solMass / solMass
2164 216.13741942732716 solMass / solMass
2165 75.17243496526021 solMass / solMass
2166 61.477249953183986 solMass / solMass
2167 388.0368208583806 solMass / solMass
2168 84.80960670575554 solMass / solMass
2169 802.9759016029774 solMass / solMass
HaloMassEqualZero
2171 174.87262783630175 solMass / solMass
2172 1846.178258209012 solMass / solMass
2173 54.604789392026035 solMass / solMass
2174 109.06711822123395 solMass / solMass
HaloMassEqualZero
2178 3022.084707184711 solMass / solMass
2179 833.8431088479339 solMass / solMass
2181 7133.565522050809 solMass / solMass
2182 729.0100703712658 solMass / solMass
2183 11003.458797243826 solMass / solMass
2184 1996.5218254864533 solMass / solMass
2185 65.43781185093808 solMass / solMass
2186 889.8946189249127 solMass / solMass
2188 75.35082666317503 solMass / solMass
2189 886.6916098397726 solMass / solMass
2190 4309.152647861758 solMass / solMass
IsSatellite
2192 198.29604334173086 solMass / solMass
2193 2048.4139279020496 solMass / solMass
2195 8426.458638714405 solMass / solMass
2199 662.4032025642972 solMass / solMass
2200 7.665520528806418 solMass / solMass
2201 29195.214878930874 solMass / solMass
2203 20783.372710012467 solMass / solMass
2205 205.90233998407436 solMass / solMass
2206 215.66025989085605 solMass / solMass
2208 60.62265817339206 solMass / solMass
2209 60.626564176099485 solMass / solMass
2210 204.95211381892483 solMass / solMass
2211 13745.356973801721 solMass / solMass
2212 1024.6804729970797 solMass / solMass
2214 979.5252702654592 solMass / solMass
2215 5.529340980264051e+38 solMass / solMass
2217 374.13830196117357 solMass / solMass
2218 708.4101931295265 solMass / solMass
2219 62.43029608320176 solMass / solMass
2220 156.8782913456596 solMass / solMass
2221 33569.542805870165 solMass / solMass
IsSatellite
2223 3453.1303565592484 solMass / solMass
2224 607.6965172381697 solMass / solMass
2226 3203.205943500087 solMass / solMass
2227 452.0130243693142 solMass / solMass
2230 430.58571791537446 solMass / solMass
2231 909.8970403671367 solMass / solMass
2234 1449.8777086029886 solMass / solMass
2235 207.68807192631058 solMass / solMass
2237 196.13125535629743 solMass / solMass
2238 2456.0989856242504 solMass / solMass
2239 3655.6591589922236 solMass / solMass
2240 71.32694932722602 solMass / solMass
2242 13591.557494760624 solMass / solMass
2243 23233.356505069107 solMass / solMass
2244 1094.22777400184 solMass / solMass
2245 64.03996083073525 solMass / solMass
2246 34340.89277433614 solMass / solMass
2247 34.31650557589189 solMass / solMass
2248 595.717921820269 solMass / solMass
2249 26962.975108812803 solMass / solMass
HaloMassEqualZero
2253 626.4180059035083 solMass / solMass
2256 1391.5342633351106 solMass / solMass
2257 58.930340325929414 solMass / solMass
2258 343.2925116394082 solMass / solMass
2259 5.864264778918445 solMass / solMass
HaloMassEqualZero
IsSatellite
2262 14542.98761698954 solMass / solMass
2264 511.1954254071876 solMass / solMass
2265 15127.926134899586 solMass / solMass
2268 2120.6354715038947 solMass / solMass
2269 1117.8276317732627 solMass / solMass
2270 556.0978316911644 solMass / solMass
2272 10967.715961826621 solMass / solMass
2273 6.570455623465521e+38 solMass / solMass
2274 706.9987039276002 solMass / solMass
2275 569.5311699969837 solMass / solMass
2276 469.73280487108923 solMass / solMass
2277 920.3764165097465 solMass / solMass
2278 4.7058400706851276e+38 solMass / solMass
2279 494.30533124306237 solMass / solMass
2281 959.5686700304497 solMass / solMass
2282 8045.423683728053 solMass / solMass
2283 12653.170266125346 solMass / solMass
2284 84.32598068428695 solMass / solMass
2285 320.30932343261327 solMass / solMass
2286 388.2062687890657 solMass / solMass
2289 5.110149965614527e+38 solMass / solMass
2290 641.3244639351097 solMass / solMass
2291 356.4204816043075 solMass / solMass
2292 766.0738086244082 solMass / solMass
2293 1236.4509787533334 solMass / solMass
IsSatellite
2295 155.0892690991742 solMass / solMass
2296 18848.90551414274 solMass / solMass
2298 230.4815009038214 solMass / solMass
2299 115.74147147373232 solMass / solMass
HaloMassEqualZero
2302 180.05321668467053 solMass / solMass
2303 297.2840479237406 solMass / solMass
2304 13126.999065761962 solMass / solMass
2305 24127.036016192036 solMass / solMass
2306 8.054628669814782 solMass / solMass
2307 805.198633729691 solMass / solMass
2308 23336.230123424677 solMass / solMass
IsSatellite
2310 45.88786624575994 solMass / solMass
2311 2295.414949003782 solMass / solMass
2312 8.177353461388893 solMass / solMass
2313 62.38057300185068 solMass / solMass
2314 3835.2248555369692 solMass / solMass
2319 571.9503686239286 solMass / solMass
2322 314.2189872814504 solMass / solMass
2323 756.75100176417 solMass / solMass
2324 964.842064147916 solMass / solMass
HaloMassEqualZero
2329 141.16528899337624 solMass / solMass
2330 7.257705995225972 solMass / solMass
2331 283.49264823732204 solMass / solMass
2333 241.30481383659105 solMass / solMass
2334 2.4491648345064454e+37 solMass / solMass
2335 120.97741040244092 solMass / solMass
2336 342.82935132755745 solMass / solMass
2337 2357.7504829345307 solMass / solMass
2338 108.46300943808339 solMass / solMass
2339 58.17049225878327 solMass / solMass
2341 241.74826565108896 solMass / solMass
2342 605.3059587313962 solMass / solMass
2344 716.9154691578253 solMass / solMass
2345 3055.710465928567 solMass / solMass
2346 169.04210015274268 solMass / solMass
2348 10245.005850706897 solMass / solMass
2349 6010.835118071015 solMass / solMass
2350 1106.5794379764811 solMass / solMass
2351 902.6863989469589 solMass / solMass
2352 94.65777453824059 solMass / solMass
IsSatellite
2360 80.60796709396948 solMass / solMass
2361 1.8377350154015775e+37 solMass / solMass
2362 2544.742612584305 solMass / solMass
2363 256.4600811078826 solMass / solMass
IsSatellite
HaloMassEqualZero
2367 36569.18422189592 solMass / solMass
2368 301.90763301666624 solMass / solMass
2369 2858.749561136391 solMass / solMass
IsSatellite
2372 572.870793216523 solMass / solMass
2373 435.08442101913187 solMass / solMass
2374 85.75628518274412 solMass / solMass
2375 1337.0291267299126 solMass / solMass
2376 318.31939280059987 solMass / solMass
IsSatellite
2380 1951.567661345234 solMass / solMass
2381 7.112059923013531e+38 solMass / solMass
2382 2064.6517142560233 solMass / solMass
2383 140.59830412146349 solMass / solMass
2384 902.8530193145672 solMass / solMass
2385 172.95150708013102 solMass / solMass
2386 182.95541810550202 solMass / solMass
IsSatellite
2388 22.97030077225623 solMass / solMass
2389 226.45470948686733 solMass / solMass
2390 146.69402312636836 solMass / solMass
2391 348.37990282979257 solMass / solMass
2392 135.08881242754612 solMass / solMass
2393 14.280769927748006 solMass / solMass
2394 4.426065510092674 solMass / solMass
2395 1744.3393214817006 solMass / solMass
2396 785.8693463688094 solMass / solMass
2397 297.80846835195126 solMass / solMass
2398 46392.7692353675 solMass / solMass
2399 510.0453997904298 solMass / solMass
2400 2541.423216984203 solMass / solMass
2401 14085.738228423792 solMass / solMass
HaloMassEqualZero
2403 1029.7488769308736 solMass / solMass
2404 920.9794763152746 solMass / solMass
2406 351.9696435584313 solMass / solMass
2407 2.449678917773149e+37 solMass / solMass
2408 149.2985896177682 solMass / solMass
2409 1442.3794913838335 solMass / solMass
2410 938.9669474186984 solMass / solMass
2411 15208.251972154061 solMass / solMass
IsSatellite
2415 4487.946273424729 solMass / solMass
2416 50381.871946570995 solMass / solMass
2418 387.05487345341555 solMass / solMass
2419 6.4244734483182105e+38 solMass / solMass
2422 148.19852144993163 solMass / solMass
2423 332.6250007513983 solMass / solMass
2425 15772.125470305517 solMass / solMass
2426 7.474412391758596e+38 solMass / solMass
2427 1086.145432006276 solMass / solMass
2429 1471.9066415153595 solMass / solMass
2430 5.6440708678556195 solMass / solMass
2431 13.664757708605896 solMass / solMass
2432 4.1700830220639135e+38 solMass / solMass
2433 8582.428859584965 solMass / solMass
2434 1632.9094371428876 solMass / solMass
IsSatellite
2437 15379.209833168037 solMass / solMass
2438 5342.8377000464625 solMass / solMass
2439 186.66224624172787 solMass / solMass
2440 800.0044697071513 solMass / solMass
2441 575.0825301338828 solMass / solMass
2442 1757.721968904838 solMass / solMass
2443 236.76406533722903 solMass / solMass
2444 428.62886601873174 solMass / solMass
2445 375.32049115135584 solMass / solMass
2446 9.337142154660318 solMass / solMass
2448 8.694108102497504e+38 solMass / solMass
HaloMassEqualZero
2450 355.9566800492677 solMass / solMass
2451 73.82211412634611 solMass / solMass
2452 805.8176544513236 solMass / solMass
2454 349.8940372359395 solMass / solMass
2455 5741.5903110850395 solMass / solMass
2456 214.86174416107355 solMass / solMass
2459 1802.0261762821367 solMass / solMass
2460 622.1986098822389 solMass / solMass
2461 27566.66388786309 solMass / solMass
2462 2867.8136755136948 solMass / solMass
2463 7450.337206867935 solMass / solMass
2464 197.84212009248284 solMass / solMass
2465 2179.100034878373 solMass / solMass
2466 1944.2547042566453 solMass / solMass
IsSatellite
2471 7128.92968136148 solMass / solMass
2474 2596.799438777142 solMass / solMass
2475 68.96072954139994 solMass / solMass
2476 97.95691256257176 solMass / solMass
2477 1.8142052363244215e+37 solMass / solMass
2478 2791.561278176643 solMass / solMass
2479 351.6155706903565 solMass / solMass
2481 676.5996440467007 solMass / solMass
2482 1602.3204362476847 solMass / solMass
2483 100.76790005899342 solMass / solMass
2484 5651.071516610669 solMass / solMass
2485 620.2389410025481 solMass / solMass
2486 72.78934373909847 solMass / solMass
2487 894.8979988020004 solMass / solMass
2488 97.68287646229327 solMass / solMass
2489 132.52960880678322 solMass / solMass
2490 2029.9698916393095 solMass / solMass
2491 439.70477474336457 solMass / solMass
2492 43943.36524603739 solMass / solMass
2494 769.5870065999474 solMass / solMass
2495 1192.6843287835381 solMass / solMass
IsSatellite
2497 253.5887779279677 solMass / solMass
2498 708.776252992343 solMass / solMass
2500 398.21196904409845 solMass / solMass
2501 95.57367305598677 solMass / solMass
2502 264.0987214230435 solMass / solMass
2503 299.5986712084666 solMass / solMass
2505 13.776356283074772 solMass / solMass
2506 5932.1041166725645 solMass / solMass
2507 126.1918778153426 solMass / solMass
2509 508.89697455111207 solMass / solMass
2510 133.02514313573718 solMass / solMass
2511 239.86414846866563 solMass / solMass
2514 40233.81998602101 solMass / solMass
2515 26489.694807551863 solMass / solMass
2516 460.9482376665539 solMass / solMass
2517 39.55006294370764 solMass / solMass
2518 0.9902650976166494 solMass / solMass
2519 1123.6477616478073 solMass / solMass
HaloMassEqualZero
2521 251.47515411449768 solMass / solMass
2523 273.3610765705916 solMass / solMass
2524 1114.7420019870806 solMass / solMass
2527 452.2028748281044 solMass / solMass
2529 1.741212368893244e+37 solMass / solMass
2530 895.6814538644842 solMass / solMass
2531 2141.6982852840274 solMass / solMass
2532 1253.2875397012185 solMass / solMass
2533 3.932741563911915 solMass / solMass
2534 441.28363427262576 solMass / solMass
HaloMassEqualZero
2537 980.9130602927412 solMass / solMass
2538 2233.617315219897 solMass / solMass
2539 190.00127779240913 solMass / solMass
2541 36.16018383962391 solMass / solMass
2542 2006.9657200178235 solMass / solMass
2543 516.3604561704466 solMass / solMass
2544 461.69712546250616 solMass / solMass
2545 5.227970689000216e+38 solMass / solMass
2546 562.6260488268315 solMass / solMass
2547 4508.521519256293 solMass / solMass
2548 1.9249614419722416e+37 solMass / solMass
2549 24.819387190247348 solMass / solMass
2550 4324.864321070938 solMass / solMass
2551 680.6436617828259 solMass / solMass
2554 14482.120804497301 solMass / solMass
HaloMassEqualZero
2559 5448.128604625528 solMass / solMass
2562 706.5946933958605 solMass / solMass
2564 14.936629848797114 solMass / solMass
2565 18445.89159745448 solMass / solMass
2566 731.8596074731478 solMass / solMass
2567 70.06963031554291 solMass / solMass
2569 111.22268180853256 solMass / solMass
2570 198.56125370267102 solMass / solMass
2571 5951.264369031965 solMass / solMass
2575 6.2715021826621276e+38 solMass / solMass
2576 6267.258700275811 solMass / solMass
2577 99.58043990668732 solMass / solMass
2578 167.0172227478265 solMass / solMass
2580 388.17923114310304 solMass / solMass
2582 121.87274960471493 solMass / solMass
2583 175.9348919162475 solMass / solMass
2584 796.21851326648 solMass / solMass
2585 372.7633225823125 solMass / solMass
2586 251.38316161586994 solMass / solMass
2587 1003.0086416765886 solMass / solMass
2588 127667.63062331961 solMass / solMass
2590 43376.3084344506 solMass / solMass
2593 850.0927548334879 solMass / solMass
2595 71.7071465778324 solMass / solMass
2597 831.4746925522988 solMass / solMass
2598 598.9850793316951 solMass / solMass
2599 15481.479754927876 solMass / solMass
2600 2342.4296177252377 solMass / solMass
2601 2.4022490256548664e+37 solMass / solMass
2602 1430.2293341096763 solMass / solMass
2603 2.346714145277258e+37 solMass / solMass
IsSatellite
2605 348.16029688838415 solMass / solMass
2606 4782.02400877362 solMass / solMass
2609 14.413755293513027 solMass / solMass
HaloMassEqualZero
2611 41090.58276188698 solMass / solMass
2612 118.6141995863135 solMass / solMass
2613 1078.113903427226 solMass / solMass
HaloMassEqualZero
2616 169.82626065806897 solMass / solMass
2617 24067.72085508867 solMass / solMass
2620 11958.911511430328 solMass / solMass
2621 1439.4324672102348 solMass / solMass
2622 589.7350918684184 solMass / solMass
2623 1462.9956772149417 solMass / solMass
2624 2150.8778520532765 solMass / solMass
2625 4667.175710351458 solMass / solMass
2626 1406.035959391031 solMass / solMass
2627 203.8331761050725 solMass / solMass
2628 1431.0848879708906 solMass / solMass
2629 390.684321620321 solMass / solMass
2631 768.7323834225228 solMass / solMass
2632 423.097045900176 solMass / solMass
2633 8521.046636380946 solMass / solMass
2634 2991.3786085964007 solMass / solMass
2635 17070.064712304094 solMass / solMass
2636 913.5691057435217 solMass / solMass
2637 435.55037235466267 solMass / solMass
2638 36349.95862261437 solMass / solMass
2639 130.23159004872284 solMass / solMass
2640 1062.2156046914804 solMass / solMass
2641 1648.4464261073429 solMass / solMass
IsSatellite
2643 13084.437117483509 solMass / solMass
IsSatellite
2645 177.5409017587198 solMass / solMass
2646 424.26027050445407 solMass / solMass
2647 523.8253349161217 solMass / solMass
HaloMassEqualZero
HaloMassEqualZero
2651 521.4779603416673 solMass / solMass
2652 225.08558221547486 solMass / solMass
2653 203.7095160162163 solMass / solMass
2654 3.8376559127488645e+37 solMass / solMass
2655 142.9642230187849 solMass / solMass
2656 11999.068265814522 solMass / solMass
2658 35045.16543902604 solMass / solMass
2660 164.94154968011233 solMass / solMass
2662 2592.1178404553852 solMass / solMass
2663 21.854412467092494 solMass / solMass
2664 351.7875439132824 solMass / solMass
2665 4169.182489486591 solMass / solMass
2667 7913.722229240078 solMass / solMass
2668 4210.582273253839 solMass / solMass
2669 111.45750633939484 solMass / solMass
2670 33362.1298248005 solMass / solMass
2671 46660.38513067851 solMass / solMass
2672 1529.1785231287577 solMass / solMass
2673 1077.9502328364372 solMass / solMass
2674 20824.904025357326 solMass / solMass
2675 2138.87152291668 solMass / solMass
2678 429.6877165975167 solMass / solMass
2680 268.4338536603413 solMass / solMass
2681 27178.09137368902 solMass / solMass
2682 177.54994468965486 solMass / solMass
2684 1519.4802665464624 solMass / solMass
2687 11073.388904418134 solMass / solMass
2688 356.0996485065035 solMass / solMass
2690 191.89665940947526 solMass / solMass
2691 126.04174140509323 solMass / solMass
2692 3845.187433594782 solMass / solMass
2694 811.8960944921082 solMass / solMass
IsSatellite
IsSatellite
2697 352.5913654147013 solMass / solMass
2699 229.41208523869676 solMass / solMass
2700 1204.4236088635862 solMass / solMass
2702 770.620907580177 solMass / solMass
2703 865.2316307522398 solMass / solMass
2704 19.611181426007054 solMass / solMass
2705 518.2218505905744 solMass / solMass
2706 3844.3541779470675 solMass / solMass
2707 471.77830484245015 solMass / solMass
2708 115.01463723470455 solMass / solMass
2710 963.2458055692051 solMass / solMass
2713 933.8364225141494 solMass / solMass
2715 54.30006509496771 solMass / solMass
2716 1547.1025552276526 solMass / solMass
2717 645.102907745803 solMass / solMass
2720 48067.163775530775 solMass / solMass
HaloMassEqualZero
2723 649.0958598337144 solMass / solMass
2724 2013.9128501814348 solMass / solMass
2725 197.9467216055163 solMass / solMass
2726 353.14205845607717 solMass / solMass
2727 1076.5809916352227 solMass / solMass
2728 574.8532906036704 solMass / solMass
2729 505.309303483699 solMass / solMass
2730 145.25986721126156 solMass / solMass
2731 1798.9270031902342 solMass / solMass
2733 12331.131397486657 solMass / solMass
2734 502.68986849552897 solMass / solMass
2735 2681.180772616677 solMass / solMass
2736 150.95562825033554 solMass / solMass
2737 492.0680956730526 solMass / solMass
2738 48.64281674906763 solMass / solMass
2740 217.82145251553723 solMass / solMass
2741 233.30348019081043 solMass / solMass
2742 72596.36324205856 solMass / solMass
2743 6759.762771053086 solMass / solMass
HaloMassEqualZero
IsSatellite
IsSatellite
2747 849.4155101075179 solMass / solMass
2749 15915.64724693922 solMass / solMass
2753 68.35907460338325 solMass / solMass
2754 288.30397268964674 solMass / solMass
HaloMassEqualZero
2756 1351.1050124231072 solMass / solMass
2757 33585.59346700888 solMass / solMass
2758 185.72727243554735 solMass / solMass
2759 582.8140304638218 solMass / solMass
2760 824.1772386446629 solMass / solMass
2761 717.0965760554687 solMass / solMass
HaloMassEqualZero
2763 12.257126141346955 solMass / solMass
2764 380.33412824764105 solMass / solMass
2765 2746.755534599732 solMass / solMass
2766 6845.783513281333 solMass / solMass
2767 646.6917060934799 solMass / solMass
2769 1133.0192401517334 solMass / solMass
2770 642.2901903796433 solMass / solMass
2771 14.943449252764927 solMass / solMass
2772 1071.9695360551107 solMass / solMass
HaloMassEqualZero
2774 549.8673634084781 solMass / solMass
2775 1472.7807633372038 solMass / solMass
IsSatellite
HaloMassEqualZero
2778 2626.270649189557 solMass / solMass
2779 45597.8805263166 solMass / solMass
2781 591.064334221861 solMass / solMass
2782 14227.310687442974 solMass / solMass
2784 915.0870738365953 solMass / solMass
2785 1959.3963897832305 solMass / solMass
2787 8689.850311926235 solMass / solMass
2788 90270.13288934239 solMass / solMass
2789 1137.3021176130308 solMass / solMass
2790 189.7966011668408 solMass / solMass
2791 25.176955208342836 solMass / solMass
2792 92505.58328118027 solMass / solMass
2793 874.6367750653795 solMass / solMass
2794 239.1901336428207 solMass / solMass
2795 86.58130647644545 solMass / solMass
2796 1405.919510258642 solMass / solMass
2797 41440.67696548391 solMass / solMass
2798 149.11811491114025 solMass / solMass
2799 213.82019869716473 solMass / solMass
2800 759.9802720207688 solMass / solMass
2801 945.2133257579932 solMass / solMass
2802 269.5759661355955 solMass / solMass
2803 2644.6623303368733 solMass / solMass
HaloMassEqualZero
2805 1714.5362419562407 solMass / solMass
2806 1100.2151806834656 solMass / solMass
HaloMassEqualZero
2809 2.839509197875205e+37 solMass / solMass
2810 497.4563405845482 solMass / solMass
2811 666.2545474263297 solMass / solMass
2812 48.84477898704437 solMass / solMass
2813 39.699871388948395 solMass / solMass
2814 878.6263386520934 solMass / solMass
2815 5367.354886500541 solMass / solMass
2816 800.7574778521171 solMass / solMass
2817 2169.212515655393 solMass / solMass
2818 353.2627322346314 solMass / solMass
2819 206.08430072487147 solMass / solMass
2820 22.41521377955304 solMass / solMass
2821 5734.84309337121 solMass / solMass
2823 3029.813602548816 solMass / solMass
2825 2693.1649394239007 solMass / solMass
2826 6854.9865411191595 solMass / solMass
2827 9.44620455779003e+38 solMass / solMass
2828 299.7959997507383 solMass / solMass
2830 18638.34712648849 solMass / solMass
2831 2595.360491503398 solMass / solMass
2832 1215.8993422401986 solMass / solMass
2833 165.63432234815284 solMass / solMass
2834 1076.237257125819 solMass / solMass
2835 22.80386197798437 solMass / solMass
2836 435.55829470016994 solMass / solMass
2837 261.9807437525652 solMass / solMass
2838 6414.395446104847 solMass / solMass
2839 520.6933252404895 solMass / solMass
2840 508.9445330783671 solMass / solMass
2841 565.6483503997881 solMass / solMass
2842 640.4172716370083 solMass / solMass
2843 76.59095100371891 solMass / solMass
2846 961.6846983647999 solMass / solMass
2847 821.1925791371284 solMass / solMass
2850 3825.9880830395946 solMass / solMass
2851 766.9807228380423 solMass / solMass
2852 853.7220572932397 solMass / solMass
2853 123.9020789437076 solMass / solMass
2854 2540.734479654631 solMass / solMass
2855 78.38582934343479 solMass / solMass
2856 3734.864561916882 solMass / solMass
2857 6379.953724781372 solMass / solMass
2858 1255.247566198627 solMass / solMass
2859 17257.23767373801 solMass / solMass
2860 159.82844956311573 solMass / solMass
IsSatellite
2863 884.6935891016589 solMass / solMass
2864 864.3316532993994 solMass / solMass
2865 934.5474918858631 solMass / solMass
2866 4806.733349586214 solMass / solMass
2867 507.3320609242405 solMass / solMass
2870 552.2913918119908 solMass / solMass
2871 1291.4061571001648 solMass / solMass
2872 3798.9039227232497 solMass / solMass
2873 484.63708197238145 solMass / solMass
2874 741.7689998660813 solMass / solMass
2875 192.24180986427254 solMass / solMass
2876 30706.013071371555 solMass / solMass
2877 400.98306215185187 solMass / solMass
2878 22185.53520854122 solMass / solMass
2880 5337.693155090031 solMass / solMass
2881 500.9164656578669 solMass / solMass
2882 592.3910036992306 solMass / solMass
HaloMassEqualZero
2884 42.42867429673101 solMass / solMass
2885 105.33130688389197 solMass / solMass
2887 343.9776668578444 solMass / solMass
2888 107.96110289543205 solMass / solMass
2889 101.49055232622078 solMass / solMass
2890 1.6826960065098063e+39 solMass / solMass
2891 962.018391078856 solMass / solMass
2892 583.9256320337529 solMass / solMass
2893 25048.71026482916 solMass / solMass
2894 302.1629034944499 solMass / solMass
2895 742.624981599512 solMass / solMass
2896 937.6917139692029 solMass / solMass
2897 468.3713599954007 solMass / solMass
2899 397.70001158046966 solMass / solMass
2900 131.24327364832706 solMass / solMass
2903 488.22091422468895 solMass / solMass
2904 352.1781890684584 solMass / solMass
2905 55.68968974830443 solMass / solMass
2906 2025.5126159649617 solMass / solMass
2908 10403.084404588088 solMass / solMass
2909 16948.234518198748 solMass / solMass
2910 7224.862076281278 solMass / solMass
2912 708.2704245913251 solMass / solMass
2913 213.31601358895182 solMass / solMass
2914 140.47394310973567 solMass / solMass
2915 657.6680195339854 solMass / solMass
2916 71.72641949185955 solMass / solMass
2917 266.38338907743537 solMass / solMass
2918 1847.406163162915 solMass / solMass
2920 894.7503659546448 solMass / solMass
2921 1311.1882601257785 solMass / solMass
HaloMassEqualZero
2926 103.7846645275891 solMass / solMass
2927 1287.002904161073 solMass / solMass
2928 1016.8071416600068 solMass / solMass
2929 2870.9009859227 solMass / solMass
2930 101.22106540086283 solMass / solMass
2931 6853.186924102438 solMass / solMass
2932 25226.221600775105 solMass / solMass
2933 217.8545829304606 solMass / solMass
2934 3159.6511223982075 solMass / solMass
2935 13.636990178553763 solMass / solMass
2936 34944.41432425692 solMass / solMass
2937 214.643271412264 solMass / solMass
2938 1009.0739264500087 solMass / solMass
2939 325.15024676548944 solMass / solMass
2940 91.86829489075893 solMass / solMass
2941 374.0488952582099 solMass / solMass
2943 198.29119409331162 solMass / solMass
2945 578.5479604176836 solMass / solMass
2946 790.6978793005001 solMass / solMass
2947 163.21192181665754 solMass / solMass
2948 10875.278174041276 solMass / solMass
2949 2218.595011441469 solMass / solMass
IsSatellite
IsSatellite
2954 13563.423469716947 solMass / solMass
2955 660.4432991197492 solMass / solMass
2956 1615.8409415878225 solMass / solMass
2957 9.027614518223463e+38 solMass / solMass
2958 59369.58592206009 solMass / solMass
2960 14661.53780529889 solMass / solMass
2961 949.3700468859624 solMass / solMass
2962 389.99059889951474 solMass / solMass
2963 62170.51441884563 solMass / solMass
2964 31523.92017851971 solMass / solMass
2965 30.696236942931684 solMass / solMass
2968 21680.91940613472 solMass / solMass
2969 1065.7884652207588 solMass / solMass
2970 211.05957046651952 solMass / solMass
2971 487.27084600536267 solMass / solMass
2972 1569.8915544207482 solMass / solMass
2973 7.763177581516989 solMass / solMass
2974 33016.57878433532 solMass / solMass
2975 951.0837803566133 solMass / solMass
2976 3021.8733456840423 solMass / solMass
2977 607.8764999359581 solMass / solMass
2978 1018.7907014456697 solMass / solMass
2979 986.064802989215 solMass / solMass
2980 60.57453512296403 solMass / solMass
2981 232.03298062886293 solMass / solMass
2982 608.1895462879713 solMass / solMass
2985 301.8119412681775 solMass / solMass
2986 11392.325792076637 solMass / solMass
2987 646.6059848669231 solMass / solMass
2989 891.9594612710615 solMass / solMass
2990 647.0882687474244 solMass / solMass
2991 327.4151279638741 solMass / solMass
2992 272.0487187816291 solMass / solMass
IsSatellite
2995 16877.38896629412 solMass / solMass
HaloMassEqualZero
HaloMassEqualZero
2999 90.11469003086671 solMass / solMass
123AllDone123
