yt : [INFO     ] 2017-07-26 12:07:53,796 Parameters: current_time              = 4.93026188837e+16
yt : [INFO     ] 2017-07-26 12:07:53,796 Parameters: domain_dimensions         = [2 2 2]
yt : [INFO     ] 2017-07-26 12:07:53,796 Parameters: domain_left_edge          = [ 0.  0.  0.]
yt : [INFO     ] 2017-07-26 12:07:53,797 Parameters: domain_right_edge         = [  2.67042630e+25   2.67042630e+25   2.67042630e+25]
yt : [INFO     ] 2017-07-26 12:07:53,797 Parameters: cosmological_simulation   = 1
yt : [INFO     ] 2017-07-26 12:07:53,797 Parameters: current_redshift          = 3.99999998167
yt : [INFO     ] 2017-07-26 12:07:53,797 Parameters: omega_lambda              = 0.712
yt : [INFO     ] 2017-07-26 12:07:53,797 Parameters: omega_matter              = 0.288
yt : [INFO     ] 2017-07-26 12:07:53,798 Parameters: hubble_constant           = 0.6933
yt : [INFO     ] 2017-07-26 12:07:53,863 Parameters: current_time              = 207.43449500999
yt : [INFO     ] 2017-07-26 12:07:53,863 Parameters: domain_dimensions         = [128 128 128]
yt : [INFO     ] 2017-07-26 12:07:53,864 Parameters: domain_left_edge          = [ 0.  0.  0.]
yt : [INFO     ] 2017-07-26 12:07:53,864 Parameters: domain_right_edge         = [ 1.  1.  1.]
yt : [INFO     ] 2017-07-26 12:07:53,865 Parameters: cosmological_simulation   = 1
yt : [INFO     ] 2017-07-26 12:07:53,865 Parameters: current_redshift          = 3.9999999816689
yt : [INFO     ] 2017-07-26 12:07:53,865 Parameters: omega_lambda              = 0.712
yt : [INFO     ] 2017-07-26 12:07:53,865 Parameters: omega_matter              = 0.288
yt : [INFO     ] 2017-07-26 12:07:53,865 Parameters: hubble_constant           = 0.6933
yt : [INFO     ] 2017-07-26 12:07:53,868 Allocating for 8.352e+03 particles (index particle type 'all')
yt : [INFO     ] 2017-07-26 12:07:53,873 Identified 2.889e+03 octs
TimeNow:  1.5619317014383167 Gyr
IsSatellite
IsSatellite
Parsing Hierarchy :   0%|          | 0/38479 [00:00<?, ?it/s]Parsing Hierarchy :   4%|▍         | 1723/38479 [00:00<00:02, 17228.41it/s]Parsing Hierarchy :   9%|▉         | 3557/38479 [00:00<00:02, 15925.82it/s]Parsing Hierarchy :  15%|█▍        | 5723/38479 [00:00<00:01, 17643.97it/s]Parsing Hierarchy :  20%|██        | 7888/38479 [00:00<00:01, 18844.35it/s]Parsing Hierarchy :  26%|██▌       | 10074/38479 [00:00<00:01, 19745.92it/s]Parsing Hierarchy :  32%|███▏      | 12178/38479 [00:00<00:01, 20133.85it/s]Parsing Hierarchy :  36%|███▋      | 13989/38479 [00:00<00:01, 17535.19it/s]Parsing Hierarchy :  42%|████▏     | 16102/38479 [00:00<00:01, 18611.10it/s]Parsing Hierarchy :  47%|████▋     | 18240/38479 [00:01<00:01, 19440.72it/s]Parsing Hierarchy :  53%|█████▎    | 20415/38479 [00:01<00:00, 20130.40it/s]Parsing Hierarchy :  59%|█████▊    | 22590/38479 [00:01<00:00, 20615.28it/s]Parsing Hierarchy :  64%|██████▍   | 24725/38479 [00:01<00:00, 17868.19it/s]Parsing Hierarchy :  70%|██████▉   | 26840/38479 [00:01<00:00, 18851.40it/s]Parsing Hierarchy :  75%|███████▌  | 28982/38479 [00:01<00:00, 19621.20it/s]Parsing Hierarchy :  81%|████████  | 31162/38479 [00:01<00:00, 20273.71it/s]Parsing Hierarchy :  87%|████████▋ | 33325/38479 [00:01<00:00, 20675.90it/s]Parsing Hierarchy :  92%|█████████▏| 35490/38479 [00:01<00:00, 20967.50it/s]Parsing Hierarchy :  98%|█████████▊| 37662/38479 [00:01<00:00, 21191.53it/s]Parsing Hierarchy : 100%|██████████| 38479/38479 [00:02<00:00, 18998.90it/s]
yt : [INFO     ] 2017-07-26 12:08:02,636 Gathering a field list (this may take a moment.)
72 1.2670371740177976e+16 s
IsSatellite
IsSatellite
78 1.0771436427181546e+16 s
IsSatellite
IsSatellite
IsSatellite
IsSatellite
IsSatellite
94 1.0102877664813498e+16 s
99 9401672756768012.0 s
101 9450954722509442.0 s
IsSatellite
107 1.4195096012666406e+16 s
108 8326998927432244.0 s
IsSatellite
IsSatellite
116 1.2002274939831184e+16 s
118 1.2476152544992018e+16 s
121 1.1161588400809698e+16 s
138 1.0710414703808498e+16 s
141 1.3461140446900856e+16 s
142 1.4567317926362624e+16 s
IsSatellite
147 1.1097420191095846e+16 s
154 8961978630141129.0 s
155 1.1867520995915658e+16 s
156 8854853507439388.0 s
158 1.0127525196998432e+16 s
159 9678722065598758.0 s
160 9247808000616822.0 s
162 1.204510859588649e+16 s
163 8485823198381673.0 s
IsSatellite
167 1.1288234028511754e+16 s
169 1.4211328104428768e+16 s
170 8794355816884649.0 s
171 1315052517742261.8 s
172 8305089450493194.0 s
175 1.0110271268435066e+16 s
180 7037553658060565.0 s
IsSatellite
191 1.2045498770805768e+16 s
195 1.0462703399757128e+16 s
197 9443129428010462.0 s
198 7465111284093629.0 s
199 1.298555161645481e+16 s
201 1.2873151067164124e+16 s
204 1.0096338892577858e+16 s
207 1.2994876119944088e+16 s
208 1.1056584464184506e+16 s
209 8751152189145397.0 s
210 8807305916718999.0 s
211 1.0559928589420584e+16 s
212 1.0007296012011888e+16 s
214 9455432661461030.0 s
215 3735465208727358.5 s
216 1.0443071487755308e+16 s
217 1.3296158442521492e+16 s
220 1.1820909436234844e+16 s
IsSatellite
223 1.583955134939177e+16 s
225 6422278152792361.0 s
226 1.0488198063058586e+16 s
228 1.3113970779415786e+16 s
229 3676068939869071.0 s
232 8052709545343768.0 s
236 9818088216149184.0 s
237 7234372367408713.0 s
241 1.2437572214764968e+16 s
243 1.0476662956632334e+16 s
244 9024643145513514.0 s
246 1.2932248220687324e+16 s
247 1.8900846680632532e+16 s
248 1.1466956599621518e+16 s
249 1.1254724002631898e+16 s
251 1.0036112068791928e+16 s
252 1.4125663229859774e+16 s
255 9013769883637972.0 s
257 2541548493659840.0 s
258 1.3530694570050714e+16 s
259 1.1690250502147732e+16 s
261 1.690843317646856e+16 s
262 9020117584546380.0 s
264 1.305651401293198e+16 s
265 1.0360472726975388e+16 s
266 1.2043208877055714e+16 s
267 1.6516028189937028e+16 s
268 8140868839036331.0 s
269 1.9972325492508904e+16 s
273 8808184231529061.0 s
274 1.1611732270143452e+16 s
275 2.347797576305017e+16 s
279 1.5688148882802774e+16 s
280 1962905503809906.5 s
282 1.036862916292715e+16 s
287 1.2388619290703076e+16 s
289 9573055991908018.0 s
290 6433154083764857.0 s
291 1.056838105422314e+16 s
292 9779971980377422.0 s
293 1.1767205005240146e+16 s
296 8131790310417181.0 s
299 1.483471627472115e+16 s
300 9240288561892284.0 s
301 3677378995731680.0 s
302 4147712847308392.5 s
305 8831710365040752.0 s
308 8842192109539072.0 s
310 9955855016723936.0 s
313 1.0231978393959508e+16 s
316 1.3564143292271598e+16 s
318 5315935927429353.0 s
321 8302203450755810.0 s
322 1.1363142904376292e+16 s
324 1.5194239142897768e+16 s
326 1.1319233998871696e+16 s
329 3484496441335928.5 s
330 1.6835736047671414e+16 s
332 5685838677847805.0 s
336 1.1438762356151658e+16 s
338 1.203588258597109e+16 s
340 1.247460600907309e+16 s
343 1.4236183347381182e+16 s
344 9816396679443516.0 s
348 1.490684221026386e+16 s
351 1.251850060038879e+16 s
354 1.4385613941048598e+16 s
355 4520480081558880.0 s
358 8733422814252856.0 s
360 1.4075017797587886e+16 s
363 9091407996690856.0 s
364 7884699435439478.0 s
368 1.0805970043822122e+16 s
372 8821771297163907.0 s
374 0.0 s
378 4827393360115802.0 s
381 1.2706770937689308e+16 s
382 7806175339177972.0 s
383 1.2213831526454766e+16 s
384 8884607426955125.0 s
398 9307091454752664.0 s
401 9656709995790522.0 s
403 1.2166655854566344e+16 s
405 1.3458523845607698e+16 s
406 3474499824401378.5 s
408 1.265827984056685e+16 s
410 9183206917912244.0 s
411 8559347249962903.0 s
413 7696097505752877.0 s
414 2.2591751403616596e+16 s
416 0.0 s
417 8911437974739291.0 s
418 5680770154090528.0 s
419 1.308864706469062e+16 s
422 6055087246056035.0 s
423 1.044823784602176e+16 s
424 9205043867737960.0 s
426 1.1249563042804832e+16 s
428 1.3999713838774134e+16 s
429 1.892653072861975e+16 s
431 1.1453736083250346e+16 s
432 2478809157801426.5 s
437 1.2735708175169292e+16 s
438 1.3596696546129434e+16 s
439 1.2811505370426612e+16 s
442 8995503012258859.0 s
443 4557911619694308.0 s
444 1.2694115290051844e+16 s
445 1.320463010725248e+16 s
448 1.8787378938285464e+16 s
449 6385701825339773.0 s
451 8007051673308416.0 s
452 6129468716811959.0 s
454 1.39780556068272e+16 s
457 1.2080087067141566e+16 s
459 7724134005941609.0 s
460 0.0 s
461 1.4601346136458266e+16 s
464 8982015734728347.0 s
469 0.0 s
470 1.3740829092608596e+16 s
472 8337966404515207.0 s
473 1.2665530336350584e+16 s
474 6712087489394971.0 s
475 7258426920192437.0 s
476 1.985344317688012e+16 s
478 1.6778354548532538e+16 s
479 1484875088346185.0 s
480 1.2089840572823926e+16 s
481 1.237299984097345e+16 s
484 1.108719457779143e+16 s
486 0.0 s
487 0.0 s
489 9753281224861646.0 s
493 8826199763317472.0 s
494 1.3675008610986808e+16 s
496 0.0 s
498 1.3656819047204628e+16 s
501 1.3315729496435522e+16 s
502 5867450238376518.0 s
503 1.2702387825890364e+16 s
504 9684829215240906.0 s
507 6120349492866379.0 s
508 2.2050042854674236e+16 s
511 1.4570468227282816e+16 s
514 1.3335145155794744e+16 s
515 5813846075181020.0 s
517 9210977910686352.0 s
518 1.3523767163131506e+16 s
519 1.3118038718347144e+16 s
523 1.0673398803713368e+16 s
524 1.3990734959914298e+16 s
525 2.1115757233314656e+16 s
526 2.049466459237609e+16 s
527 1.3073627498022832e+16 s
529 0.0 s
IsSatellite
534 0.0 s
535 1.002565937207139e+16 s
536 0.0 s
537 0.0 s
540 9570075172449712.0 s
542 1.5679149086581166e+16 s
545 1.003125955384839e+16 s
549 8272778700338040.0 s
553 9563628937239872.0 s
554 0.0 s
555 8113997950045828.0 s
559 5318749250383579.0 s
560 1.1374619142178892e+16 s
561 0.0 s
562 8131687672696412.0 s
563 1.6601056200569118e+16 s
566 8960333795110066.0 s
567 1.8059254329765404e+16 s
569 1.2188544497287432e+16 s
572 8911159022069224.0 s
573 1.5302075659554076e+16 s
575 1.1890127151008178e+16 s
578 0.0 s
579 0.0 s
IsSatellite
585 0.0 s
586 0.0 s
587 1.58495204040452e+16 s
588 1.3327444928141508e+16 s
591 1.5892849846817404e+16 s
595 0.0 s
597 0.0 s
599 6367744703815554.0 s
602 0.0 s
604 0.0 s
606 8614029885913200.0 s
612 6695413580207160.0 s
613 1.3100704554793368e+16 s
614 0.0 s
617 1.0611421248655752e+16 s
619 1.4519343940921502e+16 s
622 0.0 s
623 1.1464927770359736e+16 s
624 0.0 s
627 0.0 s
628 7708115499642801.0 s
629 1.4506031520973858e+16 s
631 2.1164604838651944e+16 s
632 0.0 s
634 1.482164113098624e+16 s
635 1.515539682898335e+16 s
638 1.0280404903784594e+16 s
IsSatellite
641 2.83581306266951e+16 s
IsSatellite
643 1.2049329356987198e+16 s
645 0.0 s
646 2.1231830655023164e+16 s
647 0.0 s
649 1.9129673394414788e+16 s
650 1.007621953864039e+16 s
651 0.0 s
652 2.3554923613424264e+16 s
653 5671600009457496.0 s
654 1.0463456816888412e+16 s
659 2.1623043304238772e+16 s
660 0.0 s
661 1.3357156519856694e+16 s
662 5546556313025335.0 s
665 1.20568969442515e+16 s
667 0.0 s
670 5484044194974831.0 s
674 0.0 s
676 0.0 s
677 1.570209872927201e+16 s
679 2293977734433511.0 s
680 1.4386779194620422e+16 s
683 0.0 s
687 0.0 s
688 0.0 s
689 1.2328411536633424e+16 s
690 2.194121253845901e+16 s
IsSatellite
692 0.0 s
694 0.0 s
696 1.2087337511474514e+16 s
697 0.0 s
698 0.0 s
703 0.0 s
704 5965151687500959.0 s
705 0.0 s
707 0.0 s
710 0.0 s
711 0.0 s
714 1.0962034015589682e+16 s
717 0.0 s
718 3553499229045373.0 s
IsSatellite
720 1.1123045872049192e+16 s
721 0.0 s
722 8363974951250410.0 s
723 6761339259774083.0 s
724 0.0 s
732 5650730674623658.0 s
738 0.0 s
IsSatellite
740 0.0 s
742 1.740144825414616e+16 s
744 0.0 s
745 1.2691640639995714e+16 s
746 6009173734454752.0 s
747 0.0 s
749 1.3012138537525144e+16 s
750 2.4643026742384384e+16 s
751 2.312803012500747e+16 s
752 0.0 s
753 2.5587951943877936e+16 s
755 0.0 s
756 1.0972984658594038e+16 s
757 0.0 s
758 4263357263146276.0 s
759 1.7522087485926492e+16 s
764 1.7376354997503352e+16 s
IsSatellite
770 0.0 s
772 1.744229678146126e+16 s
775 1.8319029328954856e+16 s
776 0.0 s
779 0.0 s
781 0.0 s
782 0.0 s
785 0.0 s
786 2.093070321881785e+16 s
788 1.359963458573415e+16 s
789 0.0 s
790 0.0 s
794 0.0 s
795 9287522243795358.0 s
796 0.0 s
799 0.0 s
803 0.0 s
807 1.345635714204427e+16 s
808 1.2037551212112044e+16 s
809 6397598620913820.0 s
810 8373241565652404.0 s
812 1.4828508784258378e+16 s
814 1.5992612555520082e+16 s
815 0.0 s
816 1.4987304974324986e+16 s
817 8633587579273115.0 s
818 0.0 s
820 1.3001887531765136e+16 s
822 0.0 s
824 1.88294241874166e+16 s
827 2583211819920035.5 s
828 1.737003172660698e+16 s
829 1.078966427060178e+16 s
832 1.0435085565772992e+16 s
833 0.0 s
835 0.0 s
836 0.0 s
841 0.0 s
843 0.0 s
845 0.0 s
846 0.0 s
847 0.0 s
848 0.0 s
849 0.0 s
850 1.5985999190414214e+16 s
851 0.0 s
853 0.0 s
856 1.6718315999049642e+16 s
857 0.0 s
860 1.736072473191279e+16 s
862 0.0 s
863 1.5211212893895908e+16 s
864 0.0 s
865 0.0 s
866 0.0 s
868 0.0 s
870 0.0 s
873 0.0 s
874 1.200718518878594e+16 s
875 1.9255758183250236e+16 s
876 0.0 s
879 1.5905156812072388e+16 s
880 0.0 s
882 0.0 s
883 0.0 s
887 0.0 s
889 0.0 s
890 0.0 s
891 1.360546147165578e+16 s
892 0.0 s
894 9080766438917432.0 s
895 0.0 s
899 0.0 s
905 0.0 s
906 0.0 s
911 1.1536321469557298e+16 s
913 1.5855422378503114e+16 s
914 8668340397278916.0 s
915 1.0976695582466478e+16 s
916 0.0 s
919 0.0 s
920 0.0 s
IsSatellite
928 0.0 s
929 0.0 s
933 0.0 s
934 0.0 s
936 0.0 s
938 0.0 s
941 0.0 s
942 0.0 s
943 0.0 s
944 1.0224150286780906e+16 s
946 0.0 s
947 0.0 s
IsSatellite
952 1.4743829216872228e+16 s
954 0.0 s
956 0.0 s
959 0.0 s
961 0.0 s
962 1.096670590409042e+16 s
965 0.0 s
966 0.0 s
967 0.0 s
968 0.0 s
971 1.977336704868806e+16 s
973 1.4640204658609346e+16 s
974 0.0 s
975 0.0 s
978 0.0 s
980 1.636389167999322e+16 s
981 0.0 s
984 0.0 s
987 0.0 s
990 0.0 s
991 0.0 s
993 0.0 s
995 0.0 s
997 0.0 s
998 1.1962538876592028e+16 s
1000 2.4315661080299652e+16 s
1001 0.0 s
1002 1.9752447041137508e+16 s
1003 0.0 s
1005 0.0 s
1007 1.6796263674838398e+16 s
1009 0.0 s
1010 0.0 s
IsSatellite
1014 0.0 s
1015 0.0 s
1016 0.0 s
IsSatellite
1019 0.0 s
1020 1.2587596962120322e+16 s
1021 0.0 s
1022 0.0 s
1027 0.0 s
1028 0.0 s
1029 0.0 s
1030 0.0 s
1032 0.0 s
1033 9763826721553528.0 s
1035 0.0 s
1036 0.0 s
1037 0.0 s
1040 0.0 s
1042 1.7232127742314664e+16 s
1044 0.0 s
1045 0.0 s
1046 8673972171527015.0 s
1047 0.0 s
1049 0.0 s
1055 1.5056667051438382e+16 s
1056 0.0 s
1057 0.0 s
1059 0.0 s
1060 1.2706141238215766e+16 s
1061 0.0 s
1062 0.0 s
1065 1.7010172831838098e+16 s
1067 0.0 s
1069 0.0 s
1070 1.852590126540052e+16 s
1074 0.0 s
1075 1.0138614518702962e+16 s
1077 0.0 s
1078 9057801623424528.0 s
1079 0.0 s
1080 0.0 s
1081 6372259443820595.0 s
1083 0.0 s
1084 0.0 s
1087 1.31564821499007e+16 s
IsSatellite
1089 1.4829960529935396e+16 s
1090 0.0 s
1091 0.0 s
1094 1.7969711758218244e+16 s
1095 0.0 s
1096 0.0 s
1097 1.129267951482522e+16 s
1098 0.0 s
1105 0.0 s
1106 0.0 s
1109 0.0 s
1110 0.0 s
1113 0.0 s
1114 0.0 s
1115 0.0 s
IsSatellite
1117 0.0 s
1118 0.0 s
1120 0.0 s
1121 0.0 s
1124 0.0 s
1129 0.0 s
1130 0.0 s
1131 1.155604368115127e+16 s
1136 2.0557631951015304e+16 s
1142 0.0 s
1145 0.0 s
1146 0.0 s
1148 0.0 s
1149 0.0 s
1151 0.0 s
1153 0.0 s
1154 0.0 s
1155 0.0 s
1157 0.0 s
IsSatellite
1159 0.0 s
1160 6332478410016991.0 s
1161 2.445693629590091e+16 s
1163 0.0 s
1165 0.0 s
1167 0.0 s
1172 0.0 s
1174 0.0 s
1175 0.0 s
1176 0.0 s
1177 0.0 s
1178 0.0 s
IsSatellite
1186 0.0 s
1187 8404275894098917.0 s
1189 0.0 s
1191 0.0 s
IsSatellite
IsSatellite
1199 0.0 s
1200 2.2327927323136956e+16 s
1201 0.0 s
1203 2.288999125378387e+16 s
1204 0.0 s
1206 0.0 s
1209 0.0 s
1210 0.0 s
1211 0.0 s
1214 0.0 s
1215 3698460463411455.5 s
1217 4318270974736553.5 s
1218 0.0 s
1219 1.6329914865188458e+16 s
1220 0.0 s
1221 0.0 s
1222 0.0 s
1223 0.0 s
1224 0.0 s
1228 3.109574765230844e+16 s
1230 0.0 s
1231 0.0 s
1233 1.7632445490658818e+16 s
1236 1.7046911979966472e+16 s
1237 1.4199244827411174e+16 s
1240 0.0 s
IsSatellite
1243 0.0 s
1245 0.0 s
IsSatellite
1247 0.0 s
1249 0.0 s
IsSatellite
1255 0.0 s
1256 0.0 s
1257 0.0 s
1259 1.5127653386879634e+16 s
1260 0.0 s
1263 0.0 s
1266 0.0 s
1268 0.0 s
1269 0.0 s
1270 1.8956892291004084e+16 s
1274 0.0 s
1275 0.0 s
1276 0.0 s
1278 0.0 s
1279 2.163461526604356e+16 s
1280 0.0 s
1284 1.1848840162033514e+16 s
1285 0.0 s
1286 1.1750054961748328e+16 s
1287 0.0 s
1288 0.0 s
IsSatellite
1290 0.0 s
1291 0.0 s
1293 0.0 s
1296 1.0435109098983876e+16 s
1297 7226424807297637.0 s
1298 0.0 s
1299 0.0 s
1300 0.0 s
1302 0.0 s
1304 0.0 s
IsSatellite
1309 0.0 s
1310 0.0 s
1311 0.0 s
1313 0.0 s
1316 0.0 s
IsSatellite
1318 0.0 s
1319 2.0920311846153944e+16 s
1320 0.0 s
1324 0.0 s
1327 0.0 s
1328 0.0 s
1330 0.0 s
1331 0.0 s
1332 1.7935892189412312e+16 s
1333 0.0 s
1334 0.0 s
1337 0.0 s
1338 0.0 s
1341 0.0 s
1342 0.0 s
1345 0.0 s
1346 0.0 s
1347 0.0 s
1348 0.0 s
1349 0.0 s
1350 0.0 s
1351 0.0 s
1353 0.0 s
1354 0.0 s
1356 0.0 s
1357 0.0 s
1363 0.0 s
1364 9527297571901290.0 s
1365 0.0 s
1366 0.0 s
1367 0.0 s
1368 0.0 s
1369 0.0 s
1371 8381876165137222.0 s
1372 0.0 s
1374 2.725301693415716e+16 s
1375 0.0 s
1381 0.0 s
1383 2.11341703499098e+16 s
1384 0.0 s
1386 0.0 s
1387 0.0 s
1388 0.0 s
1389 0.0 s
IsSatellite
1391 0.0 s
1392 0.0 s
1393 0.0 s
1395 0.0 s
1397 0.0 s
1398 0.0 s
1400 0.0 s
1404 0.0 s
1405 2.156007818011075e+16 s
RadiusEqualZero
1408 0.0 s
1409 0.0 s
IsSatellite
1413 2.284972982038123e+16 s
1417 1.5897426996455278e+16 s
1418 0.0 s
1419 0.0 s
1420 0.0 s
1421 0.0 s
1422 0.0 s
1423 0.0 s
1424 0.0 s
1426 0.0 s
1427 0.0 s
1430 0.0 s
1433 0.0 s
1434 3305048811008733.0 s
1435 0.0 s
1437 0.0 s
1438 0.0 s
1440 0.0 s
1441 0.0 s
1442 0.0 s
1443 0.0 s
1445 0.0 s
1448 0.0 s
1449 0.0 s
1456 0.0 s
1458 0.0 s
1459 0.0 s
1461 0.0 s
IsSatellite
1464 0.0 s
1465 0.0 s
1466 0.0 s
1470 0.0 s
1473 0.0 s
1474 0.0 s
1478 0.0 s
1479 0.0 s
1480 0.0 s
1481 0.0 s
1484 0.0 s
1485 0.0 s
1487 0.0 s
1488 0.0 s
1494 0.0 s
1496 0.0 s
1497 0.0 s
1498 0.0 s
1499 0.0 s
1500 0.0 s
1501 0.0 s
1504 0.0 s
IsSatellite
1506 0.0 s
1507 0.0 s
1508 0.0 s
1509 0.0 s
1510 0.0 s
1511 0.0 s
1513 0.0 s
1514 0.0 s
1515 2091638246117712.0 s
1516 0.0 s
1517 0.0 s
1519 0.0 s
1520 0.0 s
1524 0.0 s
1525 0.0 s
1527 0.0 s
1528 0.0 s
1529 0.0 s
1530 0.0 s
1531 0.0 s
1532 0.0 s
1536 0.0 s
1537 0.0 s
1541 0.0 s
1542 0.0 s
1544 0.0 s
1545 0.0 s
1546 0.0 s
1548 0.0 s
1549 0.0 s
1550 0.0 s
1552 0.0 s
IsSatellite
1557 0.0 s
1561 0.0 s
1562 0.0 s
1566 0.0 s
1569 0.0 s
1573 0.0 s
1578 0.0 s
1579 0.0 s
1580 0.0 s
1582 0.0 s
1583 0.0 s
1584 0.0 s
1585 0.0 s
1586 0.0 s
1588 0.0 s
RadiusEqualZero
1590 0.0 s
1593 0.0 s
1595 0.0 s
1596 0.0 s
IsSatellite
1600 0.0 s
1601 0.0 s
1602 0.0 s
1605 0.0 s
1608 0.0 s
1610 0.0 s
1613 0.0 s
1616 0.0 s
1618 0.0 s
1620 0.0 s
1621 0.0 s
1623 1.1795706221684298e+16 s
1624 0.0 s
1625 0.0 s
1626 0.0 s
1628 0.0 s
1630 0.0 s
1631 0.0 s
1632 0.0 s
1633 0.0 s
1635 2.1951848538603616e+16 s
1637 0.0 s
1639 0.0 s
1642 0.0 s
1643 0.0 s
1644 0.0 s
1645 0.0 s
1646 0.0 s
1647 0.0 s
1651 0.0 s
1653 0.0 s
1654 0.0 s
1656 0.0 s
1658 0.0 s
1660 0.0 s
1661 0.0 s
1663 0.0 s
1667 0.0 s
1669 0.0 s
1670 0.0 s
1671 0.0 s
1673 0.0 s
1674 0.0 s
1676 0.0 s
IsSatellite
1680 0.0 s
1684 0.0 s
IsSatellite
1689 0.0 s
1690 0.0 s
IsSatellite
1694 0.0 s
1697 0.0 s
1698 0.0 s
1699 0.0 s
1701 0.0 s
1702 0.0 s
1703 0.0 s
1704 0.0 s
1705 0.0 s
1706 0.0 s
1707 0.0 s
1710 0.0 s
1711 0.0 s
1712 0.0 s
1714 0.0 s
1715 0.0 s
1716 0.0 s
IsSatellite
1720 0.0 s
1722 0.0 s
1724 0.0 s
1725 0.0 s
1726 0.0 s
1727 0.0 s
1728 0.0 s
1730 0.0 s
RadiusEqualZero
1732 0.0 s
1733 0.0 s
IsSatellite
1738 0.0 s
1739 0.0 s
1741 0.0 s
1742 0.0 s
1744 0.0 s
1745 0.0 s
1746 4535359620091914.0 s
1747 0.0 s
RadiusEqualZero
1750 0.0 s
1751 0.0 s
1752 1.832502306503565e+16 s
1753 0.0 s
1754 0.0 s
IsSatellite
1758 0.0 s
1761 0.0 s
1763 0.0 s
1764 0.0 s
1765 0.0 s
IsSatellite
1767 0.0 s
1768 0.0 s
1770 0.0 s
1772 0.0 s
1776 0.0 s
1777 0.0 s
1778 0.0 s
1779 0.0 s
1781 0.0 s
1783 0.0 s
1786 0.0 s
1787 0.0 s
1789 0.0 s
1790 0.0 s
1791 0.0 s
1795 0.0 s
1798 0.0 s
1799 0.0 s
1801 0.0 s
1802 0.0 s
1803 0.0 s
1804 0.0 s
1805 0.0 s
1806 0.0 s
1807 0.0 s
1808 1.5184410045744548e+16 s
1810 0.0 s
1813 0.0 s
1814 0.0 s
1817 0.0 s
1820 0.0 s
1821 0.0 s
1822 0.0 s
1823 0.0 s
1824 0.0 s
1825 0.0 s
1827 0.0 s
1830 0.0 s
IsSatellite
1832 0.0 s
1834 0.0 s
1836 0.0 s
1837 0.0 s
1838 0.0 s
1839 0.0 s
1842 0.0 s
1843 0.0 s
1844 0.0 s
1845 0.0 s
1847 0.0 s
1848 0.0 s
1849 0.0 s
1851 0.0 s
1854 0.0 s
1855 0.0 s
1856 0.0 s
1858 0.0 s
1859 0.0 s
IsSatellite
1861 0.0 s
1863 0.0 s
1864 0.0 s
1865 0.0 s
1869 0.0 s
1870 0.0 s
1873 0.0 s
1874 0.0 s
1875 0.0 s
1876 0.0 s
1880 0.0 s
1882 1.8729280158457256e+16 s
1885 0.0 s
IsSatellite
1889 0.0 s
1891 0.0 s
1892 0.0 s
1893 0.0 s
1894 0.0 s
1895 0.0 s
1896 0.0 s
1897 0.0 s
1899 0.0 s
1902 0.0 s
1903 0.0 s
1905 0.0 s
1907 0.0 s
1908 0.0 s
1909 0.0 s
1910 0.0 s
1912 0.0 s
IsSatellite
1915 0.0 s
1918 0.0 s
1921 0.0 s
1922 0.0 s
1924 0.0 s
1929 0.0 s
IsSatellite
1931 0.0 s
1933 0.0 s
1934 0.0 s
1935 0.0 s
1938 0.0 s
1939 0.0 s
IsSatellite
IsSatellite
1944 0.0 s
1946 0.0 s
1950 0.0 s
1954 0.0 s
1955 0.0 s
1956 0.0 s
1957 0.0 s
1958 0.0 s
1960 0.0 s
1961 0.0 s
1962 0.0 s
1968 0.0 s
1970 0.0 s
1971 0.0 s
1972 0.0 s
1975 0.0 s
1976 0.0 s
1979 0.0 s
1981 0.0 s
1983 0.0 s
1985 0.0 s
1986 0.0 s
IsSatellite
1989 0.0 s
1990 0.0 s
1991 0.0 s
1993 0.0 s
1994 0.0 s
1998 0.0 s
2002 0.0 s
2003 0.0 s
IsSatellite
2006 0.0 s
2007 0.0 s
2008 0.0 s
2013 0.0 s
2014 0.0 s
2018 0.0 s
2019 0.0 s
IsSatellite
2021 0.0 s
2022 0.0 s
2025 0.0 s
2028 0.0 s
2029 0.0 s
2031 0.0 s
IsSatellite
2033 0.0 s
2040 0.0 s
2041 0.0 s
IsSatellite
2044 1.2818125027271024e+16 s
2045 0.0 s
2046 0.0 s
2047 0.0 s
2048 0.0 s
2050 0.0 s
IsSatellite
2052 0.0 s
2054 0.0 s
2056 0.0 s
2057 0.0 s
2059 0.0 s
2060 0.0 s
2061 0.0 s
2062 0.0 s
2063 0.0 s
2064 0.0 s
2065 0.0 s
2068 0.0 s
2069 0.0 s
2070 0.0 s
2071 0.0 s
2072 0.0 s
2073 0.0 s
2074 0.0 s
2075 0.0 s
2076 0.0 s
2078 0.0 s
2079 0.0 s
2080 0.0 s
2082 0.0 s
2084 0.0 s
2085 0.0 s
2086 0.0 s
2087 0.0 s
2089 0.0 s
2091 0.0 s
2094 0.0 s
2095 0.0 s
2096 0.0 s
2097 0.0 s
2098 0.0 s
2101 0.0 s
2102 0.0 s
2103 0.0 s
2104 0.0 s
IsSatellite
2107 0.0 s
2109 0.0 s
2110 0.0 s
2112 0.0 s
2113 0.0 s
2114 0.0 s
2115 0.0 s
2117 0.0 s
2118 0.0 s
2120 0.0 s
2123 0.0 s
2124 0.0 s
2125 2.3053296872665508e+16 s
2127 0.0 s
IsSatellite
2129 0.0 s
IsSatellite
2134 0.0 s
2135 0.0 s
2136 0.0 s
2138 0.0 s
2139 0.0 s
2141 0.0 s
2142 0.0 s
2144 0.0 s
2146 0.0 s
IsSatellite
2149 0.0 s
2150 0.0 s
2153 0.0 s
IsSatellite
2155 0.0 s
2160 0.0 s
IsSatellite
2170 0.0 s
2171 0.0 s
2173 0.0 s
2175 0.0 s
2177 0.0 s
2178 0.0 s
2180 0.0 s
2181 0.0 s
2182 0.0 s
2183 0.0 s
2187 0.0 s
2190 0.0 s
2191 0.0 s
2193 0.0 s
2195 0.0 s
2200 0.0 s
IsSatellite
2204 0.0 s
2206 0.0 s
2207 0.0 s
2208 0.0 s
2210 0.0 s
2213 0.0 s
IsSatellite
2216 0.0 s
2217 0.0 s
2219 0.0 s
2221 0.0 s
2222 0.0 s
2223 0.0 s
2225 0.0 s
2227 0.0 s
2229 0.0 s
2230 0.0 s
IsSatellite
2233 0.0 s
2234 0.0 s
2236 0.0 s
2237 0.0 s
2238 0.0 s
2239 0.0 s
2243 0.0 s
2244 0.0 s
2248 0.0 s
IsSatellite
2250 0.0 s
2251 0.0 s
2252 0.0 s
2253 0.0 s
2255 0.0 s
2256 0.0 s
2257 0.0 s
2258 0.0 s
2260 0.0 s
2261 0.0 s
2263 0.0 s
2264 0.0 s
2265 0.0 s
IsSatellite
2268 0.0 s
2269 0.0 s
2270 0.0 s
2271 0.0 s
2273 0.0 s
IsSatellite
2275 0.0 s
2280 0.0 s
2284 0.0 s
2286 0.0 s
2288 0.0 s
2289 0.0 s
2291 0.0 s
2294 0.0 s
2298 0.0 s
2299 0.0 s
2303 0.0 s
2308 0.0 s
2310 0.0 s
2311 0.0 s
2313 0.0 s
2314 0.0 s
IsSatellite
2320 0.0 s
2321 0.0 s
2322 0.0 s
2323 0.0 s
2324 0.0 s
2326 0.0 s
2329 0.0 s
2331 0.0 s
2332 0.0 s
2333 0.0 s
IsSatellite
2337 0.0 s
2338 0.0 s
IsSatellite
2342 0.0 s
2343 0.0 s
2345 0.0 s
2346 0.0 s
2349 0.0 s
2350 0.0 s
2351 0.0 s
2352 0.0 s
2353 0.0 s
2355 0.0 s
2356 0.0 s
2357 0.0 s
2359 0.0 s
2360 0.0 s
2363 0.0 s
2364 0.0 s
2365 0.0 s
2368 0.0 s
2369 0.0 s
2373 2.231247162680504e+16 s
2375 0.0 s
2378 0.0 s
2380 0.0 s
2381 0.0 s
2384 0.0 s
2385 0.0 s
2386 0.0 s
2388 0.0 s
2389 0.0 s
2390 0.0 s
2394 0.0 s
2396 0.0 s
2399 0.0 s
2400 0.0 s
2403 0.0 s
2405 0.0 s
2406 0.0 s
2407 0.0 s
2410 0.0 s
2413 0.0 s
2414 0.0 s
IsSatellite
2416 0.0 s
2417 0.0 s
2419 0.0 s
2421 0.0 s
2422 0.0 s
2423 0.0 s
2424 0.0 s
2425 0.0 s
2426 0.0 s
2427 0.0 s
2429 0.0 s
2430 0.0 s
2436 0.0 s
2437 0.0 s
2438 0.0 s
2441 0.0 s
2442 0.0 s
2445 0.0 s
2447 0.0 s
2448 0.0 s
2449 0.0 s
2450 0.0 s
2451 0.0 s
2452 0.0 s
2455 0.0 s
2457 0.0 s
2458 0.0 s
2460 0.0 s
2462 0.0 s
2463 0.0 s
2465 0.0 s
2466 0.0 s
2468 0.0 s
2469 0.0 s
2471 0.0 s
2472 0.0 s
2475 0.0 s
2477 0.0 s
2478 0.0 s
2480 0.0 s
2482 0.0 s
2483 0.0 s
2485 0.0 s
2486 0.0 s
2487 0.0 s
2488 0.0 s
2489 0.0 s
2490 0.0 s
2491 0.0 s
2496 0.0 s
2498 0.0 s
2499 0.0 s
2500 0.0 s
2501 0.0 s
IsSatellite
2506 0.0 s
2507 0.0 s
2508 0.0 s
2509 0.0 s
2510 0.0 s
2511 0.0 s
2512 0.0 s
2513 0.0 s
2515 0.0 s
2516 0.0 s
2518 0.0 s
IsSatellite
2521 0.0 s
2522 0.0 s
IsSatellite
IsSatellite
2529 0.0 s
2530 0.0 s
2532 0.0 s
2534 0.0 s
2535 0.0 s
2536 0.0 s
2537 0.0 s
2538 0.0 s
2539 0.0 s
2540 0.0 s
IsSatellite
2542 0.0 s
2543 0.0 s
2545 0.0 s
2546 0.0 s
2549 0.0 s
2551 0.0 s
IsSatellite
2553 0.0 s
2555 0.0 s
2556 0.0 s
2557 0.0 s
2559 0.0 s
IsSatellite
2562 0.0 s
2563 0.0 s
2564 0.0 s
2566 0.0 s
2567 0.0 s
2569 0.0 s
2570 0.0 s
2573 0.0 s
2575 0.0 s
2576 0.0 s
2577 0.0 s
2578 0.0 s
2580 0.0 s
2581 0.0 s
2588 0.0 s
2589 0.0 s
2590 0.0 s
2591 0.0 s
RadiusEqualZero
2593 0.0 s
2594 0.0 s
2595 0.0 s
2597 0.0 s
2599 0.0 s
2600 0.0 s
2601 0.0 s
2602 0.0 s
2604 0.0 s
2606 0.0 s
IsSatellite
2610 0.0 s
2611 0.0 s
2612 0.0 s
2613 0.0 s
2617 0.0 s
2620 0.0 s
2624 0.0 s
2625 0.0 s
IsSatellite
2627 0.0 s
2628 0.0 s
2629 0.0 s
2630 0.0 s
2631 0.0 s
2634 0.0 s
2637 0.0 s
2639 0.0 s
2643 0.0 s
2644 0.0 s
2645 0.0 s
2647 0.0 s
IsSatellite
2650 0.0 s
2651 0.0 s
2653 0.0 s
2654 0.0 s
2657 0.0 s
2660 0.0 s
2662 0.0 s
2664 0.0 s
2665 0.0 s
2668 0.0 s
2669 0.0 s
2672 0.0 s
2673 0.0 s
2675 0.0 s
2679 0.0 s
2680 0.0 s
2683 0.0 s
2684 0.0 s
2685 0.0 s
2686 0.0 s
2687 0.0 s
2688 0.0 s
2689 0.0 s
2691 0.0 s
2692 8272307142141598.0 s
IsSatellite
2694 0.0 s
2695 0.0 s
2696 0.0 s
2699 0.0 s
2701 0.0 s
2702 0.0 s
2703 0.0 s
2705 0.0 s
IsSatellite
2709 0.0 s
2710 0.0 s
2711 0.0 s
2715 0.0 s
2716 0.0 s
2717 0.0 s
2719 0.0 s
2720 0.0 s
2721 0.0 s
2723 0.0 s
2724 0.0 s
2725 0.0 s
2726 0.0 s
2727 0.0 s
2728 0.0 s
2729 0.0 s
2730 0.0 s
2731 0.0 s
2732 0.0 s
2733 0.0 s
2735 0.0 s
2736 0.0 s
2737 0.0 s
2738 0.0 s
2740 0.0 s
2744 0.0 s
2745 0.0 s
2747 0.0 s
2750 0.0 s
2751 0.0 s
2752 0.0 s
2753 0.0 s
2756 0.0 s
2757 0.0 s
2759 0.0 s
2760 0.0 s
2761 0.0 s
2762 0.0 s
2765 0.0 s
2766 0.0 s
2767 0.0 s
2768 0.0 s
2769 0.0 s
RadiusEqualZero
2772 0.0 s
2773 0.0 s
2774 0.0 s
2775 0.0 s
2778 0.0 s
IsSatellite
2780 0.0 s
2784 0.0 s
2785 0.0 s
2786 0.0 s
2787 0.0 s
IsSatellite
2791 0.0 s
2793 0.0 s
2794 0.0 s
2796 0.0 s
2798 0.0 s
2799 0.0 s
2801 0.0 s
2802 0.0 s
2805 0.0 s
2807 0.0 s
2810 0.0 s
2812 0.0 s
2813 0.0 s
2814 0.0 s
2815 0.0 s
2816 0.0 s
2817 0.0 s
2818 0.0 s
2819 0.0 s
IsSatellite
2823 0.0 s
2825 0.0 s
2829 0.0 s
IsSatellite
IsSatellite
2834 0.0 s
2835 0.0 s
2837 0.0 s
2838 0.0 s
2839 0.0 s
2840 0.0 s
2844 0.0 s
2845 0.0 s
IsSatellite
2848 0.0 s
2849 0.0 s
2850 0.0 s
2852 0.0 s
2853 0.0 s
2856 0.0 s
2860 0.0 s
IsSatellite
2863 0.0 s
2865 0.0 s
2866 0.0 s
2867 0.0 s
2869 0.0 s
2871 0.0 s
2873 0.0 s
2874 0.0 s
2876 0.0 s
2877 0.0 s
2878 0.0 s
2880 0.0 s
2881 0.0 s
IsSatellite
2886 0.0 s
2887 0.0 s
2888 0.0 s
2890 0.0 s
2891 0.0 s
2892 0.0 s
2893 0.0 s
2894 0.0 s
2895 0.0 s
2898 0.0 s
2900 0.0 s
2901 0.0 s
2904 0.0 s
2905 0.0 s
2909 0.0 s
2910 0.0 s
IsSatellite
2912 0.0 s
2913 0.0 s
2914 0.0 s
2916 0.0 s
2917 0.0 s
2920 0.0 s
2921 0.0 s
2922 0.0 s
2924 0.0 s
2925 0.0 s
2926 0.0 s
2928 0.0 s
2929 0.0 s
2930 0.0 s
2933 0.0 s
2935 0.0 s
IsSatellite
2937 0.0 s
2938 0.0 s
2940 0.0 s
2941 0.0 s
2944 0.0 s
2945 0.0 s
2947 0.0 s
2948 0.0 s
2950 0.0 s
2951 0.0 s
2952 0.0 s
2953 0.0 s
2954 0.0 s
2955 0.0 s
2957 0.0 s
2961 0.0 s
2962 0.0 s
2963 0.0 s
2964 0.0 s
IsSatellite
IsSatellite
2970 0.0 s
2971 0.0 s
2973 2.4078479785622064e+16 s
2975 0.0 s
2976 0.0 s
2977 0.0 s
IsSatellite
2979 0.0 s
2983 0.0 s
2985 0.0 s
2986 0.0 s
IsSatellite
2989 0.0 s
2990 0.0 s
2993 0.0 s
IsSatellite
2996 0.0 s
2998 0.0 s
2999 0.0 s
123AllDone123
