yt : [INFO     ] 2017-07-27 10:58:45,782 Parameters: current_time              = 4.93026188837e+16
yt : [INFO     ] 2017-07-27 10:58:45,782 Parameters: domain_dimensions         = [2 2 2]
yt : [INFO     ] 2017-07-27 10:58:45,783 Parameters: domain_left_edge          = [ 0.  0.  0.]
yt : [INFO     ] 2017-07-27 10:58:45,783 Parameters: domain_right_edge         = [  2.67042630e+25   2.67042630e+25   2.67042630e+25]
yt : [INFO     ] 2017-07-27 10:58:45,784 Parameters: cosmological_simulation   = 1
yt : [INFO     ] 2017-07-27 10:58:45,784 Parameters: current_redshift          = 3.99999998167
yt : [INFO     ] 2017-07-27 10:58:45,784 Parameters: omega_lambda              = 0.712
yt : [INFO     ] 2017-07-27 10:58:45,784 Parameters: omega_matter              = 0.288
yt : [INFO     ] 2017-07-27 10:58:45,784 Parameters: hubble_constant           = 0.6933
yt : [INFO     ] 2017-07-27 10:58:45,895 Parameters: current_time              = 207.43449500999
yt : [INFO     ] 2017-07-27 10:58:45,896 Parameters: domain_dimensions         = [128 128 128]
yt : [INFO     ] 2017-07-27 10:58:45,896 Parameters: domain_left_edge          = [ 0.  0.  0.]
yt : [INFO     ] 2017-07-27 10:58:45,897 Parameters: domain_right_edge         = [ 1.  1.  1.]
yt : [INFO     ] 2017-07-27 10:58:45,897 Parameters: cosmological_simulation   = 1
yt : [INFO     ] 2017-07-27 10:58:45,897 Parameters: current_redshift          = 3.9999999816689
yt : [INFO     ] 2017-07-27 10:58:45,897 Parameters: omega_lambda              = 0.712
yt : [INFO     ] 2017-07-27 10:58:45,897 Parameters: omega_matter              = 0.288
yt : [INFO     ] 2017-07-27 10:58:45,897 Parameters: hubble_constant           = 0.6933
yt : [INFO     ] 2017-07-27 10:58:45,901 Allocating for 8.352e+03 particles (index particle type 'all')
yt : [INFO     ] 2017-07-27 10:58:45,907 Identified 2.889e+03 octs
IsSatellite
IsSatellite
72 9.28991710415667 solMass / solMass
IsSatellite
IsSatellite
78 1.676448692521973 solMass / solMass
IsSatellite
IsSatellite
IsSatellite
IsSatellite
IsSatellite
94 3.2330093165551457 solMass / solMass
99 4.4366865846144865 solMass / solMass
101 3.7534750992637287 solMass / solMass
IsSatellite
107 4.522254481295617 solMass / solMass
108 4.691462387985942 solMass / solMass
IsSatellite
IsSatellite
116 45.94673008979492 solMass / solMass
118 1.3935012460673444 solMass / solMass
121 5.294312794895817 solMass / solMass
138 57.91209288191099 solMass / solMass
141 3.7392240870514466 solMass / solMass
142 2.543116042428827 solMass / solMass
IsSatellite
147 6.119579557280179 solMass / solMass
154 5.30429143567995 solMass / solMass
155 3.1939836706235925 solMass / solMass
156 1.2028463430099987 solMass / solMass
158 5.7774055065404255 solMass / solMass
159 1.6493062373801195 solMass / solMass
160 4.1144917936680905 solMass / solMass
162 10.283220949169149 solMass / solMass
163 3.831758606423644 solMass / solMass
IsSatellite
167 8.105208012027878 solMass / solMass
169 6.129075790591473 solMass / solMass
170 6.304208385266903 solMass / solMass
171 0.9195824947992465 solMass / solMass
172 25.039891961841438 solMass / solMass
175 60.083948466458175 solMass / solMass
180 11.613143217101749 solMass / solMass
IsSatellite
191 2.8973764015870103 solMass / solMass
195 8.550840024460866 solMass / solMass
197 89.19190583150491 solMass / solMass
198 18.329365149756516 solMass / solMass
199 9.32933375276756 solMass / solMass
201 10.651416296117434 solMass / solMass
204 14.102563465255889 solMass / solMass
207 2.046246534686633 solMass / solMass
208 6.483332116112044 solMass / solMass
209 51.02517165818846 solMass / solMass
210 31.157356512670475 solMass / solMass
211 38.12736781498543 solMass / solMass
212 4.608478846645929 solMass / solMass
214 30.89304350990471 solMass / solMass
215 2.102797241882608 solMass / solMass
216 30.19192740247696 solMass / solMass
217 15.496405830124612 solMass / solMass
220 45.075889667733605 solMass / solMass
IsSatellite
223 5.116518104924445 solMass / solMass
225 15.560799656825846 solMass / solMass
226 43.05747725895009 solMass / solMass
228 28.501312373234196 solMass / solMass
229 10.71583882474971 solMass / solMass
232 17.310004690202472 solMass / solMass
236 6.580824351129237 solMass / solMass
237 3.242968962196826 solMass / solMass
241 8.112499698670822 solMass / solMass
243 14.543288329174077 solMass / solMass
244 24.72487001362946 solMass / solMass
246 6.540791453654507 solMass / solMass
247 8.020837415070124 solMass / solMass
248 7.23552060499654 solMass / solMass
249 21.19400287856787 solMass / solMass
251 108.9555152331946 solMass / solMass
252 84.53782956937003 solMass / solMass
255 14.73482710885761 solMass / solMass
257 12.126411493410254 solMass / solMass
258 164.57226798425202 solMass / solMass
259 123.41654623791436 solMass / solMass
261 16.10023898902721 solMass / solMass
262 16.91016857127702 solMass / solMass
264 3.828019077141912 solMass / solMass
265 162.6872377406468 solMass / solMass
266 30.683728406101785 solMass / solMass
267 6.819359246436903 solMass / solMass
268 21.27941096061319 solMass / solMass
269 3.1706141299730124 solMass / solMass
273 13.003363122173127 solMass / solMass
274 1.7926400885191334 solMass / solMass
275 64.27593225828039 solMass / solMass
279 30.465360728255295 solMass / solMass
280 5.694933614518439 solMass / solMass
282 3.164943574971213 solMass / solMass
287 5.864812504915949 solMass / solMass
289 144.10942333909517 solMass / solMass
290 4.55470810867044 solMass / solMass
291 20.252004719888216 solMass / solMass
292 9.990937151769181 solMass / solMass
293 9.554270525153829 solMass / solMass
296 68.57052260804618 solMass / solMass
299 29.75442318505228 solMass / solMass
300 58.07451433103782 solMass / solMass
301 215.23033054877004 solMass / solMass
302 5.685945524449767 solMass / solMass
305 78.5829522649254 solMass / solMass
308 64.43325787454077 solMass / solMass
310 7.498160430291254 solMass / solMass
313 59.61328674556329 solMass / solMass
316 8.429520690132856 solMass / solMass
318 1.3312964566055814 solMass / solMass
321 4.620900038328184 solMass / solMass
322 10.553392653969892 solMass / solMass
324 7.47631839283943 solMass / solMass
326 16.829961229175986 solMass / solMass
329 44.28378428024239 solMass / solMass
330 57.87528907671249 solMass / solMass
332 4.085903102931323 solMass / solMass
336 27.798422077191148 solMass / solMass
338 5.035393596989812 solMass / solMass
340 12.30869160550754 solMass / solMass
343 244.48498892287589 solMass / solMass
344 6.3820559407346 solMass / solMass
348 119.80079846141584 solMass / solMass
351 30.44514980650727 solMass / solMass
354 203.16394723844076 solMass / solMass
355 8.11299152517474 solMass / solMass
358 44.204154601249854 solMass / solMass
360 41.751140907818055 solMass / solMass
363 53.966606978587 solMass / solMass
364 184.09439262978313 solMass / solMass
368 26.203088586267263 solMass / solMass
372 142.33081902963315 solMass / solMass
374 32.321022494292485 solMass / solMass
378 151.9896490390171 solMass / solMass
381 28.853214975033204 solMass / solMass
382 7.057237636908033 solMass / solMass
383 40.23505207493757 solMass / solMass
384 189.18741890466399 solMass / solMass
398 339.6466828494671 solMass / solMass
401 35.166114874111365 solMass / solMass
403 33.65268842749779 solMass / solMass
405 96.32727413263414 solMass / solMass
406 20.574538706912165 solMass / solMass
408 15.46104800970226 solMass / solMass
410 26.316492890508197 solMass / solMass
411 7.2932529846045355 solMass / solMass
413 23.067322563028267 solMass / solMass
414 14.189201381840164 solMass / solMass
416 11.337100067015479 solMass / solMass
417 71.23972524768942 solMass / solMass
418 7.88265103301801 solMass / solMass
419 61.583311142834404 solMass / solMass
422 5.759505734757212 solMass / solMass
423 8.36374895304405 solMass / solMass
424 17.1647996060441 solMass / solMass
426 41.37374601040654 solMass / solMass
428 35.360314426953 solMass / solMass
429 100.60162767924955 solMass / solMass
431 41.71126314614322 solMass / solMass
432 16.134545348912642 solMass / solMass
437 35.560697086256134 solMass / solMass
438 6.892275514162067 solMass / solMass
439 5.415495032038543 solMass / solMass
442 82.95064721961715 solMass / solMass
443 9.883810947367902 solMass / solMass
444 125.7973053090672 solMass / solMass
445 33.031341603708526 solMass / solMass
448 51.086361708357934 solMass / solMass
449 16.797066250209216 solMass / solMass
451 5.975714617679056 solMass / solMass
452 8.053594005291018 solMass / solMass
454 6.297198395050683 solMass / solMass
457 3.0909916415159024 solMass / solMass
459 407.38641381213023 solMass / solMass
460 41.56271308525831 solMass / solMass
461 97.49732277662292 solMass / solMass
464 119.72786478191274 solMass / solMass
469 29.65839376429538 solMass / solMass
470 26.368507679840643 solMass / solMass
472 58.89312147370575 solMass / solMass
473 18.61127401901321 solMass / solMass
474 99.83217578877546 solMass / solMass
475 17.12440600823108 solMass / solMass
476 32.15556944617544 solMass / solMass
478 29.97427495294731 solMass / solMass
479 115.65948939497493 solMass / solMass
480 8.269868208772705 solMass / solMass
481 71.64832679750216 solMass / solMass
484 51.6975225235319 solMass / solMass
486 15.315707044304588 solMass / solMass
487 33.04537400999452 solMass / solMass
489 12.156452177707147 solMass / solMass
493 18.30188077024393 solMass / solMass
494 43.05605901531646 solMass / solMass
496 11.008665149595144 solMass / solMass
498 45.48138195145588 solMass / solMass
501 32.986862355872034 solMass / solMass
502 204.14956382733115 solMass / solMass
503 146.1578983408885 solMass / solMass
504 7.652806850501644 solMass / solMass
507 45.28069892303389 solMass / solMass
508 31.85180640841338 solMass / solMass
511 14.123887592531025 solMass / solMass
514 14.521122520581475 solMass / solMass
515 96.88180196339853 solMass / solMass
517 6.170248704725822 solMass / solMass
518 168.05508545199717 solMass / solMass
519 471.6421439483404 solMass / solMass
523 215.11610973634956 solMass / solMass
524 40.84575299607558 solMass / solMass
525 25.58024227908253 solMass / solMass
526 38.0692408374305 solMass / solMass
527 67.08800930420381 solMass / solMass
529 17.904915415459676 solMass / solMass
IsSatellite
534 136.4570094504267 solMass / solMass
535 42.18643615217116 solMass / solMass
536 54.35038367883579 solMass / solMass
537 11.66308645387616 solMass / solMass
540 63.43813534588555 solMass / solMass
542 3.241867610198282 solMass / solMass
545 103.68797559458925 solMass / solMass
549 29.239793602887044 solMass / solMass
553 43.796117172608575 solMass / solMass
554 32.33681828104757 solMass / solMass
555 35.25793836788582 solMass / solMass
559 12.191755224421057 solMass / solMass
560 86.49029864647663 solMass / solMass
561 19.958508243156963 solMass / solMass
562 209.613582744104 solMass / solMass
563 3.883663786388567 solMass / solMass
566 175.0705887297722 solMass / solMass
567 361.6965049454094 solMass / solMass
569 83.97203424444335 solMass / solMass
572 1.091582390293383 solMass / solMass
573 128.82099465367233 solMass / solMass
575 17.705083645420824 solMass / solMass
578 154.03214957583228 solMass / solMass
579 9.559484480214266 solMass / solMass
IsSatellite
585 27.56522027052143 solMass / solMass
586 5.233777980210412 solMass / solMass
587 83.66626890697206 solMass / solMass
588 56.41090195786021 solMass / solMass
591 2.786520236687373 solMass / solMass
595 141.8855023455228 solMass / solMass
597 192.31327373682453 solMass / solMass
599 292.97026730320346 solMass / solMass
602 63.79310472702649 solMass / solMass
604 106.16431245229529 solMass / solMass
606 11.858866989771634 solMass / solMass
612 236.67216378559246 solMass / solMass
613 5.903055398062339 solMass / solMass
614 8.380763193765016 solMass / solMass
617 704.5555331056472 solMass / solMass
619 133.82190806908488 solMass / solMass
622 24.535924234733773 solMass / solMass
623 56.75902701667609 solMass / solMass
624 84.17458936413617 solMass / solMass
627 5.811610439118362 solMass / solMass
628 27.211848263613042 solMass / solMass
629 1.659792664004721 solMass / solMass
631 224.38071067110104 solMass / solMass
632 20.40645244497643 solMass / solMass
634 53.49582295201281 solMass / solMass
635 178.4063678941543 solMass / solMass
638 89.84412425872651 solMass / solMass
IsSatellite
641 417.6230385244449 solMass / solMass
IsSatellite
643 81.51423253424501 solMass / solMass
645 14.834740225025387 solMass / solMass
646 16.726895689960386 solMass / solMass
647 30.094086463027114 solMass / solMass
649 39.79229790447285 solMass / solMass
650 143.78897288347707 solMass / solMass
651 152.8566215133067 solMass / solMass
652 115.81170887854846 solMass / solMass
653 73.5154792464384 solMass / solMass
654 38.37539768363774 solMass / solMass
659 59.91628263571774 solMass / solMass
660 54.45389239708149 solMass / solMass
661 13.913022869391515 solMass / solMass
662 39.780178243445754 solMass / solMass
665 81.33127375213603 solMass / solMass
667 31.720333540438446 solMass / solMass
670 168.55674556828956 solMass / solMass
674 524.3514197811164 solMass / solMass
676 93.24887466737862 solMass / solMass
677 306.8506760498245 solMass / solMass
679 577.3709865211482 solMass / solMass
680 24.62558163829609 solMass / solMass
683 81.88683219334666 solMass / solMass
687 17.591722696822593 solMass / solMass
688 19.8437864758439 solMass / solMass
689 104.08079274658898 solMass / solMass
690 344.4176765360019 solMass / solMass
IsSatellite
692 67.64717039751685 solMass / solMass
694 4984.7052992300105 solMass / solMass
696 32.01322367219457 solMass / solMass
697 92.98387307438517 solMass / solMass
698 84.86427235993361 solMass / solMass
703 1519.3433598463662 solMass / solMass
704 109.87865243280915 solMass / solMass
705 4.005250912151183 solMass / solMass
707 75.88662322747462 solMass / solMass
710 74.12623979637623 solMass / solMass
711 18.872035407084425 solMass / solMass
714 98.01495274158434 solMass / solMass
717 84.45894918659823 solMass / solMass
718 115.91357065557936 solMass / solMass
IsSatellite
720 31.75536337638412 solMass / solMass
721 399.20300738196 solMass / solMass
722 16.637115057042518 solMass / solMass
723 126.56436846884412 solMass / solMass
724 89.82910475646719 solMass / solMass
732 52.19227776321759 solMass / solMass
738 26.778410282145785 solMass / solMass
IsSatellite
740 11.68702067620631 solMass / solMass
742 97.58184819941503 solMass / solMass
744 217.44628900926043 solMass / solMass
745 750.4352277826247 solMass / solMass
746 44.1530205233097 solMass / solMass
747 656.2262878614422 solMass / solMass
749 36.943314167140755 solMass / solMass
750 35.162731188551774 solMass / solMass
751 299.8618363440774 solMass / solMass
752 230.3970186420386 solMass / solMass
753 148.2728640244079 solMass / solMass
755 21.292140307774492 solMass / solMass
756 91.54752378150495 solMass / solMass
757 23.807231533686835 solMass / solMass
758 106.95903316274752 solMass / solMass
759 117.15810367399507 solMass / solMass
764 20.58081760686593 solMass / solMass
IsSatellite
770 260.38639293135685 solMass / solMass
772 4.585609343210537 solMass / solMass
775 35.43670141702948 solMass / solMass
776 16.872877196756374 solMass / solMass
779 71.52284360110238 solMass / solMass
781 29.756824701553246 solMass / solMass
782 57.92307069040738 solMass / solMass
785 88.05286748317207 solMass / solMass
786 147.81573031676183 solMass / solMass
788 168.48711242865878 solMass / solMass
789 120.1762022646607 solMass / solMass
790 64.97978159017633 solMass / solMass
794 117.58558298172527 solMass / solMass
795 188.31961481348495 solMass / solMass
796 96.37672797971042 solMass / solMass
799 87.39036853162919 solMass / solMass
803 80.69720211545574 solMass / solMass
807 26.829834457192234 solMass / solMass
808 53.5054828050906 solMass / solMass
809 51.47137614359547 solMass / solMass
810 480.1039997855502 solMass / solMass
812 114.88011975563934 solMass / solMass
814 244.64838912941886 solMass / solMass
815 13.31505020075645 solMass / solMass
816 222.07869878430503 solMass / solMass
817 47.756266797843274 solMass / solMass
818 149.45121606943096 solMass / solMass
820 109.54643625398019 solMass / solMass
822 49.28784492314287 solMass / solMass
824 45.169842028132386 solMass / solMass
827 1202.237950971238 solMass / solMass
828 66.36663205120229 solMass / solMass
829 250.47930550870566 solMass / solMass
832 27.727145145588512 solMass / solMass
833 28.533637095207784 solMass / solMass
835 19.648337493492793 solMass / solMass
836 5.404470776292802 solMass / solMass
841 97.38914295117941 solMass / solMass
843 49.69461953621432 solMass / solMass
845 198.96954582531043 solMass / solMass
846 149.50837248434593 solMass / solMass
847 44.64656349814926 solMass / solMass
848 5.672205138298339 solMass / solMass
849 619.4437958876164 solMass / solMass
850 183.36436512285366 solMass / solMass
851 12.555151448082782 solMass / solMass
853 491.4948190743881 solMass / solMass
856 121.20120667059427 solMass / solMass
857 55.95464620611042 solMass / solMass
860 83.264197898035 solMass / solMass
862 85.43173895019808 solMass / solMass
863 1.3309505444721739 solMass / solMass
864 16.18064746523151 solMass / solMass
865 29.643041834899506 solMass / solMass
866 24.302714650816462 solMass / solMass
868 44.82962385423874 solMass / solMass
870 241.1953762086997 solMass / solMass
873 50.34901223617798 solMass / solMass
874 19.798683260511602 solMass / solMass
875 407.318951892725 solMass / solMass
876 120.98705123673948 solMass / solMass
879 0.0 solMass / solMass
880 119.1798091951587 solMass / solMass
882 92.50995307946769 solMass / solMass
883 47.07629954328849 solMass / solMass
887 5.635298197570659 solMass / solMass
889 15.190126576087776 solMass / solMass
890 26.552861299150738 solMass / solMass
891 27.135011993013073 solMass / solMass
892 26.528707751568685 solMass / solMass
894 22.11339048846599 solMass / solMass
895 27.9929715950552 solMass / solMass
899 128.13013872613791 solMass / solMass
905 150.96247193549738 solMass / solMass
906 394.93512781223257 solMass / solMass
911 50.68813737017947 solMass / solMass
913 28.48491162720602 solMass / solMass
914 111.35480592704394 solMass / solMass
915 420.35414407580157 solMass / solMass
916 156.56193767955514 solMass / solMass
919 17.69438647902896 solMass / solMass
920 23.50399152632794 solMass / solMass
IsSatellite
928 41.90126647348542 solMass / solMass
929 286.9296947168557 solMass / solMass
933 134.32844258405842 solMass / solMass
934 300.51226271308514 solMass / solMass
936 141.58006125318417 solMass / solMass
938 499.5864006035355 solMass / solMass
941 52.14164476373985 solMass / solMass
942 34.51902666215647 solMass / solMass
943 19.594894589517125 solMass / solMass
944 454.8141039280552 solMass / solMass
946 100.479637596042 solMass / solMass
947 101.73273860119593 solMass / solMass
IsSatellite
952 43.00507859440827 solMass / solMass
954 72.06639661139982 solMass / solMass
956 292.5773444141868 solMass / solMass
959 32.206153203957115 solMass / solMass
961 0.0 solMass / solMass
962 212.58264348274855 solMass / solMass
965 20.19204143753639 solMass / solMass
966 404.5896081637267 solMass / solMass
967 8.013072282498772 solMass / solMass
968 132.12723553758107 solMass / solMass
971 100.09044915715523 solMass / solMass
973 336.53139289073994 solMass / solMass
974 171.94149784019766 solMass / solMass
975 255.80796611329907 solMass / solMass
978 219.69659478700825 solMass / solMass
980 61.82588433104913 solMass / solMass
981 69.14598740078664 solMass / solMass
984 19.507684320106655 solMass / solMass
987 59.717326070274765 solMass / solMass
990 39.73510893873368 solMass / solMass
991 195.78787756078668 solMass / solMass
993 77.54812848649014 solMass / solMass
995 152.01407884636188 solMass / solMass
997 435.06223754669185 solMass / solMass
998 150.38455425840158 solMass / solMass
1000 505.5267595075488 solMass / solMass
1001 107.01399468888489 solMass / solMass
1002 527.9842465421575 solMass / solMass
1003 67.00316393619023 solMass / solMass
1005 116.75378084077329 solMass / solMass
1007 1107.7902542341396 solMass / solMass
1009 116.63170026560343 solMass / solMass
1010 37.840838333215665 solMass / solMass
IsSatellite
1014 724.6922785868608 solMass / solMass
1015 36.622185582072014 solMass / solMass
1016 322.22071903360114 solMass / solMass
IsSatellite
1019 63.45219625984515 solMass / solMass
1020 329.4518040675755 solMass / solMass
1021 51.47023092641575 solMass / solMass
1022 443.225363299927 solMass / solMass
1027 141.71052074886555 solMass / solMass
1028 396.5103863395738 solMass / solMass
1029 52.66299872649468 solMass / solMass
1030 153.92283724834513 solMass / solMass
1032 412.93983374040357 solMass / solMass
1033 25.37431523483628 solMass / solMass
1035 42.74456615522926 solMass / solMass
1036 127.01781679016032 solMass / solMass
1037 187.53511457963577 solMass / solMass
1040 13.788418394186547 solMass / solMass
1042 759.0765625627855 solMass / solMass
1044 122.720124866378 solMass / solMass
1045 77.4245112069128 solMass / solMass
1046 424.2623884434354 solMass / solMass
1047 314.8119530227507 solMass / solMass
1049 544.3424144303891 solMass / solMass
1055 477.8606004726546 solMass / solMass
1056 78.33978109101757 solMass / solMass
1057 611.9683647502015 solMass / solMass
1059 117.64139551242593 solMass / solMass
1060 1623.9928387937925 solMass / solMass
1061 68.4680075950638 solMass / solMass
1062 148.24890365448792 solMass / solMass
1065 152.67404988911363 solMass / solMass
1067 178.7129784328014 solMass / solMass
1069 47.14531502672008 solMass / solMass
1070 515.7127272855664 solMass / solMass
1074 1521.2291249564091 solMass / solMass
1075 45.4794505684391 solMass / solMass
1077 3.7344844113220166 solMass / solMass
1078 422.19137136218086 solMass / solMass
1079 3.9683387308100437 solMass / solMass
1080 125.35402321740563 solMass / solMass
1081 1348.157242513212 solMass / solMass
1083 10.414338475427767 solMass / solMass
1084 38.27323993681702 solMass / solMass
1087 356.74464396041236 solMass / solMass
IsSatellite
1089 30.626435694039106 solMass / solMass
1090 28.367211608339787 solMass / solMass
1091 101.63000881939136 solMass / solMass
1094 66.55551981446045 solMass / solMass
1095 24.39965668301851 solMass / solMass
1096 588.7663105155615 solMass / solMass
1097 261.8825809651812 solMass / solMass
1098 17.422144790333128 solMass / solMass
1105 112.79143399065173 solMass / solMass
1106 12.278320247104 solMass / solMass
1109 137.439094597859 solMass / solMass
1110 61.65075673310908 solMass / solMass
1113 1.7165467956907494 solMass / solMass
1114 416.0302882054819 solMass / solMass
1115 83.84794658899541 solMass / solMass
IsSatellite
1117 114.6913390963871 solMass / solMass
1118 12.649691725484134 solMass / solMass
1120 67.95897801806167 solMass / solMass
1121 217.78423857061657 solMass / solMass
1124 22.63263231438429 solMass / solMass
1129 50.623608072086725 solMass / solMass
1130 40.57104436783765 solMass / solMass
1131 540.9377225563655 solMass / solMass
1136 155.19500411463352 solMass / solMass
1142 127.91115351352664 solMass / solMass
1145 18.911646339497423 solMass / solMass
1146 43.969543031601496 solMass / solMass
1148 163.62110790668066 solMass / solMass
1149 40.653795999094 solMass / solMass
1151 8.49481908305272 solMass / solMass
1153 39.47704614512715 solMass / solMass
1154 108.20666744621572 solMass / solMass
1155 88.62991139301117 solMass / solMass
1157 379.8902057766057 solMass / solMass
IsSatellite
1159 27.696165302041983 solMass / solMass
1160 1732.2833136181914 solMass / solMass
1161 32.76387855110778 solMass / solMass
1163 602.1668436940962 solMass / solMass
1165 14.301208913149885 solMass / solMass
1167 521.4081304236485 solMass / solMass
1172 188.979172583611 solMass / solMass
1174 198.87098215605013 solMass / solMass
1175 94.5256152062259 solMass / solMass
1176 574.2611169850821 solMass / solMass
1177 81.51077770773749 solMass / solMass
1178 4.178869836463176 solMass / solMass
IsSatellite
1186 20.28690591269311 solMass / solMass
1187 160.75568191076644 solMass / solMass
1189 103.36833789368305 solMass / solMass
1191 164.53326111215242 solMass / solMass
IsSatellite
IsSatellite
1199 50.61708044225308 solMass / solMass
1200 47.69822337598234 solMass / solMass
1201 33.45030661556392 solMass / solMass
1203 249.08883866042598 solMass / solMass
1204 31.13425096008864 solMass / solMass
1206 815.8651643664409 solMass / solMass
1209 120.95660704407338 solMass / solMass
1210 21.969791063545454 solMass / solMass
1211 1183.1053304588454 solMass / solMass
1214 453.2976450958221 solMass / solMass
1215 234.30249633952064 solMass / solMass
1217 1183.007031652948 solMass / solMass
1218 263.346743281134 solMass / solMass
1219 126.68261665617779 solMass / solMass
1220 739.7973874113666 solMass / solMass
1221 375.1974200545181 solMass / solMass
1222 56.82562639449134 solMass / solMass
1223 56.99379167425247 solMass / solMass
1224 74.60898183691879 solMass / solMass
1228 582.1331782102885 solMass / solMass
1230 26.28316996354305 solMass / solMass
1231 183.2775540822091 solMass / solMass
1233 691.4701677764983 solMass / solMass
1236 582.4776336351664 solMass / solMass
1237 156.6227094258308 solMass / solMass
1240 57.76549568780712 solMass / solMass
IsSatellite
1243 1.3536677769759744 solMass / solMass
1245 175.45690040527342 solMass / solMass
IsSatellite
1247 7.959646717698762 solMass / solMass
1249 45.16954453866103 solMass / solMass
IsSatellite
1255 932.8496036443846 solMass / solMass
1256 260.70981023621925 solMass / solMass
1257 164.27255483389646 solMass / solMass
1259 97.53453190839195 solMass / solMass
1260 62.92914392148332 solMass / solMass
1263 62.3074845595511 solMass / solMass
1266 1672.2783298212698 solMass / solMass
1268 171.0936073206649 solMass / solMass
1269 5.0963242869112575 solMass / solMass
1270 37.49595445080614 solMass / solMass
1274 213.5069810307991 solMass / solMass
1275 14.345719010629464 solMass / solMass
1276 1358.8638534614172 solMass / solMass
1278 19.253750838986548 solMass / solMass
1279 174.2397174499425 solMass / solMass
1280 105.22956149798226 solMass / solMass
1284 555.5998398525813 solMass / solMass
1285 206.94114700655243 solMass / solMass
1286 140.97541011178944 solMass / solMass
1287 69.89634620788628 solMass / solMass
1288 28.49806460753804 solMass / solMass
IsSatellite
1290 171.2525062745591 solMass / solMass
1291 583.3908683798511 solMass / solMass
1293 176.82747854825234 solMass / solMass
1296 606.8958666962822 solMass / solMass
1297 93.56160385811738 solMass / solMass
1298 97.31202417612059 solMass / solMass
1299 36.89286623526178 solMass / solMass
1300 329.69553196346544 solMass / solMass
1302 359.19181045353827 solMass / solMass
1304 219.46460448478473 solMass / solMass
IsSatellite
1309 99.36319368988708 solMass / solMass
1310 308.47395508416804 solMass / solMass
1311 57.41364552248609 solMass / solMass
1313 39.84654833236483 solMass / solMass
1316 519.4637764243864 solMass / solMass
IsSatellite
1318 133.18882757834294 solMass / solMass
1319 186.07155343337746 solMass / solMass
1320 463.3395471525845 solMass / solMass
1324 643.904983271233 solMass / solMass
1327 94.32290535961594 solMass / solMass
1328 1299.1789208712726 solMass / solMass
1330 200.5351953705779 solMass / solMass
1331 202.22458167789003 solMass / solMass
1332 2151.475657448537 solMass / solMass
1333 103.1009376753243 solMass / solMass
1334 132.85245334827692 solMass / solMass
1337 30.11280132408006 solMass / solMass
1338 896.7932738685969 solMass / solMass
1341 39.75801445551858 solMass / solMass
1342 114.39596341656105 solMass / solMass
1345 947.6729318333934 solMass / solMass
1346 410.87141055350787 solMass / solMass
1347 1720.5528732050475 solMass / solMass
1348 208.69983070910286 solMass / solMass
1349 236.55757314114186 solMass / solMass
1350 105.54487838989336 solMass / solMass
1351 40.05956957786773 solMass / solMass
1353 64.78744620258458 solMass / solMass
1354 136.3475962261745 solMass / solMass
1356 242.79928807637006 solMass / solMass
1357 167.85743844249313 solMass / solMass
1363 589.671837813471 solMass / solMass
1364 190.0127417849399 solMass / solMass
1365 204.68167486882308 solMass / solMass
1366 890.345929243228 solMass / solMass
1367 65.65271339610177 solMass / solMass
1368 35.6073181061665 solMass / solMass
1369 159.01031601100178 solMass / solMass
1371 85.52346757099487 solMass / solMass
1372 84.67607837611648 solMass / solMass
1374 52.29938544998749 solMass / solMass
1375 29.815886073012244 solMass / solMass
1381 31.071237109033852 solMass / solMass
1383 199.87106262576225 solMass / solMass
1384 1.0929886803131619 solMass / solMass
1386 66.57726136266164 solMass / solMass
1387 299.5472610571951 solMass / solMass
1388 282.82548336947207 solMass / solMass
1389 65.9228378479829 solMass / solMass
IsSatellite
1391 720.838284059644 solMass / solMass
1392 121.82493142644928 solMass / solMass
1393 48.45673113917878 solMass / solMass
1395 92.72731740715444 solMass / solMass
1397 152.33530559444335 solMass / solMass
1398 1429.8661577508226 solMass / solMass
1400 68.39497547223087 solMass / solMass
1404 42.46229865631811 solMass / solMass
1405 68.08243814005256 solMass / solMass
HaloMassEqualZero
1408 207.8582975539882 solMass / solMass
1409 498.8863563130469 solMass / solMass
IsSatellite
1413 176.05078732407932 solMass / solMass
1417 646.2681617322729 solMass / solMass
1418 106.23281064929738 solMass / solMass
1419 234.32325111230057 solMass / solMass
1420 80.32364198222274 solMass / solMass
1421 37.42467459770678 solMass / solMass
1422 43.75385346057696 solMass / solMass
1423 9.779302791291776 solMass / solMass
1424 848.4906028419572 solMass / solMass
1426 718.1806400758493 solMass / solMass
1427 1729.6607867083555 solMass / solMass
1430 179.3931824974864 solMass / solMass
1433 75.18379086921067 solMass / solMass
1434 594.8116377103211 solMass / solMass
1435 831.5202775886688 solMass / solMass
1437 206.93692273464896 solMass / solMass
1438 531.8623407734694 solMass / solMass
1440 50.43078179446727 solMass / solMass
1441 185.96139581797055 solMass / solMass
1442 58.476305661287974 solMass / solMass
1443 155.2511102321891 solMass / solMass
1445 200.6880322667529 solMass / solMass
1448 81.36119737743292 solMass / solMass
1449 164.5633421376099 solMass / solMass
1456 3100.3570965521417 solMass / solMass
1458 237.40620353393794 solMass / solMass
1459 278.5246364454676 solMass / solMass
1461 34.83630346481066 solMass / solMass
IsSatellite
1464 48.9240405683147 solMass / solMass
1465 8.388429087851987 solMass / solMass
1466 129.91574296992394 solMass / solMass
1470 565.3217859161542 solMass / solMass
1473 17.061627317134985 solMass / solMass
1474 74.89873732174668 solMass / solMass
1478 100.1739182754369 solMass / solMass
1479 26.939986747712286 solMass / solMass
1480 280.0788414878823 solMass / solMass
1481 273.81836124896245 solMass / solMass
1484 63.12499660866572 solMass / solMass
1485 112.19671595079171 solMass / solMass
1487 248.8409163318606 solMass / solMass
1488 724.81440170043 solMass / solMass
1494 2253.150558387622 solMass / solMass
1496 180.15834664718722 solMass / solMass
1497 200.71934559992974 solMass / solMass
1498 39.04155639611652 solMass / solMass
1499 753.1286912897617 solMass / solMass
1500 416.090619322534 solMass / solMass
1501 1823.3275973414015 solMass / solMass
1504 189.3381222477718 solMass / solMass
IsSatellite
1506 16.34699766295207 solMass / solMass
1507 122.18422471739251 solMass / solMass
1508 20.710256054352072 solMass / solMass
1509 77.4651858354208 solMass / solMass
1510 241.60352588179873 solMass / solMass
1511 255.98964989091542 solMass / solMass
1513 107.32295030855946 solMass / solMass
1514 314.6675720015349 solMass / solMass
1515 145.82160847847322 solMass / solMass
1516 347.36293578272955 solMass / solMass
1517 286.502843507351 solMass / solMass
1519 497.48976804429077 solMass / solMass
1520 100.40885859744861 solMass / solMass
1524 604.7570601454131 solMass / solMass
1525 9.998182969624576 solMass / solMass
1527 39.195022860842236 solMass / solMass
1528 67.93367438258791 solMass / solMass
1529 136.06610959442008 solMass / solMass
1530 302.98665076493796 solMass / solMass
1531 940.3175474904701 solMass / solMass
1532 82.55283707225894 solMass / solMass
1536 49.44578191817381 solMass / solMass
1537 83.46423383547321 solMass / solMass
1541 81.59696032610542 solMass / solMass
1542 3.74531042717291 solMass / solMass
1544 136.37944320173003 solMass / solMass
1545 37.22126045318288 solMass / solMass
1546 292.4205602998333 solMass / solMass
1548 51.61880364516178 solMass / solMass
1549 22.57229325857517 solMass / solMass
1550 246.53156414408934 solMass / solMass
1552 371.90265912659845 solMass / solMass
IsSatellite
1557 190.09374338492165 solMass / solMass
1561 225.14082429046508 solMass / solMass
1562 703.6711834668471 solMass / solMass
1566 231.4384091583504 solMass / solMass
1569 385.6262937995212 solMass / solMass
1573 47.96224746195362 solMass / solMass
1578 1002.2858516345618 solMass / solMass
1579 91.8308223111909 solMass / solMass
1580 25.07944412185363 solMass / solMass
1582 545.149830788844 solMass / solMass
1583 169.45271599565305 solMass / solMass
1584 94.69373694854998 solMass / solMass
1585 669.8882801731775 solMass / solMass
1586 5.431741678925802 solMass / solMass
1588 647.2961384992708 solMass / solMass
HaloMassEqualZero
1590 1975.1424193802845 solMass / solMass
1593 320.93787604039454 solMass / solMass
1595 90.52761031927362 solMass / solMass
1596 166.02445637012937 solMass / solMass
IsSatellite
1600 15.158729337102606 solMass / solMass
1601 331.4692635287645 solMass / solMass
1602 185.6912332496025 solMass / solMass
1605 247.39752640503178 solMass / solMass
1608 6.353197054014219 solMass / solMass
1610 409.1606505691426 solMass / solMass
1613 215.673365793698 solMass / solMass
1616 71.72191019237115 solMass / solMass
1618 691.6080713822048 solMass / solMass
1620 46.29853437576552 solMass / solMass
1621 3205.888469473202 solMass / solMass
1623 268.2893545875415 solMass / solMass
1624 539.1552511982082 solMass / solMass
1625 224.08734904844027 solMass / solMass
1626 643.4450301985643 solMass / solMass
1628 17.99516705085159 solMass / solMass
1630 156.35575727888045 solMass / solMass
1631 407.96096322931976 solMass / solMass
1632 1741.5505259259953 solMass / solMass
1633 51.003584236117874 solMass / solMass
1635 270.1180850249713 solMass / solMass
1637 732.2267806593 solMass / solMass
1639 285.3069384967948 solMass / solMass
1642 914.1922786723453 solMass / solMass
1643 72.89883608229903 solMass / solMass
1644 79.1939748994572 solMass / solMass
1645 636.0006911537498 solMass / solMass
1646 13.691558059968797 solMass / solMass
1647 8.087380153650704 solMass / solMass
1651 76.89233644744195 solMass / solMass
1653 25.296568085002054 solMass / solMass
1654 153.8756506498935 solMass / solMass
1656 245.53980927582745 solMass / solMass
1658 327.0885930777239 solMass / solMass
1660 1453.1268354405245 solMass / solMass
1661 3669.2084378807617 solMass / solMass
1663 303.474793085459 solMass / solMass
1667 391.36473300236844 solMass / solMass
1669 783.5735119601824 solMass / solMass
1670 309.1019317533996 solMass / solMass
1671 44.678416216370316 solMass / solMass
1673 233.44054859261612 solMass / solMass
1674 398.06463130758004 solMass / solMass
1676 1436.8341857374066 solMass / solMass
IsSatellite
1680 22.791146131954722 solMass / solMass
1684 459.22300600750924 solMass / solMass
IsSatellite
1689 44.32545956212106 solMass / solMass
1690 81.4808637477153 solMass / solMass
IsSatellite
1694 331.13243930733927 solMass / solMass
1697 272.9745808899102 solMass / solMass
1698 374.31505223649725 solMass / solMass
1699 50.16774373412729 solMass / solMass
1701 470.1055886984422 solMass / solMass
1702 9.267356579073757 solMass / solMass
1703 97.77899064250083 solMass / solMass
1704 247.31466993298227 solMass / solMass
1705 8.682261683705443 solMass / solMass
1706 37.91157721934669 solMass / solMass
1707 1395.132255961112 solMass / solMass
1710 144.30638608229327 solMass / solMass
1711 253.18913483049946 solMass / solMass
1712 50.6508689382053 solMass / solMass
1714 698.2854525321649 solMass / solMass
1715 107.84916138682745 solMass / solMass
1716 120.22978513493491 solMass / solMass
IsSatellite
1720 232.57448503007816 solMass / solMass
1722 1271.6853162346033 solMass / solMass
1724 8.221667661022257 solMass / solMass
1725 70.20843810846148 solMass / solMass
1726 146.15042610247065 solMass / solMass
1727 75.7396867415327 solMass / solMass
1728 58.110372367843176 solMass / solMass
1730 488.50738091101056 solMass / solMass
HaloMassEqualZero
1732 90.00024803771771 solMass / solMass
1733 11.266725082856695 solMass / solMass
IsSatellite
1738 1168.4293591762616 solMass / solMass
1739 205.2156704775914 solMass / solMass
1741 10.02935061852115 solMass / solMass
1742 132.441695117668 solMass / solMass
1744 59.963046613367744 solMass / solMass
1745 75.7684214239034 solMass / solMass
1746 546.5480223796274 solMass / solMass
1747 850.0713284264008 solMass / solMass
HaloMassEqualZero
1750 341.69016223886257 solMass / solMass
1751 575.4149844922725 solMass / solMass
1752 3032.8087086488285 solMass / solMass
1753 280.51938874150613 solMass / solMass
1754 121.77593483153565 solMass / solMass
IsSatellite
1758 136.61299418959356 solMass / solMass
1761 103.73077082253731 solMass / solMass
1763 837.2385302090983 solMass / solMass
1764 129.3883146310332 solMass / solMass
1765 34.298790497649165 solMass / solMass
IsSatellite
1767 49.256669469257496 solMass / solMass
1768 11.56443580460563 solMass / solMass
1770 378.5243655912428 solMass / solMass
1772 55.316532597960276 solMass / solMass
1776 158.04491530439526 solMass / solMass
1777 75.15171350984109 solMass / solMass
1778 94.39218448253732 solMass / solMass
1779 323.5418409077544 solMass / solMass
1781 141.25667593718538 solMass / solMass
1783 1289.355219026615 solMass / solMass
1786 110.04546604656441 solMass / solMass
1787 930.8033294635438 solMass / solMass
1789 139.84310158380674 solMass / solMass
1790 2373.1839021428527 solMass / solMass
1791 52.6324235082923 solMass / solMass
1795 92.61929196979794 solMass / solMass
1798 116.50734218576864 solMass / solMass
1799 206.19853925341545 solMass / solMass
1801 667.8275410729149 solMass / solMass
1802 197.56282189612102 solMass / solMass
1803 393.23929551149047 solMass / solMass
1804 11.64112660564276 solMass / solMass
1805 95.54451431068676 solMass / solMass
1806 1732.677657087651 solMass / solMass
1807 34.086481155708114 solMass / solMass
1808 156.06089845916318 solMass / solMass
1810 670.2294664802016 solMass / solMass
1813 480.21564634576714 solMass / solMass
1814 212.40091918145913 solMass / solMass
1817 74.16095806088407 solMass / solMass
1820 342.3849091963699 solMass / solMass
1821 85.6019078953059 solMass / solMass
1822 175.95459361472945 solMass / solMass
1823 507.1535179134499 solMass / solMass
1824 502.7184280636921 solMass / solMass
1825 628.2688269813075 solMass / solMass
1827 50.92168240593409 solMass / solMass
1830 922.9420613160837 solMass / solMass
IsSatellite
1832 6.909268211828036 solMass / solMass
1834 3.6793962100293918 solMass / solMass
1836 310.07289820492804 solMass / solMass
1837 1036.55130576944 solMass / solMass
1838 1143.8443375479167 solMass / solMass
1839 479.0133397784079 solMass / solMass
1842 58.6192305242343 solMass / solMass
1843 270.59846334046665 solMass / solMass
1844 3.5360694874827803 solMass / solMass
1845 76.06336640471277 solMass / solMass
1847 2767.3998073133416 solMass / solMass
1848 4.385036028997323 solMass / solMass
1849 790.9027856298161 solMass / solMass
1851 3454.441274245469 solMass / solMass
1854 335.2078039383867 solMass / solMass
1855 110.15093219406484 solMass / solMass
1856 186.77024833750664 solMass / solMass
1858 720.591246885616 solMass / solMass
1859 373.14411109153133 solMass / solMass
IsSatellite
1861 326.18633280440383 solMass / solMass
1863 6.178711336010554 solMass / solMass
1864 12.23620893465798 solMass / solMass
1865 15.728414762302062 solMass / solMass
1869 82.63313240821127 solMass / solMass
1870 404.2476641280191 solMass / solMass
1873 58.86592977703279 solMass / solMass
1874 515.9638852109103 solMass / solMass
1875 92.01935634802764 solMass / solMass
1876 2163.0129251555527 solMass / solMass
1880 0.6539214261806385 solMass / solMass
1882 533.5554106201303 solMass / solMass
1885 855.7818447133595 solMass / solMass
IsSatellite
1889 230.03145700572617 solMass / solMass
1891 421.54169349839617 solMass / solMass
1892 1154.425754600054 solMass / solMass
1893 122.17274553279869 solMass / solMass
1894 56.44539555809293 solMass / solMass
1895 560.3443172672795 solMass / solMass
1896 1306.5318516341144 solMass / solMass
1897 536.9171980186298 solMass / solMass
1899 257.88192283345387 solMass / solMass
1902 6.284165849180542 solMass / solMass
1903 284.15673658566277 solMass / solMass
1905 337.71783094128307 solMass / solMass
1907 415.2564079928706 solMass / solMass
1908 265.40938801036174 solMass / solMass
1909 3078.0414596439236 solMass / solMass
1910 31.01751368236676 solMass / solMass
1912 85.9604085111531 solMass / solMass
IsSatellite
1915 147.78715111169936 solMass / solMass
1918 1266.295420350444 solMass / solMass
1921 928.6228389584096 solMass / solMass
1922 135.4066644043123 solMass / solMass
1924 88.50189085353438 solMass / solMass
1929 155.7808620863092 solMass / solMass
IsSatellite
1931 160.0541339401248 solMass / solMass
1933 308.86387508180775 solMass / solMass
1934 109.75268664945902 solMass / solMass
1935 383.04299338975846 solMass / solMass
1938 155.9895432080917 solMass / solMass
1939 262.33945671623314 solMass / solMass
IsSatellite
IsSatellite
1944 164.79920278724106 solMass / solMass
1946 1018.9771397340496 solMass / solMass
1950 28.592168295467477 solMass / solMass
1954 1361.2140254694923 solMass / solMass
1955 471.35739268905036 solMass / solMass
1956 52.616900761401574 solMass / solMass
1957 377.3785432209053 solMass / solMass
1958 477.8231114818753 solMass / solMass
1960 330.9180324187117 solMass / solMass
1961 291.86788153591 solMass / solMass
1962 149.37601454040777 solMass / solMass
1968 3570.2858948396815 solMass / solMass
1970 106.55652496805743 solMass / solMass
1971 13.441563475840686 solMass / solMass
1972 426.7865743845897 solMass / solMass
1975 250.942576232908 solMass / solMass
1976 87.46374395947848 solMass / solMass
1979 491.5227815127874 solMass / solMass
1981 1785.2879643617262 solMass / solMass
1983 285.3927930047202 solMass / solMass
1985 82.53981917785727 solMass / solMass
1986 58.66807283115103 solMass / solMass
IsSatellite
1989 112.16131338307545 solMass / solMass
1990 83.09568696684511 solMass / solMass
1991 356.99807925558326 solMass / solMass
1993 450.2362545235776 solMass / solMass
1994 133.6482676434072 solMass / solMass
1998 66.93495898747346 solMass / solMass
2002 541.7080825406424 solMass / solMass
2003 15.247343626043943 solMass / solMass
IsSatellite
2006 339.39150676385685 solMass / solMass
2007 194.7307298639752 solMass / solMass
2008 495.39872076683054 solMass / solMass
2013 363.6299516786076 solMass / solMass
2014 46.94867371994491 solMass / solMass
2018 2587.401955315511 solMass / solMass
2019 540.0261690359184 solMass / solMass
IsSatellite
2021 56.450977900743055 solMass / solMass
2022 3856.7359925338837 solMass / solMass
2025 591.6972547491769 solMass / solMass
2028 627.2772676538025 solMass / solMass
2029 11.104655268978735 solMass / solMass
2031 150.31865882032656 solMass / solMass
IsSatellite
2033 172.37079753037435 solMass / solMass
2040 6.570605619643934 solMass / solMass
2041 711.1975095820837 solMass / solMass
IsSatellite
2044 335.342366970317 solMass / solMass
2045 826.7979975534221 solMass / solMass
2046 502.951496571336 solMass / solMass
2047 3167.324423408942 solMass / solMass
2048 31.38997590128569 solMass / solMass
2050 2546.679953852893 solMass / solMass
IsSatellite
2052 737.2170613020935 solMass / solMass
2054 427.737884047015 solMass / solMass
2056 91.00625342878926 solMass / solMass
2057 18.983232304063012 solMass / solMass
2059 978.188490995765 solMass / solMass
2060 505.44729349787116 solMass / solMass
2061 81.83727727449498 solMass / solMass
2062 226.87132157100388 solMass / solMass
2063 0.6887678611738379 solMass / solMass
2064 166.79074986229554 solMass / solMass
2065 3068.324503915236 solMass / solMass
2068 1189.8679032322257 solMass / solMass
2069 8.051063785032587 solMass / solMass
2070 30.106831898129023 solMass / solMass
2071 3793.439778131616 solMass / solMass
2072 111.92558354096096 solMass / solMass
2073 78.97461909011496 solMass / solMass
2074 77.44216420409438 solMass / solMass
2075 398.45214616328064 solMass / solMass
2076 419.49134351652606 solMass / solMass
2078 97.5105473933206 solMass / solMass
2079 363.33190106836037 solMass / solMass
2080 367.2753362870014 solMass / solMass
2082 1715.1628796307132 solMass / solMass
2084 358.8294527642264 solMass / solMass
2085 121.70365518910592 solMass / solMass
2086 124.30940177112535 solMass / solMass
2087 769.7657027963621 solMass / solMass
2089 30203.402907848536 solMass / solMass
2091 14.051756012949907 solMass / solMass
2094 21.28949444231768 solMass / solMass
2095 98.60316509092786 solMass / solMass
2096 243.7732025652828 solMass / solMass
2097 571.1400649813073 solMass / solMass
2098 201.07561908592209 solMass / solMass
2101 298.2683641487873 solMass / solMass
2102 1663.9752365004686 solMass / solMass
2103 67.44265329899532 solMass / solMass
2104 315.2717028390749 solMass / solMass
IsSatellite
2107 375.27655335576884 solMass / solMass
2109 1636.1568885092179 solMass / solMass
2110 496.0776928801164 solMass / solMass
2112 16.87149851947269 solMass / solMass
2113 2454.5011893503206 solMass / solMass
2114 811.4734092964701 solMass / solMass
2115 1106.5737387412355 solMass / solMass
2117 1250.1897736047358 solMass / solMass
2118 20.813708653534803 solMass / solMass
2120 1196.0428700611578 solMass / solMass
2123 3763.192686138314 solMass / solMass
2124 103.10990938476978 solMass / solMass
2125 317.81193053298523 solMass / solMass
2127 359.2169651455293 solMass / solMass
IsSatellite
2129 652.7917637535944 solMass / solMass
IsSatellite
2134 459.06294016785523 solMass / solMass
2135 547.7154420378994 solMass / solMass
2136 55.76184190410805 solMass / solMass
2138 71.22738761507918 solMass / solMass
2139 271.53010699379695 solMass / solMass
2141 46.26425371498006 solMass / solMass
2142 55.57581465978302 solMass / solMass
2144 433.0872260165765 solMass / solMass
2146 735.8274606320155 solMass / solMass
IsSatellite
2149 88.50425626849515 solMass / solMass
2150 91.4067244780519 solMass / solMass
2153 144.21154731581888 solMass / solMass
IsSatellite
2155 204.48409639546128 solMass / solMass
2160 800.1232943208854 solMass / solMass
IsSatellite
2170 11.643127136112755 solMass / solMass
2171 633.4837350575177 solMass / solMass
2173 389.95125021397797 solMass / solMass
2175 232.22521470406218 solMass / solMass
2177 574.0693489511567 solMass / solMass
2178 844.0012279571031 solMass / solMass
2180 402.6821744644355 solMass / solMass
2181 720.4989969845816 solMass / solMass
2182 16.73429336512322 solMass / solMass
2183 1205.4403088374513 solMass / solMass
2187 8.642290838921388 solMass / solMass
2190 861.8094588006772 solMass / solMass
2191 550.6634952622783 solMass / solMass
2193 146.52875886495838 solMass / solMass
2195 337.19075524288064 solMass / solMass
2200 743.8995323515969 solMass / solMass
IsSatellite
2204 111.18616337541715 solMass / solMass
2206 78.82269797108084 solMass / solMass
2207 5198.092823673174 solMass / solMass
2208 646.5400570273886 solMass / solMass
2210 202.84861967296672 solMass / solMass
2213 745.84634973377 solMass / solMass
IsSatellite
2216 113.81174459368641 solMass / solMass
2217 771.8522712065493 solMass / solMass
2219 556.5251380013932 solMass / solMass
2221 3461.4528090322838 solMass / solMass
2222 91.48212124303613 solMass / solMass
2223 264.35233135037447 solMass / solMass
2225 197.60162950280503 solMass / solMass
2227 242.3398627607491 solMass / solMass
2229 393.417980720173 solMass / solMass
2230 345.3260333827642 solMass / solMass
IsSatellite
2233 53.008186526995566 solMass / solMass
2234 567.0102863999383 solMass / solMass
2236 41.14225115184254 solMass / solMass
2237 294.1726532628731 solMass / solMass
2238 117.46581173460339 solMass / solMass
2239 1279.28681733774 solMass / solMass
2243 306.56866363148754 solMass / solMass
2244 20.62350087011216 solMass / solMass
2248 1884.095604198068 solMass / solMass
IsSatellite
2250 19.61702829945466 solMass / solMass
2251 128.28369240889296 solMass / solMass
2252 3576.5731583653474 solMass / solMass
2253 578.6378714994923 solMass / solMass
2255 408.63006653541544 solMass / solMass
2256 2211.7539798149855 solMass / solMass
2257 427.71672430057345 solMass / solMass
2258 3.567591957262497 solMass / solMass
2260 629.9528472012611 solMass / solMass
2261 211.50253569464476 solMass / solMass
2263 976.9793303317095 solMass / solMass
2264 303.29993785510146 solMass / solMass
2265 35.36192382893808 solMass / solMass
IsSatellite
2268 114.10629028565452 solMass / solMass
2269 448.23026549389954 solMass / solMass
2270 1196.9414932581628 solMass / solMass
2271 576.4931557049636 solMass / solMass
2273 421.8518009274502 solMass / solMass
IsSatellite
2275 285.20091101473236 solMass / solMass
2280 2207.080333124249 solMass / solMass
2284 51.58242057658831 solMass / solMass
2286 2020.073962761076 solMass / solMass
2288 1281.3558001294764 solMass / solMass
2289 623.6625452329496 solMass / solMass
2291 18.906666096353554 solMass / solMass
2294 0.0 solMass / solMass
2298 4311.240452630899 solMass / solMass
2299 28.592490692716225 solMass / solMass
2303 1397.0170048034247 solMass / solMass
2308 4858.766907356636 solMass / solMass
2310 32.08577452974106 solMass / solMass
2311 12.404210866900808 solMass / solMass
2313 87.78449439681862 solMass / solMass
2314 65.06284124900446 solMass / solMass
IsSatellite
2320 765.1256268375766 solMass / solMass
2321 3.200646641104506 solMass / solMass
2322 663.0011371595357 solMass / solMass
2323 4988.576278924005 solMass / solMass
2324 2610.4324931801834 solMass / solMass
2326 78.57589023727603 solMass / solMass
2329 42.41482324199584 solMass / solMass
2331 22.77044623219317 solMass / solMass
2332 3917.6250120514474 solMass / solMass
2333 86.22001284909989 solMass / solMass
IsSatellite
2337 31.860181193837924 solMass / solMass
2338 139.68539644922348 solMass / solMass
IsSatellite
2342 440.6981631607065 solMass / solMass
2343 833.0708387042462 solMass / solMass
2345 60.88406060817827 solMass / solMass
2346 810.6870186287463 solMass / solMass
2349 581.9081606647266 solMass / solMass
2350 189.8853167507455 solMass / solMass
2351 113.67227808573048 solMass / solMass
2352 4249.1674312905025 solMass / solMass
2353 420.82533544486535 solMass / solMass
2355 542.7825242792736 solMass / solMass
2356 7.327019011732353 solMass / solMass
2357 216.18310804457815 solMass / solMass
2359 97.79749291518922 solMass / solMass
2360 1927.9417701828452 solMass / solMass
2363 413.1439318857331 solMass / solMass
2364 20.72408761071937 solMass / solMass
2365 4597.582343529783 solMass / solMass
2368 1192.545413924632 solMass / solMass
2369 313.9911090959637 solMass / solMass
2373 788.3249227868406 solMass / solMass
2375 413.4722554218264 solMass / solMass
2378 4324.396283572621 solMass / solMass
2380 92.79067512242246 solMass / solMass
2381 45.86143611706479 solMass / solMass
2384 535.3795271939593 solMass / solMass
2385 5.811083301233855 solMass / solMass
2386 416.3633277514593 solMass / solMass
2388 813.7662983197891 solMass / solMass
2389 160.4224955973392 solMass / solMass
2390 18.928249778409846 solMass / solMass
2394 286.1930012987006 solMass / solMass
2396 1045.4640894519096 solMass / solMass
2399 319.1389780052851 solMass / solMass
2400 282.2437685636549 solMass / solMass
2403 634.0174492366041 solMass / solMass
2405 1500.3877229830928 solMass / solMass
2406 188.83655400260497 solMass / solMass
2407 93.607162370229 solMass / solMass
2410 153.7310390630434 solMass / solMass
2413 0.0 solMass / solMass
2414 214.63638332723673 solMass / solMass
IsSatellite
2416 1472.6156182962968 solMass / solMass
2417 40.06732976822953 solMass / solMass
2419 83.65871775015569 solMass / solMass
2421 126.16691833058134 solMass / solMass
2422 30.51301752051487 solMass / solMass
2423 1984.1181051080164 solMass / solMass
2424 175.1051575283203 solMass / solMass
2425 321.5815099556721 solMass / solMass
2426 103.67466361020841 solMass / solMass
2427 2841.7839162425685 solMass / solMass
2429 598.8204904762323 solMass / solMass
2430 4689.73306685529 solMass / solMass
2436 303.54623926414297 solMass / solMass
2437 516.9456713057153 solMass / solMass
2438 5296.278828658978 solMass / solMass
2441 274.32100546908435 solMass / solMass
2442 558.0344759779799 solMass / solMass
2445 456.6354718975364 solMass / solMass
2447 23.154513662225302 solMass / solMass
2448 1550.621646841407 solMass / solMass
2449 413.6372268086214 solMass / solMass
2450 3664.891121364558 solMass / solMass
2451 118.95024708335316 solMass / solMass
2452 733.5403444359112 solMass / solMass
2455 52.27766759243392 solMass / solMass
2457 785.4828072003927 solMass / solMass
2458 322.3821689891081 solMass / solMass
2460 1310.9309625251162 solMass / solMass
2462 1464.1933030243545 solMass / solMass
2463 268.7943225688787 solMass / solMass
2465 1674.0320516835354 solMass / solMass
2466 747.9897555619356 solMass / solMass
2468 48.00097190985342 solMass / solMass
2469 589.7284369362626 solMass / solMass
2471 276.61667493447374 solMass / solMass
2472 1144.3522762842567 solMass / solMass
2475 287.78368808929963 solMass / solMass
2477 265.2385588983733 solMass / solMass
2478 77.01276284814769 solMass / solMass
2480 3022.717889933646 solMass / solMass
2482 1348.8871757042064 solMass / solMass
2483 432.609101070383 solMass / solMass
2485 144.20638822430365 solMass / solMass
2486 1700.7490502243045 solMass / solMass
2487 433.803144341969 solMass / solMass
2488 667.4504664283828 solMass / solMass
2489 239.5110937177769 solMass / solMass
2490 174.1408326468737 solMass / solMass
2491 86.36542679047467 solMass / solMass
2496 1550.5102098453622 solMass / solMass
2498 236.99898740833498 solMass / solMass
2499 0.9810707875672119 solMass / solMass
2500 463.0772681589768 solMass / solMass
2501 230.88254298274978 solMass / solMass
IsSatellite
2506 778.4353232155504 solMass / solMass
2507 457.21213363401364 solMass / solMass
2508 685.0968266861006 solMass / solMass
2509 74.16392975324366 solMass / solMass
2510 202.0322164683842 solMass / solMass
2511 586.0688870209937 solMass / solMass
2512 721.7745751805937 solMass / solMass
2513 910.2659349630542 solMass / solMass
2515 1270.048990182257 solMass / solMass
2516 930.0375646986411 solMass / solMass
2518 1733.3927977098056 solMass / solMass
IsSatellite
2521 33.290964908731496 solMass / solMass
2522 31.792000294172027 solMass / solMass
IsSatellite
IsSatellite
2529 181.18866727955682 solMass / solMass
2530 304.44087516345513 solMass / solMass
2532 228.19231234005505 solMass / solMass
2534 380.645759979567 solMass / solMass
2535 184.17605681518535 solMass / solMass
2536 74.79675303523575 solMass / solMass
2537 9368.350361725277 solMass / solMass
2538 44.855382021376855 solMass / solMass
2539 3008.8272286707343 solMass / solMass
2540 80.6295370369406 solMass / solMass
IsSatellite
2542 2395.8287255315345 solMass / solMass
2543 60.29566677788416 solMass / solMass
2545 658.8589675267403 solMass / solMass
2546 654.239578110266 solMass / solMass
2549 582.1261411474933 solMass / solMass
2551 395.64283357027466 solMass / solMass
IsSatellite
2553 1026.7779334582826 solMass / solMass
2555 412.3219329039996 solMass / solMass
2556 93.15562088096345 solMass / solMass
2557 1089.2492738495137 solMass / solMass
2559 706.6116291263581 solMass / solMass
IsSatellite
2562 644.1612159267194 solMass / solMass
2563 386.54869069911564 solMass / solMass
2564 843.3708661158373 solMass / solMass
2566 652.0799473682325 solMass / solMass
2567 604.0648087991251 solMass / solMass
2569 530.6636354770477 solMass / solMass
2570 2106.543198936003 solMass / solMass
2573 413.3842053867664 solMass / solMass
2575 740.4570975230075 solMass / solMass
2576 163.24222492822548 solMass / solMass
2577 166.34634225359653 solMass / solMass
2578 1835.2945362303299 solMass / solMass
2580 135.41438584278362 solMass / solMass
2581 41.9536256245409 solMass / solMass
2588 338.2812231486348 solMass / solMass
2589 0.5317603239539921 solMass / solMass
2590 165.9640386311407 solMass / solMass
2591 331.9855906732071 solMass / solMass
HaloMassEqualZero
2593 6.543253515387261 solMass / solMass
2594 127.92748758181314 solMass / solMass
2595 692.5311668267383 solMass / solMass
2597 17.535580199708455 solMass / solMass
2599 152.36444078815424 solMass / solMass
2600 345.1847365348154 solMass / solMass
2601 172.49728997396767 solMass / solMass
2602 30.464284306044483 solMass / solMass
2604 187.04369355649453 solMass / solMass
2606 52.2479606301803 solMass / solMass
IsSatellite
2610 942.0750921408085 solMass / solMass
2611 201.933667318066 solMass / solMass
2612 312.34176477748315 solMass / solMass
2613 1527.8228538894184 solMass / solMass
2617 1019.2668138494917 solMass / solMass
2620 60.77433301121442 solMass / solMass
2624 849.7003188642783 solMass / solMass
2625 3528.5693778621217 solMass / solMass
IsSatellite
2627 153.5139467906477 solMass / solMass
2628 402.7617568694167 solMass / solMass
2629 11.121074937660524 solMass / solMass
2630 346.83074860187116 solMass / solMass
2631 676.2387967780538 solMass / solMass
2634 238.96717434419125 solMass / solMass
2637 1560.4406818403372 solMass / solMass
2639 0.8484430611435452 solMass / solMass
2643 1735.8039891488704 solMass / solMass
2644 122.02552518680422 solMass / solMass
2645 456.9700353173672 solMass / solMass
2647 451.2934497468264 solMass / solMass
IsSatellite
2650 709.0403545882987 solMass / solMass
2651 168.36154425909555 solMass / solMass
2653 5475.401034663043 solMass / solMass
2654 3442.4640009514324 solMass / solMass
2657 226.58270706154164 solMass / solMass
2660 1218.482152912118 solMass / solMass
2662 28.385797217089767 solMass / solMass
2664 2435.3666546272248 solMass / solMass
2665 170.97557120077292 solMass / solMass
2668 768.3644328316473 solMass / solMass
2669 256.35943067536937 solMass / solMass
2672 224.18214659074368 solMass / solMass
2673 1901.774806599632 solMass / solMass
2675 424.06098320226096 solMass / solMass
2679 654.5530264361167 solMass / solMass
2680 323.51173180598107 solMass / solMass
2683 59.69653347839646 solMass / solMass
2684 494.61360923136914 solMass / solMass
2685 266.9267611065064 solMass / solMass
2686 18.30833939094773 solMass / solMass
2687 644.3384478057926 solMass / solMass
2688 20.156091094267577 solMass / solMass
2689 297.0052752398633 solMass / solMass
2691 1274.148549549772 solMass / solMass
2692 402.04106906237877 solMass / solMass
IsSatellite
2694 914.135476257859 solMass / solMass
2695 237.2633779260475 solMass / solMass
2696 6596.868779424703 solMass / solMass
2699 71.62614629943953 solMass / solMass
2701 0.0 solMass / solMass
2702 780.3498462247808 solMass / solMass
2703 74.9221918064363 solMass / solMass
2705 4449.8114647358725 solMass / solMass
IsSatellite
2709 4807.735263748595 solMass / solMass
2710 2094.977907483626 solMass / solMass
2711 601.1510417402269 solMass / solMass
2715 245.38284426992584 solMass / solMass
2716 56.46363443397399 solMass / solMass
2717 239.18365737500446 solMass / solMass
2719 732.715089792076 solMass / solMass
2720 665.3408876279353 solMass / solMass
2721 449.75194546454026 solMass / solMass
2723 580.8973516727843 solMass / solMass
2724 749.0483359632419 solMass / solMass
2725 7.284274675186351 solMass / solMass
2726 40163.688824021745 solMass / solMass
2727 425.309271001411 solMass / solMass
2728 217.1632410961405 solMass / solMass
2729 266.5828226943295 solMass / solMass
2730 20.809365380253237 solMass / solMass
2731 2227.7089199554075 solMass / solMass
2732 120.26524151893507 solMass / solMass
2733 687.5472921276161 solMass / solMass
2735 657.8913719916872 solMass / solMass
2736 1554.938720624328 solMass / solMass
2737 461.88552302833824 solMass / solMass
2738 450.65260123899145 solMass / solMass
2740 2344.470038255632 solMass / solMass
2744 24.444104474458836 solMass / solMass
2745 414.98179947135185 solMass / solMass
2747 1954.7065247946819 solMass / solMass
2750 7980.247724037141 solMass / solMass
2751 662.7391356828203 solMass / solMass
2752 371.1067380541299 solMass / solMass
2753 500.8968017856845 solMass / solMass
2756 228.69064395875478 solMass / solMass
2757 470.9687944363754 solMass / solMass
2759 1542.3579601977663 solMass / solMass
2760 421.01557888466 solMass / solMass
2761 796.9621665200241 solMass / solMass
2762 1048.0605245318245 solMass / solMass
2765 8.564063692281907 solMass / solMass
2766 56.82647373758313 solMass / solMass
2767 1665.195029601726 solMass / solMass
2768 105.78899320957213 solMass / solMass
2769 808.4699353481349 solMass / solMass
HaloMassEqualZero
2772 750.9152063774582 solMass / solMass
2773 1038.9064635276686 solMass / solMass
2774 125.45417713427395 solMass / solMass
2775 311.50652411539295 solMass / solMass
2778 472.9292233941901 solMass / solMass
IsSatellite
2780 34.900161434319074 solMass / solMass
2784 2911.497663851477 solMass / solMass
2785 876.6592179251792 solMass / solMass
2786 405.95362357146354 solMass / solMass
2787 98.50437350442573 solMass / solMass
IsSatellite
2791 99.07422931619253 solMass / solMass
2793 1815.7627679677314 solMass / solMass
2794 3213.731044849907 solMass / solMass
2796 564.6567034430687 solMass / solMass
2798 25.3718310202538 solMass / solMass
2799 6733.399878679397 solMass / solMass
2801 4985.416606579212 solMass / solMass
2802 2376.812806320568 solMass / solMass
2805 6166.587957677513 solMass / solMass
2807 1271.4290084078361 solMass / solMass
2810 7.11917756335563 solMass / solMass
2812 3912.3454021591356 solMass / solMass
2813 593.8589640984898 solMass / solMass
2814 11.474064715088828 solMass / solMass
2815 67.62365408462497 solMass / solMass
2816 351.3712943194692 solMass / solMass
2817 163.35198313220943 solMass / solMass
2818 90.52317990805977 solMass / solMass
2819 2947.7127418289074 solMass / solMass
IsSatellite
2823 616.1155014246692 solMass / solMass
2825 2136.309497363475 solMass / solMass
2829 35.94139633434491 solMass / solMass
IsSatellite
IsSatellite
2834 785.4355599358464 solMass / solMass
2835 204.57751976974566 solMass / solMass
2837 124.6037813455582 solMass / solMass
2838 1542.550551074745 solMass / solMass
2839 187.94203263633582 solMass / solMass
2840 6814.350663844073 solMass / solMass
2844 117.72883105200386 solMass / solMass
2845 180.15093447980155 solMass / solMass
IsSatellite
2848 153.2527409293205 solMass / solMass
2849 962.563790374513 solMass / solMass
2850 687.8242928271883 solMass / solMass
2852 53.37142456976484 solMass / solMass
2853 598.8147317432793 solMass / solMass
2856 1701.2213508516975 solMass / solMass
2860 782.795387426591 solMass / solMass
IsSatellite
2863 1518.348580500379 solMass / solMass
2865 233.44106300723442 solMass / solMass
2866 603.7446326568347 solMass / solMass
2867 3978.5243237716472 solMass / solMass
2869 2084.03342049785 solMass / solMass
2871 310.1815759048147 solMass / solMass
2873 596.4213536416994 solMass / solMass
2874 3.0591759451426714 solMass / solMass
2876 1061.208087343359 solMass / solMass
2877 6.12487832051093 solMass / solMass
2878 13.943139978100236 solMass / solMass
2880 870.3717823047033 solMass / solMass
2881 2009.0426813875756 solMass / solMass
IsSatellite
2886 252.36592156293617 solMass / solMass
2887 81.6486657326591 solMass / solMass
2888 1176.995278912264 solMass / solMass
2890 941.1134405216029 solMass / solMass
2891 2319.0328860885406 solMass / solMass
2892 2328.0846714609875 solMass / solMass
2893 337.7861414458411 solMass / solMass
2894 470.5167614816472 solMass / solMass
2895 706.9086943551574 solMass / solMass
2898 610.0136083551001 solMass / solMass
2900 2052.210559567096 solMass / solMass
2901 1871.3962312715125 solMass / solMass
2904 2633.2242327837894 solMass / solMass
2905 145.319253891407 solMass / solMass
2909 2246.7427568726907 solMass / solMass
2910 822.5600589958372 solMass / solMass
IsSatellite
2912 62.16245153736977 solMass / solMass
2913 2747.157509409214 solMass / solMass
2914 29.974027632993344 solMass / solMass
2916 892.3483727389707 solMass / solMass
2917 2358.262959352913 solMass / solMass
2920 35.37268537487042 solMass / solMass
2921 198.57641007511808 solMass / solMass
2922 480.5250678626771 solMass / solMass
2924 3814.7525949346063 solMass / solMass
2925 40.732971782624865 solMass / solMass
2926 800.4536624150711 solMass / solMass
2928 749.4279065718428 solMass / solMass
2929 3487.4874993435697 solMass / solMass
2930 87.58946012755528 solMass / solMass
2933 125.7961230573025 solMass / solMass
2935 516.5495158052177 solMass / solMass
IsSatellite
2937 187.7745522846277 solMass / solMass
2938 1308.8079065991915 solMass / solMass
2940 305.3891052427922 solMass / solMass
2941 148.28404377767444 solMass / solMass
2944 164.8432942206028 solMass / solMass
2945 491.56186712198695 solMass / solMass
2947 684.0065657282505 solMass / solMass
2948 1000.1655432825701 solMass / solMass
2950 1609.0627050156222 solMass / solMass
2951 1425.2901763507189 solMass / solMass
2952 128.43902041008818 solMass / solMass
2953 804.3208059064091 solMass / solMass
2954 671.2447095166386 solMass / solMass
2955 151.75032104850385 solMass / solMass
2957 1204.345552431693 solMass / solMass
2961 130.63231532349076 solMass / solMass
2962 533.033839344433 solMass / solMass
2963 206.5502844552438 solMass / solMass
2964 2447.2686308811967 solMass / solMass
IsSatellite
IsSatellite
2970 221.87477507135375 solMass / solMass
2971 33.93053125406091 solMass / solMass
2973 2335.0999230804296 solMass / solMass
2975 312.7258939465311 solMass / solMass
2976 751.3222710314385 solMass / solMass
2977 945.415256661762 solMass / solMass
IsSatellite
2979 2714.388984499577 solMass / solMass
2983 1206.2235894454766 solMass / solMass
2985 501.5243307244798 solMass / solMass
2986 3500.176385359546 solMass / solMass
IsSatellite
2989 62.07522121778079 solMass / solMass
2990 59.91848311435451 solMass / solMass
2993 510.60417296399316 solMass / solMass
IsSatellite
2996 654.5776687120401 solMass / solMass
2998 166.8607348875345 solMass / solMass
2999 3020.743966849792 solMass / solMass
123AllDone123
