yt : [INFO     ] 2017-07-27 16:40:21,554 Parameters: current_time              = 4.93026188837e+16
yt : [INFO     ] 2017-07-27 16:40:21,554 Parameters: domain_dimensions         = [2 2 2]
yt : [INFO     ] 2017-07-27 16:40:21,554 Parameters: domain_left_edge          = [ 0.  0.  0.]
yt : [INFO     ] 2017-07-27 16:40:21,555 Parameters: domain_right_edge         = [  2.67042630e+25   2.67042630e+25   2.67042630e+25]
yt : [INFO     ] 2017-07-27 16:40:21,555 Parameters: cosmological_simulation   = 1
yt : [INFO     ] 2017-07-27 16:40:21,555 Parameters: current_redshift          = 3.99999998167
yt : [INFO     ] 2017-07-27 16:40:21,555 Parameters: omega_lambda              = 0.712
yt : [INFO     ] 2017-07-27 16:40:21,555 Parameters: omega_matter              = 0.288
yt : [INFO     ] 2017-07-27 16:40:21,555 Parameters: hubble_constant           = 0.6933
yt : [INFO     ] 2017-07-27 16:40:21,660 Parameters: current_time              = 207.43449500999
yt : [INFO     ] 2017-07-27 16:40:21,661 Parameters: domain_dimensions         = [128 128 128]
yt : [INFO     ] 2017-07-27 16:40:21,661 Parameters: domain_left_edge          = [ 0.  0.  0.]
yt : [INFO     ] 2017-07-27 16:40:21,661 Parameters: domain_right_edge         = [ 1.  1.  1.]
yt : [INFO     ] 2017-07-27 16:40:21,662 Parameters: cosmological_simulation   = 1
yt : [INFO     ] 2017-07-27 16:40:21,662 Parameters: current_redshift          = 3.9999999816689
yt : [INFO     ] 2017-07-27 16:40:21,662 Parameters: omega_lambda              = 0.712
yt : [INFO     ] 2017-07-27 16:40:21,662 Parameters: omega_matter              = 0.288
yt : [INFO     ] 2017-07-27 16:40:21,662 Parameters: hubble_constant           = 0.6933
yt : [INFO     ] 2017-07-27 16:40:21,665 Allocating for 8.352e+03 particles (index particle type 'all')
yt : [INFO     ] 2017-07-27 16:40:21,670 Identified 2.889e+03 octs
StelMassEqualZero
StelMassEqualZero
Parsing Hierarchy :   0%|          | 0/38479 [00:00<?, ?it/s]Parsing Hierarchy :   2%|▏         | 859/38479 [00:00<00:04, 8586.88it/s]Parsing Hierarchy :   8%|▊         | 3146/38479 [00:00<00:02, 12871.72it/s]Parsing Hierarchy :  11%|█         | 4189/38479 [00:00<00:02, 12138.63it/s]Parsing Hierarchy :  17%|█▋        | 6435/38479 [00:00<00:02, 15233.73it/s]Parsing Hierarchy :  23%|██▎       | 8695/38479 [00:00<00:01, 17441.79it/s]Parsing Hierarchy :  28%|██▊       | 10958/38479 [00:00<00:01, 18995.70it/s]Parsing Hierarchy :  33%|███▎      | 12883/38479 [00:00<00:01, 17110.61it/s]Parsing Hierarchy :  39%|███▉      | 15130/38479 [00:00<00:01, 18717.10it/s]Parsing Hierarchy :  45%|████▌     | 17376/38479 [00:00<00:01, 19837.97it/s]Parsing Hierarchy :  51%|█████     | 19635/38479 [00:01<00:00, 20662.02it/s]Parsing Hierarchy :  57%|█████▋    | 21894/38479 [00:01<00:00, 21238.54it/s]Parsing Hierarchy :  63%|██████▎   | 24157/38479 [00:01<00:00, 21653.69it/s]Parsing Hierarchy :  68%|██████▊   | 26311/38479 [00:01<00:00, 18810.89it/s]Parsing Hierarchy :  74%|███████▍  | 28555/38479 [00:01<00:00, 19899.55it/s]Parsing Hierarchy :  80%|████████  | 30808/38479 [00:01<00:00, 20687.71it/s]Parsing Hierarchy :  86%|████████▌ | 33060/38479 [00:01<00:00, 21235.55it/s]Parsing Hierarchy :  92%|█████████▏| 35316/38479 [00:01<00:00, 21632.01it/s]Parsing Hierarchy :  98%|█████████▊| 37568/38479 [00:01<00:00, 21897.51it/s]Parsing Hierarchy : 100%|██████████| 38479/38479 [00:01<00:00, 19537.04it/s]
yt : [INFO     ] 2017-07-27 16:40:30,249 Gathering a field list (this may take a moment.)
break at:  3.13183137493
72 21.54990987055369 kpc 3.131831374934864 kpc 0.6315064272222196
StelMassEqualZero
StelMassEqualZero
break at:  2.82705896551
78 18.368867960633292 kpc 2.827058965507768 kpc 0.5774571199370118
StelMassEqualZero
StelMassEqualZero
StelMassEqualZero
StelMassEqualZero
StelMassEqualZero
break at:  2.5580978199
94 15.716315922607263 kpc 2.5580978198987014 kpc 0.891619800066578
break at:  1.71763733308
99 15.459544672214617 kpc 1.7176373330820842 kpc 0.7023575439500646
break at:  1.15575759696
101 15.194061125102719 kpc 1.1557575969621627 kpc 0.601375771469741
StelMassEqualZero
break at:  0.877066909344
107 14.568942132203105 kpc 0.8770669093437474 kpc 0.5057623445055729
break at:  1.12868182299
108 14.472433527900979 kpc 1.1286818229912117 kpc 0.6091015363219757
StelMassEqualZero
StelMassEqualZero
break at:  4.92653572262
116 13.468727756785539 kpc 4.926535722620053 kpc 0.9000481267429152
break at:  2.0673932195
118 13.72658542915282 kpc 2.067393219504589 kpc 0.5703617107865224
break at:  7.10864177865
121 13.307859063323553 kpc 7.108641778645718 kpc 0.6212504540709423
break at:  4.62858962863
138 12.452079509093112 kpc 4.628589628630815 kpc 0.5060094812932339
break at:  1.05105472421
141 12.503177922765374 kpc 1.0510547242123314 kpc 0.537946834922891
break at:  1.03969190734
142 12.227301614381707 kpc 1.0396919073372293 kpc 0.6843639573584468
StelMassEqualZero
break at:  1.70133884784
147 12.217803253650926 kpc 1.7013388478410312 kpc 0.582478032564432
break at:  3.40379252792
154 11.487518182792236 kpc 3.4037925279156407 kpc 0.7192944807747429
break at:  4.9488780576
155 11.619303744643183 kpc 4.948878057604632 kpc 0.6578310121144303
break at:  0.428888739257
156 11.353247147719827 kpc 0.4288887392565276 kpc 0.5450379676855296
break at:  1.6237088733
158 11.287578921881536 kpc 1.6237088733011569 kpc 0.5192592768116473
break at:  2.03421026195
159 10.992526259126349 kpc 2.034210261950395 kpc 0.6795321944378523
break at:  0.540575496344
160 11.003438477957696 kpc 0.5405754963440529 kpc 0.5014422288556118
break at:  0.540785578832
162 11.015354990447035 kpc 0.5407855788323833 kpc 0.5591801702815434
break at:  0.540956872062
163 11.025077379202404 kpc 0.5409568720624927 kpc 0.5046114666732217
StelMassEqualZero
break at:  3.2830546538
167 10.942905131903007 kpc 3.2830546538021195 kpc 0.9104695415919732
break at:  2.35068559536
169 11.39703334873255 kpc 2.350685595358438 kpc 0.8217891325574246
break at:  1.25743237849
170 11.012858116444573 kpc 1.2574323784872146 kpc 0.5692476251386022
break at:  0.675148968573
171 10.51142378618123 kpc 0.6751489685728731 kpc 0.5199042815639942
break at:  1.62610276734
172 11.31581191691774 kpc 1.626102767341158 kpc 0.6782374267589578
break at:  0.856867695914
175 10.502995239901956 kpc 0.8568676959138133 kpc 0.6122161307973641
break at:  1.22408239165
180 10.476585938927462 kpc 1.2240823916525128 kpc 0.6724704881079588
StelMassEqualZero
break at:  4.52684940486
191 10.423208669628732 kpc 4.52684940485603 kpc 0.8638648845102379
break at:  2.77693383034
195 10.248978015383175 kpc 2.776933830341553 kpc 0.745762801352359
break at:  1.58101842196
197 10.788970666492311 kpc 1.5810184219613865 kpc 0.807532651114628
break at:  1.67911479127
198 9.789389970193918 kpc 1.6791147912666309 kpc 0.6683314183303996
break at:  0.731715137901
199 9.613960354276575 kpc 0.7317151379013928 kpc 0.5207370409415206
break at:  0.516262948808
201 9.679542047276279 kpc 0.516262948808026 kpc 0.522799242428274
break at:  1.7104389876
204 10.087878183995008 kpc 1.7104389876038764 kpc 0.6325694078701782
break at:  1.89657918127
207 9.854503027129772 kpc 1.896579181266025 kpc 0.7984835154084564
break at:  0.644794891344
208 9.396478417624454 kpc 0.6447948913439783 kpc 0.56085114413435
break at:  2.47241417051
209 10.286940136822343 kpc 2.4724141705135296 kpc 0.8084228644789485
break at:  0.82246169782
210 9.610603146551178 kpc 0.8224616978198556 kpc 0.5744948778607296
break at:  1.8975871568
211 9.862674549142088 kpc 1.8975871567982419 kpc 0.6966011522340434
break at:  3.0297782006
212 9.822955111336254 kpc 3.02977820059957 kpc 0.6487863372971089
break at:  2.98368703937
214 9.622521217474956 kpc 2.9836870393701767 kpc 0.5897557256524714
break at:  2.07307171534
215 9.438902267881582 kpc 2.073071715343551 kpc 0.8979851488006615
break at:  1.3128455146
216 9.6003659794206 kpc 1.3128455146029612 kpc 0.7399449648853792
break at:  6.48535674712
217 9.181811234522986 kpc 6.485356747115341 kpc 0.9356564556274928
break at:  1.2973611533
220 9.400552852821333 kpc 1.297361153295398 kpc 0.6958529378844269
StelMassEqualZero
break at:  0.401155980025
223 9.13625325193398 kpc 0.401155980025433 kpc 0.5349255173302121
break at:  1.15035247574
225 9.335005691330654 kpc 1.1503524757387862 kpc 0.6287576946527851
break at:  0.354111041787
226 8.850117291855168 kpc 0.3541110417874694 kpc 0.5275643326651
break at:  1.64579049627
228 9.47564199388658 kpc 1.6457904962714394 kpc 0.5756166234927693
break at:  1.82199810994
229 9.256669511575067 kpc 1.8219981099365865 kpc 0.6242409089770775
break at:  0.708448557457
232 8.927036759317291 kpc 0.7084485574574738 kpc 0.5614442028871122
break at:  1.28484793158
236 9.240419813291933 kpc 1.2848479315778576 kpc 0.5151356576143202
break at:  1.26992894045
237 9.051069125202389 kpc 1.2699289404504186 kpc 0.7652826956496599
break at:  0.707852558887
241 8.90981714372429 kpc 0.7078525588869675 kpc 0.526428034860112
break at:  0.877857329475
243 8.639761831080236 kpc 0.8778573294752312 kpc 0.5696190024223905
break at:  0.789067114045
244 8.785103409464586 kpc 0.7890671140454609 kpc 0.5071987440798816
break at:  1.25495771494
246 8.862775640499214 kpc 1.2549577149404048 kpc 0.5164965812478439
break at:  2.79559666278
247 8.815741119334035 kpc 2.795596662780408 kpc 0.6982069596285021
break at:  2.83310046856
248 8.975155208349637 kpc 2.8331004685596626 kpc 0.622661784336211
break at:  1.12554633783
249 8.964622167453015 kpc 1.1255463378261474 kpc 0.7084820561782242
break at:  2.88003892488
251 9.175699250743502 kpc 2.8800389248803278 kpc 0.8727891138429911
break at:  0.55702636261
252 8.695147412760255 kpc 0.5570263626098377 kpc 0.5037179173838674
break at:  1.25998847773
255 8.925855155943033 kpc 1.2599884777279808 kpc 0.5680135721254583
break at:  0.62016099985
257 8.545344975137551 kpc 0.6201609998498814 kpc 0.5317436592341256
break at:  3.15325622031
258 8.879469901478151 kpc 3.153256220310344 kpc 0.5669550938628345
break at:  4.04705711019
259 9.092871675598973 kpc 4.0470571101909885 kpc 0.9519404913469083
break at:  0.390110881867
261 8.343748609275423 kpc 0.39011088186659226 kpc 0.5533300716249293
break at:  1.41035939682
262 8.889218223155517 kpc 1.4103593968150574 kpc 0.7029115408385481
break at:  0.765416000547
264 8.224534550764313 kpc 0.7654160005471037 kpc 0.6393816708272249
break at:  1.99629195226
265 8.919409102559829 kpc 1.9962919522632365 kpc 0.7409620358762188
break at:  0.614006830699
266 8.340117732280893 kpc 0.6140068306986518 kpc 0.5862562825056773
break at:  0.983554409071
267 8.628928286886167 kpc 0.9835544090709449 kpc 0.6185095629350119
break at:  2.75392392232
268 8.639469780240315 kpc 2.7539239223202823 kpc 0.8284301992772777
break at:  0.97934533088
269 8.557066782472022 kpc 0.9793453308799865 kpc 0.6441782547060177
break at:  0.978913692113
273 8.549713975110864 kpc 0.9789136921131839 kpc 0.5093772325044198
break at:  0.689565346751
274 8.390555004406737 kpc 0.6895653467506769 kpc 0.5344268839560359
break at:  2.19376760349
275 8.65516473304736 kpc 2.1937676034901297 kpc 0.6865918811269277
break at:  0.859409672579
279 8.271207348887142 kpc 0.8594096725786581 kpc 0.6733069392143088
break at:  0.346730942436
280 8.21332897471461 kpc 0.34673094243599456 kpc 0.5052372893918322
break at:  0.437993014244
282 8.402365153783173 kpc 0.4379930142437046 kpc 0.5235848601589913
break at:  1.97914183792
287 8.80471655307526 kpc 1.979141837921755 kpc 0.6614091880739442
break at:  0.428453988765
289 7.865250716700044 kpc 0.4284539887646402 kpc 0.5184462745570672
break at:  1.09009866673
290 8.447383591609158 kpc 1.0900986667340156 kpc 0.5752701749707673
break at:  1.22687826124
291 8.514282639447448 kpc 1.2268782612427127 kpc 0.6040597000229024
break at:  0.605512910518
292 8.061684647090601 kpc 0.6055129105177692 kpc 0.5663275466694532
break at:  1.37635241504
293 8.528828964449236 kpc 1.3763524150408468 kpc 0.7879234717117335
break at:  3.4171521556
296 8.500581918986734 kpc 3.4171521555960083 kpc 0.9695300427617827
break at:  0.849099436358
299 8.068813186835596 kpc 0.8490994363577191 kpc 0.7142046502802134
break at:  1.73031147406
300 8.54031498707285 kpc 1.730311474059175 kpc 0.5375398399429029
break at:  0.605848933279
301 8.072593747077992 kpc 0.6058489332791809 kpc 0.653143727012051
break at:  1.69171413846
302 8.24498912451968 kpc 1.6917141384591379 kpc 0.9265462193412738
break at:  1.67984385686
305 8.1549163051548 kpc 1.6798438568632277 kpc 0.6383279353608956
break at:  1.06882187468
308 8.143745459151715 kpc 1.068821874676018 kpc 0.5978891482749003
break at:  1.90435593188
310 8.31040491044925 kpc 1.9043559318835783 kpc 0.7325034709150465
break at:  0.755955900673
313 8.005878586225704 kpc 0.7559559006730011 kpc 0.5065221860085642
break at:  0.533732929498
316 7.781125053747853 kpc 0.5337329294982556 kpc 0.5957133315046145
break at:  3.65643017551
318 8.034818398385505 kpc 3.65643017550822 kpc 1.0003440628360307
break at:  4.18888277127
321 8.260857928108207 kpc 4.188882771274206 kpc 0.7437670212186384
break at:  3.170568498
322 7.736194321103453 kpc 3.1705684979998625 kpc 1.0003440628360307
break at:  0.38392887662
324 7.921638668495223 kpc 0.38392887662014175 kpc 0.5075788159547263
break at:  1.52945838542
326 8.411504961871419 kpc 1.5294583854196862 kpc 0.7830239853134785
break at:  1.20034857901
329 8.190636132873008 kpc 1.2003485790071735 kpc 0.551723490279029
break at:  2.64727743936
330 8.19256623906349 kpc 2.6472774393634797 kpc 0.8355196694236698
break at:  0.475744855391
332 7.708514769445877 kpc 0.4757448553909519 kpc 0.5170802185857507
break at:  2.04646213049
336 7.8283823510154855 kpc 2.046462130489641 kpc 0.6631861132103504
break at:  0.845378999947
338 7.996410716231269 kpc 0.8453789999466497 kpc 0.5827464366279351
break at:  2.3102046687
340 7.931773055630045 kpc 2.310204668695039 kpc 0.7865457276522463
break at:  0.532818460664
343 7.746509987044533 kpc 0.5328184606638653 kpc 0.5638756108393409
break at:  0.585472911174
344 7.426733485397905 kpc 0.5854729111743682 kpc 0.6307585131750062
break at:  1.63872354651
348 7.845649145148973 kpc 1.638723546512921 kpc 0.8596053973910849
break at:  0.750520486503
351 7.881681144703349 kpc 0.7505204865028747 kpc 0.6625810823016282
break at:  0.526129022664
354 7.496177717485684 kpc 0.5261290226642193 kpc 0.5504744781566443
break at:  1.45374301348
355 7.745374403069081 kpc 1.453743013480408 kpc 0.8686268409058037
break at:  2.36034951152
358 8.172592961101142 kpc 2.3603495115205666 kpc 0.8191881826214242
break at:  0.467649779685
360 7.34865331378434 kpc 0.4676497796845389 kpc 0.5894940298906689
break at:  1.47166299263
363 7.901118940918737 kpc 1.4716629926284783 kpc 0.8057747384256626
break at:  1.03895445136
364 7.726182167229342 kpc 1.0389544513614593 kpc 0.5024756178703643
break at:  0.730892047974
368 7.4418688683373695 kpc 0.7308920479739035 kpc 0.6077222352312927
break at:  1.14616208602
372 7.546652293012723 kpc 1.1461620860196104 kpc 0.627600451510418
StelMassEqualZero
break at:  0.375660231796
378 7.380477693342726 kpc 0.37566023179570324 kpc 0.5406531828408855
break at:  0.41473787583
381 7.13380275194798 kpc 0.41473787583042565 kpc 0.6229189028372953
break at:  0.8076998728
382 7.281989187342267 kpc 0.8076998728003781 kpc 0.5698549301112079
break at:  0.633050561689
383 6.895947920312882 kpc 0.6330505616894332 kpc 0.5660743540093567
break at:  4.32999535968
384 7.53611205255017 kpc 4.329995359682816 kpc 0.6676130239018307
break at:  0.881530833644
398 6.969684825370451 kpc 0.8815308336440854 kpc 0.5075741568161245
break at:  0.568894019327
401 6.924508613611981 kpc 0.5688940193265587 kpc 0.5109269444647899
break at:  0.893729131831
403 7.158986327396803 kpc 0.8937291318314277 kpc 0.5923001354804365
break at:  0.369026421179
405 6.965250653774265 kpc 0.369026421178732 kpc 0.5378293202120087
break at:  0.64872316183
406 7.293900078660138 kpc 0.6487231618298995 kpc 0.6541297133309891
break at:  0.803189344879
408 7.198762965380457 kpc 0.8031893448793253 kpc 0.509939121176923
break at:  0.714252946855
410 7.079665770201212 kpc 0.7142529468545361 kpc 0.568232511639544
break at:  1.73741460047
411 7.2419446337651365 kpc 1.7374146004685649 kpc 0.5335739623133016
break at:  1.24728246845
413 7.217306121027898 kpc 1.2472824684519135 kpc 0.7261499221933764
break at:  0.63518400294
414 6.949379531911903 kpc 0.6351840029398904 kpc 0.5123713492626508
StelMassEqualZero
break at:  0.506790997441
417 6.800723501486822 kpc 0.5067909974408288 kpc 0.5770487545830688
break at:  0.880616861679
418 6.955600722780495 kpc 0.8806168616792645 kpc 0.6626924110634222
break at:  0.779773923191
419 6.774591871937884 kpc 0.7797739231906397 kpc 0.5931355989266406
break at:  0.880286892859
422 6.950519387423835 kpc 0.8802868928586668 kpc 0.6079252494122188
break at:  0.701828551811
423 6.815544689512222 kpc 0.7018285518108447 kpc 0.5764074786175587
break at:  0.364683570516
424 6.70235834921036 kpc 0.3646835705160594 kpc 0.5627130652216787
break at:  0.451510611406
426 6.663737684859763 kpc 0.4515106114057064 kpc 0.5600814536377372
break at:  0.452955992538
428 6.723332635186593 kpc 0.4529559925376699 kpc 0.546104985972808
break at:  0.631898335124
429 6.867187352548827 kpc 0.6318983351244165 kpc 0.5061644193023513
break at:  0.972253229858
431 6.830420596638319 kpc 0.9722532298582195 kpc 0.5553910976427704
break at:  0.799168229846
432 7.1249807522228785 kpc 0.7991682298463337 kpc 0.7090394007927121
break at:  1.08719726271
437 6.872141219821461 kpc 1.0871972627078994 kpc 0.7861429564299744
break at:  0.326389307157
438 6.628684689915874 kpc 0.326389307156743 kpc 0.5087144557556881
break at:  0.630814447044
439 6.840194448909504 kpc 0.6308144470436394 kpc 0.5249106119550522
break at:  0.781328707162
442 6.80234749766723 kpc 0.7813287071624343 kpc 0.5515588568414308
break at:  1.70471172495
443 7.038440155139658 kpc 1.704711724953965 kpc 0.9390055635764339
break at:  0.702844141224
444 6.836931512533894 kpc 0.7028441412236969 kpc 0.590060169636524
break at:  0.399463891118
445 6.374301247772118 kpc 0.39946389111776126 kpc 0.5483243194288423
break at:  0.497033477738
448 6.465508222091637 kpc 0.49703347773839596 kpc 0.5135836324349702
break at:  1.70969612452
449 7.06933220809795 kpc 1.7096961245246292 kpc 0.8327385087837046
break at:  0.87746543924
451 6.907144454051501 kpc 0.8774654392399154 kpc 0.6163628727296573
break at:  0.55582405238
452 6.543118068418483 kpc 0.5558240523801928 kpc 0.6030088081725068
break at:  0.607269359728
454 6.268577838589766 kpc 0.6072693597280746 kpc 0.822229421535386
break at:  1.53374996769
457 7.075825660140271 kpc 1.5337499676894297 kpc 0.9210223138911554
break at:  0.616941817742
459 6.499997426899925 kpc 0.6169418177418573 kpc 0.5514908263397794
StelMassEqualZero
break at:  0.49936970553
461 6.544819891812881 kpc 0.4993697055301097 kpc 0.6058753544635435
break at:  0.616106497901
464 6.479825060014344 kpc 0.6161064979009461 kpc 0.5521776242125043
StelMassEqualZero
break at:  0.357827169368
470 6.3014176779566995 kpc 0.3578271693681417 kpc 0.5256880246838062
break at:  0.449558224872
472 6.583777418156822 kpc 0.4495582248717072 kpc 0.558739462953449
break at:  0.289875305877
473 6.347807639645496 kpc 0.2898753058773101 kpc 0.556918886289343
break at:  0.848396084752
474 6.46796079020917 kpc 0.8483960847522327 kpc 0.5377218744300752
break at:  0.452409416725
475 6.700756606042713 kpc 0.4524094167246965 kpc 0.5422193719576057
break at:  0.400461798243
476 6.422191916423411 kpc 0.40046179824294065 kpc 0.5237235088801399
break at:  0.358211583335
478 6.32344553625127 kpc 0.35821158333459857 kpc 0.5496524915069555
break at:  0.111289635713
479 6.482374422546127 kpc 0.11128963571298921 kpc 0.5079040149301179
break at:  0.288782379156
480 6.2549766265433275 kpc 0.28878237915551136 kpc 0.5361031687437923
break at:  0.686229302252
481 6.4915747214714905 kpc 0.6862293022516018 kpc 0.6640580480075103
break at:  1.67120949045
484 6.831976122947226 kpc 1.6712094904464605 kpc 0.5002903094681234
StelMassEqualZero
StelMassEqualZero
break at:  0.490881321192
489 6.259489535810078 kpc 0.4908813211918803 kpc 0.5982743100255485
break at:  1.83647377257
493 6.695079242754997 kpc 1.8364737725743319 kpc 0.9647044091932209
break at:  0.393439628324
494 6.090238541913881 kpc 0.3934396283244059 kpc 0.5465693539908115
StelMassEqualZero
break at:  0.320174702094
498 6.191939244408797 kpc 0.3201747020935943 kpc 0.5148581687404072
break at:  1.32257536942
501 6.642142666207576 kpc 1.3225753694191011 kpc 0.6387391575423604
break at:  2.02923522808
502 6.621056012675015 kpc 2.0292352280808927 kpc 1.0003440628360307
break at:  0.489010029107
503 6.197637803516526 kpc 0.4890100291068951 kpc 0.5674260539501446
break at:  0.609601482062
504 6.323942535199838 kpc 0.6096014820619633 kpc 0.5464000569587494
break at:  1.82754766673
507 6.648126160467202 kpc 1.8275476667269996 kpc 0.6915269948051935
break at:  0.927904082638
508 6.263130265700618 kpc 0.9279040826384478 kpc 0.5407693655998241
break at:  0.352405827016
511 5.996391953743807 kpc 0.35240582701590534 kpc 0.5522819802726101
break at:  0.539096367797
514 6.073469627748993 kpc 0.539096367797067 kpc 0.5546126511777071
break at:  0.717131846713
515 5.704657109539379 kpc 0.7171318467125204 kpc 0.643157261091124
break at:  1.30236808793
517 6.478020789495354 kpc 1.3023680879331867 kpc 0.9011711963254824
break at:  0.440558983812
518 6.223164984015957 kpc 0.4405589838119867 kpc 0.5167504140442909
break at:  0.439804020216
519 6.193502662701804 kpc 0.4398040202163865 kpc 0.5513002418442547
break at:  0.923675793052
523 6.210231049425971 kpc 0.9236757930521297 kpc 0.6451435490120953
break at:  0.663635288064
524 6.037361589154204 kpc 0.6636352880643391 kpc 0.5010815101967316
break at:  6.31603927469
525 6.31603927468989 kpc 6.31603927468989 kpc 1.0003440628360307
break at:  1.03627566374
526 6.311909416344483 kpc 1.0362756637416466 kpc 0.5001720314279626
break at:  0.601279615375
527 6.1276380259409375 kpc 0.6012796153750563 kpc 0.6483211376132749
StelMassEqualZero
StelMassEqualZero
StelMassEqualZero
break at:  0.916485604063
535 6.120751871461734 kpc 0.9164856040632658 kpc 0.7421913143188387
StelMassEqualZero
StelMassEqualZero
break at:  0.820490641277
540 6.059594767514874 kpc 0.8204906412769241 kpc 0.8249767267996662
break at:  0.432883593724
542 5.925815665735189 kpc 0.4328835937235905 kpc 0.6118569237277216
break at:  0.480767505821
545 5.929680284314789 kpc 0.4807675058212786 kpc 0.6597927532988794
break at:  0.653125849854
549 5.832121431953297 kpc 0.6531258498542796 kpc 0.543601625167987
break at:  1.12359627305
553 6.046020594091291 kpc 1.1235962730507043 kpc 0.7193101882303338
StelMassEqualZero
break at:  1.74396342116
555 6.2134349923981524 kpc 1.7439634211550696 kpc 0.9102709551926582
break at:  0.432862052449
559 5.92499424496638 kpc 0.43286205244919923 kpc 0.5821820480667106
break at:  0.311984505429
560 5.64840958549552 kpc 0.3119845054290789 kpc 0.5957890947971163
StelMassEqualZero
break at:  0.431080930339
562 5.85732802401531 kpc 0.4310809303392177 kpc 0.8238127576262214
break at:  0.281873754617
563 5.691321214654284 kpc 0.2818737546169637 kpc 0.5413842116970138
break at:  0.282818794697
566 5.766100951322701 kpc 0.2828187946972439 kpc 0.5954338146974394
break at:  0.651742834374
567 5.805396776954696 kpc 0.6517428343738298 kpc 0.6631023774937315
break at:  0.253010166357
569 5.583817465239992 kpc 0.25301016635686024 kpc 0.5203034589963926
break at:  1.01054620136
572 6.0367630060235165 kpc 1.0105462013598094 kpc 0.8931643418214568
break at:  0.472175435667
573 5.658076476532539 kpc 0.4721754356668425 kpc 0.5232816289292652
break at:  0.65404195694
575 5.8498601919113336 kpc 0.6540419569401185 kpc 0.6846004563380842
StelMassEqualZero
StelMassEqualZero
StelMassEqualZero
StelMassEqualZero
StelMassEqualZero
break at:  0.310219091618
587 5.535902027420252 kpc 0.3102190916183021 kpc 0.5721460468796845
break at:  0.522379783757
588 5.624601464592243 kpc 0.5223797837573045 kpc 0.5222834177931904
break at:  0.37960645407
591 5.470169240335768 kpc 0.3796064540695618 kpc 0.5071446548369607
StelMassEqualZero
StelMassEqualZero
break at:  0.639100991979
599 5.564172240255302 kpc 0.6391009919786562 kpc 0.6798896822339259
StelMassEqualZero
StelMassEqualZero
break at:  0.229326340345
606 5.717589347963424 kpc 0.22932634034517346 kpc 0.5642547476300807
break at:  0.253307850973
612 5.612342310977585 kpc 0.2533078509726014 kpc 0.5247992590989818
break at:  0.342846474953
613 5.483703790231435 kpc 0.3428464749527123 kpc 0.5643672100078347
StelMassEqualZero
break at:  0.420701780726
617 5.472859027168492 kpc 0.42070178072554726 kpc 0.5329421068362742
break at:  0.579828128897
619 5.637653096317115 kpc 0.5798281288974714 kpc 0.5354629937176075
StelMassEqualZero
break at:  0.578147664295
623 5.6002395261860105 kpc 0.5781476642953761 kpc 0.5807705881003871
StelMassEqualZero
StelMassEqualZero
break at:  0.522892370769
628 5.638063906716382 kpc 0.5228923707686838 kpc 0.5275618576415572
break at:  0.523673320094
629 5.658611039110009 kpc 0.5236733200941946 kpc 0.5771215747086366
break at:  0.642903082817
631 5.636142106008772 kpc 0.6429030828167517 kpc 0.5196156086521986
StelMassEqualZero
break at:  0.968314560957
634 5.596780498773132 kpc 0.968314560956739 kpc 0.6455068782385375
break at:  0.339697390074
635 5.321691356007865 kpc 0.3396973900742441 kpc 0.524790651416161
break at:  0.566166058865
638 5.337547196417972 kpc 0.566166058864947 kpc 0.6368407193825095
StelMassEqualZero
break at:  0.226336940305
641 5.363308434758426 kpc 0.22633694030526538 kpc 0.5331054997737611
StelMassEqualZero
break at:  0.150784348061
643 5.4824358704198985 kpc 0.1507843480605175 kpc 0.5005002186117142
StelMassEqualZero
break at:  1.0898252268
646 5.7411171499379705 kpc 1.0898252267987225 kpc 0.5748928531759527
StelMassEqualZero
break at:  1.33789997003
649 5.717693678978207 kpc 1.337899970030204 kpc 1.0003440628360305
break at:  0.854793351026
650 5.377733189827211 kpc 0.854793351026377 kpc 0.6193259520677192
StelMassEqualZero
break at:  0.473183586236
652 5.689539877903808 kpc 0.473183586235625 kpc 0.60398132094593
break at:  0.941275172974
653 5.322724397561675 kpc 0.9412751729735652 kpc 0.8015669822928803
break at:  0.34056479434
654 5.3659817451545315 kpc 0.34056479433963044 kpc 0.5669526813933022
break at:  1.22435168206
659 5.859324438239739 kpc 1.224351682060867 kpc 0.7887328187745626
StelMassEqualZero
break at:  0.306097459497
661 5.279509441453096 kpc 0.30609745949681916 kpc 0.5552695425481526
break at:  0.877132927783
662 5.641663761242394 kpc 0.877132927782685 kpc 0.8983592857606715
break at:  0.306680903618
665 5.3152744515552905 kpc 0.3066809036179458 kpc 0.5874545274812132
StelMassEqualZero
break at:  0.463357371598
670 5.387431971817465 kpc 0.4633573715984633 kpc 0.5560616849032257
StelMassEqualZero
StelMassEqualZero
break at:  0.248589508866
677 5.173194224552362 kpc 0.2485895088664351 kpc 0.5940533066003407
break at:  0.305661774893
679 5.252914985930783 kpc 0.3056617748931653 kpc 0.5886727089711956
break at:  0.411882765269
680 5.1592153396337395 kpc 0.4118827652686135 kpc 0.541228281113617
StelMassEqualZero
StelMassEqualZero
StelMassEqualZero
break at:  0.339620355215
689 5.317770171065337 kpc 0.3396203552148727 kpc 0.7384289067949138
break at:  0.76512865514
690 5.2878875499913 kpc 0.7651286551403219 kpc 0.5671050283206456
StelMassEqualZero
StelMassEqualZero
StelMassEqualZero
break at:  0.564706790434
696 5.306038963447615 kpc 0.5647067904343831 kpc 0.5868685168644162
StelMassEqualZero
StelMassEqualZero
StelMassEqualZero
break at:  0.510715588136
704 5.323369224682667 kpc 0.5107155881355201 kpc 0.5691741931614194
StelMassEqualZero
StelMassEqualZero
StelMassEqualZero
StelMassEqualZero
break at:  0.683850850131
714 5.174496752031106 kpc 0.6838508501308888 kpc 0.9083288447212939
StelMassEqualZero
break at:  0.274916034551
718 5.162740266827428 kpc 0.2749160345510304 kpc 0.5811822456465312
StelMassEqualZero
break at:  0.202914386234
720 5.15432180976119 kpc 0.20291438623379163 kpc 0.5694732414527732
StelMassEqualZero
break at:  0.454535295404
722 5.124786680832383 kpc 0.4545352954041972 kpc 0.6213013729899551
break at:  0.560660762557
723 5.219227854467153 kpc 0.5606607625573067 kpc 0.6255104648309818
StelMassEqualZero
break at:  0.50329980604
732 5.136919202896776 kpc 0.5032998060403474 kpc 0.7266603250520663
StelMassEqualZero
StelMassEqualZero
StelMassEqualZero
break at:  4.75192400977
742 5.260143975736224 kpc 4.7519240097667454 kpc 0.6513868316179243
StelMassEqualZero
break at:  0.455337012672
745 5.148321743686501 kpc 0.4553370126717857 kpc 0.5278982602196162
break at:  1.2065965563
746 5.7218752163845386 kpc 1.2065965563029315 kpc 0.6202133189568337
StelMassEqualZero
break at:  0.223595835212
749 5.054004054286506 kpc 0.2235958352124718 kpc 0.5626935353456664
break at:  0.182582315806
750 5.0058936966158765 kpc 0.18258231580648873 kpc 0.5630953439372647
break at:  0.825146190277
751 5.036499697119252 kpc 0.8251461902774805 kpc 0.5732944057293445
StelMassEqualZero
break at:  0.269919425642
753 4.806325179678374 kpc 0.26991942564212973 kpc 0.5116702390362068
StelMassEqualZero
break at:  0.811168500798
756 4.879205889460132 kpc 0.8111685007983279 kpc 0.6205318388471314
StelMassEqualZero
break at:  0.603515693728
758 4.914642105968579 kpc 0.6035156937279779 kpc 0.7643478107780787
break at:  2.39439818239
759 5.433979792964173 kpc 2.394398182389062 kpc 1.0003440628360307
break at:  0.843956893704
764 5.251810698354073 kpc 0.843956893704416 kpc 0.5628219162502093
StelMassEqualZero
StelMassEqualZero
break at:  0.245527773964
772 4.902708223131928 kpc 0.24552777396386993 kpc 0.5001720314207911
break at:  0.942125176489
775 5.331248163434244 kpc 0.9421251764890194 kpc 0.5219237397225069
StelMassEqualZero
StelMassEqualZero
StelMassEqualZero
StelMassEqualZero
StelMassEqualZero
break at:  4.5892028344
786 5.075363836291463 kpc 4.589202834395105 kpc 0.5766689303499666
break at:  0.365471556574
788 4.881583796881152 kpc 0.36547155657376384 kpc 0.5833091160106261
StelMassEqualZero
StelMassEqualZero
StelMassEqualZero
break at:  0.358503881795
795 4.607672333233384 kpc 0.358503881795118 kpc 0.7033669191805073
StelMassEqualZero
StelMassEqualZero
StelMassEqualZero
break at:  0.221407076101
807 4.817353833581335 kpc 0.2214070761012975 kpc 0.5154148279050188
break at:  0.244022300337
808 4.773767236043713 kpc 0.24402230033727607 kpc 0.5903783732788168
break at:  0.299320571473
809 4.876638367477225 kpc 0.29932057147346197 kpc 0.52959391561672
break at:  0.244110644271
810 4.781260872051597 kpc 0.24411064427061524 kpc 0.6668960418905558
break at:  0.535235887916
812 4.692112954087171 kpc 0.5352358879159673 kpc 0.5794491249152902
break at:  0.327729677359
814 4.7361587821778 kpc 0.3277296773593395 kpc 0.6241269096902435
StelMassEqualZero
break at:  0.598816531937
816 4.832106827298895 kpc 0.5988165319372407 kpc 0.5101263712938935
break at:  0.245177159658
817 4.872442333340558 kpc 0.24517715965828143 kpc 0.5001720314249659
StelMassEqualZero
break at:  0.598684787757
820 4.8298037392146815 kpc 0.5986847877567207 kpc 0.5565921367205876
StelMassEqualZero
break at:  0.727799836348
824 4.796487417241453 kpc 0.7277998363477179 kpc 0.7780453822065627
break at:  0.219234932615
827 4.591293508451103 kpc 0.21923493261536717 kpc 0.5189222887852581
break at:  4.5797427106
828 5.0646265144732325 kpc 4.579742710603218 kpc 0.5001720314624327
break at:  0.486429606451
829 4.72727917459629 kpc 0.48642960645065525 kpc 0.6479968564457977
break at:  0.134311685934
832 4.628917147846015 kpc 0.13431168593433476 kpc 0.5140599726729931
StelMassEqualZero
StelMassEqualZero
StelMassEqualZero
StelMassEqualZero
StelMassEqualZero
StelMassEqualZero
StelMassEqualZero
StelMassEqualZero
StelMassEqualZero
StelMassEqualZero
break at:  0.198367942917
850 4.542983472937502 kpc 0.19836794291681872 kpc 0.5624083455421747
StelMassEqualZero
StelMassEqualZero
break at:  0.162968083017
856 4.51232055792336 kpc 0.16296808301745258 kpc 0.5779765696262334
StelMassEqualZero
break at:  1.2021239506
860 4.838612353428362 kpc 1.2021239505981678 kpc 0.7303550078130486
StelMassEqualZero
break at:  0.24291834855
863 4.680885880244307 kpc 0.24291834855035602 kpc 0.5601926751962751
StelMassEqualZero
StelMassEqualZero
StelMassEqualZero
StelMassEqualZero
StelMassEqualZero
StelMassEqualZero
break at:  0.197866667301
874 4.479391158030182 kpc 0.19786666730104807 kpc 0.6002064376840611
break at:  0.789594373711
875 4.64095665538126 kpc 0.7895943737107951 kpc 0.8336200523523715
StelMassEqualZero
break at:  0.476803927428
879 4.502495848590097 kpc 0.4768039274282138 kpc 0.5836659115827919
StelMassEqualZero
StelMassEqualZero
StelMassEqualZero
StelMassEqualZero
StelMassEqualZero
StelMassEqualZero
break at:  0.198538309216
891 4.56476420668901 kpc 0.19853830921623442 kpc 0.509434476445815
StelMassEqualZero
break at:  0.1
894 4.501843286732343 kpc 0.1 kpc 0.6199629528642899
StelMassEqualZero
StelMassEqualZero
StelMassEqualZero
StelMassEqualZero
break at:  1.0843680276
911 4.8101890351397465 kpc 1.0843680276047656 kpc 0.8536739317915052
break at:  1.7725470592
913 4.776928386894411 kpc 1.7725470592006212 kpc 1.0003440628360307
break at:  0.292839408667
914 4.512464071079062 kpc 0.29283940866687774 kpc 0.5799096016609799
break at:  0.265591731104
915 4.512702915762493 kpc 0.2655917311037207 kpc 0.5716251787606875
StelMassEqualZero
StelMassEqualZero
StelMassEqualZero
StelMassEqualZero
StelMassEqualZero
StelMassEqualZero
StelMassEqualZero
StelMassEqualZero
StelMassEqualZero
StelMassEqualZero
StelMassEqualZero
StelMassEqualZero
StelMassEqualZero
break at:  0.147418132335
944 4.399175837277139 kpc 0.14741813233464524 kpc 0.6252150392810866
StelMassEqualZero
StelMassEqualZero
StelMassEqualZero
break at:  0.462487423832
952 4.180046122325288 kpc 0.46248742383175756 kpc 0.5572088105809385
StelMassEqualZero
StelMassEqualZero
StelMassEqualZero
StelMassEqualZero
break at:  0.778072885487
962 4.515979384736738 kpc 0.7780728854874828 kpc 0.5348817367324946
StelMassEqualZero
StelMassEqualZero
StelMassEqualZero
StelMassEqualZero
break at:  0.431826647096
971 4.4854347086634805 kpc 0.4318266470964959 kpc 0.5008543943323646
break at:  0.434183446164
973 4.5493618307062285 kpc 0.43418344616442545 kpc 0.5170216158205537
StelMassEqualZero
StelMassEqualZero
StelMassEqualZero
break at:  0.197166341915
980 4.391771825643168 kpc 0.1971663419150588 kpc 0.6099658919736701
StelMassEqualZero
StelMassEqualZero
StelMassEqualZero
StelMassEqualZero
StelMassEqualZero
StelMassEqualZero
StelMassEqualZero
StelMassEqualZero
break at:  0.216182771382
998 4.287980139327465 kpc 0.21618277138174274 kpc 0.5093698884663762
break at:  0.471838200454
1000 4.389051516969874 kpc 0.47183820045369956 kpc 0.7502580471393305
StelMassEqualZero
break at:  0.35095490104
1002 4.322688443071039 kpc 0.35095490104000326 kpc 0.5180353182776998
StelMassEqualZero
StelMassEqualZero
break at:  0.349208346208
1007 4.258472478683169 kpc 0.349208346208057 kpc 0.5589065472799208
StelMassEqualZero
StelMassEqualZero
StelMassEqualZero
StelMassEqualZero
StelMassEqualZero
StelMassEqualZero
StelMassEqualZero
StelMassEqualZero
break at:  2.17944740827
1020 4.827542525122703 kpc 2.179447408267882 kpc 0.7338705889311605
StelMassEqualZero
StelMassEqualZero
StelMassEqualZero
StelMassEqualZero
StelMassEqualZero
StelMassEqualZero
StelMassEqualZero
break at:  0.264104949731
1033 4.4149776404632926 kpc 0.2641049497314481 kpc 1.0003440628360307
StelMassEqualZero
StelMassEqualZero
StelMassEqualZero
StelMassEqualZero
break at:  0.133343144178
1042 4.213267062471239 kpc 0.1333431441784062 kpc 0.5007705380747344
StelMassEqualZero
StelMassEqualZero
break at:  0.424535763948
1046 4.291183967994523 kpc 0.42453576394791476 kpc 0.5818257636118548
StelMassEqualZero
StelMassEqualZero
break at:  0.315115088003
1055 4.168932791536289 kpc 0.31511508800269183 kpc 0.5430944522045771
StelMassEqualZero
StelMassEqualZero
StelMassEqualZero
break at:  0.280201750424
1060 3.859113376261091 kpc 0.28020175042432416 kpc 0.5251488469666015
StelMassEqualZero
StelMassEqualZero
break at:  0.177139904276
1065 4.112033430324177 kpc 0.1771399042762887 kpc 0.5370268126678562
StelMassEqualZero
StelMassEqualZero
break at:  0.812338427028
1070 4.099355541652959 kpc 0.8123384270275155 kpc 0.5001720314370562
StelMassEqualZero
break at:  0.260480044046
1075 4.183313199792315 kpc 0.2604800440459541 kpc 0.582737426417916
StelMassEqualZero
break at:  0.28777008149
1078 4.241558391647865 kpc 0.28777008148985855 kpc 0.5791465627187519
StelMassEqualZero
StelMassEqualZero
break at:  0.310614397119
1081 3.978507125529963 kpc 0.3106143971192093 kpc 0.6958915219717747
StelMassEqualZero
StelMassEqualZero
break at:  0.348544155673
1087 4.234219958099775 kpc 0.34854415567291064 kpc 0.5077185180186191
StelMassEqualZero
break at:  1.36692747589
1089 4.370400517714959 kpc 1.3669274758870718 kpc 0.5827868739913236
StelMassEqualZero
StelMassEqualZero
break at:  5.35754333141
1094 5.949285207817122 kpc 5.3575433314134555 kpc 0.6500052251041595
StelMassEqualZero
StelMassEqualZero
break at:  0.348087324582
1097 4.217592603025021 kpc 0.3480873245818362 kpc 0.6258858871423856
StelMassEqualZero
StelMassEqualZero
StelMassEqualZero
StelMassEqualZero
StelMassEqualZero
StelMassEqualZero
StelMassEqualZero
StelMassEqualZero
StelMassEqualZero
StelMassEqualZero
StelMassEqualZero
StelMassEqualZero
StelMassEqualZero
StelMassEqualZero
StelMassEqualZero
StelMassEqualZero
break at:  0.257402677312
1131 3.9938424913889166 kpc 0.2574026773121381 kpc 0.5210125327252929
break at:  0.422125814368
1136 4.228136211481773 kpc 0.4221258143684852 kpc 0.5103796238905176
StelMassEqualZero
StelMassEqualZero
StelMassEqualZero
StelMassEqualZero
StelMassEqualZero
StelMassEqualZero
StelMassEqualZero
StelMassEqualZero
StelMassEqualZero
StelMassEqualZero
StelMassEqualZero
StelMassEqualZero
break at:  0.502865213155
1160 4.066422304865219 kpc 0.5028652131545476 kpc 0.5668682845210363
break at:  0.31358535539
1161 4.103517229585901 kpc 0.3135853553898526 kpc 0.5557467015834047
StelMassEqualZero
StelMassEqualZero
StelMassEqualZero
StelMassEqualZero
StelMassEqualZero
StelMassEqualZero
StelMassEqualZero
StelMassEqualZero
StelMassEqualZero
StelMassEqualZero
StelMassEqualZero
break at:  0.255597108582
1187 3.88569002743523 kpc 0.25559710858212653 kpc 0.549428323840497
StelMassEqualZero
StelMassEqualZero
StelMassEqualZero
StelMassEqualZero
StelMassEqualZero
break at:  0.377710172724
1200 4.053210739135018 kpc 0.3777101727243178 kpc 0.5608702365232767
StelMassEqualZero
break at:  3.19986047007
1203 4.271285762754336 kpc 3.1998604700683915 kpc 0.5512099938112299
StelMassEqualZero
StelMassEqualZero
StelMassEqualZero
StelMassEqualZero
StelMassEqualZero
StelMassEqualZero
break at:  0.231846377531
1215 3.824148045735103 kpc 0.2318463775312436 kpc 0.718539428311211
break at:  0.209574756908
1217 3.685763662041634 kpc 0.20957475690785907 kpc 0.5556630296216899
StelMassEqualZero
break at:  0.310176408067
1219 3.9603035752519093 kpc 0.3101764080670963 kpc 0.614072593025031
StelMassEqualZero
StelMassEqualZero
StelMassEqualZero
StelMassEqualZero
StelMassEqualZero
break at:  0.210188515912
1228 3.7386843134954897 kpc 0.21018851591173457 kpc 0.5166612192746718
StelMassEqualZero
StelMassEqualZero
break at:  0.190502253956
1233 3.6261312295421564 kpc 0.19050225395569748 kpc 0.5097528409623326
break at:  2.43889090154
1236 2.8985162871652146 kpc 2.4388909015377322 kpc 0.5373276680354077
break at:  0.333983006692
1237 3.72540171730041 kpc 0.3339830066921813 kpc 0.6397377274618397
StelMassEqualZero
StelMassEqualZero
StelMassEqualZero
StelMassEqualZero
StelMassEqualZero
StelMassEqualZero
StelMassEqualZero
StelMassEqualZero
StelMassEqualZero
StelMassEqualZero
StelMassEqualZero
break at:  0.305209744879
1259 3.7578962573750077 kpc 0.30520974487927927 kpc 0.5117544737628349
StelMassEqualZero
StelMassEqualZero
StelMassEqualZero
StelMassEqualZero
StelMassEqualZero
break at:  0.339370711415
1270 3.908616639355604 kpc 0.3393707114145058 kpc 0.6668960418669109
StelMassEqualZero
StelMassEqualZero
StelMassEqualZero
StelMassEqualZero
break at:  0.449806690011
1279 3.906165650927116 kpc 0.4498066900112508 kpc 0.5899464985956075
StelMassEqualZero
break at:  0.487869974369
1284 3.793591475333236 kpc 0.48786997436857193 kpc 0.6421911350990375
StelMassEqualZero
break at:  0.209871778394
1286 3.711299112733682 kpc 0.20987177839419718 kpc 0.6169679303176261
StelMassEqualZero
StelMassEqualZero
StelMassEqualZero
StelMassEqualZero
StelMassEqualZero
StelMassEqualZero
break at:  0.579931043138
1296 3.689184849504909 kpc 0.5799310431375163 kpc 0.7290643169809882
break at:  0.407731646348
1297 3.8634339697045434 kpc 0.40773164634794756 kpc 0.5459956741244866
StelMassEqualZero
StelMassEqualZero
StelMassEqualZero
StelMassEqualZero
StelMassEqualZero
StelMassEqualZero
StelMassEqualZero
StelMassEqualZero
StelMassEqualZero
StelMassEqualZero
StelMassEqualZero
StelMassEqualZero
StelMassEqualZero
break at:  0.230675633605
1319 3.7411701691243255 kpc 0.2306756336046213 kpc 0.5001720314408271
StelMassEqualZero
StelMassEqualZero
StelMassEqualZero
StelMassEqualZero
StelMassEqualZero
StelMassEqualZero
break at:  0.27291490155
1332 3.514914727545661 kpc 0.2729149015500572 kpc 0.7029444765922511
StelMassEqualZero
StelMassEqualZero
StelMassEqualZero
StelMassEqualZero
StelMassEqualZero
StelMassEqualZero
StelMassEqualZero
StelMassEqualZero
StelMassEqualZero
StelMassEqualZero
StelMassEqualZero
StelMassEqualZero
StelMassEqualZero
StelMassEqualZero
StelMassEqualZero
StelMassEqualZero
StelMassEqualZero
StelMassEqualZero
break at:  0.174739242064
1364 3.7630319828910657 kpc 0.17473924206403998 kpc 0.6002064377016184
StelMassEqualZero
StelMassEqualZero
StelMassEqualZero
StelMassEqualZero
StelMassEqualZero
break at:  0.361517181458
1371 3.5874657879648457 kpc 0.3615171814584699 kpc 0.5054119257447781
StelMassEqualZero
break at:  4.29183860866
1374 4.291838608656988 kpc 4.291838608656988 kpc 1.0003440628360305
StelMassEqualZero
StelMassEqualZero
break at:  3.42307371304
1383 4.594986844761776 kpc 3.4230737130365645 kpc 0.5096092395587194
StelMassEqualZero
StelMassEqualZero
StelMassEqualZero
StelMassEqualZero
StelMassEqualZero
StelMassEqualZero
StelMassEqualZero
StelMassEqualZero
StelMassEqualZero
StelMassEqualZero
StelMassEqualZero
StelMassEqualZero
StelMassEqualZero
StelMassEqualZero
break at:  0.441497200371
1405 3.7326037478605065 kpc 0.4414972003713513 kpc 0.5481337330714817
StelMassEqualZero
StelMassEqualZero
StelMassEqualZero
StelMassEqualZero
break at:  0.523470262265
1413 3.610766177622532 kpc 0.5234702622648635 kpc 0.5873985004679522
break at:  0.143860260467
1417 3.466755492002665 kpc 0.1438602604670975 kpc 0.5239058275025952
StelMassEqualZero
StelMassEqualZero
StelMassEqualZero
StelMassEqualZero
StelMassEqualZero
StelMassEqualZero
StelMassEqualZero
StelMassEqualZero
StelMassEqualZero
StelMassEqualZero
StelMassEqualZero
break at:  0.131273250015
1434 3.4378829587153787 kpc 0.13127325001480697 kpc 0.6327511994362143
StelMassEqualZero
StelMassEqualZero
StelMassEqualZero
StelMassEqualZero
StelMassEqualZero
StelMassEqualZero
StelMassEqualZero
StelMassEqualZero
StelMassEqualZero
StelMassEqualZero
StelMassEqualZero
StelMassEqualZero
StelMassEqualZero
StelMassEqualZero
StelMassEqualZero
StelMassEqualZero
StelMassEqualZero
StelMassEqualZero
StelMassEqualZero
StelMassEqualZero
StelMassEqualZero
StelMassEqualZero
StelMassEqualZero
StelMassEqualZero
StelMassEqualZero
StelMassEqualZero
StelMassEqualZero
StelMassEqualZero
StelMassEqualZero
StelMassEqualZero
StelMassEqualZero
StelMassEqualZero
StelMassEqualZero
StelMassEqualZero
StelMassEqualZero
StelMassEqualZero
StelMassEqualZero
StelMassEqualZero
StelMassEqualZero
StelMassEqualZero
StelMassEqualZero
StelMassEqualZero
StelMassEqualZero
StelMassEqualZero
StelMassEqualZero
StelMassEqualZero
break at:  0.156237339445
1515 3.247294756094065 kpc 0.15623733944466248 kpc 1.0003440628360307
StelMassEqualZero
StelMassEqualZero
StelMassEqualZero
StelMassEqualZero
StelMassEqualZero
StelMassEqualZero
StelMassEqualZero
StelMassEqualZero
StelMassEqualZero
StelMassEqualZero
StelMassEqualZero
StelMassEqualZero
StelMassEqualZero
StelMassEqualZero
StelMassEqualZero
StelMassEqualZero
StelMassEqualZero
StelMassEqualZero
StelMassEqualZero
StelMassEqualZero
StelMassEqualZero
StelMassEqualZero
StelMassEqualZero
StelMassEqualZero
StelMassEqualZero
StelMassEqualZero
StelMassEqualZero
StelMassEqualZero
StelMassEqualZero
StelMassEqualZero
StelMassEqualZero
StelMassEqualZero
StelMassEqualZero
StelMassEqualZero
StelMassEqualZero
StelMassEqualZero
StelMassEqualZero
StelMassEqualZero
StelMassEqualZero
StelMassEqualZero
StelMassEqualZero
StelMassEqualZero
StelMassEqualZero
StelMassEqualZero
StelMassEqualZero
StelMassEqualZero
StelMassEqualZero
StelMassEqualZero
StelMassEqualZero
StelMassEqualZero
StelMassEqualZero
StelMassEqualZero
StelMassEqualZero
StelMassEqualZero
StelMassEqualZero
StelMassEqualZero
break at:  0.55457347613
1623 3.36568859309094 kpc 0.5545734761300994 kpc 0.609148060605246
StelMassEqualZero
StelMassEqualZero
StelMassEqualZero
StelMassEqualZero
StelMassEqualZero
StelMassEqualZero
StelMassEqualZero
StelMassEqualZero
break at:  0.46857544333
1635 3.4581764187405066 kpc 0.4685754433298517 kpc 0.5485757763939525
StelMassEqualZero
StelMassEqualZero
StelMassEqualZero
StelMassEqualZero
StelMassEqualZero
StelMassEqualZero
StelMassEqualZero
StelMassEqualZero
StelMassEqualZero
StelMassEqualZero
StelMassEqualZero
StelMassEqualZero
StelMassEqualZero
StelMassEqualZero
StelMassEqualZero
StelMassEqualZero
StelMassEqualZero
StelMassEqualZero
StelMassEqualZero
StelMassEqualZero
StelMassEqualZero
StelMassEqualZero
StelMassEqualZero
StelMassEqualZero
StelMassEqualZero
StelMassEqualZero
StelMassEqualZero
StelMassEqualZero
StelMassEqualZero
StelMassEqualZero
StelMassEqualZero
StelMassEqualZero
StelMassEqualZero
StelMassEqualZero
StelMassEqualZero
StelMassEqualZero
StelMassEqualZero
StelMassEqualZero
StelMassEqualZero
StelMassEqualZero
StelMassEqualZero
StelMassEqualZero
StelMassEqualZero
StelMassEqualZero
StelMassEqualZero
StelMassEqualZero
StelMassEqualZero
StelMassEqualZero
StelMassEqualZero
StelMassEqualZero
StelMassEqualZero
StelMassEqualZero
StelMassEqualZero
StelMassEqualZero
StelMassEqualZero
StelMassEqualZero
StelMassEqualZero
StelMassEqualZero
StelMassEqualZero
StelMassEqualZero
StelMassEqualZero
StelMassEqualZero
StelMassEqualZero
StelMassEqualZero
StelMassEqualZero
StelMassEqualZero
break at:  0.428612030107
1746 2.818577587798116 kpc 0.42861203010714355 kpc 0.6155248213935772
StelMassEqualZero
StelMassEqualZero
StelMassEqualZero
StelMassEqualZero
break at:  0.322792692646
1752 3.3633424128332363 kpc 0.3227926926459218 kpc 0.5145802792385558
StelMassEqualZero
StelMassEqualZero
StelMassEqualZero
StelMassEqualZero
StelMassEqualZero
StelMassEqualZero
StelMassEqualZero
StelMassEqualZero
StelMassEqualZero
StelMassEqualZero
StelMassEqualZero
StelMassEqualZero
StelMassEqualZero
StelMassEqualZero
StelMassEqualZero
StelMassEqualZero
StelMassEqualZero
StelMassEqualZero
StelMassEqualZero
StelMassEqualZero
StelMassEqualZero
StelMassEqualZero
StelMassEqualZero
StelMassEqualZero
StelMassEqualZero
StelMassEqualZero
StelMassEqualZero
StelMassEqualZero
StelMassEqualZero
StelMassEqualZero
StelMassEqualZero
StelMassEqualZero
StelMassEqualZero
StelMassEqualZero
break at:  4.07190856976
1808 4.489119056812596 kpc 4.071908569756632 kpc 0.6821402969382486
StelMassEqualZero
StelMassEqualZero
StelMassEqualZero
StelMassEqualZero
StelMassEqualZero
StelMassEqualZero
StelMassEqualZero
StelMassEqualZero
StelMassEqualZero
StelMassEqualZero
StelMassEqualZero
StelMassEqualZero
StelMassEqualZero
StelMassEqualZero
StelMassEqualZero
StelMassEqualZero
StelMassEqualZero
StelMassEqualZero
StelMassEqualZero
StelMassEqualZero
StelMassEqualZero
StelMassEqualZero
StelMassEqualZero
StelMassEqualZero
StelMassEqualZero
StelMassEqualZero
StelMassEqualZero
StelMassEqualZero
StelMassEqualZero
StelMassEqualZero
StelMassEqualZero
StelMassEqualZero
StelMassEqualZero
StelMassEqualZero
StelMassEqualZero
StelMassEqualZero
StelMassEqualZero
StelMassEqualZero
StelMassEqualZero
StelMassEqualZero
StelMassEqualZero
StelMassEqualZero
StelMassEqualZero
StelMassEqualZero
break at:  3.29918101394
1882 3.6171306924890887 kpc 3.299181013942899 kpc 0.5001720314541996
StelMassEqualZero
StelMassEqualZero
StelMassEqualZero
StelMassEqualZero
StelMassEqualZero
StelMassEqualZero
StelMassEqualZero
StelMassEqualZero
StelMassEqualZero
StelMassEqualZero
StelMassEqualZero
StelMassEqualZero
StelMassEqualZero
StelMassEqualZero
StelMassEqualZero
StelMassEqualZero
StelMassEqualZero
StelMassEqualZero
StelMassEqualZero
StelMassEqualZero
StelMassEqualZero
StelMassEqualZero
StelMassEqualZero
StelMassEqualZero
StelMassEqualZero
StelMassEqualZero
StelMassEqualZero
StelMassEqualZero
StelMassEqualZero
StelMassEqualZero
StelMassEqualZero
StelMassEqualZero
StelMassEqualZero
StelMassEqualZero
StelMassEqualZero
StelMassEqualZero
StelMassEqualZero
StelMassEqualZero
StelMassEqualZero
StelMassEqualZero
StelMassEqualZero
StelMassEqualZero
StelMassEqualZero
StelMassEqualZero
StelMassEqualZero
StelMassEqualZero
StelMassEqualZero
StelMassEqualZero
StelMassEqualZero
StelMassEqualZero
StelMassEqualZero
StelMassEqualZero
StelMassEqualZero
StelMassEqualZero
StelMassEqualZero
StelMassEqualZero
StelMassEqualZero
StelMassEqualZero
StelMassEqualZero
StelMassEqualZero
StelMassEqualZero
StelMassEqualZero
StelMassEqualZero
StelMassEqualZero
StelMassEqualZero
StelMassEqualZero
StelMassEqualZero
StelMassEqualZero
StelMassEqualZero
StelMassEqualZero
StelMassEqualZero
StelMassEqualZero
StelMassEqualZero
StelMassEqualZero
StelMassEqualZero
StelMassEqualZero
StelMassEqualZero
StelMassEqualZero
StelMassEqualZero
StelMassEqualZero
StelMassEqualZero
StelMassEqualZero
StelMassEqualZero
StelMassEqualZero
StelMassEqualZero
StelMassEqualZero
break at:  2.89124214592
2044 3.4678635800349595 kpc 2.8912421459223725 kpc 0.6032908536759065
StelMassEqualZero
StelMassEqualZero
StelMassEqualZero
StelMassEqualZero
StelMassEqualZero
StelMassEqualZero
StelMassEqualZero
StelMassEqualZero
StelMassEqualZero
StelMassEqualZero
StelMassEqualZero
StelMassEqualZero
StelMassEqualZero
StelMassEqualZero
StelMassEqualZero
StelMassEqualZero
StelMassEqualZero
StelMassEqualZero
StelMassEqualZero
StelMassEqualZero
StelMassEqualZero
StelMassEqualZero
StelMassEqualZero
StelMassEqualZero
StelMassEqualZero
StelMassEqualZero
StelMassEqualZero
StelMassEqualZero
StelMassEqualZero
StelMassEqualZero
StelMassEqualZero
StelMassEqualZero
StelMassEqualZero
StelMassEqualZero
StelMassEqualZero
StelMassEqualZero
StelMassEqualZero
StelMassEqualZero
StelMassEqualZero
StelMassEqualZero
StelMassEqualZero
StelMassEqualZero
StelMassEqualZero
StelMassEqualZero
StelMassEqualZero
StelMassEqualZero
StelMassEqualZero
StelMassEqualZero
StelMassEqualZero
StelMassEqualZero
StelMassEqualZero
StelMassEqualZero
StelMassEqualZero
StelMassEqualZero
StelMassEqualZero
StelMassEqualZero
StelMassEqualZero
StelMassEqualZero
break at:  3.58319212164
2125 3.9370591455584916 kpc 3.5831921216363605 kpc 0.6668960418860147
StelMassEqualZero
StelMassEqualZero
StelMassEqualZero
StelMassEqualZero
StelMassEqualZero
StelMassEqualZero
StelMassEqualZero
StelMassEqualZero
StelMassEqualZero
StelMassEqualZero
StelMassEqualZero
StelMassEqualZero
StelMassEqualZero
StelMassEqualZero
StelMassEqualZero
StelMassEqualZero
StelMassEqualZero
StelMassEqualZero
StelMassEqualZero
StelMassEqualZero
StelMassEqualZero
StelMassEqualZero
StelMassEqualZero
StelMassEqualZero
StelMassEqualZero
StelMassEqualZero
StelMassEqualZero
StelMassEqualZero
StelMassEqualZero
StelMassEqualZero
StelMassEqualZero
StelMassEqualZero
StelMassEqualZero
StelMassEqualZero
StelMassEqualZero
StelMassEqualZero
StelMassEqualZero
StelMassEqualZero
StelMassEqualZero
StelMassEqualZero
StelMassEqualZero
StelMassEqualZero
StelMassEqualZero
StelMassEqualZero
StelMassEqualZero
StelMassEqualZero
StelMassEqualZero
StelMassEqualZero
StelMassEqualZero
StelMassEqualZero
StelMassEqualZero
StelMassEqualZero
StelMassEqualZero
StelMassEqualZero
StelMassEqualZero
StelMassEqualZero
StelMassEqualZero
StelMassEqualZero
StelMassEqualZero
StelMassEqualZero
StelMassEqualZero
StelMassEqualZero
StelMassEqualZero
StelMassEqualZero
StelMassEqualZero
StelMassEqualZero
StelMassEqualZero
StelMassEqualZero
StelMassEqualZero
StelMassEqualZero
StelMassEqualZero
StelMassEqualZero
StelMassEqualZero
StelMassEqualZero
StelMassEqualZero
StelMassEqualZero
StelMassEqualZero
StelMassEqualZero
StelMassEqualZero
StelMassEqualZero
StelMassEqualZero
StelMassEqualZero
StelMassEqualZero
StelMassEqualZero
StelMassEqualZero
StelMassEqualZero
StelMassEqualZero
StelMassEqualZero
StelMassEqualZero
StelMassEqualZero
StelMassEqualZero
StelMassEqualZero
StelMassEqualZero
StelMassEqualZero
StelMassEqualZero
StelMassEqualZero
StelMassEqualZero
StelMassEqualZero
StelMassEqualZero
StelMassEqualZero
StelMassEqualZero
StelMassEqualZero
StelMassEqualZero
StelMassEqualZero
StelMassEqualZero
StelMassEqualZero
StelMassEqualZero
StelMassEqualZero
StelMassEqualZero
StelMassEqualZero
StelMassEqualZero
StelMassEqualZero
StelMassEqualZero
StelMassEqualZero
StelMassEqualZero
StelMassEqualZero
StelMassEqualZero
StelMassEqualZero
StelMassEqualZero
StelMassEqualZero
StelMassEqualZero
StelMassEqualZero
StelMassEqualZero
StelMassEqualZero
StelMassEqualZero
StelMassEqualZero
StelMassEqualZero
StelMassEqualZero
StelMassEqualZero
StelMassEqualZero
StelMassEqualZero
StelMassEqualZero
StelMassEqualZero
StelMassEqualZero
StelMassEqualZero
StelMassEqualZero
break at:  2.24668862066
2373 2.9118664959090523 kpc 2.2466886206574728 kpc 0.666896041906139
StelMassEqualZero
StelMassEqualZero
StelMassEqualZero
StelMassEqualZero
StelMassEqualZero
StelMassEqualZero
StelMassEqualZero
StelMassEqualZero
StelMassEqualZero
StelMassEqualZero
StelMassEqualZero
StelMassEqualZero
StelMassEqualZero
StelMassEqualZero
StelMassEqualZero
StelMassEqualZero
StelMassEqualZero
StelMassEqualZero
StelMassEqualZero
StelMassEqualZero
StelMassEqualZero
StelMassEqualZero
StelMassEqualZero
StelMassEqualZero
StelMassEqualZero
StelMassEqualZero
StelMassEqualZero
StelMassEqualZero
StelMassEqualZero
StelMassEqualZero
StelMassEqualZero
StelMassEqualZero
StelMassEqualZero
StelMassEqualZero
StelMassEqualZero
StelMassEqualZero
StelMassEqualZero
StelMassEqualZero
StelMassEqualZero
StelMassEqualZero
StelMassEqualZero
StelMassEqualZero
StelMassEqualZero
StelMassEqualZero
StelMassEqualZero
StelMassEqualZero
StelMassEqualZero
StelMassEqualZero
StelMassEqualZero
StelMassEqualZero
StelMassEqualZero
StelMassEqualZero
StelMassEqualZero
StelMassEqualZero
StelMassEqualZero
StelMassEqualZero
StelMassEqualZero
StelMassEqualZero
StelMassEqualZero
StelMassEqualZero
StelMassEqualZero
StelMassEqualZero
StelMassEqualZero
StelMassEqualZero
StelMassEqualZero
StelMassEqualZero
StelMassEqualZero
StelMassEqualZero
StelMassEqualZero
StelMassEqualZero
StelMassEqualZero
StelMassEqualZero
StelMassEqualZero
StelMassEqualZero
StelMassEqualZero
StelMassEqualZero
StelMassEqualZero
StelMassEqualZero
StelMassEqualZero
StelMassEqualZero
StelMassEqualZero
StelMassEqualZero
StelMassEqualZero
StelMassEqualZero
StelMassEqualZero
StelMassEqualZero
StelMassEqualZero
StelMassEqualZero
StelMassEqualZero
StelMassEqualZero
StelMassEqualZero
StelMassEqualZero
StelMassEqualZero
StelMassEqualZero
StelMassEqualZero
StelMassEqualZero
StelMassEqualZero
StelMassEqualZero
StelMassEqualZero
StelMassEqualZero
StelMassEqualZero
StelMassEqualZero
StelMassEqualZero
StelMassEqualZero
StelMassEqualZero
StelMassEqualZero
StelMassEqualZero
StelMassEqualZero
StelMassEqualZero
StelMassEqualZero
StelMassEqualZero
StelMassEqualZero
StelMassEqualZero
StelMassEqualZero
StelMassEqualZero
StelMassEqualZero
StelMassEqualZero
StelMassEqualZero
StelMassEqualZero
StelMassEqualZero
StelMassEqualZero
StelMassEqualZero
StelMassEqualZero
StelMassEqualZero
StelMassEqualZero
StelMassEqualZero
StelMassEqualZero
StelMassEqualZero
StelMassEqualZero
StelMassEqualZero
StelMassEqualZero
StelMassEqualZero
StelMassEqualZero
StelMassEqualZero
StelMassEqualZero
StelMassEqualZero
StelMassEqualZero
StelMassEqualZero
StelMassEqualZero
StelMassEqualZero
StelMassEqualZero
StelMassEqualZero
StelMassEqualZero
StelMassEqualZero
StelMassEqualZero
StelMassEqualZero
StelMassEqualZero
StelMassEqualZero
StelMassEqualZero
StelMassEqualZero
StelMassEqualZero
StelMassEqualZero
StelMassEqualZero
StelMassEqualZero
StelMassEqualZero
StelMassEqualZero
StelMassEqualZero
StelMassEqualZero
StelMassEqualZero
StelMassEqualZero
StelMassEqualZero
StelMassEqualZero
StelMassEqualZero
StelMassEqualZero
StelMassEqualZero
StelMassEqualZero
StelMassEqualZero
StelMassEqualZero
StelMassEqualZero
StelMassEqualZero
StelMassEqualZero
StelMassEqualZero
StelMassEqualZero
StelMassEqualZero
StelMassEqualZero
StelMassEqualZero
StelMassEqualZero
StelMassEqualZero
StelMassEqualZero
StelMassEqualZero
StelMassEqualZero
StelMassEqualZero
StelMassEqualZero
StelMassEqualZero
StelMassEqualZero
StelMassEqualZero
StelMassEqualZero
StelMassEqualZero
StelMassEqualZero
StelMassEqualZero
StelMassEqualZero
StelMassEqualZero
StelMassEqualZero
break at:  0.108343486512
2692 2.2767192451455602 kpc 0.10834348651151846 kpc 0.5320979057645452
StelMassEqualZero
StelMassEqualZero
StelMassEqualZero
StelMassEqualZero
StelMassEqualZero
StelMassEqualZero
StelMassEqualZero
StelMassEqualZero
StelMassEqualZero
StelMassEqualZero
StelMassEqualZero
StelMassEqualZero
StelMassEqualZero
StelMassEqualZero
StelMassEqualZero
StelMassEqualZero
StelMassEqualZero
StelMassEqualZero
StelMassEqualZero
StelMassEqualZero
StelMassEqualZero
StelMassEqualZero
StelMassEqualZero
StelMassEqualZero
StelMassEqualZero
StelMassEqualZero
StelMassEqualZero
StelMassEqualZero
StelMassEqualZero
StelMassEqualZero
StelMassEqualZero
StelMassEqualZero
StelMassEqualZero
StelMassEqualZero
StelMassEqualZero
StelMassEqualZero
StelMassEqualZero
StelMassEqualZero
StelMassEqualZero
StelMassEqualZero
StelMassEqualZero
StelMassEqualZero
StelMassEqualZero
StelMassEqualZero
StelMassEqualZero
StelMassEqualZero
StelMassEqualZero
StelMassEqualZero
StelMassEqualZero
StelMassEqualZero
StelMassEqualZero
StelMassEqualZero
StelMassEqualZero
StelMassEqualZero
StelMassEqualZero
StelMassEqualZero
StelMassEqualZero
StelMassEqualZero
StelMassEqualZero
StelMassEqualZero
StelMassEqualZero
StelMassEqualZero
StelMassEqualZero
StelMassEqualZero
StelMassEqualZero
StelMassEqualZero
StelMassEqualZero
StelMassEqualZero
StelMassEqualZero
StelMassEqualZero
StelMassEqualZero
StelMassEqualZero
StelMassEqualZero
StelMassEqualZero
StelMassEqualZero
StelMassEqualZero
StelMassEqualZero
StelMassEqualZero
StelMassEqualZero
StelMassEqualZero
StelMassEqualZero
StelMassEqualZero
StelMassEqualZero
StelMassEqualZero
StelMassEqualZero
StelMassEqualZero
StelMassEqualZero
StelMassEqualZero
StelMassEqualZero
StelMassEqualZero
StelMassEqualZero
StelMassEqualZero
StelMassEqualZero
StelMassEqualZero
StelMassEqualZero
StelMassEqualZero
StelMassEqualZero
StelMassEqualZero
StelMassEqualZero
StelMassEqualZero
StelMassEqualZero
StelMassEqualZero
StelMassEqualZero
StelMassEqualZero
StelMassEqualZero
StelMassEqualZero
StelMassEqualZero
StelMassEqualZero
StelMassEqualZero
StelMassEqualZero
StelMassEqualZero
StelMassEqualZero
StelMassEqualZero
StelMassEqualZero
StelMassEqualZero
StelMassEqualZero
StelMassEqualZero
StelMassEqualZero
StelMassEqualZero
StelMassEqualZero
StelMassEqualZero
StelMassEqualZero
StelMassEqualZero
StelMassEqualZero
StelMassEqualZero
StelMassEqualZero
StelMassEqualZero
StelMassEqualZero
StelMassEqualZero
StelMassEqualZero
StelMassEqualZero
StelMassEqualZero
StelMassEqualZero
StelMassEqualZero
StelMassEqualZero
StelMassEqualZero
StelMassEqualZero
StelMassEqualZero
StelMassEqualZero
StelMassEqualZero
StelMassEqualZero
StelMassEqualZero
StelMassEqualZero
StelMassEqualZero
StelMassEqualZero
StelMassEqualZero
StelMassEqualZero
StelMassEqualZero
StelMassEqualZero
StelMassEqualZero
StelMassEqualZero
StelMassEqualZero
StelMassEqualZero
StelMassEqualZero
StelMassEqualZero
StelMassEqualZero
StelMassEqualZero
StelMassEqualZero
StelMassEqualZero
StelMassEqualZero
StelMassEqualZero
StelMassEqualZero
StelMassEqualZero
StelMassEqualZero
StelMassEqualZero
StelMassEqualZero
StelMassEqualZero
StelMassEqualZero
StelMassEqualZero
StelMassEqualZero
StelMassEqualZero
StelMassEqualZero
StelMassEqualZero
StelMassEqualZero
StelMassEqualZero
StelMassEqualZero
StelMassEqualZero
StelMassEqualZero
StelMassEqualZero
break at:  1.87749039156
2973 2.028116630800941 kpc 1.8774903915591101 kpc 1.0003440628360307
StelMassEqualZero
StelMassEqualZero
StelMassEqualZero
StelMassEqualZero
StelMassEqualZero
StelMassEqualZero
StelMassEqualZero
StelMassEqualZero
StelMassEqualZero
StelMassEqualZero
StelMassEqualZero
StelMassEqualZero
StelMassEqualZero
StelMassEqualZero
StelMassEqualZero
StelMassEqualZero
123AllDone123
