yt : [INFO     ] 2017-08-01 14:25:58,035 Parameters: current_time              = 4.93026188837e+16
yt : [INFO     ] 2017-08-01 14:25:58,035 Parameters: domain_dimensions         = [2 2 2]
yt : [INFO     ] 2017-08-01 14:25:58,036 Parameters: domain_left_edge          = [ 0.  0.  0.]
yt : [INFO     ] 2017-08-01 14:25:58,037 Parameters: domain_right_edge         = [  2.67042630e+25   2.67042630e+25   2.67042630e+25]
yt : [INFO     ] 2017-08-01 14:25:58,037 Parameters: cosmological_simulation   = 1
yt : [INFO     ] 2017-08-01 14:25:58,037 Parameters: current_redshift          = 3.99999998167
yt : [INFO     ] 2017-08-01 14:25:58,037 Parameters: omega_lambda              = 0.712
yt : [INFO     ] 2017-08-01 14:25:58,037 Parameters: omega_matter              = 0.288
yt : [INFO     ] 2017-08-01 14:25:58,037 Parameters: hubble_constant           = 0.6933
yt : [INFO     ] 2017-08-01 14:25:58,112 Parameters: current_time              = 207.43449500999
yt : [INFO     ] 2017-08-01 14:25:58,112 Parameters: domain_dimensions         = [128 128 128]
yt : [INFO     ] 2017-08-01 14:25:58,112 Parameters: domain_left_edge          = [ 0.  0.  0.]
yt : [INFO     ] 2017-08-01 14:25:58,113 Parameters: domain_right_edge         = [ 1.  1.  1.]
yt : [INFO     ] 2017-08-01 14:25:58,113 Parameters: cosmological_simulation   = 1
yt : [INFO     ] 2017-08-01 14:25:58,113 Parameters: current_redshift          = 3.9999999816689
yt : [INFO     ] 2017-08-01 14:25:58,113 Parameters: omega_lambda              = 0.712
yt : [INFO     ] 2017-08-01 14:25:58,113 Parameters: omega_matter              = 0.288
yt : [INFO     ] 2017-08-01 14:25:58,113 Parameters: hubble_constant           = 0.6933
yt : [INFO     ] 2017-08-01 14:25:58,116 Allocating for 8.352e+03 particles (index particle type 'all')
yt : [INFO     ] 2017-08-01 14:25:58,121 Identified 2.889e+03 octs
TimeNow:  1.5619317014383167 Gyr
IsSatellite
IsSatellite
Parsing Hierarchy :   0%|          | 0/38479 [00:00<?, ?it/s]Parsing Hierarchy :   5%|▍         | 1802/38479 [00:00<00:02, 18018.26it/s]Parsing Hierarchy :   9%|▊         | 3277/38479 [00:00<00:02, 16238.59it/s]Parsing Hierarchy :  14%|█▍        | 5518/38479 [00:00<00:01, 18088.78it/s]Parsing Hierarchy :  20%|██        | 7758/38479 [00:00<00:01, 19381.96it/s]Parsing Hierarchy :  26%|██▌       | 10006/38479 [00:00<00:01, 20296.08it/s]Parsing Hierarchy :  32%|███▏      | 12261/38479 [00:00<00:01, 20971.42it/s]Parsing Hierarchy :  37%|███▋      | 14147/38479 [00:00<00:01, 18356.15it/s]Parsing Hierarchy :  43%|████▎     | 16380/38479 [00:00<00:01, 19546.85it/s]Parsing Hierarchy :  48%|████▊     | 18627/38479 [00:00<00:00, 20420.94it/s]Parsing Hierarchy :  54%|█████▍    | 20881/38479 [00:01<00:00, 21053.97it/s]Parsing Hierarchy :  60%|██████    | 23130/38479 [00:01<00:00, 21482.52it/s]Parsing Hierarchy :  66%|██████▌   | 25243/38479 [00:01<00:00, 18557.79it/s]Parsing Hierarchy :  71%|███████▏  | 27478/38479 [00:01<00:00, 19695.38it/s]Parsing Hierarchy :  77%|███████▋  | 29725/38479 [00:01<00:00, 20527.19it/s]Parsing Hierarchy :  83%|████████▎ | 31973/38479 [00:01<00:00, 21111.03it/s]Parsing Hierarchy :  89%|████████▉ | 34223/38479 [00:01<00:00, 21524.72it/s]Parsing Hierarchy :  95%|█████████▍| 36476/38479 [00:01<00:00, 21825.12it/s]Parsing Hierarchy : 100%|██████████| 38479/38479 [00:01<00:00, 19774.80it/s]
yt : [INFO     ] 2017-08-01 14:26:06,527 Gathering a field list (this may take a moment.)
72 3.9309909350506436e+26 1 / s
IsSatellite
IsSatellite
78 1.2589842178511442e+26 1 / s
IsSatellite
IsSatellite
IsSatellite
IsSatellite
IsSatellite
94 1.133672797158977e+26 1 / s
99 8.77983055164126e+25 1 / s
101 1.3049708433427475e+26 1 / s
IsSatellite
107 7.606295065650641e+25 1 / s
108 7.703507027914705e+25 1 / s
IsSatellite
IsSatellite
116 2.4913048462868864e+25 1 / s
118 1.2198234983297621e+26 1 / s
121 0.0 1 / s
138 2.4089013491298152e+25 1 / s
141 5.08080758026977e+25 1 / s
142 3.1385508206701888e+25 1 / s
IsSatellite
147 2.4052386270716867e+25 1 / s
154 3.4870910888525264e+25 1 / s
155 2.2962702627353076e+25 1 / s
156 6.675244580597445e+25 1 / s
158 1.8842178247131852e+25 1 / s
159 1.4632498427644667e+25 1 / s
160 2.4524266108727515e+25 1 / s
162 4.825947153044482e+25 1 / s
163 2.6092023723044467e+25 1 / s
IsSatellite
167 2.8651026123619515e+25 1 / s
169 2.7540048202872295e+25 1 / s
170 4.166892964274994e+25 1 / s
171 4.934045796788052e+25 1 / s
172 5.970121787453755e+25 1 / s
175 2.5164785625656933e+25 1 / s
180 4.552888996135421e+25 1 / s
IsSatellite
191 1.1858282330542193e+25 1 / s
195 3.080745592391045e+25 1 / s
197 1.1736821038149816e+25 1 / s
198 7.660734633460952e+24 1 / s
199 2.1524683954822475e+25 1 / s
201 2.6359161917803305e+25 1 / s
204 2.831565649374634e+25 1 / s
207 8.234451282578422e+24 1 / s
208 1.6785441434297414e+25 1 / s
209 1.7453780726914345e+25 1 / s
210 1.7012880632119366e+25 1 / s
211 1.950486746852515e+25 1 / s
212 7.539454262665204e+24 1 / s
214 1.3301936808077344e+25 1 / s
215 1.1168095620319888e+24 1 / s
216 1.8608292663675307e+25 1 / s
217 8.972957676854226e+24 1 / s
220 2.7554193807563275e+25 1 / s
IsSatellite
223 1.043895499887583e+25 1 / s
225 2.8466424490933973e+25 1 / s
226 3.5842507200311155e+25 1 / s
228 5.818358137866631e+24 1 / s
229 8.833709003116234e+24 1 / s
232 9.51155543382679e+24 1 / s
236 1.063640336185077e+25 1 / s
237 8.42514588774386e+24 1 / s
241 1.6671371988786511e+25 1 / s
243 1.1117839621257344e+25 1 / s
244 2.331017001101349e+25 1 / s
246 4.7885640822372944e+24 1 / s
247 2.3526895278299816e+24 1 / s
248 5.675997482973784e+24 1 / s
249 1.6625097561778729e+25 1 / s
251 1.8932229215877885e+25 1 / s
252 1.0377772372920333e+25 1 / s
255 2.7068223484344493e+25 1 / s
257 9.82229119412077e+24 1 / s
258 3.957248151215304e+24 1 / s
259 2.372881934328159e+25 1 / s
261 5.897612821085019e+24 1 / s
262 1.344387336718455e+25 1 / s
264 8.048016440739975e+24 1 / s
265 1.6875600048151113e+25 1 / s
266 1.4128203794470935e+25 1 / s
267 8.629362274747392e+24 1 / s
268 8.296347219488356e+24 1 / s
269 2.2595804004829317e+24 1 / s
273 1.321502116520831e+25 1 / s
274 1.1016716769569455e+25 1 / s
275 2.0637285571169205e+24 1 / s
279 9.544553847043509e+24 1 / s
280 1.2771320352220413e+24 1 / s
282 1.0061729579125348e+25 1 / s
287 2.2049381875151094e+25 1 / s
289 4.16923502352421e+25 1 / s
290 1.351178381236939e+25 1 / s
291 8.583596243910771e+24 1 / s
292 1.078126838665819e+25 1 / s
293 4.754159149511329e+24 1 / s
296 1.1753070261691874e+25 1 / s
299 6.81234009279625e+24 1 / s
300 3.988239566792041e+24 1 / s
301 3.4144509381146246e+23 1 / s
302 1.0777719988892125e+24 1 / s
305 6.422607738156485e+24 1 / s
308 3.347318001870121e+24 1 / s
310 4.817552390961075e+24 1 / s
313 2.741954988026841e+24 1 / s
316 7.982114290124127e+24 1 / s
318 2.4893255380812268e+22 1 / s
321 4.910905340961641e+24 1 / s
322 2.5963221812466445e+22 1 / s
324 3.7597997882403643e+24 1 / s
326 3.3550139786039826e+24 1 / s
329 6.896612594346845e+24 1 / s
330 1.453409977533822e+23 1 / s
332 5.438189337732342e+24 1 / s
336 2.336936379633512e+22 1 / s
338 1.0765357661587243e+25 1 / s
340 4.327036331569033e+24 1 / s
343 5.685826907925912e+24 1 / s
344 2.867617033476339e+24 1 / s
348 3.4782857838916164e+23 1 / s
351 9.910570557841785e+24 1 / s
354 2.1978712213501602e+24 1 / s
355 1.502673825905196e+23 1 / s
358 1.467798107949302e+24 1 / s
360 3.5394126418997657e+24 1 / s
363 1.3802048196735555e+24 1 / s
364 1.2022758867345078e+25 1 / s
368 9.01374090644186e+24 1 / s
372 2.709937701604724e+24 1 / s
374 0.0 1 / s
378 6.229349752806604e+24 1 / s
381 5.233273905993464e+24 1 / s
382 5.978108016899621e+24 1 / s
383 2.602894368995017e+24 1 / s
384 9.989231896038981e+24 1 / s
398 6.100110128688358e+24 1 / s
401 5.908390949606549e+24 1 / s
403 2.2452571165178546e+24 1 / s
405 6.819521837178412e+24 1 / s
406 2.2834549181279086e+24 1 / s
408 5.460386277705387e+24 1 / s
410 2.793629827424209e+24 1 / s
411 1.944770986174618e+23 1 / s
413 6.819518594855892e+23 1 / s
414 0.0 1 / s
416 0.0 1 / s
417 6.649485365717947e+24 1 / s
418 2.3866612862672536e+24 1 / s
419 7.701404381760379e+24 1 / s
422 1.4223965141639477e+24 1 / s
423 5.94373096814733e+24 1 / s
424 9.102991669989914e+24 1 / s
426 6.038210949455905e+24 1 / s
428 3.600000625905065e+24 1 / s
429 2.3592850603004996e+24 1 / s
431 1.5474464091216388e+24 1 / s
432 1.872849788032337e+23 1 / s
437 1.5047439839878704e+25 1 / s
438 1.0368554449995504e+25 1 / s
439 6.686946511651422e+23 1 / s
442 1.6710165080811267e+24 1 / s
443 5.503907324429047e+22 1 / s
444 3.786368027435093e+24 1 / s
445 2.786568697439796e+23 1 / s
448 5.008026518195141e+22 1 / s
449 8.42731500150985e+22 1 / s
451 4.832746562755068e+22 1 / s
452 1.5640607181794634e+24 1 / s
454 1.3030245744035687e+22 1 / s
457 2.4244790876779437e+22 1 / s
459 1.0334578152306706e+25 1 / s
460 0.0 1 / s
461 1.0752851375162466e+24 1 / s
464 3.6981885272477003e+24 1 / s
469 0.0 1 / s
470 1.7126900794327968e+24 1 / s
472 2.56957302045529e+24 1 / s
473 4.957186901078967e+24 1 / s
474 4.6899261465288607e+24 1 / s
475 9.97590789587462e+24 1 / s
476 1.0684859871914623e+24 1 / s
478 1.0738416555302693e+24 1 / s
479 1.8007314566808296e+24 1 / s
480 1.6602993352229758e+24 1 / s
481 1.9276022399658448e+24 1 / s
484 5.33474044386849e+24 1 / s
486 0.0 1 / s
487 0.0 1 / s
489 3.2757184421218405e+23 1 / s
493 1.2025125762784794e+22 1 / s
494 5.0798309927266975e+23 1 / s
496 0.0 1 / s
498 3.2543191134887567e+22 1 / s
501 2.579481558076911e+23 1 / s
502 1.8183593157584583e+22 1 / s
503 1.6877909878714483e+23 1 / s
504 7.772754931139112e+22 1 / s
507 4.000850904466472e+23 1 / s
508 1.5062792885476184e+23 1 / s
511 1.3697055308887597e+24 1 / s
514 2.093876320373911e+24 1 / s
515 5.356705882013594e+23 1 / s
517 8.385359348098926e+22 1 / s
518 2.3465336542931981e+24 1 / s
519 2.6229481337822333e+23 1 / s
523 5.718397983034473e+24 1 / s
524 2.1002228424748802e+24 1 / s
525 0.0 1 / s
526 0.0 1 / s
527 3.831257982726766e+22 1 / s
529 0.0 1 / s
IsSatellite
534 0.0 1 / s
535 1.8673767476183003e+23 1 / s
536 0.0 1 / s
537 0.0 1 / s
540 1.655672540986702e+23 1 / s
542 9.42595033772041e+22 1 / s
545 2.0579085881932262e+23 1 / s
549 1.2486547165274398e+24 1 / s
553 3.903561774926427e+23 1 / s
554 0.0 1 / s
555 3.2543191134887567e+22 1 / s
559 5.931504818388295e+21 1 / s
560 8.479386701183687e+22 1 / s
561 0.0 1 / s
562 0.0 1 / s
563 7.821584308292784e+22 1 / s
566 4.404954529444611e+22 1 / s
567 3.737937455951402e+23 1 / s
569 1.048432870868751e+24 1 / s
572 0.0 1 / s
573 2.4435277324839086e+24 1 / s
575 1.863751831040756e+22 1 / s
578 0.0 1 / s
579 0.0 1 / s
IsSatellite
585 0.0 1 / s
586 0.0 1 / s
587 8.71588170580446e+22 1 / s
588 4.575805472322141e+23 1 / s
591 3.401442740163725e+23 1 / s
595 0.0 1 / s
597 0.0 1 / s
599 6.128754751225002e+23 1 / s
602 0.0 1 / s
604 0.0 1 / s
606 1.4067788950488215e+22 1 / s
612 3.542140083603729e+23 1 / s
613 3.0144650627370943e+23 1 / s
614 0.0 1 / s
617 7.821389768941575e+23 1 / s
619 8.446982929917165e+23 1 / s
622 0.0 1 / s
623 9.069658000624611e+23 1 / s
624 0.0 1 / s
627 0.0 1 / s
628 5.387994942797682e+24 1 / s
629 0.0 1 / s
631 3.860536155083849e+23 1 / s
632 0.0 1 / s
634 2.3748910070545533e+23 1 / s
635 1.1323876248123695e+24 1 / s
638 0.0 1 / s
IsSatellite
641 5.866658367985013e+21 1 / s
IsSatellite
643 3.863681207928408e+22 1 / s
645 0.0 1 / s
646 0.0 1 / s
647 0.0 1 / s
649 0.0 1 / s
650 8.736327791616615e+23 1 / s
651 0.0 1 / s
652 0.0 1 / s
653 4.524920462690684e+22 1 / s
654 5.844519789817331e+23 1 / s
659 0.0 1 / s
660 0.0 1 / s
661 1.8572671860004283e+22 1 / s
662 2.3905125169567053e+23 1 / s
665 1.9188713138835465e+22 1 / s
667 0.0 1 / s
670 1.1128558739509008e+24 1 / s
674 0.0 1 / s
676 0.0 1 / s
677 1.7437858977946834e+22 1 / s
679 4.27734319969599e+23 1 / s
680 7.720877770816486e+22 1 / s
683 0.0 1 / s
687 0.0 1 / s
688 0.0 1 / s
689 2.440690700278765e+22 1 / s
690 0.0 1 / s
IsSatellite
692 0.0 1 / s
694 0.0 1 / s
696 0.0 1 / s
697 0.0 1 / s
698 0.0 1 / s
703 0.0 1 / s
704 2.5785159944304065e+24 1 / s
705 0.0 1 / s
707 0.0 1 / s
710 0.0 1 / s
711 0.0 1 / s
714 6.489184291856529e+22 1 / s
717 0.0 1 / s
718 4.029688120960812e+23 1 / s
IsSatellite
720 1.2871371940547639e+23 1 / s
721 0.0 1 / s
722 1.584704585665349e+23 1 / s
723 8.145622020957989e+22 1 / s
724 0.0 1 / s
732 1.2316934789599567e+22 1 / s
738 0.0 1 / s
IsSatellite
740 0.0 1 / s
742 0.0 1 / s
744 0.0 1 / s
745 3.383609966302822e+23 1 / s
746 0.0 1 / s
747 0.0 1 / s
749 0.0 1 / s
750 5.931504818388298e+21 1 / s
751 6.968853485489614e+22 1 / s
752 0.0 1 / s
753 0.0 1 / s
755 0.0 1 / s
756 0.0 1 / s
757 0.0 1 / s
758 3.1959573081258017e+22 1 / s
759 0.0 1 / s
764 0.0 1 / s
IsSatellite
770 0.0 1 / s
772 0.0 1 / s
775 0.0 1 / s
776 0.0 1 / s
779 0.0 1 / s
781 0.0 1 / s
782 0.0 1 / s
785 0.0 1 / s
786 0.0 1 / s
788 2.5178968841289145e+23 1 / s
789 0.0 1 / s
790 0.0 1 / s
794 0.0 1 / s
795 0.0 1 / s
796 0.0 1 / s
799 0.0 1 / s
803 0.0 1 / s
807 1.5801458802019983e+23 1 / s
808 5.866658367985011e+21 1 / s
809 0.0 1 / s
810 0.0 1 / s
812 1.8151169932382943e+22 1 / s
814 1.8183593157584583e+22 1 / s
815 0.0 1 / s
816 1.3915010713338076e+23 1 / s
817 0.0 1 / s
818 0.0 1 / s
820 2.505537150682048e+22 1 / s
822 0.0 1 / s
824 0.0 1 / s
827 4.48830167214795e+23 1 / s
828 0.0 1 / s
829 4.395227561884117e+22 1 / s
832 1.3289631545648814e+22 1 / s
833 0.0 1 / s
835 0.0 1 / s
836 0.0 1 / s
841 0.0 1 / s
843 0.0 1 / s
845 0.0 1 / s
846 0.0 1 / s
847 0.0 1 / s
848 0.0 1 / s
849 0.0 1 / s
850 4.349835046601819e+22 1 / s
851 0.0 1 / s
853 0.0 1 / s
856 0.0 1 / s
857 0.0 1 / s
860 0.0 1 / s
862 0.0 1 / s
863 0.0 1 / s
864 0.0 1 / s
865 0.0 1 / s
866 0.0 1 / s
868 0.0 1 / s
870 0.0 1 / s
873 0.0 1 / s
874 0.0 1 / s
875 0.0 1 / s
876 0.0 1 / s
879 1.5672154979915836e+23 1 / s
880 0.0 1 / s
882 0.0 1 / s
883 0.0 1 / s
887 0.0 1 / s
889 0.0 1 / s
890 0.0 1 / s
891 0.0 1 / s
892 0.0 1 / s
894 8.025656087711914e+22 1 / s
895 0.0 1 / s
899 0.0 1 / s
905 0.0 1 / s
906 0.0 1 / s
911 6.515122872017838e+21 1 / s
913 0.0 1 / s
914 0.0 1 / s
915 0.0 1 / s
916 0.0 1 / s
919 0.0 1 / s
920 0.0 1 / s
IsSatellite
928 0.0 1 / s
929 0.0 1 / s
933 0.0 1 / s
934 0.0 1 / s
936 0.0 1 / s
938 0.0 1 / s
941 0.0 1 / s
942 0.0 1 / s
943 0.0 1 / s
944 0.0 1 / s
946 0.0 1 / s
947 0.0 1 / s
IsSatellite
952 1.3788365595700462e+23 1 / s
954 0.0 1 / s
956 0.0 1 / s
959 0.0 1 / s
961 0.0 1 / s
962 0.0 1 / s
965 0.0 1 / s
966 0.0 1 / s
967 0.0 1 / s
968 0.0 1 / s
971 0.0 1 / s
973 5.853481569263066e+23 1 / s
974 0.0 1 / s
975 0.0 1 / s
978 0.0 1 / s
980 0.0 1 / s
981 0.0 1 / s
984 0.0 1 / s
987 0.0 1 / s
990 0.0 1 / s
991 0.0 1 / s
993 0.0 1 / s
995 0.0 1 / s
997 0.0 1 / s
998 1.306266896923732e+22 1 / s
1000 0.0 1 / s
1001 0.0 1 / s
1002 0.0 1 / s
1003 0.0 1 / s
1005 0.0 1 / s
1007 1.3435536059056202e+23 1 / s
1009 0.0 1 / s
1010 0.0 1 / s
IsSatellite
1014 0.0 1 / s
1015 0.0 1 / s
1016 0.0 1 / s
IsSatellite
1019 0.0 1 / s
1020 3.985975128743958e+23 1 / s
1021 0.0 1 / s
1022 0.0 1 / s
1027 0.0 1 / s
1028 0.0 1 / s
1029 0.0 1 / s
1030 0.0 1 / s
1032 0.0 1 / s
1033 0.0 1 / s
1035 0.0 1 / s
1036 0.0 1 / s
1037 0.0 1 / s
1040 0.0 1 / s
1042 5.996351268791576e+21 1 / s
1044 0.0 1 / s
1045 0.0 1 / s
1046 1.6465084406157103e+24 1 / s
1047 0.0 1 / s
1049 0.0 1 / s
1055 1.2196968856353496e+23 1 / s
1056 0.0 1 / s
1057 0.0 1 / s
1059 0.0 1 / s
1060 1.7577233453798603e+24 1 / s
1061 0.0 1 / s
1062 0.0 1 / s
1065 0.0 1 / s
1067 0.0 1 / s
1069 0.0 1 / s
1070 0.0 1 / s
1074 0.0 1 / s
1075 1.854024863480264e+22 1 / s
1077 0.0 1 / s
1078 0.0 1 / s
1079 0.0 1 / s
1080 0.0 1 / s
1081 0.0 1 / s
1083 0.0 1 / s
1084 0.0 1 / s
1087 6.105221974373651e+23 1 / s
IsSatellite
1089 0.0 1 / s
1090 0.0 1 / s
1091 0.0 1 / s
1094 0.0 1 / s
1095 0.0 1 / s
1096 0.0 1 / s
1097 3.594568438754782e+22 1 / s
1098 0.0 1 / s
1105 0.0 1 / s
1106 0.0 1 / s
1109 0.0 1 / s
1110 0.0 1 / s
1113 0.0 1 / s
1114 0.0 1 / s
1115 0.0 1 / s
IsSatellite
1117 0.0 1 / s
1118 0.0 1 / s
1120 0.0 1 / s
1121 0.0 1 / s
1124 0.0 1 / s
1129 0.0 1 / s
1130 0.0 1 / s
1131 0.0 1 / s
1136 0.0 1 / s
1142 0.0 1 / s
1145 0.0 1 / s
1146 0.0 1 / s
1148 0.0 1 / s
1149 0.0 1 / s
1151 0.0 1 / s
1153 0.0 1 / s
1154 0.0 1 / s
1155 0.0 1 / s
1157 0.0 1 / s
IsSatellite
1159 0.0 1 / s
1160 1.2580996020286777e+24 1 / s
1161 0.0 1 / s
1163 0.0 1 / s
1165 0.0 1 / s
1167 0.0 1 / s
1172 0.0 1 / s
1174 0.0 1 / s
1175 0.0 1 / s
1176 0.0 1 / s
1177 0.0 1 / s
1178 0.0 1 / s
IsSatellite
1186 0.0 1 / s
1187 1.789178413076981e+22 1 / s
1189 0.0 1 / s
1191 0.0 1 / s
IsSatellite
IsSatellite
1199 0.0 1 / s
1200 0.0 1 / s
1201 0.0 1 / s
1203 0.0 1 / s
1204 0.0 1 / s
1206 0.0 1 / s
1209 0.0 1 / s
1210 0.0 1 / s
1211 0.0 1 / s
1214 0.0 1 / s
1215 1.3516594122060303e+22 1 / s
1217 5.208855975094109e+22 1 / s
1218 0.0 1 / s
1219 0.0 1 / s
1220 0.0 1 / s
1221 0.0 1 / s
1222 0.0 1 / s
1223 0.0 1 / s
1224 0.0 1 / s
1228 0.0 1 / s
1230 0.0 1 / s
1231 0.0 1 / s
1233 9.09847576318383e+22 1 / s
1236 0.0 1 / s
1237 1.8118746707181299e+22 1 / s
1240 0.0 1 / s
IsSatellite
1243 0.0 1 / s
1245 0.0 1 / s
IsSatellite
1247 0.0 1 / s
1249 0.0 1 / s
IsSatellite
1255 0.0 1 / s
1256 0.0 1 / s
1257 0.0 1 / s
1259 3.191132732215798e+23 1 / s
1260 0.0 1 / s
1263 0.0 1 / s
1266 0.0 1 / s
1268 0.0 1 / s
1269 0.0 1 / s
1270 0.0 1 / s
1274 0.0 1 / s
1275 0.0 1 / s
1276 0.0 1 / s
1278 0.0 1 / s
1279 0.0 1 / s
1280 0.0 1 / s
1284 2.5768682461256588e+22 1 / s
1285 0.0 1 / s
1286 5.613951750763417e+22 1 / s
1287 0.0 1 / s
1288 0.0 1 / s
IsSatellite
1290 0.0 1 / s
1291 0.0 1 / s
1293 0.0 1 / s
1296 0.0 1 / s
1297 0.0 1 / s
1298 0.0 1 / s
1299 0.0 1 / s
1300 0.0 1 / s
1302 0.0 1 / s
1304 0.0 1 / s
IsSatellite
1309 0.0 1 / s
1310 0.0 1 / s
1311 0.0 1 / s
1313 0.0 1 / s
1316 0.0 1 / s
IsSatellite
1318 0.0 1 / s
1319 0.0 1 / s
1320 0.0 1 / s
1324 0.0 1 / s
1327 0.0 1 / s
1328 0.0 1 / s
1330 0.0 1 / s
1331 0.0 1 / s
1332 0.0 1 / s
1333 0.0 1 / s
1334 0.0 1 / s
1337 0.0 1 / s
1338 0.0 1 / s
1341 0.0 1 / s
1342 0.0 1 / s
1345 0.0 1 / s
1346 0.0 1 / s
1347 0.0 1 / s
1348 0.0 1 / s
1349 0.0 1 / s
1350 0.0 1 / s
1351 0.0 1 / s
1353 0.0 1 / s
1354 0.0 1 / s
1356 0.0 1 / s
1357 0.0 1 / s
1363 0.0 1 / s
1364 0.0 1 / s
1365 0.0 1 / s
1366 0.0 1 / s
1367 0.0 1 / s
1368 0.0 1 / s
1369 0.0 1 / s
1371 5.5718793737417683e+23 1 / s
1372 0.0 1 / s
1374 0.0 1 / s
1375 0.0 1 / s
1381 0.0 1 / s
1383 0.0 1 / s
1384 0.0 1 / s
1386 0.0 1 / s
1387 0.0 1 / s
1388 0.0 1 / s
1389 0.0 1 / s
IsSatellite
1391 0.0 1 / s
1392 0.0 1 / s
1393 0.0 1 / s
1395 0.0 1 / s
1397 0.0 1 / s
1398 0.0 1 / s
1400 0.0 1 / s
1404 0.0 1 / s
1405 0.0 1 / s
RadiusEqualZero
1408 0.0 1 / s
1409 0.0 1 / s
IsSatellite
1413 0.0 1 / s
1417 3.746957597202498e+22 1 / s
1418 0.0 1 / s
1419 0.0 1 / s
1420 0.0 1 / s
1421 0.0 1 / s
1422 0.0 1 / s
1423 0.0 1 / s
1424 0.0 1 / s
1426 0.0 1 / s
1427 0.0 1 / s
1430 0.0 1 / s
1433 0.0 1 / s
1434 1.2770859942422551e+22 1 / s
1435 0.0 1 / s
1437 0.0 1 / s
1438 0.0 1 / s
1440 0.0 1 / s
1441 0.0 1 / s
1442 0.0 1 / s
1443 0.0 1 / s
1445 0.0 1 / s
1448 0.0 1 / s
1449 0.0 1 / s
1456 0.0 1 / s
1458 0.0 1 / s
1459 0.0 1 / s
1461 0.0 1 / s
IsSatellite
1464 0.0 1 / s
1465 0.0 1 / s
1466 0.0 1 / s
1470 0.0 1 / s
1473 0.0 1 / s
1474 0.0 1 / s
1478 0.0 1 / s
1479 0.0 1 / s
1480 0.0 1 / s
1481 0.0 1 / s
1484 0.0 1 / s
1485 0.0 1 / s
1487 0.0 1 / s
1488 0.0 1 / s
1494 0.0 1 / s
1496 0.0 1 / s
1497 0.0 1 / s
1498 0.0 1 / s
1499 0.0 1 / s
1500 0.0 1 / s
1501 0.0 1 / s
1504 0.0 1 / s
IsSatellite
1506 0.0 1 / s
1507 0.0 1 / s
1508 0.0 1 / s
1509 0.0 1 / s
1510 0.0 1 / s
1511 0.0 1 / s
1513 0.0 1 / s
1514 0.0 1 / s
1515 0.0 1 / s
1516 0.0 1 / s
1517 0.0 1 / s
1519 0.0 1 / s
1520 0.0 1 / s
1524 0.0 1 / s
1525 0.0 1 / s
1527 0.0 1 / s
1528 0.0 1 / s
1529 0.0 1 / s
1530 0.0 1 / s
1531 0.0 1 / s
1532 0.0 1 / s
1536 0.0 1 / s
1537 0.0 1 / s
1541 0.0 1 / s
1542 0.0 1 / s
1544 0.0 1 / s
1545 0.0 1 / s
1546 0.0 1 / s
1548 0.0 1 / s
1549 0.0 1 / s
1550 0.0 1 / s
1552 0.0 1 / s
IsSatellite
1557 0.0 1 / s
1561 0.0 1 / s
1562 0.0 1 / s
1566 0.0 1 / s
1569 0.0 1 / s
1573 0.0 1 / s
1578 0.0 1 / s
1579 0.0 1 / s
1580 0.0 1 / s
1582 0.0 1 / s
1583 0.0 1 / s
1584 0.0 1 / s
1585 0.0 1 / s
1586 0.0 1 / s
1588 0.0 1 / s
RadiusEqualZero
1590 0.0 1 / s
1593 0.0 1 / s
1595 0.0 1 / s
1596 0.0 1 / s
IsSatellite
1600 0.0 1 / s
1601 0.0 1 / s
1602 0.0 1 / s
1605 0.0 1 / s
1608 0.0 1 / s
1610 0.0 1 / s
1613 0.0 1 / s
1616 0.0 1 / s
1618 0.0 1 / s
1620 0.0 1 / s
1621 0.0 1 / s
1623 0.0 1 / s
1624 0.0 1 / s
1625 0.0 1 / s
1626 0.0 1 / s
1628 0.0 1 / s
1630 0.0 1 / s
1631 0.0 1 / s
1632 0.0 1 / s
1633 0.0 1 / s
1635 0.0 1 / s
1637 0.0 1 / s
1639 0.0 1 / s
1642 0.0 1 / s
1643 0.0 1 / s
1644 0.0 1 / s
1645 0.0 1 / s
1646 0.0 1 / s
1647 0.0 1 / s
1651 0.0 1 / s
1653 0.0 1 / s
1654 0.0 1 / s
1656 0.0 1 / s
1658 0.0 1 / s
1660 0.0 1 / s
1661 0.0 1 / s
1663 0.0 1 / s
1667 0.0 1 / s
1669 0.0 1 / s
1670 0.0 1 / s
1671 0.0 1 / s
1673 0.0 1 / s
1674 0.0 1 / s
1676 0.0 1 / s
IsSatellite
1680 0.0 1 / s
1684 0.0 1 / s
IsSatellite
1689 0.0 1 / s
1690 0.0 1 / s
IsSatellite
1694 0.0 1 / s
1697 0.0 1 / s
1698 0.0 1 / s
1699 0.0 1 / s
1701 0.0 1 / s
1702 0.0 1 / s
1703 0.0 1 / s
1704 0.0 1 / s
1705 0.0 1 / s
1706 0.0 1 / s
1707 0.0 1 / s
1710 0.0 1 / s
1711 0.0 1 / s
1712 0.0 1 / s
1714 0.0 1 / s
1715 0.0 1 / s
1716 0.0 1 / s
IsSatellite
1720 0.0 1 / s
1722 0.0 1 / s
1724 0.0 1 / s
1725 0.0 1 / s
1726 0.0 1 / s
1727 0.0 1 / s
1728 0.0 1 / s
1730 0.0 1 / s
RadiusEqualZero
1732 0.0 1 / s
1733 0.0 1 / s
IsSatellite
1738 0.0 1 / s
1739 0.0 1 / s
1741 0.0 1 / s
1742 0.0 1 / s
1744 0.0 1 / s
1745 0.0 1 / s
1746 1.3980998461268457e+24 1 / s
1747 0.0 1 / s
RadiusEqualZero
1750 0.0 1 / s
1751 0.0 1 / s
1752 0.0 1 / s
1753 0.0 1 / s
1754 0.0 1 / s
IsSatellite
1758 0.0 1 / s
1761 0.0 1 / s
1763 0.0 1 / s
1764 0.0 1 / s
1765 0.0 1 / s
IsSatellite
1767 0.0 1 / s
1768 0.0 1 / s
1770 0.0 1 / s
1772 0.0 1 / s
1776 0.0 1 / s
1777 0.0 1 / s
1778 0.0 1 / s
1779 0.0 1 / s
1781 0.0 1 / s
1783 0.0 1 / s
1786 0.0 1 / s
1787 0.0 1 / s
1789 0.0 1 / s
1790 0.0 1 / s
1791 0.0 1 / s
1795 0.0 1 / s
1798 0.0 1 / s
1799 0.0 1 / s
1801 0.0 1 / s
1802 0.0 1 / s
1803 0.0 1 / s
1804 0.0 1 / s
1805 0.0 1 / s
1806 0.0 1 / s
1807 0.0 1 / s
1808 0.0 1 / s
1810 0.0 1 / s
1813 0.0 1 / s
1814 0.0 1 / s
1817 0.0 1 / s
1820 0.0 1 / s
1821 0.0 1 / s
1822 0.0 1 / s
1823 0.0 1 / s
1824 0.0 1 / s
1825 0.0 1 / s
1827 0.0 1 / s
1830 0.0 1 / s
IsSatellite
1832 0.0 1 / s
1834 0.0 1 / s
1836 0.0 1 / s
1837 0.0 1 / s
1838 0.0 1 / s
1839 0.0 1 / s
1842 0.0 1 / s
1843 0.0 1 / s
1844 0.0 1 / s
1845 0.0 1 / s
1847 0.0 1 / s
1848 0.0 1 / s
1849 0.0 1 / s
1851 0.0 1 / s
1854 0.0 1 / s
1855 0.0 1 / s
1856 0.0 1 / s
1858 0.0 1 / s
1859 0.0 1 / s
IsSatellite
1861 0.0 1 / s
1863 0.0 1 / s
1864 0.0 1 / s
1865 0.0 1 / s
1869 0.0 1 / s
1870 0.0 1 / s
1873 0.0 1 / s
1874 0.0 1 / s
1875 0.0 1 / s
1876 0.0 1 / s
1880 0.0 1 / s
1882 0.0 1 / s
1885 0.0 1 / s
IsSatellite
1889 0.0 1 / s
1891 0.0 1 / s
1892 0.0 1 / s
1893 0.0 1 / s
1894 0.0 1 / s
1895 0.0 1 / s
1896 0.0 1 / s
1897 0.0 1 / s
1899 0.0 1 / s
1902 0.0 1 / s
1903 0.0 1 / s
1905 0.0 1 / s
1907 0.0 1 / s
1908 0.0 1 / s
1909 0.0 1 / s
1910 0.0 1 / s
1912 0.0 1 / s
IsSatellite
1915 0.0 1 / s
1918 0.0 1 / s
1921 0.0 1 / s
1922 0.0 1 / s
1924 0.0 1 / s
1929 0.0 1 / s
IsSatellite
1931 0.0 1 / s
1933 0.0 1 / s
1934 0.0 1 / s
1935 0.0 1 / s
1938 0.0 1 / s
1939 0.0 1 / s
IsSatellite
IsSatellite
1944 0.0 1 / s
1946 0.0 1 / s
1950 0.0 1 / s
1954 0.0 1 / s
1955 0.0 1 / s
1956 0.0 1 / s
1957 0.0 1 / s
1958 0.0 1 / s
1960 0.0 1 / s
1961 0.0 1 / s
1962 0.0 1 / s
1968 0.0 1 / s
1970 0.0 1 / s
1971 0.0 1 / s
1972 0.0 1 / s
1975 0.0 1 / s
1976 0.0 1 / s
1979 0.0 1 / s
1981 0.0 1 / s
1983 0.0 1 / s
1985 0.0 1 / s
1986 0.0 1 / s
IsSatellite
1989 0.0 1 / s
1990 0.0 1 / s
1991 0.0 1 / s
1993 0.0 1 / s
1994 0.0 1 / s
1998 0.0 1 / s
2002 0.0 1 / s
2003 0.0 1 / s
IsSatellite
2006 0.0 1 / s
2007 0.0 1 / s
2008 0.0 1 / s
2013 0.0 1 / s
2014 0.0 1 / s
2018 0.0 1 / s
2019 0.0 1 / s
IsSatellite
2021 0.0 1 / s
2022 0.0 1 / s
2025 0.0 1 / s
2028 0.0 1 / s
2029 0.0 1 / s
2031 0.0 1 / s
IsSatellite
2033 0.0 1 / s
2040 0.0 1 / s
2041 0.0 1 / s
IsSatellite
2044 0.0 1 / s
2045 0.0 1 / s
2046 0.0 1 / s
2047 0.0 1 / s
2048 0.0 1 / s
2050 0.0 1 / s
IsSatellite
2052 0.0 1 / s
2054 0.0 1 / s
2056 0.0 1 / s
2057 0.0 1 / s
2059 0.0 1 / s
2060 0.0 1 / s
2061 0.0 1 / s
2062 0.0 1 / s
2063 0.0 1 / s
2064 0.0 1 / s
2065 0.0 1 / s
2068 0.0 1 / s
2069 0.0 1 / s
2070 0.0 1 / s
2071 0.0 1 / s
2072 0.0 1 / s
2073 0.0 1 / s
2074 0.0 1 / s
2075 0.0 1 / s
2076 0.0 1 / s
2078 0.0 1 / s
2079 0.0 1 / s
2080 0.0 1 / s
2082 0.0 1 / s
2084 0.0 1 / s
2085 0.0 1 / s
2086 0.0 1 / s
2087 0.0 1 / s
2089 0.0 1 / s
2091 0.0 1 / s
2094 0.0 1 / s
2095 0.0 1 / s
2096 0.0 1 / s
2097 0.0 1 / s
2098 0.0 1 / s
2101 0.0 1 / s
2102 0.0 1 / s
2103 0.0 1 / s
2104 0.0 1 / s
IsSatellite
2107 0.0 1 / s
2109 0.0 1 / s
2110 0.0 1 / s
2112 0.0 1 / s
2113 0.0 1 / s
2114 0.0 1 / s
2115 0.0 1 / s
2117 0.0 1 / s
2118 0.0 1 / s
2120 0.0 1 / s
2123 0.0 1 / s
2124 0.0 1 / s
2125 0.0 1 / s
2127 0.0 1 / s
IsSatellite
2129 0.0 1 / s
IsSatellite
2134 0.0 1 / s
2135 0.0 1 / s
2136 0.0 1 / s
2138 0.0 1 / s
2139 0.0 1 / s
2141 0.0 1 / s
2142 0.0 1 / s
2144 0.0 1 / s
2146 0.0 1 / s
IsSatellite
2149 0.0 1 / s
2150 0.0 1 / s
2153 0.0 1 / s
IsSatellite
2155 0.0 1 / s
2160 0.0 1 / s
IsSatellite
2170 0.0 1 / s
2171 0.0 1 / s
2173 0.0 1 / s
2175 0.0 1 / s
2177 0.0 1 / s
2178 0.0 1 / s
2180 0.0 1 / s
2181 0.0 1 / s
2182 0.0 1 / s
2183 0.0 1 / s
2187 0.0 1 / s
2190 0.0 1 / s
2191 0.0 1 / s
2193 0.0 1 / s
2195 0.0 1 / s
2200 0.0 1 / s
IsSatellite
2204 0.0 1 / s
2206 0.0 1 / s
2207 0.0 1 / s
2208 0.0 1 / s
2210 0.0 1 / s
2213 0.0 1 / s
IsSatellite
2216 0.0 1 / s
2217 0.0 1 / s
2219 0.0 1 / s
2221 0.0 1 / s
2222 0.0 1 / s
2223 0.0 1 / s
2225 0.0 1 / s
2227 0.0 1 / s
2229 0.0 1 / s
2230 0.0 1 / s
IsSatellite
2233 0.0 1 / s
2234 0.0 1 / s
2236 0.0 1 / s
2237 0.0 1 / s
2238 0.0 1 / s
2239 0.0 1 / s
2243 0.0 1 / s
2244 0.0 1 / s
2248 0.0 1 / s
IsSatellite
2250 0.0 1 / s
2251 0.0 1 / s
2252 0.0 1 / s
2253 0.0 1 / s
2255 0.0 1 / s
2256 0.0 1 / s
2257 0.0 1 / s
2258 0.0 1 / s
2260 0.0 1 / s
2261 0.0 1 / s
2263 0.0 1 / s
2264 0.0 1 / s
2265 0.0 1 / s
IsSatellite
2268 0.0 1 / s
2269 0.0 1 / s
2270 0.0 1 / s
2271 0.0 1 / s
2273 0.0 1 / s
IsSatellite
2275 0.0 1 / s
2280 0.0 1 / s
2284 0.0 1 / s
2286 0.0 1 / s
2288 0.0 1 / s
2289 0.0 1 / s
2291 0.0 1 / s
2294 0.0 1 / s
2298 0.0 1 / s
2299 0.0 1 / s
2303 0.0 1 / s
2308 0.0 1 / s
2310 0.0 1 / s
2311 0.0 1 / s
2313 0.0 1 / s
2314 0.0 1 / s
IsSatellite
2320 0.0 1 / s
2321 0.0 1 / s
2322 0.0 1 / s
2323 0.0 1 / s
2324 0.0 1 / s
2326 0.0 1 / s
2329 0.0 1 / s
2331 0.0 1 / s
2332 0.0 1 / s
2333 0.0 1 / s
IsSatellite
2337 0.0 1 / s
2338 0.0 1 / s
IsSatellite
2342 0.0 1 / s
2343 0.0 1 / s
2345 0.0 1 / s
2346 0.0 1 / s
2349 0.0 1 / s
2350 0.0 1 / s
2351 0.0 1 / s
2352 0.0 1 / s
2353 0.0 1 / s
2355 0.0 1 / s
2356 0.0 1 / s
2357 0.0 1 / s
2359 0.0 1 / s
2360 0.0 1 / s
2363 0.0 1 / s
2364 0.0 1 / s
2365 0.0 1 / s
2368 0.0 1 / s
2369 0.0 1 / s
2373 0.0 1 / s
2375 0.0 1 / s
2378 0.0 1 / s
2380 0.0 1 / s
2381 0.0 1 / s
2384 0.0 1 / s
2385 0.0 1 / s
2386 0.0 1 / s
2388 0.0 1 / s
2389 0.0 1 / s
2390 0.0 1 / s
2394 0.0 1 / s
2396 0.0 1 / s
2399 0.0 1 / s
2400 0.0 1 / s
2403 0.0 1 / s
2405 0.0 1 / s
2406 0.0 1 / s
2407 0.0 1 / s
2410 0.0 1 / s
2413 0.0 1 / s
2414 0.0 1 / s
IsSatellite
2416 0.0 1 / s
2417 0.0 1 / s
2419 0.0 1 / s
2421 0.0 1 / s
2422 0.0 1 / s
2423 0.0 1 / s
2424 0.0 1 / s
2425 0.0 1 / s
2426 0.0 1 / s
2427 0.0 1 / s
2429 0.0 1 / s
2430 0.0 1 / s
2436 0.0 1 / s
2437 0.0 1 / s
2438 0.0 1 / s
2441 0.0 1 / s
2442 0.0 1 / s
2445 0.0 1 / s
2447 0.0 1 / s
2448 0.0 1 / s
2449 0.0 1 / s
2450 0.0 1 / s
2451 0.0 1 / s
2452 0.0 1 / s
2455 0.0 1 / s
2457 0.0 1 / s
2458 0.0 1 / s
2460 0.0 1 / s
2462 0.0 1 / s
2463 0.0 1 / s
2465 0.0 1 / s
2466 0.0 1 / s
2468 0.0 1 / s
2469 0.0 1 / s
2471 0.0 1 / s
2472 0.0 1 / s
2475 0.0 1 / s
2477 0.0 1 / s
2478 0.0 1 / s
2480 0.0 1 / s
2482 0.0 1 / s
2483 0.0 1 / s
2485 0.0 1 / s
2486 0.0 1 / s
2487 0.0 1 / s
2488 0.0 1 / s
2489 0.0 1 / s
2490 0.0 1 / s
2491 0.0 1 / s
2496 0.0 1 / s
2498 0.0 1 / s
2499 0.0 1 / s
2500 0.0 1 / s
2501 0.0 1 / s
IsSatellite
2506 0.0 1 / s
2507 0.0 1 / s
2508 0.0 1 / s
2509 0.0 1 / s
2510 0.0 1 / s
2511 0.0 1 / s
2512 0.0 1 / s
2513 0.0 1 / s
2515 0.0 1 / s
2516 0.0 1 / s
2518 0.0 1 / s
IsSatellite
2521 0.0 1 / s
2522 0.0 1 / s
IsSatellite
IsSatellite
2529 0.0 1 / s
2530 0.0 1 / s
2532 0.0 1 / s
2534 0.0 1 / s
2535 0.0 1 / s
2536 0.0 1 / s
2537 0.0 1 / s
2538 0.0 1 / s
2539 0.0 1 / s
2540 0.0 1 / s
IsSatellite
2542 0.0 1 / s
2543 0.0 1 / s
2545 0.0 1 / s
2546 0.0 1 / s
2549 0.0 1 / s
2551 0.0 1 / s
IsSatellite
2553 0.0 1 / s
2555 0.0 1 / s
2556 0.0 1 / s
2557 0.0 1 / s
2559 0.0 1 / s
IsSatellite
2562 0.0 1 / s
2563 0.0 1 / s
2564 0.0 1 / s
2566 0.0 1 / s
2567 0.0 1 / s
2569 0.0 1 / s
2570 0.0 1 / s
2573 0.0 1 / s
2575 0.0 1 / s
2576 0.0 1 / s
2577 0.0 1 / s
2578 0.0 1 / s
2580 0.0 1 / s
2581 0.0 1 / s
2588 0.0 1 / s
2589 0.0 1 / s
2590 0.0 1 / s
2591 0.0 1 / s
RadiusEqualZero
2593 0.0 1 / s
2594 0.0 1 / s
2595 0.0 1 / s
2597 0.0 1 / s
2599 0.0 1 / s
2600 0.0 1 / s
2601 0.0 1 / s
2602 0.0 1 / s
2604 0.0 1 / s
2606 0.0 1 / s
IsSatellite
2610 0.0 1 / s
2611 0.0 1 / s
2612 0.0 1 / s
2613 0.0 1 / s
2617 0.0 1 / s
2620 0.0 1 / s
2624 0.0 1 / s
2625 0.0 1 / s
IsSatellite
2627 0.0 1 / s
2628 0.0 1 / s
2629 0.0 1 / s
2630 0.0 1 / s
2631 0.0 1 / s
2634 0.0 1 / s
2637 0.0 1 / s
2639 0.0 1 / s
2643 0.0 1 / s
2644 0.0 1 / s
2645 0.0 1 / s
2647 0.0 1 / s
IsSatellite
2650 0.0 1 / s
2651 0.0 1 / s
2653 0.0 1 / s
2654 0.0 1 / s
2657 0.0 1 / s
2660 0.0 1 / s
2662 0.0 1 / s
2664 0.0 1 / s
2665 0.0 1 / s
2668 0.0 1 / s
2669 0.0 1 / s
2672 0.0 1 / s
2673 0.0 1 / s
2675 0.0 1 / s
2679 0.0 1 / s
2680 0.0 1 / s
2683 0.0 1 / s
2684 0.0 1 / s
2685 0.0 1 / s
2686 0.0 1 / s
2687 0.0 1 / s
2688 0.0 1 / s
2689 0.0 1 / s
2691 0.0 1 / s
2692 0.0 1 / s
IsSatellite
2694 0.0 1 / s
2695 0.0 1 / s
2696 0.0 1 / s
2699 0.0 1 / s
2701 0.0 1 / s
2702 0.0 1 / s
2703 0.0 1 / s
2705 0.0 1 / s
IsSatellite
2709 0.0 1 / s
2710 0.0 1 / s
2711 0.0 1 / s
2715 0.0 1 / s
2716 0.0 1 / s
2717 0.0 1 / s
2719 0.0 1 / s
2720 0.0 1 / s
2721 0.0 1 / s
2723 0.0 1 / s
2724 0.0 1 / s
2725 0.0 1 / s
2726 0.0 1 / s
2727 0.0 1 / s
2728 0.0 1 / s
2729 0.0 1 / s
2730 0.0 1 / s
2731 0.0 1 / s
2732 0.0 1 / s
2733 0.0 1 / s
2735 0.0 1 / s
2736 0.0 1 / s
2737 0.0 1 / s
2738 0.0 1 / s
2740 0.0 1 / s
2744 0.0 1 / s
2745 0.0 1 / s
2747 0.0 1 / s
2750 0.0 1 / s
2751 0.0 1 / s
2752 0.0 1 / s
2753 0.0 1 / s
2756 0.0 1 / s
2757 0.0 1 / s
2759 0.0 1 / s
2760 0.0 1 / s
2761 0.0 1 / s
2762 0.0 1 / s
2765 0.0 1 / s
2766 0.0 1 / s
2767 0.0 1 / s
2768 0.0 1 / s
2769 0.0 1 / s
RadiusEqualZero
2772 0.0 1 / s
2773 0.0 1 / s
2774 0.0 1 / s
2775 0.0 1 / s
2778 0.0 1 / s
IsSatellite
2780 0.0 1 / s
2784 0.0 1 / s
2785 0.0 1 / s
2786 0.0 1 / s
2787 0.0 1 / s
IsSatellite
2791 0.0 1 / s
2793 0.0 1 / s
2794 0.0 1 / s
2796 0.0 1 / s
2798 0.0 1 / s
2799 0.0 1 / s
2801 0.0 1 / s
2802 0.0 1 / s
2805 0.0 1 / s
2807 0.0 1 / s
2810 0.0 1 / s
2812 0.0 1 / s
2813 0.0 1 / s
2814 0.0 1 / s
2815 0.0 1 / s
2816 0.0 1 / s
2817 0.0 1 / s
2818 0.0 1 / s
2819 0.0 1 / s
IsSatellite
2823 0.0 1 / s
2825 0.0 1 / s
2829 0.0 1 / s
IsSatellite
IsSatellite
2834 0.0 1 / s
2835 0.0 1 / s
2837 0.0 1 / s
2838 0.0 1 / s
2839 0.0 1 / s
2840 0.0 1 / s
2844 0.0 1 / s
2845 0.0 1 / s
IsSatellite
2848 0.0 1 / s
2849 0.0 1 / s
2850 0.0 1 / s
2852 0.0 1 / s
2853 0.0 1 / s
2856 0.0 1 / s
2860 0.0 1 / s
IsSatellite
2863 0.0 1 / s
2865 0.0 1 / s
2866 0.0 1 / s
2867 0.0 1 / s
2869 0.0 1 / s
2871 0.0 1 / s
2873 0.0 1 / s
2874 0.0 1 / s
2876 0.0 1 / s
2877 0.0 1 / s
2878 0.0 1 / s
2880 0.0 1 / s
2881 0.0 1 / s
IsSatellite
2886 0.0 1 / s
2887 0.0 1 / s
2888 0.0 1 / s
2890 0.0 1 / s
2891 0.0 1 / s
2892 0.0 1 / s
2893 0.0 1 / s
2894 0.0 1 / s
2895 0.0 1 / s
2898 0.0 1 / s
2900 0.0 1 / s
2901 0.0 1 / s
2904 0.0 1 / s
2905 0.0 1 / s
2909 0.0 1 / s
2910 0.0 1 / s
IsSatellite
2912 0.0 1 / s
2913 0.0 1 / s
2914 0.0 1 / s
2916 0.0 1 / s
2917 0.0 1 / s
2920 0.0 1 / s
2921 0.0 1 / s
2922 0.0 1 / s
2924 0.0 1 / s
2925 0.0 1 / s
2926 0.0 1 / s
2928 0.0 1 / s
2929 0.0 1 / s
2930 0.0 1 / s
2933 0.0 1 / s
2935 0.0 1 / s
IsSatellite
2937 0.0 1 / s
2938 0.0 1 / s
2940 0.0 1 / s
2941 0.0 1 / s
2944 0.0 1 / s
2945 0.0 1 / s
2947 0.0 1 / s
2948 0.0 1 / s
2950 0.0 1 / s
2951 0.0 1 / s
2952 0.0 1 / s
2953 0.0 1 / s
2954 0.0 1 / s
2955 0.0 1 / s
2957 0.0 1 / s
2961 0.0 1 / s
2962 0.0 1 / s
2963 0.0 1 / s
2964 0.0 1 / s
IsSatellite
IsSatellite
2970 0.0 1 / s
2971 0.0 1 / s
2973 0.0 1 / s
2975 0.0 1 / s
2976 0.0 1 / s
2977 0.0 1 / s
IsSatellite
2979 0.0 1 / s
2983 0.0 1 / s
2985 0.0 1 / s
2986 0.0 1 / s
IsSatellite
2989 0.0 1 / s
2990 0.0 1 / s
2993 0.0 1 / s
IsSatellite
2996 0.0 1 / s
2998 0.0 1 / s
2999 0.0 1 / s
123AllDone123
