yt : [INFO     ] 2017-07-21 12:10:50,882 Parameters: current_time              = 4.93026188837e+16
yt : [INFO     ] 2017-07-21 12:10:50,883 Parameters: domain_dimensions         = [2 2 2]
yt : [INFO     ] 2017-07-21 12:10:50,883 Parameters: domain_left_edge          = [ 0.  0.  0.]
yt : [INFO     ] 2017-07-21 12:10:50,884 Parameters: domain_right_edge         = [  2.67042630e+25   2.67042630e+25   2.67042630e+25]
yt : [INFO     ] 2017-07-21 12:10:50,884 Parameters: cosmological_simulation   = 1
yt : [INFO     ] 2017-07-21 12:10:50,884 Parameters: current_redshift          = 3.99999998167
yt : [INFO     ] 2017-07-21 12:10:50,884 Parameters: omega_lambda              = 0.712
yt : [INFO     ] 2017-07-21 12:10:50,884 Parameters: omega_matter              = 0.288
yt : [INFO     ] 2017-07-21 12:10:50,884 Parameters: hubble_constant           = 0.6933
yt : [INFO     ] 2017-07-21 12:10:50,950 Parameters: current_time              = 207.43449500999
yt : [INFO     ] 2017-07-21 12:10:50,950 Parameters: domain_dimensions         = [128 128 128]
yt : [INFO     ] 2017-07-21 12:10:50,950 Parameters: domain_left_edge          = [ 0.  0.  0.]
yt : [INFO     ] 2017-07-21 12:10:50,951 Parameters: domain_right_edge         = [ 1.  1.  1.]
yt : [INFO     ] 2017-07-21 12:10:50,951 Parameters: cosmological_simulation   = 1
yt : [INFO     ] 2017-07-21 12:10:50,951 Parameters: current_redshift          = 3.9999999816689
yt : [INFO     ] 2017-07-21 12:10:50,952 Parameters: omega_lambda              = 0.712
yt : [INFO     ] 2017-07-21 12:10:50,952 Parameters: omega_matter              = 0.288
yt : [INFO     ] 2017-07-21 12:10:50,952 Parameters: hubble_constant           = 0.6933
yt : [INFO     ] 2017-07-21 12:10:50,955 Allocating for 8.352e+03 particles (index particle type 'all')
yt : [INFO     ] 2017-07-21 12:10:50,960 Identified 2.889e+03 octs
OutOfBounds
OutOfBounds
OutOfBounds
OutOfBounds
OutOfBounds
OutOfBounds
OutOfBounds
OutOfBounds
OutOfBounds
OutOfBounds
OutOfBounds
OutOfBounds
OutOfBounds
OutOfBounds
OutOfBounds
OutOfBounds
OutOfBounds
OutOfBounds
OutOfBounds
OutOfBounds
OutOfBounds
OutOfBounds
OutOfBounds
OutOfBounds
OutOfBounds
OutOfBounds
OutOfBounds
OutOfBounds
OutOfBounds
OutOfBounds
OutOfBounds
OutOfBounds
OutOfBounds
OutOfBounds
OutOfBounds
OutOfBounds
OutOfBounds
OutOfBounds
OutOfBounds
OutOfBounds
OutOfBounds
OutOfBounds
OutOfBounds
OutOfBounds
OutOfBounds
OutOfBounds
OutOfBounds
OutOfBounds
OutOfBounds
OutOfBounds
OutOfBounds
OutOfBounds
OutOfBounds
OutOfBounds
OutOfBounds
OutOfBounds
OutOfBounds
OutOfBounds
OutOfBounds
OutOfBounds
OutOfBounds
OutOfBounds
OutOfBounds
OutOfBounds
OutOfBounds
Parsing Hierarchy :   0%|          | 0/38479 [00:00<?, ?it/s]Parsing Hierarchy :   4%|▍         | 1639/38479 [00:00<00:02, 16387.48it/s]Parsing Hierarchy :  10%|▉         | 3787/38479 [00:00<00:01, 17914.66it/s]Parsing Hierarchy :  16%|█▌        | 5979/38479 [00:00<00:01, 19115.50it/s]Parsing Hierarchy :  21%|██▏       | 8192/38479 [00:00<00:01, 20017.01it/s]Parsing Hierarchy :  27%|██▋       | 10363/38479 [00:00<00:01, 20524.10it/s]Parsing Hierarchy :  33%|███▎      | 12514/38479 [00:00<00:01, 20819.49it/s]Parsing Hierarchy :  37%|███▋      | 14404/38479 [00:00<00:01, 17847.38it/s]Parsing Hierarchy :  43%|████▎     | 16475/38479 [00:00<00:01, 18703.95it/s]Parsing Hierarchy :  48%|████▊     | 18574/38479 [00:00<00:01, 19387.44it/s]Parsing Hierarchy :  54%|█████▍    | 20702/38479 [00:01<00:00, 19955.17it/s]Parsing Hierarchy :  59%|█████▉    | 22848/38479 [00:01<00:00, 20406.12it/s]Parsing Hierarchy :  65%|██████▍   | 24965/38479 [00:01<00:00, 20635.12it/s]Parsing Hierarchy :  70%|███████   | 27006/38479 [00:01<00:00, 17479.61it/s]Parsing Hierarchy :  76%|███████▌  | 29103/38479 [00:01<00:00, 18526.18it/s]Parsing Hierarchy :  81%|████████  | 31260/38479 [00:01<00:00, 19437.11it/s]Parsing Hierarchy :  87%|████████▋ | 33400/38479 [00:01<00:00, 20023.05it/s]Parsing Hierarchy :  92%|█████████▏| 35591/38479 [00:01<00:00, 20587.79it/s]Parsing Hierarchy :  98%|█████████▊| 37744/38479 [00:01<00:00, 20868.78it/s]Parsing Hierarchy : 100%|██████████| 38479/38479 [00:02<00:00, 19140.93it/s]
yt : [INFO     ] 2017-07-21 12:11:00,204 Gathering a field list (this may take a moment.)
[65, 8351, 38299392926.06006, 39.90049125956991, 56276845214.424446, 23.940079843054743]
OutOfBounds
[67, 8350, 34755364083.06328, 30.126513455219456, 50233896709.89266, 23.05055054845639]
OutOfBounds
OutOfBounds
OutOfBounds
OutOfBounds
[72, 8348, 27744284622.11082, 25.601518021382095, 41047747912.14937, 21.54990987055369]
OutOfBounds
OutOfBounds
[75, 8347, 23177112169.845016, 21.158034576386928, 31628419385.75661, 19.75641663414221]
[76, 8346, 22984666615.313854, 24.25474999840871, 30364011372.075535, 19.489561222637924]
OutOfBounds
[78, 8345, 19623082220.6782, 18.736773407304018, 25421439394.614365, 18.368867960633292]
OutOfBounds
[80, 8343, 18198075925.838425, 21.236330853032175, 26787072632.59539, 18.692071418814216]
[81, 8342, 18194439158.522068, 24.252341480711642, 24564206074.417744, 18.16003121387229]
OutOfBounds
[83, 8341, 17582856278.78691, 23.56530763683801, 26492294458.79541, 18.62325276545489]
OutOfBounds
OutOfBounds
OutOfBounds
OutOfBounds
OutOfBounds
[89, 8340, 13859413628.111269, 18.178164191380297, 19148439333.41322, 16.713220426477587]
OutOfBounds
OutOfBounds
OutOfBounds
[93, 8339, 12799902354.61361, 19.474081782169048, 19111131549.79196, 16.70235899120839]
[94, 8338, 12674433914.64871, 20.202233015349048, 15922278310.412912, 15.716315922607263]
OutOfBounds
OutOfBounds
OutOfBounds
OutOfBounds
[99, 8336, 11512790118.640009, 19.00948039120439, 15154550379.326841, 15.459544672214617]
OutOfBounds
[101, 8334, 11116079519.09887, 20.161520220586326, 14387143249.469345, 15.194061125102719]
OutOfBounds
[103, 8332, 10586323882.108734, 18.573853887777883, 14720865646.537954, 15.310644158050597]
OutOfBounds
OutOfBounds
OutOfBounds
[107, 8331, 9788356724.576012, 18.277382441360842, 12683438721.290693, 14.568942132203105]
[108, 8330, 9765929998.49001, 17.77426701285755, 12433049155.903572, 14.472433527900979]
OutOfBounds
OutOfBounds
OutOfBounds
[112, 8327, 9404677870.882017, 16.544955105383806, 13784830877.028967, 14.979000227138714]
OutOfBounds
OutOfBounds
[115, 8326, 7938757953.839375, 15.829598410659873, 10853706880.368351, 13.831683503159272]
[116, 8325, 7885721777.731494, 19.491743455474566, 10021498919.45686, 13.468727756785539]
OutOfBounds
[118, 8324, 7780558616.334143, 18.617669822414598, 10608171006.019716, 13.72658542915282]
OutOfBounds
OutOfBounds
[121, 8322, 7650544218.013444, 16.86136599673851, 9666684372.061344, 13.307859063323553]
OutOfBounds
OutOfBounds
OutOfBounds
OutOfBounds
OutOfBounds
OutOfBounds
OutOfBounds
OutOfBounds
OutOfBounds
OutOfBounds
OutOfBounds
OutOfBounds
OutOfBounds
OutOfBounds
OutOfBounds
OutOfBounds
[138, 8318, 6284332312.991567, 19.317381438405963, 7919150841.876684, 12.452079509093112]
OutOfBounds
OutOfBounds
[141, 8317, 6038244454.036826, 18.32032154269883, 8017042651.498857, 12.503177922765374]
[142, 8316, 5977934744.943254, 16.490453534954995, 7497989635.357199, 12.227301614381707]
OutOfBounds
OutOfBounds
OutOfBounds
[146, 8314, 5738817354.94643, 15.869773510201444, 9326700576.632809, 13.149977955239475]
[147, 8313, 5738514291.242721, 14.291268918601212, 7480529535.86615, 12.217803253650926]
OutOfBounds
OutOfBounds
OutOfBounds
OutOfBounds
OutOfBounds
OutOfBounds
[154, 8310, 5069955404.197309, 17.07828699677355, 6217726225.184849, 11.487518182792236]
[155, 8308, 4994795565.465403, 16.48537921956386, 6434181014.635426, 11.619303744643183]
[156, 8307, 4909028491.626719, 13.835491758645526, 6002238336.173603, 11.353247147719827]
OutOfBounds
[158, 8306, 4705672637.987575, 13.965290886739723, 5898687106.323139, 11.287578921881536]
[159, 8305, 4702641999.268872, 20.694126531143016, 5448105330.225629, 10.992526259126349]
[160, 8304, 4658091611.036902, 13.751034976087139, 5464346352.251671, 11.003438477957696]
OutOfBounds
[162, 8303, 4653242589.286893, 14.93686640226615, 5482118932.104299, 11.015354990447035]
[163, 8302, 4539593639.743741, 12.87846470507932, 5496647655.449066, 11.025077379202404]
OutOfBounds
OutOfBounds
[166, 8300, 4290475142.504868, 16.574044775309186, 5184306445.235168, 10.812162599280544]
[167, 8299, 4235317518.9066973, 18.253928896065066, 5374658349.107619, 10.942905131903007]
OutOfBounds
[169, 8298, 4190161003.057439, 13.05123168094009, 6071953224.728891, 11.39703334873255]
[170, 8297, 4160763807.933138, 14.563985001210346, 5478391846.296765, 11.012858116444573]
[171, 7889, 4124093080.2211995, 13.876333228496065, 4763625346.949701, 10.51142378618123]
[172, 8296, 4080451883.5811186, 14.108301710403193, 5943060085.73293, 11.31581191691774]
OutOfBounds
OutOfBounds
[175, 8294, 3972561147.694277, 15.429020267904988, 4752175446.830797, 10.502995239901956]
OutOfBounds
OutOfBounds
OutOfBounds
OutOfBounds
[180, 8291, 3826181300.627021, 12.206587532243157, 4716418124.700446, 10.476585938927462]
OutOfBounds
OutOfBounds
OutOfBounds
[184, 8290, 3780418657.0754104, 12.411040110269257, 5122466125.9075985, 10.769000034238061]
OutOfBounds
OutOfBounds
OutOfBounds
OutOfBounds
OutOfBounds
OutOfBounds
[191, 8288, 3465232237.0437303, 14.84826659282598, 4644695602.068855, 10.423208669628732]
OutOfBounds
OutOfBounds
OutOfBounds
[195, 8287, 3369767119.4358807, 17.706277877688535, 4415650024.419739, 10.248978015383175]
OutOfBounds
[197, 8285, 3291273578.2827406, 15.597912110561074, 5151017164.88644, 10.788970666492311]
[198, 8284, 3285818428.533209, 12.577600150643539, 3847865192.136749, 9.789389970193918]
[199, 8283, 3216113739.6818056, 13.456202977703805, 3644684507.587072, 9.613960354276575]
OutOfBounds
[201, 8282, 3202475865.55354, 11.719083069507302, 3719781175.3982873, 9.679542047276279]
OutOfBounds
OutOfBounds
[204, 8280, 3151561136.308464, 14.12669023247718, 4210682040.6700125, 10.087878183995008]
OutOfBounds
OutOfBounds
[207, 8279, 3130952793.278804, 10.358766175183128, 3925157988.31641, 9.854503027129772]
[208, 8277, 3054883763.19357, 15.904344867619912, 3402893222.9712973, 9.396478417624454]
[209, 8276, 3027608015.406736, 13.761621708025785, 4464898573.686405, 10.286940136822343]
[210, 8275, 3020637546.387822, 13.83130653329616, 3640867654.7342634, 9.610603146551178]
[211, 8274, 3019425290.898278, 15.04411856384055, 3934930511.263947, 9.862674549142088]
[212, 8273, 3015485460.6187963, 13.35319703177695, 3887580888.1112742, 9.822955111336254]
OutOfBounds
[214, 8272, 2964570731.256476, 13.00769841645669, 3654429535.578475, 9.622521217474956]
[215, 8271, 2939113366.6384296, 12.0782122248209, 3449192460.9926624, 9.438902267881582]
[216, 8270, 2910019235.60977, 11.458910999185084, 3629245340.688525, 9.6003659794206]
[217, 8269, 2902442638.9000716, 17.70891789083939, 3174958406.5053964, 9.181811234522986]
OutOfBounds
OutOfBounds
[220, 8268, 2798188669.158844, 11.965695626597272, 3407321758.905188, 9.400552852821333]
[221, 8267, 2795764158.2510314, 16.871613052702934, 3060884579.731876, 9.070502160620924]
OutOfBounds
[223, 8266, 2787581433.9208446, 11.196936949942293, 3127932327.3677464, 9.13625325193398]
OutOfBounds
[225, 8264, 2666052823.8676786, 10.195196595260924, 3336542962.3009615, 9.335005691330654]
[226, 8263, 2663931376.8313866, 11.439920356056632, 2843151745.774903, 8.850117291855168]
OutOfBounds
[228, 8261, 2623017754.9629865, 11.197902614104864, 3489626064.311922, 9.47564199388658]
[229, 8260, 2616047286.0862026, 13.763051650354866, 3253248480.7700686, 9.256669511575067]
OutOfBounds
OutOfBounds
[232, 8259, 2575133664.194792, 10.073241765732863, 2917930405.0608625, 8.927036759317291]
OutOfBounds
OutOfBounds
OutOfBounds
[236, 8255, 2496033995.4842477, 9.831389277017594, 3236145711.983061, 9.240419813291933]
[237, 8254, 2437845733.173107, 9.799322738833741, 3041253384.78586, 9.051069125202389]
OutOfBounds
OutOfBounds
OutOfBounds
[241, 8252, 2368444108.072637, 12.077033511392452, 2901077517.5937905, 8.90981714372429]
OutOfBounds
