yt : [INFO     ] 2017-07-23 22:13:41,712 Parameters: current_time              = 2.442094332e+16
yt : [INFO     ] 2017-07-23 22:13:41,712 Parameters: domain_dimensions         = [2 2 2]
yt : [INFO     ] 2017-07-23 22:13:41,713 Parameters: domain_left_edge          = [ 0.  0.  0.]
yt : [INFO     ] 2017-07-23 22:13:41,713 Parameters: domain_right_edge         = [  1.66901647e+25   1.66901647e+25   1.66901647e+25]
yt : [INFO     ] 2017-07-23 22:13:41,714 Parameters: cosmological_simulation   = 1
yt : [INFO     ] 2017-07-23 22:13:41,714 Parameters: current_redshift          = 6.99999981444
yt : [INFO     ] 2017-07-23 22:13:41,714 Parameters: omega_lambda              = 0.712
yt : [INFO     ] 2017-07-23 22:13:41,714 Parameters: omega_matter              = 0.288
yt : [INFO     ] 2017-07-23 22:13:41,714 Parameters: hubble_constant           = 0.6933
yt : [INFO     ] 2017-07-23 22:13:41,830 Parameters: current_time              = 102.74801136229
yt : [INFO     ] 2017-07-23 22:13:41,830 Parameters: domain_dimensions         = [128 128 128]
yt : [INFO     ] 2017-07-23 22:13:41,831 Parameters: domain_left_edge          = [ 0.  0.  0.]
yt : [INFO     ] 2017-07-23 22:13:41,831 Parameters: domain_right_edge         = [ 1.  1.  1.]
yt : [INFO     ] 2017-07-23 22:13:41,832 Parameters: cosmological_simulation   = 1
yt : [INFO     ] 2017-07-23 22:13:41,832 Parameters: current_redshift          = 6.9999998144358
yt : [INFO     ] 2017-07-23 22:13:41,832 Parameters: omega_lambda              = 0.712
yt : [INFO     ] 2017-07-23 22:13:41,832 Parameters: omega_matter              = 0.288
yt : [INFO     ] 2017-07-23 22:13:41,832 Parameters: hubble_constant           = 0.6933
yt : [INFO     ] 2017-07-23 22:13:41,835 Allocating for 7.336e+03 particles (index particle type 'all')
yt : [INFO     ] 2017-07-23 22:13:41,841 Identified 2.441e+03 octs
[4, 7335, <Quantity 2737.447579496897 kpc>, <Quantity 2767.698766315792 kpc>, <Quantity 2842.2331634167736 kpc>, <Quantity 20279553905.301243 solMass>, <Quantity 16206340201.714464 solMass>, <Quantity 10.700063693759331 kpc>, <Quantity 11.035863422778588 kpc>, 2319, 0, 0, 0, 0, 0]
[5, 7334, <Quantity 2884.8830740655058 kpc>, <Quantity 2835.4506116260623 kpc>, <Quantity 2745.414505277285 kpc>, <Quantity 16725724880.210512 solMass>, <Quantity 13503616650.249233 solMass>, <Quantity 10.034487894108103 kpc>, <Quantity 13.376914106444003 kpc>, -1, 0, 0, 0, 0, 0]
[8, 7333, <Quantity 2794.9949689348823 kpc>, <Quantity 2446.512225510431 kpc>, <Quantity 2696.0419287316145 kpc>, <Quantity 11344795783.237394 solMass>, <Quantity 9352550885.813553 solMass>, <Quantity 8.816559131255767 kpc>, <Quantity 12.279234973796502 kpc>, -1, 0, 0, 0, 0, 0]
[11, 7331, <Quantity 2778.602308131146 kpc>, <Quantity 2469.5108605944038 kpc>, <Quantity 2677.277760851477 kpc>, <Quantity 8757685215.225977 solMass>, <Quantity 7134426455.102038 solMass>, <Quantity 8.087792628361878 kpc>, <Quantity 9.982971427383799 kpc>, 2081, 0, 0, 0, 0, 0]
[15, 7330, <Quantity 2415.6842311293044 kpc>, <Quantity 2604.8005412031534 kpc>, <Quantity 2522.1182391731986 kpc>, <Quantity 6631924631.409853 solMass>, <Quantity 5268765299.777131 solMass>, <Quantity 7.371911130277366 kpc>, <Quantity 9.047388023062695 kpc>, -1, 0, 0, 0, 0, 0]
[17, 7329, <Quantity 2674.4214063331274 kpc>, <Quantity 2868.7479496220335 kpc>, <Quantity 2759.8201217265328 kpc>, <Quantity 20348341.089688536 solMass>, <Quantity 4824170609.3136015 solMass>, <Quantity 1.0712148059350979 kpc>, <Quantity 11.919381714695879 kpc>, -1, 0, 0, 0, 0, 0]
[18, 7328, <Quantity 3131.0599061510534 kpc>, <Quantity 2452.5782504297404 kpc>, <Quantity 2747.0648968931055 kpc>, <Quantity 5197677446.975339 solMass>, <Quantity 4640210842.940689 solMass>, <Quantity 6.796781970732736 kpc>, <Quantity 9.18578854772495 kpc>, -1, 0, 0, 0, 0, 0]
[19, 7327, <Quantity 3001.346078865489 kpc>, <Quantity 3032.1156310243127 kpc>, <Quantity 2279.3362441348354 kpc>, <Quantity 5394714060.660963 solMass>, <Quantity 4441097883.434579 solMass>, <Quantity 6.8816044686188595 kpc>, <Quantity 9.292211457454238 kpc>, -1, 0, 0, 0, 0, 0]
[21, 7325, <Quantity 2372.8500694912573 kpc>, <Quantity 3014.2195774106767 kpc>, <Quantity 2891.889247251982 kpc>, <Quantity 4843931092.303832 solMass>, <Quantity 4066814009.6898856 solMass>, <Quantity 6.638952313828851 kpc>, <Quantity 9.913049786741826 kpc>, -1, 0, 0, 0, 0, 0]
[23, 7324, <Quantity 2798.1891052956094 kpc>, <Quantity 2681.2149967974638 kpc>, <Quantity 2328.514785068099 kpc>, <Quantity 4006832023.7906137 solMass>, <Quantity 3915888204.662692 solMass>, <Quantity 6.232093241994465 kpc>, <Quantity 12.056675839055469 kpc>, -1, 0, 0, 0, 0, 0]
[24, 7323, <Quantity 3025.680617351119 kpc>, <Quantity 2982.509183204881 kpc>, <Quantity 2303.2081313625436 kpc>, <Quantity 3844312663.821049 solMass>, <Quantity 3701318988.0314574 solMass>, <Quantity 6.1466685890879 kpc>, <Quantity 8.791081013476402 kpc>, -1, 0, 0, 0, 0, 0]
[25, 7322, <Quantity 3025.6916598488356 kpc>, <Quantity 2990.62421682714 kpc>, <Quantity 3178.623218195695 kpc>, <Quantity 3817927688.4647703 solMass>, <Quantity 3688287241.7316227 solMass>, <Quantity 6.132573988543975 kpc>, <Quantity 7.140463157355999 kpc>, -1, 0, 0, 0, 0, 0]
[29, 7321, <Quantity 2715.277795437447 kpc>, <Quantity 2499.4104092419057 kpc>, <Quantity 2704.757573332352 kpc>, <Quantity 3800350279.421716 solMass>, <Quantity 3288849067.181543 solMass>, <Quantity 6.12314822840812 kpc>, <Quantity 7.09055717003526 kpc>, -1, 0, 0, 0, 0, 0]
[31, 7319, <Quantity 3012.866188352463 kpc>, <Quantity 2973.646153936594 kpc>, <Quantity 3216.6702210841427 kpc>, <Quantity 3060431156.8771186 solMass>, <Quantity 2996998564.814328 solMass>, <Quantity 5.696757970369226 kpc>, <Quantity 8.779350161099774 kpc>, -1, 0, 0, 0, 0, 0]
[32, 7318, <Quantity 2831.800559839154 kpc>, <Quantity 2726.8078210365925 kpc>, <Quantity 2927.329579879476 kpc>, <Quantity 3458179856.74958 solMass>, <Quantity 2919414215.24462 solMass>, <Quantity 5.933570261039064 kpc>, <Quantity 9.667446382258694 kpc>, -1, 0, 0, 0, 0, 0]
[33, 7316, <Quantity 2474.0276563019083 kpc>, <Quantity 2709.2056968879047 kpc>, <Quantity 2583.4022046146965 kpc>, <Quantity 3389999550.3646216 solMass>, <Quantity 2917898896.0320377 solMass>, <Quantity 5.894316391580148 kpc>, <Quantity 10.952342267803493 kpc>, -1, 0, 0, 0, 0, 0]
[37, 7314, <Quantity 3050.728608615115 kpc>, <Quantity 2451.0259164877366 kpc>, <Quantity 2739.339138244785 kpc>, <Quantity 3186998541.233692 solMass>, <Quantity 2857589186.7455955 solMass>, <Quantity 5.774231416359793 kpc>, <Quantity 8.70670199627499 kpc>, -1, 0, 0, 0, 0, 0]
[39, 7312, <Quantity 2753.693494141193 kpc>, <Quantity 2752.639649045625 kpc>, <Quantity 2964.256897846206 kpc>, <Quantity 2447893328.7002525 solMass>, <Quantity 2757881175.018423 solMass>, <Quantity 5.288076468360672 kpc>, <Quantity 8.063448151813219 kpc>, -1, 0, 0, 0, 0, 0]
[40, 7310, <Quantity 2733.8509382640154 kpc>, <Quantity 2488.909004721177 kpc>, <Quantity 2690.6289213731534 kpc>, <Quantity 2673637304.611092 solMass>, <Quantity 2699086785.127329 solMass>, <Quantity 5.445875741254039 kpc>, <Quantity 8.55341996066113 kpc>, -1, 0, 0, 0, 0, 0]
[41, 7308, <Quantity 2345.339910227895 kpc>, <Quantity 3033.74299250661 kpc>, <Quantity 2888.172431999166 kpc>, <Quantity 2889547189.496681 solMass>, <Quantity 2656354780.181152 solMass>, <Quantity 5.588691808427206 kpc>, <Quantity 8.722868726816397 kpc>, -1, 0, 0, 0, 0, 0]
[42, 7307, <Quantity 2778.2649034505907 kpc>, <Quantity 2680.35020249385 kpc>, <Quantity 2306.400875858342 kpc>, <Quantity 2924621748.3057218 solMass>, <Quantity 2652111886.0062966 solMass>, <Quantity 5.611213569776926 kpc>, <Quantity 7.198018476145456 kpc>, -1, 0, 0, 0, 0, 0]
[44, 7305, <Quantity 3006.410599914676 kpc>, <Quantity 2742.510777692314 kpc>, <Quantity 2623.4585726717737 kpc>, <Quantity 3124379589.451103 solMass>, <Quantity 2567860131.434884 solMass>, <Quantity 5.736163139749761 kpc>, <Quantity 10.534556085534764 kpc>, -1, 0, 0, 0, 0, 0]
[47, 7304, <Quantity 2764.51842100224 kpc>, <Quantity 2475.0793894215067 kpc>, <Quantity 2682.4419809208243 kpc>, <Quantity 2642579833.8660026 solMass>, <Quantity 2456635692.7992477 solMass>, <Quantity 5.424706790707397 kpc>, <Quantity 6.696393093275188 kpc>, -1, 0, 0, 0, 0, 0]
[48, 7303, <Quantity 2446.796722564821 kpc>, <Quantity 2699.9460170518446 kpc>, <Quantity 2580.027041732279 kpc>, <Quantity 2548833129.2902074 solMass>, <Quantity 2429663008.836431 solMass>, <Quantity 5.359784949588421 kpc>, <Quantity 5.9823806363968295 kpc>, -1, 0, 0, 0, 0, 0]
[50, 7302, <Quantity 3055.012583109761 kpc>, <Quantity 2910.8423966398486 kpc>, <Quantity 3117.7559774126535 kpc>, <Quantity 2544370775.745768 solMass>, <Quantity 2392083089.4837146 solMass>, <Quantity 5.356655252532777 kpc>, <Quantity 7.908267933345237 kpc>, -1, 0, 0, 0, 0, 0]
[55, 7300, <Quantity 2830.8056224975976 kpc>, <Quantity 3069.465107635258 kpc>, <Quantity 2865.8567144766507 kpc>, <Quantity 2681271888.795906 solMass>, <Quantity 2277828012.240472 solMass>, <Quantity 5.4510543899508495 kpc>, <Quantity 7.972785292178676 kpc>, -1, 0, 0, 0, 0, 0]
[58, 7298, <Quantity 2488.6673390985943 kpc>, <Quantity 2287.511692572996 kpc>, <Quantity 3100.402910601303 kpc>, <Quantity 2041284773.3521519 solMass>, <Quantity 2252673711.4132466 solMass>, <Quantity 4.9773872282569265 kpc>, <Quantity 9.271591340822628 kpc>, -1, 0, 0, 0, 0, 0]
[59, 7297, <Quantity 2870.1448282300603 kpc>, <Quantity 2807.5800986114677 kpc>, <Quantity 2749.3899702778226 kpc>, <Quantity 2403720031.6491094 solMass>, <Quantity 2229034729.9350314 solMass>, <Quantity 5.256074649178989 kpc>, <Quantity 6.253959767040407 kpc>, -1, 0, 0, 0, 0, 0]
[62, 7296, <Quantity 2788.0757204453075 kpc>, <Quantity 2470.9859423105536 kpc>, <Quantity 2679.1911066983325 kpc>, <Quantity 2317433449.046914 solMass>, <Quantity 2138721698.0190804 solMass>, <Quantity 5.192414102487263 kpc>, <Quantity 6.424759695917763 kpc>, -1, 0, 0, 0, 0, 0]
[63, 7295, <Quantity 3140.7783369120693 kpc>, <Quantity 2433.639098649031 kpc>, <Quantity 2381.896836152768 kpc>, <Quantity 2180187224.516478 solMass>, <Quantity 2136903314.8450942 solMass>, <Quantity 5.087817138053136 kpc>, <Quantity 9.320355622231792 kpc>, -1, 0, 0, 0, 0, 0]
[64, 7294, <Quantity 3082.887589207871 kpc>, <Quantity 2449.599852019269 kpc>, <Quantity 2754.1758140962406 kpc>, <Quantity 2345633802.8151994 solMass>, <Quantity 2121447057.711678 solMass>, <Quantity 5.213391036791831 kpc>, <Quantity 7.625376188999337 kpc>, -1, 0, 0, 0, 0, 0]
[65, 7293, <Quantity 2783.2702148313506 kpc>, <Quantity 2768.877777867698 kpc>, <Quantity 2738.6400345051893 kpc>, <Quantity 2058129486.2307146 solMass>, <Quantity 2068713945.131281 solMass>, <Quantity 4.991040898355367 kpc>, <Quantity 6.557431478776289 kpc>, -1, 0, 0, 0, 0, 0]
[68, 7292, <Quantity 2700.6678554250034 kpc>, <Quantity 2974.113273169335 kpc>, <Quantity 2882.286763381931 kpc>, <Quantity 1835074847.3677971 solMass>, <Quantity 2002342958.6620471 solMass>, <Quantity 4.803798968801204 kpc>, <Quantity 8.853099498917768 kpc>, -1, 0, 0, 0, 0, 0]
[69, 7291, <Quantity 2868.6406047706027 kpc>, <Quantity 2758.591678037668 kpc>, <Quantity 2717.0560355109747 kpc>, <Quantity 1918265410.5077403 solMass>, <Quantity 1995675553.5787008 solMass>, <Quantity 4.8753200266859436 kpc>, <Quantity 8.72142855615869 kpc>, -1, 0, 0, 0, 0, 0]
[71, 7290, <Quantity 3047.9255306979103 kpc>, <Quantity 3004.4591245918955 kpc>, <Quantity 2880.013479780177 kpc>, <Quantity 1888706620.5759573 solMass>, <Quantity 1980219296.4447312 solMass>, <Quantity 4.8501488212019925 kpc>, <Quantity 5.974804286486362 kpc>, -1, 0, 0, 0, 0, 0]
[72, 7289, <Quantity 2913.6149910076742 kpc>, <Quantity 2952.7602441434406 kpc>, <Quantity 2978.0977104726776 kpc>, <Quantity 1783267418.4183757 solMass>, <Quantity 1978097849.3714213 solMass>, <Quantity 4.758160149033448 kpc>, <Quantity 6.217320931893242 kpc>, -1, 0, 0, 0, 0, 0]
[73, 7288, <Quantity 2826.56632495375 kpc>, <Quantity 2746.150101042704 kpc>, <Quantity 2902.754882868843 kpc>, <Quantity 2001191053.3420603 solMass>, <Quantity 1965672230.8953865 solMass>, <Quantity 4.944583871799795 kpc>, <Quantity 8.358902365520406 kpc>, -1, 0, 0, 0, 0, 0]
[74, 7287, <Quantity 2957.487708842741 kpc>, <Quantity 2920.5872156493656 kpc>, <Quantity 2991.0388306908512 kpc>, <Quantity 1867481749.295176 solMass>, <Quantity 1924455545.1949892 solMass>, <Quantity 4.831912032616963 kpc>, <Quantity 6.61272643291976 kpc>, -1, 0, 0, 0, 0, 0]
[76, 7285, <Quantity 2525.6809965926586 kpc>, <Quantity 2696.1883941998963 kpc>, <Quantity 2611.9292717844696 kpc>, <Quantity 1865356920.9823027 solMass>, <Quantity 1842325237.718866 solMass>, <Quantity 4.830078747428167 kpc>, <Quantity 6.027997611565998 kpc>, -1, 0, 0, 0, 0, 0]
[78, 7284, <Quantity 2542.7042782741923 kpc>, <Quantity 2896.210103874381 kpc>, <Quantity 2752.291986412547 kpc>, <Quantity 1786510792.3335624 solMass>, <Quantity 1825959788.9945376 solMass>, <Quantity 4.761043086590216 kpc>, <Quantity 5.783109586370771 kpc>, -1, 0, 0, 0, 0, 0]
[80, 7283, <Quantity 2411.986125657271 kpc>, <Quantity 2708.977688445818 kpc>, <Quantity 2532.381217083877 kpc>, <Quantity 1779710269.3599465 solMass>, <Quantity 1787470678.0961409 solMass>, <Quantity 4.7549942841030735 kpc>, <Quantity 4.886674942815519 kpc>, -1, 0, 0, 0, 0, 0]
[82, 7282, <Quantity 2802.4005367474642 kpc>, <Quantity 3067.2250699924202 kpc>, <Quantity 2831.6650682705863 kpc>, <Quantity 1787973315.850924 solMass>, <Quantity 1782015528.470414 solMass>, <Quantity 4.762341938380967 kpc>, <Quantity 5.712421801575767 kpc>, -1, 0, 0, 0, 0, 0]
[84, 7280, <Quantity 2776.8709844328514 kpc>, <Quantity 2462.065732037627 kpc>, <Quantity 2759.3719458883115 kpc>, <Quantity 1653040703.8226247 solMass>, <Quantity 1737768204.128159 solMass>, <Quantity 4.639395671232263 kpc>, <Quantity 6.675352136269312 kpc>, -1, 0, 0, 0, 0, 0]
[85, 7279, <Quantity 2660.097701173572 kpc>, <Quantity 3056.122396726652 kpc>, <Quantity 2850.755679801147 kpc>, <Quantity 1579238180.4111035 solMass>, <Quantity 1730797735.2730277 solMass>, <Quantity 4.569297572566099 kpc>, <Quantity 10.036389523731298 kpc>, -1, 0, 0, 0, 0, 0]
[88, 7278, <Quantity 3117.1459752118753 kpc>, <Quantity 2831.78065720662 kpc>, <Quantity 2338.478015929512 kpc>, <Quantity 1735480482.3643339 solMass>, <Quantity 1698976029.3911471 solMass>, <Quantity 4.715272633262212 kpc>, <Quantity 6.8645308631443385 kpc>, -1, 0, 0, 0, 0, 0]
[89, 7277, <Quantity 2562.559206861404 kpc>, <Quantity 2894.3705882964528 kpc>, <Quantity 2751.0873856654966 kpc>, <Quantity 1580469722.3910773 solMass>, <Quantity 1688368794.111486 solMass>, <Quantity 4.570485026893311 kpc>, <Quantity 5.9463434346565105 kpc>, -1, 0, 0, 0, 0, 0]
[90, 7276, <Quantity 2627.9906534527513 kpc>, <Quantity 2328.924729784584 kpc>, <Quantity 2850.5316774694606 kpc>, <Quantity 1666995970.7559116 solMass>, <Quantity 1664729812.5666535 solMass>, <Quantity 4.652414641074998 kpc>, <Quantity 8.443793163309262 kpc>, -1, 0, 0, 0, 0, 0]
[91, 7275, <Quantity 2415.546457034435 kpc>, <Quantity 2614.9217902144587 kpc>, <Quantity 2527.1805960685947 kpc>, <Quantity 1897908240.8425703 solMass>, <Quantity 1633817298.321191 solMass>, <Quantity 4.858012570591377 kpc>, <Quantity 6.390214389215898 kpc>, -1, 0, 0, 0, 0, 0]
[92, 7274, <Quantity 2934.2324538829107 kpc>, <Quantity 2571.549511910894 kpc>, <Quantity 3062.8550354713257 kpc>, <Quantity 1911317547.2617924 solMass>, <Quantity 1628059084.860587 solMass>, <Quantity 4.869426849331417 kpc>, <Quantity 7.229581512184469 kpc>, -1, 0, 0, 0, 0, 0]
[93, 7273, <Quantity 3135.289552240125 kpc>, <Quantity 2442.7073088605434 kpc>, <Quantity 2408.284283303743 kpc>, <Quantity 1464610234.1203609 solMass>, <Quantity 1626543765.5279706 solMass>, <Quantity 4.455956254346446 kpc>, <Quantity 7.829874262377991 kpc>, -1, 0, 0, 0, 0, 0]
[94, 7272, <Quantity 3142.571959704514 kpc>, <Quantity 2453.5744637096877 kpc>, <Quantity 2753.2673364550997 kpc>, <Quantity 1485628934.2196727 solMass>, <Quantity 1585024015.9741104 solMass>, <Quantity 4.4771709802779505 kpc>, <Quantity 7.578146529621361 kpc>, -1, 0, 0, 0, 0, 0]
[95, 7270, <Quantity 2975.6621872919204 kpc>, <Quantity 2507.9963038488586 kpc>, <Quantity 2641.286767989282 kpc>, <Quantity 1490049831.9043853 solMass>, <Quantity 1547444096.6563323 solMass>, <Quantity 4.4816076004577905 kpc>, <Quantity 5.921197057260288 kpc>, -1, 0, 0, 0, 0, 0]
[97, 7269, <Quantity 2871.472749134378 kpc>, <Quantity 2864.517578259589 kpc>, <Quantity 2751.0098666228855 kpc>, <Quantity 1506635140.7052798 solMass>, <Quantity 1451372851.3504941 solMass>, <Quantity 4.498174107077493 kpc>, <Quantity 6.759774660493065 kpc>, -1, 0, 0, 0, 0, 0]
[98, 7268, <Quantity 2830.3252207939677 kpc>, <Quantity 3101.899884016809 kpc>, <Quantity 2943.890431629321 kpc>, <Quantity 1359594079.552909 solMass>, <Quantity 1432279827.8097622 solMass>, <Quantity 4.346803272232797 kpc>, <Quantity 8.93812402765148 kpc>, -1, 0, 0, 0, 0, 0]
[99, 7267, <Quantity 2722.9171280991486 kpc>, <Quantity 2645.5501474698644 kpc>, <Quantity 2645.1268561132206 kpc>, <Quantity 1311355498.9105837 solMass>, <Quantity 1429552253.0217154 solMass>, <Quantity 4.2947746166888665 kpc>, <Quantity 5.420721647471069 kpc>, -1, 0, 0, 0, 0, 0]
[100, 7266, <Quantity 2835.5262340173344 kpc>, <Quantity 2755.1436389610694 kpc>, <Quantity 2734.6039706901593 kpc>, <Quantity 1195305498.1209133 solMass>, <Quantity 1425915486.6613815 solMass>, <Quantity 4.164151639164166 kpc>, <Quantity 5.534381900853751 kpc>, -1, 0, 0, 0, 0, 0]
[104, 7264, <Quantity 3103.557126689401 kpc>, <Quantity 2454.2270501765797 kpc>, <Quantity 2668.835991354841 kpc>, <Quantity 1350021942.6377642 solMass>, <Quantity 1377425268.187381 solMass>, <Quantity 4.33657810599702 kpc>, <Quantity 5.466790249889391 kpc>, -1, 0, 0, 0, 0, 0]
[107, 7262, <Quantity 2892.149459299169 kpc>, <Quantity 2694.4097021384678 kpc>, <Quantity 2697.7604974536716 kpc>, <Quantity 1263850658.8843114 solMass>, <Quantity 1345906626.1777196 solMass>, <Quantity 4.242274991490738 kpc>, <Quantity 6.15721306127952 kpc>, -1, 0, 0, 0, 0, 0]
[108, 7261, <Quantity 2776.547149752511 kpc>, <Quantity 2430.567110517256 kpc>, <Quantity 2702.0702631024187 kpc>, <Quantity 1383101336.8785615 solMass>, <Quantity 1332571816.1027606 solMass>, <Quantity 4.371712205083591 kpc>, <Quantity 7.564105115189707 kpc>, -1, 0, 0, 0, 0, 0]
[109, 7260, <Quantity 2774.0272544570316 kpc>, <Quantity 2539.3796273867997 kpc>, <Quantity 2408.576132906612 kpc>, <Quantity 1203054939.5131297 solMass>, <Quantity 1320146197.623411 solMass>, <Quantity 4.173131313286674 kpc>, <Quantity 5.22514093998927 kpc>, -1, 0, 0, 0, 0, 0]
[111, 7259, <Quantity 3039.2161624936034 kpc>, <Quantity 2994.5400161731745 kpc>, <Quantity 2870.1310057719065 kpc>, <Quantity 1233720102.3954794 solMass>, <Quantity 1275292745.5421796 solMass>, <Quantity 4.2082911374150935 kpc>, <Quantity 6.018954279239057 kpc>, -1, 0, 0, 0, 0, 0]
[112, 7257, <Quantity 2469.8569268256015 kpc>, <Quantity 2742.445757940397 kpc>, <Quantity 2984.1824912259317 kpc>, <Quantity 1088836698.7741597 solMass>, <Quantity 1256502785.9163518 solMass>, <Quantity 4.0366504817063555 kpc>, <Quantity 5.372952475558682 kpc>, -1, 0, 0, 0, 0, 0]
[113, 7256, <Quantity 2620.2291807907473 kpc>, <Quantity 2381.3329421704225 kpc>, <Quantity 2846.770326760346 kpc>, <Quantity 1131601303.4786 solMass>, <Quantity 1249532316.9946012 solMass>, <Quantity 4.088820481711144 kpc>, <Quantity 5.450793547409809 kpc>, -1, 0, 0, 0, 0, 0]
[116, 7254, <Quantity 2411.899422259681 kpc>, <Quantity 2560.7564208596837 kpc>, <Quantity 2602.5096930675754 kpc>, <Quantity 1123595313.538335 solMass>, <Quantity 1201042098.5367036 solMass>, <Quantity 4.079154957370642 kpc>, <Quantity 4.574740934553854 kpc>, -1, 0, 0, 0, 0, 0]
[117, 7253, <Quantity 2430.9343065537523 kpc>, <Quantity 2435.832265194037 kpc>, <Quantity 2601.598104091105 kpc>, <Quantity 792160283.4142274 solMass>, <Quantity 1198617587.6146004 solMass>, <Quantity 3.6305402160011515 kpc>, <Quantity 5.8318829084819015 kpc>, -1, 0, 0, 0, 0, 0]
[118, 7251, <Quantity 2992.484245299286 kpc>, <Quantity 2975.2384040436355 kpc>, <Quantity 2362.979515374714 kpc>, <Quantity 1222725947.1328173 solMass>, <Quantity 1172554095.2129157 solMass>, <Quantity 4.1957532520066705 kpc>, <Quantity 4.640095756625802 kpc>, -1, 0, 0, 0, 0, 0]
[119, 7250, <Quantity 3005.2639270516747 kpc>, <Quantity 2883.414644143273 kpc>, <Quantity 3085.0461746105548 kpc>, <Quantity 701027945.2063339 solMass>, <Quantity 1153764135.530396 solMass>, <Quantity 3.48560904547023 kpc>, <Quantity 7.058848548483113 kpc>, -1, 0, 0, 0, 0, 0]
[121, 7248, <Quantity 3039.4015549560713 kpc>, <Quantity 2958.1844770812786 kpc>, <Quantity 2316.5532722743296 kpc>, <Quantity 1331195652.9017217 solMass>, <Quantity 1131943537.2433078 solMass>, <Quantity 4.316325559606549 kpc>, <Quantity 7.476964105659411 kpc>, -1, 0, 0, 0, 0, 0]
[122, 7247, <Quantity 2815.520674006612 kpc>, <Quantity 3024.440870639716 kpc>, <Quantity 2833.432601815281 kpc>, <Quantity 1288384253.1203742 solMass>, <Quantity 1131034345.6187124 solMass>, <Quantity 4.269549304433473 kpc>, <Quantity 9.23667783210681 kpc>, -1, 0, 0, 0, 0, 0]
[123, 7246, <Quantity 2404.9362483478562 kpc>, <Quantity 2300.7371790753127 kpc>, <Quantity 2990.222733106598 kpc>, <Quantity 1156720563.1269357 solMass>, <Quantity 1104061661.608564 solMass>, <Quantity 4.118853853497055 kpc>, <Quantity 5.653443412497748 kpc>, -1, 0, 0, 0, 0, 0]
[125, 7245, <Quantity 2380.6297476254326 kpc>, <Quantity 2304.9448307637695 kpc>, <Quantity 3002.4148907386916 kpc>, <Quantity 978975247.4843465 solMass>, <Quantity 1098909575.8964474 solMass>, <Quantity 3.8960465225853755 kpc>, <Quantity 5.321286564317238 kpc>, -1, 0, 0, 0, 0, 0]
[126, 7244, <Quantity 2821.2516184053175 kpc>, <Quantity 3035.993285896637 kpc>, <Quantity 2827.8422879896725 kpc>, <Quantity 976831595.0860385 solMass>, <Quantity 1077695105.3209083 solMass>, <Quantity 3.8932007329534812 kpc>, <Quantity 4.8360811035711935 kpc>, -1, 0, 0, 0, 0, 0]
[128, 7241, <Quantity 3027.8553285177422 kpc>, <Quantity 2766.3170593555387 kpc>, <Quantity 2630.097117694974 kpc>, <Quantity 855013303.237199 solMass>, <Quantity 1055571443.1610082 solMass>, <Quantity 3.7241273277769844 kpc>, <Quantity 6.988372074743754 kpc>, -1, 0, 0, 0, 0, 0]
[129, 7240, <Quantity 2818.9865173641656 kpc>, <Quantity 2985.965102562334 kpc>, <Quantity 2843.052665049494 kpc>, <Quantity 880441654.0747085 solMass>, <Quantity 1049207101.9680318 solMass>, <Quantity 3.760686150712016 kpc>, <Quantity 5.116978395771401 kpc>, -1, 0, 0, 0, 0, 0]
[130, 7239, <Quantity 2875.861829982819 kpc>, <Quantity 2717.367191970999 kpc>, <Quantity 2436.835367763306 kpc>, <Quantity 862935073.5364081 solMass>, <Quantity 1045267271.7396976 solMass>, <Quantity 3.7355934400156663 kpc>, <Quantity 5.118592597519431 kpc>, -1, 0, 0, 0, 0, 0]
[131, 7238, <Quantity 3103.654673517735 kpc>, <Quantity 2660.9048242590534 kpc>, <Quantity 2504.1189022124604 kpc>, <Quantity 677776453.8534329 solMass>, <Quantity 1029507950.722758 solMass>, <Quantity 3.446638404100228 kpc>, <Quantity 5.805144437426817 kpc>, -1, 0, 0, 0, 0, 0]
[132, 7237, <Quantity 2933.09169330819 kpc>, <Quantity 2502.4200443921313 kpc>, <Quantity 2621.1875293340813 kpc>, <Quantity 966125742.5273006 solMass>, <Quantity 1022840545.6817403 solMass>, <Quantity 3.8789255890113914 kpc>, <Quantity 4.563542982687452 kpc>, -1, 0, 0, 0, 0, 0]
[134, 7236, <Quantity 2984.0013935680727 kpc>, <Quantity 2999.986661620124 kpc>, <Quantity 2353.1820765798057 kpc>, <Quantity 1205475822.3890886 solMass>, <Quantity 1016779268.3924946 solMass>, <Quantity 4.175928606773765 kpc>, <Quantity 5.5937253105829745 kpc>, -1, 0, 0, 0, 0, 0]
[135, 7235, <Quantity 2878.168713973057 kpc>, <Quantity 2794.549299440203 kpc>, <Quantity 2965.334618038073 kpc>, <Quantity 1040047306.4764318 solMass>, <Quantity 1015567012.9201639 solMass>, <Quantity 3.975434432287793 kpc>, <Quantity 6.186696983508561 kpc>, -1, 0, 0, 0, 0, 0]
[137, 7233, <Quantity 2939.734418834735 kpc>, <Quantity 2857.201775873795 kpc>, <Quantity 3036.0019841091826 kpc>, <Quantity 876004323.1036137 solMass>, <Quantity 992837223.0114657 solMass>, <Quantity 3.754357689665203 kpc>, <Quantity 3.8074220327744768 kpc>, -1, 0, 0, 0, 0, 0]
[138, 7232, <Quantity 3037.9054912807724 kpc>, <Quantity 2752.5872884529367 kpc>, <Quantity 2627.01157608917 kpc>, <Quantity 885334092.8164943 solMass>, <Quantity 991624967.5579436 solMass>, <Quantity 3.767639082282141 kpc>, <Quantity 4.5019448235243456 kpc>, -1, 0, 0, 0, 0, 0]
[143, 7229, <Quantity 2782.1670647655556 kpc>, <Quantity 2441.361049207142 kpc>, <Quantity 2696.5540923364274 kpc>, <Quantity 876993502.7271593 solMass>, <Quantity 966470666.7259574 solMass>, <Quantity 3.755770291963021 kpc>, <Quantity 9.17428392808973 kpc>, -1, 0, 0, 0, 0, 0]
[144, 7228, <Quantity 2905.0845744725557 kpc>, <Quantity 2663.4156695072447 kpc>, <Quantity 2584.1512223370814 kpc>, <Quantity 754705477.8417459 solMass>, <Quantity 953438920.5033883 solMass>, <Quantity 3.5723943827816487 kpc>, <Quantity 4.6433687769210445 kpc>, -1, 0, 0, 0, 0, 0]
[147, 7225, <Quantity 2504.5983442770917 kpc>, <Quantity 2672.3513690474956 kpc>, <Quantity 2579.997861127595 kpc>, <Quantity 795155730.8443116 solMass>, <Quantity 941619429.7616851 solMass>, <Quantity 3.6351105930428567 kpc>, <Quantity 6.144133699908309 kpc>, -1, 0, 0, 0, 0, 0]
[148, 7224, <Quantity 3084.0138347251277 kpc>, <Quantity 2462.1306485762516 kpc>, <Quantity 2672.294123714489 kpc>, <Quantity 866248881.5229068 solMass>, <Quantity 941013302.0247453 solMass>, <Quantity 3.740369089867569 kpc>, <Quantity 5.41220808717904 kpc>, -1, 0, 0, 0, 0, 0]
[149, 7223, <Quantity 2644.755698522147 kpc>, <Quantity 2571.3957668455887 kpc>, <Quantity 2232.843653409337 kpc>, <Quantity 821486853.7805164 solMass>, <Quantity 933133641.5341129 solMass>, <Quantity 3.674800524433973 kpc>, <Quantity 5.7325860992743385 kpc>, -1, 0, 0, 0, 0, 0]
[150, 7222, <Quantity 2623.2052399044196 kpc>, <Quantity 2353.894765025326 kpc>, <Quantity 2851.491116279723 kpc>, <Quantity 792693569.7895234 solMass>, <Quantity 927375428.0811747 solMass>, <Quantity 3.631354732695559 kpc>, <Quantity 5.9502025108208345 kpc>, -1, 0, 0, 0, 0, 0]
[152, 7221, <Quantity 3036.2084034109616 kpc>, <Quantity 3056.3822941649223 kpc>, <Quantity 2234.8346978601753 kpc>, <Quantity 786456966.2199876 solMass>, <Quantity 926163172.6354289 solMass>, <Quantity 3.621806287096252 kpc>, <Quantity 4.271269385162002 kpc>, -1, 0, 0, 0, 0, 0]
[153, 7220, <Quantity 2918.6789720287857 kpc>, <Quantity 2677.696175253981 kpc>, <Quantity 2637.3377916893005 kpc>, <Quantity 759265157.8293395 solMass>, <Quantity 922829470.1021781 solMass>, <Quantity 3.5795743495031833 kpc>, <Quantity 5.601411982410386 kpc>, -1, 0, 0, 0, 0, 0]
[157, 7218, <Quantity 2831.5735804069873 kpc>, <Quantity 2817.6399430583206 kpc>, <Quantity 2773.8243617757435 kpc>, <Quantity 798161420.9871546 solMass>, <Quantity 905251765.9030232 solMass>, <Quantity 3.639685075627395 kpc>, <Quantity 4.54826167909209 kpc>, -1, 0, 0, 0, 0, 0]
[160, 7216, <Quantity 2870.5806389833847 kpc>, <Quantity 2682.434836992268 kpc>, <Quantity 2961.224053683519 kpc>, <Quantity 682183091.6881883 solMass>, <Quantity 883128103.7409071 solMass>, <Quantity 3.4540918399226506 kpc>, <Quantity 4.029705770276923 kpc>, -1, 0, 0, 0, 0, 0]
[161, 7215, <Quantity 2713.607713309986 kpc>, <Quantity 2633.2450795718073 kpc>, <Quantity 2646.812877617208 kpc>, <Quantity 585110122.6911064 solMass>, <Quantity 881612784.3974004 solMass>, <Quantity 3.2818049643678475 kpc>, <Quantity 5.347048309135409 kpc>, -1, 0, 0, 0, 0, 0]
[162, 7214, <Quantity 2849.1074993254583 kpc>, <Quantity 2715.68060167111 kpc>, <Quantity 2938.479658498235 kpc>, <Quantity 969591043.1850233 solMass>, <Quantity 880703592.8233159 solMass>, <Quantity 3.8835576998290526 kpc>, <Quantity 6.393512923194481 kpc>, -1, 0, 0, 0, 0, 0]
[165, 7212, <Quantity 2330.657060055774 kpc>, <Quantity 2897.8368804407883 kpc>, <Quantity 2875.952883991842 kpc>, <Quantity 790223038.6492264 solMass>, <Quantity 856458483.5989878 solMass>, <Quantity 3.62757827917528 kpc>, <Quantity 5.505078248248443 kpc>, -1, 0, 0, 0, 0, 0]
[166, 7211, <Quantity 2850.352295463951 kpc>, <Quantity 2755.876720401306 kpc>, <Quantity 2730.612266845734 kpc>, <Quantity 816617095.2207954 solMass>, <Quantity 856155419.7167294 solMass>, <Quantity 3.667524745835998 kpc>, <Quantity 5.416832824601303 kpc>, -1, 0, 0, 0, 0, 0]
[168, 7209, <Quantity 2613.621999530206 kpc>, <Quantity 2672.419720137955 kpc>, <Quantity 2860.7374912190858 kpc>, <Quantity 738080073.1757156 solMass>, <Quantity 843123673.5049537 solMass>, <Quantity 3.545967279704773 kpc>, <Quantity 4.268479479591234 kpc>, -1, 0, 0, 0, 0, 0]
[169, 7208, <Quantity 2781.7804395602393 kpc>, <Quantity 2736.884387707253 kpc>, <Quantity 2703.653173859982 kpc>, <Quantity 739010111.0844787 solMass>, <Quantity 839486907.1330638 solMass>, <Quantity 3.5474560521229477 kpc>, <Quantity 4.733518229225745 kpc>, -1, 0, 0, 0, 0, 0]
[171, 7207, <Quantity 2784.3496991281836 kpc>, <Quantity 2478.582242015205 kpc>, <Quantity 2602.8747362446143 kpc>, <Quantity 881387014.418838 solMass>, <Quantity 828879671.8328003 solMass>, <Quantity 3.762031661739627 kpc>, <Quantity 5.712445722825928 kpc>, -1, 0, 0, 0, 0, 0]
[172, 7206, <Quantity 3054.2286539302495 kpc>, <Quantity 3065.6538441617945 kpc>, <Quantity 2866.961248856123 kpc>, <Quantity 738509004.7751808 solMass>, <Quantity 820090819.7302853 solMass>, <Quantity 3.5466540538236946 kpc>, <Quantity 5.174341605565739 kpc>, -1, 0, 0, 0, 0, 0]
[173, 7204, <Quantity 2759.432455085963 kpc>, <Quantity 2757.799921553211 kpc>, <Quantity 2861.571051433919 kpc>, <Quantity 565384462.2859845 solMass>, <Quantity 818575500.4081906 solMass>, <Quantity 3.2445030503202514 kpc>, <Quantity 7.024450784983839 kpc>, -1, 0, 0, 0, 0, 0]
[174, 7205, <Quantity 2874.2322382137977 kpc>, <Quantity 2828.0272059932963 kpc>, <Quantity 2753.837772144456 kpc>, <Quantity 654127485.7169865 solMass>, <Quantity 818575500.4067794 solMass>, <Quantity 3.40607622685876 kpc>, <Quantity 5.319439418339124 kpc>, -1, 0, 0, 0, 0, 0]
[181, 7202, <Quantity 3076.364871545833 kpc>, <Quantity 2719.372073468354 kpc>, <Quantity 2411.844018237385 kpc>, <Quantity 830312592.2538899 solMass>, <Quantity 806756009.6758895 solMass>, <Quantity 3.6879138883064377 kpc>, <Quantity 4.767077148908227 kpc>, -1, 0, 0, 0, 0, 0]
[182, 7200, <Quantity 2406.3824867153826 kpc>, <Quantity 2354.8112341876586 kpc>, <Quantity 2523.644178670826 kpc>, <Quantity 708851200.1697406 solMass>, <Quantity 806452945.8042384 solMass>, <Quantity 3.4985272158745917 kpc>, <Quantity 7.490778288329951 kpc>, -1, 0, 0, 0, 0, 0]
[183, 7199, <Quantity 2804.1992850953834 kpc>, <Quantity 2801.7416306778077 kpc>, <Quantity 2766.86956440766 kpc>, <Quantity 763778139.8272007 solMass>, <Quantity 798270221.4351285 solMass>, <Quantity 3.586652532396826 kpc>, <Quantity 4.153347434339548 kpc>, -1, 0, 0, 0, 0, 0]
[187, 7196, <Quantity 3012.4661332847 kpc>, <Quantity 3096.271380398902 kpc>, <Quantity 2864.034353637025 kpc>, <Quantity 904025416.6650234 solMass>, <Quantity 789481369.3377459 solMass>, <Quantity 3.7939689942548056 kpc>, <Quantity 5.736044930665926 kpc>, -1, 0, 0, 0, 0, 0]
[189, 7195, <Quantity 2800.38408284617 kpc>, <Quantity 2741.4287374138994 kpc>, <Quantity 2708.1789247380134 kpc>, <Quantity 685489615.0001023 solMass>, <Quantity 781601708.8218987 solMass>, <Quantity 3.459663478178639 kpc>, <Quantity 4.152478721623663 kpc>, -1, 0, 0, 0, 0, 0]
[191, 7194, <Quantity 2459.3583255623225 kpc>, <Quantity 2577.6889488872935 kpc>, <Quantity 2925.239487610077 kpc>, <Quantity 700050075.0968838 solMass>, <Quantity 773418984.4741724 solMass>, <Quantity 3.483987588965868 kpc>, <Quantity 5.116562823978165 kpc>, -1, 0, 0, 0, 0, 0]
[193, 7193, <Quantity 2482.2301612902743 kpc>, <Quantity 2670.97459695155 kpc>, <Quantity 2567.753479872932 kpc>, <Quantity 900641915.7185386 solMass>, <Quantity 770994473.551193 solMass>, <Quantity 3.789229840635788 kpc>, <Quantity 6.484792165793838 kpc>, -1, 0, 0, 0, 0, 0]
[194, 7192, <Quantity 2746.941224684966 kpc>, <Quantity 2627.896529372406 kpc>, <Quantity 2227.1098991725544 kpc>, <Quantity 627098812.0118665 solMass>, <Quantity 769479154.217608 solMass>, <Quantity 3.3585015759067303 kpc>, <Quantity 4.3963005920608 kpc>, -1, 0, 0, 0, 0, 0]
[196, 7190, <Quantity 3080.182796699459 kpc>, <Quantity 2427.725330512186 kpc>, <Quantity 2517.3277150419976 kpc>, <Quantity 667031835.0977342 solMass>, <Quantity 761296429.8489957 solMass>, <Quantity 3.4283284102262535 kpc>, <Quantity 4.854249638415165 kpc>, -1, 0, 0, 0, 0, 0]
[197, 7189, <Quantity 2771.4366022270847 kpc>, <Quantity 2679.453268687891 kpc>, <Quantity 2300.9122298342572 kpc>, <Quantity 698776317.863222 solMass>, <Quantity 760993365.9858211 solMass>, <Quantity 3.481873240860625 kpc>, <Quantity 4.620087577826308 kpc>, -1, 0, 0, 0, 0, 0]
[198, 7188, <Quantity 2781.4455230379426 kpc>, <Quantity 2786.3403668199335 kpc>, <Quantity 2761.029964023162 kpc>, <Quantity 586710225.7621895 solMass>, <Quantity 758568855.0719929 solMass>, <Quantity 3.2847938300007438 kpc>, <Quantity 4.465596061129298 kpc>, -1, 0, 0, 0, 0, 0]
[200, 7186, <Quantity 3071.0392386056465 kpc>, <Quantity 2432.534068361051 kpc>, <Quantity 2781.826803104356 kpc>, <Quantity 858644412.4779174 solMass>, <Quantity 755235152.547696 solMass>, <Quantity 3.7293918132077963 kpc>, <Quantity 5.012443668375962 kpc>, -1, 0, 0, 0, 0, 0]
[202, 7184, <Quantity 2637.3139058833117 kpc>, <Quantity 2417.5186837735655 kpc>, <Quantity 2825.554510338613 kpc>, <Quantity 691812677.8383712 solMass>, <Quantity 750386130.6935985 solMass>, <Quantity 3.4702684288331977 kpc>, <Quantity 4.29912261797032 kpc>, -1, 0, 0, 0, 0, 0]
[203, 7183, <Quantity 2949.9984765037475 kpc>, <Quantity 2784.481614012003 kpc>, <Quantity 2604.452357133396 kpc>, <Quantity 708171305.1570213 solMass>, <Quantity 748264683.6595135 solMass>, <Quantity 3.4974083199768677 kpc>, <Quantity 5.732068642590474 kpc>, -1, 0, 0, 0, 0, 0]
[205, 7182, <Quantity 3037.0439930968196 kpc>, <Quantity 2468.020864686122 kpc>, <Quantity 2677.1267422562905 kpc>, <Quantity 784431462.7894471 solMass>, <Quantity 740081959.2758627 solMass>, <Quantity 3.6186943185716873 kpc>, <Quantity 6.128569475745222 kpc>, -1, 0, 0, 0, 0, 0]
[206, 7181, <Quantity 2689.9899256710382 kpc>, <Quantity 2798.0386264959952 kpc>, <Quantity 2797.0926271210506 kpc>, <Quantity 544644463.7414292 solMass>, <Quantity 734929873.5839311 solMass>, <Quantity 3.204335108705655 kpc>, <Quantity 3.7960338290527984 kpc>, -1, 0, 0, 0, 0, 0]
[207, 7180, <Quantity 3146.7606976647016 kpc>, <Quantity 2855.059714406597 kpc>, <Quantity 2656.9942615221385 kpc>, <Quantity 678337836.4876326 solMass>, <Quantity 733414554.2457067 solMass>, <Quantity 3.447589725133675 kpc>, <Quantity 4.005302496301679 kpc>, -1, 0, 0, 0, 0, 0]
[210, 7178, <Quantity 2571.7046816225884 kpc>, <Quantity 2828.860315905711 kpc>, <Quantity 2673.6943445411844 kpc>, <Quantity 575703406.1749648 solMass>, <Quantity 724625702.1624659 solMass>, <Quantity 3.2641228578240784 kpc>, <Quantity 3.9322197860410526 kpc>, -1, 0, 0, 0, 0, 0]
[212, 7176, <Quantity 3108.666743042792 kpc>, <Quantity 2437.7327066403022 kpc>, <Quantity 2519.263979464433 kpc>, <Quantity 600579184.3865044 solMass>, <Quantity 716442977.7713753 solMass>, <Quantity 3.3104750747873974 kpc>, <Quantity 3.761595128622362 kpc>, -1, 0, 0, 0, 0, 0]
[214, 7174, <Quantity 2606.503184120344 kpc>, <Quantity 2387.798292171415 kpc>, <Quantity 2834.929975738495 kpc>, <Quantity 582656826.8820564 solMass>, <Quantity 710684764.3331605 solMass>, <Quantity 3.2772118020668537 kpc>, <Quantity 3.9052163838421956 kpc>, -1, 0, 0, 0, 0, 0]
[215, 7173, <Quantity 2326.8715846838318 kpc>, <Quantity 3079.638141985553 kpc>, <Quantity 3046.46892010595 kpc>, <Quantity 614635200.6730248 solMass>, <Quantity 708260253.4171993 solMass>, <Quantity 3.3361024061138806 kpc>, <Quantity 4.29187429184364 kpc>, -1, 0, 0, 0, 0, 0]
[218, 7172, <Quantity 3070.5319503662513 kpc>, <Quantity 2452.8832536684044 kpc>, <Quantity 2732.7275930392966 kpc>, <Quantity 780489975.6007549 solMass>, <Quantity 707351061.8171341 solMass>, <Quantity 3.6126232578658044 kpc>, <Quantity 5.3164311259697445 kpc>, -1, 0, 0, 0, 0, 0]
[220, 7170, <Quantity 3071.330075999231 kpc>, <Quantity 2903.406474962981 kpc>, <Quantity 3115.798149960218 kpc>, <Quantity 711892234.8614099 solMass>, <Quantity 703411231.5625663 solMass>, <Quantity 3.5035230760774105 kpc>, <Quantity 6.3263208060521565 kpc>, -1, 0, 0, 0, 0, 0]
[221, 7169, <Quantity 2919.652776452009 kpc>, <Quantity 2618.795042879028 kpc>, <Quantity 2980.61036413404 kpc>, <Quantity 743723569.7593551 solMass>, <Quantity 700077529.038452 solMass>, <Quantity 3.554982049351777 kpc>, <Quantity 4.805315769979748 kpc>, -1, 0, 0, 0, 0, 0]
[222, 7168, <Quantity 3076.281467072531 kpc>, <Quantity 2432.615719324778 kpc>, <Quantity 2773.9468637624864 kpc>, <Quantity 758642498.4166361 solMass>, <Quantity 698865273.5855516 solMass>, <Quantity 3.5785955674979157 kpc>, <Quantity 5.71312350148359 kpc>, -1, 0, 0, 0, 0, 0]
[223, 7167, <Quantity 2674.697675104702 kpc>, <Quantity 2878.4948481984306 kpc>, <Quantity 2771.1631200466486 kpc>, <Quantity 493373723.312673 solMass>, <Quantity 696137698.7993674 solMass>, <Quantity 3.100455974892766 kpc>, <Quantity 6.086497012961248 kpc>, -1, 0, 0, 0, 0, 0]
[225, 7165, <Quantity 2808.354248239761 kpc>, <Quantity 2991.856473814584 kpc>, <Quantity 2852.1438965090297 kpc>, <Quantity 565827129.4931887 solMass>, <Quantity 690985613.0827914 solMass>, <Quantity 3.245349589580899 kpc>, <Quantity 4.443480685668094 kpc>, -1, 0, 0, 0, 0, 0]
[226, 7164, <Quantity 2492.6135168027317 kpc>, <Quantity 2525.887224185145 kpc>, <Quantity 2606.8531068541465 kpc>, <Quantity 576105984.805486 solMass>, <Quantity 689470293.7609019 solMass>, <Quantity 3.2648835272441192 kpc>, <Quantity 4.075716967312982 kpc>, -1, 0, 0, 0, 0, 0]
[227, 7163, <Quantity 3104.8934190951463 kpc>, <Quantity 2430.3978504933248 kpc>, <Quantity 2431.3245854125084 kpc>, <Quantity 533382766.4344786 solMass>, <Quantity 688561102.1603342 solMass>, <Quantity 3.1820956038975865 kpc>, <Quantity 6.715224561540894 kpc>, -1, 0, 0, 0, 0, 0]
[228, 7162, <Quantity 2411.593847953916 kpc>, <Quantity 2629.6297025683407 kpc>, <Quantity 2541.1504295437426 kpc>, <Quantity 655184461.4921094 solMass>, <Quantity 687045782.8399553 solMass>, <Quantity 3.407909815761475 kpc>, <Quantity 4.251254687984576 kpc>, -1, 0, 0, 0, 0, 0]
[230, 7161, <Quantity 2675.0460952089875 kpc>, <Quantity 2522.7241973676983 kpc>, <Quantity 2615.5627025306717 kpc>, <Quantity 492481500.05642927 solMass>, <Quantity 684318208.0540172 solMass>, <Quantity 3.0985858792573957 kpc>, <Quantity 6.538835491029786 kpc>, -1, 0, 0, 0, 0, 0]
[231, 7160, <Quantity 2685.7268535679405 kpc>, <Quantity 2893.9465641157776 kpc>, <Quantity 2802.046286136168 kpc>, <Quantity 692534538.5466915 solMass>, <Quantity 679166122.3466932 solMass>, <Quantity 3.4714750076881895 kpc>, <Quantity 4.803004430281704 kpc>, -1, 0, 0, 0, 0, 0]
[233, 7158, <Quantity 2808.949318872753 kpc>, <Quantity 2626.745098827952 kpc>, <Quantity 2377.9928631080966 kpc>, <Quantity 614495258.6862849 solMass>, <Quantity 677347739.1367553 solMass>, <Quantity 3.335849195626999 kpc>, <Quantity 4.371935494310474 kpc>, -1, 0, 0, 0, 0, 0]
[234, 7157, <Quantity 3103.244165913913 kpc>, <Quantity 2438.4644839052808 kpc>, <Quantity 2784.8912528480882 kpc>, <Quantity 817923632.4370246 solMass>, <Quantity 675832419.8149133 solMass>, <Quantity 3.6694796417772264 kpc>, <Quantity 5.831807911798413 kpc>, -1, 0, 0, 0, 0, 0]
[235, 7156, <Quantity 2812.178207614043 kpc>, <Quantity 2689.34644405937 kpc>, <Quantity 2332.7758357300163 kpc>, <Quantity 784023495.547603 solMass>, <Quantity 673710972.7619117 solMass>, <Quantity 3.6180668727432104 kpc>, <Quantity 5.018730609571699 kpc>, -1, 0, 0, 0, 0, 0]
[236, 7155, <Quantity 2757.8645190486004 kpc>, <Quantity 2485.140271845851 kpc>, <Quantity 2658.883156098629 kpc>, <Quantity 645860326.1623436 solMass>, <Quantity 672195653.4278401 solMass>, <Quantity 3.3916661701076123 kpc>, <Quantity 5.143521542383329 kpc>, -1, 0, 0, 0, 0, 0]
[237, 7154, <Quantity 2980.955244884419 kpc>, <Quantity 2732.8474389984995 kpc>, <Quantity 2597.888953877886 kpc>, <Quantity 461139075.68407506 solMass>, <Quantity 665225184.5315205 solMass>, <Quantity 3.0314066941427633 kpc>, <Quantity 4.036008879479921 kpc>, -1, 0, 0, 0, 0, 0]
[239, 7153, <Quantity 2542.910593244078 kpc>, <Quantity 2797.4005460616736 kpc>, <Quantity 2702.9300976589548 kpc>, <Quantity 480781063.448488 solMass>, <Quantity 658860843.368622 solMass>, <Quantity 3.073850077831591 kpc>, <Quantity 4.349673823370064 kpc>, -1, 0, 0, 0, 0, 0]
[242, 7150, <Quantity 2964.943007648648 kpc>, <Quantity 2694.7620670258416 kpc>, <Quantity 3054.1487687573112 kpc>, <Quantity 672862717.5905904 solMass>, <Quantity 653405693.7810215 solMass>, <Quantity 3.4382890607817846 kpc>, <Quantity 4.488342594797346 kpc>, -1, 0, 0, 0, 0, 0]
[243, 7149, <Quantity 3055.0559460980594 kpc>, <Quantity 2462.6943251339944 kpc>, <Quantity 2677.390107150044 kpc>, <Quantity 390622983.96990657 solMass>, <Quantity 653102629.9009671 solMass>, <Quantity 2.868266461966166 kpc>, <Quantity 3.528708445055921 kpc>, -1, 0, 0, 0, 0, 0]
[246, 7147, <Quantity 2608.662192509508 kpc>, <Quantity 2304.8925900867757 kpc>, <Quantity 2683.3071145586773 kpc>, <Quantity 551594778.316182 solMass>, <Quantity 648556671.9365529 solMass>, <Quantity 3.2179079187435846 kpc>, <Quantity 8.248005253719317 kpc>, -1, 0, 0, 0, 0, 0]
[247, 7146, <Quantity 3027.5119565017585 kpc>, <Quantity 2428.4528796758445 kpc>, <Quantity 2827.5716777727184 kpc>, <Quantity 522820372.6133775 solMass>, <Quantity 646738288.7371373 solMass>, <Quantity 3.1609507639040855 kpc>, <Quantity 4.561313637591773 kpc>, -1, 0, 0, 0, 0, 0]
[248, 7145, <Quantity 2968.454885192547 kpc>, <Quantity 2736.063616059944 kpc>, <Quantity 3043.779263371283 kpc>, <Quantity 544186250.8183819 solMass>, <Quantity 643707650.0847472 solMass>, <Quantity 3.2034362472762794 kpc>, <Quantity 4.805324504035646 kpc>, -1, 0, 0, 0, 0, 0]
[249, 7144, <Quantity 2956.003098118186 kpc>, <Quantity 3044.7943036204297 kpc>, <Quantity 2953.679426805262 kpc>, <Quantity 478737439.76777375 solMass>, <Quantity 643101522.3575405 solMass>, <Quantity 3.0694886231782657 kpc>, <Quantity 4.782267855302579 kpc>, -1, 0, 0, 0, 0, 0]
[250, 7143, <Quantity 2833.1186636661296 kpc>, <Quantity 2456.655019009593 kpc>, <Quantity 2338.5583405876127 kpc>, <Quantity 564682233.6797607 solMass>, <Quantity 641586203.0242662 solMass>, <Quantity 3.2431592291759803 kpc>, <Quantity 3.7059240963115143 kpc>, -1, 0, 0, 0, 0, 0]
[251, 7142, <Quantity 3044.3165727150977 kpc>, <Quantity 2946.1668715564174 kpc>, <Quantity 2319.4616570999115 kpc>, <Quantity 667673053.2272758 solMass>, <Quantity 641283139.1729392 solMass>, <Quantity 3.429426609832273 kpc>, <Quantity 6.118429333437285 kpc>, -1, 0, 0, 0, 0, 0]
[252, 7141, <Quantity 3021.4299461919454 kpc>, <Quantity 2758.6933978879924 kpc>, <Quantity 2625.5263005463307 kpc>, <Quantity 493966733.5592108 solMass>, <Quantity 637646372.7839638 solMass>, <Quantity 3.101697674596337 kpc>, <Quantity 5.067123591457388 kpc>, -1, 0, 0, 0, 0, 0]
[254, 7140, <Quantity 3013.65268530635 kpc>, <Quantity 2957.9053363676044 kpc>, <Quantity 2340.8755276867987 kpc>, <Quantity 472556630.06031317 solMass>, <Quantity 632191223.2091329 solMass>, <Quantity 3.056221669446778 kpc>, <Quantity 4.339115048620054 kpc>, -1, 0, 0, 0, 0, 0]
[255, 7139, <Quantity 2967.4647794063562 kpc>, <Quantity 2810.385191500328 kpc>, <Quantity 2815.281592162501 kpc>, <Quantity 478008103.80326277 solMass>, <Quantity 631888159.3337069 solMass>, <Quantity 3.0679290861744213 kpc>, <Quantity 3.4322100867097816 kpc>, -1, 0, 0, 0, 0, 0]
[256, 7138, <Quantity 2552.610320818208 kpc>, <Quantity 2651.7369034677477 kpc>, <Quantity 2436.963022707958 kpc>, <Quantity 470057467.01949334 solMass>, <Quantity 629766712.27814 solMass>, <Quantity 3.0508244322168205 kpc>, <Quantity 5.26666090307964 kpc>, -1, 0, 0, 0, 0, 0]
[257, 7137, <Quantity 2610.8326517665446 kpc>, <Quantity 2949.6915085934615 kpc>, <Quantity 2810.3310900228375 kpc>, <Quantity 464633214.32693785 solMass>, <Quantity 628554456.8270206 solMass>, <Quantity 3.0390439522247283 kpc>, <Quantity 6.098022589428177 kpc>, -1, 0, 0, 0, 0, 0]
[258, 7136, <Quantity 2725.7518995919354 kpc>, <Quantity 2812.7999121790263 kpc>, <Quantity 2739.0765345732416 kpc>, <Quantity 533138023.6369184 solMass>, <Quantity 624008498.8340102 solMass>, <Quantity 3.181608827685867 kpc>, <Quantity 4.158074134595225 kpc>, -1, 0, 0, 0, 0, 0]
[260, 7135, <Quantity 3052.730873558291 kpc>, <Quantity 2802.560098391695 kpc>, <Quantity 2540.8019025581166 kpc>, <Quantity 492407101.43596864 solMass>, <Quantity 622493179.5148944 solMass>, <Quantity 3.098429838117167 kpc>, <Quantity 4.626302756193143 kpc>, -1, 0, 0, 0, 0, 0]
[261, 7134, <Quantity 2631.723319782246 kpc>, <Quantity 2857.903746716999 kpc>, <Quantity 2750.0350107922727 kpc>, <Quantity 531045437.10269344 solMass>, <Quantity 618856413.1238875 solMass>, <Quantity 3.1774407253484425 kpc>, <Quantity 4.475925227923814 kpc>, -1, 0, 0, 0, 0, 0]
[266, 7132, <Quantity 2499.45577309516 kpc>, <Quantity 2715.9897517145696 kpc>, <Quantity 2585.195245948993 kpc>, <Quantity 575484459.2635235 solMass>, <Quantity 605218539.1903569 solMass>, <Quantity 3.2637090103296282 kpc>, <Quantity 5.5185738441256 kpc>, -1, 0, 0, 0, 0, 0]
[267, 7131, <Quantity 2754.438093421982 kpc>, <Quantity 2529.4503357735643 kpc>, <Quantity 2397.3918202103114 kpc>, <Quantity 501267737.1279106 solMass>, <Quantity 604006283.7163334 solMass>, <Quantity 3.1169043959705705 kpc>, <Quantity 5.5155945160217446 kpc>, -1, 0, 0, 0, 0, 0]
[268, 7130, <Quantity 2635.5346586735004 kpc>, <Quantity 2952.969963014034 kpc>, <Quantity 2831.105496989288 kpc>, <Quantity 481949759.9330374 solMass>, <Quantity 602490964.3933654 solMass>, <Quantity 3.0763387302507206 kpc>, <Quantity 3.5533023666393473 kpc>, -1, 0, 0, 0, 0, 0]
[269, 7129, <Quantity 2364.6912045580025 kpc>, <Quantity 2515.1650769487505 kpc>, <Quantity 2711.136402292459 kpc>, <Quantity 643629622.7094066 solMass>, <Quantity 600066453.4705621 solMass>, <Quantity 3.387756899398756 kpc>, <Quantity 4.134336669593516 kpc>, -1, 0, 0, 0, 0, 0]
[270, 7128, <Quantity 3108.943844072207 kpc>, <Quantity 2837.6901448037684 kpc>, <Quantity 2339.7549231372122 kpc>, <Quantity 400487779.20988995 solMass>, <Quantity 599460325.7434891 solMass>, <Quantity 2.89221108615629 kpc>, <Quantity 5.060148225849288 kpc>, -1, 0, 0, 0, 0, 0]
[274, 7125, <Quantity 2787.8286272632 kpc>, <Quantity 2720.888379566477 kpc>, <Quantity 2694.9710004495696 kpc>, <Quantity 675560803.9775227 solMass>, <Quantity 593095984.5801119 solMass>, <Quantity 3.442878619520036 kpc>, <Quantity 6.305736116358421 kpc>, -1, 0, 0, 0, 0, 0]
[275, 7124, <Quantity 2539.2797193765086 kpc>, <Quantity 2317.897974652463 kpc>, <Quantity 2268.7489825788275 kpc>, <Quantity 469175539.339157 solMass>, <Quantity 587943898.8523504 solMass>, <Quantity 3.048915239422199 kpc>, <Quantity 4.712835128272728 kpc>, -1, 0, 0, 0, 0, 0]
[277, 7123, <Quantity 2572.1970756470546 kpc>, <Quantity 2821.467004069099 kpc>, <Quantity 2733.279269383853 kpc>, <Quantity 406446040.543439 solMass>, <Quantity 586125515.6696594 solMass>, <Quantity 2.9064835064723282 kpc>, <Quantity 4.542462811262906 kpc>, -1, 0, 0, 0, 0, 0]
[279, 7122, <Quantity 2543.2613156492903 kpc>, <Quantity 2412.2631857485762 kpc>, <Quantity 2534.834428786116 kpc>, <Quantity 578208801.3135341 solMass>, <Quantity 584610196.3439033 solMass>, <Quantity 3.2688510349440536 kpc>, <Quantity 5.3634989804616495 kpc>, -1, 0, 0, 0, 0, 0]
[280, 7121, <Quantity 3086.504137425076 kpc>, <Quantity 2484.298257175884 kpc>, <Quantity 3168.848949126643 kpc>, <Quantity 389999654.153523 solMass>, <Quantity 583397940.8699963 solMass>, <Quantity 2.8667399876630575 kpc>, <Quantity 4.586779791997895 kpc>, -1, 0, 0, 0, 0, 0]
[281, 7120, <Quantity 2844.1866867118792 kpc>, <Quantity 2342.411711562119 kpc>, <Quantity 2866.9035101412924 kpc>, <Quantity 465860428.9926396 solMass>, <Quantity 582791813.1397429 solMass>, <Quantity 3.041717229719521 kpc>, <Quantity 2.919841088404131 kpc>, -1, 0, 0, 0, 0, 0]
[282, 7119, <Quantity 2506.9293036524828 kpc>, <Quantity 2411.5768282382146 kpc>, <Quantity 2544.3603133857996 kpc>, <Quantity 394041942.21175915 solMass>, <Quantity 581882621.5455271 solMass>, <Quantity 2.8766104076670027 kpc>, <Quantity 4.677350604910788 kpc>, -1, 0, 0, 0, 0, 0]
[283, 7118, <Quantity 2576.540252628107 kpc>, <Quantity 2640.5496621991942 kpc>, <Quantity 2727.821697473108 kpc>, <Quantity 374339054.9008279 solMass>, <Quantity 580367302.2113235 solMass>, <Quantity 2.827842888477656 kpc>, <Quantity 4.257004245078552 kpc>, -1, 0, 0, 0, 0, 0]
[285, 7117, <Quantity 2762.6762240351786 kpc>, <Quantity 2788.7356972988146 kpc>, <Quantity 2780.1043571841556 kpc>, <Quantity 506065692.4593699 solMass>, <Quantity 579761174.4868331 solMass>, <Quantity 3.1268174658261754 kpc>, <Quantity 3.6039081761209473 kpc>, -1, 0, 0, 0, 0, 0]
[286, 7116, <Quantity 3094.991509990477 kpc>, <Quantity 2794.301353565837 kpc>, <Quantity 2425.377110717097 kpc>, <Quantity 451049597.01427436 solMass>, <Quantity 579458110.6297185 solMass>, <Quantity 3.0091349400759917 kpc>, <Quantity 3.4469956452168473 kpc>, -1, 0, 0, 0, 0, 0]
[287, 7115, <Quantity 2660.066158697733 kpc>, <Quantity 2807.601680240375 kpc>, <Quantity 2253.1897161062093 kpc>, <Quantity 379322056.52632517 solMass>, <Quantity 573093769.4599041 solMass>, <Quantity 2.840335199254519 kpc>, <Quantity 2.829099352209766 kpc>, -1, 0, 0, 0, 0, 0]
[288, 7114, <Quantity 3077.716878856148 kpc>, <Quantity 2794.3032867250727 kpc>, <Quantity 2254.26073360487 kpc>, <Quantity 480456211.44306576 solMass>, <Quantity 572184577.8718731 solMass>, <Quantity 3.0731576134090597 kpc>, <Quantity 3.8709553255846796 kpc>, -1, 0, 0, 0, 0, 0]
[289, 7112, <Quantity 2674.3602518952534 kpc>, <Quantity 2893.587695894081 kpc>, <Quantity 3105.8547126487074 kpc>, <Quantity 449602228.8767126 solMass>, <Quantity 570669258.5349797 solMass>, <Quantity 3.0059128310429113 kpc>, <Quantity 4.391630236522742 kpc>, -1, 0, 0, 0, 0, 0]
[292, 7109, <Quantity 2483.0492151616445 kpc>, <Quantity 2681.2251696391163 kpc>, <Quantity 2574.223208724107 kpc>, <Quantity 581553217.5397108 solMass>, <Quantity 566426364.4144765 solMass>, <Quantity 3.2751413738140265 kpc>, <Quantity 4.635104250623219 kpc>, -1, 0, 0, 0, 0, 0]
[293, 7108, <Quantity 2764.117725366441 kpc>, <Quantity 2723.3962692914733 kpc>, <Quantity 2236.354526235306 kpc>, <Quantity 377971265.8079172 solMass>, <Quantity 565820236.6790496 solMass>, <Quantity 2.836959649257224 kpc>, <Quantity 4.25426017015892 kpc>, -1, 0, 0, 0, 0, 0]
[295, 7107, <Quantity 2864.071481050003 kpc>, <Quantity 2724.5542793048958 kpc>, <Quantity 2379.768448921415 kpc>, <Quantity 381638347.16691494 solMass>, <Quantity 565517172.8159289 solMass>, <Quantity 2.8461048748809588 kpc>, <Quantity 4.507895915258383 kpc>, -1, 0, 0, 0, 0, 0]
[296, 7106, <Quantity 2838.4048935714018 kpc>, <Quantity 3007.2582407740174 kpc>, <Quantity 2911.0792362288416 kpc>, <Quantity 456391376.20194894 solMass>, <Quantity 564001853.4773293 solMass>, <Quantity 3.0209674106986086 kpc>, <Quantity 3.689683453263612 kpc>, -1, 0, 0, 0, 0, 0]
[298, 7104, <Quantity 2829.8285838467586 kpc>, <Quantity 2741.370270242093 kpc>, <Quantity 2914.172955658205 kpc>, <Quantity 518713500.53122675 solMass>, <Quantity 562789598.0232586 solMass>, <Quantity 3.1526523364816463 kpc>, <Quantity 4.617526359061168 kpc>, -1, 0, 0, 0, 0, 0]
[299, 7103, <Quantity 2593.603025100886 kpc>, <Quantity 2471.048589947434 kpc>, <Quantity 2399.5851674044893 kpc>, <Quantity 447074195.07158226 solMass>, <Quantity 562486534.1569532 solMass>, <Quantity 3.000268333065869 kpc>, <Quantity 3.2066901336611995 kpc>, -1, 0, 0, 0, 0, 0]
[301, 7102, <Quantity 3023.3802189963944 kpc>, <Quantity 2474.4368310778177 kpc>, <Quantity 2671.275939664178 kpc>, <Quantity 593084938.4294934 solMass>, <Quantity 558849767.7760351 solMass>, <Quantity 3.2966476281389716 kpc>, <Quantity 4.126727093670397 kpc>, -1, 0, 0, 0, 0, 0]
[302, 7101, <Quantity 2667.5146974899544 kpc>, <Quantity 2520.8244459546904 kpc>, <Quantity 2677.0738564254198 kpc>, <Quantity 446763843.9152806 solMass>, <Quantity 558243640.0478313 solMass>, <Quantity 2.9995739276036852 kpc>, <Quantity 3.367537644837478 kpc>, -1, 0, 0, 0, 0, 0]
[303, 7100, <Quantity 3051.2405735930565 kpc>, <Quantity 2761.7268435228434 kpc>, <Quantity 2626.348339274074 kpc>, <Quantity 640355221.6258506 solMass>, <Quantity 557637512.3209251 solMass>, <Quantity 3.382002171775993 kpc>, <Quantity 4.228516011069282 kpc>, -1, 0, 0, 0, 0, 0]
[305, 7098, <Quantity 3052.9900800233568 kpc>, <Quantity 2427.3810094507025 kpc>, <Quantity 2519.94418667177 kpc>, <Quantity 351083651.1077164 solMass>, <Quantity 554000745.9242848 solMass>, <Quantity 2.7680277039251626 kpc>, <Quantity 6.778022524893264 kpc>, -1, 0, 0, 0, 0, 0]
[306, 7096, <Quantity 2809.0370291822073 kpc>, <Quantity 2729.3196019153183 kpc>, <Quantity 2734.4542847533457 kpc>, <Quantity 399767816.79907995 solMass>, <Quantity 547636404.7536833 solMass>, <Quantity 2.8904769239628005 kpc>, <Quantity 4.415933671484759 kpc>, -1, 0, 0, 0, 0, 0]
[309, 7095, <Quantity 2620.3166409334917 kpc>, <Quantity 2857.5913949861833 kpc>, <Quantity 2746.946813431552 kpc>, <Quantity 404944419.4277809 solMass>, <Quantity 542484319.0604035 solMass>, <Quantity 2.902899740153809 kpc>, <Quantity 3.5845493285475567 kpc>, -1, 0, 0, 0, 0, 0]
[310, 7094, <Quantity 2874.370594820932 kpc>, <Quantity 2918.545586370115 kpc>, <Quantity 3101.9431564839147 kpc>, <Quantity 362365619.16243243 solMass>, <Quantity 539150616.5173346 solMass>, <Quantity 2.7973655720962496 kpc>, <Quantity 4.740965062438782 kpc>, -1, 0, 0, 0, 0, 0]
[311, 7093, <Quantity 3037.066440705625 kpc>, <Quantity 2536.1234817978366 kpc>, <Quantity 2559.4397321750916 kpc>, <Quantity 336594211.4255593 solMass>, <Quantity 538847552.6592387 solMass>, <Quantity 2.7294120927999606 kpc>, <Quantity 6.1256269705976925 kpc>, -1, 0, 0, 0, 0, 0]
[312, 7092, <Quantity 3069.932213446526 kpc>, <Quantity 2921.1249663325234 kpc>, <Quantity 3129.45401013035 kpc>, <Quantity 438757628.34765726 solMass>, <Quantity 538847552.6479832 solMass>, <Quantity 2.9815478973512364 kpc>, <Quantity 4.203936074425556 kpc>, -1, 0, 0, 0, 0, 0]
[314, 7090, <Quantity 2697.0545742295676 kpc>, <Quantity 2294.6557384476573 kpc>, <Quantity 2958.68310930781 kpc>, <Quantity 421375477.47951174 solMass>, <Quantity 537938361.0603434 solMass>, <Quantity 2.9416431196769817 kpc>, <Quantity 4.179329752889022 kpc>, -1, 0, 0, 0, 0, 0]
[316, 7089, <Quantity 2659.3582561277212 kpc>, <Quantity 2819.402811105672 kpc>, <Quantity 2252.678678353611 kpc>, <Quantity 469927986.9604607 solMass>, <Quantity 534301594.6913705 solMass>, <Quantity 3.0505442840568464 kpc>, <Quantity 4.474953464657281 kpc>, -1, 0, 0, 0, 0, 0]
[318, 7086, <Quantity 2643.7526598356126 kpc>, <Quantity 2548.8887926723046 kpc>, <Quantity 2832.1475718660613 kpc>, <Quantity 363199047.762612 solMass>, <Quantity 528240317.36823004 solMass>, <Quantity 2.7995085452394255 kpc>, <Quantity 4.34598725188066 kpc>, -1, 0, 0, 0, 0, 0]
[319, 7085, <Quantity 2965.4501880045846 kpc>, <Quantity 2595.2454082334057 kpc>, <Quantity 2824.6477855577195 kpc>, <Quantity 361499212.6194485 solMass>, <Quantity 527331125.7722257 solMass>, <Quantity 2.7951343173371392 kpc>, <Quantity 4.4648341403600025 kpc>, -1, 0, 0, 0, 0, 0]
[320, 7084, <Quantity 2494.796454147374 kpc>, <Quantity 2505.423736028568 kpc>, <Quantity 2455.3616564131585 kpc>, <Quantity 450658780.4009375 solMass>, <Quantity 526421934.1831487 solMass>, <Quantity 3.0082655901892927 kpc>, <Quantity 3.613875103933088 kpc>, -1, 0, 0, 0, 0, 0]
[321, 7083, <Quantity 2526.975114727353 kpc>, <Quantity 2980.0462797768682 kpc>, <Quantity 2434.462839401608 kpc>, <Quantity 321982328.5587053 solMass>, <Quantity 526118870.3248625 solMass>, <Quantity 2.689330905086078 kpc>, <Quantity 4.769817320966376 kpc>, -1, 0, 0, 0, 0, 0]
[322, 7082, <Quantity 2869.198994525032 kpc>, <Quantity 2632.2674323524175 kpc>, <Quantity 2527.800088604042 kpc>, <Quantity 164638633.03037637 solMass>, <Quantity 525512742.5803612 solMass>, <Quantity 2.1505232766199813 kpc>, <Quantity 3.3822374920705984 kpc>, -1, 0, 0, 0, 0, 0]
[323, 7081, <Quantity 2346.2559197128376 kpc>, <Quantity 3074.856482355494 kpc>, <Quantity 3129.5453920936493 kpc>, <Quantity 480908412.90991884 solMass>, <Quantity 524603550.993987 solMass>, <Quantity 3.0741214547111615 kpc>, <Quantity 3.3605051543864253 kpc>, -1, 0, 0, 0, 0, 0]
[325, 7080, <Quantity 2647.6674099897004 kpc>, <Quantity 2713.508825820445 kpc>, <Quantity 2762.305287987722 kpc>, <Quantity 618782789.0709841 solMass>, <Quantity 523391295.53029424 solMass>, <Quantity 3.343589650591932 kpc>, <Quantity 4.973378484945512 kpc>, -1, 0, 0, 0, 0, 0]
[326, 7079, <Quantity 2972.7647268034075 kpc>, <Quantity 2885.1881176542493 kpc>, <Quantity 3062.768578204295 kpc>, <Quantity 380918034.3260843 solMass>, <Quantity 522482103.9312584 solMass>, <Quantity 2.8443131462720053 kpc>, <Quantity 6.733032103566445 kpc>, -1, 0, 0, 0, 0, 0]
[328, 7078, <Quantity 2486.9830859918957 kpc>, <Quantity 2733.1538318483595 kpc>, <Quantity 2579.2817160082823 kpc>, <Quantity 409675942.08470523 solMass>, <Quantity 520663720.7465277 solMass>, <Quantity 2.914162178745472 kpc>, <Quantity 3.4284602192593163 kpc>, -1, 0, 0, 0, 0, 0]
[330, 7075, <Quantity 2876.660214322239 kpc>, <Quantity 2855.750392803396 kpc>, <Quantity 2764.334177845286 kpc>, <Quantity 169202811.55200925 solMass>, <Quantity 519148401.40670025 solMass>, <Quantity 2.1702149729055837 kpc>, <Quantity 5.221582584714054 kpc>, -1, 0, 0, 0, 0, 0]
[331, 7074, <Quantity 3127.3804659613425 kpc>, <Quantity 2306.451004786492 kpc>, <Quantity 2835.2147141222567 kpc>, <Quantity 400308209.4373874 solMass>, <Quantity 518845337.54416484 solMass>, <Quantity 2.8917787539227215 kpc>, <Quantity 3.2721341768467336 kpc>, -1, 0, 0, 0, 0, 0]
[332, 7073, <Quantity 2903.719767625632 kpc>, <Quantity 2783.4009894907695 kpc>, <Quantity 3000.4264095577532 kpc>, <Quantity 361420494.93583035 solMass>, <Quantity 518542273.67641646 solMass>, <Quantity 2.7949314192729853 kpc>, <Quantity 2.680740578702093 kpc>, -1, 0, 0, 0, 0, 0]
[333, 7072, <Quantity 2586.5840406366947 kpc>, <Quantity 3066.2925120612567 kpc>, <Quantity 2803.109673421383 kpc>, <Quantity 321095561.09566486 solMass>, <Quantity 517330018.2224673 solMass>, <Quantity 2.686859751015105 kpc>, <Quantity 5.016306937835217 kpc>, -1, 0, 0, 0, 0, 0]
[335, 7070, <Quantity 2636.173783502529 kpc>, <Quantity 2567.775594337728 kpc>, <Quantity 2710.434292773729 kpc>, <Quantity 359643530.1939406 solMass>, <Quantity 514602443.42829174 solMass>, <Quantity 2.790343359651286 kpc>, <Quantity 5.446860043943348 kpc>, -1, 0, 0, 0, 0, 0]
[336, 7069, <Quantity 2955.9567157941015 kpc>, <Quantity 2950.315703577425 kpc>, <Quantity 2694.504406630147 kpc>, <Quantity 368427378.8254468 solMass>, <Quantity 512177932.5116815 solMass>, <Quantity 2.812877780645079 kpc>, <Quantity 4.1977089168428074 kpc>, -1, 0, 0, 0, 0, 0]
[339, 7066, <Quantity 2714.3865874876615 kpc>, <Quantity 2656.230180170713 kpc>, <Quantity 2949.4359324371167 kpc>, <Quantity 408924019.7164604 solMass>, <Quantity 507025846.79350615 solMass>, <Quantity 2.9123781949779945 kpc>, <Quantity 3.915017875195715 kpc>, -1, 0, 0, 0, 0, 0]
[340, 7065, <Quantity 2614.03586614982 kpc>, <Quantity 2863.021866839115 kpc>, <Quantity 2882.349707770003 kpc>, <Quantity 387112836.7312368 solMass>, <Quantity 505510527.4741492 solMass>, <Quantity 2.8596491620100606 kpc>, <Quantity 5.136131807999416 kpc>, -1, 0, 0, 0, 0, 0]
[342, 7063, <Quantity 2837.3256462632276 kpc>, <Quantity 2815.651083156528 kpc>, <Quantity 2233.3029386390053 kpc>, <Quantity 337934789.0108419 solMass>, <Quantity 501873761.0965875 solMass>, <Quantity 2.733030833735545 kpc>, <Quantity 3.6831591438551317 kpc>, -1, 0, 0, 0, 0, 0]
[345, 7061, <Quantity 2720.4280905732103 kpc>, <Quantity 2454.6725771552583 kpc>, <Quantity 2717.214004032892 kpc>, <Quantity 505845911.539454 solMass>, <Quantity 499146186.29633427 solMass>, <Quantity 3.1263647483644212 kpc>, <Quantity 4.825214444092281 kpc>, -1, 0, 0, 0, 0, 0]
[346, 7060, <Quantity 2339.249726945601 kpc>, <Quantity 2836.262572214565 kpc>, <Quantity 2667.364065286206 kpc>, <Quantity 203394106.68420225 solMass>, <Quantity 496721675.3794138 solMass>, <Quantity 2.3075246663223647 kpc>, <Quantity 4.28130040235718 kpc>, -1, 0, 0, 0, 0, 0]
[348, 7059, <Quantity 3026.410811940028 kpc>, <Quantity 3025.1590152819354 kpc>, <Quantity 3151.050567108662 kpc>, <Quantity 292812047.0004642 solMass>, <Quantity 493691036.70993954 solMass>, <Quantity 2.605532795632516 kpc>, <Quantity 3.2570601914396398 kpc>, -1, 0, 0, 0, 0, 0]
[349, 7058, <Quantity 3067.4175482609835 kpc>, <Quantity 2802.722273466571 kpc>, <Quantity 2522.391711707448 kpc>, <Quantity 351619570.67987424 solMass>, <Quantity 492781845.1238747 solMass>, <Quantity 2.7694354273621147 kpc>, <Quantity 4.117735189641162 kpc>, -1, 0, 0, 0, 0, 0]
[350, 7057, <Quantity 3146.371172103725 kpc>, <Quantity 2886.323102962201 kpc>, <Quantity 3101.0779563241204 kpc>, <Quantity 354827780.627517 solMass>, <Quantity 491266525.78941447 solMass>, <Quantity 2.77783280230978 kpc>, <Quantity 4.378022778928121 kpc>, -1, 0, 0, 0, 0, 0]
[351, 7056, <Quantity 3013.6527679390465 kpc>, <Quantity 2469.4425313771576 kpc>, <Quantity 2500.9566070286783 kpc>, <Quantity 392330741.4886008 solMass>, <Quantity 490054270.33488137 solMass>, <Quantity 2.8724402926894133 kpc>, <Quantity 4.132777880515698 kpc>, -1, 0, 0, 0, 0, 0]
[354, 7052, <Quantity 2633.5882983168417 kpc>, <Quantity 2313.4355328824727 kpc>, <Quantity 2854.129243336008 kpc>, <Quantity 503647864.8171685 solMass>, <Quantity 486417503.9575061 solMass>, <Quantity 3.121829853984711 kpc>, <Quantity 4.381906185886668 kpc>, -1, 0, 0, 0, 0, 0]
[356, 7051, <Quantity 2982.664291129648 kpc>, <Quantity 2756.2349449589346 kpc>, <Quantity 2335.394908889604 kpc>, <Quantity 301586423.3148777 solMass>, <Quantity 480659290.51250994 solMass>, <Quantity 2.631302788641855 kpc>, <Quantity 4.700207741900549 kpc>, -1, 0, 0, 0, 0, 0]
[357, 7050, <Quantity 2776.2413104651205 kpc>, <Quantity 2581.8745501678973 kpc>, <Quantity 2848.7520032123334 kpc>, <Quantity 377899913.55073947 solMass>, <Quantity 479750098.9047099 solMass>, <Quantity 2.8367811205066964 kpc>, <Quantity 3.212175865116825 kpc>, -1, 0, 0, 0, 0, 0]
[358, 7048, <Quantity 2742.4571450613535 kpc>, <Quantity 2810.4582873213526 kpc>, <Quantity 2790.841912016232 kpc>, <Quantity 372150107.2188922 solMass>, <Quantity 476416396.3941594 solMass>, <Quantity 2.8223201725104703 kpc>, <Quantity 3.8247574814429672 kpc>, -1, 0, 0, 0, 0, 0]
[359, 7047, <Quantity 2936.2913208790546 kpc>, <Quantity 2724.970163099203 kpc>, <Quantity 2452.576335368956 kpc>, <Quantity 386647196.4422292 solMass>, <Quantity 475204140.93477416 solMass>, <Quantity 2.8585021216754702 kpc>, <Quantity 3.2800577190053857 kpc>, -1, 0, 0, 0, 0, 0]
[362, 7045, <Quantity 2539.4943614310937 kpc>, <Quantity 2791.3978752769 kpc>, <Quantity 2687.9270198726167 kpc>, <Quantity 389843511.238998 solMass>, <Quantity 471870438.41830367 solMass>, <Quantity 2.866357354086395 kpc>, <Quantity 4.427970632146444 kpc>, -1, 0, 0, 0, 0, 0]
[363, 7044, <Quantity 2915.682150106409 kpc>, <Quantity 2467.536111181955 kpc>, <Quantity 2897.615152759854 kpc>, <Quantity 356688754.86722434 solMass>, <Quantity 471870438.4089642 solMass>, <Quantity 2.782680660263781 kpc>, <Quantity 4.538098085192697 kpc>, -1, 0, 0, 0, 0, 0]
[364, 7043, <Quantity 2400.713137527957 kpc>, <Quantity 2593.10197472428 kpc>, <Quantity 2573.393328528716 kpc>, <Quantity 348304895.2166678 solMass>, <Quantity 471567374.5460328 solMass>, <Quantity 2.760705559430304 kpc>, <Quantity 3.501920613316561 kpc>, -1, 0, 0, 0, 0, 0]
[365, 7042, <Quantity 2883.725343021402 kpc>, <Quantity 2719.902853271115 kpc>, <Quantity 2965.815594580353 kpc>, <Quantity 313679202.4175253 solMass>, <Quantity 470355119.07569015 solMass>, <Quantity 2.666012238549112 kpc>, <Quantity 4.0679348535261655 kpc>, -1, 0, 0, 0, 0, 0]
[366, 7041, <Quantity 2826.144936767288 kpc>, <Quantity 2647.5522996934233 kpc>, <Quantity 2405.1770190857364 kpc>, <Quantity 410761488.4539993 solMass>, <Quantity 466718352.69789475 solMass>, <Quantity 2.916733860254466 kpc>, <Quantity 5.952023956223828 kpc>, -1, 0, 0, 0, 0, 0]
[367, 7040, <Quantity 2372.768446837879 kpc>, <Quantity 3094.1995033580383 kpc>, <Quantity 3130.6610941733584 kpc>, <Quantity 480429400.1211874 solMass>, <Quantity 465506097.2360968 solMass>, <Quantity 3.0731004476370964 kpc>, <Quantity 7.031691146835412 kpc>, -1, 0, 0, 0, 0, 0]
[368, 7039, <Quantity 2636.6653145278024 kpc>, <Quantity 2356.0012272056215 kpc>, <Quantity 2816.8191167842965 kpc>, <Quantity 380756101.7393791 solMass>, <Quantity 464293841.7765144 solMass>, <Quantity 2.843910039193838 kpc>, <Quantity 4.001665134427417 kpc>, -1, 0, 0, 0, 0, 0]
[370, 7038, <Quantity 2731.79082083177 kpc>, <Quantity 2520.307011262301 kpc>, <Quantity 2830.9955588076486 kpc>, <Quantity 297016352.01527137 solMass>, <Quantity 457626436.73579645 solMass>, <Quantity 2.6179439874813455 kpc>, <Quantity 3.0017132421298927 kpc>, -1, 0, 0, 0, 0, 0]
[371, 7037, <Quantity 2434.5045980418845 kpc>, <Quantity 2397.508375014267 kpc>, <Quantity 2546.0418763541325 kpc>, <Quantity 375319985.02331597 solMass>, <Quantity 457323372.8733355 solMass>, <Quantity 2.830310790951511 kpc>, <Quantity 3.44277248866815 kpc>, -1, 0, 0, 0, 0, 0]
[372, 7036, <Quantity 3059.981578544341 kpc>, <Quantity 2418.386761825379 kpc>, <Quantity 2567.7133365600557 kpc>, <Quantity 379573764.4415519 solMass>, <Quantity 457020309.0025859 solMass>, <Quantity 2.840963317024405 kpc>, <Quantity 4.030326552583152 kpc>, -1, 0, 0, 0, 0, 0]
[373, 7035, <Quantity 2963.2754250093362 kpc>, <Quantity 2806.396715158135 kpc>, <Quantity 2820.6251575282854 kpc>, <Quantity 270469265.1625278 solMass>, <Quantity 456717245.1332667 solMass>, <Quantity 2.5375008950087725 kpc>, <Quantity 5.572878944627611 kpc>, -1, 0, 0, 0, 0, 0]
[374, 7034, <Quantity 3070.4581014936853 kpc>, <Quantity 2821.99099082411 kpc>, <Quantity 2634.211309156847 kpc>, <Quantity 374548887.1870772 solMass>, <Quantity 456414181.2838205 solMass>, <Quantity 2.8283711634869264 kpc>, <Quantity 2.969666014499476 kpc>, -1, 0, 0, 0, 0, 0]
[375, 7033, <Quantity 2650.307160930599 kpc>, <Quantity 2548.541715028233 kpc>, <Quantity 2833.0463607752527 kpc>, <Quantity 291616603.36709774 solMass>, <Quantity 456111117.4061892 solMass>, <Quantity 2.601982149315935 kpc>, <Quantity 4.439270903639448 kpc>, -1, 0, 0, 0, 0, 0]
[376, 7032, <Quantity 2926.7807813828917 kpc>, <Quantity 3075.2829582332574 kpc>, <Quantity 2280.4536833713432 kpc>, <Quantity 330911504.43547094 solMass>, <Quantity 453686606.49501234 solMass>, <Quantity 2.7139646448818002 kpc>, <Quantity 6.52830580785415 kpc>, -1, 0, 0, 0, 0, 0]
[378, 7031, <Quantity 2414.063816963653 kpc>, <Quantity 2619.2922602687822 kpc>, <Quantity 2533.7020462948967 kpc>, <Quantity 331199881.4910109 solMass>, <Quantity 452777414.8917119 solMass>, <Quantity 2.7147527890270386 kpc>, <Quantity 4.077157406717572 kpc>, -1, 0, 0, 0, 0, 0]
[379, 7029, <Quantity 2812.286149857598 kpc>, <Quantity 2465.050836391967 kpc>, <Quantity 2782.116778021964 kpc>, <Quantity 433765293.7442136 solMass>, <Quantity 451868223.2918028 solMass>, <Quantity 2.970196376238044 kpc>, <Quantity 3.76357061792586 kpc>, -1, 0, 0, 0, 0, 0]
[380, 7027, <Quantity 2489.9253714640204 kpc>, <Quantity 2390.2020226637346 kpc>, <Quantity 2557.5846704405612 kpc>, <Quantity 327902720.1452086 solMass>, <Quantity 447625329.1793489 solMass>, <Quantity 2.705714091889332 kpc>, <Quantity 3.8943853699165714 kpc>, -1, 0, 0, 0, 0, 0]
[383, 7025, <Quantity 2614.713539673632 kpc>, <Quantity 2569.2315824186517 kpc>, <Quantity 2387.065682910277 kpc>, <Quantity 303042907.53335106 solMass>, <Quantity 444291626.66233534 solMass>, <Quantity 2.635531867161669 kpc>, <Quantity 4.093500670885037 kpc>, -1, 0, 0, 0, 0, 0]
[384, 7024, <Quantity 2609.539592598393 kpc>, <Quantity 3077.810781475379 kpc>, <Quantity 2975.1174267082165 kpc>, <Quantity 276906618.32225466 solMass>, <Quantity 443988562.79803675 solMass>, <Quantity 2.557474677959632 kpc>, <Quantity 3.75507388185313 kpc>, -1, 0, 0, 0, 0, 0]
[386, 7023, <Quantity 3018.173223480134 kpc>, <Quantity 2460.632114669891 kpc>, <Quantity 2509.8316292110153 kpc>, <Quantity 403633940.60863703 solMass>, <Quantity 442170179.5981657 solMass>, <Quantity 2.8997649068839952 kpc>, <Quantity 3.613795882769305 kpc>, -1, 0, 0, 0, 0, 0]
[387, 7022, <Quantity 2732.5119673262834 kpc>, <Quantity 2939.1332065232205 kpc>, <Quantity 2881.5960564237544 kpc>, <Quantity 466992707.7317542 solMass>, <Quantity 441867115.7419557 solMass>, <Quantity 3.0441795446194755 kpc>, <Quantity 4.364525217708206 kpc>, -1, 0, 0, 0, 0, 0]
[390, 7021, <Quantity 2612.2951906848893 kpc>, <Quantity 2527.58521464664 kpc>, <Quantity 2371.370357317845 kpc>, <Quantity 380092164.46427023 solMass>, <Quantity 437321157.7582213 solMass>, <Quantity 2.8422560701297805 kpc>, <Quantity 6.3216394899418304 kpc>, -1, 0, 0, 0, 0, 0]
[391, 7020, <Quantity 2791.444344493038 kpc>, <Quantity 2750.279120094002 kpc>, <Quantity 2714.0704518801454 kpc>, <Quantity 325494706.729185 solMass>, <Quantity 434593582.9672189 solMass>, <Quantity 2.6990745106757283 kpc>, <Quantity 3.012075521178293 kpc>, -1, 0, 0, 0, 0, 0]
[392, 7019, <Quantity 2608.600120211482 kpc>, <Quantity 2955.8604381430423 kpc>, <Quantity 2894.106835802447 kpc>, <Quantity 345992502.4863895 solMass>, <Quantity 433684391.3762819 solMass>, <Quantity 2.754582556950885 kpc>, <Quantity 3.64848405984519 kpc>, -1, 0, 0, 0, 0, 0]
[393, 7018, <Quantity 2691.250247139994 kpc>, <Quantity 2957.418887318976 kpc>, <Quantity 2879.4362042416064 kpc>, <Quantity 205681026.00758585 solMass>, <Quantity 433381327.50918096 solMass>, <Quantity 2.3161408895851463 kpc>, <Quantity 4.357164946491649 kpc>, -1, 0, 0, 0, 0, 0]
[395, 7016, <Quantity 2741.612875432198 kpc>, <Quantity 2815.888783931022 kpc>, <Quantity 2791.0830356151505 kpc>, <Quantity 321774278.18478847 solMass>, <Quantity 429441497.25562567 solMass>, <Quantity 2.688751539071879 kpc>, <Quantity 3.982001891244527 kpc>, -1, 0, 0, 0, 0, 0]
[396, 7017, <Quantity 2728.4145769708343 kpc>, <Quantity 2594.3388423722135 kpc>, <Quantity 2704.5627703537407 kpc>, <Quantity 281448138.6036218 solMass>, <Quantity 429441497.2545989 solMass>, <Quantity 2.5713805663061042 kpc>, <Quantity 2.970667657316451 kpc>, -1, 0, 0, 0, 0, 0]
[399, 7013, <Quantity 2863.8083576246577 kpc>, <Quantity 2415.204171660067 kpc>, <Quantity 2308.2729359796463 kpc>, <Quantity 219966248.466442 solMass>, <Quantity 424592475.4073895 solMass>, <Quantity 2.368566484812511 kpc>, <Quantity 7.044135331792952 kpc>, -1, 0, 0, 0, 0, 0]
[400, 7012, <Quantity 2915.987889037463 kpc>, <Quantity 2480.0514303742543 kpc>, <Quantity 2708.5007015687615 kpc>, <Quantity 324770787.395914 solMass>, <Quantity 424289411.53810334 solMass>, <Quantity 2.6970720587046864 kpc>, <Quantity 6.205959578655945 kpc>, -1, 0, 0, 0, 0, 0]
[401, 7011, <Quantity 2955.3366229411904 kpc>, <Quantity 2948.1557560188567 kpc>, <Quantity 2702.386960231823 kpc>, <Quantity 269330668.77472734 solMass>, <Quantity 422167964.49756926 solMass>, <Quantity 2.53393517492175 kpc>, <Quantity 2.6129623467819574 kpc>, -1, 0, 0, 0, 0, 0]
[405, 7010, <Quantity 3123.2945306830684 kpc>, <Quantity 2815.3606976895494 kpc>, <Quantity 3043.838389635623 kpc>, <Quantity 221718662.96687952 solMass>, <Quantity 421258772.8833647 solMass>, <Quantity 2.3748397748635823 kpc>, <Quantity 3.762503006136514 kpc>, -1, 0, 0, 0, 0, 0]
[406, 7009, <Quantity 2884.0473088575513 kpc>, <Quantity 2797.180201461086 kpc>, <Quantity 2982.453553436336 kpc>, <Quantity 397019925.6425103 solMass>, <Quantity 420955709.02611583 solMass>, <Quantity 2.8838389171651007 kpc>, <Quantity 7.057878409281007 kpc>, -1, 0, 0, 0, 0, 0]
[407, 7008, <Quantity 2949.8115454119966 kpc>, <Quantity 3094.9691498017132 kpc>, <Quantity 2304.1884852597864 kpc>, <Quantity 325418919.5849801 solMass>, <Quantity 420652645.1692082 solMass>, <Quantity 2.698865013129405 kpc>, <Quantity 3.9684331609466494 kpc>, -1, 0, 0, 0, 0, 0]
[408, 7007, <Quantity 3127.798779142843 kpc>, <Quantity 2388.8549854445764 kpc>, <Quantity 2551.780500887976 kpc>, <Quantity 268244638.9267257 solMass>, <Quantity 420349581.28707623 solMass>, <Quantity 2.5305247000476663 kpc>, <Quantity 3.637521805145048 kpc>, -1, 0, 0, 0, 0, 0]
[409, 7006, <Quantity 2688.7765793552853 kpc>, <Quantity 2625.6925657826264 kpc>, <Quantity 2239.5151176958984 kpc>, <Quantity 329607666.05032617 solMass>, <Quantity 419743453.5657373 solMass>, <Quantity 2.7103954842212317 kpc>, <Quantity 8.614682258892637 kpc>, -1, 0, 0, 0, 0, 0]
[412, 7004, <Quantity 3147.6134217422295 kpc>, <Quantity 2937.6108362118525 kpc>, <Quantity 3149.006515508592 kpc>, <Quantity 325427889.0024073 solMass>, <Quantity 416106687.1792182 solMass>, <Quantity 2.6988898088855047 kpc>, <Quantity 3.7048925208673023 kpc>, -1, 0, 0, 0, 0, 0]
[413, 7003, <Quantity 2446.31269979528 kpc>, <Quantity 2610.0005010026516 kpc>, <Quantity 2480.3295405289505 kpc>, <Quantity 467214086.32095534 solMass>, <Quantity 415500559.4491073 solMass>, <Quantity 3.0446605012450085 kpc>, <Quantity 4.191214063693309 kpc>, -1, 0, 0, 0, 0, 0]
[414, 7002, <Quantity 2437.247752960187 kpc>, <Quantity 2688.9912715669097 kpc>, <Quantity 2575.592655923006 kpc>, <Quantity 273944283.07034945 solMass>, <Quantity 415500559.44742227 solMass>, <Quantity 2.5483220432594416 kpc>, <Quantity 4.174687291834875 kpc>, -1, 0, 0, 0, 0, 0]
[415, 7001, <Quantity 2790.997358787699 kpc>, <Quantity 2677.583896207009 kpc>, <Quantity 2324.0269386697228 kpc>, <Quantity 454687515.357926 solMass>, <Quantity 412469920.79548633 solMass>, <Quantity 3.017203297112878 kpc>, <Quantity 5.5675845012823 kpc>, -1, 0, 0, 0, 0, 0]
[419, 7000, <Quantity 3073.584701992193 kpc>, <Quantity 2922.5022846827683 kpc>, <Quantity 3133.4159555352016 kpc>, <Quantity 299668921.92669034 solMass>, <Quantity 409742346.00169826 solMass>, <Quantity 2.625714276773423 kpc>, <Quantity 3.613614485218536 kpc>, -1, 0, 0, 0, 0, 0]
[420, 6999, <Quantity 3041.891497589039 kpc>, <Quantity 3076.6501655959023 kpc>, <Quantity 2996.38206883678 kpc>, <Quantity 328096141.8708586 solMass>, <Quantity 408833154.4168949 solMass>, <Quantity 2.706245998648849 kpc>, <Quantity 3.1276195412110335 kpc>, -1, 0, 0, 0, 0, 0]
[421, 6997, <Quantity 2354.917034774592 kpc>, <Quantity 2305.5425564389384 kpc>, <Quantity 2453.699353003887 kpc>, <Quantity 295598843.6740244 solMass>, <Quantity 408227026.67921776 solMass>, <Quantity 2.6137726384158486 kpc>, <Quantity 3.24452359990273 kpc>, -1, 0, 0, 0, 0, 0]
[422, 6998, <Quantity 3022.449662889372 kpc>, <Quantity 2442.0969167339713 kpc>, <Quantity 2732.4760385716386 kpc>, <Quantity 284488933.66959643 solMass>, <Quantity 408227026.67636764 solMass>, <Quantity 2.5806079026376687 kpc>, <Quantity 3.7254871992985743 kpc>, -1, 0, 0, 0, 0, 0]
[423, 6996, <Quantity 2322.8334254991496 kpc>, <Quantity 2283.767312156728 kpc>, <Quantity 2354.572647628147 kpc>, <Quantity 307144562.700273 solMass>, <Quantity 407923962.81660825 solMass>, <Quantity 2.6473691737361813 kpc>, <Quantity 4.440035995061313 kpc>, -1, 0, 0, 0, 0, 0]
[425, 6995, <Quantity 2898.470361395027 kpc>, <Quantity 2523.7139006773205 kpc>, <Quantity 2649.294305217677 kpc>, <Quantity 242296612.6770884 solMass>, <Quantity 407620898.9425948 solMass>, <Quantity 2.446147708443471 kpc>, <Quantity 3.2252607210191973 kpc>, -1, 0, 0, 0, 0, 0]
[426, 6994, <Quantity 2654.518991669154 kpc>, <Quantity 2607.2812732100642 kpc>, <Quantity 2967.022784659913 kpc>, <Quantity 290533962.81750125 solMass>, <Quantity 406105579.6203285 solMass>, <Quantity 2.598758162002917 kpc>, <Quantity 3.4954447501814983 kpc>, -1, 0, 0, 0, 0, 0]
[429, 6991, <Quantity 3139.5104492312007 kpc>, <Quantity 2513.146085116212 kpc>, <Quantity 2721.85530943993 kpc>, <Quantity 288417555.6277238 solMass>, <Quantity 403984132.5606062 solMass>, <Quantity 2.592432521922541 kpc>, <Quantity 4.279014471683504 kpc>, -1, 0, 0, 0, 0, 0]
[430, 6988, <Quantity 2522.40934866107 kpc>, <Quantity 2427.323593080464 kpc>, <Quantity 2527.111204433632 kpc>, <Quantity 152891614.17897284 solMass>, <Quantity 403681068.6991429 solMass>, <Quantity 2.0981093492843628 kpc>, <Quantity 6.696184326371299 kpc>, -1, 0, 0, 0, 0, 0]
[431, 6990, <Quantity 2619.9990079957515 kpc>, <Quantity 2555.6543425045575 kpc>, <Quantity 2320.16555968899 kpc>, <Quantity 354010893.69196266 solMass>, <Quantity 403681068.6988021 solMass>, <Quantity 2.7756994491261695 kpc>, <Quantity 3.5128673297493482 kpc>, -1, 0, 0, 0, 0, 0]
[432, 6989, <Quantity 2989.1085613613136 kpc>, <Quantity 2887.3408868494307 kpc>, <Quantity 3081.3309351901776 kpc>, <Quantity 291344004.3294558 solMass>, <Quantity 403681068.69875354 solMass>, <Quantity 2.6011711312984986 kpc>, <Quantity 4.705287284171853 kpc>, -1, 0, 0, 0, 0, 0]
[433, 6987, <Quantity 2753.434675631483 kpc>, <Quantity 2791.0218257848683 kpc>, <Quantity 2746.656407783216 kpc>, <Quantity 469235443.14599764 solMass>, <Quantity 403074940.9657205 solMass>, <Quantity 3.0490449945931704 kpc>, <Quantity 3.5867164146702337 kpc>, -1, 0, 0, 0, 0, 0]
[436, 6984, <Quantity 2568.8241659854266 kpc>, <Quantity 2746.600986177699 kpc>, <Quantity 2823.501755624299 kpc>, <Quantity 286878441.73378444 solMass>, <Quantity 400650430.0479076 solMass>, <Quantity 2.5878128683880024 kpc>, <Quantity 4.912106172738041 kpc>, -1, 0, 0, 0, 0, 0]
[437, 6983, <Quantity 2807.561726198195 kpc>, <Quantity 3083.164296742024 kpc>, <Quantity 2830.075943917468 kpc>, <Quantity 296557913.73187625 solMass>, <Quantity 398832046.8509652 solMass>, <Quantity 2.6165963806957215 kpc>, <Quantity 4.631816424336544 kpc>, -1, 0, 0, 0, 0, 0]
[438, 6982, <Quantity 2918.762607505838 kpc>, <Quantity 2591.3019685878553 kpc>, <Quantity 3069.5856620672957 kpc>, <Quantity 407355976.23419976 solMass>, <Quantity 397619791.3946817 solMass>, <Quantity 2.9086508642004025 kpc>, <Quantity 3.979322763903892 kpc>, -1, 0, 0, 0, 0, 0]
[441, 6979, <Quantity 2909.7800971608826 kpc>, <Quantity 3057.8311484260566 kpc>, <Quantity 2858.7590590539758 kpc>, <Quantity 277347746.95774066 solMass>, <Quantity 394892216.60276157 solMass>, <Quantity 2.558832026955841 kpc>, <Quantity 3.428223193799143 kpc>, -1, 0, 0, 0, 0, 0]
[442, 6978, <Quantity 2837.895704711346 kpc>, <Quantity 2964.087643278325 kpc>, <Quantity 2811.3005540857794 kpc>, <Quantity 287405980.4124663 solMass>, <Quantity 391861577.9468796 solMass>, <Quantity 2.5893981338237926 kpc>, <Quantity 5.023382515486882 kpc>, -1, 0, 0, 0, 0, 0]
[446, 6976, <Quantity 2432.8365514349866 kpc>, <Quantity 2685.4602788257553 kpc>, <Quantity 2570.023362112635 kpc>, <Quantity 357959673.7241982 solMass>, <Quantity 389437067.0267104 solMass>, <Quantity 2.785981735494516 kpc>, <Quantity 5.874583487943927 kpc>, -1, 0, 0, 0, 0, 0]
[449, 6974, <Quantity 2694.947632342728 kpc>, <Quantity 2494.3442367519356 kpc>, <Quantity 2739.645856157723 kpc>, <Quantity 275770004.7553993 solMass>, <Quantity 388224811.55952746 solMass>, <Quantity 2.5539706726819293 kpc>, <Quantity 3.122795714565519 kpc>, -1, 0, 0, 0, 0, 0]
[450, 6972, <Quantity 2683.3444209967665 kpc>, <Quantity 2871.748058114844 kpc>, <Quantity 2759.430193008447 kpc>, <Quantity 304297661.5091362 solMass>, <Quantity 386406428.376114 solMass>, <Quantity 2.6391643455170186 kpc>, <Quantity 3.9604335715344954 kpc>, -1, 0, 0, 0, 0, 0]
[451, 6971, <Quantity 2963.8679314673523 kpc>, <Quantity 2948.8029762480023 kpc>, <Quantity 2485.589756347337 kpc>, <Quantity 289169182.54796094 solMass>, <Quantity 385800300.64258957 solMass>, <Quantity 2.5946825604782897 kpc>, <Quantity 3.48293785185906 kpc>, -1, 0, 0, 0, 0, 0]
[452, 6970, <Quantity 2423.950360992964 kpc>, <Quantity 2926.8740802393804 kpc>, <Quantity 2966.2100039108336 kpc>, <Quantity 286516568.6528318 solMass>, <Quantity 385497236.7794796 solMass>, <Quantity 2.586724307624218 kpc>, <Quantity 3.9918462372072105 kpc>, -1, 0, 0, 0, 0, 0]
[454, 6969, <Quantity 2951.6113085067946 kpc>, <Quantity 2933.080648640641 kpc>, <Quantity 2685.417993869158 kpc>, <Quantity 257782649.91844177 solMass>, <Quantity 384891109.0479198 solMass>, <Quantity 2.497189259403972 kpc>, <Quantity 3.65265792033908 kpc>, -1, 0, 0, 0, 0, 0]
[455, 6968, <Quantity 2905.1787069667225 kpc>, <Quantity 2760.3999091377045 kpc>, <Quantity 2995.8878129463155 kpc>, <Quantity 253826149.80196804 solMass>, <Quantity 384284981.3110941 solMass>, <Quantity 2.484347546339151 kpc>, <Quantity 3.0549046026005624 kpc>, -1, 0, 0, 0, 0, 0]
[456, 6967, <Quantity 3111.6289038699556 kpc>, <Quantity 2445.164237192426 kpc>, <Quantity 2440.072362678907 kpc>, <Quantity 234435952.67744794 solMass>, <Quantity 382769661.9887683 solMass>, <Quantity 2.4194034861729095 kpc>, <Quantity 6.084538472789738 kpc>, -1, 0, 0, 0, 0, 0]
[457, 6965, <Quantity 2624.5138286522006 kpc>, <Quantity 3081.1844906237493 kpc>, <Quantity 2745.879747740935 kpc>, <Quantity 243653469.5979388 solMass>, <Quantity 382163534.2637073 solMass>, <Quantity 2.4507053400054764 kpc>, <Quantity 4.368058054474055 kpc>, -1, 0, 0, 0, 0, 0]
[458, 6966, <Quantity 2986.025932197509 kpc>, <Quantity 2942.397316005194 kpc>, <Quantity 2303.885210900472 kpc>, <Quantity 283924818.71825546 solMass>, <Quantity 382163534.25864905 solMass>, <Quantity 2.578901072597243 kpc>, <Quantity 3.6240050073709074 kpc>, -1, 0, 0, 0, 0, 0]
[460, 6962, <Quantity 3114.870108828316 kpc>, <Quantity 2888.014526283145 kpc>, <Quantity 3100.240000081771 kpc>, <Quantity 294896264.0484107 solMass>, <Quantity 380951278.79758006 solMass>, <Quantity 2.6117001898128334 kpc>, <Quantity 3.7279216186760795 kpc>, -1, 0, 0, 0, 0, 0]
[461, 6963, <Quantity 3031.9718595103377 kpc>, <Quantity 2835.6993384710777 kpc>, <Quantity 2705.319419627409 kpc>, <Quantity 236941897.2244413 solMass>, <Quantity 380951278.79454166 solMass>, <Quantity 2.427993487972703 kpc>, <Quantity 6.635336142887027 kpc>, -1, 0, 0, 0, 0, 0]
[463, 6960, <Quantity 3031.7061421611643 kpc>, <Quantity 2478.089910899721 kpc>, <Quantity 2747.1079341715113 kpc>, <Quantity 329768737.7216306 solMass>, <Quantity 380345151.06087655 solMass>, <Quantity 2.710836914929349 kpc>, <Quantity 3.3105299183132937 kpc>, -1, 0, 0, 0, 0, 0]
[465, 6959, <Quantity 2940.480894861607 kpc>, <Quantity 2681.7863438251334 kpc>, <Quantity 2689.687393093277 kpc>, <Quantity 268816569.14738166 solMass>, <Quantity 379739023.33071136 solMass>, <Quantity 2.532321885603878 kpc>, <Quantity 3.0438446477801024 kpc>, -1, 0, 0, 0, 0, 0]
[466, 6957, <Quantity 2664.6605319625446 kpc>, <Quantity 3081.7609214334175 kpc>, <Quantity 2690.9130012798305 kpc>, <Quantity 226686369.41977617 solMass>, <Quantity 378526767.8751721 solMass>, <Quantity 2.3924453864922035 kpc>, <Quantity 2.6606232652740984 kpc>, -1, 0, 0, 0, 0, 0]
[467, 6955, <Quantity 2523.6795253692085 kpc>, <Quantity 2837.7544264661888 kpc>, <Quantity 2667.0974852877457 kpc>, <Quantity 290531206.8099509 solMass>, <Quantity 376102256.95154256 solMass>, <Quantity 2.598749944696532 kpc>, <Quantity 3.4032058889654833 kpc>, -1, 0, 0, 0, 0, 0]
[470, 6953, <Quantity 3043.9905203692715 kpc>, <Quantity 2682.555855164605 kpc>, <Quantity 2445.561245054391 kpc>, <Quantity 288587443.3839423 solMass>, <Quantity 375193065.3502275 solMass>, <Quantity 2.5929414323423696 kpc>, <Quantity 3.4983969348762876 kpc>, -1, 0, 0, 0, 0, 0]
[471, 6952, <Quantity 2703.5245176733815 kpc>, <Quantity 2741.3700698968855 kpc>, <Quantity 2901.28534304089 kpc>, <Quantity 228155960.4859273 solMass>, <Quantity 374890001.49658173 solMass>, <Quantity 2.3976042701264224 kpc>, <Quantity 3.6346378521424425 kpc>, -1, 0, 0, 0, 0, 0]
[473, 6951, <Quantity 3093.155792629773 kpc>, <Quantity 2753.5168831806213 kpc>, <Quantity 2446.609359349198 kpc>, <Quantity 225634851.94163275 solMass>, <Quantity 373374682.1591481 solMass>, <Quantity 2.388740417359653 kpc>, <Quantity 4.019015264948471 kpc>, -1, 0, 0, 0, 0, 0]
[474, 6950, <Quantity 2573.218596079636 kpc>, <Quantity 2949.200331165398 kpc>, <Quantity 2405.5751005408088 kpc>, <Quantity 282543618.1079521 solMass>, <Quantity 373071618.2972607 solMass>, <Quantity 2.574712438713338 kpc>, <Quantity 3.5939417785220207 kpc>, -1, 0, 0, 0, 0, 0]
[475, 6949, <Quantity 2687.7678459091117 kpc>, <Quantity 2795.789750492581 kpc>, <Quantity 2793.3895747338747 kpc>, <Quantity 312907475.0647422 solMass>, <Quantity 372768554.4328587 solMass>, <Quantity 2.663824096305857 kpc>, <Quantity 3.25341565170155 kpc>, -1, 0, 0, 0, 0, 0]
[476, 6948, <Quantity 2588.166686026546 kpc>, <Quantity 2739.4225432411304 kpc>, <Quantity 2440.2606004820695 kpc>, <Quantity 311886666.0462189 solMass>, <Quantity 370647107.37747675 solMass>, <Quantity 2.660924178289347 kpc>, <Quantity 3.1771803740987163 kpc>, -1, 0, 0, 0, 0, 0]
[477, 6947, <Quantity 2712.57973401114 kpc>, <Quantity 2968.474844789186 kpc>, <Quantity 2921.462325249376 kpc>, <Quantity 247195016.57751006 solMass>, <Quantity 368525660.3085077 solMass>, <Quantity 2.4625220849831213 kpc>, <Quantity 2.9351368314965387 kpc>, -1, 0, 0, 0, 0, 0]
[478, 6946, <Quantity 2973.3191287100544 kpc>, <Quantity 2732.921212545172 kpc>, <Quantity 2790.655344227685 kpc>, <Quantity 258288466.64149293 solMass>, <Quantity 367919532.5810831 solMass>, <Quantity 2.498821506350871 kpc>, <Quantity 2.9511043005650825 kpc>, -1, 0, 0, 0, 0, 0]
[480, 6944, <Quantity 2909.5533835343517 kpc>, <Quantity 2488.0286731440947 kpc>, <Quantity 2698.937136550915 kpc>, <Quantity 267517333.5661313 solMass>, <Quantity 367313404.85416377 solMass>, <Quantity 2.528235583070499 kpc>, <Quantity 4.64240126887387 kpc>, -1, 0, 0, 0, 0, 0]
[481, 6943, <Quantity 2321.381068243799 kpc>, <Quantity 3055.162253669163 kpc>, <Quantity 3125.7634117986963 kpc>, <Quantity 308007448.14985037 solMass>, <Quantity 367313404.85261834 solMass>, <Quantity 2.6498460100788512 kpc>, <Quantity 3.7055217274761425 kpc>, -1, 0, 0, 0, 0, 0]
[483, 6941, <Quantity 2992.4754637902847 kpc>, <Quantity 2955.096174686066 kpc>, <Quantity 3244.4415026699003 kpc>, <Quantity 261113768.6440416 solMass>, <Quantity 367010340.9829968 solMass>, <Quantity 2.5078996493656285 kpc>, <Quantity 3.5241225330900066 kpc>, -1, 0, 0, 0, 0, 0]
[485, 6940, <Quantity 2950.2222915130305 kpc>, <Quantity 2868.231227297526 kpc>, <Quantity 3202.578579636828 kpc>, <Quantity 234865921.3799873 solMass>, <Quantity 364888893.9253485 solMass>, <Quantity 2.420881690124942 kpc>, <Quantity 3.030878906003243 kpc>, -1, 0, 0, 0, 0, 0]
[486, 6939, <Quantity 2758.6806281621643 kpc>, <Quantity 2463.6489585189147 kpc>, <Quantity 2687.8283640753507 kpc>, <Quantity 260715305.222786 solMass>, <Quantity 364585830.0570826 solMass>, <Quantity 2.5066233027502807 kpc>, <Quantity 2.4466490037463715 kpc>, -1, 0, 0, 0, 0, 0]
[487, 6938, <Quantity 3051.0798898671487 kpc>, <Quantity 2886.3544602752886 kpc>, <Quantity 2413.5325925699585 kpc>, <Quantity 310356476.6620757 solMass>, <Quantity 364282766.2007039 solMass>, <Quantity 2.656565335244905 kpc>, <Quantity 3.5822723137416177 kpc>, -1, 0, 0, 0, 0, 0]
[490, 6935, <Quantity 2692.3054820055927 kpc>, <Quantity 2951.9179897876347 kpc>, <Quantity 2835.8318963170177 kpc>, <Quantity 252760750.72946748 solMass>, <Quantity 363373574.6045117 solMass>, <Quantity 2.480866773571293 kpc>, <Quantity 3.7220842546801487 kpc>, -1, 0, 0, 0, 0, 0]
[491, 6936, <Quantity 2787.9549326900624 kpc>, <Quantity 2449.6056773032083 kpc>, <Quantity 2712.8956821479173 kpc>, <Quantity 250075728.42048955 solMass>, <Quantity 363373574.5970661 solMass>, <Quantity 2.472050914346713 kpc>, <Quantity 3.3769138252153157 kpc>, -1, 0, 0, 0, 0, 0]
[492, 6934, <Quantity 3067.553404926767 kpc>, <Quantity 2815.5366294536416 kpc>, <Quantity 3044.4654575561863 kpc>, <Quantity 263124418.91550016 solMass>, <Quantity 363070510.73308444 solMass>, <Quantity 2.514320377139076 kpc>, <Quantity 3.2114364746208044 kpc>, -1, 0, 0, 0, 0, 0]
[494, 6933, <Quantity 2820.2985882373014 kpc>, <Quantity 3107.0674832169466 kpc>, <Quantity 2854.3298191088447 kpc>, <Quantity 119005985.17871313 solMass>, <Quantity 361858255.27623826 solMass>, <Quantity 1.9299963976238967 kpc>, <Quantity 7.018511026864076 kpc>, -1, 0, 0, 0, 0, 0]
[495, 6932, <Quantity 2723.97740707673 kpc>, <Quantity 2796.0630835046923 kpc>, <Quantity 3008.9526851460737 kpc>, <Quantity 324111061.3161892 solMass>, <Quantity 361555191.40857697 solMass>, <Quantity 2.6952445801411504 kpc>, <Quantity 2.7387888214878533 kpc>, -1, 0, 0, 0, 0, 0]
