yt : [INFO     ] 2017-07-21 12:08:32,587 Parameters: current_time              = 2.442094332e+16
yt : [INFO     ] 2017-07-21 12:08:32,588 Parameters: domain_dimensions         = [2 2 2]
yt : [INFO     ] 2017-07-21 12:08:32,588 Parameters: domain_left_edge          = [ 0.  0.  0.]
yt : [INFO     ] 2017-07-21 12:08:32,589 Parameters: domain_right_edge         = [  1.66901647e+25   1.66901647e+25   1.66901647e+25]
yt : [INFO     ] 2017-07-21 12:08:32,589 Parameters: cosmological_simulation   = 1
yt : [INFO     ] 2017-07-21 12:08:32,589 Parameters: current_redshift          = 6.99999981444
yt : [INFO     ] 2017-07-21 12:08:32,589 Parameters: omega_lambda              = 0.712
yt : [INFO     ] 2017-07-21 12:08:32,589 Parameters: omega_matter              = 0.288
yt : [INFO     ] 2017-07-21 12:08:32,589 Parameters: hubble_constant           = 0.6933
yt : [INFO     ] 2017-07-21 12:08:32,717 Parameters: current_time              = 102.74801136229
yt : [INFO     ] 2017-07-21 12:08:32,717 Parameters: domain_dimensions         = [128 128 128]
yt : [INFO     ] 2017-07-21 12:08:32,718 Parameters: domain_left_edge          = [ 0.  0.  0.]
yt : [INFO     ] 2017-07-21 12:08:32,718 Parameters: domain_right_edge         = [ 1.  1.  1.]
yt : [INFO     ] 2017-07-21 12:08:32,719 Parameters: cosmological_simulation   = 1
yt : [INFO     ] 2017-07-21 12:08:32,719 Parameters: current_redshift          = 6.9999998144358
yt : [INFO     ] 2017-07-21 12:08:32,719 Parameters: omega_lambda              = 0.712
yt : [INFO     ] 2017-07-21 12:08:32,719 Parameters: omega_matter              = 0.288
yt : [INFO     ] 2017-07-21 12:08:32,719 Parameters: hubble_constant           = 0.6933
yt : [INFO     ] 2017-07-21 12:08:32,722 Allocating for 4.968e+03 particles (index particle type 'all')
yt : [INFO     ] 2017-07-21 12:08:32,727 Identified 1.809e+03 octs
OutOfBounds
OutOfBounds
OutOfBounds
OutOfBounds
Parsing Hierarchy :   0%|          | 0/35395 [00:00<?, ?it/s]Parsing Hierarchy :   5%|▍         | 1600/35395 [00:00<00:02, 15995.10it/s]Parsing Hierarchy :   7%|▋         | 2586/35395 [00:00<00:02, 14154.46it/s]Parsing Hierarchy :  14%|█▎        | 4864/35395 [00:00<00:01, 16742.00it/s]Parsing Hierarchy :  20%|██        | 7079/35395 [00:00<00:01, 18362.79it/s]Parsing Hierarchy :  26%|██▌       | 9284/35395 [00:00<00:01, 19466.23it/s]Parsing Hierarchy :  32%|███▏      | 11464/35395 [00:00<00:01, 20165.00it/s]Parsing Hierarchy :  38%|███▊      | 13293/35395 [00:00<00:01, 17804.12it/s]Parsing Hierarchy :  44%|████▍     | 15497/35395 [00:00<00:01, 19074.86it/s]Parsing Hierarchy :  50%|█████     | 17722/35395 [00:00<00:00, 20026.18it/s]Parsing Hierarchy :  56%|█████▋    | 19986/35395 [00:01<00:00, 20807.36it/s]Parsing Hierarchy :  63%|██████▎   | 22175/35395 [00:01<00:00, 21129.86it/s]Parsing Hierarchy :  69%|██████▊   | 24257/35395 [00:01<00:00, 18259.57it/s]Parsing Hierarchy :  75%|███████▍  | 26432/35395 [00:01<00:00, 19304.87it/s]Parsing Hierarchy :  81%|████████  | 28616/35395 [00:01<00:00, 20065.34it/s]Parsing Hierarchy :  87%|████████▋ | 30781/35395 [00:01<00:00, 20536.33it/s]Parsing Hierarchy :  93%|█████████▎| 32924/35395 [00:01<00:00, 20803.41it/s]Parsing Hierarchy :  99%|█████████▉| 35141/35395 [00:01<00:00, 21207.99it/s]Parsing Hierarchy : 100%|██████████| 35395/35395 [00:01<00:00, 19222.72it/s]
yt : [INFO     ] 2017-07-21 12:08:39,596 Gathering a field list (this may take a moment.)
[4, 4967, 13853352350.914053, 22.09330767810782, 17621762811.334885, 10.210570638324075]
OutOfBounds
OutOfBounds
[7, 4966, 8096654227.7456045, 14.412224034413647, 8702273964.894407, 8.070698947815933]
OutOfBounds
OutOfBounds
[10, 4965, 7299293197.986081, 12.414740331582161, 8934947593.897242, 8.14199629214509]
[11, 4963, 7191402461.834248, 9.881391547243092, 8347772528.409236, 7.9595851392046635]
OutOfBounds
OutOfBounds
OutOfBounds
OutOfBounds
[16, 4962, 5078441192.395026, 10.340626674268682, 5399513868.685906, 6.88364477380426]
[17, 4960, 4633240374.085161, 9.222180381510533, 5227243298.307006, 6.809644947951646]
OutOfBounds
OutOfBounds
OutOfBounds
OutOfBounds
[22, 4959, 3433107467.135941, 8.109464606279044, 3636922802.3817005, 6.034087330012388]
OutOfBounds
[24, 4958, 3285818428.558619, 12.415108171105372, 3327387007.470943, 5.857801747200239]
[25, 4957, 3259148808.406896, 7.6875407836225325, 3690627970.1274734, 6.063643408621165]
OutOfBounds
[27, 4956, 3158834668.9612494, 10.485274251062332, 3774322776.5925403, 6.109137636074577]
OutOfBounds
OutOfBounds
[30, 4955, 3037912186.6578364, 9.362356516769184, 3059504917.277112, 5.696183204379278]
[31, 4954, 2982148435.4418993, 8.101748292404219, 3793885487.2581296, 6.119674219872795]
[32, 4953, 2973056519.5123153, 12.443480114592152, 3271099738.0723395, 5.824582832445932]
[33, 4952, 2958509453.96924, 6.894884957118541, 3115889518.882057, 5.730962682357105]
[34, 4951, 2873954635.5442457, 7.938057981921866, 2901310397.929668, 5.596265306291726]
[35, 4950, 2840314546.4664044, 7.588676318840277, 2775153202.204915, 5.513946544940888]
[36, 4949, 2833344077.5703974, 12.509580106815969, 3067313818.972919, 5.701025288958567]
[37, 4948, 2832131822.0811462, 6.348636325773692, 2865554430.2550187, 5.573180614212815]
[38, 4947, 2775761943.1124334, 6.6505558875344315, 2794392937.6574936, 5.526659675038205]
OutOfBounds
OutOfBounds
[41, 4946, 2716967553.256305, 7.313859097822486, 2910145895.8701086, 5.601940406546251]
[42, 4945, 2696662274.2882056, 9.095499013430846, 2440718168.006289, 5.282904683766764]
[43, 4944, 2687873422.1888204, 5.876752881097258, 2605313950.646175, 5.399086084915973]
OutOfBounds
OutOfBounds
OutOfBounds
OutOfBounds
OutOfBounds
OutOfBounds
OutOfBounds
[51, 4942, 2301163929.9081597, 5.442613180256006, 2196741738.044104, 5.100662220050813]
OutOfBounds
OutOfBounds
OutOfBounds
[55, 4941, 2203577365.2778497, 9.229221887475829, 2634401573.9125414, 5.419104877607839]
[56, 4940, 2157208593.877055, 6.207905694405131, 2219119119.960614, 5.117923250758348]
[57, 4939, 2052045432.5461988, 8.492988140080085, 2383432847.408472, 5.24124591798992]
OutOfBounds
OutOfBounds
[60, 4937, 1935668908.2634964, 6.509439661384592, 1816147035.8685699, 4.787225653761259]
[61, 4936, 1927183120.0249884, 5.318258268266654, 1887810487.6692953, 4.849381617956111]
[62, 4935, 1865661155.359855, 5.988776508894402, 1945007046.6496067, 4.8978704090308245]
OutOfBounds
OutOfBounds
OutOfBounds
[66, 4934, 1839597662.945869, 7.984095437518629, 1699420172.639631, 4.682385362361574]
[67, 4933, 1794441146.965026, 5.904479671671679, 1543697039.183895, 4.53475944611943]
OutOfBounds
[69, 4932, 1766559271.3815484, 7.9494656144937155, 1607245758.8989227, 4.596151404014604]
OutOfBounds
[71, 4930, 1752618333.5432975, 5.998788904374534, 1738603381.3976336, 4.718099227368054]
OutOfBounds
OutOfBounds
[74, 4927, 1692914752.0680232, 5.078069805264324, 1642571505.162979, 4.629580697162428]
OutOfBounds
[76, 4926, 1668366578.9938495, 6.8279821797667495, 1650913398.502153, 4.637404664040772]
OutOfBounds
[78, 4924, 1641090831.1141953, 5.821516389863403, 1615082710.3997312, 4.603609593312703]
OutOfBounds
OutOfBounds
[81, 4923, 1583205632.8117163, 5.192494377689525, 1552231144.2718792, 4.543100680382182]
[82, 4921, 1515016263.0985913, 9.321618785895545, 1813354534.8610516, 4.784770788276678]
OutOfBounds
[84, 4920, 1424097103.4810483, 5.255665498589502, 1253764422.8062751, 4.230959593382254]
OutOfBounds
OutOfBounds
OutOfBounds
[88, 4918, 1390760078.295593, 5.313947979006951, 1399600244.4390419, 4.389026809198541]
[89, 4917, 1378940587.5357196, 5.733646642637945, 1234536220.9593828, 4.209218875530045]
[90, 4916, 1375000757.2763824, 6.142814859269528, 1065954323.703858, 4.008172729661423]
OutOfBounds
OutOfBounds
[93, 4915, 1348028073.2538512, 5.972321313654538, 1250215645.1891735, 4.226963913614156]
OutOfBounds
[95, 4914, 1333784071.596648, 5.0570608089663915, 1270177046.445834, 4.249341654182583]
[96, 4913, 1316509431.2582316, 7.789888973119779, 1194559449.9697256, 4.163285109171251]
[97, 4912, 1305296068.2343752, 5.504876927087661, 1298466250.9310563, 4.280657220063018]
[98, 4911, 1288930619.5057437, 6.118982566687179, 977677743.4728789, 3.8943245277550296]
OutOfBounds
[100, 4909, 1269231468.2523162, 7.0055843210540605, 1295707979.7144969, 4.277624004535521]
[101, 4908, 1259230360.7134924, 5.702451236721408, 1328380192.542706, 4.313280422206804]
[102, 4906, 1177100053.1759593, 6.523794998423028, 1560467286.2775612, 4.551121744674543]
[103, 4904, 1161643796.053643, 6.9704509011018665, 1143718173.0315504, 4.103362681149538]
[104, 4902, 1130428217.9010696, 6.4189133213253236, 1087028141.0074263, 4.034414284311864]
[105, 4901, 1120730174.2150435, 4.460275767030105, 1050167287.8432409, 3.9882869039138003]
[106, 4900, 1104061661.626822, 6.778278764499254, 1011572640.5563571, 3.938818072926958]
[107, 4899, 1100424895.245843, 4.36954525449373, 1277748796.2586033, 4.257768623565799]
[108, 4898, 1089211532.2202365, 10.711615921615538, 1165922258.9237375, 4.129746828011415]
[109, 4897, 1089211532.2147596, 8.507557304031879, 1017737212.9832497, 3.946802990394811]
[110, 4896, 1085877829.703376, 9.090448564535743, 923376115.672688, 3.8208481315649077]
[111, 4895, 1081331871.7106335, 5.44582658883595, 1241158805.2542865, 4.216732144681932]
[112, 4894, 1065269486.8484323, 8.819992790221008, 977886724.6216227, 3.8946019819703466]
[113, 4893, 1049510165.8436875, 5.400731372026231, 1265243317.6089163, 4.2438326313663275]
[114, 4892, 1040115186.020787, 6.922087629122032, 1113408348.6493862, 4.066789761888872]
[115, 4891, 1039812122.1450365, 5.067860273453594, 898227025.9679279, 3.785840123878856]
[116, 4890, 1039205994.433875, 4.5479376897523425, 915633462.4053309, 3.810138672166137]
[117, 4889, 1038599866.7138159, 7.965060601079995, 690320871.6741352, 3.4677722360429604]
[118, 4888, 1031023270.0822368, 5.7596233837635875, 845336190.9517612, 3.710023990445466]
OutOfBounds
[120, 4887, 1014657821.3267891, 4.794574203069675, 808920308.6286936, 3.6559659593130607]
[121, 4886, 1011324118.82045, 5.328661073364838, 870499805.1474898, 3.7464774519229467]
[122, 4884, 979502412.9418781, 5.051807807705776, 891273184.7606157, 3.776045138608617]
[123, 4883, 970410496.9895029, 5.994512963840293, 1012231745.4063956, 3.939673351910162]
[124, 4882, 969804369.2580105, 4.7932423412352145, 971804398.1882341, 3.886510545959544]
[125, 4881, 965561475.1343837, 4.77780610763835, 813526291.147164, 3.6628918393555425]
[126, 4880, 963440028.0755901, 6.448374433809584, 763217297.3102597, 3.585774424086917]
OutOfBounds
[128, 4879, 954045048.259766, 7.252066161745055, 1064589953.4306662, 4.006461910083688]
OutOfBounds
[130, 4877, 937376535.6609058, 4.597491512204928, 813144019.9362814, 3.662318025704465]
[131, 4876, 927981555.836262, 5.346909884147305, 776182171.4301603, 3.605964537588789]
[132, 4875, 920101895.3225443, 6.860897540538893, 764362849.0064042, 3.587567551047818]
OutOfBounds
[134, 4874, 902524191.1442044, 5.114564166051488, 764967965.0442538, 3.5885140134275546]
OutOfBounds
[136, 4873, 898281297.0304773, 4.555273798178228, 713831088.7035309, 3.506700833122682]
[137, 4872, 892523083.5750229, 4.011432592424982, 743641997.0327529, 3.5548520726626816]
[138, 4871, 891007764.2450547, 4.283153847115578, 849939803.02926, 3.7167466019103217]
OutOfBounds
OutOfBounds
[141, 4868, 865550399.5579532, 6.7439154522892775, 712492747.4942547, 3.504507924841657]
OutOfBounds
OutOfBounds
OutOfBounds
[145, 4866, 825849033.184432, 7.0691691746212255, 613346790.4944055, 3.3337697079726256]
[146, 4865, 824333713.8716859, 5.244940172252558, 609774852.5215887, 3.3272854970507497]
OutOfBounds
OutOfBounds
OutOfBounds
OutOfBounds
[151, 4863, 808877456.735595, 3.975692036039421, 746183408.3235288, 3.5588970607286123]
OutOfBounds
[153, 4861, 794027327.3320131, 4.532709673600407, 712578901.1430227, 3.504649172584057]
OutOfBounds
[155, 4859, 765842387.8516092, 5.316787526884171, 682469804.5224564, 3.454575675696525]
[156, 4856, 759781110.5429573, 5.882197100281012, 637962771.1035118, 3.3777850486128704]
OutOfBounds
OutOfBounds
[159, 4855, 749476939.1188853, 4.992681416642962, 562235072.8587693, 3.238467490325069]
OutOfBounds
[161, 4853, 741597278.6184274, 3.440382507452569, 533356173.3382977, 3.182042719311284]
OutOfBounds
[163, 4851, 734929873.5789165, 5.326692168023387, 717002756.4410168, 3.511886774257939]
[164, 4850, 734323745.8494685, 4.188985167147591, 0, 0]
/home/ygovil/anaconda/anaconda3/lib/python3.6/site-packages/yt/units/yt_array.py:990: RuntimeWarning: invalid value encountered in true_divide
  return super(YTArray, self).__truediv__(ro)
/home/ygovil/anaconda/anaconda3/lib/python3.6/site-packages/yt/units/yt_array.py:1128: RuntimeWarning: invalid value encountered in greater
  return super(YTArray, self).__gt__(oth)
[165, 4849, 733717618.1101023, 4.40104024165953, 689770987.7105184, 3.466851225269043]
OutOfBounds
[167, 4847, 709169445.0214837, 4.852848442073909, 562786961.6574872, 3.239526768162791]
OutOfBounds
[169, 4845, 707957189.5583862, 4.530153469703081, 855845008.334588, 3.72533447153308]
[170, 4844, 705835742.49391, 4.970895698733223, 754577170.7671052, 3.572191924355147]
[171, 4843, 701895912.2513388, 3.847057167140109, 509562422.0977856, 3.1340026654385356]
[172, 4842, 696440762.6757306, 5.040063316800416, 408665220.17772996, 2.911763670715874]
[173, 4841, 694319315.6121739, 4.773545919387539, 798347392.0455551, 3.6399677350428186]
[174, 4839, 693713187.8862896, 8.270043830942166, 582295186.4777638, 3.276533634156736]
OutOfBounds
