yt : [INFO     ] 2017-07-26 17:16:21,919 Parameters: current_time              = 2.442094332e+16
yt : [INFO     ] 2017-07-26 17:16:21,920 Parameters: domain_dimensions         = [2 2 2]
yt : [INFO     ] 2017-07-26 17:16:21,920 Parameters: domain_left_edge          = [ 0.  0.  0.]
yt : [INFO     ] 2017-07-26 17:16:21,921 Parameters: domain_right_edge         = [  1.66901647e+25   1.66901647e+25   1.66901647e+25]
yt : [INFO     ] 2017-07-26 17:16:21,921 Parameters: cosmological_simulation   = 1
yt : [INFO     ] 2017-07-26 17:16:21,921 Parameters: current_redshift          = 6.99999981444
yt : [INFO     ] 2017-07-26 17:16:21,921 Parameters: omega_lambda              = 0.712
yt : [INFO     ] 2017-07-26 17:16:21,921 Parameters: omega_matter              = 0.288
yt : [INFO     ] 2017-07-26 17:16:21,921 Parameters: hubble_constant           = 0.6933
yt : [INFO     ] 2017-07-26 17:16:22,018 Parameters: current_time              = 102.74801136229
yt : [INFO     ] 2017-07-26 17:16:22,018 Parameters: domain_dimensions         = [128 128 128]
yt : [INFO     ] 2017-07-26 17:16:22,018 Parameters: domain_left_edge          = [ 0.  0.  0.]
yt : [INFO     ] 2017-07-26 17:16:22,019 Parameters: domain_right_edge         = [ 1.  1.  1.]
yt : [INFO     ] 2017-07-26 17:16:22,019 Parameters: cosmological_simulation   = 1
yt : [INFO     ] 2017-07-26 17:16:22,019 Parameters: current_redshift          = 6.9999998144358
yt : [INFO     ] 2017-07-26 17:16:22,019 Parameters: omega_lambda              = 0.712
yt : [INFO     ] 2017-07-26 17:16:22,020 Parameters: omega_matter              = 0.288
yt : [INFO     ] 2017-07-26 17:16:22,020 Parameters: hubble_constant           = 0.6933
yt : [INFO     ] 2017-07-26 17:16:22,023 Allocating for 4.968e+03 particles (index particle type 'all')
yt : [INFO     ] 2017-07-26 17:16:22,028 Identified 1.809e+03 octs
StelMassEqualZero
StelMassEqualZero
StelMassEqualZero
Parsing Hierarchy :   0%|          | 0/35395 [00:00<?, ?it/s]Parsing Hierarchy :   4%|▍         | 1493/35395 [00:00<00:02, 14927.81it/s]Parsing Hierarchy :  10%|█         | 3613/35395 [00:00<00:01, 16806.97it/s]Parsing Hierarchy :  13%|█▎        | 4563/35395 [00:00<00:02, 14550.42it/s]Parsing Hierarchy :  19%|█▉        | 6662/35395 [00:00<00:01, 16481.72it/s]Parsing Hierarchy :  25%|██▍       | 8749/35395 [00:00<00:01, 17795.91it/s]Parsing Hierarchy :  31%|███       | 10848/35395 [00:00<00:01, 18753.80it/s]Parsing Hierarchy :  37%|███▋      | 12937/35395 [00:00<00:01, 19392.14it/s]Parsing Hierarchy :  42%|████▏     | 14754/35395 [00:00<00:01, 17038.09it/s]Parsing Hierarchy :  48%|████▊     | 16846/35395 [00:00<00:01, 18200.92it/s]Parsing Hierarchy :  54%|█████▎    | 18946/35395 [00:01<00:00, 19039.36it/s]Parsing Hierarchy :  59%|█████▉    | 21049/35395 [00:01<00:00, 19634.14it/s]Parsing Hierarchy :  65%|██████▌   | 23145/35395 [00:01<00:00, 20030.96it/s]Parsing Hierarchy :  71%|███████   | 25128/35395 [00:01<00:00, 17315.53it/s]Parsing Hierarchy :  77%|███████▋  | 27227/35395 [00:01<00:00, 18417.02it/s]Parsing Hierarchy :  83%|████████▎ | 29321/35395 [00:01<00:00, 19172.71it/s]Parsing Hierarchy :  89%|████████▉ | 31431/35395 [00:01<00:00, 19750.62it/s]Parsing Hierarchy :  95%|█████████▍| 33519/35395 [00:01<00:00, 20087.70it/s]Parsing Hierarchy : 100%|██████████| 35395/35395 [00:01<00:00, 18341.18it/s]
yt : [INFO     ] 2017-07-26 17:16:29,154 Gathering a field list (this may take a moment.)
break at:  0.753935244247
11 7.9595851392046635 kpc 0.7539352442469044 kpc 0.5407856600966588
break at:  1.08822350058
16 6.88364477380426 kpc 1.0882235005767367 kpc 0.5097847359407287
break at:  0.629584830703
17 6.809644947951646 kpc 0.6295848307028353 kpc 0.576542119097735
break at:  0.484005851357
22 6.034087330012388 kpc 0.48400585135717517 kpc 0.55726996149139
break at:  2.54168911711
24 5.857801747200239 kpc 2.541689117111994 kpc 0.6786201447040232
break at:  1.12552655069
25 6.063643408621165 kpc 1.125526550686402 kpc 0.6471496432965358
break at:  2.12831714271
27 6.109137636074577 kpc 2.1283171427085077 kpc 0.781708273527214
StelMassEqualZero
break at:  1.55293115218
31 6.119674219872795 kpc 1.5529311521841263 kpc 0.516417599221057
StelMassEqualZero
break at:  0.427719074721
33 5.730962682357105 kpc 0.42771907472093307 kpc 0.6066419794254668
break at:  0.521298505782
34 5.596265306291726 kpc 0.5212985057816044 kpc 0.5521055100692267
break at:  0.380616417472
35 5.513946544940888 kpc 0.3806164174718809 kpc 0.5651091503135216
break at:  5.70102528896
36 5.701025288958567 kpc 5.701025288958568 kpc 1.0003440628360307
break at:  0.639578338811
37 5.573180614212815 kpc 0.6395783388109113 kpc 0.6173836028517161
break at:  0.63710874171
38 5.526659675038205 kpc 0.6371087417099632 kpc 0.5970416002983567
break at:  0.71081182862
41 5.601940406546251 kpc 0.7108118286203478 kpc 0.6177721892905612
break at:  0.375224273163
42 5.282904683766764 kpc 0.3752242731629724 kpc 0.5517069763957165
break at:  0.513683348637
43 5.399086084915973 kpc 0.5136833486368314 kpc 0.5760618398841222
break at:  0.335292283241
51 5.100662220050813 kpc 0.3352922832408465 kpc 0.5357904593682236
break at:  1.94684217924
55 5.419104877607839 kpc 1.946842179239663 kpc 0.7772185047284833
break at:  0.680198117802
56 5.117923250758348 kpc 0.6801981178022212 kpc 0.5463173412562103
break at:  1.89912646828
57 5.24124591798992 kpc 1.8991264682800248 kpc 0.6816864931422717
break at:  0.802898341982
60 4.787225653761259 kpc 0.8028983419821467 kpc 0.551368122944482
break at:  0.444980426985
61 4.849381617956111 kpc 0.4449804269854695 kpc 0.5861999178054885
break at:  0.665789412918
62 4.8978704090308245 kpc 0.6657894129178314 kpc 0.5992278839409095
break at:  0.484529091816
66 4.682385362361574 kpc 0.4845290918164438 kpc 0.6736465226278313
break at:  0.393242548045
67 4.53475944611943 kpc 0.3932425480449579 kpc 0.5241771834873001
break at:  0.785480497655
69 4.596151404014604 kpc 0.7854804976547877 kpc 0.6801754530243578
break at:  0.653769992596
71 4.718099227368054 kpc 0.6537699925956043 kpc 0.6336465895028662
break at:  0.532114799995
74 4.629580697162428 kpc 0.5321147999948385 kpc 0.521270017024711
break at:  0.789268912043
76 4.637404664040772 kpc 0.7892689120425781 kpc 0.6288972906450088
break at:  0.436167461826
78 4.603609593312703 kpc 0.43616746182599536 kpc 0.5146663919608837
break at:  0.433953520436
81 4.543100680382182 kpc 0.4339535204355735 kpc 0.5789965786474944
break at:  1.60714162822
82 4.784770788276678 kpc 1.607141628224853 kpc 0.652164433401627
break at:  0.511635342056
84 4.230959593382254 kpc 0.5116353420559722 kpc 0.6412965462325672
break at:  0.352741110544
88 4.389026809198541 kpc 0.3527411105436077 kpc 0.5399629700985279
break at:  0.347856804485
89 4.209218875530045 kpc 0.34785680448502426 kpc 0.607852970206449
break at:  0.376198159757
90 4.008172729661423 kpc 0.3761981597567802 kpc 0.557765391384832
break at:  0.383444535417
93 4.226963913614156 kpc 0.3834445354171918 kpc 0.5128887817775843
break at:  0.465617607627
95 4.249341654182583 kpc 0.4656176076272064 kpc 0.553653466452513
break at:  0.346586826152
96 4.163285109171251 kpc 0.3465868261519766 kpc 0.5791119711793297
break at:  0.424134910023
97 4.280657220063018 kpc 0.4241349100225452 kpc 0.5238264898246442
break at:  0.372326851591
98 3.8943245277550296 kpc 0.3723268515909955 kpc 0.6121089848236668
break at:  1.79792361644
100 4.277624004535521 kpc 1.7979236164378551 kpc 0.651457158827074
break at:  0.759068669067
101 4.313280422206804 kpc 0.7590686690673504 kpc 0.6542734601587414
break at:  4.55112174467
102 4.551121744674543 kpc 4.551121744674543 kpc 1.0003440628360307
break at:  2.1066964955
103 4.103362681149538 kpc 2.106696495497707 kpc 1.0003440628360307
break at:  0.805053779779
104 4.034414284311864 kpc 0.8050537797788239 kpc 0.5125963611565199
break at:  0.257310820315
105 3.9882869039138003 kpc 0.25731082031539526 kpc 0.5126494546018727
break at:  3.58475189882
106 3.938818072926958 kpc 3.584751898824006 kpc 0.8147351558579452
break at:  0.465996207765
107 4.257768623565799 kpc 0.46599620776483996 kpc 0.689629009096729
break at:  0.897388466063
108 4.129746828011415 kpc 0.8973884660630548 kpc 0.5364986471382588
break at:  0.658547961159
109 3.946802990394811 kpc 0.6585479611591522 kpc 0.5852006784857567
break at:  0.489394843987
110 3.8208481315649077 kpc 0.48939484398683547 kpc 0.6337955029589455
break at:  1.21148305233
111 4.216732144681932 kpc 1.2114830523313498 kpc 0.6600342434228154
break at:  0.71846099797
112 3.8946019819703466 kpc 0.7184609979696216 kpc 0.611788315285118
break at:  2.38415179086
113 4.2438326313663275 kpc 2.3841517908580765 kpc 0.979068856347807
break at:  1.43007959618
114 4.066789761888872 kpc 1.4300795961802457 kpc 0.7542094766994807
break at:  0.444069747461
115 3.785840123878856 kpc 0.44406974746137495 kpc 0.5644803076436303
break at:  0.710028540167
116 3.810138672166137 kpc 0.7100285401670119 kpc 0.6674538382251509
break at:  0.391135414936
117 3.4677722360429604 kpc 0.3911354149356747 kpc 0.519749957027477
break at:  0.333522834183
118 3.710023990445466 kpc 0.33352283418345435 kpc 0.534481313504311
break at:  0.229452504439
120 3.6559659593130607 kpc 0.22945250443945067 kpc 0.5074063857322046
break at:  0.33461163733
121 3.7464774519229467 kpc 0.3346116373301056 kpc 0.5339983734910426
break at:  0.368227237464
122 3.776045138608617 kpc 0.3682272374636784 kpc 0.5307447960398155
break at:  1.27218238974
123 3.939673351910162 kpc 1.2721823897431253 kpc 0.8989757565361215
break at:  0.159878374621
124 3.886510545959544 kpc 0.15987837462092072 kpc 0.5209764345595009
break at:  0.302814484235
125 3.6628918393555425 kpc 0.3028144842347024 kpc 0.5578960587458387
break at:  0.2744556138
126 3.585774424086917 kpc 0.2744556138000363 kpc 0.5626429312030258
break at:  2.0657890148
128 4.006461910083688 kpc 2.0657890148017124 kpc 0.8803773203423582
break at:  0.438067410394
130 3.662318025704465 kpc 0.43806741039350805 kpc 0.6386113549011502
break at:  0.39705841479
131 3.605964537588789 kpc 0.39705841478957277 kpc 0.522448063112171
break at:  0.90531570356
132 3.587567551047818 kpc 0.9053157035598367 kpc 0.6265419985521149
break at:  0.434423891018
134 3.5885140134275546 kpc 0.43442389101793544 kpc 0.5521780801918493
break at:  0.392818392474
136 3.506700833122682 kpc 0.3928183924738997 kpc 0.575710576319674
break at:  0.249831126934
137 3.5548520726626816 kpc 0.24983112693429002 kpc 0.5258431624140366
break at:  0.401706471325
138 3.7167466019103217 kpc 0.4017064713248967 kpc 0.582119494861561
break at:  0.430222527379
141 3.504507924841657 kpc 0.4302225273790663 kpc 0.6845096863180455
break at:  0.552004963358
145 3.3337697079726256 kpc 0.5520049633579871 kpc 0.6391560122666025
break at:  0.321635039645
146 3.3272854970507497 kpc 0.3216350396452178 kpc 0.5773329670589469
break at:  0.249903987746
151 3.5588970607286123 kpc 0.2499039877455501 kpc 0.5246141510352432
break at:  0.227225168758
153 3.504649172584057 kpc 0.22722516875750445 kpc 0.5399637391599692
break at:  0.561661100103
155 3.454575675696525 kpc 0.5616611001029449 kpc 0.7869373294271411
break at:  0.387200035167
156 3.3777850486128704 kpc 0.38720003516674006 kpc 0.5302911751198831
break at:  0.348476237336
159 3.238467490325069 kpc 0.3484762373362042 kpc 0.5428791642761702
break at:  0.316885233437
161 3.182042719311284 kpc 0.31688523343734937 kpc 0.7045053416118962
break at:  0.815591340075
163 3.511886774257939 kpc 0.8155913400754827 kpc 0.7761613517723585
StelMassEqualZero
break at:  0.42831993626
165 3.466851225269043 kpc 0.42831993626004317 kpc 0.626047881339016
break at:  0.318782048892
167 3.239526768162791 kpc 0.3187820488920483 kpc 0.5732046185556582
StelMassEqualZero
break at:  1.08465058848
170 3.572191924355147 kpc 1.0846505884849844 kpc 0.6675145723606247
break at:  0.376203499708
171 3.1340026654385356 kpc 0.37620349970843375 kpc 0.5732616396379586
break at:  0.217711907171
172 2.911763670715874 kpc 0.21771190717125255 kpc 0.5104675720741688
break at:  1.00162129078
173 3.6399677350428186 kpc 1.0016212907791262 kpc 0.6153532797708363
break at:  0.547367392807
174 3.276533634156736 kpc 0.5473673928071678 kpc 0.6670823241126258
break at:  0.694799965704
176 3.107333066616124 kpc 0.6947999657043594 kpc 0.5110438539635456
break at:  0.157119103412
177 3.3930178080626687 kpc 0.15711910341203592 kpc 0.5205887664234279
break at:  0.290691550411
178 3.2074162616049797 kpc 0.29069155041088274 kpc 0.5123910784678282
break at:  0.721679912079
179 3.32361654160835 kpc 0.7216799120785616 kpc 0.5712327329148806
break at:  0.379110421924
180 3.1973551684639654 kpc 0.3791104219242275 kpc 0.6143614098362418
break at:  0.30943924528
181 2.9629626672481724 kpc 0.30943924527978645 kpc 0.5434084134587717
break at:  0.382559723777
182 3.2735429056667065 kpc 0.38255972377710773 kpc 0.5774535559679986
break at:  0.222956184617
183 3.228131888001928 kpc 0.22295618461731398 kpc 0.5478720648657414
break at:  1.51882919215
185 3.4352758514321233 kpc 1.5188291921508665 kpc 1.0003440628360305
break at:  0.414145515174
186 3.1938193412418077 kpc 0.4141455151743448 kpc 0.6117310282985582
break at:  0.155978199575
187 3.205519652945967 kpc 0.15597819957518833 kpc 0.5810382962083948
break at:  0.235632553777
188 2.829551687157062 kpc 0.23563255377723 kpc 0.5306306146044903
break at:  0.242264599653
189 3.1530498583555437 kpc 0.2422645996528466 kpc 0.6339365235117774
break at:  0.263756854446
190 3.114287961512674 kpc 0.26375685444595437 kpc 0.5432055088270006
break at:  0.243602626185
191 3.2215113603800787 kpc 0.24360262618481537 kpc 0.5607452344024947
break at:  0.272516683875
192 2.6003245763115292 kpc 0.27251668387451 kpc 0.5151930776789762
break at:  0.290194626656
193 3.189630985065612 kpc 0.29019462665611484 kpc 0.5724110374826624
break at:  0.261252565739
194 3.0107124151842517 kpc 0.2612525657390859 kpc 0.5446363186597007
break at:  0.446331841311
195 3.0930830800800257 kpc 0.4463318413109528 kpc 0.925816577095224
break at:  1.03161519003
196 3.313420786496281 kpc 1.0316151900313528 kpc 0.644447190361307
break at:  0.781171743234
198 3.2642813720204744 kpc 0.781171743233908 kpc 0.6859502145161352
break at:  0.342197811305
199 3.0785322327994966 kpc 0.34219781130545407 kpc 0.5573345911695377
break at:  0.24037597495
202 3.0582651021298335 kpc 0.24037597495040833 kpc 0.6901717786845549
break at:  0.185358759359
203 3.1132637920078103 kpc 0.18535875935933013 kpc 0.5695280937544389
break at:  0.638774341495
204 3.130727645834274 kpc 0.6387743414948222 kpc 0.6419190470625595
break at:  0.761190073266
205 3.123961827007405 kpc 0.7611900732661753 kpc 0.8707222717815797
break at:  0.364505536165
207 2.886893315820614 kpc 0.3645055361652862 kpc 0.5309348290324032
break at:  0.396495264141
210 2.8721368929248943 kpc 0.39649526414077324 kpc 0.5312837081878785
break at:  0.637058699569
211 3.1151296236962986 kpc 0.6370586995685295 kpc 0.6238137564244349
break at:  0.257199504185
213 2.8483548090224424 kpc 0.2571995041848402 kpc 0.5713801578235446
break at:  0.370858910367
215 3.019553068394494 kpc 0.37085891036675267 kpc 0.5277682144486381
StelMassEqualZero
break at:  0.343383598187
217 3.1083415831184307 kpc 0.34338359818660913 kpc 0.5539511889888801
break at:  0.452793413402
218 3.196774452128908 kpc 0.4527934134022621 kpc 0.5285266919907897
StelMassEqualZero
StelMassEqualZero
break at:  0.715954896816
223 3.277020297087503 kpc 0.7159548968155486 kpc 0.7610141686306415
break at:  0.241646303465
224 3.121782260271296 kpc 0.24164630346523885 kpc 0.5008657377567649
break at:  0.1
225 3.082297338971365 kpc 0.1 kpc 0.6937388072007235
break at:  0.23914679498
227 2.9977250912919478 kpc 0.2391467949799861 kpc 0.5179232436116156
StelMassEqualZero
break at:  0.382202882292
229 2.6262829987952725 kpc 0.3822028822923032 kpc 0.5448338193983121
break at:  0.472850669546
230 2.89668998650494 kpc 0.4728506695463577 kpc 0.5320054297798551
break at:  0.184743471776
231 3.0561221214885523 kpc 0.18474347177641473 kpc 0.5996988270284305
break at:  0.737475064479
232 2.960722228970851 kpc 0.7374750644790652 kpc 0.5992000735909948
StelMassEqualZero
break at:  0.183895054874
234 2.9787437219100705 kpc 0.18389505487436833 kpc 0.6320432529942077
StelMassEqualZero
break at:  0.21996912545
236 3.0448611197220887 kpc 0.21996912545014413 kpc 0.524739844669739
break at:  0.169151582785
237 3.0464526224912456 kpc 0.1691515827848922 kpc 0.5069302136994291
break at:  0.734813280791
238 2.9426249162383598 kpc 0.7348132807912182 kpc 0.7743130878325737
break at:  0.546288755692
239 2.741406321525554 kpc 0.5462887556922822 kpc 0.7358935882128083
break at:  0.256638950679
240 2.826406151056828 kpc 0.25663895067910536 kpc 0.6767033366194345
break at:  0.687988136587
241 3.0535328201998553 kpc 0.6879881365871897 kpc 0.7698588356902849
break at:  0.3708939125
242 3.020294096359857 kpc 0.37089391249973375 kpc 0.6088952466490694
break at:  0.574530590473
243 3.024549222950642 kpc 0.574530590473433 kpc 0.5557467015760283
break at:  0.43746011466
244 2.953848638579544 kpc 0.43746011465966894 kpc 0.6444552091973431
StelMassEqualZero
StelMassEqualZero
break at:  0.199087805001
248 2.86974104747354 kpc 0.1990878050005844 kpc 0.5752906015709619
break at:  0.238532842465
249 2.967822448422935 kpc 0.2385328424649133 kpc 0.5640484183145782
break at:  0.129809481599
251 2.9715524623169554 kpc 0.12980948159888134 kpc 0.5591355441181434
break at:  1.93647108059
252 3.319044065739728 kpc 1.9364710805917107 kpc 0.5001720314180154
break at:  0.309636502118
253 2.968632639408471 kpc 0.3096365021177706 kpc 0.5825776236699773
break at:  1.14745607937
254 2.992684652080198 kpc 1.1474560793651896 kpc 1.0003440628360307
break at:  1.40737001551
255 3.1112204316740906 kpc 1.4073700155112803 kpc 1.0003440628360307
StelMassEqualZero
break at:  0.336859897272
257 2.9466128813309314 kpc 0.3368598972718201 kpc 0.7480278950804565
break at:  0.28317101299
258 2.945496980433995 kpc 0.28317101299001896 kpc 0.5973391559550473
break at:  0.283570090282
259 2.9590095701052035 kpc 0.28357009028235625 kpc 0.5063631477260394
StelMassEqualZero
StelMassEqualZero
break at:  0.153640190053
263 2.849296985393288 kpc 0.153640190053493 kpc 0.6707568665743429
break at:  0.221977826625
264 2.2418544867843644 kpc 0.22197782662499058 kpc 0.6156530064900035
break at:  0.258952023534
266 2.9177647799513546 kpc 0.25895202353384483 kpc 0.5667311783096038
break at:  0.337518730718
267 2.962695030902812 kpc 0.3375187307175057 kpc 0.6851728532716874
StelMassEqualZero
StelMassEqualZero
break at:  0.299335458226
270 2.682097088166831 kpc 0.2993354582257321 kpc 0.6011401304656097
StelMassEqualZero
break at:  1.70654209854
272 2.8585005505505383 kpc 1.7065420985386808 kpc 0.5659977593919057
break at:  0.572021312953
273 2.998843558831604 kpc 0.5720213129534331 kpc 0.6757955792752014
break at:  1.36885931462
274 3.0010032116268994 kpc 1.3688593146220225 kpc 0.6039349287185352
break at:  0.339132186486
275 3.002316877433067 kpc 0.33913218648625626 kpc 0.6207740022418929
StelMassEqualZero
break at:  0.275059846529
280 2.680022178821495 kpc 0.27505984652859783 kpc 0.5384355248480915
break at:  0.234565330265
281 2.779898285893257 kpc 0.2345653302651115 kpc 0.5791051926876037
break at:  0.391847709461
283 2.7907661656929434 kpc 0.3918477094614604 kpc 0.6765180214745804
break at:  0.235710246749
284 2.833191979891229 kpc 0.23571024674881 kpc 0.520781573145118
break at:  0.306948520985
285 2.891988990363575 kpc 0.3069485209853341 kpc 0.5253950119370907
break at:  0.389814769437
286 2.755605744077384 kpc 0.3898147694369904 kpc 0.6746987333834997
break at:  0.234991934066
287 2.799667959702353 kpc 0.2349919340655587 kpc 0.5649079930685523
break at:  0.232247313327
288 2.674285225215261 kpc 0.2322473133270788 kpc 0.5090381137601093
break at:  0.197657488098
289 2.7706215029455517 kpc 0.19765748809757752 kpc 0.6936444952744885
break at:  0.216921313353
290 2.8662207951154994 kpc 0.21692131335279274 kpc 0.6429927703266345
StelMassEqualZero
break at:  0.844435972686
292 2.4538617370672062 kpc 0.8444359726863983 kpc 0.6743003661849928
break at:  0.212440966801
293 2.6183789436350158 kpc 0.21244096680137348 kpc 0.5215341327379801
break at:  0.35120981472
294 2.62103773975693 kpc 0.3512098147201686 kpc 0.8395399487895121
break at:  0.325496929415
295 2.6779915989736085 kpc 0.3254969294153976 kpc 0.5908942090594026
break at:  0.582012349355
296 2.6338338262670096 kpc 0.5820123493548005 kpc 0.7304669096652304
break at:  0.303627194589
297 2.7991231146842526 kpc 0.303627194588826 kpc 0.5848585172382701
break at:  0.152142747877
298 2.6397317479543227 kpc 0.15214274787672968 kpc 0.5324725987043233
StelMassEqualZero
break at:  0.195602857409
303 2.633019493966074 kpc 0.1956028574089998 kpc 0.578837212074234
break at:  0.118446595459
304 2.714503168149746 kpc 0.11844659545850952 kpc 0.5217100591926124
break at:  1.78882069704
305 3.022081910779604 kpc 1.788820697041323 kpc 0.9946792883737483
StelMassEqualZero
StelMassEqualZero
break at:  0.274238090509
309 2.654087722490284 kpc 0.2742380905092906 kpc 0.612640076928855
break at:  0.509993469705
310 2.8338018088778605 kpc 0.5099934697054653 kpc 0.6250844869608091
break at:  0.128810720268
311 2.6876710460842412 kpc 0.12881072026808227 kpc 0.5214982588849316
break at:  0.151105786508
312 2.5026063750582472 kpc 0.15110578650751533 kpc 0.5040355076840884
break at:  0.268750538136
314 2.485337445806733 kpc 0.2687505381356143 kpc 0.5456422160923804
break at:  0.11828222642
317 2.641983295228324 kpc 0.11828222641979104 kpc 0.5808715585075968
break at:  0.235523752196
318 2.8244596522715724 kpc 0.23552375219627922 kpc 0.6341466826892356
break at:  0.152531391231
319 2.692787020841543 kpc 0.15253139123057116 kpc 0.5185609616428385
break at:  0.213026061528
321 2.6497721537811705 kpc 0.21302606152808612 kpc 0.5335168335125499
break at:  0.300504656774
322 2.713648666824015 kpc 0.30050465677444793 kpc 0.5846166600982202
StelMassEqualZero
break at:  0.454916423208
324 2.663903576848026 kpc 0.4549164232082083 kpc 0.6832900763129747
StelMassEqualZero
break at:  0.348404456052
328 2.5669512592899855 kpc 0.3484044560520343 kpc 0.7231402863878699
StelMassEqualZero
break at:  0.544482425201
330 2.7237581266309894 kpc 0.5444824252014233 kpc 0.9725567277572521
break at:  0.117572388329
332 2.3493847102033545 kpc 0.11757238832940316 kpc 0.5860438365377278
break at:  0.13941661396
333 2.5530932335284255 kpc 0.1394166139598295 kpc 0.514529033258845
break at:  0.602819712792
335 2.8113799424172115 kpc 0.6028197127923763 kpc 0.7945069248576309
StelMassEqualZero
break at:  0.140144899878
337 2.686140048608816 kpc 0.14014489987799658 kpc 0.5004376250013873
break at:  0.253207064748
338 2.694667445989117 kpc 0.25320706474762056 kpc 0.5067991050733804
break at:  0.269786471503
339 2.5166078462938555 kpc 0.2697864715026894 kpc 0.6667611172556829
StelMassEqualZero
break at:  0.10869455009
345 2.5828726921694067 kpc 0.10869455009048119 kpc 0.6080522734885675
StelMassEqualZero
StelMassEqualZero
break at:  0.150197738638
349 2.387670938113528 kpc 0.15019773863764077 kpc 0.5477426107491199
StelMassEqualZero
StelMassEqualZero
break at:  0.933008386889
354 2.849891470356459 kpc 0.9330083868891194 kpc 0.8460539632887806
break at:  0.228754974478
356 2.5208391388729763 kpc 0.22875497447803053 kpc 0.5318848023368276
StelMassEqualZero
break at:  0.1
359 2.579830905509529 kpc 0.1 kpc 1.0003440628360307
StelMassEqualZero
break at:  0.192568579736
362 2.4397984904239585 kpc 0.1925685797364628 kpc 0.5571068687050661
break at:  0.193535933874
363 2.500131549592551 kpc 0.1935359338737273 kpc 0.5772883674396327
StelMassEqualZero
break at:  0.302119778108
366 2.1759150573688166 kpc 0.3021197781079169 kpc 0.5477308120471954
break at:  0.394956451575
367 2.336437001669899 kpc 0.39495645157485987 kpc 1.0003440628360307
break at:  0.138589740491
368 2.409228794598927 kpc 0.13858974049069275 kpc 0.5978187229937859
StelMassEqualZero
StelMassEqualZero
StelMassEqualZero
break at:  0.296869926949
373 2.61636672314684 kpc 0.2968699269494097 kpc 0.6252150392727871
StelMassEqualZero
break at:  0.267210810005
375 2.439358193516427 kpc 0.2672108100054115 kpc 0.5164825242994439
StelMassEqualZero
StelMassEqualZero
break at:  1.3189466833
379 2.8595349708647384 kpc 1.3189466833005712 kpc 0.9548738781616657
StelMassEqualZero
StelMassEqualZero
break at:  0.193603366019
383 2.5043810318522266 kpc 0.1936033660188379 kpc 0.5254633709563203
StelMassEqualZero
break at:  0.194794024673
388 2.580365340128756 kpc 0.19479402467275164 kpc 0.6463880535588822
break at:  0.346182408609
389 2.5246023821985575 kpc 0.34618240860875577 kpc 0.5185218577859986
break at:  0.480463774237
390 2.507253078849587 kpc 0.48046377423738124 kpc 0.6472747534923091
break at:  0.230585692812
391 2.6004361365270716 kpc 0.2305856928118154 kpc 0.5851242468745035
break at:  1.35455597246
392 2.9603021606663176 kpc 1.3545559724598686 kpc 0.7780453822056947
break at:  1.44674075598
394 2.8830115665758527 kpc 1.4467407559842422 kpc 0.8079702045976802
break at:  0.252233226232
397 2.6581027981499203 kpc 0.25223322623238315 kpc 0.5003984007538654
break at:  0.108622301017
398 2.516755007460308 kpc 0.10862230101693647 kpc 0.6078727995394234
StelMassEqualZero
StelMassEqualZero
StelMassEqualZero
break at:  0.245347736191
402 2.4096532896646177 kpc 0.24534773619083478 kpc 0.52092231081451
break at:  0.150718602277
403 2.4530222752009765 kpc 0.15071860227706213 kpc 0.6264696642946189
break at:  0.223667610834
404 2.309149680610792 kpc 0.2236676108344174 kpc 0.6540711180081741
break at:  0.139541811888
405 2.5755351926511927 kpc 0.13954181188815237 kpc 0.5412294812358902
StelMassEqualZero
break at:  0.1
409 2.249034784651966 kpc 0.1 kpc 0.6252150392725191
StelMassEqualZero
break at:  0.138408710312
411 2.378720217238486 kpc 0.13840871031195862 kpc 0.5118039391346766
break at:  1.60353334444
414 2.655724898420321 kpc 1.6035333444350675 kpc 1.0003440628360307
break at:  0.209746163042
416 2.477464505748778 kpc 0.20974616304203594 kpc 0.6653105752756074
break at:  0.496696170657
419 1.9621855763823417 kpc 0.4966961706567122 kpc 0.5961839551450043
break at:  0.117726903901
420 2.410330475516094 kpc 0.11772690390095811 kpc 0.5443359577866174
break at:  0.16313920531
421 2.4078488758557306 kpc 0.16313920531002116 kpc 0.5186969214719535
StelMassEqualZero
StelMassEqualZero
break at:  0.728219379833
424 2.5186981766018275 kpc 0.7282193798331811 kpc 1.0003440628360307
StelMassEqualZero
StelMassEqualZero
break at:  0.356583705942
427 2.217653254855868 kpc 0.3565837059419666 kpc 0.5192262040435841
StelMassEqualZero
break at:  0.266465848001
429 2.4173250553438654 kpc 0.2664658480014884 kpc 0.7959753852025135
StelMassEqualZero
break at:  0.317203019376
431 2.492197830865594 kpc 0.31720301937595974 kpc 0.783739951380679
break at:  0.127167123766
433 2.2744323940240005 kpc 0.1271671237655969 kpc 0.5153287596428036
StelMassEqualZero
StelMassEqualZero
StelMassEqualZero
break at:  0.565364822853
440 2.495640504823453 kpc 0.5653648228525171 kpc 1.0003440628360305
StelMassEqualZero
break at:  0.161415367585
442 2.2471999496214154 kpc 0.16141536758516423 kpc 0.5451041989193192
StelMassEqualZero
break at:  0.262580525745
447 2.3046403909528346 kpc 0.2625805257451935 kpc 0.5971312918216394
break at:  0.224789040983
450 2.3546319058205554 kpc 0.22478904098251842 kpc 0.6002064377016184
StelMassEqualZero
StelMassEqualZero
StelMassEqualZero
break at:  0.177337843757
456 2.433208696583035 kpc 0.17733784375658393 kpc 0.5303155379828748
StelMassEqualZero
StelMassEqualZero
break at:  0.886563221537
461 2.639760745419074 kpc 0.8865632215366326 kpc 0.7377251574427683
StelMassEqualZero
break at:  0.162623160863
464 2.3587699561341644 kpc 0.16262316086274192 kpc 0.5068800665379518
break at:  0.189812577623
465 2.2742296168501195 kpc 0.18981257762284492 kpc 0.510506127003466
break at:  0.133882600993
467 1.7201264526774478 kpc 0.13388260099309424 kpc 1.0003440628360307
break at:  0.983985271957
469 2.718421922535436 kpc 0.9839852719566177 kpc 0.6668960418906871
break at:  0.947606435255
470 2.292468028847543 kpc 0.9476064352547171 kpc 0.7564152154647417
break at:  0.333385220818
472 2.289077479757653 kpc 0.33338522081761174 kpc 0.6926738605578268
StelMassEqualZero
StelMassEqualZero
StelMassEqualZero
break at:  0.355608768105
478 2.2029029923256536 kpc 0.35560876810530456 kpc 1.0003440628360307
StelMassEqualZero
break at:  0.161217928335
481 2.2293932652660047 kpc 0.1612179283351231 kpc 0.5716251787634461
StelMassEqualZero
StelMassEqualZero
StelMassEqualZero
StelMassEqualZero
StelMassEqualZero
StelMassEqualZero
StelMassEqualZero
break at:  0.526749148925
490 2.1883733733950743 kpc 0.5267491489245484 kpc 0.5243056525933535
StelMassEqualZero
break at:  0.396922712365
495 2.3632076634066164 kpc 0.39692271236534216 kpc 0.5103181041353528
StelMassEqualZero
break at:  0.126391576923
497 2.1005630442023473 kpc 0.1263915769229483 kpc 0.5370268126656689
StelMassEqualZero
break at:  0.146580928065
500 1.9742595300838393 kpc 0.14658092806471762 kpc 0.5386055273996777
break at:  0.205280981119
503 2.256893662602671 kpc 0.20528098111863907 kpc 0.6272361292921774
break at:  0.242995847135
504 2.3287517839677805 kpc 0.24299584713521727 kpc 0.6555376844024383
break at:  0.934043607588
506 2.2468952164043716 kpc 0.9340436075884293 kpc 0.6599990672405606
StelMassEqualZero
StelMassEqualZero
break at:  0.320490570897
511 2.0659493386065026 kpc 0.32049057089734084 kpc 0.6480803438035535
StelMassEqualZero
StelMassEqualZero
StelMassEqualZero
break at:  0.299482657334
515 2.1234174827964045 kpc 0.2994826573344542 kpc 0.6904311236846133
StelMassEqualZero
StelMassEqualZero
break at:  0.574618491679
518 2.2190798168583448 kpc 0.5746184916791948 kpc 0.6668960418906872
break at:  0.126490839949
519 2.1221104995826985 kpc 0.126490839949138 kpc 0.750258047127023
break at:  0.272334093506
521 2.0197891839725775 kpc 0.27233409350563564 kpc 0.53802454283443
StelMassEqualZero
break at:  0.116422711345
524 1.9397034158966322 kpc 0.11642271134469073 kpc 0.6002064377016184
break at:  0.307033870159
525 1.8479250214595992 kpc 0.30703387015896255 kpc 0.577998892952333
StelMassEqualZero
StelMassEqualZero
StelMassEqualZero
StelMassEqualZero
StelMassEqualZero
StelMassEqualZero
StelMassEqualZero
break at:  0.255715265894
534 2.11450701796412 kpc 0.25571526589403254 kpc 0.7799050901836391
break at:  0.327182729702
535 2.1799923305295725 kpc 0.32718272970187773 kpc 0.5001720314180154
break at:  0.490787867373
536 2.2245539632376694 kpc 0.49078786737280183 kpc 0.6501101282011513
StelMassEqualZero
StelMassEqualZero
StelMassEqualZero
StelMassEqualZero
break at:  0.252000798607
544 2.0163050161049902 kpc 0.2520007986070315 kpc 0.5944073416856444
break at:  0.201733260057
545 2.092678583787623 kpc 0.2017332600568446 kpc 0.5446623465850213
break at:  0.1
547 2.2433627922937567 kpc 0.1 kpc 1.0003440628360305
StelMassEqualZero
StelMassEqualZero
StelMassEqualZero
StelMassEqualZero
StelMassEqualZero
break at:  0.896739001328
554 2.3772409123661755 kpc 0.8967390013284184 kpc 1.0003440628360305
StelMassEqualZero
StelMassEqualZero
StelMassEqualZero
break at:  0.557312587614
560 2.4300329038349013 kpc 0.5573125876139177 kpc 0.8674830130701389
StelMassEqualZero
StelMassEqualZero
StelMassEqualZero
StelMassEqualZero
StelMassEqualZero
break at:  0.337895308439
568 1.9449413934923252 kpc 0.3378953084394421 kpc 0.5236700463170423
StelMassEqualZero
StelMassEqualZero
StelMassEqualZero
StelMassEqualZero
StelMassEqualZero
StelMassEqualZero
StelMassEqualZero
break at:  0.161393038421
576 2.245180107350464 kpc 0.16139303842065086 kpc 0.6479098819510087
StelMassEqualZero
StelMassEqualZero
StelMassEqualZero
break at:  0.155715585031
580 1.7789286578585881 kpc 0.1557155850313493 kpc 0.5001720314203069
StelMassEqualZero
StelMassEqualZero
StelMassEqualZero
StelMassEqualZero
StelMassEqualZero
StelMassEqualZero
break at:  0.145800960235
590 1.8937864154782718 kpc 0.14580096023459213 kpc 0.5001720314184237
StelMassEqualZero
StelMassEqualZero
break at:  0.331666673391
594 2.2585243153965067 kpc 0.33166667339096423 kpc 0.5320798925721806
break at:  0.136450247579
595 2.0701399093019406 kpc 0.13645024757861796 kpc 0.6164911084919265
break at:  0.158331232364
596 1.982361472795926 kpc 0.1583312323640868 kpc 0.5178251619386511
StelMassEqualZero
break at:  0.318994321797
598 2.0409655612995774 kpc 0.31899432179694953 kpc 0.6092266300464947
StelMassEqualZero
StelMassEqualZero
StelMassEqualZero
StelMassEqualZero
StelMassEqualZero
StelMassEqualZero
break at:  0.160704949295
607 2.1836857433002437 kpc 0.16070494929462092 kpc 0.5380119597468103
StelMassEqualZero
StelMassEqualZero
break at:  0.181169119467
611 1.8120089815559546 kpc 0.1811691194671436 kpc 0.5001720314180154
StelMassEqualZero
StelMassEqualZero
StelMassEqualZero
StelMassEqualZero
StelMassEqualZero
StelMassEqualZero
StelMassEqualZero
StelMassEqualZero
StelMassEqualZero
break at:  0.170085542009
624 1.9281771568282504 kpc 0.17008554200912243 kpc 0.5506275115533029
StelMassEqualZero
StelMassEqualZero
StelMassEqualZero
StelMassEqualZero
break at:  0.108132428831
631 2.1099995585705043 kpc 0.10813242883077516 kpc 0.5211678753553786
StelMassEqualZero
break at:  0.171183273972
634 1.9985412403493352 kpc 0.17118327397198319 kpc 0.5186969214773242
StelMassEqualZero
StelMassEqualZero
StelMassEqualZero
StelMassEqualZero
StelMassEqualZero
StelMassEqualZero
break at:  0.644761068244
642 2.3575387794101563 kpc 0.6447610682435718 kpc 0.8002752502688246
break at:  0.271000972128
643 1.9902725183028878 kpc 0.2710009721284685 kpc 0.5512624229452388
StelMassEqualZero
break at:  0.159364713365
645 2.0679930680597636 kpc 0.15936471336527863 kpc 0.5366182718743479
StelMassEqualZero
StelMassEqualZero
StelMassEqualZero
StelMassEqualZero
StelMassEqualZero
StelMassEqualZero
StelMassEqualZero
StelMassEqualZero
break at:  0.271068724149
657 1.991765635084934 kpc 0.271068724149175 kpc 0.7015830672185713
break at:  0.377011179641
658 2.1000247199956914 kpc 0.3770111796409573 kpc 0.5716251787634863
StelMassEqualZero
StelMassEqualZero
break at:  0.499641276357
664 1.9838475174808545 kpc 0.49964127635652744 kpc 0.7003377291183116
StelMassEqualZero
StelMassEqualZero
StelMassEqualZero
StelMassEqualZero
StelMassEqualZero
break at:  0.309110227488
672 1.8805928229037767 kpc 0.3091102274882581 kpc 0.5907559448220205
StelMassEqualZero
StelMassEqualZero
StelMassEqualZero
StelMassEqualZero
StelMassEqualZero
StelMassEqualZero
StelMassEqualZero
break at:  0.235117294164
682 2.071918099316583 kpc 0.2351172941642086 kpc 0.5196592534213145
StelMassEqualZero
StelMassEqualZero
StelMassEqualZero
break at:  0.500682145404
690 1.9915295991205322 kpc 0.5006821454036683 kpc 0.572882521973363
break at:  0.245580102851
695 1.8540772497443279 kpc 0.24558010285115858 kpc 1.0003440628360307
StelMassEqualZero
StelMassEqualZero
StelMassEqualZero
StelMassEqualZero
break at:  0.107859128808
704 1.9116985748900521 kpc 0.1078591288076801 kpc 0.750258047127023
StelMassEqualZero
StelMassEqualZero
StelMassEqualZero
StelMassEqualZero
StelMassEqualZero
break at:  0.116322600026
712 1.907435968023666 kpc 0.11632260002580998 kpc 0.5001720314180155
StelMassEqualZero
StelMassEqualZero
break at:  0.382814389654
715 1.8329103236568733 kpc 0.3828143896536963 kpc 0.5607989443171688
StelMassEqualZero
StelMassEqualZero
StelMassEqualZero
StelMassEqualZero
StelMassEqualZero
StelMassEqualZero
StelMassEqualZero
StelMassEqualZero
StelMassEqualZero
break at:  0.1
727 1.7074644378560266 kpc 0.1 kpc 0.6617660723376882
StelMassEqualZero
StelMassEqualZero
StelMassEqualZero
StelMassEqualZero
StelMassEqualZero
StelMassEqualZero
StelMassEqualZero
break at:  0.19516557814
738 1.8130674617525835 kpc 0.19516557813963514 kpc 0.5734942662756414
StelMassEqualZero
StelMassEqualZero
StelMassEqualZero
StelMassEqualZero
break at:  0.1
747 1.7640188378257522 kpc 0.1 kpc 0.837919683389501
StelMassEqualZero
StelMassEqualZero
break at:  0.16991405555
752 1.9173709037410378 kpc 0.16991405554980257 kpc 0.5557467015739358
StelMassEqualZero
break at:  0.166834736072
755 1.7316225714159652 kpc 0.1668347360723564 kpc 0.5182135814510789
break at:  0.107692620845
756 1.7999146138176803 kpc 0.10769262084544753 kpc 0.5185287225506962
StelMassEqualZero
StelMassEqualZero
break at:  0.182834433076
759 1.8946661610484201 kpc 0.18283443307571898 kpc 0.5127634904440468
StelMassEqualZero
break at:  0.1
763 1.766015107212683 kpc 0.1 kpc 0.6192606103270665
break at:  0.577460149749
765 1.7277196835587292 kpc 0.5774601497494225 kpc 0.5743016069496065
StelMassEqualZero
break at:  0.365362736856
767 1.9541398288995844 kpc 0.3653627368564747 kpc 1.0003440628360307
StelMassEqualZero
StelMassEqualZero
StelMassEqualZero
StelMassEqualZero
StelMassEqualZero
StelMassEqualZero
StelMassEqualZero
StelMassEqualZero
StelMassEqualZero
StelMassEqualZero
StelMassEqualZero
break at:  0.322396322695
785 1.7346058984205899 kpc 0.3223963226949355 kpc 0.7145314734543076
StelMassEqualZero
break at:  0.401488527372
787 1.734277341230776 kpc 0.4014885273724277 kpc 0.7275229547898405
StelMassEqualZero
StelMassEqualZero
StelMassEqualZero
break at:  0.1
796 1.8039879793109312 kpc 0.1 kpc 1.0003440628360307
StelMassEqualZero
StelMassEqualZero
StelMassEqualZero
StelMassEqualZero
StelMassEqualZero
break at:  0.132548329118
804 1.5600876907845362 kpc 0.13254832911832573 kpc 0.8574377681508987
StelMassEqualZero
StelMassEqualZero
StelMassEqualZero
StelMassEqualZero
StelMassEqualZero
StelMassEqualZero
StelMassEqualZero
StelMassEqualZero
StelMassEqualZero
StelMassEqualZero
StelMassEqualZero
StelMassEqualZero
StelMassEqualZero
StelMassEqualZero
StelMassEqualZero
break at:  0.1
826 1.8162312985706506 kpc 0.1 kpc 1.0003440628360307
StelMassEqualZero
StelMassEqualZero
StelMassEqualZero
StelMassEqualZero
StelMassEqualZero
StelMassEqualZero
StelMassEqualZero
StelMassEqualZero
StelMassEqualZero
break at:  0.412765251534
838 1.5871614337312896 kpc 0.412765251533813 kpc 0.5079818344555267
StelMassEqualZero
StelMassEqualZero
break at:  0.3788324842
841 1.7918526463704245 kpc 0.3788324841995985 kpc 1.0003440628360307
StelMassEqualZero
StelMassEqualZero
StelMassEqualZero
StelMassEqualZero
StelMassEqualZero
StelMassEqualZero
StelMassEqualZero
StelMassEqualZero
StelMassEqualZero
StelMassEqualZero
break at:  0.191681791
857 1.6769381848041671 kpc 0.19168179100015262 kpc 0.5643115326481088
StelMassEqualZero
StelMassEqualZero
StelMassEqualZero
StelMassEqualZero
StelMassEqualZero
StelMassEqualZero
break at:  0.49843979981
866 1.7245551287670693 kpc 0.4984397998100724 kpc 0.5985286046666279
StelMassEqualZero
StelMassEqualZero
StelMassEqualZero
break at:  0.301286836028
870 1.7593344522451237 kpc 0.30128683602795364 kpc 0.5852882202464694
StelMassEqualZero
StelMassEqualZero
StelMassEqualZero
StelMassEqualZero
StelMassEqualZero
StelMassEqualZero
StelMassEqualZero
break at:  0.301571225215
880 1.7636554353270857 kpc 0.3015712252148031 kpc 0.5835340366544778
StelMassEqualZero
break at:  0.224588272545
883 1.7612739074636656 kpc 0.22458827254493155 kpc 0.5647103580526952
StelMassEqualZero
StelMassEqualZero
StelMassEqualZero
StelMassEqualZero
StelMassEqualZero
StelMassEqualZero
StelMassEqualZero
StelMassEqualZero
StelMassEqualZero
StelMassEqualZero
break at:  0.435266619708
898 1.3562478166612326 kpc 0.4352666197076311 kpc 0.7502580471270229
StelMassEqualZero
StelMassEqualZero
StelMassEqualZero
StelMassEqualZero
StelMassEqualZero
break at:  0.1
908 1.7520981928722292 kpc 0.1 kpc 0.9447693926774339
StelMassEqualZero
StelMassEqualZero
StelMassEqualZero
StelMassEqualZero
StelMassEqualZero
StelMassEqualZero
StelMassEqualZero
StelMassEqualZero
StelMassEqualZero
StelMassEqualZero
StelMassEqualZero
StelMassEqualZero
StelMassEqualZero
StelMassEqualZero
StelMassEqualZero
StelMassEqualZero
StelMassEqualZero
StelMassEqualZero
StelMassEqualZero
break at:  0.509213576512
934 1.579997784390769 kpc 0.5092135765116529 kpc 0.6638041311710654
StelMassEqualZero
StelMassEqualZero
StelMassEqualZero
break at:  0.359344318639
940 1.8810792386719566 kpc 0.3593443186393085 kpc 0.5142613844164389
StelMassEqualZero
StelMassEqualZero
break at:  0.121458510541
943 1.251881908284081 kpc 0.12145851054056628 kpc 0.5001720314180154
StelMassEqualZero
break at:  0.250861868782
949 1.5787158150277323 kpc 0.25086186878249167 kpc 0.5485939770990488
StelMassEqualZero
StelMassEqualZero
StelMassEqualZero
StelMassEqualZero
StelMassEqualZero
StelMassEqualZero
StelMassEqualZero
StelMassEqualZero
StelMassEqualZero
StelMassEqualZero
StelMassEqualZero
break at:  0.132608526968
963 1.5670095604225645 kpc 0.1326085269675937 kpc 0.5001720314180154
StelMassEqualZero
StelMassEqualZero
StelMassEqualZero
StelMassEqualZero
StelMassEqualZero
StelMassEqualZero
StelMassEqualZero
StelMassEqualZero
StelMassEqualZero
StelMassEqualZero
StelMassEqualZero
StelMassEqualZero
StelMassEqualZero
StelMassEqualZero
StelMassEqualZero
StelMassEqualZero
StelMassEqualZero
StelMassEqualZero
StelMassEqualZero
StelMassEqualZero
StelMassEqualZero
StelMassEqualZero
StelMassEqualZero
StelMassEqualZero
StelMassEqualZero
StelMassEqualZero
StelMassEqualZero
StelMassEqualZero
StelMassEqualZero
StelMassEqualZero
StelMassEqualZero
StelMassEqualZero
StelMassEqualZero
StelMassEqualZero
StelMassEqualZero
StelMassEqualZero
StelMassEqualZero
StelMassEqualZero
StelMassEqualZero
StelMassEqualZero
StelMassEqualZero
StelMassEqualZero
StelMassEqualZero
StelMassEqualZero
StelMassEqualZero
StelMassEqualZero
StelMassEqualZero
StelMassEqualZero
StelMassEqualZero
StelMassEqualZero
StelMassEqualZero
StelMassEqualZero
StelMassEqualZero
StelMassEqualZero
StelMassEqualZero
StelMassEqualZero
StelMassEqualZero
StelMassEqualZero
StelMassEqualZero
StelMassEqualZero
StelMassEqualZero
StelMassEqualZero
StelMassEqualZero
StelMassEqualZero
StelMassEqualZero
StelMassEqualZero
StelMassEqualZero
break at:  0.197767153374
1046 1.4288980167421461 kpc 0.1977671533736619 kpc 0.6668960418906871
StelMassEqualZero
StelMassEqualZero
StelMassEqualZero
StelMassEqualZero
StelMassEqualZero
StelMassEqualZero
StelMassEqualZero
StelMassEqualZero
break at:  0.172102589672
1057 1.410793990060531 kpc 0.1721025896715509 kpc 0.5456422160923805
StelMassEqualZero
StelMassEqualZero
StelMassEqualZero
StelMassEqualZero
StelMassEqualZero
StelMassEqualZero
StelMassEqualZero
StelMassEqualZero
StelMassEqualZero
StelMassEqualZero
StelMassEqualZero
StelMassEqualZero
StelMassEqualZero
StelMassEqualZero
StelMassEqualZero
StelMassEqualZero
StelMassEqualZero
StelMassEqualZero
StelMassEqualZero
StelMassEqualZero
StelMassEqualZero
StelMassEqualZero
StelMassEqualZero
StelMassEqualZero
StelMassEqualZero
StelMassEqualZero
StelMassEqualZero
StelMassEqualZero
StelMassEqualZero
break at:  0.272219018769
1095 1.6276408416530277 kpc 0.2722190187693458 kpc 0.61049393395733
StelMassEqualZero
StelMassEqualZero
StelMassEqualZero
StelMassEqualZero
StelMassEqualZero
StelMassEqualZero
StelMassEqualZero
StelMassEqualZero
StelMassEqualZero
StelMassEqualZero
StelMassEqualZero
StelMassEqualZero
StelMassEqualZero
StelMassEqualZero
StelMassEqualZero
StelMassEqualZero
StelMassEqualZero
StelMassEqualZero
StelMassEqualZero
StelMassEqualZero
StelMassEqualZero
StelMassEqualZero
StelMassEqualZero
StelMassEqualZero
StelMassEqualZero
StelMassEqualZero
StelMassEqualZero
StelMassEqualZero
break at:  0.189492463186
1131 1.2095075133555695 kpc 0.18949246318631618 kpc 0.5460403599541797
StelMassEqualZero
StelMassEqualZero
StelMassEqualZero
StelMassEqualZero
StelMassEqualZero
StelMassEqualZero
StelMassEqualZero
StelMassEqualZero
StelMassEqualZero
StelMassEqualZero
StelMassEqualZero
StelMassEqualZero
StelMassEqualZero
StelMassEqualZero
StelMassEqualZero
StelMassEqualZero
StelMassEqualZero
StelMassEqualZero
StelMassEqualZero
StelMassEqualZero
StelMassEqualZero
StelMassEqualZero
StelMassEqualZero
StelMassEqualZero
StelMassEqualZero
StelMassEqualZero
StelMassEqualZero
StelMassEqualZero
break at:  0.106915598289
1168 1.3570684443340166 kpc 0.10691559828886994 kpc 0.6860001709969297
StelMassEqualZero
StelMassEqualZero
StelMassEqualZero
StelMassEqualZero
StelMassEqualZero
StelMassEqualZero
StelMassEqualZero
StelMassEqualZero
StelMassEqualZero
StelMassEqualZero
StelMassEqualZero
StelMassEqualZero
StelMassEqualZero
StelMassEqualZero
StelMassEqualZero
StelMassEqualZero
StelMassEqualZero
StelMassEqualZero
StelMassEqualZero
StelMassEqualZero
StelMassEqualZero
StelMassEqualZero
StelMassEqualZero
StelMassEqualZero
StelMassEqualZero
StelMassEqualZero
StelMassEqualZero
StelMassEqualZero
StelMassEqualZero
StelMassEqualZero
StelMassEqualZero
StelMassEqualZero
StelMassEqualZero
StelMassEqualZero
StelMassEqualZero
StelMassEqualZero
StelMassEqualZero
StelMassEqualZero
StelMassEqualZero
StelMassEqualZero
StelMassEqualZero
StelMassEqualZero
StelMassEqualZero
StelMassEqualZero
StelMassEqualZero
StelMassEqualZero
StelMassEqualZero
StelMassEqualZero
StelMassEqualZero
StelMassEqualZero
StelMassEqualZero
StelMassEqualZero
StelMassEqualZero
StelMassEqualZero
StelMassEqualZero
StelMassEqualZero
StelMassEqualZero
StelMassEqualZero
StelMassEqualZero
StelMassEqualZero
StelMassEqualZero
StelMassEqualZero
StelMassEqualZero
StelMassEqualZero
StelMassEqualZero
StelMassEqualZero
StelMassEqualZero
StelMassEqualZero
StelMassEqualZero
StelMassEqualZero
StelMassEqualZero
StelMassEqualZero
StelMassEqualZero
StelMassEqualZero
StelMassEqualZero
StelMassEqualZero
StelMassEqualZero
StelMassEqualZero
StelMassEqualZero
StelMassEqualZero
StelMassEqualZero
StelMassEqualZero
break at:  0.639228622512
1271 1.3248417661270633 kpc 0.6392286225119893 kpc 1.0003440628360307
StelMassEqualZero
StelMassEqualZero
StelMassEqualZero
StelMassEqualZero
StelMassEqualZero
StelMassEqualZero
StelMassEqualZero
StelMassEqualZero
break at:  0.204039789212
1281 1.253371976104716 kpc 0.20403978921193586 kpc 1.0003440628360307
StelMassEqualZero
StelMassEqualZero
StelMassEqualZero
StelMassEqualZero
StelMassEqualZero
StelMassEqualZero
StelMassEqualZero
StelMassEqualZero
StelMassEqualZero
StelMassEqualZero
StelMassEqualZero
StelMassEqualZero
StelMassEqualZero
StelMassEqualZero
break at:  0.150450375085
1303 1.422513138402482 kpc 0.15045037508466128 kpc 0.7294392956472167
StelMassEqualZero
StelMassEqualZero
StelMassEqualZero
StelMassEqualZero
StelMassEqualZero
StelMassEqualZero
StelMassEqualZero
StelMassEqualZero
StelMassEqualZero
StelMassEqualZero
StelMassEqualZero
StelMassEqualZero
StelMassEqualZero
StelMassEqualZero
StelMassEqualZero
StelMassEqualZero
StelMassEqualZero
StelMassEqualZero
StelMassEqualZero
StelMassEqualZero
StelMassEqualZero
StelMassEqualZero
StelMassEqualZero
StelMassEqualZero
StelMassEqualZero
StelMassEqualZero
StelMassEqualZero
StelMassEqualZero
StelMassEqualZero
StelMassEqualZero
StelMassEqualZero
StelMassEqualZero
StelMassEqualZero
StelMassEqualZero
StelMassEqualZero
StelMassEqualZero
StelMassEqualZero
StelMassEqualZero
StelMassEqualZero
StelMassEqualZero
StelMassEqualZero
StelMassEqualZero
StelMassEqualZero
StelMassEqualZero
StelMassEqualZero
StelMassEqualZero
StelMassEqualZero
StelMassEqualZero
StelMassEqualZero
StelMassEqualZero
StelMassEqualZero
StelMassEqualZero
StelMassEqualZero
StelMassEqualZero
StelMassEqualZero
StelMassEqualZero
StelMassEqualZero
StelMassEqualZero
StelMassEqualZero
StelMassEqualZero
StelMassEqualZero
StelMassEqualZero
StelMassEqualZero
StelMassEqualZero
StelMassEqualZero
StelMassEqualZero
StelMassEqualZero
StelMassEqualZero
StelMassEqualZero
StelMassEqualZero
StelMassEqualZero
StelMassEqualZero
StelMassEqualZero
StelMassEqualZero
StelMassEqualZero
StelMassEqualZero
StelMassEqualZero
StelMassEqualZero
StelMassEqualZero
StelMassEqualZero
StelMassEqualZero
StelMassEqualZero
StelMassEqualZero
StelMassEqualZero
StelMassEqualZero
StelMassEqualZero
StelMassEqualZero
StelMassEqualZero
StelMassEqualZero
StelMassEqualZero
StelMassEqualZero
StelMassEqualZero
StelMassEqualZero
StelMassEqualZero
StelMassEqualZero
StelMassEqualZero
StelMassEqualZero
StelMassEqualZero
StelMassEqualZero
StelMassEqualZero
StelMassEqualZero
StelMassEqualZero
StelMassEqualZero
StelMassEqualZero
StelMassEqualZero
StelMassEqualZero
StelMassEqualZero
StelMassEqualZero
StelMassEqualZero
StelMassEqualZero
StelMassEqualZero
StelMassEqualZero
StelMassEqualZero
StelMassEqualZero
StelMassEqualZero
StelMassEqualZero
StelMassEqualZero
StelMassEqualZero
StelMassEqualZero
StelMassEqualZero
StelMassEqualZero
StelMassEqualZero
StelMassEqualZero
StelMassEqualZero
StelMassEqualZero
StelMassEqualZero
StelMassEqualZero
StelMassEqualZero
StelMassEqualZero
StelMassEqualZero
StelMassEqualZero
StelMassEqualZero
StelMassEqualZero
StelMassEqualZero
StelMassEqualZero
StelMassEqualZero
StelMassEqualZero
StelMassEqualZero
StelMassEqualZero
break at:  0.20282576328
1494 1.2271313696216375 kpc 0.2028257632800149 kpc 0.5724652378710451
StelMassEqualZero
StelMassEqualZero
StelMassEqualZero
StelMassEqualZero
StelMassEqualZero
StelMassEqualZero
StelMassEqualZero
StelMassEqualZero
StelMassEqualZero
StelMassEqualZero
StelMassEqualZero
StelMassEqualZero
StelMassEqualZero
StelMassEqualZero
StelMassEqualZero
StelMassEqualZero
StelMassEqualZero
StelMassEqualZero
StelMassEqualZero
StelMassEqualZero
StelMassEqualZero
StelMassEqualZero
StelMassEqualZero
StelMassEqualZero
StelMassEqualZero
StelMassEqualZero
StelMassEqualZero
StelMassEqualZero
StelMassEqualZero
StelMassEqualZero
StelMassEqualZero
StelMassEqualZero
StelMassEqualZero
StelMassEqualZero
StelMassEqualZero
StelMassEqualZero
StelMassEqualZero
StelMassEqualZero
StelMassEqualZero
StelMassEqualZero
StelMassEqualZero
StelMassEqualZero
StelMassEqualZero
StelMassEqualZero
StelMassEqualZero
StelMassEqualZero
StelMassEqualZero
StelMassEqualZero
StelMassEqualZero
StelMassEqualZero
StelMassEqualZero
StelMassEqualZero
StelMassEqualZero
StelMassEqualZero
StelMassEqualZero
StelMassEqualZero
StelMassEqualZero
StelMassEqualZero
StelMassEqualZero
StelMassEqualZero
StelMassEqualZero
StelMassEqualZero
StelMassEqualZero
StelMassEqualZero
StelMassEqualZero
StelMassEqualZero
StelMassEqualZero
StelMassEqualZero
StelMassEqualZero
StelMassEqualZero
StelMassEqualZero
StelMassEqualZero
StelMassEqualZero
StelMassEqualZero
StelMassEqualZero
StelMassEqualZero
StelMassEqualZero
StelMassEqualZero
StelMassEqualZero
StelMassEqualZero
StelMassEqualZero
StelMassEqualZero
StelMassEqualZero
StelMassEqualZero
StelMassEqualZero
StelMassEqualZero
StelMassEqualZero
StelMassEqualZero
StelMassEqualZero
StelMassEqualZero
StelMassEqualZero
StelMassEqualZero
StelMassEqualZero
StelMassEqualZero
StelMassEqualZero
StelMassEqualZero
StelMassEqualZero
StelMassEqualZero
StelMassEqualZero
StelMassEqualZero
StelMassEqualZero
StelMassEqualZero
StelMassEqualZero
StelMassEqualZero
StelMassEqualZero
StelMassEqualZero
StelMassEqualZero
StelMassEqualZero
StelMassEqualZero
StelMassEqualZero
StelMassEqualZero
StelMassEqualZero
StelMassEqualZero
StelMassEqualZero
StelMassEqualZero
StelMassEqualZero
StelMassEqualZero
StelMassEqualZero
StelMassEqualZero
StelMassEqualZero
StelMassEqualZero
StelMassEqualZero
StelMassEqualZero
StelMassEqualZero
StelMassEqualZero
StelMassEqualZero
StelMassEqualZero
StelMassEqualZero
StelMassEqualZero
StelMassEqualZero
StelMassEqualZero
StelMassEqualZero
StelMassEqualZero
StelMassEqualZero
StelMassEqualZero
StelMassEqualZero
StelMassEqualZero
StelMassEqualZero
StelMassEqualZero
StelMassEqualZero
StelMassEqualZero
StelMassEqualZero
StelMassEqualZero
StelMassEqualZero
StelMassEqualZero
StelMassEqualZero
StelMassEqualZero
StelMassEqualZero
StelMassEqualZero
StelMassEqualZero
StelMassEqualZero
StelMassEqualZero
StelMassEqualZero
StelMassEqualZero
StelMassEqualZero
StelMassEqualZero
StelMassEqualZero
StelMassEqualZero
StelMassEqualZero
StelMassEqualZero
StelMassEqualZero
StelMassEqualZero
StelMassEqualZero
StelMassEqualZero
StelMassEqualZero
StelMassEqualZero
StelMassEqualZero
StelMassEqualZero
StelMassEqualZero
StelMassEqualZero
StelMassEqualZero
StelMassEqualZero
StelMassEqualZero
StelMassEqualZero
StelMassEqualZero
StelMassEqualZero
StelMassEqualZero
StelMassEqualZero
StelMassEqualZero
StelMassEqualZero
StelMassEqualZero
StelMassEqualZero
StelMassEqualZero
StelMassEqualZero
StelMassEqualZero
StelMassEqualZero
StelMassEqualZero
StelMassEqualZero
StelMassEqualZero
StelMassEqualZero
StelMassEqualZero
StelMassEqualZero
StelMassEqualZero
StelMassEqualZero
StelMassEqualZero
StelMassEqualZero
StelMassEqualZero
StelMassEqualZero
StelMassEqualZero
StelMassEqualZero
StelMassEqualZero
StelMassEqualZero
StelMassEqualZero
StelMassEqualZero
StelMassEqualZero
StelMassEqualZero
StelMassEqualZero
StelMassEqualZero
StelMassEqualZero
StelMassEqualZero
StelMassEqualZero
StelMassEqualZero
StelMassEqualZero
StelMassEqualZero
StelMassEqualZero
StelMassEqualZero
StelMassEqualZero
StelMassEqualZero
StelMassEqualZero
StelMassEqualZero
StelMassEqualZero
StelMassEqualZero
StelMassEqualZero
StelMassEqualZero
StelMassEqualZero
StelMassEqualZero
StelMassEqualZero
StelMassEqualZero
StelMassEqualZero
StelMassEqualZero
StelMassEqualZero
StelMassEqualZero
StelMassEqualZero
StelMassEqualZero
StelMassEqualZero
StelMassEqualZero
StelMassEqualZero
StelMassEqualZero
StelMassEqualZero
StelMassEqualZero
StelMassEqualZero
StelMassEqualZero
StelMassEqualZero
StelMassEqualZero
StelMassEqualZero
StelMassEqualZero
StelMassEqualZero
StelMassEqualZero
StelMassEqualZero
StelMassEqualZero
StelMassEqualZero
StelMassEqualZero
StelMassEqualZero
StelMassEqualZero
StelMassEqualZero
StelMassEqualZero
StelMassEqualZero
StelMassEqualZero
StelMassEqualZero
StelMassEqualZero
StelMassEqualZero
StelMassEqualZero
StelMassEqualZero
StelMassEqualZero
StelMassEqualZero
StelMassEqualZero
StelMassEqualZero
StelMassEqualZero
StelMassEqualZero
StelMassEqualZero
StelMassEqualZero
StelMassEqualZero
StelMassEqualZero
StelMassEqualZero
StelMassEqualZero
StelMassEqualZero
StelMassEqualZero
StelMassEqualZero
StelMassEqualZero
StelMassEqualZero
StelMassEqualZero
StelMassEqualZero
StelMassEqualZero
StelMassEqualZero
StelMassEqualZero
StelMassEqualZero
StelMassEqualZero
StelMassEqualZero
StelMassEqualZero
StelMassEqualZero
StelMassEqualZero
StelMassEqualZero
StelMassEqualZero
StelMassEqualZero
StelMassEqualZero
StelMassEqualZero
StelMassEqualZero
StelMassEqualZero
StelMassEqualZero
StelMassEqualZero
StelMassEqualZero
StelMassEqualZero
StelMassEqualZero
StelMassEqualZero
StelMassEqualZero
StelMassEqualZero
StelMassEqualZero
StelMassEqualZero
StelMassEqualZero
StelMassEqualZero
StelMassEqualZero
StelMassEqualZero
StelMassEqualZero
StelMassEqualZero
StelMassEqualZero
StelMassEqualZero
StelMassEqualZero
StelMassEqualZero
StelMassEqualZero
StelMassEqualZero
StelMassEqualZero
StelMassEqualZero
StelMassEqualZero
StelMassEqualZero
StelMassEqualZero
StelMassEqualZero
StelMassEqualZero
StelMassEqualZero
StelMassEqualZero
StelMassEqualZero
StelMassEqualZero
StelMassEqualZero
StelMassEqualZero
StelMassEqualZero
StelMassEqualZero
StelMassEqualZero
StelMassEqualZero
StelMassEqualZero
StelMassEqualZero
StelMassEqualZero
StelMassEqualZero
StelMassEqualZero
StelMassEqualZero
StelMassEqualZero
StelMassEqualZero
StelMassEqualZero
StelMassEqualZero
StelMassEqualZero
StelMassEqualZero
StelMassEqualZero
StelMassEqualZero
StelMassEqualZero
StelMassEqualZero
StelMassEqualZero
StelMassEqualZero
StelMassEqualZero
StelMassEqualZero
StelMassEqualZero
StelMassEqualZero
StelMassEqualZero
StelMassEqualZero
StelMassEqualZero
StelMassEqualZero
StelMassEqualZero
StelMassEqualZero
StelMassEqualZero
StelMassEqualZero
StelMassEqualZero
StelMassEqualZero
StelMassEqualZero
StelMassEqualZero
StelMassEqualZero
StelMassEqualZero
StelMassEqualZero
StelMassEqualZero
StelMassEqualZero
StelMassEqualZero
StelMassEqualZero
StelMassEqualZero
StelMassEqualZero
StelMassEqualZero
StelMassEqualZero
StelMassEqualZero
StelMassEqualZero
StelMassEqualZero
StelMassEqualZero
StelMassEqualZero
StelMassEqualZero
StelMassEqualZero
StelMassEqualZero
StelMassEqualZero
StelMassEqualZero
StelMassEqualZero
StelMassEqualZero
StelMassEqualZero
StelMassEqualZero
StelMassEqualZero
StelMassEqualZero
StelMassEqualZero
StelMassEqualZero
StelMassEqualZero
StelMassEqualZero
StelMassEqualZero
StelMassEqualZero
StelMassEqualZero
StelMassEqualZero
StelMassEqualZero
StelMassEqualZero
StelMassEqualZero
StelMassEqualZero
StelMassEqualZero
StelMassEqualZero
StelMassEqualZero
StelMassEqualZero
StelMassEqualZero
StelMassEqualZero
StelMassEqualZero
StelMassEqualZero
StelMassEqualZero
StelMassEqualZero
StelMassEqualZero
StelMassEqualZero
StelMassEqualZero
StelMassEqualZero
StelMassEqualZero
StelMassEqualZero
StelMassEqualZero
StelMassEqualZero
StelMassEqualZero
StelMassEqualZero
StelMassEqualZero
StelMassEqualZero
StelMassEqualZero
StelMassEqualZero
StelMassEqualZero
StelMassEqualZero
StelMassEqualZero
StelMassEqualZero
StelMassEqualZero
StelMassEqualZero
StelMassEqualZero
StelMassEqualZero
StelMassEqualZero
StelMassEqualZero
StelMassEqualZero
StelMassEqualZero
StelMassEqualZero
StelMassEqualZero
StelMassEqualZero
StelMassEqualZero
StelMassEqualZero
StelMassEqualZero
StelMassEqualZero
StelMassEqualZero
StelMassEqualZero
StelMassEqualZero
StelMassEqualZero
StelMassEqualZero
StelMassEqualZero
StelMassEqualZero
StelMassEqualZero
StelMassEqualZero
StelMassEqualZero
StelMassEqualZero
StelMassEqualZero
StelMassEqualZero
StelMassEqualZero
StelMassEqualZero
StelMassEqualZero
StelMassEqualZero
StelMassEqualZero
StelMassEqualZero
StelMassEqualZero
StelMassEqualZero
StelMassEqualZero
StelMassEqualZero
StelMassEqualZero
StelMassEqualZero
StelMassEqualZero
StelMassEqualZero
StelMassEqualZero
StelMassEqualZero
StelMassEqualZero
StelMassEqualZero
StelMassEqualZero
StelMassEqualZero
StelMassEqualZero
StelMassEqualZero
StelMassEqualZero
StelMassEqualZero
StelMassEqualZero
StelMassEqualZero
StelMassEqualZero
StelMassEqualZero
StelMassEqualZero
StelMassEqualZero
StelMassEqualZero
StelMassEqualZero
StelMassEqualZero
StelMassEqualZero
StelMassEqualZero
StelMassEqualZero
StelMassEqualZero
StelMassEqualZero
StelMassEqualZero
StelMassEqualZero
StelMassEqualZero
StelMassEqualZero
StelMassEqualZero
StelMassEqualZero
StelMassEqualZero
StelMassEqualZero
StelMassEqualZero
StelMassEqualZero
StelMassEqualZero
StelMassEqualZero
StelMassEqualZero
StelMassEqualZero
StelMassEqualZero
StelMassEqualZero
StelMassEqualZero
StelMassEqualZero
StelMassEqualZero
StelMassEqualZero
StelMassEqualZero
StelMassEqualZero
StelMassEqualZero
StelMassEqualZero
StelMassEqualZero
StelMassEqualZero
StelMassEqualZero
StelMassEqualZero
StelMassEqualZero
StelMassEqualZero
StelMassEqualZero
StelMassEqualZero
StelMassEqualZero
StelMassEqualZero
StelMassEqualZero
StelMassEqualZero
StelMassEqualZero
StelMassEqualZero
StelMassEqualZero
StelMassEqualZero
StelMassEqualZero
StelMassEqualZero
StelMassEqualZero
StelMassEqualZero
StelMassEqualZero
StelMassEqualZero
StelMassEqualZero
StelMassEqualZero
StelMassEqualZero
StelMassEqualZero
StelMassEqualZero
StelMassEqualZero
StelMassEqualZero
StelMassEqualZero
StelMassEqualZero
StelMassEqualZero
StelMassEqualZero
StelMassEqualZero
StelMassEqualZero
StelMassEqualZero
StelMassEqualZero
StelMassEqualZero
StelMassEqualZero
StelMassEqualZero
StelMassEqualZero
StelMassEqualZero
StelMassEqualZero
StelMassEqualZero
StelMassEqualZero
StelMassEqualZero
StelMassEqualZero
StelMassEqualZero
StelMassEqualZero
StelMassEqualZero
StelMassEqualZero
StelMassEqualZero
StelMassEqualZero
StelMassEqualZero
StelMassEqualZero
StelMassEqualZero
StelMassEqualZero
StelMassEqualZero
StelMassEqualZero
StelMassEqualZero
StelMassEqualZero
StelMassEqualZero
StelMassEqualZero
StelMassEqualZero
StelMassEqualZero
StelMassEqualZero
StelMassEqualZero
StelMassEqualZero
StelMassEqualZero
StelMassEqualZero
StelMassEqualZero
StelMassEqualZero
StelMassEqualZero
StelMassEqualZero
StelMassEqualZero
StelMassEqualZero
StelMassEqualZero
StelMassEqualZero
StelMassEqualZero
StelMassEqualZero
StelMassEqualZero
StelMassEqualZero
StelMassEqualZero
StelMassEqualZero
StelMassEqualZero
StelMassEqualZero
StelMassEqualZero
StelMassEqualZero
StelMassEqualZero
StelMassEqualZero
StelMassEqualZero
StelMassEqualZero
StelMassEqualZero
StelMassEqualZero
StelMassEqualZero
StelMassEqualZero
StelMassEqualZero
StelMassEqualZero
StelMassEqualZero
StelMassEqualZero
StelMassEqualZero
StelMassEqualZero
StelMassEqualZero
StelMassEqualZero
StelMassEqualZero
StelMassEqualZero
StelMassEqualZero
StelMassEqualZero
StelMassEqualZero
StelMassEqualZero
StelMassEqualZero
StelMassEqualZero
StelMassEqualZero
StelMassEqualZero
StelMassEqualZero
StelMassEqualZero
StelMassEqualZero
StelMassEqualZero
StelMassEqualZero
StelMassEqualZero
StelMassEqualZero
StelMassEqualZero
StelMassEqualZero
StelMassEqualZero
StelMassEqualZero
StelMassEqualZero
StelMassEqualZero
StelMassEqualZero
StelMassEqualZero
StelMassEqualZero
StelMassEqualZero
StelMassEqualZero
StelMassEqualZero
StelMassEqualZero
StelMassEqualZero
StelMassEqualZero
StelMassEqualZero
StelMassEqualZero
StelMassEqualZero
StelMassEqualZero
StelMassEqualZero
StelMassEqualZero
StelMassEqualZero
StelMassEqualZero
StelMassEqualZero
StelMassEqualZero
StelMassEqualZero
StelMassEqualZero
StelMassEqualZero
StelMassEqualZero
StelMassEqualZero
StelMassEqualZero
StelMassEqualZero
StelMassEqualZero
StelMassEqualZero
StelMassEqualZero
StelMassEqualZero
StelMassEqualZero
StelMassEqualZero
StelMassEqualZero
StelMassEqualZero
StelMassEqualZero
StelMassEqualZero
StelMassEqualZero
StelMassEqualZero
StelMassEqualZero
StelMassEqualZero
StelMassEqualZero
StelMassEqualZero
StelMassEqualZero
StelMassEqualZero
StelMassEqualZero
StelMassEqualZero
StelMassEqualZero
StelMassEqualZero
StelMassEqualZero
StelMassEqualZero
StelMassEqualZero
StelMassEqualZero
StelMassEqualZero
StelMassEqualZero
StelMassEqualZero
StelMassEqualZero
StelMassEqualZero
StelMassEqualZero
StelMassEqualZero
StelMassEqualZero
StelMassEqualZero
StelMassEqualZero
StelMassEqualZero
StelMassEqualZero
StelMassEqualZero
StelMassEqualZero
StelMassEqualZero
StelMassEqualZero
StelMassEqualZero
StelMassEqualZero
StelMassEqualZero
StelMassEqualZero
StelMassEqualZero
StelMassEqualZero
StelMassEqualZero
StelMassEqualZero
StelMassEqualZero
StelMassEqualZero
StelMassEqualZero
StelMassEqualZero
StelMassEqualZero
StelMassEqualZero
StelMassEqualZero
StelMassEqualZero
StelMassEqualZero
StelMassEqualZero
StelMassEqualZero
StelMassEqualZero
StelMassEqualZero
StelMassEqualZero
StelMassEqualZero
StelMassEqualZero
StelMassEqualZero
StelMassEqualZero
StelMassEqualZero
StelMassEqualZero
StelMassEqualZero
StelMassEqualZero
StelMassEqualZero
StelMassEqualZero
StelMassEqualZero
StelMassEqualZero
StelMassEqualZero
StelMassEqualZero
StelMassEqualZero
StelMassEqualZero
StelMassEqualZero
StelMassEqualZero
StelMassEqualZero
StelMassEqualZero
StelMassEqualZero
StelMassEqualZero
StelMassEqualZero
StelMassEqualZero
StelMassEqualZero
StelMassEqualZero
StelMassEqualZero
StelMassEqualZero
StelMassEqualZero
StelMassEqualZero
StelMassEqualZero
StelMassEqualZero
StelMassEqualZero
StelMassEqualZero
StelMassEqualZero
StelMassEqualZero
StelMassEqualZero
StelMassEqualZero
StelMassEqualZero
StelMassEqualZero
StelMassEqualZero
StelMassEqualZero
StelMassEqualZero
StelMassEqualZero
StelMassEqualZero
StelMassEqualZero
StelMassEqualZero
StelMassEqualZero
StelMassEqualZero
StelMassEqualZero
StelMassEqualZero
StelMassEqualZero
StelMassEqualZero
StelMassEqualZero
StelMassEqualZero
StelMassEqualZero
StelMassEqualZero
StelMassEqualZero
StelMassEqualZero
StelMassEqualZero
StelMassEqualZero
StelMassEqualZero
StelMassEqualZero
StelMassEqualZero
StelMassEqualZero
StelMassEqualZero
StelMassEqualZero
StelMassEqualZero
StelMassEqualZero
StelMassEqualZero
StelMassEqualZero
StelMassEqualZero
StelMassEqualZero
StelMassEqualZero
StelMassEqualZero
StelMassEqualZero
StelMassEqualZero
StelMassEqualZero
StelMassEqualZero
StelMassEqualZero
StelMassEqualZero
StelMassEqualZero
StelMassEqualZero
StelMassEqualZero
StelMassEqualZero
StelMassEqualZero
StelMassEqualZero
StelMassEqualZero
StelMassEqualZero
StelMassEqualZero
StelMassEqualZero
StelMassEqualZero
StelMassEqualZero
StelMassEqualZero
StelMassEqualZero
StelMassEqualZero
StelMassEqualZero
StelMassEqualZero
StelMassEqualZero
StelMassEqualZero
StelMassEqualZero
StelMassEqualZero
StelMassEqualZero
StelMassEqualZero
StelMassEqualZero
StelMassEqualZero
StelMassEqualZero
StelMassEqualZero
StelMassEqualZero
StelMassEqualZero
StelMassEqualZero
StelMassEqualZero
StelMassEqualZero
StelMassEqualZero
StelMassEqualZero
StelMassEqualZero
StelMassEqualZero
StelMassEqualZero
StelMassEqualZero
StelMassEqualZero
StelMassEqualZero
StelMassEqualZero
StelMassEqualZero
StelMassEqualZero
StelMassEqualZero
StelMassEqualZero
StelMassEqualZero
StelMassEqualZero
StelMassEqualZero
StelMassEqualZero
StelMassEqualZero
StelMassEqualZero
StelMassEqualZero
StelMassEqualZero
StelMassEqualZero
StelMassEqualZero
StelMassEqualZero
StelMassEqualZero
StelMassEqualZero
StelMassEqualZero
StelMassEqualZero
StelMassEqualZero
StelMassEqualZero
StelMassEqualZero
StelMassEqualZero
StelMassEqualZero
StelMassEqualZero
StelMassEqualZero
StelMassEqualZero
StelMassEqualZero
StelMassEqualZero
StelMassEqualZero
StelMassEqualZero
StelMassEqualZero
StelMassEqualZero
StelMassEqualZero
StelMassEqualZero
StelMassEqualZero
StelMassEqualZero
StelMassEqualZero
StelMassEqualZero
StelMassEqualZero
StelMassEqualZero
StelMassEqualZero
StelMassEqualZero
StelMassEqualZero
StelMassEqualZero
StelMassEqualZero
StelMassEqualZero
StelMassEqualZero
StelMassEqualZero
StelMassEqualZero
StelMassEqualZero
StelMassEqualZero
StelMassEqualZero
StelMassEqualZero
StelMassEqualZero
StelMassEqualZero
StelMassEqualZero
StelMassEqualZero
StelMassEqualZero
StelMassEqualZero
StelMassEqualZero
StelMassEqualZero
StelMassEqualZero
StelMassEqualZero
StelMassEqualZero
StelMassEqualZero
StelMassEqualZero
StelMassEqualZero
StelMassEqualZero
StelMassEqualZero
StelMassEqualZero
StelMassEqualZero
StelMassEqualZero
StelMassEqualZero
StelMassEqualZero
StelMassEqualZero
StelMassEqualZero
StelMassEqualZero
StelMassEqualZero
StelMassEqualZero
StelMassEqualZero
StelMassEqualZero
StelMassEqualZero
StelMassEqualZero
StelMassEqualZero
StelMassEqualZero
StelMassEqualZero
StelMassEqualZero
StelMassEqualZero
StelMassEqualZero
StelMassEqualZero
StelMassEqualZero
StelMassEqualZero
StelMassEqualZero
StelMassEqualZero
StelMassEqualZero
StelMassEqualZero
StelMassEqualZero
StelMassEqualZero
StelMassEqualZero
StelMassEqualZero
StelMassEqualZero
StelMassEqualZero
StelMassEqualZero
StelMassEqualZero
StelMassEqualZero
StelMassEqualZero
StelMassEqualZero
StelMassEqualZero
StelMassEqualZero
StelMassEqualZero
StelMassEqualZero
StelMassEqualZero
StelMassEqualZero
StelMassEqualZero
StelMassEqualZero
StelMassEqualZero
StelMassEqualZero
StelMassEqualZero
StelMassEqualZero
StelMassEqualZero
StelMassEqualZero
StelMassEqualZero
StelMassEqualZero
StelMassEqualZero
StelMassEqualZero
StelMassEqualZero
StelMassEqualZero
StelMassEqualZero
StelMassEqualZero
StelMassEqualZero
StelMassEqualZero
StelMassEqualZero
StelMassEqualZero
StelMassEqualZero
StelMassEqualZero
StelMassEqualZero
StelMassEqualZero
StelMassEqualZero
StelMassEqualZero
StelMassEqualZero
StelMassEqualZero
StelMassEqualZero
StelMassEqualZero
StelMassEqualZero
StelMassEqualZero
StelMassEqualZero
StelMassEqualZero
StelMassEqualZero
StelMassEqualZero
StelMassEqualZero
StelMassEqualZero
StelMassEqualZero
StelMassEqualZero
StelMassEqualZero
StelMassEqualZero
StelMassEqualZero
StelMassEqualZero
StelMassEqualZero
StelMassEqualZero
StelMassEqualZero
StelMassEqualZero
StelMassEqualZero
StelMassEqualZero
StelMassEqualZero
StelMassEqualZero
StelMassEqualZero
StelMassEqualZero
StelMassEqualZero
StelMassEqualZero
StelMassEqualZero
StelMassEqualZero
StelMassEqualZero
StelMassEqualZero
StelMassEqualZero
StelMassEqualZero
StelMassEqualZero
StelMassEqualZero
StelMassEqualZero
StelMassEqualZero
StelMassEqualZero
StelMassEqualZero
StelMassEqualZero
StelMassEqualZero
StelMassEqualZero
StelMassEqualZero
StelMassEqualZero
StelMassEqualZero
StelMassEqualZero
StelMassEqualZero
StelMassEqualZero
StelMassEqualZero
StelMassEqualZero
StelMassEqualZero
StelMassEqualZero
StelMassEqualZero
StelMassEqualZero
StelMassEqualZero
StelMassEqualZero
StelMassEqualZero
StelMassEqualZero
StelMassEqualZero
StelMassEqualZero
StelMassEqualZero
StelMassEqualZero
StelMassEqualZero
StelMassEqualZero
StelMassEqualZero
StelMassEqualZero
StelMassEqualZero
StelMassEqualZero
StelMassEqualZero
StelMassEqualZero
StelMassEqualZero
StelMassEqualZero
StelMassEqualZero
StelMassEqualZero
StelMassEqualZero
StelMassEqualZero
StelMassEqualZero
StelMassEqualZero
StelMassEqualZero
StelMassEqualZero
StelMassEqualZero
StelMassEqualZero
StelMassEqualZero
StelMassEqualZero
StelMassEqualZero
StelMassEqualZero
StelMassEqualZero
StelMassEqualZero
StelMassEqualZero
StelMassEqualZero
StelMassEqualZero
StelMassEqualZero
StelMassEqualZero
StelMassEqualZero
StelMassEqualZero
StelMassEqualZero
StelMassEqualZero
StelMassEqualZero
StelMassEqualZero
StelMassEqualZero
StelMassEqualZero
StelMassEqualZero
StelMassEqualZero
StelMassEqualZero
StelMassEqualZero
StelMassEqualZero
StelMassEqualZero
StelMassEqualZero
StelMassEqualZero
StelMassEqualZero
StelMassEqualZero
StelMassEqualZero
StelMassEqualZero
StelMassEqualZero
StelMassEqualZero
StelMassEqualZero
StelMassEqualZero
StelMassEqualZero
StelMassEqualZero
StelMassEqualZero
StelMassEqualZero
StelMassEqualZero
StelMassEqualZero
StelMassEqualZero
StelMassEqualZero
StelMassEqualZero
StelMassEqualZero
StelMassEqualZero
StelMassEqualZero
StelMassEqualZero
StelMassEqualZero
StelMassEqualZero
StelMassEqualZero
StelMassEqualZero
StelMassEqualZero
StelMassEqualZero
StelMassEqualZero
StelMassEqualZero
StelMassEqualZero
StelMassEqualZero
StelMassEqualZero
StelMassEqualZero
StelMassEqualZero
StelMassEqualZero
StelMassEqualZero
StelMassEqualZero
StelMassEqualZero
StelMassEqualZero
StelMassEqualZero
StelMassEqualZero
StelMassEqualZero
StelMassEqualZero
StelMassEqualZero
StelMassEqualZero
StelMassEqualZero
StelMassEqualZero
StelMassEqualZero
StelMassEqualZero
StelMassEqualZero
StelMassEqualZero
StelMassEqualZero
StelMassEqualZero
StelMassEqualZero
StelMassEqualZero
StelMassEqualZero
StelMassEqualZero
StelMassEqualZero
StelMassEqualZero
StelMassEqualZero
StelMassEqualZero
StelMassEqualZero
StelMassEqualZero
StelMassEqualZero
StelMassEqualZero
StelMassEqualZero
StelMassEqualZero
StelMassEqualZero
StelMassEqualZero
StelMassEqualZero
StelMassEqualZero
StelMassEqualZero
StelMassEqualZero
StelMassEqualZero
StelMassEqualZero
StelMassEqualZero
StelMassEqualZero
StelMassEqualZero
StelMassEqualZero
StelMassEqualZero
StelMassEqualZero
StelMassEqualZero
StelMassEqualZero
StelMassEqualZero
StelMassEqualZero
StelMassEqualZero
StelMassEqualZero
StelMassEqualZero
StelMassEqualZero
StelMassEqualZero
StelMassEqualZero
StelMassEqualZero
StelMassEqualZero
StelMassEqualZero
StelMassEqualZero
StelMassEqualZero
StelMassEqualZero
StelMassEqualZero
StelMassEqualZero
StelMassEqualZero
StelMassEqualZero
StelMassEqualZero
StelMassEqualZero
StelMassEqualZero
StelMassEqualZero
StelMassEqualZero
StelMassEqualZero
StelMassEqualZero
StelMassEqualZero
StelMassEqualZero
StelMassEqualZero
StelMassEqualZero
StelMassEqualZero
StelMassEqualZero
StelMassEqualZero
StelMassEqualZero
StelMassEqualZero
StelMassEqualZero
StelMassEqualZero
StelMassEqualZero
StelMassEqualZero
StelMassEqualZero
StelMassEqualZero
StelMassEqualZero
StelMassEqualZero
StelMassEqualZero
StelMassEqualZero
StelMassEqualZero
StelMassEqualZero
StelMassEqualZero
StelMassEqualZero
StelMassEqualZero
StelMassEqualZero
StelMassEqualZero
StelMassEqualZero
StelMassEqualZero
StelMassEqualZero
StelMassEqualZero
123AllDone123
