yt : [INFO     ] 2017-08-01 15:47:58,637 Parameters: current_time              = 2.442094332e+16
yt : [INFO     ] 2017-08-01 15:47:58,638 Parameters: domain_dimensions         = [2 2 2]
yt : [INFO     ] 2017-08-01 15:47:58,638 Parameters: domain_left_edge          = [ 0.  0.  0.]
yt : [INFO     ] 2017-08-01 15:47:58,639 Parameters: domain_right_edge         = [  1.66901647e+25   1.66901647e+25   1.66901647e+25]
yt : [INFO     ] 2017-08-01 15:47:58,639 Parameters: cosmological_simulation   = 1
yt : [INFO     ] 2017-08-01 15:47:58,639 Parameters: current_redshift          = 6.99999981444
yt : [INFO     ] 2017-08-01 15:47:58,639 Parameters: omega_lambda              = 0.712
yt : [INFO     ] 2017-08-01 15:47:58,639 Parameters: omega_matter              = 0.288
yt : [INFO     ] 2017-08-01 15:47:58,639 Parameters: hubble_constant           = 0.6933
yt : [INFO     ] 2017-08-01 15:47:58,754 Parameters: current_time              = 102.74801136229
yt : [INFO     ] 2017-08-01 15:47:58,754 Parameters: domain_dimensions         = [128 128 128]
yt : [INFO     ] 2017-08-01 15:47:58,755 Parameters: domain_left_edge          = [ 0.  0.  0.]
yt : [INFO     ] 2017-08-01 15:47:58,755 Parameters: domain_right_edge         = [ 1.  1.  1.]
yt : [INFO     ] 2017-08-01 15:47:58,756 Parameters: cosmological_simulation   = 1
yt : [INFO     ] 2017-08-01 15:47:58,756 Parameters: current_redshift          = 6.9999998144358
yt : [INFO     ] 2017-08-01 15:47:58,756 Parameters: omega_lambda              = 0.712
yt : [INFO     ] 2017-08-01 15:47:58,756 Parameters: omega_matter              = 0.288
yt : [INFO     ] 2017-08-01 15:47:58,756 Parameters: hubble_constant           = 0.6933
yt : [INFO     ] 2017-08-01 15:47:58,759 Allocating for 4.968e+03 particles (index particle type 'all')
yt : [INFO     ] 2017-08-01 15:47:58,765 Identified 1.809e+03 octs
TimeNow:  0.7736676705124972 Gyr
IsSatellite
IsSatellite
IsSatellite
Parsing Hierarchy :   0%|          | 0/35395 [00:00<?, ?it/s]Parsing Hierarchy :   4%|▍         | 1474/35395 [00:00<00:02, 14731.27it/s]Parsing Hierarchy :   7%|▋         | 2436/35395 [00:00<00:02, 13136.64it/s]Parsing Hierarchy :  13%|█▎        | 4617/35395 [00:00<00:01, 15735.69it/s]Parsing Hierarchy :  19%|█▉        | 6745/35395 [00:00<00:01, 17398.02it/s]Parsing Hierarchy :  25%|██▌       | 8873/35395 [00:00<00:01, 18562.46it/s]Parsing Hierarchy :  31%|███       | 10987/35395 [00:00<00:01, 19332.30it/s]Parsing Hierarchy :  36%|███▌      | 12747/35395 [00:00<00:01, 16874.61it/s]Parsing Hierarchy :  42%|████▏     | 14831/35395 [00:00<00:01, 18062.61it/s]Parsing Hierarchy :  48%|████▊     | 16897/35395 [00:00<00:00, 18839.18it/s]Parsing Hierarchy :  54%|█████▍    | 19047/35395 [00:01<00:00, 19633.08it/s]Parsing Hierarchy :  60%|█████▉    | 21214/35395 [00:01<00:00, 20243.17it/s]Parsing Hierarchy :  66%|██████▌   | 23210/35395 [00:01<00:00, 17466.35it/s]Parsing Hierarchy :  72%|███████▏  | 25352/35395 [00:01<00:00, 18650.89it/s]Parsing Hierarchy :  78%|███████▊  | 27520/35395 [00:01<00:00, 19558.22it/s]Parsing Hierarchy :  84%|████████▍ | 29659/35395 [00:01<00:00, 20107.07it/s]Parsing Hierarchy :  90%|████████▉ | 31840/35395 [00:01<00:00, 20616.22it/s]Parsing Hierarchy :  96%|█████████▌| 34001/35395 [00:01<00:00, 20912.93it/s]Parsing Hierarchy : 100%|██████████| 35395/35395 [00:01<00:00, 18564.78it/s]
yt : [INFO     ] 2017-08-01 15:48:05,804 Gathering a field list (this may take a moment.)
11 8.204271355482031e+25 g / s
16 4.861286004349155e+25 g / s
17 5.199869553997221e+25 g / s
22 2.8328785954559483e+25 g / s
24 1.0164941134980722e+25 g / s
25 1.1065894372161792e+25 g / s
27 2.5931799816459025e+25 g / s
IsSatellite
31 8.410344685439309e+24 g / s
IsSatellite
33 2.6216394027201923e+25 g / s
34 2.7126156006205774e+25 g / s
35 1.7043972559694228e+25 g / s
36 9.79522817650946e+24 g / s
37 4.629400804194651e+25 g / s
38 2.2639269283605627e+25 g / s
41 3.942372505185691e+25 g / s
42 2.213559912174928e+25 g / s
43 2.2899568771704945e+25 g / s
51 1.7517745265592139e+25 g / s
55 8.712496072628903e+24 g / s
56 3.227454007244081e+25 g / s
57 2.142361362875941e+25 g / s
60 4.066917765066343e+24 g / s
61 5.315240467767717e+24 g / s
62 6.346175820924152e+24 g / s
66 2.872894886074662e+24 g / s
67 1.4646880073415102e+25 g / s
69 5.551365199156688e+24 g / s
71 9.67991756993784e+24 g / s
74 1.3204966074608776e+25 g / s
76 8.821906300678329e+24 g / s
78 6.496323237581425e+24 g / s
81 7.74592925153628e+24 g / s
82 3.5520311126837404e+24 g / s
84 8.591836282363514e+24 g / s
88 4.375851442503616e+24 g / s
89 1.2881727918677042e+24 g / s
90 6.914481033755467e+24 g / s
93 4.212378080288468e+24 g / s
95 5.130028629983878e+24 g / s
96 4.889784203600786e+24 g / s
97 7.845230566432339e+24 g / s
98 1.9637165251244408e+24 g / s
100 1.876393646546876e+24 g / s
101 1.2419619143813168e+24 g / s
102 0.0 g / s
103 1.0508302441401601e+23 g / s
104 1.8075167298652272e+25 g / s
105 1.2922088349408045e+24 g / s
106 3.868201005521515e+23 g / s
107 1.3166825337875075e+24 g / s
108 5.828768587014372e+23 g / s
109 7.15271262631804e+23 g / s
110 6.093423811187274e+24 g / s
111 1.0082514163408607e+24 g / s
112 2.4373887190242294e+24 g / s
113 1.4351161454105515e+24 g / s
114 8.187104295280966e+23 g / s
115 7.274778936092675e+24 g / s
116 3.1440483730424774e+24 g / s
117 4.635850691537562e+24 g / s
118 6.297379515460185e+24 g / s
120 2.822022197268782e+24 g / s
121 9.718822846321794e+24 g / s
122 5.555371412862603e+24 g / s
123 5.675555878646536e+22 g / s
124 1.225477946688802e+24 g / s
125 1.334333737587281e+24 g / s
126 2.0212632106058262e+24 g / s
128 3.5749264489276276e+23 g / s
130 1.4349216060593414e+24 g / s
131 1.3143651810358956e+25 g / s
132 4.495473689562552e+23 g / s
134 3.436115488729856e+24 g / s
136 5.407611642509179e+24 g / s
137 1.5894688543764776e+24 g / s
138 2.2559178729641538e+24 g / s
141 1.5420894438538226e+24 g / s
145 1.360300850186772e+24 g / s
146 1.4239372658255293e+24 g / s
151 2.474793448545851e+24 g / s
153 1.1967347575475471e+23 g / s
155 0.0 g / s
156 2.1470724574977394e+23 g / s
159 1.4900138533929625e+24 g / s
161 5.526603582070196e+22 g / s
163 6.865099164844357e+22 g / s
RadiusEqualZero
165 7.024355562389781e+23 g / s
167 2.49053362745224e+24 g / s
169 0.0 g / s
170 3.526252703254924e+23 g / s
171 1.93529886516421e+24 g / s
172 7.828581240291292e+23 g / s
173 3.6938807775474105e+23 g / s
174 2.985932624559649e+23 g / s
176 1.5715958757163249e+24 g / s
177 8.34835796349881e+23 g / s
178 1.3843874157245671e+23 g / s
179 7.403130163840397e+22 g / s
180 6.7420854484293304e+22 g / s
181 1.4427278217588885e+24 g / s
182 3.750906746032057e+23 g / s
183 4.145724359312447e+23 g / s
185 3.3321348539726963e+22 g / s
186 1.698425805737586e+24 g / s
187 6.554030742259809e+22 g / s
188 5.2665887698881524e+23 g / s
189 2.797346177496821e+22 g / s
190 2.686976870445929e+24 g / s
191 4.973502268000433e+23 g / s
192 1.4247977782223808e+24 g / s
193 6.980584208367565e+23 g / s
194 1.8427253694974912e+24 g / s
195 0.0 g / s
196 5.639890330924731e+22 g / s
198 0.0 g / s
199 1.7223094018856192e+24 g / s
202 8.823072888321084e+22 g / s
203 6.353006746009632e+22 g / s
204 1.7485320094996987e+24 g / s
205 1.4958844025479722e+23 g / s
207 1.1138402430680221e+24 g / s
210 3.1164328636737356e+24 g / s
211 5.963928043589933e+21 g / s
213 1.7198705268859517e+23 g / s
215 2.0355255389075244e+24 g / s
216 0.0 g / s
217 5.0887019871418654e+23 g / s
218 1.0257048384669042e+24 g / s
219 0.0 g / s
222 0.0 g / s
223 1.406091522674546e+23 g / s
224 8.795260245743115e+23 g / s
225 6.404883906332259e+22 g / s
227 1.3121640331234065e+24 g / s
228 0.0 g / s
229 7.85057067162305e+22 g / s
230 8.676746872986076e+23 g / s
231 5.107047047960954e+23 g / s
232 1.0412336179449785e+24 g / s
233 0.0 g / s
234 2.055353638047336e+23 g / s
235 0.0 g / s
236 1.1898662215208311e+24 g / s
237 1.0773751386127441e+24 g / s
238 0.0 g / s
239 4.95271249600114e+22 g / s
240 0.0 g / s
241 5.426091583945105e+22 g / s
242 7.10827335385667e+22 g / s
243 0.0 g / s
244 9.480875281211987e+22 g / s
245 0.0 g / s
247 0.0 g / s
248 1.672814700150809e+24 g / s
249 3.918800690771196e+22 g / s
251 8.613145474430536e+23 g / s
252 0.0 g / s
253 8.891998180454735e+23 g / s
254 0.0 g / s
255 0.0 g / s
RadiusEqualZero
257 0.0 g / s
258 1.538300465756759e+23 g / s
259 4.971556874488335e+23 g / s
260 0.0 g / s
261 0.0 g / s
263 1.909144346323054e+22 g / s
264 6.145498104719129e+22 g / s
266 4.2005001559680994e+23 g / s
267 3.517556794255843e+23 g / s
268 0.0 g / s
IsSatellite
270 1.0984923851865733e+23 g / s
271 0.0 g / s
272 1.9999293768876505e+22 g / s
273 1.3753089126681076e+23 g / s
274 6.4373071315339e+22 g / s
275 1.2986876438005965e+24 g / s
278 0.0 g / s
280 1.248229323812794e+23 g / s
281 2.5055760585522902e+23 g / s
283 2.8925148281086792e+23 g / s
284 1.295281908225416e+23 g / s
285 9.625846005733567e+23 g / s
286 6.742085448429332e+21 g / s
287 1.2666690604494715e+24 g / s
288 7.143309891009564e+23 g / s
289 1.674134325416516e+23 g / s
290 7.426020960832756e+22 g / s
291 0.0 g / s
292 4.1755537264979565e+23 g / s
293 2.1004413750127394e+22 g / s
294 8.605837279470085e+22 g / s
295 5.441174868308909e+23 g / s
296 1.35165941220603e+22 g / s
297 2.1658779281146922e+23 g / s
298 8.926632669615126e+22 g / s
302 0.0 g / s
303 2.5087794732022117e+22 g / s
304 9.403059540728048e+22 g / s
305 2.403177028720465e+23 g / s
307 0.0 g / s
308 0.0 g / s
309 1.856696537236879e+23 g / s
310 1.1700893510768379e+22 g / s
311 9.928257427189277e+23 g / s
312 3.844305088547904e+23 g / s
314 0.0 g / s
317 2.0025037809686608e+23 g / s
318 0.0 g / s
319 2.794103854976657e+22 g / s
321 0.0 g / s
322 0.0 g / s
323 0.0 g / s
324 7.558761644808277e+22 g / s
327 0.0 g / s
328 0.0 g / s
329 0.0 g / s
330 0.0 g / s
332 1.1765739961171663e+22 g / s
333 1.277085994242255e+22 g / s
335 4.275261628638043e+22 g / s
336 0.0 g / s
337 1.0751671169765124e+23 g / s
338 2.865434950420268e+22 g / s
339 5.574849341170236e+21 g / s
340 0.0 g / s
345 0.0 g / s
347 0.0 g / s
348 0.0 g / s
349 1.1140360793482402e+23 g / s
350 0.0 g / s
352 0.0 g / s
354 5.963928043589935e+21 g / s
356 1.0426615367828587e+24 g / s
358 0.0 g / s
359 0.0 g / s
360 0.0 g / s
362 2.6157761163676285e+22 g / s
363 0.0 g / s
364 0.0 g / s
366 3.4310256908377026e+23 g / s
367 0.0 g / s
368 2.8784042405009245e+22 g / s
369 0.0 g / s
IsSatellite
371 0.0 g / s
373 0.0 g / s
374 0.0 g / s
375 1.8955654996086064e+23 g / s
376 0.0 g / s
378 0.0 g / s
379 0.0 g / s
381 0.0 g / s
382 0.0 g / s
383 3.540175236156508e+23 g / s
RadiusEqualZero
388 6.832675939642715e+22 g / s
389 3.847469595327585e+22 g / s
390 2.596322181246644e+22 g / s
391 4.304442531319521e+22 g / s
392 0.0 g / s
394 0.0 g / s
397 2.540230001647804e+23 g / s
398 1.2057548987986436e+22 g / s
399 0.0 g / s
400 0.0 g / s
401 0.0 g / s
402 4.352389996747708e+23 g / s
403 3.6885957918395424e+22 g / s
404 0.0 g / s
405 6.741890909078121e+22 g / s
406 0.0 g / s
409 0.0 g / s
410 0.0 g / s
411 0.0 g / s
414 0.0 g / s
416 3.993374108734971e+22 g / s
419 1.177261368491441e+23 g / s
420 7.837795920893604e+22 g / s
421 0.0 g / s
422 0.0 g / s
423 0.0 g / s
424 0.0 g / s
425 0.0 g / s
426 0.0 g / s
427 0.0 g / s
428 0.0 g / s
429 1.25763205912127e+22 g / s
430 0.0 g / s
431 1.2511474140809416e+22 g / s
433 0.0 g / s
435 0.0 g / s
438 0.0 g / s
439 0.0 g / s
440 5.86665836798501e+21 g / s
441 0.0 g / s
442 1.6489025715645986e+23 g / s
445 0.0 g / s
447 3.863681207928405e+22 g / s
450 0.0 g / s
452 0.0 g / s
454 0.0 g / s
455 0.0 g / s
456 6.0547130741545306e+22 g / s
457 0.0 g / s
458 0.0 g / s
461 4.3412558612134656e+23 g / s
462 0.0 g / s
464 7.426020960832755e+22 g / s
465 2.2946175861003293e+23 g / s
467 0.0 g / s
469 0.0 g / s
470 3.5979663927559146e+23 g / s
472 7.798498971949213e+22 g / s
475 0.0 g / s
476 0.0 g / s
477 0.0 g / s
478 0.0 g / s
479 0.0 g / s
481 0.0 g / s
482 0.0 g / s
483 0.0 g / s
484 0.0 g / s
485 0.0 g / s
486 0.0 g / s
488 0.0 g / s
489 0.0 g / s
490 4.254951720371735e+23 g / s
494 0.0 g / s
495 2.1393492452547083e+22 g / s
496 0.0 g / s
497 0.0 g / s
498 0.0 g / s
500 7.196010601252312e+21 g / s
503 1.390567282448e+22 g / s
504 4.051735914097928e+22 g / s
506 2.2222748860304275e+23 g / s
508 0.0 g / s
509 0.0 g / s
511 4.330381111480833e+22 g / s
512 0.0 g / s
513 0.0 g / s
514 0.0 g / s
515 2.0265358754881177e+23 g / s
516 0.0 g / s
517 0.0 g / s
518 0.0 g / s
519 0.0 g / s
521 1.4197481851294772e+22 g / s
522 0.0 g / s
524 0.0 g / s
525 1.3921495358378401e+23 g / s
526 0.0 g / s
527 0.0 g / s
528 0.0 g / s
529 0.0 g / s
530 0.0 g / s
531 0.0 g / s
532 0.0 g / s
534 3.1829880180451444e+22 g / s
535 1.4392021202504623e+22 g / s
536 3.9544662384930015e+22 g / s
537 0.0 g / s
538 0.0 g / s
539 0.0 g / s
541 0.0 g / s
544 0.0 g / s
545 3.380769691775158e+22 g / s
547 0.0 g / s
548 0.0 g / s
549 0.0 g / s
550 0.0 g / s
551 0.0 g / s
553 0.0 g / s
554 0.0 g / s
555 0.0 g / s
556 0.0 g / s
558 0.0 g / s
560 0.0 g / s
561 0.0 g / s
562 0.0 g / s
563 0.0 g / s
564 0.0 g / s
566 0.0 g / s
568 0.0 g / s
569 0.0 g / s
570 0.0 g / s
571 0.0 g / s
572 0.0 g / s
573 0.0 g / s
574 0.0 g / s
575 0.0 g / s
576 2.4990525056417192e+22 g / s
577 0.0 g / s
578 0.0 g / s
579 0.0 g / s
580 0.0 g / s
581 0.0 g / s
582 0.0 g / s
585 0.0 g / s
586 0.0 g / s
588 0.0 g / s
589 0.0 g / s
590 0.0 g / s
592 0.0 g / s
593 0.0 g / s
594 1.4511403517697063e+23 g / s
595 0.0 g / s
596 0.0 g / s
597 0.0 g / s
598 6.093620944396501e+21 g / s
599 0.0 g / s
600 0.0 g / s
601 0.0 g / s
602 0.0 g / s
603 0.0 g / s
604 0.0 g / s
607 1.3386901221253736e+22 g / s
609 0.0 g / s
610 0.0 g / s
611 0.0 g / s
612 0.0 g / s
614 0.0 g / s
615 0.0 g / s
616 0.0 g / s
617 0.0 g / s
618 0.0 g / s
619 0.0 g / s
621 0.0 g / s
623 0.0 g / s
624 3.5414721651645735e+23 g / s
625 0.0 g / s
626 0.0 g / s
627 0.0 g / s
629 0.0 g / s
631 2.3795080743232673e+23 g / s
633 0.0 g / s
634 0.0 g / s
635 0.0 g / s
636 0.0 g / s
638 0.0 g / s
639 0.0 g / s
640 0.0 g / s
641 0.0 g / s
642 0.0 g / s
643 2.7717123756524033e+23 g / s
644 0.0 g / s
645 7.740137166586261e+22 g / s
646 0.0 g / s
648 0.0 g / s
650 0.0 g / s
651 0.0 g / s
653 0.0 g / s
654 0.0 g / s
655 0.0 g / s
656 0.0 g / s
657 0.0 g / s
658 0.0 g / s
660 0.0 g / s
662 0.0 g / s
664 2.1590690508223466e+23 g / s
665 0.0 g / s
666 0.0 g / s
667 0.0 g / s
670 0.0 g / s
671 0.0 g / s
672 6.50997406385582e+23 g / s
673 0.0 g / s
674 0.0 g / s
676 0.0 g / s
678 0.0 g / s
679 0.0 g / s
RadiusEqualZero
681 0.0 g / s
682 0.0 g / s
684 0.0 g / s
685 0.0 g / s
687 0.0 g / s
690 7.520048313917517e+22 g / s
695 0.0 g / s
RadiusEqualZero
699 0.0 g / s
702 0.0 g / s
703 0.0 g / s
704 0.0 g / s
705 0.0 g / s
706 0.0 g / s
707 0.0 g / s
709 0.0 g / s
710 0.0 g / s
712 0.0 g / s
713 0.0 g / s
714 0.0 g / s
715 0.0 g / s
717 0.0 g / s
718 0.0 g / s
719 0.0 g / s
720 0.0 g / s
721 0.0 g / s
723 0.0 g / s
724 0.0 g / s
725 0.0 g / s
726 0.0 g / s
727 0.0 g / s
729 0.0 g / s
730 0.0 g / s
731 0.0 g / s
733 0.0 g / s
734 0.0 g / s
735 0.0 g / s
736 0.0 g / s
738 5.127856273895368e+23 g / s
740 0.0 g / s
741 0.0 g / s
744 0.0 g / s
745 0.0 g / s
747 6.829433617122553e+22 g / s
749 0.0 g / s
750 0.0 g / s
752 0.0 g / s
754 0.0 g / s
755 6.223313845203068e+21 g / s
756 0.0 g / s
757 0.0 g / s
758 0.0 g / s
759 1.0262080469220336e+23 g / s
761 0.0 g / s
763 0.0 g / s
765 4.728804187403644e+23 g / s
766 0.0 g / s
767 0.0 g / s
768 0.0 g / s
769 0.0 g / s
770 0.0 g / s
772 0.0 g / s
773 0.0 g / s
774 0.0 g / s
775 0.0 g / s
RadiusEqualZero
781 0.0 g / s
782 0.0 g / s
784 0.0 g / s
785 0.0 g / s
786 0.0 g / s
787 0.0 g / s
788 0.0 g / s
791 0.0 g / s
795 0.0 g / s
796 0.0 g / s
797 0.0 g / s
799 0.0 g / s
800 0.0 g / s
801 0.0 g / s
803 0.0 g / s
804 0.0 g / s
805 0.0 g / s
806 0.0 g / s
808 0.0 g / s
809 0.0 g / s
810 0.0 g / s
812 0.0 g / s
815 0.0 g / s
816 0.0 g / s
817 0.0 g / s
818 0.0 g / s
IsSatellite
820 0.0 g / s
821 0.0 g / s
824 0.0 g / s
825 0.0 g / s
826 0.0 g / s
829 0.0 g / s
830 0.0 g / s
831 0.0 g / s
832 0.0 g / s
833 0.0 g / s
834 0.0 g / s
835 0.0 g / s
836 0.0 g / s
837 0.0 g / s
838 8.641308287840683e+22 g / s
839 0.0 g / s
840 0.0 g / s
841 0.0 g / s
843 0.0 g / s
845 0.0 g / s
RadiusEqualZero
849 0.0 g / s
850 0.0 g / s
RadiusEqualZero
852 0.0 g / s
853 0.0 g / s
854 0.0 g / s
856 0.0 g / s
857 1.7587394892576795e+23 g / s
858 0.0 g / s
859 0.0 g / s
860 0.0 g / s
862 0.0 g / s
864 0.0 g / s
865 0.0 g / s
866 8.197304641929405e+22 g / s
867 0.0 g / s
868 0.0 g / s
869 0.0 g / s
870 0.0 g / s
871 0.0 g / s
872 0.0 g / s
873 0.0 g / s
875 0.0 g / s
876 0.0 g / s
877 0.0 g / s
878 0.0 g / s
880 0.0 g / s
882 0.0 g / s
883 0.0 g / s
884 0.0 g / s
IsSatellite
886 0.0 g / s
887 0.0 g / s
888 0.0 g / s
889 0.0 g / s
890 0.0 g / s
893 0.0 g / s
894 0.0 g / s
896 0.0 g / s
898 0.0 g / s
899 0.0 g / s
902 0.0 g / s
903 0.0 g / s
904 0.0 g / s
905 0.0 g / s
908 0.0 g / s
909 0.0 g / s
910 0.0 g / s
911 0.0 g / s
912 0.0 g / s
913 0.0 g / s
915 0.0 g / s
916 0.0 g / s
917 0.0 g / s
918 0.0 g / s
919 0.0 g / s
920 0.0 g / s
921 0.0 g / s
923 0.0 g / s
924 0.0 g / s
926 0.0 g / s
927 0.0 g / s
RadiusEqualZero
930 0.0 g / s
932 0.0 g / s
934 4.0547836972668805e+22 g / s
937 0.0 g / s
938 0.0 g / s
939 0.0 g / s
940 0.0 g / s
941 0.0 g / s
942 0.0 g / s
943 0.0 g / s
947 0.0 g / s
949 6.353006746009633e+21 g / s
950 0.0 g / s
951 0.0 g / s
952 0.0 g / s
953 0.0 g / s
955 0.0 g / s
956 0.0 g / s
957 0.0 g / s
959 0.0 g / s
960 0.0 g / s
961 0.0 g / s
962 0.0 g / s
963 0.0 g / s
964 0.0 g / s
965 0.0 g / s
966 0.0 g / s
967 0.0 g / s
968 0.0 g / s
970 0.0 g / s
971 0.0 g / s
972 0.0 g / s
973 0.0 g / s
974 0.0 g / s
975 0.0 g / s
976 0.0 g / s
977 0.0 g / s
978 0.0 g / s
979 0.0 g / s
980 0.0 g / s
981 0.0 g / s
982 0.0 g / s
984 0.0 g / s
985 0.0 g / s
989 0.0 g / s
990 0.0 g / s
991 0.0 g / s
992 0.0 g / s
993 0.0 g / s
994 0.0 g / s
995 0.0 g / s
996 0.0 g / s
998 0.0 g / s
999 0.0 g / s
1001 0.0 g / s
1002 0.0 g / s
1003 0.0 g / s
1004 0.0 g / s
1005 0.0 g / s
IsSatellite
RadiusEqualZero
1010 0.0 g / s
1011 0.0 g / s
1012 0.0 g / s
1013 0.0 g / s
1014 0.0 g / s
1015 0.0 g / s
1017 0.0 g / s
1018 0.0 g / s
1019 0.0 g / s
1020 0.0 g / s
1021 0.0 g / s
1022 0.0 g / s
1023 0.0 g / s
1025 0.0 g / s
1027 0.0 g / s
1028 0.0 g / s
1029 0.0 g / s
1030 0.0 g / s
1034 0.0 g / s
1035 0.0 g / s
1036 0.0 g / s
1037 0.0 g / s
1038 0.0 g / s
1039 0.0 g / s
1040 0.0 g / s
1041 0.0 g / s
1042 0.0 g / s
1043 0.0 g / s
1044 0.0 g / s
1045 0.0 g / s
1046 0.0 g / s
1047 0.0 g / s
1048 0.0 g / s
1049 0.0 g / s
1051 0.0 g / s
1052 0.0 g / s
1053 0.0 g / s
1055 0.0 g / s
1056 0.0 g / s
1057 0.0 g / s
1058 0.0 g / s
1059 0.0 g / s
1060 0.0 g / s
1061 0.0 g / s
1063 0.0 g / s
1064 0.0 g / s
1065 0.0 g / s
1066 0.0 g / s
1067 0.0 g / s
1068 0.0 g / s
1069 0.0 g / s
1070 0.0 g / s
1071 0.0 g / s
1073 0.0 g / s
1074 0.0 g / s
1075 0.0 g / s
1076 0.0 g / s
1078 0.0 g / s
1079 0.0 g / s
1080 0.0 g / s
1081 0.0 g / s
1083 0.0 g / s
1084 0.0 g / s
1085 0.0 g / s
1087 0.0 g / s
1089 0.0 g / s
1091 0.0 g / s
1092 0.0 g / s
1094 0.0 g / s
1095 6.936624799639178e+21 g / s
1097 0.0 g / s
1098 0.0 g / s
1099 0.0 g / s
1101 0.0 g / s
1102 0.0 g / s
1103 0.0 g / s
1105 0.0 g / s
1106 0.0 g / s
1107 0.0 g / s
1108 0.0 g / s
1109 0.0 g / s
1112 0.0 g / s
1113 0.0 g / s
1114 0.0 g / s
1115 0.0 g / s
1116 0.0 g / s
1117 0.0 g / s
1118 0.0 g / s
1119 0.0 g / s
1121 0.0 g / s
1122 0.0 g / s
1123 0.0 g / s
1125 0.0 g / s
1126 0.0 g / s
RadiusEqualZero
1128 0.0 g / s
1129 0.0 g / s
1130 0.0 g / s
1131 5.417013080888646e+23 g / s
1132 0.0 g / s
1133 0.0 g / s
1134 0.0 g / s
1135 0.0 g / s
1136 0.0 g / s
1137 0.0 g / s
1138 0.0 g / s
IsSatellite
1141 0.0 g / s
1143 0.0 g / s
1144 0.0 g / s
1146 0.0 g / s
1147 0.0 g / s
1148 0.0 g / s
1149 0.0 g / s
1151 0.0 g / s
1152 0.0 g / s
1153 0.0 g / s
1154 0.0 g / s
1155 0.0 g / s
1156 0.0 g / s
1159 0.0 g / s
1160 0.0 g / s
1161 0.0 g / s
1164 0.0 g / s
1165 0.0 g / s
1166 0.0 g / s
1167 0.0 g / s
1168 6.644815772824406e+22 g / s
RadiusEqualZero
1170 0.0 g / s
1171 0.0 g / s
1172 0.0 g / s
1173 0.0 g / s
1174 0.0 g / s
1175 0.0 g / s
1176 0.0 g / s
1178 0.0 g / s
1179 0.0 g / s
1181 0.0 g / s
1183 0.0 g / s
1184 0.0 g / s
1185 0.0 g / s
1186 0.0 g / s
1187 0.0 g / s
1188 0.0 g / s
1189 0.0 g / s
1190 0.0 g / s
1191 0.0 g / s
1192 0.0 g / s
1194 0.0 g / s
1196 0.0 g / s
1197 0.0 g / s
1198 0.0 g / s
1199 0.0 g / s
1200 0.0 g / s
1201 0.0 g / s
1202 0.0 g / s
1203 0.0 g / s
1204 0.0 g / s
1206 0.0 g / s
1207 0.0 g / s
1209 0.0 g / s
1211 0.0 g / s
1212 0.0 g / s
IsSatellite
1214 0.0 g / s
1215 0.0 g / s
1216 0.0 g / s
1219 0.0 g / s
1220 0.0 g / s
1221 0.0 g / s
1222 0.0 g / s
1223 0.0 g / s
1224 0.0 g / s
1226 0.0 g / s
1227 0.0 g / s
1229 0.0 g / s
1230 0.0 g / s
1231 0.0 g / s
1232 0.0 g / s
1234 0.0 g / s
RadiusEqualZero
1236 0.0 g / s
1237 0.0 g / s
1238 0.0 g / s
1240 0.0 g / s
1241 0.0 g / s
1242 0.0 g / s
1243 0.0 g / s
1245 0.0 g / s
1246 0.0 g / s
1249 0.0 g / s
1251 0.0 g / s
1252 0.0 g / s
1254 0.0 g / s
1255 0.0 g / s
1256 0.0 g / s
1257 0.0 g / s
1258 0.0 g / s
1259 0.0 g / s
1261 0.0 g / s
1262 0.0 g / s
1263 0.0 g / s
1264 0.0 g / s
IsSatellite
1266 0.0 g / s
1267 0.0 g / s
RadiusEqualZero
1269 0.0 g / s
1270 0.0 g / s
1271 0.0 g / s
1272 0.0 g / s
1273 0.0 g / s
1274 0.0 g / s
1275 0.0 g / s
1276 0.0 g / s
1277 0.0 g / s
1278 0.0 g / s
1279 0.0 g / s
1281 0.0 g / s
1283 0.0 g / s
1284 0.0 g / s
1285 0.0 g / s
1286 0.0 g / s
1287 0.0 g / s
1288 0.0 g / s
1289 0.0 g / s
1290 0.0 g / s
RadiusEqualZero
1292 0.0 g / s
1294 0.0 g / s
1295 0.0 g / s
1297 0.0 g / s
1301 0.0 g / s
1303 3.86692353044857e+22 g / s
1305 0.0 g / s
1306 0.0 g / s
1307 0.0 g / s
1308 0.0 g / s
1310 0.0 g / s
1311 0.0 g / s
RadiusEqualZero
1313 0.0 g / s
1314 0.0 g / s
1315 0.0 g / s
1316 0.0 g / s
1317 0.0 g / s
1319 0.0 g / s
1320 0.0 g / s
1323 0.0 g / s
1324 0.0 g / s
1325 0.0 g / s
1326 0.0 g / s
1327 0.0 g / s
1328 0.0 g / s
1329 0.0 g / s
1330 0.0 g / s
1331 0.0 g / s
1332 0.0 g / s
1333 0.0 g / s
1334 0.0 g / s
1335 0.0 g / s
RadiusEqualZero
1339 0.0 g / s
1340 0.0 g / s
1342 0.0 g / s
RadiusEqualZero
1344 0.0 g / s
1346 0.0 g / s
1347 0.0 g / s
RadiusEqualZero
1349 0.0 g / s
1350 0.0 g / s
1352 0.0 g / s
IsSatellite
1355 0.0 g / s
1356 0.0 g / s
1358 0.0 g / s
1360 0.0 g / s
1361 0.0 g / s
1363 0.0 g / s
1364 0.0 g / s
1365 0.0 g / s
1366 0.0 g / s
RadiusEqualZero
1370 0.0 g / s
1371 0.0 g / s
1373 0.0 g / s
1374 0.0 g / s
RadiusEqualZero
1376 0.0 g / s
1377 0.0 g / s
1378 0.0 g / s
1379 0.0 g / s
RadiusEqualZero
1381 0.0 g / s
1383 0.0 g / s
1390 0.0 g / s
RadiusEqualZero
1392 0.0 g / s
1393 0.0 g / s
1395 0.0 g / s
1396 0.0 g / s
1397 0.0 g / s
1398 0.0 g / s
IsSatellite
1401 0.0 g / s
1402 0.0 g / s
1404 0.0 g / s
1407 0.0 g / s
1408 0.0 g / s
1414 0.0 g / s
1415 0.0 g / s
1416 0.0 g / s
1417 0.0 g / s
1419 0.0 g / s
1420 0.0 g / s
1421 0.0 g / s
1422 0.0 g / s
1424 0.0 g / s
1425 0.0 g / s
1426 0.0 g / s
1428 0.0 g / s
RadiusEqualZero
1430 0.0 g / s
1431 0.0 g / s
1432 0.0 g / s
1434 0.0 g / s
1435 0.0 g / s
1436 0.0 g / s
1437 0.0 g / s
1438 0.0 g / s
1439 0.0 g / s
1440 0.0 g / s
1441 0.0 g / s
1442 0.0 g / s
1443 0.0 g / s
1444 0.0 g / s
1445 0.0 g / s
1447 0.0 g / s
1448 0.0 g / s
1450 0.0 g / s
1451 0.0 g / s
RadiusEqualZero
1454 0.0 g / s
1456 0.0 g / s
1457 0.0 g / s
1458 0.0 g / s
1459 0.0 g / s
1460 0.0 g / s
RadiusEqualZero
RadiusEqualZero
1463 0.0 g / s
1464 0.0 g / s
1465 0.0 g / s
RadiusEqualZero
1467 0.0 g / s
1468 0.0 g / s
1470 0.0 g / s
1471 0.0 g / s
1473 0.0 g / s
1474 0.0 g / s
1475 0.0 g / s
RadiusEqualZero
1477 0.0 g / s
1478 0.0 g / s
1479 0.0 g / s
1480 0.0 g / s
1483 0.0 g / s
1484 0.0 g / s
1486 0.0 g / s
1488 0.0 g / s
1489 0.0 g / s
1493 0.0 g / s
1494 1.8216016382786217e+22 g / s
1495 0.0 g / s
1496 0.0 g / s
1498 0.0 g / s
1499 0.0 g / s
1501 0.0 g / s
1502 0.0 g / s
1503 0.0 g / s
RadiusEqualZero
RadiusEqualZero
1506 0.0 g / s
1507 0.0 g / s
1508 0.0 g / s
1510 0.0 g / s
IsSatellite
1512 0.0 g / s
1514 0.0 g / s
1515 0.0 g / s
1517 0.0 g / s
1518 0.0 g / s
RadiusEqualZero
RadiusEqualZero
1523 0.0 g / s
1524 0.0 g / s
1525 0.0 g / s
1526 0.0 g / s
1527 0.0 g / s
1528 0.0 g / s
RadiusEqualZero
1531 0.0 g / s
1532 0.0 g / s
RadiusEqualZero
1534 0.0 g / s
1536 0.0 g / s
RadiusEqualZero
1538 0.0 g / s
1539 0.0 g / s
1540 0.0 g / s
1541 0.0 g / s
1543 0.0 g / s
1544 0.0 g / s
1546 0.0 g / s
1547 0.0 g / s
1548 0.0 g / s
RadiusEqualZero
1551 0.0 g / s
1552 0.0 g / s
1553 0.0 g / s
1554 0.0 g / s
1555 0.0 g / s
1556 0.0 g / s
1557 0.0 g / s
1558 0.0 g / s
RadiusEqualZero
1560 0.0 g / s
1561 0.0 g / s
1562 0.0 g / s
1564 0.0 g / s
1565 0.0 g / s
1567 0.0 g / s
1568 0.0 g / s
RadiusEqualZero
1570 0.0 g / s
RadiusEqualZero
1572 0.0 g / s
1573 0.0 g / s
1574 0.0 g / s
1575 0.0 g / s
1577 0.0 g / s
1581 0.0 g / s
1582 0.0 g / s
1583 0.0 g / s
1585 0.0 g / s
1586 0.0 g / s
1587 0.0 g / s
1588 0.0 g / s
1589 0.0 g / s
1590 0.0 g / s
1592 0.0 g / s
1593 0.0 g / s
1595 0.0 g / s
1596 0.0 g / s
1597 0.0 g / s
1598 0.0 g / s
RadiusEqualZero
1601 0.0 g / s
1602 0.0 g / s
1604 0.0 g / s
1606 0.0 g / s
1607 0.0 g / s
1609 0.0 g / s
1611 0.0 g / s
RadiusEqualZero
1614 0.0 g / s
1615 0.0 g / s
RadiusEqualZero
1617 0.0 g / s
1618 0.0 g / s
1619 0.0 g / s
1620 0.0 g / s
RadiusEqualZero
RadiusEqualZero
1624 0.0 g / s
1626 0.0 g / s
1627 0.0 g / s
1628 0.0 g / s
RadiusEqualZero
1630 0.0 g / s
1632 0.0 g / s
RadiusEqualZero
1634 0.0 g / s
1635 0.0 g / s
1636 0.0 g / s
1639 0.0 g / s
RadiusEqualZero
1642 0.0 g / s
RadiusEqualZero
1644 0.0 g / s
1645 0.0 g / s
1646 0.0 g / s
1647 0.0 g / s
1648 0.0 g / s
1649 0.0 g / s
1650 0.0 g / s
RadiusEqualZero
1652 0.0 g / s
1653 0.0 g / s
1655 0.0 g / s
1656 0.0 g / s
1657 0.0 g / s
1658 0.0 g / s
RadiusEqualZero
1661 0.0 g / s
1663 0.0 g / s
RadiusEqualZero
1667 0.0 g / s
1668 0.0 g / s
1669 0.0 g / s
1670 0.0 g / s
RadiusEqualZero
RadiusEqualZero
1674 0.0 g / s
RadiusEqualZero
RadiusEqualZero
RadiusEqualZero
RadiusEqualZero
1680 0.0 g / s
RadiusEqualZero
1682 0.0 g / s
1683 0.0 g / s
1684 0.0 g / s
1685 0.0 g / s
1686 0.0 g / s
1687 0.0 g / s
1688 0.0 g / s
1689 0.0 g / s
1690 0.0 g / s
1691 0.0 g / s
RadiusEqualZero
1693 0.0 g / s
1694 0.0 g / s
1696 0.0 g / s
1697 0.0 g / s
1698 0.0 g / s
RadiusEqualZero
RadiusEqualZero
RadiusEqualZero
1702 0.0 g / s
1703 0.0 g / s
1704 0.0 g / s
1705 0.0 g / s
RadiusEqualZero
1707 0.0 g / s
1708 0.0 g / s
RadiusEqualZero
1710 0.0 g / s
1711 0.0 g / s
1712 0.0 g / s
1713 0.0 g / s
1714 0.0 g / s
RadiusEqualZero
1716 0.0 g / s
1717 0.0 g / s
RadiusEqualZero
RadiusEqualZero
RadiusEqualZero
1721 0.0 g / s
1723 0.0 g / s
1724 0.0 g / s
1725 0.0 g / s
1726 0.0 g / s
RadiusEqualZero
1728 0.0 g / s
1729 0.0 g / s
1730 0.0 g / s
1731 0.0 g / s
RadiusEqualZero
1733 0.0 g / s
RadiusEqualZero
RadiusEqualZero
1737 0.0 g / s
1738 0.0 g / s
RadiusEqualZero
1741 0.0 g / s
1742 0.0 g / s
1743 0.0 g / s
1744 0.0 g / s
1746 0.0 g / s
1747 0.0 g / s
1748 0.0 g / s
1749 0.0 g / s
1750 0.0 g / s
RadiusEqualZero
RadiusEqualZero
1753 0.0 g / s
1754 0.0 g / s
1757 0.0 g / s
1758 0.0 g / s
RadiusEqualZero
1760 0.0 g / s
RadiusEqualZero
RadiusEqualZero
RadiusEqualZero
RadiusEqualZero
RadiusEqualZero
1767 0.0 g / s
RadiusEqualZero
1769 0.0 g / s
1770 0.0 g / s
1772 0.0 g / s
1774 0.0 g / s
1775 0.0 g / s
1777 0.0 g / s
1778 0.0 g / s
1780 0.0 g / s
1781 0.0 g / s
1782 0.0 g / s
1784 0.0 g / s
RadiusEqualZero
RadiusEqualZero
1787 0.0 g / s
1788 0.0 g / s
1789 0.0 g / s
RadiusEqualZero
RadiusEqualZero
1792 0.0 g / s
1793 0.0 g / s
1794 0.0 g / s
RadiusEqualZero
1796 0.0 g / s
1797 0.0 g / s
1798 0.0 g / s
RadiusEqualZero
1801 0.0 g / s
1802 0.0 g / s
1804 0.0 g / s
RadiusEqualZero
1806 0.0 g / s
RadiusEqualZero
RadiusEqualZero
RadiusEqualZero
1811 0.0 g / s
1812 0.0 g / s
1813 0.0 g / s
RadiusEqualZero
RadiusEqualZero
1816 0.0 g / s
1817 0.0 g / s
1818 0.0 g / s
1819 0.0 g / s
1821 0.0 g / s
1822 0.0 g / s
1823 0.0 g / s
1824 0.0 g / s
1825 0.0 g / s
1826 0.0 g / s
1827 0.0 g / s
RadiusEqualZero
RadiusEqualZero
1830 0.0 g / s
1831 0.0 g / s
RadiusEqualZero
RadiusEqualZero
1834 0.0 g / s
RadiusEqualZero
RadiusEqualZero
1838 0.0 g / s
RadiusEqualZero
1842 0.0 g / s
IsSatellite
RadiusEqualZero
1848 0.0 g / s
RadiusEqualZero
RadiusEqualZero
1853 0.0 g / s
RadiusEqualZero
RadiusEqualZero
RadiusEqualZero
1858 0.0 g / s
1861 0.0 g / s
RadiusEqualZero
1863 0.0 g / s
1864 0.0 g / s
1865 0.0 g / s
RadiusEqualZero
RadiusEqualZero
1869 0.0 g / s
RadiusEqualZero
RadiusEqualZero
1873 0.0 g / s
RadiusEqualZero
RadiusEqualZero
RadiusEqualZero
RadiusEqualZero
1879 0.0 g / s
1880 0.0 g / s
1882 0.0 g / s
1883 0.0 g / s
1884 0.0 g / s
1886 0.0 g / s
1887 0.0 g / s
1888 0.0 g / s
1889 0.0 g / s
1891 0.0 g / s
1892 0.0 g / s
1893 0.0 g / s
1894 0.0 g / s
1895 0.0 g / s
1896 0.0 g / s
RadiusEqualZero
RadiusEqualZero
1899 0.0 g / s
1900 0.0 g / s
1901 0.0 g / s
1902 0.0 g / s
RadiusEqualZero
1904 0.0 g / s
1905 0.0 g / s
1906 0.0 g / s
1907 0.0 g / s
1908 0.0 g / s
RadiusEqualZero
RadiusEqualZero
RadiusEqualZero
1912 0.0 g / s
RadiusEqualZero
1914 0.0 g / s
RadiusEqualZero
RadiusEqualZero
RadiusEqualZero
1918 0.0 g / s
1919 0.0 g / s
1920 0.0 g / s
RadiusEqualZero
1922 0.0 g / s
1923 0.0 g / s
RadiusEqualZero
1925 0.0 g / s
RadiusEqualZero
RadiusEqualZero
RadiusEqualZero
RadiusEqualZero
RadiusEqualZero
1931 0.0 g / s
RadiusEqualZero
RadiusEqualZero
1934 0.0 g / s
RadiusEqualZero
RadiusEqualZero
RadiusEqualZero
RadiusEqualZero
RadiusEqualZero
1943 0.0 g / s
RadiusEqualZero
1945 0.0 g / s
1946 0.0 g / s
1948 0.0 g / s
1949 0.0 g / s
RadiusEqualZero
RadiusEqualZero
RadiusEqualZero
RadiusEqualZero
RadiusEqualZero
RadiusEqualZero
RadiusEqualZero
1957 0.0 g / s
1958 0.0 g / s
1959 0.0 g / s
RadiusEqualZero
1961 0.0 g / s
1962 0.0 g / s
RadiusEqualZero
RadiusEqualZero
RadiusEqualZero
RadiusEqualZero
1967 0.0 g / s
1968 0.0 g / s
RadiusEqualZero
1970 0.0 g / s
RadiusEqualZero
RadiusEqualZero
RadiusEqualZero
RadiusEqualZero
1977 0.0 g / s
RadiusEqualZero
1979 0.0 g / s
1980 0.0 g / s
RadiusEqualZero
1982 0.0 g / s
RadiusEqualZero
1985 0.0 g / s
RadiusEqualZero
1988 0.0 g / s
RadiusEqualZero
RadiusEqualZero
1991 0.0 g / s
RadiusEqualZero
RadiusEqualZero
1994 0.0 g / s
1995 0.0 g / s
1996 0.0 g / s
2000 0.0 g / s
RadiusEqualZero
2002 0.0 g / s
2003 0.0 g / s
RadiusEqualZero
RadiusEqualZero
2007 0.0 g / s
2008 0.0 g / s
2010 0.0 g / s
RadiusEqualZero
RadiusEqualZero
RadiusEqualZero
RadiusEqualZero
RadiusEqualZero
RadiusEqualZero
RadiusEqualZero
2019 0.0 g / s
RadiusEqualZero
2021 0.0 g / s
RadiusEqualZero
2023 0.0 g / s
2024 0.0 g / s
RadiusEqualZero
RadiusEqualZero
RadiusEqualZero
RadiusEqualZero
RadiusEqualZero
2030 0.0 g / s
2031 0.0 g / s
RadiusEqualZero
2034 0.0 g / s
RadiusEqualZero
RadiusEqualZero
RadiusEqualZero
2038 0.0 g / s
2039 0.0 g / s
2040 0.0 g / s
RadiusEqualZero
RadiusEqualZero
2043 0.0 g / s
RadiusEqualZero
2045 0.0 g / s
IsSatellite
RadiusEqualZero
2049 0.0 g / s
RadiusEqualZero
2052 0.0 g / s
2053 0.0 g / s
2055 0.0 g / s
RadiusEqualZero
2057 0.0 g / s
2058 0.0 g / s
RadiusEqualZero
RadiusEqualZero
RadiusEqualZero
RadiusEqualZero
2064 0.0 g / s
2065 0.0 g / s
RadiusEqualZero
RadiusEqualZero
RadiusEqualZero
2070 0.0 g / s
RadiusEqualZero
RadiusEqualZero
RadiusEqualZero
RadiusEqualZero
2076 0.0 g / s
RadiusEqualZero
2078 0.0 g / s
RadiusEqualZero
2080 0.0 g / s
2081 0.0 g / s
RadiusEqualZero
2083 0.0 g / s
RadiusEqualZero
RadiusEqualZero
2086 0.0 g / s
2087 0.0 g / s
RadiusEqualZero
2089 0.0 g / s
RadiusEqualZero
RadiusEqualZero
2092 0.0 g / s
RadiusEqualZero
2096 0.0 g / s
2097 0.0 g / s
2098 0.0 g / s
2099 0.0 g / s
2100 0.0 g / s
RadiusEqualZero
RadiusEqualZero
IsSatellite
2105 0.0 g / s
2106 0.0 g / s
RadiusEqualZero
RadiusEqualZero
RadiusEqualZero
2112 0.0 g / s
RadiusEqualZero
RadiusEqualZero
2115 0.0 g / s
RadiusEqualZero
RadiusEqualZero
RadiusEqualZero
RadiusEqualZero
RadiusEqualZero
2122 0.0 g / s
2123 0.0 g / s
RadiusEqualZero
2125 0.0 g / s
2126 0.0 g / s
RadiusEqualZero
2129 0.0 g / s
2130 0.0 g / s
2133 0.0 g / s
2135 0.0 g / s
RadiusEqualZero
RadiusEqualZero
2139 0.0 g / s
RadiusEqualZero
RadiusEqualZero
RadiusEqualZero
RadiusEqualZero
RadiusEqualZero
RadiusEqualZero
RadiusEqualZero
2149 0.0 g / s
RadiusEqualZero
RadiusEqualZero
2153 0.0 g / s
RadiusEqualZero
RadiusEqualZero
RadiusEqualZero
2157 0.0 g / s
RadiusEqualZero
2159 0.0 g / s
2160 0.0 g / s
2161 0.0 g / s
RadiusEqualZero
RadiusEqualZero
RadiusEqualZero
RadiusEqualZero
2168 0.0 g / s
RadiusEqualZero
2171 0.0 g / s
RadiusEqualZero
RadiusEqualZero
2174 0.0 g / s
RadiusEqualZero
2176 0.0 g / s
2177 0.0 g / s
RadiusEqualZero
RadiusEqualZero
RadiusEqualZero
RadiusEqualZero
RadiusEqualZero
RadiusEqualZero
2187 0.0 g / s
RadiusEqualZero
RadiusEqualZero
2191 0.0 g / s
RadiusEqualZero
RadiusEqualZero
RadiusEqualZero
RadiusEqualZero
2196 0.0 g / s
RadiusEqualZero
RadiusEqualZero
RadiusEqualZero
RadiusEqualZero
RadiusEqualZero
RadiusEqualZero
RadiusEqualZero
2204 0.0 g / s
RadiusEqualZero
2207 0.0 g / s
RadiusEqualZero
RadiusEqualZero
RadiusEqualZero
RadiusEqualZero
RadiusEqualZero
2214 0.0 g / s
2215 0.0 g / s
RadiusEqualZero
RadiusEqualZero
RadiusEqualZero
2219 0.0 g / s
RadiusEqualZero
RadiusEqualZero
2222 0.0 g / s
RadiusEqualZero
2224 0.0 g / s
RadiusEqualZero
RadiusEqualZero
RadiusEqualZero
RadiusEqualZero
RadiusEqualZero
RadiusEqualZero
2232 0.0 g / s
RadiusEqualZero
RadiusEqualZero
RadiusEqualZero
2237 0.0 g / s
RadiusEqualZero
RadiusEqualZero
2244 0.0 g / s
2245 0.0 g / s
2246 0.0 g / s
RadiusEqualZero
2248 0.0 g / s
2249 0.0 g / s
2250 0.0 g / s
2251 0.0 g / s
RadiusEqualZero
RadiusEqualZero
2254 0.0 g / s
RadiusEqualZero
RadiusEqualZero
2257 0.0 g / s
2259 0.0 g / s
RadiusEqualZero
RadiusEqualZero
RadiusEqualZero
RadiusEqualZero
RadiusEqualZero
2266 0.0 g / s
RadiusEqualZero
RadiusEqualZero
RadiusEqualZero
RadiusEqualZero
RadiusEqualZero
RadiusEqualZero
2273 0.0 g / s
2275 0.0 g / s
2276 0.0 g / s
RadiusEqualZero
RadiusEqualZero
RadiusEqualZero
RadiusEqualZero
RadiusEqualZero
IsSatellite
RadiusEqualZero
2285 0.0 g / s
2286 0.0 g / s
RadiusEqualZero
2288 0.0 g / s
RadiusEqualZero
2291 0.0 g / s
2293 0.0 g / s
RadiusEqualZero
2296 0.0 g / s
RadiusEqualZero
2299 0.0 g / s
RadiusEqualZero
2301 0.0 g / s
RadiusEqualZero
RadiusEqualZero
2305 0.0 g / s
RadiusEqualZero
RadiusEqualZero
RadiusEqualZero
RadiusEqualZero
2310 0.0 g / s
2311 0.0 g / s
RadiusEqualZero
2313 0.0 g / s
RadiusEqualZero
RadiusEqualZero
RadiusEqualZero
2317 0.0 g / s
2320 0.0 g / s
RadiusEqualZero
RadiusEqualZero
RadiusEqualZero
2324 0.0 g / s
RadiusEqualZero
RadiusEqualZero
RadiusEqualZero
RadiusEqualZero
RadiusEqualZero
RadiusEqualZero
RadiusEqualZero
RadiusEqualZero
2335 0.0 g / s
RadiusEqualZero
RadiusEqualZero
RadiusEqualZero
RadiusEqualZero
RadiusEqualZero
RadiusEqualZero
RadiusEqualZero
RadiusEqualZero
RadiusEqualZero
2350 0.0 g / s
RadiusEqualZero
RadiusEqualZero
2353 0.0 g / s
RadiusEqualZero
RadiusEqualZero
RadiusEqualZero
RadiusEqualZero
RadiusEqualZero
RadiusEqualZero
RadiusEqualZero
RadiusEqualZero
RadiusEqualZero
RadiusEqualZero
2365 0.0 g / s
2366 0.0 g / s
2367 0.0 g / s
RadiusEqualZero
RadiusEqualZero
RadiusEqualZero
RadiusEqualZero
RadiusEqualZero
RadiusEqualZero
RadiusEqualZero
IsSatellite
RadiusEqualZero
RadiusEqualZero
RadiusEqualZero
RadiusEqualZero
RadiusEqualZero
RadiusEqualZero
RadiusEqualZero
RadiusEqualZero
RadiusEqualZero
RadiusEqualZero
RadiusEqualZero
RadiusEqualZero
RadiusEqualZero
RadiusEqualZero
2396 0.0 g / s
RadiusEqualZero
RadiusEqualZero
RadiusEqualZero
RadiusEqualZero
RadiusEqualZero
RadiusEqualZero
RadiusEqualZero
RadiusEqualZero
2408 0.0 g / s
RadiusEqualZero
RadiusEqualZero
RadiusEqualZero
RadiusEqualZero
RadiusEqualZero
RadiusEqualZero
RadiusEqualZero
RadiusEqualZero
RadiusEqualZero
RadiusEqualZero
2421 0.0 g / s
RadiusEqualZero
RadiusEqualZero
RadiusEqualZero
RadiusEqualZero
RadiusEqualZero
RadiusEqualZero
RadiusEqualZero
RadiusEqualZero
RadiusEqualZero
RadiusEqualZero
RadiusEqualZero
RadiusEqualZero
RadiusEqualZero
2435 0.0 g / s
RadiusEqualZero
2437 0.0 g / s
RadiusEqualZero
RadiusEqualZero
2441 0.0 g / s
2442 0.0 g / s
RadiusEqualZero
RadiusEqualZero
RadiusEqualZero
RadiusEqualZero
RadiusEqualZero
RadiusEqualZero
RadiusEqualZero
RadiusEqualZero
RadiusEqualZero
RadiusEqualZero
RadiusEqualZero
RadiusEqualZero
RadiusEqualZero
RadiusEqualZero
RadiusEqualZero
RadiusEqualZero
RadiusEqualZero
2462 0.0 g / s
RadiusEqualZero
2464 0.0 g / s
RadiusEqualZero
RadiusEqualZero
RadiusEqualZero
RadiusEqualZero
RadiusEqualZero
RadiusEqualZero
RadiusEqualZero
2475 0.0 g / s
RadiusEqualZero
RadiusEqualZero
RadiusEqualZero
2479 0.0 g / s
2480 0.0 g / s
RadiusEqualZero
RadiusEqualZero
2484 0.0 g / s
RadiusEqualZero
RadiusEqualZero
RadiusEqualZero
RadiusEqualZero
RadiusEqualZero
2494 0.0 g / s
RadiusEqualZero
RadiusEqualZero
RadiusEqualZero
RadiusEqualZero
RadiusEqualZero
RadiusEqualZero
RadiusEqualZero
RadiusEqualZero
2504 0.0 g / s
RadiusEqualZero
RadiusEqualZero
RadiusEqualZero
RadiusEqualZero
RadiusEqualZero
RadiusEqualZero
RadiusEqualZero
RadiusEqualZero
RadiusEqualZero
RadiusEqualZero
RadiusEqualZero
RadiusEqualZero
RadiusEqualZero
RadiusEqualZero
2523 0.0 g / s
2524 0.0 g / s
RadiusEqualZero
RadiusEqualZero
RadiusEqualZero
RadiusEqualZero
RadiusEqualZero
RadiusEqualZero
RadiusEqualZero
2536 0.0 g / s
RadiusEqualZero
RadiusEqualZero
RadiusEqualZero
RadiusEqualZero
RadiusEqualZero
RadiusEqualZero
RadiusEqualZero
RadiusEqualZero
RadiusEqualZero
RadiusEqualZero
RadiusEqualZero
RadiusEqualZero
RadiusEqualZero
RadiusEqualZero
RadiusEqualZero
RadiusEqualZero
RadiusEqualZero
RadiusEqualZero
2558 0.0 g / s
RadiusEqualZero
RadiusEqualZero
RadiusEqualZero
RadiusEqualZero
RadiusEqualZero
RadiusEqualZero
RadiusEqualZero
RadiusEqualZero
RadiusEqualZero
2569 0.0 g / s
RadiusEqualZero
RadiusEqualZero
RadiusEqualZero
RadiusEqualZero
RadiusEqualZero
RadiusEqualZero
2578 0.0 g / s
2579 0.0 g / s
RadiusEqualZero
RadiusEqualZero
IsSatellite
RadiusEqualZero
RadiusEqualZero
RadiusEqualZero
RadiusEqualZero
RadiusEqualZero
IsSatellite
RadiusEqualZero
RadiusEqualZero
IsSatellite
RadiusEqualZero
RadiusEqualZero
RadiusEqualZero
RadiusEqualZero
RadiusEqualZero
RadiusEqualZero
RadiusEqualZero
RadiusEqualZero
RadiusEqualZero
RadiusEqualZero
RadiusEqualZero
RadiusEqualZero
RadiusEqualZero
RadiusEqualZero
RadiusEqualZero
RadiusEqualZero
RadiusEqualZero
RadiusEqualZero
RadiusEqualZero
RadiusEqualZero
RadiusEqualZero
RadiusEqualZero
RadiusEqualZero
RadiusEqualZero
RadiusEqualZero
RadiusEqualZero
RadiusEqualZero
RadiusEqualZero
2632 0.0 g / s
RadiusEqualZero
RadiusEqualZero
RadiusEqualZero
IsSatellite
RadiusEqualZero
RadiusEqualZero
RadiusEqualZero
RadiusEqualZero
RadiusEqualZero
2644 0.0 g / s
RadiusEqualZero
RadiusEqualZero
RadiusEqualZero
RadiusEqualZero
RadiusEqualZero
RadiusEqualZero
RadiusEqualZero
RadiusEqualZero
RadiusEqualZero
RadiusEqualZero
RadiusEqualZero
RadiusEqualZero
RadiusEqualZero
RadiusEqualZero
RadiusEqualZero
RadiusEqualZero
RadiusEqualZero
RadiusEqualZero
RadiusEqualZero
RadiusEqualZero
2670 0.0 g / s
RadiusEqualZero
RadiusEqualZero
RadiusEqualZero
RadiusEqualZero
RadiusEqualZero
RadiusEqualZero
RadiusEqualZero
RadiusEqualZero
RadiusEqualZero
RadiusEqualZero
RadiusEqualZero
IsSatellite
RadiusEqualZero
2686 0.0 g / s
RadiusEqualZero
2688 0.0 g / s
RadiusEqualZero
RadiusEqualZero
RadiusEqualZero
RadiusEqualZero
RadiusEqualZero
2695 0.0 g / s
RadiusEqualZero
RadiusEqualZero
RadiusEqualZero
RadiusEqualZero
RadiusEqualZero
2704 0.0 g / s
RadiusEqualZero
RadiusEqualZero
RadiusEqualZero
RadiusEqualZero
RadiusEqualZero
RadiusEqualZero
RadiusEqualZero
RadiusEqualZero
2717 0.0 g / s
2718 0.0 g / s
RadiusEqualZero
RadiusEqualZero
RadiusEqualZero
RadiusEqualZero
2723 0.0 g / s
RadiusEqualZero
RadiusEqualZero
RadiusEqualZero
RadiusEqualZero
RadiusEqualZero
RadiusEqualZero
2732 0.0 g / s
RadiusEqualZero
RadiusEqualZero
RadiusEqualZero
RadiusEqualZero
RadiusEqualZero
RadiusEqualZero
RadiusEqualZero
RadiusEqualZero
RadiusEqualZero
RadiusEqualZero
RadiusEqualZero
RadiusEqualZero
RadiusEqualZero
RadiusEqualZero
2751 0.0 g / s
RadiusEqualZero
RadiusEqualZero
RadiusEqualZero
RadiusEqualZero
RadiusEqualZero
RadiusEqualZero
RadiusEqualZero
RadiusEqualZero
RadiusEqualZero
RadiusEqualZero
RadiusEqualZero
RadiusEqualZero
RadiusEqualZero
RadiusEqualZero
RadiusEqualZero
RadiusEqualZero
2769 0.0 g / s
RadiusEqualZero
RadiusEqualZero
RadiusEqualZero
RadiusEqualZero
RadiusEqualZero
2778 0.0 g / s
RadiusEqualZero
RadiusEqualZero
RadiusEqualZero
RadiusEqualZero
RadiusEqualZero
RadiusEqualZero
RadiusEqualZero
RadiusEqualZero
RadiusEqualZero
RadiusEqualZero
RadiusEqualZero
RadiusEqualZero
RadiusEqualZero
RadiusEqualZero
RadiusEqualZero
2800 0.0 g / s
RadiusEqualZero
RadiusEqualZero
RadiusEqualZero
RadiusEqualZero
2805 0.0 g / s
RadiusEqualZero
RadiusEqualZero
RadiusEqualZero
RadiusEqualZero
2811 0.0 g / s
RadiusEqualZero
RadiusEqualZero
RadiusEqualZero
2815 0.0 g / s
RadiusEqualZero
RadiusEqualZero
RadiusEqualZero
RadiusEqualZero
RadiusEqualZero
RadiusEqualZero
RadiusEqualZero
RadiusEqualZero
RadiusEqualZero
RadiusEqualZero
RadiusEqualZero
RadiusEqualZero
RadiusEqualZero
RadiusEqualZero
RadiusEqualZero
2835 0.0 g / s
RadiusEqualZero
RadiusEqualZero
2838 0.0 g / s
RadiusEqualZero
RadiusEqualZero
RadiusEqualZero
RadiusEqualZero
RadiusEqualZero
RadiusEqualZero
RadiusEqualZero
RadiusEqualZero
RadiusEqualZero
RadiusEqualZero
RadiusEqualZero
RadiusEqualZero
RadiusEqualZero
RadiusEqualZero
RadiusEqualZero
RadiusEqualZero
RadiusEqualZero
RadiusEqualZero
RadiusEqualZero
RadiusEqualZero
RadiusEqualZero
RadiusEqualZero
RadiusEqualZero
RadiusEqualZero
RadiusEqualZero
RadiusEqualZero
RadiusEqualZero
RadiusEqualZero
2872 0.0 g / s
RadiusEqualZero
2874 0.0 g / s
RadiusEqualZero
RadiusEqualZero
RadiusEqualZero
RadiusEqualZero
RadiusEqualZero
RadiusEqualZero
RadiusEqualZero
RadiusEqualZero
RadiusEqualZero
RadiusEqualZero
RadiusEqualZero
RadiusEqualZero
RadiusEqualZero
RadiusEqualZero
RadiusEqualZero
RadiusEqualZero
RadiusEqualZero
RadiusEqualZero
RadiusEqualZero
RadiusEqualZero
RadiusEqualZero
RadiusEqualZero
RadiusEqualZero
RadiusEqualZero
RadiusEqualZero
RadiusEqualZero
RadiusEqualZero
RadiusEqualZero
RadiusEqualZero
RadiusEqualZero
RadiusEqualZero
RadiusEqualZero
RadiusEqualZero
RadiusEqualZero
RadiusEqualZero
RadiusEqualZero
2916 0.0 g / s
RadiusEqualZero
RadiusEqualZero
RadiusEqualZero
RadiusEqualZero
RadiusEqualZero
RadiusEqualZero
RadiusEqualZero
RadiusEqualZero
RadiusEqualZero
RadiusEqualZero
RadiusEqualZero
RadiusEqualZero
RadiusEqualZero
RadiusEqualZero
RadiusEqualZero
RadiusEqualZero
RadiusEqualZero
RadiusEqualZero
RadiusEqualZero
RadiusEqualZero
RadiusEqualZero
RadiusEqualZero
RadiusEqualZero
RadiusEqualZero
RadiusEqualZero
RadiusEqualZero
RadiusEqualZero
RadiusEqualZero
RadiusEqualZero
RadiusEqualZero
RadiusEqualZero
RadiusEqualZero
RadiusEqualZero
RadiusEqualZero
RadiusEqualZero
RadiusEqualZero
RadiusEqualZero
RadiusEqualZero
RadiusEqualZero
RadiusEqualZero
RadiusEqualZero
RadiusEqualZero
RadiusEqualZero
RadiusEqualZero
RadiusEqualZero
RadiusEqualZero
RadiusEqualZero
2972 0.0 g / s
RadiusEqualZero
RadiusEqualZero
RadiusEqualZero
RadiusEqualZero
RadiusEqualZero
RadiusEqualZero
RadiusEqualZero
RadiusEqualZero
RadiusEqualZero
RadiusEqualZero
RadiusEqualZero
RadiusEqualZero
RadiusEqualZero
RadiusEqualZero
RadiusEqualZero
RadiusEqualZero
RadiusEqualZero
RadiusEqualZero
RadiusEqualZero
RadiusEqualZero
RadiusEqualZero
RadiusEqualZero
RadiusEqualZero
RadiusEqualZero
RadiusEqualZero
RadiusEqualZero
2999 0.0 g / s
123AllDone123
