yt : [INFO     ] 2017-08-01 14:20:47,270 Parameters: current_time              = 2.442094332e+16
yt : [INFO     ] 2017-08-01 14:20:47,271 Parameters: domain_dimensions         = [2 2 2]
yt : [INFO     ] 2017-08-01 14:20:47,271 Parameters: domain_left_edge          = [ 0.  0.  0.]
yt : [INFO     ] 2017-08-01 14:20:47,272 Parameters: domain_right_edge         = [  1.66901647e+25   1.66901647e+25   1.66901647e+25]
yt : [INFO     ] 2017-08-01 14:20:47,272 Parameters: cosmological_simulation   = 1
yt : [INFO     ] 2017-08-01 14:20:47,272 Parameters: current_redshift          = 6.99999981444
yt : [INFO     ] 2017-08-01 14:20:47,272 Parameters: omega_lambda              = 0.712
yt : [INFO     ] 2017-08-01 14:20:47,272 Parameters: omega_matter              = 0.288
yt : [INFO     ] 2017-08-01 14:20:47,272 Parameters: hubble_constant           = 0.6933
yt : [INFO     ] 2017-08-01 14:20:47,382 Parameters: current_time              = 102.74801136229
yt : [INFO     ] 2017-08-01 14:20:47,382 Parameters: domain_dimensions         = [128 128 128]
yt : [INFO     ] 2017-08-01 14:20:47,383 Parameters: domain_left_edge          = [ 0.  0.  0.]
yt : [INFO     ] 2017-08-01 14:20:47,383 Parameters: domain_right_edge         = [ 1.  1.  1.]
yt : [INFO     ] 2017-08-01 14:20:47,384 Parameters: cosmological_simulation   = 1
yt : [INFO     ] 2017-08-01 14:20:47,384 Parameters: current_redshift          = 6.9999998144358
yt : [INFO     ] 2017-08-01 14:20:47,384 Parameters: omega_lambda              = 0.712
yt : [INFO     ] 2017-08-01 14:20:47,384 Parameters: omega_matter              = 0.288
yt : [INFO     ] 2017-08-01 14:20:47,384 Parameters: hubble_constant           = 0.6933
yt : [INFO     ] 2017-08-01 14:20:47,387 Allocating for 4.968e+03 particles (index particle type 'all')
yt : [INFO     ] 2017-08-01 14:20:47,392 Identified 1.809e+03 octs
TimeNow:  0.7736676705124972 Gyr
IsSatellite
IsSatellite
IsSatellite
Parsing Hierarchy :   0%|          | 0/35395 [00:00<?, ?it/s]Parsing Hierarchy :   4%|▍         | 1557/35395 [00:00<00:02, 15564.56it/s]Parsing Hierarchy :  11%|█         | 3769/35395 [00:00<00:01, 17529.95it/s]Parsing Hierarchy :  13%|█▎        | 4760/35395 [00:00<00:02, 15140.95it/s]Parsing Hierarchy :  20%|█▉        | 6919/35395 [00:00<00:01, 17075.39it/s]Parsing Hierarchy :  26%|██▌       | 9088/35395 [00:00<00:01, 18457.84it/s]Parsing Hierarchy :  32%|███▏      | 11251/35395 [00:00<00:01, 19408.29it/s]Parsing Hierarchy :  38%|███▊      | 13411/35395 [00:00<00:01, 20064.54it/s]Parsing Hierarchy :  43%|████▎     | 15290/35395 [00:00<00:01, 17570.96it/s]Parsing Hierarchy :  49%|████▉     | 17448/35395 [00:00<00:00, 18773.58it/s]Parsing Hierarchy :  55%|█████▌    | 19548/35395 [00:01<00:00, 19439.37it/s]Parsing Hierarchy :  61%|██████▏   | 21733/35395 [00:01<00:00, 20161.31it/s]Parsing Hierarchy :  68%|██████▊   | 23918/35395 [00:01<00:00, 20665.74it/s]Parsing Hierarchy :  73%|███████▎  | 25964/35395 [00:01<00:00, 17853.75it/s]Parsing Hierarchy :  79%|███████▉  | 28125/35395 [00:01<00:00, 18980.03it/s]Parsing Hierarchy :  86%|████████▌ | 30311/35395 [00:01<00:00, 19843.95it/s]Parsing Hierarchy :  92%|█████████▏| 32457/35395 [00:01<00:00, 20324.12it/s]Parsing Hierarchy :  98%|█████████▊| 34645/35395 [00:01<00:00, 20790.05it/s]Parsing Hierarchy : 100%|██████████| 35395/35395 [00:01<00:00, 18836.10it/s]
yt : [INFO     ] 2017-08-01 14:20:54,351 Gathering a field list (this may take a moment.)
11 8.204271355482031e+25 1 / s
16 4.861286004349155e+25 1 / s
17 5.199869553997221e+25 1 / s
22 2.8328785954559483e+25 1 / s
24 1.0164941134980722e+25 1 / s
25 1.1065894372161792e+25 1 / s
27 2.5931799816459025e+25 1 / s
IsSatellite
31 8.410344685439309e+24 1 / s
IsSatellite
33 2.6216394027201923e+25 1 / s
34 2.7126156006205774e+25 1 / s
35 1.7043972559694228e+25 1 / s
36 9.79522817650946e+24 1 / s
37 4.629400804194651e+25 1 / s
38 2.2639269283605627e+25 1 / s
41 3.942372505185691e+25 1 / s
42 2.213559912174928e+25 1 / s
43 2.2899568771704945e+25 1 / s
51 1.7517745265592139e+25 1 / s
55 8.712496072628903e+24 1 / s
56 3.227454007244081e+25 1 / s
57 2.142361362875941e+25 1 / s
60 4.066917765066343e+24 1 / s
61 5.315240467767717e+24 1 / s
62 6.346175820924152e+24 1 / s
66 2.872894886074662e+24 1 / s
67 1.4646880073415102e+25 1 / s
69 5.551365199156688e+24 1 / s
71 9.67991756993784e+24 1 / s
74 1.3204966074608776e+25 1 / s
76 8.821906300678329e+24 1 / s
78 6.496323237581425e+24 1 / s
81 7.74592925153628e+24 1 / s
82 3.5520311126837404e+24 1 / s
84 8.591836282363514e+24 1 / s
88 4.375851442503616e+24 1 / s
89 1.2881727918677042e+24 1 / s
90 6.914481033755467e+24 1 / s
93 4.212378080288468e+24 1 / s
95 5.130028629983878e+24 1 / s
96 4.889784203600786e+24 1 / s
97 7.845230566432339e+24 1 / s
98 1.9637165251244408e+24 1 / s
100 1.876393646546876e+24 1 / s
101 1.2419619143813168e+24 1 / s
102 0.0 1 / s
103 1.0508302441401601e+23 1 / s
104 1.8075167298652272e+25 1 / s
105 1.2922088349408045e+24 1 / s
106 3.868201005521515e+23 1 / s
107 1.3166825337875075e+24 1 / s
108 5.828768587014372e+23 1 / s
109 7.15271262631804e+23 1 / s
110 6.093423811187274e+24 1 / s
111 1.0082514163408607e+24 1 / s
112 2.4373887190242294e+24 1 / s
113 1.4351161454105515e+24 1 / s
114 8.187104295280966e+23 1 / s
115 7.274778936092675e+24 1 / s
116 3.1440483730424774e+24 1 / s
117 4.635850691537562e+24 1 / s
118 6.297379515460185e+24 1 / s
120 2.822022197268782e+24 1 / s
121 9.718822846321794e+24 1 / s
122 5.555371412862603e+24 1 / s
123 5.675555878646536e+22 1 / s
124 1.225477946688802e+24 1 / s
125 1.334333737587281e+24 1 / s
126 2.0212632106058262e+24 1 / s
128 3.5749264489276276e+23 1 / s
130 1.4349216060593414e+24 1 / s
131 1.3143651810358956e+25 1 / s
132 4.495473689562552e+23 1 / s
134 3.436115488729856e+24 1 / s
136 5.407611642509179e+24 1 / s
137 1.5894688543764776e+24 1 / s
138 2.2559178729641538e+24 1 / s
141 1.5420894438538226e+24 1 / s
145 1.360300850186772e+24 1 / s
146 1.4239372658255293e+24 1 / s
151 2.474793448545851e+24 1 / s
153 1.1967347575475471e+23 1 / s
155 0.0 1 / s
156 2.1470724574977394e+23 1 / s
159 1.4900138533929625e+24 1 / s
161 5.526603582070196e+22 1 / s
163 6.865099164844357e+22 1 / s
RadiusEqualZero
165 7.024355562389781e+23 1 / s
167 2.49053362745224e+24 1 / s
169 0.0 1 / s
170 3.526252703254924e+23 1 / s
171 1.93529886516421e+24 1 / s
172 7.828581240291292e+23 1 / s
173 3.6938807775474105e+23 1 / s
174 2.985932624559649e+23 1 / s
176 1.5715958757163249e+24 1 / s
177 8.34835796349881e+23 1 / s
178 1.3843874157245671e+23 1 / s
179 7.403130163840397e+22 1 / s
180 6.7420854484293304e+22 1 / s
181 1.4427278217588885e+24 1 / s
182 3.750906746032057e+23 1 / s
183 4.145724359312447e+23 1 / s
185 3.3321348539726963e+22 1 / s
186 1.698425805737586e+24 1 / s
187 6.554030742259809e+22 1 / s
188 5.2665887698881524e+23 1 / s
189 2.797346177496821e+22 1 / s
190 2.686976870445929e+24 1 / s
191 4.973502268000433e+23 1 / s
192 1.4247977782223808e+24 1 / s
193 6.980584208367565e+23 1 / s
194 1.8427253694974912e+24 1 / s
195 0.0 1 / s
196 5.639890330924731e+22 1 / s
198 0.0 1 / s
199 1.7223094018856192e+24 1 / s
202 8.823072888321084e+22 1 / s
203 6.353006746009632e+22 1 / s
204 1.7485320094996987e+24 1 / s
205 1.4958844025479722e+23 1 / s
207 1.1138402430680221e+24 1 / s
210 3.1164328636737356e+24 1 / s
211 5.963928043589933e+21 1 / s
213 1.7198705268859517e+23 1 / s
215 2.0355255389075244e+24 1 / s
216 0.0 1 / s
217 5.0887019871418654e+23 1 / s
218 1.0257048384669042e+24 1 / s
219 0.0 1 / s
222 0.0 1 / s
223 1.406091522674546e+23 1 / s
224 8.795260245743115e+23 1 / s
225 6.404883906332259e+22 1 / s
227 1.3121640331234065e+24 1 / s
228 0.0 1 / s
229 7.85057067162305e+22 1 / s
230 8.676746872986076e+23 1 / s
231 5.107047047960954e+23 1 / s
232 1.0412336179449785e+24 1 / s
233 0.0 1 / s
234 2.055353638047336e+23 1 / s
235 0.0 1 / s
236 1.1898662215208311e+24 1 / s
237 1.0773751386127441e+24 1 / s
238 0.0 1 / s
239 4.95271249600114e+22 1 / s
240 0.0 1 / s
241 5.426091583945105e+22 1 / s
242 7.10827335385667e+22 1 / s
243 0.0 1 / s
244 9.480875281211987e+22 1 / s
245 0.0 1 / s
247 0.0 1 / s
248 1.672814700150809e+24 1 / s
249 3.918800690771196e+22 1 / s
251 8.613145474430536e+23 1 / s
252 0.0 1 / s
253 8.891998180454735e+23 1 / s
254 0.0 1 / s
255 0.0 1 / s
RadiusEqualZero
257 0.0 1 / s
258 1.538300465756759e+23 1 / s
259 4.971556874488335e+23 1 / s
260 0.0 1 / s
261 0.0 1 / s
263 1.909144346323054e+22 1 / s
264 6.145498104719129e+22 1 / s
266 4.2005001559680994e+23 1 / s
267 3.517556794255843e+23 1 / s
268 0.0 1 / s
IsSatellite
270 1.0984923851865733e+23 1 / s
271 0.0 1 / s
272 1.9999293768876505e+22 1 / s
273 1.3753089126681076e+23 1 / s
274 6.4373071315339e+22 1 / s
275 1.2986876438005965e+24 1 / s
278 0.0 1 / s
280 1.248229323812794e+23 1 / s
281 2.5055760585522902e+23 1 / s
