yt : [INFO     ] 2017-07-22 16:37:57,969 Parameters: current_time              = 2.442094332e+16
yt : [INFO     ] 2017-07-22 16:37:57,970 Parameters: domain_dimensions         = [2 2 2]
yt : [INFO     ] 2017-07-22 16:37:57,970 Parameters: domain_left_edge          = [ 0.  0.  0.]
yt : [INFO     ] 2017-07-22 16:37:57,971 Parameters: domain_right_edge         = [  1.66901647e+25   1.66901647e+25   1.66901647e+25]
yt : [INFO     ] 2017-07-22 16:37:57,971 Parameters: cosmological_simulation   = 1
yt : [INFO     ] 2017-07-22 16:37:57,971 Parameters: current_redshift          = 6.99999981444
yt : [INFO     ] 2017-07-22 16:37:57,971 Parameters: omega_lambda              = 0.712
yt : [INFO     ] 2017-07-22 16:37:57,971 Parameters: omega_matter              = 0.288
yt : [INFO     ] 2017-07-22 16:37:57,972 Parameters: hubble_constant           = 0.6933
yt : [INFO     ] 2017-07-22 16:37:58,081 Parameters: current_time              = 102.74801136229
yt : [INFO     ] 2017-07-22 16:37:58,081 Parameters: domain_dimensions         = [128 128 128]
yt : [INFO     ] 2017-07-22 16:37:58,082 Parameters: domain_left_edge          = [ 0.  0.  0.]
yt : [INFO     ] 2017-07-22 16:37:58,082 Parameters: domain_right_edge         = [ 1.  1.  1.]
yt : [INFO     ] 2017-07-22 16:37:58,083 Parameters: cosmological_simulation   = 1
yt : [INFO     ] 2017-07-22 16:37:58,083 Parameters: current_redshift          = 6.9999998144358
yt : [INFO     ] 2017-07-22 16:37:58,083 Parameters: omega_lambda              = 0.712
yt : [INFO     ] 2017-07-22 16:37:58,083 Parameters: omega_matter              = 0.288
yt : [INFO     ] 2017-07-22 16:37:58,083 Parameters: hubble_constant           = 0.6933
yt : [INFO     ] 2017-07-22 16:37:58,086 Allocating for 4.968e+03 particles (index particle type 'all')
yt : [INFO     ] 2017-07-22 16:37:58,091 Identified 1.809e+03 octs
[4, 4967, <Quantity 2730.2707368225533 kpc>, <Quantity 2747.750120971941 kpc>, <Quantity 2568.162295261254 kpc>, <Quantity 17621762811.334885 solMass>, <Quantity 13853352350.914053 solMass>, <Quantity 10.210570638324075 kpc>, <Quantity 22.09330767810782 kpc>, 370, 0, 0, 0, 0, 0]
[7, 4966, <Quantity 2812.5180462510234 kpc>, <Quantity 2848.2499824452275 kpc>, <Quantity 2664.8139402915654 kpc>, <Quantity 8702273964.894407 solMass>, <Quantity 8096654227.7456045 solMass>, <Quantity 8.070698947815933 kpc>, <Quantity 14.412224034413647 kpc>, 1213, 0, 0, 0, 0, 0]
[10, 4965, <Quantity 2979.6033034574075 kpc>, <Quantity 2406.291726076471 kpc>, <Quantity 2929.8603103096616 kpc>, <Quantity 8934947593.897242 solMass>, <Quantity 7299293197.986081 solMass>, <Quantity 8.14199629214509 kpc>, <Quantity 12.414740331582161 kpc>, 2047, 0, 0, 0, 0, 0]
[11, 4963, <Quantity 2910.375991406636 kpc>, <Quantity 2976.9861393086553 kpc>, <Quantity 2661.3863833307105 kpc>, <Quantity 8347772528.409236 solMass>, <Quantity 7191402461.834248 solMass>, <Quantity 7.9595851392046635 kpc>, <Quantity 9.881391547243092 kpc>, -1, 0, 0, 0, 0, 0]
[16, 4962, <Quantity 2954.342176037673 kpc>, <Quantity 2632.570760163306 kpc>, <Quantity 2751.2279893830064 kpc>, <Quantity 5399513868.685906 solMass>, <Quantity 5078441192.395026 solMass>, <Quantity 6.88364477380426 kpc>, <Quantity 10.340626674268682 kpc>, -1, 0, 0, 0, 0, 0]
[17, 4960, <Quantity 2884.130789621542 kpc>, <Quantity 2793.935161892227 kpc>, <Quantity 2659.965385492878 kpc>, <Quantity 5227243298.307006 solMass>, <Quantity 4633240374.085161 solMass>, <Quantity 6.809644947951646 kpc>, <Quantity 9.222180381510533 kpc>, -1, 0, 0, 0, 0, 0]
[22, 4959, <Quantity 2694.158217245749 kpc>, <Quantity 2627.2699043568546 kpc>, <Quantity 2619.5941500577487 kpc>, <Quantity 3636922802.3817005 solMass>, <Quantity 3433107467.135941 solMass>, <Quantity 6.034087330012388 kpc>, <Quantity 8.109464606279044 kpc>, -1, 0, 0, 0, 0, 0]
[24, 4958, <Quantity 3094.1245196765035 kpc>, <Quantity 2906.295558394737 kpc>, <Quantity 2415.758789233216 kpc>, <Quantity 3327387007.470943 solMass>, <Quantity 3285818428.558619 solMass>, <Quantity 5.857801747200239 kpc>, <Quantity 12.415108171105372 kpc>, -1, 0, 0, 0, 0, 0]
[25, 4957, <Quantity 2674.7114311567957 kpc>, <Quantity 2585.3732203851673 kpc>, <Quantity 2620.039832234549 kpc>, <Quantity 3690627970.1274734 solMass>, <Quantity 3259148808.406896 solMass>, <Quantity 6.063643408621165 kpc>, <Quantity 7.6875407836225325 kpc>, -1, 0, 0, 0, 0, 0]
[27, 4956, <Quantity 2529.5708055399214 kpc>, <Quantity 2607.1740237430377 kpc>, <Quantity 2377.3342031409934 kpc>, <Quantity 3774322776.5925403 solMass>, <Quantity 3158834668.9612494 solMass>, <Quantity 6.109137636074577 kpc>, <Quantity 10.485274251062332 kpc>, -1, 0, 0, 0, 0, 0]
[30, 4955, <Quantity 2781.578024861764 kpc>, <Quantity 2870.3510218416186 kpc>, <Quantity 2688.9359243703084 kpc>, <Quantity 3059504917.277112 solMass>, <Quantity 3037912186.6578364 solMass>, <Quantity 5.696183204379278 kpc>, <Quantity 9.362356516769184 kpc>, 2684, 0, 0, 0, 0, 0]
[31, 4954, <Quantity 2741.070587101432 kpc>, <Quantity 2759.5527469844737 kpc>, <Quantity 2573.3812911391437 kpc>, <Quantity 3793885487.2581296 solMass>, <Quantity 2982148435.4418993 solMass>, <Quantity 6.119674219872795 kpc>, <Quantity 8.101748292404219 kpc>, -1, 0, 0, 0, 0, 0]
[32, 4953, <Quantity 2843.023814650521 kpc>, <Quantity 2427.360368789063 kpc>, <Quantity 2428.36640172607 kpc>, <Quantity 3271099738.0723395 solMass>, <Quantity 2973056519.5123153 solMass>, <Quantity 5.824582832445932 kpc>, <Quantity 12.443480114592152 kpc>, 1006, 0, 0, 0, 0, 0]
[33, 4952, <Quantity 2966.2765645582313 kpc>, <Quantity 2589.233463223735 kpc>, <Quantity 2915.3079756424413 kpc>, <Quantity 3115889518.882057 solMass>, <Quantity 2958509453.96924 solMass>, <Quantity 5.730962682357105 kpc>, <Quantity 6.894884957118541 kpc>, -1, 0, 0, 0, 0, 0]
[34, 4951, <Quantity 2471.221770428566 kpc>, <Quantity 2911.2405427070016 kpc>, <Quantity 2589.1765199988326 kpc>, <Quantity 2901310397.929668 solMass>, <Quantity 2873954635.5442457 solMass>, <Quantity 5.596265306291726 kpc>, <Quantity 7.938057981921866 kpc>, -1, 0, 0, 0, 0, 0]
[35, 4950, <Quantity 2450.5441278471235 kpc>, <Quantity 2276.6470960413662 kpc>, <Quantity 2835.868987149139 kpc>, <Quantity 2775153202.204915 solMass>, <Quantity 2840314546.4664044 solMass>, <Quantity 5.513946544940888 kpc>, <Quantity 7.588676318840277 kpc>, -1, 0, 0, 0, 0, 0]
[36, 4949, <Quantity 2627.1939334901 kpc>, <Quantity 2846.123900039607 kpc>, <Quantity 2574.4414928315773 kpc>, <Quantity 3067313818.972919 solMass>, <Quantity 2833344077.5703974 solMass>, <Quantity 5.701025288958567 kpc>, <Quantity 12.509580106815969 kpc>, -1, 0, 0, 0, 0, 0]
[37, 4948, <Quantity 3157.425988003354 kpc>, <Quantity 2854.9027319379247 kpc>, <Quantity 2489.5275750681385 kpc>, <Quantity 2865554430.2550187 solMass>, <Quantity 2832131822.0811462 solMass>, <Quantity 5.573180614212815 kpc>, <Quantity 6.348636325773692 kpc>, -1, 0, 0, 0, 0, 0]
[38, 4947, <Quantity 2543.8674428035247 kpc>, <Quantity 2637.482491480298 kpc>, <Quantity 2384.5416677599187 kpc>, <Quantity 2794392937.6574936 solMass>, <Quantity 2775761943.1124334 solMass>, <Quantity 5.526659675038205 kpc>, <Quantity 6.6505558875344315 kpc>, -1, 0, 0, 0, 0, 0]
[41, 4946, <Quantity 2828.5006917974943 kpc>, <Quantity 2335.064605025055 kpc>, <Quantity 2584.760950375857 kpc>, <Quantity 2910145895.8701086 solMass>, <Quantity 2716967553.256305 solMass>, <Quantity 5.601940406546251 kpc>, <Quantity 7.313859097822486 kpc>, -1, 0, 0, 0, 0, 0]
[42, 4945, <Quantity 2663.210052091804 kpc>, <Quantity 2859.67411883577 kpc>, <Quantity 2363.7611854952015 kpc>, <Quantity 2440718168.006289 solMass>, <Quantity 2696662274.2882056 solMass>, <Quantity 5.282904683766764 kpc>, <Quantity 9.095499013430846 kpc>, -1, 0, 0, 0, 0, 0]
[43, 4944, <Quantity 2316.4500691197386 kpc>, <Quantity 3025.5717896870315 kpc>, <Quantity 2403.898309308709 kpc>, <Quantity 2605313950.646175 solMass>, <Quantity 2687873422.1888204 solMass>, <Quantity 5.399086084915973 kpc>, <Quantity 5.876752881097258 kpc>, -1, 0, 0, 0, 0, 0]
[51, 4942, <Quantity 2624.6768380485933 kpc>, <Quantity 2480.2326178179624 kpc>, <Quantity 2408.0777079611476 kpc>, <Quantity 2196741738.044104 solMass>, <Quantity 2301163929.9081597 solMass>, <Quantity 5.100662220050813 kpc>, <Quantity 5.442613180256006 kpc>, -1, 0, 0, 0, 0, 0]
[55, 4941, <Quantity 2813.9552474988986 kpc>, <Quantity 2582.5556603181494 kpc>, <Quantity 2467.1211874829587 kpc>, <Quantity 2634401573.9125414 solMass>, <Quantity 2203577365.2778497 solMass>, <Quantity 5.419104877607839 kpc>, <Quantity 9.229221887475829 kpc>, -1, 0, 0, 0, 0, 0]
[56, 4940, <Quantity 2960.985794483223 kpc>, <Quantity 2576.8693356193476 kpc>, <Quantity 2874.1470406656726 kpc>, <Quantity 2219119119.960614 solMass>, <Quantity 2157208593.877055 solMass>, <Quantity 5.117923250758348 kpc>, <Quantity 6.207905694405131 kpc>, -1, 0, 0, 0, 0, 0]
[57, 4939, <Quantity 2895.8873455590247 kpc>, <Quantity 2772.3104713509993 kpc>, <Quantity 2679.5546140679653 kpc>, <Quantity 2383432847.408472 solMass>, <Quantity 2052045432.5461988 solMass>, <Quantity 5.24124591798992 kpc>, <Quantity 8.492988140080085 kpc>, -1, 0, 0, 0, 0, 0]
[60, 4937, <Quantity 2945.0199224533776 kpc>, <Quantity 2657.1876224682583 kpc>, <Quantity 2754.1243367686147 kpc>, <Quantity 1816147035.8685699 solMass>, <Quantity 1935668908.2634964 solMass>, <Quantity 4.787225653761259 kpc>, <Quantity 6.509439661384592 kpc>, -1, 0, 0, 0, 0, 0]
[61, 4936, <Quantity 2884.143375028367 kpc>, <Quantity 2910.2265639968014 kpc>, <Quantity 2602.543627266775 kpc>, <Quantity 1887810487.6692953 solMass>, <Quantity 1927183120.0249884 solMass>, <Quantity 4.849381617956111 kpc>, <Quantity 5.318258268266654 kpc>, -1, 0, 0, 0, 0, 0]
[62, 4935, <Quantity 3127.594803295328 kpc>, <Quantity 2383.136684204307 kpc>, <Quantity 2902.4790894518856 kpc>, <Quantity 1945007046.6496067 solMass>, <Quantity 1865661155.359855 solMass>, <Quantity 4.8978704090308245 kpc>, <Quantity 5.988776508894402 kpc>, -1, 0, 0, 0, 0, 0]
[66, 4934, <Quantity 2343.7524049747917 kpc>, <Quantity 3089.6645034876915 kpc>, <Quantity 2444.555453199664 kpc>, <Quantity 1699420172.639631 solMass>, <Quantity 1839597662.945869 solMass>, <Quantity 4.682385362361574 kpc>, <Quantity 7.984095437518629 kpc>, -1, 0, 0, 0, 0, 0]
[67, 4933, <Quantity 2444.848401913762 kpc>, <Quantity 2312.8563523476873 kpc>, <Quantity 2475.5668072000885 kpc>, <Quantity 1543697039.183895 solMass>, <Quantity 1794441146.965026 solMass>, <Quantity 4.53475944611943 kpc>, <Quantity 5.904479671671679 kpc>, -1, 0, 0, 0, 0, 0]
[69, 4932, <Quantity 2965.893300253514 kpc>, <Quantity 2579.4084040839903 kpc>, <Quantity 2893.2030144848945 kpc>, <Quantity 1607245758.8989227 solMass>, <Quantity 1766559271.3815484 solMass>, <Quantity 4.596151404014604 kpc>, <Quantity 7.9494656144937155 kpc>, -1, 0, 0, 0, 0, 0]
[71, 4930, <Quantity 2838.627840169961 kpc>, <Quantity 2784.183233794396 kpc>, <Quantity 2608.637927984559 kpc>, <Quantity 1738603381.3976336 solMass>, <Quantity 1752618333.5432975 solMass>, <Quantity 4.718099227368054 kpc>, <Quantity 5.998788904374534 kpc>, -1, 0, 0, 0, 0, 0]
[74, 4927, <Quantity 2727.1161511404866 kpc>, <Quantity 2849.053879190737 kpc>, <Quantity 2920.23883218637 kpc>, <Quantity 1642571505.162979 solMass>, <Quantity 1692914752.0680232 solMass>, <Quantity 4.629580697162428 kpc>, <Quantity 5.078069805264324 kpc>, -1, 0, 0, 0, 0, 0]
[76, 4926, <Quantity 2286.244642516232 kpc>, <Quantity 2381.4163945972427 kpc>, <Quantity 2895.3711105810285 kpc>, <Quantity 1650913398.502153 solMass>, <Quantity 1668366578.9938495 solMass>, <Quantity 4.637404664040772 kpc>, <Quantity 6.8279821797667495 kpc>, -1, 0, 0, 0, 0, 0]
[78, 4924, <Quantity 2541.8032572148404 kpc>, <Quantity 2861.556912372529 kpc>, <Quantity 2609.7295784943876 kpc>, <Quantity 1615082710.3997312 solMass>, <Quantity 1641090831.1141953 solMass>, <Quantity 4.603609593312703 kpc>, <Quantity 5.821516389863403 kpc>, -1, 0, 0, 0, 0, 0]
[81, 4923, <Quantity 2933.4415610859755 kpc>, <Quantity 2795.203843244461 kpc>, <Quantity 2511.238933028275 kpc>, <Quantity 1552231144.2718792 solMass>, <Quantity 1583205632.8117163 solMass>, <Quantity 4.543100680382182 kpc>, <Quantity 5.192494377689525 kpc>, -1, 0, 0, 0, 0, 0]
[82, 4921, <Quantity 2709.829204763952 kpc>, <Quantity 2366.2041883754227 kpc>, <Quantity 2833.684999581655 kpc>, <Quantity 1813354534.8610516 solMass>, <Quantity 1515016263.0985913 solMass>, <Quantity 4.784770788276678 kpc>, <Quantity 9.321618785895545 kpc>, -1, 0, 0, 0, 0, 0]
[84, 4920, <Quantity 2956.712905367465 kpc>, <Quantity 2588.5517018577907 kpc>, <Quantity 2868.1914825264407 kpc>, <Quantity 1253764422.8062751 solMass>, <Quantity 1424097103.4810483 solMass>, <Quantity 4.230959593382254 kpc>, <Quantity 5.255665498589502 kpc>, -1, 0, 0, 0, 0, 0]
[88, 4918, <Quantity 2471.798783544303 kpc>, <Quantity 2922.968978663768 kpc>, <Quantity 2289.6427313025715 kpc>, <Quantity 1399600244.4390419 solMass>, <Quantity 1390760078.295593 solMass>, <Quantity 4.389026809198541 kpc>, <Quantity 5.313947979006951 kpc>, -1, 0, 0, 0, 0, 0]
[89, 4917, <Quantity 3076.858959645393 kpc>, <Quantity 3061.671723273534 kpc>, <Quantity 2242.988414454845 kpc>, <Quantity 1234536220.9593828 solMass>, <Quantity 1378940587.5357196 solMass>, <Quantity 4.209218875530045 kpc>, <Quantity 5.733646642637945 kpc>, -1, 0, 0, 0, 0, 0]
[90, 4916, <Quantity 3023.8306454653866 kpc>, <Quantity 2721.5434003215387 kpc>, <Quantity 2469.3880293268576 kpc>, <Quantity 1065954323.703858 solMass>, <Quantity 1375000757.2763824 solMass>, <Quantity 4.008172729661423 kpc>, <Quantity 6.142814859269528 kpc>, -1, 0, 0, 0, 0, 0]
[93, 4915, <Quantity 3159.8163122461024 kpc>, <Quantity 2956.2612811122517 kpc>, <Quantity 2579.169071504938 kpc>, <Quantity 1250215645.1891735 solMass>, <Quantity 1348028073.2538512 solMass>, <Quantity 4.226963913614156 kpc>, <Quantity 5.972321313654538 kpc>, -1, 0, 0, 0, 0, 0]
[95, 4914, <Quantity 2974.0419473737466 kpc>, <Quantity 2698.73655402262 kpc>, <Quantity 2512.9397916650937 kpc>, <Quantity 1270177046.445834 solMass>, <Quantity 1333784071.596648 solMass>, <Quantity 4.249341654182583 kpc>, <Quantity 5.0570608089663915 kpc>, -1, 0, 0, 0, 0, 0]
[96, 4913, <Quantity 3060.4981508265546 kpc>, <Quantity 2919.5472711741845 kpc>, <Quantity 2402.9714859753585 kpc>, <Quantity 1194559449.9697256 solMass>, <Quantity 1316509431.2582316 solMass>, <Quantity 4.163285109171251 kpc>, <Quantity 7.789888973119779 kpc>, -1, 0, 0, 0, 0, 0]
[97, 4912, <Quantity 2706.0522735194454 kpc>, <Quantity 2541.7572562574 kpc>, <Quantity 2654.69903065539 kpc>, <Quantity 1298466250.9310563 solMass>, <Quantity 1305296068.2343752 solMass>, <Quantity 4.280657220063018 kpc>, <Quantity 5.504876927087661 kpc>, -1, 0, 0, 0, 0, 0]
[98, 4911, <Quantity 3021.7965262309704 kpc>, <Quantity 3103.4576430210873 kpc>, <Quantity 2270.947818018807 kpc>, <Quantity 977677743.4728789 solMass>, <Quantity 1288930619.5057437 solMass>, <Quantity 3.8943245277550296 kpc>, <Quantity 6.118982566687179 kpc>, -1, 0, 0, 0, 0, 0]
[100, 4909, <Quantity 2648.3339325936663 kpc>, <Quantity 3061.1089403434676 kpc>, <Quantity 2925.998180068036 kpc>, <Quantity 1295707979.7144969 solMass>, <Quantity 1269231468.2523162 solMass>, <Quantity 4.277624004535521 kpc>, <Quantity 7.0055843210540605 kpc>, -1, 0, 0, 0, 0, 0]
[101, 4908, <Quantity 2446.6356037264304 kpc>, <Quantity 2898.9637473232465 kpc>, <Quantity 2253.018019760258 kpc>, <Quantity 1328380192.542706 solMass>, <Quantity 1259230360.7134924 solMass>, <Quantity 4.313280422206804 kpc>, <Quantity 5.702451236721408 kpc>, -1, 0, 0, 0, 0, 0]
[102, 4906, <Quantity 2792.53101693607 kpc>, <Quantity 2857.751220578685 kpc>, <Quantity 2674.8250033976838 kpc>, <Quantity 1560467286.2775612 solMass>, <Quantity 1177100053.1759593 solMass>, <Quantity 4.551121744674543 kpc>, <Quantity 6.523794998423028 kpc>, -1, 0, 0, 0, 0, 0]
[103, 4904, <Quantity 2459.1979264620713 kpc>, <Quantity 2775.466121221526 kpc>, <Quantity 2552.073190531343 kpc>, <Quantity 1143718173.0315504 solMass>, <Quantity 1161643796.053643 solMass>, <Quantity 4.103362681149538 kpc>, <Quantity 6.9704509011018665 kpc>, -1, 0, 0, 0, 0, 0]
[104, 4902, <Quantity 2903.7502030620153 kpc>, <Quantity 2757.1713512979 kpc>, <Quantity 2694.7681024338212 kpc>, <Quantity 1087028141.0074263 solMass>, <Quantity 1130428217.9010696 solMass>, <Quantity 4.034414284311864 kpc>, <Quantity 6.4189133213253236 kpc>, -1, 0, 0, 0, 0, 0]
[105, 4901, <Quantity 2291.6232796492204 kpc>, <Quantity 2337.2560505971182 kpc>, <Quantity 2555.5538113869525 kpc>, <Quantity 1050167287.8432409 solMass>, <Quantity 1120730174.2150435 solMass>, <Quantity 3.9882869039138003 kpc>, <Quantity 4.460275767030105 kpc>, -1, 0, 0, 0, 0, 0]
[106, 4900, <Quantity 2840.0779733596987 kpc>, <Quantity 2667.8497269385657 kpc>, <Quantity 2790.85502552724 kpc>, <Quantity 1011572640.5563571 solMass>, <Quantity 1104061661.626822 solMass>, <Quantity 3.938818072926958 kpc>, <Quantity 6.778278764499254 kpc>, -1, 0, 0, 0, 0, 0]
[107, 4899, <Quantity 2428.4336334506506 kpc>, <Quantity 2957.959351323068 kpc>, <Quantity 2230.6426831401836 kpc>, <Quantity 1277748796.2586033 solMass>, <Quantity 1100424895.245843 solMass>, <Quantity 4.257768623565799 kpc>, <Quantity 4.36954525449373 kpc>, -1, 0, 0, 0, 0, 0]
[108, 4898, <Quantity 3038.546097901751 kpc>, <Quantity 2692.192892909314 kpc>, <Quantity 2687.621682480918 kpc>, <Quantity 1165922258.9237375 solMass>, <Quantity 1089211532.2202365 solMass>, <Quantity 4.129746828011415 kpc>, <Quantity 10.711615921615538 kpc>, -1, 0, 0, 0, 0, 0]
[109, 4897, <Quantity 2634.07524572222 kpc>, <Quantity 3064.674123970265 kpc>, <Quantity 2935.4372549347354 kpc>, <Quantity 1017737212.9832497 solMass>, <Quantity 1089211532.2147596 solMass>, <Quantity 3.946802990394811 kpc>, <Quantity 8.507557304031879 kpc>, -1, 0, 0, 0, 0, 0]
[110, 4896, <Quantity 2982.966072343395 kpc>, <Quantity 2414.4186744527524 kpc>, <Quantity 2920.831824875585 kpc>, <Quantity 923376115.672688 solMass>, <Quantity 1085877829.703376 solMass>, <Quantity 3.8208481315649077 kpc>, <Quantity 9.090448564535743 kpc>, -1, 0, 0, 0, 0, 0]
[111, 4895, <Quantity 2654.938084981724 kpc>, <Quantity 2560.514916101357 kpc>, <Quantity 2622.483775879003 kpc>, <Quantity 1241158805.2542865 solMass>, <Quantity 1081331871.7106335 solMass>, <Quantity 4.216732144681932 kpc>, <Quantity 5.44582658883595 kpc>, -1, 0, 0, 0, 0, 0]
[112, 4894, <Quantity 2543.5813447858586 kpc>, <Quantity 2598.4984745459715 kpc>, <Quantity 2647.1345905542585 kpc>, <Quantity 977886724.6216227 solMass>, <Quantity 1065269486.8484323 solMass>, <Quantity 3.8946019819703466 kpc>, <Quantity 8.819992790221008 kpc>, -1, 0, 0, 0, 0, 0]
[113, 4893, <Quantity 2616.4882264580515 kpc>, <Quantity 2506.0778589784177 kpc>, <Quantity 2344.782381379265 kpc>, <Quantity 1265243317.6089163 solMass>, <Quantity 1049510165.8436875 solMass>, <Quantity 4.2438326313663275 kpc>, <Quantity 5.400731372026231 kpc>, -1, 0, 0, 0, 0, 0]
[114, 4892, <Quantity 3078.8621127076476 kpc>, <Quantity 2792.7797692138956 kpc>, <Quantity 2291.815098148655 kpc>, <Quantity 1113408348.6493862 solMass>, <Quantity 1040115186.020787 solMass>, <Quantity 4.066789761888872 kpc>, <Quantity 6.922087629122032 kpc>, -1, 0, 0, 0, 0, 0]
[115, 4891, <Quantity 2886.7871553380196 kpc>, <Quantity 2784.8493941583 kpc>, <Quantity 2671.1549725317086 kpc>, <Quantity 898227025.9679279 solMass>, <Quantity 1039812122.1450365 solMass>, <Quantity 3.785840123878856 kpc>, <Quantity 5.067860273453594 kpc>, -1, 0, 0, 0, 0, 0]
[116, 4890, <Quantity 2561.7131036839046 kpc>, <Quantity 2912.750267578257 kpc>, <Quantity 2247.0385541860874 kpc>, <Quantity 915633462.4053309 solMass>, <Quantity 1039205994.433875 solMass>, <Quantity 3.810138672166137 kpc>, <Quantity 4.5479376897523425 kpc>, -1, 0, 0, 0, 0, 0]
[117, 4889, <Quantity 2500.1244003277957 kpc>, <Quantity 2867.5871475245067 kpc>, <Quantity 2650.8837793896346 kpc>, <Quantity 690320871.6741352 solMass>, <Quantity 1038599866.7138159 solMass>, <Quantity 3.4677722360429604 kpc>, <Quantity 7.965060601079995 kpc>, -1, 0, 0, 0, 0, 0]
[118, 4888, <Quantity 2568.3732351556787 kpc>, <Quantity 2899.5013409625126 kpc>, <Quantity 2264.443068300658 kpc>, <Quantity 845336190.9517612 solMass>, <Quantity 1031023270.0822368 solMass>, <Quantity 3.710023990445466 kpc>, <Quantity 5.7596233837635875 kpc>, -1, 0, 0, 0, 0, 0]
[120, 4887, <Quantity 2546.5379613834953 kpc>, <Quantity 2518.4116755285513 kpc>, <Quantity 2388.5182217883457 kpc>, <Quantity 808920308.6286936 solMass>, <Quantity 1014657821.3267891 solMass>, <Quantity 3.6559659593130607 kpc>, <Quantity 4.794574203069675 kpc>, -1, 0, 0, 0, 0, 0]
[121, 4886, <Quantity 2660.885287510607 kpc>, <Quantity 2302.7993423661214 kpc>, <Quantity 2926.4672246032114 kpc>, <Quantity 870499805.1474898 solMass>, <Quantity 1011324118.82045 solMass>, <Quantity 3.7464774519229467 kpc>, <Quantity 5.328661073364838 kpc>, -1, 0, 0, 0, 0, 0]
[122, 4884, <Quantity 3118.997143726817 kpc>, <Quantity 2738.6813328536514 kpc>, <Quantity 2609.639262682255 kpc>, <Quantity 891273184.7606157 solMass>, <Quantity 979502412.9418781 solMass>, <Quantity 3.776045138608617 kpc>, <Quantity 5.051807807705776 kpc>, -1, 0, 0, 0, 0, 0]
[123, 4883, <Quantity 2449.2524677633364 kpc>, <Quantity 2915.94117100357 kpc>, <Quantity 2244.9692224688133 kpc>, <Quantity 1012231745.4063956 solMass>, <Quantity 970410496.9895029 solMass>, <Quantity 3.939673351910162 kpc>, <Quantity 5.994512963840293 kpc>, -1, 0, 0, 0, 0, 0]
[124, 4882, <Quantity 2471.210146262999 kpc>, <Quantity 2917.356791150574 kpc>, <Quantity 2283.485946780074 kpc>, <Quantity 971804398.1882341 solMass>, <Quantity 969804369.2580105 solMass>, <Quantity 3.886510545959544 kpc>, <Quantity 4.7932423412352145 kpc>, -1, 0, 0, 0, 0, 0]
[125, 4881, <Quantity 2790.615545720309 kpc>, <Quantity 2763.553753648306 kpc>, <Quantity 2581.595625739061 kpc>, <Quantity 813526291.147164 solMass>, <Quantity 965561475.1343837 solMass>, <Quantity 3.6628918393555425 kpc>, <Quantity 4.77780610763835 kpc>, -1, 0, 0, 0, 0, 0]
[126, 4880, <Quantity 2670.343080331476 kpc>, <Quantity 2917.942430490155 kpc>, <Quantity 2852.8283258700712 kpc>, <Quantity 763217297.3102597 solMass>, <Quantity 963440028.0755901 solMass>, <Quantity 3.585774424086917 kpc>, <Quantity 6.448374433809584 kpc>, -1, 0, 0, 0, 0, 0]
[128, 4879, <Quantity 2454.589853900049 kpc>, <Quantity 2898.3114224616816 kpc>, <Quantity 2607.986397379133 kpc>, <Quantity 1064589953.4306662 solMass>, <Quantity 954045048.259766 solMass>, <Quantity 4.006461910083688 kpc>, <Quantity 7.252066161745055 kpc>, -1, 0, 0, 0, 0, 0]
[130, 4877, <Quantity 3041.129033167889 kpc>, <Quantity 2601.0357562366426 kpc>, <Quantity 2809.0804160209773 kpc>, <Quantity 813144019.9362814 solMass>, <Quantity 937376535.6609058 solMass>, <Quantity 3.662318025704465 kpc>, <Quantity 4.597491512204928 kpc>, -1, 0, 0, 0, 0, 0]
[131, 4876, <Quantity 2959.5032546478515 kpc>, <Quantity 2646.3700217457526 kpc>, <Quantity 2731.512511136786 kpc>, <Quantity 776182171.4301603 solMass>, <Quantity 927981555.836262 solMass>, <Quantity 3.605964537588789 kpc>, <Quantity 5.346909884147305 kpc>, -1, 0, 0, 0, 0, 0]
[132, 4875, <Quantity 3170.4822378173726 kpc>, <Quantity 2794.4969084922764 kpc>, <Quantity 2564.006235909303 kpc>, <Quantity 764362849.0064042 solMass>, <Quantity 920101895.3225443 solMass>, <Quantity 3.587567551047818 kpc>, <Quantity 6.860897540538893 kpc>, -1, 0, 0, 0, 0, 0]
[134, 4874, <Quantity 2551.58372892457 kpc>, <Quantity 2746.1969102475773 kpc>, <Quantity 2382.132663135308 kpc>, <Quantity 764967965.0442538 solMass>, <Quantity 902524191.1442044 solMass>, <Quantity 3.5885140134275546 kpc>, <Quantity 5.114564166051488 kpc>, -1, 0, 0, 0, 0, 0]
[136, 4873, <Quantity 2969.129543582719 kpc>, <Quantity 2396.0293649679857 kpc>, <Quantity 2941.1482381731457 kpc>, <Quantity 713831088.7035309 solMass>, <Quantity 898281297.0304773 solMass>, <Quantity 3.506700833122682 kpc>, <Quantity 4.555273798178228 kpc>, -1, 0, 0, 0, 0, 0]
[137, 4872, <Quantity 3156.885072647847 kpc>, <Quantity 2915.6843627022618 kpc>, <Quantity 2537.0685935191555 kpc>, <Quantity 743641997.0327529 solMass>, <Quantity 892523083.5750229 solMass>, <Quantity 3.5548520726626816 kpc>, <Quantity 4.011432592424982 kpc>, -1, 0, 0, 0, 0, 0]
[138, 4871, <Quantity 2639.079231171971 kpc>, <Quantity 2898.200374353995 kpc>, <Quantity 2938.122721117446 kpc>, <Quantity 849939803.02926 solMass>, <Quantity 891007764.2450547 solMass>, <Quantity 3.7167466019103217 kpc>, <Quantity 4.283153847115578 kpc>, -1, 0, 0, 0, 0, 0]
[141, 4868, <Quantity 3177.1221160772798 kpc>, <Quantity 2800.875576946704 kpc>, <Quantity 2555.8105405628016 kpc>, <Quantity 712492747.4942547 solMass>, <Quantity 865550399.5579532 solMass>, <Quantity 3.504507924841657 kpc>, <Quantity 6.7439154522892775 kpc>, -1, 0, 0, 0, 0, 0]
[145, 4866, <Quantity 2671.8774885483144 kpc>, <Quantity 2529.3832540271455 kpc>, <Quantity 2371.433851520154 kpc>, <Quantity 613346790.4944055 solMass>, <Quantity 825849033.184432 solMass>, <Quantity 3.3337697079726256 kpc>, <Quantity 7.0691691746212255 kpc>, -1, 0, 0, 0, 0, 0]
[146, 4865, <Quantity 2320.4070679653596 kpc>, <Quantity 3001.4576962089254 kpc>, <Quantity 2422.7810844243168 kpc>, <Quantity 609774852.5215887 solMass>, <Quantity 824333713.8716859 solMass>, <Quantity 3.3272854970507497 kpc>, <Quantity 5.244940172252558 kpc>, -1, 0, 0, 0, 0, 0]
[151, 4863, <Quantity 2715.55140912086 kpc>, <Quantity 2526.9459055836514 kpc>, <Quantity 2678.621575397301 kpc>, <Quantity 746183408.3235288 solMass>, <Quantity 808877456.735595 solMass>, <Quantity 3.5588970607286123 kpc>, <Quantity 3.975692036039421 kpc>, -1, 0, 0, 0, 0, 0]
[153, 4861, <Quantity 2411.5963045684393 kpc>, <Quantity 3024.6191633432227 kpc>, <Quantity 2229.032597633575 kpc>, <Quantity 712578901.1430227 solMass>, <Quantity 794027327.3320131 solMass>, <Quantity 3.504649172584057 kpc>, <Quantity 4.532709673600407 kpc>, -1, 0, 0, 0, 0, 0]
[155, 4859, <Quantity 2574.7835546406363 kpc>, <Quantity 2975.6234962240683 kpc>, <Quantity 2553.758418787313 kpc>, <Quantity 682469804.5224564 solMass>, <Quantity 765842387.8516092 solMass>, <Quantity 3.454575675696525 kpc>, <Quantity 5.316787526884171 kpc>, -1, 0, 0, 0, 0, 0]
[156, 4856, <Quantity 2286.6204097591994 kpc>, <Quantity 2895.2310941649166 kpc>, <Quantity 2256.0759443720845 kpc>, <Quantity 637962771.1035118 solMass>, <Quantity 759781110.5429573 solMass>, <Quantity 3.3777850486128704 kpc>, <Quantity 5.882197100281012 kpc>, -1, 0, 0, 0, 0, 0]
[159, 4855, <Quantity 2896.4882726068286 kpc>, <Quantity 2504.3796589205267 kpc>, <Quantity 2708.7660047270065 kpc>, <Quantity 562235072.8587693 solMass>, <Quantity 749476939.1188853 solMass>, <Quantity 3.238467490325069 kpc>, <Quantity 4.992681416642962 kpc>, -1, 0, 0, 0, 0, 0]
[161, 4853, <Quantity 2871.768456741883 kpc>, <Quantity 2379.767729650367 kpc>, <Quantity 2260.0006739339096 kpc>, <Quantity 533356173.3382977 solMass>, <Quantity 741597278.6184274 solMass>, <Quantity 3.182042719311284 kpc>, <Quantity 3.440382507452569 kpc>, -1, 0, 0, 0, 0, 0]
[163, 4851, <Quantity 2705.0056552858264 kpc>, <Quantity 2369.4943010299544 kpc>, <Quantity 2847.6942812897487 kpc>, <Quantity 717002756.4410168 solMass>, <Quantity 734929873.5789165 solMass>, <Quantity 3.511886774257939 kpc>, <Quantity 5.326692168023387 kpc>, -1, 0, 0, 0, 0, 0]
[164, 4850, <Quantity 2406.018442273287 kpc>, <Quantity 3024.951773416436 kpc>, <Quantity 2225.7002592839945 kpc>, <Quantity 0.0 solMass>, <Quantity 734323745.8494685 solMass>, <Quantity 0.0 kpc>, <Quantity 4.188985167147591 kpc>, -1, 0, 0, 0, 0, 0]
[165, 4849, <Quantity 3144.1261051746087 kpc>, <Quantity 2765.2365134712536 kpc>, <Quantity 2577.7530105109777 kpc>, <Quantity 689770987.7105184 solMass>, <Quantity 733717618.1101023 solMass>, <Quantity 3.466851225269043 kpc>, <Quantity 4.40104024165953 kpc>, -1, 0, 0, 0, 0, 0]
[167, 4847, <Quantity 2939.471368996022 kpc>, <Quantity 2707.005436886975 kpc>, <Quantity 2544.716098883245 kpc>, <Quantity 562786961.6574872 solMass>, <Quantity 709169445.0214837 solMass>, <Quantity 3.239526768162791 kpc>, <Quantity 4.852848442073909 kpc>, -1, 0, 0, 0, 0, 0]
[169, 4845, <Quantity 2450.4117891589253 kpc>, <Quantity 2920.5462658740207 kpc>, <Quantity 2238.8952185878416 kpc>, <Quantity 855845008.334588 solMass>, <Quantity 707957189.5583862 solMass>, <Quantity 3.72533447153308 kpc>, <Quantity 4.530153469703081 kpc>, -1, 0, 0, 0, 0, 0]
[170, 4844, <Quantity 2575.018033181274 kpc>, <Quantity 2481.8726206631864 kpc>, <Quantity 2343.7024582702315 kpc>, <Quantity 754577170.7671052 solMass>, <Quantity 705835742.49391 solMass>, <Quantity 3.572191924355147 kpc>, <Quantity 4.970895698733223 kpc>, -1, 0, 0, 0, 0, 0]
[171, 4843, <Quantity 2840.9347141781045 kpc>, <Quantity 2622.257663713989 kpc>, <Quantity 2352.172000042549 kpc>, <Quantity 509562422.0977856 solMass>, <Quantity 701895912.2513388 solMass>, <Quantity 3.1340026654385356 kpc>, <Quantity 3.847057167140109 kpc>, -1, 0, 0, 0, 0, 0]
[172, 4842, <Quantity 2691.512315505036 kpc>, <Quantity 2342.2679435230307 kpc>, <Quantity 2854.8399290683656 kpc>, <Quantity 408665220.17772996 solMass>, <Quantity 696440762.6757306 solMass>, <Quantity 2.911763670715874 kpc>, <Quantity 5.040063316800416 kpc>, -1, 0, 0, 0, 0, 0]
[173, 4841, <Quantity 2941.603495823616 kpc>, <Quantity 2801.5928446532166 kpc>, <Quantity 2502.7380108660036 kpc>, <Quantity 798347392.0455551 solMass>, <Quantity 694319315.6121739 solMass>, <Quantity 3.6399677350428186 kpc>, <Quantity 4.773545919387539 kpc>, -1, 0, 0, 0, 0, 0]
[174, 4839, <Quantity 2999.048900736547 kpc>, <Quantity 2445.1215530687155 kpc>, <Quantity 2887.2505654218317 kpc>, <Quantity 582295186.4777638 solMass>, <Quantity 693713187.8862896 solMass>, <Quantity 3.276533634156736 kpc>, <Quantity 8.270043830942166 kpc>, -1, 0, 0, 0, 0, 0]
[176, 4838, <Quantity 2546.003577411636 kpc>, <Quantity 2613.170387516293 kpc>, <Quantity 2376.5148307115196 kpc>, <Quantity 496664053.38290966 solMass>, <Quantity 690379485.3551062 solMass>, <Quantity 3.107333066616124 kpc>, <Quantity 5.6906096199512115 kpc>, -1, 0, 0, 0, 0, 0]
