yt : [INFO     ] 2017-07-25 13:58:35,435 Parameters: current_time              = 6.86908770762e+16
yt : [INFO     ] 2017-07-25 13:58:35,435 Parameters: domain_dimensions         = [2 2 2]
yt : [INFO     ] 2017-07-25 13:58:35,436 Parameters: domain_left_edge          = [ 0.  0.  0.]
yt : [INFO     ] 2017-07-25 13:58:35,436 Parameters: domain_right_edge         = [  3.33803289e+25   3.33803289e+25   3.33803289e+25]
yt : [INFO     ] 2017-07-25 13:58:35,437 Parameters: cosmological_simulation   = 1
yt : [INFO     ] 2017-07-25 13:58:35,437 Parameters: current_redshift          = 2.99999997277
yt : [INFO     ] 2017-07-25 13:58:35,437 Parameters: omega_lambda              = 0.712
yt : [INFO     ] 2017-07-25 13:58:35,437 Parameters: omega_matter              = 0.288
yt : [INFO     ] 2017-07-25 13:58:35,437 Parameters: hubble_constant           = 0.6933
yt : [INFO     ] 2017-07-25 13:58:35,524 Parameters: current_time              = 289.00812412611
yt : [INFO     ] 2017-07-25 13:58:35,524 Parameters: domain_dimensions         = [128 128 128]
yt : [INFO     ] 2017-07-25 13:58:35,524 Parameters: domain_left_edge          = [ 0.  0.  0.]
yt : [INFO     ] 2017-07-25 13:58:35,525 Parameters: domain_right_edge         = [ 1.  1.  1.]
yt : [INFO     ] 2017-07-25 13:58:35,525 Parameters: cosmological_simulation   = 1
yt : [INFO     ] 2017-07-25 13:58:35,525 Parameters: current_redshift          = 2.9999999727687
yt : [INFO     ] 2017-07-25 13:58:35,525 Parameters: omega_lambda              = 0.712
yt : [INFO     ] 2017-07-25 13:58:35,526 Parameters: omega_matter              = 0.288
yt : [INFO     ] 2017-07-25 13:58:35,526 Parameters: hubble_constant           = 0.6933
yt : [INFO     ] 2017-07-25 13:58:35,528 Allocating for 8.672e+03 particles (index particle type 'all')
yt : [INFO     ] 2017-07-25 13:58:35,534 Identified 2.873e+03 octs
TimeNow:  2.176161518972389 Gyr
IsSatellite
IsSatellite
IsSatellite
IsSatellite
IsSatellite
Parsing Hierarchy :   0%|          | 0/35732 [00:00<?, ?it/s]Parsing Hierarchy :   5%|▍         | 1625/35732 [00:00<00:02, 16241.50it/s]Parsing Hierarchy :  10%|█         | 3679/35732 [00:00<00:01, 17530.85it/s]Parsing Hierarchy :  16%|█▌        | 5723/35732 [00:00<00:01, 18402.30it/s]Parsing Hierarchy :  20%|█▉        | 7007/35732 [00:00<00:01, 15995.48it/s]Parsing Hierarchy :  25%|██▌       | 9074/35732 [00:00<00:01, 17394.98it/s]Parsing Hierarchy :  31%|███       | 11127/35732 [00:00<00:01, 18319.89it/s]Parsing Hierarchy :  37%|███▋      | 13200/35732 [00:00<00:01, 19041.48it/s]Parsing Hierarchy :  43%|████▎     | 15263/35732 [00:00<00:01, 19513.82it/s]Parsing Hierarchy :  48%|████▊     | 17121/35732 [00:00<00:01, 17000.47it/s]Parsing Hierarchy :  54%|█████▎    | 19189/35732 [00:01<00:00, 18103.48it/s]Parsing Hierarchy :  59%|█████▉    | 21256/35732 [00:01<00:00, 18871.76it/s]Parsing Hierarchy :  65%|██████▌   | 23311/35732 [00:01<00:00, 19374.13it/s]Parsing Hierarchy :  71%|███████   | 25381/35732 [00:01<00:00, 19771.05it/s]Parsing Hierarchy :  77%|███████▋  | 27439/35732 [00:01<00:00, 20012.96it/s]Parsing Hierarchy :  82%|████████▏ | 29430/35732 [00:01<00:00, 17145.10it/s]Parsing Hierarchy :  88%|████████▊ | 31485/35732 [00:01<00:00, 18160.26it/s]Parsing Hierarchy :  94%|█████████▍| 33540/35732 [00:01<00:00, 18875.79it/s]Parsing Hierarchy : 100%|█████████▉| 35612/35732 [00:01<00:00, 19427.16it/s]Parsing Hierarchy : 100%|██████████| 35732/35732 [00:01<00:00, 17967.01it/s]
yt : [INFO     ] 2017-07-25 13:58:44,322 Gathering a field list (this may take a moment.)
179 2.500891047417065e+16 s
181 1.95433351850043e+16 s
191 2.0363181560270132e+16 s
192 2.518333049020069e+16 s
194 1.8431263446659892e+16 s
196 2.221827466654125e+16 s
200 1.6585002098416336e+16 s
201 2.2718173094788296e+16 s
206 1.5776887218926172e+16 s
209 2.2506243938625704e+16 s
214 2.028115050047661e+16 s
IsSatellite
217 2.3332079013250132e+16 s
220 1.9898001941755572e+16 s
IsSatellite
227 1.5711121450051514e+16 s
237 1.5830741932304258e+16 s
241 1.7062714206587698e+16 s
243 2.6820641051304188e+16 s
247 1.7656573074095478e+16 s
250 1.800432430346567e+16 s
251 2.2013533592744904e+16 s
254 2.0808716079486556e+16 s
255 8028602301806757.0 s
256 1.9976207501481736e+16 s
257 1.8692316283366068e+16 s
259 1.820071705673222e+16 s
260 2.2011067652221736e+16 s
262 1.997995427821763e+16 s
264 2.156364378140937e+16 s
265 1.1908913288563398e+16 s
270 1.7893108941029078e+16 s
272 3.0753071718458076e+16 s
273 2.2445034888309436e+16 s
274 2.5139484294022012e+16 s
276 2.180357103979651e+16 s
277 1.6908133203654258e+16 s
278 9852293004890128.0 s
280 1.5579510080694388e+16 s
282 1.8238166789432244e+16 s
285 1.9398454257044076e+16 s
292 1.356809750168373e+16 s
295 2.2647129147175476e+16 s
296 2.111841756873108e+16 s
299 2.044754375728706e+16 s
301 2.5765407994885264e+16 s
302 2.2305287859030268e+16 s
306 1.7169529559284216e+16 s
308 2.0405169162155996e+16 s
309 2.858078472521226e+16 s
313 1.3494390768383556e+16 s
IsSatellite
327 1.885790273710349e+16 s
328 1.845138476919112e+16 s
330 1.590185188757904e+16 s
331 1.684582297569593e+16 s
IsSatellite
333 2.6790939081982252e+16 s
335 2.5703002664437932e+16 s
337 1.7540922440764362e+16 s
345 1.9488941840675144e+16 s
348 1.5557931387599232e+16 s
349 1.6314214771923478e+16 s
352 2.2550976938890284e+16 s
353 2.0783572719783536e+16 s
356 1.6445195449916744e+16 s
357 2.7663439287340564e+16 s
359 2.260818350747707e+16 s
360 2.632307156767886e+16 s
361 3.092269894910437e+16 s
362 2.3458742482238092e+16 s
364 2.161899854937438e+16 s
365 1.255179808206887e+16 s
375 2.8861130122047664e+16 s
377 1.7896100370056404e+16 s
378 2.6751426901100716e+16 s
381 2.9476069202770136e+16 s
382 3.851329228422803e+16 s
383 1.7490625638268918e+16 s
384 3.0634810636142228e+16 s
389 2.1527744490071412e+16 s
IsSatellite
396 0.0 s
399 1.935932640767703e+16 s
403 2.1211838803958748e+16 s
404 2.6652954604341004e+16 s
405 2.4103043781810656e+16 s
406 2.2507570350078144e+16 s
407 2.3500030424755984e+16 s
409 1.3174729586721e+16 s
413 2.7097983034769396e+16 s
415 1.5139147543957904e+16 s
417 2.2242784399374784e+16 s
421 7791138039360015.0 s
422 8913199982741059.0 s
423 0.0 s
425 0.0 s
426 0.0 s
430 2.0962627076652936e+16 s
431 1.9579435783164e+16 s
432 9243310464922496.0 s
IsSatellite
441 2.0945745664725212e+16 s
IsSatellite
448 1.3563004200908468e+16 s
450 2.8568266046965148e+16 s
451 1.177298455426246e+16 s
453 5895924216725182.0 s
458 0.0 s
459 2.908463780909439e+16 s
IsSatellite
466 0.0 s
471 1.8121053271336132e+16 s
474 1.8059467453778252e+16 s
475 1.8873717647668564e+16 s
476 3.684197518584469e+16 s
478 2.958033355502449e+16 s
483 2.620286976910316e+16 s
488 2.246809469399125e+16 s
493 1.1779572226380554e+16 s
IsSatellite
496 1.9098676023392356e+16 s
501 2.1154195806672124e+16 s
503 1.8929215348299652e+16 s
505 2.7695716458725836e+16 s
506 3.2254768378299628e+16 s
509 2.5024479346146428e+16 s
510 2.0144807396561788e+16 s
515 1.0506872343229114e+16 s
517 2.0182232820235816e+16 s
520 1.809399894200055e+16 s
524 2.3286058856871028e+16 s
IsSatellite
530 3.3691101819746884e+16 s
532 1.5384980645473092e+16 s
IsSatellite
535 1.4590048159439972e+16 s
537 0.0 s
538 2.5220494154196044e+16 s
539 2.2873655620430356e+16 s
544 5408330689321445.0 s
IsSatellite
547 2.37962083779363e+16 s
548 2.502579497386466e+16 s
558 0.0 s
559 3.278206845064892e+16 s
RadiusEqualZero
563 3.790952015521071e+16 s
565 1.4704431526217016e+16 s
566 0.0 s
570 3.2767304152560556e+16 s
571 0.0 s
572 2.4521427028989136e+16 s
573 1.5456754745381442e+16 s
574 0.0 s
576 0.0 s
577 0.0 s
578 2.850674869102567e+16 s
579 0.0 s
IsSatellite
581 3.0999702670554276e+16 s
582 3.009583962533538e+16 s
584 1.933920333618306e+16 s
585 0.0 s
587 3.0099840979171068e+16 s
593 0.0 s
594 3.051565147351024e+16 s
595 2.9774461562220504e+16 s
597 2.7606155281942896e+16 s
598 2.5101609636279204e+16 s
612 0.0 s
613 1.9312413531780796e+16 s
616 2.2877663321819716e+16 s
618 2.6748631611043356e+16 s
622 2.5784319262530684e+16 s
626 1.7580602535383884e+16 s
628 2.8022031718086476e+16 s
630 2.6847026902271468e+16 s
632 2.8628758946588556e+16 s
634 2.513367829609583e+16 s
635 2.8854198981717228e+16 s
638 4.059211736320511e+16 s
639 3.471242453519498e+16 s
641 2.623616189497849e+16 s
643 0.0 s
651 2.5469129264717212e+16 s
656 3.536516538903651e+16 s
659 1.894414084002324e+16 s
660 0.0 s
663 0.0 s
666 0.0 s
668 3.682591567128124e+16 s
670 0.0 s
674 4.281140688488705e+16 s
676 0.0 s
681 1.8761691988881684e+16 s
683 2.7458490752272932e+16 s
685 2.478426667481625e+16 s
686 0.0 s
687 1.657025771615832e+16 s
688 0.0 s
691 0.0 s
692 0.0 s
695 1.5739810093770186e+16 s
696 3.398739758916219e+16 s
698 2.8436155083138788e+16 s
701 2.9053620197195976e+16 s
702 2.0828915970783188e+16 s
704 3.3890659752638336e+16 s
705 3.388965041077664e+16 s
707 2.427155937340072e+16 s
708 2.0996883169219984e+16 s
715 8218340593774303.0 s
IsSatellite
719 4.3840555185713704e+16 s
722 0.0 s
723 2.6706250420792292e+16 s
730 0.0 s
731 0.0 s
732 1.7493097401312176e+16 s
733 1.0079267452748668e+16 s
740 1.0787008684228084e+16 s
745 0.0 s
751 4.737372176439904e+16 s
756 0.0 s
760 0.0 s
762 0.0 s
763 0.0 s
765 0.0 s
767 0.0 s
770 2.8787257481034548e+16 s
772 0.0 s
773 4.133241994899091e+16 s
775 0.0 s
777 2.625653596530835e+16 s
782 2.890584530827515e+16 s
783 2.974200632957443e+16 s
784 0.0 s
786 0.0 s
787 0.0 s
788 0.0 s
791 2.068701529153766e+16 s
794 1.1474722447109794e+16 s
796 0.0 s
798 2.9924219378939456e+16 s
799 0.0 s
IsSatellite
808 3.8639377072754536e+16 s
814 0.0 s
825 0.0 s
828 3.3987219874461612e+16 s
831 1.7340521461661448e+16 s
832 0.0 s
IsSatellite
835 0.0 s
842 0.0 s
843 0.0 s
844 3.913606593077552e+16 s
848 3.1548424613031772e+16 s
849 0.0 s
IsSatellite
852 3.798539115866384e+16 s
853 0.0 s
854 0.0 s
855 3.361718725318328e+16 s
856 0.0 s
860 0.0 s
862 0.0 s
864 2.805956609280017e+16 s
865 0.0 s
867 3.2989080361336264e+16 s
869 0.0 s
870 0.0 s
873 0.0 s
IsSatellite
RadiusEqualZero
880 0.0 s
881 0.0 s
883 4.10182341558586e+16 s
886 0.0 s
888 0.0 s
892 0.0 s
893 0.0 s
894 0.0 s
896 0.0 s
902 0.0 s
903 0.0 s
905 0.0 s
906 0.0 s
910 0.0 s
911 0.0 s
914 0.0 s
918 0.0 s
919 3.4594831783635644e+16 s
920 0.0 s
921 2.140674782549348e+16 s
923 0.0 s
925 0.0 s
926 0.0 s
928 0.0 s
929 0.0 s
934 0.0 s
935 0.0 s
936 0.0 s
937 0.0 s
939 2.801720646909463e+16 s
940 2.9537835374278076e+16 s
941 0.0 s
946 2.5781217510739616e+16 s
950 3.373920082736876e+16 s
951 3.0159127783839636e+16 s
954 0.0 s
956 0.0 s
959 3.3749579229140012e+16 s
962 3.3191750241569748e+16 s
964 0.0 s
968 0.0 s
975 0.0 s
978 0.0 s
979 0.0 s
982 0.0 s
983 1.2216407627954098e+16 s
985 0.0 s
IsSatellite
IsSatellite
988 0.0 s
990 0.0 s
991 2.803743937325914e+16 s
995 0.0 s
996 0.0 s
997 0.0 s
1000 0.0 s
1001 2.2205192013165044e+16 s
1007 0.0 s
IsSatellite
1012 0.0 s
1014 0.0 s
1016 0.0 s
1023 0.0 s
1025 0.0 s
1026 0.0 s
1027 0.0 s
1031 0.0 s
1033 0.0 s
1037 0.0 s
1043 3.574751056990451e+16 s
1044 0.0 s
1047 0.0 s
1048 0.0 s
1049 4.369927997010938e+16 s
1052 0.0 s
1053 0.0 s
1054 3.0360314472198572e+16 s
1056 2.5648756767942844e+16 s
1057 0.0 s
1059 0.0 s
1060 0.0 s
1061 0.0 s
1065 2.9066853928900564e+16 s
1067 0.0 s
1070 3.67443436216686e+16 s
1071 0.0 s
1072 0.0 s
1073 0.0 s
1074 2.7208989111530012e+16 s
1076 0.0 s
1077 0.0 s
1082 0.0 s
1084 0.0 s
1085 0.0 s
1086 0.0 s
1089 0.0 s
1090 0.0 s
1092 0.0 s
1094 0.0 s
1095 0.0 s
1096 3.435233179138434e+16 s
1099 0.0 s
1103 0.0 s
1104 0.0 s
1107 0.0 s
1111 0.0 s
1112 0.0 s
1113 0.0 s
1114 0.0 s
IsSatellite
1119 0.0 s
1122 0.0 s
1123 0.0 s
IsSatellite
1129 0.0 s
1132 0.0 s
1133 0.0 s
1135 0.0 s
1138 0.0 s
1139 0.0 s
1140 0.0 s
1142 3.6393791721728184e+16 s
1148 0.0 s
1149 0.0 s
1150 0.0 s
1151 0.0 s
1153 0.0 s
1155 0.0 s
1156 0.0 s
1158 0.0 s
IsSatellite
1162 0.0 s
1165 0.0 s
1166 0.0 s
1167 0.0 s
1168 0.0 s
1169 0.0 s
1174 0.0 s
1175 0.0 s
1180 0.0 s
1182 0.0 s
1184 0.0 s
1185 0.0 s
IsSatellite
RadiusEqualZero
1189 0.0 s
1191 0.0 s
1194 0.0 s
1195 0.0 s
IsSatellite
1199 0.0 s
IsSatellite
1201 0.0 s
1202 4.030393073591108e+16 s
1206 0.0 s
1207 0.0 s
1209 0.0 s
1211 0.0 s
1213 0.0 s
RadiusEqualZero
1216 0.0 s
1220 3.11979887034069e+16 s
1221 0.0 s
1222 0.0 s
1228 3.093966257084875e+16 s
1229 0.0 s
1234 0.0 s
1235 2.3834843692083132e+16 s
1238 0.0 s
1239 0.0 s
1241 0.0 s
1250 2.844142051324672e+16 s
RadiusEqualZero
1254 0.0 s
1255 2.9433505477018056e+16 s
1256 0.0 s
1258 0.0 s
IsSatellite
1266 0.0 s
1267 0.0 s
1270 0.0 s
1271 0.0 s
1272 0.0 s
1273 0.0 s
1276 0.0 s
1278 0.0 s
1279 0.0 s
1281 0.0 s
1282 0.0 s
1286 3.5713533755146076e+16 s
1287 0.0 s
IsSatellite
1293 0.0 s
1296 0.0 s
1298 1.9496479415564676e+16 s
1299 0.0 s
1303 0.0 s
1305 0.0 s
1306 0.0 s
1307 0.0 s
1311 0.0 s
1312 0.0 s
1314 0.0 s
1315 0.0 s
1323 0.0 s
1327 0.0 s
1333 0.0 s
1336 0.0 s
1337 1.3803745809934408e+16 s
1342 0.0 s
1344 0.0 s
1345 0.0 s
1350 0.0 s
1356 0.0 s
1357 0.0 s
1358 0.0 s
1360 0.0 s
1362 3.834051118081581e+16 s
1364 0.0 s
1366 0.0 s
1369 0.0 s
1370 2.468113754044825e+16 s
1371 4.223334871025162e+16 s
1372 0.0 s
1373 0.0 s
1379 0.0 s
1383 0.0 s
1384 0.0 s
1386 0.0 s
1387 0.0 s
1389 0.0 s
1394 0.0 s
1396 0.0 s
1402 0.0 s
1403 0.0 s
1405 0.0 s
IsSatellite
1412 0.0 s
1413 0.0 s
1414 0.0 s
1415 0.0 s
1416 2.111967975908666e+16 s
1417 4.094369706992558e+16 s
1419 0.0 s
IsSatellite
1424 0.0 s
1426 0.0 s
1428 0.0 s
1431 0.0 s
1434 0.0 s
1435 0.0 s
1437 0.0 s
1439 0.0 s
IsSatellite
1444 0.0 s
1445 0.0 s
1446 0.0 s
1450 0.0 s
1451 0.0 s
1452 0.0 s
1453 0.0 s
IsSatellite
1456 0.0 s
1458 0.0 s
1459 0.0 s
1460 0.0 s
1462 0.0 s
1466 0.0 s
1467 0.0 s
1468 0.0 s
1470 0.0 s
1472 4.133546742841697e+16 s
1473 0.0 s
1475 0.0 s
RadiusEqualZero
IsSatellite
IsSatellite
1485 0.0 s
1486 0.0 s
1487 0.0 s
IsSatellite
IsSatellite
1493 0.0 s
1495 0.0 s
1497 0.0 s
1499 0.0 s
1503 0.0 s
1505 0.0 s
1506 0.0 s
1510 0.0 s
1512 0.0 s
1513 0.0 s
1514 0.0 s
RadiusEqualZero
1520 0.0 s
1521 0.0 s
1522 0.0 s
RadiusEqualZero
1528 0.0 s
1533 0.0 s
1534 0.0 s
1536 0.0 s
1537 0.0 s
1539 0.0 s
1543 0.0 s
1544 0.0 s
1546 0.0 s
1547 0.0 s
1549 0.0 s
1550 1.7402523932410836e+16 s
1553 0.0 s
1554 0.0 s
1555 2.5621876706421372e+16 s
1557 0.0 s
1559 0.0 s
1560 0.0 s
1562 0.0 s
1564 0.0 s
1565 0.0 s
RadiusEqualZero
1570 0.0 s
1572 0.0 s
1575 0.0 s
1578 0.0 s
1579 0.0 s
1580 0.0 s
1581 0.0 s
1583 0.0 s
1587 0.0 s
1589 0.0 s
1590 0.0 s
1591 0.0 s
1596 0.0 s
1598 0.0 s
1599 0.0 s
1601 0.0 s
1609 0.0 s
1610 0.0 s
1613 0.0 s
1615 0.0 s
1616 0.0 s
1618 0.0 s
1619 0.0 s
1623 0.0 s
1624 0.0 s
1627 0.0 s
1629 0.0 s
1630 0.0 s
1632 0.0 s
IsSatellite
1635 0.0 s
1636 0.0 s
1637 3.43980767903659e+16 s
1639 0.0 s
1641 0.0 s
1642 0.0 s
1645 0.0 s
1647 0.0 s
1648 0.0 s
1649 0.0 s
IsSatellite
1651 0.0 s
1654 0.0 s
1655 0.0 s
1656 0.0 s
1657 0.0 s
1658 0.0 s
1659 0.0 s
1661 0.0 s
1662 0.0 s
1663 0.0 s
1664 0.0 s
1666 0.0 s
1668 0.0 s
1669 0.0 s
1670 0.0 s
1673 0.0 s
1676 0.0 s
1678 0.0 s
1679 0.0 s
1680 0.0 s
1682 0.0 s
IsSatellite
1686 0.0 s
1687 0.0 s
1688 0.0 s
IsSatellite
1691 0.0 s
1692 0.0 s
IsSatellite
1696 0.0 s
1697 0.0 s
1701 0.0 s
1702 0.0 s
1705 0.0 s
1708 0.0 s
1711 0.0 s
1712 0.0 s
1714 0.0 s
1715 0.0 s
1716 0.0 s
1717 0.0 s
1719 0.0 s
1721 0.0 s
1724 0.0 s
RadiusEqualZero
1728 0.0 s
1729 0.0 s
1732 0.0 s
1734 0.0 s
1735 0.0 s
1736 0.0 s
1738 0.0 s
1740 0.0 s
1741 0.0 s
1742 0.0 s
1747 0.0 s
1748 0.0 s
1751 0.0 s
1754 0.0 s
1755 0.0 s
IsSatellite
IsSatellite
1762 0.0 s
1763 0.0 s
IsSatellite
1766 0.0 s
IsSatellite
1771 0.0 s
1772 0.0 s
1774 0.0 s
1775 0.0 s
1777 0.0 s
1779 0.0 s
1780 0.0 s
1782 0.0 s
1785 0.0 s
1787 0.0 s
1792 0.0 s
1793 0.0 s
1795 0.0 s
1796 0.0 s
1797 0.0 s
1798 0.0 s
1802 0.0 s
1803 0.0 s
IsSatellite
1808 0.0 s
1809 0.0 s
1810 0.0 s
1811 0.0 s
1812 0.0 s
1813 0.0 s
1814 0.0 s
1815 0.0 s
1816 0.0 s
1819 0.0 s
1820 0.0 s
1822 0.0 s
1823 0.0 s
1825 0.0 s
1826 0.0 s
1833 0.0 s
1834 0.0 s
1839 0.0 s
1841 0.0 s
1845 0.0 s
1846 0.0 s
RadiusEqualZero
1850 0.0 s
IsSatellite
1855 0.0 s
1861 0.0 s
1863 0.0 s
IsSatellite
IsSatellite
1870 0.0 s
1871 0.0 s
1872 0.0 s
1873 0.0 s
1874 0.0 s
1878 0.0 s
1879 0.0 s
1881 0.0 s
IsSatellite
1885 0.0 s
1890 0.0 s
1891 0.0 s
1892 0.0 s
1894 0.0 s
1895 0.0 s
1896 0.0 s
1898 0.0 s
1904 0.0 s
1905 0.0 s
1906 0.0 s
1907 0.0 s
1908 0.0 s
1912 0.0 s
1914 0.0 s
1915 0.0 s
1919 0.0 s
IsSatellite
IsSatellite
IsSatellite
1924 0.0 s
1926 0.0 s
1927 0.0 s
IsSatellite
1937 0.0 s
1939 0.0 s
1940 0.0 s
1945 0.0 s
1948 0.0 s
1952 0.0 s
1954 0.0 s
1956 0.0 s
RadiusEqualZero
1959 0.0 s
1960 0.0 s
1961 0.0 s
1962 0.0 s
1963 0.0 s
1965 0.0 s
1968 0.0 s
1970 0.0 s
1971 0.0 s
1974 0.0 s
1976 0.0 s
1978 0.0 s
1981 0.0 s
IsSatellite
1990 0.0 s
IsSatellite
1995 0.0 s
1998 0.0 s
1999 0.0 s
2000 0.0 s
2002 0.0 s
2004 0.0 s
2007 0.0 s
2011 0.0 s
2012 0.0 s
2014 0.0 s
2015 3.2204886017329692e+16 s
2019 0.0 s
2021 0.0 s
2023 0.0 s
2024 0.0 s
2025 0.0 s
2028 0.0 s
2029 0.0 s
2031 0.0 s
2032 0.0 s
IsSatellite
2038 0.0 s
2039 0.0 s
2043 0.0 s
2044 0.0 s
2046 0.0 s
2047 0.0 s
2048 0.0 s
2050 0.0 s
2051 0.0 s
2052 0.0 s
2054 0.0 s
2056 0.0 s
2057 0.0 s
2058 0.0 s
2059 0.0 s
2061 0.0 s
2062 0.0 s
2064 3.770864195484799e+16 s
2068 0.0 s
2069 0.0 s
2070 0.0 s
2072 0.0 s
2073 0.0 s
2076 0.0 s
2077 0.0 s
2078 0.0 s
2083 0.0 s
2085 0.0 s
2087 0.0 s
2093 0.0 s
2094 0.0 s
2095 0.0 s
2096 0.0 s
2097 0.0 s
2098 0.0 s
2103 0.0 s
2104 0.0 s
2105 0.0 s
2107 0.0 s
2110 0.0 s
2111 0.0 s
2112 0.0 s
2114 0.0 s
IsSatellite
IsSatellite
2118 0.0 s
2119 0.0 s
2120 0.0 s
IsSatellite
IsSatellite
2131 0.0 s
2132 0.0 s
IsSatellite
2134 0.0 s
2135 0.0 s
2139 0.0 s
2140 0.0 s
2141 0.0 s
2142 0.0 s
2144 0.0 s
2145 0.0 s
2146 0.0 s
IsSatellite
2150 0.0 s
2151 0.0 s
IsSatellite
2154 0.0 s
IsSatellite
2158 0.0 s
2161 0.0 s
2167 0.0 s
IsSatellite
2169 0.0 s
IsSatellite
2172 0.0 s
2173 0.0 s
2174 0.0 s
2178 0.0 s
2179 0.0 s
2180 0.0 s
2183 0.0 s
2185 0.0 s
IsSatellite
2194 0.0 s
2195 0.0 s
2196 0.0 s
2199 0.0 s
2200 0.0 s
2201 0.0 s
2203 0.0 s
2207 0.0 s
2209 0.0 s
2210 0.0 s
2211 0.0 s
2212 0.0 s
2216 4.417071991171216e+16 s
IsSatellite
2219 0.0 s
2222 0.0 s
2223 0.0 s
IsSatellite
2225 0.0 s
2226 0.0 s
IsSatellite
2229 0.0 s
2230 0.0 s
2231 0.0 s
2233 0.0 s
2235 0.0 s
2237 0.0 s
2238 0.0 s
IsSatellite
2240 0.0 s
2243 0.0 s
2245 0.0 s
RadiusEqualZero
2247 0.0 s
2250 0.0 s
2251 0.0 s
2252 0.0 s
IsSatellite
2255 0.0 s
2256 0.0 s
2264 0.0 s
RadiusEqualZero
2269 0.0 s
2270 0.0 s
2273 0.0 s
2277 0.0 s
IsSatellite
IsSatellite
2286 0.0 s
2289 0.0 s
2290 0.0 s
2291 0.0 s
2292 0.0 s
2293 0.0 s
2295 0.0 s
2298 0.0 s
2300 0.0 s
2301 0.0 s
2304 0.0 s
2305 0.0 s
2307 0.0 s
2308 0.0 s
2311 0.0 s
2312 0.0 s
RadiusEqualZero
2317 0.0 s
2321 0.0 s
2323 0.0 s
RadiusEqualZero
2328 0.0 s
2329 0.0 s
2330 0.0 s
2333 0.0 s
2334 0.0 s
2335 0.0 s
2336 0.0 s
2337 0.0 s
2338 0.0 s
2341 0.0 s
2342 0.0 s
2344 0.0 s
2346 0.0 s
2350 0.0 s
2351 0.0 s
2353 0.0 s
2355 0.0 s
2359 0.0 s
2360 0.0 s
2361 0.0 s
2363 0.0 s
2366 0.0 s
2367 0.0 s
2369 0.0 s
2370 0.0 s
2373 0.0 s
2374 0.0 s
2375 0.0 s
2377 0.0 s
2378 2.2956405454677476e+16 s
2384 0.0 s
IsSatellite
2387 3.515145642251926e+16 s
2389 0.0 s
2394 0.0 s
2395 0.0 s
2396 0.0 s
2397 0.0 s
2399 0.0 s
2400 0.0 s
2402 0.0 s
2403 0.0 s
RadiusEqualZero
2405 0.0 s
2409 0.0 s
RadiusEqualZero
2414 0.0 s
2417 0.0 s
2418 0.0 s
2419 0.0 s
2420 0.0 s
2421 0.0 s
2426 0.0 s
2427 0.0 s
IsSatellite
IsSatellite
2433 0.0 s
2434 0.0 s
2435 0.0 s
IsSatellite
IsSatellite
2440 0.0 s
2443 0.0 s
2444 0.0 s
2446 0.0 s
2450 0.0 s
IsSatellite
2454 0.0 s
2455 0.0 s
2458 0.0 s
2461 0.0 s
2463 0.0 s
2465 0.0 s
2467 0.0 s
2469 0.0 s
2471 0.0 s
2472 3.1212063062267744e+16 s
2473 0.0 s
2477 0.0 s
2478 0.0 s
2479 0.0 s
2481 0.0 s
2483 0.0 s
2484 0.0 s
IsSatellite
2489 0.0 s
IsSatellite
2496 0.0 s
2497 0.0 s
2501 0.0 s
2505 0.0 s
IsSatellite
2509 0.0 s
2510 0.0 s
2512 0.0 s
2513 0.0 s
2514 0.0 s
2522 0.0 s
2523 0.0 s
2525 0.0 s
IsSatellite
2528 0.0 s
2529 2.67296712815724e+16 s
2530 0.0 s
2534 0.0 s
IsSatellite
2540 0.0 s
2541 0.0 s
2543 0.0 s
2545 0.0 s
2549 0.0 s
2551 0.0 s
2552 0.0 s
2554 0.0 s
2556 0.0 s
2557 0.0 s
RadiusEqualZero
2559 0.0 s
2560 0.0 s
2561 0.0 s
2562 0.0 s
2563 0.0 s
RadiusEqualZero
2566 0.0 s
2567 0.0 s
2569 0.0 s
2572 0.0 s
2573 0.0 s
2574 0.0 s
2577 3.898398260867378e+16 s
2579 0.0 s
2580 0.0 s
2581 0.0 s
2582 0.0 s
2583 0.0 s
2585 0.0 s
2586 0.0 s
2587 0.0 s
2588 0.0 s
2589 0.0 s
2590 0.0 s
2592 0.0 s
2593 0.0 s
2595 0.0 s
2596 0.0 s
2597 0.0 s
2598 0.0 s
2599 0.0 s
2600 0.0 s
2603 0.0 s
2604 0.0 s
IsSatellite
2611 0.0 s
2612 0.0 s
2614 0.0 s
2617 0.0 s
RadiusEqualZero
2620 0.0 s
2621 0.0 s
2622 0.0 s
2624 0.0 s
2627 0.0 s
2628 0.0 s
2629 0.0 s
IsSatellite
2635 0.0 s
2636 0.0 s
2637 0.0 s
IsSatellite
2639 0.0 s
2640 0.0 s
2641 0.0 s
2643 0.0 s
2644 0.0 s
2646 0.0 s
2647 0.0 s
2648 0.0 s
2649 0.0 s
2652 0.0 s
2655 0.0 s
2661 0.0 s
2663 0.0 s
2664 0.0 s
2665 0.0 s
2670 0.0 s
2671 0.0 s
2672 0.0 s
2673 0.0 s
IsSatellite
2676 0.0 s
2679 0.0 s
2680 0.0 s
2681 0.0 s
2682 0.0 s
2684 0.0 s
2686 0.0 s
2687 0.0 s
2689 0.0 s
2690 0.0 s
2692 0.0 s
2693 0.0 s
2695 0.0 s
2698 0.0 s
2699 0.0 s
IsSatellite
2702 0.0 s
2703 0.0 s
2705 0.0 s
2706 0.0 s
2707 0.0 s
IsSatellite
2709 0.0 s
2710 0.0 s
2711 0.0 s
2712 0.0 s
2713 0.0 s
2715 0.0 s
2716 0.0 s
2719 0.0 s
2720 0.0 s
2721 0.0 s
2724 0.0 s
2725 0.0 s
2728 0.0 s
2729 0.0 s
IsSatellite
2734 0.0 s
2736 0.0 s
2737 0.0 s
2739 0.0 s
2740 0.0 s
2744 0.0 s
2748 0.0 s
2749 0.0 s
2751 0.0 s
2752 0.0 s
IsSatellite
2755 0.0 s
2756 0.0 s
2765 0.0 s
2766 0.0 s
2768 0.0 s
2774 0.0 s
2778 0.0 s
2779 0.0 s
2780 0.0 s
2783 0.0 s
2784 0.0 s
2785 0.0 s
2790 0.0 s
2791 0.0 s
2792 0.0 s
2794 0.0 s
2795 0.0 s
IsSatellite
2799 0.0 s
2800 0.0 s
RadiusEqualZero
2806 0.0 s
2807 0.0 s
2808 0.0 s
2813 0.0 s
IsSatellite
IsSatellite
2816 0.0 s
2818 0.0 s
2820 0.0 s
IsSatellite
2823 3.2819248614236708e+16 s
2825 0.0 s
2827 0.0 s
2829 0.0 s
2832 0.0 s
2835 0.0 s
2836 0.0 s
2838 0.0 s
IsSatellite
2843 0.0 s
2846 0.0 s
2847 0.0 s
2849 0.0 s
2852 0.0 s
2853 0.0 s
2854 0.0 s
2855 0.0 s
2857 0.0 s
2863 0.0 s
2865 0.0 s
2866 0.0 s
2868 0.0 s
IsSatellite
2870 0.0 s
2874 0.0 s
2875 0.0 s
2877 0.0 s
IsSatellite
2881 0.0 s
2883 0.0 s
2884 0.0 s
2887 0.0 s
IsSatellite
2891 0.0 s
2893 0.0 s
2895 0.0 s
2896 0.0 s
2897 0.0 s
IsSatellite
2905 0.0 s
2906 0.0 s
2907 0.0 s
2908 0.0 s
2911 0.0 s
2912 0.0 s
2913 0.0 s
2915 0.0 s
2916 0.0 s
2917 0.0 s
2918 0.0 s
RadiusEqualZero
IsSatellite
2922 0.0 s
2925 0.0 s
2926 0.0 s
IsSatellite
2930 0.0 s
2931 0.0 s
2933 0.0 s
2936 0.0 s
2939 0.0 s
2940 0.0 s
2941 0.0 s
2946 0.0 s
2947 0.0 s
2952 0.0 s
2953 0.0 s
2954 0.0 s
2955 0.0 s
2956 0.0 s
2957 0.0 s
2958 0.0 s
2959 0.0 s
2960 0.0 s
2963 0.0 s
2964 0.0 s
IsSatellite
2967 0.0 s
2968 0.0 s
2969 0.0 s
RadiusEqualZero
2972 0.0 s
2973 0.0 s
2975 0.0 s
2977 0.0 s
2978 0.0 s
IsSatellite
2980 0.0 s
2981 0.0 s
2983 0.0 s
2985 0.0 s
2986 0.0 s
IsSatellite
2992 0.0 s
2993 0.0 s
2995 0.0 s
2996 0.0 s
2997 0.0 s
2998 0.0 s
IsSatellite
123AllDone123
