yt : [INFO     ] 2017-07-25 11:32:52,418 Parameters: current_time              = 6.86908770762e+16
yt : [INFO     ] 2017-07-25 11:32:52,418 Parameters: domain_dimensions         = [2 2 2]
yt : [INFO     ] 2017-07-25 11:32:52,418 Parameters: domain_left_edge          = [ 0.  0.  0.]
yt : [INFO     ] 2017-07-25 11:32:52,419 Parameters: domain_right_edge         = [  3.33803289e+25   3.33803289e+25   3.33803289e+25]
yt : [INFO     ] 2017-07-25 11:32:52,419 Parameters: cosmological_simulation   = 1
yt : [INFO     ] 2017-07-25 11:32:52,419 Parameters: current_redshift          = 2.99999997277
yt : [INFO     ] 2017-07-25 11:32:52,419 Parameters: omega_lambda              = 0.712
yt : [INFO     ] 2017-07-25 11:32:52,420 Parameters: omega_matter              = 0.288
yt : [INFO     ] 2017-07-25 11:32:52,420 Parameters: hubble_constant           = 0.6933
yt : [INFO     ] 2017-07-25 11:32:52,499 Parameters: current_time              = 289.00812412611
yt : [INFO     ] 2017-07-25 11:32:52,499 Parameters: domain_dimensions         = [128 128 128]
yt : [INFO     ] 2017-07-25 11:32:52,500 Parameters: domain_left_edge          = [ 0.  0.  0.]
yt : [INFO     ] 2017-07-25 11:32:52,500 Parameters: domain_right_edge         = [ 1.  1.  1.]
yt : [INFO     ] 2017-07-25 11:32:52,501 Parameters: cosmological_simulation   = 1
yt : [INFO     ] 2017-07-25 11:32:52,501 Parameters: current_redshift          = 2.9999999727687
yt : [INFO     ] 2017-07-25 11:32:52,501 Parameters: omega_lambda              = 0.712
yt : [INFO     ] 2017-07-25 11:32:52,501 Parameters: omega_matter              = 0.288
yt : [INFO     ] 2017-07-25 11:32:52,501 Parameters: hubble_constant           = 0.6933
yt : [INFO     ] 2017-07-25 11:32:52,506 Allocating for 8.672e+03 particles (index particle type 'all')
yt : [INFO     ] 2017-07-25 11:32:52,515 Identified 2.873e+03 octs
TimeNow:  2.176161518972389 Gyr
IsSatellite
IsSatellite
IsSatellite
IsSatellite
IsSatellite
Parsing Hierarchy :   0%|          | 0/35732 [00:00<?, ?it/s]Parsing Hierarchy :   4%|▍         | 1535/35732 [00:00<00:02, 15345.22it/s]Parsing Hierarchy :  10%|▉         | 3530/35732 [00:00<00:01, 16726.50it/s]Parsing Hierarchy :  15%|█▌        | 5517/35732 [00:00<00:01, 17667.65it/s]Parsing Hierarchy :  19%|█▉        | 6758/35732 [00:00<00:01, 15514.04it/s]Parsing Hierarchy :  25%|██▍       | 8758/35732 [00:00<00:01, 16858.45it/s]Parsing Hierarchy :  30%|██▉       | 10718/35732 [00:00<00:01, 17680.47it/s]Parsing Hierarchy :  35%|███▌      | 12631/35732 [00:00<00:01, 18113.87it/s]Parsing Hierarchy :  41%|████      | 14583/35732 [00:00<00:01, 18533.50it/s]Parsing Hierarchy :  46%|████▌     | 16348/35732 [00:00<00:01, 16045.12it/s]Parsing Hierarchy :  51%|█████     | 18301/35732 [00:01<00:01, 17088.95it/s]Parsing Hierarchy :  57%|█████▋    | 20235/35732 [00:01<00:00, 17763.33it/s]Parsing Hierarchy :  62%|██████▏   | 22186/35732 [00:01<00:00, 18285.75it/s]Parsing Hierarchy :  68%|██████▊   | 24158/35732 [00:01<00:00, 18715.58it/s]Parsing Hierarchy :  73%|███████▎  | 26139/35732 [00:01<00:00, 19043.51it/s]Parsing Hierarchy :  79%|███████▊  | 28104/35732 [00:01<00:00, 19223.30it/s]Parsing Hierarchy :  84%|████████▍ | 30020/35732 [00:01<00:00, 16564.47it/s]Parsing Hierarchy :  90%|████████▉ | 32005/35732 [00:01<00:00, 17546.02it/s]Parsing Hierarchy :  95%|█████████▌| 33986/35732 [00:01<00:00, 18222.83it/s]Parsing Hierarchy : 100%|██████████| 35732/35732 [00:02<00:00, 17311.55it/s]
yt : [INFO     ] 2017-07-25 11:33:01,658 Gathering a field list (this may take a moment.)
179 2.500891047417065e+16 s
181 1.95433351850043e+16 s
191 2.0363181560270132e+16 s
192 2.518333049020069e+16 s
194 1.8431263446659892e+16 s
196 2.221827466654125e+16 s
200 1.6585002098416336e+16 s
201 2.2718173094788296e+16 s
206 1.5776887218926172e+16 s
209 2.2506243938625704e+16 s
214 2.028115050047661e+16 s
IsSatellite
217 2.3332079013250132e+16 s
220 1.9898001941755572e+16 s
IsSatellite
227 1.5711121450051514e+16 s
237 1.5830741932304258e+16 s
241 1.7062714206587698e+16 s
243 2.6820641051304188e+16 s
247 1.7656573074095478e+16 s
250 1.800432430346567e+16 s
251 2.2013533592744904e+16 s
254 2.0808716079486556e+16 s
255 8028602301806757.0 s
256 1.9976207501481736e+16 s
257 1.8692316283366068e+16 s
259 1.820071705673222e+16 s
260 2.2011067652221736e+16 s
262 1.997995427821763e+16 s
264 2.156364378140937e+16 s
265 1.1908913288563398e+16 s
270 1.7893108941029078e+16 s
272 3.0753071718458076e+16 s
273 2.2445034888309436e+16 s
274 2.5139484294022012e+16 s
276 2.180357103979651e+16 s
277 1.6908133203654258e+16 s
278 9852293004890128.0 s
280 1.5579510080694388e+16 s
282 1.8238166789432244e+16 s
285 1.9398454257044076e+16 s
292 1.356809750168373e+16 s
295 2.2647129147175476e+16 s
296 2.111841756873108e+16 s
299 2.044754375728706e+16 s
301 2.5765407994885264e+16 s
302 2.2305287859030268e+16 s
306 1.7169529559284216e+16 s
308 2.0405169162155996e+16 s
309 2.858078472521226e+16 s
313 1.3494390768383556e+16 s
IsSatellite
327 1.885790273710349e+16 s
328 1.845138476919112e+16 s
330 1.590185188757904e+16 s
331 1.684582297569593e+16 s
IsSatellite
333 2.6790939081982252e+16 s
335 2.5703002664437932e+16 s
337 1.7540922440764362e+16 s
345 1.9488941840675144e+16 s
348 1.5557931387599232e+16 s
349 1.6314214771923478e+16 s
352 2.2550976938890284e+16 s
353 2.0783572719783536e+16 s
356 1.6445195449916744e+16 s
357 2.7663439287340564e+16 s
359 2.260818350747707e+16 s
360 2.632307156767886e+16 s
361 3.092269894910437e+16 s
362 2.3458742482238092e+16 s
364 2.161899854937438e+16 s
365 1.255179808206887e+16 s
375 2.8861130122047664e+16 s
377 1.7896100370056404e+16 s
378 2.6751426901100716e+16 s
381 2.9476069202770136e+16 s
382 3.851329228422803e+16 s
383 1.7490625638268918e+16 s
384 3.0634810636142228e+16 s
389 2.1527744490071412e+16 s
IsSatellite
396 0.0 s
399 1.935932640767703e+16 s
403 2.1211838803958748e+16 s
404 2.6652954604341004e+16 s
405 2.4103043781810656e+16 s
406 2.2507570350078144e+16 s
407 2.3500030424755984e+16 s
409 1.3174729586721e+16 s
413 2.7097983034769396e+16 s
415 1.5139147543957904e+16 s
417 2.2242784399374784e+16 s
421 7791138039360015.0 s
422 8913199982741059.0 s
423 0.0 s
425 0.0 s
426 0.0 s
430 2.0962627076652936e+16 s
431 1.9579435783164e+16 s
432 9243310464922496.0 s
IsSatellite
441 2.0945745664725212e+16 s
IsSatellite
448 1.3563004200908468e+16 s
450 2.8568266046965148e+16 s
451 1.177298455426246e+16 s
453 5895924216725182.0 s
458 0.0 s
459 2.908463780909439e+16 s
IsSatellite
466 0.0 s
471 1.8121053271336132e+16 s
474 1.8059467453778252e+16 s
475 1.8873717647668564e+16 s
476 3.684197518584469e+16 s
478 2.958033355502449e+16 s
483 2.620286976910316e+16 s
488 2.246809469399125e+16 s
493 1.1779572226380554e+16 s
IsSatellite
496 1.9098676023392356e+16 s
501 2.1154195806672124e+16 s
slurmstepd: error: *** JOB 3529471 ON tiger-r10c1n15 CANCELLED AT 2017-07-25T13:36:58 DUE TO TIME LIMIT ***
srun: Job step aborted: Waiting up to 47 seconds for job step to finish.
slurmstepd: error: *** STEP 3529471.0 ON tiger-r10c1n15 CANCELLED AT 2017-07-25T13:36:58 DUE TO TIME LIMIT ***
