yt : [INFO     ] 2017-07-23 22:20:15,055 Parameters: current_time              = 6.86908765558e+16
yt : [INFO     ] 2017-07-23 22:20:15,055 Parameters: domain_dimensions         = [2 2 2]
yt : [INFO     ] 2017-07-23 22:20:15,056 Parameters: domain_left_edge          = [ 0.  0.  0.]
yt : [INFO     ] 2017-07-23 22:20:15,056 Parameters: domain_right_edge         = [  3.33803287e+25   3.33803287e+25   3.33803287e+25]
yt : [INFO     ] 2017-07-23 22:20:15,057 Parameters: cosmological_simulation   = 1
yt : [INFO     ] 2017-07-23 22:20:15,057 Parameters: current_redshift          = 2.99999999323
yt : [INFO     ] 2017-07-23 22:20:15,057 Parameters: omega_lambda              = 0.712
yt : [INFO     ] 2017-07-23 22:20:15,057 Parameters: omega_matter              = 0.288
yt : [INFO     ] 2017-07-23 22:20:15,057 Parameters: hubble_constant           = 0.6933
yt : [INFO     ] 2017-07-23 22:20:15,193 Parameters: current_time              = 289.00812193668
yt : [INFO     ] 2017-07-23 22:20:15,193 Parameters: domain_dimensions         = [128 128 128]
yt : [INFO     ] 2017-07-23 22:20:15,194 Parameters: domain_left_edge          = [ 0.  0.  0.]
yt : [INFO     ] 2017-07-23 22:20:15,194 Parameters: domain_right_edge         = [ 1.  1.  1.]
yt : [INFO     ] 2017-07-23 22:20:15,195 Parameters: cosmological_simulation   = 1
yt : [INFO     ] 2017-07-23 22:20:15,195 Parameters: current_redshift          = 2.9999999932267
yt : [INFO     ] 2017-07-23 22:20:15,195 Parameters: omega_lambda              = 0.712
yt : [INFO     ] 2017-07-23 22:20:15,195 Parameters: omega_matter              = 0.288
yt : [INFO     ] 2017-07-23 22:20:15,195 Parameters: hubble_constant           = 0.6933
yt : [INFO     ] 2017-07-23 22:20:15,198 Allocating for 6.595e+03 particles (index particle type 'all')
yt : [INFO     ] 2017-07-23 22:20:15,203 Identified 2.289e+03 octs
[132, 6594, <Quantity 5197.144846972099 kpc>, <Quantity 5012.2931974918465 kpc>, <Quantity 5124.846470305512 kpc>, <Quantity 207723099926.06638 solMass>, <Quantity 131924912869.03693 solMass>, <Quantity 45.96589604069582 kpc>, <Quantity 47.50631327577304 kpc>, 660, 0, 0, 0, 0, 0]
[151, 6593, <Quantity 5454.4673054548475 kpc>, <Quantity 5416.735856365254 kpc>, <Quantity 5391.686385517777 kpc>, <Quantity 171296110241.2049 solMass>, <Quantity 104722506423.54036 solMass>, <Quantity 43.10456822889699 kpc>, <Quantity 69.01151144520006 kpc>, 1396, 0, 0, 0, 0, 0]
[167, 6590, <Quantity 5751.076407703528 kpc>, <Quantity 5177.481860568955 kpc>, <Quantity 6060.9456669389465 kpc>, <Quantity 46033629733.89511 solMass>, <Quantity 31699874193.683773 solMass>, <Quantity 27.816290004641342 kpc>, <Quantity 44.91046691138208 kpc>, 1702, 0, 0, 0, 0, 0]
[170, 6589, <Quantity 5168.072214606057 kpc>, <Quantity 4780.709152257121 kpc>, <Quantity 4941.151856432611 kpc>, <Quantity 41512146679.24799 solMass>, <Quantity 27766408284.89992 solMass>, <Quantity 26.874013409982307 kpc>, <Quantity 28.46884501490322 kpc>, 1526, 0, 0, 0, 0, 0]
[173, 6588, <Quantity 5460.057725923975 kpc>, <Quantity 4979.458616228277 kpc>, <Quantity 5178.641459513476 kpc>, <Quantity 37149687200.38368 solMass>, <Quantity 24272991108.664894 solMass>, <Quantity 25.89758015491593 kpc>, <Quantity 31.368199934292456 kpc>, 1881, 0, 0, 0, 0, 0]
[181, 6585, <Quantity 5631.341574865704 kpc>, <Quantity 5572.590941151631 kpc>, <Quantity 5251.699511413549 kpc>, <Quantity 23205398765.454018 solMass>, <Quantity 18253536612.718796 solMass>, <Quantity 22.13793684025662 kpc>, <Quantity 29.848777933515446 kpc>, 2700, 0, 0, 0, 0, 0]
[183, 6583, <Quantity 5048.718521434824 kpc>, <Quantity 4634.110943411321 kpc>, <Quantity 4847.463806791476 kpc>, <Quantity 23529879779.108994 solMass>, <Quantity 16918843350.412098 solMass>, <Quantity 22.240644496256298 kpc>, <Quantity 22.16366893704124 kpc>, 2490, 0, 0, 0, 0, 0]
[189, 6579, <Quantity 5756.461627268443 kpc>, <Quantity 4951.720842717933 kpc>, <Quantity 6238.09011370335 kpc>, <Quantity 16140286483.060827 solMass>, <Quantity 13761523999.925846 solMass>, <Quantity 19.61452875166125 kpc>, <Quantity 23.97196318120445 kpc>, -1, 0, 0, 0, 0, 0]
[191, 6582, <Quantity 4942.062326599352 kpc>, <Quantity 5514.631106277645 kpc>, <Quantity 4455.076708888408 kpc>, <Quantity 20036570681.28432 solMass>, <Quantity 13523315801.11701 solMass>, <Quantity 21.080549617091524 kpc>, <Quantity 31.133328845554214 kpc>, 2025, 0, 0, 0, 0, 0]
[193, 6581, <Quantity 5650.598213707526 kpc>, <Quantity 4929.4924386338635 kpc>, <Quantity 5207.376263714003 kpc>, <Quantity 17286521855.245106 solMass>, <Quantity 12875365257.971584 solMass>, <Quantity 20.068273230012167 kpc>, <Quantity 24.823727840255952 kpc>, 2043, 0, 0, 0, 0, 0]
[196, 6577, <Quantity 5749.976320375863 kpc>, <Quantity 5246.725786278072 kpc>, <Quantity 5355.010219827224 kpc>, <Quantity 20383375749.694756 solMass>, <Quantity 11547339400.008835 solMass>, <Quantity 21.20147953057372 kpc>, <Quantity 35.05590588538678 kpc>, 2666, 0, 0, 0, 0, 0]
[199, 6575, <Quantity 5292.754740814427 kpc>, <Quantity 5802.58060808889 kpc>, <Quantity 4490.469373845668 kpc>, <Quantity 16185167981.27129 solMass>, <Quantity 10813318716.92811 solMass>, <Quantity 19.632692714966396 kpc>, <Quantity 27.662030477663183 kpc>, -1, 0, 0, 0, 0, 0]
[202, 6574, <Quantity 5108.897849388966 kpc>, <Quantity 4829.263085175633 kpc>, <Quantity 4970.485255148277 kpc>, <Quantity 1.806834777048902e+44 solMass>, <Quantity 10735431304.59134 solMass>, <Quantity 120.45832153964821 kpc>, <Quantity 22.976058308620967 kpc>, -1, 0, 0, 0, 0, 0]
[210, 6572, <Quantity 4974.7744510205 kpc>, <Quantity 5575.299016964439 kpc>, <Quantity 4976.538615307492 kpc>, <Quantity 12080101624.782564 solMass>, <Quantity 9185562696.122768 solMass>, <Quantity 17.808649839935796 kpc>, <Quantity 21.79511077689328 kpc>, 2659, 0, 0, 0, 0, 0]
[214, 6571, <Quantity 5459.360214294609 kpc>, <Quantity 5533.938957057722 kpc>, <Quantity 5153.27645622902 kpc>, <Quantity 11549861685.52383 solMass>, <Quantity 7744190952.732647 solMass>, <Quantity 17.544179412505045 kpc>, <Quantity 19.978450818732842 kpc>, -1, 0, 0, 0, 0, 0]
[220, 6570, <Quantity 5384.164151111914 kpc>, <Quantity 5438.7814927364 kpc>, <Quantity 5396.114132625007 kpc>, <Quantity 14020800919.867022 solMass>, <Quantity 7034415379.485759 solMass>, <Quantity 18.715369523360597 kpc>, <Quantity 24.562759524153375 kpc>, 2386, 0, 0, 0, 0, 0]
[225, 6569, <Quantity 5552.116070218862 kpc>, <Quantity 5154.175455324005 kpc>, <Quantity 5259.873478165077 kpc>, <Quantity 9432908579.91185 solMass>, <Quantity 6571333793.644836 solMass>, <Quantity 16.39920043464055 kpc>, <Quantity 24.23203110963574 kpc>, -1, 0, 0, 0, 0, 0]
[227, 6567, <Quantity 5283.874825671193 kpc>, <Quantity 5663.496588815327 kpc>, <Quantity 5338.317849155065 kpc>, <Quantity 8965903879.803726 solMass>, <Quantity 6328882700.785732 solMass>, <Quantity 16.123976567843656 kpc>, <Quantity 20.954519411626734 kpc>, -1, 0, 0, 0, 0, 0]
[228, 6566, <Quantity 4895.107151096027 kpc>, <Quantity 5617.217990075646 kpc>, <Quantity 5575.15612555728 kpc>, <Quantity 8835486134.009138 solMass>, <Quantity 6248873840.72633 solMass>, <Quantity 16.04541479586371 kpc>, <Quantity 18.89720630573905 kpc>, -1, 0, 0, 0, 0, 0]
[229, 6565, <Quantity 5739.545418491382 kpc>, <Quantity 4945.106358359497 kpc>, <Quantity 5233.989986705574 kpc>, <Quantity 7547493891.957091 solMass>, <Quantity 6217961326.757877 solMass>, <Quantity 15.224453855532554 kpc>, <Quantity 25.330973810697724 kpc>, -1, 0, 0, 0, 0, 0]
[233, 6563, <Quantity 5015.918933091557 kpc>, <Quantity 5820.561958116665 kpc>, <Quantity 5321.285777490219 kpc>, <Quantity 8636852072.857077 solMass>, <Quantity 6127042166.48076 solMass>, <Quantity 15.924261200644104 kpc>, <Quantity 19.362304510311827 kpc>, 1846, 0, 0, 0, 0, 0]
[234, 6562, <Quantity 5230.855023334628 kpc>, <Quantity 5694.481375758809 kpc>, <Quantity 5338.852219197648 kpc>, <Quantity 9489846571.613945 solMass>, <Quantity 6078248884.129475 solMass>, <Quantity 16.432130012819986 kpc>, <Quantity 20.77903325105709 kpc>, -1, 0, 0, 0, 0, 0]
[236, 6561, <Quantity 5313.127331649626 kpc>, <Quantity 5719.852456684543 kpc>, <Quantity 4718.278696732904 kpc>, <Quantity 8062405566.197378 solMass>, <Quantity 5958235593.48361 solMass>, <Quantity 15.563084629391174 kpc>, <Quantity 18.88914041714223 kpc>, 2996, 0, 0, 0, 0, 0]
[238, 6560, <Quantity 5351.107019955647 kpc>, <Quantity 4831.833588819512 kpc>, <Quantity 5058.768667083208 kpc>, <Quantity 7863372337.120428 solMass>, <Quantity 5849435666.296764 solMass>, <Quantity 15.433949642589242 kpc>, <Quantity 16.481531938141178 kpc>, -1, 0, 0, 0, 0, 0]
[239, 6559, <Quantity 5636.575436697637 kpc>, <Quantity 4858.754528991883 kpc>, <Quantity 5171.7269620456045 kpc>, <Quantity 7050728757.021626 solMass>, <Quantity 5736089780.425812 solMass>, <Quantity 14.882828182596725 kpc>, <Quantity 14.646234997255714 kpc>, -1, 0, 0, 0, 0, 0]
[240, 6558, <Quantity 5433.229638634125 kpc>, <Quantity 4992.850459763839 kpc>, <Quantity 5127.785766392845 kpc>, <Quantity 8187828383.388389 solMass>, <Quantity 5684871987.426167 solMass>, <Quantity 15.64337210539989 kpc>, <Quantity 21.51305400984138 kpc>, -1, 0, 0, 0, 0, 0]
[241, 6557, <Quantity 5718.94652352337 kpc>, <Quantity 5476.949517401274 kpc>, <Quantity 6182.309500758295 kpc>, <Quantity 7643573387.241704 solMass>, <Quantity 5630320490.8388195 solMass>, <Quantity 15.28878401282834 kpc>, <Quantity 18.418739082061798 kpc>, -1, 0, 0, 0, 0, 0]
[248, 6556, <Quantity 5190.418905596357 kpc>, <Quantity 5502.522535929152 kpc>, <Quantity 5464.8901583087145 kpc>, <Quantity 7495491295.975725 solMass>, <Quantity 5152691839.523218 solMass>, <Quantity 15.189407501703 kpc>, <Quantity 18.826544798024106 kpc>, -1, 0, 0, 0, 0, 0]
[249, 6555, <Quantity 5382.708946361508 kpc>, <Quantity 5206.186167795698 kpc>, <Quantity 5232.733020250756 kpc>, <Quantity 6370987349.102987 solMass>, <Quantity 5138447838.030582 solMass>, <Quantity 14.388307574594355 kpc>, <Quantity 20.16890939238466 kpc>, -1, 0, 0, 0, 0, 0]
[257, 6551, <Quantity 5565.604714557128 kpc>, <Quantity 5527.397490113009 kpc>, <Quantity 5160.729854569437 kpc>, <Quantity 5585856122.645648 solMass>, <Quantity 4347451149.185933 solMass>, <Quantity 13.771166015205814 kpc>, <Quantity 15.009115851937663 kpc>, -1, 0, 0, 0, 0, 0]
[258, 6550, <Quantity 5370.619789294649 kpc>, <Quantity 5769.961986352377 kpc>, <Quantity 4558.482325530033 kpc>, <Quantity 6078223974.253328 solMass>, <Quantity 4346845021.217028 solMass>, <Quantity 14.164449439939277 kpc>, <Quantity 14.751994420993753 kpc>, -1, 0, 0, 0, 0, 0]
[261, 6548, <Quantity 5366.105839121818 kpc>, <Quantity 5793.582504013563 kpc>, <Quantity 4521.686836562716 kpc>, <Quantity 6068414740.328885 solMass>, <Quantity 4178947639.8522596 solMass>, <Quantity 14.156825655487193 kpc>, <Quantity 17.631792691911663 kpc>, -1, 0, 0, 0, 0, 0]
[265, 6545, <Quantity 5757.6390558294015 kpc>, <Quantity 5703.682114467741 kpc>, <Quantity 5026.225722258051 kpc>, <Quantity 5201501116.905907 solMass>, <Quantity 3817998576.35682 solMass>, <Quantity 13.447772832939407 kpc>, <Quantity 14.701335364510278 kpc>, -1, 0, 0, 0, 0, 0]
[269, 6542, <Quantity 5733.094332419113 kpc>, <Quantity 4910.190074414788 kpc>, <Quantity 6195.043186449735 kpc>, <Quantity 4889203521.339999 solMass>, <Quantity 3691620944.502669 solMass>, <Quantity 13.173065080365866 kpc>, <Quantity 14.157619202191386 kpc>, -1, 0, 0, 0, 0, 0]
[270, 6541, <Quantity 4990.786142402729 kpc>, <Quantity 5741.886862338626 kpc>, <Quantity 5328.536578793344 kpc>, <Quantity 4725697643.337623 solMass>, <Quantity 3677073878.69972 solMass>, <Quantity 13.024551458756125 kpc>, <Quantity 13.645836662084124 kpc>, -1, 0, 0, 0, 0, 0]
[276, 6539, <Quantity 5643.490675076996 kpc>, <Quantity 5086.031707604229 kpc>, <Quantity 6084.506639160742 kpc>, <Quantity 5301560345.923668 solMass>, <Quantity 3524329690.8391933 solMass>, <Quantity 13.533455581243475 kpc>, <Quantity 14.930561151052725 kpc>, -1, 0, 0, 0, 0, 0]
[279, 6537, <Quantity 5392.559275965489 kpc>, <Quantity 5852.717136255169 kpc>, <Quantity 6081.265380116027 kpc>, <Quantity 4543296973.073065 solMass>, <Quantity 3456140320.923829 solMass>, <Quantity 12.854775822447662 kpc>, <Quantity 16.577369819648712 kpc>, -1, 0, 0, 0, 0, 0]
[280, 6536, <Quantity 5393.35276896862 kpc>, <Quantity 5403.677296910171 kpc>, <Quantity 5386.882880579037 kpc>, <Quantity 4170416138.176834 solMass>, <Quantity 3455231129.0880394 solMass>, <Quantity 12.493015044397952 kpc>, <Quantity 27.78932822740667 kpc>, -1, 0, 0, 0, 0, 0]
[281, 6535, <Quantity 5414.704678018946 kpc>, <Quantity 5533.128338173981 kpc>, <Quantity 5138.196810461858 kpc>, <Quantity 4756469980.946014 solMass>, <Quantity 3392799973.172193 solMass>, <Quantity 13.05276098490273 kpc>, <Quantity 12.302339270842705 kpc>, -1, 0, 0, 0, 0, 0]
[282, 6534, <Quantity 5164.880326002363 kpc>, <Quantity 5787.084657862162 kpc>, <Quantity 4471.656404180839 kpc>, <Quantity 4274794048.659806 solMass>, <Quantity 3350371031.8641257 solMass>, <Quantity 12.59638320396867 kpc>, <Quantity 16.45553028460885 kpc>, -1, 0, 0, 0, 0, 0]
[283, 6533, <Quantity 4974.417931359142 kpc>, <Quantity 4981.456086434189 kpc>, <Quantity 5068.400398393849 kpc>, <Quantity 4389903238.909542 solMass>, <Quantity 3301274685.9918027 solMass>, <Quantity 12.708446004565408 kpc>, <Quantity 13.621045577396186 kpc>, -1, 0, 0, 0, 0, 0]
[285, 6532, <Quantity 5289.112696204537 kpc>, <Quantity 5554.43770099508 kpc>, <Quantity 5774.657411606397 kpc>, <Quantity 3857503737.3179693 solMass>, <Quantity 3272786682.406053 solMass>, <Quantity 12.172400988237515 kpc>, <Quantity 15.790070459530678 kpc>, -1, 0, 0, 0, 0, 0]
[286, 6531, <Quantity 5595.352691536338 kpc>, <Quantity 5452.544420301674 kpc>, <Quantity 5205.016607470496 kpc>, <Quantity 4119133134.406236 solMass>, <Quantity 3206112632.06071 solMass>, <Quantity 12.44159543230563 kpc>, <Quantity 15.248867634568866 kpc>, -1, 0, 0, 0, 0, 0]
[293, 6528, <Quantity 5625.747962104826 kpc>, <Quantity 4732.196615280185 kpc>, <Quantity 5086.171655230824 kpc>, <Quantity 4026243792.4302936 solMass>, <Quantity 3056096018.8625374 solMass>, <Quantity 12.347361257913276 kpc>, <Quantity 15.84819859406199 kpc>, -1, 0, 0, 0, 0, 0]
[295, 6526, <Quantity 5471.566738656255 kpc>, <Quantity 4981.616300949185 kpc>, <Quantity 5140.145685697701 kpc>, <Quantity 4041443269.935416 solMass>, <Quantity 2992755670.8723 solMass>, <Quantity 12.362879259416527 kpc>, <Quantity 22.182776605485355 kpc>, -1, 0, 0, 0, 0, 0]
[300, 6525, <Quantity 5340.068696358729 kpc>, <Quantity 5125.108042352682 kpc>, <Quantity 5223.339308121477 kpc>, <Quantity 3825995445.701647 solMass>, <Quantity 2932445961.727451 solMass>, <Quantity 12.139168740480791 kpc>, <Quantity 17.827876942098385 kpc>, -1, 0, 0, 0, 0, 0]
[302, 6524, <Quantity 5707.910488150894 kpc>, <Quantity 4665.909139526824 kpc>, <Quantity 5511.582379608883 kpc>, <Quantity 3170332955.647766 solMass>, <Quantity 2869408677.677885 solMass>, <Quantity 11.40186139333716 kpc>, <Quantity 13.523787566778385 kpc>, -1, 0, 0, 0, 0, 0]
[303, 6521, <Quantity 4921.72956688084 kpc>, <Quantity 5697.446245208366 kpc>, <Quantity 5226.677871158082 kpc>, <Quantity 3798040267.6190233 solMass>, <Quantity 2842132929.5534663 solMass>, <Quantity 12.109530919463266 kpc>, <Quantity 15.116324843249993 kpc>, -1, 0, 0, 0, 0, 0]
[305, 6520, <Quantity 5738.90098411476 kpc>, <Quantity 5228.921723580458 kpc>, <Quantity 5332.151380965081 kpc>, <Quantity 3619333752.911234 solMass>, <Quantity 2785459986.984345 solMass>, <Quantity 11.916544609611226 kpc>, <Quantity 33.45070449264814 kpc>, -1, 0, 0, 0, 0, 0]
[306, 6519, <Quantity 5250.175363955158 kpc>, <Quantity 5464.277186298119 kpc>, <Quantity 5442.9643010452355 kpc>, <Quantity 3773544962.9785037 solMass>, <Quantity 2760911813.7903852 solMass>, <Quantity 12.083441443793093 kpc>, <Quantity 12.768548475963662 kpc>, -1, 0, 0, 0, 0, 0]
[307, 6518, <Quantity 5052.501912324542 kpc>, <Quantity 5007.068873599239 kpc>, <Quantity 5086.501535552798 kpc>, <Quantity 2706834346.5459714 solMass>, <Quantity 2759093430.6545663 solMass>, <Quantity 10.816697680622003 kpc>, <Quantity 16.97395403300754 kpc>, -1, 0, 0, 0, 0, 0]
[310, 6517, <Quantity 5502.771510263015 kpc>, <Quantity 5095.363445390945 kpc>, <Quantity 6100.700477109153 kpc>, <Quantity 3411487031.515699 solMass>, <Quantity 2738788151.6189895 solMass>, <Quantity 11.683923560224326 kpc>, <Quantity 16.619846362290026 kpc>, -1, 0, 0, 0, 0, 0]
[312, 6516, <Quantity 5072.752325300356 kpc>, <Quantity 5681.932780400076 kpc>, <Quantity 5281.162138449924 kpc>, <Quantity 3427770187.907696 solMass>, <Quantity 2686964230.615488 solMass>, <Quantity 11.7024833320547 kpc>, <Quantity 14.420657647043832 kpc>, -1, 0, 0, 0, 0, 0]
[316, 6515, <Quantity 5817.053239478965 kpc>, <Quantity 5216.1243966411175 kpc>, <Quantity 5289.7062838375905 kpc>, <Quantity 3453696128.513218 solMass>, <Quantity 2576952047.6926174 solMass>, <Quantity 11.731913170556988 kpc>, <Quantity 11.755666450228535 kpc>, -1, 0, 0, 0, 0, 0]
[317, 6514, <Quantity 4973.978465972707 kpc>, <Quantity 5621.063412997891 kpc>, <Quantity 4879.1045312204615 kpc>, <Quantity 3264859087.31259 solMass>, <Quantity 2570284642.337291 solMass>, <Quantity 11.514072136762362 kpc>, <Quantity 12.931556990979129 kpc>, -1, 0, 0, 0, 0, 0]
[321, 6513, <Quantity 5000.264068411117 kpc>, <Quantity 5330.167656421264 kpc>, <Quantity 5343.168238462877 kpc>, <Quantity 2724360880.9636054 solMass>, <Quantity 2471788886.2036757 solMass>, <Quantity 10.839993222625383 kpc>, <Quantity 17.29951927435178 kpc>, -1, 0, 0, 0, 0, 0]
[322, 6512, <Quantity 5091.0994738418385 kpc>, <Quantity 4903.772158780204 kpc>, <Quantity 5003.164966825897 kpc>, <Quantity 2899846597.8937907 solMass>, <Quantity 2465727608.9759483 solMass>, <Quantity 11.067914789298756 kpc>, <Quantity 14.473133280841687 kpc>, -1, 0, 0, 0, 0, 0]
[323, 6511, <Quantity 4984.965693207673 kpc>, <Quantity 5669.505723722707 kpc>, <Quantity 5241.611144086159 kpc>, <Quantity 3193838466.0244584 solMass>, <Quantity 2449665223.892479 solMass>, <Quantity 11.429970631665501 kpc>, <Quantity 18.77963538170534 kpc>, -1, 0, 0, 0, 0, 0]
[325, 6510, <Quantity 4886.797129567765 kpc>, <Quantity 5576.420791524873 kpc>, <Quantity 5075.49268464188 kpc>, <Quantity 2844395067.4555573 solMass>, <Quantity 2411782240.707777 solMass>, <Quantity 10.996912540402624 kpc>, <Quantity 14.917234353265556 kpc>, -1, 0, 0, 0, 0, 0]
[326, 6509, <Quantity 5728.112110303434 kpc>, <Quantity 4930.41327968361 kpc>, <Quantity 6189.809580530743 kpc>, <Quantity 3174694149.783009 solMass>, <Quantity 2405114835.880497 solMass>, <Quantity 11.40708723215803 kpc>, <Quantity 17.11017058092457 kpc>, -1, 0, 0, 0, 0, 0]
[329, 6507, <Quantity 5228.277292800166 kpc>, <Quantity 5162.248083329351 kpc>, <Quantity 5232.519870202599 kpc>, <Quantity 2873365531.72346 solMass>, <Quantity 2368444108.2162857 solMass>, <Quantity 11.034121404813781 kpc>, <Quantity 17.482351104205623 kpc>, -1, 0, 0, 0, 0, 0]
[331, 6506, <Quantity 5400.256906229884 kpc>, <Quantity 5813.773797286145 kpc>, <Quantity 4425.233070383702 kpc>, <Quantity 3151983692.63299 solMass>, <Quantity 2330561124.90048 solMass>, <Quantity 11.379821574745554 kpc>, <Quantity 14.591719579733804 kpc>, -1, 0, 0, 0, 0, 0]
[334, 6504, <Quantity 5758.9653999949305 kpc>, <Quantity 5248.264662541409 kpc>, <Quantity 6105.365654466411 kpc>, <Quantity 3125420294.648156 solMass>, <Quantity 2271766735.1235976 solMass>, <Quantity 11.34776346648734 kpc>, <Quantity 17.038918889105926 kpc>, -1, 0, 0, 0, 0, 0]
[338, 6503, <Quantity 5810.677842831157 kpc>, <Quantity 5184.976785338226 kpc>, <Quantity 5528.542707945784 kpc>, <Quantity 2503186823.527293 solMass>, <Quantity 2216609111.552749 solMass>, <Quantity 10.538332250856769 kpc>, <Quantity 14.029816425092278 kpc>, -1, 0, 0, 0, 0, 0]
[340, 6501, <Quantity 5113.0050446540145 kpc>, <Quantity 5522.972736072313 kpc>, <Quantity 6198.862641123586 kpc>, <Quantity 2585724994.684621 solMass>, <Quantity 2160845360.309223 solMass>, <Quantity 10.652909640847087 kpc>, <Quantity 15.858337017842848 kpc>, -1, 0, 0, 0, 0, 0]
[343, 6500, <Quantity 4970.221292677928 kpc>, <Quantity 5711.349028348067 kpc>, <Quantity 5298.838007180527 kpc>, <Quantity 2481457511.8654695 solMass>, <Quantity 2128417526.586868 solMass>, <Quantity 10.507750365595463 kpc>, <Quantity 12.456753430040134 kpc>, -1, 0, 0, 0, 0, 0]
[349, 6497, <Quantity 4953.017368569451 kpc>, <Quantity 5559.009454863194 kpc>, <Quantity 4971.239533889092 kpc>, <Quantity 2497060164.0502815 solMass>, <Quantity 2051742368.7089381 solMass>, <Quantity 10.529727550196986 kpc>, <Quantity 17.661684426422152 kpc>, -1, 0, 0, 0, 0, 0]
[350, 6496, <Quantity 5751.465514922296 kpc>, <Quantity 5318.685841546098 kpc>, <Quantity 6112.704614075163 kpc>, <Quantity 2697650796.1143255 solMass>, <Quantity 2031437089.799656 solMass>, <Quantity 10.8044511190455 kpc>, <Quantity 14.425096736393398 kpc>, -1, 0, 0, 0, 0, 0]
[352, 6494, <Quantity 5700.0380006918485 kpc>, <Quantity 4867.769511580868 kpc>, <Quantity 5331.673129015294 kpc>, <Quantity 2648809476.1397614 solMass>, <Quantity 1995675553.734231 solMass>, <Quantity 10.738848262596392 kpc>, <Quantity 13.43338866989079 kpc>, -1, 0, 0, 0, 0, 0]
[354, 6493, <Quantity 5598.2130749907 kpc>, <Quantity 5394.569737909182 kpc>, <Quantity 5228.165611164213 kpc>, <Quantity 2634444787.9448204 solMass>, <Quantity 1985371382.3459523 solMass>, <Quantity 10.719400543881827 kpc>, <Quantity 14.464955847913002 kpc>, -1, 0, 0, 0, 0, 0]
[355, 6491, <Quantity 5114.054320670002 kpc>, <Quantity 5508.988546137966 kpc>, <Quantity 5480.906905783411 kpc>, <Quantity 2506645883.919667 solMass>, <Quantity 1961732400.730377 solMass>, <Quantity 10.54318419256816 kpc>, <Quantity 13.713592028344172 kpc>, -1, 0, 0, 0, 0, 0]
[360, 6488, <Quantity 5164.661124764025 kpc>, <Quantity 5635.352775845743 kpc>, <Quantity 5054.816205921038 kpc>, <Quantity 2244847831.558129 solMass>, <Quantity 1902938010.7781346 solMass>, <Quantity 10.162559498556442 kpc>, <Quantity 16.879388194865157 kpc>, -1, 0, 0, 0, 0, 0]
[361, 6487, <Quantity 5813.889866781839 kpc>, <Quantity 5703.774291194893 kpc>, <Quantity 5725.798195676111 kpc>, <Quantity 2152159067.094886 solMass>, <Quantity 1894755286.2356467 solMass>, <Quantity 10.020719860653225 kpc>, <Quantity 10.849862998524033 kpc>, -1, 0, 0, 0, 0, 0]
[362, 6486, <Quantity 4914.2595520092045 kpc>, <Quantity 5451.540200852986 kpc>, <Quantity 4518.277214112383 kpc>, <Quantity 2264811359.443104 solMass>, <Quantity 1891421583.8482728 solMass>, <Quantity 10.192595994044748 kpc>, <Quantity 11.537193347685664 kpc>, -1, 0, 0, 0, 0, 0]
[363, 6485, <Quantity 5262.020811214864 kpc>, <Quantity 5483.1837384415985 kpc>, <Quantity 5422.354074967577 kpc>, <Quantity 2478578658.9804387 solMass>, <Quantity 1862933580.6178412 solMass>, <Quantity 10.503685285147395 kpc>, <Quantity 19.31141339358065 kpc>, -1, 0, 0, 0, 0, 0]
[364, 6484, <Quantity 4926.915002585411 kpc>, <Quantity 5874.489775739603 kpc>, <Quantity 5220.368467876915 kpc>, <Quantity 1906547792.6760266 solMass>, <Quantity 1862630516.7323532 solMass>, <Quantity 9.624024005911933 kpc>, <Quantity 15.993321504176112 kpc>, -1, 0, 0, 0, 0, 0]
[366, 6483, <Quantity 5010.103385582545 kpc>, <Quantity 5617.663720885548 kpc>, <Quantity 5859.285199242494 kpc>, <Quantity 2372844289.3986034 solMass>, <Quantity 1851720217.6016088 solMass>, <Quantity 10.352149743714323 kpc>, <Quantity 15.374462223465992 kpc>, -1, 0, 0, 0, 0, 0]
[368, 6482, <Quantity 4931.235136103616 kpc>, <Quantity 5754.092714278732 kpc>, <Quantity 5336.831121342206 kpc>, <Quantity 2345600389.3453846 solMass>, <Quantity 1822019958.739404 solMass>, <Quantity 10.312377607107106 kpc>, <Quantity 11.950664424977024 kpc>, -1, 0, 0, 0, 0, 0]
[372, 6480, <Quantity 5574.556591049916 kpc>, <Quantity 5343.162069846512 kpc>, <Quantity 5371.224110219388 kpc>, <Quantity 2271468671.6706486 solMass>, <Quantity 1780803273.0619428 solMass>, <Quantity 10.202573118798437 kpc>, <Quantity 15.529494916486854 kpc>, -1, 0, 0, 0, 0, 0]
[376, 6479, <Quantity 5329.075619060728 kpc>, <Quantity 4937.97118723902 kpc>, <Quantity 5121.150603257478 kpc>, <Quantity 2015265583.0907817 solMass>, <Quantity 1754739780.8017802 solMass>, <Quantity 9.803584461706148 kpc>, <Quantity 10.89649057581954 kpc>, -1, 0, 0, 0, 0, 0]
[380, 6477, <Quantity 4915.835829544153 kpc>, <Quantity 5611.004329258926 kpc>, <Quantity 5567.409322479857 kpc>, <Quantity 1904417833.646974 solMass>, <Quantity 1722008883.1809998 solMass>, <Quantity 9.620438744763966 kpc>, <Quantity 12.911429451896769 kpc>, -1, 0, 0, 0, 0, 0]
[382, 6476, <Quantity 4871.811839020431 kpc>, <Quantity 5498.537557189139 kpc>, <Quantity 5095.113556224404 kpc>, <Quantity 1953853272.084858 solMass>, <Quantity 1705946498.2900534 solMass>, <Quantity 9.702972063440487 kpc>, <Quantity 12.62136255446973 kpc>, -1, 0, 0, 0, 0, 0]
[383, 6475, <Quantity 5364.560830283785 kpc>, <Quantity 4966.194021082399 kpc>, <Quantity 5180.515523232232 kpc>, <Quantity 2035084588.39298 solMass>, <Quantity 1701400540.363437 solMass>, <Quantity 9.835617264466364 kpc>, <Quantity 13.100690597539185 kpc>, -1, 0, 0, 0, 0, 0]
[384, 6023, <Quantity 5816.645544786499 kpc>, <Quantity 5738.8693782107775 kpc>, <Quantity 6231.871003407931 kpc>, <Quantity 2094662252.93761 solMass>, <Quantity 1693217815.9411802 solMass>, <Quantity 9.930675730662614 kpc>, <Quantity 15.432554382987949 kpc>, -1, 0, 0, 0, 0, 0]
[385, 6474, <Quantity 5528.220431160011 kpc>, <Quantity 5341.401608727319 kpc>, <Quantity 5357.25863332758 kpc>, <Quantity 2434333922.2601633 solMass>, <Quantity 1681398325.282933 solMass>, <Quantity 10.440809755705848 kpc>, <Quantity 14.573890321200867 kpc>, -1, 0, 0, 0, 0, 0]
[394, 6470, <Quantity 5567.282023412632 kpc>, <Quantity 5880.289359854118 kpc>, <Quantity 4636.410879162376 kpc>, <Quantity 2072543387.2251394 solMass>, <Quantity 1610784444.5566392 solMass>, <Quantity 9.89559720185029 kpc>, <Quantity 11.514998663035625 kpc>, -1, 0, 0, 0, 0, 0]
[397, 6467, <Quantity 5770.591089485243 kpc>, <Quantity 5747.054876582104 kpc>, <Quantity 5000.23523307827 kpc>, <Quantity 1738603770.062177 solMass>, <Quantity 1588054654.6652007 solMass>, <Quantity 9.332707854366722 kpc>, <Quantity 13.40415797466746 kpc>, -1, 0, 0, 0, 0, 0]
[400, 6466, <Quantity 5538.7405793866565 kpc>, <Quantity 4910.431601614212 kpc>, <Quantity 5150.137911711796 kpc>, <Quantity 2018050922.551529 solMass>, <Quantity 1572598397.6147144 solMass>, <Quantity 9.808098960164925 kpc>, <Quantity 13.024614066617872 kpc>, -1, 0, 0, 0, 0, 0]
[401, 6465, <Quantity 5144.321425854562 kpc>, <Quantity 5363.743830607738 kpc>, <Quantity 5343.028423376901 kpc>, <Quantity 1743596894.888374 solMass>, <Quantity 1572295333.6988137 solMass>, <Quantity 9.341633567686484 kpc>, <Quantity 11.220305300877023 kpc>, -1, 0, 0, 0, 0, 0]
[402, 6463, <Quantity 4963.952549390526 kpc>, <Quantity 4967.3164852302325 kpc>, <Quantity 4993.371360106557 kpc>, <Quantity 2016323181.9106908 solMass>, <Quantity 1545625713.5403233 solMass>, <Quantity 9.805299115139512 kpc>, <Quantity 13.1060407399079 kpc>, -1, 0, 0, 0, 0, 0]
[403, 6462, <Quantity 5381.18509113351 kpc>, <Quantity 5058.887819958378 kpc>, <Quantity 5199.988190209498 kpc>, <Quantity 1929465587.037036 solMass>, <Quantity 1544110394.2660162 solMass>, <Quantity 9.662432606844051 kpc>, <Quantity 14.210871424311197 kpc>, -1, 0, 0, 0, 0, 0]
[408, 6459, <Quantity 5757.766395871779 kpc>, <Quantity 5230.404118364782 kpc>, <Quantity 5339.063041552886 kpc>, <Quantity 0.0 solMass>, <Quantity 1523805115.2116227 solMass>, <Quantity 0.0 kpc>, <Quantity 21.654673421633 kpc>, -1, 0, 0, 0, 0, 0]
[410, 6458, <Quantity 5681.667304835131 kpc>, <Quantity 5658.623065446829 kpc>, <Quantity 5209.6777778049645 kpc>, <Quantity 1853375100.186023 solMass>, <Quantity 1521077540.3856568 solMass>, <Quantity 9.533709331617105 kpc>, <Quantity 11.506494896146474 kpc>, -1, 0, 0, 0, 0, 0]
[413, 6456, <Quantity 5559.6881524128 kpc>, <Quantity 5583.689465796956 kpc>, <Quantity 6043.6456931825405 kpc>, <Quantity 1764497973.6492941 solMass>, <Quantity 1488649706.7599535 solMass>, <Quantity 9.378812496965026 kpc>, <Quantity 9.956791621844191 kpc>, -1, 0, 0, 0, 0, 0]
[414, 6455, <Quantity 5324.590689812641 kpc>, <Quantity 5705.365933350626 kpc>, <Quantity 5287.692025406779 kpc>, <Quantity 1782392435.764679 solMass>, <Quantity 1488043579.1200469 solMass>, <Quantity 9.410410651848649 kpc>, <Quantity 14.076862895071455 kpc>, -1, 0, 0, 0, 0, 0]
[421, 6452, <Quantity 5677.77712466767 kpc>, <Quantity 5032.544418964568 kpc>, <Quantity 5236.231150446187 kpc>, <Quantity 1767510117.273964 solMass>, <Quantity 1440159488.3819332 solMass>, <Quantity 9.384146265304906 kpc>, <Quantity 9.142803536741315 kpc>, -1, 0, 0, 0, 0, 0]
[422, 6450, <Quantity 5389.649447698313 kpc>, <Quantity 4951.473781681215 kpc>, <Quantity 5305.580095574828 kpc>, <Quantity 1725066998.303475 solMass>, <Quantity 1413489868.2273169 solMass>, <Quantity 9.308423225365935 kpc>, <Quantity 11.681803349656246 kpc>, -1, 0, 0, 0, 0, 0]
[425, 6449, <Quantity 5399.374225220946 kpc>, <Quantity 5432.030084444645 kpc>, <Quantity 5399.069807966929 kpc>, <Quantity 1521863084.4068847 solMass>, <Quantity 1400458121.9741912 solMass>, <Quantity 8.927557573981243 kpc>, <Quantity 21.48984514360746 kpc>, 220, 0, 0, 0, 0, 0]
[431, 6447, <Quantity 5467.5077282368 kpc>, <Quantity 5496.153926541847 kpc>, <Quantity 5646.1639818247595 kpc>, <Quantity 1480399502.2278407 solMass>, <Quantity 1348331137.0561135 solMass>, <Quantity 8.845731963820338 kpc>, <Quantity 11.53794508890221 kpc>, -1, 0, 0, 0, 0, 0]
[433, 6446, <Quantity 5079.1834556645 kpc>, <Quantity 5029.712772302681 kpc>, <Quantity 5163.972141359759 kpc>, <Quantity 1539777664.8752837 solMass>, <Quantity 1337117774.1832724 solMass>, <Quantity 8.962451201214147 kpc>, <Quantity 12.350882615277492 kpc>, -1, 0, 0, 0, 0, 0]
[437, 6445, <Quantity 4961.763790833762 kpc>, <Quantity 5826.402985186427 kpc>, <Quantity 5177.4283282068445 kpc>, <Quantity 1620350788.0663285 solMass>, <Quantity 1292870449.7451935 solMass>, <Quantity 9.116129382370316 kpc>, <Quantity 11.73275108963672 kpc>, -1, 0, 0, 0, 0, 0]
[438, 6444, <Quantity 5582.62880683296 kpc>, <Quantity 4925.369540704239 kpc>, <Quantity 5197.833839065441 kpc>, <Quantity 1479204357.7886379 solMass>, <Quantity 1291658194.439341 solMass>, <Quantity 8.843350900786046 kpc>, <Quantity 8.347106478706877 kpc>, -1, 0, 0, 0, 0, 0]
[443, 6442, <Quantity 5434.218599674397 kpc>, <Quantity 4978.702444387798 kpc>, <Quantity 5156.7242253953955 kpc>, <Quantity 1422586999.5337353 solMass>, <Quantity 1284081597.7818346 solMass>, <Quantity 8.729051932922467 kpc>, <Quantity 12.815899525985866 kpc>, -1, 0, 0, 0, 0, 0]
[444, 6441, <Quantity 5278.118820547229 kpc>, <Quantity 4835.5348651041195 kpc>, <Quantity 5022.363761598702 kpc>, <Quantity 1518042941.5712078 solMass>, <Quantity 1281050959.1204631 solMass>, <Quantity 8.920081404049716 kpc>, <Quantity 9.344981771401526 kpc>, -1, 0, 0, 0, 0, 0]
[445, 6439, <Quantity 5252.218766441278 kpc>, <Quantity 4933.830082260504 kpc>, <Quantity 5092.493671385267 kpc>, <Quantity 1598021329.3837106 solMass>, <Quantity 1271049851.4797447 solMass>, <Quantity 9.074060196949283 kpc>, <Quantity 9.247749194156343 kpc>, -1, 0, 0, 0, 0, 0]
[446, 6438, <Quantity 5765.6300803337635 kpc>, <Quantity 5057.680643347146 kpc>, <Quantity 4550.294604909322 kpc>, <Quantity 1438371124.9667313 solMass>, <Quantity 1270443723.827794 solMass>, <Quantity 8.761217275306572 kpc>, <Quantity 15.297371428836902 kpc>, -1, 0, 0, 0, 0, 0]
[454, 6435, <Quantity 5400.987433950899 kpc>, <Quantity 4953.783051096861 kpc>, <Quantity 5280.192638080939 kpc>, <Quantity 1530938879.0878448 solMass>, <Quantity 1240137337.196216 solMass>, <Quantity 8.945269229609025 kpc>, <Quantity 11.499271705867974 kpc>, -1, 0, 0, 0, 0, 0]
[456, 6433, <Quantity 5394.261291734529 kpc>, <Quantity 5001.79883455937 kpc>, <Quantity 5168.241718514539 kpc>, <Quantity 1450146942.046601 solMass>, <Quantity 1224681080.090993 solMass>, <Quantity 8.785061426660553 kpc>, <Quantity 14.02349455022752 kpc>, -1, 0, 0, 0, 0, 0]
[459, 6432, <Quantity 5588.202668511716 kpc>, <Quantity 4884.086450711332 kpc>, <Quantity 5162.516939896939 kpc>, <Quantity 1424715171.649922 solMass>, <Quantity 1215892228.0694075 solMass>, <Quantity 8.733402614464172 kpc>, <Quantity 11.039930238859371 kpc>, -1, 0, 0, 0, 0, 0]
[465, 6430, <Quantity 5576.106239276136 kpc>, <Quantity 4849.611466604285 kpc>, <Quantity 5140.523744689195 kpc>, <Quantity 1252312179.7070842 solMass>, <Quantity 1174978606.239682 solMass>, <Quantity 8.365880696717486 kpc>, <Quantity 10.015654928622869 kpc>, -1, 0, 0, 0, 0, 0]
[466, 6429, <Quantity 5324.300417398084 kpc>, <Quantity 4955.314630108749 kpc>, <Quantity 5120.977334810629 kpc>, <Quantity 1283317206.3034585 solMass>, <Quantity 1172554095.2712095 solMass>, <Quantity 8.434360077436713 kpc>, <Quantity 10.315602041331994 kpc>, -1, 0, 0, 0, 0, 0]
[467, 6428, <Quantity 5733.733239632396 kpc>, <Quantity 5776.2282827823265 kpc>, <Quantity 4990.328920164518 kpc>, <Quantity 1432482244.3142426 solMass>, <Quantity 1170432648.1786332 solMass>, <Quantity 8.749244395440842 kpc>, <Quantity 12.557594721994358 kpc>, -1, 0, 0, 0, 0, 0]
[468, 6427, <Quantity 5456.9104163754055 kpc>, <Quantity 4934.425994657286 kpc>, <Quantity 5294.0894520396105 kpc>, <Quantity 1510237826.6669521 solMass>, <Quantity 1169220392.691601 solMass>, <Quantity 8.90476740494216 kpc>, <Quantity 10.951821921932218 kpc>, -1, 0, 0, 0, 0, 0]
[472, 6424, <Quantity 5699.913566815745 kpc>, <Quantity 5046.448200337637 kpc>, <Quantity 6128.6434475139185 kpc>, <Quantity 1344952730.6362615 solMass>, <Quantity 1120124046.511853 solMass>, <Quantity 8.567283514844334 kpc>, <Quantity 10.348497399074496 kpc>, -1, 0, 0, 0, 0, 0]
[473, 6422, <Quantity 5201.621716818092 kpc>, <Quantity 4920.891089909036 kpc>, <Quantity 4761.339622728864 kpc>, <Quantity 1164055527.4987245 solMass>, <Quantity 1104364725.5727577 solMass>, <Quantity 8.164545831259579 kpc>, <Quantity 14.472153927599093 kpc>, -1, 0, 0, 0, 0, 0]
[474, 6421, <Quantity 5735.59802108284 kpc>, <Quantity 5058.69663960485 kpc>, <Quantity 4574.387586523815 kpc>, <Quantity 1199842991.0771298 solMass>, <Quantity 1102546342.365957 solMass>, <Quantity 8.247372401079467 kpc>, <Quantity 10.341595732888194 kpc>, -1, 0, 0, 0, 0, 0]
[476, 6420, <Quantity 4922.592423973579 kpc>, <Quantity 4976.4045717341905 kpc>, <Quantity 5026.353453626324 kpc>, <Quantity 1116829189.3264792 solMass>, <Quantity 1093151362.5365376 solMass>, <Quantity 8.052604772981423 kpc>, <Quantity 14.898756847117733 kpc>, -1, 0, 0, 0, 0, 0]
[481, 6417, <Quantity 5749.344183848967 kpc>, <Quantity 5797.646996472815 kpc>, <Quantity 5840.791943573146 kpc>, <Quantity 1381344705.2280097 solMass>, <Quantity 1081331871.667399 solMass>, <Quantity 8.64386856533883 kpc>, <Quantity 11.583431965284797 kpc>, -1, 0, 0, 0, 0, 0]
[482, 6416, <Quantity 5372.962083031692 kpc>, <Quantity 5120.670651179991 kpc>, <Quantity 5206.550249142861 kpc>, <Quantity 1323969192.1344924 solMass>, <Quantity 1067997061.7200109 solMass>, <Quantity 8.522495068995937 kpc>, <Quantity 9.037133492558121 kpc>, -1, 0, 0, 0, 0, 0]
[483, 6415, <Quantity 5394.93516454204 kpc>, <Quantity 5644.1858091422955 kpc>, <Quantity 5840.15803339545 kpc>, <Quantity 1190802096.9229379 solMass>, <Quantity 1065875614.5791988 solMass>, <Quantity 8.22660532572347 kpc>, <Quantity 9.290509755395433 kpc>, -1, 0, 0, 0, 0, 0]
[484, 6414, <Quantity 5098.717684963335 kpc>, <Quantity 5667.138297566139 kpc>, <Quantity 5896.056882358059 kpc>, <Quantity 1309725310.5002613 solMass>, <Quantity 1064057231.4183819 solMass>, <Quantity 8.491821805537072 kpc>, <Quantity 11.210146789603066 kpc>, -1, 0, 0, 0, 0, 0]
[487, 6412, <Quantity 5192.77254984177 kpc>, <Quantity 5883.403988393242 kpc>, <Quantity 6091.8619225276125 kpc>, <Quantity 1259716698.1386304 solMass>, <Quantity 1031023270.0718296 solMass>, <Quantity 8.382336558844623 kpc>, <Quantity 11.229330635744212 kpc>, -1, 0, 0, 0, 0, 0]
[490, 6409, <Quantity 5231.7824044071385 kpc>, <Quantity 5314.346992143583 kpc>, <Quantity 5342.544027983308 kpc>, <Quantity 1163103785.311219 solMass>, <Quantity 1010717991.119043 solMass>, <Quantity 8.16232008937605 kpc>, <Quantity 10.016136621746922 kpc>, -1, 0, 0, 0, 0, 0]
[491, 6408, <Quantity 5242.107887475493 kpc>, <Quantity 5470.737885031624 kpc>, <Quantity 5408.119466483369 kpc>, <Quantity 1075463374.5869222 solMass>, <Quantity 1007687352.4503288 solMass>, <Quantity 7.951932295996775 kpc>, <Quantity 11.45165331892543 kpc>, -1, 0, 0, 0, 0, 0]
[492, 6407, <Quantity 5062.047700507808 kpc>, <Quantity 4660.498823432461 kpc>, <Quantity 4849.8441492207085 kpc>, <Quantity 1151902084.2583277 solMass>, <Quantity 1001626075.2153984 solMass>, <Quantity 8.136032101966766 kpc>, <Quantity 10.326935770973911 kpc>, -1, 0, 0, 0, 0, 0]
[493, 6405, <Quantity 5250.8875329897455 kpc>, <Quantity 4949.936098853744 kpc>, <Quantity 4965.464332208206 kpc>, <Quantity 1091452960.315262 solMass>, <Quantity 999201564.2465777 solMass>, <Quantity 7.991147369785633 kpc>, <Quantity 9.765883246779255 kpc>, -1, 0, 0, 0, 0, 0]
[495, 6403, <Quantity 5542.791203505057 kpc>, <Quantity 5722.848665994527 kpc>, <Quantity 5387.699112394259 kpc>, <Quantity 1301776053.6139407 solMass>, <Quantity 994352542.3173639 solMass>, <Quantity 8.474606820609816 kpc>, <Quantity 13.632577937206777 kpc>, -1, 0, 0, 0, 0, 0]
[496, 6402, <Quantity 5325.041758075209 kpc>, <Quantity 5013.572475709027 kpc>, <Quantity 5101.152542946257 kpc>, <Quantity 1165761615.925757 solMass>, <Quantity 992534159.2157565 solMass>, <Quantity 8.16853265066612 kpc>, <Quantity 10.508523819781525 kpc>, -1, 0, 0, 0, 0, 0]
[497, 6401, <Quantity 5743.136508841535 kpc>, <Quantity 5349.203581896071 kpc>, <Quantity 6125.747248940173 kpc>, <Quantity 1156673393.804182 solMass>, <Quantity 991018839.8880062 solMass>, <Quantity 8.14725008448515 kpc>, <Quantity 9.87636551603838 kpc>, -1, 0, 0, 0, 0, 0]
[499, 6399, <Quantity 5726.19105717005 kpc>, <Quantity 4913.628694857804 kpc>, <Quantity 5298.987036466031 kpc>, <Quantity 1041603735.8824326 solMass>, <Quantity 972531944.1225269 solMass>, <Quantity 7.867588588913778 kpc>, <Quantity 9.592480901267917 kpc>, -1, 0, 0, 0, 0, 0]
[500, 6398, <Quantity 5677.3531608887015 kpc>, <Quantity 4775.2790527350535 kpc>, <Quantity 5396.632927111987 kpc>, <Quantity 1251952753.8985968 solMass>, <Quantity 970713560.8671885 solMass>, <Quantity 8.365080257019118 kpc>, <Quantity 9.568215889391508 kpc>, -1, 0, 0, 0, 0, 0]
[501, 6397, <Quantity 5516.553914587916 kpc>, <Quantity 5672.071914207412 kpc>, <Quantity 5839.354966579038 kpc>, <Quantity 1060370862.430357 solMass>, <Quantity 966773730.5084649 solMass>, <Quantity 7.914559115167389 kpc>, <Quantity 11.855919663088565 kpc>, -1, 0, 0, 0, 0, 0]
[502, 6396, <Quantity 5427.660541343629 kpc>, <Quantity 5375.8842364000875 kpc>, <Quantity 5403.573357772841 kpc>, <Quantity 1326615579.2934325 solMass>, <Quantity 966167602.8599288 solMass>, <Quantity 8.52816962477834 kpc>, <Quantity 23.394570086793717 kpc>, 2196, 0, 0, 0, 0, 0]
[504, 6394, <Quantity 5558.899246196409 kpc>, <Quantity 5239.691149040988 kpc>, <Quantity 5943.232736741763 kpc>, <Quantity 1060104047.1166725 solMass>, <Quantity 954954239.899359 solMass>, <Quantity 7.913895227090357 kpc>, <Quantity 10.84514818312761 kpc>, -1, 0, 0, 0, 0, 0]
[506, 6393, <Quantity 5588.609874882884 kpc>, <Quantity 5880.931215974689 kpc>, <Quantity 4574.531727562826 kpc>, <Quantity 1080517405.3434632 solMass>, <Quantity 944347004.5943358 solMass>, <Quantity 7.964369266578488 kpc>, <Quantity 8.689996506472689 kpc>, -1, 0, 0, 0, 0, 0]
[509, 6392, <Quantity 5330.950517762525 kpc>, <Quantity 5208.262181245628 kpc>, <Quantity 5219.732610222103 kpc>, <Quantity 1107588958.562347 solMass>, <Quantity 937679599.58261 solMass>, <Quantity 8.030335153657962 kpc>, <Quantity 10.565365889809472 kpc>, -1, 0, 0, 0, 0, 0]
[513, 6388, <Quantity 5083.344578589397 kpc>, <Quantity 5648.283855743036 kpc>, <Quantity 5235.813668371785 kpc>, <Quantity 1034844699.2546853 solMass>, <Quantity 928284619.668809 solMass>, <Quantity 7.850533875491623 kpc>, <Quantity 10.959739801278376 kpc>, -1, 0, 0, 0, 0, 0]
[515, 6387, <Quantity 5426.348944257809 kpc>, <Quantity 4792.766833773638 kpc>, <Quantity 5631.5876396545755 kpc>, <Quantity 1055117162.7063762 solMass>, <Quantity 922526406.2674137 solMass>, <Quantity 7.901466344224725 kpc>, <Quantity 10.99049071562615 kpc>, -1, 0, 0, 0, 0, 0]
[517, 6385, <Quantity 5160.506131891945 kpc>, <Quantity 5655.610032128569 kpc>, <Quantity 5031.355844743414 kpc>, <Quantity 1147867826.0196297 solMass>, <Quantity 913737554.1383487 solMass>, <Quantity 8.126522830952878 kpc>, <Quantity 10.493880351628178 kpc>, -1, 0, 0, 0, 0, 0]
[522, 6382, <Quantity 5318.603830024832 kpc>, <Quantity 5642.585495472613 kpc>, <Quantity 4879.237183662417 kpc>, <Quantity 1131633848.8393621 solMass>, <Quantity 894644530.6408954 solMass>, <Quantity 8.088030405762833 kpc>, <Quantity 11.645657563444578 kpc>, -1, 0, 0, 0, 0, 0]
[525, 6381, <Quantity 5170.621685106255 kpc>, <Quantity 5501.496535109708 kpc>, <Quantity 5473.287983580083 kpc>, <Quantity 966670926.2744503 solMass>, <Quantity 883734231.5220286 solMass>, <Quantity 7.674210091920197 kpc>, <Quantity 12.843995682183536 kpc>, -1, 0, 0, 0, 0, 0]
[528, 6379, <Quantity 4983.223551016654 kpc>, <Quantity 5615.7871906185555 kpc>, <Quantity 5855.893186804661 kpc>, <Quantity 975652129.755503 solMass>, <Quantity 877672954.2174276 solMass>, <Quantity 7.697903533751785 kpc>, <Quantity 8.563156072714039 kpc>, -1, 0, 0, 0, 0, 0]
[531, 6377, <Quantity 5122.544879558889 kpc>, <Quantity 5593.1207315450065 kpc>, <Quantity 5034.598187232201 kpc>, <Quantity 1002456588.323355 solMass>, <Quantity 871914740.7532243 solMass>, <Quantity 7.767763425904706 kpc>, <Quantity 8.767440981822785 kpc>, -1, 0, 0, 0, 0, 0]
[532, 6376, <Quantity 5761.646266958404 kpc>, <Quantity 5215.857871568789 kpc>, <Quantity 5507.822223369027 kpc>, <Quantity 856133050.9925387 solMass>, <Quantity 871611676.8816233 solMass>, <Quantity 7.369780501934424 kpc>, <Quantity 9.279218514639105 kpc>, -1, 0, 0, 0, 0, 0]
[534, 6374, <Quantity 5230.466929869667 kpc>, <Quantity 4870.895292918554 kpc>, <Quantity 4989.5745346953945 kpc>, <Quantity 966889847.7645676 solMass>, <Quantity 864641208.0053271 solMass>, <Quantity 7.674789373056596 kpc>, <Quantity 13.997797492505383 kpc>, -1, 0, 0, 0, 0, 0]
[540, 6371, <Quantity 5414.589047101356 kpc>, <Quantity 5623.768447979911 kpc>, <Quantity 5264.8605580513495 kpc>, <Quantity 1076695064.7145257 solMass>, <Quantity 851609461.7537041 solMass>, <Quantity 7.954966826688349 kpc>, <Quantity 9.73446919193555 kpc>, -1, 0, 0, 0, 0, 0]
[543, 6368, <Quantity 4911.279872349364 kpc>, <Quantity 5670.955366797338 kpc>, <Quantity 4776.469823004708 kpc>, <Quantity 878251115.3069209 solMass>, <Quantity 834637885.2596182 solMass>, <Quantity 7.4327073827202135 kpc>, <Quantity 7.59530175795377 kpc>, -1, 0, 0, 0, 0, 0]
[545, 6366, <Quantity 5261.967462531462 kpc>, <Quantity 5042.546002507213 kpc>, <Quantity 5095.1192224341985 kpc>, <Quantity 919642571.1156747 solMass>, <Quantity 829182735.776994 solMass>, <Quantity 7.547685944976369 kpc>, <Quantity 8.315070643142306 kpc>, -1, 0, 0, 0, 0, 0]
[546, 6365, <Quantity 5409.514389648009 kpc>, <Quantity 4970.399856361732 kpc>, <Quantity 5383.210719276915 kpc>, <Quantity 865748304.4749758 solMass>, <Quantity 827970480.2585095 solMass>, <Quantity 7.397267921481886 kpc>, <Quantity 7.984385849211224 kpc>, -1, 0, 0, 0, 0, 0]
[550, 6362, <Quantity 5633.572377092106 kpc>, <Quantity 5383.218072354752 kpc>, <Quantity 5334.642250670901 kpc>, <Quantity 870519065.9133044 solMass>, <Quantity 816454053.4604036 solMass>, <Quantity 7.410830745068206 kpc>, <Quantity 9.555452974744657 kpc>, -1, 0, 0, 0, 0, 0]
[553, 6360, <Quantity 5698.905330825065 kpc>, <Quantity 5670.772005505261 kpc>, <Quantity 5062.0505838645195 kpc>, <Quantity 846405717.3996329 solMass>, <Quantity 810089712.2153698 solMass>, <Quantity 7.341762447811488 kpc>, <Quantity 11.120978034972161 kpc>, -1, 0, 0, 0, 0, 0]
[554, 6359, <Quantity 4940.579972516442 kpc>, <Quantity 5548.923282667025 kpc>, <Quantity 4424.976225558574 kpc>, <Quantity 1042436624.594784 solMass>, <Quantity 809786648.3279454 solMass>, <Quantity 7.869685061140707 kpc>, <Quantity 10.16226939897068 kpc>, -1, 0, 0, 0, 0, 0]
[555, 6358, <Quantity 5062.978490215897 kpc>, <Quantity 4992.572566375533 kpc>, <Quantity 5101.82856175698 kpc>, <Quantity 822276902.6209604 solMass>, <Quantity 809180520.7136523 solMass>, <Quantity 7.271323987739505 kpc>, <Quantity 7.475560876162282 kpc>, -1, 0, 0, 0, 0, 0]
[557, 6356, <Quantity 5146.041968262412 kpc>, <Quantity 5399.002482542314 kpc>, <Quantity 5386.721590847058 kpc>, <Quantity 913144446.7799237 solMass>, <Quantity 805543754.2897555 solMass>, <Quantity 7.529866784633624 kpc>, <Quantity 8.87174215860996 kpc>, -1, 0, 0, 0, 0, 0]
[558, 6318, <Quantity 5727.832694243694 kpc>, <Quantity 5534.671582285521 kpc>, <Quantity 6213.806310612887 kpc>, <Quantity 848029327.9519386 solMass>, <Quantity 803119243.2391107 solMass>, <Quantity 7.346453873736872 kpc>, <Quantity 10.39455621450653 kpc>, -1, 0, 0, 0, 0, 0]
