yt : [INFO     ] 2017-07-25 14:33:17,497 Parameters: current_time              = 6.86908765558e+16
yt : [INFO     ] 2017-07-25 14:33:17,497 Parameters: domain_dimensions         = [2 2 2]
yt : [INFO     ] 2017-07-25 14:33:17,498 Parameters: domain_left_edge          = [ 0.  0.  0.]
yt : [INFO     ] 2017-07-25 14:33:17,498 Parameters: domain_right_edge         = [  3.33803287e+25   3.33803287e+25   3.33803287e+25]
yt : [INFO     ] 2017-07-25 14:33:17,499 Parameters: cosmological_simulation   = 1
yt : [INFO     ] 2017-07-25 14:33:17,499 Parameters: current_redshift          = 2.99999999323
yt : [INFO     ] 2017-07-25 14:33:17,499 Parameters: omega_lambda              = 0.712
yt : [INFO     ] 2017-07-25 14:33:17,499 Parameters: omega_matter              = 0.288
yt : [INFO     ] 2017-07-25 14:33:17,499 Parameters: hubble_constant           = 0.6933
yt : [INFO     ] 2017-07-25 14:33:17,591 Parameters: current_time              = 289.00812193668
yt : [INFO     ] 2017-07-25 14:33:17,591 Parameters: domain_dimensions         = [128 128 128]
yt : [INFO     ] 2017-07-25 14:33:17,591 Parameters: domain_left_edge          = [ 0.  0.  0.]
yt : [INFO     ] 2017-07-25 14:33:17,592 Parameters: domain_right_edge         = [ 1.  1.  1.]
yt : [INFO     ] 2017-07-25 14:33:17,592 Parameters: cosmological_simulation   = 1
yt : [INFO     ] 2017-07-25 14:33:17,592 Parameters: current_redshift          = 2.9999999932267
yt : [INFO     ] 2017-07-25 14:33:17,592 Parameters: omega_lambda              = 0.712
yt : [INFO     ] 2017-07-25 14:33:17,592 Parameters: omega_matter              = 0.288
yt : [INFO     ] 2017-07-25 14:33:17,592 Parameters: hubble_constant           = 0.6933
yt : [INFO     ] 2017-07-25 14:33:17,595 Allocating for 6.595e+03 particles (index particle type 'all')
yt : [INFO     ] 2017-07-25 14:33:17,601 Identified 2.289e+03 octs
TimeNow:  2.176161502486486 Gyr
IsSatellite
IsSatellite
IsSatellite
IsSatellite
IsSatellite
IsSatellite
IsSatellite
Parsing Hierarchy :   0%|          | 0/20016 [00:00<?, ?it/s]Parsing Hierarchy :   6%|▌         | 1209/20016 [00:00<00:01, 12088.89it/s]Parsing Hierarchy :  15%|█▌        | 3102/20016 [00:00<00:01, 14141.19it/s]Parsing Hierarchy :  25%|██▍       | 4964/20016 [00:00<00:00, 15483.48it/s]Parsing Hierarchy :  34%|███▍      | 6852/20016 [00:00<00:00, 16501.99it/s]Parsing Hierarchy :  41%|████      | 8212/20016 [00:00<00:00, 14276.75it/s]Parsing Hierarchy :  51%|█████     | 10136/20016 [00:00<00:00, 15765.44it/s]Parsing Hierarchy :  60%|██████    | 12069/20016 [00:00<00:00, 16833.35it/s]Parsing Hierarchy :  70%|███████   | 14067/20016 [00:00<00:00, 17775.77it/s]Parsing Hierarchy :  80%|████████  | 16076/20016 [00:00<00:00, 18469.06it/s]Parsing Hierarchy :  89%|████████▉ | 17875/20016 [00:01<00:00, 16325.54it/s]Parsing Hierarchy :  99%|█████████▉| 19889/20016 [00:01<00:00, 17458.01it/s]Parsing Hierarchy : 100%|██████████| 20016/20016 [00:01<00:00, 16465.25it/s]
yt : [INFO     ] 2017-07-25 14:33:24,692 Gathering a field list (this may take a moment.)
189 2.9008347305601668e+16 s
IsSatellite
IsSatellite
IsSatellite
199 1.905196939926864e+16 s
202 1.8817391192661508e+16 s
IsSatellite
214 1.6060134597050404e+16 s
IsSatellite
225 1.811578968053071e+16 s
227 2.3820823880160404e+16 s
228 1.301536012820284e+16 s
229 2.1714208924596892e+16 s
IsSatellite
234 2.3040228615887772e+16 s
IsSatellite
238 1.6251212377573526e+16 s
239 9277663037382810.0 s
240 1.4750843219059812e+16 s
241 1.8644371976629144e+16 s
248 3.06315969783682e+16 s
249 1.5358345408835994e+16 s
257 1.4613284541207432e+16 s
258 1.4603248003347926e+16 s
261 1.9392753703682788e+16 s
265 2.5595351263197348e+16 s
269 1.592932801318953e+16 s
270 1.9262073953135144e+16 s
276 1.8549118796534136e+16 s
279 1.71677088207886e+16 s
280 2.414087676545097e+16 s
281 1.965791986350665e+16 s
282 2.3180359501440372e+16 s
283 1.7744102416552664e+16 s
285 3.2850395390184704e+16 s
286 1.5876975291669428e+16 s
293 1.82621824235257e+16 s
295 1.6700402688066868e+16 s
300 1.570687801317438e+16 s
302 2.839447794178739e+16 s
303 2.346071676884488e+16 s
305 2.4902409461231404e+16 s
306 1.5599764160832114e+16 s
307 1.4271575125686464e+16 s
310 3.138595997791766e+16 s
312 1.7882892554139628e+16 s
316 2.3595233802184084e+16 s
317 2.5393168214549816e+16 s
321 2.5261525633836844e+16 s
322 1.4632876189034034e+16 s
323 2.0929342710514996e+16 s
325 2.1421628222415576e+16 s
326 1.628967939182752e+16 s
329 2.7901662243412788e+16 s
331 2.3337347815332364e+16 s
334 1.9547087301148576e+16 s
338 0.0 s
340 2.2126454176428356e+16 s
343 2.7029912538643896e+16 s
349 1413629882084883.2 s
350 1.7585319443902898e+16 s
352 2.0277310231165948e+16 s
354 2.5292437771882548e+16 s
355 4.333575705866034e+16 s
360 1.0586899664268302e+16 s
361 2.1263293420895684e+16 s
362 2.4394031782706204e+16 s
363 1.9245330510308744e+16 s
364 0.0 s
366 2.3321607384751956e+16 s
368 0.0 s
372 3.4350078257019256e+16 s
376 1.0209666423454296e+16 s
380 2.4619929640185816e+16 s
382 2.9325213467791224e+16 s
383 0.0 s
384 0.0 s
385 1.125503065910401e+16 s
394 0.0 s
397 1.347270707875219e+16 s
400 1.4603439427411064e+16 s
401 4.196622158643651e+16 s
402 0.0 s
403 1.1638976421752014e+16 s
RadiusEqualZero
410 0.0 s
413 3.1750422639151404e+16 s
414 0.0 s
421 4.534408680359439e+16 s
422 0.0 s
IsSatellite
431 3.292290402898495e+16 s
433 2.482369129818981e+16 s
437 0.0 s
438 1.8809827110315684e+16 s
443 2.746320420351229e+16 s
444 1.3932638433284248e+16 s
445 0.0 s
446 2.3374624020888804e+16 s
454 4.0519098056110376e+16 s
456 0.0 s
459 2.441316862556306e+16 s
465 3.530180531534183e+16 s
466 2.927184359719052e+16 s
467 1.9746327987872296e+16 s
468 8531212432471456.0 s
472 2.1875665524099988e+16 s
473 3.5660235608068696e+16 s
474 2.256158473485607e+16 s
476 3.1288790530669864e+16 s
481 0.0 s
482 1.3127822026138196e+16 s
483 3.09812002461343e+16 s
484 0.0 s
487 3.642280840683896e+16 s
490 4.6407853131171896e+16 s
491 3.9105714957835464e+16 s
492 2.3239336036295748e+16 s
493 0.0 s
495 4.6534274407148696e+16 s
496 3.2264674991675964e+16 s
497 2.8470751125971096e+16 s
499 3.278323051695489e+16 s
500 0.0 s
501 2.686420325236542e+16 s
IsSatellite
504 3.197310338895781e+16 s
506 3.164952858961996e+16 s
509 3.371518873383547e+16 s
513 3.4354106353873536e+16 s
515 3.5125397661996588e+16 s
517 0.0 s
522 0.0 s
525 3.934567965304067e+16 s
528 2.270687546913505e+16 s
531 0.0 s
532 0.0 s
534 0.0 s
540 0.0 s
543 3.0701432223988212e+16 s
545 3.069406033734096e+16 s
546 4.008448178443861e+16 s
550 3.075093348071281e+16 s
553 4786155563326260.0 s
554 4.290337924340017e+16 s
555 2.596251838824863e+16 s
557 3.0004308790532948e+16 s
558 0.0 s
560 0.0 s
561 3.409654353411919e+16 s
569 3.684954164478341e+16 s
570 2.7597273599039096e+16 s
571 3.3589320705859132e+16 s
573 3.2038773965366404e+16 s
574 2.3940916622707388e+16 s
IsSatellite
577 0.0 s
584 0.0 s
587 2.62460529513106e+16 s
590 3.22568576213744e+16 s
592 2.2233621636026572e+16 s
597 0.0 s
600 0.0 s
601 4.210299202686378e+16 s
603 3.6740355627756104e+16 s
604 3.2659358812044908e+16 s
607 0.0 s
608 0.0 s
609 0.0 s
610 3.362603103246157e+16 s
611 3.243401215624414e+16 s
615 0.0 s
617 2.966276014130319e+16 s
618 0.0 s
621 3.0230460288309404e+16 s
624 3.107477118611265e+16 s
625 2.583208120641487e+16 s
626 2.850989337462445e+16 s
629 2.9163113636980636e+16 s
631 0.0 s
636 0.0 s
637 3.3684799586605304e+16 s
638 0.0 s
639 0.0 s
641 3.274982565542659e+16 s
642 3.8928673566381576e+16 s
651 0.0 s
652 0.0 s
655 0.0 s
658 4.215170483266676e+16 s
IsSatellite
IsSatellite
662 0.0 s
666 0.0 s
669 0.0 s
671 0.0 s
672 0.0 s
674 0.0 s
IsSatellite
676 0.0 s
RadiusEqualZero
681 0.0 s
682 0.0 s
684 3.8975436160567656e+16 s
687 0.0 s
694 0.0 s
IsSatellite
IsSatellite
699 0.0 s
700 2.4823735655113724e+16 s
701 3.486223123011287e+16 s
703 2.810717067154803e+16 s
705 0.0 s
706 0.0 s
707 0.0 s
711 0.0 s
714 0.0 s
717 1.580176548669248e+16 s
IsSatellite
720 3.908390636837329e+16 s
724 0.0 s
727 3.579216854859938e+16 s
728 4.257755612650444e+16 s
730 3.5495060879447756e+16 s
738 0.0 s
740 0.0 s
742 0.0 s
750 0.0 s
751 0.0 s
752 3.2673679918051424e+16 s
753 0.0 s
754 2.2633788782658596e+16 s
755 0.0 s
756 4.588927867140042e+16 s
757 3.206635879920995e+16 s
759 0.0 s
760 4.175470964145953e+16 s
762 2.098908471049774e+16 s
763 0.0 s
765 0.0 s
770 0.0 s
771 2.547575546022407e+16 s
773 0.0 s
774 0.0 s
IsSatellite
776 0.0 s
783 0.0 s
786 0.0 s
788 0.0 s
789 2.0547900640054016e+16 s
793 0.0 s
797 3.7716277343191176e+16 s
802 0.0 s
805 0.0 s
807 0.0 s
810 0.0 s
811 0.0 s
814 0.0 s
815 0.0 s
818 0.0 s
820 0.0 s
RadiusEqualZero
822 4.32018043407729e+16 s
824 0.0 s
828 0.0 s
829 0.0 s
830 0.0 s
833 0.0 s
835 3.161867792540767e+16 s
836 0.0 s
838 0.0 s
840 0.0 s
IsSatellite
843 0.0 s
RadiusEqualZero
845 5.097657327974172e+16 s
IsSatellite
848 0.0 s
IsSatellite
850 0.0 s
853 0.0 s
854 0.0 s
856 2.7363661929902028e+16 s
IsSatellite
859 0.0 s
860 0.0 s
861 0.0 s
IsSatellite
IsSatellite
864 0.0 s
865 0.0 s
866 0.0 s
867 0.0 s
RadiusEqualZero
873 0.0 s
IsSatellite
875 0.0 s
876 3.855945957769732e+16 s
877 3.4921243923135716e+16 s
883 5.5871670240016296e+16 s
884 0.0 s
886 4.55303435810801e+16 s
IsSatellite
888 0.0 s
889 0.0 s
890 0.0 s
892 0.0 s
894 0.0 s
896 0.0 s
897 0.0 s
899 0.0 s
900 0.0 s
903 3.6418733722113224e+16 s
907 0.0 s
908 3.636131592717705e+16 s
909 0.0 s
911 0.0 s
IsSatellite
913 0.0 s
914 2.7854317996260052e+16 s
917 0.0 s
918 0.0 s
919 0.0 s
922 0.0 s
923 0.0 s
928 0.0 s
929 0.0 s
931 0.0 s
935 3.2550543916226452e+16 s
RadiusEqualZero
939 0.0 s
940 0.0 s
943 0.0 s
944 4.472989198213593e+16 s
945 4.165473878433462e+16 s
946 0.0 s
RadiusEqualZero
950 3.914317971306131e+16 s
951 0.0 s
958 0.0 s
959 0.0 s
961 3.4672904544406684e+16 s
962 3.876268919961103e+16 s
963 0.0 s
964 0.0 s
967 4.329135561160128e+16 s
969 0.0 s
972 0.0 s
975 0.0 s
976 0.0 s
977 0.0 s
978 0.0 s
980 0.0 s
IsSatellite
986 0.0 s
988 3.647430971340793e+16 s
990 4.545776856234692e+16 s
995 4.253928759941952e+16 s
996 0.0 s
997 0.0 s
998 3.155621925179027e+16 s
999 0.0 s
1000 0.0 s
1001 0.0 s
1004 0.0 s
1005 0.0 s
1009 0.0 s
1011 0.0 s
1012 0.0 s
1013 0.0 s
1014 0.0 s
1015 0.0 s
1016 0.0 s
IsSatellite
1019 0.0 s
1024 0.0 s
1026 0.0 s
1027 0.0 s
IsSatellite
1030 0.0 s
1034 0.0 s
IsSatellite
1036 0.0 s
1039 0.0 s
1040 4.7189146739389624e+16 s
1042 0.0 s
1043 0.0 s
1044 0.0 s
IsSatellite
1050 0.0 s
1052 0.0 s
1053 0.0 s
1055 0.0 s
1056 0.0 s
1058 0.0 s
1060 0.0 s
1061 0.0 s
IsSatellite
IsSatellite
1066 0.0 s
1067 0.0 s
1069 3.427262298964707e+16 s
1070 4.307563550004633e+16 s
1078 0.0 s
1079 0.0 s
1082 0.0 s
IsSatellite
1086 0.0 s
1088 0.0 s
1092 3.5713129918591348e+16 s
1096 0.0 s
IsSatellite
1098 0.0 s
1099 0.0 s
1102 0.0 s
1104 0.0 s
1105 0.0 s
1106 0.0 s
1108 0.0 s
1110 3.2154974681236316e+16 s
1116 3.7670837945515896e+16 s
1117 0.0 s
1118 0.0 s
1119 0.0 s
1123 0.0 s
1125 0.0 s
1129 0.0 s
1130 0.0 s
1131 0.0 s
1133 0.0 s
1138 0.0 s
1139 0.0 s
1142 0.0 s
1143 0.0 s
1144 3.079476364371996e+16 s
IsSatellite
IsSatellite
1148 0.0 s
IsSatellite
1151 0.0 s
1152 0.0 s
1156 0.0 s
1159 4.555558636128247e+16 s
IsSatellite
1163 0.0 s
1164 0.0 s
1167 0.0 s
1168 0.0 s
1169 3.5816371646162196e+16 s
1172 0.0 s
1174 0.0 s
1176 0.0 s
IsSatellite
1181 0.0 s
IsSatellite
1195 0.0 s
1198 0.0 s
1200 0.0 s
1202 0.0 s
1204 3.562879825527873e+16 s
1205 0.0 s
1209 0.0 s
1211 0.0 s
1217 0.0 s
1219 0.0 s
1222 0.0 s
1226 2.4224378082290324e+16 s
1227 0.0 s
1229 0.0 s
1230 0.0 s
1231 0.0 s
RadiusEqualZero
1235 0.0 s
1238 0.0 s
IsSatellite
1240 0.0 s
1241 0.0 s
1242 0.0 s
1247 0.0 s
1249 0.0 s
RadiusEqualZero
1251 0.0 s
IsSatellite
1257 0.0 s
1259 0.0 s
1262 0.0 s
1263 0.0 s
1265 0.0 s
1268 0.0 s
1269 0.0 s
IsSatellite
RadiusEqualZero
1274 0.0 s
IsSatellite
1276 0.0 s
RadiusEqualZero
IsSatellite
IsSatellite
1284 0.0 s
1285 0.0 s
1288 0.0 s
IsSatellite
1291 0.0 s
1293 0.0 s
1296 0.0 s
1298 0.0 s
1299 0.0 s
1300 0.0 s
1301 0.0 s
1302 0.0 s
1305 0.0 s
IsSatellite
1307 0.0 s
1308 3.4967271961394984e+16 s
1312 0.0 s
1314 0.0 s
1316 0.0 s
1317 2.47812894672624e+16 s
1320 0.0 s
1322 0.0 s
RadiusEqualZero
1330 0.0 s
1332 4.2057813423132216e+16 s
IsSatellite
1334 0.0 s
1337 0.0 s
1338 0.0 s
1340 2.0126661201904092e+16 s
1342 0.0 s
1343 2.6559051193982856e+16 s
1344 0.0 s
IsSatellite
1346 0.0 s
1348 0.0 s
1350 0.0 s
IsSatellite
1352 0.0 s
1357 0.0 s
1358 0.0 s
1360 0.0 s
1361 0.0 s
1373 0.0 s
1374 0.0 s
1375 0.0 s
1377 0.0 s
1379 0.0 s
1380 0.0 s
1381 0.0 s
1382 0.0 s
RadiusEqualZero
1385 0.0 s
IsSatellite
IsSatellite
1392 0.0 s
1394 0.0 s
IsSatellite
1397 1.1853460009408058e+16 s
1398 0.0 s
1400 0.0 s
1406 0.0 s
1407 0.0 s
1408 0.0 s
1409 0.0 s
1411 0.0 s
1412 0.0 s
1413 0.0 s
1414 0.0 s
1416 0.0 s
IsSatellite
1421 0.0 s
RadiusEqualZero
1427 0.0 s
1428 0.0 s
1429 0.0 s
1435 0.0 s
1436 3.981399698220402e+16 s
1441 0.0 s
1443 0.0 s
1446 0.0 s
1447 0.0 s
1448 0.0 s
1452 0.0 s
1453 0.0 s
1454 4.3215229690734856e+16 s
1457 0.0 s
1458 0.0 s
1459 0.0 s
1461 0.0 s
1464 0.0 s
1466 0.0 s
1467 0.0 s
1468 0.0 s
1470 0.0 s
1471 0.0 s
1472 0.0 s
1476 4.21255310949013e+16 s
1478 0.0 s
RadiusEqualZero
IsSatellite
1483 0.0 s
1486 0.0 s
1489 0.0 s
1490 0.0 s
1491 0.0 s
1492 0.0 s
1496 3.6298412560259496e+16 s
1497 0.0 s
1499 0.0 s
1500 0.0 s
1504 0.0 s
1505 0.0 s
1508 0.0 s
1509 0.0 s
1510 0.0 s
1511 0.0 s
IsSatellite
1513 0.0 s
1514 0.0 s
1515 0.0 s
IsSatellite
IsSatellite
1522 0.0 s
1523 0.0 s
1524 0.0 s
1525 0.0 s
IsSatellite
1527 0.0 s
1528 0.0 s
1530 0.0 s
1532 0.0 s
1533 0.0 s
IsSatellite
1540 0.0 s
1541 0.0 s
1549 0.0 s
1551 0.0 s
1554 0.0 s
1555 0.0 s
1556 0.0 s
1557 0.0 s
1561 0.0 s
1563 0.0 s
RadiusEqualZero
1566 0.0 s
1570 0.0 s
RadiusEqualZero
1573 0.0 s
IsSatellite
1576 0.0 s
RadiusEqualZero
1581 0.0 s
1582 0.0 s
1583 0.0 s
1584 0.0 s
IsSatellite
1589 0.0 s
1590 0.0 s
1592 0.0 s
1593 0.0 s
1595 0.0 s
1597 0.0 s
1599 0.0 s
1601 0.0 s
1604 0.0 s
1605 0.0 s
1606 0.0 s
1607 0.0 s
IsSatellite
1613 0.0 s
1614 3.1563074748048144e+16 s
1615 0.0 s
IsSatellite
1618 0.0 s
1619 0.0 s
1620 0.0 s
IsSatellite
1623 0.0 s
1624 0.0 s
1625 0.0 s
IsSatellite
1628 0.0 s
IsSatellite
1631 0.0 s
1632 0.0 s
IsSatellite
1634 0.0 s
1635 0.0 s
1636 0.0 s
1637 0.0 s
1638 0.0 s
1639 0.0 s
1640 3.712401727337096e+16 s
1641 0.0 s
1642 0.0 s
1643 0.0 s
1644 0.0 s
1646 0.0 s
1648 0.0 s
1649 0.0 s
1651 0.0 s
1652 3.027858871929557e+16 s
IsSatellite
1656 0.0 s
1657 0.0 s
1658 0.0 s
1659 0.0 s
1660 0.0 s
1661 0.0 s
1662 0.0 s
IsSatellite
1665 0.0 s
1668 0.0 s
1669 0.0 s
1672 0.0 s
IsSatellite
1675 0.0 s
1676 0.0 s
1677 0.0 s
1678 0.0 s
1679 0.0 s
1680 0.0 s
1682 0.0 s
1683 0.0 s
1684 0.0 s
1688 0.0 s
1691 0.0 s
1694 0.0 s
1697 0.0 s
1698 0.0 s
1700 0.0 s
1701 0.0 s
IsSatellite
1707 0.0 s
1708 0.0 s
1711 0.0 s
1712 0.0 s
1714 0.0 s
1718 0.0 s
1720 0.0 s
1724 0.0 s
1725 0.0 s
1727 3.6573027181078424e+16 s
1728 0.0 s
IsSatellite
1733 0.0 s
IsSatellite
1736 0.0 s
1737 0.0 s
1738 0.0 s
1740 0.0 s
1741 0.0 s
1743 0.0 s
1746 0.0 s
1748 0.0 s
1750 0.0 s
IsSatellite
1753 0.0 s
1754 0.0 s
1755 0.0 s
1757 0.0 s
1759 0.0 s
IsSatellite
1761 0.0 s
1762 4.31982537747189e+16 s
1765 0.0 s
1766 0.0 s
1767 0.0 s
RadiusEqualZero
IsSatellite
1771 0.0 s
1772 0.0 s
1773 0.0 s
1774 0.0 s
1776 0.0 s
1777 0.0 s
1778 0.0 s
1779 0.0 s
1781 0.0 s
1782 0.0 s
1785 0.0 s
1789 0.0 s
1792 0.0 s
1793 0.0 s
1796 0.0 s
1797 0.0 s
1798 0.0 s
1799 0.0 s
1802 0.0 s
IsSatellite
1804 0.0 s
1807 0.0 s
1810 0.0 s
1811 0.0 s
1813 0.0 s
1817 0.0 s
1818 0.0 s
IsSatellite
1821 0.0 s
IsSatellite
1825 0.0 s
1828 4.2719935347689384e+16 s
1829 0.0 s
1830 0.0 s
1831 0.0 s
1832 0.0 s
1833 0.0 s
1834 0.0 s
1836 0.0 s
1837 0.0 s
1839 0.0 s
1840 4.452042636238389e+16 s
1841 0.0 s
1844 0.0 s
IsSatellite
1851 0.0 s
IsSatellite
1853 0.0 s
1855 0.0 s
1856 0.0 s
1857 0.0 s
1858 0.0 s
1861 0.0 s
1867 0.0 s
1869 0.0 s
1872 0.0 s
IsSatellite
1875 0.0 s
1876 0.0 s
1877 0.0 s
IsSatellite
1885 0.0 s
1886 0.0 s
1887 0.0 s
1888 0.0 s
1889 0.0 s
1890 0.0 s
1891 0.0 s
1892 4.237052047367912e+16 s
1895 0.0 s
1896 0.0 s
1898 0.0 s
IsSatellite
1901 0.0 s
1902 0.0 s
IsSatellite
1904 0.0 s
1905 0.0 s
1906 0.0 s
1907 0.0 s
1909 0.0 s
1911 0.0 s
1915 0.0 s
1916 4.8932757854967304e+16 s
1920 0.0 s
1922 2.769042518959699e+16 s
1923 0.0 s
1925 0.0 s
1926 0.0 s
1927 0.0 s
1929 0.0 s
1930 0.0 s
1931 0.0 s
1933 0.0 s
1934 0.0 s
1936 0.0 s
IsSatellite
1946 0.0 s
1947 0.0 s
1948 0.0 s
1949 0.0 s
1952 0.0 s
1953 0.0 s
1955 0.0 s
1956 0.0 s
1959 0.0 s
1960 0.0 s
1961 0.0 s
1962 0.0 s
1964 0.0 s
1966 0.0 s
1967 4.675461216393964e+16 s
1968 0.0 s
1972 0.0 s
1973 0.0 s
IsSatellite
1977 0.0 s
RadiusEqualZero
1980 0.0 s
1983 0.0 s
1984 0.0 s
1985 0.0 s
1987 0.0 s
1988 2.8883007941850736e+16 s
1989 0.0 s
1992 0.0 s
1993 0.0 s
1994 0.0 s
1995 4.088623196062877e+16 s
1996 0.0 s
1998 0.0 s
2001 0.0 s
2004 0.0 s
2005 0.0 s
2006 0.0 s
2007 0.0 s
2008 0.0 s
2009 0.0 s
2012 0.0 s
2014 0.0 s
IsSatellite
2016 0.0 s
2018 0.0 s
2022 0.0 s
IsSatellite
RadiusEqualZero
2027 0.0 s
2028 0.0 s
2029 0.0 s
2030 0.0 s
2032 0.0 s
2035 0.0 s
2037 0.0 s
IsSatellite
2039 0.0 s
2040 0.0 s
2041 0.0 s
2042 0.0 s
IsSatellite
2044 0.0 s
2046 0.0 s
2047 0.0 s
2048 0.0 s
2049 0.0 s
2052 0.0 s
2053 0.0 s
IsSatellite
RadiusEqualZero
IsSatellite
2063 0.0 s
2064 0.0 s
IsSatellite
2067 0.0 s
RadiusEqualZero
2069 0.0 s
2071 0.0 s
2072 0.0 s
2073 0.0 s
IsSatellite
2076 0.0 s
2077 0.0 s
2078 0.0 s
2079 0.0 s
2081 0.0 s
2083 0.0 s
2084 0.0 s
2085 0.0 s
2086 0.0 s
2087 0.0 s
IsSatellite
2089 0.0 s
2090 0.0 s
2091 0.0 s
2092 0.0 s
2093 0.0 s
2094 0.0 s
2095 0.0 s
2100 0.0 s
2101 0.0 s
2102 0.0 s
2103 0.0 s
2105 0.0 s
2109 0.0 s
2110 0.0 s
2111 0.0 s
2113 0.0 s
2115 0.0 s
IsSatellite
2118 0.0 s
2119 0.0 s
2120 0.0 s
IsSatellite
2122 0.0 s
2123 0.0 s
2124 0.0 s
2125 0.0 s
2128 0.0 s
2130 0.0 s
2131 0.0 s
2135 0.0 s
2139 0.0 s
2140 0.0 s
2141 0.0 s
2142 0.0 s
2147 0.0 s
2150 0.0 s
2151 3.399388630382482e+16 s
2153 0.0 s
2154 0.0 s
2155 0.0 s
2156 0.0 s
2159 0.0 s
2162 0.0 s
2164 0.0 s
2165 0.0 s
2167 0.0 s
2168 0.0 s
2169 0.0 s
IsSatellite
2173 0.0 s
2174 0.0 s
2175 0.0 s
2178 0.0 s
2179 0.0 s
2181 0.0 s
2182 0.0 s
2185 0.0 s
2188 0.0 s
2189 0.0 s
2191 0.0 s
2192 0.0 s
2193 0.0 s
IsSatellite
IsSatellite
2197 0.0 s
RadiusEqualZero
2201 0.0 s
2202 4.5504585690716984e+16 s
2203 0.0 s
IsSatellite
2208 0.0 s
2210 0.0 s
2211 0.0 s
2212 0.0 s
2213 0.0 s
2214 0.0 s
2215 0.0 s
2216 0.0 s
2218 0.0 s
2220 0.0 s
2222 0.0 s
2223 0.0 s
2224 0.0 s
2225 0.0 s
2228 0.0 s
IsSatellite
IsSatellite
2232 0.0 s
2234 0.0 s
2235 0.0 s
2236 0.0 s
2237 0.0 s
2239 0.0 s
2240 0.0 s
2242 0.0 s
2243 0.0 s
IsSatellite
2247 0.0 s
2248 0.0 s
2249 0.0 s
2251 0.0 s
IsSatellite
2253 0.0 s
2254 0.0 s
IsSatellite
2259 0.0 s
2260 0.0 s
2262 0.0 s
2263 0.0 s
2266 0.0 s
2267 0.0 s
2268 0.0 s
2273 0.0 s
2274 0.0 s
2275 0.0 s
2277 0.0 s
2278 0.0 s
IsSatellite
2284 0.0 s
2287 0.0 s
2288 0.0 s
2296 0.0 s
2297 0.0 s
2299 0.0 s
2300 0.0 s
2301 0.0 s
2302 0.0 s
2304 0.0 s
2305 0.0 s
2306 0.0 s
2310 0.0 s
2311 0.0 s
2312 0.0 s
2314 0.0 s
2315 0.0 s
2317 0.0 s
2318 0.0 s
2319 0.0 s
2322 0.0 s
2324 0.0 s
2326 0.0 s
2328 0.0 s
2329 0.0 s
2330 0.0 s
2331 0.0 s
2333 0.0 s
IsSatellite
2336 0.0 s
IsSatellite
2339 0.0 s
2341 0.0 s
2343 0.0 s
2345 0.0 s
2346 0.0 s
2347 0.0 s
2348 0.0 s
2349 0.0 s
2350 0.0 s
2351 0.0 s
2356 0.0 s
2357 0.0 s
2358 0.0 s
2359 0.0 s
2361 0.0 s
2362 3.939670185666392e+16 s
2363 0.0 s
2364 0.0 s
2365 0.0 s
IsSatellite
2369 0.0 s
2371 0.0 s
2372 0.0 s
2375 0.0 s
2378 0.0 s
2379 0.0 s
2381 0.0 s
IsSatellite
IsSatellite
2387 0.0 s
2388 0.0 s
2389 0.0 s
2393 0.0 s
2394 0.0 s
2395 0.0 s
2396 0.0 s
2397 0.0 s
IsSatellite
2399 0.0 s
2400 0.0 s
2401 0.0 s
IsSatellite
2405 0.0 s
2406 0.0 s
2409 0.0 s
2410 0.0 s
2411 0.0 s
2412 0.0 s
2413 0.0 s
IsSatellite
2415 0.0 s
2416 0.0 s
2417 0.0 s
2418 0.0 s
2420 0.0 s
2422 0.0 s
2423 0.0 s
2426 0.0 s
2427 0.0 s
IsSatellite
IsSatellite
2430 0.0 s
2432 0.0 s
2435 0.0 s
IsSatellite
2439 0.0 s
2441 0.0 s
IsSatellite
2445 0.0 s
2447 0.0 s
2448 0.0 s
2449 0.0 s
2450 0.0 s
2451 0.0 s
IsSatellite
2453 0.0 s
2454 0.0 s
2455 0.0 s
2456 0.0 s
2457 0.0 s
RadiusEqualZero
2459 0.0 s
2462 0.0 s
2463 0.0 s
2469 0.0 s
2470 0.0 s
2472 0.0 s
2473 0.0 s
2474 0.0 s
2477 0.0 s
2478 0.0 s
2479 0.0 s
2481 0.0 s
2482 0.0 s
2484 0.0 s
2485 0.0 s
2487 0.0 s
IsSatellite
2489 0.0 s
IsSatellite
IsSatellite
2492 0.0 s
2493 0.0 s
2496 0.0 s
2497 0.0 s
2499 0.0 s
2500 0.0 s
IsSatellite
2503 3.839451122981551e+16 s
2506 0.0 s
2507 0.0 s
2508 0.0 s
2509 0.0 s
2510 0.0 s
2511 0.0 s
2512 0.0 s
2515 0.0 s
2516 0.0 s
2520 0.0 s
2522 0.0 s
IsSatellite
2526 0.0 s
2527 0.0 s
2528 0.0 s
2530 0.0 s
2531 0.0 s
2532 0.0 s
2534 0.0 s
2536 0.0 s
IsSatellite
2538 0.0 s
2542 0.0 s
2544 0.0 s
2545 0.0 s
2546 4.021901466185004e+16 s
2547 0.0 s
2548 0.0 s
IsSatellite
2553 0.0 s
2554 0.0 s
2556 0.0 s
2557 0.0 s
RadiusEqualZero
2560 0.0 s
IsSatellite
2563 0.0 s
2564 0.0 s
2565 0.0 s
2567 0.0 s
2571 0.0 s
2572 0.0 s
2573 0.0 s
2574 0.0 s
2575 4.409094229217211e+16 s
2576 0.0 s
2578 0.0 s
2579 0.0 s
2580 0.0 s
2581 0.0 s
IsSatellite
2583 0.0 s
2585 0.0 s
2587 0.0 s
2588 0.0 s
2589 0.0 s
2592 0.0 s
2593 0.0 s
2594 0.0 s
2595 0.0 s
2596 0.0 s
2597 0.0 s
2598 0.0 s
2601 0.0 s
2602 0.0 s
2604 4.630083647965417e+16 s
2605 0.0 s
2606 0.0 s
2611 0.0 s
2612 3.656507586341531e+16 s
2613 0.0 s
2614 0.0 s
2616 0.0 s
IsSatellite
2621 0.0 s
IsSatellite
IsSatellite
2625 0.0 s
2628 0.0 s
IsSatellite
2633 0.0 s
2634 0.0 s
2635 0.0 s
2636 0.0 s
2637 0.0 s
2638 0.0 s
2639 0.0 s
2640 0.0 s
2641 0.0 s
2642 0.0 s
2643 0.0 s
2644 0.0 s
2645 0.0 s
2646 0.0 s
2649 0.0 s
2651 0.0 s
2652 0.0 s
2654 0.0 s
2656 0.0 s
2657 0.0 s
2658 0.0 s
IsSatellite
2660 0.0 s
2661 0.0 s
2662 0.0 s
2663 0.0 s
2664 0.0 s
2665 0.0 s
IsSatellite
2669 0.0 s
2670 0.0 s
2671 0.0 s
2672 0.0 s
2673 0.0 s
2675 0.0 s
2678 0.0 s
2680 0.0 s
2681 0.0 s
2684 0.0 s
2687 0.0 s
2688 0.0 s
2689 0.0 s
2690 0.0 s
2692 0.0 s
2695 0.0 s
2698 0.0 s
IsSatellite
2701 0.0 s
2702 0.0 s
2703 0.0 s
2704 0.0 s
2708 0.0 s
2710 0.0 s
2713 0.0 s
2715 0.0 s
2716 0.0 s
2717 0.0 s
2718 0.0 s
IsSatellite
2722 0.0 s
2723 0.0 s
IsSatellite
2727 0.0 s
IsSatellite
2731 0.0 s
2733 0.0 s
2735 0.0 s
2736 0.0 s
2738 0.0 s
2739 0.0 s
2740 0.0 s
2741 0.0 s
2745 0.0 s
2746 0.0 s
2748 0.0 s
2749 0.0 s
2751 0.0 s
IsSatellite
2754 0.0 s
2755 0.0 s
2756 0.0 s
2757 0.0 s
2758 0.0 s
2760 0.0 s
2762 0.0 s
IsSatellite
2766 0.0 s
2767 0.0 s
2769 0.0 s
2770 0.0 s
2771 0.0 s
2772 0.0 s
2773 0.0 s
2775 0.0 s
2776 0.0 s
2777 0.0 s
2778 0.0 s
2780 0.0 s
2781 0.0 s
2782 0.0 s
2783 0.0 s
2784 0.0 s
2787 0.0 s
2788 0.0 s
2789 0.0 s
2791 0.0 s
2792 0.0 s
2793 0.0 s
2794 0.0 s
2796 0.0 s
2797 4.012917972153529e+16 s
2799 0.0 s
2802 0.0 s
IsSatellite
2804 0.0 s
2805 0.0 s
IsSatellite
2808 0.0 s
2810 4.713349609622638e+16 s
2811 0.0 s
IsSatellite
2815 0.0 s
2816 0.0 s
2817 0.0 s
2818 0.0 s
2821 0.0 s
2822 0.0 s
2823 0.0 s
2824 0.0 s
2825 0.0 s
2827 0.0 s
2828 0.0 s
2829 0.0 s
2830 0.0 s
2832 0.0 s
IsSatellite
2835 0.0 s
2836 0.0 s
2841 0.0 s
2842 0.0 s
2843 0.0 s
2845 0.0 s
2846 0.0 s
IsSatellite
2848 0.0 s
2849 0.0 s
2850 0.0 s
2852 0.0 s
2853 0.0 s
2854 4.4449196213534584e+16 s
2855 0.0 s
2857 0.0 s
2858 0.0 s
2861 0.0 s
2862 0.0 s
2865 0.0 s
IsSatellite
2869 0.0 s
2870 0.0 s
2872 0.0 s
2876 0.0 s
2879 0.0 s
2880 0.0 s
2881 0.0 s
2882 0.0 s
2884 0.0 s
2885 0.0 s
2886 0.0 s
2887 0.0 s
2888 0.0 s
2889 0.0 s
2892 0.0 s
2893 0.0 s
2894 0.0 s
2895 0.0 s
2896 0.0 s
2897 0.0 s
2899 0.0 s
2900 0.0 s
2901 0.0 s
2902 0.0 s
2904 0.0 s
2905 0.0 s
2907 0.0 s
2909 0.0 s
2910 0.0 s
2911 0.0 s
RadiusEqualZero
2913 0.0 s
2915 0.0 s
2917 0.0 s
2918 0.0 s
2919 0.0 s
2920 0.0 s
2921 0.0 s
2922 0.0 s
IsSatellite
2924 0.0 s
2926 0.0 s
2927 0.0 s
2928 0.0 s
RadiusEqualZero
2932 0.0 s
2933 0.0 s
2934 0.0 s
2935 0.0 s
2937 0.0 s
RadiusEqualZero
2939 0.0 s
IsSatellite
2941 0.0 s
2943 0.0 s
IsSatellite
2945 0.0 s
2947 0.0 s
IsSatellite
2949 0.0 s
2950 0.0 s
IsSatellite
2955 0.0 s
2959 0.0 s
IsSatellite
2961 0.0 s
2964 0.0 s
2965 0.0 s
2966 0.0 s
2967 0.0 s
2968 0.0 s
IsSatellite
2970 0.0 s
2971 0.0 s
2972 0.0 s
2973 0.0 s
2974 0.0 s
2977 0.0 s
2978 0.0 s
2982 0.0 s
2983 0.0 s
2984 0.0 s
2985 0.0 s
2986 0.0 s
RadiusEqualZero
2989 1.5202245432859516e+16 s
IsSatellite
IsSatellite
2994 0.0 s
2995 0.0 s
IsSatellite
2999 0.0 s
123AllDone123
