yt : [INFO     ] 2017-08-01 15:53:11,870 Parameters: current_time              = 6.86908765558e+16
yt : [INFO     ] 2017-08-01 15:53:11,870 Parameters: domain_dimensions         = [2 2 2]
yt : [INFO     ] 2017-08-01 15:53:11,870 Parameters: domain_left_edge          = [ 0.  0.  0.]
yt : [INFO     ] 2017-08-01 15:53:11,871 Parameters: domain_right_edge         = [  3.33803287e+25   3.33803287e+25   3.33803287e+25]
yt : [INFO     ] 2017-08-01 15:53:11,871 Parameters: cosmological_simulation   = 1
yt : [INFO     ] 2017-08-01 15:53:11,871 Parameters: current_redshift          = 2.99999999323
yt : [INFO     ] 2017-08-01 15:53:11,872 Parameters: omega_lambda              = 0.712
yt : [INFO     ] 2017-08-01 15:53:11,872 Parameters: omega_matter              = 0.288
yt : [INFO     ] 2017-08-01 15:53:11,872 Parameters: hubble_constant           = 0.6933
yt : [INFO     ] 2017-08-01 15:53:12,004 Parameters: current_time              = 289.00812193668
yt : [INFO     ] 2017-08-01 15:53:12,004 Parameters: domain_dimensions         = [128 128 128]
yt : [INFO     ] 2017-08-01 15:53:12,005 Parameters: domain_left_edge          = [ 0.  0.  0.]
yt : [INFO     ] 2017-08-01 15:53:12,005 Parameters: domain_right_edge         = [ 1.  1.  1.]
yt : [INFO     ] 2017-08-01 15:53:12,006 Parameters: cosmological_simulation   = 1
yt : [INFO     ] 2017-08-01 15:53:12,006 Parameters: current_redshift          = 2.9999999932267
yt : [INFO     ] 2017-08-01 15:53:12,006 Parameters: omega_lambda              = 0.712
yt : [INFO     ] 2017-08-01 15:53:12,006 Parameters: omega_matter              = 0.288
yt : [INFO     ] 2017-08-01 15:53:12,006 Parameters: hubble_constant           = 0.6933
yt : [INFO     ] 2017-08-01 15:53:12,009 Allocating for 6.595e+03 particles (index particle type 'all')
yt : [INFO     ] 2017-08-01 15:53:12,015 Identified 2.289e+03 octs
TimeNow:  2.176161502486486 Gyr
IsSatellite
IsSatellite
IsSatellite
IsSatellite
IsSatellite
IsSatellite
IsSatellite
Parsing Hierarchy :   0%|          | 0/20016 [00:00<?, ?it/s]Parsing Hierarchy :   2%|▏         | 460/20016 [00:00<00:04, 4598.71it/s]Parsing Hierarchy :  13%|█▎        | 2592/20016 [00:00<00:01, 9612.57it/s]Parsing Hierarchy :  22%|██▏       | 4468/20016 [00:00<00:01, 10500.96it/s]Parsing Hierarchy :  33%|███▎      | 6601/20016 [00:00<00:00, 13749.25it/s]Parsing Hierarchy :  44%|████▎     | 8744/20016 [00:00<00:00, 16053.10it/s]Parsing Hierarchy :  54%|█████▍    | 10882/20016 [00:00<00:00, 17648.99it/s]Parsing Hierarchy :  65%|██████▍   | 12984/20016 [00:00<00:00, 18660.19it/s]Parsing Hierarchy :  74%|███████▍  | 14813/20016 [00:00<00:00, 16537.45it/s]Parsing Hierarchy :  85%|████████▍ | 16982/20016 [00:01<00:00, 18081.44it/s]Parsing Hierarchy :  96%|█████████▌| 19117/20016 [00:01<00:00, 19059.42it/s]Parsing Hierarchy : 100%|██████████| 20016/20016 [00:01<00:00, 17415.40it/s]
yt : [INFO     ] 2017-08-01 15:53:17,985 Gathering a field list (this may take a moment.)
189 0.0 g / s
IsSatellite
IsSatellite
IsSatellite
199 3.96876559411788e+25 g / s
202 3.462247557729882e+26 g / s
IsSatellite
214 7.899195847304402e+25 g / s
IsSatellite
225 5.556370696663317e+25 g / s
227 1.8935313961523565e+25 g / s
228 1.9524930960279917e+25 g / s
229 1.251122902122689e+25 g / s
IsSatellite
234 2.444068681573172e+25 g / s
IsSatellite
238 3.1639277657245577e+25 g / s
239 1.9503820198351127e+25 g / s
240 3.5965571496957495e+25 g / s
241 1.9360397358600677e+25 g / s
248 4.201300361166074e+24 g / s
249 1.8047953188811528e+25 g / s
257 2.162987332741515e+25 g / s
258 3.1759770792133437e+25 g / s
261 2.4648842624597255e+25 g / s
265 1.236734836553659e+25 g / s
269 1.1629453473288091e+25 g / s
270 4.723234525778506e+24 g / s
276 2.003715112662194e+25 g / s
279 8.753947869120192e+24 g / s
280 6.55667582897176e+24 g / s
281 1.6483563050664013e+25 g / s
282 3.3405071791842636e+24 g / s
283 2.106525917454079e+25 g / s
285 3.736256635956947e+24 g / s
286 2.0279294257072837e+24 g / s
293 1.3263775968944016e+25 g / s
295 1.0230209087311626e+25 g / s
300 1.0377723089618024e+25 g / s
302 1.8602812490151722e+24 g / s
303 7.068116540979933e+24 g / s
305 6.345735513525912e+24 g / s
306 1.2175769254787652e+25 g / s
307 1.3439954696186678e+25 g / s
310 5.756808481001849e+22 g / s
312 2.8232847576581343e+22 g / s
316 3.831619177455511e+24 g / s
317 9.74184333621496e+23 g / s
321 5.336506212712972e+23 g / s
322 9.268596535029814e+24 g / s
323 9.969689769745446e+24 g / s
325 3.177169994514962e+24 g / s
326 9.867445074465582e+24 g / s
329 5.33101501529282e+24 g / s
331 4.830297960787839e+24 g / s
334 1.0077534604482137e+25 g / s
338 0.0 g / s
340 2.586446715314728e+24 g / s
343 2.7474896325687604e+24 g / s
349 3.3904966593356505e+22 g / s
350 1.385142876871765e+24 g / s
352 1.7998060978335746e+24 g / s
354 1.711719328070259e+24 g / s
355 0.0 g / s
360 7.300711680073451e+23 g / s
361 3.01010219355396e+24 g / s
362 4.848016604896031e+24 g / s
363 4.6506557846291357e+24 g / s
364 0.0 g / s
366 2.981049686844281e+23 g / s
368 0.0 g / s
372 0.0 g / s
376 3.024292931374413e+25 g / s
380 5.671762361297945e+23 g / s
382 7.196010601252313e+21 g / s
383 0.0 g / s
384 0.0 g / s
385 3.2812429057710463e+25 g / s
394 0.0 g / s
397 3.231622855847607e+22 g / s
400 3.2598180924829537e+24 g / s
401 1.2223491054568437e+23 g / s
402 0.0 g / s
403 1.470899065207587e+23 g / s
RadiusEqualZero
410 0.0 g / s
413 0.0 g / s
414 0.0 g / s
421 0.0 g / s
422 0.0 g / s
IsSatellite
431 7.344768358477444e+22 g / s
433 1.150635415955853e+22 g / s
437 0.0 g / s
438 2.7808226534695603e+24 g / s
443 1.8579545583747024e+23 g / s
444 2.470423446253174e+24 g / s
445 0.0 g / s
446 4.142520944662523e+22 g / s
454 0.0 g / s
456 0.0 g / s
459 3.509126755703416e+23 g / s
465 1.4074273595528535e+23 g / s
466 6.553323915950415e+23 g / s
467 0.0 g / s
468 4.605978525694786e+22 g / s
472 0.0 g / s
473 2.8557079828597756e+22 g / s
474 0.0 g / s
476 3.0759913748797275e+22 g / s
481 0.0 g / s
482 2.1774484802601496e+24 g / s
483 2.0777062095013476e+23 g / s
484 0.0 g / s
487 0.0 g / s
490 0.0 g / s
491 8.793697446288399e+22 g / s
492 6.432424193818534e+23 g / s
493 0.0 g / s
495 0.0 g / s
496 6.677238998026051e+21 g / s
497 0.0 g / s
499 6.255737070404706e+21 g / s
500 0.0 g / s
501 7.947645807876766e+22 g / s
IsSatellite
504 7.196010601252311e+21 g / s
506 0.0 g / s
509 0.0 g / s
513 0.0 g / s
515 0.0 g / s
517 0.0 g / s
522 0.0 g / s
525 0.0 g / s
528 4.8544506697050455e+23 g / s
531 0.0 g / s
532 0.0 g / s
534 0.0 g / s
540 0.0 g / s
543 0.0 g / s
545 2.9609667411543843e+23 g / s
546 0.0 g / s
550 5.736965467178443e+21 g / s
553 3.792350112484794e+22 g / s
554 0.0 g / s
555 8.474659394949285e+23 g / s
557 2.466629280440078e+22 g / s
558 0.0 g / s
560 0.0 g / s
561 0.0 g / s
569 0.0 g / s
570 2.061533504770769e+22 g / s
571 0.0 g / s
573 0.0 g / s
574 5.442108657194718e+22 g / s
IsSatellite
577 0.0 g / s
584 0.0 g / s
587 9.96741819858782e+22 g / s
590 0.0 g / s
592 0.0 g / s
597 0.0 g / s
600 0.0 g / s
601 0.0 g / s
603 0.0 g / s
604 0.0 g / s
607 0.0 g / s
608 0.0 g / s
609 0.0 g / s
610 0.0 g / s
611 3.2024419531661297e+22 g / s
615 0.0 g / s
617 0.0 g / s
618 0.0 g / s
621 0.0 g / s
624 0.0 g / s
625 1.196027931238151e+22 g / s
626 0.0 g / s
629 0.0 g / s
631 0.0 g / s
636 0.0 g / s
637 0.0 g / s
638 0.0 g / s
639 0.0 g / s
641 2.9587749311307535e+23 g / s
642 0.0 g / s
651 0.0 g / s
652 0.0 g / s
655 0.0 g / s
658 0.0 g / s
IsSatellite
IsSatellite
662 0.0 g / s
666 0.0 g / s
669 0.0 g / s
671 0.0 g / s
672 0.0 g / s
674 0.0 g / s
IsSatellite
676 0.0 g / s
RadiusEqualZero
681 0.0 g / s
682 0.0 g / s
684 0.0 g / s
687 0.0 g / s
694 0.0 g / s
IsSatellite
IsSatellite
699 0.0 g / s
700 9.791943703796534e+22 g / s
701 0.0 g / s
703 0.0 g / s
705 0.0 g / s
706 0.0 g / s
707 0.0 g / s
711 0.0 g / s
714 0.0 g / s
717 0.0 g / s
IsSatellite
720 0.0 g / s
724 0.0 g / s
727 0.0 g / s
728 0.0 g / s
730 0.0 g / s
738 0.0 g / s
740 0.0 g / s
742 0.0 g / s
750 0.0 g / s
751 0.0 g / s
752 0.0 g / s
753 0.0 g / s
754 0.0 g / s
755 0.0 g / s
756 0.0 g / s
757 0.0 g / s
759 0.0 g / s
760 0.0 g / s
762 0.0 g / s
763 0.0 g / s
765 0.0 g / s
770 0.0 g / s
771 6.644815772824407e+21 g / s
773 0.0 g / s
774 0.0 g / s
IsSatellite
776 0.0 g / s
783 0.0 g / s
786 0.0 g / s
788 0.0 g / s
789 3.4681178604683794e+22 g / s
793 0.0 g / s
797 0.0 g / s
802 0.0 g / s
805 0.0 g / s
807 0.0 g / s
810 0.0 g / s
811 0.0 g / s
814 0.0 g / s
815 0.0 g / s
818 0.0 g / s
820 0.0 g / s
RadiusEqualZero
822 0.0 g / s
824 0.0 g / s
828 0.0 g / s
829 0.0 g / s
830 0.0 g / s
833 0.0 g / s
835 0.0 g / s
836 0.0 g / s
838 0.0 g / s
840 0.0 g / s
IsSatellite
843 0.0 g / s
RadiusEqualZero
845 0.0 g / s
IsSatellite
848 0.0 g / s
IsSatellite
850 0.0 g / s
853 0.0 g / s
854 0.0 g / s
856 0.0 g / s
IsSatellite
859 0.0 g / s
860 0.0 g / s
861 0.0 g / s
IsSatellite
IsSatellite
864 0.0 g / s
865 0.0 g / s
866 0.0 g / s
867 0.0 g / s
RadiusEqualZero
873 0.0 g / s
IsSatellite
875 0.0 g / s
876 0.0 g / s
877 0.0 g / s
883 0.0 g / s
884 0.0 g / s
886 0.0 g / s
IsSatellite
888 0.0 g / s
889 0.0 g / s
890 0.0 g / s
892 0.0 g / s
894 0.0 g / s
896 0.0 g / s
897 0.0 g / s
899 0.0 g / s
900 0.0 g / s
903 0.0 g / s
907 0.0 g / s
908 0.0 g / s
909 0.0 g / s
911 0.0 g / s
IsSatellite
913 0.0 g / s
914 0.0 g / s
917 0.0 g / s
918 0.0 g / s
919 0.0 g / s
922 0.0 g / s
923 0.0 g / s
928 0.0 g / s
929 0.0 g / s
931 0.0 g / s
935 0.0 g / s
RadiusEqualZero
939 0.0 g / s
940 0.0 g / s
943 0.0 g / s
944 0.0 g / s
945 0.0 g / s
946 0.0 g / s
RadiusEqualZero
950 0.0 g / s
951 0.0 g / s
958 0.0 g / s
959 0.0 g / s
961 0.0 g / s
962 0.0 g / s
963 0.0 g / s
964 0.0 g / s
967 0.0 g / s
969 0.0 g / s
972 0.0 g / s
975 0.0 g / s
976 0.0 g / s
977 0.0 g / s
978 0.0 g / s
980 0.0 g / s
IsSatellite
986 0.0 g / s
988 0.0 g / s
990 0.0 g / s
995 0.0 g / s
996 0.0 g / s
997 0.0 g / s
998 0.0 g / s
999 0.0 g / s
1000 0.0 g / s
1001 0.0 g / s
1004 0.0 g / s
1005 0.0 g / s
1009 0.0 g / s
1011 0.0 g / s
1012 0.0 g / s
1013 0.0 g / s
1014 0.0 g / s
1015 0.0 g / s
1016 0.0 g / s
IsSatellite
1019 0.0 g / s
1024 0.0 g / s
1026 0.0 g / s
1027 0.0 g / s
IsSatellite
1030 0.0 g / s
1034 0.0 g / s
IsSatellite
1036 0.0 g / s
1039 0.0 g / s
1040 0.0 g / s
1042 0.0 g / s
1043 0.0 g / s
1044 0.0 g / s
IsSatellite
1050 0.0 g / s
1052 0.0 g / s
1053 0.0 g / s
1055 0.0 g / s
1056 0.0 g / s
1058 0.0 g / s
1060 0.0 g / s
1061 0.0 g / s
IsSatellite
IsSatellite
1066 0.0 g / s
1067 0.0 g / s
1069 0.0 g / s
1070 0.0 g / s
1078 0.0 g / s
1079 0.0 g / s
1082 0.0 g / s
IsSatellite
1086 0.0 g / s
1088 0.0 g / s
1092 0.0 g / s
1096 0.0 g / s
IsSatellite
1098 0.0 g / s
1099 0.0 g / s
1102 0.0 g / s
1104 0.0 g / s
1105 0.0 g / s
1106 0.0 g / s
1108 0.0 g / s
1110 0.0 g / s
1116 0.0 g / s
1117 0.0 g / s
1118 0.0 g / s
1119 0.0 g / s
1123 0.0 g / s
1125 0.0 g / s
1129 0.0 g / s
1130 0.0 g / s
1131 0.0 g / s
1133 0.0 g / s
1138 0.0 g / s
1139 0.0 g / s
1142 0.0 g / s
1143 0.0 g / s
1144 0.0 g / s
IsSatellite
IsSatellite
1148 0.0 g / s
IsSatellite
1151 0.0 g / s
1152 0.0 g / s
1156 0.0 g / s
1159 0.0 g / s
IsSatellite
1163 0.0 g / s
1164 0.0 g / s
1167 0.0 g / s
1168 0.0 g / s
1169 0.0 g / s
1172 0.0 g / s
1174 0.0 g / s
1176 0.0 g / s
IsSatellite
1181 0.0 g / s
IsSatellite
1195 0.0 g / s
1198 0.0 g / s
1200 0.0 g / s
1202 0.0 g / s
1204 0.0 g / s
1205 0.0 g / s
1209 0.0 g / s
1211 0.0 g / s
1217 0.0 g / s
1219 0.0 g / s
1222 0.0 g / s
1226 0.0 g / s
1227 0.0 g / s
1229 0.0 g / s
1230 0.0 g / s
1231 0.0 g / s
RadiusEqualZero
1235 0.0 g / s
1238 0.0 g / s
IsSatellite
1240 0.0 g / s
1241 0.0 g / s
1242 0.0 g / s
1247 0.0 g / s
1249 0.0 g / s
RadiusEqualZero
1251 0.0 g / s
IsSatellite
1257 0.0 g / s
1259 0.0 g / s
1262 0.0 g / s
1263 0.0 g / s
1265 0.0 g / s
1268 0.0 g / s
1269 0.0 g / s
IsSatellite
RadiusEqualZero
1274 0.0 g / s
IsSatellite
1276 0.0 g / s
RadiusEqualZero
IsSatellite
IsSatellite
1284 0.0 g / s
1285 0.0 g / s
1288 0.0 g / s
IsSatellite
1291 0.0 g / s
1293 0.0 g / s
1296 0.0 g / s
1298 0.0 g / s
1299 0.0 g / s
1300 0.0 g / s
1301 0.0 g / s
1302 0.0 g / s
1305 0.0 g / s
IsSatellite
1307 0.0 g / s
1308 0.0 g / s
1312 0.0 g / s
1314 0.0 g / s
1316 0.0 g / s
1317 0.0 g / s
1320 0.0 g / s
1322 0.0 g / s
RadiusEqualZero
1330 0.0 g / s
1332 0.0 g / s
IsSatellite
1334 0.0 g / s
1337 0.0 g / s
1338 0.0 g / s
1340 6.479514389172389e+25 g / s
1342 0.0 g / s
1343 0.0 g / s
1344 0.0 g / s
IsSatellite
1346 0.0 g / s
1348 0.0 g / s
1350 0.0 g / s
IsSatellite
1352 0.0 g / s
1357 0.0 g / s
1358 0.0 g / s
1360 0.0 g / s
1361 0.0 g / s
1373 0.0 g / s
1374 0.0 g / s
1375 0.0 g / s
1377 0.0 g / s
1379 0.0 g / s
1380 0.0 g / s
1381 0.0 g / s
1382 0.0 g / s
RadiusEqualZero
1385 0.0 g / s
IsSatellite
IsSatellite
1392 0.0 g / s
1394 0.0 g / s
IsSatellite
1397 2.4430381417833632e+23 g / s
1398 0.0 g / s
1400 0.0 g / s
1406 0.0 g / s
1407 0.0 g / s
1408 0.0 g / s
1409 0.0 g / s
1411 0.0 g / s
1412 0.0 g / s
1413 0.0 g / s
1414 0.0 g / s
1416 0.0 g / s
IsSatellite
1421 0.0 g / s
RadiusEqualZero
1427 0.0 g / s
1428 0.0 g / s
1429 0.0 g / s
1435 0.0 g / s
1436 0.0 g / s
1441 0.0 g / s
1443 0.0 g / s
1446 0.0 g / s
1447 0.0 g / s
1448 0.0 g / s
1452 0.0 g / s
1453 0.0 g / s
1454 0.0 g / s
1457 0.0 g / s
1458 0.0 g / s
1459 0.0 g / s
1461 0.0 g / s
1464 0.0 g / s
1466 0.0 g / s
1467 0.0 g / s
1468 0.0 g / s
1470 0.0 g / s
1471 0.0 g / s
1472 0.0 g / s
1476 0.0 g / s
1478 0.0 g / s
RadiusEqualZero
IsSatellite
1483 0.0 g / s
1486 0.0 g / s
1489 0.0 g / s
1490 0.0 g / s
1491 0.0 g / s
1492 0.0 g / s
1496 0.0 g / s
1497 0.0 g / s
1499 0.0 g / s
1500 0.0 g / s
1504 0.0 g / s
1505 0.0 g / s
1508 0.0 g / s
1509 0.0 g / s
1510 0.0 g / s
1511 0.0 g / s
IsSatellite
1513 0.0 g / s
1514 0.0 g / s
1515 0.0 g / s
IsSatellite
IsSatellite
1522 0.0 g / s
1523 0.0 g / s
1524 0.0 g / s
1525 0.0 g / s
IsSatellite
1527 0.0 g / s
1528 0.0 g / s
1530 0.0 g / s
1532 0.0 g / s
1533 0.0 g / s
IsSatellite
1540 0.0 g / s
1541 0.0 g / s
1549 0.0 g / s
1551 0.0 g / s
1554 0.0 g / s
1555 0.0 g / s
1556 0.0 g / s
1557 0.0 g / s
1561 0.0 g / s
1563 0.0 g / s
RadiusEqualZero
1566 0.0 g / s
1570 0.0 g / s
RadiusEqualZero
1573 0.0 g / s
IsSatellite
1576 0.0 g / s
RadiusEqualZero
1581 0.0 g / s
1582 0.0 g / s
1583 0.0 g / s
1584 0.0 g / s
IsSatellite
1589 0.0 g / s
1590 0.0 g / s
1592 0.0 g / s
1593 0.0 g / s
1595 0.0 g / s
1597 0.0 g / s
1599 0.0 g / s
1601 0.0 g / s
1604 0.0 g / s
1605 0.0 g / s
1606 0.0 g / s
1607 0.0 g / s
IsSatellite
1613 0.0 g / s
1614 0.0 g / s
1615 0.0 g / s
IsSatellite
1618 0.0 g / s
1619 0.0 g / s
1620 0.0 g / s
IsSatellite
1623 0.0 g / s
1624 0.0 g / s
1625 0.0 g / s
IsSatellite
1628 0.0 g / s
IsSatellite
1631 0.0 g / s
1632 0.0 g / s
IsSatellite
1634 0.0 g / s
1635 0.0 g / s
1636 0.0 g / s
1637 0.0 g / s
1638 0.0 g / s
1639 0.0 g / s
1640 0.0 g / s
1641 0.0 g / s
1642 0.0 g / s
1643 0.0 g / s
1644 0.0 g / s
1646 0.0 g / s
1648 0.0 g / s
1649 0.0 g / s
1651 0.0 g / s
1652 0.0 g / s
IsSatellite
1656 0.0 g / s
1657 0.0 g / s
1658 0.0 g / s
1659 0.0 g / s
1660 0.0 g / s
1661 0.0 g / s
1662 0.0 g / s
IsSatellite
1665 0.0 g / s
1668 0.0 g / s
1669 0.0 g / s
1672 0.0 g / s
IsSatellite
1675 0.0 g / s
1676 0.0 g / s
1677 0.0 g / s
1678 0.0 g / s
1679 0.0 g / s
1680 0.0 g / s
1682 0.0 g / s
1683 0.0 g / s
1684 0.0 g / s
1688 0.0 g / s
1691 0.0 g / s
1694 0.0 g / s
1697 0.0 g / s
1698 0.0 g / s
1700 0.0 g / s
1701 0.0 g / s
IsSatellite
1707 0.0 g / s
1708 0.0 g / s
1711 0.0 g / s
1712 0.0 g / s
1714 0.0 g / s
1718 0.0 g / s
1720 0.0 g / s
1724 0.0 g / s
1725 0.0 g / s
1727 0.0 g / s
1728 0.0 g / s
IsSatellite
1733 0.0 g / s
IsSatellite
1736 0.0 g / s
1737 0.0 g / s
1738 0.0 g / s
1740 0.0 g / s
1741 0.0 g / s
1743 0.0 g / s
1746 0.0 g / s
1748 0.0 g / s
1750 0.0 g / s
IsSatellite
1753 0.0 g / s
1754 0.0 g / s
1755 0.0 g / s
1757 0.0 g / s
1759 0.0 g / s
IsSatellite
1761 0.0 g / s
1762 0.0 g / s
1765 0.0 g / s
1766 0.0 g / s
1767 0.0 g / s
RadiusEqualZero
IsSatellite
1771 0.0 g / s
1772 0.0 g / s
1773 0.0 g / s
1774 0.0 g / s
1776 0.0 g / s
1777 0.0 g / s
1778 0.0 g / s
1779 0.0 g / s
1781 0.0 g / s
1782 0.0 g / s
1785 0.0 g / s
1789 0.0 g / s
1792 0.0 g / s
1793 0.0 g / s
1796 0.0 g / s
1797 0.0 g / s
1798 0.0 g / s
1799 0.0 g / s
1802 0.0 g / s
IsSatellite
1804 0.0 g / s
1807 0.0 g / s
1810 0.0 g / s
1811 0.0 g / s
1813 0.0 g / s
1817 0.0 g / s
1818 0.0 g / s
IsSatellite
1821 0.0 g / s
IsSatellite
1825 0.0 g / s
1828 0.0 g / s
1829 0.0 g / s
1830 0.0 g / s
1831 0.0 g / s
1832 0.0 g / s
1833 0.0 g / s
1834 0.0 g / s
1836 0.0 g / s
1837 0.0 g / s
1839 0.0 g / s
1840 0.0 g / s
1841 0.0 g / s
1844 0.0 g / s
IsSatellite
1851 0.0 g / s
IsSatellite
1853 0.0 g / s
1855 0.0 g / s
1856 0.0 g / s
1857 0.0 g / s
1858 0.0 g / s
1861 0.0 g / s
1867 0.0 g / s
1869 0.0 g / s
1872 0.0 g / s
IsSatellite
1875 0.0 g / s
1876 0.0 g / s
1877 0.0 g / s
IsSatellite
1885 0.0 g / s
1886 0.0 g / s
1887 0.0 g / s
1888 0.0 g / s
1889 0.0 g / s
1890 0.0 g / s
1891 0.0 g / s
1892 0.0 g / s
1895 0.0 g / s
1896 0.0 g / s
1898 0.0 g / s
IsSatellite
1901 0.0 g / s
1902 0.0 g / s
IsSatellite
1904 0.0 g / s
1905 0.0 g / s
1906 0.0 g / s
1907 0.0 g / s
1909 0.0 g / s
1911 0.0 g / s
1915 0.0 g / s
1916 0.0 g / s
1920 0.0 g / s
1922 0.0 g / s
1923 0.0 g / s
1925 0.0 g / s
1926 0.0 g / s
1927 0.0 g / s
1929 0.0 g / s
1930 0.0 g / s
1931 0.0 g / s
1933 0.0 g / s
1934 0.0 g / s
1936 0.0 g / s
IsSatellite
1946 0.0 g / s
1947 0.0 g / s
1948 0.0 g / s
1949 0.0 g / s
1952 0.0 g / s
1953 0.0 g / s
1955 0.0 g / s
1956 0.0 g / s
1959 0.0 g / s
1960 0.0 g / s
1961 0.0 g / s
1962 0.0 g / s
1964 0.0 g / s
1966 0.0 g / s
1967 0.0 g / s
1968 0.0 g / s
1972 0.0 g / s
1973 0.0 g / s
IsSatellite
1977 0.0 g / s
RadiusEqualZero
1980 0.0 g / s
1983 0.0 g / s
1984 0.0 g / s
1985 0.0 g / s
1987 0.0 g / s
1988 0.0 g / s
1989 0.0 g / s
1992 0.0 g / s
1993 0.0 g / s
1994 0.0 g / s
1995 0.0 g / s
1996 0.0 g / s
1998 0.0 g / s
2001 0.0 g / s
2004 0.0 g / s
2005 0.0 g / s
2006 0.0 g / s
2007 0.0 g / s
2008 0.0 g / s
2009 0.0 g / s
2012 0.0 g / s
2014 0.0 g / s
IsSatellite
2016 0.0 g / s
2018 0.0 g / s
2022 0.0 g / s
IsSatellite
RadiusEqualZero
2027 0.0 g / s
2028 0.0 g / s
2029 0.0 g / s
2030 0.0 g / s
2032 0.0 g / s
2035 0.0 g / s
2037 0.0 g / s
IsSatellite
2039 0.0 g / s
2040 0.0 g / s
2041 0.0 g / s
2042 0.0 g / s
IsSatellite
2044 0.0 g / s
2046 0.0 g / s
2047 0.0 g / s
2048 0.0 g / s
2049 0.0 g / s
2052 0.0 g / s
2053 0.0 g / s
IsSatellite
RadiusEqualZero
IsSatellite
2063 0.0 g / s
2064 0.0 g / s
IsSatellite
2067 0.0 g / s
RadiusEqualZero
2069 0.0 g / s
2071 0.0 g / s
2072 0.0 g / s
2073 0.0 g / s
IsSatellite
2076 0.0 g / s
2077 0.0 g / s
2078 0.0 g / s
2079 0.0 g / s
2081 0.0 g / s
2083 0.0 g / s
2084 0.0 g / s
2085 0.0 g / s
2086 0.0 g / s
2087 0.0 g / s
IsSatellite
2089 0.0 g / s
2090 0.0 g / s
2091 0.0 g / s
2092 0.0 g / s
2093 0.0 g / s
2094 0.0 g / s
2095 0.0 g / s
2100 0.0 g / s
2101 0.0 g / s
2102 0.0 g / s
2103 0.0 g / s
2105 0.0 g / s
2109 0.0 g / s
2110 0.0 g / s
2111 0.0 g / s
2113 0.0 g / s
2115 0.0 g / s
IsSatellite
2118 0.0 g / s
2119 0.0 g / s
2120 0.0 g / s
IsSatellite
2122 0.0 g / s
2123 0.0 g / s
2124 0.0 g / s
2125 0.0 g / s
2128 0.0 g / s
2130 0.0 g / s
2131 0.0 g / s
2135 0.0 g / s
2139 0.0 g / s
2140 0.0 g / s
2141 0.0 g / s
2142 0.0 g / s
2147 0.0 g / s
2150 0.0 g / s
2151 0.0 g / s
2153 0.0 g / s
2154 0.0 g / s
2155 0.0 g / s
2156 0.0 g / s
2159 0.0 g / s
2162 0.0 g / s
2164 0.0 g / s
2165 0.0 g / s
2167 0.0 g / s
2168 0.0 g / s
2169 0.0 g / s
IsSatellite
2173 0.0 g / s
2174 0.0 g / s
2175 0.0 g / s
2178 0.0 g / s
2179 0.0 g / s
2181 0.0 g / s
2182 0.0 g / s
2185 0.0 g / s
2188 0.0 g / s
2189 0.0 g / s
2191 0.0 g / s
2192 0.0 g / s
2193 0.0 g / s
IsSatellite
IsSatellite
2197 0.0 g / s
RadiusEqualZero
2201 0.0 g / s
2202 0.0 g / s
2203 0.0 g / s
IsSatellite
2208 0.0 g / s
2210 0.0 g / s
2211 0.0 g / s
2212 0.0 g / s
2213 0.0 g / s
2214 0.0 g / s
2215 0.0 g / s
2216 0.0 g / s
2218 0.0 g / s
2220 0.0 g / s
2222 0.0 g / s
2223 0.0 g / s
2224 0.0 g / s
2225 0.0 g / s
2228 0.0 g / s
IsSatellite
IsSatellite
2232 0.0 g / s
2234 0.0 g / s
2235 0.0 g / s
2236 0.0 g / s
2237 0.0 g / s
2239 0.0 g / s
2240 0.0 g / s
2242 0.0 g / s
2243 0.0 g / s
IsSatellite
2247 0.0 g / s
2248 0.0 g / s
2249 0.0 g / s
2251 0.0 g / s
IsSatellite
2253 0.0 g / s
2254 0.0 g / s
IsSatellite
2259 0.0 g / s
2260 0.0 g / s
2262 0.0 g / s
2263 0.0 g / s
2266 0.0 g / s
2267 0.0 g / s
2268 0.0 g / s
2273 0.0 g / s
2274 0.0 g / s
2275 0.0 g / s
2277 0.0 g / s
2278 0.0 g / s
IsSatellite
2284 0.0 g / s
2287 0.0 g / s
2288 0.0 g / s
2296 0.0 g / s
2297 0.0 g / s
2299 0.0 g / s
2300 0.0 g / s
2301 0.0 g / s
2302 0.0 g / s
2304 0.0 g / s
2305 0.0 g / s
2306 0.0 g / s
2310 0.0 g / s
2311 0.0 g / s
2312 0.0 g / s
2314 0.0 g / s
2315 0.0 g / s
2317 0.0 g / s
2318 0.0 g / s
2319 0.0 g / s
2322 0.0 g / s
2324 0.0 g / s
2326 0.0 g / s
2328 0.0 g / s
2329 0.0 g / s
2330 0.0 g / s
2331 0.0 g / s
2333 0.0 g / s
IsSatellite
2336 0.0 g / s
IsSatellite
2339 0.0 g / s
2341 0.0 g / s
2343 0.0 g / s
2345 0.0 g / s
2346 0.0 g / s
2347 0.0 g / s
2348 0.0 g / s
2349 0.0 g / s
2350 0.0 g / s
2351 0.0 g / s
2356 0.0 g / s
2357 0.0 g / s
2358 0.0 g / s
2359 0.0 g / s
2361 0.0 g / s
2362 0.0 g / s
2363 0.0 g / s
2364 0.0 g / s
2365 0.0 g / s
IsSatellite
2369 0.0 g / s
2371 0.0 g / s
2372 0.0 g / s
2375 0.0 g / s
2378 0.0 g / s
2379 0.0 g / s
2381 0.0 g / s
IsSatellite
IsSatellite
2387 0.0 g / s
2388 0.0 g / s
2389 0.0 g / s
2393 0.0 g / s
2394 0.0 g / s
2395 0.0 g / s
2396 0.0 g / s
2397 0.0 g / s
IsSatellite
2399 0.0 g / s
2400 0.0 g / s
2401 0.0 g / s
IsSatellite
2405 0.0 g / s
2406 0.0 g / s
2409 0.0 g / s
2410 0.0 g / s
2411 0.0 g / s
2412 0.0 g / s
2413 0.0 g / s
IsSatellite
2415 0.0 g / s
2416 0.0 g / s
2417 0.0 g / s
2418 0.0 g / s
2420 0.0 g / s
2422 0.0 g / s
2423 0.0 g / s
2426 0.0 g / s
2427 0.0 g / s
IsSatellite
IsSatellite
2430 0.0 g / s
2432 0.0 g / s
2435 0.0 g / s
IsSatellite
2439 0.0 g / s
2441 0.0 g / s
IsSatellite
2445 0.0 g / s
2447 0.0 g / s
2448 0.0 g / s
2449 0.0 g / s
2450 0.0 g / s
2451 0.0 g / s
IsSatellite
2453 0.0 g / s
2454 0.0 g / s
2455 0.0 g / s
2456 0.0 g / s
2457 0.0 g / s
RadiusEqualZero
2459 0.0 g / s
2462 0.0 g / s
2463 0.0 g / s
2469 0.0 g / s
2470 0.0 g / s
2472 0.0 g / s
2473 0.0 g / s
2474 0.0 g / s
2477 0.0 g / s
2478 0.0 g / s
2479 0.0 g / s
2481 0.0 g / s
2482 0.0 g / s
2484 0.0 g / s
2485 0.0 g / s
2487 0.0 g / s
IsSatellite
2489 0.0 g / s
IsSatellite
IsSatellite
2492 0.0 g / s
2493 0.0 g / s
2496 0.0 g / s
2497 0.0 g / s
2499 0.0 g / s
2500 0.0 g / s
IsSatellite
2503 0.0 g / s
2506 0.0 g / s
2507 0.0 g / s
2508 0.0 g / s
2509 0.0 g / s
2510 0.0 g / s
2511 0.0 g / s
2512 0.0 g / s
2515 0.0 g / s
2516 0.0 g / s
2520 0.0 g / s
2522 0.0 g / s
IsSatellite
2526 0.0 g / s
2527 0.0 g / s
2528 0.0 g / s
2530 0.0 g / s
2531 0.0 g / s
2532 0.0 g / s
2534 0.0 g / s
2536 0.0 g / s
IsSatellite
2538 0.0 g / s
2542 0.0 g / s
2544 0.0 g / s
2545 0.0 g / s
2546 0.0 g / s
2547 0.0 g / s
2548 0.0 g / s
IsSatellite
2553 0.0 g / s
2554 0.0 g / s
2556 0.0 g / s
2557 0.0 g / s
RadiusEqualZero
2560 0.0 g / s
IsSatellite
2563 0.0 g / s
2564 0.0 g / s
2565 0.0 g / s
2567 0.0 g / s
2571 0.0 g / s
2572 0.0 g / s
2573 0.0 g / s
2574 0.0 g / s
2575 0.0 g / s
2576 0.0 g / s
2578 0.0 g / s
2579 0.0 g / s
2580 0.0 g / s
2581 0.0 g / s
IsSatellite
2583 0.0 g / s
2585 0.0 g / s
2587 0.0 g / s
2588 0.0 g / s
2589 0.0 g / s
2592 0.0 g / s
2593 0.0 g / s
2594 0.0 g / s
2595 0.0 g / s
2596 0.0 g / s
2597 0.0 g / s
2598 0.0 g / s
2601 0.0 g / s
2602 0.0 g / s
2604 0.0 g / s
2605 0.0 g / s
2606 0.0 g / s
2611 0.0 g / s
2612 0.0 g / s
2613 0.0 g / s
2614 0.0 g / s
2616 0.0 g / s
IsSatellite
2621 0.0 g / s
IsSatellite
IsSatellite
2625 0.0 g / s
2628 0.0 g / s
IsSatellite
2633 0.0 g / s
2634 0.0 g / s
2635 0.0 g / s
2636 0.0 g / s
2637 0.0 g / s
2638 0.0 g / s
2639 0.0 g / s
2640 0.0 g / s
2641 0.0 g / s
2642 0.0 g / s
2643 0.0 g / s
2644 0.0 g / s
2645 0.0 g / s
2646 0.0 g / s
2649 0.0 g / s
2651 0.0 g / s
2652 0.0 g / s
2654 0.0 g / s
2656 0.0 g / s
2657 0.0 g / s
2658 0.0 g / s
IsSatellite
2660 0.0 g / s
2661 0.0 g / s
2662 0.0 g / s
2663 0.0 g / s
2664 0.0 g / s
2665 0.0 g / s
IsSatellite
2669 0.0 g / s
2670 0.0 g / s
2671 0.0 g / s
2672 0.0 g / s
2673 0.0 g / s
2675 0.0 g / s
2678 0.0 g / s
2680 0.0 g / s
2681 0.0 g / s
2684 0.0 g / s
2687 0.0 g / s
2688 0.0 g / s
2689 0.0 g / s
2690 0.0 g / s
2692 0.0 g / s
2695 0.0 g / s
2698 0.0 g / s
IsSatellite
2701 0.0 g / s
2702 0.0 g / s
2703 0.0 g / s
2704 0.0 g / s
2708 0.0 g / s
2710 0.0 g / s
2713 0.0 g / s
2715 0.0 g / s
2716 0.0 g / s
2717 0.0 g / s
2718 0.0 g / s
IsSatellite
2722 0.0 g / s
2723 0.0 g / s
IsSatellite
2727 0.0 g / s
IsSatellite
2731 0.0 g / s
2733 0.0 g / s
2735 0.0 g / s
2736 0.0 g / s
2738 0.0 g / s
2739 0.0 g / s
2740 0.0 g / s
2741 0.0 g / s
2745 0.0 g / s
2746 0.0 g / s
2748 0.0 g / s
2749 0.0 g / s
2751 0.0 g / s
IsSatellite
2754 0.0 g / s
2755 0.0 g / s
2756 0.0 g / s
2757 0.0 g / s
2758 0.0 g / s
2760 0.0 g / s
2762 0.0 g / s
IsSatellite
2766 0.0 g / s
2767 0.0 g / s
2769 0.0 g / s
2770 0.0 g / s
2771 0.0 g / s
2772 0.0 g / s
2773 0.0 g / s
2775 0.0 g / s
2776 0.0 g / s
2777 0.0 g / s
2778 0.0 g / s
2780 0.0 g / s
2781 0.0 g / s
2782 0.0 g / s
2783 0.0 g / s
2784 0.0 g / s
2787 0.0 g / s
2788 0.0 g / s
2789 0.0 g / s
2791 0.0 g / s
2792 0.0 g / s
2793 0.0 g / s
2794 0.0 g / s
2796 0.0 g / s
2797 0.0 g / s
2799 0.0 g / s
2802 0.0 g / s
IsSatellite
2804 0.0 g / s
2805 0.0 g / s
IsSatellite
2808 0.0 g / s
2810 0.0 g / s
2811 0.0 g / s
IsSatellite
2815 0.0 g / s
2816 0.0 g / s
2817 0.0 g / s
2818 0.0 g / s
2821 0.0 g / s
2822 0.0 g / s
2823 0.0 g / s
2824 0.0 g / s
2825 0.0 g / s
2827 0.0 g / s
2828 0.0 g / s
2829 0.0 g / s
2830 0.0 g / s
2832 0.0 g / s
IsSatellite
2835 0.0 g / s
2836 0.0 g / s
2841 0.0 g / s
2842 0.0 g / s
2843 0.0 g / s
2845 0.0 g / s
2846 0.0 g / s
IsSatellite
2848 0.0 g / s
2849 0.0 g / s
2850 0.0 g / s
2852 0.0 g / s
2853 0.0 g / s
2854 0.0 g / s
2855 0.0 g / s
2857 0.0 g / s
2858 0.0 g / s
2861 0.0 g / s
2862 0.0 g / s
2865 0.0 g / s
IsSatellite
2869 0.0 g / s
2870 0.0 g / s
2872 0.0 g / s
2876 0.0 g / s
2879 0.0 g / s
2880 0.0 g / s
2881 0.0 g / s
2882 0.0 g / s
2884 0.0 g / s
2885 0.0 g / s
2886 0.0 g / s
2887 0.0 g / s
2888 0.0 g / s
2889 0.0 g / s
2892 0.0 g / s
2893 0.0 g / s
2894 0.0 g / s
2895 0.0 g / s
2896 0.0 g / s
2897 0.0 g / s
2899 0.0 g / s
2900 0.0 g / s
2901 0.0 g / s
2902 0.0 g / s
2904 0.0 g / s
2905 0.0 g / s
2907 0.0 g / s
2909 0.0 g / s
2910 0.0 g / s
2911 0.0 g / s
RadiusEqualZero
2913 0.0 g / s
2915 0.0 g / s
2917 0.0 g / s
2918 0.0 g / s
2919 0.0 g / s
2920 0.0 g / s
2921 0.0 g / s
2922 0.0 g / s
IsSatellite
2924 0.0 g / s
2926 0.0 g / s
2927 0.0 g / s
2928 0.0 g / s
RadiusEqualZero
2932 0.0 g / s
2933 0.0 g / s
2934 0.0 g / s
2935 0.0 g / s
2937 0.0 g / s
RadiusEqualZero
2939 0.0 g / s
IsSatellite
2941 0.0 g / s
2943 0.0 g / s
IsSatellite
2945 0.0 g / s
2947 0.0 g / s
IsSatellite
2949 0.0 g / s
2950 0.0 g / s
IsSatellite
2955 0.0 g / s
2959 0.0 g / s
IsSatellite
2961 0.0 g / s
2964 0.0 g / s
2965 0.0 g / s
2966 0.0 g / s
2967 0.0 g / s
2968 0.0 g / s
IsSatellite
2970 0.0 g / s
2971 0.0 g / s
2972 0.0 g / s
2973 0.0 g / s
2974 0.0 g / s
2977 0.0 g / s
2978 0.0 g / s
2982 0.0 g / s
2983 0.0 g / s
2984 0.0 g / s
2985 0.0 g / s
2986 0.0 g / s
RadiusEqualZero
2989 0.0 g / s
IsSatellite
IsSatellite
2994 0.0 g / s
2995 0.0 g / s
IsSatellite
2999 0.0 g / s
123AllDone123
